SEQUENCE: gug
SCORE:     score    rna_stub_coord_hack       N_WC      N_NWC       N_BS description
REMARK RNA 
SCORE:     0.031                  0.031          0          0          1    S_000001
   1 H     0.000  170.252   55.279   80.536 -164.299  -92.386   88.652   39.763   89.428  -16.226    0.307873   -1.389347   -0.533626   -0.764490   -1.528287   -1.616521   -1.862398   -0.723424   -1.206289    3.794    0.984    0.238 S_000001
   2 N   157.972 -132.733  176.834  147.316 -147.664 -132.370   93.539  -35.585  157.310  132.932    0.334836   -0.174948   -1.481171   -0.790795   -1.105511   -1.925075   -1.933577   -0.714100   -1.197252    8.455   -2.184   -2.833 S_000001
   3 H   -64.239  174.532   59.004   83.883    0.000    0.000   79.998   36.221   95.456  179.926    0.336210   -1.350646   -0.610328   -0.771707   -1.501723   -1.647441   -1.869144   -0.704878   -1.218274   13.553   -5.966   -0.877 S_000001
SCORE:     0.031                  0.031          0          0          1    S_000002
   1 H     0.000  170.252   55.279   83.658  174.688  -70.379   80.655   33.775  105.645  -94.821    0.323617   -1.390781   -0.521180   -0.820704   -1.640147   -1.500984   -1.828032   -0.690079   -1.240486    3.794    0.984    0.238 S_000002
   2 P   163.943 -128.251  156.993   88.697 -145.282 -110.730   75.887   26.507  113.970 -151.645    0.358278   -1.333610   -0.650743   -0.863818   -1.617939   -1.532382   -1.896931   -0.718209   -1.190022    8.598   -2.229   -1.683 S_000002
   3 H   -64.605  159.930   54.415   81.365    0.000    0.000   75.912   39.273   90.702  179.918    0.315548   -1.376360   -0.574374   -0.761607   -1.499701   -1.656929   -1.871549   -0.720709   -1.220584   13.531   -6.230   -1.062 S_000002
SCORE:     0.032                  0.032          0          0          1    S_000003
   1 H     0.000  170.252   55.279   95.432 -179.255  -64.226   89.863   34.754   81.569  -72.725    0.343445   -1.153460   -0.943592   -0.793029   -1.052963   -1.969153   -1.930439   -0.645535   -1.239163    3.794    0.984    0.238 S_000003
   2 N   171.907 -142.720  167.049   86.726 -165.883  -76.422   58.359   35.774   92.593  -22.203    0.331391   -1.326734   -0.672887   -0.790536   -1.430654   -1.708910   -1.900351   -0.704493   -1.210487    8.260   -2.975   -1.784 S_000003
   3 H   -59.399 -173.536   46.238   82.374    0.000    0.000   72.105   38.660   89.956  179.921    0.309909   -1.367626   -0.577004   -0.777218   -1.480853   -1.640670   -1.860590   -0.683714   -1.234452   11.835   -7.896   -0.748 S_000003
SCORE:     0.030                  0.030          0          1          1    S_000004
   1 H     0.000  170.252   55.279   85.121 -178.556  -65.930   94.178   35.281   91.696  -70.732    0.335290   -1.319350   -0.695303   -0.790890   -1.418074   -1.725696   -1.902881   -0.696197   -1.213638    3.794    0.984    0.238 S_000004
   2 P   162.674 -163.177  159.428   82.571 -154.808  -93.860  101.117   34.024   98.651 -140.915    0.336743   -1.340740   -0.643676   -0.800614   -1.510057   -1.653203   -1.886811   -0.725183   -1.204588    8.748   -2.322   -1.942 S_000004
   3 H   -66.656  166.606   58.435   82.175    0.000    0.000   80.720   38.832   92.222  -19.813    0.314157   -1.378728   -0.560038   -0.769272   -1.511873   -1.629465   -1.863679   -0.701840   -1.228690   13.755   -6.098   -1.945 S_000004
SCORE:     0.029                  0.029          0          1          1    S_000005
   1 H     0.000  170.252   55.279   79.137  177.694  -59.730   88.408   34.781   94.469  -77.087    0.317617   -1.391152   -0.537075   -0.818597   -1.613015   -1.538094   -1.884677   -0.767753   -1.169460    3.794    0.984    0.238 S_000005
   2 P   162.674 -163.177  159.428   82.571 -154.808  -93.860  101.117   34.024   98.651 -140.915    0.336743   -1.340740   -0.643676   -0.800614   -1.510057   -1.653203   -1.886811   -0.725183   -1.204588    8.758   -2.176   -1.878 S_000005
   3 H   -36.985  111.923   69.329   78.101    0.000    0.000   64.195   43.092   96.965  166.036    0.249571   -1.468308   -0.322093   -0.783612   -1.702166   -1.422375   -1.799791   -0.722314   -1.233320   12.690   -4.950   -0.815 S_000005
SCORE:     0.028                  0.028          0          0          1    S_000006
   1 H     0.000  170.252   55.279   76.734 -159.159  -95.304   79.955   38.197   93.478  -31.093    0.314657   -1.404517   -0.498101   -0.781088   -1.590363   -1.549894   -1.866516   -0.756850   -1.192597    3.794    0.984    0.238 S_000006
   2 N   157.972 -132.733  176.834  147.316 -147.664 -132.370   93.539  -35.585  157.310  132.932    0.334836   -0.174948   -1.481171   -0.790795   -1.105511   -1.925075   -1.933577   -0.714100   -1.197252    8.271   -2.221   -3.196 S_000006
   3 H   149.373 -165.948 -177.341   80.869    0.000    0.000   66.990   41.378   91.952   -7.978    0.284115   -1.420118   -0.458357   -0.769714   -1.584088   -1.554917   -1.836880   -0.710353   -1.227935   13.133   -7.419   -3.076 S_000006
SCORE:     0.029                  0.029          0          0          0    S_000007
   1 H     0.000  170.252   55.279   77.998  165.448  -24.180   96.823   39.824   86.801  -82.969    0.293418   -1.390990   -0.543270   -0.790005   -1.503094   -1.624688   -1.883304   -0.719786   -1.205506    3.794    0.984    0.238 S_000007
   2 P   175.869 -141.611  153.148   83.677 -166.053 -163.686   65.878   35.297   92.385 -141.507    0.340958   -1.323059   -0.677000   -0.782125   -1.436776   -1.707161   -1.884937   -0.705343   -1.216472    7.745   -3.204   -1.799 S_000007
   3 H   -69.813  158.890   64.149   80.669    0.000    0.000   74.985   36.382   96.318 -127.806    0.321976   -1.385133   -0.555276   -0.789215   -1.571411   -1.585267   -1.857812   -0.717157   -1.215331   13.880   -4.683   -2.217 S_000007
SCORE:     0.031                  0.031          0          0          1    S_000008
   1 H     0.000  170.252   55.279   87.939  173.402  -67.871   76.422   34.771   94.941  -87.183    0.317387   -1.322095   -0.682061   -0.817021   -1.429431   -1.695427   -1.897429   -0.665094   -1.225342    3.794    0.984    0.238 S_000008
   2 P   163.943 -128.251  156.993   88.697 -145.282 -110.730   75.887   26.507  113.970 -151.645    0.358278   -1.333610   -0.650743   -0.863818   -1.617939   -1.532382   -1.896931   -0.718209   -1.190022    8.489   -2.433   -1.500 S_000008
   3 H    -2.723 -153.525  -72.110   81.567    0.000    0.000   81.697   30.246  117.754 -113.652    0.325081   -1.403786   -0.508720   -0.876344   -1.690380   -1.417013   -1.811549   -0.655264   -1.246510   13.030   -6.665   -0.604 S_000008
SCORE:     0.029                  0.029          0          0          0    S_000009
   1 H     0.000  170.252   55.279   77.998  165.448  -24.180   96.823   39.824   86.801  -82.969    0.293418   -1.390990   -0.543270   -0.790005   -1.503094   -1.624688   -1.883304   -0.719786   -1.205506    3.794    0.984    0.238 S_000009
   2 P   175.869 -141.611  153.148   83.677 -166.053 -163.686   65.878   35.297   92.385 -141.507    0.340958   -1.323059   -0.677000   -0.782125   -1.436776   -1.707161   -1.884937   -0.705343   -1.216472    7.745   -3.204   -1.799 S_000009
   3 H   -59.987  163.781   71.107   73.399    0.000    0.000   62.900   36.880  104.034  179.893    0.370830   -1.357807   -0.554172   -0.693143   -1.524916   -1.564862   -1.813655   -0.704495   -1.206629   13.877   -4.765   -2.132 S_000009
SCORE:     0.029                  0.029          0          1          0    S_000010
   1 H     0.000  170.252   55.279   83.051 -179.918  -63.503   87.165   34.426   97.244  -87.935    0.323393   -1.379858   -0.544773   -0.818153   -1.607678   -1.547634   -1.881454   -0.744996   -1.187090    3.794    0.984    0.238 S_000010
   2 P   162.674 -163.177  159.428   82.571 -154.808  -93.860  101.117   34.024   98.651 -140.915    0.336743   -1.340740   -0.643676   -0.800614   -1.510057   -1.653203   -1.886811   -0.725183   -1.204588    8.744   -2.283   -1.910 S_000010
   3 H   -67.441  164.636   57.114   78.303    0.000    0.000   70.125   45.237   96.858  179.928    0.275057   -1.421739   -0.482116   -0.720561   -1.483413   -1.627501   -1.777537   -0.594590   -1.285507   13.789   -5.964   -1.826 S_000010
