SEQUENCE: gg
SCORE:     score    rna_stub_coord_hack       N_WC      N_NWC       N_BS description
REMARK RNA 
SCORE:     0.358                  0.358          0          0          0    S_000001
   1 H     0.000  170.252   55.279   90.886 -117.730   39.793   69.010   31.818   99.175  -82.341    0.346327   -1.296448   -0.722906   -0.821484   -1.438485   -1.707425   -1.914878   -0.692589   -1.207688    3.794    0.984    0.238 S_000001
   2 H   -60.825 -178.688   47.864   86.771    0.000    0.000   92.029   31.338  101.708  -15.240    0.338422   -1.359656   -0.606643   -0.833231   -1.590892   -1.560265   -1.896153   -0.751303   -1.174090    0.870   -0.806   -2.268 S_000001
SCORE:     0.358                  0.358          0          0          0    S_000002
   1 H     0.000  170.252   55.279   90.886 -117.730   39.793   69.010   31.818   99.175  -82.341    0.346327   -1.296448   -0.722906   -0.821484   -1.438485   -1.707425   -1.914878   -0.692589   -1.207688    3.794    0.984    0.238 S_000002
   2 H   -63.945  169.098   64.247   84.844    0.000    0.000   69.558   41.424   89.509  -15.484    0.277417   -1.391173   -0.535369   -0.772851   -1.502399   -1.641031   -1.875136   -0.715744   -1.215524    0.902   -0.664   -2.071 S_000002
SCORE:     0.358                  0.358          0          0          0    S_000003
   1 H     0.000  170.252   55.279   90.886 -117.730   39.793   69.010   31.818   99.175  -82.341    0.346327   -1.296448   -0.722906   -0.821484   -1.438485   -1.707425   -1.914878   -0.692589   -1.207688    3.794    0.984    0.238 S_000003
   2 H  -101.705 -142.017   78.764   99.007    0.000    0.000   72.910   20.972  100.864   33.160    0.403726   -1.164454   -0.901226   -0.811686   -1.428496   -1.768520   -1.915948   -0.772517   -1.175819    0.982   -1.159   -3.766 S_000003
SCORE:     0.358                  0.358          0          0          0    S_000004
   1 H     0.000  170.252   55.279   90.886 -117.730   39.793   69.010   31.818   99.175  -82.341    0.346327   -1.296448   -0.722906   -0.821484   -1.438485   -1.707425   -1.914878   -0.692589   -1.207688    3.794    0.984    0.238 S_000004
   2 H   -94.449 -161.333   59.754   78.473    0.000    0.000   80.496   41.096   96.447  179.932    0.311991   -1.393842   -0.527912   -0.733725   -1.507393   -1.619764   -1.776411   -0.607172   -1.289097    0.851   -1.108   -3.201 S_000004
SCORE:     0.358                  0.358          0          0          0    S_000005
   1 H     0.000  170.252   55.279   90.886 -117.730   39.793   69.010   31.818   99.175  -82.341    0.346327   -1.296448   -0.722906   -0.821484   -1.438485   -1.707425   -1.914878   -0.692589   -1.207688    3.794    0.984    0.238 S_000005
   2 H     0.000  125.334   50.257   83.305    0.000    0.000   50.928   30.824   99.970  -14.107    0.361498   -1.356470   -0.608821   -0.808165   -1.603615   -1.557972   -1.862114   -0.724541   -1.214000    1.221    1.371   -1.915 S_000005
SCORE:     0.358                  0.358          0          0          0    S_000006
   1 H     0.000  170.252   55.279   90.886 -117.730   39.793   69.010   31.818   99.175  -82.341    0.346327   -1.296448   -0.722906   -0.821484   -1.438485   -1.707425   -1.914878   -0.692589   -1.207688    3.794    0.984    0.238 S_000006
   2 H   -55.454  172.649   40.850   75.452    0.000    0.000   87.624   36.916   99.753  -71.538    0.306662   -1.418060   -0.468148   -0.810342   -1.649388   -1.496431   -1.831422   -0.704269   -1.230577    0.886   -0.596   -2.051 S_000006
SCORE:     0.358                  0.358          0          0          0    S_000007
   1 H     0.000  170.252   55.279   90.886 -117.730   39.793   69.010   31.818   99.175  -82.341    0.346327   -1.296448   -0.722906   -0.821484   -1.438485   -1.707425   -1.914878   -0.692589   -1.207688    3.794    0.984    0.238 S_000007
   2 H   -65.317  178.195   45.424   90.600    0.000    0.000   80.878   36.817   87.814  -16.984    0.321222   -1.301732   -0.725738   -0.783919   -1.345884   -1.775486   -1.911033   -0.710661   -1.202231    0.871   -0.807   -2.268 S_000007
SCORE:     0.358                  0.358          0          0          0    S_000008
   1 H     0.000  170.252   55.279   90.886 -117.730   39.793   69.010   31.818   99.175  -82.341    0.346327   -1.296448   -0.722906   -0.821484   -1.438485   -1.707425   -1.914878   -0.692589   -1.207688    3.794    0.984    0.238 S_000008
   2 H   -79.757  159.976   74.726   88.851    0.000    0.000   71.236   28.014  104.037   -9.712    0.372602   -1.252254   -0.794142   -0.824102   -1.423783   -1.733594   -1.909585   -0.683492   -1.220138    0.968   -0.805   -2.066 S_000008
SCORE:     0.358                  0.358          0          0          0    S_000009
   1 H     0.000  170.252   55.279   90.886 -117.730   39.793   69.010   31.818   99.175  -82.341    0.346327   -1.296448   -0.722906   -0.821484   -1.438485   -1.707425   -1.914878   -0.692589   -1.207688    3.794    0.984    0.238 S_000009
   2 H  -109.104  155.822   80.230   66.074    0.000    0.000   69.721   48.965   89.736  179.925    0.168201   -1.517007   -0.064213   -0.779920   -1.840445   -1.208645   -1.817462   -0.874960   -1.133609    0.986   -1.141   -2.458 S_000009
SCORE:     0.358                  0.358          0          0          0    S_000010
   1 H     0.000  170.252   55.279   90.886 -117.730   39.793   69.010   31.818   99.175  -82.341    0.346327   -1.296448   -0.722906   -0.821484   -1.438485   -1.707425   -1.914878   -0.692589   -1.207688    3.794    0.984    0.238 S_000010
   2 H   165.623 -158.629  163.073   83.135    0.000    0.000   55.517   34.495   94.630  -25.163    0.348329   -1.301275   -0.699548   -0.780485   -1.413468   -1.721311   -1.872221   -0.666419   -1.219169    0.639    0.502   -3.871 S_000010
