SEQUENCE: gaaag
SCORE:     score    rna_stub_coord_hack       N_WC      N_NWC       N_BS description
REMARK RNA 
SCORE:     0.001                  0.001          0          1          1    S_000001
   1 H     0.000  170.252   55.279   81.830 -174.561  -66.077   72.825   37.470   95.439 -148.308    0.318709   -1.368879   -0.586302   -0.782270   -1.507662   -1.637985   -1.865533   -0.688297   -1.231688    3.794    0.984    0.238 S_000001
   2 P  -113.048   87.793  161.757   80.761 -150.133  -80.079   56.362   38.461   90.815  179.915    0.317095   -1.375276   -0.571081   -0.772358   -1.505567   -1.636408   -1.873034   -0.714132   -1.212907    8.556    0.959   -2.478 S_000001
   3 P   -61.772  165.230   55.585   80.112 -162.058  -58.850   76.988   37.599   97.964  179.895    0.303230   -1.416124   -0.475339   -0.798625   -1.633048   -1.511823   -1.846085   -0.722209   -1.215262   13.184    4.902   -2.944 S_000001
   4 P   -56.319 -151.350   51.272  140.020 -100.337 -154.876  160.165  -35.102  161.015   16.344    0.335371   -0.379745   -1.442838   -0.794508   -1.350681   -1.755183   -1.937257   -0.765789   -1.169927   19.014    6.544   -1.580 S_000001
   5 H   -68.767  178.230   46.822   83.604    0.000    0.000   82.923   40.335   89.195  -27.480    0.279737   -1.389865   -0.539833   -0.796387   -1.508040   -1.634232   -1.878280   -0.690343   -1.223401   24.949    9.755   -1.345 S_000001
SCORE:     0.001                  0.001          0          0          0    S_000002
   1 H     0.000  170.252   55.279   83.377 -153.847  -75.256   82.758   36.966   94.647    9.877    0.320687   -1.362146   -0.609524   -0.786546   -1.494913   -1.656613   -1.874998   -0.693873   -1.227156    3.794    0.984    0.238 S_000002
   2 N  -110.312  128.279  156.431  131.950  -41.373 -161.135   85.348  -33.834  164.374  135.902    0.333923   -0.482770   -1.412865   -0.817989   -1.449134   -1.662372   -1.945550   -0.754140   -1.172670    8.747   -0.532   -2.949 S_000002
   3 P   157.283  117.575   61.637  102.545 -144.909 -101.288   49.078    1.206  144.959  -45.153    0.414000   -1.177168   -0.894640   -0.932983   -1.740955   -1.362626   -1.913239   -0.770355   -1.135750   12.320    5.005   -3.228 S_000002
   4 P  -160.249  166.068  171.487   91.115 -136.630 -101.713   76.539   34.876   95.142  175.357    0.323572   -1.335492   -0.650661   -0.813480   -1.473315   -1.673547   -1.901744   -0.711585   -1.198626   18.984    7.075   -1.689 S_000002
   5 H   -50.755  173.719   46.089   79.563    0.000    0.000   66.304   37.990   90.577  179.923    0.315035   -1.383381   -0.551854   -0.785326   -1.530688   -1.607706   -1.879123   -0.738453   -1.195110   24.532   10.409   -1.227 S_000002
SCORE:     0.001                  0.001          0          0          2    S_000003
   1 H     0.000  170.252   55.279   84.061 -148.747  -78.368   63.082   36.141   96.907   76.742    0.320069   -1.379034   -0.564852   -0.796863   -1.561801   -1.594224   -1.876419   -0.726966   -1.204542    3.794    0.984    0.238 S_000003
   2 N   -84.709   65.644 -179.077   86.353 -146.448  -58.243   75.054   38.573   87.511  -21.013    0.371123   -1.304304   -0.730032   -0.717847   -1.287288   -1.798051   -1.901587   -0.677127   -1.229343    7.925    0.610   -2.665 S_000003
   3 P  -163.415 -164.775  171.520   87.292 -173.272  -90.210   95.538   33.873  101.998   69.427    0.333059   -1.348368   -0.630589   -0.813263   -1.521104   -1.634527   -1.885456   -0.693273   -1.220867   13.900    3.410   -3.725 S_000003
   4 P   -64.237 -172.589   55.483   89.897 -173.074  -74.187  124.290   34.156   96.872  -69.978    0.315030   -1.336507   -0.651480   -0.831646   -1.488528   -1.663021   -1.913477   -0.714117   -1.190397   19.038    6.321   -1.583 S_000003
   5 H   -57.748  178.657   52.927   86.447    0.000    0.000   78.782   33.452   96.158  -74.340    0.350159   -1.323615   -0.666857   -0.791690   -1.479895   -1.668067   -1.887386   -0.706132   -1.210107   24.563    7.876   -0.172 S_000003
SCORE:     0.001                  0.001          0          0          0    S_000004
   1 H     0.000  170.252   55.279   94.813   93.430  131.111  124.489  -24.295  141.742   51.832    0.459559   -0.249491   -1.426582   -0.751146   -0.978385   -2.013057   -1.889448   -0.621027   -1.254934    3.794    0.984    0.238 S_000004
   2 P   139.421   99.903  167.645   88.729 -152.217  -69.641   88.735   35.678   89.523  177.526    0.326064   -1.301859   -0.702283   -0.796219   -1.383460   -1.739469   -1.902064   -0.690550   -1.208633    9.635    0.790   -3.559 S_000004
   3 P  -107.319   79.099  167.292   84.070 -130.682  -74.105   62.042   40.406   88.517  -22.237    0.311118   -1.368851   -0.595316   -0.752790   -1.440159   -1.688069   -1.879994   -0.727387   -1.201946   14.867    2.801   -3.902 S_000004
   4 P  -132.578  112.156  159.719   83.112 -139.596  -55.743   63.268   39.050   85.758 -170.047    0.307700   -1.343453   -0.643900   -0.775243   -1.385486   -1.708759   -1.884896   -0.676455   -1.222422   20.253    4.781   -0.827 S_000004
   5 H   -42.532  155.773   66.925  140.397    0.000    0.000   94.126  -32.827  157.032 -109.762    0.352770   -0.373633   -1.428317   -0.797543   -1.308570   -1.798190   -1.936711   -0.780564   -1.151648   24.580    4.607    2.492 S_000004
SCORE:     0.002                  0.002          0          1          1    S_000005
   1 H     0.000  170.252   55.279   83.451 -155.460  -70.672   78.702   47.905   82.104  -23.835    0.237961   -1.430017   -0.490813   -0.717669   -1.455953   -1.679158   -1.830805   -0.592121   -1.293346    3.794    0.984    0.238 S_000005
   2 N  -112.916   73.047  155.670   92.860 -171.372  -82.453   65.163   35.655   85.492  -66.299    0.336241   -1.240374   -0.823639   -0.780957   -1.230774   -1.863275   -1.920568   -0.732246   -1.190282    8.248    0.373   -3.315 S_000005
   3 P   -66.547  174.793   52.090   80.331 -178.576  -66.944   87.446   36.302   96.128  -73.045    0.316283   -1.382911   -0.566529   -0.797357   -1.560730   -1.595491   -1.864356   -0.711206   -1.211385   12.570    4.556   -4.072 S_000005
   4 P   173.330 -176.176  173.161   89.236 -120.118 -113.526   66.601   30.578  105.566 -179.411    0.341486   -1.333597   -0.661409   -0.838980   -1.537240   -1.610372   -1.902227   -0.711169   -1.197381   18.454    6.843   -2.484 S_000005
   5 H   169.800  174.780  168.367   78.552    0.000    0.000   57.193   40.042   88.383  -20.552    0.304865   -1.390174   -0.548473   -0.763231   -1.519132   -1.638677   -1.848696   -0.719271   -1.218279   25.460    8.666   -1.883 S_000005
SCORE:     0.002                  0.002          0          0          0    S_000006
   1 H     0.000  170.252   55.279   84.268  156.695 -138.988  108.460   27.951  113.268   20.971    0.330433   -1.377741   -0.551040   -0.883136   -1.682740   -1.425504   -1.903037   -0.761115   -1.156916    3.794    0.984    0.238 S_000006
   2 P    79.057  128.321 -169.506  101.025 -146.041  -90.200  144.908   20.979  109.190    1.259    0.367048   -1.182553   -0.882388   -0.857444   -1.454775   -1.738317   -1.918327   -0.689438   -1.214043    9.235    2.000   -3.002 S_000006
   3 P   -51.696  147.794   39.941  140.316 -137.221 -120.332  120.974  -33.862  150.854   20.610    0.369298   -0.245871   -1.468292   -0.770662   -1.166093   -1.901613   -1.911278   -0.744960   -1.179318   14.938    2.797   -1.914 S_000006
   4 P  -114.499   92.306  164.168   82.740 -121.969  -69.672   61.524   37.885   88.325  -22.133    0.329583   -1.348611   -0.619245   -0.767744   -1.437683   -1.673993   -1.875378   -0.701563   -1.207974   19.645    6.675   -1.718 S_000006
   5 H     0.000 -178.229  172.925 -258.724    0.000    0.000   50.487   30.728   87.755  -12.344    0.383364   -1.123232   -0.956091   -0.776807   -1.107426   -1.942299   -1.915515   -0.721064   -1.194323   23.967   10.237   -3.459 S_000006
SCORE:     0.002                  0.002          0          0          1    S_000007
   1 H     0.000  170.252   55.279   80.163  138.639 -118.475   72.119   12.082  132.834  -67.239    0.349664   -1.324683   -0.710973   -0.978241   -1.791992   -1.314355   -1.862105   -0.703711   -1.204027    3.794    0.984    0.238 S_000007
   2 N   -55.512  176.761   57.395   82.803 -152.714  -73.426   85.339   36.300   97.522    3.111    0.328988   -1.360838   -0.603727   -0.786012   -1.508855   -1.640683   -1.869356   -0.690527   -1.225462    7.170    4.059   -3.241 S_000007
   3 P   -67.601  173.259   58.690  157.464 -135.211 -147.785  162.259  -40.470  165.113 -137.280    0.315507    0.031025   -1.496384   -0.749112   -0.932260   -1.997702   -1.908468   -0.713312   -1.224472   12.432    6.416   -5.452 S_000007
   4 P   -60.692  137.305   60.423   82.142  174.548 -127.899   66.398   30.869  119.096   64.253    0.303071   -1.400949   -0.528367   -0.886923   -1.662484   -1.444081   -1.855101   -0.683786   -1.208925   18.060    8.101   -3.867 S_000007
   5 H   -74.330  146.184   65.662   82.409    0.000    0.000   61.533   38.959   95.276 -158.494    0.303321   -1.395973   -0.513933   -0.779589   -1.561605   -1.579329   -1.848067   -0.699568   -1.228601   22.561   11.558   -2.203 S_000007
SCORE:     0.000                  0.000          0          1          1    S_000008
   1 H     0.000  170.252   55.279   81.406  163.384  -86.260  116.923   32.054  110.795 -166.582    0.320248   -1.420368   -0.464463   -0.842473   -1.735634   -1.397991   -1.846341   -0.757423   -1.198457    3.794    0.984    0.238 S_000008
   2 P  -179.964  130.919   54.370   92.564  164.659 -106.432   76.600    9.279  136.304  179.932    0.397242   -1.208900   -0.869668   -0.938361   -1.650490   -1.484281   -1.936186   -0.732630   -1.162032    9.437    1.146   -3.280 S_000008
   3 P   -75.515  159.300   66.553   78.918 -164.801 -102.134   72.670   37.717   92.960   76.351    0.311854   -1.413087   -0.494506   -0.788938   -1.617870   -1.539085   -1.866826   -0.755681   -1.193985   14.955    2.802   -2.518 S_000008
   4 N   -59.729  171.414   52.712   84.637 -154.510  -61.935   75.561   36.834   94.009  179.893    0.323842   -1.342997   -0.647364   -0.785926   -1.448766   -1.697369   -1.881476   -0.671179   -1.238819   20.719    5.106   -3.124 S_000008
   5 H   -76.755 -177.636   57.419   83.229    0.000    0.000   70.868   37.891   93.514 -160.062    0.322571   -1.360469   -0.598533   -0.770479   -1.478389   -1.654747   -1.858558   -0.672397   -1.240090   24.417    9.901   -4.644 S_000008
SCORE:     0.002                  0.002          0          0          1    S_000009
   1 H     0.000  170.252   55.279 -262.171  219.526  -84.996   68.185   34.970   85.130   -9.719    0.338306   -1.224235   -0.851938   -0.790211   -1.196264   -1.876242   -1.932447   -0.712935   -1.197764    3.794    0.984    0.238 S_000009
   2 N  -110.312  128.279  156.431  131.950  -41.373 -161.135   85.348  -33.834  164.374  135.902    0.333923   -0.482770   -1.412865   -0.817989   -1.449134   -1.662372   -1.945550   -0.754140   -1.172670    8.722   -0.977   -3.169 S_000009
   3 P   -40.735  158.388   61.965  150.549 -130.286  129.292  136.883  -36.855  151.084 -172.033    0.324339   -0.006862   -1.489584   -0.784017   -0.909806   -2.041001   -1.917190   -0.686223   -1.220788   14.796    1.361   -3.406 S_000009
   4 P   133.672  116.324  174.939   85.959 -147.791  -72.484   76.620   37.073   93.583  177.523    0.326800   -1.349232   -0.605191   -0.775282   -1.479584   -1.652634   -1.864206   -0.707319   -1.206991   20.095    3.467    0.196 S_000009
   5 H   -73.293 -179.739   54.596   75.508    0.000    0.000   82.759   38.168   97.955  -18.716    0.304954   -1.414271   -0.474777   -0.792709   -1.620885   -1.523751   -1.841132   -0.709719   -1.224224   25.011    5.550    3.677 S_000009
SCORE:     0.003                  0.003          0          0          1    S_000010
   1 H     0.000  170.252   55.279   83.501 -150.531  -66.671   77.616   39.223   91.451 -164.584    0.306216   -1.374581   -0.574709   -0.774838   -1.492148   -1.654179   -1.871083   -0.689794   -1.229042    3.794    0.984    0.238 S_000010
   2 N  -112.916   73.047  155.670   92.860 -171.372  -82.453   65.163   35.655   85.492  -66.299    0.336241   -1.240374   -0.823639   -0.780957   -1.230774   -1.863275   -1.920568   -0.732246   -1.190282    8.190   -0.027   -3.323 S_000010
   3 P   -73.598  152.028   78.577   92.970 -130.963  -89.558   70.014   31.205   89.152  -19.256    0.357046   -1.248333   -0.808737   -0.783972   -1.386075   -1.809939   -1.891517   -0.718118   -1.215990   12.610    3.596   -3.809 S_000010
   4 P  -172.604  161.126  159.864  155.138 -101.607 -139.360  -48.863  -40.948  155.621   78.591    0.319081    0.026124   -1.484098   -0.731166   -0.944630   -1.986654   -1.887978   -0.700564   -1.211859   19.289    5.947   -3.051 S_000010
   5 H   -64.385 -163.908   34.794   91.378    0.000    0.000   89.152   42.997   83.145  -28.100    0.250962   -1.361114   -0.599260   -0.764387   -1.399634   -1.718667   -1.894609   -0.726054   -1.203085   25.037    9.237   -0.973 S_000010
