SEQUENCE: gaaaag
SCORE:     score    rna_stub_coord_hack       N_WC      N_NWC       N_BS description
REMARK RNA 
SCORE:     0.152                  0.152          0          0          0    S_000001
   1 H     0.000  170.252   55.279  151.226  -94.055  -19.049   81.060  -32.087  141.248 -124.772    0.345654    0.002973   -1.485773   -0.809317   -0.789450   -2.109197   -1.913442   -0.661924   -1.228602    3.794    0.984    0.238 S_000001
   2 P    69.223  137.261 -175.088   86.986 -153.397 -110.460  143.572   33.683   97.732  -12.707    0.328359   -1.339808   -0.647494   -0.818559   -1.502873   -1.648205   -1.897238   -0.709099   -1.201121    3.322    2.545   -4.023 S_000001
   3 P    62.159  178.988 -170.619  149.965 -103.312 -145.757  126.991  -39.736  164.357  173.689    0.323159   -0.192725   -1.473024   -0.749767   -1.208730   -1.842314   -1.917217   -0.720585   -1.212069   -0.385    7.553   -5.308 S_000001
   4 P    66.130  155.881  -61.655  144.963 -144.838 -142.478 -172.796  -32.612  150.588   99.950    0.350612   -0.202099   -1.471910   -0.803603   -1.079357   -1.943498   -1.930262   -0.705946   -1.190799   -5.747    9.286   -9.460 S_000001
   5 P   -61.485  172.776   56.944   86.906 -153.389 -117.159   65.060   32.671  101.167 -166.560    0.336310   -1.350716   -0.631465   -0.822328   -1.544625   -1.614423   -1.898988   -0.721388   -1.199581  -11.826   11.753  -10.273 S_000001
   6 H   -63.542  170.873   52.547   79.582    0.000    0.000   79.153   38.705   93.228  -22.902    0.313087   -1.379939   -0.560910   -0.770679   -1.510382   -1.624043   -1.849754   -0.694099   -1.226135  -17.210   15.286   -9.394 S_000001
SCORE:     0.033                  0.033          0          0          1    S_000002
   1 H     0.000  170.252   55.279  109.791  -86.031  -28.716   97.324   -4.072  154.605    3.658    0.432992   -1.060617   -0.993306   -0.892079   -1.672394   -1.421786   -1.913007   -0.735767   -1.171156    3.794    0.984    0.238 S_000002
   2 N    89.309 -128.184 -176.803   85.980 -125.293  -86.866  101.256   32.497   99.896  -13.210    0.337448   -1.344533   -0.644393   -0.824490   -1.531634   -1.627120   -1.898220   -0.710229   -1.207517    1.621   -0.445   -2.201 S_000002
   3 P  -176.305  137.307  171.043   85.565 -130.646 -105.768   74.681   34.485   99.287   -2.152    0.332425   -1.340365   -0.638706   -0.805513   -1.489131   -1.649123   -1.873865   -0.673556   -1.222220   -5.455    0.357   -1.973 S_000002
   4 P    97.044 -159.469  179.707  155.744  -97.613 -167.920  -41.320  -40.876  161.823 -176.176    0.303889   -0.071282   -1.489084   -0.757469   -1.076729   -1.923939   -1.915183   -0.715022   -1.208509  -11.517    2.535   -1.990 S_000002
   5 P    97.044 -159.469  179.707  155.744  -97.613 -167.920  -41.320  -40.876  161.823 -176.176    0.303889   -0.071282   -1.489084   -0.757469   -1.076729   -1.923939   -1.915183   -0.715022   -1.208509  -17.985    2.754    0.252 S_000002
   6 H   -62.317  179.344   48.882   79.974    0.000    0.000   78.218   40.419   89.891  -20.465    0.299363   -1.396734   -0.527552   -0.765351   -1.528503   -1.618743   -1.858464   -0.710433   -1.223131  -24.205    0.723    0.874 S_000002
SCORE:     0.161                  0.161          0          0          2    S_000003
   1 H     0.000  170.252   55.279  138.442  -85.635   65.387  104.663  -30.645  149.089 -157.162    0.357365   -0.391015   -1.428158   -0.816095   -1.288377   -1.821831   -1.947070   -0.811395   -1.125176    3.794    0.984    0.238 S_000003
   2 P  -116.943   87.117  165.784   84.174 -136.954  -66.572   68.530   39.787   85.511  167.236    0.309170   -1.355702   -0.612589   -0.762140   -1.425812   -1.697764   -1.885733   -0.713548   -1.207527    2.792    2.692   -1.978 S_000003
   3 P   -62.475 -176.348   69.107  119.999 -164.259 -105.060  105.218  -11.541  141.399  111.919    0.438325   -0.704415   -1.281096   -0.855996   -1.329138   -1.799881   -1.941660   -0.687316   -1.191323   -3.151    4.506   -3.041 S_000003
   4 P   -47.346  176.379   51.351   79.055 -173.509 -118.383   80.508   36.074   97.726 -142.917    0.325644   -1.385201   -0.543069   -0.791972   -1.583275   -1.568525   -1.862350   -0.736123   -1.202374   -8.422    7.834   -2.947 S_000003
   5 N   -58.224  175.650   52.854   85.201 -141.975  -67.057   78.307   37.957   90.988  -21.444    0.318243   -1.350950   -0.622608   -0.775913   -1.452772   -1.685076   -1.875484   -0.699561   -1.211805  -14.664    8.792   -2.952 S_000003
   6 H   -61.445 -173.404   35.889   85.649    0.000    0.000   84.250   31.748   98.528  -17.438    0.355600   -1.317787   -0.666219   -0.810259   -1.507048   -1.647048   -1.897798   -0.713483   -1.198976  -19.546   12.203   -5.046 S_000003
SCORE:     0.110                  0.110          0          0          0    S_000004
   1 H     0.000  170.252   55.279   83.948    0.000    0.000   81.596   39.688   90.474  -19.218    0.298219   -1.387644   -0.547043   -0.776237   -1.515656   -1.627463   -1.868323   -0.704848   -1.217588    3.794    0.984    0.238 S_000004
   2 N   -80.783 -179.724  171.364  150.415 -105.293  -85.848  144.059  -41.493  160.580   18.623    0.335151   -0.050284   -1.486102   -0.714523   -1.063570   -1.925667   -1.885168   -0.721521   -1.203089    2.013    2.983    0.667 S_000004
   3 P  -136.198 -122.857 -158.492  106.180 -124.887  -76.026   74.874   19.311  100.658  168.675    0.405981   -1.001253   -1.074308   -0.820525   -1.157218   -1.951689   -1.924168   -0.645988   -1.229494   -3.868    0.043    2.888 S_000004
   4 P   -60.344 -173.657   65.712  145.218 -100.727 -121.965  126.478  -33.280  154.493   38.328    0.340229   -0.267868   -1.461197   -0.814660   -1.183651   -1.885493   -1.946255   -0.733197   -1.181534   -9.901   -0.973    5.082 S_000004
   5 P  -110.558   87.594  168.161   82.885 -125.116  -73.697   57.084   39.218   87.352  -14.513    0.341010   -1.329107   -0.655459   -0.729519   -1.384713   -1.740302   -1.877693   -0.733523   -1.201525  -15.416   -1.462    7.609 S_000004
   6 H  -135.968   86.912  156.323   84.910    0.000    0.000   60.950   32.402   96.181  -24.326    0.369411   -1.302864   -0.699508   -0.782610   -1.459820   -1.695288   -1.894865   -0.722038   -1.200321  -19.630   -6.053    9.358 S_000004
SCORE:     0.164                  0.164          0          1          0    S_000005
   1 H     0.000  170.252   55.279   89.219 -149.459   93.394   68.812   34.053   90.431  -22.619    0.342634   -1.273507   -0.757767   -0.801718   -1.346703   -1.782087   -1.923084   -0.713963   -1.195146    3.794    0.984    0.238 S_000005
   2 N   -49.472  -88.884  175.337   86.908 -130.665  -74.138   13.687   36.364   90.449  -28.267    0.357975   -1.283854   -0.723235   -0.748126   -1.339232   -1.775410   -1.884268   -0.687980   -1.229894    1.872   -1.245   -3.493 S_000005
   3 P   144.301 -177.457  168.047  118.394  -83.727 -174.250   12.230  -18.258  135.328  -56.346    0.460209   -0.247345   -1.424070   -0.790326   -0.836688   -2.081905   -1.909305   -0.651561   -1.235348   -3.504   -1.899    0.330 S_000005
   4 P   -32.848  142.969   54.184  116.775 -137.644 -166.419  104.672   -9.627  141.274   13.748    0.435272   -0.776691   -1.242502   -0.870906   -1.392523   -1.757466   -1.951387   -0.704083   -1.182785   -8.626   -2.684    3.771 S_000005
   5 P   142.990 -157.333 -168.021   81.949 -149.012  -66.119   71.198   43.777   90.331  -21.089    0.268349   -1.386227   -0.533826   -0.747811   -1.438299   -1.663607   -1.829121   -0.660086   -1.293371  -15.545   -3.213    5.376 S_000005
   6 H   -72.167  175.290   54.954   77.691    0.000    0.000   76.975   44.196   87.538   82.315    0.265409   -1.427238   -0.469805   -0.745260   -1.533686   -1.604850   -1.846867   -0.727470   -1.214313  -21.426   -3.884    7.204 S_000005
SCORE:     0.119                  0.119          0          0          0    S_000006
   1 H     0.000  170.252   55.279   82.607    0.000    0.000   68.289   38.897   86.971 -127.118    0.313573   -1.344401   -0.649560   -0.771795   -1.409475   -1.730152   -1.892962   -0.698382   -1.221350    3.794    0.984    0.238 S_000006
   2 N   -60.378  137.497  167.509  112.852 -138.899  -82.105  107.799    7.352  113.721  162.309    0.426725   -0.867986   -1.180791   -0.856062   -1.186767   -1.931054   -1.949290   -0.642883   -1.227052    2.602    1.810    1.041 S_000006
   3 P   153.178 -153.207 -178.631   82.668 -139.550  -73.249   64.126   35.520   95.260  -16.961    0.322942   -1.357707   -0.586556   -0.789863   -1.548629   -1.610887   -1.878842   -0.729786   -1.203609   -3.257    0.634    3.724 S_000006
   4 P  -136.188  147.408  170.784   84.536 -136.102  -73.016   76.513   39.583   86.659  179.914    0.336335   -1.326095   -0.664039   -0.729869   -1.374732   -1.758977   -1.869372   -0.707693   -1.223661   -9.796    0.562    5.200 S_000006
   5 P   -73.359  173.409   52.926   85.748 -141.299 -147.243   74.447   36.539   94.030  -97.849    0.324570   -1.357679   -0.610091   -0.787644   -1.497085   -1.651435   -1.883916   -0.708617   -1.213908  -15.573    0.694    7.862 S_000006
   6 H  -127.217 -177.676   63.048   86.954    0.000    0.000   80.574   40.167   89.319   59.531    0.314241   -1.336139   -0.648981   -0.748406   -1.377798   -1.745092   -1.858212   -0.627675   -1.268166  -21.012   -3.089   10.643 S_000006
SCORE:     0.108                  0.108          0          0          0    S_000007
   1 H     0.000  170.252   55.279  105.479  -70.748  -50.373  109.237    8.065  139.448  -20.886    0.394751   -1.167533   -0.930065   -0.938030   -1.599286   -1.540678   -1.920623   -0.668067   -1.209345    3.794    0.984    0.238 S_000007
   2 N    76.258 -179.701  177.603  148.350 -103.608  -85.361   42.004  -32.910  144.229  178.893    0.346401   -0.089160   -1.482494   -0.800593   -0.935956   -2.038211   -1.916936   -0.748185   -1.180112    1.454   -0.632   -3.602 S_000007
   3 P   -67.780  169.566   55.337   80.106 -165.258 -116.086   78.433   41.613   92.114  -21.510    0.293408   -1.394096   -0.536144   -0.752705   -1.493140   -1.640821   -1.832884   -0.655131   -1.253745   -4.669   -1.831   -1.793 S_000007
   4 N  -107.507  -97.692  150.550  132.994  -78.491  149.706  111.973  -29.202  163.078 -109.175    0.395356   -0.491001   -1.387463   -0.800697   -1.378734   -1.702824   -1.922681   -0.722138   -1.183556  -11.218    1.079   -1.983 S_000007
   5 P   156.757 -162.758  169.525   85.477   88.309   70.721   98.460   24.669  112.096   50.338    0.374471   -1.259777   -0.773805   -0.849735   -1.500510   -1.649134   -1.912316   -0.692393   -1.208159  -17.637    1.395   -0.353 S_000007
   6 H   -53.307  138.092   69.522   75.765    0.000    0.000   66.758   46.765   84.538  -24.049    0.258251   -1.440265   -0.412162   -0.720720   -1.529534   -1.581578   -1.842486   -0.747120   -1.202066  -22.800    1.929    0.283 S_000007
SCORE:     0.105                  0.105          0          0          1    S_000008
   1 H     0.000  170.252   55.279  151.226  -94.055  -19.049   81.060  -32.087  141.248 -124.772    0.345654    0.002973   -1.485773   -0.809317   -0.789450   -2.109197   -1.913442   -0.661924   -1.228602    3.794    0.984    0.238 S_000008
   2 P    51.708  166.016  165.802  144.117 -158.911  172.559 -116.298  -36.379  164.491  -35.030    0.332415   -0.279857   -1.462557   -0.789069   -1.253212   -1.810639   -1.936782   -0.713043   -1.201460    2.863    1.694   -3.876 S_000008
   3 P   -91.290 -162.821   55.239   83.189 -145.543  -62.687  109.664   42.307   90.572  -29.388    0.275232   -1.417313   -0.430952   -0.760630   -1.582222   -1.533048   -1.830659   -0.708020   -1.219583   -1.629    6.588   -5.457 S_000008
   4 P  -115.802   88.982  168.765   83.267 -120.469  -58.675   55.685   38.344   89.811  -17.856    0.324559   -1.352439   -0.614358   -0.764675   -1.452518   -1.683192   -1.880395   -0.712341   -1.211516   -7.072    8.734   -5.080 S_000008
   5 P   -56.713  169.563   63.733  130.198 -145.747 -165.607  105.706  -22.591  147.628  165.119    0.387195   -0.481632   -1.393214   -0.841539   -1.246218   -1.866122   -1.947955   -0.671518   -1.217400  -12.019   11.796   -6.280 S_000008
   6 H   -74.319  166.632   61.909   86.767    0.000    0.000   84.870   40.385   87.479  168.015    0.303375   -1.332671   -0.661080   -0.755720   -1.348788   -1.748873   -1.865454   -0.636156   -1.254587  -16.687   15.633   -8.662 S_000008
SCORE:     0.195                  0.195          0          0          0    S_000009
   1 H     0.000  170.252   55.279   76.435    0.000    0.000   74.974   48.469   80.568  179.910    0.218071   -1.458131   -0.367419   -0.733342   -1.546656   -1.548629   -1.846276   -0.735563   -1.207591    3.794    0.984    0.238 S_000009
   2 N   -80.783 -179.724  171.364  150.415 -105.293  -85.848  144.059  -41.493  160.580   18.623    0.335151   -0.050284   -1.486102   -0.714523   -1.063570   -1.925667   -1.885168   -0.721521   -1.203089    1.891    2.858    0.707 S_000009
   3 P   -68.583  174.560   57.210   78.473 -146.553  -72.768   83.682   44.038   88.634 -137.919    0.273398   -1.417862   -0.476246   -0.739505   -1.517283   -1.609492   -1.842702   -0.717526   -1.219324   -4.115    1.943    3.220 S_000009
   4 P  -105.944   79.589  161.193   85.074 -116.481  -62.519   56.919   38.967   88.779  -13.963    0.319856   -1.339057   -0.648275   -0.762437   -1.405967   -1.732101   -1.883879   -0.701720   -1.230324   -8.264   -1.256    5.369 S_000009
   5 P  -165.001  161.303 -173.575  133.891 -106.070  178.271  117.532  -28.074  146.438 -179.088    0.378253   -0.295046   -1.451292   -0.812423   -1.111908   -1.949506   -1.943126   -0.708633   -1.198702  -14.085   -4.269    6.965 S_000009
   6 H   -62.961  168.308   61.897   78.649    0.000    0.000   67.663   40.522   95.096  179.867    0.376286   -1.382970   -0.573052   -0.674857   -1.460312   -1.658079   -1.835737   -0.714477   -1.229137  -19.421   -1.723    9.019 S_000009
SCORE:     0.128                  0.128          0          0          2    S_000010
   1 H     0.000  170.252   55.279   87.512  -28.764  -65.289   76.429   38.490   99.090  -53.442    0.279946   -1.414337   -0.493444   -0.811834   -1.604944   -1.545185   -1.835833   -0.671090   -1.256126    3.794    0.984    0.238 S_000010
   2 P    68.538  167.213 -173.924   83.974 -172.672  -89.084  109.402   36.411   93.428  -17.431    0.327762   -1.350952   -0.618290   -0.783060   -1.493810   -1.662168   -1.884309   -0.717844   -1.208533    0.469    0.887   -2.516 S_000010
   3 P   151.619 -143.564  168.715   10.088   91.649  106.338   71.213   26.952  100.335  179.884    0.419615   -1.154357   -0.894439   -0.779181   -1.268248   -1.843029   -1.906169   -0.668723   -1.224740   -5.611    0.249   -0.963 S_000010
   4 P   -58.833 -148.541  -52.595  157.427 -126.832 -148.442  -44.763  -42.415  161.288 -172.839    0.289174    0.057049   -1.493331   -0.752739   -0.939176   -1.992657   -1.909169   -0.662711   -1.231118  -11.211   -1.747    1.503 S_000010
   5 N    77.261 -133.042  -92.317   86.404 -135.878  -73.806   76.174   33.545   97.542  -19.981    0.304801   -1.346831   -0.661718   -0.853663   -1.498397   -1.659529   -1.925331   -0.710621   -1.192151  -15.518   -3.916    5.429 S_000010
   6 H   -71.195  172.982   61.076   81.164    0.000    0.000   77.137   35.420   99.449  179.933    0.318594   -1.378273   -0.563368   -0.807212   -1.568647   -1.576999   -1.864620   -0.710277   -1.209078  -21.558   -4.051    7.382 S_000010
