SEQUENCE: gaaaag
SCORE:     score    rna_stub_coord_hack       N_WC      N_NWC       N_BS description
REMARK RNA 
SCORE:     0.050                  0.050          0          2          1    S_000001
   1 H     0.000  170.252   55.279   78.543 -149.425  -75.250   75.672   41.485   93.994  179.871    0.295851   -1.430351   -0.413019   -0.748974   -1.632997   -1.503957   -1.812626   -0.721335   -1.231365    3.794    0.984    0.238 S_000001
   2 P    40.892  -94.515 -107.421   89.151 -132.836  -55.986   57.462   31.166   94.656  -18.876    0.365403   -1.235342   -0.807916   -0.805109   -1.314157   -1.784873   -1.911714   -0.643446   -1.228902    7.532   -0.739   -1.227 S_000001
   3 N   167.952 -167.959  154.203  145.211 -155.376 -167.633   19.536  -32.174  148.043  -55.599    0.332777   -0.133501   -1.484945   -0.828850   -0.980089   -2.013944   -1.953344   -0.695714   -1.205944   13.124   -3.950   -1.019 S_000001
   4 N  -175.101 -147.674  159.572  141.718  176.133  146.872   62.364  -31.811 -103.226   76.911    0.331832   -0.177856   -1.485199   -0.843536   -1.029654   -1.962328   -1.977627   -0.691472   -1.204184   17.882   -8.609    1.964 S_000001
   5 P   152.594  176.327  171.244   91.237 -151.427  -73.024   82.556   36.730   87.095   -0.293    0.324489   -1.292433   -0.740995   -0.782053   -1.325054   -1.790390   -1.912036   -0.712281   -1.201892   23.878  -11.094    5.062 S_000001
   6 H   -74.749 -179.952   60.252   76.397    0.000    0.000   71.352   37.723   92.022  -71.999    0.325548   -1.381673   -0.558025   -0.777725   -1.522670   -1.607415   -1.841064   -0.688307   -1.227513   29.120  -12.463    8.392 S_000001
SCORE:     0.066                  0.066          0          0          1    S_000002
   1 H     0.000  170.252   55.279   73.573 -158.631  -57.936   85.479   42.043   94.187  -33.095    0.281152   -1.437605   -0.404309   -0.763675   -1.623621   -1.500945   -1.829434   -0.736575   -1.211487    3.794    0.984    0.238 S_000002
   2 P    69.065  148.258   61.008  143.351 -152.468 -173.839  -36.031  -32.620  153.760  -38.466    0.355883   -0.282450   -1.458156   -0.797587   -1.187713   -1.889374   -1.939496   -0.751429   -1.176510    7.020   -3.407   -2.091 S_000002
   3 P   155.280  135.958 -178.035  104.997 -143.605  -53.089   64.985   37.244   82.297  -18.629    0.310561   -1.203717   -0.835451   -0.769342   -1.162931   -1.894190   -1.902863   -0.704842   -1.203253   13.252   -6.049    0.616 S_000002
   4 P  -111.694   90.416  162.275   83.530 -131.818  -71.832   54.082   37.679   89.061  -25.101    0.339703   -1.326763   -0.648139   -0.752360   -1.421267   -1.715751   -1.872971   -0.699424   -1.222344   18.081   -7.532    3.205 S_000002
   5 N   154.001 -151.352 -179.891   82.407 -120.265  -97.432   73.456   36.108   93.428  -28.641    0.344713   -1.332998   -0.644622   -0.766566   -1.453473   -1.682803   -1.865678   -0.702813   -1.218244   22.834  -11.206    5.340 S_000002
   6 H   -57.167 -178.262   49.323   80.276    0.000    0.000   79.601   36.725   91.443  -22.014    0.328770   -1.375972   -0.568028   -0.781645   -1.546980   -1.610541   -1.880069   -0.747038   -1.190040   28.398  -14.808    6.228 S_000002
SCORE:     0.071                  0.071          0          0          0    S_000003
   1 H     0.000  170.252   55.279   84.182 -152.558  -69.114   75.837   40.122   90.966  -16.852    0.293884   -1.397804   -0.506198   -0.771672   -1.551667   -1.588020   -1.860965   -0.728275   -1.210010    3.794    0.984    0.238 S_000003
   2 N   -80.615  116.675   67.850   89.516  177.597 -105.093  119.658   36.991   89.607  179.943    0.313647   -1.340233   -0.643032   -0.794747   -1.438595   -1.689785   -1.900517   -0.710092   -1.204579    8.344   -0.762   -1.851 S_000003
   3 P   -84.822  165.539   77.007   82.023 -144.893 -140.751   72.666   34.410  106.707  -90.371    0.361923   -1.369970   -0.578431   -0.767639   -1.551615   -1.568297   -1.785777   -0.612471   -1.270672   13.712   -2.831    0.442 S_000003
   4 N  -178.810  153.055  135.770  106.704 -138.327 -112.358  127.377   22.478   87.323  -11.418    0.409131   -0.973460   -1.098711   -0.809248   -1.028300   -2.013690   -1.923910   -0.665663   -1.225656   19.179   -7.304    2.284 S_000003
   5 N   -89.818 -167.844   59.639  153.827 -136.181  139.150  132.646  -37.935  153.424  148.810    0.316975    0.019676   -1.487882   -0.777948   -0.895329   -2.038770   -1.920246   -0.652799   -1.237878   24.297  -11.545    4.615 S_000003
   6 H   -90.284  114.127  121.675   84.740    0.000    0.000   66.274   43.590   85.235  -38.611    0.337713   -1.357229   -0.574725   -0.676070   -1.381226   -1.714119   -1.814257   -0.701470   -1.231915   26.568  -15.661    4.466 S_000003
SCORE:     0.065                  0.065          0          1          1    S_000004
   1 H     0.000  170.252   55.279   76.336  177.301  -58.041   80.968   40.523   96.449  -79.643    0.279868   -1.448244   -0.379845   -0.784300   -1.691781   -1.450462   -1.810093   -0.736082   -1.220965    3.794    0.984    0.238 S_000004
   2 N   -65.031  152.477   65.902   87.507 -154.173  -69.523   72.237   33.863  102.116  179.931    0.342494   -1.327610   -0.675121   -0.801720   -1.454918   -1.674934   -1.851988   -0.597583   -1.267118    8.699   -0.044   -0.906 S_000004
   3 P  -166.924 -154.036  159.889   90.332 -178.658 -136.635   73.477   26.413  115.255    3.673    0.345049   -1.323606   -0.689620   -0.882069   -1.572952   -1.568229   -1.923026   -0.712384   -1.176451   13.127   -5.147   -1.063 S_000004
   4 P  -166.924 -154.036  159.889   90.332 -178.658 -136.635   73.477   26.413  115.255    3.673    0.345049   -1.323606   -0.689620   -0.882069   -1.572952   -1.568229   -1.923026   -0.712384   -1.176451   18.037   -9.993    0.748 S_000004
   5 P  -163.415 -164.775  171.520   87.292 -173.272  -90.210   95.538   33.873  101.998   69.427    0.333059   -1.348368   -0.630589   -0.813263   -1.521104   -1.634527   -1.885456   -0.693273   -1.220867   23.926  -12.967    3.504 S_000004
   6 H   -66.805 -171.150   48.126   80.450    0.000    0.000   78.669   41.060   92.150 -161.352    0.304399   -1.380220   -0.548748   -0.746928   -1.481250   -1.648557   -1.840968   -0.671680   -1.247220   29.217  -12.844    6.977 S_000004
SCORE:     0.085                  0.085          0          0          1    S_000005
   1 H     0.000  170.252   55.279   87.409 -170.416  -68.408   82.043   34.338   96.133  142.610    0.322523   -1.345780   -0.649208   -0.821246   -1.492349   -1.659255   -1.900876   -0.698917   -1.209378    3.794    0.984    0.238 S_000005
   2 P    69.065  148.258   61.008  143.351 -152.468 -173.839  -36.031  -32.620  153.760  -38.466    0.355883   -0.282450   -1.458156   -0.797587   -1.187713   -1.889374   -1.939496   -0.751429   -1.176510    7.936   -2.868   -1.672 S_000005
   3 P    -0.581  132.255   50.625  107.247 -176.646  170.699  124.892    7.020  126.425  -60.564    0.400679   -1.003954   -1.089962   -0.934956   -1.370340   -1.757156   -1.991337   -0.706313   -1.146661   12.983   -5.987   -0.561 S_000005
   4 P   156.238 -179.304  175.189   84.171 -131.747  -78.081   61.660   33.664   96.247  -22.960    0.339854   -1.342789   -0.627972   -0.797072   -1.523909   -1.623702   -1.875191   -0.725767   -1.201238   16.100  -10.879    3.729 S_000005
   5 N   -64.780  174.319   57.722   79.647 -147.952  -71.804   76.509   38.831   96.519  179.901    0.300264   -1.420491   -0.471123   -0.787296   -1.621511   -1.529459   -1.850760   -0.724467   -1.219928   19.608  -15.226    6.826 S_000005
   6 H     0.000  110.421  104.315   85.543    0.000    0.000   56.161   33.638  100.039  -10.906    0.331727   -1.366317   -0.601009   -0.816300   -1.565454   -1.595065   -1.888025   -0.726292   -1.201479   23.628  -17.240    5.459 S_000005
SCORE:     0.092                  0.092          0          1          1    S_000006
   1 H     0.000  170.252   55.279   81.522 -161.768  -63.804   73.081   40.494   95.605 -144.119    0.274078   -1.441688   -0.390360   -0.796009   -1.662956   -1.460110   -1.841371   -0.741772   -1.200964    3.794    0.984    0.238 S_000006
   2 P    95.862 -150.045 -177.753  145.463 -163.746 -130.631  132.028  -25.964  134.716  -54.064    0.372792   -0.139680   -1.476267   -0.836576   -0.849905   -2.078892   -1.921957   -0.718372   -1.188673    7.446   -2.750   -1.294 S_000006
   3 P   -95.159  161.480   47.812  112.409  174.736  154.463  -71.130  -19.461  170.054  -81.100    0.415201   -0.885345   -1.169585   -0.882371   -1.672561   -1.376524   -1.932323   -0.783884   -1.146065   11.971   -6.012    2.244 S_000006
   4 P    92.790 -131.652 -169.726   85.409 -153.264  -70.781   60.740   30.905  110.617   -3.839    0.360602   -1.345547   -0.609216   -0.812863   -1.584897   -1.561908   -1.862424   -0.686320   -1.225134   15.002  -10.327    5.234 S_000006
   5 P  -170.257 -176.118  168.457  154.693  -96.790  -77.772  166.626  -41.004  158.432  -92.486    0.301209   -0.017468   -1.492097   -0.757842   -1.009016   -1.965277   -1.908312   -0.715882   -1.203518   21.182  -12.705    6.820 S_000006
   6 H   -56.018  172.070   48.878   78.722    0.000    0.000   72.609   35.516   97.470  179.914    0.329984   -1.387848   -0.537254   -0.793242   -1.597152   -1.550450   -1.873571   -0.750716   -1.190255   26.438  -14.707    9.624 S_000006
SCORE:     0.066                  0.066          0          0          0    S_000007
   1 H     0.000  170.252   55.279   80.010 -152.438  -70.567   77.472   38.589   92.693  179.880    0.309266   -1.381031   -0.553964   -0.779657   -1.518548   -1.617383   -1.862960   -0.706497   -1.217556    3.794    0.984    0.238 S_000007
   2 P    70.071  166.627   76.481  149.942 -116.503 -179.608  101.181  -39.177  161.116   29.099    0.300194   -0.164801   -1.482018   -0.777516   -1.159843   -1.889954   -1.931766   -0.730120   -1.194241    7.457   -3.092   -2.259 S_000007
   3 P   171.747  153.395  159.041  148.712 -150.900 -143.856  163.298  -31.676  141.216  -34.261    0.335662   -0.099384   -1.482186   -0.823846   -0.920479   -2.044532   -1.934389   -0.708140   -1.198506   12.270   -6.516    1.562 S_000007
   4 N   145.215 -123.261  174.675   85.487 -129.367 -105.326   61.689   34.708   94.693  -16.002    0.341282   -1.320596   -0.682879   -0.791461   -1.438928   -1.705229   -1.892384   -0.688770   -1.219794   16.667  -10.929    4.108 S_000007
   5 P   -51.696  147.794   39.941  140.316 -137.221 -120.332  120.974  -33.862  150.854   20.610    0.369298   -0.245871   -1.468292   -0.770662   -1.166093   -1.901613   -1.911278   -0.744960   -1.179318   21.485  -14.700    4.972 S_000007
   6 H   -55.262 -166.896   47.234   81.694    0.000    0.000   83.907   36.057   91.205  -22.843    0.333041   -1.354389   -0.617637   -0.784464   -1.499034   -1.654383   -1.890815   -0.735489   -1.196497   28.291  -14.788    4.969 S_000007
SCORE:     0.044                  0.044          0          0          0    S_000008
   1 H     0.000  170.252   55.279   81.830 -174.561  -66.077   72.825   37.470   95.439 -148.308    0.318709   -1.368879   -0.586302   -0.782270   -1.507662   -1.637985   -1.865533   -0.688297   -1.231688    3.794    0.984    0.238 S_000008
   2 P   117.935 -136.958  162.437  144.666  -97.088  134.124   84.122  -35.353  159.457   20.434    0.327448   -0.241090   -1.464698   -0.804626   -1.184865   -1.859172   -1.945209   -0.712335   -1.193717    7.810   -2.416   -1.041 S_000008
   3 N   149.680 -120.953  161.027   88.335 -165.507  -58.437   52.668   35.819   92.283  -17.447    0.314198   -1.344911   -0.645277   -0.811251   -1.465267   -1.676079   -1.910228   -0.712480   -1.201335   13.265   -4.932    1.263 S_000008
   4 P  -171.683  150.567  158.405   86.589 -114.846 -110.635  130.117   15.638  130.615   37.393    0.367847   -1.318887   -0.687781   -0.936999   -1.752471   -1.366717   -1.880904   -0.733340   -1.188375   18.142   -8.054    4.565 S_000008
   5 P   -71.469  164.786   65.614   76.843 -165.502  -79.511   76.883   36.849   98.060  -26.393    0.307986   -1.423218   -0.434660   -0.801756   -1.682586   -1.452009   -1.860870   -0.794021   -1.165970   23.250  -11.438    7.281 S_000008
   6 H    76.967  144.772  166.545   87.176    0.000    0.000   64.703   34.853   94.825  179.914    0.328734   -1.336340   -0.660589   -0.806252   -1.466976   -1.681424   -1.900338   -0.706015   -1.206093   25.456  -17.204    8.313 S_000008
SCORE:     0.086                  0.086          0          0          1    S_000009
   1 H     0.000  170.252   55.279   84.496 -156.618  -86.803   92.905   34.131   93.289  -15.700    0.354906   -1.316415   -0.679069   -0.784325   -1.450359   -1.697253   -1.896395   -0.711054   -1.202619    3.794    0.984    0.238 S_000009
   2 P   139.901 -101.394 -178.561  141.920 -123.942 -144.089   80.191  -30.931  156.102   31.126    0.358691   -0.354753   -1.434289   -0.818117   -1.244867   -1.828128   -1.948415   -0.714488   -1.176518    7.110   -2.988   -2.288 S_000009
   3 P   -61.485  172.776   56.944   86.906 -153.389 -117.159   65.060   32.671  101.167 -166.560    0.336310   -1.350716   -0.631465   -0.822328   -1.544625   -1.614423   -1.898988   -0.721388   -1.199581   10.216   -7.882    1.074 S_000009
   4 P   -63.611  170.084   56.145   76.975 -179.268  -81.011   98.837   42.082   87.254 -150.074    0.293244   -1.407913   -0.501182   -0.746606   -1.520998   -1.607649   -1.843831   -0.728113   -1.206557   15.161  -11.018    3.865 S_000009
   5 P   -76.439 -155.686   76.097   98.708  168.544 -113.341  126.301    2.278  141.133  172.074    0.410529   -1.103526   -0.968395   -0.933240   -1.621578   -1.502075   -1.924475   -0.687537   -1.196092   20.283  -14.231    6.067 S_000009
   6 H   -66.704  171.166   58.041   81.776    0.000    0.000   68.934   37.216   95.280 -165.604    0.327740   -1.382541   -0.544444   -0.769781   -1.561410   -1.586084   -1.857601   -0.731009   -1.205757   24.851  -15.898    9.685 S_000009
SCORE:     0.066                  0.066          0          0          1    S_000010
   1 H     0.000  170.252   55.279   83.254 -150.868  -71.940   65.665   35.276   97.739  170.290    0.337296   -1.356653   -0.608214   -0.787163   -1.524846   -1.631908   -1.874235   -0.700138   -1.220328    3.794    0.984    0.238 S_000010
   2 P    66.688 -144.704 -163.902  148.105 -139.268 -155.489  -41.230  -37.998  156.482 -171.186    0.307073   -0.167585   -1.483056   -0.788817   -1.141272   -1.898846   -1.932231   -0.728804   -1.188714    7.604   -2.339   -1.455 S_000010
   3 P   -55.509  158.657   47.601   84.634 -141.287  -53.139   96.229   34.119   95.674   26.379    0.338843   -1.301913   -0.706725   -0.802705   -1.413566   -1.725657   -1.886033   -0.662310   -1.234641   13.158   -4.936    0.257 S_000010
   4 P  -117.356   78.766  152.289   84.543 -132.316  -68.848   62.158   37.698   90.344  -15.581    0.322935   -1.348605   -0.622837   -0.774808   -1.454441   -1.682579   -1.885989   -0.714108   -1.208428   16.672   -9.057    2.383 S_000010
   5 N  -174.783  120.716  177.399  150.472 -127.479 -150.643  -46.738  -38.379  156.036  172.165    0.295515   -0.075973   -1.493365   -0.801078   -1.032701   -1.963612   -1.942754   -0.690149   -1.211052   21.226  -12.435    6.421 S_000010
   6 H   -65.040  176.028   56.509   86.995    0.000    0.000   65.127   32.174  102.815  -16.843    0.354330   -1.326434   -0.646858   -0.795268   -1.519529   -1.621592   -1.859725   -0.667841   -1.228645   27.408  -14.705    7.674 S_000010
