SEQUENCE: gaaaaaaaaaaaaaaaaaag
SCORE:     score    rna_stub_coord_hack       N_WC      N_NWC       N_BS description
REMARK RNA 
SCORE:     0.055                  0.055          0          1          3    S_000001
   1 H     0.000  170.252   55.279   86.792 -176.490  162.873  107.258   32.566   90.568 -160.138    0.346328   -1.300704   -0.708402   -0.808148   -1.442891   -1.702860   -1.905997   -0.739589   -1.175532    3.794    0.984    0.238 S_000001
   2 P    57.480 -158.222  177.639   83.988 -167.491 -112.705  147.518   34.084  101.076  -21.261    0.329310   -1.365774   -0.595955   -0.819119   -1.554870   -1.597779   -1.887754   -0.714223   -1.202531    5.627    2.923   -5.350 S_000001
   3 P   152.638  133.371 -164.851   80.834 -154.970  -66.931  123.690   31.389  105.683  163.785    0.343562   -1.372884   -0.556790   -0.824956   -1.642144   -1.505629   -1.862930   -0.737757   -1.198496    9.210    8.186   -8.765 S_000001
   4 N   -82.599  175.145   74.919   81.909 -154.495  -44.222   68.571   37.987   90.284   72.246    0.319192   -1.387072   -0.561855   -0.771656   -1.540760   -1.617683   -1.870380   -0.745456   -1.201598   12.998   12.850  -10.503 S_000001
   5 P   101.828 -173.169 -111.905   84.845 -158.848  -85.729   79.980   39.550   82.586  -27.741    0.315524   -1.316175   -0.698659   -0.758856   -1.322511   -1.784404   -1.889229   -0.685330   -1.229959   11.219   18.288  -10.635 S_000001
   6 N   -72.357 -151.472   49.780   81.174 -164.099  -71.322   83.142   35.143  102.721  162.584    0.332737   -1.394703   -0.512393   -0.793263   -1.627524   -1.514373   -1.837470   -0.709998   -1.217697   10.704   24.709  -12.528 S_000001
   7 N   -49.621  167.532   46.664   88.390 -128.450 -103.911   93.282   32.969   96.311  -26.271    0.339531   -1.318210   -0.678700   -0.810477   -1.462649   -1.665357   -1.899018   -0.697535   -1.195487   10.356   30.366  -11.642 S_000001
   8 P  -177.156  174.393  173.221   86.263 -149.185  172.593  -72.434   35.860   96.381  -22.673    0.325910   -1.354460   -0.619569   -0.796919   -1.497179   -1.651701   -1.886836   -0.705286   -1.215900   11.481   35.930   -7.179 S_000001
   9 P   168.851  143.212   55.325  125.424 -126.095  136.089   98.203  -16.131  146.351    9.349    0.427935   -0.646727   -1.313571   -0.851985   -1.339061   -1.781991   -1.948486   -0.707909   -1.178759   17.287   40.015   -6.694 S_000001
  10 P   -62.755  172.334   47.167   85.042 -142.870  -70.208   82.796   37.370   94.030 -174.294    0.316449   -1.357890   -0.599116   -0.786263   -1.484249   -1.649045   -1.869125   -0.684319   -1.223135   18.853   45.227   -5.877 S_000001
  11 N   -59.418  166.126   46.512   83.802 -112.888 -137.473   88.767   30.621  102.595 -137.029    0.350761   -1.339259   -0.630835   -0.821256   -1.582868   -1.586422   -1.882888   -0.739945   -1.191345   19.893   51.102   -6.692 S_000001
  12 P   -77.269  138.408 -156.562   81.305 -132.585  -66.730   70.015   33.683   98.905 -119.250    0.352838   -1.367646   -0.574873   -0.788520   -1.584357   -1.566431   -1.862392   -0.733585   -1.199524   18.731   57.090   -8.530 S_000001
  13 P  -167.703 -174.030 -172.706  150.262  -82.754  -98.128  162.319  -37.418  153.934  -96.537    0.341290   -0.123580   -1.479847   -0.753212   -1.075808   -1.949425   -1.900641   -0.697829   -1.213259   21.072   61.236   -3.687 S_000001
  14 P   -82.065 -169.133  159.105  130.152 -118.962 -131.679  102.280  -28.889  151.726  167.282    0.365724   -0.408328   -1.424356   -0.816562   -1.273284   -1.838067   -1.942577   -0.701107   -1.207967   25.732   64.893   -0.228 S_000001
  15 P   154.210 -167.249 -177.856   84.425 -110.086  -68.007   66.339   39.556   88.229  -20.046    0.319709   -1.343133   -0.653053   -0.755606   -1.387478   -1.739342   -1.883028   -0.703361   -1.215817   27.558   70.644    3.747 S_000001
  16 P   -39.399  168.770   55.356  142.140 -142.741  175.589  120.987  -35.450  159.437  -98.096    0.330665   -0.302125   -1.453233   -0.794861   -1.264725   -1.819140   -1.936530   -0.724980   -1.198310   27.132   76.542    4.335 S_000001
  17 P   176.834 -176.168   49.307  149.605  -59.574   73.434  -76.223  -38.885  171.887   76.940    0.313029   -0.213488   -1.476457   -0.782463   -1.218063   -1.820983   -1.940459   -0.708690   -1.213157   26.961   83.679    5.185 S_000001
  18 P   145.595 -159.601   43.056   81.082   64.448  -83.300  -72.104    8.015  136.453   54.469    0.427817   -1.168586   -0.904026   -0.901131   -1.625007   -1.520926   -1.870358   -0.645928   -1.237676   26.553   88.005    6.935 S_000001
  19 N    96.333  178.158  153.212   81.388   77.881  -47.266   69.632   29.221  105.063  -71.323    0.373171   -1.254119   -0.780878   -0.823327   -1.394379   -1.733050   -1.916949   -0.678634   -1.204975   26.125   91.883    6.354 S_000001
  20 H   -38.568 -168.553   24.326  101.651    0.000    0.000   60.378   24.343   93.030  -24.392    0.382115   -1.141398   -0.933811   -0.812232   -1.311426   -1.853398   -1.923142   -0.746992   -1.183352   27.673   94.779    7.088 S_000001
SCORE:     0.074                  0.074          0          0          7    S_000002
   1 H     0.000  170.252   55.279   85.598 -172.064  -64.110   84.658   33.817   95.271  179.912    0.335585   -1.315262   -0.684397   -0.811055   -1.447417   -1.694969   -1.900087   -0.689535   -1.211498    3.794    0.984    0.238 S_000002
   2 N   -57.700 -112.241   67.507   92.859   12.504  171.561  118.512   25.191  111.204   31.740    0.378841   -1.292730   -0.720701   -0.835744   -1.565979   -1.595468   -1.892897   -0.713312   -1.196393    9.107   -0.226   -2.841 S_000002
   3 P   -62.846  166.427   47.828   83.989 -152.381  -65.611   94.008   38.152   94.320 -132.104    0.323440   -1.362548   -0.575767   -0.762595   -1.491516   -1.631579   -1.844896   -0.682027   -1.229004   11.716    5.262   -5.238 S_000002
   4 N   -70.088 -168.791   59.124  145.389 -132.858  147.709  128.046  -32.808  150.801   26.119    0.334288   -0.170043   -1.477567   -0.820665   -1.040289   -1.964547   -1.944110   -0.688192   -1.197251   13.078   11.018   -2.901 S_000002
   5 P   158.515 -168.689  175.032   87.481 -141.368  -57.572   68.996   36.853   89.568  -47.452    0.330227   -1.321880   -0.669347   -0.773457   -1.410689   -1.720635   -1.883577   -0.692040   -1.217422   15.981   17.039   -1.326 S_000002
   6 P   154.785  148.880   62.755  143.221 -118.428  172.337   94.118  -32.342  157.772   32.106    0.346938   -0.351961   -1.445871   -0.812180   -1.268003   -1.828910   -1.947184   -0.738139   -1.184255   18.759   22.246    2.040 S_000002
   7 N   -96.944 -118.522  -60.053   95.328 -169.007  -65.789  -56.173   25.207   99.159  -68.654    0.390123   -1.172867   -0.899301   -0.826723   -1.327873   -1.819425   -1.929240   -0.701191   -1.205209   15.643   26.638    5.923 S_000002
   8 P   157.238  147.935   58.277   79.674   42.514   54.579   91.504   25.399  110.921  -15.363    0.388681   -1.298256   -0.708999   -0.835754   -1.573984   -1.591699   -1.889267   -0.715419   -1.204754   12.747   32.778    6.026 S_000002
   9 P   131.342  177.075 -153.128   91.366 -117.333  -65.471   66.580   39.607   85.390 -163.994    0.329476   -1.251995   -0.785986   -0.736000   -1.186380   -1.871744   -1.894690   -0.614744   -1.262383   11.172   37.126    8.864 S_000002
  10 P  -163.415 -164.775  171.520   87.292 -173.272  -90.210   95.538   33.873  101.998   69.427    0.333059   -1.348368   -0.630589   -0.813263   -1.521104   -1.634527   -1.885456   -0.693273   -1.220867   12.523   43.596    9.891 S_000002
  11 P   -76.131  162.482   76.164   88.218 -135.814  -77.529   85.015   34.642   92.792  -12.485    0.335903   -1.311273   -0.685888   -0.791034   -1.430897   -1.705253   -1.887328   -0.704508   -1.203133   11.778   48.913   12.606 S_000002
  12 P   -80.879 -179.862   79.559  111.255 -139.643  -76.480   76.250    4.777  118.477    2.534    0.430453   -0.952388   -1.110152   -0.846902   -1.385638   -1.801670   -1.930007   -0.732853   -1.182495   13.815   54.196   15.965 S_000002
  13 P  -162.813  120.226  175.866   82.361 -130.482  -83.501   71.938   31.791  101.509  168.496    0.369909   -1.323004   -0.659604   -0.788295   -1.515888   -1.636180   -1.860290   -0.702304   -1.215513   17.162   60.215   16.657 S_000002
  14 N   -73.735 -169.010   53.850   91.628 -165.481  -82.950  104.585   32.152   97.825 -125.001    0.349956   -1.271522   -0.756479   -0.811765   -1.378867   -1.748103   -1.902631   -0.650871   -1.230306   18.845   66.664   17.663 S_000002
  15 N   -80.912  170.295   74.913   92.230 -101.676  160.129   85.912   22.565  113.402   32.264    0.354236   -1.285593   -0.749840   -0.887328   -1.592901   -1.586659   -1.888613   -0.668587   -1.229021   20.203   72.522   16.036 S_000002
  16 N  -179.172 -150.415   49.119   81.386   67.075  117.378  162.742   21.733  120.337   57.306    0.401888   -1.263992   -0.722617   -0.847926   -1.580021   -1.539507   -1.826822   -0.637977   -1.233952   17.730   78.988   16.004 S_000002
  17 P   -63.328  160.022   63.879   86.985 -161.000  -71.888   96.042   32.304   99.927  164.661    0.347658   -1.341762   -0.639567   -0.812822   -1.536358   -1.619057   -1.896271   -0.730688   -1.196821   20.268   83.425   12.278 S_000002
  18 P  -100.510   88.518  170.841   87.333 -137.107  -63.353   57.655   35.933   89.207  103.677    0.346612   -1.293854   -0.721841   -0.771160   -1.358195   -1.767997   -1.901990   -0.707743   -1.210484   21.847   88.092   10.102 S_000002
  19 P   -67.392 -174.514   52.254   83.240 -141.991  -55.645   71.357   38.282   93.899 -160.463    0.323044   -1.351699   -0.612729   -0.765724   -1.454586   -1.679714   -1.860605   -0.669955   -1.242497   26.990   91.411    8.496 S_000002
  20 H   -59.732  173.287   49.222   80.548    0.000    0.000   76.008   40.361   91.708  179.890    0.300760   -1.395066   -0.525345   -0.763182   -1.526969   -1.613204   -1.848194   -0.697170   -1.229685   27.608   96.280    5.178 S_000002
SCORE:     0.007                  0.007          0          2          0    S_000003
   1 H     0.000  170.252   55.279   84.268  156.695 -138.988  108.460   27.951  113.268   20.971    0.330433   -1.377741   -0.551040   -0.883136   -1.682740   -1.425504   -1.903037   -0.761115   -1.156916    3.794    0.984    0.238 S_000003
   2 N  -155.069  125.776   65.770  101.134 -168.531  -36.416   92.581   15.616  134.175   10.448    0.389763   -1.192955   -0.873371   -0.906675   -1.516840   -1.606046   -1.896224   -0.612537   -1.235179    7.424    2.295   -5.385 S_000003
   3 N  -145.209   95.063  164.944   80.225  176.187   79.697  172.709   33.793  101.056  -76.546    0.375302   -1.391863   -0.540324   -0.767168   -1.625461   -1.527097   -1.819422   -0.749445   -1.207369    7.834    8.314   -5.960 S_000003
   4 N   -61.997  172.698   48.200   83.883 -147.865  -69.319   84.041   39.260   90.449  -15.285    0.310801   -1.372325   -0.566097   -0.765440   -1.500046   -1.646133   -1.865461   -0.703594   -1.225302    7.443   12.992   -2.923 S_000003
   5 P   -71.093  137.843   52.232   85.064 -139.753 -152.810   87.407   40.287   89.995 -158.367    0.287583   -1.398634   -0.501776   -0.778461   -1.544700   -1.582723   -1.866127   -0.722760   -1.202541    8.227   17.811   -0.228 S_000003
   6 P   171.747  153.395  159.041  148.712 -150.900 -143.856  163.298  -31.676  141.216  -34.261    0.335662   -0.099384   -1.482186   -0.823846   -0.920479   -2.044532   -1.934389   -0.708140   -1.198506   11.675   24.230    0.407 S_000003
   7 P  -145.272  107.505  161.174   94.670  147.437  143.710   84.320   28.447   90.169 -113.690    0.361024   -1.094483   -0.996074   -0.845065   -1.073377   -1.943138   -1.954076   -0.689021   -1.181845   11.870   30.873    0.649 S_000003
   8 P  -111.694   90.416  162.275   83.530 -131.818  -71.832   54.082   37.679   89.061  -25.101    0.339703   -1.326763   -0.648139   -0.752360   -1.421267   -1.715751   -1.872971   -0.699424   -1.222344   13.645   35.955   -1.523 S_000003
   9 P   156.238 -179.304  175.189   84.171 -131.747  -78.081   61.660   33.664   96.247  -22.960    0.339854   -1.342789   -0.627972   -0.797072   -1.523909   -1.623702   -1.875191   -0.725767   -1.201238   17.439   41.362   -2.686 S_000003
  10 P  -126.250  106.011  168.977   85.439 -139.330  -69.420   50.139   35.086   94.746  179.888    0.323314   -1.344139   -0.631905   -0.807581   -1.496027   -1.655632   -1.891815   -0.714598   -1.199423   19.809   46.986   -4.595 S_000003
  11 P   -69.079 -152.017   55.528   85.789 -153.109  -68.734   69.796   38.560   88.521   -6.352    0.321465   -1.342654   -0.621408   -0.764461   -1.430167   -1.692756   -1.872775   -0.696855   -1.212817   23.608   52.439   -4.920 S_000003
  12 N   -94.365 -154.934   46.429  146.584 -101.724  149.181  103.287  -35.917  153.020 -152.916    0.364301   -0.219499   -1.460169   -0.748527   -1.173226   -1.884655   -1.892784   -0.731496   -1.200632   22.975   59.165   -4.843 S_000003
  13 P   -64.282 -178.551   46.626   81.841 -136.466  -53.285   76.511   38.292   92.719  176.190    0.307874   -1.396891   -0.513768   -0.784643   -1.576353   -1.570659   -1.873804   -0.753016   -1.186943   23.412   64.818   -4.090 S_000003
  14 P   119.624  126.046  -48.596  170.708 -106.374  144.076  122.441  -37.455  141.853 -160.232    0.295128    0.379543   -1.446114   -0.810313   -0.365356   -2.191512   -1.868354   -0.575278   -1.280694   19.570   67.809    0.372 S_000003
  15 P   -62.560  161.565   59.465   82.476 -145.787  -82.222   79.175   40.224   90.549  -18.130    0.293028   -1.402197   -0.512332   -0.776587   -1.536861   -1.592902   -1.843688   -0.676489   -1.238810   17.391   72.450    2.139 S_000003
  16 P   133.231  -95.622  152.652   89.513  169.105 -133.943   80.474   17.341  127.879  -87.358    0.354101   -1.299334   -0.738039   -0.953084   -1.657539   -1.453322   -1.935477   -0.715656   -1.158521   17.966   76.695    5.611 S_000003
  17 P   -95.146   79.922  165.186   85.014 -119.295 -153.663   66.114   33.739  100.683 -136.022    0.328777   -1.360527   -0.608919   -0.817938   -1.549218   -1.603974   -1.889720   -0.716707   -1.202847   16.921   80.178    9.523 S_000003
  18 P   -57.485  160.139   75.855  150.070 -129.358 -140.723  124.656  -40.385  156.749  145.069    0.321419   -0.067867   -1.491898   -0.742948   -1.064012   -1.946365   -1.896169   -0.757348   -1.185391   18.907   86.352    9.270 S_000003
  19 N  -134.138  118.583  129.947   86.649  159.241   35.069   43.820   39.481   82.438  -67.168    0.357367   -1.299159   -0.768479   -0.733409   -1.220274   -1.843452   -1.894632   -0.733163   -1.223490   21.528   92.161    7.525 S_000003
  20 H   -66.763  164.506   63.340   81.699    0.000    0.000   77.190   39.229   93.726  179.894    0.305755   -1.393037   -0.532796   -0.773183   -1.537287   -1.602593   -1.849538   -0.689138   -1.234532   20.428   97.130    7.970 S_000003
SCORE:     0.053                  0.053          0          3          4    S_000004
   1 H     0.000  170.252   55.279   78.317 -153.710  -61.567   69.193   39.114   91.935  -31.130    0.301803   -1.408863   -0.482623   -0.783086   -1.580061   -1.541322   -1.855339   -0.732764   -1.196166    3.794    0.984    0.238 S_000004
   2 N   -57.700 -112.241   67.507   92.859   12.504  171.561  118.512   25.191  111.204   31.740    0.378841   -1.292730   -0.720701   -0.835744   -1.565979   -1.595468   -1.892897   -0.713312   -1.196393    8.399   -1.132   -3.706 S_000004
   3 N   -56.264 -177.789   34.061   88.856 -144.876  -69.055   71.323   39.189   90.517  -19.589    0.297911   -1.314763   -0.692278   -0.778418   -1.347912   -1.779089   -1.894966   -0.663774   -1.247301   11.967    3.730   -6.347 S_000004
   4 P   -60.692  137.305   60.423   82.142  174.548 -127.899   66.398   30.869  119.096   64.253    0.303071   -1.400949   -0.528367   -0.886923   -1.662484   -1.444081   -1.855101   -0.683786   -1.208925   14.705    7.795   -3.949 S_000004
   5 P   145.559 -147.661 -179.920   89.636 -147.948 -121.251  142.316   19.265  124.361   72.826    0.378876   -1.314939   -0.680925   -0.895597   -1.696331   -1.431095   -1.862822   -0.708039   -1.208086   15.135   13.925   -1.844 S_000004
   6 P   -55.858  161.433   52.488   82.488 -147.420  -81.527   84.816   37.940   93.831  169.350    0.318791   -1.367417   -0.589627   -0.776804   -1.490881   -1.646946   -1.863246   -0.682579   -1.231930   16.731   20.078   -1.448 S_000004
   7 N    72.201  116.892   50.939   84.054 -131.425  -77.842  111.800   36.468   92.945  -16.671    0.324860   -1.367089   -0.563570   -0.787838   -1.541186   -1.599493   -1.875797   -0.732526   -1.187832   13.330   25.099   -0.097 S_000004
   8 P  -174.180  152.972 -160.333  104.826 -142.767  -78.703   76.242   19.884  101.194  179.947    0.387962   -1.086681   -0.991172   -0.843871   -1.294637   -1.855867   -1.944422   -0.700499   -1.202484   14.801   31.892    0.889 S_000004
   9 N   -92.986  154.376   87.075   80.106 -121.703  -80.841   71.439   36.610   94.345   86.134    0.345312   -1.366461   -0.581754   -0.761486   -1.516651   -1.615511   -1.841530   -0.701418   -1.222241   15.187   38.188    0.577 S_000004
  10 N    11.156 -141.468   52.800   89.309 -170.418  -42.402   69.358   37.551   89.144  -21.400    0.305058   -1.317450   -0.697273   -0.801137   -1.360217   -1.755413   -1.903377   -0.668606   -1.221850   18.728   42.894    1.284 S_000004
  11 N   -89.818 -167.844   59.639  153.827 -136.181  139.150  132.646  -37.935  153.424  148.810    0.316975    0.019676   -1.487882   -0.777948   -0.895329   -2.038770   -1.920246   -0.652799   -1.237878   17.381   48.863    1.048 S_000004
  12 N   -61.823  141.956   61.929   82.095  -98.662 -130.073   86.744   36.557   95.932  -39.790    0.321838   -1.370887   -0.555751   -0.788400   -1.542796   -1.586416   -1.872343   -0.723885   -1.201484   17.870   53.882    2.289 S_000004
  13 P    31.140  -89.887 -105.383   93.371 -152.314  -47.536   69.909   39.637   77.630  179.888    0.312858   -1.259034   -0.785228   -0.767150   -1.173600   -1.863996   -1.915768   -0.667414   -1.218528   17.995   58.837    4.364 S_000004
  14 N   -76.580 -179.645   54.826   81.176 -147.884  -68.895   79.540   37.985   91.755  -15.483    0.305530   -1.394901   -0.524777   -0.790237   -1.570955   -1.576219   -1.869454   -0.738934   -1.196888   20.352   63.218    7.768 S_000004
  15 P   -62.475 -176.348   69.107  119.999 -164.259 -105.060  105.218  -11.541  141.399  111.919    0.438325   -0.704415   -1.281096   -0.855996   -1.329138   -1.799881   -1.941660   -0.687316   -1.191323   20.430   69.444    8.443 S_000004
  16 N   -44.026  153.426   47.446   66.685 -139.702 -163.043   79.783   45.610   90.065  179.902    0.277637   -1.491758   -0.255152   -0.732711   -1.702972   -1.396062   -1.806904   -0.784591   -1.205033   19.785   75.063    6.984 S_000004
  17 P    59.205 -169.774  169.994   82.204   80.460  167.001   74.794  -29.020  150.381   20.416    0.452785   -0.303022   -1.415288   -0.717528   -1.153978   -1.907994   -1.882718   -0.714793   -1.216736   19.854   81.541    8.188 S_000004
  18 P   -80.038  176.179   50.143  140.545 -121.983  142.556  107.539  -32.297  155.179 -171.391    0.337627   -0.341992   -1.448902   -0.822973   -1.251736   -1.833691   -1.956174   -0.751793   -1.167097   17.472   86.934    4.611 S_000004
  19 N   -55.580  145.075   66.462   82.708 -160.197  -64.411   97.372   36.665   93.580  178.656    0.317198   -1.388703   -0.553085   -0.796891   -1.570226   -1.590571   -1.890419   -0.762804   -1.177448   17.620   91.429    1.942 S_000004
  20 H   -39.606 -173.387   31.768  114.851    0.000    0.000   69.519    1.882  119.837 -144.825    0.425037   -0.858021   -1.180903   -0.859245   -1.296655   -1.866237   -1.952089   -0.706990   -1.194990   17.370   96.044   -1.698 S_000004
SCORE:     0.028                  0.028          0          1          3    S_000005
   1 H     0.000  170.252   55.279   83.969 -102.060 -144.095   45.088   28.872  107.207  -14.472    0.364579   -1.332412   -0.646563   -0.821801   -1.594129   -1.573373   -1.879455   -0.735479   -1.198003    3.794    0.984    0.238 S_000005
   2 P  -107.827   88.551  161.850   87.760 -119.121  -87.161   59.177   35.817   89.406  -26.893    0.352008   -1.281211   -0.731976   -0.755603   -1.340545   -1.770651   -1.876912   -0.690033   -1.213694    6.278    2.468   -4.805 S_000005
   3 N   -47.745 -167.010   45.803  121.393   82.439 -101.118  143.572  -24.538  138.272   74.862    0.380911   -0.257680   -1.459712   -0.845346   -0.985472   -2.020088   -1.945275   -0.720974   -1.177110    8.051    7.614   -8.559 S_000005
   4 N   169.350  136.230   47.876  145.976 -103.546  158.996  112.526  -36.585  158.537  -90.836    0.326479   -0.230834   -1.472102   -0.783993   -1.195518   -1.870158   -1.928823   -0.746647   -1.180885   10.487   12.819   -8.846 S_000005
   5 N   165.671  145.081   47.278   88.483 -135.454  -72.074   63.704   35.597   89.303  -16.815    0.334218   -1.304546   -0.712831   -0.787647   -1.378564   -1.746456   -1.906807   -0.710727   -1.204064   14.639   15.258   -4.271 S_000005
   6 N   -72.115  173.926   58.674   80.664 -142.757 -117.734   87.588   33.427   99.976  -27.527    0.337831   -1.335795   -0.654808   -0.807524   -1.506780   -1.656415   -1.856671   -0.667030   -1.242684   15.347   21.122   -6.599 S_000005
   7 P   179.099 -167.499  165.649  155.148 -107.586  148.241  103.768  -34.735  141.659   28.062    0.314041    0.107935   -1.489468   -0.823698   -0.701951   -2.120322   -1.901345   -0.710070   -1.203154   12.009   26.916   -9.338 S_000005
   8 P   -56.801  157.187   45.474   79.886 -131.640  175.157  -46.704   33.188  103.698  179.932    0.337857   -1.375364   -0.569912   -0.815435   -1.602944   -1.552400   -1.861984   -0.712749   -1.216548   14.207   31.612  -11.115 S_000005
   9 P   -87.283 -175.473   54.138   83.431 -146.788  -61.656   74.741   40.705   85.425  -20.065    0.297199   -1.361434   -0.619313   -0.765368   -1.417817   -1.723646   -1.890628   -0.710362   -1.221457   15.066   35.998   -6.312 S_000005
  10 P   -82.522 -173.901   50.300  139.055 -115.199  179.062  149.082  -32.367  151.652  165.711    0.349502   -0.343881   -1.444356   -0.804139   -1.257945   -1.837809   -1.936483   -0.771964   -1.159998   14.512   42.158   -4.647 S_000005
  11 P   -69.458  158.822   61.541   82.705 -145.460  -70.884   65.168   37.818   91.879  -26.959    0.343096   -1.335895   -0.636594   -0.746477   -1.429321   -1.698832   -1.849906   -0.677563   -1.237067   14.582   48.159   -3.195 S_000005
  12 P   -40.735  158.388   61.965  150.549 -130.286  129.292  136.883  -36.855  151.084 -172.033    0.324339   -0.006862   -1.489584   -0.784017   -0.909806   -2.041001   -1.917190   -0.686223   -1.220788   13.688   53.778   -3.633 S_000005
  13 P   -64.196  155.836   40.040   79.656 -117.600  -57.730   85.814   39.027   88.781 -166.139    0.308033   -1.400026   -0.504465   -0.773787   -1.578047   -1.573878   -1.881875   -0.793578   -1.164817   16.662   57.918   -2.725 S_000005
  14 P   -55.557 -138.518   45.590  140.956 -100.774 -174.752  -41.138  -35.343  167.214 -178.849    0.326764   -0.478423   -1.416040   -0.811774   -1.465499   -1.628528   -1.944494   -0.796561   -1.144110   17.109   64.214   -4.093 S_000005
  15 P   -95.159  161.480   47.812  112.409  174.736  154.463  -71.130  -19.461  170.054  -81.100    0.415201   -0.885345   -1.169585   -0.882371   -1.672561   -1.376524   -1.932323   -0.783884   -1.146065   18.806   70.356   -3.235 S_000005
  16 P  -133.536  -56.253 -115.896   96.210 -157.407  -66.730   78.599   36.781   88.261 -141.338    0.365904   -1.248440   -0.785723   -0.708924   -1.271154   -1.845670   -1.868309   -0.679824   -1.245802   18.276   75.477    1.395 S_000005
  17 N   -69.516 -174.210   53.641   84.447 -155.470  -84.512   86.074   37.141   93.587  179.876    0.320599   -1.360529   -0.605612   -0.783958   -1.492646   -1.655184   -1.878417   -0.702970   -1.219756   17.443   81.356    3.342 S_000005
  18 P   -45.092 -178.839   48.150   85.515 -131.464  -71.280   49.662   37.014   88.732    8.082    0.328421   -1.325960   -0.670038   -0.773233   -1.417125   -1.726492   -1.888454   -0.723739   -1.199194   18.494   86.599    6.437 S_000005
  19 P  -133.538  108.400  170.756   84.154 -127.305  -74.185   72.974   35.950   92.479   89.929    0.344062   -1.330407   -0.648063   -0.770795   -1.450555   -1.685258   -1.883026   -0.708824   -1.211451   22.099   91.903    7.363 S_000005
  20 H     0.000 -178.215   68.299 -275.055    0.000    0.000   64.418   39.366   90.015  -20.052    0.311797   -1.366863   -0.585446   -0.762117   -1.474159   -1.665415   -1.872436   -0.705938   -1.221391   24.961   96.851    8.975 S_000005
SCORE:     0.186                  0.186          0          1          6    S_000006
   1 H     0.000  170.252   55.279   77.342 -125.927  -96.031   58.429   37.576   96.782  -17.686    0.319587   -1.408133   -0.475565   -0.780770   -1.619024   -1.511150   -1.839222   -0.740912   -1.198751    3.794    0.984    0.238 S_000006
   2 P    34.248 -143.553   70.040  111.323 -161.263   89.817  112.662   -5.649  133.391 -160.009    0.445338   -0.894467   -1.157913   -0.860641   -1.488365   -1.687711   -1.929360   -0.760314   -1.155221    7.808   -1.544   -3.353 S_000006
   3 P   -74.070 -162.683   58.938   85.949 -161.150  -82.318   74.400   34.114   95.367  172.296    0.339187   -1.326136   -0.677253   -0.801320   -1.456610   -1.686934   -1.897513   -0.697536   -1.214358    7.130    2.893    0.228 S_000006
   4 P  -113.430 -178.481   93.314   98.217 -122.031  -87.433   51.316   24.931   97.192 -142.698    0.391907   -1.136006   -0.947615   -0.794818   -1.285980   -1.877296   -1.897678   -0.672689   -1.234082    7.104    9.135    2.717 S_000006
   5 P  -170.257 -176.118  168.457  154.693  -96.790  -77.772  166.626  -41.004  158.432  -92.486    0.301209   -0.017468   -1.492097   -0.757842   -1.009016   -1.965277   -1.908312   -0.715882   -1.203518   11.678   14.321    4.027 S_000006
   6 P   168.992 -156.630  174.212   86.705 -137.197 -119.664  108.197   33.640   99.366  -15.229    0.329923   -1.352776   -0.624135   -0.819988   -1.531632   -1.621327   -1.886817   -0.697388   -1.214338   13.724   20.269    2.729 S_000006
   7 N   -55.512  176.761   57.395   82.803 -152.714  -73.426   85.339   36.300   97.522    3.111    0.328988   -1.360838   -0.603727   -0.786012   -1.508855   -1.640683   -1.869356   -0.690527   -1.225462   15.854   26.459    1.519 S_000006
   8 P   -68.392  173.952   48.373   81.474 -161.512  -59.954   91.047   40.884   92.777  -23.614    0.290210   -1.382852   -0.564743   -0.763135   -1.479279   -1.660925   -1.850082   -0.681296   -1.235459   15.868   32.653    1.620 S_000006
   9 P   -73.784 -136.674   65.003   93.602   55.712  100.910  136.596   18.295  115.084  142.157    0.414781   -1.154956   -0.917319   -0.856962   -1.421293   -1.727181   -1.932139   -0.681515   -1.198908   12.285   38.032    2.669 S_000006
  10 P   -72.594  174.825   56.774   88.864 -134.043  -52.258  100.218   33.852   97.521  173.901    0.318048   -1.323563   -0.686934   -0.825970   -1.445932   -1.685623   -1.893858   -0.656350   -1.222327    9.443   42.680    5.069 S_000006
  11 N   -66.463  162.078   54.686   83.560 -155.491  -65.665   72.480   44.823   89.096  -20.950    0.269702   -1.450519   -0.435458   -0.751921   -1.515948   -1.569508   -1.847403   -0.685644   -1.241394    9.807   48.390    4.265 S_000006
  12 N   -18.811 -144.746   50.057  137.212 -109.039  -91.948  127.589  -31.767  154.180  -59.848    0.345779   -0.400810   -1.431908   -0.822639   -1.320496   -1.793131   -1.952917   -0.785739   -1.142931   13.825   52.474    3.063 S_000006
  13 N   -66.336 -154.233   43.887  144.222  -97.791 -146.754   96.672  -34.136  154.912   22.521    0.335822   -0.235007   -1.464433   -0.802412   -1.153151   -1.895882   -1.934708   -0.715898   -1.191218   12.756   59.182    1.834 S_000006
  14 N   -58.591 -152.351   51.643  148.331  -99.475  112.174  110.602  -36.480  153.547 -174.998    0.323525   -0.143944   -1.481123   -0.788442   -1.082661   -1.941855   -1.928467   -0.732824   -1.189022   10.605   65.474    3.487 S_000006
  15 P   -87.283 -175.473   54.138   83.431 -146.788  -61.656   74.741   40.705   85.425  -20.065    0.297199   -1.361434   -0.619313   -0.765368   -1.417817   -1.723646   -1.890628   -0.710362   -1.221457   11.908   69.003    0.253 S_000006
  16 P  -148.588  133.443  138.027   85.064 -127.867  -81.381   73.376   37.219   95.049  -13.856    0.320946   -1.350869   -0.610637   -0.781786   -1.471736   -1.659254   -1.868671   -0.699104   -1.208886   15.234   74.115   -2.316 S_000006
  17 P   -56.287  157.548   62.199   83.097 -132.810  -61.841   74.643   37.517   95.324 -121.966    0.316703   -1.372796   -0.572743   -0.783493   -1.518469   -1.622056   -1.866947   -0.701175   -1.224849   16.282   79.980   -3.684 S_000006
  18 P  -106.753   81.001  166.774   92.346 -110.951  -97.926   50.088   27.744  104.841  -21.962    0.355504   -1.279075   -0.759183   -0.851401   -1.466038   -1.677671   -1.919593   -0.681647   -1.199849   17.313   85.464   -2.504 S_000006
  19 N   161.352  133.371   64.610  101.468  -20.704 -102.117   78.077    7.450  132.657  -16.423    0.430048   -1.062524   -1.011612   -0.879383   -1.483677   -1.678309   -1.934786   -0.682318   -1.206058   19.095   92.422   -2.791 S_000006
  20 H   -66.836  163.399   61.143   81.060    0.000    0.000   72.065   41.984   92.213  179.907    0.291835   -1.382656   -0.584970   -0.758262   -1.433350   -1.703598   -1.874769   -0.679472   -1.236459   14.952   93.626    1.261 S_000006
SCORE:     0.024                  0.024          0          1          5    S_000007
   1 H     0.000  170.252   55.279   87.214 -126.164  -91.878   60.676   35.529   94.123 -145.071    0.330698   -1.325256   -0.673151   -0.795533   -1.431462   -1.705340   -1.899932   -0.700239   -1.210081    3.794    0.984    0.238 S_000007
   2 P   -46.789 -146.615  148.606   86.023 -106.785  -75.490   86.258   30.913  100.571   84.436    0.365411   -1.296996   -0.714109   -0.808189   -1.462299   -1.684330   -1.900205   -0.698640   -1.201356    7.922   -1.249   -4.589 S_000007
   3 P   -42.412  158.605   44.294   84.308 -159.031  -61.565   91.830   35.132   95.061  -29.576    0.333248   -1.347710   -0.614430   -0.791499   -1.509602   -1.633600   -1.880529   -0.725769   -1.199069   12.541    2.180   -6.106 S_000007
   4 P   -54.510  170.786   54.823   82.650 -143.367  -52.741   74.569   35.699   94.543  -19.982    0.333313   -1.358006   -0.609547   -0.785826   -1.516959   -1.638502   -1.878592   -0.716895   -1.213502   13.513    7.827   -6.791 S_000007
   5 P  -145.987  156.330 -171.280   97.698 -150.657  -84.135   71.724   29.301   97.426  177.190    0.377424   -1.188179   -0.884020   -0.797503   -1.265138   -1.847696   -1.920332   -0.677393   -1.214796   13.007   13.598   -3.716 S_000007
   6 N    58.763 -174.463  -62.018   97.388 -147.848  -89.323   80.226   34.012   86.596  -17.451    0.349901   -1.182252   -0.896463   -0.790802   -1.135094   -1.913050   -1.924357   -0.656726   -1.220898   11.317   19.060   -2.028 S_000007
   7 P   -59.523  166.277   46.665   81.650 -144.994  -58.370   66.155   41.416   91.029  -17.653    0.261869   -1.411378   -0.507054   -0.793494   -1.533492   -1.603717   -1.849622   -0.671110   -1.235829   10.170   25.180   -1.980 S_000007
   8 P   -73.299 -153.922   37.561  134.376 -117.922  179.990  135.214  -32.500  159.044 -172.187    0.341690   -0.483427   -1.410623   -0.819998   -1.428805   -1.692496   -1.939475   -0.755895   -1.172241   13.283   30.541    0.017 S_000007
   9 P    39.667 -112.107  -96.200   87.624 -133.134  -62.898   73.986   36.185   88.774  -29.210    0.320258   -1.315167   -0.691553   -0.796316   -1.391578   -1.729728   -1.905457   -0.694124   -1.208993   16.133   34.921    1.320 S_000007
  10 P   -63.988  178.027   59.083   77.843 -163.445  -28.631   86.194   38.639   92.225 -170.762    0.288228   -1.410550   -0.496731   -0.805355   -1.589016   -1.552947   -1.865865   -0.733736   -1.199255   16.681   40.843    3.070 S_000007
  11 P   -73.784 -136.674   65.003   93.602   55.712  100.910  136.596   18.295  115.084  142.157    0.414781   -1.154956   -0.917319   -0.856962   -1.421293   -1.727181   -1.932139   -0.681515   -1.198908   20.831   45.398    2.484 S_000007
  12 N   157.650  157.642   48.316  144.884 -125.411  124.893  107.110  -34.029  153.400   66.714    0.342101   -0.180592   -1.480621   -0.797068   -1.081115   -1.951940   -1.934242   -0.708039   -1.199864   24.413   50.821    3.023 S_000007
  13 N   -54.788  165.648   48.253   79.936 -164.557  -51.775   83.943   33.324  102.569  -27.054    0.322370   -1.410968   -0.477365   -0.828546   -1.701019   -1.441988   -1.874355   -0.794404   -1.161186   25.449   55.748    4.086 S_000007
  14 P   -67.400 -156.253   70.385   89.207 -165.347 -142.424  149.312   31.170   95.376  179.958    0.339723   -1.283862   -0.739249   -0.826225   -1.443552   -1.722588   -1.912729   -0.711481   -1.205233   26.477   61.822    4.704 S_000007
  15 P    83.617  160.551  176.606   83.500 -159.341  -57.713   74.222   37.339   97.146  -10.021    0.332289   -1.373751   -0.560492   -0.765511   -1.542821   -1.611805   -1.854567   -0.709532   -1.227594   25.804   68.157    7.236 S_000007
  16 P   -69.535 -123.961   66.297  148.563  -83.573 -178.087  173.736  -37.717  156.726   88.565    0.326696   -0.105538   -1.465270   -0.758278   -1.051396   -1.937277   -1.936227   -0.700889   -1.187016   28.502   74.104    7.034 S_000007
  17 P   148.676 -165.600 -170.434   82.795 -127.847  -99.219   77.270   36.905   94.303  -60.066    0.302431   -1.388814   -0.560459   -0.809846   -1.564362   -1.602826   -1.893046   -0.745849   -1.192433   27.830   80.884    5.216 S_000007
  18 N    81.294  141.947   63.372   77.289 -141.877  -59.409   60.078   38.032  102.201  -16.391    0.298420   -1.447818   -0.393194   -0.803362   -1.704942   -1.420685   -1.800138   -0.717004   -1.226413   24.011   86.287    4.167 S_000007
  19 P   -57.919  169.201   58.004   83.901 -142.293  -60.147   65.498   38.608   90.269 -162.961    0.320468   -1.352096   -0.617370   -0.764618   -1.448228   -1.691054   -1.866111   -0.676227   -1.240425   24.043   91.755    6.379 S_000007
  20 H   -80.281 -151.220   57.207   92.779    0.000    0.000   92.981   31.970   99.590  -15.565    0.372541   -1.297502   -0.690904   -0.778425   -1.462968   -1.673524   -1.888689   -0.726608   -1.187614   26.201   95.422   11.475 S_000007
SCORE:     0.051                  0.051          0          1          4    S_000008
   1 H     0.000  170.252   55.279  121.374  -19.785  -97.602  138.558  -10.241  133.234 -175.850    0.442466   -0.603654   -1.326158   -0.848305   -1.163894   -1.920400   -1.941803   -0.631778   -1.222674    3.794    0.984    0.238 S_000008
   2 N   -65.626 -178.812   45.419   83.243 -155.697 -101.046   90.153   35.749   93.593  -20.891    0.327144   -1.347053   -0.628578   -0.798375   -1.480378   -1.659015   -1.888567   -0.706468   -1.201677    4.945    2.503   -5.401 S_000008
   3 P   169.061  159.265  175.333   84.960 -139.811   80.675   70.288   32.756  102.852 -161.541    0.324055   -1.382342   -0.566331   -0.837269   -1.619638   -1.539370   -1.882592   -0.727158   -1.200881    4.447    9.139   -7.996 S_000008
   4 P   -72.411 -171.500   57.356   84.859 -144.082  -67.468   72.464   36.453   99.220  -15.037    0.331538   -1.353625   -0.595862   -0.772182   -1.497109   -1.624617   -1.827692   -0.654263   -1.244826    3.761   11.190   -3.386 S_000008
   5 P   130.441 -169.255 -175.534   87.529 -139.396  -73.339   76.666   42.343   79.788  -27.856    0.303737   -1.327853   -0.673674   -0.727966   -1.301955   -1.792160   -1.883888   -0.708212   -1.221319    4.623   16.205    0.331 S_000008
   6 P   -67.504  172.757   62.089   75.146 -164.961  -67.510   65.431   38.145  103.921  179.913    0.289977   -1.463237   -0.329419   -0.810320   -1.764396   -1.345906   -1.807084   -0.760320   -1.200641    8.249   20.902    2.384 S_000008
   7 N  -120.680   77.050  178.407   82.567 -171.493  -63.211  -66.965   32.784  103.248  -74.213    0.340466   -1.378188   -0.552816   -0.815238   -1.627788   -1.526797   -1.868061   -0.734013   -1.200504   11.161   25.810    3.485 S_000008
   8 P   -61.334 -162.050   56.056   81.784 -146.096  -56.681   82.493   38.448   94.497  -17.191    0.315034   -1.386312   -0.544630   -0.772985   -1.543459   -1.608902   -1.856647   -0.708984   -1.222803   12.354   28.501    8.832 S_000008
   9 P   -87.787  177.868   72.488  125.142 -164.828 -151.898  111.548  -19.213  150.164  -29.735    0.411216   -0.574601   -1.357123   -0.857597   -1.302692   -1.814919   -1.954673   -0.693383   -1.189634   15.002   33.365   11.789 S_000008
  10 P  -163.415 -164.775  171.520   87.292 -173.272  -90.210   95.538   33.873  101.998   69.427    0.333059   -1.348368   -0.630589   -0.813263   -1.521104   -1.634527   -1.885456   -0.693273   -1.220867   19.249   38.943   13.790 S_000008
  11 P  -115.802   88.982  168.765   83.267 -120.469  -58.675   55.685   38.344   89.811  -17.856    0.324559   -1.352439   -0.614358   -0.764675   -1.452518   -1.683192   -1.880395   -0.712341   -1.211516   21.224   41.698   18.486 S_000008
  12 N  -119.159 -128.524   59.713   84.192 -163.416  -74.583   76.732   37.638   91.643  -15.524    0.327677   -1.341485   -0.642548   -0.769994   -1.432892   -1.702299   -1.874881   -0.677260   -1.234426   23.368   44.799   24.185 S_000008
  13 N     0.000  172.529   46.705 -224.118  207.242  179.205  148.966  -29.080  158.819  -19.114    0.380377   -0.446779   -1.400362   -0.814079   -1.322168   -1.752573   -1.949733   -0.675138   -1.201495   25.913   49.765   24.165 S_000008
  14 N  -175.101 -147.674  159.572  141.718  176.133  146.872   62.364  -31.811 -103.226   76.911    0.331832   -0.177856   -1.485199   -0.843536   -1.029654   -1.962328   -1.977627   -0.691472   -1.204184   29.210   55.088   27.863 S_000008
  15 P   -57.519  171.467   48.331   84.569 -168.035  -71.033   87.249   37.623   90.022  -24.500    0.304261   -1.363961   -0.596293   -0.796667   -1.493143   -1.651198   -1.889374   -0.717125   -1.203509   32.173   56.475   33.215 S_000008
  16 N   -73.735 -169.010   53.850   91.628 -165.481  -82.950  104.585   32.152   97.825 -125.001    0.349956   -1.271522   -0.756479   -0.811765   -1.378867   -1.748103   -1.902631   -0.650871   -1.230306   35.572   58.615   38.058 S_000008
  17 P   -73.784 -136.674   65.003   93.602   55.712  100.910  136.596   18.295  115.084  142.157    0.414781   -1.154956   -0.917319   -0.856962   -1.421293   -1.727181   -1.932139   -0.681515   -1.198908   39.341   62.666   41.885 S_000008
  18 P   -51.366  159.456   57.860   97.555  162.044 -150.575  116.893   13.664  118.090  -85.317    0.420194   -1.081106   -1.003611   -0.869052   -1.395608   -1.775530   -1.933883   -0.679967   -1.200976   40.580   67.563   44.901 S_000008
  19 P   -55.838  156.403   59.703   86.632 -134.963  -51.224   52.741   32.929   98.441  179.929    0.336108   -1.335678   -0.651959   -0.818570   -1.513333   -1.644942   -1.896398   -0.705798   -1.210176   45.653   70.801   44.570 S_000008
  20 H   -60.612  174.733   51.884   78.700    0.000    0.000   73.986   35.716   98.674  179.933    0.315595   -1.413432   -0.475099   -0.805924   -1.667009   -1.480661   -1.863324   -0.771431   -1.179712   47.435   76.009   46.721 S_000008
SCORE:     0.057                  0.057          0          1          5    S_000009
   1 H     0.000  170.252   55.279   83.192 -158.256  -72.120   75.463   36.601   96.768  179.931    0.321857   -1.375920   -0.571161   -0.791507   -1.544429   -1.610301   -1.865524   -0.693879   -1.229312    3.794    0.984    0.238 S_000009
   2 P    55.326 -163.146   67.008   79.955 -127.511  -77.789   61.628   40.635   87.247 -161.748    0.304994   -1.372524   -0.582251   -0.757202   -1.450899   -1.679072   -1.859995   -0.697728   -1.226928    8.070   -2.122   -1.453 S_000009
   3 P   -75.329 -176.435   52.104   85.359 -138.934  -80.729   82.325   33.426   97.849  -21.373    0.343478   -1.334072   -0.655134   -0.804879   -1.496527   -1.654728   -1.894558   -0.709774   -1.206926   11.996    2.466    1.246 S_000009
   4 P   -87.613 -177.455   77.255   77.811 -143.133  -59.204   68.301   32.540  109.852  100.417    0.337733   -1.396162   -0.506768   -0.821191   -1.668994   -1.460461   -1.849372   -0.732866   -1.204355   12.272    9.152    1.293 S_000009
   5 N   -54.905 -179.787   52.984  131.374 -128.896  154.073  112.781  -21.146  143.722   17.580    0.415467   -0.432599   -1.404669   -0.834394   -1.156775   -1.922437   -1.939965   -0.702808   -1.188959    9.150   13.957   -0.585 S_000009
   6 P   -53.982  175.499   58.101   69.370 -168.827  -83.451   78.681   38.769  106.876 -133.947    0.241743   -1.499270   -0.131829   -0.868124   -1.900732   -1.112730   -1.759431   -0.806190   -1.173860    8.961   19.754   -1.614 S_000009
   7 N  -145.209   95.063  164.944   80.225  176.187   79.697  172.709   33.793  101.056  -76.546    0.375302   -1.391863   -0.540324   -0.767168   -1.625461   -1.527097   -1.819422   -0.749445   -1.207369   10.819   25.018    1.653 S_000009
   8 P   -67.400 -156.253   70.385   89.207 -165.347 -142.424  149.312   31.170   95.376  179.958    0.339723   -1.283862   -0.739249   -0.826225   -1.443552   -1.722588   -1.912729   -0.711481   -1.205233    9.973   30.822    2.719 S_000009
   9 N   -72.054  172.480   63.513   89.397 -163.179  -67.446   77.043   33.162   96.863 -132.352    0.344523   -1.303752   -0.714685   -0.804000   -1.430471   -1.717718   -1.904319   -0.686325   -1.220442   13.133   35.476   -0.674 S_000009
  10 P   -60.923  157.664   58.419   84.032 -155.991  -71.913   86.211   34.850   96.931  179.951    0.345718   -1.347136   -0.620788   -0.778877   -1.512931   -1.637134   -1.866257   -0.703016   -1.214156   14.457   40.725   -2.205 S_000009
  11 N   -64.782  160.082   53.845   85.774 -123.682 -164.533  124.617   35.782   98.770  -15.962    0.336617   -1.352471   -0.602064   -0.782014   -1.513191   -1.633209   -1.862629   -0.683820   -1.232069   13.723   46.442   -1.126 S_000009
  12 P   178.953  121.420   60.039  137.761  -89.783  162.171   95.568  -36.201  164.047  -85.504    0.329547   -0.376318   -1.443259   -0.795164   -1.365299   -1.724089   -1.935867   -0.737984   -1.183291   17.100   52.513   -0.530 S_000009
  13 N  -173.868 -178.616  179.685   86.902 -146.045  -72.431   81.778   39.756   88.577  -12.629    0.302540   -1.355778   -0.621490   -0.770300   -1.422934   -1.707921   -1.886028   -0.702878   -1.216575   18.665   59.057   -0.682 S_000009
  14 P   -67.620 -169.385   47.287   85.868 -176.493  -55.631   70.403   33.207   98.261  -74.440    0.337983   -1.331750   -0.664185   -0.812352   -1.491835   -1.659733   -1.901908   -0.713267   -1.200364   22.016   64.239    1.246 S_000009
  15 N  -108.501  109.143  136.134   75.216 -161.641  -65.319   58.354   43.308   94.704  -30.216    0.228707   -1.468780   -0.337643   -0.800482   -1.688991   -1.439407   -1.819122   -0.728875   -1.218763   23.346   68.966    3.300 S_000009
  16 P   164.344 -174.447  169.230   87.267  -85.510 -142.850   47.716   36.293   89.985 -102.058    0.320310   -1.324589   -0.687336   -0.797024   -1.409651   -1.732008   -1.902623   -0.697059   -1.211855   23.698   75.191    1.200 S_000009
  17 N   -40.935  145.393   51.402   82.016 -130.315  -62.014   77.299   35.208   96.449  -22.493    0.331972   -1.354817   -0.613441   -0.796226   -1.515505   -1.634903   -1.873564   -0.704613   -1.215662   24.339   81.537    0.332 S_000009
  18 N   -70.443 -167.722   51.755   93.173  123.329  -97.835  101.915   28.273  100.650 -112.099    0.350732   -1.173409   -0.879789   -0.854740   -1.245858   -1.819409   -1.953517   -0.676129   -1.177028   23.239   86.696    4.030 S_000009
  19 P  -127.043 -159.572   50.066  112.814   67.182  -69.204  135.925  -20.299  135.589   59.298    0.459995   -0.220480   -1.440404   -0.781599   -0.844408   -2.084263   -1.897066   -0.696444   -1.218949   22.178   92.264    6.121 S_000009
  20 H   -59.732  173.287   49.222   80.548    0.000    0.000   76.008   40.361   91.708  179.890    0.300760   -1.395066   -0.525345   -0.763182   -1.526969   -1.613204   -1.848194   -0.697170   -1.229685   23.558   95.619    7.281 S_000009
SCORE:     0.018                  0.018          0          0          9    S_000010
   1 H     0.000  170.252   55.279  104.017 -153.897  -99.881   81.280   33.909   79.924  -98.134    0.350932   -1.063416   -1.036672   -0.790247   -0.894890   -2.040105   -1.929682   -0.648659   -1.240619    3.794    0.984    0.238 S_000010
   2 N     0.000 -128.191   91.742  126.630  -86.058  -84.392  129.347  -22.691  149.434   11.480    0.371994   -0.564243   -1.374189   -0.879685   -1.350813   -1.774372   -1.962578   -0.659264   -1.209824    9.128    0.036   -1.962 S_000010
   3 N   -97.944  144.143  116.364  107.390 -146.299  170.116   62.722   -5.024  141.666   18.042    0.428033   -0.968284   -1.110263   -0.900109   -1.566329   -1.597061   -1.953408   -0.750813   -1.156653    9.786    5.992    0.283 S_000010
   4 N   -69.678  178.031   59.279   82.037 -145.046  -72.781   87.500   37.818   97.118  -13.655    0.310665   -1.397150   -0.518609   -0.787153   -1.577891   -1.565682   -1.839102   -0.688719   -1.231740   13.906   10.400    2.282 S_000010
   5 N   -67.802  167.618   57.528   80.264 -147.345 -119.030   89.176   34.044  100.472  -18.559    0.326382   -1.369056   -0.585081   -0.818244   -1.566985   -1.581408   -1.859903   -0.690378   -1.223629   16.146   15.153    5.478 S_000010
   6 P   -65.966  178.959   56.974   84.187 -138.313  -68.505   78.289   38.082   90.842  -25.863    0.320938   -1.351727   -0.623028   -0.772629   -1.451539   -1.689044   -1.878022   -0.693843   -1.223447   17.295   19.938   10.003 S_000010
   7 P   -43.113  151.472 -172.177   71.221 -126.848  -65.373   77.920   46.649   85.199 -146.975    0.299252   -1.424435   -0.433567   -0.664305   -1.521145   -1.603510   -1.785015   -0.702893   -1.256471   14.624   23.672   13.232 S_000010
   8 N   -41.352  155.038   56.873   75.680 -150.329 -103.002   79.846   39.472   96.412 -150.333    0.300972   -1.430198   -0.418975   -0.777617   -1.646841   -1.475453   -1.833916   -0.750922   -1.194393   16.042   29.134   12.732 S_000010
   9 N   -58.034  154.870   59.194   88.331 -149.069  -69.316   85.210   37.009   93.557  -18.606    0.326490   -1.339677   -0.643283   -0.773294   -1.444030   -1.689773   -1.878580   -0.707958   -1.214621   17.776   35.004   13.053 S_000010
  10 N   -70.972  178.280   47.702   80.082  177.908  171.849   92.320   36.765   93.372  -60.956    0.316769   -1.394073   -0.534043   -0.788189   -1.591413   -1.566392   -1.873246   -0.762144   -1.186436   20.469   39.575   16.392 S_000010
  11 P   -50.409  132.530   54.513   83.738 -156.747  -49.100   84.111   37.562   94.597  112.336    0.309481   -1.384872   -0.549600   -0.790003   -1.548036   -1.595499   -1.869451   -0.711025   -1.214390   24.153   43.495   14.578 S_000010
  12 P   -77.651 -176.365   56.662   85.936 -139.389  -60.929   78.495   38.213   90.406   24.773    0.327061   -1.335723   -0.644669   -0.764392   -1.412354   -1.713869   -1.874107   -0.663348   -1.240887   25.760   49.202   15.920 S_000010
  13 P   -56.720 -155.543   47.716  141.244 -100.674  163.668 -174.879  -34.363  153.975   95.607    0.339976   -0.298078   -1.457780   -0.796881   -1.240437   -1.848814   -1.932678   -0.769924   -1.158519   29.081   52.129   20.518 S_000010
  14 P   -74.790  169.749   60.207   77.954 -134.063  -57.408   91.805   38.195   92.586 -165.079    0.307070   -1.407759   -0.498080   -0.785414   -1.597904   -1.547386   -1.872697   -0.775131   -1.180106   30.593   56.706   24.103 S_000010
  15 N   -63.885  166.223   46.080  143.618 -115.717   75.052  105.840  -36.202  158.518   29.976    0.327514   -0.255186   -1.468096   -0.788832   -1.218371   -1.851439   -1.935431   -0.732935   -1.190052   34.437   61.053   25.243 S_000010
  16 P   158.515 -168.689  175.032   87.481 -141.368  -57.572   68.996   36.853   89.568  -47.452    0.330227   -1.321880   -0.669347   -0.773457   -1.410689   -1.720635   -1.883577   -0.692040   -1.217422   35.076   66.464   25.742 S_000010
  17 P   -67.957 -170.527   55.362   84.536 -141.161  -68.799   86.901   37.583   93.324  -16.321    0.331730   -1.338277   -0.630351   -0.765366   -1.438933   -1.689432   -1.863782   -0.660155   -1.240409   34.775   72.473   27.545 S_000010
  18 P   -40.354 -158.817   49.644  128.615 -179.467  167.792  161.168  -26.483  154.594   35.551    0.411607   -0.223169   -1.457199   -0.800461   -0.980869   -1.992723   -1.933841   -0.715384   -1.197698   38.053   77.805   27.835 S_000010
  19 P   -47.031  156.420   42.867   83.582 -136.660  -62.403  113.321   35.246   98.888 -141.930    0.323893   -1.381811   -0.541642   -0.806496   -1.591603   -1.553461   -1.877027   -0.738089   -1.189425   36.928   83.676   29.006 S_000010
  20 H   -50.319  171.194   40.863   79.589    0.000    0.000   84.933   35.229   97.545  -19.689    0.320683   -1.386757   -0.550244   -0.807377   -1.594451   -1.560891   -1.873505   -0.741806   -1.191998   39.396   89.074   29.127 S_000010
