SEQUENCE: gug
SCORE:     score    rna_stub_coord_hack       N_WC      N_NWC       N_BS description
REMARK RNA 
SCORE:     0.301                  0.301          0          0          0    S_000001
   1 H     0.000  170.252   55.279  136.583 -130.420 -126.077  126.266  -31.364  155.940   58.551    0.351546   -0.412053   -1.425045   -0.816078   -1.323783   -1.782875   -1.936954   -0.702246   -1.204282    3.794    0.984    0.238 S_000001
   2 N   139.193  142.992  174.042  129.639 -160.591  177.693   83.114  -23.461  143.572  -60.403    0.420569   -0.186802   -1.460824   -0.813666   -0.865458   -2.064083   -1.926626   -0.665631   -1.218975    9.140   -1.256   -4.302 S_000001
   3 H   -56.394  157.958   51.208   79.791    0.000    0.000   70.813   36.287   96.360  -19.990    0.316936   -1.410601   -0.480778   -0.795741   -1.651336   -1.496708   -1.863860   -0.774311   -1.176148   11.686    0.572   -9.581 S_000001
SCORE:     0.300                  0.300          0          0          0    S_000002
   1 H     0.000  170.252   55.279   82.991 -129.274 -121.615   60.234   38.093   90.683  -16.543    0.317462   -1.357802   -0.607457   -0.779277   -1.468449   -1.674258   -1.878500   -0.690831   -1.224687    3.794    0.984    0.238 S_000002
   2 N   139.193  142.992  174.042  129.639 -160.591  177.693   83.114  -23.461  143.572  -60.403    0.420569   -0.186802   -1.460824   -0.813666   -0.865458   -2.064083   -1.926626   -0.665631   -1.218975    6.943   -1.250   -6.010 S_000002
   3 H   -89.596 -161.637   70.668  114.415    0.000    0.000  101.158   -1.752  138.051  -18.979    0.456654   -0.814918   -1.201231   -0.849982   -1.288683   -1.818976   -1.917846   -0.583402   -1.248471    5.139   -2.988  -12.407 S_000002
SCORE:     0.316                  0.316          0          0          0    S_000003
   1 H     0.000  170.252   55.279   82.704 -104.633 -137.389   72.369   33.057  101.820 -105.843    0.332959   -1.353468   -0.613276   -0.817439   -1.553129   -1.597738   -1.871378   -0.697261   -1.220612    3.794    0.984    0.238 S_000003
   2 N   171.907 -142.720  167.049   86.726 -165.883  -76.422   58.359   35.774   92.593  -22.203    0.331391   -1.326734   -0.672887   -0.790536   -1.430654   -1.708910   -1.900351   -0.704493   -1.210487    5.831   -1.241   -6.264 S_000003
   3 H   -54.163  177.198   41.908   85.204    0.000    0.000   81.780   34.251   92.429  179.941    0.345497   -1.312569   -0.695755   -0.781865   -1.440947   -1.712998   -1.896456   -0.750740   -1.184923    7.940   -4.275  -10.968 S_000003
SCORE:     0.297                  0.297          0          0          0    S_000004
   1 H     0.000  170.252   55.279   85.097  -91.014 -146.040   97.290   40.484   89.809  -23.773    0.279206   -1.383583   -0.546356   -0.786233   -1.496460   -1.637570   -1.903040   -0.737319   -1.205325    3.794    0.984    0.238 S_000004
   2 N   157.972 -132.733  176.834  147.316 -147.664 -132.370   93.539  -35.585  157.310  132.932    0.334836   -0.174948   -1.481171   -0.790795   -1.105511   -1.925075   -1.933577   -0.714100   -1.197252    5.406   -0.927   -6.283 S_000004
   3 H   -76.352  167.968   63.973   81.644    0.000    0.000   68.502   35.340   99.913  -13.262    0.328361   -1.376782   -0.540754   -0.789533   -1.588545   -1.548683   -1.867218   -0.746206   -1.192541    8.202   -4.894  -10.824 S_000004
SCORE:     0.298                  0.298          0          0          0    S_000005
   1 H     0.000  170.252   55.279   73.231 -124.378 -118.805   48.087   39.580  100.902  -24.197    0.303606   -1.439324   -0.369332   -0.770565   -1.692112   -1.418804   -1.808154   -0.751167   -1.204139    3.794    0.984    0.238 S_000005
   2 N   139.193  142.992  174.042  129.639 -160.591  177.693   83.114  -23.461  143.572  -60.403    0.420569   -0.186802   -1.460824   -0.813666   -0.865458   -2.064083   -1.926626   -0.665631   -1.218975    6.223   -1.637   -6.157 S_000005
   3 H   -68.166 -179.695   51.853   81.806    0.000    0.000   82.131   34.935   95.766  179.943    0.337433   -1.366468   -0.585462   -0.792346   -1.554350   -1.599445   -1.870862   -0.719168   -1.210190    3.741   -3.026  -12.012 S_000005
SCORE:     0.301                  0.301          0          0          0    S_000006
   1 H     0.000  170.252   55.279   92.518  175.202  130.171   79.027   22.122  110.319 -170.078    0.393774   -1.223585   -0.842438   -0.855515   -1.471195   -1.695897   -1.945869   -0.743696   -1.155831    3.794    0.984    0.238 S_000006
   2 N   139.193  142.992  174.042  129.639 -160.591  177.693   83.114  -23.461  143.572  -60.403    0.420569   -0.186802   -1.460824   -0.813666   -0.865458   -2.064083   -1.926626   -0.665631   -1.218975    5.547   -0.025   -6.705 S_000006
   3 H    56.494 -177.194  -75.255   95.061    0.000    0.000   70.227   34.380   86.808  179.925    0.344911   -1.203668   -0.864086   -0.792142   -1.178236   -1.888727   -1.921169   -0.641116   -1.236591    6.494   -4.193  -11.621 S_000006
SCORE:     0.298                  0.298          0          0          0    S_000007
   1 H     0.000  170.252   55.279   73.231 -124.378 -118.805   48.087   39.580  100.902  -24.197    0.303606   -1.439324   -0.369332   -0.770565   -1.692112   -1.418804   -1.808154   -0.751167   -1.204139    3.794    0.984    0.238 S_000007
   2 N   139.193  142.992  174.042  129.639 -160.591  177.693   83.114  -23.461  143.572  -60.403    0.420569   -0.186802   -1.460824   -0.813666   -0.865458   -2.064083   -1.926626   -0.665631   -1.218975    6.223   -1.637   -6.157 S_000007
   3 H   -98.941 -168.170   48.455   79.706    0.000    0.000   76.561   38.886   92.595  174.019    0.313574   -1.392854   -0.523881   -0.770440   -1.558136   -1.594480   -1.853462   -0.714812   -1.221581    3.708   -3.796  -12.204 S_000007
SCORE:     0.299                  0.299          0          0          1    S_000008
   1 H     0.000  170.252   55.279   81.718 -107.783 -116.891   64.724   41.228   86.324  -18.529    0.309593   -1.354784   -0.614895   -0.743138   -1.396415   -1.722816   -1.867441   -0.680285   -1.228829    3.794    0.984    0.238 S_000008
   2 P   178.185 -141.779  162.057   89.493 -175.798 -165.522  102.817   12.026  135.815  -77.674    0.407427   -1.250929   -0.772444   -0.896323   -1.722154   -1.427814   -1.908611   -0.775532   -1.157236    5.504   -2.210   -5.818 S_000008
   3 H   -60.076  175.382   53.337   82.768    0.000    0.000   73.882   35.898   95.607  179.933    0.337702   -1.357305   -0.595364   -0.775994   -1.524941   -1.626872   -1.866496   -0.706507   -1.219435    7.423   -1.671  -11.986 S_000008
SCORE:     0.298                  0.298          0          0          0    S_000009
   1 H     0.000  170.252   55.279   73.231 -124.378 -118.805   48.087   39.580  100.902  -24.197    0.303606   -1.439324   -0.369332   -0.770565   -1.692112   -1.418804   -1.808154   -0.751167   -1.204139    3.794    0.984    0.238 S_000009
   2 N   139.193  142.992  174.042  129.639 -160.591  177.693   83.114  -23.461  143.572  -60.403    0.420569   -0.186802   -1.460824   -0.813666   -0.865458   -2.064083   -1.926626   -0.665631   -1.218975    6.223   -1.637   -6.157 S_000009
   3 H   -37.592  175.907   33.829   94.202    0.000    0.000   70.025   26.184   96.096  179.959    0.370344   -1.227765   -0.837386   -0.818659   -1.429110   -1.760170   -1.905122   -0.714401   -1.207389    4.118   -2.537  -12.010 S_000009
SCORE:     0.298                  0.298          0          0          0    S_000010
   1 H     0.000  170.252   55.279   73.231 -124.378 -118.805   48.087   39.580  100.902  -24.197    0.303606   -1.439324   -0.369332   -0.770565   -1.692112   -1.418804   -1.808154   -0.751167   -1.204139    3.794    0.984    0.238 S_000010
   2 N   139.193  142.992  174.042  129.639 -160.591  177.693   83.114  -23.461  143.572  -60.403    0.420569   -0.186802   -1.460824   -0.813666   -0.865458   -2.064083   -1.926626   -0.665631   -1.218975    6.223   -1.637   -6.157 S_000010
   3 H    76.438 -172.986   53.235   83.769    0.000    0.000   43.492   35.097   94.244 -130.544    0.332691   -1.334939   -0.656172   -0.794781   -1.469596   -1.681908   -1.883148   -0.708091   -1.205873    5.444   -2.845  -12.624 S_000010
