SEQUENCE: gg
SCORE:     score    rna_stub_coord_hack       N_WC      N_NWC       N_BS description
REMARK RNA 
SCORE:     0.320                  0.320          0          0          1    S_000001
   1 H     0.000  170.252   55.279  100.547   41.845  -32.535   90.374    9.692  124.390  179.909    0.456370   -0.991871   -1.067046   -0.836217   -1.335706   -1.804399   -1.897621   -0.605146   -1.248537    3.794    0.984    0.238 S_000001
   2 H   -58.528 -178.681   44.933   85.721    0.000    0.000   85.361   34.061   95.537  -17.249    0.340784   -1.327157   -0.665786   -0.802195   -1.471042   -1.679202   -1.895786   -0.704515   -1.208752    3.431    3.778    0.852 S_000001
SCORE:     0.320                  0.320          0          0          1    S_000002
   1 H     0.000  170.252   55.279  100.547   41.845  -32.535   90.374    9.692  124.390  179.909    0.456370   -0.991871   -1.067046   -0.836217   -1.335706   -1.804399   -1.897621   -0.605146   -1.248537    3.794    0.984    0.238 S_000002
   2 H   -72.736  169.494   62.786   79.442    0.000    0.000   80.798   40.526   95.399  179.903    0.283315   -1.429525   -0.436557   -0.780627   -1.620948   -1.512135   -1.830908   -0.716000   -1.222911    3.393    3.739    0.823 S_000002
SCORE:     0.320                  0.320          0          0          0    S_000003
   1 H     0.000  170.252   55.279  100.547   41.845  -32.535   90.374    9.692  124.390  179.909    0.456370   -0.991871   -1.067046   -0.836217   -1.335706   -1.804399   -1.897621   -0.605146   -1.248537    3.794    0.984    0.238 S_000003
   2 H   -68.370 -179.364   53.084   79.959    0.000    0.000   73.901   36.271   95.024  179.919    0.327880   -1.381777   -0.551198   -0.785653   -1.570167   -1.580034   -1.872744   -0.743034   -1.193719    3.494    3.910    0.815 S_000003
SCORE:     0.320                  0.320          0          0          1    S_000004
   1 H     0.000  170.252   55.279  100.547   41.845  -32.535   90.374    9.692  124.390  179.909    0.456370   -0.991871   -1.067046   -0.836217   -1.335706   -1.804399   -1.897621   -0.605146   -1.248537    3.794    0.984    0.238 S_000004
   2 H   -53.066  173.054   51.669   75.942    0.000    0.000   82.229   40.414   92.895  -72.782    0.296284   -1.431533   -0.451772   -0.765858   -1.618182   -1.527850   -1.834872   -0.746144   -1.207893    3.351    3.511    0.947 S_000004
SCORE:     0.320                  0.320          0          0          0    S_000005
   1 H     0.000  170.252   55.279  100.547   41.845  -32.535   90.374    9.692  124.390  179.909    0.456370   -0.991871   -1.067046   -0.836217   -1.335706   -1.804399   -1.897621   -0.605146   -1.248537    3.794    0.984    0.238 S_000005
   2 H   -94.059  158.228   53.246   83.327    0.000    0.000   61.174   35.529   99.819  -16.224    0.322688   -1.367332   -0.564071   -0.801800   -1.543431   -1.575667   -1.838944   -0.661043   -1.231050    3.390    3.879    0.648 S_000005
SCORE:     0.320                  0.320          0          0          0    S_000006
   1 H     0.000  170.252   55.279  100.547   41.845  -32.535   90.374    9.692  124.390  179.909    0.456370   -0.991871   -1.067046   -0.836217   -1.335706   -1.804399   -1.897621   -0.605146   -1.248537    3.794    0.984    0.238 S_000006
   2 H   -68.492 -172.644   47.912   81.980    0.000    0.000   78.299   36.296   91.543  -69.918    0.321403   -1.372577   -0.576560   -0.795128   -1.543823   -1.611883   -1.893853   -0.756723   -1.180522    3.572    4.050    0.769 S_000006
SCORE:     0.320                  0.320          0          0          0    S_000007
   1 H     0.000  170.252   55.279  100.547   41.845  -32.535   90.374    9.692  124.390  179.909    0.456370   -0.991871   -1.067046   -0.836217   -1.335706   -1.804399   -1.897621   -0.605146   -1.248537    3.794    0.984    0.238 S_000007
   2 H   -40.824 -148.063   47.897   86.807    0.000    0.000  103.941   35.199   95.654  -20.743    0.317404   -1.315526   -0.708302   -0.817785   -1.398336   -1.735692   -1.906988   -0.659955   -1.232777    3.410    4.029    0.440 S_000007
SCORE:     0.320                  0.320          0          0          1    S_000008
   1 H     0.000  170.252   55.279  100.547   41.845  -32.535   90.374    9.692  124.390  179.909    0.456370   -0.991871   -1.067046   -0.836217   -1.335706   -1.804399   -1.897621   -0.605146   -1.248537    3.794    0.984    0.238 S_000008
   2 H   -61.826  169.674   58.599   80.251    0.000    0.000   71.960   40.241   89.350  -21.581    0.297024   -1.387622   -0.536410   -0.768083   -1.508207   -1.620104   -1.863786   -0.721698   -1.207802    3.347    3.570    0.894 S_000008
SCORE:     0.320                  0.320          0          0          0    S_000009
   1 H     0.000  170.252   55.279  100.547   41.845  -32.535   90.374    9.692  124.390  179.909    0.456370   -0.991871   -1.067046   -0.836217   -1.335706   -1.804399   -1.897621   -0.605146   -1.248537    3.794    0.984    0.238 S_000009
   2 H   -92.153  173.746   82.161   67.166    0.000    0.000   74.211   46.050   83.309  179.921    0.153687   -1.507154   -0.168719   -0.826063   -1.827363   -1.268387   -1.833112   -0.817288   -1.184318    3.620    4.109    0.771 S_000009
SCORE:     0.320                  0.320          0          0          0    S_000010
   1 H     0.000  170.252   55.279  100.547   41.845  -32.535   90.374    9.692  124.390  179.909    0.456370   -0.991871   -1.067046   -0.836217   -1.335706   -1.804399   -1.897621   -0.605146   -1.248537    3.794    0.984    0.238 S_000010
   2 H     0.000  172.152   62.162   76.487    0.000    0.000   70.871   46.248   83.976  -29.608    0.217179   -1.451457   -0.391354   -0.766749   -1.575866   -1.543397   -1.849957   -0.706953   -1.224389    3.618    2.858    1.520 S_000010
