SEQUENCE: gug
SCORE:     score    rna_stub_coord_hack       N_WC      N_NWC       N_BS description
REMARK RNA 
SCORE:     0.000                  0.000          0          0          0    S_000001
   1 H     0.000  170.252   55.279   75.872 -169.324  -58.781   75.502   37.795   97.316   89.927    0.292595   -1.425766   -0.446280   -0.810749   -1.657187   -1.481433   -1.863666   -0.763395   -1.186598    3.794    0.984    0.238 S_000001
   2 N    58.277 -151.244  158.979  150.802 -114.127 -148.814   95.409  -39.725  158.341  130.196    0.314937   -0.069719   -1.489981   -0.758045   -1.053502   -1.959519   -1.916471   -0.732321   -1.203787    7.916   -1.729   -0.806 S_000001
   3 H   -68.302 -167.602   38.264   78.548    0.000    0.000   97.690   37.197   95.989 -114.297    0.322241   -1.391310   -0.531165   -0.783209   -1.575439   -1.572586   -1.864382   -0.726504   -1.208400   12.689   -4.296    3.432 S_000001
SCORE:     0.000                  0.000          0          0          0    S_000002
   1 H     0.000  170.252   55.279   75.981  141.629   11.896   56.391   41.836   87.766  179.952    0.288396   -1.410190   -0.490133   -0.759014   -1.533710   -1.593859   -1.857211   -0.730127   -1.209439    3.794    0.984    0.238 S_000002
   2 N   -44.003  163.464   57.030  147.693 -130.184  142.909  126.252  -36.195  155.793   20.532    0.335851   -0.176232   -1.475812   -0.776245   -1.119320   -1.922922   -1.926350   -0.716985   -1.206035    6.981   -2.336    0.041 S_000002
   3 H   -61.851  176.134   62.542   83.915    0.000    0.000   73.626   36.540  105.618  -21.651    0.355910   -1.339504   -0.617623   -0.720772   -1.473719   -1.638756   -1.827270   -0.648230   -1.225599    9.817   -3.587    4.850 S_000002
SCORE:     0.000                  0.000          0          0          0    S_000003
   1 H     0.000  170.252   55.279   80.460 -168.982  -57.597   83.963   38.174   94.001  154.367    0.316693   -1.379783   -0.563948   -0.777812   -1.524896   -1.627267   -1.865318   -0.704343   -1.220997    3.794    0.984    0.238 S_000003
   2 N     0.000 -178.212 -177.636  145.148 -156.870  170.450   72.644  -34.013  157.366  165.584    0.342377   -0.269499   -1.464558   -0.796500   -1.194041   -1.873929   -1.942602   -0.741488   -1.178969    8.251   -1.677   -0.963 S_000003
   3 H   -62.336 -179.662   46.250   83.710    0.000    0.000   73.364   39.340   89.200  -17.994    0.323102   -1.355868   -0.604191   -0.751209   -1.449487   -1.688445   -1.870051   -0.700720   -1.225366    9.644   -6.986    2.303 S_000003
SCORE:     0.000                  0.000          0          0          0    S_000004
   1 H     0.000  170.252   55.279   78.652  173.460  -12.601   88.789   42.718   82.085  -21.044    0.283592   -1.395414   -0.537378   -0.750778   -1.463348   -1.654805   -1.870478   -0.734468   -1.203895    3.794    0.984    0.238 S_000004
   2 N   -76.475 -149.939  177.651  143.111 -169.609  139.021   91.581  -26.147  136.005  -94.168    0.355979   -0.154503   -1.479753   -0.855027   -0.874350   -2.073998   -1.952565   -0.710129   -1.198128    8.159   -2.531   -1.232 S_000004
   3 H   153.431 -136.641  173.102   84.402    0.000    0.000   58.317   36.415   93.757  -26.901    0.318467   -1.340612   -0.643889   -0.796026   -1.450730   -1.682656   -1.882784   -0.683035   -1.220440   10.324   -6.657    3.848 S_000004
SCORE:     0.000                  0.000          0          0          0    S_000005
   1 H     0.000  170.252   55.279   75.872 -169.324  -58.781   75.502   37.795   97.316   89.927    0.292595   -1.425766   -0.446280   -0.810749   -1.657187   -1.481433   -1.863666   -0.763395   -1.186598    3.794    0.984    0.238 S_000005
   2 N    58.277 -151.244  158.979  150.802 -114.127 -148.814   95.409  -39.725  158.341  130.196    0.314937   -0.069719   -1.489981   -0.758045   -1.053502   -1.959519   -1.916471   -0.732321   -1.203787    7.916   -1.729   -0.806 S_000005
   3 H   -68.244  158.205   65.057   86.451    0.000    0.000   67.088   36.827   94.965  179.912    0.306394   -1.361306   -0.617183   -0.809291   -1.491809   -1.666110   -1.890910   -0.679437   -1.240249   12.574   -3.479    3.471 S_000005
SCORE:     0.001                  0.001          0          0          0    S_000006
   1 H     0.000  170.252   55.279   87.471 -168.797  -60.206   77.858   39.127   88.888  179.939    0.307595   -1.338485   -0.638738   -0.772425   -1.400676   -1.716864   -1.872888   -0.643780   -1.254950    3.794    0.984    0.238 S_000006
   2 N     0.000 -178.212 -177.636  145.148 -156.870  170.450   72.644  -34.013  157.366  165.584    0.342377   -0.269499   -1.464558   -0.796500   -1.194041   -1.873929   -1.942602   -0.741488   -1.178969    8.233   -1.835   -0.827 S_000006
   3 H   -91.231 -160.428   68.572   98.011    0.000    0.000   94.376   17.065  131.391   57.664    0.368108   -1.252861   -0.798439   -0.926562   -1.580163   -1.522695   -1.841251   -0.598978   -1.233041    9.023   -7.276    3.200 S_000006
SCORE:     0.000                  0.000          0          0          0    S_000007
   1 H     0.000  170.252   55.279   82.709  115.592   42.878   77.083   40.643   75.212  172.936    0.312475   -1.278399   -0.769692   -0.749900   -1.194079   -1.861632   -1.912582   -0.745055   -1.193715    3.794    0.984    0.238 S_000007
   2 N     0.000 -178.239   60.755  145.106 -135.567 -130.220   51.601  -33.761  154.039  149.524    0.340769   -0.196066   -1.479674   -0.804327   -1.098287   -1.947745   -1.938051   -0.724470   -1.189913    6.986   -2.935   -1.031 S_000007
   3 H   -65.036  179.973   55.069   78.845    0.000    0.000   85.290   41.875   91.644  -17.012    0.277264   -1.409095   -0.512091   -0.761807   -1.539879   -1.621198   -1.864965   -0.727228   -1.216937   11.036   -6.645    2.952 S_000007
SCORE:     0.000                  0.000          0          0          0    S_000008
   1 H     0.000  170.252   55.279   82.709  115.592   42.878   77.083   40.643   75.212  172.936    0.312475   -1.278399   -0.769692   -0.749900   -1.194079   -1.861632   -1.912582   -0.745055   -1.193715    3.794    0.984    0.238 S_000008
   2 N     0.000 -178.239   60.755  145.106 -135.567 -130.220   51.601  -33.761  154.039  149.524    0.340769   -0.196066   -1.479674   -0.804327   -1.098287   -1.947745   -1.938051   -0.724470   -1.189913    6.986   -2.935   -1.031 S_000008
   3 H  -112.007  166.035  106.303   77.068    0.000    0.000   64.532   44.078   92.491  -13.706    0.260005   -1.467956   -0.314095   -0.758860   -1.688326   -1.431274   -1.807053   -0.759418   -1.202877   10.875   -6.635    3.426 S_000008
SCORE:     0.000                  0.000          0          0          0    S_000009
   1 H     0.000  170.252   55.279   86.358 -170.504  -57.009   88.729   37.393   93.890   -7.155    0.316413   -1.360370   -0.590318   -0.785049   -1.499527   -1.643335   -1.866758   -0.693190   -1.220947    3.794    0.984    0.238 S_000009
   2 N     0.000 -178.212 -177.636  145.148 -156.870  170.450   72.644  -34.013  157.366  165.584    0.342377   -0.269499   -1.464558   -0.796500   -1.194041   -1.873929   -1.942602   -0.741488   -1.178969    8.161   -1.858   -0.734 S_000009
   3 H   -70.396 -177.778   56.787   82.559    0.000    0.000   70.399   36.931   90.837  100.743    0.327457   -1.351386   -0.630866   -0.775306   -1.471838   -1.678898   -1.877927   -0.705758   -1.219739    8.939   -7.368    2.561 S_000009
SCORE:     0.000                  0.000          0          0          0    S_000010
   1 H     0.000  170.252   55.279   86.447 -169.312  -58.892   78.782   33.452   96.158  -74.340    0.350159   -1.323615   -0.666857   -0.791690   -1.479895   -1.668067   -1.887386   -0.706132   -1.210107    3.794    0.984    0.238 S_000010
   2 N     0.000 -178.212 -177.636  145.148 -156.870  170.450   72.644  -34.013  157.366  165.584    0.342377   -0.269499   -1.464558   -0.796500   -1.194041   -1.873929   -1.942602   -0.741488   -1.178969    8.210   -1.832   -0.810 S_000010
   3 H   158.731 -175.495 -178.680   87.005    0.000    0.000   55.760   33.747   99.080  -48.627    0.326486   -1.352318   -0.625592   -0.817834   -1.530331   -1.622185   -1.888038   -0.709290   -1.204933   10.398   -6.977    3.695 S_000010
