SEQUENCE: gag
SCORE:     score    rna_stub_coord_hack       N_WC      N_NWC       N_BS description
REMARK RNA 
SCORE:     0.059                  0.059          0          0          0    S_000001
   1 H     0.000  170.252   55.279   78.593 -155.545  -85.928   80.689   40.757   92.908  -19.801    0.261076   -1.433421   -0.436576   -0.798328   -1.616612   -1.508076   -1.835328   -0.697644   -1.228225    3.794    0.984    0.238 S_000001
   2 P   171.747  153.395  159.041  148.712 -150.900 -143.856  163.298  -31.676  141.216  -34.261    0.335662   -0.099384   -1.482186   -0.823846   -0.920479   -2.044532   -1.934389   -0.708140   -1.198506    8.443   -1.608   -4.374 S_000001
   3 H   -46.853  167.642   51.109   81.142    0.000    0.000   86.513   37.057  102.781  -24.486    0.310797   -1.405311   -0.498327   -0.787256   -1.624314   -1.527163   -1.837749   -0.723403   -1.220012   14.416   -2.251   -6.651 S_000001
SCORE:     0.057                  0.057          0          0          0    S_000002
   1 H     0.000  170.252   55.279   80.492 -157.270  -81.535   77.757   36.232   95.507  -17.879    0.329969   -1.386298   -0.554815   -0.787205   -1.579312   -1.588986   -1.874543   -0.741671   -1.195951    3.794    0.984    0.238 S_000002
   2 P   171.747  153.395  159.041  148.712 -150.900 -143.856  163.298  -31.676  141.216  -34.261    0.335662   -0.099384   -1.482186   -0.823846   -0.920479   -2.044532   -1.934389   -0.708140   -1.198506    8.528   -1.765   -4.111 S_000002
   3 H   -69.389 -179.717   56.399   85.258    0.000    0.000   76.885   39.384   90.507 -148.395    0.294184   -1.347276   -0.619181   -0.777439   -1.426202   -1.696871   -1.877532   -0.690024   -1.220821   14.686   -2.787   -6.613 S_000002
SCORE:     0.062                  0.062          0          0          1    S_000003
   1 H     0.000  170.252   55.279   83.087 -162.638  -93.893   86.442   37.789   93.086  -17.041    0.313278   -1.376366   -0.574355   -0.786261   -1.519786   -1.631468   -1.876294   -0.712086   -1.214393    3.794    0.984    0.238 S_000003
   2 P  -173.910 -150.992  149.500  127.998 -128.911 -142.558   91.482   -6.193  136.127   15.787    0.408280   -0.788743   -1.262842   -0.923571   -1.317920   -1.806812   -1.984235   -0.740556   -1.116661    8.751   -1.817   -3.650 S_000003
   3 H   -57.378  173.670   52.001   84.017    0.000    0.000   80.917   37.246   94.239  179.887    0.319451   -1.364616   -0.597172   -0.784744   -1.500511   -1.647623   -1.874208   -0.697499   -1.222837   14.551   -4.622   -5.401 S_000003
SCORE:     0.057                  0.057          0          0          0    S_000004
   1 H     0.000  170.252   55.279   80.012 -157.684  -81.258   73.178   42.121   91.344  170.793    0.273157   -1.409223   -0.484849   -0.771688   -1.514609   -1.582628   -1.860073   -0.689995   -1.211155    3.794    0.984    0.238 S_000004
   2 P   171.747  153.395  159.041  148.712 -150.900 -143.856  163.298  -31.676  141.216  -34.261    0.335662   -0.099384   -1.482186   -0.823846   -0.920479   -2.044532   -1.934389   -0.708140   -1.198506    8.538   -1.750   -4.102 S_000004
   3 H   -61.695  177.076   48.364   83.596    0.000    0.000   79.396   39.639   90.719  179.903    0.305697   -1.379065   -0.557357   -0.766119   -1.498923   -1.636611   -1.863610   -0.699429   -1.222482   14.688   -2.678   -6.396 S_000004
SCORE:     0.059                  0.059          0          0          0    S_000005
   1 H     0.000  170.252   55.279   76.273 -155.203  -85.765   80.377   40.528   94.910  -23.045    0.293130   -1.427700   -0.451118   -0.774698   -1.602943   -1.530880   -1.841570   -0.722599   -1.213650    3.794    0.984    0.238 S_000005
   2 P   171.747  153.395  159.041  148.712 -150.900 -143.856  163.298  -31.676  141.216  -34.261    0.335662   -0.099384   -1.482186   -0.823846   -0.920479   -2.044532   -1.934389   -0.708140   -1.198506    8.370   -1.600   -4.451 S_000005
   3 H   -82.410 -162.781   53.614   86.163    0.000    0.000   72.599   38.835   90.070  -10.047    0.322413   -1.342642   -0.604652   -0.759792   -1.439465   -1.681822   -1.869507   -0.668222   -1.245001   14.248   -2.592   -8.098 S_000005
SCORE:     0.061                  0.061          0          0          0    S_000006
   1 H     0.000  170.252   55.279   80.500 -153.815  -82.389   82.629   37.831   92.532 -139.079    0.319992   -1.390574   -0.532412   -0.772205   -1.573098   -1.585791   -1.859118   -0.744674   -1.200592    3.794    0.984    0.238 S_000006
   2 P   171.747  153.395  159.041  148.712 -150.900 -143.856  163.298  -31.676  141.216  -34.261    0.335662   -0.099384   -1.482186   -0.823846   -0.920479   -2.044532   -1.934389   -0.708140   -1.198506    8.354   -1.883   -4.265 S_000006
   3 H   -63.846  172.550   55.999   84.518    0.000    0.000   79.531   38.001   92.983   99.975    0.302279   -1.369990   -0.596314   -0.798979   -1.489115   -1.657991   -1.881125   -0.674376   -1.232801   14.362   -3.035   -6.717 S_000006
SCORE:     0.059                  0.059          0          0          0    S_000007
   1 H     0.000  170.252   55.279   81.605 -157.344  -79.163   73.129   34.921   97.577 -128.621    0.332709   -1.375424   -0.570407   -0.798621   -1.579015   -1.584336   -1.882368   -0.746376   -1.192711    3.794    0.984    0.238 S_000007
   2 P   171.747  153.395  159.041  148.712 -150.900 -143.856  163.298  -31.676  141.216  -34.261    0.335662   -0.099384   -1.482186   -0.823846   -0.920479   -2.044532   -1.934389   -0.708140   -1.198506    8.518   -1.895   -4.002 S_000007
   3 H   -76.420  162.937   62.650   82.767    0.000    0.000   82.024   40.504   90.573   69.022    0.299039   -1.394252   -0.512063   -0.759881   -1.529522   -1.596331   -1.829315   -0.680511   -1.240029   14.639   -2.987   -6.052 S_000007
SCORE:     0.061                  0.061          0          0          0    S_000008
   1 H     0.000  170.252   55.279   79.093 -153.924  -81.667   71.105   40.491   96.299  -20.307    0.288880   -1.430811   -0.426317   -0.774891   -1.624428   -1.497640   -1.801228   -0.685281   -1.237980    3.794    0.984    0.238 S_000008
   2 P   171.747  153.395  159.041  148.712 -150.900 -143.856  163.298  -31.676  141.216  -34.261    0.335662   -0.099384   -1.482186   -0.823846   -0.920479   -2.044532   -1.934389   -0.708140   -1.198506    8.325   -1.892   -4.278 S_000008
   3 H   -97.085 -175.017   74.854   77.107    0.000    0.000   65.816   39.412   90.924  -30.730    0.319622   -1.387312   -0.541654   -0.755751   -1.512737   -1.611850   -1.840656   -0.705848   -1.221806   14.335   -3.465   -7.494 S_000008
SCORE:     0.058                  0.058          0          0          0    S_000009
   1 H     0.000  170.252   55.279   85.693 -155.446  -82.660   78.433   36.692   96.026  -41.938    0.338807   -1.274434   -0.720393   -0.772404   -1.352076   -1.807203   -1.875002   -0.555791   -1.293234    3.794    0.984    0.238 S_000009
   2 P   171.747  153.395  159.041  148.712 -150.900 -143.856  163.298  -31.676  141.216  -34.261    0.335662   -0.099384   -1.482186   -0.823846   -0.920479   -2.044532   -1.934389   -0.708140   -1.198506    8.538   -1.886   -4.058 S_000009
   3 H   -62.191 -175.076   53.255   87.309    0.000    0.000   77.507   38.263   86.387 -126.595    0.323314   -1.344745   -0.614288   -0.757914   -1.448901   -1.677121   -1.877835   -0.752924   -1.179707   14.691   -3.199   -6.406 S_000009
SCORE:     0.061                  0.061          0          0          0    S_000010
   1 H     0.000  170.252   55.279   83.110 -154.129  -86.420   91.123   33.156   99.322  -23.414    0.331298   -1.354904   -0.632520   -0.824408   -1.536001   -1.621374   -1.892869   -0.718331   -1.189642    3.794    0.984    0.238 S_000010
   2 P   171.747  153.395  159.041  148.712 -150.900 -143.856  163.298  -31.676  141.216  -34.261    0.335662   -0.099384   -1.482186   -0.823846   -0.920479   -2.044532   -1.934389   -0.708140   -1.198506    8.472   -1.716   -4.301 S_000010
   3 H   -38.286  -98.043  -64.018   84.901    0.000    0.000   65.057   32.260  105.021  -14.928    0.340085   -1.373252   -0.576865   -0.822012   -1.617768   -1.546833   -1.876673   -0.735115   -1.204745   13.476   -1.796   -7.809 S_000010
