SEQUENCE: gag
SCORE:     score    rna_stub_coord_hack       N_WC      N_NWC       N_BS description
REMARK RNA 
SCORE:     0.001                  0.001          0          0          0    S_000001
   1 H     0.000  170.252   55.279  129.833 -129.054 -167.740  155.472  -25.810  165.533  124.372    0.376128   -0.713675   -1.305749   -0.860454   -1.569429   -1.515591   -1.950702   -0.764500   -1.167224    3.794    0.984    0.238 S_000001
   2 N   -96.026  100.311  146.967   85.887  151.379  -87.570 -160.523   19.979  119.021 -169.492    0.384024   -1.269299   -0.764434   -0.878118   -1.607728   -1.561406   -1.915203   -0.728310   -1.189149    8.347    2.893   -2.065 S_000001
   3 H   -60.305  162.215   61.700   81.557    0.000    0.000   64.887   36.426   94.542 -152.063    0.320653   -1.388247   -0.537296   -0.790321   -1.585742   -1.565677   -1.871075   -0.744165   -1.197411    7.633    7.028    0.990 S_000001
SCORE:     0.000                  0.000          0          0          0    S_000002
   1 H     0.000  170.252   55.279   80.824 -145.778 -178.690   83.918   38.886   93.593 -107.402    0.311016   -1.398113   -0.515074   -0.770456   -1.566929   -1.579632   -1.847968   -0.718943   -1.218390    3.794    0.984    0.238 S_000002
   2 N     0.000 -178.243  110.935 -234.044  266.782  -81.749  153.422  -23.752  155.742  251.248    0.375720   -0.871151   -1.198163   -0.886923   -1.726390   -1.344335   -1.950764   -0.876132   -1.031617    6.027    2.895   -5.319 S_000002
   3 H   -72.000  171.841   67.773   78.982    0.000    0.000   72.295   39.703   95.364  179.940    0.287221   -1.417806   -0.487252   -0.788646   -1.587907   -1.557458   -1.860936   -0.727459   -1.206767    2.560    8.344   -5.661 S_000002
SCORE:     0.000                  0.000          0          0          1    S_000003
   1 H     0.000  170.252   55.279  151.173  -99.104   77.868  116.264  -39.476  158.206   75.989    0.355362   -0.072085   -1.463109   -0.717364   -1.057753   -1.941874   -1.867861   -0.699848   -1.221818    3.794    0.984    0.238 S_000003
   2 P   158.352 -143.547   66.598   84.858 -165.717  -66.838   77.328   36.489   94.978  179.961    0.326840   -1.356864   -0.594604   -0.778938   -1.514515   -1.633375   -1.869972   -0.700487   -1.223247    6.884    4.862   -1.587 S_000003
   3 H   -58.311  161.526   63.911   79.712    0.000    0.000   73.784   38.275   97.421  162.596    0.293288   -1.425133   -0.458222   -0.803211   -1.643988   -1.504690   -1.859729   -0.747847   -1.204870    9.782    7.264    2.602 S_000003
SCORE:     0.000                  0.000          0          0          0    S_000004
   1 H     0.000  170.252   55.279   86.451 -113.942   96.973   67.088   36.827   94.965  179.912    0.306394   -1.361306   -0.617183   -0.809291   -1.491809   -1.666110   -1.890910   -0.679437   -1.240249    3.794    0.984    0.238 S_000004
   2 P    70.582 -158.772  171.835   84.477 -127.615  -33.487  151.917   39.728   80.328  156.724    0.317452   -1.300492   -0.716450   -0.754336   -1.286864   -1.805241   -1.895105   -0.693262   -1.220795    2.525    3.740   -3.540 S_000004
   3 H   -70.794  171.153   64.744   78.320    0.000    0.000   64.880   39.422   92.606    2.558    0.321484   -1.390604   -0.528614   -0.751081   -1.536859   -1.602478   -1.834175   -0.710414   -1.224234    4.856    8.736   -2.465 S_000004
SCORE:     0.000                  0.000          0          0          0    S_000005
   1 H     0.000  170.252   55.279  125.364  -68.361  102.839  121.622  -11.330  157.561   18.152    0.409062   -0.835566   -1.214715   -0.914311   -1.467259   -1.617021   -1.946189   -0.649225   -1.200841    3.794    0.984    0.238 S_000005
   2 P   -81.116  145.165   42.050   90.106 -125.749  -67.407   68.259   17.770  123.105   71.131    0.375894   -1.294279   -0.698874   -0.897157   -1.692372   -1.425811   -1.865978   -0.687513   -1.216193    5.620    4.309    0.444 S_000005
   3 H    93.503 -104.672 -166.069   87.461    0.000    0.000   74.230   38.352   89.720  179.914    0.320997   -1.325335   -0.655697   -0.773642   -1.379653   -1.724767   -1.886420   -0.665844   -1.222407   10.081    4.873   -0.618 S_000005
SCORE:     0.000                  0.000          0          0          0    S_000006
   1 H     0.000  170.252   55.279  149.380 -108.303   92.614  175.930  -36.454  154.251   25.197    0.331118   -0.144209   -1.487061   -0.787269   -1.088343   -1.950830   -1.929779   -0.735438   -1.179621    3.794    0.984    0.238 S_000006
   2 P    65.931  142.754  176.619   86.578 -113.655  -57.864   61.127   37.207   94.009   67.901    0.293683   -1.359604   -0.622492   -0.810334   -1.478186   -1.668837   -1.899704   -0.698162   -1.212358    7.597    4.488   -1.716 S_000006
   3 H  -105.796   78.198  176.787   80.652    0.000    0.000   59.114   36.685   99.243  -25.171    0.312110   -1.399234   -0.513289   -0.806264   -1.610933   -1.549940   -1.868394   -0.726432   -1.213326   11.694    7.306    1.097 S_000006
SCORE:     0.001                  0.001          0          0          0    S_000007
   1 H     0.000  170.252   55.279  129.833 -129.054 -167.740  155.472  -25.810  165.533  124.372    0.376128   -0.713675   -1.305749   -0.860454   -1.569429   -1.515591   -1.950702   -0.764500   -1.167224    3.794    0.984    0.238 S_000007
   2 N   -96.026  100.311  146.967   85.887  151.379  -87.570 -160.523   19.979  119.021 -169.492    0.384024   -1.269299   -0.764434   -0.878118   -1.607728   -1.561406   -1.915203   -0.728310   -1.189149    8.347    2.893   -2.065 S_000007
   3 H   -64.611  170.669   68.385   87.577    0.000    0.000   65.735   34.645   99.128  -14.170    0.331095   -1.345231   -0.636066   -0.804089   -1.496240   -1.648992   -1.876321   -0.674379   -1.231064    7.681    7.303    0.986 S_000007
SCORE:     0.000                  0.000          0          1          0    S_000008
   1 H     0.000  170.252   55.279  151.173  -99.104   77.868  116.264  -39.476  158.206   75.989    0.355362   -0.072085   -1.463109   -0.717364   -1.057753   -1.941874   -1.867861   -0.699848   -1.221818    3.794    0.984    0.238 S_000008
   2 P   158.352 -143.547   66.598   84.858 -165.717  -66.838   77.328   36.489   94.978  179.961    0.326840   -1.356864   -0.594604   -0.778938   -1.514515   -1.633375   -1.869972   -0.700487   -1.223247    6.884    4.862   -1.587 S_000008
   3 H   -49.198  171.628   39.662   76.729    0.000    0.000   87.692   37.232   90.035  -20.466    0.283681   -1.457642   -0.400689   -0.823264   -1.716216   -1.404086   -1.892281   -0.846417   -1.031324    9.856    7.226    2.695 S_000008
SCORE:     0.000                  0.000          0          0          1    S_000009
   1 H     0.000  170.252   55.279   83.877 -158.036  143.443   91.785   25.997  122.593  -15.635    0.336079   -1.409402   -0.493851   -0.900142   -1.766647   -1.311168   -1.815981   -0.711470   -1.214154    3.794    0.984    0.238 S_000009
   2 P     0.000  170.458 -157.632 -273.044  226.152  -58.477   64.284   39.360   87.689  -17.617    0.312724   -1.334714   -0.672475   -0.761586   -1.372229   -1.755110   -1.885529   -0.698014   -1.218003    3.894    2.735   -5.454 S_000009
   3 H   -61.064  165.315   61.228   80.931    0.000    0.000   57.649   37.639   94.189  -21.460    0.321969   -1.359548   -0.598654   -0.775582   -1.478852   -1.650149   -1.851130   -0.670952   -1.232026    3.012    8.550   -5.787 S_000009
SCORE:     0.001                  0.001          0          0          0    S_000010
   1 H     0.000  170.252   55.279  114.844 -127.645  142.681  157.865   -8.623  142.086    4.988    0.429522   -0.873960   -1.170300   -0.878817   -1.507883   -1.646647   -1.956431   -0.762273   -1.144670    3.794    0.984    0.238 S_000010
   2 N    88.813  172.982   62.027  155.905 -105.563  -70.304  107.430  -38.819  155.402 -135.417    0.303869   -0.027920   -1.488280   -0.783151   -0.977474   -1.987112   -1.924402   -0.694622   -1.212655    7.430    3.513   -4.577 S_000010
   3 H   -42.264  179.973   36.763   85.560    0.000    0.000   77.764   37.072   94.902 -129.510    0.310184   -1.344556   -0.634999   -0.809385   -1.432442   -1.682107   -1.911354   -0.672244   -1.228143    5.949    8.233   -0.902 S_000010
