SEQUENCE: gug
SCORE:     score    rna_stub_coord_hack       N_WC      N_NWC       N_BS description
REMARK RNA 
SCORE:     0.091                  0.091          0          0          0    S_000001
   1 H     0.000  170.252   55.279   75.833    0.000    0.000   82.954   36.787  100.214  -24.819    0.265227   -1.451015   -0.412173   -0.839362   -1.705460   -1.399367   -1.845330   -0.722398   -1.154595    3.794    0.984    0.238 S_000001
   2 N   -21.826  126.906  170.525   90.349 -159.602 -128.812   82.726   26.869  109.411  -12.944    0.340732   -1.344455   -0.648350   -0.883082   -1.631359   -1.538588   -1.915048   -0.742549   -1.176569    3.701    1.900    1.379 S_000001
   3 H   -76.550 -176.854   52.352   86.310    0.000    0.000   79.629   36.550   91.680  -11.992    0.332485   -1.327136   -0.662473   -0.775361   -1.426540   -1.708534   -1.903678   -0.723924   -1.205667    5.814   -2.943    5.593 S_000001
SCORE:     0.091                  0.091          0          0          0    S_000002
   1 H     0.000  170.252   55.279   81.704    0.000    0.000   85.175   36.710   98.943  -31.203    0.323615   -1.390014   -0.527622   -0.789577   -1.576967   -1.557779   -1.833826   -0.679508   -1.247326    3.794    0.984    0.238 S_000002
   2 N   -21.826  126.906  170.525   90.349 -159.602 -128.812   82.726   26.869  109.411  -12.944    0.340732   -1.344455   -0.648350   -0.883082   -1.631359   -1.538588   -1.915048   -0.742549   -1.176569    3.683    1.853    1.414 S_000002
   3 H   -77.579  177.437   64.430   79.767    0.000    0.000   65.349   39.052   91.443  179.923    0.305642   -1.383583   -0.553848   -0.775598   -1.514824   -1.623138   -1.850506   -0.702060   -1.221532    5.279   -3.203    5.504 S_000002
SCORE:     0.087                  0.087          0          0          0    S_000003
   1 H     0.000  170.252   55.279   80.052 -158.798   -8.000  115.291   36.864   90.502  -17.360    0.303499   -1.386315   -0.565596   -0.811273   -1.550619   -1.605078   -1.903119   -0.764514   -1.177851    3.794    0.984    0.238 S_000003
   2 N   -21.826  126.906  170.525   90.349 -159.602 -128.812   82.726   26.869  109.411  -12.944    0.340732   -1.344455   -0.648350   -0.883082   -1.631359   -1.538588   -1.915048   -0.742549   -1.176569    4.209   -2.875   -0.674 S_000003
   3 H  -123.143 -131.808   74.688   78.384    0.000    0.000   77.393   42.054   85.105  179.885    0.288665   -1.373276   -0.617332   -0.762748   -1.388360   -1.733218   -1.900585   -0.727315   -1.209307    2.831   -2.384    6.510 S_000003
SCORE:     0.091                  0.091          0          0          0    S_000004
   1 H     0.000  170.252   55.279   77.973    0.000    0.000   77.528   45.159   85.853  179.907    0.234361   -1.467723   -0.417633   -0.776854   -1.581452   -1.562001   -1.867379   -0.746384   -1.197280    3.794    0.984    0.238 S_000004
   2 N   -21.826  126.906  170.525   90.349 -159.602 -128.812   82.726   26.869  109.411  -12.944    0.340732   -1.344455   -0.648350   -0.883082   -1.631359   -1.538588   -1.915048   -0.742549   -1.176569    3.695    1.883    1.392 S_000004
   3 H   -41.022  167.115   39.386   79.845    0.000    0.000   78.242   35.914   96.556 -150.132    0.329169   -1.368880   -0.587913   -0.788353   -1.538984   -1.616701   -1.868977   -0.718331   -1.214788    5.911   -2.162    5.657 S_000004
SCORE:     0.091                  0.091          0          0          0    S_000005
   1 H     0.000  170.252   55.279   79.103    0.000    0.000   86.003   37.390   94.229  -17.397    0.324052   -1.360864   -0.602013   -0.777686   -1.491521   -1.656600   -1.869808   -0.692361   -1.228264    3.794    0.984    0.238 S_000005
   2 N   -21.826  126.906  170.525   90.349 -159.602 -128.812   82.726   26.869  109.411  -12.944    0.340732   -1.344455   -0.648350   -0.883082   -1.631359   -1.538588   -1.915048   -0.742549   -1.176569    3.691    1.874    1.399 S_000005
   3 H   -62.009  174.671   46.130   79.903    0.000    0.000   79.193   34.667   98.192  179.946    0.336124   -1.381903   -0.553702   -0.796217   -1.597384   -1.556996   -1.872949   -0.747923   -1.191414    5.704   -2.756    5.538 S_000005
SCORE:     0.091                  0.091          0          0          0    S_000006
   1 H     0.000  170.252   55.279   84.617    0.000    0.000   88.934   37.441   86.382  -25.184    0.336366   -1.309686   -0.697725   -0.765066   -1.356066   -1.757815   -1.887399   -0.689915   -1.222691    3.794    0.984    0.238 S_000006
   2 N   -21.826  126.906  170.525   90.349 -159.602 -128.812   82.726   26.869  109.411  -12.944    0.340732   -1.344455   -0.648350   -0.883082   -1.631359   -1.538588   -1.915048   -0.742549   -1.176569    3.672    1.830    1.430 S_000006
   3 H   -60.285 -179.662   65.625  145.291    0.000    0.000  108.246  -33.606  154.868  -76.391    0.334586   -0.268619   -1.462760   -0.814799   -1.187152   -1.876304   -1.947118   -0.747870   -1.168518    5.094   -3.179    5.463 S_000006
SCORE:     0.091                  0.091          0          0          0    S_000007
   1 H     0.000  170.252   55.279   77.973    0.000    0.000   77.528   45.159   85.853  179.907    0.234361   -1.467723   -0.417633   -0.776854   -1.581452   -1.562001   -1.867379   -0.746384   -1.197280    3.794    0.984    0.238 S_000007
   2 N   -21.826  126.906  170.525   90.349 -159.602 -128.812   82.726   26.869  109.411  -12.944    0.340732   -1.344455   -0.648350   -0.883082   -1.631359   -1.538588   -1.915048   -0.742549   -1.176569    3.695    1.883    1.392 S_000007
   3 H   -73.937 -175.873   54.041   80.271    0.000    0.000   79.671   40.654   85.392   82.768    0.277921   -1.413132   -0.493763   -0.791984   -1.548194   -1.578413   -1.862837   -0.729522   -1.181755    5.607   -3.063    5.564 S_000007
SCORE:     0.087                  0.087          0          0          0    S_000008
   1 H     0.000  170.252   55.279   81.565 -154.342   -3.457   76.805   35.866   91.322 -140.087    0.328289   -1.364001   -0.590277   -0.789567   -1.528784   -1.616422   -1.884401   -0.755820   -1.183021    3.794    0.984    0.238 S_000008
   2 N   -21.826  126.906  170.525   90.349 -159.602 -128.812   82.726   26.869  109.411  -12.944    0.340732   -1.344455   -0.648350   -0.883082   -1.631359   -1.538588   -1.915048   -0.742549   -1.176569    3.691   -2.784   -0.828 S_000008
   3 H    88.916 -142.741   90.714   88.098    0.000    0.000   62.497   38.297   88.897  -16.599    0.315123   -1.350734   -0.623982   -0.773489   -1.445319   -1.690134   -1.877786   -0.691318   -1.224559    0.481   -3.454    4.284 S_000008
SCORE:     0.087                  0.087          0          0          0    S_000009
   1 H     0.000  170.252   55.279   80.052 -158.798   -8.000  115.291   36.864   90.502  -17.360    0.303499   -1.386315   -0.565596   -0.811273   -1.550619   -1.605078   -1.903119   -0.764514   -1.177851    3.794    0.984    0.238 S_000009
   2 N   -21.826  126.906  170.525   90.349 -159.602 -128.812   82.726   26.869  109.411  -12.944    0.340732   -1.344455   -0.648350   -0.883082   -1.631359   -1.538588   -1.915048   -0.742549   -1.176569    4.209   -2.875   -0.674 S_000009
   3 H   -65.716  170.913   50.503   82.269    0.000    0.000   72.623   40.758   90.939 -151.005    0.295060   -1.389124   -0.536401   -0.765107   -1.513174   -1.637117   -1.855534   -0.697961   -1.237735    1.250   -1.912    5.040 S_000009
SCORE:     0.089                  0.089          0          1          0    S_000010
   1 H     0.000  170.252   55.279  106.170   75.955   -1.312  164.441   -3.140  135.043 -170.108    0.445626   -0.858437   -1.186027   -0.869478   -1.382080   -1.770539   -1.947288   -0.687305   -1.199117    3.794    0.984    0.238 S_000010
   2 N   -21.826  126.906  170.525   90.349 -159.602 -128.812   82.726   26.869  109.411  -12.944    0.340732   -1.344455   -0.648350   -0.883082   -1.631359   -1.538588   -1.915048   -0.742549   -1.176569    5.698   -0.645    1.851 S_000010
   3 H   -56.393  169.035   56.231   80.497    0.000    0.000   70.810   40.660   88.696   87.535    0.292289   -1.404469   -0.506275   -0.770773   -1.549390   -1.600000   -1.866045   -0.730558   -1.210053    1.252   -5.232    2.347 S_000010
