SEQUENCE: gaaaaag
SCORE:     score    rna_stub_coord_hack       N_WC      N_NWC       N_BS description
REMARK RNA 
SCORE:    11.199                 11.199          0          0          0    S_000001
   1 H     0.000  170.252   55.279   90.661   85.965  -73.522  109.923  -28.204  148.584   24.958    0.433092   -0.285940   -1.435368   -0.751057   -1.107586   -1.935733   -1.890806   -0.673526   -1.221993    3.794    0.984    0.238 S_000001
   2 N   110.156 -126.462  169.527   82.352 -106.437  -93.620   41.726   33.012   99.776  -22.121    0.350217   -1.336391   -0.649061   -0.802589   -1.515498   -1.645310   -1.888690   -0.707400   -1.211162    5.827    3.065    1.415 S_000001
   3 N   -98.041 -137.837  155.725  158.717  -99.849  162.372  109.093  -41.754  160.788   52.267    0.289315   -0.001541   -1.489878   -0.763911   -1.005286   -1.960819   -1.921518   -0.690989   -1.218223    9.944    4.074    7.134 S_000001
   4 P   153.178 -153.207 -178.631   82.668 -139.550  -73.249   64.126   35.520   95.260  -16.961    0.322942   -1.357707   -0.586556   -0.789863   -1.548629   -1.610887   -1.878842   -0.729786   -1.203609   12.349    3.662   13.588 S_000001
   5 P  -163.415 -164.775  171.520   87.292 -173.272  -90.210   95.538   33.873  101.998   69.427    0.333059   -1.348368   -0.630589   -0.813263   -1.521104   -1.634527   -1.885456   -0.693273   -1.220867   12.933    4.544   20.380 S_000001
   6 N   -84.698  177.546   65.525   77.374 -140.536  -89.044   99.698   36.632  105.158  -95.042    0.266747   -1.420851   -0.454751   -0.858307   -1.653777   -1.466762   -1.821859   -0.644336   -1.254158   15.862    4.175   26.005 S_000001
   7 H   171.717  170.169  167.860   83.037    0.000    0.000   60.931   35.839   94.097  179.881    0.345691   -1.341690   -0.630894   -0.768803   -1.480800   -1.665155   -1.867503   -0.690588   -1.222545   15.673    6.912   32.518 S_000001
SCORE:    11.173                 11.173          0          0          3    S_000002
   1 H     0.000  170.252   55.279  113.581   92.249  -54.576  141.974  -25.861  140.708   51.693    0.382093   -0.375366   -1.438906   -0.832179   -1.172444   -1.918177   -1.927813   -0.756018   -1.137279    3.794    0.984    0.238 S_000002
   2 P    81.818  150.557 -178.642   84.467 -143.499  -62.198   74.953   35.144   94.284  -17.384    0.339822   -1.328184   -0.666139   -0.786283   -1.451700   -1.692830   -1.886022   -0.690284   -1.221423    7.283    1.176    2.742 S_000002
   3 P  -167.703 -174.030 -172.706  150.262  -82.754  -98.128  162.319  -37.418  153.934  -96.537    0.341290   -0.123580   -1.479847   -0.753212   -1.075808   -1.949425   -1.900641   -0.697829   -1.213259    6.225   -1.945    8.619 S_000002
   4 P   -60.519 -150.721   69.014  155.654  -81.600 -163.057  158.185  -44.635  163.664   97.265    0.258206   -0.039368   -1.494873   -0.750175   -1.106028   -1.909076   -1.907704   -0.770525   -1.183420    7.772   -3.899   14.978 S_000002
   5 P  -148.588  133.443  138.027   85.064 -127.867  -81.381   73.376   37.219   95.049  -13.856    0.320946   -1.350869   -0.610637   -0.781786   -1.471736   -1.659254   -1.868671   -0.699104   -1.208886    8.936   -4.586   21.434 S_000002
   6 P  -144.314   99.076  172.862   89.752 -150.115  -50.909   73.012   38.269   87.558  -13.823    0.314845   -1.336581   -0.649747   -0.775354   -1.407816   -1.716305   -1.897506   -0.723584   -1.198856    7.364   -5.396   27.885 S_000002
   7 H   -62.208  166.060   61.748   86.247    0.000    0.000   73.175   46.393   89.717  175.954    0.348945   -1.374399   -0.543246   -0.626245   -1.338625   -1.702422   -1.842817   -0.694144   -1.221941    6.497   -7.476   33.117 S_000002
SCORE:    11.263                 11.263          0          0          0    S_000003
   1 H     0.000  170.252   55.279  100.547   41.845  -32.535   90.374    9.692  124.390  179.909    0.456370   -0.991871   -1.067046   -0.836217   -1.335706   -1.804399   -1.897621   -0.605146   -1.248537    3.794    0.984    0.238 S_000003
   2 P    74.942  118.269  168.180   82.391 -142.061 -104.240  149.208   38.204   96.020  -24.598    0.277928   -1.412544   -0.509062   -0.826909   -1.589840   -1.561552   -1.883316   -0.717633   -1.210033    5.933    3.105    2.098 S_000003
   3 P  -170.341  -81.542 -150.130   92.276 -132.799 -135.257   68.032   15.995  132.507   -9.408    0.374351   -1.335865   -0.665900   -0.931982   -1.760628   -1.336401   -1.876128   -0.737169   -1.183181    5.505    0.386    8.322 S_000003
   4 N  -170.154 -138.183  118.076   92.402 -133.538  -92.167   64.458   33.153   97.043  -20.446    0.343406   -1.273560   -0.766499   -0.792396   -1.375208   -1.775615   -1.917643   -0.724415   -1.199633    5.661    2.337   15.352 S_000003
   5 P  -101.424   81.895  168.957   86.097 -127.609  -60.533   58.407   37.387   89.891 -172.211    0.345966   -1.331161   -0.652437   -0.747079   -1.431260   -1.715245   -1.891512   -0.737545   -1.207247    7.359    1.871   20.859 S_000003
   6 P  -177.185 -173.566  155.371  145.456  -98.754  179.352  138.838  -24.197  141.689  170.602    0.366879   -0.185448   -1.467973   -0.847005   -0.869502   -2.069646   -1.938630   -0.653402   -1.218242    8.303    2.062   27.430 S_000003
   7 H   -59.081 -137.840 -179.747   83.508    0.000    0.000   68.890   43.126   84.877  -20.659    0.283610   -1.338763   -0.633955   -0.736162   -1.343898   -1.770003   -1.869330   -0.694564   -1.211680    5.768    3.166   33.073 S_000003
SCORE:    11.350                 11.350          0          0          0    S_000004
   1 H     0.000  170.252   55.279  159.120    0.000    0.000  -42.776  -43.758  159.284  179.866    0.295187    0.181279   -1.473946   -0.729800   -0.801881   -2.036519   -1.892864   -0.685231   -1.222970    3.794    0.984    0.238 S_000004
   2 P    64.149  177.532 -178.116   83.579 -143.535  -69.167   99.675   37.943   93.663  -20.950    0.311423   -1.377025   -0.568188   -0.785051   -1.518831   -1.624082   -1.866180   -0.698485   -1.221914    3.553    2.128    2.501 S_000004
   3 P  -160.249  166.068  171.487   91.115 -136.630 -101.713   76.539   34.876   95.142  175.357    0.323572   -1.335492   -0.650661   -0.813480   -1.473315   -1.673547   -1.901744   -0.711585   -1.198626   -0.308   -0.015    7.738 S_000004
   4 P   171.747  153.395  159.041  148.712 -150.900 -143.856  163.298  -31.676  141.216  -34.261    0.335662   -0.099384   -1.482186   -0.823846   -0.920479   -2.044532   -1.934389   -0.708140   -1.198506   -2.973   -1.938   14.191 S_000004
   5 N   -62.175  168.737   52.287   81.888 -139.070 -104.980   85.448   40.731   92.395  -18.481    0.277337   -1.414412   -0.504178   -0.783087   -1.565363   -1.595722   -1.867771   -0.740532   -1.194002   -6.555   -1.496   19.628 S_000004
   6 P   164.357  159.365   60.226  155.732 -127.704  171.416  109.333  -39.352  157.983   71.282    0.316599   -0.047323   -1.489035   -0.763868   -1.016590   -1.968385   -1.910011   -0.701604   -1.218509   -8.545   -4.790   25.762 S_000004
   7 H   143.762  165.301   31.392  100.202    0.000    0.000   67.270   22.059  100.036   89.598    0.372127   -1.139006   -0.941717   -0.856242   -1.341514   -1.828007   -1.942489   -0.684611   -1.213642  -14.610   -6.135   29.258 S_000004
SCORE:    10.693                 10.693          0          0          0    S_000005
   1 H     0.000  170.252   55.279  133.755  108.231  -49.715  109.907  -30.244  144.609  -10.374    0.331417   -0.126768   -1.496289   -0.854359   -0.930007   -2.053132   -1.956414   -0.700840   -1.196935    3.794    0.984    0.238 S_000005
   2 P    66.688 -144.704 -163.902  148.105 -139.268 -155.489  -41.230  -37.998  156.482 -171.186    0.307073   -0.167585   -1.483056   -0.788817   -1.141272   -1.898846   -1.932231   -0.728804   -1.188714    5.427   -0.302    2.758 S_000005
   3 P   156.353 -133.222  164.035   85.022 -132.078  -70.133   56.405   35.699   92.955  -23.381    0.337490   -1.334670   -0.638481   -0.784103   -1.465449   -1.671942   -1.879859   -0.693833   -1.214504    2.687   -1.403    9.177 S_000005
   4 P  -110.558   87.594  168.161   82.885 -125.116  -73.697   57.084   39.218   87.352  -14.513    0.341010   -1.329107   -0.655459   -0.729519   -1.384713   -1.740302   -1.877693   -0.733523   -1.201525   -0.184   -3.037   14.071 S_000005
   5 N  -149.449  161.904  169.889   81.813 -145.400  -65.994  120.751   29.215  116.975    7.240    0.321253   -1.415703   -0.497345   -0.892978   -1.732380   -1.385977   -1.824266   -0.691127   -1.230135   -3.590   -3.247   20.053 S_000005
   6 N  -149.034  -81.925  172.404  146.046 -150.679 -107.126  111.344  -35.048  155.162  147.404    0.332662   -0.192882   -1.475955   -0.792373   -1.116447   -1.928530   -1.935508   -0.712398   -1.199196   -4.517   -4.967   26.578 S_000005
   7 H   -72.549 -177.528   58.001   80.010    0.000    0.000   77.472   38.589   92.693  179.880    0.309266   -1.381031   -0.553964   -0.779657   -1.518548   -1.617383   -1.862960   -0.706497   -1.217556   -3.136   -8.395   32.166 S_000005
SCORE:    11.594                 11.594          0          0          0    S_000006
   1 H     0.000  170.252   55.279   74.634    0.000    0.000   84.639   42.332   91.965  -19.463    0.272035   -1.430682   -0.412579   -0.777242   -1.583523   -1.512172   -1.911729   -0.744520   -1.182602    3.794    0.984    0.238 S_000006
   2 N    53.356  116.822  179.275   86.718 -135.813  -50.193   83.881   33.010   98.626 -122.159    0.338079   -1.338946   -0.651645   -0.816250   -1.509313   -1.641694   -1.895866   -0.705439   -1.206221    4.576    3.856    0.860 S_000006
   3 P  -110.003  -95.178 -170.804   85.262 -152.851  -73.112   64.455   36.565   94.655  -23.735    0.333988   -1.354956   -0.605888   -0.774081   -1.501600   -1.649669   -1.863825   -0.691328   -1.230508    8.745    2.960    6.225 S_000006
   4 N  -149.034  -81.925  172.404  146.046 -150.679 -107.126  111.344  -35.048  155.162  147.404    0.332662   -0.192882   -1.475955   -0.792373   -1.116447   -1.928530   -1.935508   -0.712398   -1.199196   11.204    6.113   11.820 S_000006
   5 P   155.560  161.070 -178.457   84.276 -122.408  -98.195   69.445   34.862   99.023  -17.493    0.336436   -1.355400   -0.607953   -0.795993   -1.522882   -1.622071   -1.870210   -0.689281   -1.222321   12.948   10.777   17.008 S_000006
   6 N   -60.793  171.558   61.962   89.409 -158.232  -99.016   75.344   33.310   97.241 -167.829    0.337877   -1.332470   -0.657891   -0.811917   -1.496742   -1.656441   -1.904852   -0.725438   -1.193617   15.035   13.344   22.708 S_000006
   7 H   -59.080  167.593   50.007   76.728    0.000    0.000   81.208   46.033   87.809  179.923    0.253153   -1.441175   -0.381798   -0.727661   -1.579953   -1.532628   -1.785626   -0.683959   -1.244362   16.493   14.885   28.563 S_000006
SCORE:    11.247                 11.247          0          0          0    S_000007
   1 H     0.000  170.252   55.279  113.898   11.561   52.393  127.184   -5.435  138.967   -7.831    0.452166   -0.760220   -1.239855   -0.852838   -1.284262   -1.825875   -1.941430   -0.646447   -1.216674    3.794    0.984    0.238 S_000007
   2 N   -80.615  116.675   67.850   89.516  177.597 -105.093  119.658   36.991   89.607  179.943    0.313647   -1.340233   -0.643032   -0.794747   -1.438595   -1.689785   -1.900517   -0.710092   -1.204579    5.336    0.918    2.167 S_000007
   3 N  -113.350 -111.411  167.475   84.702 -143.828  -56.326   71.787   37.497   90.739  -18.313    0.313563   -1.356055   -0.622734   -0.790878   -1.464630   -1.678770   -1.889294   -0.698923   -1.216238    7.688   -0.396    8.721 S_000007
   4 P  -143.310   71.916  171.935  103.615 -167.532  -70.288   89.959   20.785   98.541  -79.188    0.395520   -1.072129   -0.997535   -0.849530   -1.236883   -1.870694   -1.949452   -0.731506   -1.161827    6.859   -0.224   15.066 S_000007
   5 P  -171.683  150.567  158.405   86.589 -114.846 -110.635  130.117   15.638  130.615   37.393    0.367847   -1.318887   -0.687781   -0.936999   -1.752471   -1.366717   -1.880904   -0.733340   -1.188375    6.282   -2.948   21.229 S_000007
   6 N   -56.958  163.068   62.833   78.275 -158.338  -85.672   79.954   42.971   90.044  -18.604    0.294655   -1.424965   -0.469519   -0.729337   -1.548088   -1.583633   -1.860058   -0.766679   -1.201017    5.628   -5.042   27.432 S_000007
   7 H   -68.313  175.505   52.460   83.148    0.000    0.000   80.274   34.086  101.779 -112.461    0.318003   -1.370001   -0.593225   -0.820127   -1.572859   -1.591444   -1.871506   -0.696097   -1.222725    5.405   -5.678   33.697 S_000007
SCORE:    10.859                 10.859          0          0          2    S_000008
   1 H     0.000  170.252   55.279   84.316    0.000    0.000   72.253   39.162   93.508  170.430    0.292043   -1.384872   -0.556648   -0.790720   -1.507006   -1.624769   -1.874518   -0.685737   -1.231216    3.794    0.984    0.238 S_000008
   2 N    49.768 -151.672  161.870   83.101  151.471  173.587   99.969   29.881  102.127  -91.551    0.358826   -1.325480   -0.669894   -0.825511   -1.546052   -1.616867   -1.897946   -0.737026   -1.188716    3.326    2.260    1.484 S_000008
   3 N   170.628 -165.875 -168.095   88.100 -146.025  -69.701   74.281   42.570   86.157  -18.932    0.269820   -1.368058   -0.613320   -0.764958   -1.393175   -1.735747   -1.891381   -0.711959   -1.210295    6.083    4.461    7.741 S_000008
   4 P  -173.910 -150.992  149.500  127.998 -128.911 -142.558   91.482   -6.193  136.127   15.787    0.408280   -0.788743   -1.262842   -0.923571   -1.317920   -1.806812   -1.984235   -0.740556   -1.116661    7.455    5.376   14.248 S_000008
   5 P  -166.924 -154.036  159.889   90.332 -178.658 -136.635   73.477   26.413  115.255    3.673    0.345049   -1.323606   -0.689620   -0.882069   -1.572952   -1.568229   -1.923026   -0.712384   -1.176451    7.575    6.467   21.528 S_000008
   6 N   154.001 -151.352 -179.891   82.407 -120.265  -97.432   73.456   36.108   93.428  -28.641    0.344713   -1.332998   -0.644622   -0.766566   -1.453473   -1.682803   -1.865678   -0.702813   -1.218244    8.186    9.198   27.723 S_000008
   7 H   -52.365  166.078   49.019   81.477    0.000    0.000   80.860   42.570   89.587  -21.464    0.271506   -1.419829   -0.471513   -0.764701   -1.555908   -1.586602   -1.841811   -0.702246   -1.239579    8.136   11.290   33.832 S_000008
SCORE:    10.805                 10.805          0          0          1    S_000009
   1 H     0.000  170.252   55.279  133.755  108.231  -49.715  109.907  -30.244  144.609  -10.374    0.331417   -0.126768   -1.496289   -0.854359   -0.930007   -2.053132   -1.956414   -0.700840   -1.196935    3.794    0.984    0.238 S_000009
   2 P    62.279 -130.008 -162.248   77.049 -150.054  -46.426   96.936   38.607   98.741 -145.886    0.309107   -1.417401   -0.460497   -0.778115   -1.628124   -1.512325   -1.800025   -0.681054   -1.251645    5.179   -0.064    2.528 S_000009
   3 N  -174.783  120.716  177.399  150.472 -127.479 -150.643  -46.738  -38.379  156.036  172.165    0.295515   -0.075973   -1.493365   -0.801078   -1.032701   -1.963612   -1.942754   -0.690149   -1.211052    1.829   -2.841    7.636 S_000009
   4 N   153.892 -141.795  167.120   90.150 -140.999 -172.900  120.377   29.336   99.989 -144.515    0.391187   -1.231714   -0.791754   -0.780320   -1.371883   -1.747462   -1.876007   -0.673329   -1.208973   -1.229   -4.665   13.800 S_000009
   5 P   133.231  -95.622  152.652   89.513  169.105 -133.943   80.474   17.341  127.879  -87.358    0.354101   -1.299334   -0.738039   -0.953084   -1.657539   -1.453322   -1.935477   -0.715656   -1.158521   -3.230   -6.430   19.715 S_000009
   6 P  -170.257 -176.118  168.457  154.693  -96.790  -77.772  166.626  -41.004  158.432  -92.486    0.301209   -0.017468   -1.492097   -0.757842   -1.009016   -1.965277   -1.908312   -0.715882   -1.203518   -6.893   -6.073   25.686 S_000009
   7 H   -70.155  177.480   50.678   82.611    0.000    0.000   81.737   35.403   95.554  -19.315    0.320101   -1.365912   -0.591050   -0.805391   -1.542105   -1.611772   -1.888774   -0.728159   -1.199752  -10.564   -7.122   30.909 S_000009
SCORE:    10.970                 10.970          0          1          2    S_000010
   1 H     0.000  170.252   55.279   78.053    0.000    0.000   86.061   40.365   93.059 -171.721    0.293400   -1.389809   -0.517604   -0.774847   -1.530028   -1.610650   -1.839629   -0.656551   -1.271481    3.794    0.984    0.238 S_000010
   2 P    69.861 -154.800  176.565   90.255 -134.226  -85.003  -59.508   26.661  109.626   24.109    0.364141   -1.322510   -0.685604   -0.856782   -1.585689   -1.579423   -1.906855   -0.730112   -1.179273    3.623    2.660    1.505 S_000010
   3 P   168.992 -156.630  174.212   86.705 -137.197 -119.664  108.197   33.640   99.366  -15.229    0.329923   -1.352776   -0.624135   -0.819988   -1.531632   -1.621327   -1.886817   -0.697388   -1.214338    7.027    3.269    7.345 S_000010
   4 P   -62.475 -176.348   69.107  119.999 -164.259 -105.060  105.218  -11.541  141.399  111.919    0.438325   -0.704415   -1.281096   -0.855996   -1.329138   -1.799881   -1.941660   -0.687316   -1.191323    9.764    4.495   13.428 S_000010
   5 P  -170.283  161.190 -176.306  140.990 -163.860 -102.059  133.153  -32.306  149.951  165.152    0.350717   -0.168927   -1.477787   -0.803819   -1.029144   -1.981828   -1.933928   -0.657356   -1.225843   13.856    6.582   18.803 S_000010
   6 N   -89.818 -167.844   59.639  153.827 -136.181  139.150  132.646  -37.935  153.424  148.810    0.316975    0.019676   -1.487882   -0.777948   -0.895329   -2.038770   -1.920246   -0.652799   -1.237878   17.153    6.139   24.736 S_000010
   7 H   -72.442  172.778   69.172   84.392    0.000    0.000   65.543   36.743   99.161  -29.792    0.311558   -1.396061   -0.503392   -0.805118   -1.594108   -1.529211   -1.829716   -0.672908   -1.236427   18.050    5.013   30.292 S_000010
