SEQUENCE: gaaaaaaaag
SCORE:     score    rna_stub_coord_hack       N_WC      N_NWC       N_BS description
REMARK RNA 
SCORE:    20.464                 20.464          0          2          1    S_000001
   1 H     0.000  170.252   55.279  109.791  -86.031  -28.716   97.324   -4.072  154.605    3.658    0.432992   -1.060617   -0.993306   -0.892079   -1.672394   -1.421786   -1.913007   -0.735767   -1.171156    3.794    0.984    0.238 S_000001
   2 P    83.617  160.551  176.606   83.500 -159.341  -57.713   74.222   37.339   97.146  -10.021    0.332289   -1.373751   -0.560492   -0.765511   -1.542821   -1.611805   -1.854567   -0.709532   -1.227594    1.201    0.022   -3.597 S_000001
   3 N  -107.644  175.426   82.093   87.681 -132.813 -122.073   86.572   32.723   97.857  -95.521    0.410239   -1.228386   -0.684488   -0.690658   -1.412545   -1.699422   -1.794320   -0.657205   -1.253733   -5.139   -0.263   -3.409 S_000001
   4 P   -66.879  175.877   42.777  106.507 -169.227 -102.279   95.320   12.598  112.221 -152.708    0.411186   -1.049045   -1.027559   -0.849382   -1.387630   -1.805285   -1.938393   -0.717014   -1.198510  -11.571   -0.492   -1.333 S_000001
   5 P  -150.263  137.150  162.005   85.519 -143.757  -61.655   64.628   39.702   84.506   99.951    0.295141   -1.332554   -0.685537   -0.782837   -1.333764   -1.762805   -1.900101   -0.686617   -1.207950  -17.101   -0.151    2.624 S_000001
   6 P  -141.103   93.426  169.495   91.069 -150.020  -92.359   62.089   37.264   87.277  136.929    0.317046   -1.318105   -0.686127   -0.788078   -1.384274   -1.745631   -1.907231   -0.711992   -1.202040  -22.777    1.067    5.371 S_000001
   7 P   157.623 -160.717 -173.530   81.732 -126.986  -78.095   55.873   33.182   99.599  179.890    0.356342   -1.333174   -0.647864   -0.788987   -1.511153   -1.645318   -1.868281   -0.712487   -1.211563  -29.287    2.306    6.769 S_000001
   8 P  -154.050  145.148  124.520   89.904 -156.931 -129.437   98.571   22.752  116.377   53.243    0.366115   -1.304268   -0.738772   -0.890164   -1.596323   -1.568220   -1.925176   -0.727709   -1.180955  -35.476    3.386    9.703 S_000001
   9 P   153.178 -153.207 -178.631   82.668 -139.550  -73.249   64.126   35.520   95.260  -16.961    0.322942   -1.357707   -0.586556   -0.789863   -1.548629   -1.610887   -1.878842   -0.729786   -1.203609  -41.538    2.765   13.066 S_000001
  10 H   -55.822  159.550   49.388   80.434    0.000    0.000   80.474   40.426   88.219  179.918    0.304322   -1.380822   -0.554626   -0.759518   -1.486554   -1.646824   -1.859962   -0.697639   -1.225907  -46.882    0.842   14.831 S_000001
SCORE:    21.927                 21.927          0          0          2    S_000002
   1 H     0.000  170.252   55.279   84.432 -134.026  -53.831   71.629   41.500   89.352 -145.576    0.290306   -1.376679   -0.571745   -0.758513   -1.454603   -1.681447   -1.854664   -0.663900   -1.253925    3.794    0.984    0.238 S_000002
   2 P    55.000   77.934 -161.687  109.405 -136.834 -121.810  155.448  -19.079  143.180 -112.843    0.488294   -0.315897   -1.399530   -0.741399   -0.957329   -2.029923   -1.898117   -0.636835   -1.264591    3.470   -3.000   -2.360 S_000002
   3 P   146.615 -167.000 -169.815   82.470 -132.725  -70.289   71.708   40.712   88.644   81.510    0.299093   -1.387817   -0.540911   -0.761575   -1.502633   -1.637962   -1.858264   -0.706118   -1.223254   -1.746   -4.404    2.234 S_000002
   4 P   -50.353 -155.642   49.514  144.140 -116.281 -177.136  152.040  -34.900  163.032   29.821    0.343286   -0.324128   -1.448346   -0.793398   -1.280886   -1.793255   -1.940277   -0.746673   -1.179096   -5.352   -6.000    7.362 S_000002
   5 P   157.623 -160.717 -173.530   81.732 -126.986  -78.095   55.873   33.182   99.599  179.890    0.356342   -1.333174   -0.647864   -0.788987   -1.511153   -1.645318   -1.868281   -0.712487   -1.211563   -9.845   -5.186   12.888 S_000002
   6 P   -53.263  -84.013  179.931  121.234 -143.667 -130.098   47.916  -25.284  165.035  136.041    0.390724   -0.706993   -1.308555   -0.850770   -1.556537   -1.535396   -1.919063   -0.699958   -1.200243  -15.558   -3.543   15.179 S_000002
   7 N  -148.162  164.915  118.385  145.355 -109.323 -178.043  158.161  -25.949  134.973  153.436    0.357113   -0.162484   -1.477571   -0.854725   -0.883260   -2.080780   -1.943630   -0.688761   -1.201220  -21.774   -4.173   18.748 S_000002
   8 P   139.421   99.903  167.645   88.729 -152.217  -69.641   88.735   35.678   89.523  177.526    0.326064   -1.301859   -0.702283   -0.796219   -1.383460   -1.739469   -1.902064   -0.690550   -1.208633  -27.134   -3.624   23.174 S_000002
   9 P   167.956  168.479  179.253   88.860  -98.532  -86.975   73.313   34.902   90.785 -168.683    0.349434   -1.250241   -0.788311   -0.783876   -1.272465   -1.819946   -1.908019   -0.646347   -1.228825  -32.302   -4.095   27.594 S_000002
  10 H   -92.293  176.554   61.836   79.389    0.000    0.000   68.843   41.449   85.092  164.437    0.275809   -1.403659   -0.518877   -0.771675   -1.523870   -1.617498   -1.853267   -0.724973   -1.206298  -38.059   -6.868   29.812 S_000002
SCORE:    21.461                 21.461          0          0          2    S_000003
   1 H     0.000  170.252   55.279   84.125   54.650  -85.129  127.345   20.523  120.314   50.010    0.408514   -1.232229   -0.797209   -0.850495   -1.533007   -1.615950   -1.866653   -0.628188   -1.253373    3.794    0.984    0.238 S_000003
   2 N     0.000 -178.230  177.450   90.049 -135.185  176.169   54.535   24.727  113.457  -17.302    0.374636   -1.277960   -0.751471   -0.830816   -1.572309   -1.641151   -1.878279   -0.709749   -1.213234    2.662    4.211   -1.510 S_000003
   3 N   146.424 -163.784  178.255   85.620 -137.294  -67.317   67.440   39.752   87.784 -119.038    0.297106   -1.364557   -0.602477   -0.780092   -1.442511   -1.687950   -1.884111   -0.692719   -1.217120   -2.073    3.253    3.701 S_000003
   4 P   -81.721 -156.700   62.298  148.639  -77.374  142.643  112.599  -36.051  162.843   46.326    0.335602   -0.273429   -1.460309   -0.784915   -1.237226   -1.821172   -1.930647   -0.728990   -1.189010   -7.411    2.349    7.663 S_000003
   5 N   155.679 -149.505  166.445   84.054 -141.781  -64.575   70.124   34.931   96.495  179.932    0.334828   -1.347269   -0.634763   -0.796373   -1.497613   -1.654289   -1.887770   -0.705176   -1.213021  -11.902    1.576   12.340 S_000003
   6 N   -50.936  170.693   59.456  140.138 -123.590 -165.720  102.147  -28.824  146.926   74.808    0.372909   -0.320183   -1.444597   -0.805892   -1.158175   -1.918373   -1.937237   -0.739376   -1.178972  -16.217    0.247   16.196 S_000003
   7 P  -127.098 -118.371 -175.896   81.208  178.526  -67.112   87.047   27.341  111.615  177.088    0.350710   -1.380316   -0.536550   -0.864500   -1.712024   -1.401043   -1.876825   -0.710853   -1.179871  -20.939   -0.706   21.554 S_000003
   8 N   -50.936  170.693   59.456  140.138 -123.590 -165.720  102.147  -28.824  146.926   74.808    0.372909   -0.320183   -1.444597   -0.805892   -1.158175   -1.918373   -1.937237   -0.739376   -1.178972  -24.814   -1.718   25.296 S_000003
   9 P   175.092 -102.372 -175.903   92.378 -139.805  -55.656  -27.979   21.886  117.369    2.866    0.348707   -1.360588   -0.670816   -0.921158   -1.749262   -1.487993   -1.905244   -0.758322   -1.157865  -29.931   -2.635   30.111 S_000003
  10 H    -9.889  129.460   37.708   74.121    0.000    0.000   66.227   38.257   97.901  -14.856    0.309730   -1.436954   -0.395231   -0.782863   -1.702021   -1.431247   -1.831956   -0.759898   -1.190471  -34.427   -1.585   31.390 S_000003
SCORE:    18.816                 18.816          0          0          1    S_000004
   1 H     0.000  170.252   55.279  142.644 -118.796   51.266   98.967  -32.755  153.811   20.655    0.348747   -0.250572   -1.465087   -0.804637   -1.147621   -1.910424   -1.943052   -0.723223   -1.190427    3.794    0.984    0.238 S_000004
   2 P   -34.343 -155.396  137.374  146.406  -75.364 -124.013  126.838  -35.241  155.747   40.514    0.326083   -0.175199   -1.476516   -0.805324   -1.100787   -1.931037   -1.947333   -0.704399   -1.195278    2.756    2.289   -3.525 S_000004
   3 N   -50.978  174.223   61.999   88.002 -162.683  -59.271   84.667   41.046   87.712  -26.708    0.288658   -1.341086   -0.646796   -0.766439   -1.360639   -1.748834   -1.879148   -0.645047   -1.248174   -3.972    2.148   -3.858 S_000004
   4 P   -62.626 -122.615   63.857  147.459 -150.655 -139.352   84.773  -34.014  151.727  144.612    0.349059   -0.165544   -1.477897   -0.787161   -1.059061   -1.954585   -1.923151   -0.725931   -1.189707   -9.712    3.734   -1.463 S_000004
   5 P  -154.050  145.148  124.520   89.904 -156.931 -129.437   98.571   22.752  116.377   53.243    0.366115   -1.304268   -0.738772   -0.890164   -1.596323   -1.568220   -1.925176   -0.727709   -1.180955  -15.812    7.322   -1.717 S_000004
   6 N   167.952 -167.959  154.203  145.211 -155.376 -167.633   19.536  -32.174  148.043  -55.599    0.332777   -0.133501   -1.484945   -0.828850   -0.980089   -2.013944   -1.953344   -0.695714   -1.205944  -21.997   10.951   -1.810 S_000004
   7 P   145.834  169.864  160.515  116.771 -150.825  -95.969  116.851    6.639  112.778  -49.780    0.428419   -0.827735   -1.201961   -0.850477   -1.142936   -1.957796   -1.955336   -0.681649   -1.210816  -29.033   12.777   -1.418 S_000004
   8 P  -136.706  108.987  172.003   86.392 -119.400  -80.189   66.267   34.029   94.186 -167.157    0.341290   -1.319331   -0.667623   -0.795253   -1.455996   -1.672842   -1.885326   -0.702152   -1.204760  -35.485   14.039   -1.330 S_000004
   9 P  -173.910 -150.992  149.500  127.998 -128.911 -142.558   91.482   -6.193  136.127   15.787    0.408280   -0.788743   -1.262842   -0.923571   -1.317920   -1.806812   -1.984235   -0.740556   -1.116661  -41.670   16.513   -0.052 S_000004
  10 H   -73.343  171.211   62.579   85.693    0.000    0.000   78.499   37.453   96.804   -2.140    0.323831   -1.357242   -0.589503   -0.771316   -1.490339   -1.637111   -1.843171   -0.658566   -1.247216  -48.269   17.146    1.184 S_000004
SCORE:    20.514                 20.514          0          0          2    S_000005
   1 H     0.000  170.252   55.279  109.791  -86.031  -28.716   97.324   -4.072  154.605    3.658    0.432992   -1.060617   -0.993306   -0.892079   -1.672394   -1.421786   -1.913007   -0.735767   -1.171156    3.794    0.984    0.238 S_000005
   2 P    78.987  142.404  176.223   84.821 -130.982  -51.058   67.979   37.068   93.854  -18.655    0.324141   -1.359307   -0.607274   -0.781327   -1.491171   -1.656386   -1.873517   -0.695939   -1.224363    1.183    0.401   -3.676 S_000005
   3 P  -172.604  161.126  159.864  155.138 -101.607 -139.360  -48.863  -40.948  155.621   78.591    0.319081    0.026124   -1.484098   -0.731166   -0.944630   -1.986654   -1.887978   -0.700564   -1.211859   -4.498    0.629   -0.238 S_000005
   4 P   171.747  153.395  159.041  148.712 -150.900 -143.856  163.298  -31.676  141.216  -34.261    0.335662   -0.099384   -1.482186   -0.823846   -0.920479   -2.044532   -1.934389   -0.708140   -1.198506  -11.299    0.181    2.313 S_000005
   5 P   151.662 -137.715  175.507   81.969 -118.435  -83.967   52.655   33.159   95.284  179.921    0.334731   -1.343047   -0.663849   -0.811778   -1.510047   -1.655492   -1.877990   -0.700603   -1.213749  -17.557   -0.903    5.123 S_000005
   6 N   -47.535  172.790   67.590  142.326 -100.631  -81.857  109.334  -31.437  154.764   28.166    0.322476   -0.381813   -1.444901   -0.859491   -1.295024   -1.830431   -1.953831   -0.688434   -1.204352  -22.458   -0.768    9.154 S_000005
   7 P   -64.132 -173.986   78.117  144.021 -102.288  161.905  145.881  -36.810  165.935  140.551    0.336458   -0.426064   -1.426571   -0.777721   -1.432900   -1.660443   -1.911454   -0.752573   -1.189238  -28.336    1.869   10.573 S_000005
   8 P   138.654 -155.499 -178.803   84.573 -157.267  -66.638   83.895   40.356   83.626  124.921    0.305788   -1.350020   -0.635906   -0.759551   -1.396016   -1.733941   -1.894166   -0.717771   -1.217153  -33.968    4.971   12.905 S_000005
   9 P   155.280  135.958 -178.035  104.997 -143.605  -53.089   64.985   37.244   82.297  -18.629    0.310561   -1.203717   -0.835451   -0.769342   -1.162931   -1.894190   -1.902863   -0.704842   -1.203253  -39.778    7.477   15.750 S_000005
  10 H   130.127 -143.121 -155.450   86.329    0.000    0.000   60.087   37.605   86.426  -30.490    0.297118   -1.352808   -0.613007   -0.806226   -1.455945   -1.662035   -1.908932   -0.733769   -1.181028  -45.150    5.669   15.713 S_000005
SCORE:    21.315                 21.315          0          0          2    S_000006
   1 H     0.000  170.252   55.279   87.512  -28.764  -65.289   76.429   38.490   99.090  -53.442    0.279946   -1.414337   -0.493444   -0.811834   -1.604944   -1.545185   -1.835833   -0.671090   -1.256126    3.794    0.984    0.238 S_000006
   2 P    74.942  118.269  168.180   82.391 -142.061 -104.240  149.208   38.204   96.020  -24.598    0.277928   -1.412544   -0.509062   -0.826909   -1.589840   -1.561552   -1.883316   -0.717633   -1.210033    0.591    2.048   -2.084 S_000006
   3 N  -124.162  177.879   99.083   89.862 -134.439  -74.075   66.594   36.873   88.482  -14.987    0.319523   -1.311017   -0.709199   -0.784818   -1.367833   -1.759031   -1.908571   -0.711998   -1.202804   -4.218    2.893    3.036 S_000006
   4 P  -104.055   86.844  168.780   82.130 -119.848  -68.983   61.467   39.168   87.620  176.564    0.316688   -1.351873   -0.625528   -0.762949   -1.427076   -1.705653   -1.879876   -0.700139   -1.217629   -8.813    1.792    6.338 S_000006
   5 N   -60.793  171.558   61.962   89.409 -158.232  -99.016   75.344   33.310   97.241 -167.829    0.337877   -1.332470   -0.657891   -0.811917   -1.496742   -1.656441   -1.904852   -0.725438   -1.193617  -14.054    2.870    9.480 S_000006
   6 P   -80.038  176.179   50.143  140.545 -121.983  142.556  107.539  -32.297  155.179 -171.391    0.337627   -0.341992   -1.448902   -0.822973   -1.251736   -1.833691   -1.956174   -0.751793   -1.167097  -19.738    2.481   12.714 S_000006
   7 P   152.152 -163.414 -179.476   84.601 -123.902  -66.177 -118.488   34.496  101.644  -20.596    0.339854   -1.349021   -0.617645   -0.796396   -1.515504   -1.627416   -1.872576   -0.688085   -1.219292  -25.098    2.405   16.749 S_000006
   8 P   -57.076  159.557   74.072  122.522 -124.914  176.015  109.465  -27.926  161.760  179.896    0.363848   -0.671595   -1.324732   -0.846074   -1.563840   -1.540839   -1.910259   -0.713848   -1.195912  -29.739    1.574   20.326 S_000006
   9 P   151.662 -137.715  175.507   81.969 -118.435  -83.967   52.655   33.159   95.284  179.921    0.334731   -1.343047   -0.663849   -0.811778   -1.510047   -1.655492   -1.877990   -0.700603   -1.213749  -35.566    1.114   24.230 S_000006
  10 H   -66.551  179.184   54.690   79.058    0.000    0.000   73.666   38.878   93.833   -0.076    0.302341   -1.414920   -0.480976   -0.783518   -1.607810   -1.541339   -1.857658   -0.743493   -1.201237  -40.040    0.305   29.000 S_000006
SCORE:    20.586                 20.586          0          1          1    S_000007
   1 H     0.000  170.252   55.279   75.829    0.000    0.000   87.940   39.003   91.870  -28.341    0.300376   -1.408869   -0.491865   -0.790018   -1.579418   -1.554942   -1.860438   -0.719068   -1.209566    3.794    0.984    0.238 S_000007
   2 P   -66.973  173.475   68.286  137.907  -77.343  141.002  117.624  -17.512  137.272    4.519    0.452995   -0.419113   -1.378158   -0.806682   -1.063678   -1.954233   -1.924759   -0.651630   -1.215380    2.062    2.545    0.900 S_000007
   3 N    58.305 -156.520  177.661  125.379  -93.616 -122.123  -35.657  -23.126  151.514   27.618    0.381839   -0.636695   -1.336911   -0.858038   -1.454398   -1.694217   -1.949944   -0.726811   -1.180765   -1.920    3.154    5.002 S_000007
   4 P  -131.963  111.649  148.854   88.026 -136.731  -70.473   74.180   34.837   90.415  169.627    0.331994   -1.285485   -0.749691   -0.802246   -1.347360   -1.777932   -1.920759   -0.695904   -1.206415   -6.067    3.713   10.157 S_000007
   5 P   -67.956  168.331   55.391   83.761 -166.271  -88.764   84.671   36.505   92.600   74.859    0.322126   -1.360899   -0.611922   -0.791937   -1.496214   -1.650486   -1.886389   -0.719701   -1.204340   -9.699    3.258   15.150 S_000007
   6 P  -141.103   93.426  169.495   91.069 -150.020  -92.359   62.089   37.264   87.277  136.929    0.317046   -1.318105   -0.686127   -0.788078   -1.384274   -1.745631   -1.907231   -0.711992   -1.202040  -14.045    4.341   19.775 S_000007
   7 P  -158.951 -177.382  165.165   83.505 -166.970  -49.803   88.312   28.748  117.649  -22.000    0.343573   -1.375312   -0.575177   -0.864358   -1.654732   -1.472597   -1.841770   -0.676251   -1.224860  -19.689    3.357   23.905 S_000007
   8 P  -154.050  145.148  124.520   89.904 -156.931 -129.437   98.571   22.752  116.377   53.243    0.366115   -1.304268   -0.738772   -0.890164   -1.596323   -1.568220   -1.925176   -0.727709   -1.180955  -24.202    1.952   28.252 S_000007
   9 N   170.628 -165.875 -168.095   88.100 -146.025  -69.701   74.281   42.570   86.157  -18.932    0.269820   -1.368058   -0.613320   -0.764958   -1.393175   -1.735747   -1.891381   -0.711959   -1.210295  -27.591    0.385   34.379 S_000007
  10 H   -66.162  167.471   54.557   78.776    0.000    0.000   78.339   43.191   93.442  179.896    0.246435   -1.427444   -0.484189   -0.789402   -1.532755   -1.606907   -1.851383   -0.666423   -1.263128  -30.446   -1.451   39.426 S_000007
SCORE:    21.917                 21.917          0          0          2    S_000008
   1 H     0.000  170.252   55.279  138.141  -82.365  -68.507  -50.541  -34.757  163.338 -144.166    0.323116   -0.535647   -1.394905   -0.822061   -1.528599   -1.592874   -1.955535   -0.868258   -1.082059    3.794    0.984    0.238 S_000008
   2 P  -172.889 -113.993  -31.992  141.746 -121.945 -163.434  150.460  -35.764  161.851  -72.329    0.335059   -0.255431   -1.467718   -0.788239   -1.202627   -1.828827   -1.933012   -0.699789   -1.200236    4.222    1.497   -5.553 S_000008
   3 P   -63.250  175.683   65.794  149.949 -131.110 -149.590  116.670  -46.360  165.701  151.659    0.291047   -0.023190   -1.497427   -0.685692   -1.116595   -1.889345   -1.874813   -0.741826   -1.205416   -2.168    2.916   -4.844 S_000008
   4 P   -39.399  168.770   55.356  142.140 -142.741  175.589  120.987  -35.450  159.437  -98.096    0.330665   -0.302125   -1.453233   -0.794861   -1.264725   -1.819140   -1.936530   -0.724980   -1.198310   -8.507    4.301   -4.305 S_000008
   5 P   154.773 -124.746  178.096   93.542 -170.707  -29.830   88.212   29.318   98.893  -17.178    0.375116   -1.267372   -0.778337   -0.806030   -1.424960   -1.731957   -1.917613   -0.719206   -1.201246  -14.906    7.107   -4.220 S_000008
   6 N  -174.783  120.716  177.399  150.472 -127.479 -150.643  -46.738  -38.379  156.036  172.165    0.295515   -0.075973   -1.493365   -0.801078   -1.032701   -1.963612   -1.942754   -0.690149   -1.211052  -20.827    8.907   -2.414 S_000008
   7 P   140.004 -161.511  172.648   87.535 -135.875 -127.774  -63.089   27.673  113.365  -21.649    0.351703   -1.359808   -0.617725   -0.860422   -1.647064   -1.511100   -1.888219   -0.728269   -1.197425  -27.765    8.417   -0.714 S_000008
   8 P   138.654 -155.499 -178.803   84.573 -157.267  -66.638   83.895   40.356   83.626  124.921    0.305788   -1.350020   -0.635906   -0.759551   -1.396016   -1.733941   -1.894166   -0.717771   -1.217153  -34.445    9.657    0.812 S_000008
   9 P   -75.663 -165.900   51.085   81.676 -147.951 -131.776   82.765   37.985   93.019 -169.535    0.314491   -1.383140   -0.558094   -0.781071   -1.531912   -1.613357   -1.867827   -0.717304   -1.210404  -39.946   10.514    4.012 S_000008
  10 H   -59.090  176.210   49.320   81.920    0.000    0.000   69.635   37.522   95.877  179.934    0.320536   -1.364980   -0.597228   -0.776706   -1.503870   -1.654306   -1.865486   -0.682241   -1.244941  -45.651   13.747    4.955 S_000008
SCORE:    20.262                 20.262          0          1          2    S_000009
   1 H     0.000  170.252   55.279  109.791  -86.031  -28.716   97.324   -4.072  154.605    3.658    0.432992   -1.060617   -0.993306   -0.892079   -1.672394   -1.421786   -1.913007   -0.735767   -1.171156    3.794    0.984    0.238 S_000009
   2 N   108.508 -176.322  149.924  149.884 -141.669  -82.151   91.714  -37.590  153.199   -4.148    0.314158   -0.097371   -1.491985   -0.784798   -1.043807   -1.970423   -1.924289   -0.726976   -1.191690    1.231   -0.151   -3.562 S_000009
   3 P   171.747  153.395  159.041  148.712 -150.900 -143.856  163.298  -31.676  141.216  -34.261    0.335662   -0.099384   -1.482186   -0.823846   -0.920479   -2.044532   -1.934389   -0.708140   -1.198506   -5.327   -0.638   -0.971 S_000009
   4 N  -148.373 -139.480   93.437  142.714  -84.926 -104.598  153.120  -39.852  173.743 -111.853    0.385940   -0.322246   -1.411852   -0.668637   -1.367181   -1.685383   -1.831372   -0.681298   -1.245923  -11.515   -1.498    2.952 S_000009
   5 P  -168.839  121.189 -176.246   84.421 -162.310  -96.356  108.244   34.304  106.356  -23.636    0.327894   -1.391748   -0.518664   -0.809234   -1.631897   -1.506085   -1.823324   -0.679514   -1.237292  -17.239    1.714    5.299 S_000009
   6 P  -173.910 -150.992  149.500  127.998 -128.911 -142.558   91.482   -6.193  136.127   15.787    0.408280   -0.788743   -1.262842   -0.923571   -1.317920   -1.806812   -1.984235   -0.740556   -1.116661  -23.857    1.801    7.318 S_000009
   7 P   -57.274  169.677   52.604   82.427 -147.587  -73.330   86.318   37.149   96.422  158.684    0.327993   -1.366142   -0.579739   -0.776002   -1.516599   -1.628154   -1.858585   -0.688925   -1.232783  -29.289    3.191   10.857 S_000009
   8 P   -55.002 -122.462   77.729   98.964   67.451  134.511  140.163  -20.484  145.397   64.960    0.441436   -0.559352   -1.351141   -0.802300   -1.318087   -1.817548   -1.926555   -0.722009   -1.195924  -35.698    2.699   12.193 S_000009
   9 P  -163.415 -164.775  171.520   87.292 -173.272  -90.210   95.538   33.873  101.998   69.427    0.333059   -1.348368   -0.630589   -0.813263   -1.521104   -1.634527   -1.885456   -0.693273   -1.220867  -39.385    0.443   17.787 S_000009
  10 H   -77.229  175.275   51.906   82.828    0.000    0.000   83.786   35.474   95.292  169.926    0.333190   -1.350363   -0.616553   -0.790274   -1.501842   -1.641068   -1.874461   -0.700967   -1.210672  -43.373   -2.967   21.170 S_000009
SCORE:    22.150                 22.150          0          0          1    S_000010
   1 H     0.000  170.252   55.279   84.367 -166.256  -50.485   83.598   41.248   87.458  -22.472    0.309470   -1.374131   -0.558622   -0.736568   -1.471459   -1.665514   -1.847992   -0.695913   -1.231257    3.794    0.984    0.238 S_000010
   2 P    29.562   89.024  167.859  119.412   59.629 -172.085  100.627    0.473  113.124   78.202    0.438813   -0.670243   -1.295588   -0.850501   -1.032664   -2.022537   -1.952885   -0.685973   -1.205929    5.410   -2.930   -1.063 S_000010
   3 P   -61.653  158.780  111.392  131.953 -117.165 -124.089  113.393  -34.124  172.369  170.567    0.367177   -0.534770   -1.378991   -0.795747   -1.498249   -1.528004   -1.900206   -0.681102   -1.220799    0.775   -3.554    3.390 S_000010
   4 P    -9.791  151.275   56.495  145.205 -149.476  178.681  133.718  -34.285  155.187  132.770    0.343879   -0.234485   -1.467538   -0.792884   -1.158169   -1.902504   -1.934198   -0.737152   -1.185132   -4.428   -4.380    6.978 S_000010
   5 N   140.751   78.375  147.908   85.219 -139.919 -122.587   67.224   27.161  117.339 -128.645    0.327420   -1.390343   -0.558417   -0.896324   -1.706978   -1.419161   -1.868152   -0.719232   -1.199857   -8.731   -4.067   12.630 S_000010
   6 P   164.423 -126.231  176.251   91.863 -148.152  -95.447   90.726   36.141   94.787  -18.747    0.308216   -1.335123   -0.633984   -0.806988   -1.469271   -1.673926   -1.899392   -0.725780   -1.196649  -13.616   -4.697   17.466 S_000010
   7 P   146.274  156.591  179.483   77.635 -152.028  -72.001   75.273   42.982   89.249  178.900    0.287995   -1.419009   -0.477197   -0.735693   -1.550269   -1.599261   -1.819279   -0.700629   -1.234007  -19.233   -4.331   21.801 S_000010
   8 P  -150.263  137.150  162.005   85.519 -143.757  -61.655   64.628   39.702   84.506   99.951    0.295141   -1.332554   -0.685537   -0.782837   -1.333764   -1.762805   -1.900101   -0.686617   -1.207950  -25.471   -4.570   24.294 S_000010
   9 P  -126.250  106.011  168.977   85.439 -139.330  -69.420   50.139   35.086   94.746  179.888    0.323314   -1.344139   -0.631905   -0.807581   -1.496027   -1.655632   -1.891815   -0.714598   -1.199423  -30.679   -5.228   27.535 S_000010
  10 H   -78.909  172.539   75.445   87.863    0.000    0.000   69.993   33.278   97.252  -12.838    0.331449   -1.339151   -0.652923   -0.810278   -1.515561   -1.646929   -1.870217   -0.682348   -1.219881  -34.380   -6.288   32.570 S_000010
