SEQUENCE: gaaag
SCORE:     score    rna_stub_coord_hack       N_WC      N_NWC       N_BS description
REMARK RNA 
SCORE:     0.000                  0.000          0          0          2    S_000001
   1 H     0.000  170.252   55.279   96.017  158.889  -87.729  123.712    5.242  137.062  139.504    0.419826   -1.118750   -0.955830   -0.906347   -1.606516   -1.551548   -1.939919   -0.735455   -1.169827    3.794    0.984    0.238 S_000001
   2 P   -24.601  151.702   66.955   99.276 -105.235  150.790  114.495   23.163  113.169  -10.340    0.376376   -1.272954   -0.763376   -0.865347   -1.549357   -1.612188   -1.921805   -0.710966   -1.195909    8.637    1.249    0.193 S_000001
   3 N     0.000 -143.540  -45.121 -208.883  216.002  172.687   88.324  -31.663  138.346  -10.108    0.321477    0.013290   -1.502199   -0.843234   -0.763940   -2.131852   -1.904381   -0.749701   -1.193037   10.277    6.284    0.687 S_000001
   4 P   -62.148  171.137   52.081   83.125 -136.325  -44.859   68.737   36.321   93.208  -38.306    0.312178   -1.392378   -0.513281   -0.804849   -1.603050   -1.536345   -1.884860   -0.770868   -1.165341    6.171   10.178   -1.975 S_000001
   5 H   -71.184 -179.128   50.105   78.246    0.000    0.000   79.820   42.594   88.849  129.592    0.280288   -1.422316   -0.464073   -0.755665   -1.562771   -1.579995   -1.839906   -0.708085   -1.230410    6.224   15.294   -5.116 S_000001
SCORE:     0.000                  0.000          0          0          2    S_000002
   1 H     0.000  170.252   55.279   81.704    0.000    0.000   85.175   36.710   98.943  -31.203    0.323615   -1.390014   -0.527622   -0.789577   -1.576967   -1.557779   -1.833826   -0.679508   -1.247326    3.794    0.984    0.238 S_000002
   2 P   105.404 -151.499 -129.307  107.609 -106.000  -31.035   89.966    6.056  125.048    0.521    0.437137   -0.989555   -1.076117   -0.869504   -1.405892   -1.760342   -1.942016   -0.689222   -1.199238    3.982    3.237    1.475 S_000002
   3 P   -63.889  160.745   43.897  107.905 -135.998  -68.116   66.856   14.476  103.978   -1.001    0.411896   -0.980937   -1.090509   -0.843142   -1.226634   -1.910891   -1.941162   -0.701784   -1.197398    4.318    8.331    2.127 S_000002
   4 P   -62.493  166.029   52.506   82.649 -147.105  -66.435   80.064   35.605   95.365  179.870    0.328949   -1.360489   -0.595795   -0.786648   -1.524692   -1.613609   -1.862792   -0.700899   -1.211960    5.927   11.070   -3.041 S_000002
   5 H   -55.865  171.246   53.419   84.432    0.000    0.000   71.629   41.500   89.352 -145.576    0.290306   -1.376679   -0.571745   -0.758513   -1.454603   -1.681447   -1.854664   -0.663900   -1.253925    4.212   11.037   -8.774 S_000002
SCORE:     0.000                  0.000          0          0          0    S_000003
   1 H     0.000  170.252   55.279   97.566 -102.174  124.771  144.163   31.662   92.309 -130.858    0.357173   -1.201627   -0.867549   -0.800290   -1.235560   -1.855941   -1.917371   -0.669415   -1.210627    3.794    0.984    0.238 S_000003
   2 P   -49.575  177.089   54.582  134.828  -53.517  119.743  136.873  -22.623  139.781    1.577    0.415113   -0.181629   -1.458622   -0.824429   -0.837216   -2.070052   -1.926492   -0.677612   -1.207316    4.078    4.642   -3.159 S_000003
   3 N   166.166 -110.310 -175.205   90.041    9.447   45.900  106.096   32.843   96.890  107.400    0.330359   -1.324820   -0.678289   -0.824744   -1.481187   -1.668937   -1.908512   -0.704702   -1.205372    0.680    9.717   -2.552 S_000003
   4 P   -87.188 -179.287   25.152  119.483 -153.895  125.415  106.605    4.197  114.610   14.598    0.427710   -0.782833   -1.231977   -0.855785   -1.123232   -1.967120   -1.951812   -0.660958   -1.212609    2.687   11.010   -4.849 S_000003
   5 H   -90.629  177.668   67.138   76.808    0.000    0.000   75.116   41.197   94.908  -26.939    0.318021   -1.398925   -0.504019   -0.729484   -1.527228   -1.599035   -1.804937   -0.679810   -1.241295    8.493   11.728   -3.557 S_000003
SCORE:     0.001                  0.001          0          0          1    S_000004
   1 H     0.000  170.252   55.279   94.348  159.337  174.415   44.237   23.423  119.969  -88.328    0.358144   -1.267988   -0.783779   -0.892646   -1.501196   -1.623457   -1.907838   -0.626007   -1.237803    3.794    0.984    0.238 S_000004
   2 P   -63.988  178.027   59.083   77.843 -163.445  -28.631   86.194   38.639   92.225 -170.762    0.288228   -1.410550   -0.496731   -0.805355   -1.589016   -1.552947   -1.865865   -0.733736   -1.199255    6.079    2.199   -5.841 S_000004
   3 N   -23.732  161.087  174.712   83.859 -113.221 -104.065   88.538   36.409   99.071  170.718    0.307986   -1.385900   -0.549559   -0.811254   -1.562662   -1.576397   -1.867310   -0.703044   -1.213529   10.606    3.012   -7.437 S_000004
   4 P   -80.314 -173.596   56.882   86.088 -167.618  -79.046   89.256   37.208   91.369  179.912    0.323518   -1.351255   -0.627853   -0.778187   -1.467451   -1.680747   -1.893103   -0.725796   -1.204031    9.475    9.354   -4.794 S_000004
   5 H   -63.771  163.391   65.040   84.059    0.000    0.000   82.616   34.721   98.025  -17.738    0.334495   -1.337279   -0.639014   -0.797694   -1.483095   -1.653064   -1.878522   -0.686729   -1.221557    7.426   14.837   -4.800 S_000004
SCORE:     0.000                  0.000          0          0          1    S_000005
   1 H     0.000  170.252   55.279   84.742   47.682  156.409   90.668   23.417  114.731   48.390    0.393292   -1.270721   -0.763133   -0.846788   -1.544506   -1.620699   -1.895692   -0.688337   -1.216659    3.794    0.984    0.238 S_000005
   2 N   -70.822  173.464   51.980   84.582 -145.128  -65.968   73.512   34.562   95.851  179.922    0.334513   -1.337938   -0.649043   -0.799282   -1.486945   -1.665302   -1.892216   -0.709221   -1.209515    8.133    1.249   -4.873 S_000005
   3 P   -55.825  135.464   54.769   80.364  178.100  101.861  107.646   37.534   95.270   46.772    0.312287   -1.388532   -0.554456   -0.790750   -1.552158   -1.604567   -1.871170   -0.718640   -1.217937    9.579    4.911   -8.434 S_000005
   4 N   -58.150 -158.351   50.602   84.983 -165.256  179.733   87.909   32.457  100.288  -17.403    0.333244   -1.368008   -0.597718   -0.829161   -1.586512   -1.569732   -1.900469   -0.749910   -1.173743    9.088   10.670   -6.632 S_000005
   5 H  -151.327  132.926   55.921   86.064    0.000    0.000   61.430   36.949   91.859  -16.637    0.328187   -1.340986   -0.640589   -0.776419   -1.454623   -1.694051   -1.885186   -0.705833   -1.216113    2.345   11.205   -7.091 S_000005
SCORE:     0.000                  0.000          0          0          0    S_000006
   1 H     0.000  170.252   55.279   78.800 -144.144  147.950   86.655   36.879   97.766 -123.135    0.321218   -1.383255   -0.556356   -0.779763   -1.560064   -1.591529   -1.832818   -0.696434   -1.232118    3.794    0.984    0.238 S_000006
   2 P   -54.572  136.962   52.080   85.490 -129.476  -75.874  109.889   31.618  106.621 -132.746    0.326780   -1.370609   -0.576083   -0.837249   -1.613031   -1.521782   -1.836509   -0.658170   -1.235108    3.369    3.028   -4.668 S_000006
   3 N    74.941 -156.377   67.645   93.264 -143.114  -59.232   69.789   35.217   95.327  -12.348    0.331531   -1.329325   -0.674337   -0.793837   -1.457430   -1.708838   -1.897163   -0.639834   -1.252588    6.417    4.160   -9.422 S_000006
   4 P   -30.329  129.156   57.250   77.277 -110.742  -66.604   65.627   33.592  107.013  -19.106    0.333496   -1.383362   -0.548029   -0.816365   -1.616831   -1.532702   -1.860671   -0.719720   -1.213075    5.355    8.895   -9.390 S_000006
   5 H  -143.276 -177.009   58.638   81.917    0.000    0.000   98.428   36.072   90.148 -170.026    0.338342   -1.328020   -0.677209   -0.798371   -1.415441   -1.728783   -1.907328   -0.740164   -1.189502    1.294   13.006   -5.919 S_000006
SCORE:     0.000                  0.000          0          0          2    S_000007
   1 H     0.000  170.252   55.279   89.473 -116.583  -85.967   45.681   34.773   92.050 -137.870    0.338850   -1.302144   -0.719052   -0.793620   -1.393604   -1.746992   -1.906153   -0.706649   -1.203692    3.794    0.984    0.238 S_000007
   2 P  -133.945   85.827  148.781  152.086  -87.507   78.776   98.283  -37.144  148.909 -137.939    0.300923   -0.016756   -1.492638   -0.810484   -0.929818   -2.028240   -1.932050   -0.717365   -1.198783    7.192   -0.397   -5.130 S_000007
   3 N   -43.535  118.819   65.152   76.041 -141.018  -78.315   69.568   44.720   89.587  179.912    0.269162   -1.464497   -0.354288   -0.739781   -1.645168   -1.489204   -1.873605   -0.839715   -1.149237    6.945    2.384   -5.106 S_000007
   4 N   -79.177 -173.902   53.967   84.296 -157.020  -66.737   82.213   34.855   94.926  179.929    0.337748   -1.347263   -0.627646   -0.791838   -1.504917   -1.644870   -1.886598   -0.716785   -1.206896    5.323    8.648   -3.699 S_000007
   5 H   -59.557  171.868   49.277   82.353    0.000    0.000   89.414   35.500   93.953   66.426    0.305702   -1.386473   -0.543227   -0.822759   -1.591367   -1.556697   -1.894340   -0.768582   -1.166697    6.716   14.261   -5.045 S_000007
SCORE:     0.000                  0.000          0          0          0    S_000008
   1 H     0.000  170.252   55.279   97.104    0.000    0.000  -54.820   18.308  108.665   -8.821    0.393605   -1.142427   -0.939213   -0.858004   -1.426598   -1.773437   -1.943911   -0.729304   -1.180232    3.794    0.984    0.238 S_000008
   2 P    92.344 -177.075  166.805   98.671   24.572   -9.053   97.269    1.387  141.219  -21.818    0.456277   -1.043737   -1.020225   -0.860223   -1.573259   -1.588184   -1.901381   -0.701721   -1.202712    3.884    3.375    1.683 S_000008
   3 P   -67.822 -155.003   54.723   87.859 -126.392 -136.767   74.130   33.407   94.768  160.292    0.343782   -1.342878   -0.622562   -0.803553   -1.526027   -1.615998   -1.895839   -0.731749   -1.187466    3.074    4.889   -0.731 S_000008
   4 P   -58.008  175.557   40.336  140.023 -125.328   86.099  155.195  -36.164  170.916   27.385    0.329766   -0.403742   -1.438153   -0.799198   -1.393004   -1.685843   -1.938832   -0.749751   -1.181771    4.101    9.875   -5.129 S_000008
   5 H   120.614 -127.510  162.710   70.322    0.000    0.000   65.329   48.888   86.090  179.883    0.253121   -1.468048   -0.321651   -0.696265   -1.589967   -1.519679   -1.801483   -0.740070   -1.220031    8.516   12.002   -6.955 S_000008
SCORE:     0.001                  0.001          0          0          0    S_000009
   1 H     0.000  170.252   55.279   78.437 -156.855  -63.357   82.450   42.843   88.089  -17.409    0.279997   -1.410957   -0.490424   -0.753063   -1.518170   -1.609378   -1.861986   -0.737037   -1.195897    3.794    0.984    0.238 S_000009
   2 N   -57.390   85.296  176.084  134.006 -124.852  107.046  104.381  -23.494  145.725    6.253    0.433149   -0.214519   -1.450556   -0.793883   -0.904984   -2.043885   -1.920231   -0.682352   -1.220101    7.569   -0.262   -1.127 S_000009
   3 N   167.952 -167.959  154.203  145.211 -155.376 -167.633   19.536  -32.174  148.043  -55.599    0.332777   -0.133501   -1.484945   -0.828850   -0.980089   -2.013944   -1.953344   -0.695714   -1.205944    7.252    5.898   -1.155 S_000009
   4 P   -84.507 -178.630   45.997  149.441  -62.399   88.166  109.004  -36.895  154.509   26.923    0.319796   -0.131000   -1.485173   -0.788546   -1.074652   -1.948735   -1.929229   -0.698032   -1.212091    4.059   10.843   -4.451 S_000009
   5 H   -64.876  178.279   47.734   84.881    0.000    0.000   89.237   33.181   96.353   86.918    0.337386   -1.336918   -0.657046   -0.810405   -1.504811   -1.649923   -1.890444   -0.703693   -1.210781    3.264   10.083   -8.037 S_000009
SCORE:     0.000                  0.000          0          0          2    S_000010
   1 H     0.000  170.252   55.279   92.929  -55.539   81.727   99.584   30.943  100.022  -15.140    0.343727   -1.299428   -0.720117   -0.832917   -1.458976   -1.688346   -1.910670   -0.676980   -1.221703    3.794    0.984    0.238 S_000010
   2 P   173.355  125.936  172.381   92.573 -126.321  -63.423   74.322   39.444   80.014  179.963    0.248303   -1.280816   -0.752540   -0.820131   -1.269836   -1.836540   -1.977263   -0.755674   -1.188652    2.501    4.758   -1.700 S_000010
   3 P   -65.961  168.022   54.245   82.812 -127.526  -54.621   75.612   35.287   95.065  -16.637    0.330830   -1.350575   -0.619848   -0.794112   -1.505662   -1.642074   -1.877659   -0.709944   -1.212304    0.190   10.267   -2.909 S_000010
   4 N  -167.476  146.309   42.146   85.523 -129.766  -73.832   71.210   31.456  100.583  -26.774    0.342436   -1.340764   -0.630951   -0.819394   -1.558796   -1.591157   -1.884730   -0.738062   -1.188071    2.296   13.785   -8.229 S_000010
   5 H   152.460 -155.427  167.882   81.444    0.000    0.000   62.929   38.138   89.126  -25.522    0.335931   -1.339142   -0.631402   -0.755404   -1.430827   -1.702142   -1.873062   -0.689219   -1.224689    6.615   13.224   -3.493 S_000010
