SEQUENCE: gaaaaag
SCORE:     score    rna_stub_coord_hack       N_WC      N_NWC       N_BS description
REMARK RNA 
SCORE:    10.475                 10.475          0          1          0    S_000001
   1 H     0.000  170.252   55.279   76.201 -162.139  -71.175   91.198   40.934   90.992  179.911    0.290175   -1.421885   -0.459168   -0.770452   -1.595050   -1.550918   -1.853865   -0.738514   -1.207063    3.794    0.984    0.238 S_000001
   2 P   -67.236  -69.075 -153.222   75.027 -174.504  -88.660  157.945   40.130  102.688  -15.792    0.275663   -1.457982   -0.342026   -0.800253   -1.719347   -1.397196   -1.772281   -0.700243   -1.246714    7.961    0.398   -4.337 S_000001
   3 N  -172.853 -176.879  154.982   85.334 -152.417  -63.053   65.917   37.285   95.556   72.588    0.310637   -1.342060   -0.627038   -0.796613   -1.444832   -1.678616   -1.872772   -0.654663   -1.228665   13.349    0.220   -8.492 S_000001
   4 P   166.345  136.515  176.959   87.298 -141.961  -85.985   88.233   36.289   90.829  -13.741    0.336751   -1.319590   -0.670557   -0.773868   -1.420417   -1.716763   -1.889689   -0.708570   -1.210282   18.819    2.384  -12.130 S_000001
   5 P   -87.787  177.868   72.488  125.142 -164.828 -151.898  111.548  -19.213  150.164  -29.735    0.411216   -0.574601   -1.357123   -0.857597   -1.302692   -1.814919   -1.954673   -0.693383   -1.189634   24.548    4.555  -14.773 S_000001
   6 N   -74.064 -177.704   48.749  150.340 -154.485  153.392  131.849  -33.312  147.447  168.918    0.335143   -0.069542   -1.482537   -0.803152   -0.912200   -2.037999   -1.931248   -0.636521   -1.234597   30.137    6.784  -17.758 S_000001
   7 H   -74.587  176.137   55.559   80.307    0.000    0.000   77.326   41.439   86.912  -18.509    0.298194   -1.396096   -0.509881   -0.749135   -1.520233   -1.611773   -1.850609   -0.718923   -1.217564   36.174    7.137  -19.207 S_000001
SCORE:    10.348                 10.348          0          0          0    S_000002
   1 H     0.000  170.252   55.279  102.133   67.524  111.274  132.500    4.196  122.158 -130.095    0.475714   -0.758282   -1.247063   -0.841144   -1.070645   -1.971757   -1.946103   -0.635058   -1.205327    3.794    0.984    0.238 S_000002
   2 P   140.004 -161.511  172.648   87.535 -135.875 -127.774  -63.089   27.673  113.365  -21.649    0.351703   -1.359808   -0.617725   -0.860422   -1.647064   -1.511100   -1.888219   -0.728269   -1.197425    9.624    0.289   -3.434 S_000002
   3 P  -177.185 -173.566  155.371  145.456  -98.754  179.352  138.838  -24.197  141.689  170.602    0.366879   -0.185448   -1.467973   -0.847005   -0.869502   -2.069646   -1.938630   -0.653402   -1.218242   16.615    1.918   -4.881 S_000002
   4 N   162.014 -131.847   71.635  144.691  -74.220  157.849  117.210  -35.903  158.762 -158.797    0.307316   -0.219185   -1.475066   -0.808982   -1.162266   -1.890342   -1.953377   -0.714864   -1.198395   23.613    2.734   -5.007 S_000002
   5 P   164.357  159.365   60.226  155.732 -127.704  171.416  109.333  -39.352  157.983   71.282    0.316599   -0.047323   -1.489035   -0.763868   -1.016590   -1.968385   -1.910011   -0.701604   -1.218509   29.421    5.614   -5.940 S_000002
   6 P    95.862 -150.045 -177.753  145.463 -163.746 -130.631  132.028  -25.964  134.716  -54.064    0.372792   -0.139680   -1.476267   -0.836576   -0.849905   -2.078892   -1.921957   -0.718372   -1.188673   35.494    4.520   -8.048 S_000002
   7 H    61.316 -153.168  -95.860  100.819    0.000    0.000   85.228   35.538   81.137  -26.256    0.327671   -1.056959   -1.057357   -0.803691   -0.827813   -2.063609   -1.933037   -0.593776   -1.251128   40.201    1.882   -5.330 S_000002
SCORE:    10.693                 10.693          0          0          1    S_000003
   1 H     0.000  170.252   55.279   84.976 -127.093 -107.436   72.941   34.651   95.293 -100.571    0.344540   -1.319591   -0.683715   -0.788201   -1.438061   -1.705183   -1.894246   -0.695277   -1.218888    3.794    0.984    0.238 S_000003
   2 P   -69.044  169.585   63.431  146.522 -103.523  138.199  120.958  -37.631  160.112 -137.286    0.335524   -0.262307   -1.458233   -0.762964   -1.256959   -1.815070   -1.923800   -0.759924   -1.175337    8.158   -0.653   -4.542 S_000003
   3 N   167.952 -167.959  154.203  145.211 -155.376 -167.633   19.536  -32.174  148.043  -55.599    0.332777   -0.133501   -1.484945   -0.828850   -0.980089   -2.013944   -1.953344   -0.695714   -1.205944   13.181    0.025   -8.634 S_000003
   4 N    56.904  146.090  -76.919  156.695 -160.150 -173.923  104.986  -34.562  143.238  -23.564    0.324447    0.078710   -1.492600   -0.805727   -0.735040   -2.115119   -1.911687   -0.631310   -1.242141   19.618    1.613  -10.179 S_000003
   5 P  -175.081  177.888   61.143  152.701 -105.799  170.478  100.743  -40.258  159.966  -51.450    0.305816   -0.136048   -1.487621   -0.761982   -1.147414   -1.893800   -1.920368   -0.739943   -1.195843   24.863    3.681  -14.742 S_000003
   6 P   152.594  176.327  171.244   91.237 -151.427  -73.024   82.556   36.730   87.095   -0.293    0.324489   -1.292433   -0.740995   -0.782053   -1.325054   -1.790390   -1.912036   -0.712281   -1.201892   31.715    4.455  -16.033 S_000003
   7 H   -62.391  166.055   54.118   82.690    0.000    0.000   73.907   37.347   90.481  179.917    0.321780   -1.369450   -0.571333   -0.779141   -1.525509   -1.622175   -1.882838   -0.730003   -1.200523   37.460    5.610  -17.384 S_000003
SCORE:    10.442                 10.442          0          0          2    S_000004
   1 H     0.000  170.252   55.279   80.696 -156.693  -70.901   76.413   38.031   95.018   -4.608    0.289748   -1.408508   -0.485629   -0.807874   -1.607313   -1.528986   -1.865974   -0.731125   -1.203143    3.794    0.984    0.238 S_000004
   2 P   -50.353 -155.642   49.514  144.140 -116.281 -177.136  152.040  -34.900  163.032   29.821    0.343286   -0.324128   -1.448346   -0.793398   -1.280886   -1.793255   -1.940277   -0.746673   -1.179096    8.803   -1.166   -2.920 S_000004
   3 P   -68.290  165.624   53.091  148.683 -120.580  175.250  113.124  -37.907  158.220 -145.963    0.336084   -0.197418   -1.472562   -0.755729   -1.177993   -1.869278   -1.909839   -0.730576   -1.194448   14.425   -1.308   -5.804 S_000004
   4 P   146.615 -167.000 -169.815   82.470 -132.725  -70.289   71.708   40.712   88.644   81.510    0.299093   -1.387817   -0.540911   -0.761575   -1.502633   -1.637962   -1.858264   -0.706118   -1.223254   20.959   -0.559   -8.460 S_000004
   5 P  -172.604  161.126  159.864  155.138 -101.607 -139.360  -48.863  -40.948  155.621   78.591    0.319081    0.026124   -1.484098   -0.731166   -0.944630   -1.986654   -1.887978   -0.700564   -1.211859   26.327    2.309  -11.735 S_000004
   6 P   -63.250  175.683   65.794  149.949 -131.110 -149.590  116.670  -46.360  165.701  151.659    0.291047   -0.023190   -1.497427   -0.685692   -1.116595   -1.889345   -1.874813   -0.741826   -1.205416   32.333    3.133  -14.854 S_000004
   7 H   -73.057 -177.063   58.459   85.272    0.000    0.000   81.579   34.751   96.012  179.899    0.339659   -1.341363   -0.635686   -0.790128   -1.498164   -1.654480   -1.884170   -0.707602   -1.216648   38.443    4.275  -17.660 S_000004
SCORE:    10.707                 10.707          0          0          1    S_000005
   1 H     0.000  170.252   55.279   79.743 -159.507  -70.557   71.958   44.588   91.331  158.491    0.311628   -1.423496   -0.471538   -0.697961   -1.466706   -1.595614   -1.833862   -0.708448   -1.227261    3.794    0.984    0.238 S_000005
   2 N  -122.733  141.870  172.629   89.309 -106.078 -114.128   69.985   33.990   89.229  -18.810    0.370373   -1.303663   -0.694334   -0.761512   -1.438136   -1.715946   -1.918878   -0.803264   -1.149429    8.864   -0.787   -3.068 S_000005
   3 P  -179.630  115.281   62.224  122.274 -131.448 -164.064   84.287  -17.095  153.564  143.373    0.421273   -0.734637   -1.265427   -0.864863   -1.468550   -1.653260   -1.954534   -0.733221   -1.166445   12.726    2.775   -7.882 S_000005
   4 P   107.645  177.113 -151.446  121.171 -147.326  -97.859   90.040   -9.304  132.582 -149.400    0.420710   -0.720589   -1.277335   -0.858548   -1.316539   -1.850888   -1.956492   -0.719478   -1.189242   19.361    4.913   -9.333 S_000005
   5 N  -139.048  166.464  170.340   86.512 -154.158  -65.732   70.175   34.223   96.956   10.890    0.341865   -1.327089   -0.657684   -0.792520   -1.472840   -1.667874   -1.873415   -0.684865   -1.220649   26.111    6.266  -10.663 S_000005
   6 P  -168.839  121.189 -176.246   84.421 -162.310  -96.356  108.244   34.304  106.356  -23.636    0.327894   -1.391748   -0.518664   -0.809234   -1.631897   -1.506085   -1.823324   -0.679514   -1.237292   31.968    7.153  -14.055 S_000005
   7 H   -64.016  176.379   52.938   85.587    0.000    0.000   86.368   36.790   95.386  169.921    0.330705   -1.336908   -0.619975   -0.773215   -1.462453   -1.666093   -1.851392   -0.662304   -1.240714   34.795    8.124  -19.638 S_000005
SCORE:    10.537                 10.537          0          0          1    S_000006
   1 H     0.000  170.252   55.279   80.256 -154.932  -74.106   74.528   37.760   93.760   -1.870    0.317007   -1.390705   -0.504511   -0.775210   -1.590090   -1.550758   -1.857765   -0.749155   -1.197035    3.794    0.984    0.238 S_000006
   2 P   -53.263  -84.013  179.931  121.234 -143.667 -130.098   47.916  -25.284  165.035  136.041    0.390724   -0.706993   -1.308555   -0.850770   -1.556537   -1.535396   -1.919063   -0.699958   -1.200243    8.205    0.182   -4.025 S_000006
   3 P   -54.693  151.746   58.975   84.751 -153.250 -119.142   84.210   36.007   93.662  -20.318    0.333311   -1.344872   -0.636449   -0.783074   -1.478663   -1.674962   -1.887346   -0.705866   -1.216952   13.375    1.376   -7.366 S_000006
   4 N  -178.810  153.055  135.770  106.704 -138.327 -112.358  127.377   22.478   87.323  -11.418    0.409131   -0.973460   -1.098711   -0.809248   -1.028300   -2.013690   -1.923910   -0.665663   -1.225656   20.220    2.200   -9.603 S_000006
   5 P   -71.409  163.072   88.916  129.689 -115.676 -168.510  103.969  -27.373  151.463 -158.189    0.375027   -0.488612   -1.399569   -0.832328   -1.348614   -1.777614   -1.951482   -0.749221   -1.158968   25.994    3.641  -12.350 S_000006
   6 P   147.134 -168.848  174.551   84.578 -147.110  -72.890   70.254   33.977   96.687  -24.297    0.349584   -1.331002   -0.659733   -0.788648   -1.484050   -1.669911   -1.886169   -0.707459   -1.211906   32.560    3.560  -15.319 S_000006
   7 H   139.059 -155.577 -169.862   82.614    0.000    0.000   61.743   40.524   92.729   89.934    0.288612   -1.393841   -0.521896   -0.772448   -1.530236   -1.612405   -1.833040   -0.665060   -1.237117   38.322    5.791  -16.413 S_000006
SCORE:    10.318                 10.318          0          0          1    S_000007
   1 H     0.000  170.252   55.279   94.813   93.430  131.111  124.489  -24.295  141.742   51.832    0.459559   -0.249491   -1.426582   -0.751146   -0.978385   -2.013057   -1.889448   -0.621027   -1.254934    3.794    0.984    0.238 S_000007
   2 P   165.278  167.371  175.594   83.822 -158.281  -75.127   89.459   36.330   91.172 -137.030    0.339110   -1.327173   -0.662258   -0.772025   -1.433257   -1.708364   -1.881501   -0.696938   -1.221572    9.061    0.085   -4.663 S_000007
   3 N  -162.335 -115.976  123.191   89.015  175.258 -173.476   79.260   17.306  130.746  -80.581    0.379421   -1.301197   -0.739786   -0.920270   -1.669913   -1.460581   -1.919630   -0.732482   -1.173204   15.001    1.391   -7.677 S_000007
   4 P   145.834  169.864  160.515  116.771 -150.825  -95.969  116.851    6.639  112.778  -49.780    0.428419   -0.827735   -1.201961   -0.850477   -1.142936   -1.957796   -1.955336   -0.681649   -1.210816   21.923    2.715   -9.232 S_000007
   5 N  -149.449  161.904  169.889   81.813 -145.400  -65.994  120.751   29.215  116.975    7.240    0.321253   -1.415703   -0.497345   -0.892978   -1.732380   -1.385977   -1.824266   -0.691127   -1.230135   28.006    3.461  -12.645 S_000007
   6 P   -71.409  163.072   88.916  129.689 -115.676 -168.510  103.969  -27.373  151.463 -158.189    0.375027   -0.488612   -1.399569   -0.832328   -1.348614   -1.777614   -1.951482   -0.749221   -1.158968   33.438    3.402  -15.224 S_000007
   7 H   -69.162 -175.615   49.492   78.310    0.000    0.000   76.882   38.637   98.548  159.265    0.297374   -1.430533   -0.417187   -0.794478   -1.671445   -1.464452   -1.828955   -0.733955   -1.214732   38.640    0.190  -17.782 S_000007
SCORE:    10.640                 10.640          0          0          0    S_000008
   1 H     0.000  170.252   55.279   84.630   53.403  125.435   99.527   33.310   98.365   55.186    0.361021   -1.325991   -0.654624   -0.782111   -1.492447   -1.653433   -1.880037   -0.713331   -1.210919    3.794    0.984    0.238 S_000008
   2 N   167.952 -167.959  154.203  145.211 -155.376 -167.633   19.536  -32.174  148.043  -55.599    0.332777   -0.133501   -1.484945   -0.828850   -0.980089   -2.013944   -1.953344   -0.695714   -1.205944    8.969    2.017   -4.225 S_000008
   3 P   -71.854  175.369   61.562   86.342 -137.427  -62.284   73.318   37.124   89.707  -24.492    0.318065   -1.342587   -0.632925   -0.784033   -1.449314   -1.680286   -1.879716   -0.692039   -1.212668   15.049    1.652   -6.697 S_000008
   4 P  -108.293   86.120  164.210   81.610 -145.592  -76.612   47.222   37.518   89.695  148.368    0.328533   -1.348579   -0.623677   -0.767902   -1.462259   -1.681907   -1.874942   -0.722851   -1.206062   19.909    3.301   -9.245 S_000008
   5 P  -166.898   57.415  164.201   84.573 -140.977  -65.616   66.700   35.291   96.775  -22.631    0.321818   -1.367659   -0.593412   -0.810656   -1.539393   -1.613780   -1.888899   -0.719215   -1.201128   26.594    3.841  -10.319 S_000008
   6 P   179.384  109.463 -179.306   83.839 -158.740  -52.055  120.779   32.850   99.335   19.855    0.340501   -1.350176   -0.625714   -0.813365   -1.547777   -1.612043   -1.885995   -0.722023   -1.202003   33.146    4.863  -12.440 S_000008
   7 H     0.000 -178.192  177.890 -269.464    0.000    0.000   46.877   43.518   80.739  -24.979    0.304008   -1.313753   -0.711898   -0.714609   -1.216256   -1.833748   -1.882805   -0.657939   -1.243626   38.432    5.244  -13.278 S_000008
SCORE:    10.644                 10.644          0          1          0    S_000009
   1 H     0.000  170.252   55.279   79.531 -153.303  -70.019   67.770   42.048   89.528  175.585    0.284830   -1.411533   -0.479034   -0.756602   -1.550497   -1.587694   -1.842008   -0.707220   -1.226541    3.794    0.984    0.238 S_000009
   2 P  -109.262   88.349  166.970   83.859 -138.987  -65.973   58.939   33.360   96.071  179.884    0.351261   -1.321286   -0.667970   -0.790772   -1.481709   -1.670206   -1.882775   -0.720551   -1.203499    8.282    0.134   -3.154 S_000009
   3 P   177.366  142.836 -177.540   86.392   81.924   89.658  106.666   34.383   91.374   35.384    0.329518   -1.203568   -0.872590   -0.818960   -1.153720   -1.885512   -1.932817   -0.607425   -1.234970   14.496    1.282   -6.003 S_000009
   4 N   167.952 -167.959  154.203  145.211 -155.376 -167.633   19.536  -32.174  148.043  -55.599    0.332777   -0.133501   -1.484945   -0.828850   -0.980089   -2.013944   -1.953344   -0.695714   -1.205944   19.846    4.008   -9.277 S_000009
   5 P   167.223 -130.441 -178.374   82.295 -142.978  -73.235   69.197   37.374   94.578 -156.510    0.324684   -1.371068   -0.577949   -0.778213   -1.514777   -1.627160   -1.863633   -0.699814   -1.218037   26.102    6.142  -11.932 S_000009
   6 P   -57.076  159.557   74.072  122.522 -124.914  176.015  109.465  -27.926  161.760  179.896    0.363848   -0.671595   -1.324732   -0.846074   -1.563840   -1.540839   -1.910259   -0.713848   -1.195912   31.141    7.234  -14.858 S_000009
   7 H   -67.777  162.362   64.234   77.439    0.000    0.000   65.465   37.920   94.912  179.874    0.328547   -1.382034   -0.566046   -0.769493   -1.513661   -1.616802   -1.844226   -0.680933   -1.230786   36.387    5.152  -17.359 S_000009
SCORE:    10.597                 10.597          0          1          1    S_000010
   1 H     0.000  170.252   55.279   76.684  161.788 -104.128  113.360   34.151  108.107 -159.563    0.289103   -1.434689   -0.433754   -0.862167   -1.721140   -1.395645   -1.842928   -0.733402   -1.198369    3.794    0.984    0.238 S_000010
   2 P  -177.185 -173.566  155.371  145.456  -98.754  179.352  138.838  -24.197  141.689  170.602    0.366879   -0.185448   -1.467973   -0.847005   -0.869502   -2.069646   -1.938630   -0.653402   -1.218242    9.390    1.542   -3.241 S_000010
   3 P   131.323 -172.365 -165.198   81.904 -159.485  -53.476   75.696   37.026   95.554   71.890    0.344578   -1.372737   -0.555252   -0.748434   -1.556579   -1.599391   -1.832656   -0.719597   -1.222243   15.098    4.751   -5.855 S_000010
   4 P   168.992 -156.630  174.212   86.705 -137.197 -119.664  108.197   33.640   99.366  -15.229    0.329923   -1.352776   -0.624135   -0.819988   -1.531632   -1.621327   -1.886817   -0.697388   -1.214338   20.578    5.911   -8.888 S_000010
   5 P   -93.545 -174.607   60.263   75.265 -146.641  -62.178   70.130   42.609   92.741  -22.321    0.286141   -1.431921   -0.431331   -0.750105   -1.586371   -1.540045   -1.794161   -0.660284   -1.258523   26.552    8.498  -11.554 S_000010
   6 P  -122.048   97.641  145.340   80.852 -179.582  -82.000   66.072   37.765   87.897 -167.348    0.313917   -1.371369   -0.559325   -0.781959   -1.527492   -1.614138   -1.894911   -0.777845   -1.173631   30.608    7.920  -15.973 S_000010
   7 H    77.031 -158.479 -174.860   85.162    0.000    0.000   73.762   43.260   83.801  -20.263    0.280484   -1.383079   -0.484491   -0.720271   -1.531153   -1.612537   -1.864461   -0.749997   -1.201679   35.485   10.292  -16.398 S_000010
