SEQUENCE: gaaaaaaaaaaaaaaaaaag
SCORE:     score    rna_stub_coord_hack       N_WC      N_NWC       N_BS description
REMARK RNA 
SCORE:     1.070                  1.070          0          0          4    S_000001
   1 H     0.000  170.252   55.279   79.399 -127.550  151.691   75.517   41.675   94.425 -138.291    0.277732   -1.443491   -0.357346   -0.769813   -1.684748   -1.444825   -1.819317   -0.750634   -1.193273    3.794    0.984    0.238 S_000001
   2 P   -96.461   80.535  161.253   89.273 -150.402 -138.463   62.766   32.444  100.474 -166.336    0.333372   -1.318091   -0.693089   -0.830188   -1.464593   -1.677900   -1.910803   -0.694881   -1.200889    2.559    2.700   -3.511 S_000001
   3 P   -65.568  177.309   44.549   86.222 -152.799  -61.951   90.622   40.068   85.002  179.921    0.332995   -1.337295   -0.639844   -0.727416   -1.369311   -1.721158   -1.865746   -0.716335   -1.197855   -3.783    3.438   -1.589 S_000001
   4 P  -168.839  121.189 -176.246   84.421 -162.310  -96.356  108.244   34.304  106.356  -23.636    0.327894   -1.391748   -0.518664   -0.809234   -1.631897   -1.506085   -1.823324   -0.679514   -1.237292   -9.455    6.979   -2.825 S_000001
   5 N  -147.391  126.628  158.117   94.605 -114.502  -61.873   69.191   34.361   87.002  -14.674    0.390200   -1.189439   -0.867308   -0.743308   -1.152310   -1.891721   -1.905651   -0.712791   -1.204914  -15.896    6.692   -4.827 S_000001
   6 N   -61.967  162.204   54.039   81.891 -104.319 -131.542   76.251   38.356   91.559  -16.040    0.314129   -1.382675   -0.551507   -0.773840   -1.527779   -1.608949   -1.860838   -0.714414   -1.205447  -21.635    7.820   -5.826 S_000001
   7 N   -36.645 -169.862  148.400   84.954   59.837  110.260   33.415   32.147   96.803   39.609    0.346179   -1.228184   -0.819008   -0.813022   -1.288577   -1.815815   -1.917984   -0.641970   -1.225784  -26.375   10.727   -9.722 S_000001
   8 P   149.773 -156.144  176.474   82.777 -155.799  -84.417   85.097   38.273   91.188  109.933    0.325799   -1.359624   -0.601698   -0.762572   -1.475146   -1.669392   -1.863222   -0.693642   -1.226962  -32.432   13.415   -7.973 S_000001
   9 P     0.000  130.811   46.673 -275.333  259.584 -151.365   85.075   32.883  101.246  -15.450    0.340599   -1.386977   -0.540431   -0.815593   -1.638378   -1.511207   -1.875034   -0.761111   -1.176864  -36.999   15.219   -6.083 S_000001
  10 N   167.952 -167.959  154.203  145.211 -155.376 -167.633   19.536  -32.174  148.043  -55.599    0.332777   -0.133501   -1.484945   -0.828850   -0.980089   -2.013944   -1.953344   -0.695714   -1.205944  -42.742   19.653   -6.562 S_000001
  11 N    44.994 -140.443  -77.693   86.652 -153.969  -71.324  -90.491   35.782   92.566   77.413    0.325218   -1.320044   -0.689367   -0.797073   -1.410520   -1.725268   -1.851862   -0.640939   -1.261248  -48.442   21.241   -6.210 S_000001
  12 P   157.278 -175.483  178.629   85.426 -138.452  -53.300   63.895   32.085  103.738 -157.781    0.347715   -1.344365   -0.622039   -0.811413   -1.555694   -1.594049   -1.873769   -0.702627   -1.211519  -54.581   23.352   -7.633 S_000001
  13 P   -61.476  174.779   54.445   80.753 -140.415  -57.780   73.564   39.759   92.846 -161.112    0.294486   -1.402288   -0.518890   -0.778329   -1.551442   -1.595881   -1.851536   -0.697299   -1.231212  -59.572   26.059   -5.879 S_000001
  14 P  -110.906   85.403  146.526   96.485 -146.471  -71.677   82.967   37.592   89.575  -25.101    0.355031   -1.333348   -0.642374   -0.735209   -1.381286   -1.668881   -1.904644   -0.765621   -1.184184  -62.552   30.642   -4.190 S_000001
  15 P  -166.898   57.415  164.201   84.573 -140.977  -65.616   66.700   35.291   96.775  -22.631    0.321818   -1.367659   -0.593412   -0.810656   -1.539393   -1.613780   -1.888899   -0.719215   -1.201128  -66.719   34.611   -0.613 S_000001
  16 P   -40.354 -158.817   49.644  128.615 -179.467  167.792  161.168  -26.483  154.594   35.551    0.411607   -0.223169   -1.457199   -0.800461   -0.980869   -1.992723   -1.933841   -0.715384   -1.197698  -71.124   37.840    2.368 S_000001
  17 N  -176.398 -168.609   62.074   99.510 -160.103  -45.642  117.299   18.695  119.391  -11.267    0.395152   -1.188523   -0.881763   -0.880717   -1.460684   -1.678409   -1.931564   -0.661188   -1.206773  -75.041   43.933    2.768 S_000001
  18 N   -54.905 -179.787   52.984  131.374 -128.896  154.073  112.781  -21.146  143.722   17.580    0.415467   -0.432599   -1.404669   -0.834394   -1.156775   -1.922437   -1.939965   -0.702808   -1.188959  -80.190   41.564    2.208 S_000001
  19 P  -179.630  115.281   62.224  122.274 -131.448 -164.064   84.287  -17.095  153.564  143.373    0.421273   -0.734637   -1.265427   -0.864863   -1.468550   -1.653260   -1.954534   -0.733221   -1.166445  -86.500   42.845    2.269 S_000001
  20 H   -62.046  170.066   58.105   79.645    0.000    0.000   78.056   37.564   95.080  -21.788    0.310819   -1.380481   -0.556628   -0.792154   -1.525303   -1.599243   -1.855303   -0.688813   -1.226645  -91.288   45.897   -0.900 S_000001
SCORE:     1.702                  1.702          0          0          5    S_000002
   1 H     0.000  170.252   55.279   86.320  -90.624 -144.696   92.357   33.871   99.971 -112.800    0.323973   -1.368160   -0.595986   -0.823515   -1.568071   -1.594487   -1.886831   -0.715410   -1.202998    3.794    0.984    0.238 S_000002
   2 P   -69.100  166.789   60.987   85.575 -126.914  -76.933   76.801   35.484   93.476  -26.212    0.363551   -1.322575   -0.636810   -0.740290   -1.471245   -1.666578   -1.861899   -0.725658   -1.205625    6.971    1.110   -5.709 S_000002
   3 P   154.210 -167.249 -177.856   84.425 -110.086  -68.007   66.339   39.556   88.229  -20.046    0.319709   -1.343133   -0.653053   -0.755606   -1.387478   -1.739342   -1.883028   -0.703361   -1.215817    3.902   -0.971  -11.203 S_000002
   4 N   166.417 -156.689  162.873   86.483 -106.467  -81.902   61.475   36.237   84.579 -172.819    0.349934   -1.244415   -0.797356   -0.765578   -1.234940   -1.848206   -1.909593   -0.707790   -1.205054   -2.349   -1.638  -12.162 S_000002
   5 P   -63.361  171.385   43.817   82.506 -133.896  -86.914   71.349   39.627   87.717  -27.524    0.319212   -1.351003   -0.620800   -0.755156   -1.422347   -1.710249   -1.880199   -0.703259   -1.218111   -7.983    0.762  -10.182 S_000002
   6 P   -55.557 -138.518   45.590  140.956 -100.774 -174.752  -41.138  -35.343  167.214 -178.849    0.326764   -0.478423   -1.416040   -0.811774   -1.465499   -1.628528   -1.944494   -0.796561   -1.144110  -10.699    6.962   -9.956 S_000002
   7 N   -64.699  147.592   42.708  144.326 -121.937  149.063  111.286  -33.988  149.157   16.091    0.337601   -0.166138   -1.474106   -0.798394   -1.061037   -1.963106   -1.929577   -0.720623   -1.192276  -14.791   11.365  -11.165 S_000002
   8 N  -160.454 -158.404  116.189   82.533 -144.080  -59.836   67.520   39.023   92.897  -28.111    0.335569   -1.317743   -0.617560   -0.748814   -1.344116   -1.670291   -1.873081   -0.593683   -1.274895  -20.464   15.138  -11.108 S_000002
   9 P   -70.161 -127.588   48.987  148.658 -122.605  168.924 -174.892  -38.043  159.797   99.056    0.316111   -0.139779   -1.482987   -0.776700   -1.106221   -1.917126   -1.927503   -0.703429   -1.211688  -25.377   18.714  -13.822 S_000002
  10 N   -61.800  151.250   59.309   81.376 -151.979  -74.545   88.900   34.603  102.580   -8.879    0.328853   -1.411663   -0.478834   -0.807455   -1.679108   -1.467555   -1.848086   -0.753218   -1.193413  -30.712   21.040  -14.597 S_000002
  11 P   179.968  118.395   69.153   68.756  119.162  -33.832 -135.990   13.618  156.637    2.118    0.322771   -1.406449   -0.528624   -1.033827   -1.932502   -1.107433   -1.885588   -0.804764   -1.177131  -37.665   21.631  -15.171 S_000002
  12 P   173.330 -176.176  173.161   89.236 -120.118 -113.526   66.601   30.578  105.566 -179.411    0.341486   -1.333597   -0.661409   -0.838980   -1.537240   -1.610372   -1.902227   -0.711169   -1.197381  -42.187   24.433  -15.495 S_000002
  13 P   145.559 -147.661 -179.920   89.636 -147.948 -121.251  142.316   19.265  124.361   72.826    0.378876   -1.314939   -0.680925   -0.895597   -1.696331   -1.431095   -1.862822   -0.708039   -1.208086  -48.137   27.765  -15.879 S_000002
  14 P   169.387 -149.487  155.553   85.919 -111.634 -105.245   58.290   34.295   93.869 -174.200    0.347326   -1.316032   -0.673149   -0.786606   -1.451213   -1.690182   -1.888674   -0.697197   -1.209516  -53.517   32.279  -16.764 S_000002
  15 P   -21.910 -139.140  154.847   93.949  175.139  -69.745  132.933   21.913  108.315  -83.615    0.352516   -1.258399   -0.787173   -0.889254   -1.555405   -1.622364   -1.952054   -0.751128   -1.160243  -57.419   37.095  -18.972 S_000002
  16 N   -64.666  170.101   59.365   84.831 -156.516  -73.054   89.534   36.387   93.987   74.453    0.326289   -1.352386   -0.608939   -0.785652   -1.486099   -1.641581   -1.869676   -0.689371   -1.214770  -61.635   40.766  -18.955 S_000002
  17 P  -156.241 -172.309  170.358   90.579 -122.463  -73.511   97.000   24.621  116.504  -13.486    0.341843   -1.336481   -0.672589   -0.910049   -1.622569   -1.515204   -1.903182   -0.698196   -1.184257  -68.142   42.377  -17.607 S_000002
  18 N  -175.101 -147.674  159.572  141.718  176.133  146.872   62.364  -31.811 -103.226   76.911    0.331832   -0.177856   -1.485199   -0.843536   -1.029654   -1.962328   -1.977627   -0.691472   -1.204184  -72.934   45.281  -13.989 S_000002
  19 N  -107.507  -97.692  150.550  132.994  -78.491  149.706  111.973  -29.202  163.078 -109.175    0.395356   -0.491001   -1.387463   -0.800697   -1.378734   -1.702824   -1.922681   -0.722138   -1.183556  -77.678   48.764  -10.139 S_000002
  20 H   -61.732  174.321   57.113   77.233    0.000    0.000   74.979   41.765   89.471  -24.706    0.287195   -1.421414   -0.430202   -0.759049   -1.600247   -1.529456   -1.838681   -0.747691   -1.201153  -82.712   49.671   -7.732 S_000002
SCORE:     1.811                  1.811          0          0          4    S_000003
   1 H     0.000  170.252   55.279   86.601 -158.443  -52.462   79.464   35.824   90.732 -161.301    0.314671   -1.356388   -0.621681   -0.805557   -1.500611   -1.649872   -1.908290   -0.751287   -1.178993    3.794    0.984    0.238 S_000003
   2 N   -54.588  132.477  -58.151  147.396 -110.598  -86.899  177.269  -22.992  127.026  179.890    0.372152   -0.081763   -1.482773   -0.864995   -0.698989   -2.138314   -1.917180   -0.704360   -1.202141    7.534   -1.954   -0.799 S_000003
   3 P    63.863  170.499 -162.304   85.760 -147.363  -81.315   65.810   29.848  104.922 -151.108    0.338907   -1.330560   -0.663150   -0.847186   -1.560852   -1.608844   -1.905270   -0.724145   -1.196623    2.274   -1.433    2.524 S_000003
   4 P   -36.918 -153.877   53.859  147.355 -138.787 -139.139  153.593  -34.813  154.010  100.837    0.332148   -0.170995   -1.476134   -0.798376   -1.082609   -1.936969   -1.934460   -0.703444   -1.197882   -2.940    2.187    2.176 S_000003
   5 P   -44.143  164.454   55.205  104.628  159.257 -102.510  117.659    3.187  128.802  -91.358    0.423189   -0.924497   -1.143440   -0.897898   -1.350859   -1.802328   -1.950464   -0.635540   -1.219405   -8.392    5.381    0.841 S_000003
   6 P   -54.940  156.336   62.180   88.919 -105.612  -90.824   85.870   42.641   80.786  -23.801    0.288927   -1.312198   -0.692628   -0.741406   -1.268946   -1.820002   -1.881274   -0.642157   -1.251965  -12.135    9.184    1.543 S_000003
   7 P   -42.794  174.839   55.906   93.281 -145.888 -140.016  117.938   28.490  120.487  103.438    0.333015   -1.351528   -0.643539   -0.874456   -1.586900   -1.542299   -1.882350   -0.678418   -1.212105  -16.400   13.376   -0.866 S_000003
   8 P   -39.386  143.183   66.348  128.814 -146.508  -87.217   73.642  -27.279  153.460   14.549    0.385538   -0.533763   -1.385414   -0.820177   -1.402552   -1.735938   -1.940365   -0.748786   -1.168511  -21.120   17.125   -1.545 S_000003
   9 P   -75.273 -177.273   58.457   83.621 -148.329  -78.077  102.680   34.746   99.987  173.216    0.310938   -1.390645   -0.534514   -0.818816   -1.626940   -1.535135   -1.884051   -0.763853   -1.177319  -26.521   19.733   -4.304 S_000003
  10 P   -79.935 -110.906   87.017  144.773  -53.661 -147.164  171.200  -40.986  158.896   19.122    0.306407   -0.194610   -1.474750   -0.741624   -1.230459   -1.840193   -1.901831   -0.793111   -1.157033  -33.009   21.861   -3.300 S_000003
  11 N   -56.447  161.867   71.832  154.148 -109.816  -92.178  128.922  -38.278  154.303 -154.039    0.326604   -0.049147   -1.486557   -0.759318   -0.992584   -1.984304   -1.907809   -0.697240   -1.218033  -36.674   27.372   -3.075 S_000003
  12 P   -85.646 -172.338   62.303   87.694 -132.412 -137.359   75.752   41.825   86.915 -134.842    0.262574   -1.383132   -0.575571   -0.784929   -1.449756   -1.684998   -1.888351   -0.681691   -1.232021  -40.688   31.602   -6.781 S_000003
  13 P   160.815  105.099   88.582   92.840 -161.979 -164.996   83.120   14.294  126.435  -66.900    0.405061   -1.212048   -0.841187   -0.889406   -1.604759   -1.561045   -1.922890   -0.729780   -1.183130  -47.580   33.033   -5.114 S_000003
  14 P   -58.263  164.108   47.730   84.633 -142.277  -59.809  120.691   33.871  100.118  160.286    0.337637   -1.352017   -0.617540   -0.808343   -1.529427   -1.617533   -1.879039   -0.695102   -1.217871  -53.815   33.138   -6.232 S_000003
  15 P   -62.792  177.096   62.427   87.072 -111.269  -96.998   58.794   32.285   97.059  179.912    0.334952   -1.276693   -0.773654   -0.831025   -1.377791   -1.773170   -1.928494   -0.669650   -1.227726  -58.751   36.685   -6.333 S_000003
  16 P   -59.635 -160.120   48.664  147.679  -98.057 -148.024  -46.170  -37.674  158.172 -162.643    0.328942   -0.194641   -1.477977   -0.765558   -1.170944   -1.888938   -1.920786   -0.746690   -1.186433  -62.356   41.486   -9.664 S_000003
  17 P  -127.080   93.264 -171.275  103.043 -145.599  -68.794   72.022   24.237   98.054  162.081    0.368889   -1.139815   -0.938800   -0.834081   -1.303776   -1.854765   -1.930691   -0.681896   -1.218704  -66.365   44.628  -12.993 S_000003
  18 N   -69.516 -174.210   53.641   84.447 -155.470  -84.512   86.074   37.141   93.587  179.876    0.320599   -1.360529   -0.605612   -0.783958   -1.492646   -1.655184   -1.878417   -0.702970   -1.219756  -70.458   49.341  -11.673 S_000003
  19 P    72.249 -171.397  -89.575   84.407 -174.183  -60.687  -90.499   36.160   98.868  -73.070    0.329319   -1.359464   -0.594735   -0.785229   -1.517399   -1.628373   -1.857407   -0.681449   -1.238827  -76.084   51.100  -12.605 S_000003
  20 H   153.367 -159.051 -170.411   88.350    0.000    0.000   66.003   25.299  109.744  -20.666    0.383512   -1.271749   -0.746732   -0.833977   -1.532403   -1.638968   -1.899137   -0.719434   -1.196280  -82.074   51.935  -13.998 S_000003
SCORE:     1.608                  1.608          0          0          4    S_000004
   1 H     0.000  170.252   55.279   87.532 -101.889  -80.136   48.192   33.286   99.348  -20.892    0.327522   -1.342845   -0.645627   -0.826163   -1.515007   -1.640959   -1.898326   -0.703533   -1.207580    3.794    0.984    0.238 S_000004
   2 P   -99.259  178.050   67.070   85.581 -119.686  -50.920   79.143   40.469   89.044  -19.723    0.299659   -1.376588   -0.571142   -0.763946   -1.464178   -1.661427   -1.859691   -0.667806   -1.242119    5.808   -2.496   -5.169 S_000004
   3 P   142.544 -157.660  173.092   85.374 -123.104  -81.917   64.767   36.586   87.722  133.333    0.352495   -1.281592   -0.730813   -0.752846   -1.327217   -1.787262   -1.878978   -0.671597   -1.222844    0.087   -3.326   -6.162 S_000004
   4 P   -78.696 -167.253   48.218   81.831 -143.314  -83.138   88.015   37.417   94.842 -112.236    0.319789   -1.386209   -0.546037   -0.785726   -1.552105   -1.592996   -1.870412   -0.718146   -1.209878   -6.176   -1.054   -4.810 S_000004
   5 P   -53.982  175.499   58.101   69.370 -168.827  -83.451   78.681   38.769  106.876 -133.947    0.241743   -1.499270   -0.131829   -0.868124   -1.900732   -1.112730   -1.759431   -0.806190   -1.173860   -9.250    4.420   -5.184 S_000004
   6 P   -57.646 -146.257   57.461  143.472  -87.641  148.006  147.470  -36.073  161.191  121.537    0.352333   -0.200749   -1.470710   -0.763103   -1.148224   -1.890004   -1.921681   -0.697456   -1.207183  -12.461    9.729   -6.938 S_000004
   7 P   132.201 -170.136  172.043   82.935 -174.144  -99.458  113.946   35.506  102.658  -57.807    0.296716   -1.397482   -0.505598   -0.833698   -1.628991   -1.513709   -1.843882   -0.692077   -1.232421  -18.201   12.648   -8.330 S_000004
   8 P   148.676 -165.600 -170.434   82.795 -127.847  -99.219   77.270   36.905   94.303  -60.066    0.302431   -1.388814   -0.560459   -0.809846   -1.564362   -1.602826   -1.893046   -0.745849   -1.192433  -24.157   15.486   -8.192 S_000004
   9 P  -166.924 -154.036  159.889   90.332 -178.658 -136.635   73.477   26.413  115.255    3.673    0.345049   -1.323606   -0.689620   -0.882069   -1.572952   -1.568229   -1.923026   -0.712384   -1.176451  -29.995   19.167   -9.925 S_000004
  10 P   -68.196  154.673   61.092   83.475 -145.281  -61.503   89.604   40.640   89.789  -18.267    0.288933   -1.356054   -0.610669   -0.770218   -1.407620   -1.701451   -1.844313   -0.617865   -1.248176  -35.859   20.675   -8.957 S_000004
  11 P  -133.435  121.623  159.513   84.107 -132.282  -83.506   67.169   34.547   94.201  -27.447    0.328492   -1.348144   -0.633645   -0.807308   -1.509568   -1.647897   -1.897709   -0.723428   -1.200444  -40.515   24.990   -8.507 S_000004
  12 P  -159.952   80.325  162.537   89.137 -117.568  -65.643   68.835   39.077   87.047  -21.502    0.388049   -1.273983   -0.701690   -0.674314   -1.300879   -1.800380   -1.848808   -0.696068   -1.214165  -46.725   27.804   -8.279 S_000004
  13 P   171.747  153.395  159.041  148.712 -150.900 -143.856  163.298  -31.676  141.216  -34.261    0.335662   -0.099384   -1.482186   -0.823846   -0.920479   -2.044532   -1.934389   -0.708140   -1.198506  -51.493   32.673   -8.723 S_000004
  14 P   -69.625  179.829   52.071   79.169 -165.516 -168.684  108.266   34.171  109.094  179.917    0.308858   -1.431676   -0.439073   -0.843670   -1.716661   -1.407795   -1.810643   -0.698479   -1.231658  -56.944   36.374   -7.406 S_000004
  15 N   -74.481 -174.162   60.279   75.146 -141.556  -76.744   63.300   44.126   86.538  179.901    0.292051   -1.448355   -0.349565   -0.706569   -1.664177   -1.470205   -1.778408   -0.772095   -1.196796  -60.076   40.145  -11.994 S_000004
  16 N   164.888  176.912   49.220   84.372 -138.353  -80.475   80.163   36.084   96.343  -20.926    0.325833   -1.362679   -0.602200   -0.792999   -1.516569   -1.636208   -1.879053   -0.707999   -1.216476  -61.388   46.816  -12.907 S_000004
  17 N   -97.944  144.143  116.364  107.390 -146.299  170.116   62.722   -5.024  141.666   18.042    0.428033   -0.968284   -1.110263   -0.900109   -1.566329   -1.597061   -1.953408   -0.750813   -1.156653  -67.547   46.087  -11.859 S_000004
  18 P   163.915 -172.598  170.232   84.847 -141.166  -71.216   90.576   34.994   93.637  174.357    0.365294   -1.314023   -0.663394   -0.753743   -1.442508   -1.688954   -1.869242   -0.701492   -1.217749  -73.867   48.012   -9.096 S_000004
  19 P   -59.210  163.918   51.771   85.387 -163.074  -66.422   78.970   36.028   94.965 -159.463    0.323532   -1.349423   -0.627272   -0.794188   -1.479980   -1.658159   -1.885808   -0.704230   -1.212037  -79.298   49.862   -7.306 S_000004
  20 H   -50.320  158.726   49.616   83.970    0.000    0.000   73.936   37.121   93.702  -30.224    0.320748   -1.360337   -0.576430   -0.780414   -1.513584   -1.621648   -1.876586   -0.727926   -1.203136  -84.379   50.855   -9.253 S_000004
SCORE:     1.260                  1.260          0          0          4    S_000005
   1 H     0.000  170.252   55.279   79.419 -101.990 -152.535   94.004   39.349   92.958 -101.346    0.307315   -1.414584   -0.467256   -0.772615   -1.608041   -1.534888   -1.850561   -0.742732   -1.204369    3.794    0.984    0.238 S_000005
   2 N   -98.847 -133.090  109.386   63.101 -132.707  -90.758   83.255   52.277   83.563  179.906    0.239942   -1.489098   -0.287154   -0.656555   -1.564888   -1.531373   -1.790933   -0.742706   -1.235096    4.917    1.430   -6.712 S_000005
   3 P  -141.884 -153.218   68.457  142.369  -78.259 -147.876  139.504  -33.072  154.475   16.775    0.336963   -0.296650   -1.449887   -0.804312   -1.209831   -1.869476   -1.932761   -0.730949   -1.184057   -0.790    4.501   -9.714 S_000005
   4 N  -153.652  128.755  161.424  143.921 -153.217   56.773  160.808  -31.314  148.153  -37.264    0.343393   -0.225622   -1.472310   -0.819705   -1.084813   -1.967872   -1.945594   -0.715949   -1.195315   -7.498    4.852  -10.539 S_000005
   5 P  -155.146 -150.820  117.921   86.113 -130.582 -148.643   67.544   32.888  102.779 -102.425    0.346919   -1.363914   -0.563645   -0.802385   -1.605565   -1.541881   -1.842961   -0.706156   -1.218029  -10.018   10.530  -10.281 S_000005
   6 P   -54.292  168.092   51.831   84.117 -151.719  -78.490   81.836   37.218   91.132   74.998    0.327866   -1.352633   -0.616318   -0.775404   -1.470422   -1.666803   -1.885367   -0.712649   -1.211318  -13.868   15.508   -8.421 S_000005
   7 P   -97.972 -152.339   81.706  124.769 -146.581  162.724  125.829  -16.565  146.909   34.182    0.440902   -0.620888   -1.321854   -0.837849   -1.312903   -1.792966   -1.931445   -0.672971   -1.201510  -19.506   19.442   -9.101 S_000005
   8 N   -73.178  134.130   44.250   88.905 -100.679  173.269  -41.282   30.145  106.047  -70.394    0.349367   -1.332571   -0.659443   -0.836310   -1.549353   -1.605595   -1.897761   -0.712716   -1.195262  -24.174   21.331   -6.776 S_000005
   9 P  -157.150  169.410  110.578  104.111 -131.679  -77.715   57.371   22.137   94.012   10.621    0.396541   -1.070534   -1.015764   -0.815080   -1.217123   -1.916786   -1.923891   -0.676323   -1.227813  -30.685   20.731   -5.057 S_000005
  10 P   -68.603  166.827   63.543   86.574 -135.796 -131.885   73.014   27.101  113.414  -11.973    0.368256   -1.296553   -0.706050   -0.843406   -1.527216   -1.605968   -1.861679   -0.637858   -1.237027  -36.656   22.563   -4.179 S_000005
  11 P    40.892  -94.515 -107.421   89.151 -132.836  -55.986   57.462   31.166   94.656  -18.876    0.365403   -1.235342   -0.807916   -0.805109   -1.314157   -1.784873   -1.911714   -0.643446   -1.228902  -41.471   24.307   -3.931 S_000005
  12 N   156.206 -167.738 -170.879   84.580 -144.625  -58.211   59.260   35.291  101.679  -13.494    0.327934   -1.371793   -0.583068   -0.794657   -1.553461   -1.596619   -1.845835   -0.684503   -1.254648  -47.099   27.053   -2.915 S_000005
  13 N  -148.022  144.508 -177.617   93.488 -141.099  -71.036   13.511   23.881  123.218   -7.754    0.352280   -1.397577   -0.511532   -0.899902   -1.787483   -1.297851   -1.871512   -0.779200   -1.153331  -52.439   30.926   -3.339 S_000005
  14 N   -53.600 -178.216   35.084   79.186 -132.553  -87.250   91.602   38.544   93.483  -19.096    0.303299   -1.397773   -0.510961   -0.787067   -1.563051   -1.565266   -1.867946   -0.730572   -1.202593  -56.918   35.168   -2.464 S_000005
  15 P   -21.836 -133.217  170.749  150.760 -101.380  148.603   85.879  -35.796  157.468   18.461    0.335203   -0.167530   -1.474512   -0.789514   -1.103974   -1.927048   -1.929857   -0.698162   -1.203981  -63.169   36.097   -2.214 S_000005
  16 N   -42.497  127.632   39.824   73.346 -150.027  -64.410   90.736   43.525   94.789  -48.992    0.248863   -1.469285   -0.306005   -0.783115   -1.703238   -1.414682   -1.815222   -0.751062   -1.210679  -68.241   36.560   -2.991 S_000005
  17 N    64.943  144.179   41.511   90.329 -133.071  -51.265   51.018   40.105   89.510  -27.923    0.369037   -1.348103   -0.627434   -0.709964   -1.339060   -1.695054   -1.880491   -0.749661   -1.171416  -72.255   40.900   -3.831 S_000005
  18 P  -114.499   92.306  164.168   82.740 -121.969  -69.672   61.524   37.885   88.325  -22.133    0.329583   -1.348611   -0.619245   -0.767744   -1.437683   -1.673993   -1.875378   -0.701563   -1.207974  -78.047   41.204   -3.874 S_000005
  19 P   -75.687 -154.394   61.566  100.980   25.338   62.568  139.653   11.744  131.204   65.493    0.413397   -1.161512   -0.900510   -0.892159   -1.555928   -1.589156   -1.888576   -0.626565   -1.248269  -84.558   42.892   -4.134 S_000005
  20 H   -46.405 -100.013  -71.146  142.741    0.000    0.000  154.727  -34.161  160.555  129.122    0.320893   -0.321178   -1.458082   -0.831571   -1.261248   -1.809756   -1.954339   -0.740308   -1.163660  -85.890   45.045   -5.867 S_000005
SCORE:     1.906                  1.906          0          0          3    S_000006
   1 H     0.000  170.252   55.279  155.009  -79.291 -117.662  120.248  -38.884  156.814   34.280    0.311631   -0.076641   -1.487680   -0.770383   -1.043022   -1.962842   -1.924497   -0.720337   -1.208561    3.794    0.984    0.238 S_000006
   2 P  -103.472 -127.632   68.840   84.021 -148.809  -52.806   75.918   37.682   93.662  -15.877    0.323560   -1.369177   -0.582570   -0.773618   -1.508700   -1.638490   -1.860321   -0.695467   -1.225837    9.303    1.139   -4.128 S_000006
   3 P   167.956  168.479  179.253   88.860  -98.532  -86.975   73.313   34.902   90.785 -168.683    0.349434   -1.250241   -0.788311   -0.783876   -1.272465   -1.819946   -1.908019   -0.646347   -1.228825    8.130    7.331   -6.186 S_000006
   4 P   -78.216 -126.001 -171.123   90.488  -92.402  -72.921  -41.329   14.688  132.786   -7.073    0.401303   -1.262662   -0.743173   -0.889097   -1.696483   -1.435303   -1.899723   -0.752829   -1.177276    7.064   14.056   -4.813 S_000006
   5 N   -66.357 -103.620  147.467   87.655  165.407   24.026  169.021   22.730 -139.800  100.168    0.378939   -1.308348   -0.685856   -0.876617   -1.631489   -1.509043   -1.895382   -0.712426   -1.195761    4.386   17.912   -9.494 S_000006
   6 P  -102.682 -165.508   38.132  134.491 -113.294 -111.658  179.144  -31.191  158.940   23.293    0.340378   -0.465124   -1.417584   -0.836319   -1.380937   -1.729618   -1.960600   -0.791538   -1.132119   -0.635   20.797   -8.353 S_000006
   7 P   -41.786  148.579   51.185   80.147 -131.534  -63.764   67.432   34.130   99.996  -29.687    0.335698   -1.378060   -0.550486   -0.803102   -1.600111   -1.542361   -1.871063   -0.743592   -1.194508   -2.719   24.776   -3.947 S_000006
   8 P   -69.004  174.493   54.092   80.446 -143.337  -58.364   70.845   41.514   91.313  -26.413    0.294380   -1.401806   -0.526471   -0.754761   -1.508330   -1.628702   -1.856756   -0.709345   -1.221892   -1.682   30.717   -2.442 S_000006
   9 P   -59.809 -129.144   54.265  150.072  -89.880  178.588  169.207  -33.725  153.392   52.776    0.344401   -0.126133   -1.477143   -0.797352   -1.002056   -1.982670   -1.937984   -0.657325   -1.223011   -0.254   36.263   -5.531 S_000006
  10 P    46.087 -158.906  -77.476   88.486 -161.254   -8.688   85.308   34.844   90.961  -27.634    0.307328   -1.321102   -0.690338   -0.830460   -1.419204   -1.705234   -1.921769   -0.695510   -1.191031   -0.138   42.394   -7.278 S_000006
  11 P   -67.493 -171.025   50.260   79.351 -148.124  -67.325   77.970   38.984   92.853  163.461    0.305617   -1.400300   -0.506828   -0.777662   -1.570816   -1.572392   -1.855813   -0.715273   -1.215981   -1.397   47.733   -6.730 S_000006
  12 P    22.576 -176.579   48.661   84.972 -150.929  -64.270   77.961   32.348  100.173  179.946    0.355592   -1.316000   -0.692777   -0.800193   -1.474702   -1.680878   -1.891094   -0.694808   -1.215935   -4.443   51.418   -3.736 S_000006
  13 P  -178.223  151.540   45.446  156.746  -72.619  117.571  110.638  -39.397  156.765   43.976    0.302766    0.008952   -1.496780   -0.776777   -0.939384   -2.008089   -1.922043   -0.664073   -1.228970   -5.023   58.225   -4.139 S_000006
  14 P   140.004 -161.511  172.648   87.535 -135.875 -127.774  -63.089   27.673  113.365  -21.649    0.351703   -1.359808   -0.617725   -0.860422   -1.647064   -1.511100   -1.888219   -0.728269   -1.197425   -6.371   63.681   -2.331 S_000006
  15 N   -30.645  161.918   50.576  145.264  167.401  -97.795  130.765  -37.341  160.066  -48.470    0.309718   -0.199904   -1.478244   -0.793205   -1.172229   -1.893487   -1.942970   -0.738240   -1.191718   -5.542   70.008   -2.721 S_000006
  16 P   -53.263  -84.013  179.931  121.234 -143.667 -130.098   47.916  -25.284  165.035  136.041    0.390724   -0.706993   -1.308555   -0.850770   -1.556537   -1.535396   -1.919063   -0.699958   -1.200243   -6.539   75.869   -3.525 S_000006
  17 P   -82.065 -169.133  159.105  130.152 -118.962 -131.679  102.280  -28.889  151.726  167.282    0.365724   -0.408328   -1.424356   -0.816562   -1.273284   -1.838067   -1.942577   -0.701107   -1.207967   -9.487   81.254   -6.844 S_000006
  18 N   138.422  119.523   56.676   84.853   53.786  138.605   49.003    8.551  136.662   65.599    0.436521   -1.202607   -0.821644   -0.877003   -1.690398   -1.422836   -1.825804   -0.688787   -1.208249   -9.090   88.293   -4.940 S_000006
  19 P   -69.784  162.548   62.002   91.397 -145.690  -72.483   78.355   32.811   97.381  164.667    0.347280   -1.288130   -0.735306   -0.803723   -1.402344   -1.732983   -1.900358   -0.667297   -1.226122   -9.649   93.963   -8.140 S_000006
  20 H   -58.673 -178.924   50.037   82.861    0.000    0.000   83.508   35.312   96.856   89.727    0.331438   -1.354438   -0.608650   -0.794735   -1.512940   -1.628635   -1.876312   -0.710080   -1.205691  -12.867   99.297   -8.733 S_000006
SCORE:     0.795                  0.795          0          1          4    S_000007
   1 H     0.000  170.252   55.279  127.460  -29.346 -152.812  171.970  -31.870  154.269   11.669    0.334954   -0.528981   -1.384917   -0.815961   -1.457139   -1.640107   -1.913022   -0.729894   -1.184519    3.794    0.984    0.238 S_000007
   2 N   141.910 -147.275 -177.799   82.765  -74.478  -75.739   66.500   35.764   94.847  -29.354    0.329363   -1.339998   -0.652649   -0.790646   -1.464702   -1.687237   -1.880149   -0.693570   -1.223572    6.969    2.762   -5.170 S_000007
   3 P   179.099 -167.499  165.649  155.148 -107.586  148.241  103.768  -34.735  141.659   28.062    0.314041    0.107935   -1.489468   -0.823698   -0.701951   -2.120322   -1.901345   -0.710070   -1.203154    5.483    8.823   -5.533 S_000007
   4 P   149.440  168.154  163.477   88.351 -118.967  -59.790   74.057   38.429   82.292  -21.094    0.345823   -1.268570   -0.756346   -0.736867   -1.241257   -1.824044   -1.884736   -0.678032   -1.217530    3.373   14.320   -8.705 S_000007
   5 P   146.615 -167.000 -169.815   82.470 -132.725  -70.289   71.708   40.712   88.644   81.510    0.299093   -1.387817   -0.540911   -0.761575   -1.502633   -1.637962   -1.858264   -0.706118   -1.223254    0.073   19.487   -7.723 S_000007
   6 P  -107.319   79.099  167.292   84.070 -130.682  -74.105   62.042   40.406   88.517  -22.237    0.311118   -1.368851   -0.595316   -0.752790   -1.440159   -1.688069   -1.879994   -0.727387   -1.201946   -3.128   24.083   -6.253 S_000007
   7 P   -80.038  176.179   50.143  140.545 -121.983  142.556  107.539  -32.297  155.179 -171.391    0.337627   -0.341992   -1.448902   -0.822973   -1.251736   -1.833691   -1.956174   -0.751793   -1.167097   -7.835   28.452   -7.279 S_000007
   8 P   -87.787  177.868   72.488  125.142 -164.828 -151.898  111.548  -19.213  150.164  -29.735    0.411216   -0.574601   -1.357123   -0.857597   -1.302692   -1.814919   -1.954673   -0.693383   -1.189634  -10.677   33.192   -9.156 S_000007
   9 N   -60.793  171.558   61.962   89.409 -158.232  -99.016   75.344   33.310   97.241 -167.829    0.337877   -1.332470   -0.657891   -0.811917   -1.496742   -1.656441   -1.904852   -0.725438   -1.193617  -11.376   38.314  -13.053 S_000007
  10 P   164.423 -126.231  176.251   91.863 -148.152  -95.447   90.726   36.141   94.787  -18.747    0.308216   -1.335123   -0.633984   -0.806988   -1.469271   -1.673926   -1.899392   -0.725780   -1.196649  -13.633   44.284  -14.649 S_000007
  11 P   -60.428 -156.393   49.064   81.548 -157.760 -109.948  104.152   39.170   88.406  167.000    0.309498   -1.366252   -0.593440   -0.769650   -1.466437   -1.669517   -1.876267   -0.701514   -1.220855  -17.455   49.143  -17.306 S_000007
  12 P    41.686 -144.792  168.887  141.293 -114.473  158.897 -101.812  -35.048  170.096   18.533    0.343617   -0.475854   -1.407441   -0.794643   -1.457063   -1.624313   -1.923096   -0.752845   -1.178408  -18.587   54.190  -19.846 S_000007
  13 P   -57.264 -179.723   53.772   82.125 -148.002  -61.807   76.626   37.285   98.112  166.049    0.318639   -1.380454   -0.562573   -0.785119   -1.540715   -1.608678   -1.853141   -0.683183   -1.236653  -20.957   59.325  -21.728 S_000007
  14 N   -60.864  178.312   55.388   77.674 -157.365  -76.738   69.006   33.639  105.003  179.937    0.327491   -1.402657   -0.498358   -0.822615   -1.667900   -1.473187   -1.864183   -0.753979   -1.192160  -24.674   64.081  -21.102 S_000007
  15 P   -53.426  167.329   65.141  115.360 -113.777 -159.626   97.404   -5.403  134.937   56.068    0.427600   -0.829890   -1.204746   -0.881835   -1.388628   -1.769707   -1.954577   -0.702966   -1.187770  -29.581   67.183  -19.906 S_000007
  16 N   -72.611 -175.292   47.588   80.293 -166.756  -91.353  111.062   42.270   81.066  179.938    0.325671   -1.339765   -0.646182   -0.704063   -1.347885   -1.772405   -1.865620   -0.708321   -1.234725  -34.010   72.283  -19.656 S_000007
  17 N   -56.971  153.570   56.017   90.278 -176.240 -115.163   79.715   39.462   95.358 -126.721    0.314034   -1.294961   -0.734265   -0.728566   -1.323899   -1.826231   -1.853260   -0.638490   -1.263668  -36.329   77.408  -18.422 S_000007
  18 P   -46.848  173.047   58.649   81.616 -147.491 -113.650   75.970   26.460  116.195   -7.778    0.343969   -1.397167   -0.529892   -0.885376   -1.751831   -1.377590   -1.858804   -0.747387   -1.189903  -39.857   82.408  -18.355 S_000007
  19 P   -51.696  147.794   39.941  140.316 -137.221 -120.332  120.974  -33.862  150.854   20.610    0.369298   -0.245871   -1.468292   -0.770662   -1.166093   -1.901613   -1.911278   -0.744960   -1.179318  -42.289   87.966  -18.168 S_000007
  20 H   -67.194 -177.770   37.573   76.125    0.000    0.000   82.347   39.831   94.796  -17.870    0.297949   -1.414614   -0.471344   -0.775718   -1.586866   -1.540761   -1.838910   -0.718612   -1.213867  -48.193   91.261  -17.379 S_000007
SCORE:     1.792                  1.792          0          2          2    S_000008
   1 H     0.000  170.252   55.279   77.658  -83.973 -141.948   52.631   40.385   95.111  -23.587    0.294968   -1.419864   -0.471656   -0.775206   -1.586430   -1.554673   -1.849490   -0.718300   -1.215533    3.794    0.984    0.238 S_000008
   2 P   -77.138  -83.560  -80.628   83.675 -177.761  -62.493  110.043   37.581   92.298  -80.739    0.303137   -1.380284   -0.557754   -0.794344   -1.542181   -1.605678   -1.879562   -0.723173   -1.208133    4.382    2.273   -5.947 S_000008
   3 P    21.591  -91.455  -99.278   94.570 -162.321 -176.278   90.163   31.029   92.558 -153.933    0.339440   -1.183107   -0.917928   -0.839713   -1.185098   -1.896261   -1.944360   -0.642535   -1.214680    1.651    3.495   -8.523 S_000008
   4 P   -60.210  165.037   40.485   79.517 -137.431  -84.998   74.377   41.665   83.740  179.887    0.308519   -1.376083   -0.571295   -0.738318   -1.441834   -1.681284   -1.860292   -0.715689   -1.220993   -4.127    1.723  -10.328 S_000008
   5 P   -78.860  179.474   51.116   84.582 -152.893  -75.251   75.238   36.315   95.594  -20.213    0.324821   -1.361044   -0.604471   -0.790419   -1.509225   -1.641943   -1.877721   -0.701338   -1.220975  -10.326    3.209  -12.166 S_000008
   6 P   -82.567  101.213  172.315   83.875 -140.332  -65.250   55.295   37.094   89.954  -22.080    0.322813   -1.341576   -0.639636   -0.782773   -1.451033   -1.695180   -1.888233   -0.700253   -1.217769  -14.539    6.247  -12.317 S_000008
   7 N   -90.183  164.657   71.766   77.167 -143.044  -83.018   74.936   50.428   82.444  -21.881    0.238346   -1.457564   -0.361206   -0.657305   -1.555368   -1.563209   -1.797252   -0.763080   -1.209290  -20.658    4.879  -12.167 S_000008
   8 P   -75.515  159.300   66.553   78.918 -164.801 -102.134   72.670   37.717   92.960   76.351    0.311854   -1.413087   -0.494506   -0.788938   -1.617870   -1.539085   -1.866826   -0.755681   -1.193985  -26.443    6.890  -10.954 S_000008
   9 P  -110.003  -95.178 -170.804   85.262 -152.851  -73.112   64.455   36.565   94.655  -23.735    0.333988   -1.354956   -0.605888   -0.774081   -1.501600   -1.649669   -1.863825   -0.691328   -1.230508  -31.942   11.425  -11.147 S_000008
  10 P   -67.780  169.566   55.337   80.106 -165.258 -116.086   78.433   41.613   92.114  -21.510    0.293408   -1.394096   -0.536144   -0.752705   -1.493140   -1.640821   -1.832884   -0.655131   -1.253745  -37.192   14.547  -10.921 S_000008
  11 P   -82.534 -147.865   56.470  137.591  -66.592 -145.303  136.505  -29.777  155.494    9.743    0.357452   -0.356921   -1.433932   -0.813930   -1.221796   -1.863159   -1.940128   -0.684621   -1.212727  -43.816   16.474   -9.873 S_000008
  12 P  -108.612   82.361  164.622   80.710 -149.634  -77.891   66.544   45.928   79.058 -144.411    0.271092   -1.401766   -0.525612   -0.716757   -1.413861   -1.684661   -1.860211   -0.722050   -1.213026  -49.273   16.957   -8.013 S_000008
  13 N   -51.635  163.937   50.409   81.830 -146.710  -68.218   82.057   34.167  100.917  -12.724    0.321417   -1.394291   -0.523038   -0.817918   -1.641577   -1.511683   -1.877571   -0.761225   -1.184413  -53.573   20.986   -8.887 S_000008
  14 N   -52.881  167.657   60.124   87.108 -119.592 -122.528   72.019   36.541   93.597  -30.597    0.326528   -1.345812   -0.631997   -0.785987   -1.466151   -1.675144   -1.880310   -0.686177   -1.226165  -59.384   22.059   -8.485 S_000008
  15 N     0.000  178.307   71.562 -282.044  219.395  -70.642   70.186   39.450   93.397  -21.702    0.290182   -1.409688   -0.486226   -0.793151   -1.576295   -1.553369   -1.865503   -0.720369   -1.206591  -65.368   23.629   -6.315 S_000008
  16 P   -60.812 -146.102   71.756  156.668  -78.282 -169.333  154.499  -36.879  159.613   62.580    0.318603   -0.121311   -1.484608   -0.802024   -1.070048   -1.952590   -1.947726   -0.665159   -1.220540  -69.902   27.909   -8.523 S_000008
  17 P  -126.250  106.011  168.977   85.439 -139.330  -69.420   50.139   35.086   94.746  179.888    0.323314   -1.344139   -0.631905   -0.807581   -1.496027   -1.655632   -1.891815   -0.714598   -1.199423  -74.826   30.948   -9.477 S_000008
  18 P   -57.274  169.677   52.604   82.427 -147.587  -73.330   86.318   37.149   96.422  158.684    0.327993   -1.366142   -0.579739   -0.776002   -1.516599   -1.628154   -1.858585   -0.688925   -1.232783  -79.341   33.815   -6.597 S_000008
  19 P   -55.990 -149.870  178.464   92.721 -150.508  -92.989  108.751   30.458  108.250  -11.244    0.349569   -1.311333   -0.685588   -0.835411   -1.489369   -1.635126   -1.899097   -0.672145   -1.203868  -85.631   35.441   -6.045 S_000008
  20 H   102.382  116.792  -62.468   81.590    0.000    0.000  116.724   36.756   92.915 -170.057    0.327876   -1.359792   -0.598369   -0.778879   -1.503809   -1.640675   -1.873392   -0.720236   -1.209712  -87.653   41.825   -4.682 S_000008
SCORE:     1.719                  1.719          0          0          3    S_000009
   1 H     0.000  170.252   55.279   84.198 -154.100  -64.825   70.892   33.655   93.167   62.835    0.336067   -1.319619   -0.686890   -0.806390   -1.453670   -1.689293   -1.897076   -0.711485   -1.202782    3.794    0.984    0.238 S_000009
   2 N   121.281 -135.305   67.713   87.534 -160.329   75.128  112.591   33.068   99.333  -22.565    0.344231   -1.349050   -0.618986   -0.812327   -1.551102   -1.615788   -1.865835   -0.705582   -1.225802    6.634   -3.353   -1.787 S_000009
   3 P  -179.293  130.146  140.124   79.152 -109.669 -101.744   49.690   30.942  107.568  -23.635    0.368515   -1.349301   -0.601626   -0.802370   -1.594846   -1.554049   -1.845816   -0.700267   -1.223266    1.868   -0.312    0.721 S_000009
   4 P  -173.910 -150.992  149.500  127.998 -128.911 -142.558   91.482   -6.193  136.127   15.787    0.408280   -0.788743   -1.262842   -0.923571   -1.317920   -1.806812   -1.984235   -0.740556   -1.116661   -5.002    1.114    0.790 S_000009
   5 P   -63.786  174.346   53.255   82.178 -117.715 -164.476   93.378   36.107   98.352  -17.057    0.324084   -1.378112   -0.565223   -0.796461   -1.557229   -1.595171   -1.868563   -0.711802   -1.214298  -11.393    2.826   -0.374 S_000009
   6 N   176.360  177.052   48.371   86.556 -146.348  -68.893   69.070   34.363  100.263   84.520    0.337329   -1.355115   -0.603717   -0.800863   -1.533644   -1.609026   -1.875906   -0.702253   -1.209255  -16.564    3.100    4.714 S_000009
   7 P  -174.693  125.315   70.626  100.770 -168.348 -125.431   59.244    6.694  142.590  165.496    0.406817   -1.171540   -0.911572   -0.936605   -1.632745   -1.491397   -1.901210   -0.662736   -1.210185  -22.315    4.640    1.152 S_000009
   8 P   152.594  176.327  171.244   91.237 -151.427  -73.024   82.556   36.730   87.095   -0.293    0.324489   -1.292433   -0.740995   -0.782053   -1.325054   -1.790390   -1.912036   -0.712281   -1.201892  -26.036   10.663    1.059 S_000009
   9 P   -61.653  158.780  111.392  131.953 -117.165 -124.089  113.393  -34.124  172.369  170.567    0.367177   -0.534770   -1.378991   -0.795747   -1.498249   -1.528004   -1.900206   -0.681102   -1.220799  -30.333   14.502    2.205 S_000009
  10 N   -82.210 -176.959   62.724   83.593 -141.275  -68.222   73.956   38.876   91.507  -25.821    0.316188   -1.351683   -0.626880   -0.764294   -1.430959   -1.699445   -1.859544   -0.647203   -1.251277  -36.822   17.087    1.704 S_000009
  11 P   -60.097 -146.945   70.140  151.229  -90.777 -175.526  161.181  -30.121  151.629   72.288    0.397053   -0.211454   -1.442957   -0.761754   -1.043461   -1.970860   -1.893172   -0.716125   -1.225162  -39.881   22.208   -1.050 S_000009
  12 P   -44.444  162.188   49.572   80.763 -129.048  -75.303   72.682   33.630  103.248  -14.176    0.339680   -1.370603   -0.566759   -0.804836   -1.592267   -1.555006   -1.864019   -0.724234   -1.205870  -43.439   26.825   -3.504 S_000009
  13 N   -26.065 -130.630  172.007  146.335 -141.275 -135.325   80.380  -33.279  151.090  147.354    0.335607   -0.153277   -1.484134   -0.814503   -1.030406   -1.984215   -1.942102   -0.701556   -1.201120  -49.352   28.378   -4.909 S_000009
  14 N    81.294  141.947   63.372   77.289 -141.877  -59.409   60.078   38.032  102.201  -16.391    0.298420   -1.447818   -0.393194   -0.803362   -1.704942   -1.420685   -1.800138   -0.717004   -1.226413  -52.286   34.197   -7.552 S_000009
  15 P   -70.392 -168.786   67.400  152.714  -79.917 -130.447  140.795  -39.652  156.097   50.861    0.325405   -0.132539   -1.474602   -0.745567   -1.130274   -1.890448   -1.904953   -0.748656   -1.182195  -58.457   34.674   -8.976 S_000009
  16 N   -95.425 -155.406   77.947   78.499 -154.163 -122.653  107.035   36.958  102.556  165.680    0.427752   -1.322176   -0.584372   -0.619659   -1.490434   -1.618431   -1.705002   -0.657488   -1.286959  -65.507   35.015   -9.641 S_000009
  17 P    87.937 -149.873 -124.325   91.050 -117.286  -63.583   75.426   38.943   80.326  179.910    0.359195   -1.170429   -0.915136   -0.736321   -0.969886   -1.969119   -1.898685   -0.631342   -1.246461  -70.227   39.036   -9.417 S_000009
  18 N    44.792  176.052   47.655   85.615 -154.434  -66.680   64.575   35.681   90.930  -28.188    0.346158   -1.301994   -0.702480   -0.772805   -1.387515   -1.743456   -1.883066   -0.680407   -1.225128  -73.734   42.177   -6.275 S_000009
  19 P  -170.257 -176.118  168.457  154.693  -96.790  -77.772  166.626  -41.004  158.432  -92.486    0.301209   -0.017468   -1.492097   -0.757842   -1.009016   -1.965277   -1.908312   -0.715882   -1.203518  -79.385   45.550   -7.811 S_000009
  20 H   174.738 -162.114  159.273   82.954    0.000    0.000   53.034   38.189   90.097 -163.327    0.314874   -1.354074   -0.599331   -0.777512   -1.464341   -1.662280   -1.879887   -0.710015   -1.210038  -85.325   46.458  -10.369 S_000009
SCORE:     1.794                  1.794          0          1          3    S_000010
   1 H     0.000  170.252   55.279   98.013 -157.283  -61.802   74.259   35.907   79.619  -19.468    0.337631   -1.148778   -0.941045   -0.780656   -1.021556   -1.972728   -1.923033   -0.635234   -1.243447    3.794    0.984    0.238 S_000010
   2 N    41.632  126.739 -179.517  145.310 -111.276   54.492  102.590  -34.428  155.807   16.373    0.344306   -0.221309   -1.471791   -0.794618   -1.144925   -1.908236   -1.939464   -0.727030   -1.190455    6.057   -3.535   -1.774 S_000010
   3 P   101.797  -96.122 -172.534   81.515 -127.829  121.069   35.966   34.204  103.163  -14.520    0.331064   -1.354404   -0.599408   -0.806132   -1.545875   -1.603311   -1.866972   -0.699787   -1.221077    2.682   -3.875   -3.257 S_000010
   4 P   162.358 -137.367  157.213   78.445 -140.815  -49.025   52.444   41.132   93.823  -18.465    0.288438   -1.429150   -0.441673   -0.766852   -1.612766   -1.531688   -1.853046   -0.758586   -1.196304   -2.095    0.513   -2.849 S_000010
   5 P  -144.314   99.076  172.862   89.752 -150.115  -50.909   73.012   38.269   87.558  -13.823    0.314845   -1.336581   -0.649747   -0.775354   -1.407816   -1.716305   -1.897506   -0.723584   -1.198856   -6.868    4.728   -3.163 S_000010
   6 P  -141.884 -153.218   68.457  142.369  -78.259 -147.876  139.504  -33.072  154.475   16.775    0.336963   -0.296650   -1.449887   -0.804312   -1.209831   -1.869476   -1.932761   -0.730949   -1.184057  -11.236    9.737   -3.913 S_000010
   7 P   171.747  153.395  159.041  148.712 -150.900 -143.856  163.298  -31.676  141.216  -34.261    0.335662   -0.099384   -1.482186   -0.823846   -0.920479   -2.044532   -1.934389   -0.708140   -1.198506  -15.730   13.076   -8.316 S_000010
   8 N   -74.064 -177.704   48.749  150.340 -154.485  153.392  131.849  -33.312  147.447  168.918    0.335143   -0.069542   -1.482537   -0.803152   -0.912200   -2.037999   -1.931248   -0.636521   -1.234597  -19.122   18.116  -11.328 S_000010
   9 N  -177.273 -162.111  158.007   82.397 -111.875  -67.426   50.579   37.278   90.257 -117.389    0.341432   -1.326101   -0.655434   -0.760894   -1.414072   -1.715668   -1.876548   -0.690976   -1.223045  -23.772   23.137  -13.225 S_000010
  10 P   -69.535 -123.961   66.297  148.563  -83.573 -178.087  173.736  -37.717  156.726   88.565    0.326696   -0.105538   -1.465270   -0.758278   -1.051396   -1.937277   -1.936227   -0.700889   -1.187016  -30.004   25.157  -14.859 S_000010
  11 N  -100.101  161.118   94.703   83.659 -149.203  -85.036   75.540   33.693  101.222 -108.719    0.343713   -1.358671   -0.604813   -0.794340   -1.555358   -1.597483   -1.858874   -0.701177   -1.216578  -35.771   27.903  -14.849 S_000010
  12 N   -70.972  178.280   47.702   80.082  177.908  171.849   92.320   36.765   93.372  -60.956    0.316769   -1.394073   -0.534043   -0.788189   -1.591413   -1.566392   -1.873246   -0.762144   -1.186436  -40.980   31.715  -14.742 S_000010
  13 P   131.288 -114.875  161.962   88.299 -110.212  -76.836   65.295   30.596   99.884  -16.380    0.368625   -1.284500   -0.732836   -0.806046   -1.443989   -1.701609   -1.900449   -0.696303   -1.204572  -43.444   37.626  -14.481 S_000010
  14 P   -67.684  178.776   77.869   99.236  -51.827  100.110  127.900   34.402   94.513  -26.959    0.324678   -1.315970   -0.705737   -0.806970   -1.426645   -1.719550   -1.900393   -0.679123   -1.223911  -49.011   40.953  -14.190 S_000010
  15 N    85.934  -90.839  172.676   85.616 -171.229  -78.234   95.061   38.307   91.216 -146.059    0.311581   -1.351249   -0.627510   -0.778861   -1.442484   -1.694367   -1.883384   -0.694107   -1.220686  -52.248   43.421  -16.360 S_000010
  16 N   101.183  179.395 -136.007   88.364 -113.672 -109.671   76.548   31.386   96.188  179.898    0.376241   -1.268439   -0.751079   -0.780356   -1.411094   -1.739953   -1.889926   -0.708547   -1.214104  -58.314   43.205  -17.247 S_000010
  17 P   145.559 -147.661 -179.920   89.636 -147.948 -121.251  142.316   19.265  124.361   72.826    0.378876   -1.314939   -0.680925   -0.895597   -1.696331   -1.431095   -1.862822   -0.708039   -1.208086  -64.109   46.695  -17.390 S_000010
  18 P   176.702  160.643  167.668   85.335 -126.737  -66.967   55.542   33.327  101.410  -11.198    0.361856   -1.350232   -0.600435   -0.780133   -1.563066   -1.595816   -1.858907   -0.707637   -1.223511  -69.794   51.242  -17.743 S_000010
  19 N   -72.279  174.884   63.701   84.035 -155.383  -74.571   83.873   32.688  101.087 -121.668    0.335374   -1.362146   -0.615659   -0.823312   -1.564736   -1.593932   -1.891543   -0.721648   -1.201024  -73.606   56.150  -16.593 S_000010
  20 H    61.795 -169.814   58.306   82.905    0.000    0.000   64.314   36.834   90.275  179.935    0.314066   -1.356811   -0.623273   -0.795698   -1.481124   -1.668762   -1.884263   -0.721805   -1.194806  -73.764   60.349  -12.685 S_000010
