SEQUENCE: gug
SCORE:     score    rna_stub_coord_hack       N_WC      N_NWC       N_BS description
REMARK RNA 
SCORE:     0.368                  0.368          0          0          0    S_000001
   1 H     0.000  170.252   55.279   81.547 -179.377  -29.001   88.995   44.672   86.443  -24.127    0.257737   -1.407862   -0.510613   -0.748503   -1.473290   -1.657928   -1.864991   -0.707558   -1.222636    3.794    0.984    0.238 S_000001
   2 P    64.102  148.500   95.274  132.186 -150.743 -141.351   95.554  -26.176  153.136  -48.460    0.431660   -0.233787   -1.446716   -0.773604   -0.990224   -1.991786   -1.912832   -0.698710   -1.214556    6.400   -3.653   -1.458 S_000001
   3 H   -63.528 -177.346   48.655   81.160    0.000    0.000   73.594   36.044   94.223  -14.110    0.336074   -1.360375   -0.599510   -0.779748   -1.519989   -1.634151   -1.876615   -0.720837   -1.210405    8.189   -9.183    1.888 S_000001
SCORE:     0.384                  0.384          0          0          0    S_000002
   1 H     0.000  170.252   55.279   78.151 -174.141  -29.455   81.897   41.899   85.066  -27.624    0.273533   -1.407996   -0.497017   -0.781246   -1.512075   -1.600737   -1.875139   -0.730005   -1.193887    3.794    0.984    0.238 S_000002
   2 P    64.102  148.500   95.274  132.186 -150.743 -141.351   95.554  -26.176  153.136  -48.460    0.431660   -0.233787   -1.446716   -0.773604   -0.990224   -1.991786   -1.912832   -0.698710   -1.214556    6.207   -3.726   -1.569 S_000002
   3 H   -63.316  172.970   54.567   81.016    0.000    0.000   73.138   39.783   90.950  179.574    0.293740   -1.388989   -0.545569   -0.780776   -1.514184   -1.626300   -1.873590   -0.708711   -1.215449    8.111   -9.272    1.446 S_000002
SCORE:     0.369                  0.369          0          0          0    S_000003
   1 H     0.000  170.252   55.279   75.779 -177.347  -31.343   83.967   33.163   87.233   96.820    0.110564   -1.442692   -0.603644   -1.152583   -1.557676   -1.568174   -2.172524   -0.716200   -1.104130    3.794    0.984    0.238 S_000003
   2 P    64.102  148.500   95.274  132.186 -150.743 -141.351   95.554  -26.176  153.136  -48.460    0.431660   -0.233787   -1.446716   -0.773604   -0.990224   -1.991786   -1.912832   -0.698710   -1.214556    6.593   -3.557   -1.445 S_000003
   3 H   -72.263  164.318   54.198   77.242    0.000    0.000   81.058   40.657   94.200  154.021    0.279905   -1.440172   -0.407757   -0.786776   -1.653212   -1.485775   -1.840437   -0.730556   -1.220349    9.040   -8.750    1.684 S_000003
SCORE:     0.389                  0.389          0          0          0    S_000004
   1 H     0.000  170.252   55.279   74.773 -169.087  -43.236   79.032   39.847  101.803  -20.431    0.268968   -1.473203   -0.266257   -0.809338   -1.796301   -1.299992   -1.769398   -0.752143   -1.216630    3.794    0.984    0.238 S_000004
   2 P    64.102  148.500   95.274  132.186 -150.743 -141.351   95.554  -26.176  153.136  -48.460    0.431660   -0.233787   -1.446716   -0.773604   -0.990224   -1.991786   -1.912832   -0.698710   -1.214556    6.806   -3.468   -1.591 S_000004
   3 H  -145.609 -128.850   93.059   78.211    0.000    0.000   58.468   43.209   91.058  -27.355    0.271674   -1.415047   -0.476080   -0.751351   -1.528712   -1.594227   -1.831080   -0.675319   -1.228929   11.353   -7.031    2.992 S_000004
SCORE:     0.381                  0.381          0          0          0    S_000005
   1 H     0.000  170.252   55.279   87.573 -169.857  -35.672   85.865   37.817   88.159  -12.790    0.317282   -1.349529   -0.615397   -0.774042   -1.461940   -1.673623   -1.880425   -0.721651   -1.189498    3.794    0.984    0.238 S_000005
   2 P    64.102  148.500   95.274  132.186 -150.743 -141.351   95.554  -26.176  153.136  -48.460    0.431660   -0.233787   -1.446716   -0.773604   -0.990224   -1.991786   -1.912832   -0.698710   -1.214556    6.017   -3.799   -1.717 S_000005
   3 H   -45.076  166.778   45.176   82.283    0.000    0.000   81.804   36.186  100.275  -72.438    0.330328   -1.376292   -0.562366   -0.784222   -1.563142   -1.595102   -1.856998   -0.706784   -1.228150    7.643   -9.538    0.614 S_000005
SCORE:     0.366                  0.366          0          0          0    S_000006
   1 H     0.000  170.252   55.279   79.176  179.257  -29.004   93.160   38.662   92.790  -20.655    0.288924   -1.385780   -0.547476   -0.797775   -1.534077   -1.610307   -1.854423   -0.692490   -1.223240    3.794    0.984    0.238 S_000006
   2 P    64.102  148.500   95.274  132.186 -150.743 -141.351   95.554  -26.176  153.136  -48.460    0.431660   -0.233787   -1.446716   -0.773604   -0.990224   -1.991786   -1.912832   -0.698710   -1.214556    6.559   -3.577   -1.402 S_000006
   3 H   -77.359 -173.861   60.074   80.892    0.000    0.000   81.294   35.171   97.323   30.095    0.339371   -1.356452   -0.602184   -0.787136   -1.527612   -1.622915   -1.859280   -0.704261   -1.218884    8.604   -8.927    2.361 S_000006
SCORE:     0.370                  0.370          0          0          0    S_000007
   1 H     0.000  170.252   55.279   67.891  130.641   10.629   93.330   52.989   73.822  -94.016    0.204280   -1.493153   -0.290159   -0.687493   -1.488279   -1.525071   -1.828156   -0.709969   -1.225179    3.794    0.984    0.238 S_000007
   2 P    64.102  148.500   95.274  132.186 -150.743 -141.351   95.554  -26.176  153.136  -48.460    0.431660   -0.233787   -1.446716   -0.773604   -0.990224   -1.991786   -1.912832   -0.698710   -1.214556    7.843   -2.627   -1.489 S_000007
   3 H   -67.270  164.506   65.308   79.305    0.000    0.000   70.936   38.441   94.899  179.895    0.308944   -1.414643   -0.469466   -0.775728   -1.631790   -1.520977   -1.845517   -0.751630   -1.201593   11.147   -7.537    1.209 S_000007
SCORE:     0.390                  0.390          0          0          0    S_000008
   1 H     0.000  170.252   55.279   85.718 -166.815  -42.930   73.225   32.503   99.238  -15.887    0.340302   -1.344383   -0.633872   -0.820371   -1.543364   -1.618995   -1.901715   -0.732115   -1.190806    3.794    0.984    0.238 S_000008
   2 P    64.102  148.500   95.274  132.186 -150.743 -141.351   95.554  -26.176  153.136  -48.460    0.431660   -0.233787   -1.446716   -0.773604   -0.990224   -1.991786   -1.912832   -0.698710   -1.214556    6.327   -3.710   -1.718 S_000008
   3 H   -58.996  170.504   56.769   81.698    0.000    0.000   75.365   38.059   89.951 -165.661    0.320028   -1.374013   -0.573449   -0.770985   -1.516704   -1.634282   -1.875559   -0.725030   -1.209954    8.478   -9.307    0.873 S_000008
SCORE:     0.393                  0.393          0          0          0    S_000009
   1 H     0.000  170.252   55.279   86.767 -158.226  -52.312   84.870   40.385   87.479  168.015    0.303375   -1.332671   -0.661080   -0.755720   -1.348788   -1.748873   -1.865454   -0.636156   -1.254587    3.794    0.984    0.238 S_000009
   2 N    58.277 -151.244  158.979  150.802 -114.127 -148.814   95.409  -39.725  158.341  130.196    0.314937   -0.069719   -1.489981   -0.758045   -1.053502   -1.959519   -1.916471   -0.732321   -1.203787    6.917   -2.829   -0.914 S_000009
   3 H   -62.614  163.134   61.758   81.566    0.000    0.000   69.215   37.122   96.629 -112.036    0.310968   -1.408889   -0.495324   -0.796136   -1.614814   -1.524925   -1.848319   -0.719514   -1.215088   10.011   -6.790    3.366 S_000009
SCORE:     0.369                  0.369          0          0          0    S_000010
   1 H     0.000  170.252   55.279   75.779 -177.347  -31.343   83.967   33.163   87.233   96.820    0.110564   -1.442692   -0.603644   -1.152583   -1.557676   -1.568174   -2.172524   -0.716200   -1.104130    3.794    0.984    0.238 S_000010
   2 P    64.102  148.500   95.274  132.186 -150.743 -141.351   95.554  -26.176  153.136  -48.460    0.431660   -0.233787   -1.446716   -0.773604   -0.990224   -1.991786   -1.912832   -0.698710   -1.214556    6.593   -3.557   -1.445 S_000010
   3 H   -82.295  173.683   65.573   79.231    0.000    0.000   81.179   42.178   89.839 -149.083    0.284024   -1.397612   -0.519631   -0.750886   -1.501232   -1.628336   -1.837264   -0.672706   -1.252907    9.024   -8.772    2.082 S_000010
