SEQUENCE: gag
SCORE:     score    rna_stub_coord_hack       N_WC      N_NWC       N_BS description
REMARK RNA 
SCORE:     0.357                  0.357          0          0          1    S_000001
   1 H     0.000  170.252   55.279  127.136  -52.626   44.243  154.204   -8.465  138.710   17.604    0.428365   -0.837053   -1.212904   -0.890568   -1.439527   -1.699717   -2.006484   -0.813610   -1.094998    3.794    0.984    0.238 S_000001
   2 N  -139.048  166.464  170.340   86.512 -154.158  -65.732   70.175   34.223   96.956   10.890    0.341865   -1.327089   -0.657684   -0.792520   -1.472840   -1.667874   -1.873415   -0.684865   -1.220649    2.832    4.303   -0.493 S_000001
   3 H   -63.855  171.947   58.770   80.910    0.000    0.000   77.294   46.115   91.517  -25.922    0.246591   -1.439618   -0.466182   -0.745256   -1.504035   -1.630706   -1.830169   -0.667070   -1.266951   -1.632    8.209    0.416 S_000001
SCORE:     0.375                  0.375          0          0          0    S_000002
   1 H     0.000  170.252   55.279  127.136  -52.626   44.243  154.204   -8.465  138.710   17.604    0.428365   -0.837053   -1.212904   -0.890568   -1.439527   -1.699717   -2.006484   -0.813610   -1.094998    3.794    0.984    0.238 S_000002
   2 P  -160.249  166.068  171.487   91.115 -136.630 -101.713   76.539   34.876   95.142  175.357    0.323572   -1.335492   -0.650661   -0.813480   -1.473315   -1.673547   -1.901744   -0.711585   -1.198626    3.063    4.593   -0.565 S_000002
   3 H   -58.883 -169.246   31.383  123.942    0.000    0.000  112.474  -23.589  154.654  167.384    0.386435   -0.679038   -1.312151   -0.836613   -1.522662   -1.652337   -1.947272   -0.791362   -1.157218   -2.105    8.817   -1.512 S_000002
SCORE:     0.375                  0.375          0          0          0    S_000003
   1 H     0.000  170.252   55.279  127.136  -52.626   44.243  154.204   -8.465  138.710   17.604    0.428365   -0.837053   -1.212904   -0.890568   -1.439527   -1.699717   -2.006484   -0.813610   -1.094998    3.794    0.984    0.238 S_000003
   2 P   -70.392 -168.786   67.400  152.714  -79.917 -130.447  140.795  -39.652  156.097   50.861    0.325405   -0.132539   -1.474602   -0.745567   -1.130274   -1.890448   -1.904953   -0.748656   -1.182195    2.671    3.807   -0.153 S_000003
   3 H   -71.989 -161.399   48.390   92.547    0.000    0.000   86.646   29.844   97.664 -170.042    0.355038   -1.277102   -0.760247   -0.835196   -1.420686   -1.713440   -1.929977   -0.692372   -1.205060   -1.656    9.188   -1.201 S_000003
SCORE:     0.365                  0.365          0          0          0    S_000004
   1 H     0.000  170.252   55.279  151.173  -99.104   77.868  116.264  -39.476  158.206   75.989    0.355362   -0.072085   -1.463109   -0.717364   -1.057753   -1.941874   -1.867861   -0.699848   -1.221818    3.794    0.984    0.238 S_000004
   2 P   -39.132 -128.014  178.683  148.423 -128.491 -161.176   82.490  -39.164  159.768  138.907    0.324895   -0.118877   -1.481124   -0.753142   -1.105909   -1.924168   -1.915263   -0.709937   -1.216600    4.011    4.023   -1.933 S_000004
   3 H   -55.337 -173.769   48.087  146.036    0.000    0.000  130.470  -38.281  161.872  -93.384    0.313157   -0.222373   -1.476087   -0.781889   -1.217398   -1.845066   -1.936522   -0.739788   -1.192451    0.996    9.909   -2.485 S_000004
SCORE:     0.374                  0.374          0          0          0    S_000005
   1 H     0.000  170.252   55.279  138.442  -85.635   65.387  104.663  -30.645  149.089 -157.162    0.357365   -0.391015   -1.428158   -0.816095   -1.288377   -1.821831   -1.947070   -0.811395   -1.125176    3.794    0.984    0.238 S_000005
   2 P   -56.602  169.819   59.880  148.016 -135.011  178.478  120.148  -32.889  143.708  -19.080    0.344597   -0.101549   -1.481717   -0.800183   -0.950280   -2.028627   -1.919452   -0.736545   -1.187799    3.482    4.103   -0.799 S_000005
   3 H   -65.727 -172.497   51.819   80.537    0.000    0.000   67.796   38.894   91.602  179.906    0.314299   -1.376865   -0.558944   -0.769986   -1.509638   -1.631299   -1.859866   -0.704085   -1.220645   -1.100    8.672   -0.496 S_000005
SCORE:     0.361                  0.361          0          0          0    S_000006
   1 H     0.000  170.252   55.279  127.136  -52.626   44.243  154.204   -8.465  138.710   17.604    0.428365   -0.837053   -1.212904   -0.890568   -1.439527   -1.699717   -2.006484   -0.813610   -1.094998    3.794    0.984    0.238 S_000006
   2 P  -170.283  161.190 -176.306  140.990 -163.860 -102.059  133.153  -32.306  149.951  165.152    0.350717   -0.168927   -1.477787   -0.803819   -1.029144   -1.981828   -1.933928   -0.657356   -1.225843    3.119    4.663   -0.628 S_000006
   3 H   -61.381  167.406   53.557   79.094    0.000    0.000   73.661   38.899   94.521 -167.822    0.296080   -1.428701   -0.442374   -0.792073   -1.642970   -1.494983   -1.844591   -0.735153   -1.203070   -0.806    8.792    1.823 S_000006
SCORE:     0.374                  0.374          0          0          0    S_000007
   1 H     0.000  170.252   55.279  138.442  -85.635   65.387  104.663  -30.645  149.089 -157.162    0.357365   -0.391015   -1.428158   -0.816095   -1.288377   -1.821831   -1.947070   -0.811395   -1.125176    3.794    0.984    0.238 S_000007
   2 P   -56.602  169.819   59.880  148.016 -135.011  178.478  120.148  -32.889  143.708  -19.080    0.344597   -0.101549   -1.481717   -0.800183   -0.950280   -2.028627   -1.919452   -0.736545   -1.187799    3.482    4.103   -0.799 S_000007
   3 H   -66.728  179.435   54.645   80.949    0.000    0.000   79.518   38.611   93.550  179.908    0.306848   -1.396229   -0.517944   -0.781847   -1.565279   -1.579616   -1.860015   -0.722362   -1.212538   -0.992    8.684   -0.351 S_000007
SCORE:     0.361                  0.361          0          0          0    S_000008
   1 H     0.000  170.252   55.279  138.442  -85.635   65.387  104.663  -30.645  149.089 -157.162    0.357365   -0.391015   -1.428158   -0.816095   -1.288377   -1.821831   -1.947070   -0.811395   -1.125176    3.794    0.984    0.238 S_000008
   2 P   -71.409  163.072   88.916  129.689 -115.676 -168.510  103.969  -27.373  151.463 -158.189    0.375027   -0.488612   -1.399569   -0.832328   -1.348614   -1.777614   -1.951482   -0.749221   -1.158968    3.387    4.048   -0.896 S_000008
   3 H   132.316 -113.515 -174.928   86.075    0.000    0.000   71.255   37.714   87.360  179.910    0.318830   -1.355288   -0.618613   -0.780907   -1.460529   -1.675871   -1.892533   -0.719946   -1.194739   -0.356    9.523   -1.869 S_000008
SCORE:     0.372                  0.372          0          0          0    S_000009
   1 H     0.000  170.252   55.279  127.136  -52.626   44.243  154.204   -8.465  138.710   17.604    0.428365   -0.837053   -1.212904   -0.890568   -1.439527   -1.699717   -2.006484   -0.813610   -1.094998    3.794    0.984    0.238 S_000009
   2 P  -133.749 -135.407  144.310  130.845 -116.303 -178.649  121.579  -35.275  165.934  163.039    0.368044   -0.566274   -1.363413   -0.770648   -1.563835   -1.500435   -1.902733   -0.799223   -1.154475    3.695    5.093   -0.986 S_000009
   3 H   -58.043  173.678   51.896   83.770    0.000    0.000   76.703   36.856   95.266  179.913    0.331050   -1.356837   -0.609148   -0.774653   -1.494470   -1.656798   -1.863324   -0.676250   -1.241888   -0.540    9.347    1.066 S_000009
SCORE:     0.340                  0.340          0          0          0    S_000010
   1 H     0.000  170.252   55.279  127.136  -52.626   44.243  154.204   -8.465  138.710   17.604    0.428365   -0.837053   -1.212904   -0.890568   -1.439527   -1.699717   -2.006484   -0.813610   -1.094998    3.794    0.984    0.238 S_000010
   2 P  -172.604  161.126  159.864  155.138 -101.607 -139.360  -48.863  -40.948  155.621   78.591    0.319081    0.026124   -1.484098   -0.731166   -0.944630   -1.986654   -1.887978   -0.700564   -1.211859    3.152    4.692   -0.628 S_000010
   3 H   -62.739  122.677   64.436   85.414    0.000    0.000  166.494   38.022   92.898  -35.366    0.312224   -1.389895   -0.527630   -0.782098   -1.567256   -1.583588   -1.865724   -0.740478   -1.197020   -0.610    8.966    1.439 S_000010
