SEQUENCE: gaaaag
SCORE:     score    rna_stub_coord_hack       N_WC      N_NWC       N_BS description
REMARK RNA 
SCORE:     0.000                  0.000          0          1          2    S_000001
   1 H     0.000  170.252   55.279   85.612 -157.117  -69.897   75.327   35.433   93.579  179.921    0.327301   -1.357285   -0.607505   -0.790315   -1.527008   -1.630311   -1.885899   -0.748713   -1.194523    3.794    0.984    0.238 S_000001
   2 P   -63.834  135.319   47.849   80.675 -135.900  -62.090   65.140   35.595   97.170  -24.971    0.335008   -1.365773   -0.581878   -0.785671   -1.545494   -1.606092   -1.865010   -0.708962   -1.219162    8.391   -1.105   -1.457 S_000001
   3 P   -69.105  174.927   48.702   83.750 -150.198  -65.935   97.770   38.215   90.941  -19.921    0.323214   -1.355598   -0.608124   -0.767794   -1.464335   -1.675191   -1.873018   -0.693296   -1.228054    9.071   -7.125   -0.232 S_000001
   4 P    95.878 -115.821 -117.553   82.515 -117.974  -73.910   64.840   42.306   78.463  116.316    0.272736   -1.374226   -0.593964   -0.768652   -1.391737   -1.698045   -1.888917   -0.718649   -1.193880    5.025   -9.672   -0.927 S_000001
   5 P   -64.573  155.770   61.343   82.885 -137.117  -71.466   75.479   37.714   92.992 -123.425    0.319547   -1.366062   -0.583992   -0.776089   -1.499815   -1.636900   -1.872525   -0.706492   -1.217922   -0.235  -12.089    0.934 S_000001
   6 H   -64.727 -159.666   36.233   87.450    0.000    0.000   85.025   36.550   90.413  -24.924    0.321150   -1.328174   -0.682459   -0.781224   -1.427508   -1.731227   -1.884201   -0.707352   -1.213332   -5.865  -14.243   -1.713 S_000001
SCORE:     0.000                  0.000          0          0          0    S_000002
   1 H     0.000  170.252   55.279   82.409 -157.154  -73.335   61.533   38.959   95.276 -158.494    0.303321   -1.395973   -0.513933   -0.779589   -1.561605   -1.579329   -1.848067   -0.699568   -1.228601    3.794    0.984    0.238 S_000002
   2 P   102.032 -102.310 -174.391   84.731 -108.127  -58.960   36.385   35.055   94.387  -26.574    0.350590   -1.324918   -0.666083   -0.772818   -1.456005   -1.695216   -1.880131   -0.703873   -1.216667    6.729   -2.516   -1.081 S_000002
   3 P   -45.966  178.017   51.717   85.770 -154.842  -81.732   83.870   36.247   93.863 -113.364    0.337688   -1.325308   -0.674438   -0.778495   -1.417283   -1.717768   -1.884316   -0.679296   -1.224250    6.529   -8.323    0.158 S_000002
   4 P  -178.712  172.109   34.668  103.435 -150.193  -73.190   65.219   20.910   96.830  179.910    0.382456   -1.107863   -0.977810   -0.846100   -1.309624   -1.855453   -1.947663   -0.721109   -1.192959    6.757  -14.780   -2.368 S_000002
   5 P   153.225  177.431 -179.940   97.784   66.501   44.852  109.436    5.066  129.737   59.413    0.439619   -1.013262   -1.045091   -0.866154   -1.467944   -1.702271   -1.930642   -0.694529   -1.201682    0.179  -13.652   -1.546 S_000002
   6 H   145.167 -151.140  169.432   83.681    0.000    0.000   65.734   39.452   79.494 -156.787    0.340558   -1.273100   -0.738577   -0.734000   -1.248120   -1.833251   -1.892239   -0.700786   -1.215178   -4.424  -15.203    1.505 S_000002
SCORE:     0.000                  0.000          0          1          2    S_000003
   1 H     0.000  170.252   55.279   79.924 -128.512  -83.554   51.885   37.909   93.430  -22.997    0.322917   -1.369422   -0.574738   -0.773884   -1.505685   -1.633111   -1.860664   -0.699929   -1.222534    3.794    0.984    0.238 S_000003
   2 N   -66.405  158.591   54.088   84.012 -117.129 -111.221   79.705   34.581  100.407 -169.418    0.319158   -1.385658   -0.549824   -0.820982   -1.600174   -1.550025   -1.863883   -0.703741   -1.215396    7.824   -1.888   -3.582 S_000003
   3 N   112.091   79.218  175.023  145.584 -117.672  -32.172  140.221  -26.553  136.201 -120.710    0.371634   -0.145866   -1.475597   -0.833585   -0.872206   -2.068032   -1.927090   -0.699881   -1.194640    5.336   -5.925   -8.260 S_000003
   4 P     7.859  128.780   52.739   86.302 -117.279  -74.060   69.667   35.983   97.680  -33.714    0.327001   -1.355240   -0.611526   -0.792448   -1.504955   -1.646160   -1.871225   -0.679578   -1.235135    4.071   -8.954   -5.593 S_000003
   5 P   -52.340  162.445   52.587   85.555 -148.520 -141.259   73.292   35.573   98.353  -25.072    0.330929   -1.363456   -0.593977   -0.795948   -1.529068   -1.619389   -1.853946   -0.675703   -1.243405    0.951  -11.796   -1.224 S_000003
   6 H   -76.205 -170.043   51.333   83.135    0.000    0.000   75.769   39.368   89.167  -16.183    0.303748   -1.383892   -0.564505   -0.773734   -1.508789   -1.643430   -1.881251   -0.730754   -1.207017   -2.783  -16.739    1.795 S_000003
SCORE:     0.000                  0.000          0          2          1    S_000004
   1 H     0.000  170.252   55.279   83.037 -161.161  -66.054   70.793   37.599   95.730 -156.100    0.322849   -1.370206   -0.571286   -0.771449   -1.522201   -1.623466   -1.854484   -0.694733   -1.231395    3.794    0.984    0.238 S_000004
   2 P   -49.066  170.274   48.955   78.808 -140.434  -59.895   70.956   37.621   99.529  -30.251    0.290599   -1.419712   -0.445559   -0.811181   -1.647056   -1.471525   -1.859244   -0.748901   -1.187082    8.620   -1.446   -1.715 S_000004
   3 N   -73.196  136.998   46.603   81.891 -146.858  -80.296   79.249   37.847   95.945 -174.021    0.313496   -1.382932   -0.544628   -0.782904   -1.546778   -1.597823   -1.860614   -0.692946   -1.223395   10.992   -6.015   -3.684 S_000004
   4 N  -160.713  160.949   82.185   87.200 -108.099 -113.785   79.989   37.863   88.955  179.914    0.312116   -1.350688   -0.624121   -0.782925   -1.454622   -1.684819   -1.879039   -0.694792   -1.219701    7.130  -11.759   -4.380 S_000004
   5 P   -39.132 -128.014  178.683  148.423 -128.491 -161.176   82.490  -39.164  159.768  138.907    0.324895   -0.118877   -1.481124   -0.753142   -1.105909   -1.924168   -1.915263   -0.709937   -1.216600    0.610  -12.464   -2.874 S_000004
   6 H     0.000 -178.238   57.053   80.397    0.000    0.000   74.200   40.832   86.370   -2.119    0.336121   -1.371077   -0.488826   -0.719809   -1.486927   -1.571611   -1.867823   -0.783831   -1.146821   -5.378  -14.428   -1.360 S_000004
SCORE:     0.000                  0.000          0          1          0    S_000005
   1 H     0.000  170.252   55.279   78.604 -148.780  -64.978   76.373   41.357   91.080  -21.469    0.293811   -1.410637   -0.488651   -0.756577   -1.556608   -1.588936   -1.836094   -0.698974   -1.236560    3.794    0.984    0.238 S_000005
   2 P    49.130  153.441  -75.291   99.808 -170.415  -70.715  117.075   29.351   97.704  169.924    0.360900   -1.158796   -0.933119   -0.830054   -1.186028   -1.897227   -1.939759   -0.602354   -1.253228    6.825   -3.358   -2.050 S_000005
   3 P   -65.069 -179.536   55.538   81.223 -154.807  -68.690   72.688   32.178  104.314 -148.083    0.337061   -1.390715   -0.531064   -0.826318   -1.664171   -1.488472   -1.865995   -0.750652   -1.189295    7.287   -8.942   -4.231 S_000005
   4 N   -89.172  152.408   45.538   81.035 -145.774  -84.313   94.015   40.688   98.507  171.841    0.281388   -1.431555   -0.503524   -0.786123   -1.541682   -1.575240   -1.822655   -0.603390   -1.261952    5.575  -14.545   -5.506 S_000005
   5 N    47.692  107.597   62.787   75.832   99.765   58.270   92.800   34.984   99.650  -96.101    0.338555   -1.364795   -0.612639   -0.792586   -1.532168   -1.630432   -1.878706   -0.715376   -1.215413    0.877  -14.604   -2.361 S_000005
   6 H   -51.287  177.953   60.623  155.009    0.000    0.000  120.248  -38.884  156.814   34.280    0.311631   -0.076641   -1.487680   -0.770383   -1.043022   -1.962842   -1.924497   -0.720337   -1.208561   -4.051  -13.568   -0.441 S_000005
SCORE:     0.000                  0.000          0          1          3    S_000006
   1 H     0.000  170.252   55.279   80.814 -143.991  -68.342   80.264   35.221   96.372  179.913    0.329314   -1.364322   -0.606820   -0.795202   -1.531685   -1.623961   -1.878643   -0.716351   -1.206702    3.794    0.984    0.238 S_000006
   2 N   -59.001  147.413   51.887   80.828 -128.730  -86.603   76.368   42.575   80.669  -22.990    0.306115   -1.368611   -0.577849   -0.726471   -1.403985   -1.695398   -1.858691   -0.707098   -1.224044    7.994   -1.924   -2.142 S_000006
   3 P  -178.802 -129.014  138.783  112.450   -8.407  118.576   93.999   -0.931  131.850   -4.230    0.446260   -0.837817   -1.186466   -0.862506   -1.311688   -1.815792   -1.949452   -0.659915   -1.208867    6.927   -7.969   -4.882 S_000006
   4 P   -47.147  114.840   59.166   79.562  127.269  -79.740  112.555   24.484  120.987 -141.453    0.359973   -1.337380   -0.647667   -0.880627   -1.651539   -1.487140   -1.905573   -0.746819   -1.160077    4.339  -12.065   -3.950 S_000006
   5 P   -61.393  165.132   55.795   82.094 -135.944  -62.173   75.429   38.386   91.750  -22.574    0.311147   -1.383677   -0.559437   -0.780837   -1.524396   -1.622000   -1.876619   -0.718622   -1.213221    1.010  -12.643   -0.731 S_000006
   6 H   -61.120  174.392   54.812   82.916    0.000    0.000   74.385   40.145   93.203  179.919    0.297221   -1.389905   -0.541938   -0.772989   -1.511138   -1.629219   -1.863622   -0.690317   -1.235704   -4.948  -13.926   -0.711 S_000006
SCORE:     0.000                  0.000          0          1          2    S_000007
   1 H     0.000  170.252   55.279   78.519 -155.582  -70.496   75.468   41.959   90.244  179.877    0.286052   -1.412941   -0.483277   -0.759358   -1.545611   -1.590819   -1.831424   -0.683734   -1.244705    3.794    0.984    0.238 S_000007
   2 P   -89.521  179.194   35.410   79.927 -139.669  -67.569   82.342   43.450   88.684  -22.200    0.278653   -1.428199   -0.473746   -0.739317   -1.547172   -1.597011   -1.828866   -0.722408   -1.222832    8.705   -1.472   -3.088 S_000007
   3 P   -47.271  167.924   48.721   82.870 -137.028  -83.823   68.229   35.526   92.826  -18.398    0.330038   -1.348377   -0.627416   -0.793350   -1.492371   -1.654229   -1.886487   -0.714137   -1.206542    9.240   -7.364   -2.864 S_000007
   4 N   -66.787  154.999   43.918   84.604 -136.161  -63.114  150.831   10.965  139.042 -151.570    0.380397   -1.349459   -0.640281   -0.959630   -1.840763   -1.187781   -1.805682   -0.727988   -1.207569    6.949  -13.015   -2.142 S_000007
   5 N   -85.965  178.064   67.783  101.523   -0.314   99.131  107.738   35.351   88.617   85.241    0.318798   -1.289485   -0.727233   -0.810945   -1.349547   -1.756183   -1.913891   -0.660595   -1.219607    0.705  -13.963   -1.075 S_000007
   6 H   -72.915  172.677   65.819   77.012    0.000    0.000   59.824   39.728   94.335  -16.761    0.284243   -1.418683   -0.456770   -0.794550   -1.606086   -1.524993   -1.848542   -0.727025   -1.213549   -2.494  -14.043    2.547 S_000007
SCORE:     0.000                  0.000          0          0          4    S_000008
   1 H     0.000  170.252   55.279   81.096 -155.742  -81.560   76.074   37.696   96.651  170.537    0.309680   -1.402694   -0.508886   -0.792584   -1.595075   -1.555749   -1.855497   -0.715563   -1.215209    3.794    0.984    0.238 S_000008
   2 P   -74.470 -174.824   47.866   81.156 -137.270  -56.167   75.365   39.174   91.015  -19.566    0.317996   -1.364925   -0.583597   -0.759584   -1.473836   -1.661128   -1.855132   -0.674704   -1.237456    8.902   -0.874   -3.290 S_000008
   3 P   128.956 -167.652 -160.064   94.077 -138.076  -61.821   62.136   41.185   91.268  -28.351    0.283460   -1.304384   -0.747649   -0.765217   -1.247291   -1.847116   -1.908601   -0.603222   -1.274693    7.834   -6.495   -5.346 S_000008
   4 N  -132.568  122.064   31.360   96.062   33.351  174.701  -70.490    1.612  144.697  179.869    0.441124   -1.104429   -0.956591   -0.887761   -1.653226   -1.487483   -1.906033   -0.724042   -1.194434    5.231  -12.292   -6.088 S_000008
   5 P   -52.700  147.582   56.506   82.410 -157.469  -70.695   80.469   38.791   91.133 -118.610    0.307206   -1.383427   -0.564514   -0.780737   -1.513493   -1.634425   -1.882666   -0.728858   -1.202440    1.364  -12.730   -0.998 S_000008
   6 H   -51.347  168.655   53.169   82.374    0.000    0.000   62.225   36.154   97.203  143.890    0.316778   -1.369713   -0.573489   -0.798345   -1.543799   -1.602461   -1.873902   -0.719249   -1.205564   -4.165  -13.188    0.860 S_000008
SCORE:     0.000                  0.000          0          1          0    S_000009
   1 H     0.000  170.252   55.279   81.653 -137.474  -86.606   84.904   38.187   91.679  -16.987    0.315371   -1.366048   -0.592328   -0.781188   -1.483394   -1.657300   -1.869621   -0.685689   -1.230346    3.794    0.984    0.238 S_000009
   2 N   140.974 -158.241   76.235  150.979  -98.451  -75.302  111.421  -34.031  150.981   17.470    0.353254   -0.078527   -1.479305   -0.779226   -0.943139   -2.015550   -1.917708   -0.651918   -1.234271    7.050   -3.188   -3.615 S_000009
   3 P   -68.761 -128.973  -61.721  151.699 -116.086  153.215  118.023  -36.934  152.269   27.971    0.314441   -0.049959   -1.490757   -0.794118   -0.967338   -2.003678   -1.928456   -0.693667   -1.211931    6.684   -7.535    1.565 S_000009
   4 N   -64.393  172.059   54.823   88.304 -116.175  -96.399   94.617   35.234   94.322   75.110    0.343674   -1.300638   -0.711702   -0.782561   -1.382318   -1.742777   -1.888154   -0.663270   -1.232756    4.249  -12.802    1.345 S_000009
   5 N   -86.418  179.891  -71.854  148.382  -75.651   53.844  -63.139  -27.324  152.107 -145.569    0.393990   -0.126916   -1.462205   -0.819282   -0.866752   -2.021832   -1.935491   -0.636495   -1.217330   -0.829  -16.350   -1.659 S_000009
   6 H   157.871 -140.824  164.834   78.110    0.000    0.000   53.084   39.992   89.191  -30.085    0.310388   -1.386318   -0.547357   -0.759694   -1.502583   -1.631147   -1.859507   -0.716440   -1.216825   -4.124  -13.317   -1.634 S_000009
SCORE:     0.000                  0.000          0          1          1    S_000010
   1 H     0.000  170.252   55.279   85.403 -128.318  -62.127   61.641   38.330   88.491  -29.218    0.318020   -1.340771   -0.647581   -0.773571   -1.415717   -1.718849   -1.889938   -0.696139   -1.219165    3.794    0.984    0.238 S_000010
   2 N   -66.143  170.184   57.249   80.390 -159.493  -65.946   76.998   40.797   91.375  179.919    0.290233   -1.403935   -0.502701   -0.771195   -1.538181   -1.592383   -1.851033   -0.693371   -1.228868    6.998   -3.015   -3.079 S_000010
   3 N   113.075  164.680 -163.879   81.130  177.997   48.633   99.980   31.873  107.901  -78.798    0.339201   -1.378733   -0.549178   -0.826634   -1.641890   -1.503813   -1.863902   -0.728274   -1.206274    5.040   -8.308   -6.136 S_000010
   4 P  -141.019 -107.999   83.285  110.006  -51.631   90.665   91.966    5.085  141.205    4.588    0.400804   -1.075667   -1.022974   -0.927014   -1.511935   -1.618552   -1.896914   -0.587054   -1.253650   -1.482   -9.708   -7.298 S_000010
   5 N   -89.113 -169.845   75.966   78.780 -144.140  -64.622   69.981   41.278   91.310  179.895    0.243979   -1.392937   -0.564540   -0.814919   -1.487383   -1.669083   -1.913185   -0.711157   -1.196869   -3.607  -10.984   -4.002 S_000010
   6 H   -56.601  176.708   36.600  106.758    0.000    0.000   92.440    5.575  126.027 -140.580    0.402927   -1.049083   -1.032983   -0.885429   -1.515988   -1.691706   -1.950964   -0.730094   -1.190012   -5.039  -14.450    0.776 S_000010
