SEQUENCE: gag
SCORE:     score    rna_stub_coord_hack       N_WC      N_NWC       N_BS description
REMARK RNA 
SCORE:     0.000                  0.000          0          0          1    S_000001
   1 H     0.000  170.252   55.279   85.646 -109.161 -122.257   54.414   35.840   92.237  -27.484    0.336805   -1.342303   -0.624466   -0.781785   -1.474129   -1.652414   -1.875118   -0.696718   -1.206588    3.794    0.984    0.238 S_000001
   2 N  -177.273 -162.111  158.007   82.397 -111.875  -67.426   50.579   37.278   90.257 -117.389    0.341432   -1.326101   -0.655434   -0.760894   -1.414072   -1.715668   -1.876548   -0.690976   -1.223045    6.173   -1.451   -6.158 S_000001
   3 H   -71.986  175.236   69.706   84.620    0.000    0.000   77.303   33.384   99.794  -32.423    0.328949   -1.379989   -0.574304   -0.817270   -1.608911   -1.559066   -1.884019   -0.761887   -1.180889    4.034   -4.663  -11.177 S_000001
SCORE:     0.000                  0.000          0          0          0    S_000002
   1 H     0.000  170.252   55.279  124.091  -42.929 -109.786  116.376    1.476  135.974   12.384    0.430289   -0.818793   -1.215310   -0.896714   -1.208586   -1.862373   -1.958635   -0.540097   -1.257599    3.794    0.984    0.238 S_000002
   2 P   -26.073 -133.487  175.348  148.183 -105.196  172.498   87.609  -34.450  152.955  142.439    0.341256   -0.150125   -1.469813   -0.796322   -1.054308   -1.959486   -1.938921   -0.693496   -1.204238    6.975    1.092   -5.298 S_000002
   3 H  -143.276 -177.009   58.638   81.917    0.000    0.000   98.428   36.072   90.148 -170.026    0.338342   -1.328020   -0.677209   -0.798371   -1.415441   -1.728783   -1.907328   -0.740164   -1.189502    7.080    0.581  -12.089 S_000002
SCORE:     0.000                  0.000          0          0          0    S_000003
   1 H     0.000  170.252   55.279   85.858 -104.409 -130.775   63.571   35.951   94.839  -25.324    0.324674   -1.357019   -0.617084   -0.796318   -1.500341   -1.649486   -1.884772   -0.703602   -1.212471    3.794    0.984    0.238 S_000003
   2 P   173.475 -163.583  161.717   83.523 -116.671  -57.910   53.753   34.422   95.716  -23.714    0.341921   -1.318554   -0.688607   -0.795294   -1.440444   -1.709689   -1.896681   -0.684275   -1.220526    6.072   -1.067   -6.330 S_000003
   3 H     0.000  172.502   51.249   81.546    0.000    0.000   78.061   42.528   86.726  179.901    0.279702   -1.395012   -0.525305   -0.758676   -1.485426   -1.646323   -1.873986   -0.722323   -1.211560    4.046   -4.965   -9.682 S_000003
SCORE:     0.000                  0.000          0          0          0    S_000004
   1 H     0.000  170.252   55.279  124.091  -42.929 -109.786  116.376    1.476  135.974   12.384    0.430289   -0.818793   -1.215310   -0.896714   -1.208586   -1.862373   -1.958635   -0.540097   -1.257599    3.794    0.984    0.238 S_000004
   2 P   -26.073 -133.487  175.348  148.183 -105.196  172.498   87.609  -34.450  152.955  142.439    0.341256   -0.150125   -1.469813   -0.796322   -1.054308   -1.959486   -1.938921   -0.693496   -1.204238    6.975    1.092   -5.298 S_000004
   3 H   -62.830  163.588   60.385   78.152    0.000    0.000   65.087   39.698   91.943 -151.020    0.298383   -1.416355   -0.480307   -0.773117   -1.599776   -1.552483   -1.849087   -0.736918   -1.214019    7.930    1.743  -11.289 S_000004
SCORE:     0.000                  0.000          0          1          0    S_000005
   1 H     0.000  170.252   55.279   86.320  -90.624 -144.696   92.357   33.871   99.971 -112.800    0.323973   -1.368160   -0.595986   -0.823515   -1.568071   -1.594487   -1.886831   -0.715410   -1.202998    3.794    0.984    0.238 S_000005
   2 P   149.440  168.154  163.477   88.351 -118.967  -59.790   74.057   38.429   82.292  -21.094    0.345823   -1.268570   -0.756346   -0.736867   -1.241257   -1.824044   -1.884736   -0.678032   -1.217530    5.577    0.179   -6.739 S_000005
   3 H   -76.873  168.526   52.550   72.423    0.000    0.000   67.022   44.327   94.508  -26.771    0.262768   -1.469379   -0.305823   -0.753791   -1.689096   -1.426915   -1.804669   -0.751421   -1.212386    5.074   -3.836  -11.377 S_000005
SCORE:     0.000                  0.000          0          0          0    S_000006
   1 H     0.000  170.252   55.279   78.598 -112.745  -99.936   59.353   39.890   86.976  -19.934    0.320443   -1.371572   -0.582157   -0.752147   -1.460159   -1.668524   -1.865634   -0.716580   -1.215134    3.794    0.984    0.238 S_000006
   2 P   169.325  161.392 -175.284   84.523 -100.212  -81.202  118.511   24.115  115.587   25.203    0.383502   -1.317741   -0.672381   -0.839717   -1.641509   -1.517435   -1.868279   -0.734405   -1.194353    5.881   -2.214   -5.844 S_000006
   3 H   -67.047  167.460   55.859   84.074    0.000    0.000   73.208   36.422   97.857  -17.275    0.314535   -1.383881   -0.557558   -0.802170   -1.562186   -1.588998   -1.867149   -0.704281   -1.217469    3.784   -4.897  -11.252 S_000006
SCORE:     0.000                  0.000          0          0          0    S_000007
   1 H     0.000  170.252   55.279   96.296 -103.096  -83.967  135.289   29.594   99.279  -23.417    0.357476   -1.224733   -0.837433   -0.834865   -1.318964   -1.799427   -1.929558   -0.648839   -1.219069    3.794    0.984    0.238 S_000007
   2 P   -89.417 -170.722   56.284   86.265 -158.331 -165.442  129.009   30.619   99.193  -19.241    0.359645   -1.284611   -0.739600   -0.816006   -1.439593   -1.708566   -1.898492   -0.684773   -1.221104    6.229   -2.142   -5.328 S_000007
   3 H   -70.227  160.174   65.138   72.206    0.000    0.000   68.702   44.806   89.995  146.686    0.213863   -1.492277   -0.219341   -0.799611   -1.774137   -1.330212   -1.831616   -0.822629   -1.156994    6.285   -0.588  -11.491 S_000007
SCORE:     0.000                  0.000          0          1          1    S_000008
   1 H     0.000  170.252   55.279   85.858 -104.409 -130.775   63.571   35.951   94.839  -25.324    0.324674   -1.357019   -0.617084   -0.796318   -1.500341   -1.649486   -1.884772   -0.703602   -1.212471    3.794    0.984    0.238 S_000008
   2 P   173.475 -163.583  161.717   83.523 -116.671  -57.910   53.753   34.422   95.716  -23.714    0.341921   -1.318554   -0.688607   -0.795294   -1.440444   -1.709689   -1.896681   -0.684275   -1.220526    6.072   -1.067   -6.330 S_000008
   3 H   103.544 -127.118 -170.268   84.281    0.000    0.000   53.154   36.181   89.106  -18.694    0.344029   -1.317097   -0.682390   -0.769049   -1.404720   -1.724642   -1.882101   -0.701142   -1.217599    3.364   -4.545   -8.538 S_000008
SCORE:     0.000                  0.000          0          0          0    S_000009
   1 H     0.000  170.252   55.279   92.518  175.202  130.171   79.027   22.122  110.319 -170.078    0.393774   -1.223585   -0.842438   -0.855515   -1.471195   -1.695897   -1.945869   -0.743696   -1.155831    3.794    0.984    0.238 S_000009
   2 P   -68.603  166.827   63.543   86.574 -135.796 -131.885   73.014   27.101  113.414  -11.973    0.368256   -1.296553   -0.706050   -0.843406   -1.527216   -1.605968   -1.861679   -0.637858   -1.237027    3.535    0.603   -5.895 S_000009
   3 H   -63.086 -179.830   47.012   80.536    0.000    0.000   88.652   39.763   89.428  -16.226    0.307873   -1.389347   -0.533626   -0.764490   -1.528287   -1.616521   -1.862398   -0.723424   -1.206289    2.898   -2.615  -11.819 S_000009
SCORE:     0.000                  0.000          0          0          0    S_000010
   1 H     0.000  170.252   55.279   78.598 -112.745  -99.936   59.353   39.890   86.976  -19.934    0.320443   -1.371572   -0.582157   -0.752147   -1.460159   -1.668524   -1.865634   -0.716580   -1.215134    3.794    0.984    0.238 S_000010
   2 P   169.325  161.392 -175.284   84.523 -100.212  -81.202  118.511   24.115  115.587   25.203    0.383502   -1.317741   -0.672381   -0.839717   -1.641509   -1.517435   -1.868279   -0.734405   -1.194353    5.881   -2.214   -5.844 S_000010
   3 H   -33.834  166.238   50.381  102.127    0.000    0.000   57.909   21.925   97.314   -5.407    0.395969   -1.095243   -0.980812   -0.818243   -1.271409   -1.874243   -1.923440   -0.700557   -1.210526    3.908   -5.250  -10.755 S_000010
