SEQUENCE: gg
SCORE:     score    rna_stub_coord_hack       N_WC      N_NWC       N_BS description
REMARK RNA 
SCORE:     0.082                  0.082          0          0          0    S_000001
   1 H     0.000  170.252   55.279   89.900 -134.214   89.339  155.905   35.258   93.116  -16.928    0.334438   -1.322279   -0.672807   -0.792056   -1.435230   -1.700804   -1.896486   -0.699970   -1.208139    3.794    0.984    0.238 S_000001
   2 H   -63.443  162.135   74.263   79.438    0.000    0.000   64.673   38.246   93.805  179.914    0.314744   -1.397286   -0.504036   -0.777059   -1.572710   -1.552797   -1.868109   -0.745686   -1.190412    1.143    1.475   -3.460 S_000001
SCORE:     0.082                  0.082          0          0          0    S_000002
   1 H     0.000  170.252   55.279   89.900 -134.214   89.339  155.905   35.258   93.116  -16.928    0.334438   -1.322279   -0.672807   -0.792056   -1.435230   -1.700804   -1.896486   -0.699970   -1.208139    3.794    0.984    0.238 S_000002
   2 H   -96.900   82.369  178.575   80.004    0.000    0.000   44.549   40.808   90.174  -78.026    0.304167   -1.395917   -0.516917   -0.748655   -1.530765   -1.609831   -1.848634   -0.714917   -1.219600    1.609    0.168   -2.273 S_000002
SCORE:     0.082                  0.082          0          0          0    S_000003
   1 H     0.000  170.252   55.279   89.900 -134.214   89.339  155.905   35.258   93.116  -16.928    0.334438   -1.322279   -0.672807   -0.792056   -1.435230   -1.700804   -1.896486   -0.699970   -1.208139    3.794    0.984    0.238 S_000003
   2 H   -79.206 -155.096   53.481  116.769    0.000    0.000   83.376   -1.136  125.577 -174.645    0.419859   -0.814904   -1.216163   -0.865489   -1.291196   -1.875000   -1.957654   -0.686354   -1.210723    1.046    0.514   -4.320 S_000003
SCORE:     0.082                  0.082          0          0          0    S_000004
   1 H     0.000  170.252   55.279   89.900 -134.214   89.339  155.905   35.258   93.116  -16.928    0.334438   -1.322279   -0.672807   -0.792056   -1.435230   -1.700804   -1.896486   -0.699970   -1.208139    3.794    0.984    0.238 S_000004
   2 H   -66.604 -174.365   53.104   79.804    0.000    0.000   77.404   39.235   92.917  -19.684    0.298340   -1.406278   -0.501945   -0.785011   -1.572959   -1.570216   -1.861001   -0.726467   -1.207352    1.009    1.023   -3.871 S_000004
SCORE:     0.082                  0.082          0          0          0    S_000005
   1 H     0.000  170.252   55.279   89.900 -134.214   89.339  155.905   35.258   93.116  -16.928    0.334438   -1.322279   -0.672807   -0.792056   -1.435230   -1.700804   -1.896486   -0.699970   -1.208139    3.794    0.984    0.238 S_000005
   2 H   -66.569  173.522   56.458   78.652    0.000    0.000   74.754   39.683   91.210  -22.649    0.297410   -1.412049   -0.482435   -0.775642   -1.591359   -1.554913   -1.866665   -0.757392   -1.192518    1.054    1.249   -3.684 S_000005
SCORE:     0.082                  0.082          0          0          0    S_000006
   1 H     0.000  170.252   55.279   89.900 -134.214   89.339  155.905   35.258   93.116  -16.928    0.334438   -1.322279   -0.672807   -0.792056   -1.435230   -1.700804   -1.896486   -0.699970   -1.208139    3.794    0.984    0.238 S_000006
   2 H   -54.247  163.807   50.189   80.572    0.000    0.000   80.136   42.159   90.286  -19.752    0.288373   -1.408000   -0.524247   -0.752938   -1.504936   -1.635535   -1.870148   -0.711819   -1.217622    1.194    1.608   -3.457 S_000006
SCORE:     0.082                  0.082          0          0          0    S_000007
   1 H     0.000  170.252   55.279   89.900 -134.214   89.339  155.905   35.258   93.116  -16.928    0.334438   -1.322279   -0.672807   -0.792056   -1.435230   -1.700804   -1.896486   -0.699970   -1.208139    3.794    0.984    0.238 S_000007
   2 H    51.282  165.318   47.976   91.024    0.000    0.000   59.692   33.343   93.123  -15.632    0.345075   -1.267966   -0.766238   -0.804245   -1.343142   -1.774336   -1.910189   -0.667519   -1.216486    2.033    2.525   -4.587 S_000007
SCORE:     0.082                  0.082          0          0          0    S_000008
   1 H     0.000  170.252   55.279   89.900 -134.214   89.339  155.905   35.258   93.116  -16.928    0.334438   -1.322279   -0.672807   -0.792056   -1.435230   -1.700804   -1.896486   -0.699970   -1.208139    3.794    0.984    0.238 S_000008
   2 H   -75.289 -160.327   48.758  120.360    0.000    0.000  125.023  -24.360  149.928  150.296    0.429705   -0.218499   -1.441488   -0.784290   -0.930746   -2.032190   -1.934787   -0.629918   -1.264334    1.015    0.649   -4.185 S_000008
SCORE:     0.082                  0.082          0          0          0    S_000009
   1 H     0.000  170.252   55.279   89.900 -134.214   89.339  155.905   35.258   93.116  -16.928    0.334438   -1.322279   -0.672807   -0.792056   -1.435230   -1.700804   -1.896486   -0.699970   -1.208139    3.794    0.984    0.238 S_000009
   2 H   133.209 -147.958 -172.891   81.868    0.000    0.000   70.689   39.649   86.370  -87.334    0.308980   -1.367085   -0.594309   -0.760827   -1.464627   -1.679019   -1.874864   -0.708376   -1.217884    2.342    2.414   -5.135 S_000009
SCORE:     0.082                  0.082          0          0          0    S_000010
   1 H     0.000  170.252   55.279   89.900 -134.214   89.339  155.905   35.258   93.116  -16.928    0.334438   -1.322279   -0.672807   -0.792056   -1.435230   -1.700804   -1.896486   -0.699970   -1.208139    3.794    0.984    0.238 S_000010
   2 H    77.031 -158.479 -174.860   85.162    0.000    0.000   73.762   43.260   83.801  -20.263    0.280484   -1.383079   -0.484491   -0.720271   -1.531153   -1.612537   -1.864461   -0.749997   -1.201679    1.987    2.613   -4.194 S_000010
