SEQUENCE: gaaaaaaaaaag
SCORE:     score    rna_stub_coord_hack       N_WC      N_NWC       N_BS description
REMARK RNA 
SCORE:    28.502                 28.502          0          0          3    S_000001
   1 H     0.000  170.252   55.279   80.842    0.000    0.000   81.045   38.167   96.531 -155.536    0.304391   -1.403951   -0.483366   -0.793694   -1.602394   -1.534319   -1.847266   -0.713424   -1.210141    3.794    0.984    0.238 S_000001
   2 N   -95.425 -155.406   77.947   78.499 -154.163 -122.653  107.035   36.958  102.556  165.680    0.427752   -1.322176   -0.584372   -0.619659   -1.490434   -1.618431   -1.705002   -0.657488   -1.286959    1.910    3.656    0.265 S_000001
   3 N   160.380  178.006 -175.911   81.427 -138.097  -68.862   64.237   40.356   94.732  168.924    0.345587   -1.380057   -0.526857   -0.712433   -1.520110   -1.625664   -1.795151   -0.681104   -1.268351   -1.524    9.728   -1.487 S_000001
   4 N  -174.783  120.716  177.399  150.472 -127.479 -150.643  -46.738  -38.379  156.036  172.165    0.295515   -0.075973   -1.493365   -0.801078   -1.032701   -1.963612   -1.942754   -0.690149   -1.211052   -3.033   15.763   -4.607 S_000001
   5 N   167.952 -167.959  154.203  145.211 -155.376 -167.633   19.536  -32.174  148.043  -55.599    0.332777   -0.133501   -1.484945   -0.828850   -0.980089   -2.013944   -1.953344   -0.695714   -1.205944   -5.970   20.772   -9.066 S_000001
   6 P   151.619 -143.564  168.715   10.088   91.649  106.338   71.213   26.952  100.335  179.884    0.419615   -1.154357   -0.894439   -0.779181   -1.268248   -1.843029   -1.906169   -0.668723   -1.224740   -9.465   26.245  -11.787 S_000001
   7 P   -66.879  175.877   42.777  106.507 -169.227 -102.279   95.320   12.598  112.221 -152.708    0.411186   -1.049045   -1.027559   -0.849382   -1.387630   -1.805285   -1.938393   -0.717014   -1.198510  -10.452   31.719  -15.053 S_000001
   8 P   -52.902 -179.430   55.756  131.991 -105.786  168.543  117.329  -23.333  147.020  164.868    0.436199   -0.310214   -1.426061   -0.789518   -1.035502   -1.975489   -1.915962   -0.738496   -1.194202  -11.873   36.259  -19.109 S_000001
   9 P    68.538  167.213 -173.924   83.974 -172.672  -89.084  109.402   36.411   93.428  -17.431    0.327762   -1.350952   -0.618290   -0.783060   -1.493810   -1.662168   -1.884309   -0.717844   -1.208533  -14.954   41.242  -22.501 S_000001
  10 P    69.147  168.508  -47.744  150.543 -148.343 -142.366  171.938  -32.034  145.911   71.933    0.339556   -0.069758   -1.491340   -0.820604   -0.887048   -2.048544   -1.926939   -0.666372   -1.215392  -16.396   46.305  -25.459 S_000001
  11 P  -170.283  161.190 -176.306  140.990 -163.860 -102.059  133.153  -32.306  149.951  165.152    0.350717   -0.168927   -1.477787   -0.803819   -1.029144   -1.981828   -1.933928   -0.657356   -1.225843  -19.845   50.354  -30.422 S_000001
  12 H   154.111  161.761  174.763   86.278    0.000    0.000   69.417   33.949   94.554 -139.404    0.343804   -1.316676   -0.688534   -0.797430   -1.443613   -1.699075   -1.897448   -0.694992   -1.212498  -23.920   54.548  -34.371 S_000001
SCORE:    29.240                 29.240          0          0          0    S_000002
   1 H     0.000  170.252   55.279   85.559  -93.544 -179.937   57.066   35.050   93.575 -130.232    0.343979   -1.322800   -0.671925   -0.783931   -1.448060   -1.702912   -1.888597   -0.693129   -1.222440    3.794    0.984    0.238 S_000002
   2 P   -65.464  176.163   59.166   85.023 -113.401 -161.122   78.895   40.020   91.906  -28.357    0.293232   -1.368757   -0.594559   -0.769298   -1.448939   -1.672679   -1.846805   -0.652167   -1.240054    6.069    3.303   -5.235 S_000002
   3 P   163.850  141.944   53.340  149.322 -136.992  169.639  100.626  -38.298  156.829  -94.857    0.307222   -0.158476   -1.484788   -0.790412   -1.140342   -1.903596   -1.933724   -0.753839   -1.176530    0.804    6.689   -8.788 S_000002
   4 P   107.645  177.113 -151.446  121.171 -147.326  -97.859   90.040   -9.304  132.582 -149.400    0.420710   -0.720589   -1.277335   -0.858548   -1.316539   -1.850888   -1.956492   -0.719478   -1.189242   -1.016   12.605  -12.000 S_000002
   5 P  -136.198 -122.857 -158.492  106.180 -124.887  -76.026   74.874   19.311  100.658  168.675    0.405981   -1.001253   -1.074308   -0.820525   -1.157218   -1.951689   -1.924168   -0.645988   -1.229494   -1.316   18.654  -15.918 S_000002
   6 P  -160.249  166.068  171.487   91.115 -136.630 -101.713   76.539   34.876   95.142  175.357    0.323572   -1.335492   -0.650661   -0.813480   -1.473315   -1.673547   -1.901744   -0.711585   -1.198626   -5.190   22.847  -19.882 S_000002
   7 P   163.850  141.944   53.340  149.322 -136.992  169.639  100.626  -38.298  156.829  -94.857    0.307222   -0.158476   -1.484788   -0.790412   -1.140342   -1.903596   -1.933724   -0.753839   -1.176530  -10.547   27.140  -22.263 S_000002
   8 P    90.227 -127.081 -150.713   82.253 -129.424  -73.849  -50.286   33.603   97.534  -21.932    0.334435   -1.349293   -0.630402   -0.817321   -1.524796   -1.630139   -1.895620   -0.723409   -1.203148  -11.801   32.072  -25.577 S_000002
   9 P   -63.250  175.683   65.794  149.949 -131.110 -149.590  116.670  -46.360  165.701  151.659    0.291047   -0.023190   -1.497427   -0.685692   -1.116595   -1.889345   -1.874813   -0.741826   -1.205416  -13.932   37.718  -27.530 S_000002
  10 P  -154.050  145.148  124.520   89.904 -156.931 -129.437   98.571   22.752  116.377   53.243    0.366115   -1.304268   -0.738772   -0.890164   -1.596323   -1.568220   -1.925176   -0.727709   -1.180955  -15.683   44.399  -28.916 S_000002
  11 P   -82.534 -147.865   56.470  137.591  -66.592 -145.303  136.505  -29.777  155.494    9.743    0.357452   -0.356921   -1.433932   -0.813930   -1.221796   -1.863159   -1.940128   -0.684621   -1.212727  -19.128   50.136  -31.176 S_000002
  12 H   132.136 -175.905 -166.637   85.374    0.000    0.000   73.918   33.835   93.389  -72.158    0.357050   -1.316929   -0.680856   -0.782411   -1.458697   -1.694606   -1.885340   -0.704734   -1.211920  -20.064   52.841  -37.561 S_000002
SCORE:    30.113                 30.113          0          0          0    S_000003
   1 H     0.000  170.252   55.279   87.512  -28.764  -65.289   76.429   38.490   99.090  -53.442    0.279946   -1.414337   -0.493444   -0.811834   -1.604944   -1.545185   -1.835833   -0.671090   -1.256126    3.794    0.984    0.238 S_000003
   2 N  -162.335 -115.976  123.191   89.015  175.258 -173.476   79.260   17.306  130.746  -80.581    0.379421   -1.301197   -0.739786   -0.920270   -1.669913   -1.460581   -1.919630   -0.732482   -1.173204    0.719    2.680   -3.099 S_000003
   3 P   166.495  172.404  174.231   87.746 -132.714  -66.796   66.289   35.684   95.741  -22.140    0.317062   -1.318123   -0.699594   -0.783392   -1.426334   -1.729960   -1.879184   -0.700135   -1.218640   -3.002    7.239   -7.335 S_000003
   4 P   -56.728 -135.352   55.393  149.224 -123.136 -178.792  170.161  -35.689  154.774   66.233    0.315626   -0.082044   -1.489922   -0.809591   -0.984964   -1.998443   -1.944815   -0.676804   -1.231013   -6.634   12.066   -9.987 S_000003
   5 P   166.486  139.876   53.252  145.942 -101.355  169.108  103.896  -34.445  158.535  -74.510    0.349719   -0.288780   -1.453373   -0.787472   -1.230993   -1.842958   -1.932425   -0.730983   -1.185530   -6.733   17.378  -14.622 S_000003
   6 P  -106.179  169.734   88.640   87.854 -141.474  -79.258   65.683   31.930   96.441   -4.081    0.372309   -1.284424   -0.724690   -0.777056   -1.437418   -1.717149   -1.880518   -0.716526   -1.208986   -8.908   21.607  -18.759 S_000003
   7 P   -58.446 -149.202   68.661  151.517  -94.388 -167.491  158.879  -36.566  157.616   66.657    0.314545   -0.058212   -1.465433   -0.758064   -0.951472   -2.024794   -1.934304   -0.600686   -1.266513  -11.802   26.878  -21.618 S_000003
   8 P   -57.665  164.351   54.122   81.787 -147.920  -79.184   79.751   41.879   89.593  -15.239    0.284795   -1.406153   -0.502285   -0.761105   -1.525606   -1.609596   -1.844418   -0.689864   -1.233731  -13.776   32.266  -24.573 S_000003
   9 N   -60.339 -178.189  159.841  144.286  -98.799  -92.793  141.024  -38.375  162.808   16.046    0.354109   -0.182428   -1.474906   -0.740048   -1.172437   -1.859845   -1.907843   -0.696784   -1.212290  -12.986   37.777  -27.623 S_000003
  10 N   -80.783 -179.724  171.364  150.415 -105.293  -85.848  144.059  -41.493  160.580   18.623    0.335151   -0.050284   -1.486102   -0.714523   -1.063570   -1.925667   -1.885168   -0.721521   -1.203089  -17.661   41.384  -30.985 S_000003
  11 P  -133.749 -135.407  144.310  130.845 -116.303 -178.649  121.579  -35.275  165.934  163.039    0.368044   -0.566274   -1.363413   -0.770648   -1.563835   -1.500435   -1.902733   -0.799223   -1.154475  -16.909   47.705  -33.866 S_000003
  12 H   106.836 -140.716 -156.301   80.957    0.000    0.000   65.995   39.946   88.079  179.939    0.303559   -1.374981   -0.580237   -0.764092   -1.465352   -1.660593   -1.855019   -0.685972   -1.224872  -16.248   53.987  -35.905 S_000003
SCORE:    29.668                 29.668          0          0          1    S_000004
   1 H     0.000  170.252   55.279  121.374  -19.785  -97.602  138.558  -10.241  133.234 -175.850    0.442466   -0.603654   -1.326158   -0.848305   -1.163894   -1.920400   -1.941803   -0.631778   -1.222674    3.794    0.984    0.238 S_000004
   2 P   -68.507  174.275   47.700   82.289 -140.309 -133.125   78.364   42.547   88.148  168.279    0.336063   -1.372691   -0.567201   -0.685355   -1.433233   -1.687619   -1.815471   -0.701219   -1.237733    4.892    2.395   -5.395 S_000004
   3 P  -163.415 -164.775  171.520   87.292 -173.272  -90.210   95.538   33.873  101.998   69.427    0.333059   -1.348368   -0.630589   -0.813263   -1.521104   -1.634527   -1.885456   -0.693273   -1.220867    5.116    9.371   -7.679 S_000004
   4 P   -93.154 -157.444   54.300  150.377 -112.935 -160.796  105.347  -36.726  152.260  155.081    0.325182   -0.066179   -1.488565   -0.782637   -0.984831   -1.998773   -1.922659   -0.698395   -1.211700    7.045   14.840  -11.107 S_000004
   5 P   168.992 -156.630  174.212   86.705 -137.197 -119.664  108.197   33.640   99.366  -15.229    0.329923   -1.352776   -0.624135   -0.819988   -1.531632   -1.621327   -1.886817   -0.697388   -1.214338    7.940   21.981  -12.121 S_000004
   6 P   -57.787  151.430   48.483  111.851 -142.153  -58.385  129.992    3.078  122.203 -150.696    0.415830   -0.910040   -1.153768   -0.867686   -1.353240   -1.842183   -1.950872   -0.697984   -1.206996    9.887   27.340  -14.821 S_000004
   7 P   -57.826 -133.076   56.158  149.114 -133.146 -129.050  173.582  -38.935  149.380   81.360    0.323357   -0.155953   -1.475697   -0.748668   -1.138336   -1.884735   -1.900474   -0.754213   -1.175144   11.342   33.297  -12.736 S_000004
   8 N   -89.818 -167.844   59.639  153.827 -136.181  139.150  132.646  -37.935  153.424  148.810    0.316975    0.019676   -1.487882   -0.777948   -0.895329   -2.038770   -1.920246   -0.652799   -1.237878   14.639   39.557  -13.150 S_000004
   9 P   154.761  172.033 -179.426   83.223 -124.464  -57.712   60.433   35.786   94.790 -136.230    0.334551   -1.346547   -0.625568   -0.783587   -1.492060   -1.659338   -1.876081   -0.702613   -1.217613   15.691   46.065  -14.703 S_000004
  10 P  -132.578  112.156  159.719   83.112 -139.596  -55.743   63.268   39.050   85.758 -170.047    0.307700   -1.343453   -0.643900   -0.775243   -1.385486   -1.708759   -1.884896   -0.676455   -1.222422   16.367   51.743  -17.465 S_000004
  11 P  -127.098 -118.371 -175.896   81.208  178.526  -67.112   87.047   27.341  111.615  177.088    0.350710   -1.380316   -0.536550   -0.864500   -1.712024   -1.401043   -1.876825   -0.710853   -1.179871   18.340   57.437  -20.802 S_000004
  12 H   -65.710  173.658   53.776   79.083    0.000    0.000   75.671   36.295   96.149  179.944    0.316611   -1.412457   -0.479071   -0.796351   -1.655497   -1.495483   -1.864336   -0.770941   -1.183644   22.114   61.549  -21.929 S_000004
SCORE:    28.394                 28.394          0          0          2    S_000005
   1 H     0.000  170.252   55.279  146.249  -83.134  144.153  112.151  -28.956  153.973   21.274    0.362028   -0.375291   -1.432591   -0.845013   -1.234572   -1.836933   -1.958088   -0.662607   -1.203757    3.794    0.984    0.238 S_000005
   2 P   148.018 -159.875 -170.615   87.549 -119.792 -112.836  138.540   18.188  129.368 -128.410    0.355368   -1.375549   -0.603355   -0.943437   -1.797650   -1.296900   -1.849026   -0.736252   -1.191218    9.717    3.017   -1.647 S_000005
   3 P   -39.132 -128.014  178.683  148.423 -128.491 -161.176   82.490  -39.164  159.768  138.907    0.324895   -0.118877   -1.481124   -0.753142   -1.105909   -1.924168   -1.915263   -0.709937   -1.216600   12.684    8.950   -2.616 S_000005
   4 N   138.422  119.523   56.676   84.853   53.786  138.605   49.003    8.551  136.662   65.599    0.436521   -1.202607   -0.821644   -0.877003   -1.690398   -1.422836   -1.825804   -0.688787   -1.208249   18.195   13.425   -0.917 S_000005
   5 P   171.747  153.395  159.041  148.712 -150.900 -143.856  163.298  -31.676  141.216  -34.261    0.335662   -0.099384   -1.482186   -0.823846   -0.920479   -2.044532   -1.934389   -0.708140   -1.198506   20.468   19.885   -1.492 S_000005
   6 N   163.815 -164.479  163.460   86.090 -126.178  -77.063   69.324   37.584   88.006  -19.591    0.327025   -1.324864   -0.670087   -0.774636   -1.394663   -1.733976   -1.894762   -0.701587   -1.211359   23.908   26.201   -2.231 S_000005
   7 P  -136.188  147.408  170.784   84.536 -136.102  -73.016   76.513   39.583   86.659  179.914    0.336335   -1.326095   -0.664039   -0.729869   -1.374732   -1.758977   -1.869372   -0.707693   -1.223661   26.007   32.483   -0.744 S_000005
   8 P   -85.983  166.435   71.751   85.913 -160.937  -67.122   77.985   36.105   92.411 -164.363    0.348939   -1.329041   -0.667150   -0.756988   -1.434660   -1.703049   -1.860543   -0.674383   -1.240238   28.765   38.224   -0.275 S_000005
   9 P   -40.354 -158.817   49.644  128.615 -179.467  167.792  161.168  -26.483  154.594   35.551    0.411607   -0.223169   -1.457199   -0.800461   -0.980869   -1.992723   -1.933841   -0.715384   -1.197698   29.031   43.379    2.894 S_000005
  10 N  -173.868 -178.616  179.685   86.902 -146.045  -72.431   81.778   39.756   88.577  -12.629    0.302540   -1.355778   -0.621490   -0.770300   -1.422934   -1.707921   -1.886028   -0.702878   -1.216575   31.821   50.061    3.001 S_000005
  11 P   -68.603  166.827   63.543   86.574 -135.796 -131.885   73.014   27.101  113.414  -11.973    0.368256   -1.296553   -0.706050   -0.843406   -1.527216   -1.605968   -1.861679   -0.637858   -1.237027   34.497   55.501    2.078 S_000005
  12 H   -69.596 -174.390   58.480   83.862    0.000    0.000   76.828   39.223   89.887  179.890    0.321293   -1.341991   -0.618250   -0.747311   -1.417997   -1.690556   -1.822853   -0.629045   -1.242620   38.955   60.678    1.347 S_000005
SCORE:    28.647                 28.647          0          2          0    S_000006
   1 H     0.000  170.252   55.279   92.468   27.791 -116.327  112.696   25.907  120.152  179.931    0.361897   -1.285614   -0.741846   -0.865780   -1.508047   -1.623178   -1.871816   -0.589997   -1.268402    3.794    0.984    0.238 S_000006
   2 P  -177.185 -173.566  155.371  145.456  -98.754  179.352  138.838  -24.197  141.689  170.602    0.366879   -0.185448   -1.467973   -0.847005   -0.869502   -2.069646   -1.938630   -0.653402   -1.218242    3.733    4.931   -3.851 S_000006
   3 P   133.089  -91.281 -152.976   84.085 -138.164  -70.632   61.393   34.995   97.498  -23.917    0.340580   -1.359055   -0.600237   -0.787833   -1.539140   -1.620150   -1.869950   -0.710070   -1.214992    2.451   10.576   -6.878 S_000006
   4 P   -83.621  135.327   94.376   96.272 -124.911  -81.522   86.210   22.926  100.207 -171.537    0.399849   -1.182943   -0.881975   -0.801578   -1.420608   -1.770508   -1.900256   -0.746441   -1.186835   -0.702   15.138   -8.673 S_000006
   5 P   -67.811 -157.369   46.332   84.383 -161.577  -66.799   84.699   35.919   98.183 -173.992    0.326370   -1.362959   -0.598423   -0.793148   -1.523906   -1.629415   -1.875492   -0.700750   -1.221905   -1.514   21.788   -9.762 S_000006
   6 N   -89.818 -167.844   59.639  153.827 -136.181  139.150  132.646  -37.935  153.424  148.810    0.316975    0.019676   -1.487882   -0.777948   -0.895329   -2.038770   -1.920246   -0.652799   -1.237878   -2.005   26.112  -14.577 S_000006
   7 P   145.559 -147.661 -179.920   89.636 -147.948 -121.251  142.316   19.265  124.361   72.826    0.378876   -1.314939   -0.680925   -0.895597   -1.696331   -1.431095   -1.862822   -0.708039   -1.208086   -2.153   30.690  -19.443 S_000006
   8 P   -63.250  175.683   65.794  149.949 -131.110 -149.590  116.670  -46.360  165.701  151.659    0.291047   -0.023190   -1.497427   -0.685692   -1.116595   -1.889345   -1.874813   -0.741826   -1.205416   -4.569   36.347  -21.904 S_000006
   9 P  -104.993  127.762   90.615   79.264 -133.815  -75.470   56.583   38.260   94.324  -26.479    0.301404   -1.426043   -0.432946   -0.785314   -1.672634   -1.473623   -1.854459   -0.791924   -1.170323   -6.142   42.274  -23.230 S_000006
  10 N  -174.783  120.716  177.399  150.472 -127.479 -150.643  -46.738  -38.379  156.036  172.165    0.295515   -0.075973   -1.493365   -0.801078   -1.032701   -1.963612   -1.942754   -0.690149   -1.211052   -6.402   48.239  -26.921 S_000006
  11 P   145.178 -156.034 -172.353   84.988 -133.611  -72.916   57.863   38.515   89.648  -30.107    0.312455   -1.350548   -0.616806   -0.776444   -1.446986   -1.689238   -1.877180   -0.694361   -1.217785   -7.735   54.784  -29.484 S_000006
  12 H   -61.064 -168.981   50.322   76.032    0.000    0.000   76.775   39.278   96.286 -176.788    0.311121   -1.424322   -0.459184   -0.767647   -1.626387   -1.522625   -1.834068   -0.728389   -1.217490   -9.303   60.159  -32.763 S_000006
SCORE:    29.717                 29.717          0          0          2    S_000007
   1 H     0.000  170.252   55.279  131.423  -46.459 -132.759  120.131  -20.861  149.493 -175.188    0.411169   -0.479976   -1.379335   -0.833138   -1.205921   -1.859265   -1.942644   -0.641400   -1.223291    3.794    0.984    0.238 S_000007
   2 P   160.373   83.471  174.358  110.126 -145.014  -77.450   88.830   10.256  109.650 -140.438    0.415602   -0.968774   -1.094113   -0.852791   -1.300122   -1.860583   -1.949436   -0.711604   -1.193646    7.366    3.994   -3.993 S_000007
   3 P   -53.426  167.329   65.141  115.360 -113.777 -159.626   97.404   -5.403  134.937   56.068    0.427600   -0.829890   -1.204746   -0.881835   -1.388628   -1.769707   -1.954577   -0.702966   -1.187770    9.458    8.880   -6.924 S_000007
   4 P   172.339  126.791   60.504  112.721  -22.741  119.545   77.518   -8.846  148.288  154.093    0.416472   -0.832506   -1.208958   -0.890295   -1.447479   -1.700606   -1.951887   -0.663680   -1.215400   10.782   15.780   -7.695 S_000007
   5 P   117.558 -174.043  177.588   86.198 -134.649  -59.596   61.080   31.436   97.436  -24.467    0.367554   -1.291924   -0.717441   -0.792932   -1.451540   -1.697316   -1.890236   -0.709509   -1.209641   12.455   21.595   -8.231 S_000007
   6 P  -133.749 -135.407  144.310  130.845 -116.303 -178.649  121.579  -35.275  165.934  163.039    0.368044   -0.566274   -1.363413   -0.770648   -1.563835   -1.500435   -1.902733   -0.799223   -1.154475   14.442   27.099  -11.795 S_000007
   7 P   142.990 -157.333 -168.021   81.949 -149.012  -66.119   71.198   43.777   90.331  -21.089    0.268349   -1.386227   -0.533826   -0.747811   -1.438299   -1.663607   -1.829121   -0.660086   -1.293371   17.479   33.112  -13.986 S_000007
   8 N   -47.009 -156.943   43.129  136.535 -108.297 -129.744  -43.653  -37.484  173.233  179.919    0.311316   -0.514768   -1.402360   -0.821301   -1.538355   -1.515089   -1.920402   -0.777227   -1.165554   20.478   38.424  -15.407 S_000007
   9 P   -71.093  137.843   52.232   85.064 -139.753 -152.810   87.407   40.287   89.995 -158.367    0.287583   -1.398634   -0.501776   -0.778461   -1.544700   -1.582723   -1.866127   -0.722760   -1.202541   22.246   44.537  -15.488 S_000007
  10 P  -174.693  125.315   70.626  100.770 -168.348 -125.431   59.244    6.694  142.590  165.496    0.406817   -1.171540   -0.911572   -0.936605   -1.632745   -1.491397   -1.901210   -0.662736   -1.210185   23.854   50.159  -11.467 S_000007
  11 P  -154.050  145.148  124.520   89.904 -156.931 -129.437   98.571   22.752  116.377   53.243    0.366115   -1.304268   -0.738772   -0.890164   -1.596323   -1.568220   -1.925176   -0.727709   -1.180955   26.305   56.715  -11.242 S_000007
  12 H   -63.437  161.110   56.112   77.961    0.000    0.000   79.738   39.458   95.536  179.919    0.298489   -1.415733   -0.468083   -0.779779   -1.607326   -1.536044   -1.835066   -0.708221   -1.229351   27.418   62.943  -10.535 S_000007
SCORE:    29.030                 29.030          0          0          2    S_000008
   1 H     0.000  170.252   55.279  125.364  -68.361  102.839  121.622  -11.330  157.561   18.152    0.409062   -0.835566   -1.214715   -0.914311   -1.467259   -1.617021   -1.946189   -0.649225   -1.200841    3.794    0.984    0.238 S_000008
   2 P   140.004 -161.511  172.648   87.535 -135.875 -127.774  -63.089   27.673  113.365  -21.649    0.351703   -1.359808   -0.617725   -0.860422   -1.647064   -1.511100   -1.888219   -0.728269   -1.197425    7.261    5.000   -1.225 S_000008
   3 P  -172.665 -168.879   64.621  153.241  -74.408   95.874   93.788  -39.360  153.502  -73.833    0.296659    0.035647   -1.497518   -0.778195   -0.899266   -2.038929   -1.907996   -0.700799   -1.214610    9.202   11.682   -3.511 S_000008
   4 P   148.744  164.488  155.812   78.401 -116.145  -93.168  138.143   38.511   86.441 -171.231    0.349391   -1.359421   -0.597882   -0.742157   -1.451422   -1.664271   -1.843860   -0.693680   -1.250137   10.169   16.098   -6.263 S_000008
   5 P   -63.611  170.084   56.145   76.975 -179.268  -81.011   98.837   42.082   87.254 -150.074    0.293244   -1.407913   -0.501182   -0.746606   -1.520998   -1.607649   -1.843831   -0.728113   -1.206557   11.132   21.878   -9.220 S_000008
   6 P  -158.951 -177.382  165.165   83.505 -166.970  -49.803   88.312   28.748  117.649  -22.000    0.343573   -1.375312   -0.575177   -0.864358   -1.654732   -1.472597   -1.841770   -0.676251   -1.224860   13.214   28.182  -10.059 S_000008
   7 P  -127.098 -118.371 -175.896   81.208  178.526  -67.112   87.047   27.341  111.615  177.088    0.350710   -1.380316   -0.536550   -0.864500   -1.712024   -1.401043   -1.876825   -0.710853   -1.179871   15.108   34.733  -10.236 S_000008
   8 N   163.815 -164.479  163.460   86.090 -126.178  -77.063   69.324   37.584   88.006  -19.591    0.327025   -1.324864   -0.670087   -0.774636   -1.394663   -1.733976   -1.894762   -0.701587   -1.211359   15.694   41.006   -9.543 S_000008
   9 P  -170.257 -176.118  168.457  154.693  -96.790  -77.772  166.626  -41.004  158.432  -92.486    0.301209   -0.017468   -1.492097   -0.757842   -1.009016   -1.965277   -1.908312   -0.715882   -1.203518   17.179   47.166  -12.316 S_000008
  10 P   -58.446 -149.202   68.661  151.517  -94.388 -167.491  158.879  -36.566  157.616   66.657    0.314545   -0.058212   -1.465433   -0.758064   -0.951472   -2.024794   -1.934304   -0.600686   -1.266513   17.228   53.213  -15.113 S_000008
  11 P  -163.415 -164.775  171.520   87.292 -173.272  -90.210   95.538   33.873  101.998   69.427    0.333059   -1.348368   -0.630589   -0.813263   -1.521104   -1.634527   -1.885456   -0.693273   -1.220867   19.841   59.346  -17.749 S_000008
  12 H   -67.126 -171.425   48.448   80.377    0.000    0.000   80.883   38.891   91.476  179.932    0.312753   -1.387856   -0.544418   -0.770419   -1.537419   -1.616016   -1.867076   -0.725579   -1.209656   19.624   64.454  -21.482 S_000008
SCORE:    27.852                 27.852          0          1          1    S_000009
   1 H     0.000  170.252   55.279  121.485 -120.420  173.085   65.226  -10.827  133.687    4.567    0.431983   -0.754720   -1.247021   -0.854152   -1.396094   -1.769540   -1.938100   -0.768024   -1.141705    3.794    0.984    0.238 S_000009
   2 P  -110.003  -95.178 -170.804   85.262 -152.851  -73.112   64.455   36.565   94.655  -23.735    0.333988   -1.354956   -0.605888   -0.774081   -1.501600   -1.649669   -1.863825   -0.691328   -1.230508    6.742    2.850   -5.425 S_000009
   3 P  -155.146 -150.820  117.921   86.113 -130.582 -148.643   67.544   32.888  102.779 -102.425    0.346919   -1.363914   -0.563645   -0.802385   -1.605565   -1.541881   -1.842961   -0.706156   -1.218029    7.454    8.503   -9.269 S_000009
   4 P   108.246 -153.137  175.954  125.504  -78.386 -151.910  157.518  -34.516  169.390  179.923    0.351862   -0.530561   -1.392292   -0.793275   -1.516755   -1.590027   -1.910937   -0.740572   -1.194142    7.538   15.134  -10.775 S_000009
   5 P    69.065  148.258   61.008  143.351 -152.468 -173.839  -36.031  -32.620  153.760  -38.466    0.355883   -0.282450   -1.458156   -0.797587   -1.187713   -1.889374   -1.939496   -0.751429   -1.176510    6.652   22.023  -10.641 S_000009
   6 P  -170.341  -81.542 -150.130   92.276 -132.799 -135.257   68.032   15.995  132.507   -9.408    0.374351   -1.335865   -0.665900   -0.931982   -1.760628   -1.336401   -1.876128   -0.737169   -1.183181    7.415   27.596  -14.996 S_000009
   7 P   -71.383  151.973   48.207  147.060 -131.753 -161.855  100.068  -36.188  155.861   33.256    0.337325   -0.228092   -1.466943   -0.778700   -1.188977   -1.879295   -1.928081   -0.757037   -1.174951    9.108   33.719  -13.831 S_000009
   8 P   152.152 -163.414 -179.476   84.601 -123.902  -66.177 -118.488   34.496  101.644  -20.596    0.339854   -1.349021   -0.617645   -0.796396   -1.515504   -1.627416   -1.872576   -0.688085   -1.219292   11.717   40.239  -15.551 S_000009
   9 P  -121.268   96.255  160.858   84.068 -129.224  -75.533   52.974   39.319   83.507  163.622    0.314545   -1.331005   -0.665243   -0.765492   -1.368406   -1.749613   -1.901059   -0.720680   -1.199163   12.612   46.264  -16.580 S_000009
  10 P  -154.050  145.148  124.520   89.904 -156.931 -129.437   98.571   22.752  116.377   53.243    0.366115   -1.304268   -0.738772   -0.890164   -1.596323   -1.568220   -1.925176   -0.727709   -1.180955   14.521   52.866  -17.254 S_000009
  11 N   167.952 -167.959  154.203  145.211 -155.376 -167.633   19.536  -32.174  148.043  -55.599    0.332777   -0.133501   -1.484945   -0.828850   -0.980089   -2.013944   -1.953344   -0.695714   -1.205944   16.212   59.468  -19.488 S_000009
  12 H   -68.605 -175.105   49.810   83.272    0.000    0.000   78.573   33.927   96.559  -25.065    0.333824   -1.368068   -0.589562   -0.806528   -1.569489   -1.584086   -1.885769   -0.750372   -1.181147   18.774   65.607  -19.264 S_000009
SCORE:    28.458                 28.458          0          0          2    S_000010
   1 H     0.000  170.252   55.279   94.665  -27.662 -147.423   90.938   23.838  118.877  -12.943    0.358233   -1.295787   -0.728342   -0.888519   -1.571352   -1.575401   -1.880319   -0.633861   -1.245132    3.794    0.984    0.238 S_000010
   2 P   160.373   83.471  174.358  110.126 -145.014  -77.450   88.830   10.256  109.650 -140.438    0.415602   -0.968774   -1.094113   -0.852791   -1.300122   -1.860583   -1.949436   -0.711604   -1.193646    4.772    4.272   -4.853 S_000010
   3 N   -57.762  169.552   63.961   69.991 -158.999  -66.417 -105.345   36.774  111.667  173.252    0.329673   -1.462720   -0.295357   -0.777646   -1.764477   -1.260796   -1.653614   -0.656492   -1.270455    4.258    9.434   -8.150 S_000010
   4 P  -145.987  156.330 -171.280   97.698 -150.657  -84.135   71.724   29.301   97.426  177.190    0.377424   -1.188179   -0.884020   -0.797503   -1.265138   -1.847696   -1.920332   -0.677393   -1.214796    2.042   13.820  -12.601 S_000010
   5 N  -178.810  153.055  135.770  106.704 -138.327 -112.358  127.377   22.478   87.323  -11.418    0.409131   -0.973460   -1.098711   -0.809248   -1.028300   -2.013690   -1.923910   -0.665663   -1.225656    2.224   20.139  -15.698 S_000010
   6 P   -67.174 -171.745   62.212  145.145 -155.997 -106.484 -147.320  -33.164  152.851  138.237    0.344482   -0.189857   -1.476480   -0.805669   -1.076453   -1.953110   -1.941820   -0.705229   -1.199961    1.620   25.488  -19.907 S_000010
   7 P  -166.898   57.415  164.201   84.573 -140.977  -65.616   66.700   35.291   96.775  -22.631    0.321818   -1.367659   -0.593412   -0.810656   -1.539393   -1.613780   -1.888899   -0.719215   -1.201128   -1.039   30.999  -22.938 S_000010
   8 P   -55.089  173.538   51.274   86.239 -171.549  -67.592   83.245   32.949   95.914  -70.659    0.342672   -1.321830   -0.669514   -0.812806   -1.480409   -1.664521   -1.893787   -0.695884   -1.209959   -1.979   36.278  -25.729 S_000010
   9 P  -141.103   93.426  169.495   91.069 -150.020  -92.359   62.089   37.264   87.277  136.929    0.317046   -1.318105   -0.686127   -0.788078   -1.384274   -1.745631   -1.907231   -0.711992   -1.202040   -3.769   41.069  -29.298 S_000010
  10 P  -156.241 -172.309  170.358   90.579 -122.463  -73.511   97.000   24.621  116.504  -13.486    0.341843   -1.336481   -0.672589   -0.910049   -1.622569   -1.515204   -1.903182   -0.698196   -1.184257   -4.452   47.653  -31.774 S_000010
  11 P   -78.868  167.798   83.401   76.627 -155.813  -94.543  100.575   38.523   98.136  -30.394    0.299144   -1.414359   -0.476200   -0.789731   -1.615623   -1.527673   -1.849175   -0.734743   -1.210590   -6.219   53.285  -34.231 S_000010
  12 H   -60.002 -164.293   44.589   83.312    0.000    0.000   68.155   34.293   93.222  179.901    0.344267   -1.319982   -0.692496   -0.793095   -1.441090   -1.709983   -1.893324   -0.705466   -1.205410   -8.881   58.696  -36.877 S_000010
