SEQUENCE: gag
SCORE:     score    rna_stub_coord_hack       N_WC      N_NWC       N_BS description
REMARK RNA 
SCORE:     2.404                  2.404          0          0          0    S_000001
   1 H     0.000  170.252   55.279  106.170   75.955   -1.312  164.441   -3.140  135.043 -170.108    0.445626   -0.858437   -1.186027   -0.869478   -1.382080   -1.770539   -1.947288   -0.687305   -1.199117    3.794    0.984    0.238 S_000001
   2 P   139.901 -101.394 -178.561  141.920 -123.942 -144.089   80.191  -30.931  156.102   31.126    0.358691   -0.354753   -1.434289   -0.818117   -1.244867   -1.828128   -1.948415   -0.714488   -1.176518    8.006   -1.070    1.150 S_000001
   3 H   107.900  -89.987 -168.342   81.619    0.000    0.000   25.940   34.404   98.923  -22.685    0.336088   -1.355777   -0.613055   -0.799507   -1.534124   -1.621965   -1.877085   -0.716690   -1.212367   11.695   -5.061    3.463 S_000001
SCORE:     2.416                  2.416          0          0          1    S_000002
   1 H     0.000  170.252   55.279   67.891  130.641   10.629   93.330   52.989   73.822  -94.016    0.204280   -1.493153   -0.290159   -0.687493   -1.488279   -1.525071   -1.828156   -0.709969   -1.225179    3.794    0.984    0.238 S_000002
   2 P   -87.787  177.868   72.488  125.142 -164.828 -151.898  111.548  -19.213  150.164  -29.735    0.411216   -0.574601   -1.357123   -0.857597   -1.302692   -1.814919   -1.954673   -0.693383   -1.189634    8.420   -0.918   -0.082 S_000002
   3 H   157.661 -177.691  147.081   83.059    0.000    0.000   67.583   35.675   94.311  -20.458    0.341759   -1.332475   -0.637298   -0.780194   -1.462312   -1.670219   -1.851416   -0.653601   -1.269477   15.027   -3.426    1.382 S_000002
SCORE:     2.412                  2.412          0          0          0    S_000003
   1 H     0.000  170.252   55.279   79.300  166.615  -74.688   84.410   39.405   88.747  -53.485    0.284613   -1.402402   -0.551786   -0.789519   -1.538414   -1.622058   -1.898020   -0.775174   -1.171569    3.794    0.984    0.238 S_000003
   2 P    51.708  166.016  165.802  144.117 -158.911  172.559 -116.298  -36.379  164.491  -35.030    0.332415   -0.279857   -1.462557   -0.789069   -1.253212   -1.810639   -1.936782   -0.713043   -1.201460    8.952   -0.295   -0.654 S_000003
   3 H   -84.351 -157.188   49.245   85.434    0.000    0.000   76.626   38.674   91.879  -17.516    0.307782   -1.348131   -0.636882   -0.771757   -1.430022   -1.706493   -1.882589   -0.690150   -1.227172   12.915   -4.855    2.473 S_000003
SCORE:     2.333                  2.333          0          0          0    S_000004
   1 H     0.000  170.252   55.279   67.891  130.641   10.629   93.330   52.989   73.822  -94.016    0.204280   -1.493153   -0.290159   -0.687493   -1.488279   -1.525071   -1.828156   -0.709969   -1.225179    3.794    0.984    0.238 S_000004
   2 P   171.747  153.395  159.041  148.712 -150.900 -143.856  163.298  -31.676  141.216  -34.261    0.335662   -0.099384   -1.482186   -0.823846   -0.920479   -2.044532   -1.934389   -0.708140   -1.198506    9.113   -1.112   -1.194 S_000004
   3 H   151.549 -165.815 -177.383   85.346    0.000    0.000   64.869   32.200  102.329  -11.246    0.351364   -1.339984   -0.643976   -0.812147   -1.535049   -1.625418   -1.890755   -0.716650   -1.199961   15.285   -3.843    1.218 S_000004
SCORE:     2.432                  2.432          0          0          0    S_000005
   1 H     0.000  170.252   55.279   75.766 -178.845  -79.529   85.623   38.879  102.871  -73.762    0.278750   -1.450443   -0.362882   -0.817421   -1.710647   -1.400422   -1.780708   -0.688744   -1.242862    3.794    0.984    0.238 S_000005
   2 P    95.862 -150.045 -177.753  145.463 -163.746 -130.631  132.028  -25.964  134.716  -54.064    0.372792   -0.139680   -1.476267   -0.836576   -0.849905   -2.078892   -1.921957   -0.718372   -1.188673    8.716   -0.830   -1.192 S_000005
   3 H   -63.768  171.269   53.165   81.138    0.000    0.000   73.078   35.756   94.085  179.908    0.329457   -1.377079   -0.565555   -0.791489   -1.565921   -1.589886   -1.878808   -0.739054   -1.199993   14.136   -0.418    2.314 S_000005
SCORE:     2.359                  2.359          0          1          0    S_000006
   1 H     0.000  170.252   55.279   83.362  161.300  -70.928  114.330   33.615  108.642 -157.745    0.308422   -1.392637   -0.538137   -0.849983   -1.612972   -1.512021   -1.877597   -0.707014   -1.201991    3.794    0.984    0.238 S_000006
   2 P   105.521  156.804  148.628  159.247 -128.125 -110.056   82.304  -40.995  149.473 -171.489    0.270028    0.135892   -1.494581   -0.790297   -0.798343   -2.074916   -1.911233   -0.674598   -1.221385    9.408   -0.797   -1.141 S_000006
   3 H   -71.489  175.055   57.040   81.841    0.000    0.000   73.384   37.928   98.920  179.911    0.321780   -1.384224   -0.535611   -0.766416   -1.558048   -1.587385   -1.836113   -0.687283   -1.247221   14.465   -1.907    3.229 S_000006
SCORE:     2.392                  2.392          0          0          0    S_000007
   1 H     0.000  170.252   55.279   67.891  130.641   10.629   93.330   52.989   73.822  -94.016    0.204280   -1.493153   -0.290159   -0.687493   -1.488279   -1.525071   -1.828156   -0.709969   -1.225179    3.794    0.984    0.238 S_000007
   2 N   -98.041 -137.837  155.725  158.717  -99.849  162.372  109.093  -41.754  160.788   52.267    0.289315   -0.001541   -1.489878   -0.763911   -1.005286   -1.960819   -1.921518   -0.690989   -1.218223    9.145   -0.567   -1.006 S_000007
   3 H   -58.058  155.750   75.608   78.393    0.000    0.000   82.515   42.346   91.207  -79.707    0.288470   -1.428850   -0.436910   -0.745222   -1.602593   -1.545939   -1.807736   -0.707208   -1.239033   13.440   -4.157    0.502 S_000007
SCORE:     2.359                  2.359          0          1          0    S_000008
   1 H     0.000  170.252   55.279   83.362  161.300  -70.928  114.330   33.615  108.642 -157.745    0.308422   -1.392637   -0.538137   -0.849983   -1.612972   -1.512021   -1.877597   -0.707014   -1.201991    3.794    0.984    0.238 S_000008
   2 P   105.521  156.804  148.628  159.247 -128.125 -110.056   82.304  -40.995  149.473 -171.489    0.270028    0.135892   -1.494581   -0.790297   -0.798343   -2.074916   -1.911233   -0.674598   -1.221385    9.408   -0.797   -1.141 S_000008
   3 H   -88.901 -174.527   73.256   85.653    0.000    0.000   58.869   32.989  102.195  -86.675    0.337965   -1.369214   -0.576271   -0.812823   -1.599495   -1.556009   -1.870633   -0.726290   -1.204594   14.698   -2.400    3.176 S_000008
SCORE:     2.376                  2.376          0          0          0    S_000009
   1 H     0.000  170.252   55.279   67.891  130.641   10.629   93.330   52.989   73.822  -94.016    0.204280   -1.493153   -0.290159   -0.687493   -1.488279   -1.525071   -1.828156   -0.709969   -1.225179    3.794    0.984    0.238 S_000009
   2 P  -133.749 -135.407  144.310  130.845 -116.303 -178.649  121.579  -35.275  165.934  163.039    0.368044   -0.566274   -1.363413   -0.770648   -1.563835   -1.500435   -1.902733   -0.799223   -1.154475    9.196   -1.183   -1.727 S_000009
   3 H   -73.057 -177.063   58.459   85.272    0.000    0.000   81.579   34.751   96.012  179.899    0.339659   -1.341363   -0.635686   -0.790128   -1.498164   -1.654480   -1.884170   -0.707602   -1.216648   14.399   -2.949    1.731 S_000009
SCORE:     2.304                  2.304          0          0          1    S_000010
   1 H     0.000  170.252   55.279   67.891  130.641   10.629   93.330   52.989   73.822  -94.016    0.204280   -1.493153   -0.290159   -0.687493   -1.488279   -1.525071   -1.828156   -0.709969   -1.225179    3.794    0.984    0.238 S_000010
   2 P  -170.283  161.190 -176.306  140.990 -163.860 -102.059  133.153  -32.306  149.951  165.152    0.350717   -0.168927   -1.477787   -0.803819   -1.029144   -1.981828   -1.933928   -0.657356   -1.225843    9.038   -1.053   -0.950 S_000010
   3 H   -61.064  167.873   54.617   80.287    0.000    0.000   66.341   39.710   94.093  -19.327    0.296141   -1.401202   -0.525184   -0.779173   -1.542719   -1.601687   -1.861971   -0.709212   -1.218933   13.791   -3.522    2.186 S_000010
