SEQUENCE: gug
SCORE:     score    rna_stub_coord_hack       N_WC      N_NWC       N_BS description
REMARK RNA 
SCORE:     0.036                  0.036          0          0          0    S_000001
   1 H     0.000  170.252   55.279  100.547   41.845  -32.535   90.374    9.692  124.390  179.909    0.456370   -0.991871   -1.067046   -0.836217   -1.335706   -1.804399   -1.897621   -0.605146   -1.248537    3.794    0.984    0.238 S_000001
   2 N   166.635  160.533  173.997   84.453 -159.804  -61.151   65.206   37.595   92.353  179.922    0.318553   -1.359278   -0.608721   -0.780365   -1.480785   -1.665519   -1.881177   -0.705201   -1.218902    4.885    4.535    1.289 S_000001
   3 H    80.046 -164.964 -176.680   83.657    0.000    0.000   85.050   37.331   95.761  164.208    0.303788   -1.385360   -0.543886   -0.798211   -1.556266   -1.583970   -1.862053   -0.706697   -1.212925    5.004    7.726    5.842 S_000001
SCORE:     0.036                  0.036          0          0          0    S_000002
   1 H     0.000  170.252   55.279  100.547   41.845  -32.535   90.374    9.692  124.390  179.909    0.456370   -0.991871   -1.067046   -0.836217   -1.335706   -1.804399   -1.897621   -0.605146   -1.248537    3.794    0.984    0.238 S_000002
   2 P   173.587 -178.965  167.252   86.770 -154.241  -66.892   71.209   38.137   90.850  -14.829    0.330521   -1.345863   -0.616675   -0.753773   -1.455994   -1.683559   -1.857163   -0.688204   -1.225260    4.940    4.282    1.571 S_000002
   3 H   169.978 -173.184  174.230   87.388    0.000    0.000   80.410   34.737   93.465  179.945    0.338703   -1.321461   -0.665222   -0.794947   -1.451556   -1.688397   -1.890078   -0.697323   -1.211406    6.631    8.428    6.505 S_000002
SCORE:     0.035                  0.035          0          0          0    S_000003
   1 H     0.000  170.252   55.279  100.547   41.845  -32.535   90.374    9.692  124.390  179.909    0.456370   -0.991871   -1.067046   -0.836217   -1.335706   -1.804399   -1.897621   -0.605146   -1.248537    3.794    0.984    0.238 S_000003
   2 P   172.221  170.024  171.796   84.129 -153.577  -72.042   72.192   39.656   89.017  -28.887    0.311251   -1.365201   -0.594033   -0.760653   -1.459103   -1.679404   -1.872372   -0.699463   -1.227364    4.856    4.435    1.398 S_000003
   3 H   -73.441  170.161   70.270   74.742    0.000    0.000   71.274   36.803  104.363  -26.986    0.298416   -1.464043   -0.315336   -0.808783   -1.813024   -1.303686   -1.802671   -0.807340   -1.175934    4.314    9.309    5.128 S_000003
SCORE:     0.029                  0.029          0          0          0    S_000004
   1 H     0.000  170.252   55.279  100.547   41.845  -32.535   90.374    9.692  124.390  179.909    0.456370   -0.991871   -1.067046   -0.836217   -1.335706   -1.804399   -1.897621   -0.605146   -1.248537    3.794    0.984    0.238 S_000004
   2 P   175.869 -141.611  153.148   83.677 -166.053 -163.686   65.878   35.297   92.385 -141.507    0.340958   -1.323059   -0.677000   -0.782125   -1.436776   -1.707161   -1.884937   -0.705343   -1.216472    5.556    3.797    1.930 S_000004
   3 H   -82.024 -177.609   57.995   73.787    0.000    0.000   74.170   39.456  101.452  -17.722    0.270765   -1.474066   -0.281783   -0.816244   -1.787449   -1.312687   -1.777380   -0.746257   -1.215327    5.465   10.408    3.335 S_000004
SCORE:     0.036                  0.036          0          0          1    S_000005
   1 H     0.000  170.252   55.279  100.547   41.845  -32.535   90.374    9.692  124.390  179.909    0.456370   -0.991871   -1.067046   -0.836217   -1.335706   -1.804399   -1.897621   -0.605146   -1.248537    3.794    0.984    0.238 S_000005
   2 P   173.587 -178.965  167.252   86.770 -154.241  -66.892   71.209   38.137   90.850  -14.829    0.330521   -1.345863   -0.616675   -0.753773   -1.455994   -1.683559   -1.857163   -0.688204   -1.225260    4.940    4.282    1.571 S_000005
   3 H   133.844 -141.134 -154.833  117.281    0.000    0.000   68.791    5.050  110.171 -135.126    0.424815   -0.776879   -1.242843   -0.860205   -1.094615   -1.994294   -1.953543   -0.659768   -1.216506    6.830    7.077    6.401 S_000005
SCORE:     0.036                  0.036          0          1          0    S_000006
   1 H     0.000  170.252   55.279  100.547   41.845  -32.535   90.374    9.692  124.390  179.909    0.456370   -0.991871   -1.067046   -0.836217   -1.335706   -1.804399   -1.897621   -0.605146   -1.248537    3.794    0.984    0.238 S_000006
   2 P   173.587 -178.965  167.252   86.770 -154.241  -66.892   71.209   38.137   90.850  -14.829    0.330521   -1.345863   -0.616675   -0.753773   -1.455994   -1.683559   -1.857163   -0.688204   -1.225260    4.940    4.282    1.571 S_000006
   3 H   -61.675  163.071   60.022   84.213    0.000    0.000   62.826   31.549  102.712  -23.744    0.341700   -1.346655   -0.608622   -0.823741   -1.577775   -1.570202   -1.879502   -0.721310   -1.199238    4.680    7.964    6.095 S_000006
SCORE:     0.038                  0.038          0          0          0    S_000007
   1 H     0.000  170.252   55.279  100.547   41.845  -32.535   90.374    9.692  124.390  179.909    0.456370   -0.991871   -1.067046   -0.836217   -1.335706   -1.804399   -1.897621   -0.605146   -1.248537    3.794    0.984    0.238 S_000007
   2 P   178.185 -141.779  162.057   89.493 -175.798 -165.522  102.817   12.026  135.815  -77.674    0.407427   -1.250929   -0.772444   -0.896323   -1.722154   -1.427814   -1.908611   -0.775532   -1.157236    5.556    3.850    1.902 S_000007
   3 H   -64.989  140.588   64.831   83.712    0.000    0.000   71.299   38.284   90.737 -143.848    0.320102   -1.352299   -0.601385   -0.769377   -1.457806   -1.664656   -1.875515   -0.709999   -1.208928    3.343    9.232    3.062 S_000007
SCORE:     0.035                  0.035          0          0          0    S_000008
   1 H     0.000  170.252   55.279  100.547   41.845  -32.535   90.374    9.692  124.390  179.909    0.456370   -0.991871   -1.067046   -0.836217   -1.335706   -1.804399   -1.897621   -0.605146   -1.248537    3.794    0.984    0.238 S_000008
   2 P   172.221  170.024  171.796   84.129 -153.577  -72.042   72.192   39.656   89.017  -28.887    0.311251   -1.365201   -0.594033   -0.760653   -1.459103   -1.679404   -1.872372   -0.699463   -1.227364    4.856    4.435    1.398 S_000008
   3 H  -115.625 -152.209  -70.685   82.765    0.000    0.000   49.317   38.637   88.088  -16.293    0.318977   -1.350048   -0.620441   -0.763928   -1.444585   -1.693947   -1.876495   -0.708498   -1.215050    5.681   10.070    5.316 S_000008
SCORE:     0.036                  0.036          0          0          0    S_000009
   1 H     0.000  170.252   55.279  100.547   41.845  -32.535   90.374    9.692  124.390  179.909    0.456370   -0.991871   -1.067046   -0.836217   -1.335706   -1.804399   -1.897621   -0.605146   -1.248537    3.794    0.984    0.238 S_000009
   2 N   166.635  160.533  173.997   84.453 -159.804  -61.151   65.206   37.595   92.353  179.922    0.318553   -1.359278   -0.608721   -0.780365   -1.480785   -1.665519   -1.881177   -0.705201   -1.218902    4.885    4.535    1.289 S_000009
   3 H   139.696 -167.226 -173.065   86.620    0.000    0.000   77.025   36.903   87.115   73.388    0.338039   -1.311782   -0.665734   -0.762243   -1.407653   -1.723803   -1.875293   -0.692900   -1.221149    5.813    8.401    6.110 S_000009
SCORE:     0.036                  0.036          0          0          0    S_000010
   1 H     0.000  170.252   55.279  100.547   41.845  -32.535   90.374    9.692  124.390  179.909    0.456370   -0.991871   -1.067046   -0.836217   -1.335706   -1.804399   -1.897621   -0.605146   -1.248537    3.794    0.984    0.238 S_000010
   2 P   173.587 -178.965  167.252   86.770 -154.241  -66.892   71.209   38.137   90.850  -14.829    0.330521   -1.345863   -0.616675   -0.753773   -1.455994   -1.683559   -1.857163   -0.688204   -1.225260    4.940    4.282    1.571 S_000010
   3 H   -56.322  167.032   66.087  144.198    0.000    0.000   96.737  -31.926  150.494   30.843    0.341865   -0.296718   -1.453843   -0.818383   -1.188817   -1.883073   -1.945239   -0.761801   -1.158860    4.719    7.954    6.126 S_000010
