SEQUENCE: gug
SCORE:     score    rna_stub_coord_hack       N_WC      N_NWC       N_BS description
REMARK RNA 
SCORE:     0.012                  0.012          0          0          0    S_000001
   1 H     0.000  170.252   55.279   94.093 -100.848 -161.297  145.840   34.057   98.782  103.103    0.323491   -1.273139   -0.756488   -0.821630   -1.337161   -1.770304   -1.898045   -0.594468   -1.261434    3.794    0.984    0.238 S_000001
   2 P   -59.190  171.916   61.609  149.719  -96.729  173.812  114.841  -36.096  154.391   28.057    0.331883   -0.109717   -1.479350   -0.780110   -1.027789   -1.967259   -1.927830   -0.685526   -1.218746    7.462    2.264   -5.089 S_000001
   3 H   -53.872  178.062   48.234   81.652    0.000    0.000   75.309   35.796   96.138  179.909    0.315906   -1.378466   -0.575132   -0.806774   -1.554678   -1.596785   -1.887196   -0.737053   -1.190781   11.546    5.126   -8.810 S_000001
SCORE:     0.013                  0.013          0          0          0    S_000002
   1 H     0.000  170.252   55.279  108.341 -154.455  144.859  154.862    7.887  130.719   18.703    0.420150   -1.104275   -0.981401   -0.908339   -1.517571   -1.622796   -1.953956   -0.705910   -1.160258    3.794    0.984    0.238 S_000002
   2 N    74.482  167.007  162.512   87.318  161.138 -123.968   19.499   21.632  120.598  -85.219    0.366272   -1.288326   -0.749795   -0.897093   -1.589062   -1.560881   -1.930169   -0.730866   -1.163941    7.047    2.956   -5.215 S_000002
   3 H   -95.303 -176.736   59.028   80.584    0.000    0.000   82.079   40.354   90.935  179.931    0.306541   -1.405218   -0.502459   -0.755816   -1.564346   -1.592210   -1.844753   -0.715536   -1.228383   12.342    3.772   -8.996 S_000002
SCORE:     0.013                  0.013          0          0          0    S_000003
   1 H     0.000  170.252   55.279  143.197  -81.152  143.472  111.631  -27.348  155.745    8.388    0.371059   -0.446060   -1.412322   -0.844862   -1.288927   -1.796603   -1.963000   -0.689676   -1.200875    3.794    0.984    0.238 S_000003
   2 N    74.482  167.007  162.512   87.318  161.138 -123.968   19.499   21.632  120.598  -85.219    0.366272   -1.288326   -0.749795   -0.897093   -1.589062   -1.560881   -1.930169   -0.730866   -1.163941    9.682    2.821   -1.384 S_000003
   3 H   161.596 -136.861  174.584   84.428    0.000    0.000   81.716   41.200   85.165  111.935    0.302503   -1.360999   -0.595875   -0.745499   -1.423893   -1.700253   -1.860894   -0.695060   -1.229808   15.466    4.957   -3.024 S_000003
SCORE:     0.013                  0.013          0          0          0    S_000004
   1 H     0.000  170.252   55.279   86.894 -142.724  166.341   83.556   35.061   97.351  -15.414    0.336847   -1.330850   -0.664486   -0.790283   -1.456739   -1.688379   -1.877968   -0.668053   -1.242614    3.794    0.984    0.238 S_000004
   2 N   153.986  147.436   69.197  110.332 -177.220 -164.514   70.762   -2.979  138.749  -71.818    0.380414   -0.961998   -1.122021   -0.931692   -1.520919   -1.656980   -1.974827   -0.707800   -1.171756    5.170    1.644   -6.723 S_000004
   3 H  -117.870   88.207  153.517   85.778    0.000    0.000   52.796   37.121   85.787  -18.627    0.334942   -1.307574   -0.706677   -0.770538   -1.356077   -1.763847   -1.903957   -0.710816   -1.206685    9.861    3.846   -9.568 S_000004
SCORE:     0.013                  0.013          0          0          0    S_000005
   1 H     0.000  170.252   55.279   84.406 -127.990 -163.282   96.871   34.642   98.709  -22.514    0.325484   -1.373318   -0.581378   -0.809171   -1.570275   -1.588335   -1.880764   -0.726232   -1.200195    3.794    0.984    0.238 S_000005
   2 P   -83.435  146.890   95.153   78.497 -165.966  -99.219   64.855   33.686  106.198  -27.118    0.302965   -1.433175   -0.440395   -0.849740   -1.731675   -1.398265   -1.838010   -0.742232   -1.203787    6.492    2.748   -5.158 S_000005
   3 H   -59.500  170.184   57.573   84.133    0.000    0.000   77.381   34.504   97.445   -8.178    0.324874   -1.374401   -0.573065   -0.813303   -1.578897   -1.577833   -1.893321   -0.743558   -1.183212    8.580    6.705   -9.413 S_000005
SCORE:     0.014                  0.014          0          0          0    S_000006
   1 H     0.000  170.252   55.279  129.833 -129.054 -167.740  155.472  -25.810  165.533  124.372    0.376128   -0.713675   -1.305749   -0.860454   -1.569429   -1.515591   -1.950702   -0.764500   -1.167224    3.794    0.984    0.238 S_000006
   2 P   -50.991  173.148   55.965  147.648 -156.331 -156.743  128.139  -36.125  158.063  -36.478    0.333999   -0.180466   -1.478826   -0.784463   -1.123461   -1.912358   -1.933509   -0.727334   -1.192264    9.498    2.065   -2.575 S_000006
   3 H   -94.648  163.308   85.869   80.184    0.000    0.000   65.031   37.542   94.088  179.907    0.309798   -1.377131   -0.561049   -0.793634   -1.526343   -1.608532   -1.870038   -0.706497   -1.215410   15.206    4.628   -4.806 S_000006
SCORE:     0.012                  0.012          0          0          0    S_000007
   1 H     0.000  170.252   55.279   86.807 -100.233  168.282  103.941   35.199   95.654  -20.743    0.317404   -1.315526   -0.708302   -0.817785   -1.398336   -1.735692   -1.906988   -0.659955   -1.232777    3.794    0.984    0.238 S_000007
   2 N   153.986  147.436   69.197  110.332 -177.220 -164.514   70.762   -2.979  138.749  -71.818    0.380414   -0.961998   -1.122021   -0.931692   -1.520919   -1.656980   -1.974827   -0.707800   -1.171756    4.693    2.803   -6.327 S_000007
   3 H   155.265 -163.588  177.374   81.361    0.000    0.000   56.634   39.198   87.425 -162.895    0.327911   -1.342930   -0.625618   -0.750188   -1.417865   -1.709769   -1.867488   -0.690405   -1.229757    8.721    6.119  -11.127 S_000007
SCORE:     0.013                  0.013          0          0          0    S_000008
   1 H     0.000  170.252   55.279   84.406 -127.990 -163.282   96.871   34.642   98.709  -22.514    0.325484   -1.373318   -0.581378   -0.809171   -1.570275   -1.588335   -1.880764   -0.726232   -1.200195    3.794    0.984    0.238 S_000008
   2 P   -83.435  146.890   95.153   78.497 -165.966  -99.219   64.855   33.686  106.198  -27.118    0.302965   -1.433175   -0.440395   -0.849740   -1.731675   -1.398265   -1.838010   -0.742232   -1.203787    6.492    2.748   -5.158 S_000008
   3 H   -71.195  172.982   61.076   81.164    0.000    0.000   77.137   35.420   99.449  179.933    0.318594   -1.378273   -0.563368   -0.807212   -1.568647   -1.576999   -1.864620   -0.710277   -1.209078    8.471    6.737   -9.658 S_000008
SCORE:     0.014                  0.014          0          0          0    S_000009
   1 H     0.000  170.252   55.279  114.844 -127.645  142.681  157.865   -8.623  142.086    4.988    0.429522   -0.873960   -1.170300   -0.878817   -1.507883   -1.646647   -1.956431   -0.762273   -1.144670    3.794    0.984    0.238 S_000009
   2 N    74.482  167.007  162.512   87.318  161.138 -123.968   19.499   21.632  120.598  -85.219    0.366272   -1.288326   -0.749795   -0.897093   -1.589062   -1.560881   -1.930169   -0.730866   -1.163941    7.491    3.515   -4.463 S_000009
   3 H   -55.366  154.032   62.127   80.283    0.000    0.000   76.083   40.893   91.702  179.944    0.291455   -1.413722   -0.486961   -0.766001   -1.570276   -1.579874   -1.845382   -0.713477   -1.230109   11.100    3.774   -8.832 S_000009
SCORE:     0.012                  0.012          0          0          0    S_000010
   1 H     0.000  170.252   55.279   81.348 -144.883  166.516   77.603   37.548   97.552 -155.816    0.309105   -1.406431   -0.494898   -0.792816   -1.611282   -1.535302   -1.850802   -0.723208   -1.212922    3.794    0.984    0.238 S_000010
   2 N   153.986  147.436   69.197  110.332 -177.220 -164.514   70.762   -2.979  138.749  -71.818    0.380414   -0.961998   -1.122021   -0.931692   -1.520919   -1.656980   -1.974827   -0.707800   -1.171756    4.768    1.358   -6.827 S_000010
   3 H   169.811  164.675  171.300   88.519    0.000    0.000   55.467   34.571   93.037  179.942    0.350137   -1.300201   -0.693679   -0.782148   -1.414452   -1.720499   -1.898671   -0.706892   -1.204095    8.058    5.862  -11.486 S_000010
