SEQUENCE: gaaag
SCORE:     score       N_WC      N_NWC       N_BS description
REMARK RNA 
SCORE:     0.000          0          0          1    S_000001
   1 H     0.000  170.252   55.279   80.802 -171.393  -65.619   74.853   40.464   93.269 -170.088    0.297138   -1.388542   -0.558727   -0.768107   -1.496454   -1.653962   -1.835788   -0.649760   -1.264422    3.794    0.984    0.238 S_000001
   2 P  -178.453 -136.345   56.469  153.979 -113.639   99.714  116.386  -39.428  156.666  -41.043    0.315608   -0.068729   -1.486591   -0.761964   -1.044749   -1.950925   -1.913032   -0.732990   -1.193752    8.125   -2.859   -2.666 S_000001
   3 P   152.375  142.031   64.415  148.128 -115.647  144.438   99.872  -37.298  156.734  -84.147    0.331499   -0.157245   -1.479366   -0.767945   -1.115352   -1.917667   -1.916635   -0.734444   -1.191645    8.101   -7.806   -5.860 S_000001
   4 P   -70.959 -173.465   48.266   81.048 -141.134  -54.064   91.685   37.265   90.478  -22.449    0.321975   -1.373178   -0.572496   -0.778239   -1.529068   -1.619201   -1.872556   -0.725750   -1.207801   10.176  -11.815   -9.457 S_000001
   5 H   -68.248 -170.218   51.573   83.166    0.000    0.000   80.700   40.043   90.804  -24.369    0.300413   -1.363981   -0.591311   -0.770698   -1.446040   -1.680817   -1.860998   -0.655350   -1.247154   15.258  -14.062  -12.291 S_000001
SCORE:     0.000          0          2          0    S_000002
   1 H     0.000  170.252   55.279   83.037 -161.161  -66.054   70.793   37.599   95.730 -156.100    0.322849   -1.370206   -0.571286   -0.771449   -1.522201   -1.623466   -1.854484   -0.694733   -1.231395    3.794    0.984    0.238 S_000002
   2 P  -134.052  156.543   47.837   88.666 -132.511  -64.571   64.608   33.116   94.343  179.921    0.344580   -1.299526   -0.715970   -0.805930   -1.421433   -1.717115   -1.905591   -0.694858   -1.207381    8.868   -1.523   -2.954 S_000002
   3 P   -74.289  168.079   58.371   89.035 -116.196  -61.147  113.333   36.058   95.804  -42.388    0.312583   -1.356341   -0.625891   -0.807567   -1.490738   -1.658170   -1.880554   -0.674604   -1.229282    9.521   -5.776    1.485 S_000002
   4 N  -105.965 -176.395 -115.779   93.260 -145.196   89.472  158.998   13.157  126.237   -4.666    0.392612   -1.212316   -0.868763   -0.904944   -1.634107   -1.587631   -1.902651   -0.693346   -1.210337    4.163   -8.681    3.974 S_000002
   5 H   130.022 -152.716 -164.340   80.025    0.000    0.000   70.740   42.811   87.470  175.367    0.254462   -1.407799   -0.535507   -0.791695   -1.463532   -1.653301   -1.891653   -0.686937   -1.215529    8.305   -4.769    5.546 S_000002
SCORE:     0.000          0          0          1    S_000003
   1 H     0.000  170.252   55.279   75.251 -149.541  -78.005   70.738   41.912   90.006 -147.281    0.277458   -1.443591   -0.388943   -0.769757   -1.648896   -1.483356   -1.839556   -0.760679   -1.195379    3.794    0.984    0.238 S_000003
   2 P   -56.356  174.114   52.388   83.467  168.948   66.508   89.615   33.205   95.129  -74.303    0.329942   -1.333670   -0.672487   -0.828457   -1.483770   -1.669470   -1.920290   -0.728899   -1.184888    8.555   -1.192   -3.025 S_000003
   3 P  -178.516  158.447   72.087  115.473  -89.182  116.027   81.421   -8.948  145.287    5.631    0.436888   -0.843457   -1.200527   -0.869876   -1.469310   -1.688934   -1.948108   -0.724424   -1.179181    7.157   -5.624   -7.636 S_000003
   4 P   -69.004  174.493   54.092   80.446 -143.337  -58.364   70.845   41.514   91.313  -26.413    0.294380   -1.401806   -0.526471   -0.754761   -1.508330   -1.628702   -1.856756   -0.709345   -1.221892    8.245   -8.342  -11.316 S_000003
   5 H   -62.614  163.134   61.758   81.566    0.000    0.000   69.215   37.122   96.629 -112.036    0.310968   -1.408889   -0.495324   -0.796136   -1.614814   -1.524925   -1.848319   -0.719514   -1.215088    8.780  -10.364  -16.744 S_000003
SCORE:     0.000          0          2          1    S_000004
   1 H     0.000  170.252   55.279   79.254 -147.543  -77.165   73.693   39.176   92.119  151.465    0.316818   -1.372736   -0.573181   -0.759400   -1.491632   -1.648748   -1.845720   -0.671088   -1.245582    3.794    0.984    0.238 S_000004
   2 N   -63.314  155.923   59.290   79.205 -166.120  -47.308   64.266   35.451   98.728  -18.172    0.325466   -1.382810   -0.552591   -0.798510   -1.586399   -1.568555   -1.868995   -0.740582   -1.199859    8.465   -1.313   -2.620 S_000004
   3 P   -40.210  149.240   56.877   82.022 -152.097 -104.543   82.884   31.427  101.865   65.435    0.316666   -1.389813   -0.520045   -0.850368   -1.682453   -1.456156   -1.889898   -0.787244   -1.151878   10.335   -5.868   -2.175 S_000004
   4 L   -60.259  170.285   55.558   81.182 -139.955    0.000   75.129   35.858   94.910  180.000    0.332096   -1.358119   -0.604254   -0.787142   -1.514354   -1.634735   -1.875104   -0.719618   -1.209841   12.147  -11.686   -0.237 S_000004
   5 H   -72.000  171.841   67.773   78.982    0.000    0.000   72.295   39.703   95.364  179.940    0.287221   -1.417806   -0.487252   -0.788646   -1.587907   -1.557458   -1.860936   -0.727459   -1.206767    9.702  -14.726   -3.494 S_000004
SCORE:     0.000          0          0          2    S_000005
   1 H     0.000  170.252   55.279   88.005 -125.478  -82.737   47.912   30.317   95.772 -149.801    0.362217   -1.263707   -0.767310   -0.810201   -1.410369   -1.737768   -1.909022   -0.707611   -1.202761    3.794    0.984    0.238 S_000005
   2 P   -30.557  167.498   82.664   91.811  -35.910   72.750  114.252   11.737  137.643  -14.520    0.375958   -1.358920   -0.625028   -0.951384   -1.875019   -1.196227   -1.889398   -0.825364   -1.128884    7.484   -2.476   -3.183 S_000005
   3 P   -77.026  168.092   71.983   78.574 -116.805  -84.914   48.711   34.034  102.351  -23.948    0.337593   -1.392640   -0.509451   -0.802071   -1.647914   -1.494254   -1.850830   -0.751698   -1.190656    8.887   -2.254   -0.220 S_000005
   4 P   -41.242  150.714   34.802   98.236 -135.668  -57.048   63.920   24.454   96.912 -151.646    0.389866   -1.161191   -0.911311   -0.805505   -1.346740   -1.830360   -1.905667   -0.703725   -1.211511   11.489    0.412    4.446 S_000005
   5 H   -66.676  177.185   52.715   82.425    0.000    0.000   79.678   41.036   89.540  -30.887    0.297353   -1.404390   -0.515554   -0.758532   -1.531415   -1.612255   -1.853938   -0.703704   -1.224101   16.667    3.464    3.343 S_000005
SCORE:     0.000          0          0          2    S_000006
   1 H     0.000  170.252   55.279   83.664 -149.444  -78.945   75.534   40.248   89.579  -21.743    0.310823   -1.368820   -0.592712   -0.753152   -1.452470   -1.685959   -1.862081   -0.684380   -1.239728    3.794    0.984    0.238 S_000006
   2 P   -59.859  173.753   49.705   84.759 -142.646  -68.879   80.157   38.500   88.504  -18.732    0.318086   -1.358657   -0.605811   -0.769083   -1.469129   -1.678932   -1.886360   -0.726178   -1.206726    8.662   -1.371   -2.813 S_000006
   3 N   -77.522 -163.017   49.773   79.435 -141.638  -76.168   73.866   40.471   91.578  -23.424    0.293157   -1.406830   -0.493251   -0.772854   -1.558327   -1.579705   -1.854026   -0.711758   -1.224637   10.533   -6.449   -6.605 S_000006
   4 P   -75.687 -154.394   61.566  100.980   25.338   62.568  139.653   11.744  131.204   65.493    0.413397   -1.161512   -0.900510   -0.892159   -1.555928   -1.589156   -1.888576   -0.626565   -1.248269    7.940   -9.586  -12.004 S_000006
   5 H   -83.866  177.886   58.292   76.060    0.000    0.000   75.451   39.634   97.186  166.189    0.279807   -1.452085   -0.378161   -0.799746   -1.702342   -1.431318   -1.830848   -0.750792   -1.209675    6.139  -13.190  -13.066 S_000006
SCORE:     0.000          0          0          2    S_000007
   1 H     0.000  170.252   55.279   79.440 -135.001 -123.818   77.651   35.959   96.984  -17.310    0.316311   -1.397952   -0.509901   -0.804983   -1.619726   -1.527134   -1.873305   -0.755982   -1.184517    3.794    0.984    0.238 S_000007
   2 P   -53.282  164.801   53.886   83.620 -116.605  -76.228  107.440   34.526  100.031   22.791    0.327154   -1.376869   -0.574986   -0.814601   -1.574474   -1.579918   -1.876841   -0.715277   -1.210081    8.101    0.604   -4.643 S_000007
   3 P   -68.068  168.423   64.135   84.179 -134.333  -62.910   91.081   35.886   88.394  -29.535    0.332009   -1.312202   -0.703065   -0.787808   -1.390790   -1.742360   -1.884840   -0.686812   -1.217319    9.093   -3.022   -9.761 S_000007
   4 N   -62.545  165.702   50.731   79.419 -144.214  -72.037   77.425   37.299  100.292  -21.166    0.308922   -1.422293   -0.447619   -0.795028   -1.663429   -1.473971   -1.831421   -0.729303   -1.211412    5.836   -7.328  -12.345 S_000007
   5 H   -66.561  168.904   54.496   82.084    0.000    0.000   69.573   38.702   98.415  -25.428    0.312260   -1.385557   -0.535948   -0.769522   -1.532904   -1.594125   -1.822034   -0.648682   -1.251110   -0.014   -9.228  -12.649 S_000007
SCORE:     0.000          0          0          0    S_000008
   1 H     0.000  170.252   55.279   78.951    0.000    0.000   82.909   44.614   91.019  -25.933    0.243230   -1.461466   -0.396739   -0.778794   -1.619829   -1.544885   -1.799280   -0.673292   -1.264269    3.794    0.984    0.238 S_000008
   2 P   162.358 -137.367  157.213   78.445 -140.815  -49.025   52.444   41.132   93.823  -18.465    0.288438   -1.429150   -0.441673   -0.766852   -1.612766   -1.531688   -1.853046   -0.758586   -1.196304    3.923    4.310    0.827 S_000008
   3 P  -178.686 -171.291   13.355  115.619 -148.509  -87.434   60.289    6.498  110.813 -143.296    0.424810   -0.864900   -1.176900   -0.854485   -1.208364   -1.923780   -1.952521   -0.711325   -1.190008    6.576   10.216    1.415 S_000008
   4 L   -60.259  170.285   55.558   81.182 -139.955    0.000   75.129   35.858   94.910  180.000    0.332096   -1.358119   -0.604254   -0.787142   -1.514354   -1.634735   -1.875104   -0.719618   -1.209841   11.765    7.373    3.489 S_000008
   5 H   -78.421  170.892   69.544   72.108    0.000    0.000   73.395   44.779   90.161  179.905    0.283418   -1.470708   -0.336008   -0.734972   -1.639145   -1.471670   -1.854330   -0.809374   -1.171764   10.219    2.478    3.843 S_000008
SCORE:     0.000          0          1          1    S_000009
   1 H     0.000  170.252   55.279   75.413 -149.149  -71.328   78.153   44.182   86.780  -25.518    0.275052   -1.424398   -0.413040   -0.773744   -1.532824   -1.566421   -1.844861   -0.664428   -1.207202    3.794    0.984    0.238 S_000009
   2 P    44.900  153.518  -44.894   97.785 -143.775  -49.878   93.174   36.282   84.288  -12.776    0.332335   -1.221745   -0.845084   -0.781703   -1.178078   -1.894617   -1.915166   -0.651507   -1.235360    7.279   -3.027   -2.128 S_000009
   3 P   -61.452  175.262   39.479   80.874 -159.018  -46.952  -70.624   18.784  132.031   54.511    0.349631   -1.396490   -0.539425   -0.952952   -1.832846   -1.224697   -1.830402   -0.741580   -1.188390    5.864   -7.796   -5.241 S_000009
   4 P    68.951 -179.654   63.921   84.629 -148.178  -53.674   60.906   39.243   91.706  -14.346    0.321866   -1.361116   -0.602457   -0.753157   -1.455054   -1.681285   -1.848380   -0.664698   -1.243593    0.480   -8.021   -6.395 S_000009
   5 H  -163.174  120.845  157.968   80.762    0.000    0.000   65.240   39.231   87.006  -20.116    0.328085   -1.354043   -0.614948   -0.749929   -1.428816   -1.692105   -1.867397   -0.702694   -1.222333   -0.503  -13.472   -2.657 S_000009
SCORE:     0.000          0          1          1    S_000010
   1 H     0.000  170.252   55.279   84.567 -156.716  -70.070   70.271   40.796   89.594  -11.121    0.296694   -1.376653   -0.553559   -0.759997   -1.485737   -1.654660   -1.852182   -0.687722   -1.231922    3.794    0.984    0.238 S_000010
   2 P   -63.566  169.624   54.228   84.368 -140.401  -62.480   75.269   39.571   88.608  -22.836    0.311741   -1.350397   -0.619306   -0.762529   -1.419322   -1.702852   -1.876070   -0.688277   -1.220606    8.695   -1.472   -2.169 S_000010
   3 P  -110.989  159.901   47.291   82.032 -145.276   -6.335  108.191   38.645   89.625  -17.600    0.320850   -1.356042   -0.610058   -0.763817   -1.456556   -1.683261   -1.867719   -0.686783   -1.231010   10.674   -6.925   -4.871 S_000010
   4 N   152.009 -139.234   57.101   99.879    5.546  166.972   79.654   24.897  109.800   39.683    0.378818   -1.212424   -0.844741   -0.849528   -1.397805   -1.740243   -1.936123   -0.674557   -1.206956    5.273   -5.950   -4.384 S_000010
   5 H   -68.200  166.310   58.938   81.010    0.000    0.000   83.921   38.414   93.710  -72.975    0.307635   -1.392227   -0.541660   -0.783966   -1.547719   -1.602799   -1.862096   -0.710527   -1.218296    4.259   -0.144   -7.047 S_000010
