SEQUENCE: gaag
SCORE:     score    rna_stub_coord_hack       N_WC      N_NWC       N_BS description
REMARK RNA 
SCORE:     0.000                  0.000          0          0          1    S_000001
   1 H     0.000  170.252   55.279   81.110 -138.298  -68.627   62.667   39.526   91.502 -133.950    0.327011   -1.357033   -0.593917   -0.739275   -1.449859   -1.672806   -1.826102   -0.654837   -1.244108    3.794    0.984    0.238 S_000001
   2 P  -170.341  -81.542 -150.130   92.276 -132.799 -135.257   68.032   15.995  132.507   -9.408    0.374351   -1.335865   -0.665900   -0.931982   -1.760628   -1.336401   -1.876128   -0.737169   -1.183181    4.883   -3.264   -4.547 S_000001
   3 P   164.402 -150.031  164.163   81.503 -111.095  -62.234   66.107   37.112   92.341  -25.109    0.330125   -1.352418   -0.613851   -0.775188   -1.475607   -1.664859   -1.874183   -0.710014   -1.216971    6.952  -10.139   -4.853 S_000001
   4 H   -68.784 -179.825   49.422   82.588    0.000    0.000   78.045   40.504   90.425 -143.558    0.304367   -1.380016   -0.575077   -0.755212   -1.469481   -1.665897   -1.869295   -0.712796   -1.216697   10.570  -13.888   -8.339 S_000001
SCORE:     0.000                  0.000          0          0          1    S_000002
   1 H     0.000  170.252   55.279   92.617 -155.029  -51.906   77.368   34.144   88.556  -19.178    0.331933   -1.245139   -0.811623   -0.800602   -1.278569   -1.831361   -1.913228   -0.663529   -1.232829    3.794    0.984    0.238 S_000002
   2 N   -62.927  176.055   51.261   83.346 -158.775  -62.326   95.107   35.088   94.957 -152.079    0.335913   -1.339435   -0.654253   -0.792064   -1.478523   -1.681467   -1.891045   -0.702893   -1.222271    7.862   -2.731   -1.734 S_000002
   3 P  -133.749 -135.407  144.310  130.845 -116.303 -178.649  121.579  -35.275  165.934  163.039    0.368044   -0.566274   -1.363413   -0.770648   -1.563835   -1.500435   -1.902733   -0.799223   -1.154475    8.400   -8.206   -5.861 S_000002
   4 H   -24.935  122.767   53.155   72.604    0.000    0.000   60.379   44.200   95.408  -19.424    0.226826   -1.474501   -0.298694   -0.796954   -1.695912   -1.412816   -1.803552   -0.708700   -1.229193    7.673  -13.795   -7.235 S_000002
SCORE:     0.000                  0.000          0          0          0    S_000003
   1 H     0.000  170.252   55.279   78.567 -144.525  -68.351   74.060   42.073   91.626  -28.399    0.277841   -1.423475   -0.471213   -0.767489   -1.558441   -1.575565   -1.856061   -0.719984   -1.217493    3.794    0.984    0.238 S_000003
   2 P   130.441 -169.255 -175.534   87.529 -139.396  -73.339   76.666   42.343   79.788  -27.856    0.303737   -1.327853   -0.673674   -0.727966   -1.301955   -1.792160   -1.883888   -0.708212   -1.221319    6.841   -3.538   -2.946 S_000003
   3 P  -107.553   94.017  159.811   80.200 -113.932  -66.218   51.551   35.791   98.328  -20.041    0.332026   -1.375208   -0.546709   -0.788726   -1.560121   -1.561548   -1.862246   -0.719458   -1.204166    9.105   -8.604   -4.775 S_000003
   4 H     0.000  178.352   59.486   82.867    0.000    0.000   70.711   41.607   86.474  -30.961    0.304528   -1.378343   -0.558222   -0.738711   -1.463586   -1.667193   -1.846868   -0.692336   -1.233742   12.051  -13.556   -4.747 S_000003
SCORE:     0.000                  0.000          0          1          1    S_000004
   1 H     0.000  170.252   55.279   85.908 -166.647  -64.005   75.710   36.997   99.127    0.335    0.325765   -1.369163   -0.576402   -0.774839   -1.528565   -1.618949   -1.856840   -0.692152   -1.232668    3.794    0.984    0.238 S_000004
   2 P   179.820 -143.727  142.769   86.515 -135.487  -69.630   55.695   27.873  103.685  -20.135    0.383125   -1.254649   -0.787744   -0.810853   -1.432803   -1.722782   -1.892272   -0.684756   -1.215503    7.844   -3.162   -2.693 S_000004
   3 N     0.000 -143.540  -45.121 -208.883  216.002  172.687   88.324  -31.663  138.346  -10.108    0.321477    0.013290   -1.502199   -0.843234   -0.763940   -2.131852   -1.904381   -0.749701   -1.193037    8.432   -8.794   -4.073 S_000004
   4 H     0.000 -178.208  -62.054 -274.898    0.000    0.000   89.794   36.870   94.130  -21.745    0.320126   -1.358517   -0.613425   -0.789465   -1.488548   -1.659783   -1.882006   -0.698089   -1.220824   11.835  -13.748   -5.626 S_000004
SCORE:     0.000                  0.000          0          0          1    S_000005
   1 H     0.000  170.252   55.279   78.341 -145.565  -71.729   80.178   40.398   92.844   83.470    0.293562   -1.415308   -0.472784   -0.773422   -1.585923   -1.556592   -1.841431   -0.714723   -1.226663    3.794    0.984    0.238 S_000005
   2 P   119.802 -147.111 -144.526  109.569 -143.800  -81.732   76.992   10.507  113.777 -142.370    0.392724   -1.039526   -1.039210   -0.879472   -1.411159   -1.786625   -1.952807   -0.730573   -1.180027    6.859   -3.329   -2.325 S_000005
   3 P  -126.856  174.712   99.478   82.928 -120.953  -87.541   66.950   43.463   85.008  -17.600    0.310819   -1.381473   -0.530549   -0.713488   -1.420516   -1.654982   -1.847573   -0.695077   -1.221716   10.699   -8.939   -3.340 S_000005
   4 H   -76.331 -159.310   57.485   88.573    0.000    0.000   65.932   36.180   88.961  -10.008    0.326353   -1.326500   -0.665254   -0.786664   -1.437442   -1.710026   -1.898735   -0.716962   -1.209122   10.980  -14.756   -7.059 S_000005
SCORE:     0.000                  0.000          0          0          2    S_000006
   1 H     0.000  170.252   55.279   79.983 -160.175  -69.955   77.553   38.732   93.528  179.910    0.305057   -1.420988   -0.447149   -0.780809   -1.642602   -1.500362   -1.863955   -0.773738   -1.175581    3.794    0.984    0.238 S_000006
   2 N   157.145 -163.917  174.973   85.284 -142.049  -62.916   56.069   36.462   95.226  -12.466    0.332555   -1.353240   -0.602362   -0.777665   -1.501272   -1.643383   -1.863406   -0.688084   -1.230329    7.962   -2.940   -2.811 S_000006
   3 P   -66.860  176.765   55.193   85.869 -146.730  -98.752   70.335   34.852   93.820 -120.170    0.340465   -1.319448   -0.682438   -0.788911   -1.438981   -1.708476   -1.894840   -0.695840   -1.218266   10.605   -8.434   -3.728 S_000006
   4 H   -60.446 -179.121   45.868   81.415    0.000    0.000   84.125   39.582   89.202  138.415    0.320083   -1.368247   -0.563092   -0.750935   -1.487799   -1.647029   -1.862598   -0.710803   -1.220293   11.409  -14.552   -5.923 S_000006
SCORE:     0.000                  0.000          0          0          2    S_000007
   1 H     0.000  170.252   55.279   82.704 -157.501  -63.060   83.784   35.966   98.520  179.902    0.318676   -1.376985   -0.558022   -0.799320   -1.562742   -1.580504   -1.857725   -0.697718   -1.218235    3.794    0.984    0.238 S_000007
   2 P   138.275 -159.615 -170.410   75.004 -145.366  -68.236   62.058   40.630   97.171  178.676    0.268294   -1.443452   -0.403226   -0.793807   -1.677579   -1.480927   -1.819617   -0.725120   -1.219220    7.252   -3.402   -2.357 S_000007
   3 P   -72.045 -178.356   55.660   86.797 -127.719 -142.611   65.376   32.664   99.158 -118.332    0.341118   -1.330634   -0.668561   -0.816006   -1.498317   -1.657167   -1.900280   -0.704145   -1.208710    9.949   -9.075   -3.231 S_000007
   4 H   -74.921 -175.128   46.521   82.007    0.000    0.000   85.852   34.918   96.839  -17.251    0.325497   -1.368067   -0.591837   -0.807090   -1.549439   -1.604148   -1.880171   -0.720397   -1.202975   12.243  -14.005   -7.474 S_000007
SCORE:     0.000                  0.000          0          0          0    S_000008
   1 H     0.000  170.252   55.279   83.715 -144.615  -73.565   76.674   40.346   88.438  -23.533    0.301012   -1.362223   -0.584132   -0.755246   -1.448300   -1.671103   -1.828442   -0.640396   -1.257781    3.794    0.984    0.238 S_000008
   2 P  -100.812  151.523   50.649   90.626 -158.155 -143.704  102.750   30.378   96.904   26.377    0.354334   -1.280429   -0.768735   -0.818259   -1.407454   -1.719481   -1.919097   -0.715270   -1.181877    8.427   -1.605   -3.148 S_000008
   3 P   -93.154 -157.444   54.300  150.377 -112.935 -160.796  105.347  -36.726  152.260  155.081    0.325182   -0.066179   -1.488565   -0.782637   -0.984831   -1.998773   -1.922659   -0.698395   -1.211700   10.653   -7.751   -5.901 S_000008
   4 H  -177.786  142.543  167.345   87.304    0.000    0.000   82.162   38.720   84.649  -20.346    0.326682   -1.304084   -0.711048   -0.759205   -1.313880   -1.787607   -1.897662   -0.695632   -1.215411   10.666  -14.422   -8.273 S_000008
SCORE:     0.000                  0.000          0          0          0    S_000009
   1 H     0.000  170.252   55.279   72.632 -142.665  -85.148   67.326   43.240   90.254  -21.843    0.278598   -1.442851   -0.394721   -0.750554   -1.612201   -1.509079   -1.828424   -0.747746   -1.210459    3.794    0.984    0.238 S_000009
   2 P   145.834  169.864  160.515  116.771 -150.825  -95.969  116.851    6.639  112.778  -49.780    0.428419   -0.827735   -1.201961   -0.850477   -1.142936   -1.957796   -1.955336   -0.681649   -1.210816    7.480   -2.741   -4.273 S_000009
   3 N   -76.580 -179.645   54.826   81.176 -147.884  -68.895   79.540   37.985   91.755  -15.483    0.305530   -1.394901   -0.524777   -0.790237   -1.570955   -1.576219   -1.869454   -0.738934   -1.196888   11.628   -7.562   -6.125 S_000009
   4 H   174.683  -99.838   33.261  138.141    0.000    0.000  -50.541  -34.757  163.338 -144.166    0.323116   -0.535647   -1.394905   -0.822061   -1.528599   -1.592874   -1.955535   -0.868258   -1.082059    9.573  -13.436   -5.076 S_000009
SCORE:     0.000                  0.000          0          0          0    S_000010
   1 H     0.000  170.252   55.279   86.064 -146.094  -66.364   61.430   36.949   91.859  -16.637    0.328187   -1.340986   -0.640589   -0.776419   -1.454623   -1.694051   -1.885186   -0.705833   -1.216113    3.794    0.984    0.238 S_000010
   2 P   -67.174 -171.745   62.212  145.145 -155.997 -106.484 -147.320  -33.164  152.851  138.237    0.344482   -0.189857   -1.476480   -0.805669   -1.076453   -1.953110   -1.941820   -0.705229   -1.199961    8.218   -2.271   -2.955 S_000010
   3 P   166.333  138.365   55.118  155.106 -121.207  176.665  100.537  -39.471  163.515  -78.552    0.339397   -0.011283   -1.487644   -0.733583   -0.968631   -1.983361   -1.893865   -0.720697   -1.225198   10.381   -7.697   -7.220 S_000010
   4 H   -60.182  176.241   52.003   82.634    0.000    0.000   76.989   38.111   95.108  179.893    0.312299   -1.383167   -0.566444   -0.781620   -1.524384   -1.624072   -1.866624   -0.692626   -1.227796   11.496  -13.817   -8.224 S_000010
