SEQUENCE: gug
SCORE:     score    rna_stub_coord_hack       N_WC      N_NWC       N_BS description
REMARK RNA 
SCORE:     0.617                  0.617          0          0          0    S_000001
   1 H     0.000  170.252   55.279  147.596  -79.151  101.112  118.517  -38.468  159.970   24.099    0.318394   -0.214798   -1.472424   -0.770277   -1.212812   -1.853728   -1.929645   -0.757727   -1.186783    3.794    0.984    0.238 S_000001
   2 N   139.193  142.992  174.042  129.639 -160.591  177.693   83.114  -23.461  143.572  -60.403    0.420569   -0.186802   -1.460824   -0.813666   -0.865458   -2.064083   -1.926626   -0.665631   -1.218975    7.304    5.065   -1.047 S_000001
   3 H   -75.132 -177.203   52.208   84.153    0.000    0.000   75.024   35.755   93.884  179.941    0.332314   -1.351004   -0.629876   -0.786486   -1.493413   -1.661462   -1.885112   -0.717003   -1.208192    7.161   10.098   -5.305 S_000001
SCORE:     0.616                  0.616          0          0          0    S_000002
   1 H     0.000  170.252   55.279   97.206 -110.511   80.003  -50.895   27.386  104.256  -50.146    0.362893   -1.248564   -0.804277   -0.845302   -1.418196   -1.731045   -1.940505   -0.702610   -1.195870    3.794    0.984    0.238 S_000002
   2 N   157.972 -132.733  176.834  147.316 -147.664 -132.370   93.539  -35.585  157.310  132.932    0.334836   -0.174948   -1.481171   -0.790795   -1.105511   -1.925075   -1.933577   -0.714100   -1.197252    2.822    3.658   -4.500 S_000002
   3 H   176.566  173.403  157.534   87.929    0.000    0.000   49.727   33.012   93.444  -14.716    0.344270   -1.270814   -0.776197   -0.817508   -1.347691   -1.786437   -1.931342   -0.668897   -1.219965    0.271    9.680   -7.767 S_000002
SCORE:     0.613                  0.613          0          0          0    S_000003
   1 H     0.000  170.252   55.279  149.651  -76.396   99.515  113.723  -35.529  156.890 -160.674    0.329506   -0.150507   -1.479126   -0.792548   -1.070490   -1.944521   -1.924787   -0.667098   -1.217795    3.794    0.984    0.238 S_000003
   2 N   139.193  142.992  174.042  129.639 -160.591  177.693   83.114  -23.461  143.572  -60.403    0.420569   -0.186802   -1.460824   -0.813666   -0.865458   -2.064083   -1.926626   -0.665631   -1.218975    7.374    5.015   -0.700 S_000003
   3 H   -55.266  162.708   55.739   82.956    0.000    0.000   76.557   38.340   93.618  179.889    0.310688   -1.384096   -0.551537   -0.779624   -1.534083   -1.612477   -1.862796   -0.702634   -1.224116    6.807   10.136   -4.160 S_000003
SCORE:     0.612                  0.612          0          0          0    S_000004
   1 H     0.000  170.252   55.279  149.380 -108.303   92.614  175.930  -36.454  154.251   25.197    0.331118   -0.144209   -1.487061   -0.787269   -1.088343   -1.950830   -1.929779   -0.735438   -1.179621    3.794    0.984    0.238 S_000004
   2 N   157.972 -132.733  176.834  147.316 -147.664 -132.370   93.539  -35.585  157.310  132.932    0.334836   -0.174948   -1.481171   -0.790795   -1.105511   -1.925075   -1.933577   -0.714100   -1.197252    7.769    4.408   -2.111 S_000004
   3 H   152.983 -166.505 -178.961   85.325    0.000    0.000   64.873   37.402   93.380   84.859    0.310415   -1.377072   -0.564686   -0.795622   -1.531678   -1.614180   -1.877869   -0.715236   -1.209091   12.181   10.021   -2.438 S_000004
SCORE:     0.617                  0.617          0          0          0    S_000005
   1 H     0.000  170.252   55.279  147.596  -79.151  101.112  118.517  -38.468  159.970   24.099    0.318394   -0.214798   -1.472424   -0.770277   -1.212812   -1.853728   -1.929645   -0.757727   -1.186783    3.794    0.984    0.238 S_000005
   2 N   139.193  142.992  174.042  129.639 -160.591  177.693   83.114  -23.461  143.572  -60.403    0.420569   -0.186802   -1.460824   -0.813666   -0.865458   -2.064083   -1.926626   -0.665631   -1.218975    7.304    5.065   -1.047 S_000005
   3 H   -73.280 -101.127  -79.981   84.268    0.000    0.000  108.460   27.951  113.268   20.971    0.330433   -1.377741   -0.551040   -0.883136   -1.682740   -1.425504   -1.903037   -0.761115   -1.156916    8.571    9.315   -5.863 S_000005
SCORE:     0.619                  0.619          0          0          0    S_000006
   1 H     0.000  170.252   55.279  125.364  -68.361  102.839  121.622  -11.330  157.561   18.152    0.409062   -0.835566   -1.214715   -0.914311   -1.467259   -1.617021   -1.946189   -0.649225   -1.200841    3.794    0.984    0.238 S_000006
   2 N   139.193  142.992  174.042  129.639 -160.591  177.693   83.114  -23.461  143.572  -60.403    0.420569   -0.186802   -1.460824   -0.813666   -0.865458   -2.064083   -1.926626   -0.665631   -1.218975    6.201    5.464   -1.798 S_000006
   3 H   -70.609 -165.350   43.014   81.672    0.000    0.000   84.510   36.989   92.290  145.490    0.319071   -1.385092   -0.539858   -0.787711   -1.571044   -1.580723   -1.877541   -0.751599   -1.183852    4.020   10.297   -5.832 S_000006
SCORE:     0.617                  0.617          0          0          0    S_000007
   1 H     0.000  170.252   55.279  147.596  -79.151  101.112  118.517  -38.468  159.970   24.099    0.318394   -0.214798   -1.472424   -0.770277   -1.212812   -1.853728   -1.929645   -0.757727   -1.186783    3.794    0.984    0.238 S_000007
   2 N   139.193  142.992  174.042  129.639 -160.591  177.693   83.114  -23.461  143.572  -60.403    0.420569   -0.186802   -1.460824   -0.813666   -0.865458   -2.064083   -1.926626   -0.665631   -1.218975    7.304    5.065   -1.047 S_000007
   3 H   147.758 -172.198 -178.946   83.934    0.000    0.000   70.158   37.843   83.723  179.906    0.348050   -1.285061   -0.739471   -0.745807   -1.296575   -1.812264   -1.890613   -0.685222   -1.226648    7.937   11.441   -4.243 S_000007
SCORE:     0.626                  0.626          0          0          0    S_000008
   1 H     0.000  170.252   55.279   92.547  -97.252  115.795  139.403   37.074   84.758 -124.935    0.313443   -1.267357   -0.784498   -0.795730   -1.251154   -1.837890   -1.916327   -0.656480   -1.227615    3.794    0.984    0.238 S_000008
   2 P   178.185 -141.779  162.057   89.493 -175.798 -165.522  102.817   12.026  135.815  -77.674    0.407427   -1.250929   -0.772444   -0.896323   -1.722154   -1.427814   -1.908611   -0.775532   -1.157236    3.968    4.055   -5.109 S_000008
   3 H   -62.754 -179.076   59.388   81.788    0.000    0.000   73.773   38.451   96.507  173.288    0.310571   -1.399585   -0.509452   -0.778627   -1.578339   -1.566901   -1.848615   -0.706743   -1.227379   -1.162    7.737   -6.927 S_000008
SCORE:     0.613                  0.613          0          0          0    S_000009
   1 H     0.000  170.252   55.279  149.651  -76.396   99.515  113.723  -35.529  156.890 -160.674    0.329506   -0.150507   -1.479126   -0.792548   -1.070490   -1.944521   -1.924787   -0.667098   -1.217795    3.794    0.984    0.238 S_000009
   2 N   139.193  142.992  174.042  129.639 -160.591  177.693   83.114  -23.461  143.572  -60.403    0.420569   -0.186802   -1.460824   -0.813666   -0.865458   -2.064083   -1.926626   -0.665631   -1.218975    7.374    5.015   -0.700 S_000009
   3 H   -56.646  179.932   53.861   83.834    0.000    0.000   75.133   36.561   92.684  -22.286    0.323770   -1.351789   -0.620388   -0.784544   -1.480685   -1.658720   -1.879229   -0.698025   -1.217586    7.119   10.211   -4.466 S_000009
SCORE:     0.617                  0.617          0          0          0    S_000010
   1 H     0.000  170.252   55.279  147.596  -79.151  101.112  118.517  -38.468  159.970   24.099    0.318394   -0.214798   -1.472424   -0.770277   -1.212812   -1.853728   -1.929645   -0.757727   -1.186783    3.794    0.984    0.238 S_000010
   2 N   139.193  142.992  174.042  129.639 -160.591  177.693   83.114  -23.461  143.572  -60.403    0.420569   -0.186802   -1.460824   -0.813666   -0.865458   -2.064083   -1.926626   -0.665631   -1.218975    7.304    5.065   -1.047 S_000010
   3 H   -65.413  176.066   52.753   83.696    0.000    0.000   73.972   40.051   90.917    7.575    0.301526   -1.365379   -0.608732   -0.765397   -1.433753   -1.693563   -1.878886   -0.692920   -1.222862    6.894   10.036   -5.123 S_000010
