SEQUENCE: gaaaaaag
SCORE:     score    rna_stub_coord_hack       N_WC      N_NWC       N_BS description
REMARK RNA 
SCORE:    11.497                 11.497          0          0          0    S_000001
   1 H     0.000  170.252   55.279   74.163 -156.526  -60.469   72.953   41.491   92.919  101.954    0.270140   -1.433674   -0.420584   -0.785289   -1.619653   -1.512069   -1.838842   -0.734293   -1.209621    3.794    0.984    0.238 S_000001
   2 P   133.231  -95.622  152.652   89.513  169.105 -133.943   80.474   17.341  127.879  -87.358    0.354101   -1.299334   -0.738039   -0.953084   -1.657539   -1.453322   -1.935477   -0.715656   -1.158521    5.790   -3.402   -1.825 S_000001
   3 P  -155.146 -150.820  117.921   86.113 -130.582 -148.643   67.544   32.888  102.779 -102.425    0.346919   -1.363914   -0.563645   -0.802385   -1.605565   -1.541881   -1.842961   -0.706156   -1.218029    7.170   -9.952    0.412 S_000001
   4 N  -129.028 -163.582   48.553  135.468 -141.911 -174.848  157.057  -27.178  160.516  155.765    0.423310   -0.241784   -1.447837   -0.777242   -1.015377   -1.948135   -1.915235   -0.727216   -1.192394    5.874  -17.121    0.221 S_000001
   5 P    57.480 -158.222  177.639   83.988 -167.491 -112.705  147.518   34.084  101.076  -21.261    0.329310   -1.365774   -0.595955   -0.819119   -1.554870   -1.597779   -1.887754   -0.714223   -1.202531    3.146  -22.634    1.773 S_000001
   6 P  -166.924 -154.036  159.889   90.332 -178.658 -136.635   73.477   26.413  115.255    3.673    0.345049   -1.323606   -0.689620   -0.882069   -1.572952   -1.568229   -1.923026   -0.712384   -1.176451    3.656  -28.978    4.848 S_000001
   7 P   136.091 -155.062 -174.957   86.112 -149.015  164.446   79.341   36.163   91.586  -11.052    0.350342   -1.312825   -0.679406   -0.762117   -1.404980   -1.724639   -1.869948   -0.666744   -1.230244    2.123  -35.201    6.577 S_000001
   8 H   -54.814  179.890   43.369   88.696    0.000    0.000   76.520   38.801   90.757  -29.363    0.328565   -1.367111   -0.598027   -0.748090   -1.482162   -1.672274   -1.872959   -0.734445   -1.213304    1.958  -38.435   11.892 S_000001
SCORE:    11.577                 11.577          0          0          0    S_000002
   1 H     0.000  170.252   55.279   87.011 -137.222  -67.503   55.234   38.095   88.749 -125.657    0.316486   -1.326878   -0.666538   -0.777978   -1.387222   -1.733395   -1.891901   -0.688074   -1.221361    3.794    0.984    0.238 S_000002
   2 P    83.922  155.779  172.347  150.835 -109.404 -100.633  -46.095  -39.295  159.270 -110.432    0.315190   -0.142798   -1.487833   -0.765905   -1.137976   -1.900967   -1.919913   -0.741333   -1.190146    5.960   -3.756   -3.182 S_000002
   3 P   -61.825  177.435   45.955   80.707  173.723  -86.409   86.252   37.610   95.498   89.948    0.299124   -1.422839   -0.416341   -0.803765   -1.680273   -1.444527   -1.850835   -0.775121   -1.172278    5.390  -10.322   -1.846 S_000002
   4 P   165.278  167.371  175.594   83.822 -158.281  -75.127   89.459   36.330   91.172 -137.030    0.339110   -1.327173   -0.662258   -0.772025   -1.433257   -1.708364   -1.881501   -0.696938   -1.221572    2.298  -16.109   -0.703 S_000002
   5 P  -177.156  174.393  173.221   86.263 -149.185  172.593  -72.434   35.860   96.381  -22.673    0.325910   -1.354460   -0.619569   -0.796919   -1.497179   -1.651701   -1.886836   -0.705286   -1.215900   -0.829  -21.615    1.888 S_000002
   6 P   135.071 -114.279 -179.737   85.360 -120.889  -75.102   41.219   36.895   93.643  -27.242    0.324250   -1.355896   -0.615526   -0.783410   -1.484351   -1.662550   -1.876224   -0.695643   -1.224234   -3.423  -27.648    0.997 S_000002
   7 P   171.747  153.395  159.041  148.712 -150.900 -143.856  163.298  -31.676  141.216  -34.261    0.335662   -0.099384   -1.482186   -0.823846   -0.920479   -2.044532   -1.934389   -0.708140   -1.198506   -6.901  -33.659    1.641 S_000002
   8 H   -73.911  176.070   62.159   76.172    0.000    0.000   78.888   41.725   86.850  -27.044    0.294377   -1.417660   -0.470827   -0.754457   -1.553664   -1.569279   -1.851838   -0.744159   -1.202748   -8.274  -40.184    2.386 S_000002
SCORE:    11.634                 11.634          0          0          1    S_000003
   1 H     0.000  170.252   55.279   81.246 -149.581  -65.116   68.688   42.416   83.240  -31.815    0.267250   -1.397512   -0.512305   -0.767017   -1.498408   -1.621865   -1.869266   -0.745054   -1.187937    3.794    0.984    0.238 S_000003
   2 P    69.223  137.261 -175.088   86.986 -153.397 -110.460  143.572   33.683   97.732  -12.707    0.328359   -1.339808   -0.647494   -0.818559   -1.502873   -1.648205   -1.897238   -0.709099   -1.201121    6.425   -3.661   -2.594 S_000003
   3 P   -62.477  169.859   57.845   86.209 -147.601  -76.177   95.928   34.884   98.175  170.558    0.322204   -1.353918   -0.620766   -0.813507   -1.510056   -1.635337   -1.894973   -0.706293   -1.205522    4.121   -9.668   -2.736 S_000003
   4 P  -131.963  111.649  148.854   88.026 -136.731  -70.473   74.180   34.837   90.415  169.627    0.331994   -1.285485   -0.749691   -0.802246   -1.347360   -1.777932   -1.920759   -0.695904   -1.206415    1.933  -15.399   -0.865 S_000003
   5 P   179.384  109.463 -179.306   83.839 -158.740  -52.055  120.779   32.850   99.335   19.855    0.340501   -1.350176   -0.625714   -0.813365   -1.547777   -1.612043   -1.885995   -0.722023   -1.202003   -0.185  -21.807    1.001 S_000003
   6 N  -175.101 -147.674  159.572  141.718  176.133  146.872   62.364  -31.811 -103.226   76.911    0.331832   -0.177856   -1.485199   -0.843536   -1.029654   -1.962328   -1.977627   -0.691472   -1.204184   -0.774  -27.426    4.173 S_000003
   7 P  -172.604  161.126  159.864  155.138 -101.607 -139.360  -48.863  -40.948  155.621   78.591    0.319081    0.026124   -1.484098   -0.731166   -0.944630   -1.986654   -1.887978   -0.700564   -1.211859   -2.149  -34.243    5.685 S_000003
   8 H   -64.256  179.512   55.757   80.348    0.000    0.000   79.269   37.227   93.968  179.893    0.327934   -1.362495   -0.595284   -0.771013   -1.510059   -1.649043   -1.869835   -0.716090   -1.219888   -6.157  -39.722    6.635 S_000003
SCORE:    11.202                 11.202          0          0          0    S_000004
   1 H     0.000  170.252   55.279   82.353 -127.096  -74.655   67.591   39.650   91.135  179.922    0.297908   -1.389240   -0.544085   -0.778283   -1.519654   -1.624270   -1.868181   -0.713053   -1.215908    3.794    0.984    0.238 S_000004
   2 N    90.922  114.471  169.536   85.610 -136.875 -104.260  119.770   29.348  109.939  -14.490    0.338656   -1.376598   -0.581222   -0.858928   -1.661063   -1.497632   -1.883181   -0.729109   -1.201704    4.740   -3.563   -4.114 S_000004
   3 N  -178.810  153.055  135.770  106.704 -138.327 -112.358  127.377   22.478   87.323  -11.418    0.409131   -0.973460   -1.098711   -0.809248   -1.028300   -2.013690   -1.923910   -0.665663   -1.225656    1.224   -9.700   -2.563 S_000004
   4 P   171.747  153.395  159.041  148.712 -150.900 -143.856  163.298  -31.676  141.216  -34.261    0.335662   -0.099384   -1.482186   -0.823846   -0.920479   -2.044532   -1.934389   -0.708140   -1.198506   -0.098  -16.553   -0.427 S_000004
   5 P   176.702  160.643  167.668   85.335 -126.737  -66.967   55.542   33.327  101.410  -11.198    0.361856   -1.350232   -0.600435   -0.780133   -1.563066   -1.595816   -1.858907   -0.707637   -1.223511   -2.483  -23.280    1.171 S_000004
   6 P  -160.735  100.475  166.098   97.494 -163.393  -34.671 -110.841   11.829  136.337   95.290    0.410971   -1.179243   -0.881078   -0.901230   -1.567988   -1.552099   -1.903237   -0.668675   -1.192323   -2.316  -29.375    4.188 S_000004
   7 P   -66.965 -131.585   49.787  151.190 -114.989  172.495  107.035  -40.283  163.684   25.774    0.304640   -0.163820   -1.484370   -0.766383   -1.182307   -1.858363   -1.923227   -0.725694   -1.197365   -3.059  -35.249    5.984 S_000004
   8 H   -68.904  177.396   52.235   80.492    0.000    0.000   76.586   41.060   90.617  -18.335    0.291360   -1.404166   -0.510258   -0.765039   -1.535987   -1.607667   -1.846688   -0.696846   -1.232629   -5.724  -40.024    9.045 S_000004
SCORE:    11.826                 11.826          0          0          1    S_000005
   1 H     0.000  170.252   55.279   85.325 -142.873  -55.207   64.873   37.402   93.380   84.859    0.310415   -1.377072   -0.564686   -0.795622   -1.531678   -1.614180   -1.877869   -0.715236   -1.209091    3.794    0.984    0.238 S_000005
   2 P    63.863  170.499 -162.304   85.760 -147.363  -81.315   65.810   29.848  104.922 -151.108    0.338907   -1.330560   -0.663150   -0.847186   -1.560852   -1.608844   -1.905270   -0.724145   -1.196623    5.927   -3.740   -2.170 S_000005
   3 N  -102.288 -114.811  152.099  152.073  -94.878  153.513  109.832  -37.104  159.441   32.450    0.319886   -0.166689   -1.482528   -0.788521   -1.122043   -1.900878   -1.935757   -0.712507   -1.193642    2.503   -9.890   -1.214 S_000005
   4 P    88.446  152.233 -177.309   99.607 -163.833  -94.509  109.798   24.470  101.567  -63.346    0.357266   -1.161357   -0.924890   -0.846544   -1.335259   -1.840463   -1.925885   -0.663645   -1.234091    1.454  -16.262    0.768 S_000005
   5 P   -50.574  173.745   54.361   84.853 -128.688  -57.238   76.736   34.017   97.773  -27.621    0.343576   -1.337155   -0.645135   -0.797682   -1.495222   -1.652638   -1.882957   -0.695703   -1.216210    1.146  -22.125    2.524 S_000005
   6 P   -58.446 -149.202   68.661  151.517  -94.388 -167.491  158.879  -36.566  157.616   66.657    0.314545   -0.058212   -1.465433   -0.758064   -0.951472   -2.024794   -1.934304   -0.600686   -1.266513   -2.997  -27.036    2.762 S_000005
   7 P   165.278  167.371  175.594   83.822 -158.281  -75.127   89.459   36.330   91.172 -137.030    0.339110   -1.327173   -0.662258   -0.772025   -1.433257   -1.708364   -1.881501   -0.696938   -1.221572   -5.591  -33.665    3.453 S_000005
   8 H   -68.166 -179.695   51.853   81.806    0.000    0.000   82.131   34.935   95.766  179.943    0.337433   -1.366468   -0.585462   -0.792346   -1.554350   -1.599445   -1.870862   -0.719168   -1.210190   -7.586  -39.108    5.796 S_000005
SCORE:    10.986                 10.986          0          0          3    S_000006
   1 H     0.000  170.252   55.279   86.435 -130.708  -60.055   64.731   32.683   99.314  -16.223    0.342353   -1.334247   -0.658450   -0.815192   -1.507613   -1.646152   -1.900264   -0.713195   -1.202918    3.794    0.984    0.238 S_000006
   2 P    51.708  166.016  165.802  144.117 -158.911  172.559 -116.298  -36.379  164.491  -35.030    0.332415   -0.279857   -1.462557   -0.789069   -1.253212   -1.810639   -1.936782   -0.713043   -1.201460    5.409   -3.737   -2.517 S_000006
   3 N  -178.810  153.055  135.770  106.704 -138.327 -112.358  127.377   22.478   87.323  -11.418    0.409131   -0.973460   -1.098711   -0.809248   -1.028300   -2.013690   -1.923910   -0.665663   -1.225656    2.558  -10.174   -1.499 S_000006
   4 P   173.330 -176.176  173.161   89.236 -120.118 -113.526   66.601   30.578  105.566 -179.411    0.341486   -1.333597   -0.661409   -0.838980   -1.537240   -1.610372   -1.902227   -0.711169   -1.197381    0.795  -17.147   -0.908 S_000006
   5 P  -177.185 -173.566  155.371  145.456  -98.754  179.352  138.838  -24.197  141.689  170.602    0.366879   -0.185448   -1.467973   -0.847005   -0.869502   -2.069646   -1.938630   -0.653402   -1.218242    0.420  -23.594    2.400 S_000006
   6 P    90.227 -127.081 -150.713   82.253 -129.424  -73.849  -50.286   33.603   97.534  -21.932    0.334435   -1.349293   -0.630402   -0.817321   -1.524796   -1.630139   -1.895620   -0.723409   -1.203148   -0.229  -29.683    3.890 S_000006
   7 N   -53.025 -171.133   66.197  118.744 -156.076 -125.935  159.063  -14.860  157.092  113.222    0.397896   -0.937453   -1.149838   -0.931285   -1.661409   -1.425729   -1.958412   -0.783663   -1.114398   -0.614  -36.033    4.719 S_000006
   8 H   -57.848  156.338   49.414   79.992    0.000    0.000   97.768   38.195   92.585  163.075    0.305334   -1.393773   -0.518256   -0.788290   -1.571345   -1.573746   -1.864012   -0.728651   -1.208655   -0.893  -42.230    5.406 S_000006
SCORE:    11.949                 11.949          0          0          2    S_000007
   1 H     0.000  170.252   55.279   81.849 -166.456  -54.030   80.466   42.939   84.953  -20.886    0.280341   -1.417678   -0.464819   -0.746782   -1.554543   -1.584847   -1.865388   -0.767995   -1.189122    3.794    0.984    0.238 S_000007
   2 P    69.223  137.261 -175.088   86.986 -153.397 -110.460  143.572   33.683   97.732  -12.707    0.328359   -1.339808   -0.647494   -0.818559   -1.502873   -1.648205   -1.897238   -0.709099   -1.201121    6.904   -3.505   -1.966 S_000007
   3 P   152.804  179.450  178.912   87.198 -154.572  -78.725   73.493   37.836   90.078  169.479    0.323288   -1.361977   -0.597100   -0.768408   -1.488119   -1.654360   -1.884994   -0.739724   -1.191211    5.174  -10.185   -0.434 S_000007
   4 P  -174.180  152.972 -160.333  104.826 -142.767  -78.703   76.242   19.884  101.194  179.947    0.387962   -1.086681   -0.991172   -0.843871   -1.294637   -1.855867   -1.944422   -0.700499   -1.202484    4.077  -16.536    2.176 S_000007
   5 N   -62.175  168.737   52.287   81.888 -139.070 -104.980   85.448   40.731   92.395  -18.481    0.277337   -1.414412   -0.504178   -0.783087   -1.565363   -1.595722   -1.867771   -0.740532   -1.194002    2.255  -22.358    3.346 S_000007
   6 P   -57.076  159.557   74.072  122.522 -124.914  176.015  109.465  -27.926  161.760  179.896    0.363848   -0.671595   -1.324732   -0.846074   -1.563840   -1.540839   -1.910259   -0.713848   -1.195912   -0.292  -27.225    6.497 S_000007
   7 P   142.990 -157.333 -168.021   81.949 -149.012  -66.119   71.198   43.777   90.331  -21.089    0.268349   -1.386227   -0.533826   -0.747811   -1.438299   -1.663607   -1.829121   -0.660086   -1.293371   -3.093  -33.415    8.387 S_000007
   8 H   164.496 -176.097  165.802   80.066    0.000    0.000   72.519   38.544   86.114  179.899    0.327313   -1.355065   -0.601253   -0.763790   -1.465131   -1.679828   -1.884721   -0.723482   -1.206604   -6.713  -38.559   10.567 S_000007
SCORE:    11.212                 11.212          0          0          0    S_000008
   1 H     0.000  170.252   55.279   80.430 -152.563  -52.834   68.940   39.261   95.575  -19.241    0.299596   -1.408821   -0.483385   -0.779865   -1.592244   -1.549316   -1.838397   -0.701434   -1.229527    3.794    0.984    0.238 S_000008
   2 P    79.057  128.321 -169.506  101.025 -146.041  -90.200  144.908   20.979  109.190    1.259    0.367048   -1.182553   -0.882388   -0.857444   -1.454775   -1.738317   -1.918327   -0.689438   -1.214043    5.813   -3.885   -2.748 S_000008
   3 P  -154.050  145.148  124.520   89.904 -156.931 -129.437   98.571   22.752  116.377   53.243    0.366115   -1.304268   -0.738772   -0.890164   -1.596323   -1.568220   -1.925176   -0.727709   -1.180955    2.534  -10.042   -2.806 S_000008
   4 P   107.645  177.113 -151.446  121.171 -147.326  -97.859   90.040   -9.304  132.582 -149.400    0.420710   -0.720589   -1.277335   -0.858548   -1.316539   -1.850888   -1.956492   -0.719478   -1.189242    0.465  -16.614   -2.511 S_000008
   5 P   -85.646 -172.338   62.303   87.694 -132.412 -137.359   75.752   41.825   86.915 -134.842    0.262574   -1.383132   -0.575571   -0.784929   -1.449756   -1.684998   -1.888351   -0.681691   -1.232021   -0.795  -23.326   -2.290 S_000008
   6 P   163.328  133.174   67.642  136.998 -137.626 -154.012   89.421  -30.525  152.645   30.625    0.372295   -0.416181   -1.425075   -0.793600   -1.311181   -1.799090   -1.926431   -0.784884   -1.148790   -1.883  -28.219    3.073 S_000008
   7 P   -87.787  177.868   72.488  125.142 -164.828 -151.898  111.548  -19.213  150.164  -29.735    0.411216   -0.574601   -1.357123   -0.857597   -1.302692   -1.814919   -1.954673   -0.693383   -1.189634   -3.652  -34.456    5.225 S_000008
   8 H   -59.764  173.045   46.436   81.830    0.000    0.000   72.825   37.470   95.439 -148.308    0.318709   -1.368879   -0.586302   -0.782270   -1.507662   -1.637985   -1.865533   -0.688297   -1.231688   -4.580  -40.003    8.462 S_000008
SCORE:    11.628                 11.628          0          0          0    S_000009
   1 H     0.000  170.252   55.279   75.569 -163.345  -44.329   87.311   43.358   90.790 -179.852    0.270831   -1.434693   -0.401100   -0.754400   -1.593424   -1.513820   -1.835880   -0.742538   -1.195927    3.794    0.984    0.238 S_000009
   2 P    75.543  143.079 -173.965   79.820 -149.586  -83.394  142.471   35.166  105.724   89.437    0.315909   -1.418544   -0.465537   -0.820805   -1.676714   -1.460143   -1.808956   -0.689573   -1.240935    6.461   -3.745   -2.078 S_000009
   3 P  -157.150  169.410  110.578  104.111 -131.679  -77.715   57.371   22.137   94.012   10.621    0.396541   -1.070534   -1.015764   -0.815080   -1.217123   -1.916786   -1.923891   -0.676323   -1.227813    4.411  -10.251   -0.658 S_000009
   4 P   -56.728 -135.352   55.393  149.224 -123.136 -178.792  170.161  -35.689  154.774   66.233    0.315626   -0.082044   -1.489922   -0.809591   -0.984964   -1.998443   -1.944815   -0.676804   -1.231013    5.216  -14.986    4.041 S_000009
   5 N   -54.846  168.319   55.099   88.569 -157.038  -99.261   90.833   30.172  103.661  179.907    0.367701   -1.292969   -0.730351   -0.800342   -1.476327   -1.692529   -1.878263   -0.683268   -1.229139    4.955  -20.595    6.856 S_000009
   6 P   171.747  153.395  159.041  148.712 -150.900 -143.856  163.298  -31.676  141.216  -34.261    0.335662   -0.099384   -1.482186   -0.823846   -0.920479   -2.044532   -1.934389   -0.708140   -1.198506    3.205  -27.509    7.174 S_000009
   7 P   173.330 -176.176  173.161   89.236 -120.118 -113.526   66.601   30.578  105.566 -179.411    0.341486   -1.333597   -0.661409   -0.838980   -1.537240   -1.610372   -1.902227   -0.711169   -1.197381    2.539  -34.538    9.039 S_000009
   8 H   -64.723  170.488   50.403   83.482    0.000    0.000   79.840   35.055   95.888  179.936    0.324432   -1.361289   -0.596395   -0.804357   -1.536737   -1.610819   -1.886703   -0.730802   -1.192954    1.710  -41.202    8.706 S_000009
SCORE:    11.584                 11.584          0          1          0    S_000010
   1 H     0.000  170.252   55.279   76.366 -144.851  -69.171   83.999   44.168   88.899 -170.567    0.283103   -1.416729   -0.430273   -0.731145   -1.538670   -1.563667   -1.813541   -0.687996   -1.231310    3.794    0.984    0.238 S_000010
   2 N    91.971 -172.714  176.965   91.644  -82.640  -74.094   95.560   26.033  115.004  -16.133    0.352738   -1.331932   -0.672950   -0.874494   -1.609787   -1.547795   -1.890247   -0.687458   -1.219079    7.057   -3.284   -2.414 S_000010
   3 P   -39.132 -128.014  178.683  148.423 -128.491 -161.176   82.490  -39.164  159.768  138.907    0.324895   -0.118877   -1.481124   -0.753142   -1.105909   -1.924168   -1.915263   -0.709937   -1.216600    4.812   -9.024   -0.802 S_000010
   4 P   101.545 -166.544 -165.818  126.065 -162.988  -99.544   98.876  -15.674  141.015 -159.461    0.397392   -0.610821   -1.338979   -0.860837   -1.287097   -1.866209   -1.963161   -0.695831   -1.206560    3.851  -14.827    2.859 S_000010
   5 N  -148.162  164.915  118.385  145.355 -109.323 -178.043  158.161  -25.949  134.973  153.436    0.357113   -0.162484   -1.477571   -0.854725   -0.883260   -2.080780   -1.943630   -0.688761   -1.201220    2.611  -21.382    4.805 S_000010
   6 N    56.904  146.090  -76.919  156.695 -160.150 -173.923  104.986  -34.562  143.238  -23.564    0.324447    0.078710   -1.492600   -0.805727   -0.735040   -2.115119   -1.911687   -0.631310   -1.242141    0.710  -28.023    4.578 S_000010
   7 P   105.521  156.804  148.628  159.247 -128.125 -110.056   82.304  -40.995  149.473 -171.489    0.270028    0.135892   -1.494581   -0.790297   -0.798343   -2.074916   -1.911233   -0.674598   -1.221385   -0.044  -34.425    7.739 S_000010
   8 H   -77.250 -174.099   57.447   83.316    0.000    0.000   72.838   37.860   94.773  -21.373    0.318037   -1.362203   -0.602213   -0.777548   -1.478926   -1.659258   -1.867534   -0.678538   -1.236594   -3.187  -40.596    7.393 S_000010
