SEQUENCE: gaaaaag
SCORE:     score    rna_stub_coord_hack       N_WC      N_NWC       N_BS description
REMARK RNA 
SCORE:     2.528                  2.528          0          2          1    S_000001
   1 H     0.000  170.252   55.279   72.613 -162.678   97.233   80.070   37.244   95.090  -11.294    0.395650   -1.386867   -0.503684   -0.711766   -1.594259   -1.560580   -1.778193   -0.734192   -1.200564    3.794    0.984    0.238 S_000001
   2 P   -21.836 -133.217  170.749  150.760 -101.380  148.603   85.879  -35.796  157.468   18.461    0.335203   -0.167530   -1.474512   -0.789514   -1.103974   -1.927048   -1.929857   -0.698162   -1.203981    1.377   -1.554   -3.416 S_000001
   3 P   -87.787  177.868   72.488  125.142 -164.828 -151.898  111.548  -19.213  150.164  -29.735    0.411216   -0.574601   -1.357123   -0.857597   -1.302692   -1.814919   -1.954673   -0.693383   -1.189634   -2.783   -2.983   -7.216 S_000001
   4 N   145.215 -123.261  174.675   85.487 -129.367 -105.326   61.689   34.708   94.693  -16.002    0.341282   -1.320596   -0.682879   -0.791461   -1.438928   -1.705229   -1.892384   -0.688770   -1.219794   -7.291   -4.242  -11.963 S_000001
   5 P   -75.644  168.083   67.814   90.941 -157.060 -127.340   91.236   30.922  102.656 -145.099    0.354641   -1.319354   -0.665360   -0.807874   -1.528183   -1.625955   -1.881488   -0.703515   -1.213541  -11.712   -6.674  -16.346 S_000001
   6 N  -175.101 -147.674  159.572  141.718  176.133  146.872   62.364  -31.811 -103.226   76.911    0.331832   -0.177856   -1.485199   -0.843536   -1.029654   -1.962328   -1.977627   -0.691472   -1.204184  -17.798   -7.204  -20.116 S_000001
   7 H   149.205 -133.724  171.667   84.187    0.000    0.000   70.769   38.830   84.794   75.222    0.320805   -1.336953   -0.647533   -0.764784   -1.400813   -1.727151   -1.888793   -0.713832   -1.210324  -22.536   -9.739  -24.435 S_000001
SCORE:     2.448                  2.448          0          0          0    S_000002
   1 H     0.000  170.252   55.279   84.655 -163.856   81.128   91.868   36.369   88.214  165.962    0.332667   -1.318381   -0.698889   -0.781687   -1.395274   -1.747622   -1.898688   -0.695480   -1.220662    3.794    0.984    0.238 S_000002
   2 N   -30.645  161.918   50.576  145.264  167.401  -97.795  130.765  -37.341  160.066  -48.470    0.309718   -0.199904   -1.478244   -0.793205   -1.172229   -1.893487   -1.942970   -0.738240   -1.191718    1.464   -0.623   -3.902 S_000002
   3 P  -166.924 -154.036  159.889   90.332 -178.658 -136.635   73.477   26.413  115.255    3.673    0.345049   -1.323606   -0.689620   -0.882069   -1.572952   -1.568229   -1.923026   -0.712384   -1.176451   -1.494   -0.603   -9.856 S_000002
   4 P   -69.088  174.511   51.087   83.892 -141.331 -161.898  102.322   36.201   94.613   15.746    0.331978   -1.352144   -0.618355   -0.784845   -1.487066   -1.654380   -1.872949   -0.684796   -1.225436   -6.663    1.256  -13.265 S_000002
   5 P   145.559 -147.661 -179.920   89.636 -147.948 -121.251  142.316   19.265  124.361   72.826    0.378876   -1.314939   -0.680925   -0.895597   -1.696331   -1.431095   -1.862822   -0.708039   -1.208086  -10.928    0.615  -18.863 S_000002
   6 P   156.757 -162.758  169.525   85.477   88.309   70.721   98.460   24.669  112.096   50.338    0.374471   -1.259777   -0.773805   -0.849735   -1.500510   -1.649134   -1.912316   -0.692393   -1.208159  -15.181   -0.177  -24.457 S_000002
   7 H   150.558  179.795 -176.662   82.843    0.000    0.000   68.560   41.345   89.616  -25.356    0.280541   -1.394930   -0.535355   -0.775625   -1.498186   -1.638855   -1.868422   -0.695436   -1.228104  -20.042    0.686  -28.821 S_000002
SCORE:     2.541                  2.541          0          0          3    S_000003
   1 H     0.000  170.252   55.279   92.779 -144.123  120.738   92.981   31.970   99.590  -15.565    0.372541   -1.297502   -0.690904   -0.778425   -1.462968   -1.673524   -1.888689   -0.726608   -1.187614    3.794    0.984    0.238 S_000003
   2 P  -133.435  121.623  159.513   84.107 -132.282  -83.506   67.169   34.547   94.201  -27.447    0.328492   -1.348144   -0.633645   -0.807308   -1.509568   -1.647897   -1.897709   -0.723428   -1.200444    1.941    1.222   -4.793 S_000003
   3 N   162.851 -174.181  174.872   89.117 -135.686  -80.471   74.982   34.691   91.621  -18.571    0.348335   -1.303500   -0.710850   -0.781973   -1.406205   -1.739385   -1.894539   -0.695738   -1.212818   -2.643    0.783   -9.886 S_000003
   4 P  -163.415 -164.775  171.520   87.292 -173.272  -90.210   95.538   33.873  101.998   69.427    0.333059   -1.348368   -0.630589   -0.813263   -1.521104   -1.634527   -1.885456   -0.693273   -1.220867   -4.327    0.438  -16.633 S_000003
   5 N  -148.022  144.508 -177.617   93.488 -141.099  -71.036   13.511   23.881  123.218   -7.754    0.352280   -1.397577   -0.511532   -0.899902   -1.787483   -1.297851   -1.871512   -0.779200   -1.153331   -7.482    1.691  -22.388 S_000003
   6 P   -66.547  174.793   52.090   80.331 -178.576  -66.944   87.446   36.302   96.128  -73.045    0.316283   -1.382911   -0.566529   -0.797357   -1.560730   -1.595491   -1.864356   -0.711206   -1.211385  -11.667    3.698  -26.584 S_000003
   7 H   -55.294  156.019   60.153   80.482    0.000    0.000   73.511   39.599   92.675   58.765    0.303468   -1.399449   -0.524799   -0.772065   -1.549436   -1.603545   -1.861413   -0.715351   -1.221823  -13.201    5.068  -31.462 S_000003
SCORE:     2.382                  2.382          0          0          0    S_000004
   1 H     0.000  170.252   55.279   79.043  176.287   99.226   93.184   39.477   89.275  179.894    0.296875   -1.366390   -0.611195   -0.783914   -1.444521   -1.692752   -1.881119   -0.698023   -1.218675    3.794    0.984    0.238 S_000004
   2 P    70.071  166.627   76.481  149.942 -116.503 -179.608  101.181  -39.177  161.116   29.099    0.300194   -0.164801   -1.482018   -0.777516   -1.159843   -1.889954   -1.931766   -0.730120   -1.194241    2.997   -0.590   -5.983 S_000004
   3 P   -32.848  142.969   54.184  116.775 -137.644 -166.419  104.672   -9.627  141.274   13.748    0.435272   -0.776691   -1.242502   -0.870906   -1.392523   -1.757466   -1.951387   -0.704083   -1.182785   -1.416   -2.137   -9.782 S_000004
   4 N   168.268 -161.801  166.799   82.625 -112.390  -72.459   58.616   34.486   93.993  -27.769    0.353118   -1.297146   -0.713961   -0.781238   -1.396435   -1.739555   -1.889438   -0.671261   -1.228760   -5.973   -1.370  -15.401 S_000004
   5 P   -33.122 -159.568  151.000  146.506 -145.092 -142.672   79.190  -33.668  154.217 -117.811    0.333818   -0.171529   -1.475823   -0.812366   -1.061031   -1.950460   -1.939960   -0.691146   -1.196381  -11.341    0.438  -18.220 S_000004
   6 P   145.559 -147.661 -179.920   89.636 -147.948 -121.251  142.316   19.265  124.361   72.826    0.378876   -1.314939   -0.680925   -0.895597   -1.696331   -1.431095   -1.862822   -0.708039   -1.208086  -16.154   -0.420  -23.225 S_000004
   7 H     0.000   90.290   44.081   84.648    0.000    0.000   48.519   36.462   96.379  -18.588    0.322847   -1.358958   -0.610149   -0.791572   -1.499255   -1.650396   -1.878750   -0.695793   -1.221552  -19.684    0.613  -26.617 S_000004
SCORE:     2.526                  2.526          0          0          1    S_000005
   1 H     0.000  170.252   55.279   94.448 -128.696   74.712  -43.359   27.430  103.185  -20.217    0.351600   -1.257597   -0.793124   -0.857860   -1.430422   -1.714364   -1.948010   -0.731096   -1.179049    3.794    0.984    0.238 S_000005
   2 N   166.417 -156.689  162.873   86.483 -106.467  -81.902   61.475   36.237   84.579 -172.819    0.349934   -1.244415   -0.797356   -0.765578   -1.234940   -1.848206   -1.909593   -0.707790   -1.205054    1.728    1.791   -5.084 S_000005
   3 P  -126.179  138.940  177.602  128.870 -175.447  -84.014   96.666  -24.675  144.399   34.291    0.429508   -0.180220   -1.458434   -0.791134   -0.883354   -2.050890   -1.911737   -0.664996   -1.226029   -0.431    1.955  -11.417 S_000005
   4 N   -95.425 -155.406   77.947   78.499 -154.163 -122.653  107.035   36.958  102.556  165.680    0.427752   -1.322176   -0.584372   -0.619659   -1.490434   -1.618431   -1.705002   -0.657488   -1.286959   -3.722    4.774  -16.517 S_000005
   5 P   -75.515  159.300   66.553   78.918 -164.801 -102.134   72.670   37.717   92.960   76.351    0.311854   -1.413087   -0.494506   -0.788938   -1.617870   -1.539085   -1.866826   -0.755681   -1.193985   -8.908    6.562  -19.887 S_000005
   6 P   152.166 -142.339  171.440   87.047  -87.496 -132.632  108.226   39.621   80.726  -19.997    0.312492   -1.287510   -0.749116   -0.763759   -1.245728   -1.833892   -1.906626   -0.684201   -1.223246  -12.609    7.199  -25.218 S_000005
   7 H   -60.801  178.071   50.718   80.908    0.000    0.000   91.232   36.400   95.057  -27.229    0.322477   -1.367499   -0.593516   -0.793577   -1.516425   -1.628062   -1.882133   -0.724419   -1.202614  -17.008    6.923  -30.463 S_000005
SCORE:     2.757                  2.757          0          0          1    S_000006
   1 H     0.000  170.252   55.279   82.537  -96.657  -51.868   66.033   36.181   89.463  -22.902    0.344875   -1.324643   -0.670602   -0.771113   -1.416543   -1.710575   -1.887192   -0.707791   -1.212273    3.794    0.984    0.238 S_000006
   2 N  -162.335 -115.976  123.191   89.015  175.258 -173.476   79.260   17.306  130.746  -80.581    0.379421   -1.301197   -0.739786   -0.920270   -1.669913   -1.460581   -1.919630   -0.732482   -1.173204    1.789   -2.212   -4.411 S_000006
   3 P   136.091 -155.062 -174.957   86.112 -149.015  164.446   79.341   36.163   91.586  -11.052    0.350342   -1.312825   -0.679406   -0.762117   -1.404980   -1.724639   -1.869948   -0.666744   -1.230244   -1.186   -5.141   -9.830 S_000006
   4 N  -178.810  153.055  135.770  106.704 -138.327 -112.358  127.377   22.478   87.323  -11.418    0.409131   -0.973460   -1.098711   -0.809248   -1.028300   -2.013690   -1.923910   -0.665663   -1.225656   -4.523   -3.261  -15.670 S_000006
   5 P   -69.625  179.829   52.071   79.169 -165.516 -168.684  108.266   34.171  109.094  179.917    0.308858   -1.431676   -0.439073   -0.843670   -1.716661   -1.407795   -1.810643   -0.698479   -1.231658   -7.295   -0.444  -21.160 S_000006
   6 N   157.145 -163.917  174.973   85.284 -142.049  -62.916   56.069   36.462   95.226  -12.466    0.332555   -1.353240   -0.602362   -0.777665   -1.501272   -1.643383   -1.863406   -0.688084   -1.230329  -13.288   -0.897  -25.066 S_000006
   7 H   -67.212  174.085   57.311   74.000    0.000    0.000   77.306   42.567   95.857  -16.720    0.253065   -1.452837   -0.390845   -0.789913   -1.641869   -1.494000   -1.815006   -0.692448   -1.239122  -17.499   -0.242  -29.472 S_000006
SCORE:     2.621                  2.621          0          0          0    S_000007
   1 H     0.000  170.252   55.279  160.943 -147.872  126.672 -163.562  -35.919  142.549  165.837    0.305951    0.237954   -1.475077   -0.819944   -0.542147   -2.158843   -1.883029   -0.652155   -1.236148    3.794    0.984    0.238 S_000007
   2 N  -149.449  161.904  169.889   81.813 -145.400  -65.994  120.751   29.215  116.975    7.240    0.321253   -1.415703   -0.497345   -0.892978   -1.732380   -1.385977   -1.824266   -0.691127   -1.230135    8.341    3.090   -3.592 S_000007
   3 P   171.747  153.395  159.041  148.712 -150.900 -143.856  163.298  -31.676  141.216  -34.261    0.335662   -0.099384   -1.482186   -0.823846   -0.920479   -2.044532   -1.934389   -0.708140   -1.198506   10.777    6.040   -9.319 S_000007
   4 N  -102.288 -114.811  152.099  152.073  -94.878  153.513  109.832  -37.104  159.441   32.450    0.319886   -0.166689   -1.482528   -0.788521   -1.122043   -1.900878   -1.935757   -0.712507   -1.193642   13.506    9.918  -14.769 S_000007
   5 P   160.815  105.099   88.582   92.840 -161.979 -164.996   83.120   14.294  126.435  -66.900    0.405061   -1.212048   -0.841187   -0.889406   -1.604759   -1.561045   -1.922890   -0.729780   -1.183130   16.089   15.409  -16.429 S_000007
   6 N   -85.965  178.064   67.783  101.523   -0.314   99.131  107.738   35.351   88.617   85.241    0.318798   -1.289485   -0.727233   -0.810945   -1.349547   -1.756183   -1.913891   -0.660595   -1.219607   19.966   19.795  -19.761 S_000007
   7 H   -62.012  176.213   54.555   82.781    0.000    0.000   76.505   38.148   89.549 -141.713    0.315349   -1.343606   -0.631691   -0.782640   -1.422668   -1.695569   -1.881300   -0.673335   -1.231979   19.816   24.157  -21.872 S_000007
SCORE:     2.338                  2.338          0          0          0    S_000008
   1 H     0.000  170.252   55.279   89.900 -134.214   89.339  155.905   35.258   93.116  -16.928    0.334438   -1.322279   -0.672807   -0.792056   -1.435230   -1.700804   -1.896486   -0.699970   -1.208139    3.794    0.984    0.238 S_000008
   2 N   167.952 -167.959  154.203  145.211 -155.376 -167.633   19.536  -32.174  148.043  -55.599    0.332777   -0.133501   -1.484945   -0.828850   -0.980089   -2.013944   -1.953344   -0.695714   -1.205944    1.837    1.513   -5.458 S_000008
   3 P   153.134 -176.131 -168.283   83.492 -118.890  -66.177   67.461   38.394   89.625  -18.496    0.319998   -1.353212   -0.614840   -0.763246   -1.461117   -1.684625   -1.868510   -0.708740   -1.214862   -3.464    3.669   -9.890 S_000008
   4 P   -42.489 -157.035   61.311   92.872 -173.953  -90.066  120.056   30.407  102.579  174.241    0.355073   -1.282086   -0.741721   -0.824240   -1.437098   -1.706504   -1.905884   -0.669571   -1.222303   -6.705    5.116  -15.146 S_000008
   5 N   -56.055 -177.227   42.151   70.578 -171.913  -72.561   85.423   37.337  104.082 -147.833    0.270487   -1.491379   -0.207668   -0.848515   -1.882024   -1.181292   -1.828095   -0.852479   -1.127949  -10.462    5.372  -19.974 S_000008
   6 P  -133.749 -135.407  144.310  130.845 -116.303 -178.649  121.579  -35.275  165.934  163.039    0.368044   -0.566274   -1.363413   -0.770648   -1.563835   -1.500435   -1.902733   -0.799223   -1.154475  -12.742    2.980  -26.013 S_000008
   7 H   117.089  168.080 -132.848  107.629    0.000    0.000   81.781   28.798   91.723 -147.004    0.414771   -0.773542   -1.256064   -0.767876   -0.494839   -2.178388   -1.901515   -0.450987   -1.301193  -16.401    2.994  -32.155 S_000008
SCORE:     2.418                  2.418          0          1          1    S_000009
   1 H     0.000  170.252   55.279  149.380 -108.303   92.614  175.930  -36.454  154.251   25.197    0.331118   -0.144209   -1.487061   -0.787269   -1.088343   -1.950830   -1.929779   -0.735438   -1.179621    3.794    0.984    0.238 S_000009
   2 P  -155.146 -150.820  117.921   86.113 -130.582 -148.643   67.544   32.888  102.779 -102.425    0.346919   -1.363914   -0.563645   -0.802385   -1.605565   -1.541881   -1.842961   -0.706156   -1.218029    6.757    4.723   -2.963 S_000009
   3 P  -163.415 -164.775  171.520   87.292 -173.272  -90.210   95.538   33.873  101.998   69.427    0.333059   -1.348368   -0.630589   -0.813263   -1.521104   -1.634527   -1.885456   -0.693273   -1.220867    8.384    7.826   -9.436 S_000009
   4 P   -63.205  171.353   54.703   80.508 -166.947 -112.593   87.404   39.529   93.956  -19.361    0.312179   -1.391493   -0.527466   -0.762039   -1.531548   -1.601004   -1.844492   -0.705140   -1.217484    7.562   11.712  -13.975 S_000009
   5 N   170.628 -165.875 -168.095   88.100 -146.025  -69.701   74.281   42.570   86.157  -18.932    0.269820   -1.368058   -0.613320   -0.764958   -1.393175   -1.735747   -1.891381   -0.711959   -1.210295    7.907   15.191  -20.013 S_000009
   6 P   -68.290  165.624   53.091  148.683 -120.580  175.250  113.124  -37.907  158.220 -145.963    0.336084   -0.197418   -1.472562   -0.755729   -1.177993   -1.869278   -1.909839   -0.730576   -1.194448    8.334   18.974  -24.743 S_000009
   7 H   169.107 -169.018  170.795   86.968    0.000    0.000   54.097   30.520  103.347  -17.955    0.357049   -1.306207   -0.711955   -0.819757   -1.491457   -1.679246   -1.898919   -0.692404   -1.219075   10.564   23.354  -29.917 S_000009
SCORE:     2.423                  2.423          0          0          1    S_000010
   1 H     0.000  170.252   55.279  160.943 -147.872  126.672 -163.562  -35.919  142.549  165.837    0.305951    0.237954   -1.475077   -0.819944   -0.542147   -2.158843   -1.883029   -0.652155   -1.236148    3.794    0.984    0.238 S_000010
   2 P   -61.825  177.435   45.955   80.707  173.723  -86.409   86.252   37.610   95.498   89.948    0.299124   -1.422839   -0.416341   -0.803765   -1.680273   -1.444527   -1.850835   -0.775121   -1.172278    7.956    3.568   -2.600 S_000010
   3 P  -133.749 -135.407  144.310  130.845 -116.303 -178.649  121.579  -35.275  165.934  163.039    0.368044   -0.566274   -1.363413   -0.770648   -1.563835   -1.500435   -1.902733   -0.799223   -1.154475   12.234    6.221   -7.238 S_000010
   4 P   153.942 -172.175  173.008   81.922 -159.435  -59.843   75.194   37.416   97.393 -160.084    0.313845   -1.393835   -0.529876   -0.789306   -1.579149   -1.575655   -1.852855   -0.709064   -1.225200   14.937   11.394  -11.392 S_000010
   5 P   -77.003 -130.496   58.681  153.380 -160.194 -149.045  161.544  -39.022  156.297  -39.242    0.316476   -0.024525   -1.487912   -0.765274   -0.977427   -1.988477   -1.914724   -0.683487   -1.222441   16.902   16.226  -15.487 S_000010
   6 P   -53.182 -178.366   59.806  156.527  -94.573 -113.801  131.240  -40.278  159.566   37.763    0.314828   -0.035122   -1.489133   -0.749532   -1.016250   -1.963925   -1.909458   -0.679962   -1.228138   18.151   20.489  -20.315 S_000010
   7 H   -90.178 -167.985   67.493   78.437    0.000    0.000   77.744   46.941   84.642  179.900    0.296399   -1.403148   -0.544794   -0.669180   -1.402464   -1.726850   -1.780682   -0.636445   -1.263384   17.245   25.884  -24.806 S_000010
