SEQUENCE: gaaaaaaaag
SCORE:     score    rna_stub_coord_hack       N_WC      N_NWC       N_BS description
REMARK RNA 
SCORE:    44.159                 44.159          0          0          2    S_000001
   1 H     0.000  170.252   55.279   81.654  173.973  -77.108   87.722   44.980   85.052  -75.515    0.268855   -1.382465   -0.568851   -0.724160   -1.400813   -1.719481   -1.876121   -0.708355   -1.236400    3.794    0.984    0.238 S_000001
   2 P  -127.080   93.264 -171.275  103.043 -145.599  -68.794   72.022   24.237   98.054  162.081    0.368889   -1.139815   -0.938800   -0.834081   -1.303776   -1.854765   -1.930691   -0.681896   -1.218704    8.543    1.749   -3.039 S_000001
   3 N  -161.912  144.831  163.138   87.020 -163.361  -72.898   66.879   36.893   92.007  -14.838    0.313333   -1.374187   -0.573869   -0.796398   -1.534179   -1.616031   -1.894495   -0.762736   -1.174099   12.255    5.915   -7.003 S_000001
   4 P   153.576 -137.498 -175.281   83.857 -102.787 -103.937   50.086   29.192  107.047  -14.087    0.360236   -1.330018   -0.656551   -0.827896   -1.577528   -1.591584   -1.886986   -0.727617   -1.202004   17.125    8.829   -9.471 S_000001
   5 P  -105.192  102.707  158.794   84.107 -130.593  -66.615   57.015   36.584   92.977  -28.965    0.333259   -1.351399   -0.601612   -0.773149   -1.502167   -1.646109   -1.876780   -0.721471   -1.208335   21.682   12.698  -11.210 S_000001
   6 P  -172.604  161.126  159.864  155.138 -101.607 -139.360  -48.863  -40.948  155.621   78.591    0.319081    0.026124   -1.484098   -0.731166   -0.944630   -1.986654   -1.887978   -0.700564   -1.211859   26.087   17.818  -12.420 S_000001
   7 P   132.201 -170.136  172.043   82.935 -174.144  -99.458  113.946   35.506  102.658  -57.807    0.296716   -1.397482   -0.505598   -0.833698   -1.628991   -1.513709   -1.843882   -0.692077   -1.232421   31.034   22.758  -13.872 S_000001
   8 N  -178.810  153.055  135.770  106.704 -138.327 -112.358  127.377   22.478   87.323  -11.418    0.409131   -0.973460   -1.098711   -0.809248   -1.028300   -2.013690   -1.923910   -0.665663   -1.225656   34.895   28.389  -15.296 S_000001
   9 P  -160.249  166.068  171.487   91.115 -136.630 -101.713   76.539   34.876   95.142  175.357    0.323572   -1.335492   -0.650661   -0.813480   -1.473315   -1.673547   -1.901744   -0.711585   -1.198626   40.052   32.705  -17.962 S_000001
  10 H   -73.681 -179.841   51.604   76.347    0.000    0.000   83.595   46.562   84.302  179.912    0.254229   -1.416028   -0.531169   -0.715711   -1.440011   -1.700014   -1.796167   -0.696409   -1.253441   43.213   38.353  -19.893 S_000001
SCORE:    44.064                 44.064          0          0          0    S_000002
   1 H     0.000  170.252   55.279   79.018 -155.902 -117.977   61.746   45.917   80.643  179.894    0.284812   -1.415559   -0.506387   -0.701638   -1.435887   -1.659726   -1.873313   -0.781043   -1.187363    3.794    0.984    0.238 S_000002
   2 P   -25.485  158.841  167.960   83.911 -132.959  -68.229   60.771   38.086   88.521  173.033    0.319668   -1.332246   -0.659289   -0.762934   -1.404334   -1.718699   -1.862634   -0.677807   -1.226564    8.658    0.932   -3.412 S_000002
   3 P   132.201 -170.136  172.043   82.935 -174.144  -99.458  113.946   35.506  102.658  -57.807    0.296716   -1.397482   -0.505598   -0.833698   -1.628991   -1.513709   -1.843882   -0.692077   -1.232421   11.570    6.524   -4.028 S_000002
   4 N  -148.162  164.915  118.385  145.355 -109.323 -178.043  158.161  -25.949  134.973  153.436    0.357113   -0.162484   -1.477571   -0.854725   -0.883260   -2.080780   -1.943630   -0.688761   -1.201220   14.157   12.516   -6.061 S_000002
   5 P    97.044 -159.469  179.707  155.744  -97.613 -167.920  -41.320  -40.876  161.823 -176.176    0.303889   -0.071282   -1.489084   -0.757469   -1.076729   -1.923939   -1.915183   -0.715022   -1.208509   19.068   16.870   -7.748 S_000002
   6 P   164.423 -126.231  176.251   91.863 -148.152  -95.447   90.726   36.141   94.787  -18.747    0.308216   -1.335123   -0.633984   -0.806988   -1.469271   -1.673926   -1.899392   -0.725780   -1.196649   24.660   20.973   -9.108 S_000002
   7 N   167.952 -167.959  154.203  145.211 -155.376 -167.633   19.536  -32.174  148.043  -55.599    0.332777   -0.133501   -1.484945   -0.828850   -0.980089   -2.013944   -1.953344   -0.695714   -1.205944   29.056   26.082  -10.830 S_000002
   8 N   156.962  178.579 -167.811   86.349 -135.605  -64.893   63.481   36.418   95.976  -16.102    0.331241   -1.345785   -0.616987   -0.767103   -1.488494   -1.651697   -1.841209   -0.691712   -1.226263   33.795   30.032  -14.674 S_000002
   9 P   -69.535 -123.961   66.297  148.563  -83.573 -178.087  173.736  -37.717  156.726   88.565    0.326696   -0.105538   -1.465270   -0.758278   -1.051396   -1.937277   -1.936227   -0.700889   -1.187016   37.598   35.154  -16.841 S_000002
  10 H  -106.492  126.454  139.618  100.373    0.000    0.000   76.605   28.211   95.261 -131.770    0.375090   -1.127386   -0.955216   -0.790234   -1.196722   -1.925802   -1.897437   -0.617001   -1.261839   41.909   38.995  -17.886 S_000002
SCORE:    40.371                 40.371          0          0          1    S_000003
   1 H     0.000  170.252   55.279  130.784   75.006 -155.713  165.070  -25.811  140.876   12.406    0.367860   -0.220347   -1.476966   -0.846912   -0.960516   -2.045572   -1.953696   -0.679131   -1.209755    3.794    0.984    0.238 S_000003
   2 N   163.087  146.437  171.423   86.530 -122.756  -89.393   58.024   30.220  107.185   -5.480    0.342559   -1.360757   -0.605786   -0.843709   -1.609006   -1.540115   -1.865051   -0.695465   -1.212078   10.062    2.769   -1.260 S_000003
   3 P   -56.602  169.819   59.880  148.016 -135.011  178.478  120.148  -32.889  143.708  -19.080    0.344597   -0.101549   -1.481717   -0.800183   -0.950280   -2.028627   -1.919452   -0.736545   -1.187799   15.675    5.278    0.651 S_000003
   4 P  -133.749 -135.407  144.310  130.845 -116.303 -178.649  121.579  -35.275  165.934  163.039    0.368044   -0.566274   -1.363413   -0.770648   -1.563835   -1.500435   -1.902733   -0.799223   -1.154475   22.032    7.685    3.057 S_000003
   5 P   105.521  156.804  148.628  159.247 -128.125 -110.056   82.304  -40.995  149.473 -171.489    0.270028    0.135892   -1.494581   -0.790297   -0.798343   -2.074916   -1.911233   -0.674598   -1.221385   29.179    8.020    2.678 S_000003
   6 N  -173.868 -178.616  179.685   86.902 -146.045  -72.431   81.778   39.756   88.577  -12.629    0.302540   -1.355778   -0.621490   -0.770300   -1.422934   -1.707921   -1.886028   -0.702878   -1.216575   35.484   10.804    4.945 S_000003
   7 P   171.747  153.395  159.041  148.712 -150.900 -143.856  163.298  -31.676  141.216  -34.261    0.335662   -0.099384   -1.482186   -0.823846   -0.920479   -2.044532   -1.934389   -0.708140   -1.198506   42.005   11.747    7.179 S_000003
   8 P  -173.910 -150.992  149.500  127.998 -128.911 -142.558   91.482   -6.193  136.127   15.787    0.408280   -0.788743   -1.262842   -0.923571   -1.317920   -1.806812   -1.984235   -0.740556   -1.116661   47.803   14.080   10.947 S_000003
   9 N   153.892 -141.795  167.120   90.150 -140.999 -172.900  120.377   29.336   99.989 -144.515    0.391187   -1.231714   -0.791754   -0.780320   -1.371883   -1.747462   -1.876007   -0.673329   -1.208973   53.125   15.314   15.460 S_000003
  10 H   -41.955  172.995   31.306   82.277    0.000    0.000   75.462   34.889   92.727  179.942    0.344140   -1.356113   -0.582886   -0.784953   -1.547231   -1.599068   -1.878859   -0.754623   -1.175686   58.666   18.196   16.621 S_000003
SCORE:    42.775                 42.775          0          0          3    S_000004
   1 H     0.000  170.252   55.279   86.560  174.971  -84.626   70.926   35.071   96.455  -84.947    0.333002   -1.338592   -0.643154   -0.795857   -1.480237   -1.666436   -1.889154   -0.691473   -1.222997    3.794    0.984    0.238 S_000004
   2 P   -82.065 -169.133  159.105  130.152 -118.962 -131.679  102.280  -28.889  151.726  167.282    0.365724   -0.408328   -1.424356   -0.816562   -1.273284   -1.838067   -1.942577   -0.701107   -1.207967    9.544    0.776   -2.295 S_000004
   3 P   156.238 -179.304  175.189   84.171 -131.747  -78.081   61.660   33.664   96.247  -22.960    0.339854   -1.342789   -0.627972   -0.797072   -1.523909   -1.623702   -1.875191   -0.725767   -1.201238   15.092    5.517   -2.315 S_000004
   4 N  -148.162  164.915  118.385  145.355 -109.323 -178.043  158.161  -25.949  134.973  153.436    0.357113   -0.162484   -1.477571   -0.854725   -0.883260   -2.080780   -1.943630   -0.688761   -1.201220   18.099   11.650   -3.527 S_000004
   5 N  -175.101 -147.674  159.572  141.718  176.133  146.872   62.364  -31.811 -103.226   76.911    0.331832   -0.177856   -1.485199   -0.843536   -1.029654   -1.962328   -1.977627   -0.691472   -1.204184   21.903   17.487   -5.310 S_000004
   6 P   128.117 -166.032 -161.321   92.406 -136.225  -61.884   63.110   41.031   87.902  -22.327    0.260237   -1.335023   -0.702115   -0.796889   -1.321722   -1.803111   -1.925782   -0.646661   -1.246176   27.238   21.891   -4.722 S_000004
   7 P  -177.156  174.393  173.221   86.263 -149.185  172.593  -72.434   35.860   96.381  -22.673    0.325910   -1.354460   -0.619569   -0.796919   -1.497179   -1.651701   -1.886836   -0.705286   -1.215900   32.032   26.326   -6.425 S_000004
   8 N   155.679 -149.505  166.445   84.054 -141.781  -64.575   70.124   34.931   96.495  179.932    0.334828   -1.347269   -0.634763   -0.796373   -1.497613   -1.654289   -1.887770   -0.705176   -1.213021   35.412   32.341   -4.793 S_000004
   9 P   163.915 -172.598  170.232   84.847 -141.166  -71.216   90.576   34.994   93.637  174.357    0.365294   -1.314023   -0.663394   -0.753743   -1.442508   -1.688954   -1.869242   -0.701492   -1.217749   40.086   36.851   -6.014 S_000004
  10 H   -68.333  175.103   55.177   81.963    0.000    0.000   77.383   39.104   90.964 -157.774    0.312495   -1.374540   -0.567793   -0.769233   -1.496092   -1.643542   -1.862326   -0.687034   -1.231910   45.160   39.241   -8.847 S_000004
SCORE:    43.532                 43.532          0          0          1    S_000005
   1 H     0.000  170.252   55.279   83.337 -164.353  -79.216   68.371   33.224   99.348  -67.016    0.340906   -1.350560   -0.613725   -0.814820   -1.542914   -1.605854   -1.895768   -0.720406   -1.191664    3.794    0.984    0.238 S_000005
   2 P  -122.048   97.641  145.340   80.852 -179.582  -82.000   66.072   37.765   87.897 -167.348    0.313917   -1.371369   -0.559325   -0.781959   -1.527492   -1.614138   -1.894911   -0.777845   -1.173631    8.601    0.738   -3.340 S_000005
   3 P   171.747  153.395  159.041  148.712 -150.900 -143.856  163.298  -31.676  141.216  -34.261    0.335662   -0.099384   -1.482186   -0.823846   -0.920479   -2.044532   -1.934389   -0.708140   -1.198506   14.099    4.286   -5.151 S_000005
   4 P  -154.050  145.148  124.520   89.904 -156.931 -129.437   98.571   22.752  116.377   53.243    0.366115   -1.304268   -0.738772   -0.890164   -1.596323   -1.568220   -1.925176   -0.727709   -1.180955   18.135    9.830   -6.870 S_000005
   5 N   162.851 -174.181  174.872   89.117 -135.686  -80.471   74.982   34.691   91.621  -18.571    0.348335   -1.303500   -0.710850   -0.781973   -1.406205   -1.739385   -1.894539   -0.695738   -1.212818   22.137   15.510   -8.677 S_000005
   6 P  -126.179  138.940  177.602  128.870 -175.447  -84.014   96.666  -24.675  144.399   34.291    0.429508   -0.180220   -1.458434   -0.791134   -0.883354   -2.050890   -1.911737   -0.664996   -1.226029   26.012   20.806   -9.595 S_000005
   7 P   164.423 -126.231  176.251   91.863 -148.152  -95.447   90.726   36.141   94.787  -18.747    0.308216   -1.335123   -0.633984   -0.806988   -1.469271   -1.673926   -1.899392   -0.725780   -1.196649   28.702   26.231  -11.308 S_000005
   8 P  -173.910 -150.992  149.500  127.998 -128.911 -142.558   91.482   -6.193  136.127   15.787    0.408280   -0.788743   -1.262842   -0.923571   -1.317920   -1.806812   -1.984235   -0.740556   -1.116661   31.959   32.420  -11.286 S_000005
   9 P   152.152 -163.414 -179.476   84.601 -123.902  -66.177 -118.488   34.496  101.644  -20.596    0.339854   -1.349021   -0.617645   -0.796396   -1.515504   -1.627416   -1.872576   -0.688085   -1.219292   36.669   37.887  -10.893 S_000005
  10 H   -84.885 -171.458   51.007   86.417    0.000    0.000   85.759   34.020   95.973  155.351    0.340566   -1.331327   -0.640839   -0.794895   -1.501218   -1.650978   -1.892650   -0.726497   -1.201232   41.300   41.957  -13.228 S_000005
SCORE:    43.686                 43.686          0          0          2    S_000006
   1 H     0.000  170.252   55.279 -273.533  185.355  -98.465   84.581   23.441  128.225  186.431    0.346377   -1.397525   -0.504767   -0.909710   -1.793857   -1.278378   -1.840472   -0.746939   -1.195860    3.794    0.984    0.238 S_000006
   2 N   -76.973 -157.510  176.700   85.843 -114.258  -95.371   94.070   30.421  105.690  163.585    0.356190   -1.348443   -0.621475   -0.817010   -1.589570   -1.562671   -1.870523   -0.726362   -1.193977    9.312    0.805   -3.463 S_000006
   3 P  -172.604  161.126  159.864  155.138 -101.607 -139.360  -48.863  -40.948  155.621   78.591    0.319081    0.026124   -1.484098   -0.731166   -0.944630   -1.986654   -1.887978   -0.700564   -1.211859   12.504    7.197   -3.821 S_000006
   4 P   -67.601  173.259   58.690  157.464 -135.211 -147.785  162.259  -40.470  165.113 -137.280    0.315507    0.031025   -1.496384   -0.749112   -0.932260   -1.997702   -1.908468   -0.713312   -1.224472   16.634   12.583   -4.472 S_000006
   5 P   -75.644  168.083   67.814   90.941 -157.060 -127.340   91.236   30.922  102.656 -145.099    0.354641   -1.319354   -0.665360   -0.807874   -1.528183   -1.625955   -1.881488   -0.703515   -1.213541   19.399   18.578   -5.409 S_000006
   6 P   -47.271  167.924   48.721   82.870 -137.028  -83.823   68.229   35.526   92.826  -18.398    0.330038   -1.348377   -0.627416   -0.793350   -1.492371   -1.654229   -1.886487   -0.714137   -1.206542   23.427   23.399   -6.318 S_000006
   7 P  -126.179  138.940  177.602  128.870 -175.447  -84.014   96.666  -24.675  144.399   34.291    0.429508   -0.180220   -1.458434   -0.791134   -0.883354   -2.050890   -1.911737   -0.664996   -1.226029   27.639   28.176   -4.410 S_000006
   8 P   160.373   83.471  174.358  110.126 -145.014  -77.450   88.830   10.256  109.650 -140.438    0.415602   -0.968774   -1.094113   -0.852791   -1.300122   -1.860583   -1.949436   -0.711604   -1.193646   32.585   32.906   -5.839 S_000006
   9 P  -172.604  161.126  159.864  155.138 -101.607 -139.360  -48.863  -40.948  155.621   78.591    0.319081    0.026124   -1.484098   -0.731166   -0.944630   -1.986654   -1.887978   -0.700564   -1.211859   37.840   37.452   -5.284 S_000006
  10 H   -58.906  168.546   51.240   81.518    0.000    0.000   76.283   35.209   98.257  179.912    0.333119   -1.387403   -0.534522   -0.788327   -1.615173   -1.545014   -1.865077   -0.749289   -1.191389   42.056   42.501   -6.729 S_000006
SCORE:    44.260                 44.260          0          1          0    S_000007
   1 H     0.000  170.252   55.279   84.644 -175.519  -70.218   78.076   36.865   94.186  -73.518    0.323154   -1.354555   -0.618297   -0.785716   -1.481569   -1.665769   -1.873741   -0.682093   -1.230759    3.794    0.984    0.238 S_000007
   2 P  -118.291   70.983  153.577  140.545 -140.730  -91.280   91.877  -34.876  157.492 -163.076    0.335873   -0.304070   -1.457801   -0.797149   -1.257287   -1.833013   -1.942989   -0.772473   -1.162934    8.441    1.177   -2.971 S_000007
   3 N  -174.783  120.716  177.399  150.472 -127.479 -150.643  -46.738  -38.379  156.036  172.165    0.295515   -0.075973   -1.493365   -0.801078   -1.032701   -1.963612   -1.942754   -0.690149   -1.211052   13.985    5.514   -4.007 S_000007
   4 P  -167.631  177.125   63.936  148.721 -114.320  176.453   96.592  -39.276  160.663  -80.184    0.315889   -0.217056   -1.474414   -0.766409   -1.232285   -1.836424   -1.924195   -0.750433   -1.184996   17.039   11.633   -6.597 S_000007
   5 P   -82.645 -177.969   72.751  145.260 -157.503 -148.229  111.875  -38.545  157.429  -12.075    0.322205   -0.223436   -1.480851   -0.764697   -1.222995   -1.851784   -1.919902   -0.771160   -1.168755   20.875   16.732   -7.595 S_000007
   6 P   -77.428 -178.020   54.558   76.502 -171.406  -50.625   85.689   42.978   88.111  179.900    0.278312   -1.420717   -0.475851   -0.747368   -1.543917   -1.592685   -1.826334   -0.698234   -1.236594   24.176   22.284   -9.626 S_000007
   7 P  -148.588  133.443  138.027   85.064 -127.867  -81.381   73.376   37.219   95.049  -13.856    0.320946   -1.350869   -0.610637   -0.781786   -1.471736   -1.659254   -1.868671   -0.699104   -1.208886   29.166   25.894  -10.890 S_000007
   8 P  -160.249  166.068  171.487   91.115 -136.630 -101.713   76.539   34.876   95.142  175.357    0.323572   -1.335492   -0.650661   -0.813480   -1.473315   -1.673547   -1.901744   -0.711585   -1.198626   35.192   29.285   -9.709 S_000007
   9 N  -148.162  164.915  118.385  145.355 -109.323 -178.043  158.161  -25.949  134.973  153.436    0.357113   -0.162484   -1.477571   -0.854725   -0.883260   -2.080780   -1.943630   -0.688761   -1.201220   41.363   32.775  -10.479 S_000007
  10 H    47.877   95.370 -153.928   80.261    0.000    0.000   59.318   36.137  103.076   75.185    0.330548   -1.389127   -0.498090   -0.782100   -1.625890   -1.521593   -1.786419   -0.666719   -1.257350   47.104   35.600   -9.251 S_000007
SCORE:    43.919                 43.919          0          1          1    S_000008
   1 H     0.000  170.252   55.279   76.684  161.788 -104.128  113.360   34.151  108.107 -159.563    0.289103   -1.434689   -0.433754   -0.862167   -1.721140   -1.395645   -1.842928   -0.733402   -1.198369    3.794    0.984    0.238 S_000008
   2 P   -71.409  163.072   88.916  129.689 -115.676 -168.510  103.969  -27.373  151.463 -158.189    0.375027   -0.488612   -1.399569   -0.832328   -1.348614   -1.777614   -1.951482   -0.749221   -1.158968    8.200    3.016   -2.860 S_000008
   3 P   160.815  105.099   88.582   92.840 -161.979 -164.996   83.120   14.294  126.435  -66.900    0.405061   -1.212048   -0.841187   -0.889406   -1.604759   -1.561045   -1.922890   -0.729780   -1.183130   11.170    7.645   -7.120 S_000008
   4 P   153.576 -137.498 -175.281   83.857 -102.787 -103.937   50.086   29.192  107.047  -14.087    0.360236   -1.330018   -0.656551   -0.827896   -1.577528   -1.591584   -1.886986   -0.727617   -1.202004   14.439   13.456   -9.187 S_000008
   5 P   -62.993  158.684   68.064   82.009 -135.762 -115.143   68.718   30.330  106.322  175.796    0.353091   -1.354176   -0.600646   -0.822722   -1.620133   -1.543447   -1.878653   -0.752021   -1.188549   18.193   18.672  -10.375 S_000008
   6 P   -73.688  154.833   59.185  146.485 -111.162  175.140  119.829  -32.346  150.459   20.864    0.348829   -0.220202   -1.465450   -0.808985   -1.098138   -1.929436   -1.939839   -0.717382   -1.183677   22.771   23.241  -10.003 S_000008
   7 P  -136.198 -122.857 -158.492  106.180 -124.887  -76.026   74.874   19.311  100.658  168.675    0.405981   -1.001253   -1.074308   -0.820525   -1.157218   -1.951689   -1.924168   -0.645988   -1.229494   27.738   28.224   -9.784 S_000008
   8 P   -60.812 -146.102   71.756  156.668  -78.282 -169.333  154.499  -36.879  159.613   62.580    0.318603   -0.121311   -1.484608   -0.802024   -1.070048   -1.952590   -1.947726   -0.665159   -1.220540   31.454   32.164  -13.780 S_000008
   9 N  -175.892  156.188  156.478   83.886 -138.147  -59.561   62.396   30.267  100.304  -18.903    0.356262   -1.310652   -0.690545   -0.814152   -1.515858   -1.645970   -1.890391   -0.720789   -1.206949   34.815   37.575  -16.481 S_000008
  10 H   -73.671 -166.436   57.921   79.513    0.000    0.000   83.070   39.041   95.341  -25.528    0.275226   -1.435915   -0.437179   -0.819202   -1.646572   -1.491654   -1.844815   -0.717716   -1.210951   37.195   43.438  -17.638 S_000008
SCORE:    43.366                 43.366          0          0          1    S_000009
   1 H     0.000  170.252   55.279   76.684  161.788 -104.128  113.360   34.151  108.107 -159.563    0.289103   -1.434689   -0.433754   -0.862167   -1.721140   -1.395645   -1.842928   -0.733402   -1.198369    3.794    0.984    0.238 S_000009
   2 P   -39.399  168.770   55.356  142.140 -142.741  175.589  120.987  -35.450  159.437  -98.096    0.330665   -0.302125   -1.453233   -0.794861   -1.264725   -1.819140   -1.936530   -0.724980   -1.198310    8.250    2.943   -2.401 S_000009
   3 P   -45.155  171.297   50.009  127.136 -162.964 -104.257  127.752  -25.217  158.077 -150.094    0.438166   -0.263066   -1.437777   -0.776346   -1.009467   -1.975085   -1.925620   -0.691715   -1.221366   12.016    7.642   -3.957 S_000009
   4 P   171.747  153.395  159.041  148.712 -150.900 -143.856  163.298  -31.676  141.216  -34.261    0.335662   -0.099384   -1.482186   -0.823846   -0.920479   -2.044532   -1.934389   -0.708140   -1.198506   16.362   12.279   -7.193 S_000009
   5 P  -130.788 -163.391   60.253  137.194  -84.478  178.278  164.096  -28.816  150.256   14.607    0.370898   -0.357755   -1.431390   -0.817294   -1.207939   -1.869509   -1.942881   -0.701390   -1.197150   21.175   17.511   -8.805 S_000009
   6 P   166.333  138.365   55.118  155.106 -121.207  176.665  100.537  -39.471  163.515  -78.552    0.339397   -0.011283   -1.487644   -0.733583   -0.968631   -1.983361   -1.893865   -0.720697   -1.225198   25.455   21.187  -12.539 S_000009
   7 P   152.767 -170.923  168.753   90.141 -153.461  -69.676   62.592   38.672   81.946  179.887    0.314527   -1.304140   -0.725198   -0.773885   -1.310461   -1.804102   -1.910749   -0.721999   -1.199298   30.288   26.428  -12.365 S_000009
   8 P   -56.319 -151.350   51.272  140.020 -100.337 -154.876  160.165  -35.102  161.015   16.344    0.335371   -0.379745   -1.442838   -0.794508   -1.350681   -1.755183   -1.937257   -0.765789   -1.169927   34.398   31.357  -12.109 S_000009
   9 P  -126.179  138.940  177.602  128.870 -175.447  -84.014   96.666  -24.675  144.399   34.291    0.429508   -0.180220   -1.458434   -0.791134   -0.883354   -2.050890   -1.911737   -0.664996   -1.226029   39.001   35.700  -14.071 S_000009
  10 H   -49.374  168.571   49.989   79.252    0.000    0.000   88.069   37.943   92.233  -25.463    0.306877   -1.389005   -0.549719   -0.788568   -1.541951   -1.599186   -1.874894   -0.738407   -1.196178   41.346   40.933  -13.738 S_000009
SCORE:    42.736                 42.736          0          2          1    S_000010
   1 H     0.000  170.252   55.279   86.816  169.446 -154.696  111.424   25.738  117.217   40.997    0.347862   -1.378477   -0.547552   -0.881307   -1.727914   -1.382064   -1.874722   -0.760483   -1.164215    3.794    0.984    0.238 S_000010
   2 P    95.862 -150.045 -177.753  145.463 -163.746 -130.631  132.028  -25.964  134.716  -54.064    0.372792   -0.139680   -1.476267   -0.836576   -0.849905   -2.078892   -1.921957   -0.718372   -1.188673    8.284    2.846   -3.503 S_000010
   3 P  -174.180  152.972 -160.333  104.826 -142.767  -78.703   76.242   19.884  101.194  179.947    0.387962   -1.086681   -0.991172   -0.843871   -1.294637   -1.855867   -1.944422   -0.700499   -1.202484   12.722    8.418   -4.612 S_000010
   4 P   -73.688  154.833   59.185  146.485 -111.162  175.140  119.829  -32.346  150.459   20.864    0.348829   -0.220202   -1.465450   -0.808985   -1.098138   -1.929436   -1.939839   -0.717382   -1.183677   15.884   12.779   -7.470 S_000010
   5 P   153.593 -174.720  175.405   87.006 -138.710  -67.800   71.797   39.975   84.634  -27.176    0.310808   -1.344282   -0.636662   -0.756981   -1.396052   -1.728260   -1.883757   -0.705854   -1.219704   19.567   18.723   -8.660 S_000010
   6 N  -175.101 -147.674  159.572  141.718  176.133  146.872   62.364  -31.811 -103.226   76.911    0.331832   -0.177856   -1.485199   -0.843536   -1.029654   -1.962328   -1.977627   -0.691472   -1.204184   25.052   22.084  -10.373 S_000010
   7 P   157.640 -167.900  179.349   80.448 -111.969  -84.009 -123.640   32.443  113.227   92.207    0.323035   -1.406967   -0.501770   -0.850370   -1.681582   -1.456367   -1.812779   -0.666700   -1.250646   30.417   26.808  -10.367 S_000010
   8 P   -55.990 -149.870  178.464   92.721 -150.508  -92.989  108.751   30.458  108.250  -11.244    0.349569   -1.311333   -0.685588   -0.835411   -1.489369   -1.635126   -1.899097   -0.672145   -1.203868   36.620   29.433  -10.984 S_000010
   9 P   171.747  153.395  159.041  148.712 -150.900 -143.856  163.298  -31.676  141.216  -34.261    0.335662   -0.099384   -1.482186   -0.823846   -0.920479   -2.044532   -1.934389   -0.708140   -1.198506   39.305   35.979  -10.103 S_000010
  10 H  -175.720 -156.598  160.282   92.518    0.000    0.000   79.027   22.122  110.319 -170.078    0.393774   -1.223585   -0.842438   -0.855515   -1.471195   -1.695897   -1.945869   -0.743696   -1.155831   43.633   41.846   -9.732 S_000010
