SEQUENCE: gaag
SCORE:     score    rna_stub_coord_hack       N_WC      N_NWC       N_BS description
REMARK RNA 
SCORE:     0.000                  0.000          0          0          1    S_000001
   1 H     0.000  170.252   55.279   83.468 -149.581  -80.222   69.579   44.441   87.553  166.489    0.256578   -1.396126   -0.516884   -0.747327   -1.456777   -1.654140   -1.878260   -0.716651   -1.212961    3.794    0.984    0.238 S_000001
   2 P   -66.291 -173.927   53.895   85.156 -138.945  -58.572   75.682   34.318   95.724  -22.709    0.339598   -1.342965   -0.633762   -0.798209   -1.505470   -1.645023   -1.887641   -0.714038   -1.204163    8.712   -1.303   -3.268 S_000001
   3 P    68.675 -160.867   50.735   76.108    0.000    0.000   44.870   37.363   95.512  179.905    0.275288   -1.395309   -0.547400   -0.837939   -1.558862   -1.588500   -1.875805   -0.710720   -1.203414    8.194   -5.990   -6.015 S_000001
   4 H   -82.716  161.576   80.080   76.755    0.000    0.000   66.633   45.875   90.775 -159.311    0.258201   -1.440065   -0.411181   -0.733520   -1.549122   -1.567137   -1.802133   -0.663063   -1.256355    6.177   -4.679   -6.049 S_000001
SCORE:     0.000                  0.000          0          1          1    S_000002
   1 H     0.000  170.252   55.279  106.675 -143.739  -70.581   73.875   20.493   98.012   -3.206    0.391333   -1.035160   -1.046139   -0.832395   -1.186452   -1.927535   -1.929672   -0.653857   -1.225260    3.794    0.984    0.238 S_000002
   2 N   -58.886 -177.239   58.342   86.689 -107.440  -75.845   61.690   35.510   91.730  -26.621    0.343271   -1.297170   -0.711691   -0.776424   -1.372227   -1.744048   -1.874679   -0.654116   -1.237312    8.123   -2.675   -2.445 S_000002
   3 N    67.588 -160.023   63.876   94.125 -105.675   77.853  170.509   36.203   83.690  -14.090    0.345355   -1.222099   -0.840581   -0.772064   -1.175775   -1.887392   -1.918175   -0.700225   -1.209745    7.358   -4.504   -7.849 S_000002
   4 H   159.478 -165.426  169.801   80.976    0.000    0.000   65.466   41.508   82.817  179.913    0.316096   -1.333974   -0.650581   -0.732610   -1.339060   -1.764013   -1.868813   -0.666942   -1.236975    5.657   -4.397   -2.785 S_000002
SCORE:     0.000                  0.000          0          1          1    S_000003
   1 H     0.000  170.252   55.279   80.177 -157.015  -71.477   74.477   39.465   93.255  179.930    0.306890   -1.395281   -0.519618   -0.768376   -1.548661   -1.593975   -1.848134   -0.704132   -1.227975    3.794    0.984    0.238 S_000003
   2 N    26.619 -153.257   97.173   96.618   37.722  -29.302   64.324    9.842  124.714  179.884    0.431932   -1.080399   -0.994883   -0.864686   -1.479260   -1.707167   -1.927105   -0.706091   -1.200010    8.343   -1.418   -1.592 S_000003
   3 P  -125.344  139.048   47.051   81.655 -151.015  -64.558   80.993   36.061   95.483  178.548    0.313310   -1.380104   -0.558006   -0.806372   -1.565531   -1.583578   -1.886811   -0.735198   -1.194351    7.005   -3.842    0.042 S_000003
   4 H   -64.872 -167.665   49.355   80.655    0.000    0.000   80.584   41.604   88.953 -150.099    0.273885   -1.417471   -0.466245   -0.779570   -1.568489   -1.566709   -1.865891   -0.738706   -1.202949    5.765   -5.876   -5.812 S_000003
SCORE:     0.001                  0.001          0          1          0    S_000004
   1 H     0.000  170.252   55.279   82.797 -101.523 -153.428   48.012   40.989   89.590  -17.109    0.288558   -1.388796   -0.554960   -0.769014   -1.486908   -1.654342   -1.873897   -0.716761   -1.211536    3.794    0.984    0.238 S_000004
   2 N   166.166 -110.310 -175.205   90.041    9.447   45.900  106.096   32.843   96.890  107.400    0.330359   -1.324820   -0.678289   -0.824744   -1.481187   -1.668937   -1.908512   -0.704702   -1.205372    5.504   -1.008   -6.203 S_000004
   3 P    99.468  167.363   68.321   92.314 -147.059  -52.847   58.908   34.704   92.346 -172.655    0.330110   -1.292270   -0.730168   -0.803575   -1.375559   -1.757269   -1.909280   -0.674677   -1.229360    9.779   -2.207   -5.724 S_000004
   4 H   136.558 -138.902 -171.008   87.129    0.000    0.000   66.650   34.879   95.678  -17.539    0.332178   -1.340273   -0.636403   -0.797482   -1.496395   -1.658890   -1.882796   -0.702467   -1.217915    5.515   -4.621   -2.785 S_000004
SCORE:     0.000                  0.000          0          0          1    S_000005
   1 H     0.000  170.252   55.279   81.638 -161.386  -79.186   89.441   36.104   94.776  179.929    0.309933   -1.382818   -0.549914   -0.810083   -1.575122   -1.576275   -1.888002   -0.747755   -1.179157    3.794    0.984    0.238 S_000005
   2 P   -70.030  174.690   59.523   85.018 -128.212  -59.507   52.284   34.127   98.076  -23.758    0.341965   -1.329833   -0.646392   -0.797141   -1.485131   -1.656921   -1.881126   -0.694766   -1.215024    9.035   -0.619   -2.649 S_000005
   3 P   -88.755  175.188  -71.066  121.852 -112.154   91.746  119.451  -18.152  158.374    6.739    0.423105   -0.783397   -1.232429   -0.847991   -1.554124   -1.578738   -1.916617   -0.748339   -1.165468   10.829   -5.801   -5.862 S_000005
   4 H   -75.853 -172.601   52.180   76.422    0.000    0.000   81.060   41.646   88.561  179.926    0.283154   -1.428051   -0.441018   -0.765771   -1.599476   -1.537568   -1.848862   -0.736680   -1.199009    6.675   -3.704   -5.536 S_000005
SCORE:     0.001                  0.001          0          1          0    S_000006
   1 H     0.000  170.252   55.279   77.203 -161.493  -82.025   72.034   39.142   98.229  178.311    0.278257   -1.458885   -0.341029   -0.807938   -1.744078   -1.378769   -1.835097   -0.785668   -1.183762    3.794    0.984    0.238 S_000006
   2 P   -73.926  172.099   56.582   88.506 -115.169  -68.389  111.422   37.930   96.142  163.273    0.298268   -1.362359   -0.620068   -0.804185   -1.464241   -1.681290   -1.871428   -0.631441   -1.259937    8.973   -0.293   -2.970 S_000006
   3 P   -88.755  175.188  -71.066  121.852 -112.154   91.746  119.451  -18.152  158.374    6.739    0.423105   -0.783397   -1.232429   -0.847991   -1.554124   -1.578738   -1.916617   -0.748339   -1.165468   10.503   -5.779   -6.098 S_000006
   4 H     0.000 -178.195   51.711 -275.197    0.000    0.000   66.241   41.090   85.726  189.890    0.298264   -1.360045   -0.608313   -0.757504   -1.413722   -1.715224   -1.882689   -0.703346   -1.219772    6.318   -4.713   -5.940 S_000006
SCORE:     0.000                  0.000          0          0          0    S_000007
   1 H     0.000  170.252   55.279   78.936 -150.655  -82.480   75.860   42.943   85.906 -111.830    0.276315   -1.416616   -0.505409   -0.755120   -1.519820   -1.629422   -1.866151   -0.752329   -1.196399    3.794    0.984    0.238 S_000007
   2 N     0.000  -87.673 -167.593 -246.330    0.000    0.000   68.142   16.090   96.300   -5.504    0.393653   -0.872015   -1.206347   -0.886110   -0.982748   -2.064448   -1.966059   -0.791717   -1.154638    8.017    0.556   -2.486 S_000007
   3 N   -18.811 -144.746   50.057  137.212 -109.039  -91.948  127.589  -31.767  154.180  -59.848    0.345779   -0.400810   -1.431908   -0.822639   -1.320496   -1.793131   -1.952917   -0.785739   -1.142931    6.861   -0.904   -3.749 S_000007
   4 H   -62.990  179.638   44.730   80.697    0.000    0.000   77.225   40.881   88.567  179.905    0.300303   -1.396584   -0.518833   -0.759132   -1.527290   -1.618689   -1.860025   -0.721115   -1.215179    7.673   -7.191   -5.828 S_000007
SCORE:     0.001                  0.001          0          0          0    S_000008
   1 H     0.000  170.252   55.279   78.380 -163.539  -65.042   70.374   39.048  100.170  -14.050    0.284357   -1.448473   -0.382538   -0.803716   -1.706145   -1.428202   -1.813640   -0.730522   -1.219311    3.794    0.984    0.238 S_000008
   2 N   -98.041 -137.837  155.725  158.717  -99.849  162.372  109.093  -41.754  160.788   52.267    0.289315   -0.001541   -1.489878   -0.763911   -1.005286   -1.960819   -1.921518   -0.690989   -1.218223    8.666   -1.668   -3.691 S_000008
   3 N    39.749 -114.826   50.834  149.804 -117.427  -71.720  157.602  -35.939  158.212  179.919    0.335963   -0.222777   -1.468608   -0.785481   -1.171951   -1.867001   -1.929969   -0.732826   -1.180146   12.193   -5.438   -4.413 S_000008
   4 H   -63.722 -175.190   48.621   85.512    0.000    0.000   94.364   35.860   93.674   91.313    0.323373   -1.341811   -0.660618   -0.793734   -1.458136   -1.693007   -1.882031   -0.677406   -1.228918    6.155   -4.883   -2.190 S_000008
SCORE:     0.000                  0.000          0          0          0    S_000009
   1 H     0.000  170.252   55.279  149.265 -105.507 -109.708  123.466  -37.827  159.880   29.480    0.318869   -0.201506   -1.467988   -0.783983   -1.185261   -1.856227   -1.926584   -0.711568   -1.199346    3.794    0.984    0.238 S_000009
   2 N   -82.599  175.145   74.919   81.909 -154.495  -44.222   68.571   37.987   90.284   72.246    0.319192   -1.387072   -0.561855   -0.771656   -1.540760   -1.617683   -1.870380   -0.745456   -1.201598    9.022   -1.625   -3.448 S_000009
   3 N    77.922 -158.532   51.265  108.088  -69.785 -165.389   64.485    4.677  122.249   -3.192    0.448079   -0.840702   -1.201745   -0.864311   -1.189977   -1.912800   -1.970441   -0.685103   -1.195462    8.337   -2.260   -8.571 S_000009
   4 H   178.966 -133.019  142.361   78.542    0.000    0.000   44.528   38.825   93.078  -27.823    0.333082   -1.371942   -0.560783   -0.750483   -1.493600   -1.628061   -1.852610   -0.707524   -1.219202    6.064   -6.163   -3.246 S_000009
SCORE:     0.000                  0.000          0          0          1    S_000010
   1 H     0.000  170.252   55.279   80.659 -146.720  -69.766   71.722   41.343   92.512  -28.444    0.312483   -1.383645   -0.490165   -0.724207   -1.525627   -1.583926   -1.825253   -0.685066   -1.203171    3.794    0.984    0.238 S_000010
   2 P    68.675 -160.867   50.735   76.108    0.000    0.000   44.870   37.363   95.512  179.905    0.275288   -1.395309   -0.547400   -0.837939   -1.558862   -1.588500   -1.875805   -0.710720   -1.203414    7.352   -2.833   -1.872 S_000010
   3 P    71.215 -177.803   46.342  155.029 -101.624   53.358   79.045  -32.109  142.879 -116.182    0.343405    0.077392   -1.481723   -0.807931   -0.679527   -2.127980   -1.892843   -0.656114   -1.231535    6.026   -4.953   -1.356 S_000010
   4 H    51.122  144.022   54.752   85.919    0.000    0.000   59.323   39.181   87.435 -140.529    0.316900   -1.315441   -0.686918   -0.757642   -1.341184   -1.766938   -1.875302   -0.643879   -1.248226    8.995   -7.275   -3.543 S_000010
