SEQUENCE: gaaag
SCORE:     score    rna_stub_coord_hack       N_WC      N_NWC       N_BS description
REMARK RNA 
SCORE:     0.000                  0.000          0          1          0    S_000001
   1 H     0.000  170.252   55.279   79.736 -134.581  -79.694   67.047   38.981   94.368  -23.218    0.302953   -1.380512   -0.561961   -0.779919   -1.507556   -1.631477   -1.858209   -0.691592   -1.228785    3.794    0.984    0.238 S_000001
   2 P   -36.252  122.622   72.370   81.656   52.698  -78.488   70.264   18.246  127.486   53.114    0.398565   -1.315703   -0.685869   -0.885016   -1.712656   -1.420354   -1.862962   -0.724714   -1.196314    7.513   -1.847   -2.002 S_000001
   3 P    -9.791  151.275   56.495  145.205 -149.476  178.681  133.718  -34.285  155.187  132.770    0.343879   -0.234485   -1.467538   -0.792884   -1.158169   -1.902504   -1.934198   -0.737152   -1.185132    9.017    0.795   -2.899 S_000001
   4 P  -102.206  104.044  177.543   84.918 -159.296 -123.397   89.660   37.394   91.577    3.421    0.315398   -1.361384   -0.611624   -0.789758   -1.479457   -1.664147   -1.886766   -0.708525   -1.210084    8.249    5.567   -5.463 S_000001
   5 H   -46.492  172.497   38.465   81.050    0.000    0.000   81.052   39.467   93.801  -18.742    0.288110   -1.386749   -0.540211   -0.789757   -1.515585   -1.610921   -1.857094   -0.688463   -1.223842    5.555    2.377  -10.269 S_000001
SCORE:     0.000                  0.000          0          1          0    S_000002
   1 H     0.000  170.252   55.279   73.271 -158.699  -61.986   76.325   45.620   86.224  -23.509    0.272005   -1.440711   -0.375549   -0.726074   -1.582186   -1.530547   -1.828391   -0.715527   -1.205604    3.794    0.984    0.238 S_000002
   2 N    70.702 -169.700  179.098  132.277    0.000    0.000  -23.830  -30.146  157.657   29.604    0.358387   -0.467020   -1.412447   -0.826646   -1.372124   -1.754647   -1.943101   -0.720680   -1.189698    7.666   -2.608   -1.569 S_000002
   3 P   -44.444  162.188   49.572   80.763 -129.048  -75.303   72.682   33.630  103.248  -14.176    0.339680   -1.370603   -0.566759   -0.804836   -1.592267   -1.555006   -1.864019   -0.724234   -1.205870    7.289   -1.591   -3.250 S_000002
   4 N   -61.363  -90.237  170.183   76.834  175.477   67.251   21.293   54.333   72.901  179.919    0.246630   -1.434370   -0.470130   -0.597012   -1.335609   -1.729080   -1.780217   -0.709997   -1.248024    7.795   -0.093   -9.621 S_000002
   5 H     0.000 -172.233  178.706  101.063    0.000    0.000   50.818   29.495   86.446  -11.837    0.367094   -1.117930   -0.972210   -0.819459   -1.106908   -1.938889   -1.947859   -0.724481   -1.185059    4.553    3.873   -8.223 S_000002
SCORE:     0.000                  0.000          0          0          0    S_000003
   1 H     0.000  170.252   55.279   87.732 -168.636  -66.905   96.651   22.415  116.544  -70.520    0.384961   -1.287677   -0.722548   -0.858294   -1.612460   -1.556271   -1.902560   -0.738392   -1.185361    3.794    0.984    0.238 S_000003
   2 P  -154.110  177.465  163.988   84.786   25.390 -179.014   86.764   31.051  102.698   25.124    0.355035   -1.299002   -0.698685   -0.820070   -1.469196   -1.668745   -1.888201   -0.662177   -1.225535    8.964   -2.002   -2.709 S_000003
   3 P   -89.926  162.424   48.524   95.700 -152.156  -70.690   61.372   27.395  100.879   -9.168    0.340916   -1.237245   -0.813497   -0.840085   -1.422176   -1.741347   -1.918020   -0.686012   -1.211431   14.641   -0.117   -5.601 S_000003
   4 N    81.810   96.399  179.737  138.491 -124.187  -94.581  129.145  -33.210  159.316 -113.260    0.341602   -0.402280   -1.434480   -0.812094   -1.345353   -1.762200   -1.942816   -0.721506   -1.192058   12.767    4.976   -8.361 S_000003
   5 H   -55.020  172.575   56.854   74.884    0.000    0.000   88.219   38.522   95.790  -29.944    0.311372   -1.410143   -0.489063   -0.778546   -1.603505   -1.546159   -1.854762   -0.735499   -1.207969    6.944    5.908  -11.138 S_000003
SCORE:     0.000                  0.000          0          2          3    S_000004
   1 H     0.000  170.252   55.279   79.853 -142.874  -78.061   67.604   34.747  100.641 -173.607    0.345798   -1.360568   -0.585394   -0.781668   -1.558314   -1.599568   -1.859792   -0.708703   -1.221129    3.794    0.984    0.238 S_000004
   2 P   -79.470  169.811   57.689   79.793    0.000    0.000   93.810   38.043   91.298  -22.096    0.319553   -1.359725   -0.604188   -0.774081   -1.474030   -1.666927   -1.875089   -0.694912   -1.225015    8.360   -1.616   -3.398 S_000004
   3 N     0.000 -178.213   55.130 -271.432  245.917  -49.714 -126.317   34.115   98.205  -24.673    0.330208   -1.319785   -0.696752   -0.805629   -1.451527   -1.713707   -1.902520   -0.708037   -1.208424    8.551    0.307   -2.767 S_000004
   4 P   -56.606  132.620   57.426   81.082 -145.705  -52.961   81.997   37.447   93.024  -17.510    0.311732   -1.391434   -0.526213   -0.786002   -1.580616   -1.569124   -1.863195   -0.741066   -1.199975    6.933    4.352   -5.331 S_000004
   5 H   -57.585  163.920   50.686   80.329    0.000    0.000   74.295   34.863   98.374  179.937    0.345969   -1.358067   -0.587446   -0.779744   -1.541784   -1.597364   -1.860069   -0.719354   -1.210578    9.269    4.341  -10.499 S_000004
SCORE:     0.001                  0.001          0          0          1    S_000005
   1 H     0.000  170.252   55.279   74.528 -157.776  -72.779   81.006   39.627  101.159  -19.677    0.266843   -1.472350   -0.280757   -0.819114   -1.783655   -1.315216   -1.780633   -0.745597   -1.212428    3.794    0.984    0.238 S_000005
   2 N   -78.208  159.170   62.371   88.609 -133.980  128.291  143.300   31.591  111.916  -22.713    0.321924   -1.380214   -0.571843   -0.859972   -1.616239   -1.520217   -1.833365   -0.632622   -1.257305    8.733   -0.791   -2.650 S_000005
   3 P   -79.470  169.811   57.689   79.793    0.000    0.000   93.810   38.043   91.298  -22.096    0.319553   -1.359725   -0.604188   -0.774081   -1.474030   -1.666927   -1.875089   -0.694912   -1.225015    9.054   -0.763   -8.151 S_000005
   4 P   174.915 -140.246   60.955   90.715 -149.630  -50.471   85.457   31.612   97.682  -90.524    0.339684   -1.283419   -0.754604   -0.830995   -1.404657   -1.736443   -1.914459   -0.684400   -1.217093    5.998    0.642   -7.143 S_000005
   5 H   -69.610  173.509   64.454   78.943    0.000    0.000   70.353   39.763   95.707 -130.690    0.300350   -1.404864   -0.500080   -0.775054   -1.561959   -1.575852   -1.852187   -0.705344   -1.223097    7.697    5.831   -9.391 S_000005
SCORE:     0.000                  0.000          0          0          0    S_000006
   1 H     0.000  170.252   55.279   81.130 -160.556  -78.198   76.788   36.102   97.429  -25.192    0.322923   -1.376542   -0.568567   -0.792659   -1.549927   -1.592564   -1.861043   -0.702536   -1.214095    3.794    0.984    0.238 S_000006
   2 P    30.303  168.688   81.689   84.406 -118.260  -72.219   75.664   35.342   95.692 -126.804    0.341260   -1.363983   -0.584983   -0.784866   -1.532821   -1.600264   -1.840672   -0.673842   -1.236002    8.379   -1.847   -1.676 S_000006
   3 N  -151.154 -177.264   49.401  137.534 -118.456  -73.253 -177.883  -35.522  164.622  114.965    0.338788   -0.413042   -1.433946   -0.791135   -1.396172   -1.702498   -1.910998   -0.709342   -1.209666   13.291    2.867   -2.546 S_000006
   4 N    33.918 -175.563  -64.807  101.034 -143.214  -78.933  100.964   36.024   79.430 -114.252    0.342514   -1.143259   -0.952706   -0.773584   -1.000577   -1.979657   -1.923841   -0.650973   -1.244372   10.639    2.082   -7.692 S_000006
   5 H  -118.958 -142.528   81.092   97.937    0.000    0.000  162.714   35.190   84.432   65.625    0.318343   -1.273814   -0.749417   -0.819326   -1.315258   -1.779885   -1.918447   -0.678398   -1.198397    5.030    4.944  -10.919 S_000006
SCORE:     0.000                  0.000          0          0          1    S_000007
   1 H     0.000  170.252   55.279   84.904 -148.201  -61.502   86.757   33.503   95.148   14.660    0.342814   -1.326721   -0.664553   -0.800148   -1.482973   -1.665292   -1.882826   -0.705508   -1.214530    3.794    0.984    0.238 S_000007
   2 P    47.805 -146.455  -58.644  117.790  163.346  106.886  121.602   10.881  104.472  -98.982    0.398313   -0.748519   -1.281934   -0.917835   -0.876359   -2.058073   -1.988921   -0.697551   -1.171766    7.234   -2.590   -1.334 S_000007
   3 N   176.412  153.851   46.266   87.770 -142.678  -91.831   82.725   35.614   90.796 -140.099    0.339308   -1.281537   -0.755797   -0.785709   -1.323484   -1.797172   -1.911673   -0.674896   -1.226274   10.813   -3.680   -7.245 S_000007
   4 N     0.000 -178.230  -27.654 -263.840  244.056  -82.538   59.384   35.434   85.089  199.386    0.345612   -1.201313   -0.874210   -0.770533   -1.156851   -1.913275   -1.909600   -0.719937   -1.200528    8.633    0.413  -11.219 S_000007
   5 H     0.000 -178.189   51.241 -275.289    0.000    0.000   65.356   39.206   85.604  197.019    0.313047   -1.365870   -0.599748   -0.761485   -1.464835   -1.675881   -1.895178   -0.752984   -1.180245    5.421    5.374   -9.655 S_000007
SCORE:     0.000                  0.000          0          0          0    S_000008
   1 H     0.000  170.252   55.279   84.406 -144.388  -67.245   64.870   37.535   88.047 -155.108    0.326852   -1.341073   -0.631211   -0.766560   -1.451294   -1.690509   -1.879172   -0.720575   -1.206993    3.794    0.984    0.238 S_000008
   2 P   122.021 -135.817  170.990   78.027   72.975  -54.619  103.318   32.626   95.875  -66.099    0.349443   -1.284422   -0.745638   -0.811506   -1.390037   -1.743935   -1.907437   -0.676870   -1.215804    6.188   -3.528   -2.158 S_000008
   3 N    40.856 -173.576   58.266  150.037  -80.535 -120.367   97.749  -36.138  156.821   28.665    0.337375   -0.185363   -1.462848   -0.779208   -1.130448   -1.892487   -1.929106   -0.703702   -1.205133    8.940   -2.571   -2.176 S_000008
   4 N   -56.751  134.074   57.967  141.398  -89.677  -92.135  179.327  -36.619  161.749  104.209    0.334357   -0.440339   -1.420490   -0.778769   -1.450399   -1.661518   -1.917390   -0.791398   -1.153147    9.404    1.714   -6.704 S_000008
   5 H  -143.803  160.424   48.868   77.160    0.000    0.000   70.723   39.884   94.253  179.916    0.294886   -1.425205   -0.442293   -0.779068   -1.628255   -1.513946   -1.841834   -0.735737   -1.210905    6.163    5.743  -11.327 S_000008
SCORE:     0.000                  0.000          0          1          0    S_000009
   1 H     0.000  170.252   55.279   84.424 -136.209  -82.178   76.367   40.166   89.844  -13.593    0.320922   -1.358851   -0.578022   -0.735430   -1.459864   -1.669111   -1.842510   -0.692497   -1.225869    3.794    0.984    0.238 S_000009
   2 N    27.483 -109.185  -97.371  153.070    0.000    0.000 -167.736  -22.155  133.483  178.162    0.372349   -0.144058   -1.475556   -0.882367   -0.771653   -2.103867   -1.941497   -0.723174   -1.178925    7.873   -1.104   -2.089 S_000009
   3 P   -25.771  162.342   53.773   86.385 -143.111  100.441  117.717   38.248   90.833  -71.577    0.316842   -1.343833   -0.632177   -0.775774   -1.431192   -1.701246   -1.876149   -0.665772   -1.235478    6.481    0.103   -1.518 S_000009
   4 N   -67.169  161.225   63.810   83.588 -157.020  -64.111   81.939   40.328   88.519  179.886    0.302660   -1.381377   -0.552110   -0.760867   -1.495045   -1.643346   -1.861502   -0.699822   -1.227710    7.405    2.069   -5.955 S_000009
   5 H   -79.675  163.164   64.839   79.737    0.000    0.000   72.262   40.789   93.852  -27.088    0.283641   -1.424621   -0.442006   -0.780319   -1.608088   -1.527032   -1.849381   -0.714108   -1.224488    8.068    3.359  -11.749 S_000009
SCORE:     0.000                  0.000          0          0          0    S_000010
   1 H     0.000  170.252   55.279   72.792 -149.063  -76.260   72.683   41.591   96.664  179.935    0.235082   -1.460941   -0.376562   -0.833912   -1.673011   -1.466728   -1.835044   -0.681132   -1.245132    3.794    0.984    0.238 S_000010
   2 P   -61.236 -144.081   67.298  141.205  -83.161  175.647  156.045  -26.613  152.071   69.787    0.411481   -0.165229   -1.462398   -0.796345   -0.904956   -2.034850   -1.928766   -0.649169   -1.234321    8.336   -1.110   -4.121 S_000010
   3 N   -85.662 -177.545   54.628   84.856 -133.787   66.544   92.473   34.704  104.332  -14.333    0.330591   -1.379342   -0.567278   -0.802851   -1.576287   -1.568115   -1.833989   -0.648030   -1.249486   13.471   -0.263   -7.854 S_000010
   4 P   -60.812 -146.102   71.756  156.668  -78.282 -169.333  154.499  -36.879  159.613   62.580    0.318603   -0.121311   -1.484608   -0.802024   -1.070048   -1.952590   -1.947726   -0.665159   -1.220540   10.014    3.269   -8.100 S_000010
   5 H   145.620 -126.682  178.397   85.139    0.000    0.000   77.806   37.927   89.794   74.882    0.326101   -1.340088   -0.633840   -0.761279   -1.437779   -1.695933   -1.867917   -0.685527   -1.222805    4.579    5.136  -11.856 S_000010
