SEQUENCE: gaaaaaaaaaaaaaaaaaag
SCORE:     score    rna_stub_coord_hack       N_WC      N_NWC       N_BS description
REMARK RNA 
SCORE:     0.000                  0.000          0          3          5    S_000001
   1 H     0.000  170.252   55.279   83.533 -149.633  -71.552   63.790   40.246   89.061 -149.081    0.313610   -1.372717   -0.572115   -0.745651   -1.483034   -1.667540   -1.839667   -0.677685   -1.247257    3.794    0.984    0.238 S_000001
   2 P   138.380  173.788   60.208   97.816  -35.120   51.185  -83.210    4.830  143.186  -10.135    0.413138   -1.157053   -0.900225   -0.906012   -1.673331   -1.459659   -1.912934   -0.727701   -1.193100    7.463   -3.235   -3.343 S_000001
   3 P  -101.424   81.895  168.957   86.097 -127.609  -60.533   58.407   37.387   89.891 -172.211    0.345966   -1.331161   -0.652437   -0.747079   -1.431260   -1.715245   -1.891512   -0.737545   -1.207247    6.106   -3.180   -4.063 S_000001
   4 P   -33.122 -159.568  151.000  146.506 -145.092 -142.672   79.190  -33.668  154.217 -117.811    0.333818   -0.171529   -1.475823   -0.812366   -1.061031   -1.950460   -1.939960   -0.691146   -1.196381    3.802    0.786   -8.104 S_000001
   5 P   -70.148  147.856   43.945   79.509 -145.099  -56.314   69.963   37.335   96.282  -18.880    0.318943   -1.392479   -0.527576   -0.786251   -1.576265   -1.571233   -1.861245   -0.722064   -1.210647    4.346    4.594  -13.074 S_000001
   6 P  -158.744  158.047 -175.507  148.978  -76.951  133.761  -47.948  -37.980  158.656 -136.222    0.323669   -0.148436   -1.482406   -0.773508   -1.119796   -1.911136   -1.926811   -0.720780   -1.200019    3.667   11.241  -13.232 S_000001
   7 P  -131.286  148.382   33.030   81.780 -154.982  -72.305   67.871   34.022   98.266 -140.095    0.334264   -1.368080   -0.585487   -0.806751   -1.576003   -1.586046   -1.885083   -0.742979   -1.192614    0.126   10.947  -17.023 S_000001
   8 P   -71.409  163.072   88.916  129.689 -115.676 -168.510  103.969  -27.373  151.463 -158.189    0.375027   -0.488612   -1.399569   -0.832328   -1.348614   -1.777614   -1.951482   -0.749221   -1.158968   -5.773   11.835  -16.316 S_000001
   9 P    53.639  135.444   35.209  110.985  179.136  160.468   85.176  -11.041  145.427  179.930    0.438625   -0.895792   -1.160863   -0.869790   -1.570352   -1.567488   -1.932309   -0.771260   -1.132050  -12.581   11.592  -15.173 S_000001
  10 P   179.384  109.463 -179.306   83.839 -158.740  -52.055  120.779   32.850   99.335   19.855    0.340501   -1.350176   -0.625714   -0.813365   -1.547777   -1.612043   -1.885995   -0.722023   -1.202003  -15.184    5.561  -17.654 S_000001
  11 P   -73.299 -153.922   37.561  134.376 -117.922  179.990  135.214  -32.500  159.044 -172.187    0.341690   -0.483427   -1.410623   -0.819998   -1.428805   -1.692496   -1.939475   -0.755895   -1.172241  -16.181    0.389  -21.186 S_000001
  12 P  -107.553   94.017  159.811   80.200 -113.932  -66.218   51.551   35.791   98.328  -20.041    0.332026   -1.375208   -0.546709   -0.788726   -1.560121   -1.561548   -1.862246   -0.719458   -1.204166  -16.049   -2.494  -25.569 S_000001
  13 P  -146.890  166.986   60.587   77.129 -125.602  -82.183   69.945   43.430   85.373 -178.018    0.320462   -1.367339   -0.577111   -0.696222   -1.397817   -1.712983   -1.816225   -0.644407   -1.266975  -13.298   -4.240  -31.477 S_000001
  14 N   -71.682  168.742   56.826   80.711 -131.712  -78.534   80.392   35.165   96.772  179.913    0.348009   -1.347520   -0.621535   -0.777973   -1.498697   -1.641764   -1.860923   -0.698674   -1.219730  -16.644   -9.619  -32.702 S_000001
  15 P   -65.769 -137.021   47.313   78.784 -153.768  -69.478   72.768   40.950   90.126  179.901    0.292070   -1.407190   -0.492223   -0.766882   -1.554268   -1.587481   -1.847548   -0.706723   -1.226997  -22.386  -12.609  -30.546 S_000001
  16 N   -70.422 -176.803   54.287   79.161 -164.802 -103.413   88.590   39.012   94.519 -103.099    0.284657   -1.432273   -0.440008   -0.804927   -1.647512   -1.494854   -1.868363   -0.764982   -1.183614  -28.535  -11.306  -30.850 S_000001
  17 P   178.096 -170.380   62.576   70.028 -141.664  -50.857 -178.827   44.744   82.996 -126.521    0.296027   -1.420532   -0.462592   -0.699506   -1.538887   -1.614050   -1.816920   -0.743320   -1.236570  -34.158   -7.323  -31.989 S_000001
  18 P   -67.625  169.606   60.888   83.690 -128.401  -60.095   81.436   38.424   90.713  -14.582    0.292811   -1.386315   -0.549385   -0.787731   -1.544444   -1.604902   -1.877195   -0.757192   -1.182832  -34.811   -6.954  -26.170 S_000001
  19 N   -81.601 -143.640   50.949   79.171   70.338  -45.363   58.527   31.076  105.011  -74.358    0.348848   -1.324658   -0.672909   -0.829663   -1.507394   -1.633673   -1.898850   -0.684515   -1.217725  -30.858   -8.222  -20.880 S_000001
  20 H   -68.089  138.511   94.957   83.947    0.000    0.000   73.095   43.132   85.405  179.897    0.272989   -1.396325   -0.539088   -0.756522   -1.471585   -1.671357   -1.868702   -0.722945   -1.211234  -32.498   -9.273  -19.188 S_000001
SCORE:     0.000                  0.000          0          0          3    S_000002
   1 H     0.000  170.252   55.279   83.767 -147.069  -68.250   82.610   37.782   88.892 -174.775    0.324441   -1.341471   -0.640136   -0.769361   -1.436497   -1.702898   -1.885884   -0.708303   -1.215398    3.794    0.984    0.238 S_000002
   2 P   -75.273 -177.273   58.457   83.621 -148.329  -78.077  102.680   34.746   99.987  173.216    0.310938   -1.390645   -0.534514   -0.818816   -1.626940   -1.535135   -1.884051   -0.763853   -1.177319    8.315   -2.105   -3.030 S_000002
   3 N   -61.330 -170.950   48.402   82.435 -139.494  -61.554   67.672   34.041  100.076  -24.195    0.337516   -1.360730   -0.582627   -0.797348   -1.566965   -1.579077   -1.863565   -0.725689   -1.201709   10.041   -7.039   -6.779 S_000002
   4 N   -66.760 -177.247   50.787   84.555 -151.138  -65.751   96.827   33.792   93.801  179.930    0.364329   -1.298432   -0.710348   -0.770296   -1.417551   -1.723714   -1.876311   -0.697963   -1.222169    7.391  -10.527  -11.231 S_000002
   5 P   -68.761 -128.973  -61.721  151.699 -116.086  153.215  118.023  -36.934  152.269   27.971    0.314441   -0.049959   -1.490757   -0.794118   -0.967338   -2.003678   -1.928456   -0.693667   -1.211931    2.752  -10.677  -16.005 S_000002
   6 P    95.509  173.563  169.932   85.212 -177.881   50.781  109.143   38.784   84.878 -112.788    0.313110   -1.352908   -0.619906   -0.769120   -1.443137   -1.693681   -1.889094   -0.721112   -1.209296   -0.486   -6.551  -20.171 S_000002
   7 N   -65.577  178.047   47.458   83.433 -146.891  -74.588   87.001   39.103   90.181  -15.360    0.313079   -1.362705   -0.608166   -0.764070   -1.457185   -1.684543   -1.880608   -0.727304   -1.203368   -5.297   -8.678  -20.961 S_000002
   8 N   171.451   67.224  164.118   85.618 -174.841   68.598 -172.684   33.704   98.791  169.866    0.335800   -1.346342   -0.617010   -0.808848   -1.529417   -1.614412   -1.891332   -0.721952   -1.199365  -11.683   -7.867  -23.533 S_000002
   9 P   -64.996  167.191   53.616   84.744 -142.647  -63.349   73.590   41.483   89.459  -27.275    0.268058   -1.391247   -0.539608   -0.778048   -1.495599   -1.639554   -1.865290   -0.691469   -1.226623  -15.683   -6.735  -20.313 S_000002
  10 P   -77.341 -162.890   60.801   80.953 -133.936  -58.962   50.019   32.005  100.557  -15.105    0.344002   -1.383406   -0.526710   -0.817652   -1.668204   -1.483674   -1.875117   -0.785209   -1.168750  -20.294   -3.324  -17.177 S_000002
  11 P   159.823  148.259   52.017  152.619 -102.582  109.362  112.660  -38.468  158.199  -72.316    0.321336   -0.089259   -1.486939   -0.771327   -1.054341   -1.949287   -1.923012   -0.700543   -1.208381  -25.261   -0.296  -20.728 S_000002
  12 P   -69.504  173.013   52.028   85.644 -125.144  -66.363   75.155   40.324   91.321  -85.637    0.283084   -1.394033   -0.506499   -0.783586   -1.520755   -1.581041   -1.846678   -0.667683   -1.231343  -26.131    1.054  -25.073 S_000002
  13 N   -56.354  162.699   47.847   82.140 -146.725  -59.932   67.431   39.592   91.782  -16.512    0.317993   -1.367971   -0.581960   -0.753413   -1.473250   -1.666394   -1.857874   -0.685309   -1.236379  -25.922    4.797  -29.712 S_000002
  14 P   -62.713  142.106   67.547   75.383 -135.967  -35.206   96.943   39.566   93.473  153.516    0.270622   -1.432768   -0.430318   -0.816364   -1.645563   -1.495388   -1.873148   -0.766190   -1.183288  -24.950   10.119  -29.880 S_000002
  15 N    49.518 -158.101   69.155  147.188  -90.215  -94.996  100.900  -32.031  150.326   25.397    0.353817   -0.208653   -1.466132   -0.801165   -1.077400   -1.955864   -1.930988   -0.709843   -1.200178  -22.145   11.176  -25.990 S_000002
  16 N   -76.518  163.233   69.119   80.579 -176.675  163.957   82.460   32.121  101.500  -66.735    0.346098   -1.357445   -0.601080   -0.814351   -1.585503   -1.571812   -1.875614   -0.734017   -1.198388  -27.802   11.960  -22.717 S_000002
  17 N   -97.882 -146.927   54.031  112.093   98.474 -107.054  176.448  -19.867  131.423   55.916    0.451797   -0.162717   -1.450996   -0.796636   -0.749221   -2.117024   -1.899862   -0.656788   -1.232684  -31.877    6.721  -20.343 S_000002
  18 P   -38.358  157.674   36.001   84.787 -176.859 -116.281  129.979   19.252  124.883  177.810    0.354233   -1.369644   -0.587632   -0.939275   -1.791821   -1.306017   -1.871753   -0.748094   -1.168456  -31.686    2.197  -20.855 S_000002
  19 N   -93.151  156.237   83.711  115.227 -100.682  -92.558  -43.960  -19.963  152.335   21.708    0.401465   -0.840407   -1.217404   -0.868006   -1.645031   -1.486037   -1.916411   -0.759894   -1.163407  -30.902   -4.055  -20.554 S_000002
  20 H   -80.908 -160.228   41.961   76.336    0.000    0.000   77.320   42.919   91.619  -21.604    0.279626   -1.427764   -0.453498   -0.754746   -1.557001   -1.569120   -1.832752   -0.696174   -1.232701  -29.358  -10.139  -17.573 S_000002
SCORE:     0.001                  0.001          0          5          4    S_000003
   1 H     0.000  170.252   55.279   85.067 -152.539  -63.828   69.910   34.710   96.286  179.910    0.334539   -1.348143   -0.631066   -0.798007   -1.511362   -1.649809   -1.889997   -0.715411   -1.209274    3.794    0.984    0.238 S_000003
   2 N   -65.980 -179.454   41.277   82.212 -171.326  -49.247   92.180   35.558   94.512  -17.640    0.319239   -1.356767   -0.616017   -0.806534   -1.509918   -1.642454   -1.886124   -0.705057   -1.206454    8.409   -2.073   -2.432 S_000003
   3 P    38.062  178.333 -102.088  119.795   18.826   19.350   97.201   11.936  108.561  116.066    0.396208   -0.606144   -1.344587   -0.861354   -0.678081   -2.241991   -1.910509   -0.618596   -1.261725    8.485   -7.272   -3.084 S_000003
   4 P   -61.973  146.572   59.679   83.840 -126.171 -115.294   89.710   33.888   95.454 -133.440    0.325887   -1.344526   -0.638798   -0.819353   -1.512451   -1.643178   -1.897856   -0.720184   -1.199941   10.217   -7.228   -1.823 S_000003
   5 P    48.639  156.272 -170.560   85.694 -126.024  -63.331   68.576   30.457  102.847 -168.633    0.324381   -1.341426   -0.639750   -0.853060   -1.574700   -1.586288   -1.909903   -0.747184   -1.176719   16.152   -7.970    0.966 S_000003
   6 P   -67.783  173.057   50.395   84.843 -134.557  -53.279   89.133   38.016   90.772  -28.120    0.314065   -1.364221   -0.596183   -0.780056   -1.488508   -1.658809   -1.880521   -0.713358   -1.213023   16.076   -9.972    6.823 S_000003
   7 P   -59.869  154.910   61.309   83.375 -129.673  -50.931   87.785   38.997   92.575  164.330    0.301409   -1.402926   -0.510407   -0.779092   -1.572177   -1.573672   -1.864042   -0.724631   -1.214028   11.741   -8.558   10.054 S_000003
   8 N   -61.800  151.250   59.309   81.376 -151.979  -74.545   88.900   34.603  102.580   -8.879    0.328853   -1.411663   -0.478834   -0.807455   -1.679108   -1.467555   -1.848086   -0.753218   -1.193413    6.684   -7.625    8.076 S_000003
   9 P   -54.283 -140.726   49.483  138.215 -144.997   84.904  160.814  -34.613  157.523  172.038    0.339244   -0.363411   -1.434476   -0.791638   -1.318966   -1.761820   -1.925398   -0.748353   -1.169071    2.359   -9.003    3.396 S_000003
  10 N   -56.918  161.492   44.075   85.026 -114.246 -136.960  103.269   36.882   93.766 -134.936    0.317400   -1.374502   -0.569619   -0.792818   -1.534408   -1.610320   -1.871816   -0.705946   -1.213383   -0.688   -6.198    5.614 S_000003
  11 P   -63.109 -179.399   51.264   85.755 -164.772  -38.174   88.681   37.738   89.812 -168.760    0.313377   -1.361600   -0.603613   -0.786394   -1.483369   -1.662944   -1.895576   -0.726032   -1.200933   -5.380   -4.438   10.276 S_000003
  12 P   -77.298  173.076   54.374   88.221 -163.521  -39.235  120.786   32.820   98.580   52.275    0.335783   -1.333388   -0.648712   -0.825288   -1.504821   -1.637229   -1.895183   -0.686702   -1.212942  -11.029   -4.042   10.797 S_000003
  13 P   -59.144 -174.570   32.206   69.693   73.402   84.206   97.691   42.122   87.563   32.700    0.274531   -1.421426   -0.463601   -0.768462   -1.572701   -1.572438   -1.858098   -0.733349   -1.211006  -14.818   -4.742    6.587 S_000003
  14 N   -61.365  166.113   49.922   85.669 -129.853 -126.964   91.095   33.189  102.501  152.903    0.330909   -1.352727   -0.624765   -0.824621   -1.541807   -1.616612   -1.882605   -0.685855   -1.223374  -17.135   -7.582    2.203 S_000003
  15 N   -74.710 -118.318   65.183   81.222 -166.331  -63.286   63.042   40.429   94.490  -31.140    0.243580   -1.428661   -0.450089   -0.836553   -1.603108   -1.527625   -1.873492   -0.713340   -1.204513  -20.096   -4.395   -3.295 S_000003
  16 N   169.779  146.478   52.914   85.971 -143.391  -67.368   76.876   36.352   95.752  179.914    0.327884   -1.344516   -0.634266   -0.788723   -1.465456   -1.675699   -1.878278   -0.675997   -1.231976  -21.114    2.284   -2.618 S_000003
  17 P  -170.341  -81.542 -150.130   92.276 -132.799 -135.257   68.032   15.995  132.507   -9.408    0.374351   -1.335865   -0.665900   -0.931982   -1.760628   -1.336401   -1.876128   -0.737169   -1.183181  -25.721   -0.895   -5.950 S_000003
  18 N   -50.409  162.887   46.343   82.808 -146.336  -60.529   75.976   36.881  101.978  -20.866    0.246681   -1.400981   -0.506868   -0.868210   -1.595756   -1.523946   -1.851944   -0.617336   -1.254615  -24.300   -3.042  -11.926 S_000003
  19 P   -71.383  151.973   48.207  147.060 -131.753 -161.855  100.068  -36.188  155.861   33.256    0.337325   -0.228092   -1.466943   -0.778700   -1.188977   -1.879295   -1.928081   -0.757037   -1.174951  -26.376   -5.027  -16.878 S_000003
  20 H   147.704 -144.993 -176.978   82.725    0.000    0.000   70.598   40.253   87.485   80.176    0.305367   -1.382212   -0.555391   -0.760495   -1.497319   -1.648627   -1.867359   -0.707466   -1.224272  -32.137   -8.707  -18.779 S_000003
SCORE:     0.000                  0.000          0          1          6    S_000004
   1 H     0.000  170.252   55.279 -281.227  214.075  -76.337   78.556   40.639   91.660  -22.010    0.300194   -1.400224   -0.508639   -0.761633   -1.539424   -1.600566   -1.843609   -0.691112   -1.232820    3.794    0.984    0.238 S_000004
   2 P   -62.742 -154.557   39.763   82.151 -154.648  -42.892   89.897   35.818   89.158  178.798    0.340637   -1.321230   -0.663462   -0.775115   -1.429680   -1.697692   -1.880872   -0.721629   -1.191923    8.385   -1.485   -3.824 S_000004
   3 P   -77.162  178.192   59.739   81.778 -144.104  -69.148   75.767   39.348   90.515  179.875    0.330643   -1.349848   -0.609554   -0.738572   -1.424318   -1.681725   -1.829153   -0.634435   -1.253823    8.205   -5.892   -7.768 S_000004
   4 P  -108.291  164.599   44.974   86.988 -144.737  -56.411   69.561   35.888   92.205   59.568    0.347224   -1.296577   -0.715797   -0.767295   -1.364781   -1.756438   -1.890257   -0.676902   -1.226958    4.302  -10.125  -10.763 S_000004
   5 P   -82.857  166.868   64.334   83.850 -143.645  -36.747   88.682   40.115   90.565  -26.717    0.313568   -1.353145   -0.619738   -0.747597   -1.414172   -1.707031   -1.855047   -0.648826   -1.252786   -0.513  -10.323   -7.080 S_000004
   6 N   -71.967 -175.546   56.850   77.818 -157.257  -54.628   69.372   33.694  105.997  -14.801    0.305317   -1.440526   -0.394367   -0.841794   -1.769780   -1.339970   -1.834671   -0.784386   -1.176148   -1.113   -5.956   -3.138 S_000004
   7 P   -81.248  -79.124  -92.533   88.944 -152.100  -67.094  117.492   30.846  100.925  -15.253    0.333938   -1.334217   -0.674318   -0.849778   -1.523527   -1.630599   -1.925251   -0.726065   -1.180197   -3.092    0.032   -1.472 S_000004
   8 P    35.453  111.347  165.450  141.963 -131.688  -68.424   86.123  -31.282  148.857   17.196    0.350890   -0.245757   -1.465704   -0.815030   -1.111655   -1.942707   -1.944697   -0.723529   -1.186131   -2.181    5.104   -2.125 S_000004
   9 N   145.053  161.329   54.003   90.772  -59.510 -139.258 -120.934   20.512 -125.979  137.874    0.362658   -1.355110   -0.618534   -0.910104   -1.751066   -1.373365   -1.869659   -0.741540   -1.177403   -1.295    6.755    4.382 S_000004
  10 N    39.912 -124.291   88.959   94.976  -14.388   28.076   18.780   17.017  137.799  -20.686    0.400918   -1.212684   -0.837808   -0.835411   -1.622071   -1.641948   -1.807625   -0.610850   -1.290444   -6.746    9.403    3.629 S_000004
  11 P   -79.338 -144.091   57.390  141.898  -74.866  123.273  128.429  -30.900  147.015  148.359    0.350921   -0.266263   -1.460476   -0.821355   -1.130717   -1.925254   -1.945746   -0.752240   -1.166716   -7.249    9.027    0.591 S_000004
  12 P   -58.738  158.312   62.857   87.020 -124.213  -55.800   94.052   31.028   99.491   18.381    0.362242   -1.295196   -0.707004   -0.802357   -1.473250   -1.681084   -1.889773   -0.712556   -1.203564   -7.857    4.854   -1.555 S_000004
  13 P   157.283  117.575   61.637  102.545 -144.909 -101.288   49.078    1.206  144.959  -45.153    0.414000   -1.177168   -0.894640   -0.932983   -1.740955   -1.362626   -1.913239   -0.770355   -1.135750   -3.112    0.191   -3.168 S_000004
  14 P   -77.852  163.418   61.867   85.573 -105.981  -69.128  104.921   36.928   84.799   60.580    0.323763   -1.346645   -0.622473   -0.774484   -1.485701   -1.675482   -1.889575   -0.757859   -1.189160   -3.063   -4.140   -8.005 S_000004
  15 P  -172.564  127.960  145.240   79.909 -123.423  -74.300   59.084   38.736   99.149    4.314    0.366888   -1.353799   -0.648101   -0.720295   -1.428243   -1.736393   -1.867590   -0.724777   -1.210854   -7.737   -4.491  -13.011 S_000004
  16 N   121.290  148.658   65.067   88.726  146.229  149.679  105.642   31.085  104.331  179.927    0.339418   -1.291361   -0.750780   -0.841483   -1.413902   -1.716458   -1.918920   -0.652103   -1.218829  -13.574   -1.242  -13.873 S_000004
  17 P  -176.533   78.421  173.337   78.302   80.104   83.727  131.431   34.172   92.582   38.681    0.351502   -1.287604   -0.752257   -0.787597   -1.366122   -1.775163   -1.904434   -0.695647   -1.214482  -17.716   -6.781  -13.669 S_000004
  18 P   -10.433  150.103  -25.606   86.920  164.212   -4.374  -80.235   37.271   98.510   66.319    0.302965   -1.350654   -0.638120   -0.797538   -1.455035   -1.685866   -1.866774   -0.624459   -1.271231  -21.610  -10.930  -15.513 S_000004
  19 P   -67.166  171.326   62.451   88.511 -166.657  -59.751   87.642   33.717   96.817   -5.706    0.322196   -1.334095   -0.651020   -0.827952   -1.489885   -1.652933   -1.905475   -0.697438   -1.207290  -26.583  -11.341  -15.565 S_000004
  20 H   -69.877  146.643   75.394   80.760    0.000    0.000   65.058   38.650   89.836  179.921    0.326413   -1.362699   -0.594049   -0.759394   -1.463702   -1.660362   -1.855885   -0.691103   -1.226878  -31.517  -10.026  -13.931 S_000004
SCORE:     0.001                  0.001          0          2          9    S_000005
   1 H     0.000  170.252   55.279   80.646 -130.008  -75.311   54.723   35.634   94.715  179.915    0.355102   -1.331586   -0.643671   -0.760866   -1.462602   -1.676422   -1.859979   -0.681699   -1.231685    3.794    0.984    0.238 S_000005
   2 N   153.892 -141.795  167.120   90.150 -140.999 -172.900  120.377   29.336   99.989 -144.515    0.391187   -1.231714   -0.791754   -0.780320   -1.371883   -1.747462   -1.876007   -0.673329   -1.208973    5.640   -3.722   -3.536 S_000005
   3 P   -77.931  165.152   62.763   83.669 -126.660  -62.473   68.678   37.386   87.824  -29.392    0.328127   -1.334608   -0.660457   -0.771717   -1.416413   -1.716090   -1.887181   -0.718318   -1.207953    8.443   -6.783   -8.445 S_000005
   4 P   128.117 -166.032 -161.321   92.406 -136.225  -61.884   63.110   41.031   87.902  -22.327    0.260237   -1.335023   -0.702115   -0.796889   -1.321722   -1.803111   -1.925782   -0.646661   -1.246176    6.531  -12.196  -10.525 S_000005
   5 P   -62.368 -173.502   48.391   83.026 -140.094  -63.665   77.903   39.448   89.520  -19.445    0.306215   -1.376673   -0.560235   -0.772140   -1.488701   -1.635299   -1.867641   -0.690767   -1.229521    2.989  -17.322   -9.794 S_000005
   6 P  -105.192  102.707  158.794   84.107 -130.593  -66.615   57.015   36.584   92.977  -28.965    0.333259   -1.351399   -0.601612   -0.773149   -1.502167   -1.646109   -1.876780   -0.721471   -1.208335   -2.227  -19.717   -9.954 S_000005
   7 P    66.479 -161.222   38.991  137.093 -145.049   62.571  -78.820  -35.887  172.385 -165.553    0.329103   -0.520451   -1.404153   -0.807200   -1.523105   -1.572516   -1.944749   -0.825828   -1.129437   -7.113  -21.401   -7.746 S_000005
   8 N   -67.493  175.972   50.611   85.419 -145.733  -66.427   93.013   37.683   87.491  -19.233    0.325767   -1.334354   -0.655948   -0.768017   -1.419113   -1.717495   -1.886637   -0.703080   -1.218474   -2.329  -21.538   -7.170 S_000005
   9 P   -76.659  171.540   57.901   91.448 -169.958  -39.838  120.997   30.661  100.515  179.933    0.346775   -1.265247   -0.769800   -0.828698   -1.389877   -1.736163   -1.897067   -0.639770   -1.228523    3.325  -20.303   -4.914 S_000005
  10 P   -56.915  168.860   46.596   79.761 -148.639  -74.956   86.615   38.180   90.373  179.917    0.316291   -1.377895   -0.565224   -0.775194   -1.521984   -1.626456   -1.868462   -0.724064   -1.203137    4.141  -17.455   -0.468 S_000005
  11 P    56.028  158.023  158.311  102.461  -27.401  -97.967  -94.665   -1.028  144.693   -8.136    0.422444   -1.051148   -1.029975   -0.909022   -1.602762   -1.533147   -1.935498   -0.712082   -1.188020    2.218  -17.849    5.199 S_000005
  12 P  -104.244  143.906   58.914   92.671 -139.113 -163.073  109.382   33.641   97.988  172.886    0.342893   -1.296155   -0.710710   -0.801240   -1.411149   -1.720107   -1.885704   -0.639321   -1.241854   -1.735  -20.953    1.780 S_000005
  13 P   173.215 -145.070   63.717  153.655 -149.052 -165.262  144.445  -38.152  153.790  -22.152    0.324100   -0.007402   -1.484541   -0.764111   -0.935316   -2.017312   -1.914311   -0.680225   -1.231184   -0.197  -23.620   -4.800 S_000005
  14 P   115.313 -130.282   71.184   84.716   71.240 -152.409   99.227   27.228  116.329   66.760    0.397901   -1.265206   -0.740120   -0.798713   -1.480562   -1.655753   -1.853776   -0.626196   -1.249999   -3.742  -21.891   -9.953 S_000005
  15 P   -55.825  135.464   54.769   80.364  178.100  101.861  107.646   37.534   95.270   46.772    0.312287   -1.388532   -0.554456   -0.790750   -1.552158   -1.604567   -1.871170   -0.718640   -1.217937   -7.483  -19.306   -6.521 S_000005
  16 N   -40.935  145.393   51.402   82.016 -130.315  -62.014   77.299   35.208   96.449  -22.493    0.331972   -1.354817   -0.613441   -0.796226   -1.515505   -1.634903   -1.873564   -0.704613   -1.215662  -11.854  -19.269   -9.642 S_000005
  17 N   -77.365 -176.338   58.391   74.765 -156.939  -70.647   91.071   44.888   87.462  179.939    0.248745   -1.459120   -0.342094   -0.753561   -1.660177   -1.477038   -1.817617   -0.771719   -1.193889  -17.568  -17.298  -11.744 S_000005
  18 P  -115.592   84.146  168.141   84.273 -145.206  -76.931   59.630   37.254   87.328  179.897    0.336002   -1.320977   -0.673449   -0.766332   -1.394336   -1.731604   -1.888981   -0.705901   -1.209775  -21.624  -13.571  -13.569 S_000005
  19 P   -78.860  179.474   51.116   84.582 -152.893  -75.251   75.238   36.315   95.594  -20.213    0.324821   -1.361044   -0.604471   -0.790419   -1.509225   -1.641943   -1.877721   -0.701338   -1.220975  -27.210  -13.078  -16.835 S_000005
  20 H   -77.212  175.243   67.579   76.710    0.000    0.000   74.701   48.046   85.788  179.881    0.197259   -1.462744   -0.358429   -0.763195   -1.557141   -1.527267   -1.809294   -0.655994   -1.248616  -32.936  -10.393  -16.639 S_000005
SCORE:     0.000                  0.000          0          3          4    S_000006
   1 H     0.000  170.252   55.279   84.361 -143.239  -69.597   65.617   36.933   89.702  179.877    0.335786   -1.349839   -0.622915   -0.772358   -1.467070   -1.671469   -1.886711   -0.721888   -1.199831    3.794    0.984    0.238 S_000006
   2 P   -86.110 -176.763   53.500   80.650 -149.797  -64.933   83.764   40.596   89.768  -19.891    0.301133   -1.395957   -0.520175   -0.760121   -1.529242   -1.612947   -1.853857   -0.710039   -1.223489    8.132   -2.270   -3.396 S_000006
   3 P   -65.833  158.642   63.517   82.044 -139.335  -59.511   69.033   39.302   98.489  -21.913    0.301070   -1.405106   -0.475743   -0.778129   -1.579558   -1.535637   -1.810911   -0.656474   -1.240103    8.366   -7.703   -5.464 S_000006
   4 P   -45.090  141.602   45.288   85.435 -156.140  -69.723   71.853   31.904   99.314  171.456    0.338547   -1.343997   -0.634306   -0.834536   -1.545702   -1.608338   -1.918789   -0.753695   -1.167966    4.990  -11.698   -4.909 S_000006
   5 N   -66.085  173.227   55.840   82.100 -140.688  -68.077   74.820   38.886   92.189 -174.516    0.324506   -1.364427   -0.586293   -0.755625   -1.477179   -1.659867   -1.851878   -0.675986   -1.241338   -0.863  -11.951   -3.302 S_000006
   6 N   -47.967 -161.438   57.574   86.563 -120.888  159.327   90.375   33.518  103.269  -89.499    0.325505   -1.376964   -0.575140   -0.826942   -1.589634   -1.560298   -1.867839   -0.697898   -1.220159   -6.686   -9.926   -4.711 S_000006
   7 P   -54.389  169.426   59.234   80.532 -133.018  -64.979   74.378   36.136   94.253  -22.708    0.344220   -1.355182   -0.604806   -0.765454   -1.501579   -1.634436   -1.852098   -0.700362   -1.226517  -10.422  -12.999   -1.328 S_000006
   8 P  -175.952  175.232   46.162  145.560  -48.344   88.128   94.526  -35.309  158.440  -15.296    0.329954   -0.252066   -1.470414   -0.803968   -1.200041   -1.863478   -1.938131   -0.729140   -1.182188  -13.038  -19.262   -1.355 S_000006
   9 P   -65.517  174.608   46.262   79.891 -139.932  -50.843   76.271   36.573   96.027  -22.688    0.319445   -1.395697   -0.506061   -0.789336   -1.613903   -1.532806   -1.863168   -0.750974   -1.191515  -13.888  -22.871   -0.819 S_000006
  10 P  -161.202 -143.879   37.947   96.174 -155.082  -75.943 -177.569   27.768   98.359  -14.149    0.384274   -1.198755   -0.853405   -0.778684   -1.353216   -1.800899   -1.873400   -0.644208   -1.257996  -16.754  -27.473   -4.522 S_000006
  11 N   -64.147 -127.594  178.486   87.397 -130.896  -71.864   52.480   38.296   88.366  -48.044    0.327116   -1.338531   -0.633587   -0.755503   -1.430826   -1.702752   -1.875984   -0.709857   -1.218570  -21.792  -23.530   -6.392 S_000006
  12 P   -43.113  151.472 -172.177   71.221 -126.848  -65.373   77.920   46.649   85.199 -146.975    0.299252   -1.424435   -0.433567   -0.664305   -1.521145   -1.603510   -1.785015   -0.702893   -1.256471  -26.670  -24.396   -9.246 S_000006
  13 N   155.698 -147.514  169.931   83.393 -124.401  -88.271   60.605   36.805   93.611  -23.064    0.324225   -1.355591   -0.614213   -0.787839   -1.484943   -1.661573   -1.879896   -0.700877   -1.213843  -30.733  -19.689   -9.095 S_000006
  14 P   157.212  158.215   51.402   82.720 -125.847  -67.709   58.657   35.210   95.720  -24.222    0.329316   -1.367392   -0.592213   -0.797191   -1.547388   -1.610664   -1.889382   -0.740600   -1.190351  -35.694  -16.235   -5.401 S_000006
  15 P   -56.094  145.738   42.615   91.816 -134.664  -66.171  140.190   33.676   93.379  -35.033    0.331811   -1.324853   -0.671884   -0.819825   -1.472350   -1.682220   -1.932169   -0.766744   -1.164617  -39.940  -19.067   -7.889 S_000006
  16 N  -178.798  172.482   65.110  149.236 -131.806  -77.213  145.125  -34.549  154.186 -125.493    0.339735   -0.120143   -1.474577   -0.785347   -1.003823   -1.963039   -1.923392   -0.655800   -1.227903  -38.180  -22.035  -13.762 S_000006
  17 N   -97.882 -146.927   54.031  112.093   98.474 -107.054  176.448  -19.867  131.423   55.916    0.451797   -0.162717   -1.450996   -0.796636   -0.749221   -2.117024   -1.899862   -0.656788   -1.232684  -33.013  -17.428  -14.805 S_000006
  18 P   -67.217 -170.110   68.095  105.234 -141.959  -57.629   72.695   17.368  103.810   -1.636    0.404580   -1.042199   -1.030663   -0.831996   -1.275900   -1.875073   -1.918837   -0.661383   -1.226410  -29.537  -14.418  -17.740 S_000006
  19 N   -63.737  163.384  174.897  144.581  -70.665  -63.785   79.501  -27.717  139.693 -134.638    0.347597   -0.212654   -1.472113   -0.845003   -0.990925   -2.034005   -1.945969   -0.705349   -1.197487  -27.212   -9.159  -16.787 S_000006
  20 H    41.172 -179.721  -60.181   96.186    0.000    0.000   93.387   33.177   88.498  -26.081    0.361302   -1.162716   -0.914437   -0.790493   -1.120217   -1.928868   -1.921322   -0.602900   -1.253799  -29.933   -7.783  -20.921 S_000006
SCORE:     0.000                  0.000          0          2          1    S_000007
   1 H     0.000  170.252   55.279   78.987 -156.831  -60.565   73.068   34.968  100.017 -161.078    0.321850   -1.406567   -0.482854   -0.807748   -1.668505   -1.478451   -1.862487   -0.768674   -1.179961    3.794    0.984    0.238 S_000007
   2 P  -118.291   70.983  153.577  140.545 -140.730  -91.280   91.877  -34.876  157.492 -163.076    0.335873   -0.304070   -1.457801   -0.797149   -1.257287   -1.833013   -1.942989   -0.772473   -1.162934    8.190    0.020   -3.386 S_000007
   3 P  -160.149 -153.568   29.362  108.799 -122.870 -100.386   88.972   10.800  107.533  168.756    0.410702   -0.965509   -1.113526   -0.863416   -1.275987   -1.890797   -1.954344   -0.726242   -1.183148   15.156    0.793   -4.311 S_000007
   4 P   -66.597  167.220   58.294   84.980 -132.549  -52.633   77.787   36.301   92.688  -21.748    0.322938   -1.344909   -0.642760   -0.790177   -1.463802   -1.680999   -1.885809   -0.696711   -1.213412   16.182   -5.190   -1.731 S_000007
   5 P   -39.559  146.867   41.040   65.978 -156.232  -68.198   89.937   47.510   80.753  173.032    0.190402   -1.498049   -0.239334   -0.778115   -1.742527   -1.399205   -1.833884   -0.769968   -1.144866   12.188   -8.017    0.072 S_000007
   6 N   -66.760 -177.247   50.787   84.555 -151.138  -65.751   96.827   33.792   93.801  179.930    0.364329   -1.298432   -0.710348   -0.770296   -1.417551   -1.723714   -1.876311   -0.697963   -1.222169    6.003   -8.536    0.007 S_000007
   7 P  -154.644  122.853  171.742  117.420  -79.883  -65.237  114.174  -14.150  149.206 -161.220    0.419227   -0.900394   -1.151075   -0.887935   -1.627369   -1.486013   -1.912140   -0.721343   -1.187003    0.353   -8.825   -3.560 S_000007
   8 P   178.904  157.394   46.796   85.017 -138.768  -73.436   88.158   35.491   90.597  -17.731    0.341583   -1.310792   -0.705761   -0.781510   -1.394500   -1.739428   -1.898313   -0.694766   -1.210539   -2.271  -12.962   -7.687 S_000007
   9 N   104.961 -166.413   53.787   81.393  175.155   32.066  124.946   36.929   94.596  -66.273    0.319536   -1.372450   -0.583465   -0.792706   -1.520052   -1.627583   -1.880969   -0.713488   -1.211778   -1.444   -8.316  -11.543 S_000007
  10 P   -65.010  170.498   50.789   79.618 -145.427  -56.476   70.320   39.130   95.120  -18.026    0.306883   -1.407999   -0.488660   -0.775322   -1.592088   -1.556326   -1.846387   -0.723265   -1.220519   -2.924  -12.482  -14.124 S_000007
  11 P  -127.043 -159.572   50.066  112.814   67.182  -69.204  135.925  -20.299  135.589   59.298    0.459995   -0.220480   -1.440404   -0.781599   -0.844408   -2.084263   -1.897066   -0.696444   -1.218949   -6.560  -18.147  -14.487 S_000007
  12 N   -89.825  103.503  171.044  146.283  -79.896   80.465  129.764  -34.836  157.734   18.634    0.332503   -0.237949   -1.472287   -0.800980   -1.170326   -1.886289   -1.941348   -0.718532   -1.194550   -8.947  -19.741  -16.539 S_000007
  13 N    84.662 -157.764  176.620  143.000 -147.541   61.718 -123.237  -32.470  -92.324  -24.291    0.335686   -0.301179   -1.461066   -0.838212   -1.207397   -1.854367   -1.967380   -0.712030   -1.184800   -9.849  -15.728  -15.346 S_000007
  14 N   -66.050 -102.455  -70.638   81.325 -142.725  -62.356   72.764   37.831   88.125 -158.796    0.322910   -1.345667   -0.639948   -0.774928   -1.434646   -1.702622   -1.887391   -0.701068   -1.212981  -11.044  -10.724  -16.646 S_000007
  15 N   -66.444  163.612   54.826   83.429 -139.833  -78.991   75.625   42.439   91.174  -25.595    0.302207   -1.373079   -0.586265   -0.725999   -1.428450   -1.708858   -1.840276   -0.676964   -1.250252  -14.734   -6.079  -16.736 S_000007
  16 N  -107.507  -97.692  150.550  132.994  -78.491  149.706  111.973  -29.202  163.078 -109.175    0.395356   -0.491001   -1.387463   -0.800697   -1.378734   -1.702824   -1.922681   -0.722138   -1.183556  -21.226   -4.328  -14.533 S_000007
  17 P   -69.877 -179.728   47.293   84.119 -143.400  -65.395   92.701   38.861   91.060 -134.076    0.302055   -1.372441   -0.593431   -0.781405   -1.480655   -1.663639   -1.871560   -0.693702   -1.221430  -26.733   -5.736  -14.995 S_000007
  18 N   -72.757  155.334   52.093   88.983    0.000    0.000  137.927   35.455   95.288   91.333    0.331703   -1.327993   -0.672950   -0.787854   -1.445167   -1.703743   -1.885731   -0.686648   -1.220762  -32.038   -4.916  -17.446 S_000007
  19 P   135.269 -105.558 -170.226   95.545  -70.244  165.145   60.793   13.066  137.220  -89.238    0.387773   -1.288182   -0.737904   -0.930805   -1.735824   -1.383477   -1.889188   -0.721886   -1.190762  -33.901   -7.269  -17.045 S_000007
  20 H   -56.545  173.167   56.395   87.873    0.000    0.000   62.131   33.786   95.184  -16.064    0.340411   -1.319063   -0.672006   -0.802420   -1.467022   -1.683170   -1.894135   -0.698588   -1.208858  -29.249  -10.286  -14.607 S_000007
SCORE:     0.000                  0.000          0          4          5    S_000008
   1 H     0.000  170.252   55.279   82.071 -149.612  -70.153   80.847   39.467   91.056  129.645    0.308502   -1.378902   -0.561357   -0.767104   -1.500885   -1.641124   -1.863604   -0.701591   -1.223977    3.794    0.984    0.238 S_000008
   2 P  -110.989  159.901   47.291   82.032 -145.276   -6.335  108.191   38.645   89.625  -17.600    0.320850   -1.356042   -0.610058   -0.763817   -1.456556   -1.683261   -1.867719   -0.686783   -1.231010    8.508   -1.728   -3.205 S_000008
   3 P   -52.403  175.492   41.879   84.275 -142.067  -83.499   77.920   37.862   84.849   -0.080    0.305611   -1.355595   -0.646429   -0.794902   -1.443157   -1.709123   -1.914905   -0.747313   -1.192802    6.480   -4.955    0.096 S_000008
   4 P  -119.208   84.530  161.618   87.762 -122.469  -33.090   50.040   37.346   88.669  -27.501    0.315087   -1.331671   -0.640743   -0.792923   -1.415851   -1.692835   -1.899896   -0.682109   -1.206945    3.554   -9.429    3.043 S_000008
   5 P   -63.770  162.820   59.792   86.728 -170.378  -57.595   78.677   33.679   98.019  -20.650    0.338943   -1.325992   -0.676086   -0.806270   -1.468737   -1.681064   -1.890348   -0.684987   -1.220719   -0.396  -11.404    6.069 S_000008
   6 P   -63.612  134.031   57.901   78.357 -133.528  -58.145   70.420   39.021   96.144  -25.790    0.297522   -1.426410   -0.448272   -0.788243   -1.638703   -1.505726   -1.838937   -0.728521   -1.213733   -5.284  -10.869    5.747 S_000008
   7 P   -65.474  174.784   33.847  107.003 -136.710  -75.406   57.645   20.309   98.268   -0.970    0.386196   -1.036464   -1.047494   -0.837400   -1.196537   -1.930831   -1.927721   -0.669324   -1.211898   -7.907  -10.403    0.275 S_000008
   8 N   -32.706 -152.451   53.365  144.157 -111.085   67.080  118.887  -32.703  151.982   29.157    0.333750   -0.256468   -1.465327   -0.823039   -1.153997   -1.908016   -1.949605   -0.711047   -1.196139   -7.243  -14.551   -4.457 S_000008
   9 N   -66.230 -177.262   54.481   85.269 -145.306  -74.235   88.128   40.234   94.885  -19.794    0.325443   -1.343681   -0.621774   -0.745077   -1.372392   -1.706154   -1.857903   -0.603035   -1.265568   -8.031  -10.968   -6.421 S_000008
  10 P   -74.579  168.239   58.824   81.276 -140.991  -33.668   78.207   35.923   96.646  179.924    0.317005   -1.403343   -0.498441   -0.802637   -1.636773   -1.512878   -1.863091   -0.752567   -1.194526   -8.957   -5.921   -9.985 S_000008
  11 N   -98.847 -133.090  109.386   63.101 -132.707  -90.758   83.255   52.277   83.563  179.906    0.239942   -1.489098   -0.287154   -0.656555   -1.564888   -1.531373   -1.790933   -0.742706   -1.235096   -9.811   -6.548  -16.464 S_000008
  12 P   -82.336  150.848   45.802  107.311 -127.412  -84.729  155.513  -10.906  159.761   64.905    0.426163   -1.010680   -1.071968   -0.904256   -1.691733   -1.381335   -1.948921   -0.788990   -1.135851  -11.697   -4.209  -22.057 S_000008
  13 N   -40.857  175.808   40.153   82.998 -167.988  -62.395   92.395   36.129   96.113  -73.645    0.367150   -1.336970   -0.623706   -0.738418   -1.432173   -1.632032   -1.889665   -0.681448   -1.237451  -17.373   -6.001  -24.161 S_000008
  14 P    47.466 -150.014   49.506   95.870   27.601 -179.113  107.313    9.900  127.399  -33.647    0.451035   -1.092954   -0.957970   -0.844365   -1.498188   -1.652764   -1.880210   -0.659496   -1.222021  -22.184   -6.915  -22.840 S_000008
  15 N   -89.322 -174.867   54.884   78.174 -158.663   50.175   82.359   41.489   89.000   93.740    0.295241   -1.418246   -0.468273   -0.753308   -1.581243   -1.570498   -1.845969   -0.737083   -1.215479  -18.945  -12.743  -23.920 S_000008
  16 N   -82.599  175.145   74.919   81.909 -154.495  -44.222   68.571   37.987   90.284   72.246    0.319192   -1.387072   -0.561855   -0.771656   -1.540760   -1.617683   -1.870380   -0.745456   -1.201598  -16.980   -9.503  -20.375 S_000008
  17 N   161.719  156.564   59.271   79.936 -119.495  -96.407   65.978   39.870   94.297  -21.941    0.312635   -1.377690   -0.566922   -0.754853   -1.481420   -1.647256   -1.829923   -0.635013   -1.265039  -16.396   -7.220  -14.214 S_000008
  18 P  -165.123  123.315  171.991   87.033 -153.571  -59.887   73.452   35.136   95.198   -8.374    0.331756   -1.337775   -0.632899   -0.796073   -1.488319   -1.658809   -1.881383   -0.691431   -1.212719  -23.215   -9.147  -14.103 S_000008
  19 N     0.000 -178.211  -65.423   95.300 -141.320  -60.705   64.220   31.637   93.651  -17.111    0.365944   -1.218169   -0.841088   -0.783432   -1.287028   -1.835738   -1.906754   -0.693646   -1.210821  -28.664  -10.027  -13.772 S_000008
  20 H   -93.983   82.199  165.113  100.251    0.000    0.000   75.951    8.707  126.594 -135.308    0.415308   -1.097873   -0.978481   -0.892714   -1.522449   -1.657989   -1.948792   -0.735702   -1.165265  -32.962   -8.921  -16.650 S_000008
SCORE:     0.000                  0.000          0          2         13    S_000009
   1 H     0.000  170.252   55.279   87.003 -111.722  -95.439   58.191   37.240   91.566   16.519    0.342591   -1.309292   -0.705184   -0.759540   -1.350688   -1.758625   -1.875240   -0.648297   -1.235582    3.794    0.984    0.238 S_000009
   2 P   -72.374  170.763   48.864   79.317 -158.175  -79.379   85.592   42.201   85.903  -96.723    0.300166   -1.381840   -0.547795   -0.736684   -1.463159   -1.665509   -1.840380   -0.677688   -1.247264    7.267   -1.774   -4.750 S_000009
   3 P   -57.020  159.483   55.990   84.446 -152.658  -73.231   81.318   38.830   90.001  179.943    0.310767   -1.363955   -0.599639   -0.773820   -1.467397   -1.673189   -1.889021   -0.724030   -1.203015    7.731   -6.180   -8.563 S_000009
   4 P   -61.450 -179.409   52.626   85.206 -146.936  -68.323   79.870   37.763   92.755 -175.892    0.317976   -1.349689   -0.623009   -0.781560   -1.452426   -1.683762   -1.886070   -0.689468   -1.221478    6.437  -12.017  -10.288 S_000009
   5 N   164.114 -143.850   48.568  121.062    5.595  170.457   90.622  -18.307  133.516  126.945    0.445744   -0.234249   -1.436375   -0.807219   -0.810477   -2.072995   -1.923504   -0.649086   -1.229001    0.687  -14.404  -11.771 S_000009
   6 P   -64.616  168.507   50.067   82.884 -137.829  -46.133   72.126   40.226   89.995  179.906    0.278693   -1.400482   -0.521252   -0.795252   -1.536814   -1.608744   -1.886164   -0.722980   -1.204985   -3.813  -10.897   -8.644 S_000009
   7 P   -73.451  176.311   59.570   76.404 -161.974  -67.332   78.037   40.310   97.587  179.915    0.275510   -1.460723   -0.337049   -0.797069   -1.726086   -1.394872   -1.824348   -0.759369   -1.196484   -7.776   -7.857  -11.922 S_000009
   8 P   -63.611  170.084   56.145   76.975 -179.268  -81.011   98.837   42.082   87.254 -150.074    0.293244   -1.407913   -0.501182   -0.746606   -1.520998   -1.607649   -1.843831   -0.728113   -1.206557   -9.329   -5.518  -17.107 S_000009
   9 P  -126.243  102.231  163.764  130.600   87.097 -116.593   87.657  -24.892  132.856   79.386    0.354507   -0.098914   -1.485514   -0.866746   -0.766328   -2.118290   -1.937656   -0.673549   -1.211890  -11.135   -3.035  -22.206 S_000009
  10 P   -63.593  177.200   50.034   83.674 -137.179  -54.846   73.175   38.839   91.675  -17.251    0.305456   -1.377317   -0.566301   -0.780102   -1.506827   -1.637502   -1.878680   -0.715334   -1.213034  -15.665   -1.230  -19.792 S_000009
  11 P   -72.142 -176.609   55.725   82.005 -150.765  -28.426   77.641   37.081   89.625  -20.119    0.342693   -1.343238   -0.627455   -0.759038   -1.454743   -1.677395   -1.869470   -0.717364   -1.212372  -15.017    2.114  -14.594 S_000009
  12 P   -64.378  160.209   60.878   84.839 -154.270  -50.881   86.301   39.653   89.896  -15.336    0.297185   -1.372921   -0.576183   -0.779698   -1.478623   -1.660768   -1.876553   -0.697494   -1.226898  -10.721    5.092  -14.259 S_000009
  13 N   176.811  134.427   51.852   87.890 -141.214  -77.595   67.979   32.904   98.366  -20.653    0.350592   -1.307538   -0.702784   -0.801758   -1.444066   -1.700000   -1.898620   -0.685586   -1.221112   -6.734    9.024  -18.052 S_000009
  14 P   -75.716 -172.979   52.954   85.243 -152.512  -46.281  100.386   40.235   89.905  120.050    0.304979   -1.378811   -0.560044   -0.760940   -1.476528   -1.644786   -1.859507   -0.675690   -1.229058   -5.183    4.402  -22.491 S_000009
  15 P   166.208  171.107  168.100   89.568 -104.393  -86.392   45.697   33.438   93.162 -161.712    0.357128   -1.259897   -0.761589   -0.792863   -1.337984   -1.778989   -1.911502   -0.684963   -1.213865   -7.872   -1.514  -21.928 S_000009
  16 P   -68.753  161.655   53.265   82.236 -106.886  -65.805  109.159   38.418   93.887 -152.221    0.301524   -1.386713   -0.550720   -0.792067   -1.534790   -1.613867   -1.867701   -0.703793   -1.222732  -12.368   -5.638  -19.950 S_000009
  17 N    61.957  135.444   49.063   88.123 -134.602  -63.935  103.939   34.318   95.086  -16.148    0.342577   -1.286383   -0.733014   -0.787263   -1.373978   -1.750447   -1.873859   -0.642969   -1.239093  -16.317   -1.830  -21.380 S_000009
  18 N   -59.816 -174.061   46.082   87.339 -165.219  -59.963  114.665   34.902   91.901  157.217    0.342573   -1.265403   -0.776900   -0.788314   -1.306802   -1.810456   -1.902482   -0.661360   -1.232565  -22.437   -0.456  -21.660 S_000009
  19 N  -106.427 -178.923   76.429   85.070 -165.341  -37.239   97.610   29.368  100.667  -22.953    0.349902   -1.332200   -0.652504   -0.837793   -1.579796   -1.589377   -1.910902   -0.775382   -1.162551  -28.357   -2.813  -21.371 S_000009
  20 H   -76.049  176.391   64.263   74.172    0.000    0.000   70.971   38.687  101.173  -16.290    0.269867   -1.475780   -0.285526   -0.823514   -1.804258   -1.301119   -1.805795   -0.783844   -1.187690  -29.787   -8.346  -21.478 S_000009
SCORE:     0.001                  0.001          0          2          4    S_000010
   1 H     0.000  170.252   55.279   89.471 -155.498  -57.382   64.807   32.702   97.610  -19.981    0.334647   -1.318959   -0.669145   -0.820931   -1.487970   -1.661607   -1.907325   -0.722152   -1.191082    3.794    0.984    0.238 S_000010
   2 N   -40.935  145.393   51.402   82.016 -130.315  -62.014   77.299   35.208   96.449  -22.493    0.331972   -1.354817   -0.613441   -0.796226   -1.515505   -1.634903   -1.873564   -0.704613   -1.215662    7.518   -2.326   -1.006 S_000010
   3 P    66.646  157.153   35.698  124.239   -8.546 -135.078  127.982  -13.199  138.660    3.638    0.450539   -0.563762   -1.333537   -0.825943   -1.170102   -1.898312   -1.935705   -0.626120   -1.226024    6.429   -7.165   -4.211 S_000010
   4 P   -70.030  174.690   59.523   85.018 -128.212  -59.507   52.284   34.127   98.076  -23.758    0.341965   -1.329833   -0.646392   -0.797141   -1.485131   -1.656921   -1.881126   -0.694766   -1.215024    5.691  -11.933    0.092 S_000010
   5 N    53.030 -134.837   52.273  132.860   59.850  -73.988  115.094  -26.885  145.320 -107.084    0.368376   -0.364542   -1.443678   -0.828003   -1.177622   -1.926701   -1.944114   -0.719225   -1.192613    3.284   -9.800    3.959 S_000010
   6 P   153.271 -163.076  168.397   84.504 -136.966  -44.262   82.583   39.320   88.354 -115.452    0.304909   -1.349316   -0.638779   -0.772603   -1.411772   -1.719121   -1.885988   -0.682321   -1.232217    4.303   -6.217    5.668 S_000010
   7 P  -106.362   66.395  169.689   87.884 -117.965  -87.727   57.786   36.344   89.807  179.934    0.333910   -1.300724   -0.722608   -0.778498   -1.355734   -1.769247   -1.910465   -0.718551   -1.202041    2.447   -1.204    6.784 S_000010
   8 N   161.904 -148.688   56.139   86.720 -158.652  -77.133   61.719   31.564  102.535  -15.572    0.342092   -1.339287   -0.645704   -0.827232   -1.540558   -1.611813   -1.890392   -0.710624   -1.201767   -0.827    4.556    6.490 S_000010
   9 P  -163.415 -164.775  171.520   87.292 -173.272  -90.210   95.538   33.873  101.998   69.427    0.333059   -1.348368   -0.630589   -0.813263   -1.521104   -1.634527   -1.885456   -0.693273   -1.220867   -4.911    0.785    2.487 S_000010
  10 P   -54.951  152.598   72.362   78.394 -160.428  -67.343   69.340   36.442   98.916  -20.703    0.327572   -1.412694   -0.472689   -0.783130   -1.660104   -1.493520   -1.849287   -0.765524   -1.190572   -8.177    0.666   -2.068 S_000010
  11 N    55.573 -123.733  105.437   85.412   40.806  173.430 -104.287   21.035  122.044   55.816    0.400538   -1.294953   -0.705048   -0.850022   -1.652471   -1.508254   -1.872274   -0.729079   -1.200879   -8.190   -0.178   -6.686 S_000010
  12 N  -119.159 -128.524   59.713   84.192 -163.416  -74.583   76.732   37.638   91.643  -15.524    0.327677   -1.341485   -0.642548   -0.769994   -1.432892   -1.702299   -1.874881   -0.677260   -1.234426   -1.805   -2.249   -7.029 S_000010
  13 N   -79.596  166.291   62.407   89.325 -124.717  -73.197   81.176   39.365   92.669   58.984    0.424034   -1.207530   -0.784968   -0.622412   -1.169130   -1.901559   -1.822491   -0.588958   -1.287638   -0.544   -6.766  -10.897 S_000010
  14 P   -51.956  139.985   48.815   87.407 -119.095  -87.084   86.615   32.241   99.215  170.624    0.347583   -1.286689   -0.736742   -0.820120   -1.400967   -1.726492   -1.903654   -0.647053   -1.228600   -2.981  -11.791  -11.601 S_000010
  15 P   -67.941 -172.914   50.553   82.652 -153.159  -63.568   69.014   39.005  103.042  167.399    0.298855   -1.408497   -0.448833   -0.766412   -1.626911   -1.494552   -1.825729   -0.730829   -1.213892   -9.413  -13.748  -11.498 S_000010
  16 N   -69.571 -167.545   55.979   89.916 -152.705  -65.332   68.879   35.074   94.230    2.697    0.338807   -1.310241   -0.680925   -0.786822   -1.427051   -1.712290   -1.893321   -0.688016   -1.220793  -14.875  -12.361  -14.397 S_000010
  17 P   -55.002 -122.462   77.729   98.964   67.451  134.511  140.163  -20.484  145.397   64.960    0.441436   -0.559352   -1.351141   -0.802300   -1.318087   -1.817548   -1.926555   -0.722009   -1.195924  -18.332  -10.405  -19.477 S_000010
  18 N   -61.915  168.240   54.130   82.502 -142.826  -60.657   80.037   40.374   91.762  -29.904    0.294829   -1.393736   -0.522522   -0.768797   -1.531221   -1.611708   -1.852840   -0.698993   -1.229115  -24.167  -12.630  -21.676 S_000010
  19 P    70.569  164.988  -77.385   90.644 -140.040  -42.648  112.389   34.120   95.052  179.898    0.336313   -1.299230   -0.730393   -0.803530   -1.394594   -1.747772   -1.906757   -0.673572   -1.228310  -29.069   -9.550  -20.467 S_000010
  20 H   -58.584  174.816   50.449   78.817    0.000    0.000   83.639   36.140   96.267   31.451    0.318758   -1.397180   -0.515401   -0.802940   -1.604919   -1.535038   -1.868810   -0.745770   -1.193207  -30.420   -4.165  -19.081 S_000010
