SEQUENCE: gaaaag
SCORE:     score    rna_stub_coord_hack       N_WC      N_NWC       N_BS description
REMARK RNA 
SCORE:     0.098                  0.098          0          0          2    S_000001
   1 H     0.000  170.252   55.279   79.043  176.287   99.226   93.184   39.477   89.275  179.894    0.296875   -1.366390   -0.611195   -0.783914   -1.444521   -1.692752   -1.881119   -0.698023   -1.218675    3.794    0.984    0.238 S_000001
   2 N  -129.028 -163.582   48.553  135.468 -141.911 -174.848  157.057  -27.178  160.516  155.765    0.423310   -0.241784   -1.447837   -0.777242   -1.015377   -1.948135   -1.915235   -0.727216   -1.192394    3.520   -2.333   -5.642 S_000001
   3 P    83.617  160.551  176.606   83.500 -159.341  -57.713   74.222   37.339   97.146  -10.021    0.332289   -1.373751   -0.560492   -0.765511   -1.542821   -1.611805   -1.854567   -0.709532   -1.227594    3.609   -2.947  -12.656 S_000001
   4 P   -63.250  175.683   65.794  149.949 -131.110 -149.590  116.670  -46.360  165.701  151.659    0.291047   -0.023190   -1.497427   -0.685692   -1.116595   -1.889345   -1.874813   -0.741826   -1.205416    0.953   -3.487  -17.883 S_000001
   5 P   -57.734  166.673   49.208   81.592 -124.549  -91.354   91.371   38.539   88.954  168.442    0.295617   -1.369706   -0.596603   -0.794913   -1.488102   -1.668088   -1.880944   -0.723907   -1.204451   -2.629   -6.468  -22.491 S_000001
   6 H   -56.041  163.019   50.700   80.477    0.000    0.000   76.950   41.105   88.435  -19.753    0.294373   -1.401719   -0.502191   -0.761762   -1.537876   -1.600890   -1.857477   -0.718046   -1.216612   -6.095   -5.880  -27.781 S_000001
SCORE:     0.100                  0.100          0          0          2    S_000002
   1 H     0.000  170.252   55.279  146.889  -74.226 -100.755  -31.440  -38.092  162.361   31.491    0.335801   -0.215227   -1.473983   -0.756409   -1.205346   -1.854437   -1.920006   -0.744546   -1.190507    3.794    0.984    0.238 S_000002
   2 N    62.259  172.460  -73.010   94.551  145.739  -98.171  166.684   11.305  132.078  168.513    0.396853   -1.116021   -0.988570   -0.930688   -1.455412   -1.680771   -1.953761   -0.639443   -1.202163    6.101   -0.232   -5.405 S_000002
   3 N  -162.335 -115.976  123.191   89.015  175.258 -173.476   79.260   17.306  130.746  -80.581    0.379421   -1.301197   -0.739786   -0.920270   -1.669913   -1.460581   -1.919630   -0.732482   -1.173204    9.645    0.297  -10.670 S_000002
   4 P   -61.450 -179.409   52.626   85.206 -146.936  -68.323   79.870   37.763   92.755 -175.892    0.317976   -1.349689   -0.623009   -0.781560   -1.452426   -1.683762   -1.886070   -0.689468   -1.221478   14.628    2.224  -14.474 S_000002
   5 P  -133.435  121.623  159.513   84.107 -132.282  -83.506   67.169   34.547   94.201  -27.447    0.328492   -1.348144   -0.633645   -0.807308   -1.509568   -1.647897   -1.897709   -0.723428   -1.200444   17.287    4.634  -19.804 S_000002
   6 H   -73.635  168.079   56.918   82.755    0.000    0.000   72.174   34.539   97.300  179.925    0.336350   -1.363973   -0.592676   -0.797870   -1.556357   -1.602311   -1.880029   -0.730381   -1.201713   21.324    6.927  -24.277 S_000002
SCORE:     0.045                  0.045          0          0          2    S_000003
   1 H     0.000  170.252   55.279  126.197  -82.162 -126.336   98.561   -8.107  145.424    6.077    0.428687   -0.746793   -1.268943   -0.886364   -1.307558   -1.808363   -1.960191   -0.621031   -1.232324    3.794    0.984    0.238 S_000003
   2 P   165.278  167.371  175.594   83.822 -158.281  -75.127   89.459   36.330   91.172 -137.030    0.339110   -1.327173   -0.662258   -0.772025   -1.433257   -1.708364   -1.881501   -0.696938   -1.221572    7.510    0.679   -5.872 S_000003
   3 N   -75.322 -177.580   55.641   85.646 -112.597 -150.291   84.633   36.550   96.141  -91.181    0.327449   -1.356735   -0.608661   -0.783699   -1.495332   -1.649029   -1.866965   -0.680107   -1.234837   10.358    1.490  -11.493 S_000003
   4 P   101.545 -166.544 -165.818  126.065 -162.988  -99.544   98.876  -15.674  141.015 -159.461    0.397392   -0.610821   -1.338979   -0.860837   -1.287097   -1.866209   -1.963161   -0.695831   -1.206560    9.902    4.482  -17.772 S_000003
   5 P   -57.485  160.139   75.855  150.070 -129.358 -140.723  124.656  -40.385  156.749  145.069    0.321419   -0.067867   -1.491898   -0.742948   -1.064012   -1.946365   -1.896169   -0.757348   -1.185391   11.235    5.420  -23.575 S_000003
   6 H   -89.254 -165.746   50.214   84.472    0.000    0.000   74.053   39.968   91.050  -16.992    0.271200   -1.412561   -0.491351   -0.805109   -1.572554   -1.566682   -1.893111   -0.758037   -1.179326   14.099    4.557  -29.989 S_000003
SCORE:     0.102                  0.102          0          0          0    S_000004
   1 H     0.000  170.252   55.279  144.198  -81.559 -121.105   96.737  -31.926  150.494   30.843    0.341865   -0.296718   -1.453843   -0.818383   -1.188817   -1.883073   -1.945239   -0.761801   -1.158860    3.794    0.984    0.238 S_000004
   2 P   -71.957  167.568   60.976   91.346 -129.673  -57.278   81.883   32.329   98.545  -15.051    0.343558   -1.299604   -0.714170   -0.816661   -1.435556   -1.702074   -1.902970   -0.668904   -1.222775    8.927   -0.549   -3.929 S_000004
   3 P  -168.839  121.189 -176.246   84.421 -162.310  -96.356  108.244   34.304  106.356  -23.636    0.327894   -1.391748   -0.518664   -0.809234   -1.631897   -1.506085   -1.823324   -0.679514   -1.237292    9.769    2.256  -10.065 S_000004
   4 N   138.422  119.523   56.676   84.853   53.786  138.605   49.003    8.551  136.662   65.599    0.436521   -1.202607   -0.821644   -0.877003   -1.690398   -1.422836   -1.825804   -0.688787   -1.208249   12.452    6.216  -15.377 S_000004
   5 P  -154.050  145.148  124.520   89.904 -156.931 -129.437   98.571   22.752  116.377   53.243    0.366115   -1.304268   -0.738772   -0.890164   -1.596323   -1.568220   -1.925176   -0.727709   -1.180955   16.016    5.136  -20.900 S_000004
   6 H   170.333 -176.543  162.063   76.216    0.000    0.000   61.006   42.605   89.591 -157.495    0.257919   -1.427318   -0.449318   -0.781696   -1.572115   -1.559970   -1.863904   -0.736853   -1.208021   18.922    6.052  -27.446 S_000004
SCORE:     0.087                  0.087          0          0          0    S_000005
   1 H     0.000  170.252   55.279  138.141  -82.365  -68.507  -50.541  -34.757  163.338 -144.166    0.323116   -0.535647   -1.394905   -0.822061   -1.528599   -1.592874   -1.955535   -0.868258   -1.082059    3.794    0.984    0.238 S_000005
   2 N   -52.881  167.657   60.124   87.108 -119.592 -122.528   72.019   36.541   93.597  -30.597    0.326528   -1.345812   -0.631997   -0.785987   -1.466151   -1.675144   -1.880310   -0.686177   -1.226165    5.250   -1.281   -5.002 S_000005
   3 N   -60.793  171.558   61.962   89.409 -158.232  -99.016   75.344   33.310   97.241 -167.829    0.337877   -1.332470   -0.657891   -0.811917   -1.496742   -1.656441   -1.904852   -0.725438   -1.193617    7.070   -0.817  -11.473 S_000005
   4 N   170.628 -165.875 -168.095   88.100 -146.025  -69.701   74.281   42.570   86.157  -18.932    0.269820   -1.368058   -0.613320   -0.764958   -1.393175   -1.735747   -1.891381   -0.711959   -1.210295    9.716    2.521  -16.944 S_000005
   5 P  -150.263  137.150  162.005   85.519 -143.757  -61.655   64.628   39.702   84.506   99.951    0.295141   -1.332554   -0.685537   -0.782837   -1.333764   -1.762805   -1.900101   -0.686617   -1.207950   12.501    5.134  -22.494 S_000005
   6 H   -57.156  166.210   55.014   78.217    0.000    0.000   68.297   41.725   91.276  179.878    0.281804   -1.425669   -0.450798   -0.768283   -1.595464   -1.555342   -1.850681   -0.736811   -1.210035   13.565    8.077  -27.454 S_000005
SCORE:     0.088                  0.088          0          0          0    S_000006
   1 H     0.000  170.252   55.279   87.449  -91.391  -71.134   65.716   32.785   98.127  -24.944    0.342907   -1.310268   -0.706633   -0.810501   -1.454620   -1.705743   -1.904177   -0.688828   -1.217573    3.794    0.984    0.238 S_000006
   2 P  -178.202  137.711  175.039   87.326 -100.817 -124.463   72.525   37.168   89.000 -168.297    0.333828   -1.301826   -0.705042   -0.771433   -1.348062   -1.762967   -1.894852   -0.676530   -1.222789    4.048   -2.052   -5.786 S_000006
   3 P   -61.825  177.435   45.955   80.707  173.723  -86.409   86.252   37.610   95.498   89.948    0.299124   -1.422839   -0.416341   -0.803765   -1.680273   -1.444527   -1.850835   -0.775121   -1.172278    2.576   -1.394  -12.446 S_000006
   4 P   171.747  153.395  159.041  148.712 -150.900 -143.856  163.298  -31.676  141.216  -34.261    0.335662   -0.099384   -1.482186   -0.823846   -0.920479   -2.044532   -1.934389   -0.708140   -1.198506   -0.766    0.880  -17.844 S_000006
   5 N   100.630 -146.615  167.141   73.250   70.882   84.625  -52.756   42.563   83.907   25.074    0.316723   -1.348285   -0.629861   -0.713961   -1.353488   -1.755672   -1.865594   -0.703294   -1.227152   -1.647    0.145  -24.205 S_000006
   6 H   -70.927  168.833   51.201   80.727    0.000    0.000   73.577   37.765   94.148  179.904    0.310343   -1.407435   -0.496632   -0.789073   -1.612510   -1.543913   -1.877395   -0.767747   -1.183909    0.151   -2.954  -28.658 S_000006
SCORE:     0.075                  0.075          0          0          0    S_000007
   1 H     0.000  170.252   55.279  124.091  -42.929 -109.786  116.376    1.476  135.974   12.384    0.430289   -0.818793   -1.215310   -0.896714   -1.208586   -1.862373   -1.958635   -0.540097   -1.257599    3.794    0.984    0.238 S_000007
   2 P   -79.126  166.307   77.723  150.834  -98.890  160.827  125.960  -31.518  155.489   23.132    0.310030   -0.076579   -1.483199   -0.874991   -0.901705   -2.090662   -1.955273   -0.672872   -1.209360    6.442    1.137   -5.646 S_000007
   3 P    96.238 -163.845  160.772   96.997  -90.976  150.532  128.225    3.431  141.405    3.347    0.415546   -1.209078   -0.856694   -0.924130   -1.747826   -1.347543   -1.869134   -0.729192   -1.176064    7.770    0.690  -12.071 S_000007
   4 P   173.215 -145.070   63.717  153.655 -149.052 -165.262  144.445  -38.152  153.790  -22.152    0.324100   -0.007402   -1.484541   -0.764111   -0.935316   -2.017312   -1.914311   -0.680225   -1.231184   10.530    3.859  -17.351 S_000007
   5 P   -57.483  154.983   59.850   79.268 -121.099 -137.632   69.762   42.189   89.103  -77.614    0.305757   -1.414829   -0.439548   -0.728015   -1.574660   -1.542179   -1.824099   -0.738259   -1.208033   12.730    4.015  -23.167 S_000007
   6 H   -70.981  175.856   56.584   77.777    0.000    0.000   84.823   40.776   90.282  179.891    0.282529   -1.433715   -0.419811   -0.774898   -1.625938   -1.490867   -1.810020   -0.716100   -1.215104   12.618    6.575  -29.496 S_000007
SCORE:     0.061                  0.061          0          0          1    S_000008
   1 H     0.000  170.252   55.279   83.969 -102.060 -144.095   45.088   28.872  107.207  -14.472    0.364579   -1.332412   -0.646563   -0.821801   -1.594129   -1.573373   -1.879455   -0.735479   -1.198003    3.794    0.984    0.238 S_000008
   2 P   148.018 -159.875 -170.615   87.549 -119.792 -112.836  138.540   18.188  129.368 -128.410    0.355368   -1.375549   -0.603355   -0.943437   -1.797650   -1.296900   -1.849026   -0.736252   -1.191218    6.226   -0.730   -6.282 S_000008
   3 P   171.747  153.395  159.041  148.712 -150.900 -143.856  163.298  -31.676  141.216  -34.261    0.335662   -0.099384   -1.482186   -0.823846   -0.920479   -2.044532   -1.934389   -0.708140   -1.198506    5.015   -0.951  -13.481 S_000008
   4 P   179.287 -110.722  175.370   84.220  166.585   36.719   33.698   29.322  110.860  -90.955    0.339322   -1.362752   -0.610024   -0.858927   -1.622377   -1.528823   -1.887832   -0.713684   -1.204096    3.977   -2.466  -20.330 S_000008
   5 N  -101.804 -141.217   46.280  139.389 -152.109  -96.041  110.080  -32.941  154.987   28.395    0.339852   -0.337384   -1.450950   -0.813470   -1.261391   -1.836027   -1.953472   -0.775771   -1.155458    0.154   -4.344  -24.896 S_000008
   6 H   -88.277  156.992   70.674   76.793    0.000    0.000   72.572   43.369   93.240   83.746    0.246295   -1.440713   -0.456426   -0.781778   -1.555080   -1.569051   -1.798349   -0.616080   -1.277706   -3.272   -2.897  -30.091 S_000008
SCORE:     0.072                  0.072          0          0          1    S_000009
   1 H     0.000  170.252   55.279   81.945 -113.806  -94.452   65.862   37.952   89.110  -19.097    0.335255   -1.337089   -0.633212   -0.760676   -1.426370   -1.700359   -1.875272   -0.693484   -1.215342    3.794    0.984    0.238 S_000009
   2 P  -106.427 -150.371   67.800  101.915 -164.105 -132.115  143.722    4.794  140.423 -177.700    0.395829   -1.112845   -0.988243   -0.950577   -1.566238   -1.557481   -1.924126   -0.650360   -1.211135    6.232   -1.899   -5.835 S_000009
   3 P   -57.483  154.983   59.850   79.268 -121.099 -137.632   69.762   42.189   89.103  -77.614    0.305757   -1.414829   -0.439548   -0.728015   -1.574660   -1.542179   -1.824099   -0.738259   -1.208033    5.908   -3.692  -11.718 S_000009
   4 P   -67.601  173.259   58.690  157.464 -135.211 -147.785  162.259  -40.470  165.113 -137.280    0.315507    0.031025   -1.496384   -0.749112   -0.932260   -1.997702   -1.908468   -0.713312   -1.224472    3.841   -3.878  -18.171 S_000009
   5 P  -166.924 -154.036  159.889   90.332 -178.658 -136.635   73.477   26.413  115.255    3.673    0.345049   -1.323606   -0.689620   -0.882069   -1.572952   -1.568229   -1.923026   -0.712384   -1.176451   -0.219   -5.107  -24.190 S_000009
   6 H   -96.909  173.339   44.317   82.869    0.000    0.000   67.417   41.199   85.850  -19.462    0.288277   -1.384095   -0.546208   -0.765741   -1.478993   -1.645528   -1.869843   -0.716310   -1.209552   -0.339   -5.211  -30.897 S_000009
SCORE:     0.055                  0.055          0          0          1    S_000010
   1 H     0.000  170.252   55.279   83.969 -102.060 -144.095   45.088   28.872  107.207  -14.472    0.364579   -1.332412   -0.646563   -0.821801   -1.594129   -1.573373   -1.879455   -0.735479   -1.198003    3.794    0.984    0.238 S_000010
   2 N  -162.335 -115.976  123.191   89.015  175.258 -173.476   79.260   17.306  130.746  -80.581    0.379421   -1.301197   -0.739786   -0.920270   -1.669913   -1.460581   -1.919630   -0.732482   -1.173204    5.014   -0.669   -6.606 S_000010
   3 N   154.453 -138.292  168.142   87.170  -91.684 -131.245   70.959   30.507  104.033  -13.126    0.352127   -1.329675   -0.667614   -0.827063   -1.539136   -1.622829   -1.893458   -0.701079   -1.209808    3.424   -0.841  -13.305 S_000010
   4 P  -179.483  121.682   70.368   91.800 -149.757 -126.294   81.671   20.316  123.160  -14.526    0.372007   -1.322424   -0.684680   -0.899497   -1.689724   -1.458033   -1.896820   -0.741500   -1.175807   -1.275   -0.707  -18.562 S_000010
   5 P   -65.923  160.124   60.919   85.240 -155.143  -68.599   91.007   37.126   94.061  171.174    0.324744   -1.353363   -0.615947   -0.781827   -1.473397   -1.666346   -1.875603   -0.691726   -1.222132   -3.301   -1.600  -24.590 S_000010
   6 H   -59.903 -177.779   52.214   83.508    0.000    0.000   84.029   38.738   91.616  -31.929    0.295828   -1.390069   -0.554058   -0.787120   -1.536965   -1.618989   -1.880179   -0.738961   -1.203409   -3.065   -0.697  -30.666 S_000010
