SEQUENCE: gaaaaaaag
SCORE:     score    rna_stub_coord_hack       N_WC      N_NWC       N_BS description
REMARK RNA 
SCORE:     7.549                  7.549          0          0          0    S_000001
   1 H     0.000  170.252   55.279   77.314 -161.128  -69.193   74.356   37.341   97.761  179.947    0.314017   -1.406928   -0.493083   -0.790152   -1.615743   -1.529709   -1.856834   -0.746073   -1.201005    3.794    0.984    0.238 S_000001
   2 P    35.453  111.347  165.450  141.963 -131.688  -68.424   86.123  -31.282  148.857   17.196    0.350890   -0.245757   -1.465704   -0.815030   -1.111655   -1.942707   -1.944697   -0.723529   -1.186131    6.885   -2.850   -1.403 S_000001
   3 N   -68.246 -179.265   60.610   82.394 -166.940 -101.879   80.724   34.938   96.446 -174.394    0.326881   -1.364842   -0.584319   -0.805091   -1.547696   -1.595186   -1.878234   -0.725880   -1.199119   10.170   -5.553    3.339 S_000001
   4 N  -149.449  161.904  169.889   81.813 -145.400  -65.994  120.751   29.215  116.975    7.240    0.321253   -1.415703   -0.497345   -0.892978   -1.732380   -1.385977   -1.824266   -0.691127   -1.230135   12.119   -7.894    9.558 S_000001
   5 P  -144.903  127.221 -177.876   83.037 -138.999  -74.859   73.756   32.146   98.685  179.949    0.361076   -1.325429   -0.666502   -0.795029   -1.507480   -1.648622   -1.876021   -0.717484   -1.203681   13.715  -11.612   14.783 S_000001
   6 P   -54.894  157.912   63.587   77.026 -153.157  -88.352  143.744   20.468  136.386 -130.143    0.323074   -1.476253   -0.313184   -0.984413   -1.959560   -0.951878   -1.752166   -0.809081   -1.160017   16.017  -16.000   18.050 S_000001
   7 N   -98.041 -137.837  155.725  158.717  -99.849  162.372  109.093  -41.754  160.788   52.267    0.289315   -0.001541   -1.489878   -0.763911   -1.005286   -1.960819   -1.921518   -0.690989   -1.218223   16.968  -20.720   23.224 S_000001
   8 P   133.992  160.295  154.383   88.688 -110.457  -97.079   71.687   34.022   99.635  -33.240    0.328740   -1.355103   -0.611440   -0.811012   -1.542987   -1.613729   -1.888129   -0.724295   -1.207346   20.780  -22.727   28.618 S_000001
   9 H   -65.267  176.641   53.395   81.003    0.000    0.000   79.905   39.874   92.570  179.883    0.303332   -1.393166   -0.529839   -0.766503   -1.530865   -1.610558   -1.848390   -0.692518   -1.233644   23.900  -26.795   32.945 S_000001
SCORE:     7.627                  7.627          0          0          1    S_000002
   1 H     0.000  170.252   55.279   79.549 -156.205  -71.252   81.896   42.715   88.269   -9.049    0.289092   -1.404564   -0.497839   -0.740029   -1.516446   -1.616506   -1.833476   -0.693246   -1.237967    3.794    0.984    0.238 S_000002
   2 P    51.708  166.016  165.802  144.117 -158.911  172.559 -116.298  -36.379  164.491  -35.030    0.332415   -0.279857   -1.462557   -0.789069   -1.253212   -1.810639   -1.936782   -0.713043   -1.201460    7.768   -2.708   -1.894 S_000002
   3 N   140.409 -177.058  166.147  127.764  -83.121 -100.912  123.489  -20.721  136.478  -80.143    0.432444   -0.202361   -1.451235   -0.814471   -0.824471   -2.084192   -1.921199   -0.667198   -1.221491   10.452   -9.057   -0.040 S_000002
   4 P   -82.645 -177.969   72.751  145.260 -157.503 -148.229  111.875  -38.545  157.429  -12.075    0.322205   -0.223436   -1.480851   -0.764697   -1.222995   -1.851784   -1.919902   -0.771160   -1.168755   13.633  -13.934    3.538 S_000002
   5 P   159.697 -155.601  161.953   85.826 -112.317  -75.690   46.402   34.054   99.280  -20.689    0.337680   -1.337818   -0.641734   -0.805999   -1.494516   -1.648816   -1.887534   -0.685536   -1.218862   16.385  -16.105    9.749 S_000002
   6 P   -69.535 -123.961   66.297  148.563  -83.573 -178.087  173.736  -37.717  156.726   88.565    0.326696   -0.105538   -1.465270   -0.758278   -1.051396   -1.937277   -1.936227   -0.700889   -1.187016   15.919  -17.072   16.508 S_000002
   7 N  -175.101 -147.674  159.572  141.718  176.133  146.872   62.364  -31.811 -103.226   76.911    0.331832   -0.177856   -1.485199   -0.843536   -1.029654   -1.962328   -1.977627   -0.691472   -1.204184   16.869  -21.781   21.694 S_000002
   8 P   149.773 -156.144  176.474   82.777 -155.799  -84.417   85.097   38.273   91.188  109.933    0.325799   -1.359624   -0.601698   -0.762572   -1.475146   -1.669392   -1.863222   -0.693642   -1.226962   18.497  -24.091   28.143 S_000002
   9 H   -65.456  167.188   60.935   78.526    0.000    0.000   76.501   42.144   93.464  -17.982    0.279084   -1.423598   -0.463089   -0.762794   -1.566941   -1.567799   -1.843232   -0.711744   -1.222392   19.500  -24.702   34.187 S_000002
SCORE:     7.404                  7.404          0          0          1    S_000003
   1 H     0.000  170.252   55.279   80.528 -167.434  -62.001   79.588   35.453   97.805 -163.069    0.317664   -1.404572   -0.503809   -0.800861   -1.651188   -1.509925   -1.868247   -0.778988   -1.170957    3.794    0.984    0.238 S_000003
   2 P    45.205  167.654  174.627   81.412 -142.457  -56.847   61.187   35.959   95.493  -15.376    0.334922   -1.357937   -0.603141   -0.781257   -1.517178   -1.636837   -1.869798   -0.704005   -1.221320    7.866   -2.483   -1.215 S_000003
   3 P   -42.794  174.839   55.906   93.281 -145.888 -140.016  117.938   28.490  120.487  103.438    0.333015   -1.351528   -0.643539   -0.874456   -1.586900   -1.542299   -1.882350   -0.678418   -1.212105   10.247   -4.812    3.527 S_000003
   4 P   -71.862  163.400   58.750   85.820 -164.131  -74.692   86.996   37.612   90.279  171.537    0.317291   -1.346121   -0.618244   -0.768961   -1.461580   -1.668215   -1.868475   -0.705943   -1.210851   12.558   -9.376    7.622 S_000003
   5 P  -133.749 -135.407  144.310  130.845 -116.303 -178.649  121.579  -35.275  165.934  163.039    0.368044   -0.566274   -1.363413   -0.770648   -1.563835   -1.500435   -1.902733   -0.799223   -1.154475   13.042  -12.075   14.017 S_000003
   6 P   150.796 -161.910  178.356   86.097 -139.863  -62.292   43.499   34.285   97.369  -16.376    0.353702   -1.328244   -0.654287   -0.777898   -1.480747   -1.669247   -1.872892   -0.706980   -1.209412   15.881  -15.063   19.843 S_000003
   7 P  -154.050  145.148  124.520   89.904 -156.931 -129.437   98.571   22.752  116.377   53.243    0.366115   -1.304268   -0.738772   -0.890164   -1.596323   -1.568220   -1.925176   -0.727709   -1.180955   17.830  -19.213   24.773 S_000003
   8 P   172.339  126.791   60.504  112.721  -22.741  119.545   77.518   -8.846  148.288  154.093    0.416472   -0.832506   -1.208958   -0.890295   -1.447479   -1.700606   -1.951887   -0.663680   -1.215400   18.524  -24.624   29.583 S_000003
   9 H   -57.026  176.019   61.078  102.571    0.000    0.000  101.484   10.967  122.746 -110.098    0.434455   -0.951058   -1.106625   -0.874387   -1.227275   -1.865049   -1.953608   -0.599488   -1.228468   19.701  -28.689   32.524 S_000003
SCORE:     7.707                  7.707          0          0          1    S_000004
   1 H     0.000  170.252   55.279   81.405 -148.231  -71.134   70.503   36.301   94.559  179.886    0.326907   -1.393016   -0.511529   -0.783971   -1.608897   -1.533169   -1.855937   -0.749849   -1.187654    3.794    0.984    0.238 S_000004
   2 P    69.861 -154.800  176.565   90.255 -134.226  -85.003  -59.508   26.661  109.626   24.109    0.364141   -1.322510   -0.685604   -0.856782   -1.585689   -1.579423   -1.906855   -0.730112   -1.179273    7.474   -2.656   -1.744 S_000004
   3 P    69.065  148.258   61.008  143.351 -152.468 -173.839  -36.031  -32.620  153.760  -38.466    0.355883   -0.282450   -1.458156   -0.797587   -1.187713   -1.889374   -1.939496   -0.751429   -1.176510    7.889   -6.763    3.081 S_000004
   4 P    97.044 -159.469  179.707  155.744  -97.613 -167.920  -41.320  -40.876  161.823 -176.176    0.303889   -0.071282   -1.489084   -0.757469   -1.076729   -1.923939   -1.915183   -0.715022   -1.208509   10.976   -9.686    8.217 S_000004
   5 P  -170.341  -81.542 -150.130   92.276 -132.799 -135.257   68.032   15.995  132.507   -9.408    0.374351   -1.335865   -0.665900   -0.931982   -1.760628   -1.336401   -1.876128   -0.737169   -1.183181   13.984  -12.834   13.492 S_000004
   6 P   152.375  142.031   64.415  148.128 -115.647  144.438   99.872  -37.298  156.734  -84.147    0.331499   -0.157245   -1.479366   -0.767945   -1.115352   -1.917667   -1.916635   -0.734444   -1.191645   13.209  -15.433   20.362 S_000004
   7 P   152.594  176.327  171.244   91.237 -151.427  -73.024   82.556   36.730   87.095   -0.293    0.324489   -1.292433   -0.740995   -0.782053   -1.325054   -1.790390   -1.912036   -0.712281   -1.201892   14.396  -19.665   25.399 S_000004
   8 N   163.087  146.437  171.423   86.530 -122.756  -89.393   58.024   30.220  107.185   -5.480    0.342559   -1.360757   -0.605786   -0.843709   -1.609006   -1.540115   -1.865051   -0.695465   -1.212078   15.972  -24.312   30.359 S_000004
   9 H   -62.743  166.762   60.699   84.547    0.000    0.000   67.591   38.908   92.421  179.888    0.319216   -1.355562   -0.615635   -0.758663   -1.448539   -1.690482   -1.861466   -0.675509   -1.239659   16.295  -29.781   33.758 S_000004
SCORE:     7.452                  7.452          0          1          1    S_000005
   1 H     0.000  170.252   55.279   77.583 -154.465  -73.591   79.681   33.748  100.066  142.600    0.315592   -1.384309   -0.525241   -0.823152   -1.622637   -1.496051   -1.852504   -0.702294   -1.215694    3.794    0.984    0.238 S_000005
   2 P    41.922 -179.189  173.593   83.042 -121.499  -70.642   76.465   38.336   89.692  -19.056    0.321915   -1.351823   -0.614367   -0.771966   -1.451238   -1.686417   -1.874520   -0.686187   -1.226871    8.064   -2.201   -1.875 S_000005
   3 N     0.000  173.918   59.612 -284.858  215.729  -68.740   76.850   47.121   87.071  179.892    0.221572   -1.448499   -0.420149   -0.753688   -1.533270   -1.593215   -1.842807   -0.706479   -1.225232   10.781   -3.263    3.163 S_000005
   4 N   -50.936  170.693   59.456  140.138 -123.590 -165.720  102.147  -28.824  146.926   74.808    0.372909   -0.320183   -1.444597   -0.805892   -1.158175   -1.918373   -1.937237   -0.739376   -1.178972   12.739   -6.353    7.898 S_000005
   5 P   148.676 -165.600 -170.434   82.795 -127.847  -99.219   77.270   36.905   94.303  -60.066    0.302431   -1.388814   -0.560459   -0.809846   -1.564362   -1.602826   -1.893046   -0.745849   -1.192433   14.621   -9.978   13.848 S_000005
   6 P   171.747  153.395  159.041  148.712 -150.900 -143.856  163.298  -31.676  141.216  -34.261    0.335662   -0.099384   -1.482186   -0.823846   -0.920479   -2.044532   -1.934389   -0.708140   -1.198506   18.641  -14.762   17.485 S_000005
   7 P   145.834  169.864  160.515  116.771 -150.825  -95.969  116.851    6.639  112.778  -49.780    0.428419   -0.827735   -1.201961   -0.850477   -1.142936   -1.957796   -1.955336   -0.681649   -1.210816   21.984  -19.230   22.176 S_000005
   8 P  -136.198 -122.857 -158.492  106.180 -124.887  -76.026   74.874   19.311  100.658  168.675    0.405981   -1.001253   -1.074308   -0.820525   -1.157218   -1.951689   -1.924168   -0.645988   -1.229494   22.584  -24.439   27.100 S_000005
   9 H   -57.644  154.489   54.536   82.546    0.000    0.000   74.013   33.851   96.911  179.928    0.321583   -1.369813   -0.590646   -0.825583   -1.567400   -1.583395   -1.891554   -0.732984   -1.192437   24.578  -27.619   31.788 S_000005
SCORE:     7.512                  7.512          0          0          2    S_000006
   1 H     0.000  170.252   55.279   88.088 -142.680  -74.079   70.712   39.605   85.779  -18.234    0.316967   -1.308209   -0.720676   -0.753381   -1.301808   -1.808031   -1.890127   -0.697734   -1.217524    3.794    0.984    0.238 S_000006
   2 N    50.094 -142.716 -179.843   81.253 -136.400  -73.611   72.642   36.603   92.669  -18.627    0.341041   -1.350395   -0.617399   -0.766349   -1.474583   -1.655150   -1.865681   -0.694577   -1.216821    7.542   -2.375   -1.712 S_000006
   3 P  -178.223  151.540   45.446  156.746  -72.619  117.571  110.638  -39.397  156.765   43.976    0.302766    0.008952   -1.496780   -0.776777   -0.939384   -2.008089   -1.922043   -0.664073   -1.228970    8.574   -7.342    3.088 S_000006
   4 P   140.069 -149.134 -176.442   84.310 -132.136  -74.545   60.793   36.577   91.645  -33.522    0.344958   -1.330067   -0.653628   -0.758551   -1.445446   -1.705309   -1.869122   -0.698642   -1.227160   11.039  -10.075    7.727 S_000006
   5 P  -172.604  161.126  159.864  155.138 -101.607 -139.360  -48.863  -40.948  155.621   78.591    0.319081    0.026124   -1.484098   -0.731166   -0.944630   -1.986654   -1.887978   -0.700564   -1.211859   12.113  -12.836   14.028 S_000006
   6 N   -38.672  160.134   59.426   85.376 -172.626  -77.948  134.541   37.129   92.678  -69.483    0.324208   -1.346749   -0.633635   -0.781741   -1.457265   -1.687494   -1.879312   -0.685142   -1.228330   14.931  -15.846   19.162 S_000006
   7 P  -171.138 -159.674  155.788   87.190 -128.050 -166.775   84.303   35.145   89.823 -155.916    0.321597   -1.298553   -0.720453   -0.812913   -1.374949   -1.752188   -1.910608   -0.679834   -1.214896   15.356  -19.125   24.988 S_000006
   8 N  -178.810  153.055  135.770  106.704 -138.327 -112.358  127.377   22.478   87.323  -11.418    0.409131   -0.973460   -1.098711   -0.809248   -1.028300   -2.013690   -1.923910   -0.665663   -1.225656   16.748  -25.148   28.585 S_000006
   9 H   -63.470  168.267   57.696   78.514    0.000    0.000   73.607   42.011   90.935  179.884    0.280046   -1.433100   -0.421454   -0.763822   -1.615196   -1.522259   -1.834713   -0.728842   -1.214389   18.641  -30.769   31.412 S_000006
SCORE:     7.523                  7.523          0          1          1    S_000007
   1 H     0.000  170.252   55.279   91.076 -161.866  -59.720   80.158   37.396   84.185  179.922    0.328801   -1.275804   -0.768954   -0.771101   -1.273967   -1.831731   -1.915619   -0.713404   -1.208360    3.794    0.984    0.238 S_000007
   2 P    95.862 -150.045 -177.753  145.463 -163.746 -130.631  132.028  -25.964  134.716  -54.064    0.372792   -0.139680   -1.476267   -0.836576   -0.849905   -2.078892   -1.921957   -0.718372   -1.188673    6.963   -3.134   -1.189 S_000007
   3 N   167.952 -167.959  154.203  145.211 -155.376 -167.633   19.536  -32.174  148.043  -55.599    0.332777   -0.133501   -1.484945   -0.828850   -0.980089   -2.013944   -1.953344   -0.695714   -1.205944    8.803   -8.501    3.128 S_000007
   4 P   162.358 -137.367  157.213   78.445 -140.815  -49.025   52.444   41.132   93.823  -18.465    0.288438   -1.429150   -0.441673   -0.766852   -1.612766   -1.531688   -1.853046   -0.758586   -1.196304    9.976  -11.901    9.260 S_000007
   5 P   -66.965 -131.585   49.787  151.190 -114.989  172.495  107.035  -40.283  163.684   25.774    0.304640   -0.163820   -1.484370   -0.766383   -1.182307   -1.858363   -1.923227   -0.725694   -1.197365    7.814  -14.845   14.620 S_000007
   6 P   173.475 -163.583  161.717   83.523 -116.671  -57.910   53.753   34.422   95.716  -23.714    0.341921   -1.318554   -0.688607   -0.795294   -1.440444   -1.709689   -1.896681   -0.684275   -1.220526    8.292  -19.262   20.156 S_000007
   7 P  -116.095   78.928  160.153   89.968 -114.340  -64.114   62.535   38.413   87.794  -16.870    0.305082   -1.270661   -0.792789   -0.775425   -1.260837   -1.882235   -1.886885   -0.675496   -1.247486   10.745  -23.074   24.004 S_000007
   8 P   -41.081  179.412   57.447   85.305 -172.864 -148.373   92.323   34.015  106.069  -25.563    0.332729   -1.377383   -0.567630   -0.809555   -1.593071   -1.562310   -1.868016   -0.712493   -1.222822   11.395  -27.975   27.474 S_000007
   9 H   -68.257  178.329   59.685   81.148    0.000    0.000   72.136   37.063   95.936  179.894    0.332388   -1.352975   -0.611463   -0.770182   -1.475382   -1.656694   -1.846660   -0.672414   -1.235627   12.843  -30.157   33.519 S_000007
SCORE:     7.884                  7.884          0          0          0    S_000008
   1 H     0.000  170.252   55.279   80.008 -164.744  -54.750   74.503   40.255   87.171  -17.520    0.293203   -1.387327   -0.526007   -0.780860   -1.501572   -1.609647   -1.881653   -0.722598   -1.204904    3.794    0.984    0.238 S_000008
   2 P   166.299  173.452   52.371   89.746 -155.823  -64.046   64.160   31.577   98.021   -1.162    0.349476   -1.299768   -0.712415   -0.819888   -1.456305   -1.693926   -1.912266   -0.704652   -1.203544    8.042   -2.992   -2.777 S_000008
   3 P  -144.314   99.076  172.862   89.752 -150.115  -50.909   73.012   38.269   87.558  -13.823    0.314845   -1.336581   -0.649747   -0.775354   -1.407816   -1.716305   -1.897506   -0.723584   -1.198856    9.044   -6.640    2.423 S_000008
   4 P  -154.050  145.148  124.520   89.904 -156.931 -129.437   98.571   22.752  116.377   53.243    0.366115   -1.304268   -0.738772   -0.890164   -1.596323   -1.568220   -1.925176   -0.727709   -1.180955   11.115  -10.928    6.927 S_000008
   5 P   -63.250  175.683   65.794  149.949 -131.110 -149.590  116.670  -46.360  165.701  151.659    0.291047   -0.023190   -1.497427   -0.685692   -1.116595   -1.889345   -1.874813   -0.741826   -1.205416   13.608  -15.347   11.110 S_000008
   6 P   149.440  168.154  163.477   88.351 -118.967  -59.790   74.057   38.429   82.292  -21.094    0.345823   -1.268570   -0.756346   -0.736867   -1.241257   -1.824044   -1.884736   -0.678032   -1.217530   16.638  -19.576   16.300 S_000008
   7 P   -79.935 -110.906   87.017  144.773  -53.661 -147.164  171.200  -40.986  158.896   19.122    0.306407   -0.194610   -1.474750   -0.741624   -1.230459   -1.840193   -1.901831   -0.793111   -1.157033   18.102  -19.858   22.902 S_000008
   8 P   -75.515  159.300   66.553   78.918 -164.801 -102.134   72.670   37.717   92.960   76.351    0.311854   -1.413087   -0.494506   -0.788938   -1.617870   -1.539085   -1.866826   -0.755681   -1.193985   17.492  -23.032   28.718 S_000008
   9 H   -63.969 -175.419   51.970   82.079    0.000    0.000   74.522   39.034   95.227  179.952    0.321873   -1.370955   -0.560293   -0.750218   -1.508237   -1.633110   -1.833816   -0.667085   -1.256738   19.071  -26.624   33.857 S_000008
SCORE:     7.629                  7.629          0          0          1    S_000009
   1 H     0.000  170.252   55.279   82.688 -164.813  -72.038   76.237   36.977   98.262  179.943    0.322298   -1.386080   -0.542425   -0.780594   -1.572025   -1.581096   -1.863242   -0.731175   -1.216250    3.794    0.984    0.238 S_000009
   2 P   141.904  -96.556  179.074   81.583   75.912   88.653   92.316   37.790   87.142 -147.623    0.331403   -1.309958   -0.701033   -0.762590   -1.355494   -1.768586   -1.896276   -0.719120   -1.209297    6.755   -3.183   -1.995 S_000009
   3 P  -158.951 -177.382  165.165   83.505 -166.970  -49.803   88.312   28.748  117.649  -22.000    0.343573   -1.375312   -0.575177   -0.864358   -1.654732   -1.472597   -1.841770   -0.676251   -1.224860    8.705   -8.546    1.209 S_000009
   4 P  -171.683  150.567  158.405   86.589 -114.846 -110.635  130.117   15.638  130.615   37.393    0.367847   -1.318887   -0.687781   -0.936999   -1.752471   -1.366717   -1.880904   -0.733340   -1.188375    9.397  -12.938    6.042 S_000009
   5 P   101.545 -166.544 -165.818  126.065 -162.988  -99.544   98.876  -15.674  141.015 -159.461    0.397392   -0.610821   -1.338979   -0.860837   -1.287097   -1.866209   -1.963161   -0.695831   -1.206560   11.898  -16.330   11.212 S_000009
   6 P   -68.897 -116.299   52.925  143.748  -79.468  175.190   97.899  -36.297  154.808  -91.527    0.319020   -0.194579   -1.477703   -0.800104   -1.145796   -1.902478   -1.939060   -0.739064   -1.180909   15.416  -20.220   15.554 S_000009
   7 P    69.065  148.258   61.008  143.351 -152.468 -173.839  -36.031  -32.620  153.760  -38.466    0.355883   -0.282450   -1.458156   -0.797587   -1.187713   -1.889374   -1.939496   -0.751429   -1.176510   15.417  -20.960   22.412 S_000009
   8 P   149.773 -156.144  176.474   82.777 -155.799  -84.417   85.097   38.273   91.188  109.933    0.325799   -1.359624   -0.601698   -0.762572   -1.475146   -1.669392   -1.863222   -0.693642   -1.226962   16.990  -25.462   27.691 S_000009
   9 H   -69.231  179.780   54.896   78.311    0.000    0.000   75.517   43.241   89.175   77.110    0.265088   -1.422263   -0.486483   -0.765946   -1.526937   -1.611416   -1.861305   -0.709680   -1.223952   18.145  -28.705   33.073 S_000009
SCORE:     7.695                  7.695          0          1          2    S_000010
   1 H     0.000  170.252   55.279   81.373 -170.411  -64.334   88.633   38.880   86.912   99.938    0.311025   -1.374094   -0.573788   -0.768537   -1.500340   -1.644399   -1.875353   -0.737246   -1.196555    3.794    0.984    0.238 S_000010
   2 N    30.813 -142.839 -173.877   87.719 -124.062  -88.701   63.315   35.163   94.781   -3.965    0.320434   -1.339430   -0.656579   -0.804587   -1.474003   -1.679570   -1.896887   -0.707987   -1.208244    8.320   -0.891   -0.803 S_000010
   3 P  -133.435  121.623  159.513   84.107 -132.282  -83.506   67.169   34.547   94.201  -27.447    0.328492   -1.348144   -0.633645   -0.807308   -1.509568   -1.647897   -1.897709   -0.723428   -1.200444   11.048   -4.516    4.140 S_000010
   4 P   -62.475 -176.348   69.107  119.999 -164.259 -105.060  105.218  -11.541  141.399  111.919    0.438325   -0.704415   -1.281096   -0.855996   -1.329138   -1.799881   -1.941660   -0.687316   -1.191323   14.459   -8.586    7.982 S_000010
   5 P  -127.098 -118.371 -175.896   81.208  178.526  -67.112   87.047   27.341  111.615  177.088    0.350710   -1.380316   -0.536550   -0.864500   -1.712024   -1.401043   -1.876825   -0.710853   -1.179871   15.793  -13.776   12.817 S_000010
   6 P   -54.787  176.698   48.945   86.897 -164.498  -78.214   82.729   34.612   92.213  173.704    0.325572   -1.325097   -0.665891   -0.802741   -1.461187   -1.681164   -1.892083   -0.706656   -1.205985   16.048  -16.312   17.829 S_000010
   7 P  -160.249  166.068  171.487   91.115 -136.630 -101.713   76.539   34.876   95.142  175.357    0.323572   -1.335492   -0.650661   -0.813480   -1.473315   -1.673547   -1.901744   -0.711585   -1.198626   17.201  -20.990   22.643 S_000010
   8 P   164.582 -172.155 -177.961   81.839 -121.188  -67.685   55.563   37.901   94.530  -40.595    0.329303   -1.376646   -0.558737   -0.763218   -1.531940   -1.616400   -1.853665   -0.704182   -1.225149   18.806  -25.149   28.129 S_000010
   9 H   -21.540  135.761   21.382   76.435    0.000    0.000   74.974   48.469   80.568  179.910    0.218071   -1.458131   -0.367419   -0.733342   -1.546656   -1.548629   -1.846276   -0.735563   -1.207591   21.928  -28.820   30.134 S_000010
