SEQUENCE: gaaaaag
SCORE:     score    rna_stub_coord_hack       N_WC      N_NWC       N_BS description
REMARK RNA 
SCORE:    10.442                 10.442          0          0          0    S_000001
   1 H     0.000  170.252   55.279   71.830    0.000    0.000   79.141   38.789   97.135  179.919    0.302066   -1.407842   -0.510832   -0.787683   -1.571380   -1.570566   -1.828152   -0.669578   -1.246409    3.794    0.984    0.238 S_000001
   2 P  -126.179  138.940  177.602  128.870 -175.447  -84.014   96.666  -24.675  144.399   34.291    0.429508   -0.180220   -1.458434   -0.791134   -0.883354   -2.050890   -1.911737   -0.664996   -1.226029    1.464    2.570    0.311 S_000001
   3 N  -173.868 -178.616  179.685   86.902 -146.045  -72.431   81.778   39.756   88.577  -12.629    0.302540   -1.355778   -0.621490   -0.770300   -1.422934   -1.707921   -1.886028   -0.702878   -1.216575   -3.847    3.574    4.360 S_000001
   4 N  -148.162  164.915  118.385  145.355 -109.323 -178.043  158.161  -25.949  134.973  153.436    0.357113   -0.162484   -1.477571   -0.854725   -0.883260   -2.080780   -1.943630   -0.688761   -1.201220   -9.060    4.404    8.692 S_000001
   5 P   165.278  167.371  175.594   83.822 -158.281  -75.127   89.459   36.330   91.172 -137.030    0.339110   -1.327173   -0.662258   -0.772025   -1.433257   -1.708364   -1.881501   -0.696938   -1.221572  -13.323    5.783   14.216 S_000001
   6 P   175.092 -102.372 -175.903   92.378 -139.805  -55.656  -27.979   21.886  117.369    2.866    0.348707   -1.360588   -0.670816   -0.921158   -1.749262   -1.487993   -1.905244   -0.758322   -1.157865  -18.565    6.598   17.791 S_000001
   7 H   -71.053 -170.225   55.674   86.894    0.000    0.000   83.556   35.061   97.351  -15.414    0.336847   -1.330850   -0.664486   -0.790283   -1.456739   -1.688379   -1.877968   -0.668053   -1.242614  -24.043    8.546   20.205 S_000001
SCORE:    10.676                 10.676          0          0          0    S_000002
   1 H     0.000  170.252   55.279   90.899    0.000    0.000   88.358   40.529   83.687  -18.037    0.270895   -1.322715   -0.711565   -0.783581   -1.307531   -1.797173   -1.921775   -0.693495   -1.216881    3.794    0.984    0.238 S_000002
   2 P   -39.399  168.770   55.356  142.140 -142.741  175.589  120.987  -35.450  159.437  -98.096    0.330665   -0.302125   -1.453233   -0.794861   -1.264725   -1.819140   -1.936530   -0.724980   -1.198310    2.588    2.406    1.143 S_000002
   3 P   101.545 -166.544 -165.818  126.065 -162.988  -99.544   98.876  -15.674  141.015 -159.461    0.397392   -0.610821   -1.338979   -0.860837   -1.287097   -1.866209   -1.963161   -0.695831   -1.206560   -2.018    5.448    5.102 S_000002
   4 N  -174.783  120.716  177.399  150.472 -127.479 -150.643  -46.738  -38.379  156.036  172.165    0.295515   -0.075973   -1.493365   -0.801078   -1.032701   -1.963612   -1.942754   -0.690149   -1.211052   -6.602    7.430   10.089 S_000002
   5 P   173.475 -163.583  161.717   83.523 -116.671  -57.910   53.753   34.422   95.716  -23.714    0.341921   -1.318554   -0.688607   -0.795294   -1.440444   -1.709689   -1.896681   -0.684275   -1.220526  -13.093    8.818   13.192 S_000002
   6 P  -121.231   88.679  153.320  121.279  178.607  -87.441  125.990  -20.088  135.748  173.386    0.437259   -0.207353   -1.445132   -0.809066   -0.817394   -2.088264   -1.917623   -0.670753   -1.222174  -17.674   12.287   15.167 S_000002
   7 H    23.716  140.195   50.397   80.632    0.000    0.000   67.813   42.129   84.493  147.282    0.297338   -1.383888   -0.543437   -0.741114   -1.470876   -1.660338   -1.860341   -0.714653   -1.216503  -20.031   11.516   19.901 S_000002
SCORE:    10.518                 10.518          0          0          1    S_000003
   1 H     0.000  170.252   55.279   84.316    0.000    0.000   72.253   39.162   93.508  170.430    0.292043   -1.384872   -0.556648   -0.790720   -1.507006   -1.624769   -1.874518   -0.685737   -1.231216    3.794    0.984    0.238 S_000003
   2 P   -12.277 -174.444   58.385   85.369 -165.291  -74.847  106.665   25.528  115.551 -129.700    0.358997   -1.393492   -0.525578   -0.870221   -1.773343   -1.356361   -1.864930   -0.792514   -1.155414    2.612    2.396    1.202 S_000003
   3 P   -57.076  159.557   74.072  122.522 -124.914  176.015  109.465  -27.926  161.760  179.896    0.363848   -0.671595   -1.324732   -0.846074   -1.563840   -1.540839   -1.910259   -0.713848   -1.195912   -2.148    4.871    3.103 S_000003
   4 P   145.834  169.864  160.515  116.771 -150.825  -95.969  116.851    6.639  112.778  -49.780    0.428419   -0.827735   -1.201961   -0.850477   -1.142936   -1.957796   -1.955336   -0.681649   -1.210816   -7.849    6.085    7.253 S_000003
   5 N  -148.162  164.915  118.385  145.355 -109.323 -178.043  158.161  -25.949  134.973  153.436    0.357113   -0.162484   -1.477571   -0.854725   -0.883260   -2.080780   -1.943630   -0.688761   -1.201220  -13.023    7.751   11.694 S_000003
   6 N   153.892 -141.795  167.120   90.150 -140.999 -172.900  120.377   29.336   99.989 -144.515    0.391187   -1.231714   -0.791754   -0.780320   -1.371883   -1.747462   -1.876007   -0.673329   -1.208973  -17.070    9.831   17.117 S_000003
   7 H   -51.278  171.041   40.592   82.033    0.000    0.000   87.037   40.106   85.393  -31.177    0.256745   -1.373003   -0.571361   -0.812321   -1.472272   -1.652420   -1.903686   -0.735121   -1.187872  -21.437    7.253   20.965 S_000003
SCORE:    10.255                 10.255          0          0          1    S_000004
   1 H     0.000  170.252   55.279   76.180    0.000    0.000   76.920   39.099   94.303  -46.329    0.303721   -1.396624   -0.530482   -0.780101   -1.544843   -1.599803   -1.853908   -0.688169   -1.232189    3.794    0.984    0.238 S_000004
   2 P   -66.973  173.475   68.286  137.907  -77.343  141.002  117.624  -17.512  137.272    4.519    0.452995   -0.419113   -1.378158   -0.806682   -1.063678   -1.954233   -1.924759   -0.651630   -1.215380    2.065    2.550    0.897 S_000004
   3 P    62.159  178.988 -170.619  149.965 -103.312 -145.757  126.991  -39.736  164.357  173.689    0.323159   -0.192725   -1.473024   -0.749767   -1.208730   -1.842314   -1.917217   -0.720585   -1.212069   -2.550    3.331    4.834 S_000004
   4 P   156.757 -162.758  169.525   85.477   88.309   70.721   98.460   24.669  112.096   50.338    0.374471   -1.259777   -0.773805   -0.849735   -1.500510   -1.649134   -1.912316   -0.692393   -1.208159   -7.657    4.950    9.689 S_000004
   5 P   140.004 -161.511  172.648   87.535 -135.875 -127.774  -63.089   27.673  113.365  -21.649    0.351703   -1.359808   -0.617725   -0.860422   -1.647064   -1.511100   -1.888219   -0.728269   -1.197425  -12.009    7.174   14.123 S_000004
   6 P   130.441 -169.255 -175.534   87.529 -139.396  -73.339   76.666   42.343   79.788  -27.856    0.303737   -1.327853   -0.673674   -0.727966   -1.301955   -1.792160   -1.883888   -0.708212   -1.221319  -16.251    7.949   19.692 S_000004
   7 H   -64.987  173.823   55.854   82.654    0.000    0.000   81.767   38.423   95.044  179.899    0.319869   -1.367507   -0.580953   -0.764813   -1.490234   -1.642797   -1.844203   -0.666226   -1.245979  -20.943   10.075   23.272 S_000004
SCORE:    10.529                 10.529          0          0          0    S_000005
   1 H     0.000  170.252   55.279   78.167    0.000    0.000   84.455   38.330   96.005  -18.661    0.307848   -1.397549   -0.515312   -0.786145   -1.570452   -1.571846   -1.846967   -0.688746   -1.235540    3.794    0.984    0.238 S_000005
   2 P   -73.688  154.833   59.185  146.485 -111.162  175.140  119.829  -32.346  150.459   20.864    0.348829   -0.220202   -1.465450   -0.808985   -1.098138   -1.929436   -1.939839   -0.717382   -1.183677    2.183    2.242    0.929 S_000005
   3 P  -166.924 -154.036  159.889   90.332 -178.658 -136.635   73.477   26.413  115.255    3.673    0.345049   -1.323606   -0.689620   -0.882069   -1.572952   -1.568229   -1.923026   -0.712384   -1.176451   -2.073    5.526    5.600 S_000005
   4 P   168.992 -156.630  174.212   86.705 -137.197 -119.664  108.197   33.640   99.366  -15.229    0.329923   -1.352776   -0.624135   -0.819988   -1.531632   -1.621327   -1.886817   -0.697388   -1.214338   -7.924    6.011    9.376 S_000005
   5 N   -96.944 -118.522  -60.053   95.328 -169.007  -65.789  -56.173   25.207   99.159  -68.654    0.390123   -1.172867   -0.899301   -0.826723   -1.327873   -1.819425   -1.929240   -0.701191   -1.205209  -14.937    6.588   11.039 S_000005
   6 N  -175.101 -147.674  159.572  141.718  176.133  146.872   62.364  -31.811 -103.226   76.911    0.331832   -0.177856   -1.485199   -0.843536   -1.029654   -1.962328   -1.977627   -0.691472   -1.204184  -17.604    8.353   16.769 S_000005
   7 H   -60.927  175.173   57.389   72.192    0.000    0.000   75.611   40.689   90.876 -150.767    0.233923   -1.449581   -0.456467   -0.840918   -1.623048   -1.535837   -1.862403   -0.713166   -1.203835  -22.119   11.229   20.172 S_000005
SCORE:    10.670                 10.670          0          0          1    S_000006
   1 H     0.000  170.252   55.279   80.225    0.000    0.000   85.333   37.983   96.683  -21.982    0.257453   -1.396585   -0.518757   -0.875682   -1.555976   -1.581687   -1.930985   -0.657502   -1.207963    3.794    0.984    0.238 S_000006
   2 P   -33.122 -159.568  151.000  146.506 -145.092 -142.672   79.190  -33.668  154.217 -117.811    0.333818   -0.171529   -1.475823   -0.812366   -1.061031   -1.950460   -1.939960   -0.691146   -1.196381    2.028    2.498    0.788 S_000006
   3 P   168.992 -156.630  174.212   86.705 -137.197 -119.664  108.197   33.640   99.366  -15.229    0.329923   -1.352776   -0.624135   -0.819988   -1.531632   -1.621327   -1.886817   -0.697388   -1.214338   -3.889    1.935    4.927 S_000006
   4 P    53.260 -156.711  -70.832  101.124  174.935  -86.647  127.664   39.124   73.199 -115.342    0.315238   -1.084078   -1.018786   -0.771366   -0.795549   -2.048683   -1.919607   -0.617186   -1.254678   -8.701    1.909    8.954 S_000006
   5 P  -158.951 -177.382  165.165   83.505 -166.970  -49.803   88.312   28.748  117.649  -22.000    0.343573   -1.375312   -0.575177   -0.864358   -1.654732   -1.472597   -1.841770   -0.676251   -1.224860  -11.784    2.875   14.788 S_000006
   6 P  -172.604  161.126  159.864  155.138 -101.607 -139.360  -48.863  -40.948  155.621   78.591    0.319081    0.026124   -1.484098   -0.731166   -0.944630   -1.986654   -1.887978   -0.700564   -1.211859  -15.894    4.426   19.648 S_000006
   7 H   145.774 -155.662 -168.770   86.203    0.000    0.000   51.661   35.506   87.934  -25.405    0.329310   -1.306824   -0.708033   -0.796244   -1.390009   -1.744299   -1.899159   -0.707733   -1.202807  -20.957    6.661   24.100 S_000006
SCORE:    10.613                 10.613          0          0          1    S_000007
   1 H     0.000  170.252   55.279  101.242    0.000    0.000   62.436   26.591   91.915    0.203    0.389855   -1.056246   -1.014912   -0.803308   -1.081730   -1.960013   -1.929018   -0.695992   -1.198302    3.794    0.984    0.238 S_000007
   2 P  -179.483  121.682   70.368   91.800 -149.757 -126.294   81.671   20.316  123.160  -14.526    0.372007   -1.322424   -0.684680   -0.899497   -1.689724   -1.458033   -1.896820   -0.741500   -1.175807    2.724    4.468   -0.266 S_000007
   3 P   -64.853  147.934   53.305   84.446 -161.039 -113.824   74.884   40.962   88.197 -100.339    0.303474   -1.362713   -0.598317   -0.747572   -1.433446   -1.702105   -1.860616   -0.680630   -1.240117   -1.006    6.981    4.008 S_000007
   4 P   171.747  153.395  159.041  148.712 -150.900 -143.856  163.298  -31.676  141.216  -34.261    0.335662   -0.099384   -1.482186   -0.823846   -0.920479   -2.044532   -1.934389   -0.708140   -1.198506   -6.121    7.684    9.032 S_000007
   5 P  -167.200 -131.423  135.280   86.839 -158.875  -75.765  140.250   35.968   93.284  179.910    0.320765   -1.347235   -0.643969   -0.800359   -1.472294   -1.679922   -1.904488   -0.726813   -1.197436  -11.966    9.323   13.071 S_000007
   6 N  -174.783  120.716  177.399  150.472 -127.479 -150.643  -46.738  -38.379  156.036  172.165    0.295515   -0.075973   -1.493365   -0.801078   -1.032701   -1.963612   -1.942754   -0.690149   -1.211052  -17.977    8.160   16.325 S_000007
   7 H  -155.634  -91.414  -92.473   85.653    0.000    0.000   78.185   37.420   89.895   84.614    0.311563   -1.338102   -0.661332   -0.787754   -1.417238   -1.712437   -1.885104   -0.672427   -1.227555  -22.593    7.553   21.761 S_000007
SCORE:    10.268                 10.268          0          0          1    S_000008
   1 H     0.000  170.252   55.279   77.459    0.000    0.000   82.806   38.403   94.472  -20.820    0.310064   -1.396062   -0.520953   -0.781177   -1.565484   -1.579192   -1.855705   -0.709133   -1.220933    3.794    0.984    0.238 S_000008
   2 P   -79.126  166.307   77.723  150.834  -98.890  160.827  125.960  -31.518  155.489   23.132    0.310030   -0.076579   -1.483199   -0.874991   -0.901705   -2.090662   -1.955273   -0.672872   -1.209360    2.019    2.551    0.834 S_000008
   3 P    97.044 -159.469  179.707  155.744  -97.613 -167.920  -41.320  -40.876  161.823 -176.176    0.303889   -0.071282   -1.489084   -0.757469   -1.076729   -1.923939   -1.915183   -0.715022   -1.208509   -1.887    4.418    5.735 S_000008
   4 P   140.004 -161.511  172.648   87.535 -135.875 -127.774  -63.089   27.673  113.365  -21.649    0.351703   -1.359808   -0.617725   -0.860422   -1.647064   -1.511100   -1.888219   -0.728269   -1.197425   -5.651    4.616   11.775 S_000008
   5 P   166.495  172.404  174.231   87.746 -132.714  -66.796   66.289   35.684   95.741  -22.140    0.317062   -1.318123   -0.699594   -0.783392   -1.426334   -1.729960   -1.879184   -0.700135   -1.218640  -11.609    5.310   15.985 S_000008
   6 P   -56.602  169.819   59.880  148.016 -135.011  178.478  120.148  -32.889  143.708  -19.080    0.344597   -0.101549   -1.481717   -0.800183   -0.950280   -2.028627   -1.919452   -0.736545   -1.187799  -15.883    7.635   19.608 S_000008
   7 H    56.039 -164.590 -178.495   92.012    0.000    0.000  -60.730   25.554  104.878  -34.747    0.348695   -1.285265   -0.746141   -0.866980   -1.545370   -1.636323   -1.924881   -0.725930   -1.185314  -18.389   10.208   24.917 S_000008
SCORE:    10.296                 10.296          0          0          0    S_000009
   1 H     0.000  170.252   55.279   84.974    0.000    0.000   92.521   37.388   92.447  -29.239    0.319506   -1.363930   -0.601069   -0.781709   -1.499815   -1.656454   -1.881492   -0.717671   -1.212487    3.794    0.984    0.238 S_000009
   2 P   -79.126  166.307   77.723  150.834  -98.890  160.827  125.960  -31.518  155.489   23.132    0.310030   -0.076579   -1.483199   -0.874991   -0.901705   -2.090662   -1.955273   -0.672872   -1.209360    2.105    2.660    0.785 S_000009
   3 P  -175.081  177.888   61.143  152.701 -105.799  170.478  100.743  -40.258  159.966  -51.450    0.305816   -0.136048   -1.487621   -0.761982   -1.147414   -1.893800   -1.920368   -0.739943   -1.195843   -3.397    3.966    4.445 S_000009
   4 N   -63.846  165.988   55.584   80.442 -150.752  -83.560   79.318   38.280   95.916  174.765    0.302786   -1.409936   -0.490491   -0.793349   -1.604580   -1.543837   -1.854498   -0.719089   -1.216381   -7.574    3.839    8.869 S_000009
   5 P   -82.645 -177.969   72.751  145.260 -157.503 -148.229  111.875  -38.545  157.429  -12.075    0.322205   -0.223436   -1.480851   -0.764697   -1.222995   -1.851784   -1.919902   -0.771160   -1.168755  -12.429    5.928   12.798 S_000009
   6 P  -172.604  161.126  159.864  155.138 -101.607 -139.360  -48.863  -40.948  155.621   78.591    0.319081    0.026124   -1.484098   -0.731166   -0.944630   -1.986654   -1.887978   -0.700564   -1.211859  -16.451    8.404   18.310 S_000009
   7 H   -61.776  176.687   52.262   85.865    0.000    0.000   69.789   33.648   96.567 -150.637    0.340986   -1.338434   -0.646866   -0.802347   -1.510562   -1.651789   -1.898843   -0.735515   -1.191910  -20.789    8.494   23.573 S_000009
SCORE:    10.442                 10.442          0          0          0    S_000010
   1 H     0.000  170.252   55.279   83.241    0.000    0.000   80.376   53.521   77.574  179.891    0.178377   -1.427860   -0.481481   -0.679632   -1.357955   -1.729841   -1.849110   -0.702829   -1.239279    3.794    0.984    0.238 S_000010
   2 N   -26.065 -130.630  172.007  146.335 -141.275 -135.325   80.380  -33.279  151.090  147.354    0.335607   -0.153277   -1.484134   -0.814503   -1.030406   -1.984215   -1.942102   -0.701556   -1.201120    1.755    2.278    0.281 S_000010
   3 P   -67.174 -171.745   62.212  145.145 -155.997 -106.484 -147.320  -33.164  152.851  138.237    0.344482   -0.189857   -1.476480   -0.805669   -1.076453   -1.953110   -1.941820   -0.705229   -1.199961   -4.034    2.613    3.914 S_000010
   4 P   -70.161 -127.588   48.987  148.658 -122.605  168.924 -174.892  -38.043  159.797   99.056    0.316111   -0.139779   -1.482987   -0.776700   -1.106221   -1.917126   -1.927503   -0.703429   -1.211688   -9.277    1.179    8.203 S_000010
   5 P   105.521  156.804  148.628  159.247 -128.125 -110.056   82.304  -40.995  149.473 -171.489    0.270028    0.135892   -1.494581   -0.790297   -0.798343   -2.074916   -1.911233   -0.674598   -1.221385  -13.280    3.894   13.367 S_000010
   6 P   -97.972 -152.339   81.706  124.769 -146.581  162.724  125.829  -16.565  146.909   34.182    0.440902   -0.620888   -1.321854   -0.837849   -1.312903   -1.792966   -1.931445   -0.672971   -1.201510  -18.368    3.591   18.472 S_000010
   7 H     0.000 -123.579   65.225   82.709    0.000    0.000   70.323   37.995   91.348  179.900    0.318226   -1.355362   -0.626395   -0.776196   -1.460799   -1.693725   -1.877279   -0.692432   -1.228668  -22.078    6.812   20.687 S_000010
