SEQUENCE: gaaaaaaaaaaaaaaaaaag
SCORE:     score    rna_stub_coord_hack       N_WC      N_NWC       N_BS description
REMARK RNA 
SCORE:     1.311                  1.311          0          1          4    S_000001
   1 H     0.000  170.252   55.279   78.003 -140.404 -128.149   61.770   36.763   97.258  -19.870    0.372156   -1.368451   -0.553334   -0.713184   -1.538206   -1.576650   -1.803146   -0.700772   -1.194098    3.794    0.984    0.238 S_000001
   2 P  -107.866   68.213 -177.478   92.507  178.851 -126.218   53.752   12.940  124.481  179.936    0.403280   -1.213331   -0.840573   -0.896300   -1.639774   -1.541638   -1.933684   -0.770846   -1.153039    5.924    2.154   -4.930 S_000001
   3 P   163.915 -172.598  170.232   84.847 -141.166  -71.216   90.576   34.994   93.637  174.357    0.365294   -1.314023   -0.663394   -0.753743   -1.442508   -1.688954   -1.869242   -0.701492   -1.217749    2.376    7.604   -7.352 S_000001
   4 N   -94.365 -154.934   46.429  146.584 -101.724  149.181  103.287  -35.917  153.020 -152.916    0.364301   -0.219499   -1.460169   -0.748527   -1.173226   -1.884655   -1.892784   -0.731496   -1.200632    0.726   13.879   -9.535 S_000001
   5 P  -104.993  127.762   90.615   79.264 -133.815  -75.470   56.583   38.260   94.324  -26.479    0.301404   -1.426043   -0.432946   -0.785314   -1.672634   -1.473623   -1.854459   -0.791924   -1.170323   -1.772   17.935  -11.270 S_000001
   6 P   -69.715  173.036   57.573   83.744 -157.991  -61.043   88.830   38.147   87.368  -21.653    0.321164   -1.351447   -0.611825   -0.768984   -1.450395   -1.671378   -1.878129   -0.723587   -1.202100   -4.255   23.798  -11.384 S_000001
   7 P   -58.139 -157.673   47.097  137.273 -121.019 -162.787  123.042  -30.005  146.949   90.282    0.362862   -0.328184   -1.452129   -0.810759   -1.192878   -1.901264   -1.935428   -0.771670   -1.158457   -3.061   29.799  -12.631 S_000001
   8 P   154.408 -167.309  177.533   85.213 -130.497  -58.639   65.374   37.930   89.645  -25.428    0.314460   -1.365339   -0.594367   -0.782285   -1.489040   -1.654516   -1.884229   -0.716751   -1.205193   -3.462   36.331  -15.759 S_000001
   9 N     0.000 -178.220   26.950   86.551 -132.091  -73.591   77.229   48.138   74.727  -28.580    0.298493   -1.475094   -0.569848   -0.692423   -1.365163   -1.765168   -1.927470   -0.728406   -1.219414   -3.587   39.747  -20.234 S_000001
  10 P   -98.380   74.460  174.507   84.716 -119.187  -66.209   53.463   36.170   95.451  169.250    0.323503   -1.363503   -0.598680   -0.795119   -1.517673   -1.633654   -1.879798   -0.707401   -1.212980   -5.351   44.317  -22.910 S_000001
  11 P   152.638  133.371 -164.851   80.834 -154.970  -66.931  123.690   31.389  105.683  163.785    0.343562   -1.372884   -0.556790   -0.824956   -1.642144   -1.505629   -1.862930   -0.737757   -1.198496   -6.544   50.445  -25.818 S_000001
  12 P   -82.065 -169.133  159.105  130.152 -118.962 -131.679  102.280  -28.889  151.726  167.282    0.365724   -0.408328   -1.424356   -0.816562   -1.273284   -1.838067   -1.942577   -0.701107   -1.207967   -9.328   56.095  -27.283 S_000001
  13 P   -59.460  162.855   53.617   86.731 -144.329  -62.473  106.453   34.687   97.187 -120.102    0.334783   -1.323840   -0.686234   -0.800597   -1.441717   -1.709216   -1.897218   -0.683381   -1.223364   -8.029   61.963  -30.085 S_000001
  14 P   -30.646 -157.721   55.466   84.682 -156.119 -129.699   72.904   38.557   89.379 -145.507    0.321206   -1.346325   -0.628632   -0.763408   -1.434737   -1.701738   -1.873327   -0.689439   -1.228734   -6.413   67.681  -28.978 S_000001
  15 N   -58.853  167.311   56.485   83.129 -150.806  -54.650   61.740   38.244   92.140  -26.366    0.319123   -1.370137   -0.584515   -0.771483   -1.497630   -1.648709   -1.869283   -0.703148   -1.222248   -5.082   72.760  -32.697 S_000001
  16 P   -91.429   70.841 -175.288   85.041 -164.229  -60.206   68.160   39.339   89.568  -17.648    0.312246   -1.367566   -0.582509   -0.760614   -1.478627   -1.661346   -1.866341   -0.708583   -1.219544   -3.096   76.802  -34.898 S_000001
  17 P   -69.793  174.015   54.565   84.003 -142.688  -72.263   80.031   38.217   90.511  179.883    0.324558   -1.350344   -0.616845   -0.764513   -1.453012   -1.684013   -1.870919   -0.689653   -1.226150   -6.884   80.963  -36.702 S_000001
  18 N  -115.206   94.387 -177.200   87.126 -118.504  -99.475   64.526   31.653  103.274  -23.240    0.329757   -1.356319   -0.619703   -0.839731   -1.570238   -1.578153   -1.898625   -0.720363   -1.194560   -8.918   86.382  -38.220 S_000001
  19 P   -61.204  173.254   50.526   85.092 -146.530  -50.103  103.844   35.886   91.582  172.601    0.333075   -1.329417   -0.675637   -0.789573   -1.430486   -1.715508   -1.903067   -0.719222   -1.204797  -14.176   89.428  -40.903 S_000001
  20 H   -63.470  168.267   57.696   78.514    0.000    0.000   73.607   42.011   90.935  179.884    0.280046   -1.433100   -0.421454   -0.763822   -1.615196   -1.522259   -1.834713   -0.728842   -1.214389  -14.529   94.686  -43.232 S_000001
SCORE:     1.659                  1.659          0          1          4    S_000002
   1 H     0.000  170.252   55.279   82.086 -159.010  -68.522   74.886   36.328   94.536  153.561    0.317323   -1.372256   -0.575330   -0.800382   -1.541562   -1.610441   -1.879987   -0.716627   -1.202868    3.794    0.984    0.238 S_000002
   2 P  -102.206  104.044  177.543   84.918 -159.296 -123.397   89.660   37.394   91.577    3.421    0.315398   -1.361384   -0.611624   -0.789758   -1.479457   -1.664147   -1.886766   -0.708525   -1.210084    8.550    0.003   -2.412 S_000002
   3 N     0.000 -178.226   66.203   86.676 -141.677  -38.362   74.156   38.346   88.082  -24.022    0.314159   -1.346642   -0.631034   -0.778466   -1.430290   -1.699699   -1.880980   -0.675433   -1.230210   11.819    5.299   -2.433 S_000002
   4 N   -70.134 -122.951   45.259  145.902 -161.667 -171.927  171.592  -29.237  145.130  -58.222    0.361392   -0.244021   -1.440161   -0.820842   -1.065751   -1.938745   -1.941641   -0.708015   -1.187291   11.433   10.258   -6.476 S_000002
   5 P   -50.711  150.764   63.462   84.884 -159.788  -47.350   68.832   32.591  102.357  -30.155    0.329231   -1.350010   -0.616763   -0.827024   -1.559336   -1.596758   -1.881895   -0.714943   -1.206401   10.159   15.700   -8.827 S_000002
   6 P  -176.533   78.421  173.337   78.302   80.104   83.727  131.431   34.172   92.582   38.681    0.351502   -1.287604   -0.752257   -0.787597   -1.366122   -1.775163   -1.904434   -0.695647   -1.214482    6.924   21.021  -11.388 S_000002
   7 P   -84.025  166.594   73.067   79.911 -179.348 -123.417   89.779   35.188   98.120  -15.624    0.325054   -1.374806   -0.576496   -0.804974   -1.563205   -1.591934   -1.872365   -0.723717   -1.206138    5.268   26.425  -12.792 S_000002
   8 P   156.514 -176.414  170.719   82.712 -127.414  -75.307   65.799   40.084   89.848  -23.980    0.315304   -1.369360   -0.582570   -0.750143   -1.465773   -1.674744   -1.866737   -0.719037   -1.215051    6.251   33.274  -12.947 S_000002
   9 P   -56.319 -151.350   51.272  140.020 -100.337 -154.876  160.165  -35.102  161.015   16.344    0.335371   -0.379745   -1.442838   -0.794508   -1.350681   -1.755183   -1.937257   -0.765789   -1.169927    4.852   39.714  -13.787 S_000002
  10 N    64.555  166.405   61.798   90.812 -138.664  -55.906   78.846   37.451   86.796  -25.356    0.325484   -1.299210   -0.729668   -0.774137   -1.327946   -1.791758   -1.909110   -0.688340   -1.227342    3.061   45.812  -10.912 S_000002
  11 P  -127.080   93.264 -171.275  103.043 -145.599  -68.794   72.022   24.237   98.054  162.081    0.368889   -1.139815   -0.938800   -0.834081   -1.303776   -1.854765   -1.930691   -0.681896   -1.218704    2.342   50.446  -14.836 S_000002
  12 P   -64.795  158.949   60.899   86.181 -116.915  -61.099   67.053   33.588   97.804  -90.371    0.319507   -1.356405   -0.613888   -0.827639   -1.544115   -1.605087   -1.897576   -0.720704   -1.199799    0.368   55.879  -16.057 S_000002
  13 P   -60.047  171.003   59.872  136.864  -95.432  147.564  119.223  -31.971  158.999   16.550    0.359025   -0.323656   -1.446134   -0.808931   -1.227191   -1.844747   -1.951779   -0.702825   -1.202525    0.353   58.625  -21.440 S_000002
  14 P   -73.903  175.889   49.594   78.575 -126.522  175.258  113.323   37.570   97.215  -17.764    0.314844   -1.410688   -0.486410   -0.789934   -1.621492   -1.529294   -1.856027   -0.738735   -1.204169    2.424   62.613  -24.877 S_000002
  15 P   164.423 -126.231  176.251   91.863 -148.152  -95.447   90.726   36.141   94.787  -18.747    0.308216   -1.335123   -0.633984   -0.806988   -1.469271   -1.673926   -1.899392   -0.725780   -1.196649   -0.589   69.006  -25.395 S_000002
  16 P   -68.290  165.624   53.091  148.683 -120.580  175.250  113.124  -37.907  158.220 -145.963    0.336084   -0.197418   -1.472562   -0.755729   -1.177993   -1.869278   -1.909839   -0.730576   -1.194448   -2.440   75.077  -25.045 S_000002
  17 P   133.231  -95.622  152.652   89.513  169.105 -133.943   80.474   17.341  127.879  -87.358    0.354101   -1.299334   -0.738039   -0.953084   -1.657539   -1.453322   -1.935477   -0.715656   -1.158521   -4.527   80.781  -27.518 S_000002
  18 N  -107.644  175.426   82.093   87.681 -132.813 -122.073   86.572   32.723   97.857  -95.521    0.410239   -1.228386   -0.684488   -0.690658   -1.412545   -1.699422   -1.794320   -0.657205   -1.253733   -4.723   86.789  -30.537 S_000002
  19 N   -98.041 -137.837  155.725  158.717  -99.849  162.372  109.093  -41.754  160.788   52.267    0.289315   -0.001541   -1.489878   -0.763911   -1.005286   -1.960819   -1.921518   -0.690989   -1.218223   -7.597   91.532  -35.232 S_000002
  20 H   167.225  166.347  165.924   80.019    0.000    0.000   58.993   35.666   96.261  -16.562    0.350013   -1.357594   -0.610655   -0.791324   -1.506556   -1.653492   -1.881418   -0.710420   -1.211062   -7.059   96.670  -39.635 S_000002
SCORE:     0.573                  0.573          0          0          5    S_000003
   1 H     0.000  170.252   55.279  113.581   92.249  -54.576  141.974  -25.861  140.708   51.693    0.382093   -0.375366   -1.438906   -0.832179   -1.172444   -1.918177   -1.927813   -0.756018   -1.137279    3.794    0.984    0.238 S_000003
   2 N    56.944  136.047   55.404   83.550 -123.267  -52.491   59.411   37.247   92.792  -16.152    0.339208   -1.355316   -0.585271   -0.747209   -1.514686   -1.635359   -1.855076   -0.720551   -1.223862    6.903    0.795    2.705 S_000003
   3 P   168.992 -156.630  174.212   86.705 -137.197 -119.664  108.197   33.640   99.366  -15.229    0.329923   -1.352776   -0.624135   -0.819988   -1.531632   -1.621327   -1.886817   -0.697388   -1.214338    9.005    6.636    2.149 S_000003
   4 P   -48.285  171.723   57.646   85.102 -138.024  -71.884  111.509   37.286   93.785 -173.380    0.308532   -1.370654   -0.592003   -0.800356   -1.506840   -1.642396   -1.883633   -0.701577   -1.219307   12.209   12.340    1.820 S_000003
   5 P  -126.179  138.940  177.602  128.870 -175.447  -84.014   96.666  -24.675  144.399   34.291    0.429508   -0.180220   -1.458434   -0.791134   -0.883354   -2.050890   -1.911737   -0.664996   -1.226029   12.346   18.823    1.104 S_000003
   6 P   -56.781  170.414   53.556   83.718 -153.090  -82.343   96.498   40.849   84.822 -112.564    0.307267   -1.355750   -0.617232   -0.748354   -1.410914   -1.722072   -1.877339   -0.707083   -1.221037   15.241   22.954   -1.850 S_000003
   7 N   162.851 -174.181  174.872   89.117 -135.686  -80.471   74.982   34.691   91.621  -18.571    0.348335   -1.303500   -0.710850   -0.781973   -1.406205   -1.739385   -1.894539   -0.695738   -1.212818   15.936   29.540   -3.406 S_000003
   8 P  -177.156  174.393  173.221   86.263 -149.185  172.593  -72.434   35.860   96.381  -22.673    0.325910   -1.354460   -0.619569   -0.796919   -1.497179   -1.651701   -1.886836   -0.705286   -1.215900   15.099   36.451   -2.817 S_000003
   9 P   153.593 -174.720  175.405   87.006 -138.710  -67.800   71.797   39.975   84.634  -27.176    0.310808   -1.344282   -0.636662   -0.756981   -1.396052   -1.728260   -1.883757   -0.705854   -1.219704   19.014   42.452   -2.786 S_000003
  10 P   -61.864  168.385   58.325   83.854 -154.815  -94.162   82.525   37.197   95.852 -175.926    0.303655   -1.395818   -0.519820   -0.803462   -1.582061   -1.554381   -1.864894   -0.726094   -1.203389   21.545   47.957   -3.268 S_000003
  11 P   -97.476  136.006   69.320   83.889   39.835  156.241   87.400   28.852  110.560 -104.625    0.361857   -1.302046   -0.693470   -0.827090   -1.509085   -1.616184   -1.840760   -0.611610   -1.256937   23.022   53.906   -3.577 S_000003
  12 P   -83.621  135.327   94.376   96.272 -124.911  -81.522   86.210   22.926  100.207 -171.537    0.399849   -1.182943   -0.881975   -0.801578   -1.420608   -1.770508   -1.900256   -0.746441   -1.186835   22.038   59.941   -5.179 S_000003
  13 P   -69.535 -123.961   66.297  148.563  -83.573 -178.087  173.736  -37.717  156.726   88.565    0.326696   -0.105538   -1.465270   -0.758278   -1.051396   -1.937277   -1.936227   -0.700889   -1.187016   23.492   66.566   -6.483 S_000003
  14 P   -65.485  158.042   59.697   82.188 -159.370  -74.457   85.091   40.611   90.391  175.960    0.302476   -1.377985   -0.561544   -0.758129   -1.476060   -1.656838   -1.846878   -0.668563   -1.245704   24.553   71.930   -9.514 S_000003
  15 P   -55.990 -149.870  178.464   92.721 -150.508  -92.989  108.751   30.458  108.250  -11.244    0.349569   -1.311333   -0.685588   -0.835411   -1.489369   -1.635126   -1.899097   -0.672145   -1.203868   24.164   76.935  -13.521 S_000003
  16 P   -55.303  158.055   50.661   82.714 -144.701 -111.664   85.639   35.427   93.108 -166.777    0.333319   -1.348083   -0.621133   -0.787900   -1.501158   -1.645961   -1.878927   -0.727073   -1.200928   27.532   81.769  -14.945 S_000003
  17 P   152.375  142.031   64.415  148.128 -115.647  144.438   99.872  -37.298  156.734  -84.147    0.331499   -0.157245   -1.479366   -0.767945   -1.115352   -1.917667   -1.916635   -0.734444   -1.191645   31.015   87.903  -13.037 S_000003
  18 N  -177.698  164.271   43.683   86.472 -130.433  -82.847   85.083   33.937  100.444 -179.525    0.337436   -1.331495   -0.649556   -0.804647   -1.487067   -1.655779   -1.876664   -0.675422   -1.220309   30.657   94.323  -12.249 S_000003
  19 P  -107.827   88.551  161.850   87.760 -119.121  -87.161   59.177   35.817   89.406  -26.893    0.352008   -1.281211   -0.731976   -0.755603   -1.340545   -1.770651   -1.876912   -0.690033   -1.213694   35.806   97.291  -11.943 S_000003
  20 H   -67.235  176.835   52.597   81.661    0.000    0.000   83.948   38.508   93.388  179.889    0.314084   -1.375063   -0.572899   -0.774218   -1.502078   -1.637347   -1.860570   -0.686391   -1.231960   39.832  102.438  -10.979 S_000003
SCORE:     1.241                  1.241          0          0          2    S_000004
   1 H     0.000  170.252   55.279   74.851 -153.449  -81.112   73.382   43.729   89.391  -23.830    0.274572   -1.431588   -0.415164   -0.746346   -1.575531   -1.538315   -1.835045   -0.740606   -1.205949    3.794    0.984    0.238 S_000004
   2 P  -126.412 -163.130 -167.755   96.960  -66.876  -99.652  -63.959   16.826  145.437  -19.975    0.403816   -1.267791   -0.706061   -0.845899   -1.734987   -1.454673   -1.750488   -0.684643   -1.281985    8.346   -1.728   -4.270 S_000004
   3 P   150.289 -142.448  133.577   89.355 -103.188  179.977   97.284   30.157   96.865 -162.454    0.379903   -1.248324   -0.775638   -0.787042   -1.386477   -1.741667   -1.882380   -0.673185   -1.220651   10.307    3.089   -7.432 S_000004
   4 P    64.149  177.532 -178.116   83.579 -143.535  -69.167   99.675   37.943   93.663  -20.950    0.311423   -1.377025   -0.568188   -0.785051   -1.518831   -1.624082   -1.866180   -0.698485   -1.221914    8.183    9.359   -8.858 S_000004
   5 P     0.000 -178.219   75.956   85.948 -153.931  -66.939   64.844   32.024  101.186  115.390    0.349566   -1.340413   -0.647850   -0.814083   -1.539582   -1.627224   -1.897325   -0.720404   -1.207388    7.370   13.151  -13.121 S_000004
   6 P  -133.749 -135.407  144.310  130.845 -116.303 -178.649  121.579  -35.275  165.934  163.039    0.368044   -0.566274   -1.363413   -0.770648   -1.563835   -1.500435   -1.902733   -0.799223   -1.154475    3.821   19.053  -13.956 S_000004
   7 N   -66.849 -173.842   42.737   81.535  151.902  -27.975   93.048   42.146   82.422  -92.265    0.268024   -1.381210   -0.552220   -0.773306   -1.450263   -1.660930   -1.874536   -0.702148   -1.204377    2.520   24.006  -17.914 S_000004
   8 N    58.763 -174.463  -62.018   97.388 -147.848  -89.323   80.226   34.012   86.596  -17.451    0.349901   -1.182252   -0.896463   -0.790802   -1.135094   -1.913050   -1.924357   -0.656726   -1.220898    0.232   28.114  -18.939 S_000004
   9 N   -64.167 -175.945   48.495   80.782 -146.041  -72.429   78.341   40.737   90.180  -18.966    0.289552   -1.408552   -0.491212   -0.772855   -1.557366   -1.581207   -1.853961   -0.717212   -1.217435   -1.867   32.478  -23.313 S_000004
  10 N  -102.288 -114.811  152.099  152.073  -94.878  153.513  109.832  -37.104  159.441   32.450    0.319886   -0.166689   -1.482528   -0.788521   -1.122043   -1.900878   -1.935757   -0.712507   -1.193642    0.402   38.703  -25.700 S_000004
  11 P  -178.453 -136.345   56.469  153.979 -113.639   99.714  116.386  -39.428  156.666  -41.043    0.315608   -0.068729   -1.486591   -0.761964   -1.044749   -1.950925   -1.913032   -0.732990   -1.193752    0.012   45.474  -26.515 S_000004
  12 P   163.915 -172.598  170.232   84.847 -141.166  -71.216   90.576   34.994   93.637  174.357    0.365294   -1.314023   -0.663394   -0.753743   -1.442508   -1.688954   -1.869242   -0.701492   -1.217749   -2.550   49.918  -29.344 S_000004
  13 P   151.619 -143.564  168.715   10.088   91.649  106.338   71.213   26.952  100.335  179.884    0.419615   -1.154357   -0.894439   -0.779181   -1.268248   -1.843029   -1.906169   -0.668723   -1.224740   -4.251   55.176  -32.287 S_000004
  14 P  -129.716 -162.904   83.966  150.805  -71.694   76.041  148.888  -35.179  144.064   17.545    0.342521   -0.045078   -1.486433   -0.772549   -0.918628   -2.033162   -1.894813   -0.698692   -1.204207   -4.447   59.940  -37.334 S_000004
  15 P   160.006  132.453 -174.738   84.688 -122.661  -58.070  115.654   28.763  111.512  179.932    0.343166   -1.370324   -0.585832   -0.859827   -1.657952   -1.491785   -1.865366   -0.712071   -1.207881   -6.336   64.167  -36.162 S_000004
  16 P   160.373   83.471  174.358  110.126 -145.014  -77.450   88.830   10.256  109.650 -140.438    0.415602   -0.968774   -1.094113   -0.852791   -1.300122   -1.860583   -1.949436   -0.711604   -1.193646   -9.779   69.996  -36.807 S_000004
  17 P   -45.939 -176.627   39.209   88.323 -158.883  -85.080   95.720   32.629   94.293 -110.207    0.330969   -1.302863   -0.721181   -0.840132   -1.418653   -1.714314   -1.920262   -0.700238   -1.186991  -12.266   75.448  -38.527 S_000004
  18 P  -147.370  132.427  163.030   85.740 -133.620  -84.078   67.702   34.176   93.870  -15.107    0.344463   -1.309014   -0.688719   -0.791759   -1.433451   -1.704701   -1.888885   -0.699291   -1.211989  -13.289   80.907  -42.324 S_000004
  19 P   -45.155  171.297   50.009  127.136 -162.964 -104.257  127.752  -25.217  158.077 -150.094    0.438166   -0.263066   -1.437777   -0.776346   -1.009467   -1.975085   -1.925620   -0.691715   -1.221366  -15.242   86.052  -45.267 S_000004
  20 H   -74.965 -174.268   60.788   84.630    0.000    0.000   99.527   33.310   98.365   55.186    0.361021   -1.325991   -0.654624   -0.782111   -1.492447   -1.653433   -1.880037   -0.713331   -1.210919  -14.938   92.180  -47.759 S_000004
SCORE:     1.217                  1.217          0          0          4    S_000005
   1 H     0.000  170.252   55.279  101.364  -81.167  -94.248   87.333   28.341  103.478  -13.240    0.354575   -1.220913   -0.850834   -0.844808   -1.334966   -1.793739   -1.930705   -0.635927   -1.235240    3.794    0.984    0.238 S_000005
   2 P  -176.533   78.421  173.337   78.302   80.104   83.727  131.431   34.172   92.582   38.681    0.351502   -1.287604   -0.752257   -0.787597   -1.366122   -1.775163   -1.904434   -0.695647   -1.214482    5.123    1.065   -6.260 S_000005
   3 P   176.475 -109.522  163.393   80.636 -110.891  -59.053   55.314   31.789   98.627  -11.863    0.396398   -1.312146   -0.655729   -0.760568   -1.497548   -1.631000   -1.865089   -0.701205   -1.210390    4.000    5.713  -11.037 S_000005
   4 N   -52.702  172.923   49.702   84.169 -165.377 -100.510   95.305   35.324   96.911 -144.598    0.323649   -1.362952   -0.603981   -0.808138   -1.526598   -1.626536   -1.889159   -0.716986   -1.203713    4.105   11.656  -11.073 S_000005
   5 P  -101.424   81.895  168.957   86.097 -127.609  -60.533   58.407   37.387   89.891 -172.211    0.345966   -1.331161   -0.652437   -0.747079   -1.431260   -1.715245   -1.891512   -0.737545   -1.207247    5.276   17.029  -11.640 S_000005
   6 N   -64.790  176.587   59.208  145.792  -87.601  -94.030  119.242  -28.468  150.965   26.425    0.400803   -0.153763   -1.462151   -0.794764   -0.931214   -2.014656   -1.926424   -0.696988   -1.216410    3.999   22.430  -14.315 S_000005
   7 P  -141.103   93.426  169.495   91.069 -150.020  -92.359   62.089   37.264   87.277  136.929    0.317046   -1.318105   -0.686127   -0.788078   -1.384274   -1.745631   -1.907231   -0.711992   -1.202040    4.255   28.741  -16.235 S_000005
   8 P  -164.568 -170.751   55.032   87.527 -119.547  -97.862   87.622   35.844   95.141 -169.159    0.334965   -1.322284   -0.676539   -0.784961   -1.427504   -1.718318   -1.882239   -0.668478   -1.240161    2.331   35.009  -18.835 S_000005
   9 P   -35.553 -147.403   47.870  144.287 -104.835  134.106  127.437  -30.715  149.079   27.990    0.338579   -0.283670   -1.458990   -0.841439   -1.149681   -1.910701   -1.957558   -0.722047   -1.175952    7.568   38.705  -16.956 S_000005
  10 P   152.804  179.450  178.912   87.198 -154.572  -78.725   73.493   37.836   90.078  169.479    0.323288   -1.361977   -0.597100   -0.768408   -1.488119   -1.654360   -1.884994   -0.739724   -1.191211    9.386   44.526  -18.967 S_000005
  11 P   -95.487  162.396   50.081  139.671 -114.432  -87.871  129.126  -29.834  146.365   19.356    0.359978   -0.281452   -1.461511   -0.819209   -1.128036   -1.935586   -1.943157   -0.735060   -1.174106    8.794   50.655  -20.516 S_000005
  12 P  -136.102  103.272  168.974   85.473 -128.309  -79.232   63.030   36.383   91.833 -170.126    0.322483   -1.346531   -0.624388   -0.787074   -1.484827   -1.666329   -1.892459   -0.741690   -1.189660   13.150   55.658  -20.203 S_000005
  13 P  -133.749 -135.407  144.310  130.845 -116.303 -178.649  121.579  -35.275  165.934  163.039    0.368044   -0.566274   -1.363413   -0.770648   -1.563835   -1.500435   -1.902733   -0.799223   -1.154475   16.607   61.678  -21.454 S_000005
  14 P   152.594  176.327  171.244   91.237 -151.427  -73.024   82.556   36.730   87.095   -0.293    0.324489   -1.292433   -0.740995   -0.782053   -1.325054   -1.790390   -1.912036   -0.712281   -1.201892   19.882   68.008  -20.656 S_000005
  15 P   179.287 -110.722  175.370   84.220  166.585   36.719   33.698   29.322  110.860  -90.955    0.339322   -1.362752   -0.610024   -0.858927   -1.622377   -1.528823   -1.887832   -0.713684   -1.204096   21.265   74.129  -22.293 S_000005
  16 P  -157.949  139.177  162.823   82.323  -94.243  -59.903   64.255   41.562   82.949  -31.769    0.315708   -1.362731   -0.573381   -0.728610   -1.414170   -1.672630   -1.854827   -0.702499   -1.217455   19.822   79.190  -25.071 S_000005
  17 N   -70.133 -174.800   51.326  152.775 -157.283   88.173  128.808  -36.399  149.581  -48.255    0.325416    0.004252   -1.484593   -0.787581   -0.883084   -2.040854   -1.918081   -0.703294   -1.209703   19.580   85.016  -27.149 S_000005
  18 P   167.956  168.479  179.253   88.860  -98.532  -86.975   73.313   34.902   90.785 -168.683    0.349434   -1.250241   -0.788311   -0.783876   -1.272465   -1.819946   -1.908019   -0.646347   -1.228825   22.837   88.916  -31.045 S_000005
  19 P   153.109 -158.615  171.108   84.708 -138.125  -69.612   57.715   37.635   93.652  -13.792    0.321789   -1.360366   -0.593188   -0.773049   -1.495954   -1.649786   -1.864180   -0.695157   -1.223989   26.771   94.015  -31.888 S_000005
  20 H   -70.357  172.230   64.988   79.001    0.000    0.000   71.941   39.323   98.598  -19.385    0.308165   -1.398503   -0.526130   -0.769074   -1.550675   -1.598697   -1.813263   -0.647416   -1.260033   27.769  100.021  -30.446 S_000005
SCORE:     0.703                  0.703          0          2          2    S_000006
   1 H     0.000  170.252   55.279  132.938  -95.591 -142.640 -169.385  -33.604  170.820  113.252    0.356587   -0.413439   -1.427351   -0.797687   -1.365112   -1.725140   -1.949795   -0.735800   -1.190161    3.794    0.984    0.238 S_000006
   2 N   -63.362 -146.499   44.353   91.380 -175.874  -89.715  132.553   32.770   93.101  171.704    0.347767   -1.302464   -0.706765   -0.812611   -1.429538   -1.701126   -1.919884   -0.728240   -1.171971    9.457    1.319   -3.696 S_000006
   3 P  -112.908   84.497  170.464   87.540 -125.413  -77.907   63.669   39.166   84.620  -18.286    0.329033   -1.302810   -0.708279   -0.747225   -1.310337   -1.791840   -1.895668   -0.719297   -1.206481   12.002    5.902   -5.852 S_000006
   4 P   173.355  125.936  172.381   92.573 -126.321  -63.423   74.322   39.444   80.014  179.963    0.248303   -1.280816   -0.752540   -0.820131   -1.269836   -1.836540   -1.977263   -0.755674   -1.188652   15.344   12.125   -6.329 S_000006
   5 P    55.198 -135.935  -63.314  129.823 -138.133 -122.026  -50.037  -24.590  146.871 -177.812    0.430171   -0.232990   -1.446075   -0.790036   -0.956098   -2.016309   -1.909673   -0.700146   -1.206941   18.671   15.162   -8.785 S_000006
   6 P   -61.348  151.815   63.090   79.410 -122.403  -88.243   68.605   35.430   94.558  179.918    0.367176   -1.329496   -0.658625   -0.747207   -1.450797   -1.685244   -1.827378   -0.668211   -1.237410   22.736   20.007   -8.348 S_000006
   7 N   -71.495 -154.645   49.396  143.200 -103.143  134.931   89.197  -31.078  147.743   17.693    0.356258   -0.216162   -1.477697   -0.810350   -1.067115   -1.975109   -1.939291   -0.723192   -1.187561   24.838   26.271  -10.362 S_000006
   8 P   178.374  129.701   52.361  143.985  -83.498  130.526   96.769  -33.752  155.368  -54.092    0.332207   -0.284888   -1.461262   -0.815500   -1.213238   -1.870668   -1.953210   -0.756321   -1.169935   26.521   31.271   -7.652 S_000006
   9 P   140.004 -161.511  172.648   87.535 -135.875 -127.774  -63.089   27.673  113.365  -21.649    0.351703   -1.359808   -0.617725   -0.860422   -1.647064   -1.511100   -1.888219   -0.728269   -1.197425   30.690   34.828   -4.668 S_000006
  10 P   -74.467 -177.551   65.794   89.512 -138.562  -67.576   78.100   36.978  106.430  -18.767    0.290690   -1.339582   -0.649334   -0.822726   -1.418233   -1.685680   -1.785867   -0.483495   -1.318633   32.229   40.886   -1.798 S_000006
  11 P  -165.123  123.315  171.991   87.033 -153.571  -59.887   73.452   35.136   95.198   -8.374    0.331756   -1.337775   -0.632899   -0.796073   -1.488319   -1.658809   -1.881383   -0.691431   -1.212719   36.202   46.383   -2.907 S_000006
  12 P   -51.366  159.456   57.860   97.555  162.044 -150.575  116.893   13.664  118.090  -85.317    0.420194   -1.081106   -1.003611   -0.869052   -1.395608   -1.775530   -1.933883   -0.679967   -1.200976   39.801   50.615   -2.541 S_000006
  13 P   -57.092  127.841   44.547   87.534 -116.867 -127.799  147.159   30.017  104.831  -13.155    0.356957   -1.328314   -0.659653   -0.828488   -1.548458   -1.605708   -1.900881   -0.719773   -1.196238   41.305   55.541   -0.708 S_000006
  14 P   -67.799 -146.390   61.351  138.077 -111.780  179.539  136.456  -32.975  164.412   24.654    0.345876   -0.486313   -1.408181   -0.813296   -1.436410   -1.666158   -1.937060   -0.759364   -1.169281   45.485   59.703    3.128 S_000006
  15 N  -132.568  122.064   31.360   96.062   33.351  174.701  -70.490    1.612  144.697  179.869    0.441124   -1.104429   -0.956591   -0.887761   -1.653226   -1.487483   -1.906033   -0.724042   -1.194434   46.990   65.544    3.360 S_000006
  16 P   -82.522 -173.901   50.300  139.055 -115.199  179.062  149.082  -32.367  151.652  165.711    0.349502   -0.343881   -1.444356   -0.804139   -1.257945   -1.837809   -1.936483   -0.771964   -1.159998   51.249   69.533    6.782 S_000006
  17 P    90.227 -127.081 -150.713   82.253 -129.424  -73.849  -50.286   33.603   97.534  -21.932    0.334435   -1.349293   -0.630402   -0.817321   -1.524796   -1.630139   -1.895620   -0.723409   -1.203148   54.137   74.986    7.699 S_000006
  18 P   -61.825  177.435   45.955   80.707  173.723  -86.409   86.252   37.610   95.498   89.948    0.299124   -1.422839   -0.416341   -0.803765   -1.680273   -1.444527   -1.850835   -0.775121   -1.172278   58.113   79.860    8.597 S_000006
  19 P   -30.646 -157.721   55.466   84.682 -156.119 -129.699   72.904   38.557   89.379 -145.507    0.321206   -1.346325   -0.628632   -0.763408   -1.434737   -1.701738   -1.873327   -0.689439   -1.228734   61.622   84.463    8.892 S_000006
  20 H   -71.468  172.110   54.003   74.355    0.000    0.000   87.364   43.157   89.741   95.896    0.270858   -1.445979   -0.383383   -0.760720   -1.639751   -1.501312   -1.816444   -0.726879   -1.222127   63.246   88.132   14.137 S_000006
SCORE:     1.029                  1.029          0          0          5    S_000007
   1 H     0.000  170.252   55.279   77.947 -155.388 -107.789   77.643   38.779   99.181  -16.931    0.294288   -1.446185   -0.369726   -0.799654   -1.711292   -1.410073   -1.802552   -0.734486   -1.213640    3.794    0.984    0.238 S_000007
   2 P   -46.789 -146.615  148.606   86.023 -106.785  -75.490   86.258   30.913  100.571   84.436    0.365411   -1.296996   -0.714109   -0.808189   -1.462299   -1.684330   -1.900205   -0.698640   -1.201356    8.336    0.885   -4.595 S_000007
   3 P   -63.205  171.353   54.703   80.508 -166.947 -112.593   87.404   39.529   93.956  -19.361    0.312179   -1.391493   -0.527466   -0.762039   -1.531548   -1.601004   -1.844492   -0.705140   -1.217484    9.593    6.727   -6.680 S_000007
   4 N  -122.329  136.115  121.785  113.623 -151.287  -53.450  124.898   33.717   72.191  -22.279    0.339534   -0.923367   -1.171127   -0.812548   -0.604958   -2.106668   -1.917397   -0.669884   -1.231306   10.590   13.156   -6.661 S_000007
   5 P   -75.949  176.194   58.651   83.681 -120.448 -176.385   94.556   39.197   90.122 -141.902    0.303610   -1.387541   -0.544527   -0.776002   -1.525821   -1.616530   -1.871473   -0.725384   -1.208939   10.222   17.920  -10.369 S_000007
   6 P   -38.358  157.674   36.001   84.787 -176.859 -116.281  129.979   19.252  124.883  177.810    0.354233   -1.369644   -0.587632   -0.939275   -1.791821   -1.306017   -1.871753   -0.748094   -1.168456   12.004   23.553  -12.266 S_000007
   7 P   164.423 -126.231  176.251   91.863 -148.152  -95.447   90.726   36.141   94.787  -18.747    0.308216   -1.335123   -0.633984   -0.806988   -1.469271   -1.673926   -1.899392   -0.725780   -1.196649   13.660   29.901  -12.645 S_000007
   8 P  -136.188  147.408  170.784   84.536 -136.102  -73.016   76.513   39.583   86.659  179.914    0.336335   -1.326095   -0.664039   -0.729869   -1.374732   -1.758977   -1.869372   -0.707693   -1.223661   15.528   36.023  -15.067 S_000007
   9 N    76.258 -179.701  177.603  148.350 -103.608  -85.361   42.004  -32.910  144.229  178.893    0.346401   -0.089160   -1.482494   -0.800593   -0.935956   -2.038211   -1.916936   -0.748185   -1.180112   17.302   41.536  -16.768 S_000007
  10 N   -96.040  106.137   98.068   69.828   18.490  144.424 -137.271   45.676   72.953  129.920    0.269892   -1.448357   -0.492480   -0.733032   -1.404794   -1.605357   -1.852935   -0.659449   -1.267127   13.600   46.172  -17.716 S_000007
  11 P   -53.982  175.499   58.101   69.370 -168.827  -83.451   78.681   38.769  106.876 -133.947    0.241743   -1.499270   -0.131829   -0.868124   -1.900732   -1.112730   -1.759431   -0.806190   -1.173860    9.457   50.547  -19.640 S_000007
  12 P   178.953  121.420   60.039  137.761  -89.783  162.171   95.568  -36.201  164.047  -85.504    0.329547   -0.376318   -1.443259   -0.795164   -1.365299   -1.724089   -1.935867   -0.737984   -1.183291   10.321   55.336  -24.622 S_000007
  13 P   -82.645 -177.969   72.751  145.260 -157.503 -148.229  111.875  -38.545  157.429  -12.075    0.322205   -0.223436   -1.480851   -0.764697   -1.222995   -1.851784   -1.919902   -0.771160   -1.168755    8.920   59.966  -28.342 S_000007
  14 P   166.495  172.404  174.231   87.746 -132.714  -66.796   66.289   35.684   95.741  -22.140    0.317062   -1.318123   -0.699594   -0.783392   -1.426334   -1.729960   -1.879184   -0.700135   -1.218640    8.034   66.462  -31.549 S_000007
  15 P   -46.848  173.047   58.649   81.616 -147.491 -113.650   75.970   26.460  116.195   -7.778    0.343969   -1.397167   -0.529892   -0.885376   -1.751831   -1.377590   -1.858804   -0.747387   -1.189903    5.854   71.724  -33.514 S_000007
  16 N    38.576 -128.029  162.452  144.023 -112.117 -179.934   98.135  -33.893  155.529   33.016    0.341529   -0.304296   -1.446604   -0.793318   -1.233034   -1.834134   -1.932932   -0.716435   -1.188409    4.027   76.786  -35.183 S_000007
  17 P   -52.109  163.750   49.735   81.541 -171.378  -81.758   98.616   34.774   98.224  -70.682    0.342114   -1.346338   -0.626724   -0.790041   -1.505717   -1.644573   -1.866983   -0.692616   -1.227285    1.213   80.239  -39.526 S_000007
  18 P  -145.987  156.330 -171.280   97.698 -150.657  -84.135   71.724   29.301   97.426  177.190    0.377424   -1.188179   -0.884020   -0.797503   -1.265138   -1.847696   -1.920332   -0.677393   -1.214796   -2.768   84.643  -42.538 S_000007
  19 P   -83.817 -165.948   50.621   84.595 -172.033  -63.456   97.924   34.138   94.485  -71.652    0.318930   -1.359460   -0.623136   -0.828722   -1.525279   -1.624664   -1.912333   -0.729237   -1.186193   -3.476   90.850  -45.078 S_000007
  20 H   -52.897  150.443   72.042   83.468    0.000    0.000   74.834   39.392   91.450  179.930    0.308193   -1.379987   -0.558729   -0.766033   -1.507597   -1.636187   -1.857629   -0.695373   -1.232809   -6.734   94.375  -47.120 S_000007
SCORE:     1.146                  1.146          0          0          4    S_000008
   1 H     0.000  170.252   55.279   80.113 -143.424 -120.328   80.079   50.459   75.385  179.880    0.204845   -1.408003   -0.508817   -0.710196   -1.351164   -1.718410   -1.868935   -0.721255   -1.213063    3.794    0.984    0.238 S_000008
   2 P  -101.668   85.863  163.401   88.209 -123.748 -140.327   72.051   28.072  104.138 -124.669    0.372023   -1.259642   -0.777270   -0.826687   -1.435383   -1.712109   -1.904205   -0.676946   -1.212812    6.948    1.997   -4.459 S_000008
   3 P   -45.721 -128.552  109.231   93.331   51.130  -77.014  112.907   15.021  121.874   62.910    0.428889   -1.118985   -0.958416   -0.850104   -1.424316   -1.726025   -1.917344   -0.669288   -1.209207    4.968    6.540   -8.912 S_000008
   4 N   130.112   95.322  172.754   90.106   56.912  145.328  104.661    8.381  132.866   62.578    0.456949   -1.143678   -0.910033   -0.837173   -1.613303   -1.559636   -1.911375   -0.786802   -1.156642    4.398   11.223   -7.764 S_000008
   5 N   -70.088 -168.791   59.124  145.389 -132.858  147.709  128.046  -32.808  150.801   26.119    0.334288   -0.170043   -1.477567   -0.820665   -1.040289   -1.964547   -1.944110   -0.688192   -1.197251    4.994   16.970  -11.278 S_000008
   6 N  -173.765 -169.103   42.290   86.036 -143.693  -70.998   70.890   32.703   95.809  145.473    0.354829   -1.304861   -0.699930   -0.796738   -1.450574   -1.695739   -1.894688   -0.718264   -1.198569    3.314   23.584  -10.637 S_000008
   7 P   -83.701 -126.382  174.367   82.597 -141.195  -77.743   85.333   36.881   96.270  174.334    0.315541   -1.381866   -0.574896   -0.795241   -1.544139   -1.617953   -1.869527   -0.718731   -1.207762    5.208   26.402  -16.653 S_000008
   8 P   145.559 -147.661 -179.920   89.636 -147.948 -121.251  142.316   19.265  124.361   72.826    0.378876   -1.314939   -0.680925   -0.895597   -1.696331   -1.431095   -1.862822   -0.708039   -1.208086    4.774   32.118  -19.329 S_000008
   9 P   -65.896 -164.502   40.359   90.175 -158.672  -87.112  102.458   33.041   91.561 -127.215    0.345106   -1.270454   -0.753868   -0.809638   -1.356321   -1.755975   -1.918344   -0.697744   -1.188275    4.681   37.811  -23.137 S_000008
  10 P  -166.924 -154.036  159.889   90.332 -178.658 -136.635   73.477   26.413  115.255    3.673    0.345049   -1.323606   -0.689620   -0.882069   -1.572952   -1.568229   -1.923026   -0.712384   -1.176451    1.509   43.956  -23.017 S_000008
  11 P  -110.906   85.403  146.526   96.485 -146.471  -71.677   82.967   37.592   89.575  -25.101    0.355031   -1.333348   -0.642374   -0.735209   -1.381286   -1.668881   -1.904644   -0.765621   -1.184184    2.351   49.637  -23.813 S_000008
  12 P   -72.117  169.478   64.238   81.647 -128.068  -57.072   75.424   33.310   98.371  179.913    0.343363   -1.344914   -0.634758   -0.803338   -1.524768   -1.627372   -1.862479   -0.695341   -1.223484    6.751   52.983  -26.617 S_000008
  13 N   -63.482  161.248   53.100   80.478  -96.690 -140.010   85.996   38.217   97.274 -144.292    0.311577   -1.404413   -0.482871   -0.781289   -1.603191   -1.532252   -1.824841   -0.702574   -1.225941    6.246   57.308  -30.501 S_000008
  14 P   159.394 -127.912  -76.233   81.857 -151.456  -50.225   77.961   37.191   92.409  150.107    0.312817   -1.360771   -0.604113   -0.793662   -1.488362   -1.652261   -1.884922   -0.713071   -1.209802    4.159   63.848  -29.480 S_000008
  15 N  -166.894  112.389   43.425  139.144  -93.797  169.401  110.119  -36.534  157.292  -64.107    0.358303   -0.428822   -1.410188   -0.754876   -1.434866   -1.649973   -1.895696   -0.801075   -1.141606    1.521   66.890  -34.805 S_000008
  16 P   -63.611  170.084   56.145   76.975 -179.268  -81.011   98.837   42.082   87.254 -150.074    0.293244   -1.407913   -0.501182   -0.746606   -1.520998   -1.607649   -1.843831   -0.728113   -1.206557   -2.593   71.128  -36.334 S_000008
  17 P  -166.898   57.415  164.201   84.573 -140.977  -65.616   66.700   35.291   96.775  -22.631    0.321818   -1.367659   -0.593412   -0.810656   -1.539393   -1.613780   -1.888899   -0.719215   -1.201128   -2.745   77.525  -38.324 S_000008
  18 P  -174.180  152.972 -160.333  104.826 -142.767  -78.703   76.242   19.884  101.194  179.947    0.387962   -1.086681   -0.991172   -0.843871   -1.294637   -1.855867   -1.944422   -0.700499   -1.202484   -3.834   83.807  -40.892 S_000008
  19 N   -81.961  158.352   82.446   85.947 -143.907  -70.598   77.344   31.670  102.939  -18.495    0.329237   -1.352801   -0.633236   -0.829456   -1.575823   -1.597923   -1.887268   -0.716073   -1.204565   -3.497   89.737  -42.832 S_000008
  20 H   -49.018  152.029   44.628   75.451    0.000    0.000   75.435   42.393   87.703  -21.948    0.292146   -1.416875   -0.469892   -0.749818   -1.543513   -1.582270   -1.850839   -0.738483   -1.208202   -6.579   94.038  -44.859 S_000008
SCORE:     1.028                  1.028          0          1          5    S_000009
   1 H     0.000  170.252   55.279   82.861 -158.803 -102.461   83.508   35.312   96.856   89.727    0.331438   -1.354438   -0.608650   -0.794735   -1.512940   -1.628635   -1.876312   -0.710080   -1.205691    3.794    0.984    0.238 S_000009
   2 P  -108.008   79.779  169.411   82.909 -122.883  -80.750   61.728   37.628   90.541   75.007    0.335830   -1.339165   -0.641039   -0.760320   -1.437941   -1.705533   -1.876376   -0.697542   -1.222814    7.608    1.788   -3.987 S_000009
   3 P   -60.519 -150.721   69.014  155.654  -81.600 -163.057  158.185  -44.635  163.664   97.265    0.258206   -0.039368   -1.494873   -0.750175   -1.106028   -1.909076   -1.907704   -0.770525   -1.183420   10.607    5.776   -8.549 S_000009
   4 N  -156.867  110.215 -178.694   83.001 -125.031  -85.767   63.480   35.303   94.446  -15.749    0.334787   -1.336847   -0.646589   -0.789555   -1.475273   -1.675352   -1.872685   -0.695674   -1.220194   12.204   10.690  -12.291 S_000009
   5 P   -65.930  169.362   58.764   82.440 -167.476  -74.096   79.204   38.575   89.277  -31.526    0.313022   -1.344486   -0.635367   -0.773879   -1.419794   -1.704570   -1.873277   -0.682346   -1.229406   12.662   17.112  -11.789 S_000009
   6 P   -68.680  168.672   60.912   90.227 -142.464  -66.174   92.025   30.121  104.634  -24.667    0.358036   -1.299457   -0.726338   -0.821029   -1.471149   -1.679859   -1.898017   -0.674503   -1.222977   12.677   22.745  -13.668 S_000009
   7 N  -139.048  166.464  170.340   86.512 -154.158  -65.732   70.175   34.223   96.956   10.890    0.341865   -1.327089   -0.657684   -0.792520   -1.472840   -1.667874   -1.873415   -0.684865   -1.220649   10.124   26.890  -18.310 S_000009
   8 N   -29.337 -168.166   24.890   82.408 -140.930  -61.710  -96.690   36.714  100.289  -12.639    0.345051   -1.361182   -0.579373   -0.752398   -1.540226   -1.627723   -1.881642   -0.711547   -1.248147    9.149   29.878  -23.317 S_000009
   9 P   -56.759  170.515   54.671  114.805 -155.382  159.290  123.691   -1.306  140.222  179.908    0.469807   -1.020056   -0.995642   -0.866204   -1.585957   -1.500034   -1.857832   -0.652045   -1.218328    6.427   34.602  -25.703 S_000009
  10 P   158.715 -157.769  167.512   84.007 -113.599  -54.249   62.886   34.119   94.129  -18.044    0.366858   -1.293815   -0.718613   -0.767897   -1.400038   -1.741159   -1.887798   -0.684380   -1.222260    5.043   40.864  -28.686 S_000009
  11 P  -112.695  134.502  165.073   88.714 -112.228 -169.048 -119.275   21.442  123.447   15.514    0.350072   -1.348813   -0.668568   -0.923382   -1.690440   -1.446275   -1.877090   -0.689608   -1.206340    1.996   46.108  -29.292 S_000009
  12 P   -67.718  164.503   54.691   84.226 -157.766  -73.399   70.896   41.368   84.999  179.925    0.303645   -1.350197   -0.626783   -0.748068   -1.378795   -1.736232   -1.867738   -0.656043   -1.248197    3.574   50.148  -34.037 S_000009
  13 P   -66.615  172.030   55.030   82.644 -139.789  -75.366   78.750   41.114   88.376  178.065    0.292728   -1.387601   -0.542585   -0.763235   -1.491655   -1.644288   -1.855175   -0.682574   -1.241075    4.334   55.100  -37.499 S_000009
  14 P  -121.268   96.255  160.858   84.068 -129.224  -75.533   52.974   39.319   83.507  163.622    0.314545   -1.331005   -0.665243   -0.765492   -1.368406   -1.749613   -1.901059   -0.720680   -1.199163    4.457   61.095  -38.969 S_000009
  15 P  -133.749 -135.407  144.310  130.845 -116.303 -178.649  121.579  -35.275  165.934  163.039    0.368044   -0.566274   -1.363413   -0.770648   -1.563835   -1.500435   -1.902733   -0.799223   -1.154475    4.569   67.873  -40.783 S_000009
  16 P    91.686 -113.858 -165.407   84.676 -144.910  -67.615   67.081   36.721   95.233 -141.080    0.331789   -1.354944   -0.609246   -0.775537   -1.496717   -1.656488   -1.866246   -0.689291   -1.231107    3.352   73.626  -42.340 S_000009
  17 N  -117.928  163.085  140.542   74.750 -128.345  -67.509   60.349   40.402   87.581  -19.436    0.267559   -1.415088   -0.468029   -0.794021   -1.570377   -1.532371   -1.895780   -0.772226   -1.165552    0.294   79.386  -41.812 S_000009
  18 N   -63.846  165.988   55.584   80.442 -150.752  -83.560   79.318   38.280   95.916  174.765    0.302786   -1.409936   -0.490491   -0.793349   -1.604580   -1.543837   -1.854498   -0.719089   -1.216381   -1.850   85.003  -40.748 S_000009
  19 N   -75.322 -177.580   55.641   85.646 -112.597 -150.291   84.633   36.550   96.141  -91.181    0.327449   -1.356735   -0.608661   -0.783699   -1.495332   -1.649029   -1.866965   -0.680107   -1.234837   -0.989   91.453  -40.310 S_000009
  20 H   -61.361  171.250   53.523   83.395    0.000    0.000   74.920   34.298   93.436 -108.022    0.329017   -1.363665   -0.590831   -0.804598   -1.553601   -1.587583   -1.881187   -0.751473   -1.179502   -1.249   97.367  -43.409 S_000009
SCORE:     0.358                  0.358          0          0          4    S_000010
   1 H     0.000  170.252   55.279   82.954  -88.064 -131.174   53.034   38.189   90.097 -163.327    0.314874   -1.354074   -0.599331   -0.777512   -1.464341   -1.662280   -1.879887   -0.710015   -1.210038    3.794    0.984    0.238 S_000010
   2 P   -75.584 -132.085   91.249  104.268 -149.224 -171.848  102.423   18.612  131.713   -5.683    0.419027   -1.215611   -0.813500   -0.840430   -1.584066   -1.635919   -1.826410   -0.644085   -1.278143    5.550    0.995   -6.521 S_000010
   3 P   -79.912 -171.943   62.586   86.663 -143.032  -73.853   81.642   42.365   89.963  -27.631    0.308807   -1.352888   -0.591053   -0.717944   -1.404096   -1.714903   -1.811804   -0.617355   -1.282968    7.766    6.788   -9.154 S_000010
   4 P   -45.775  171.933   45.683   83.642 -151.760  -73.714   64.921   35.796   93.993  179.900    0.332303   -1.334130   -0.643819   -0.787313   -1.463871   -1.680615   -1.877372   -0.691021   -1.219811    6.740   12.266  -11.486 S_000010
   5 P   -82.534 -147.865   56.470  137.591  -66.592 -145.303  136.505  -29.777  155.494    9.743    0.357452   -0.356921   -1.433932   -0.813930   -1.221796   -1.863159   -1.940128   -0.684621   -1.212727    2.834   17.693  -12.629 S_000010
   6 P   -63.293 -160.325   41.193   76.161 -178.148 -126.599  117.558   31.465  111.754 -140.083    0.325638   -1.414073   -0.477438   -0.849654   -1.727384   -1.406701   -1.862552   -0.766124   -1.184300    0.053   23.809  -11.312 S_000010
   7 P   -41.673  158.170   55.044   81.767 -165.899  -73.505  104.570   36.703   96.941  -18.394    0.318990   -1.393408   -0.532538   -0.792524   -1.589009   -1.566850   -1.859866   -0.724221   -1.211334    0.794   28.588  -14.735 S_000010
   8 P  -136.198 -122.857 -158.492  106.180 -124.887  -76.026   74.874   19.311  100.658  168.675    0.405981   -1.001253   -1.074308   -0.820525   -1.157218   -1.951689   -1.924168   -0.645988   -1.229494    3.090   34.853  -16.724 S_000010
   9 P    98.504 -177.552 -100.440  115.146  -79.636  139.314  125.670   -2.276  134.690   68.781    0.430307   -0.893549   -1.154726   -0.874748   -1.418697   -1.737703   -1.936059   -0.686423   -1.196497    2.506   39.328  -21.033 S_000010
  10 P    55.935  112.834 -172.771   89.541 -142.585  -97.057  122.527   16.214  128.832   73.631    0.385647   -1.319909   -0.693821   -0.914965   -1.740362   -1.385587   -1.871473   -0.725763   -1.192104   -0.174   45.030  -20.020 S_000010
  11 P   -67.601  173.259   58.690  157.464 -135.211 -147.785  162.259  -40.470  165.113 -137.280    0.315507    0.031025   -1.496384   -0.749112   -0.932260   -1.997702   -1.908468   -0.713312   -1.224472   -2.226   50.416  -23.089 S_000010
  12 N   -70.975 -163.579   68.602   82.955 -149.310  -62.038   75.059   38.997   94.149  -28.045    0.304613   -1.388713   -0.549169   -0.779660   -1.524145   -1.618096   -1.864917   -0.704440   -1.217402   -3.421   57.098  -24.344 S_000010
  13 P    53.639  135.444   35.209  110.985  179.136  160.468   85.176  -11.041  145.427  179.930    0.438625   -0.895792   -1.160863   -0.869790   -1.570352   -1.567488   -1.932309   -0.771260   -1.132050   -2.347   59.614  -29.385 S_000010
  14 P   147.134 -168.848  174.551   84.578 -147.110  -72.890   70.254   33.977   96.687  -24.297    0.349584   -1.331002   -0.659733   -0.788648   -1.484050   -1.669911   -1.886169   -0.707459   -1.211906   -1.882   66.514  -31.054 S_000010
  15 P  -134.330  101.066  176.060   86.439 -116.418  -82.329   46.998   35.258   98.130 -155.832    0.325169   -1.363182   -0.594694   -0.805606   -1.532304   -1.613124   -1.891886   -0.730772   -1.190888   -1.768   72.714  -32.583 S_000010
  16 P  -167.631  177.125   63.936  148.721 -114.320  176.453   96.592  -39.276  160.663  -80.184    0.315889   -0.217056   -1.474414   -0.766409   -1.232285   -1.836424   -1.924195   -0.750433   -1.184996   -3.152   79.104  -35.035 S_000010
  17 N   -65.031  152.477   65.902   87.507 -154.173  -69.523   72.237   33.863  102.116  179.931    0.342494   -1.327610   -0.675121   -0.801720   -1.454918   -1.674934   -1.851988   -0.597583   -1.267118   -1.252   84.649  -36.444 S_000010
  18 P  -143.310   71.916  171.935  103.615 -167.532  -70.288   89.959   20.785   98.541  -79.188    0.395520   -1.072129   -0.997535   -0.849530   -1.236883   -1.870694   -1.949452   -0.731506   -1.161827    0.459   89.936  -39.685 S_000010
  19 P   -74.718  174.550   68.778   86.554 -160.097  -64.551   77.837   37.386   94.862   77.513    0.289507   -1.420006   -0.456741   -0.812673   -1.652985   -1.482152   -1.872063   -0.778938   -1.158607   -1.611   95.323  -41.522 S_000010
  20 H   -58.740  171.571   51.014   78.240    0.000    0.000   88.799   40.309   94.504   63.683    0.343840   -1.334451   -0.460631   -0.697339   -1.570274   -1.574408   -1.789893   -0.604886   -1.235949   -1.564  101.170  -41.147 S_000010
