SEQUENCE: gag
SCORE:     score       N_WC      N_NWC       N_BS description
REMARK RNA 
SCORE:     0.000          0          1          2    S_000001
   1 H     0.000  170.252   55.279   76.273 -155.203  -85.765   80.377   40.528   94.910  -23.045    0.293130   -1.427700   -0.451118   -0.774698   -1.602943   -1.530880   -1.841570   -0.722599   -1.213650    3.794    0.984    0.238 S_000001
   2 P   -56.979  165.237   40.382   72.953 -144.137  -58.910   68.600   36.324  104.459  111.089    0.297342   -1.450198   -0.366169   -0.822097   -1.763498   -1.358695   -1.785901   -0.739423   -1.215985    8.782   -0.426   -2.908 S_000001
   3 H   160.196 -166.276  161.796   87.225    0.000    0.000   62.186   36.404   88.995  179.622    0.332801   -1.282633   -0.753804   -0.775845   -1.314628   -1.802291   -1.892382   -0.655405   -1.229355    9.657   -6.595   -4.549 S_000001
SCORE:     0.000          0          1          0    S_000002
   1 H     0.000  170.252   55.279   91.756 -137.965  -76.455   63.340   32.940   92.912   -5.068    0.341138   -1.294972   -0.705307   -0.811341   -1.428197   -1.705259   -1.911790   -0.710541   -1.195436    3.794    0.984    0.238 S_000002
   2 P  -100.307 -147.195   53.383   89.019  176.234  -25.870   72.750   37.336   91.588  -14.113    0.293849   -1.336205   -0.640281   -0.811727   -1.416002   -1.681671   -1.891360   -0.684106   -1.197443    7.715   -2.337   -4.506 S_000002
   3 H   -76.698  173.334   57.496   81.947    0.000    0.000   83.614   38.791   92.550  -28.541    0.322965   -1.369058   -0.581138   -0.758154   -1.489504   -1.652926   -1.854868   -0.685576   -1.238633    6.214   -7.022   -6.626 S_000002
SCORE:     0.000          0          0          0    S_000003
   1 H     0.000  170.252   55.279   83.326 -140.490  -55.700   69.249   33.565  101.071  -22.726    0.319920   -1.393906   -0.525979   -0.833945   -1.647715   -1.508829   -1.887390   -0.754911   -1.178696    3.794    0.984    0.238 S_000003
   2 P   -96.461   80.535  161.253   89.273 -150.402 -138.463   62.766   32.444  100.474 -166.336    0.333372   -1.318091   -0.693089   -0.830188   -1.464593   -1.677900   -1.910803   -0.694881   -1.200889    7.827   -1.027   -2.546 S_000003
   3 H   -62.994  178.832   46.922   83.604    0.000    0.000   87.306   36.050   91.480  179.915    0.329473   -1.354669   -0.604084   -0.788937   -1.511250   -1.641778   -1.888532   -0.737458   -1.192340   13.387    1.947   -4.717 S_000003
SCORE:     0.000          0          1          1    S_000004
   1 H     0.000  170.252   55.279   77.342 -125.927  -96.031   58.429   37.576   96.782  -17.686    0.319587   -1.408133   -0.475565   -0.780770   -1.619024   -1.511150   -1.839222   -0.740912   -1.198751    3.794    0.984    0.238 S_000004
   2 N   -41.090 -179.648   43.086   82.939 -147.768  -70.595   90.099   43.084   86.879  -22.836    0.267695   -1.395490   -0.551332   -0.766149   -1.436749   -1.670536   -1.879474   -0.678920   -1.229465    7.834   -1.429   -4.260 S_000004
   3 H   -49.018  152.029   44.628   75.451    0.000    0.000   75.435   42.393   87.703  -21.948    0.292146   -1.416875   -0.469892   -0.749818   -1.543513   -1.582270   -1.850839   -0.738483   -1.208202    8.649   -4.937   -8.588 S_000004
SCORE:     0.000          0          0          1    S_000005
   1 H     0.000  170.252   55.279   77.850 -145.920  -67.344   69.816   39.624   96.659  -19.094    0.291441   -1.425641   -0.455840   -0.784790   -1.622163   -1.522031   -1.837787   -0.721547   -1.216721    3.794    0.984    0.238 S_000005
   2 P   -75.463  135.817   56.157   78.417 -149.120  -58.286   84.584   37.428  100.627  -17.885    0.303239   -1.430313   -0.435143   -0.804558   -1.673730   -1.462298   -1.825423   -0.718691   -1.221439    8.159   -1.457   -2.266 S_000005
   3 H   -46.450  154.745   57.645   81.613    0.000    0.000   63.153   37.031   95.436  179.896    0.317148   -1.394393   -0.535607   -0.787736   -1.578624   -1.570988   -1.871785   -0.744421   -1.193480    9.206   -6.245    0.116 S_000005
SCORE:     0.000          0          0          0    S_000006
   1 L     0.000  170.252   55.279   81.182 -140.041    0.000   75.188   35.870   94.965 -180.000    0.331356   -1.357739   -0.603747   -0.787309   -1.514475   -1.634258   -1.874843   -0.719530   -1.210405    3.794    0.984    0.238 S_000006
   2 P   -62.441  169.690   57.542   82.071 -117.198  -62.395   91.682   32.251  101.993  -13.410    0.331065   -1.352094   -0.622233   -0.830599   -1.565114   -1.598642   -1.881928   -0.710792   -1.213505    3.946   -3.607   -1.520 S_000006
   3 H   -59.118  166.024   54.864   80.037    0.000    0.000   71.463   38.275   94.847  179.923    0.308081   -1.415399   -0.473125   -0.784072   -1.627868   -1.523943   -1.855303   -0.744361   -1.199838    1.049   -6.663   -5.770 S_000006
SCORE:     0.000          0          0          1    S_000007
   1 H     0.000  170.252   55.279   77.516 -145.949  -75.341   77.706   41.347   90.407  179.924    0.296346   -1.414939   -0.471207   -0.755406   -1.571976   -1.569976   -1.839139   -0.715358   -1.223142    3.794    0.984    0.238 S_000007
   2 N  -116.099 -155.864   54.035   83.806 -144.038  -73.341   61.449   40.417   83.046 -136.793    0.308877   -1.341791   -0.649732   -0.752462   -1.374764   -1.746443   -1.884603   -0.705900   -1.219871    7.873   -2.293   -4.350 S_000007
   3 H   -64.593 -170.570   63.351   90.629    0.000    0.000   84.319   34.791   98.244  -18.065    0.341886   -1.307351   -0.704196   -0.788419   -1.403083   -1.725707   -1.880028   -0.643813   -1.248297    6.454   -8.288   -6.258 S_000007
SCORE:     0.000          0          1          1    S_000008
   1 H     0.000  170.252   55.279   78.607 -159.185  -66.954   74.898   41.495   90.451  164.089    0.306725   -1.411483   -0.454451   -0.731615   -1.569304   -1.541161   -1.840807   -0.726078   -1.214105    3.794    0.984    0.238 S_000008
   2 N   -49.211  158.029   54.784   79.738 -142.526  -74.483   65.148   37.399  100.744  -10.051    0.259783   -1.425816   -0.443804   -0.858172   -1.653901   -1.468390   -1.836127   -0.659815   -1.240717    8.472   -1.314   -1.704 S_000008
   3 H   -74.921 -175.128   46.521   82.007    0.000    0.000   85.852   34.918   96.839  -17.251    0.325497   -1.368067   -0.591837   -0.807090   -1.549439   -1.604148   -1.880171   -0.720397   -1.202975   12.078   -6.289   -3.872 S_000008
SCORE:     0.000          0          0          0    S_000009
   1 H     0.000  170.252   55.279   78.515 -153.319  -75.625   69.853   40.122   92.297  179.868    0.287561   -1.426025   -0.464194   -0.783148   -1.611361   -1.541548   -1.853600   -0.735886   -1.211127    3.794    0.984    0.238 S_000009
   2 P    92.344 -177.075  166.805   98.671   24.572   -9.053   97.269    1.387  141.219  -21.818    0.456277   -1.043737   -1.020225   -0.860223   -1.573259   -1.588184   -1.901381   -0.701721   -1.202712    7.828   -2.784   -2.399 S_000009
   3 H   -71.140 -167.772   52.492   85.289    0.000    0.000   70.451   34.954   96.545   24.647    0.330971   -1.364971   -0.590796   -0.799585   -1.548198   -1.605159   -1.898604   -0.744427   -1.191432    7.577   -1.647   -4.972 S_000009
SCORE:     0.000          0          0          0    S_000010
   1 H     0.000  170.252   55.279   81.990 -152.021  -71.038   78.148   35.987   96.087  179.946    0.331361   -1.358044   -0.594947   -0.782766   -1.512995   -1.620579   -1.860387   -0.687981   -1.223017    3.794    0.984    0.238 S_000010
   2 N   -97.539  137.957   74.728  100.303  141.821   30.807   96.772   32.218   82.399  179.926    0.297756   -1.078821   -1.053440   -0.864314   -0.937161   -2.016771   -1.981381   -0.698707   -1.195892    8.620   -1.022   -2.622 S_000010
   3 H   -71.645  165.871   46.394   84.940    0.000    0.000   55.191   40.436   83.977  154.396    0.299426   -1.360720   -0.608235   -0.767643   -1.424581   -1.706383   -1.891901   -0.741496   -1.188789    8.849   -5.194    0.250 S_000010
