SEQUENCE: gaaaaaag
SCORE:     score    rna_stub_coord_hack       N_WC      N_NWC       N_BS description
REMARK RNA 
SCORE:     0.195                  0.195          0          0          0    S_000001
   1 H     0.000  170.252   55.279  106.429 -105.159  121.110  148.097   19.351   93.612 -146.922    0.402316   -0.992845   -1.094546   -0.830578   -1.130609   -1.969974   -1.927567   -0.677797   -1.212852    3.794    0.984    0.238 S_000001
   2 P   -87.787  177.868   72.488  125.142 -164.828 -151.898  111.548  -19.213  150.164  -29.735    0.411216   -0.574601   -1.357123   -0.857597   -1.302692   -1.814919   -1.954673   -0.693383   -1.189634    3.968    4.650   -3.390 S_000001
   3 N   -41.360  163.055   38.151  112.713 -146.358  -77.708   69.843    2.319  119.859 -130.061    0.424998   -0.865954   -1.185717   -0.861618   -1.298212   -1.877990   -1.953154   -0.701803   -1.201771    1.769   10.044   -5.644 S_000001
   4 P   -36.918 -153.877   53.859  147.355 -138.787 -139.139  153.593  -34.813  154.010  100.837    0.332148   -0.170995   -1.476134   -0.798376   -1.082609   -1.936969   -1.934460   -0.703444   -1.197882    2.103   14.993   -9.570 S_000001
   5 P   177.366  142.836 -177.540   86.392   81.924   89.658  106.666   34.383   91.374   35.384    0.329518   -1.203568   -0.872590   -0.818960   -1.153720   -1.885512   -1.932817   -0.607425   -1.234970   -0.405   21.002  -12.868 S_000001
   6 P   120.428 -130.939  -89.909   77.002 -171.339  -61.632   87.439   39.246   94.793  170.745    0.283268   -1.431692   -0.411776   -0.803248   -1.655499   -1.463790   -1.856244   -0.759543   -1.181497   -3.357   26.858  -12.441 S_000001
   7 N  -178.810  153.055  135.770  106.704 -138.327 -112.358  127.377   22.478   87.323  -11.418    0.409131   -0.973460   -1.098711   -0.809248   -1.028300   -2.013690   -1.923910   -0.665663   -1.225656   -5.198   30.015  -18.021 S_000001
   8 H   -57.722 -176.118   45.325   82.647    0.000    0.000   90.871   35.442   94.542  -22.746    0.327632   -1.334910   -0.661576   -0.797643   -1.456941   -1.691781   -1.888725   -0.684391   -1.223560   -8.562   34.067  -22.188 S_000001
SCORE:     0.158                  0.158          0          0          0    S_000002
   1 H     0.000  170.252   55.279  147.773  -80.780   82.351  119.547  -39.466  165.125  -94.727    0.316830   -0.217121   -1.479019   -0.763449   -1.233270   -1.829391   -1.922029   -0.734600   -1.196846    3.794    0.984    0.238 S_000002
   2 N  -139.731 -177.144  125.804   82.958 -139.997  -71.260   56.165   36.114   96.130  -19.199    0.367749   -1.337066   -0.623212   -0.737978   -1.433341   -1.631644   -1.889073   -0.682326   -1.236236    5.471    5.175   -0.872 S_000002
   3 P   -73.784 -136.674   65.003   93.602   55.712  100.910  136.596   18.295  115.084  142.157    0.414781   -1.154956   -0.917319   -0.856962   -1.421293   -1.727181   -1.932139   -0.681515   -1.198908    6.813   11.529   -2.905 S_000002
   4 N  -174.783  120.716  177.399  150.472 -127.479 -150.643  -46.738  -38.379  156.036  172.165    0.295515   -0.075973   -1.493365   -0.801078   -1.032701   -1.963612   -1.942754   -0.690149   -1.211052    7.596   16.985   -4.954 S_000002
   5 N    84.092 -157.396 -165.850   85.752 -149.458  -56.053  119.715   32.403   97.861  -70.101    0.343596   -1.331908   -0.663858   -0.815687   -1.508697   -1.648327   -1.893923   -0.713440   -1.204547   12.327   21.674   -4.513 S_000002
   6 P  -166.924 -154.036  159.889   90.332 -178.658 -136.635   73.477   26.413  115.255    3.673    0.345049   -1.323606   -0.689620   -0.882069   -1.572952   -1.568229   -1.923026   -0.712384   -1.176451   13.571   27.513   -7.365 S_000002
   7 N  -145.209   95.063  164.944   80.225  176.187   79.697  172.709   33.793  101.056  -76.546    0.375302   -1.391863   -0.540324   -0.767168   -1.625461   -1.527097   -1.819422   -0.749445   -1.207369   17.514   32.560   -8.937 S_000002
   8 H   -72.155  154.849   79.175   84.451    0.000    0.000   75.959   38.703   96.108  179.905    0.321651   -1.388551   -0.550830   -0.748688   -1.545422   -1.612502   -1.834606   -0.705065   -1.233341   18.373   36.376  -12.599 S_000002
SCORE:     0.191                  0.191          0          0          1    S_000003
   1 H     0.000  170.252   55.279   86.870 -139.996  134.758   99.256   35.358   94.512   42.324    0.315035   -1.350153   -0.643266   -0.816996   -1.483295   -1.668253   -1.897443   -0.688974   -1.213469    3.794    0.984    0.238 S_000003
   2 N  -150.854  104.365   71.957   90.172 -147.326  -93.096  -40.937   32.199 -163.647  -22.990    0.341628   -1.307978   -0.715736   -0.826895   -1.430177   -1.692582   -1.919625   -0.678033   -1.224095    2.008    1.071   -5.158 S_000003
   3 N  -174.783  120.716  177.399  150.472 -127.479 -150.643  -46.738  -38.379  156.036  172.165    0.295515   -0.075973   -1.493365   -0.801078   -1.032701   -1.963612   -1.942754   -0.690149   -1.211052   -0.954    7.034   -7.635 S_000003
   4 P   -49.236  145.481   49.956   82.705 -158.930  -79.709   85.499   37.644   93.837  174.783    0.324365   -1.369412   -0.571027   -0.773738   -1.515546   -1.624954   -1.860618   -0.700096   -1.220462   -4.804    9.828  -11.669 S_000003
   5 P   -49.805 -179.338   53.666   75.225 -167.869  -83.164   83.533   35.741  101.767  -29.149    0.303752   -1.459877   -0.336373   -0.821984   -1.807150   -1.313018   -1.855208   -0.850698   -1.128122   -8.425   13.893  -14.459 S_000003
   6 P   -75.644  168.083   67.814   90.941 -157.060 -127.340   91.236   30.922  102.656 -145.099    0.354641   -1.319354   -0.665360   -0.807874   -1.528183   -1.625955   -1.881488   -0.703515   -1.213541  -11.700   17.902  -17.698 S_000003
   7 N   -82.360  147.141   83.702   75.649 -135.365  -81.995   69.575   34.082  104.432  -17.349    0.316371   -1.422990   -0.441205   -0.834939   -1.712625   -1.411785   -1.847575   -0.756866   -1.190910  -15.412   21.593  -21.178 S_000003
   8 H   179.311  176.622  166.502   78.598    0.000    0.000   59.353   39.890   86.976  -19.934    0.320443   -1.371572   -0.582157   -0.752147   -1.460159   -1.668524   -1.865634   -0.716580   -1.215134  -17.764   27.879  -23.121 S_000003
SCORE:     0.206                  0.206          0          0          3    S_000004
   1 H     0.000  170.252   55.279  140.397 -115.604  150.680   94.126  -32.827  157.032 -109.762    0.352770   -0.373633   -1.428317   -0.797543   -1.308570   -1.798190   -1.936711   -0.780564   -1.151648    3.794    0.984    0.238 S_000004
   2 P  -131.963  111.649  148.854   88.026 -136.731  -70.473   74.180   34.837   90.415  169.627    0.331994   -1.285485   -0.749691   -0.802246   -1.347360   -1.777932   -1.920759   -0.695904   -1.206415    6.997    4.295   -2.343 S_000004
   3 N   -77.784  164.329   71.539   85.791 -150.630  -64.501   94.223   37.999   93.995  -22.205    0.307552   -1.355102   -0.617155   -0.780426   -1.445879   -1.662773   -1.836742   -0.643100   -1.247618    8.623   10.256   -3.145 S_000004
   4 N  -174.783  120.716  177.399  150.472 -127.479 -150.643  -46.738  -38.379  156.036  172.165    0.295515   -0.075973   -1.493365   -0.801078   -1.032701   -1.963612   -1.942754   -0.690149   -1.211052   13.144   14.708   -5.817 S_000004
   5 N   -83.571 -175.496   53.249   84.137 -167.476  -73.922   82.797   40.624   90.455  164.759    0.307024   -1.367571   -0.574014   -0.747859   -1.461360   -1.670763   -1.846933   -0.663528   -1.250260   15.484   21.185   -6.314 S_000004
   6 P   -50.353 -155.642   49.514  144.140 -116.281 -177.136  152.040  -34.900  163.032   29.821    0.343286   -0.324128   -1.448346   -0.793398   -1.280886   -1.793255   -1.940277   -0.746673   -1.179096   17.811   26.350   -8.851 S_000004
   7 P   -68.973  175.912   54.157   82.195 -157.577  -68.204   82.559   38.865   91.366  179.910    0.315093   -1.374056   -0.575284   -0.763769   -1.498214   -1.644822   -1.866060   -0.707167   -1.225525   18.643   32.654   -9.816 S_000004
   8 H   -47.567  173.725   48.903   78.931    0.000    0.000   71.976   37.328   96.036  176.552    0.303195   -1.396389   -0.521848   -0.803219   -1.579548   -1.559731   -1.874300   -0.736397   -1.193682   18.073   38.052  -12.033 S_000004
SCORE:     0.232                  0.232          0          0          2    S_000005
   1 H     0.000  170.252   55.279  151.173  -99.104   77.868  116.264  -39.476  158.206   75.989    0.355362   -0.072085   -1.463109   -0.717364   -1.057753   -1.941874   -1.867861   -0.699848   -1.221818    3.794    0.984    0.238 S_000005
   2 P   167.467  152.113   37.001  107.343   26.756  146.493  101.753    0.211  130.902  -17.824    0.459191   -0.884210   -1.156855   -0.842492   -1.363111   -1.792416   -1.922249   -0.684850   -1.200488    5.590    4.889   -2.628 S_000005
   3 P   167.223 -130.441 -178.374   82.295 -142.978  -73.235   69.197   37.374   94.578 -156.510    0.324684   -1.371068   -0.577949   -0.778213   -1.514777   -1.627160   -1.863633   -0.699814   -1.218037    6.914   10.688    0.330 S_000005
   4 P  -158.951 -177.382  165.165   83.505 -166.970  -49.803   88.312   28.748  117.649  -22.000    0.343573   -1.375312   -0.575177   -0.864358   -1.654732   -1.472597   -1.841770   -0.676251   -1.224860    9.620   17.029    0.270 S_000005
   5 N   -40.222  176.641   28.626   87.221 -156.358 -114.180   99.484   31.607   89.621  -14.536    0.374156   -1.245112   -0.804827   -0.785177   -1.336523   -1.797992   -1.894375   -0.698484   -1.212771   13.626   20.753    0.404 S_000005
   6 P   166.978  176.904  177.152   84.171 -133.729  -88.107   85.510   32.221   98.769  169.890    0.360736   -1.323192   -0.665088   -0.794830   -1.503909   -1.648578   -1.883310   -0.724059   -1.201750   17.263   26.693   -1.220 S_000005
   7 P   -60.599  162.009   59.939  140.771 -155.496 -143.261  171.462  -38.712  164.591  -23.422    0.312444   -0.271307   -1.489031   -0.770005   -1.280109   -1.824124   -1.924378   -0.767040   -1.192114   20.264   31.900   -3.034 S_000005
   8 H   150.558  179.795 -176.662   82.843    0.000    0.000   68.560   41.345   89.616  -25.356    0.280541   -1.394930   -0.535355   -0.775625   -1.498186   -1.638855   -1.868422   -0.695436   -1.228104   24.180   35.826   -7.671 S_000005
SCORE:     0.179                  0.179          0          0          0    S_000006
   1 H     0.000  170.252   55.279   80.473  -87.934  128.409   83.779   35.459  102.154  -20.454    0.315479   -1.388952   -0.551611   -0.809410   -1.594693   -1.566320   -1.851244   -0.705091   -1.223117    3.794    0.984    0.238 S_000006
   2 P   -64.241  167.327   55.046   84.024 -137.850  -64.312   74.856   37.579   86.481  -22.061    0.324298   -1.336083   -0.648319   -0.776109   -1.415661   -1.703609   -1.883757   -0.696366   -1.216049    3.575    4.548   -3.236 S_000006
   3 P   -57.646 -146.257   57.461  143.472  -87.641  148.006  147.470  -36.073  161.191  121.537    0.352333   -0.200749   -1.470710   -0.763103   -1.148224   -1.890004   -1.921681   -0.697456   -1.207183    1.414    7.179   -8.789 S_000006
   4 N   137.587 -170.533 -171.519   94.799 -145.911  -66.460   70.720   36.799   89.486  -16.397    0.343215   -1.223738   -0.846956   -0.763254   -1.164451   -1.899283   -1.893385   -0.551026   -1.273253   -1.267   12.097  -12.282 S_000006
   5 P   107.645  177.113 -151.446  121.171 -147.326  -97.859   90.040   -9.304  132.582 -149.400    0.420710   -0.720589   -1.277335   -0.858548   -1.316539   -1.850888   -1.956492   -0.719478   -1.189242   -5.100   16.177  -15.068 S_000006
   6 P   160.815  105.099   88.582   92.840 -161.979 -164.996   83.120   14.294  126.435  -66.900    0.405061   -1.212048   -0.841187   -0.889406   -1.604759   -1.561045   -1.922890   -0.729780   -1.183130  -11.158   19.487  -17.154 S_000006
   7 N    90.922  114.471  169.536   85.610 -136.875 -104.260  119.770   29.348  109.939  -14.490    0.338656   -1.376598   -0.581222   -0.858928   -1.661063   -1.497632   -1.883181   -0.729109   -1.201704  -15.786   20.327  -22.481 S_000006
   8 H   -53.679  140.169   77.252   76.911    0.000    0.000   70.833   40.601   96.679 -171.301    0.276168   -1.457654   -0.353194   -0.791371   -1.712200   -1.420439   -1.814926   -0.750940   -1.210159  -17.902   24.369  -26.345 S_000006
SCORE:     0.223                  0.223          0          0          2    S_000007
   1 H     0.000  170.252   55.279  149.380 -108.303   92.614  175.930  -36.454  154.251   25.197    0.331118   -0.144209   -1.487061   -0.787269   -1.088343   -1.950830   -1.929779   -0.735438   -1.179621    3.794    0.984    0.238 S_000007
   2 P   175.295  124.909   61.418  120.908  -93.706  116.523   76.905  -15.292  155.359  146.104    0.448900   -0.780725   -1.227077   -0.839724   -1.496699   -1.617935   -1.934428   -0.741466   -1.167765    5.657    4.392   -3.511 S_000007
   3 P   148.744  164.488  155.812   78.401 -116.145  -93.168  138.143   38.511   86.441 -171.231    0.349391   -1.359421   -0.597882   -0.742157   -1.451422   -1.664271   -1.843860   -0.693680   -1.250137    9.100    9.048   -4.848 S_000007
   4 N   -63.025  172.893   55.477   85.053 -161.749  -57.601   87.988   37.009   93.866  179.950    0.323044   -1.356848   -0.605900   -0.783312   -1.489264   -1.653641   -1.877223   -0.701960   -1.218489   12.386   14.594   -6.243 S_000007
   5 P   -66.965 -131.585   49.787  151.190 -114.989  172.495  107.035  -40.283  163.684   25.774    0.304640   -0.163820   -1.484370   -0.766383   -1.182307   -1.858363   -1.923227   -0.725694   -1.197365   12.310   21.042   -6.558 S_000007
   6 N   -56.958  163.068   62.833   78.275 -158.338  -85.672   79.954   42.971   90.044  -18.604    0.294655   -1.424965   -0.469519   -0.729337   -1.548088   -1.583633   -1.860058   -0.766679   -1.201017   14.033   26.830   -7.315 S_000007
   7 P   -62.650  168.286   59.215   86.634 -174.187  -76.231   93.456   33.290   98.890  164.552    0.307403   -1.339352   -0.666994   -0.836463   -1.512993   -1.663933   -1.914600   -0.725711   -1.188220   17.067   31.957   -8.753 S_000007
   8 H   -68.833  170.425   54.890   83.532    0.000    0.000   83.621   44.075   86.172  -28.849    0.258394   -1.407525   -0.507053   -0.750785   -1.489900   -1.641063   -1.873699   -0.759322   -1.188935   18.597   37.655   -8.788 S_000007
SCORE:     0.106                  0.106          0          0          2    S_000008
   1 H     0.000  170.252   55.279   88.636  -54.544   77.598  105.489   34.955   90.707  -21.571    0.331329   -1.289013   -0.731679   -0.801761   -1.355314   -1.757011   -1.906471   -0.672243   -1.219425    3.794    0.984    0.238 S_000008
   2 N   160.146  156.670 -170.992   82.057 -114.083  -62.798  129.978   36.854  103.634  173.695    0.298107   -1.411685   -0.493681   -0.817174   -1.623318   -1.519820   -1.825245   -0.666513   -1.249983    2.870    5.091   -1.674 S_000008
   3 N  -139.048  166.464  170.340   86.512 -154.158  -65.732   70.175   34.223   96.956   10.890    0.341865   -1.327089   -0.657684   -0.792520   -1.472840   -1.667874   -1.873415   -0.684865   -1.220649    0.172    9.802   -5.540 S_000008
   4 N   -68.246 -179.265   60.610   82.394 -166.940 -101.879   80.724   34.938   96.446 -174.394    0.326881   -1.364842   -0.584319   -0.805091   -1.547696   -1.595186   -1.878234   -0.725880   -1.199119   -1.818   14.938   -8.350 S_000008
   5 P  -155.146 -150.820  117.921   86.113 -130.582 -148.643   67.544   32.888  102.779 -102.425    0.346919   -1.363914   -0.563645   -0.802385   -1.605565   -1.541881   -1.842961   -0.706156   -1.218029   -5.035   19.168  -12.976 S_000008
   6 N  -166.000  106.860   64.530   80.688  147.290  146.707   48.275   38.143   97.201  -11.641    0.300569   -1.400083   -0.552691   -0.789530   -1.564059   -1.609336   -1.878639   -0.744092   -1.210142  -11.113   20.473  -15.890 S_000008
   7 P   142.544 -157.660  173.092   85.374 -123.104  -81.917   64.767   36.586   87.722  133.333    0.352495   -1.281592   -0.730813   -0.752846   -1.327217   -1.787262   -1.878978   -0.671597   -1.222844  -12.633   24.785  -21.275 S_000008
   8 H   -66.149  170.621   52.772   78.857    0.000    0.000   94.537   39.650   88.643  -18.311    0.309765   -1.392164   -0.522244   -0.760580   -1.541784   -1.599432   -1.859317   -0.739176   -1.199502  -16.241   27.792  -25.675 S_000008
SCORE:     0.195                  0.195          0          1          1    S_000009
   1 H     0.000  170.252   55.279  125.364  -68.361  102.839  121.622  -11.330  157.561   18.152    0.409062   -0.835566   -1.214715   -0.914311   -1.467259   -1.617021   -1.946189   -0.649225   -1.200841    3.794    0.984    0.238 S_000009
   2 P   -39.224  156.347   37.247   79.729 -149.354  -66.033   84.835   38.703   91.117  -17.487    0.304189   -1.388334   -0.541287   -0.780488   -1.537239   -1.603517   -1.876480   -0.745132   -1.193486    6.395    4.205    0.445 S_000009
   3 P   -56.759  170.515   54.671  114.805 -155.382  159.290  123.691   -1.306  140.222  179.908    0.469807   -1.020056   -0.995642   -0.866204   -1.585957   -1.500034   -1.857832   -0.652045   -1.218328    9.043    9.418   -0.669 S_000009
   4 P   173.330 -176.176  173.161   89.236 -120.118 -113.526   66.601   30.578  105.566 -179.411    0.341486   -1.333597   -0.661409   -0.838980   -1.537240   -1.610372   -1.902227   -0.711169   -1.197381    9.603   16.421   -1.823 S_000009
   5 P   157.623 -160.717 -173.530   81.732 -126.986  -78.095   55.873   33.182   99.599  179.890    0.356342   -1.333174   -0.647864   -0.788987   -1.511153   -1.645318   -1.868281   -0.712487   -1.211563    8.818   22.548   -5.241 S_000009
   6 P   -52.902 -179.430   55.756  131.991 -105.786  168.543  117.329  -23.333  147.020  164.868    0.436199   -0.310214   -1.426061   -0.789518   -1.035502   -1.975489   -1.915962   -0.738496   -1.194202    8.857   27.213   -9.600 S_000009
   7 P   105.521  156.804  148.628  159.247 -128.125 -110.056   82.304  -40.995  149.473 -171.489    0.270028    0.135892   -1.494581   -0.790297   -0.798343   -2.074916   -1.911233   -0.674598   -1.221385    6.933   32.564  -13.713 S_000009
   8 H   -81.641 -159.492   57.448   82.136    0.000    0.000   66.959   39.839   89.155  179.905    0.312066   -1.372887   -0.571364   -0.756723   -1.480600   -1.657350   -1.864308   -0.705337   -1.223769    7.945   38.454  -17.507 S_000009
SCORE:     0.236                  0.236          0          0          1    S_000010
   1 H     0.000  170.252   55.279  152.875  -87.011  122.343  178.676  -35.948  159.270   16.706    0.336248   -0.011748   -1.487098   -0.787439   -0.897665   -2.023239   -1.926723   -0.679638   -1.227332    3.794    0.984    0.238 S_000010
   2 P  -173.910 -150.992  149.500  127.998 -128.911 -142.558   91.482   -6.193  136.127   15.787    0.408280   -0.788743   -1.262842   -0.923571   -1.317920   -1.806812   -1.984235   -0.740556   -1.116661    8.949    4.069   -1.052 S_000010
   3 P   152.152 -163.414 -179.476   84.601 -123.902  -66.177 -118.488   34.496  101.644  -20.596    0.339854   -1.349021   -0.617645   -0.796396   -1.515504   -1.627416   -1.872576   -0.688085   -1.219292   13.577    9.463   -2.362 S_000010
   4 P  -105.308   88.428  173.781   81.703 -135.206  -62.142   59.644   38.098   90.763   74.845    0.339308   -1.347252   -0.616241   -0.748066   -1.455875   -1.684281   -1.862059   -0.700408   -1.227937   16.665   13.981   -4.269 S_000010
   5 P   179.384  109.463 -179.306   83.839 -158.740  -52.055  120.779   32.850   99.335   19.855    0.340501   -1.350176   -0.625714   -0.813365   -1.547777   -1.612043   -1.885995   -0.722023   -1.202003   20.170   19.961   -4.209 S_000010
   6 P   -52.340  162.445   52.587   85.555 -148.520 -141.259   73.292   35.573   98.353  -25.072    0.330929   -1.363456   -0.593977   -0.795948   -1.529068   -1.619389   -1.853946   -0.675703   -1.243405   23.392   24.362   -3.904 S_000010
   7 P   -58.139 -157.673   47.097  137.273 -121.019 -162.787  123.042  -30.005  146.949   90.282    0.362862   -0.328184   -1.452129   -0.810759   -1.192878   -1.901264   -1.935428   -0.771670   -1.158457   25.825   30.703   -3.408 S_000010
   8 H   -75.829  172.616   59.682   78.766    0.000    0.000   71.604   45.279   84.736  179.914    0.270292   -1.444997   -0.418712   -0.739825   -1.532262   -1.564058   -1.837608   -0.684763   -1.233109   25.115   37.280   -2.945 S_000010
