SEQUENCE: gaaaaaaag
SCORE:     score    rna_stub_coord_hack       N_WC      N_NWC       N_BS description
REMARK RNA 
SCORE:    18.859                 18.859          0          0          1    S_000001
   1 H     0.000  170.252   55.279  145.964  -94.203  -62.428  115.786  -32.332  152.149   29.187    0.340534   -0.240957   -1.465315   -0.826040   -1.131196   -1.923473   -1.959761   -0.705549   -1.198142    3.794    0.984    0.238 S_000001
   2 N    81.810   96.399  179.737  138.491 -124.187  -94.581  129.145  -33.210  159.316 -113.260    0.341602   -0.402280   -1.434480   -0.812094   -1.345353   -1.762200   -1.942816   -0.721506   -1.192058    4.101    1.251   -5.066 S_000001
   3 P   -85.666 -174.606   50.955   89.376 -151.497  164.820   54.683   40.586   80.618 -112.872    0.281629   -1.312430   -0.721778   -0.781640   -1.265514   -1.804445   -1.931002   -0.696163   -1.194336   -1.718    3.335   -8.140 S_000001
   4 P    63.863  170.499 -162.304   85.760 -147.363  -81.315   65.810   29.848  104.922 -151.108    0.338907   -1.330560   -0.663150   -0.847186   -1.560852   -1.608844   -1.905270   -0.724145   -1.196623   -6.433    7.745   -6.477 S_000001
   5 P   171.747  153.395  159.041  148.712 -150.900 -143.856  163.298  -31.676  141.216  -34.261    0.335662   -0.099384   -1.482186   -0.823846   -0.920479   -2.044532   -1.934389   -0.708140   -1.198506  -12.454   10.576   -8.785 S_000001
   6 P  -133.749 -135.407  144.310  130.845 -116.303 -178.649  121.579  -35.275  165.934  163.039    0.368044   -0.566274   -1.363413   -0.770648   -1.563835   -1.500435   -1.902733   -0.799223   -1.154475  -18.203   14.656  -10.984 S_000001
   7 P    64.955 -176.237 -159.821  140.474 -124.701  153.667  110.981  -32.781  155.691  -90.814    0.364945   -0.355306   -1.437838   -0.779199   -1.283333   -1.826123   -1.920072   -0.786641   -1.156350  -23.508   18.741  -11.367 S_000001
   8 N   173.895 -150.380  141.396   76.605 -124.234  -78.209   71.978   40.164   91.245  -22.431    0.310098   -1.395748   -0.519701   -0.758562   -1.526086   -1.602211   -1.849482   -0.714878   -1.217457  -29.953   21.068  -10.172 S_000001
   9 H   -63.481  165.004   59.201   80.809    0.000    0.000   74.853   37.424   93.980  179.932    0.320292   -1.377099   -0.567892   -0.775840   -1.530016   -1.611847   -1.854798   -0.715413   -1.210317  -35.487   23.724  -11.459 S_000001
SCORE:    18.360                 18.360          0          2          1    S_000002
   1 H     0.000  170.252   55.279   87.512  -28.764  -65.289   76.429   38.490   99.090  -53.442    0.279946   -1.414337   -0.493444   -0.811834   -1.604944   -1.545185   -1.835833   -0.671090   -1.256126    3.794    0.984    0.238 S_000002
   2 N    81.524  167.594 -172.374   89.270 -133.659  -66.310   66.082   40.920   93.405   61.847    0.456697   -1.239699   -0.779631   -0.562289   -1.127827   -1.850313   -1.734501   -0.497673   -1.277144    0.417    1.092   -2.595 S_000002
   3 P   -57.076  159.557   74.072  122.522 -124.914  176.015  109.465  -27.926  161.760  179.896    0.363848   -0.671595   -1.324732   -0.846074   -1.563840   -1.540839   -1.910259   -0.713848   -1.195912   -4.864    0.591   -0.052 S_000002
   4 P   128.956 -167.652 -160.064   94.077 -138.076  -61.821   62.136   41.185   91.268  -28.351    0.283460   -1.304384   -0.747649   -0.765217   -1.247291   -1.847116   -1.908601   -0.603222   -1.274693  -11.644   -0.262    1.579 S_000002
   5 N   -70.422 -176.803   54.287   79.161 -164.802 -103.413   88.590   39.012   94.519 -103.099    0.284657   -1.432273   -0.440008   -0.804927   -1.647512   -1.494854   -1.868363   -0.764982   -1.183614  -17.545   -0.754    3.730 S_000002
   6 N  -161.912  144.831  163.138   87.020 -163.361  -72.898   66.879   36.893   92.007  -14.838    0.313333   -1.374187   -0.573869   -0.796398   -1.534179   -1.616031   -1.894495   -0.762736   -1.174099  -23.378    1.323    6.978 S_000002
   7 N   167.952 -167.959  154.203  145.211 -155.376 -167.633   19.536  -32.174  148.043  -55.599    0.332777   -0.133501   -1.484945   -0.828850   -0.980089   -2.013944   -1.953344   -0.695714   -1.205944  -29.049    2.227   10.279 S_000002
   8 P  -154.050  145.148  124.520   89.904 -156.931 -129.437   98.571   22.752  116.377   53.243    0.366115   -1.304268   -0.738772   -0.890164   -1.596323   -1.568220   -1.925176   -0.727709   -1.180955  -35.565    1.205   12.500 S_000002
   9 H   -48.915 -153.871   77.019   94.320    0.000    0.000  166.476   36.254   88.549  100.396    0.339231   -1.251645   -0.798192   -0.773293   -1.243557   -1.843985   -1.906063   -0.640557   -1.243557  -41.949    2.318   14.196 S_000002
SCORE:    18.969                 18.969          0          0          2    S_000003
   1 H     0.000  170.252   55.279  151.226  -94.055  -19.049   81.060  -32.087  141.248 -124.772    0.345654    0.002973   -1.485773   -0.809317   -0.789450   -2.109197   -1.913442   -0.661924   -1.228602    3.794    0.984    0.238 S_000003
   2 P    68.538  167.213 -173.924   83.974 -172.672  -89.084  109.402   36.411   93.428  -17.431    0.327762   -1.350952   -0.618290   -0.783060   -1.493810   -1.662168   -1.884309   -0.717844   -1.208533    2.979    1.895   -4.034 S_000003
   3 P  -106.179  169.734   88.640   87.854 -141.474  -79.258   65.683   31.930   96.441   -4.081    0.372309   -1.284424   -0.724690   -0.777056   -1.437418   -1.717149   -1.880518   -0.716526   -1.208986   -0.695    6.161   -7.192 S_000003
   4 P  -160.249  166.068  171.487   91.115 -136.630 -101.713   76.539   34.876   95.142  175.357    0.323572   -1.335492   -0.650661   -0.813480   -1.473315   -1.673547   -1.901744   -0.711585   -1.198626   -7.117    8.333   -8.811 S_000003
   5 P  -148.588  133.443  138.027   85.064 -127.867  -81.381   73.376   37.219   95.049  -13.856    0.320946   -1.350869   -0.610637   -0.781786   -1.471736   -1.659254   -1.868671   -0.699104   -1.208886  -12.166   12.458  -11.311 S_000003
   6 P   -77.138  -83.560  -80.628   83.675 -177.761  -62.493  110.043   37.581   92.298  -80.739    0.303137   -1.380284   -0.557754   -0.794344   -1.542181   -1.605678   -1.879562   -0.723173   -1.208133  -16.946   17.150  -12.147 S_000003
   7 P   138.275 -159.615 -170.410   75.004 -145.366  -68.236   62.058   40.630   97.171  178.676    0.268294   -1.443452   -0.403226   -0.793807   -1.677579   -1.480927   -1.819617   -0.725120   -1.219220  -22.072   20.041  -10.932 S_000003
   8 P  -147.370  132.427  163.030   85.740 -133.620  -84.078   67.702   34.176   93.870  -15.107    0.344463   -1.309014   -0.688719   -0.791759   -1.433451   -1.704701   -1.888885   -0.699291   -1.211989  -27.658   23.703  -10.997 S_000003
   9 H   -74.480  177.392   69.441   75.510    0.000    0.000   73.696   40.757   93.688  -23.456    0.295214   -1.402137   -0.503279   -0.767698   -1.533734   -1.592848   -1.820023   -0.672214   -1.238757  -32.736   27.873  -10.594 S_000003
SCORE:    18.351                 18.351          0          1          1    S_000004
   1 H     0.000  170.252   55.279  139.617  -64.455  -57.871  122.140  -32.334  161.821   27.534    0.339228   -0.380930   -1.427342   -0.789282   -1.309719   -1.850957   -1.890868   -0.709111   -1.230885    3.794    0.984    0.238 S_000004
   2 N    90.922  114.471  169.536   85.610 -136.875 -104.260  119.770   29.348  109.939  -14.490    0.338656   -1.376598   -0.581222   -0.858928   -1.661063   -1.497632   -1.883181   -0.729109   -1.201704    3.490    3.015   -4.334 S_000004
   3 N   156.962  178.579 -167.811   86.349 -135.605  -64.893   63.481   36.418   95.976  -16.102    0.331241   -1.345785   -0.616987   -0.767103   -1.488494   -1.651697   -1.841209   -0.691712   -1.226263   -2.952    5.984   -4.934 S_000004
   4 P   171.747  153.395  159.041  148.712 -150.900 -143.856  163.298  -31.676  141.216  -34.261    0.335662   -0.099384   -1.482186   -0.823846   -0.920479   -2.044532   -1.934389   -0.708140   -1.198506   -9.817    6.113   -4.483 S_000004
   5 P  -145.987  156.330 -171.280   97.698 -150.657  -84.135   71.724   29.301   97.426  177.190    0.377424   -1.188179   -0.884020   -0.797503   -1.265138   -1.847696   -1.920332   -0.677393   -1.214796  -16.714    7.318   -5.559 S_000004
   6 P   -82.645 -177.969   72.751  145.260 -157.503 -148.229  111.875  -38.545  157.429  -12.075    0.322205   -0.223436   -1.480851   -0.764697   -1.222995   -1.851784   -1.919902   -0.771160   -1.168755  -21.451   11.875   -5.063 S_000004
   7 P   -71.469  164.786   65.614   76.843 -165.502  -79.511   76.883   36.849   98.060  -26.393    0.307986   -1.423218   -0.434660   -0.801756   -1.682586   -1.452009   -1.860870   -0.794021   -1.165970  -26.941   15.131   -6.258 S_000004
   8 P  -170.257 -176.118  168.457  154.693  -96.790  -77.772  166.626  -41.004  158.432  -92.486    0.301209   -0.017468   -1.492097   -0.757842   -1.009016   -1.965277   -1.908312   -0.715882   -1.203518  -33.408   17.256   -5.936 S_000004
   9 H   160.662 -171.808  170.774   84.312    0.000    0.000   71.275   36.209   92.972  179.944    0.331977   -1.345540   -0.622244   -0.779361   -1.490002   -1.664000   -1.878900   -0.717725   -1.212608  -38.306   21.234   -4.308 S_000004
SCORE:    18.487                 18.487          0          0          1    S_000005
   1 H     0.000  170.252   55.279   87.512  -28.764  -65.289   76.429   38.490   99.090  -53.442    0.279946   -1.414337   -0.493444   -0.811834   -1.604944   -1.545185   -1.835833   -0.671090   -1.256126    3.794    0.984    0.238 S_000005
   2 P  -173.677 -178.976   34.277   80.242 -168.015 -110.757  160.627   37.213   95.572  116.250    0.298994   -1.405113   -0.533923   -0.807169   -1.597305   -1.575406   -1.856075   -0.725145   -1.201273    0.580    1.614   -3.859 S_000005
   3 N  -122.329  136.115  121.785  113.623 -151.287  -53.450  124.898   33.717   72.191  -22.279    0.339534   -0.923367   -1.171127   -0.812548   -0.604958   -2.106668   -1.917397   -0.669884   -1.231306   -4.367    1.504    0.334 S_000005
   4 P  -156.241 -172.309  170.358   90.579 -122.463  -73.511   97.000   24.621  116.504  -13.486    0.341843   -1.336481   -0.672589   -0.910049   -1.622569   -1.515204   -1.903182   -0.698196   -1.184257  -10.400   -0.899    1.719 S_000005
   5 P  -172.604  161.126  159.864  155.138 -101.607 -139.360  -48.863  -40.948  155.621   78.591    0.319081    0.026124   -1.484098   -0.731166   -0.944630   -1.986654   -1.887978   -0.700564   -1.211859  -16.523   -2.289    4.663 S_000005
   6 P  -163.415 -164.775  171.520   87.292 -173.272  -90.210   95.538   33.873  101.998   69.427    0.333059   -1.348368   -0.630589   -0.813263   -1.521104   -1.634527   -1.885456   -0.693273   -1.220867  -23.144   -3.913    7.295 S_000005
   7 P   156.238 -179.304  175.189   84.171 -131.747  -78.081   61.660   33.664   96.247  -22.960    0.339854   -1.342789   -0.627972   -0.797072   -1.523909   -1.623702   -1.875191   -0.725767   -1.201238  -29.324   -5.836    9.082 S_000005
   8 N  -122.329  136.115  121.785  113.623 -151.287  -53.450  124.898   33.717   72.191  -22.279    0.339534   -0.923367   -1.171127   -0.812548   -0.604958   -2.106668   -1.917397   -0.669884   -1.231306  -35.453   -6.376   11.328 S_000005
   9 H   169.122 -153.351  158.039   82.537    0.000    0.000   66.033   36.181   89.463  -22.902    0.344875   -1.324643   -0.670602   -0.771113   -1.416543   -1.710575   -1.887192   -0.707791   -1.212273  -39.438   -3.151   15.089 S_000005
SCORE:    18.759                 18.759          0          0          1    S_000006
   1 H     0.000  170.252   55.279  115.386 -110.876   62.778  106.720  -15.167  148.845    2.881    0.421442   -0.753672   -1.271996   -0.855893   -1.461097   -1.705731   -1.960090   -0.726764   -1.187763    3.794    0.984    0.238 S_000006
   2 P   -83.701 -126.382  174.367   82.597 -141.195  -77.743   85.333   36.881   96.270  174.334    0.315541   -1.381866   -0.574896   -0.795241   -1.544139   -1.617953   -1.869527   -0.718731   -1.207762    1.805    1.671   -4.279 S_000006
   3 P  -145.987  156.330 -171.280   97.698 -150.657  -84.135   71.724   29.301   97.426  177.190    0.377424   -1.188179   -0.884020   -0.797503   -1.265138   -1.847696   -1.920332   -0.677393   -1.214796   -4.968    0.641   -4.763 S_000006
   4 P  -122.416 -162.247   61.004   85.592  169.934  -92.697  103.631   24.647  122.983  -18.284    0.346302   -1.353110   -0.620505   -0.901832   -1.671700   -1.453064   -1.868023   -0.683506   -1.222104  -11.639    2.674   -5.349 S_000006
   5 P  -160.249  166.068  171.487   91.115 -136.630 -101.713   76.539   34.876   95.142  175.357    0.323572   -1.335492   -0.650661   -0.813480   -1.473315   -1.673547   -1.901744   -0.711585   -1.198626  -18.033    1.877   -3.748 S_000006
   6 P  -166.924 -154.036  159.889   90.332 -178.658 -136.635   73.477   26.413  115.255    3.673    0.345049   -1.323606   -0.689620   -0.882069   -1.572952   -1.568229   -1.923026   -0.712384   -1.176451  -24.710    1.633   -1.228 S_000006
   7 P   -56.915  168.860   46.596   79.761 -148.639  -74.956   86.615   38.180   90.373  179.917    0.316291   -1.377895   -0.565224   -0.775194   -1.521984   -1.626456   -1.868462   -0.724064   -1.203137  -30.381    4.213   -0.487 S_000006
   8 P   -64.132 -173.986   78.117  144.021 -102.288  161.905  145.881  -36.810  165.935  140.551    0.336458   -0.426064   -1.426571   -0.777721   -1.432900   -1.660443   -1.911454   -0.752573   -1.189238  -36.656    3.970    0.655 S_000006
   9 H   -58.549 -178.206   45.790   78.371    0.000    0.000   78.475   40.093   92.102  -73.468    0.296177   -1.382716   -0.557088   -0.777085   -1.486111   -1.642915   -1.868097   -0.690932   -1.226159  -42.045    5.954   -1.095 S_000006
SCORE:    18.695                 18.695          0          0          1    S_000007
   1 H     0.000  170.252   55.279  141.164  -80.259  -37.392  116.352  -34.097  154.296  -99.654    0.328838   -0.229349   -1.465648   -0.814512   -1.147046   -1.900567   -1.949233   -0.704975   -1.195727    3.794    0.984    0.238 S_000007
   2 P    63.863  170.499 -162.304   85.760 -147.363  -81.315   65.810   29.848  104.922 -151.108    0.338907   -1.330560   -0.663150   -0.847186   -1.560852   -1.608844   -1.905270   -0.724145   -1.196623    2.609    1.210   -4.162 S_000007
   3 P   144.301 -177.457  168.047  118.394  -83.727 -174.250   12.230  -18.258  135.328  -56.346    0.460209   -0.247345   -1.424070   -0.790326   -0.836688   -2.081905   -1.909305   -0.651561   -1.235348   -3.763    3.303   -4.487 S_000007
   4 P  -125.086  145.493   69.963   84.203 -158.058 -123.195  168.515   36.291   95.165  143.628    0.305273   -1.413075   -0.506265   -0.815956   -1.633501   -1.528120   -1.891014   -0.787768   -1.165172   -8.716    7.211   -5.491 S_000007
   5 P   153.942 -172.175  173.008   81.922 -159.435  -59.843   75.194   37.416   97.393 -160.084    0.313845   -1.393835   -0.529876   -0.789306   -1.579149   -1.575655   -1.852855   -0.709064   -1.225200  -15.282    9.836   -5.467 S_000007
   6 P  -156.241 -172.309  170.358   90.579 -122.463  -73.511   97.000   24.621  116.504  -13.486    0.341843   -1.336481   -0.672589   -0.910049   -1.622569   -1.515204   -1.903182   -0.698196   -1.184257  -21.833    9.941   -6.761 S_000007
   7 P  -108.162   78.726  175.001   88.398 -111.320  -92.701   50.575   37.117   89.136  -18.087    0.315431   -1.329948   -0.643325   -0.789771   -1.419163   -1.689123   -1.893195   -0.708335   -1.201721  -27.321   11.517   -8.217 S_000007
   8 P  -133.749 -135.407  144.310  130.845 -116.303 -178.649  121.579  -35.275  165.934  163.039    0.368044   -0.566274   -1.363413   -0.770648   -1.563835   -1.500435   -1.902733   -0.799223   -1.154475  -33.100   15.459   -9.478 S_000007
   9 H   -78.045 -163.018   57.197   86.889    0.000    0.000   67.601   33.954   94.484  179.930    0.343812   -1.301696   -0.722513   -0.790407   -1.410093   -1.735369   -1.895143   -0.690799   -1.222096  -37.477   18.791  -13.141 S_000007
SCORE:    18.059                 18.059          0          0          1    S_000008
   1 H     0.000  170.252   55.279  128.704  -80.277  -46.853   73.072  -22.115  147.384  153.722    0.436350   -0.216994   -1.445599   -0.800626   -0.877095   -2.052125   -1.932064   -0.620787   -1.249144    3.794    0.984    0.238 S_000008
   2 P    76.931 -176.116 -144.625  109.484 -143.389  -51.744   96.477   11.859  107.081    9.238    0.422171   -0.948593   -1.118178   -0.840206   -1.234230   -1.920165   -1.940984   -0.694246   -1.211260    2.366    0.067   -4.288 S_000008
   3 P   171.747  153.395  159.041  148.712 -150.900 -143.856  163.298  -31.676  141.216  -34.261    0.335662   -0.099384   -1.482186   -0.823846   -0.920479   -2.044532   -1.934389   -0.708140   -1.198506   -3.738    2.445   -5.786 S_000008
   4 N   153.892 -141.795  167.120   90.150 -140.999 -172.900  120.377   29.336   99.989 -144.515    0.391187   -1.231714   -0.791754   -0.780320   -1.371883   -1.747462   -1.876007   -0.673329   -1.208973  -10.575    3.284   -4.519 S_000008
   5 P   152.804  179.450  178.912   87.198 -154.572  -78.725   73.493   37.836   90.078  169.479    0.323288   -1.361977   -0.597100   -0.768408   -1.488119   -1.654360   -1.884994   -0.739724   -1.191211  -17.542    5.041   -5.481 S_000008
   6 N   -72.054  172.480   63.513   89.397 -163.179  -67.446   77.043   33.162   96.863 -132.352    0.344523   -1.303752   -0.714685   -0.804000   -1.430471   -1.717718   -1.904319   -0.686325   -1.220442  -23.422    6.414   -7.114 S_000008
   7 P   -62.626 -122.615   63.857  147.459 -150.655 -139.352   84.773  -34.014  151.727  144.612    0.349059   -0.165544   -1.477897   -0.787161   -1.059061   -1.954585   -1.923151   -0.725931   -1.189707  -29.819    7.368   -6.534 S_000008
   8 P   171.747  153.395  159.041  148.712 -150.900 -143.856  163.298  -31.676  141.216  -34.261    0.335662   -0.099384   -1.482186   -0.823846   -0.920479   -2.044532   -1.934389   -0.708140   -1.198506  -35.652   11.340   -8.502 S_000008
   9 H   -62.990  179.638   44.730   80.697    0.000    0.000   77.225   40.881   88.567  179.905    0.300303   -1.396584   -0.518833   -0.759132   -1.527290   -1.618689   -1.860025   -0.721115   -1.215179  -42.106   12.400   -9.800 S_000008
SCORE:    18.316                 18.316          0          0          2    S_000009
   1 H     0.000  170.252   55.279  141.164  -80.259  -37.392  116.352  -34.097  154.296  -99.654    0.328838   -0.229349   -1.465648   -0.814512   -1.147046   -1.900567   -1.949233   -0.704975   -1.195727    3.794    0.984    0.238 S_000009
   2 P    91.686 -113.858 -165.407   84.676 -144.910  -67.615   67.081   36.721   95.233 -141.080    0.331789   -1.354944   -0.609246   -0.775537   -1.496717   -1.656488   -1.866246   -0.689291   -1.231107    2.503    0.851   -2.902 S_000009
   3 N   154.453 -138.292  168.142   87.170  -91.684 -131.245   70.959   30.507  104.033  -13.126    0.352127   -1.329675   -0.667614   -0.827063   -1.539136   -1.622829   -1.893458   -0.701079   -1.209808   -3.220    3.219   -2.852 S_000009
   4 P   -66.265  176.093   44.316   85.815 -164.917  -90.308  100.842   33.226   96.818  160.011    0.338887   -1.332063   -0.650189   -0.810175   -1.502975   -1.645990   -1.897424   -0.716811   -1.199481   -9.324    6.337   -3.224 S_000009
   5 P   -51.366  159.456   57.860   97.555  162.044 -150.575  116.893   13.664  118.090  -85.317    0.420194   -1.081106   -1.003611   -0.869052   -1.395608   -1.775530   -1.933883   -0.679967   -1.200976  -13.483    9.878   -5.275 S_000009
   6 N  -175.101 -147.674  159.572  141.718  176.133  146.872   62.364  -31.811 -103.226   76.911    0.331832   -0.177856   -1.485199   -0.843536   -1.029654   -1.962328   -1.977627   -0.691472   -1.204184  -19.110   13.758   -6.752 S_000009
   7 P  -141.884 -153.218   68.457  142.369  -78.259 -147.876  139.504  -33.072  154.475   16.775    0.336963   -0.296650   -1.449887   -0.804312   -1.209831   -1.869476   -1.932761   -0.730949   -1.184057  -25.610   16.404   -8.557 S_000009
   8 P   171.747  153.395  159.041  148.712 -150.900 -143.856  163.298  -31.676  141.216  -34.261    0.335662   -0.099384   -1.482186   -0.823846   -0.920479   -2.044532   -1.934389   -0.708140   -1.198506  -31.265   20.620   -7.575 S_000009
   9 H   -48.847  161.499   58.789   79.810    0.000    0.000   74.623   34.693   99.719  179.901    0.325818   -1.389088   -0.531216   -0.806824   -1.622689   -1.531841   -1.872090   -0.761399   -1.185088  -37.267   22.674   -7.873 S_000009
SCORE:    18.926                 18.926          0          0          1    S_000010
   1 H     0.000  170.252   55.279   87.512  -28.764  -65.289   76.429   38.490   99.090  -53.442    0.279946   -1.414337   -0.493444   -0.811834   -1.604944   -1.545185   -1.835833   -0.671090   -1.256126    3.794    0.984    0.238 S_000010
   2 P   101.752 -175.985  164.754   99.867 -140.002  -76.758  -47.051   19.810  100.812 -117.097    0.419885   -1.076911   -1.001370   -0.809340   -1.285710   -1.878225   -1.935095   -0.772886   -1.164892    0.423    1.029   -2.632 S_000010
   3 P   146.274  156.591  179.483   77.635 -152.028  -72.001   75.273   42.982   89.249  178.900    0.287995   -1.419009   -0.477197   -0.735693   -1.550269   -1.599261   -1.819279   -0.700629   -1.234007   -5.191    0.708    1.422 S_000010
   4 P   -64.132 -173.986   78.117  144.021 -102.288  161.905  145.881  -36.810  165.935  140.551    0.336458   -0.426064   -1.426571   -0.777721   -1.432900   -1.660443   -1.911454   -0.752573   -1.189238   -9.302    0.076    6.174 S_000010
   5 P   -85.983  166.435   71.751   85.913 -160.937  -67.122   77.985   36.105   92.411 -164.363    0.348939   -1.329041   -0.667150   -0.756988   -1.434660   -1.703049   -1.860543   -0.674383   -1.240238  -15.060   -0.978    7.395 S_000010
   6 P  -177.185 -173.566  155.371  145.456  -98.754  179.352  138.838  -24.197  141.689  170.602    0.366879   -0.185448   -1.467973   -0.847005   -0.869502   -2.069646   -1.938630   -0.653402   -1.218242  -21.026   -0.486   10.397 S_000010
   7 P   152.767 -170.923  168.753   90.141 -153.461  -69.676   62.592   38.672   81.946  179.887    0.314527   -1.304140   -0.725198   -0.773885   -1.310461   -1.804102   -1.910749   -0.721999   -1.199298  -27.308   -2.636   12.893 S_000010
   8 N   -74.064 -177.704   48.749  150.340 -154.485  153.392  131.849  -33.312  147.447  168.918    0.335143   -0.069542   -1.482537   -0.803152   -0.912200   -2.037999   -1.931248   -0.636521   -1.234597  -32.862   -4.349   15.380 S_000010
   9 H   -63.478  169.075   49.928   81.742    0.000    0.000   72.593   38.594   84.714  -16.254    0.316775   -1.359755   -0.597098   -0.768240   -1.468823   -1.666316   -1.888697   -0.742791   -1.189345  -38.204   -6.666   17.031 S_000010
