SEQUENCE: gg
SCORE:     score    rna_stub_coord_hack       N_WC      N_NWC       N_BS description
REMARK RNA 
SCORE:     0.208                  0.208          0          0          0    S_000001
   1 H     0.000  170.252   55.279   82.709  115.592   42.878   77.083   40.643   75.212  172.936    0.312475   -1.278399   -0.769692   -0.749900   -1.194079   -1.861632   -1.912582   -0.745055   -1.193715    3.794    0.984    0.238 S_000001
   2 H   -64.501  176.250   58.814   83.352    0.000    0.000   70.879   43.620   81.005  166.815    0.286027   -1.385835   -0.528538   -0.732070   -1.448371   -1.661196   -1.859028   -0.723304   -1.202645    7.576   -2.521   -0.445 S_000001
SCORE:     0.208                  0.208          0          0          0    S_000002
   1 H     0.000  170.252   55.279   82.709  115.592   42.878   77.083   40.643   75.212  172.936    0.312475   -1.278399   -0.769692   -0.749900   -1.194079   -1.861632   -1.912582   -0.745055   -1.193715    3.794    0.984    0.238 S_000002
   2 H   -77.615  174.655   58.444   79.871    0.000    0.000   82.335   40.526   92.002  179.923    0.291634   -1.414650   -0.479504   -0.771726   -1.580534   -1.565234   -1.846187   -0.714719   -1.226433    7.741   -2.440   -0.419 S_000002
SCORE:     0.208                  0.208          0          0          0    S_000003
   1 H     0.000  170.252   55.279   82.709  115.592   42.878   77.083   40.643   75.212  172.936    0.312475   -1.278399   -0.769692   -0.749900   -1.194079   -1.861632   -1.912582   -0.745055   -1.193715    3.794    0.984    0.238 S_000003
   2 H   -78.725 -173.842   66.805   83.949    0.000    0.000   76.642   33.108   96.687 -157.653    0.324006   -1.341442   -0.640728   -0.833220   -1.518439   -1.632743   -1.869214   -0.674860   -1.222077    8.019   -2.331   -0.452 S_000003
SCORE:     0.208                  0.208          0          0          0    S_000004
   1 H     0.000  170.252   55.279   82.709  115.592   42.878   77.083   40.643   75.212  172.936    0.312475   -1.278399   -0.769692   -0.749900   -1.194079   -1.861632   -1.912582   -0.745055   -1.193715    3.794    0.984    0.238 S_000004
   2 H   -56.091  168.348   54.620   77.290    0.000    0.000   69.805   32.789  108.814  179.929    0.311042   -1.442314   -0.401557   -0.849561   -1.777386   -1.332557   -1.822558   -0.768625   -1.185706    7.275   -2.646   -0.527 S_000004
SCORE:     0.208                  0.208          0          0          0    S_000005
   1 H     0.000  170.252   55.279   82.709  115.592   42.878   77.083   40.643   75.212  172.936    0.312475   -1.278399   -0.769692   -0.749900   -1.194079   -1.861632   -1.912582   -0.745055   -1.193715    3.794    0.984    0.238 S_000005
   2 H   -58.000 -169.011   34.167   78.595    0.000    0.000   68.729   41.948   87.452  -26.670    0.265116   -1.410827   -0.488762   -0.781246   -1.537451   -1.592563   -1.859419   -0.715144   -1.210863    7.783   -2.395   -0.387 S_000005
SCORE:     0.208                  0.208          0          0          0    S_000006
   1 H     0.000  170.252   55.279   82.709  115.592   42.878   77.083   40.643   75.212  172.936    0.312475   -1.278399   -0.769692   -0.749900   -1.194079   -1.861632   -1.912582   -0.745055   -1.193715    3.794    0.984    0.238 S_000006
   2 H   -68.020 -175.302   57.360   83.195    0.000    0.000   81.876   35.075   99.225  165.199    0.350620   -1.340756   -0.634769   -0.764857   -1.501905   -1.658746   -1.850069   -0.678555   -1.241990    7.817   -2.411   -0.422 S_000006
SCORE:     0.208                  0.208          0          0          0    S_000007
   1 H     0.000  170.252   55.279   82.709  115.592   42.878   77.083   40.643   75.212  172.936    0.312475   -1.278399   -0.769692   -0.749900   -1.194079   -1.861632   -1.912582   -0.745055   -1.193715    3.794    0.984    0.238 S_000007
   2 H   -49.389 -179.074   47.994   84.980    0.000    0.000   74.463   34.981   95.324 -159.553    0.312239   -1.374967   -0.552907   -0.824429   -1.579974   -1.562298   -1.895868   -0.753978   -1.171245    7.456   -2.586   -0.489 S_000007
SCORE:     0.208                  0.208          0          0          0    S_000008
   1 H     0.000  170.252   55.279   82.709  115.592   42.878   77.083   40.643   75.212  172.936    0.312475   -1.278399   -0.769692   -0.749900   -1.194079   -1.861632   -1.912582   -0.745055   -1.193715    3.794    0.984    0.238 S_000008
   2 H   -63.567  172.539   55.223   79.812    0.000    0.000   73.183   39.375   93.319 -135.868    0.300599   -1.411520   -0.485110   -0.778065   -1.590188   -1.552529   -1.851199   -0.726722   -1.211851    7.476   -2.558   -0.458 S_000008
SCORE:     0.208                  0.208          0          0          0    S_000009
   1 H     0.000  170.252   55.279   82.709  115.592   42.878   77.083   40.643   75.212  172.936    0.312475   -1.278399   -0.769692   -0.749900   -1.194079   -1.861632   -1.912582   -0.745055   -1.193715    3.794    0.984    0.238 S_000009
   2 H   -41.925  125.578   51.157   81.671    0.000    0.000   70.636   40.865   92.411   31.944    0.310682   -1.387348   -0.500143   -0.742942   -1.523358   -1.591786   -1.813618   -0.666847   -1.240662    6.126   -2.718   -0.967 S_000009
SCORE:     0.208                  0.208          0          0          0    S_000010
   1 H     0.000  170.252   55.279   82.709  115.592   42.878   77.083   40.643   75.212  172.936    0.312475   -1.278399   -0.769692   -0.749900   -1.194079   -1.861632   -1.912582   -0.745055   -1.193715    3.794    0.984    0.238 S_000010
   2 H   -77.359 -173.861   60.074   80.892    0.000    0.000   81.294   35.171   97.323   30.095    0.339371   -1.356452   -0.602184   -0.787136   -1.527612   -1.622915   -1.859280   -0.704261   -1.218884    7.997   -2.338   -0.446 S_000010
