SEQUENCE: gag
SCORE:     score    rna_stub_coord_hack       N_WC      N_NWC       N_BS description
REMARK RNA 
SCORE:     0.040                  0.040          0          1          0    S_000001
   1 H     0.000  170.252   55.279   80.163  138.639 -118.475   72.119   12.082  132.834  -67.239    0.349664   -1.324683   -0.710973   -0.978241   -1.791992   -1.314355   -1.862105   -0.703711   -1.204027    3.794    0.984    0.238 S_000001
   2 P   153.942 -172.175  173.008   81.922 -159.435  -59.843   75.194   37.416   97.393 -160.084    0.313845   -1.393835   -0.529876   -0.789306   -1.579149   -1.575655   -1.852855   -0.709064   -1.225200    8.838    3.226   -2.624 S_000001
   3 H   -58.880  167.978   49.936   83.020    0.000    0.000   70.036   33.076   97.609   85.144    0.339041   -1.363540   -0.592670   -0.814737   -1.578518   -1.578118   -1.899012   -0.762279   -1.173269   13.479    6.566   -2.134 S_000001
SCORE:     0.031                  0.031          0          0          0    S_000002
   1 H     0.000  170.252   55.279   80.163  138.639 -118.475   72.119   12.082  132.834  -67.239    0.349664   -1.324683   -0.710973   -0.978241   -1.791992   -1.314355   -1.862105   -0.703711   -1.204027    3.794    0.984    0.238 S_000002
   2 P   164.423 -126.231  176.251   91.863 -148.152  -95.447   90.726   36.141   94.787  -18.747    0.308216   -1.335123   -0.633984   -0.806988   -1.469271   -1.673926   -1.899392   -0.725780   -1.196649    9.048    2.613   -1.908 S_000002
   3 H   -73.824  167.806   62.254   80.785    0.000    0.000   72.149   32.950  104.662   29.948    0.325262   -1.410694   -0.480691   -0.831043   -1.700749   -1.438301   -1.858651   -0.760365   -1.185749   14.450    6.076   -1.298 S_000002
SCORE:     0.022                  0.022          0          0          0    S_000003
   1 H     0.000  170.252   55.279   99.366   37.004  115.204 -179.994    8.767  128.101 -143.062    0.435905   -1.062987   -1.004996   -0.859946   -1.463220   -1.693261   -1.899903   -0.657307   -1.218227    3.794    0.984    0.238 S_000003
   2 P   171.747  153.395  159.041  148.712 -150.900 -143.856  163.298  -31.676  141.216  -34.261    0.335662   -0.099384   -1.482186   -0.823846   -0.920479   -2.044532   -1.934389   -0.708140   -1.198506    9.857    2.098   -1.253 S_000003
   3 H   129.269 -132.937 -179.067   78.213    0.000    0.000   60.376   41.861   95.080  -21.275    0.297146   -1.421506   -0.455032   -0.745950   -1.574242   -1.554697   -1.813735   -0.693835   -1.234558   16.452    2.406   -1.630 S_000003
SCORE:     0.035                  0.035          0          0          0    S_000004
   1 H     0.000  170.252   55.279   99.366   37.004  115.204 -179.994    8.767  128.101 -143.062    0.435905   -1.062987   -1.004996   -0.859946   -1.463220   -1.693261   -1.899903   -0.657307   -1.218227    3.794    0.984    0.238 S_000004
   2 P   -87.787  177.868   72.488  125.142 -164.828 -151.898  111.548  -19.213  150.164  -29.735    0.411216   -0.574601   -1.357123   -0.857597   -1.302692   -1.814919   -1.954673   -0.693383   -1.189634    9.694    0.797   -1.070 S_000004
   3 H   -73.069  165.772   64.950   82.652    0.000    0.000   66.236   39.385   92.540  -12.223    0.283801   -1.400264   -0.524212   -0.793899   -1.553462   -1.594516   -1.878363   -0.734579   -1.196185   15.906    1.248    0.742 S_000004
SCORE:     0.027                  0.027          0          0          0    S_000005
   1 H     0.000  170.252   55.279   80.163  138.639 -118.475   72.119   12.082  132.834  -67.239    0.349664   -1.324683   -0.710973   -0.978241   -1.791992   -1.314355   -1.862105   -0.703711   -1.204027    3.794    0.984    0.238 S_000005
   2 P   145.834  169.864  160.515  116.771 -150.825  -95.969  116.851    6.639  112.778  -49.780    0.428419   -0.827735   -1.201961   -0.850477   -1.142936   -1.957796   -1.955336   -0.681649   -1.210816    8.856    3.192   -2.920 S_000005
   3 H  -132.321  140.974  138.307   85.970    0.000    0.000   64.743   33.450   92.163  -23.256    0.362141   -1.286160   -0.732858   -0.782543   -1.384290   -1.739682   -1.894304   -0.694603   -1.212865   14.410    6.953   -3.556 S_000005
SCORE:     0.040                  0.040          0          0          1    S_000006
   1 H     0.000  170.252   55.279   80.163  138.639 -118.475   72.119   12.082  132.834  -67.239    0.349664   -1.324683   -0.710973   -0.978241   -1.791992   -1.314355   -1.862105   -0.703711   -1.204027    3.794    0.984    0.238 S_000006
   2 P   153.942 -172.175  173.008   81.922 -159.435  -59.843   75.194   37.416   97.393 -160.084    0.313845   -1.393835   -0.529876   -0.789306   -1.579149   -1.575655   -1.852855   -0.709064   -1.225200    8.838    3.226   -2.624 S_000006
   3 H   -69.535 -170.277   49.965   82.903    0.000    0.000   83.056   39.699   90.659  169.230    0.293218   -1.397825   -0.526910   -0.783102   -1.543690   -1.607369   -1.875370   -0.728258   -1.211178   14.095    6.505   -2.484 S_000006
SCORE:     0.035                  0.035          0          0          0    S_000007
   1 H     0.000  170.252   55.279   99.366   37.004  115.204 -179.994    8.767  128.101 -143.062    0.435905   -1.062987   -1.004996   -0.859946   -1.463220   -1.693261   -1.899903   -0.657307   -1.218227    3.794    0.984    0.238 S_000007
   2 P   -87.787  177.868   72.488  125.142 -164.828 -151.898  111.548  -19.213  150.164  -29.735    0.411216   -0.574601   -1.357123   -0.857597   -1.302692   -1.814919   -1.954673   -0.693383   -1.189634    9.694    0.797   -1.070 S_000007
   3 H   -51.278  171.041   40.592   82.033    0.000    0.000   87.037   40.106   85.393  -31.177    0.256745   -1.373003   -0.571361   -0.812321   -1.472272   -1.652420   -1.903686   -0.735121   -1.187872   15.894    1.092    0.513 S_000007
SCORE:     0.045                  0.045          0          0          1    S_000008
   1 H     0.000  170.252   55.279  102.571   43.862  136.422  101.484   10.967  122.746 -110.098    0.434455   -0.951058   -1.106625   -0.874387   -1.227275   -1.865049   -1.953608   -0.599488   -1.228468    3.794    0.984    0.238 S_000008
   2 P  -147.370  132.427  163.030   85.740 -133.620  -84.078   67.702   34.176   93.870  -15.107    0.344463   -1.309014   -0.688719   -0.791759   -1.433451   -1.704701   -1.888885   -0.699291   -1.211989    9.818    0.880   -1.642 S_000008
   3 H   -61.284  172.490   49.328   81.156    0.000    0.000   81.497   39.071   91.053 -116.516    0.308634   -1.376155   -0.565296   -0.771635   -1.500098   -1.637633   -1.868313   -0.699838   -1.215982   16.018    0.839   -0.063 S_000008
SCORE:     0.033                  0.033          0          0          0    S_000009
   1 H     0.000  170.252   55.279   80.163  138.639 -118.475   72.119   12.082  132.834  -67.239    0.349664   -1.324683   -0.710973   -0.978241   -1.791992   -1.314355   -1.862105   -0.703711   -1.204027    3.794    0.984    0.238 S_000009
   2 P   149.773 -156.144  176.474   82.777 -155.799  -84.417   85.097   38.273   91.188  109.933    0.325799   -1.359624   -0.601698   -0.762572   -1.475146   -1.669392   -1.863222   -0.693642   -1.226962    8.812    3.159   -2.170 S_000009
   3 H   -95.104  144.400   50.998   84.785    0.000    0.000   63.456   37.047   92.721  -14.844    0.320702   -1.359465   -0.609221   -0.785536   -1.490542   -1.657996   -1.883096   -0.708202   -1.215308   13.544    7.008   -2.750 S_000009
SCORE:     0.040                  0.040          0          0          1    S_000010
   1 H     0.000  170.252   55.279   80.163  138.639 -118.475   72.119   12.082  132.834  -67.239    0.349664   -1.324683   -0.710973   -0.978241   -1.791992   -1.314355   -1.862105   -0.703711   -1.204027    3.794    0.984    0.238 S_000010
   2 P   153.942 -172.175  173.008   81.922 -159.435  -59.843   75.194   37.416   97.393 -160.084    0.313845   -1.393835   -0.529876   -0.789306   -1.579149   -1.575655   -1.852855   -0.709064   -1.225200    8.838    3.226   -2.624 S_000010
   3 H   -64.032  176.688   53.616   80.194    0.000    0.000   78.882   39.278   93.874  -17.214    0.307760   -1.394105   -0.520947   -0.771842   -1.549706   -1.594333   -1.850591   -0.699188   -1.231764   13.741    6.567   -2.282 S_000010
