SEQUENCE: gaag
SCORE:     score    rna_stub_coord_hack       N_WC      N_NWC       N_BS description
REMARK RNA 
SCORE:     0.001                  0.001          0          0          1    S_000001
   1 H     0.000  170.252   55.279   90.523   30.513 -165.648  115.156   29.221   95.009 -104.840    0.384132   -1.208442   -0.844720   -0.799909   -1.310950   -1.807739   -1.910361   -0.675601   -1.216680    3.794    0.984    0.238 S_000001
   2 P   -73.598  152.028   78.577   92.970 -130.963  -89.558   70.014   31.205   89.152  -19.256    0.357046   -1.248333   -0.808737   -0.783972   -1.386075   -1.809939   -1.891517   -0.718118   -1.215990    6.409    2.107   -5.536 S_000001
   3 P  -117.356   78.766  152.289   84.543 -132.316  -68.848   62.158   37.698   90.344  -15.581    0.322935   -1.348605   -0.622837   -0.774808   -1.454441   -1.682579   -1.885989   -0.714108   -1.208428    9.081    5.455   -9.913 S_000001
   4 H   -74.176 -167.681   49.247   79.471    0.000    0.000   88.704   39.731   90.397  -15.773    0.315595   -1.383950   -0.559902   -0.760065   -1.495454   -1.643066   -1.857573   -0.681894   -1.240566   11.092    6.999  -15.977 S_000001
SCORE:     0.002                  0.002          0          0          0    S_000002
   1 H     0.000  170.252   55.279  154.533 -163.225 -167.598  147.830  -51.407  176.119   -8.679    0.218708    0.047698   -1.507896   -0.695007   -1.128807   -1.842673   -1.898550   -0.800436   -1.168977    3.794    0.984    0.238 S_000002
   2 P   -58.195 -173.700   65.002   87.502  141.529  -88.269  128.525   31.270   99.276   43.092    0.359309   -1.274219   -0.763328   -0.807371   -1.398220   -1.741787   -1.903605   -0.672719   -1.223619   10.220    1.110   -1.191 S_000002
   3 P   175.092 -102.372 -175.903   92.378 -139.805  -55.656  -27.979   21.886  117.369    2.866    0.348707   -1.360588   -0.670816   -0.921158   -1.749262   -1.487993   -1.905244   -0.758322   -1.157865   15.933    1.840   -2.204 S_000002
   4 H   -37.612  170.324   35.260   83.090    0.000    0.000   73.231   37.200   91.029  -12.190    0.314566   -1.362770   -0.575082   -0.789942   -1.513664   -1.622440   -1.880353   -0.726276   -1.200179   21.521    0.935   -2.548 S_000002
SCORE:     0.003                  0.003          0          0          1    S_000003
   1 H     0.000  170.252   55.279  150.815 -123.457  115.338  125.628  -37.111  150.109  -17.944    0.324328   -0.074255   -1.490728   -0.780046   -1.005898   -1.997502   -1.915763   -0.733806   -1.204333    3.794    0.984    0.238 S_000003
   2 P    69.223  137.261 -175.088   86.986 -153.397 -110.460  143.572   33.683   97.732  -12.707    0.328359   -1.339808   -0.647494   -0.818559   -1.502873   -1.648205   -1.897238   -0.709099   -1.201121    8.905    3.448   -2.332 S_000003
   3 P  -136.198 -122.857 -158.492  106.180 -124.887  -76.026   74.874   19.311  100.658  168.675    0.405981   -1.001253   -1.074308   -0.820525   -1.157218   -1.951689   -1.924168   -0.645988   -1.229494   16.048    3.749   -0.988 S_000003
   4 H   -69.158  168.381   62.192   80.687    0.000    0.000   74.044   40.645   92.031  179.917    0.313786   -1.379183   -0.531934   -0.733088   -1.509049   -1.622399   -1.814601   -0.675835   -1.255980   22.254    3.254   -2.196 S_000003
SCORE:     0.001                  0.001          0          0          0    S_000004
   1 H     0.000  170.252   55.279  143.622 -169.432 -129.713  135.729  -34.013  156.368  -50.889    0.331929   -0.248647   -1.465395   -0.812047   -1.168978   -1.885732   -1.950531   -0.724806   -1.187326    3.794    0.984    0.238 S_000004
   2 P   -58.446 -149.202   68.661  151.517  -94.388 -167.491  158.879  -36.566  157.616   66.657    0.314545   -0.058212   -1.465433   -0.758064   -0.951472   -2.024794   -1.934304   -0.600686   -1.266513   10.299   -0.156   -1.104 S_000004
   3 P   101.828 -173.169 -111.905   84.845 -158.848  -85.729   79.980   39.550   82.586  -27.741    0.315524   -1.316175   -0.698659   -0.758856   -1.322511   -1.784404   -1.889229   -0.685330   -1.229959   16.323    1.055   -4.469 S_000004
   4 H   -58.145  167.292   59.761   82.053    0.000    0.000   56.534   37.238   95.204 -150.071    0.317099   -1.376642   -0.558861   -0.781827   -1.548458   -1.604873   -1.863942   -0.710794   -1.222391   21.952    3.220   -3.821 S_000004
SCORE:     0.001                  0.001          0          0          1    S_000005
   1 H     0.000  170.252   55.279   83.359  -81.125 -139.356   71.693   37.503   91.842  -18.596    0.311855   -1.360742   -0.611687   -0.793031   -1.473406   -1.664265   -1.882305   -0.694628   -1.217436    3.794    0.984    0.238 S_000005
   2 P   -59.635 -160.120   48.664  147.679  -98.057 -148.024  -46.170  -37.674  158.172 -162.643    0.328942   -0.194641   -1.477977   -0.765558   -1.170944   -1.888938   -1.920786   -0.746690   -1.186433    6.130    1.054   -6.250 S_000005
   3 P  -128.384  113.180  162.852   86.269 -121.412  -87.458   58.577   34.811   87.922  -17.940    0.354485   -1.288841   -0.734645   -0.775911   -1.359654   -1.760900   -1.893358   -0.695028   -1.213425    6.632    3.605  -12.070 S_000005
   4 H   -86.613  164.191   73.161   81.756    0.000    0.000   67.867   39.014   92.235  179.900    0.303102   -1.366775   -0.588946   -0.777505   -1.478091   -1.663945   -1.864136   -0.696351   -1.223004   10.479    6.601  -16.528 S_000005
SCORE:     0.000                  0.000          0          0          1    S_000006
   1 H     0.000  170.252   55.279  135.029 -134.205  176.833  134.165  -36.575 -175.513  -12.360    0.306286   -0.468853   -1.413623   -0.851371   -1.464216   -1.537515   -1.976993   -0.693224   -1.210525    3.794    0.984    0.238 S_000006
   2 N   -52.298 -179.483   41.866  151.873  165.958  -99.232  161.382  -43.032  160.179  136.597    0.230404    0.081389   -1.515945   -0.794201   -0.904542   -2.051846   -1.928084   -0.685337   -1.225456    9.145    2.872   -2.543 S_000006
   3 P  -133.538  108.400  170.756   84.154 -127.305  -74.185   72.974   35.950   92.479   89.929    0.344062   -1.330407   -0.648063   -0.770795   -1.450555   -1.685258   -1.883026   -0.708824   -1.211451   14.916    4.086   -4.242 S_000006
   4 H   -65.962  179.284   52.817   82.063    0.000    0.000   73.082   38.842   92.202  179.919    0.305888   -1.378160   -0.560769   -0.780286   -1.506326   -1.629082   -1.866301   -0.690139   -1.226123   20.772    6.662   -4.901 S_000006
SCORE:     0.001                  0.001          0          0          1    S_000007
   1 H     0.000  170.252   55.279   84.023 -152.890 -167.538   84.302   36.631   90.342   -3.693    0.321324   -1.316625   -0.693274   -0.788321   -1.383544   -1.736645   -1.885529   -0.673645   -1.224444    3.794    0.984    0.238 S_000007
   2 P   -57.485  160.139   75.855  150.070 -129.358 -140.723  124.656  -40.385  156.749  145.069    0.321419   -0.067867   -1.491898   -0.742948   -1.064012   -1.946365   -1.896169   -0.757348   -1.185391    6.399    2.900   -5.143 S_000007
   3 P   -62.721 -173.367   37.813   82.363 -174.023  -60.548   82.666   32.870   95.630  -75.330    0.332475   -1.372230   -0.578554   -0.824355   -1.600567   -1.556819   -1.911352   -0.793627   -1.148762    9.719    6.285  -10.057 S_000007
   4 H   -69.661  169.269   74.600   82.147    0.000    0.000   66.948   38.110   94.272 -176.378    0.306128   -1.393011   -0.537079   -0.785047   -1.561120   -1.591015   -1.877928   -0.747289   -1.192900   11.442    7.673  -15.308 S_000007
SCORE:     0.001                  0.001          0          0          1    S_000008
   1 H     0.000  170.252   55.279   90.257   13.695 -172.138  100.147   36.829   95.262   23.973    0.314302   -1.335704   -0.661065   -0.793291   -1.427519   -1.706190   -1.882266   -0.650724   -1.248154    3.794    0.984    0.238 S_000008
   2 P   -57.485  160.139   75.855  150.070 -129.358 -140.723  124.656  -40.385  156.749  145.069    0.321419   -0.067867   -1.491898   -0.742948   -1.064012   -1.946365   -1.896169   -0.757348   -1.185391    6.740    2.014   -5.460 S_000008
   3 N   -65.634  164.281   58.789   78.630 -150.365  -61.563   84.326   39.714   94.571  -19.178    0.296957   -1.423485   -0.449884   -0.778644   -1.627291   -1.521178   -1.840869   -0.734188   -1.214816    8.130    4.208  -11.541 S_000008
   4 H   -69.630 -158.696   41.512   84.530    0.000    0.000   80.858   34.957   94.184  145.891    0.344694   -1.334774   -0.642536   -0.779024   -1.483764   -1.665007   -1.880115   -0.724050   -1.199539   10.339    8.742  -15.543 S_000008
SCORE:     0.000                  0.000          0          0          1    S_000009
   1 H     0.000  170.252   55.279   83.686 -157.022  169.262   89.834   32.888   96.897 -153.797    0.321955   -1.362332   -0.590456   -0.830205   -1.587423   -1.570629   -1.892637   -0.755105   -1.177270    3.794    0.984    0.238 S_000009
   2 P  -109.609  164.248   51.953  147.304 -152.795 -151.908  158.553  -38.656  160.522  120.154    0.316857   -0.192056   -1.481277   -0.771103   -1.186620   -1.869355   -1.927277   -0.754323   -1.183567    4.435    2.280   -6.150 S_000009
   3 N   -72.279  174.884   63.701   84.035 -155.383  -74.571   83.873   32.688  101.087 -121.668    0.335374   -1.362146   -0.615659   -0.823312   -1.564736   -1.593932   -1.891543   -0.721648   -1.201024    6.105    6.248  -11.220 S_000009
   4 H   -70.639  169.979   58.480   75.943    0.000    0.000   80.571   44.161   88.240  179.915    0.273507   -1.441367   -0.392369   -0.739480   -1.603562   -1.521505   -1.833966   -0.751369   -1.205574    9.271    9.490  -15.366 S_000009
SCORE:     0.002                  0.002          0          0          1    S_000010
   1 H     0.000  170.252   55.279  129.833 -129.054 -167.740  155.472  -25.810  165.533  124.372    0.376128   -0.713675   -1.305749   -0.860454   -1.569429   -1.515591   -1.950702   -0.764500   -1.167224    3.794    0.984    0.238 S_000010
   2 P   -71.093  137.843   52.232   85.064 -139.753 -152.810   87.407   40.287   89.995 -158.367    0.287583   -1.398634   -0.501776   -0.778461   -1.544700   -1.582723   -1.866127   -0.722760   -1.202541    9.220    2.169   -2.032 S_000010
   3 P    -9.791  151.275   56.495  145.205 -149.476  178.681  133.718  -34.285  155.187  132.770    0.343879   -0.234485   -1.467538   -0.792884   -1.158169   -1.902504   -1.934198   -0.737152   -1.185132   14.741    3.365   -4.825 S_000010
   4 H  -153.652 -148.274  157.110   84.914    0.000    0.000   56.740   37.241   86.003  -18.544    0.340217   -1.289039   -0.730316   -0.762850   -1.317841   -1.793289   -1.895422   -0.693912   -1.213479   19.870    7.190   -8.325 S_000010
