SEQUENCE: gag
SCORE:     score    rna_stub_coord_hack       N_WC      N_NWC       N_BS description
REMARK RNA 
SCORE:     0.061                  0.061          0          0          0    S_000001
   1 H     0.000  170.252   55.279   82.954  -88.064 -131.174   53.034   38.189   90.097 -163.327    0.314874   -1.354074   -0.599331   -0.777512   -1.464341   -1.662280   -1.879887   -0.710015   -1.210038    3.794    0.984    0.238 S_000001
   2 P   171.747  153.395  159.041  148.712 -150.900 -143.856  163.298  -31.676  141.216  -34.261    0.335662   -0.099384   -1.482186   -0.823846   -0.920479   -2.044532   -1.934389   -0.708140   -1.198506    5.075    0.060   -6.799 S_000001
   3 H   -58.557  176.047   54.472   85.191    0.000    0.000   74.855   36.729   92.344  -17.484    0.325642   -1.358529   -0.605824   -0.783192   -1.499924   -1.650741   -1.882908   -0.718059   -1.209206    7.526    0.671  -12.892 S_000001
SCORE:     0.070                  0.070          0          0          0    S_000002
   1 H     0.000  170.252   55.279   85.097  -91.014 -146.040   97.290   40.484   89.809  -23.773    0.279206   -1.383583   -0.546356   -0.786233   -1.496460   -1.637570   -1.903040   -0.737319   -1.205325    3.794    0.984    0.238 S_000002
   2 N  -178.810  153.055  135.770  106.704 -138.327 -112.358  127.377   22.478   87.323  -11.418    0.409131   -0.973460   -1.098711   -0.809248   -1.028300   -2.013690   -1.923910   -0.665663   -1.225656    5.504    1.126   -6.725 S_000002
   3 H   -68.492 -172.644   47.912   81.980    0.000    0.000   78.299   36.296   91.543  -69.918    0.321403   -1.372577   -0.576560   -0.795128   -1.543823   -1.611883   -1.893853   -0.756723   -1.180522    6.185    1.335  -13.525 S_000002
SCORE:     0.064                  0.064          0          0          0    S_000003
   1 H     0.000  170.252   55.279  132.938  -95.591 -142.640 -169.385  -33.604  170.820  113.252    0.356587   -0.413439   -1.427351   -0.797687   -1.365112   -1.725140   -1.949795   -0.735800   -1.190161    3.794    0.984    0.238 S_000003
   2 P  -173.910 -150.992  149.500  127.998 -128.911 -142.558   91.482   -6.193  136.127   15.787    0.408280   -0.788743   -1.262842   -0.923571   -1.317920   -1.806812   -1.984235   -0.740556   -1.116661    8.450    0.348   -5.268 S_000003
   3 H   -74.460  169.695   59.477   80.733    0.000    0.000   80.108   36.840   94.410 -113.812    0.318991   -1.388147   -0.558680   -0.790140   -1.571107   -1.602533   -1.880462   -0.746877   -1.196888   12.954   -0.147  -10.247 S_000003
SCORE:     0.061                  0.061          0          0          0    S_000004
   1 H     0.000  170.252   55.279   86.320  -90.624 -144.696   92.357   33.871   99.971 -112.800    0.323973   -1.368160   -0.595986   -0.823515   -1.568071   -1.594487   -1.886831   -0.715410   -1.202998    3.794    0.984    0.238 S_000004
   2 P  -173.910 -150.992  149.500  127.998 -128.911 -142.558   91.482   -6.193  136.127   15.787    0.408280   -0.788743   -1.262842   -0.923571   -1.317920   -1.806812   -1.984235   -0.740556   -1.116661    5.359   -0.104   -6.719 S_000004
   3 H   -60.894  171.716   41.279   79.603    0.000    0.000   73.885   45.228   86.307  -28.934    0.230788   -1.429141   -0.467396   -0.774637   -1.510012   -1.617687   -1.882156   -0.713876   -1.221265    6.870   -1.035  -13.153 S_000004
SCORE:     0.070                  0.070          0          0          0    S_000005
   1 H     0.000  170.252   55.279   92.518  175.202  130.171   79.027   22.122  110.319 -170.078    0.393774   -1.223585   -0.842438   -0.855515   -1.471195   -1.695897   -1.945869   -0.743696   -1.155831    3.794    0.984    0.238 S_000005
   2 N  -175.101 -147.674  159.572  141.718  176.133  146.872   62.364  -31.811 -103.226   76.911    0.331832   -0.177856   -1.485199   -0.843536   -1.029654   -1.962328   -1.977627   -0.691472   -1.204184    5.731    0.565   -6.671 S_000005
   3 H   -60.612  174.733   51.884   78.700    0.000    0.000   73.986   35.716   98.674  179.933    0.315595   -1.413432   -0.475099   -0.805924   -1.667009   -1.480661   -1.863324   -0.771431   -1.179712    3.823   -1.493  -12.351 S_000005
SCORE:     0.066                  0.066          0          0          0    S_000006
   1 H     0.000  170.252   55.279   83.359  -81.125 -139.356   71.693   37.503   91.842  -18.596    0.311855   -1.360742   -0.611687   -0.793031   -1.473406   -1.664265   -1.882305   -0.694628   -1.217436    3.794    0.984    0.238 S_000006
   2 N  -175.101 -147.674  159.572  141.718  176.133  146.872   62.364  -31.811 -103.226   76.911    0.331832   -0.177856   -1.485199   -0.843536   -1.029654   -1.962328   -1.977627   -0.691472   -1.204184    4.542   -0.357   -6.701 S_000006
   3 H   -63.087  160.784   55.989  146.069    0.000    0.000  143.532  -43.796  173.950   40.955    0.248015   -0.106648   -1.506556   -0.794010   -1.181571   -1.836829   -1.966740   -0.732270   -1.191679    6.000    1.319  -12.439 S_000006
SCORE:     0.075                  0.075          0          0          0    S_000007
   1 H     0.000  170.252   55.279  155.009  -79.291 -117.662  120.248  -38.884  156.814   34.280    0.311631   -0.076641   -1.487680   -0.770383   -1.043022   -1.962842   -1.924497   -0.720337   -1.208561    3.794    0.984    0.238 S_000007
   2 P   171.747  153.395  159.041  148.712 -150.900 -143.856  163.298  -31.676  141.216  -34.261    0.335662   -0.099384   -1.482186   -0.823846   -0.920479   -2.044532   -1.934389   -0.708140   -1.198506    9.035    0.727   -4.545 S_000007
   3 H   -73.696 -165.744   51.662   84.125    0.000    0.000  127.345   20.523  120.314   50.010    0.408514   -1.232229   -0.797209   -0.850495   -1.533007   -1.615950   -1.866653   -0.628188   -1.253373   14.882    0.348   -8.174 S_000007
SCORE:     0.068                  0.068          0          0          0    S_000008
   1 H     0.000  170.252   55.279  155.009  -79.291 -117.662  120.248  -38.884  156.814   34.280    0.311631   -0.076641   -1.487680   -0.770383   -1.043022   -1.962842   -1.924497   -0.720337   -1.208561    3.794    0.984    0.238 S_000008
   2 P  -172.604  161.126  159.864  155.138 -101.607 -139.360  -48.863  -40.948  155.621   78.591    0.319081    0.026124   -1.484098   -0.731166   -0.944630   -1.986654   -1.887978   -0.700564   -1.211859    9.118    0.544   -4.448 S_000008
   3 H   -68.240 -179.421   52.538   81.960    0.000    0.000   75.769   40.212   91.215  179.896    0.302559   -1.391016   -0.536415   -0.763268   -1.518103   -1.623756   -1.854717   -0.692445   -1.234400   14.707   -0.135   -8.409 S_000008
SCORE:     0.059                  0.059          0          0          0    S_000009
   1 H     0.000  170.252   55.279   86.463  -85.999 -130.359   68.646   36.839   95.098  -25.933    0.321022   -1.360346   -0.603696   -0.787491   -1.501064   -1.649841   -1.880155   -0.697350   -1.224641    3.794    0.984    0.238 S_000009
   2 P   171.747  153.395  159.041  148.712 -150.900 -143.856  163.298  -31.676  141.216  -34.261    0.335662   -0.099384   -1.482186   -0.823846   -0.920479   -2.044532   -1.934389   -0.708140   -1.198506    5.213    0.202   -6.775 S_000009
   3 H   -83.866  177.886   58.292   76.060    0.000    0.000   75.451   39.634   97.186  166.189    0.279807   -1.452085   -0.378161   -0.799746   -1.702342   -1.431318   -1.830848   -0.750792   -1.209675    7.560    0.973  -13.122 S_000009
SCORE:     0.061                  0.061          0          0          0    S_000010
   1 H     0.000  170.252   55.279   82.954  -88.064 -131.174   53.034   38.189   90.097 -163.327    0.314874   -1.354074   -0.599331   -0.777512   -1.464341   -1.662280   -1.879887   -0.710015   -1.210038    3.794    0.984    0.238 S_000010
   2 P   171.747  153.395  159.041  148.712 -150.900 -143.856  163.298  -31.676  141.216  -34.261    0.335662   -0.099384   -1.482186   -0.823846   -0.920479   -2.044532   -1.934389   -0.708140   -1.198506    5.075    0.060   -6.799 S_000010
   3 H   -65.087 -177.367   47.708   81.811    0.000    0.000   71.973   40.853   86.043  -27.403    0.305730   -1.379672   -0.554250   -0.750394   -1.478792   -1.652280   -1.868605   -0.729347   -1.209070    7.357    0.783  -13.073 S_000010
