SEQUENCE: gag
SCORE:     score    rna_stub_coord_hack       N_WC      N_NWC       N_BS description
REMARK RNA 
SCORE:     0.006                  0.006          0          0          0    S_000001
   1 H     0.000  170.252   55.279   86.162 -127.966   73.638   91.205   33.617   99.514  -72.391    0.331265   -1.346443   -0.647111   -0.820350   -1.509078   -1.647167   -1.895720   -0.699805   -1.214104    3.794    0.984    0.238 S_000001
   2 P   -87.787  177.868   72.488  125.142 -164.828 -151.898  111.548  -19.213  150.164  -29.735    0.411216   -0.574601   -1.357123   -0.857597   -1.302692   -1.814919   -1.954673   -0.693383   -1.189634    0.608    0.188   -3.237 S_000001
   3 H   -69.789 -174.575   45.982   79.875    0.000    0.000   75.375   44.141   85.611  -30.574    0.282525   -1.397826   -0.540679   -0.731841   -1.438689   -1.680263   -1.857116   -0.695498   -1.229611   -5.468   -1.572   -5.494 S_000001
SCORE:     0.004                  0.004          0          0          0    S_000002
   1 H     0.000  170.252   55.279  142.644 -118.796   51.266   98.967  -32.755  153.811   20.655    0.348747   -0.250572   -1.465087   -0.804637   -1.147621   -1.910424   -1.943052   -0.723223   -1.190427    3.794    0.984    0.238 S_000002
   2 N  -178.810  153.055  135.770  106.704 -138.327 -112.358  127.377   22.478   87.323  -11.418    0.409131   -0.973460   -1.098711   -0.809248   -1.028300   -2.013690   -1.923910   -0.665663   -1.225656    3.670    2.652   -4.813 S_000002
   3 H   -75.534  166.782   61.983   81.657    0.000    0.000   64.093   35.639   93.666  -21.339    0.334086   -1.359692   -0.599751   -0.784448   -1.527107   -1.626290   -1.875357   -0.738881   -1.198051    0.811    6.049   -9.758 S_000002
SCORE:     0.008                  0.008          0          0          0    S_000003
   1 H     0.000  170.252   55.279  141.164  -80.259  -37.392  116.352  -34.097  154.296  -99.654    0.328838   -0.229349   -1.465648   -0.814512   -1.147046   -1.900567   -1.949233   -0.704975   -1.195727    3.794    0.984    0.238 S_000003
   2 N   154.001 -151.352 -179.891   82.407 -120.265  -97.432   73.456   36.108   93.428  -28.641    0.344713   -1.332998   -0.644622   -0.766566   -1.453473   -1.682803   -1.865678   -0.702813   -1.218244    2.927    1.966   -4.530 S_000003
   3 H    48.364  167.951   48.827   80.964    0.000    0.000   60.087   39.151   90.950  -21.249    0.301070   -1.400363   -0.522488   -0.781783   -1.557578   -1.593082   -1.875012   -0.743713   -1.199062    0.160    6.062   -8.538 S_000003
SCORE:     0.002                  0.002          0          0          0    S_000004
   1 H     0.000  170.252   55.279   86.162 -127.966   73.638   91.205   33.617   99.514  -72.391    0.331265   -1.346443   -0.647111   -0.820350   -1.509078   -1.647167   -1.895720   -0.699805   -1.214104    3.794    0.984    0.238 S_000004
   2 P  -170.283  161.190 -176.306  140.990 -163.860 -102.059  133.153  -32.306  149.951  165.152    0.350717   -0.168927   -1.477787   -0.803819   -1.029144   -1.981828   -1.933928   -0.657356   -1.225843    0.747    0.026   -4.289 S_000004
   3 H   -51.347  168.655   53.169   82.374    0.000    0.000   62.225   36.154   97.203  143.890    0.316778   -1.369713   -0.573489   -0.798345   -1.543799   -1.602461   -1.873902   -0.719249   -1.205564   -5.224    0.210   -5.682 S_000004
SCORE:     0.004                  0.004          0          0          0    S_000005
   1 H     0.000  170.252   55.279   79.011 -127.919   66.492   96.752   38.713   89.207  -19.425    0.305027   -1.395099   -0.538150   -0.780689   -1.554209   -1.604851   -1.892459   -0.788691   -1.175966    3.794    0.984    0.238 S_000005
   2 P   171.747  153.395  159.041  148.712 -150.900 -143.856  163.298  -31.676  141.216  -34.261    0.335662   -0.099384   -1.482186   -0.823846   -0.920479   -2.044532   -1.934389   -0.708140   -1.198506    0.581   -0.825   -4.030 S_000005
   3 H    36.542 -155.643  -74.911  108.200    0.000    0.000   81.913   32.672   82.569 -170.097    0.359052   -0.977249   -1.106582   -0.789878   -0.763787   -2.081385   -1.930688   -0.526292   -1.289232   -5.435   -2.405   -4.075 S_000005
SCORE:     0.002                  0.002          0          0          0    S_000006
   1 H     0.000  170.252   55.279   86.162 -127.966   73.638   91.205   33.617   99.514  -72.391    0.331265   -1.346443   -0.647111   -0.820350   -1.509078   -1.647167   -1.895720   -0.699805   -1.214104    3.794    0.984    0.238 S_000006
   2 P  -170.283  161.190 -176.306  140.990 -163.860 -102.059  133.153  -32.306  149.951  165.152    0.350717   -0.168927   -1.477787   -0.803819   -1.029144   -1.981828   -1.933928   -0.657356   -1.225843    0.747    0.026   -4.289 S_000006
   3 H   166.962  178.542  165.871   86.229    0.000    0.000   58.896   40.220   81.021 -122.485    0.316454   -1.317371   -0.689221   -0.747892   -1.307194   -1.775763   -1.875616   -0.677290   -1.219715   -5.523   -0.955   -7.221 S_000006
SCORE:     0.006                  0.006          0          0          0    S_000007
   1 H     0.000  170.252   55.279   86.162 -127.966   73.638   91.205   33.617   99.514  -72.391    0.331265   -1.346443   -0.647111   -0.820350   -1.509078   -1.647167   -1.895720   -0.699805   -1.214104    3.794    0.984    0.238 S_000007
   2 P  -177.185 -173.566  155.371  145.456  -98.754  179.352  138.838  -24.197  141.689  170.602    0.366879   -0.185448   -1.467973   -0.847005   -0.869502   -2.069646   -1.938630   -0.653402   -1.218242    0.886    0.635   -4.667 S_000007
   3 H   -77.344 -159.781   46.649   82.914    0.000    0.000   77.304   40.657   88.728  179.926    0.279636   -1.372729   -0.590675   -0.777939   -1.443311   -1.678016   -1.888012   -0.701757   -1.210358   -5.450   -0.885   -4.969 S_000007
SCORE:     0.004                  0.004          0          0          0    S_000008
   1 H     0.000  170.252   55.279   79.011 -127.919   66.492   96.752   38.713   89.207  -19.425    0.305027   -1.395099   -0.538150   -0.780689   -1.554209   -1.604851   -1.892459   -0.788691   -1.175966    3.794    0.984    0.238 S_000008
   2 P   171.747  153.395  159.041  148.712 -150.900 -143.856  163.298  -31.676  141.216  -34.261    0.335662   -0.099384   -1.482186   -0.823846   -0.920479   -2.044532   -1.934389   -0.708140   -1.198506    0.581   -0.825   -4.030 S_000008
   3 H   -82.608  163.564   85.707   82.549    0.000    0.000   61.320   39.720   91.410 -157.102    0.302471   -1.403644   -0.493475   -0.766639   -1.569789   -1.564338   -1.847814   -0.723282   -1.207361   -5.381   -3.651   -4.356 S_000008
SCORE:     0.009                  0.009          0          0          1    S_000009
   1 H     0.000  170.252   55.279  145.797 -126.659   86.437  156.223  -39.826  166.783 -142.028    0.315685   -0.186252   -1.481257   -0.754189   -1.191615   -1.829165   -1.919418   -0.699079   -1.209862    3.794    0.984    0.238 S_000009
   2 N  -139.048  166.464  170.340   86.512 -154.158  -65.732   70.175   34.223   96.956   10.890    0.341865   -1.327089   -0.657684   -0.792520   -1.472840   -1.667874   -1.873415   -0.684865   -1.220649    4.866    3.763   -4.174 S_000009
   3 H   -58.158  170.270   60.454   85.829    0.000    0.000   86.705   37.762   94.885   73.839    0.309366   -1.368578   -0.584302   -0.791105   -1.500060   -1.639708   -1.872053   -0.680152   -1.236042    2.586    7.772   -7.875 S_000009
SCORE:     0.001                  0.001          0          0          0    S_000010
   1 H     0.000  170.252   55.279   90.886 -117.730   39.793   69.010   31.818   99.175  -82.341    0.346327   -1.296448   -0.722906   -0.821484   -1.438485   -1.707425   -1.914878   -0.692589   -1.207688    3.794    0.984    0.238 S_000010
   2 P  -173.910 -150.992  149.500  127.998 -128.911 -142.558   91.482   -6.193  136.127   15.787    0.408280   -0.788743   -1.262842   -0.923571   -1.317920   -1.806812   -1.984235   -0.740556   -1.116661    0.701    0.272   -4.099 S_000010
   3 H   -68.347  175.381   56.094   81.088    0.000    0.000   74.971   37.139   95.018  -17.569    0.329920   -1.365814   -0.581883   -0.769882   -1.519618   -1.629880   -1.866671   -0.711445   -1.220676   -5.619   -0.525   -6.358 S_000010
