SEQUENCE: gaaaaaaaaaaaaaaaaaag
SCORE:     score    rna_stub_coord_hack       N_WC      N_NWC       N_BS description
REMARK RNA 
SCORE:     0.002                  0.002          0          1          2    S_000001
   1 H     0.000  170.252   55.279   87.328 -157.823  -59.300   63.401   37.272   92.592  -26.688    0.327766   -1.336251   -0.644276   -0.769111   -1.441703   -1.700960   -1.875595   -0.688723   -1.236178    3.794    0.984    0.238 S_000001
   2 P  -144.903  127.221 -177.876   83.037 -138.999  -74.859   73.756   32.146   98.685  179.949    0.361076   -1.325429   -0.666502   -0.795029   -1.507480   -1.648622   -1.876021   -0.717484   -1.203681    8.677   -1.622   -3.064 S_000001
   3 N   -70.134 -122.951   45.259  145.902 -161.667 -171.927  171.592  -29.237  145.130  -58.222    0.361392   -0.244021   -1.440161   -0.820842   -1.065751   -1.938745   -1.941641   -0.708015   -1.187291   14.287   -1.342   -6.948 S_000001
   4 N  -127.306 -149.789   67.856   94.274   53.014  151.190  109.022   20.035  108.313   44.719    0.429328   -1.066193   -0.986820   -0.818325   -1.248042   -1.851121   -1.916966   -0.627477   -1.232384   16.855    1.873  -12.955 S_000001
   5 P   135.071 -114.279 -179.737   85.360 -120.889  -75.102   41.219   36.895   93.643  -27.242    0.324250   -1.355896   -0.615526   -0.783410   -1.484351   -1.662550   -1.876224   -0.695643   -1.224234   14.120    5.279  -17.600 S_000001
   6 P   -64.564  164.031   47.838   80.947 -113.803 -112.100  106.540   35.696   95.429  -88.184    0.326456   -1.361683   -0.600483   -0.796913   -1.521652   -1.626950   -1.881408   -0.719083   -1.207441   11.630   10.653  -19.523 S_000001
   7 P   -66.577  175.958   55.618   86.452 -136.127  -56.297   81.215   32.169  101.283  -15.849    0.340710   -1.337634   -0.640430   -0.821314   -1.531678   -1.616219   -1.880262   -0.690304   -1.214158   13.533   17.111  -20.563 S_000001
   8 N   -47.009 -156.943   43.129  136.535 -108.297 -129.744  -43.653  -37.484  173.233  179.919    0.311316   -0.514768   -1.402360   -0.821301   -1.538355   -1.515089   -1.920402   -0.777227   -1.165554   19.168   19.702  -20.569 S_000001
   9 P   146.615 -167.000 -169.815   82.470 -132.725  -70.289   71.708   40.712   88.644   81.510    0.299093   -1.387817   -0.540911   -0.761575   -1.502633   -1.637962   -1.858264   -0.706118   -1.223254   24.523   21.598  -24.920 S_000001
  10 N  -110.312  128.279  156.431  131.950  -41.373 -161.135   85.348  -33.834  164.374  135.902    0.333923   -0.482770   -1.412865   -0.817989   -1.449134   -1.662372   -1.945550   -0.754140   -1.172670   28.118   23.731  -29.507 S_000001
  11 N    49.768 -151.672  161.870   83.101  151.471  173.587   99.969   29.881  102.127  -91.551    0.358826   -1.325480   -0.669894   -0.825511   -1.546052   -1.616867   -1.897946   -0.737026   -1.188716   34.160   26.010  -29.971 S_000001
  12 P   -89.417 -170.722   56.284   86.265 -158.331 -165.442  129.009   30.619   99.193  -19.241    0.359645   -1.284611   -0.739600   -0.816006   -1.439593   -1.708566   -1.898492   -0.684773   -1.221104   35.545   32.087  -33.104 S_000001
  13 P   133.672  116.324  174.939   85.959 -147.791  -72.484   76.620   37.073   93.583  177.523    0.326800   -1.349232   -0.605191   -0.775282   -1.479584   -1.652634   -1.864206   -0.707319   -1.206991   40.505   33.895  -38.233 S_000001
  14 P   -64.132 -173.986   78.117  144.021 -102.288  161.905  145.881  -36.810  165.935  140.551    0.336458   -0.426064   -1.426571   -0.777721   -1.432900   -1.660443   -1.911454   -0.752573   -1.189238   45.499   36.219  -41.411 S_000001
  15 N    56.099 -120.227 -142.582  139.159 -104.004  -56.446  140.172  -32.809  153.276   17.793    0.363346   -0.264891   -1.459458   -0.785804   -1.168291   -1.898221   -1.924809   -0.743875   -1.177358   48.826   36.762  -45.748 S_000001
  16 N   169.273 -176.709   55.932  148.519 -110.484  -92.654  138.794  -33.734  145.270   64.143    0.336059   -0.056527   -1.490921   -0.803300   -0.907167   -2.049510   -1.919135   -0.713418   -1.202257   53.868   36.818  -49.526 S_000001
  17 P   179.341 -169.080  168.285   96.011 -106.399   72.798   65.689   28.525  101.700 -159.777    0.346341   -1.265568   -0.785004   -0.855985   -1.425709   -1.724828   -1.932840   -0.683365   -1.202719   55.627   41.177  -44.370 S_000001
  18 P   -73.824  139.493   51.077   96.154 -123.809  -59.886   58.511   22.665  103.336  -29.358    0.392506   -1.170904   -0.892493   -0.823372   -1.396774   -1.778482   -1.909335   -0.692280   -1.214719   58.450   40.110  -45.730 S_000001
  19 P   -54.346  162.491   45.478   87.651 -151.622  151.561  104.637   28.729  104.414    8.148    0.350144   -1.351037   -0.609899   -0.853036   -1.625433   -1.524604   -1.879079   -0.717340   -1.192684   62.286   42.982  -49.034 S_000001
  20 H   176.566  173.403  157.534   87.929    0.000    0.000   49.727   33.012   93.444  -14.716    0.344270   -1.270814   -0.776197   -0.817508   -1.347691   -1.786437   -1.931342   -0.668897   -1.219965   68.980   41.840  -50.718 S_000001
SCORE:     0.003                  0.003          0          1          2    S_000002
   1 H     0.000  170.252   55.279   93.985 -157.486  -65.786   71.096   37.346   91.810  -11.928    0.346858   -1.291584   -0.678839   -0.743056   -1.358744   -1.738328   -1.858590   -0.666230   -1.226178    3.794    0.984    0.238 S_000002
   2 N   -68.384  176.298   44.747  144.191 -123.562  106.215  173.984  -33.610  155.901 -154.913    0.341073   -0.272283   -1.458041   -0.801668   -1.190609   -1.874453   -1.941603   -0.727327   -1.182144    8.613   -2.018   -1.944 S_000002
   3 P  -128.384  113.180  162.852   86.269 -121.412  -87.458   58.577   34.811   87.922  -17.940    0.354485   -1.288841   -0.734645   -0.775911   -1.359654   -1.760900   -1.893358   -0.695028   -1.213425   11.580   -0.989   -5.204 S_000002
   4 P   132.201 -170.136  172.043   82.935 -174.144  -99.458  113.946   35.506  102.658  -57.807    0.296716   -1.397482   -0.505598   -0.833698   -1.628991   -1.513709   -1.843882   -0.692077   -1.232421   14.135    2.763  -10.022 S_000002
   5 P   -92.061  174.712   64.731   79.865 -168.143  -67.139   80.901   41.144   89.108  166.693    0.288880   -1.388462   -0.552470   -0.761396   -1.486321   -1.649708   -1.854959   -0.705627   -1.220698   17.142    6.204  -14.593 S_000002
   6 P   -56.806  167.716   48.798   82.595 -142.002  -63.765   75.874   36.998   94.274  -19.541    0.324517   -1.360642   -0.601592   -0.784093   -1.495324   -1.649538   -1.875577   -0.701487   -1.218967   20.787   10.414  -15.801 S_000002
   7 P   -71.996 -167.843   54.304   83.059 -155.846  -62.462   83.524   36.743   96.156  179.922    0.327262   -1.363199   -0.595247   -0.782336   -1.509388   -1.638366   -1.864154   -0.687590   -1.231621   26.313   13.126  -13.912 S_000002
   8 N   -72.770 -144.014   59.296   89.962 -148.135 -175.221  112.418   34.168   96.789 -160.154    0.332360   -1.313442   -0.703338   -0.808423   -1.427409   -1.718892   -1.902201   -0.675697   -1.228264   32.643   12.025  -12.559 S_000002
   9 P   -59.937  141.588   40.087   89.764 -118.643  -77.243   60.167   34.087   93.386  -26.501    0.344983   -1.291969   -0.722428   -0.797188   -1.387883   -1.740690   -1.908778   -0.694879   -1.208814   37.060   15.532  -14.354 S_000002
  10 N    91.023  112.954   34.398   84.828  -86.562  -91.804   70.747   30.500  101.843  -19.173    0.356481   -1.318686   -0.680690   -0.817241   -1.525831   -1.640825   -1.891293   -0.721531   -1.204646   41.747   12.612  -17.429 S_000002
  11 N   167.952 -167.959  154.203  145.211 -155.376 -167.633   19.536  -32.174  148.043  -55.599    0.332777   -0.133501   -1.484945   -0.828850   -0.980089   -2.013944   -1.953344   -0.695714   -1.205944   46.019   17.727  -17.607 S_000002
  12 N   124.945  137.950   42.830  118.606  -76.244  165.453  110.104   -1.084  138.381   43.963    0.423846   -0.893873   -1.174582   -0.905426   -1.375226   -1.760628   -1.966226   -0.655142   -1.195914   48.909   24.423  -18.562 S_000002
  13 N  -103.277  154.143   48.062   93.033 -161.195  165.687   76.928   30.762   97.200   -9.455    0.352927   -1.287139   -0.727983   -0.829717   -1.435258   -1.694381   -1.917159   -0.692431   -1.193826   50.778   27.603  -23.233 S_000002
  14 N   -20.528  117.962   60.081  102.107 -118.313 -102.766  -26.147   31.160   95.805  -60.891    0.356072   -1.158241   -0.928144   -0.810893   -1.149945   -1.910655   -1.939211   -0.658815   -1.216937   49.934   28.650  -28.515 S_000002
  15 P    68.538  167.213 -173.924   83.974 -172.672  -89.084  109.402   36.411   93.428  -17.431    0.327762   -1.350952   -0.618290   -0.783060   -1.493810   -1.662168   -1.884309   -0.717844   -1.208533   51.015   29.452  -34.957 S_000002
  16 P   -61.941 -179.711   47.878   91.074 -128.623  -84.163   64.174   39.959   89.226  -11.239    0.264186   -1.344503   -0.634518   -0.796695   -1.395547   -1.708096   -1.887804   -0.625801   -1.239547   54.823   29.241  -39.788 S_000002
  17 P   -65.327 -165.630   36.896   82.214 -174.302  -62.842   89.426   37.412   87.771  -74.556    0.312584   -1.353059   -0.633300   -0.790346   -1.454748   -1.685707   -1.882602   -0.709968   -1.206739   60.614   31.506  -42.329 S_000002
  18 P  -174.693  125.315   70.626  100.770 -168.348 -125.431   59.244    6.694  142.590  165.496    0.406817   -1.171540   -0.911572   -0.936605   -1.632745   -1.491397   -1.901210   -0.662736   -1.210185   66.838   33.341  -40.706 S_000002
  19 N   -64.699  147.592   42.708  144.326 -121.937  149.063  111.286  -33.988  149.157   16.091    0.337601   -0.166138   -1.474106   -0.798394   -1.061037   -1.963106   -1.929577   -0.720623   -1.192276   70.729   37.863  -41.369 S_000002
  20 H  -105.357  116.773  108.792   80.129    0.000    0.000   67.807   41.480   90.727  179.947    0.308553   -1.383666   -0.547324   -0.732359   -1.488182   -1.655147   -1.825531   -0.666807   -1.259890   74.559   40.861  -40.267 S_000002
SCORE:     0.000                  0.000          0          1          4    S_000003
   1 H     0.000  170.252   55.279   84.789 -151.051  -82.504   85.325   36.720   93.852 -112.335    0.322099   -1.356935   -0.619366   -0.789069   -1.484806   -1.663465   -1.884185   -0.702352   -1.215504    3.794    0.984    0.238 S_000003
   2 N   -64.782  160.082   53.845   85.774 -123.682 -164.533  124.617   35.782   98.770  -15.962    0.336617   -1.352471   -0.602064   -0.782014   -1.513191   -1.633209   -1.862629   -0.683820   -1.232069    8.757   -1.029   -2.595 S_000003
   3 P   -82.452  165.219   49.925   89.089 -153.628 -169.820  129.314   36.571   91.588 -173.755    0.329137   -1.311955   -0.693513   -0.781257   -1.382682   -1.740888   -1.890437   -0.665389   -1.232810   12.574   -2.142   -7.806 S_000003
   4 N     0.000  106.876 -177.261  133.811 -109.284 -112.887  130.207  -25.632  144.934   13.172    0.424960   -0.516423   -1.364867   -0.774969   -1.352394   -1.760041   -1.907736   -0.792829   -1.145844   14.203   -2.723  -13.151 S_000003
   5 N   140.710 -153.611  -70.195   89.550  179.018  -81.297   91.752   33.347   97.217  -80.580    0.277846   -1.363248   -0.622358   -0.895089   -1.517583   -1.599090   -1.916512   -0.649078   -1.191753   17.387    3.305  -12.890 S_000003
   6 P   166.486  139.876   53.252  145.942 -101.355  169.108  103.896  -34.445  158.535  -74.510    0.349719   -0.288780   -1.453373   -0.787472   -1.230993   -1.842958   -1.932425   -0.730983   -1.185530   22.330    4.605  -17.435 S_000003
   7 P   145.178 -156.034 -172.353   84.988 -133.611  -72.916   57.863   38.515   89.648  -30.107    0.312455   -1.350548   -0.616806   -0.776444   -1.446986   -1.689238   -1.877180   -0.694361   -1.217785   22.735    9.874  -21.958 S_000003
   8 P    75.788  167.457  -42.389  145.026 -133.506  170.012   82.841  -30.165  146.058  -20.062    0.362107   -0.210771   -1.463815   -0.810727   -1.041823   -1.979678   -1.932850   -0.690416   -1.200546   21.791   15.480  -24.311 S_000003
   9 P  -172.373 -172.725   58.238  137.346  -37.701   64.820   84.942  -25.964  146.470  -78.360    0.407320   -0.170761   -1.459862   -0.805127   -0.897825   -2.039458   -1.925543   -0.683396   -1.215156   25.205   19.451  -29.103 S_000003
  10 P   -47.753  167.917   42.835   78.214 -135.296  -51.582   73.435   38.097   95.489  -22.473    0.315126   -1.415142   -0.465464   -0.775526   -1.640689   -1.512801   -1.847049   -0.758830   -1.191106   27.164   18.299  -31.034 S_000003
  11 P   168.325 -155.533  164.319   84.533 -102.584  -65.878   53.087   35.938   88.750  -15.999    0.340695   -1.296219   -0.715842   -0.779549   -1.362249   -1.760899   -1.902433   -0.693016   -1.214814   32.189   20.793  -33.880 S_000003
  12 P   -53.426  167.329   65.141  115.360 -113.777 -159.626   97.404   -5.403  134.937   56.068    0.427600   -0.829890   -1.204746   -0.881835   -1.388628   -1.769707   -1.954577   -0.702966   -1.187770   34.664   26.206  -34.449 S_000003
  13 P   157.623 -160.717 -173.530   81.732 -126.986  -78.095   55.873   33.182   99.599  179.890    0.356342   -1.333174   -0.647864   -0.788987   -1.511153   -1.645318   -1.868281   -0.712487   -1.211563   39.101   31.925  -34.150 S_000003
  14 N   -18.811 -144.746   50.057  137.212 -109.039  -91.948  127.589  -31.767  154.180  -59.848    0.345779   -0.400810   -1.431908   -0.822639   -1.320496   -1.793131   -1.952917   -0.785739   -1.142931   43.875   35.948  -34.515 S_000003
  15 P   -73.359  173.409   52.926   85.748 -141.299 -147.243   74.447   36.539   94.030  -97.849    0.324570   -1.357679   -0.610091   -0.787644   -1.497085   -1.651435   -1.883916   -0.708617   -1.213908   47.216   37.548  -40.071 S_000003
  16 P   -89.726 -143.626  -96.139   85.893 -158.948  -46.789   78.765   34.741   93.295  -15.282    0.324075   -1.360258   -0.609857   -0.806683   -1.536347   -1.621330   -1.895649   -0.751318   -1.185912   45.721   40.944  -46.165 S_000003
  17 P   -71.908  171.863   60.554   84.125 -125.992  -61.653   80.162   35.335   92.176 -163.919    0.348417   -1.322071   -0.674828   -0.774543   -1.432635   -1.704520   -1.869275   -0.685945   -1.223322   48.708   42.779  -50.750 S_000003
  18 P   -81.248  -79.124  -92.533   88.944 -152.100  -67.094  117.492   30.846  100.925  -15.253    0.333938   -1.334217   -0.674318   -0.849778   -1.523527   -1.630599   -1.925251   -0.726065   -1.180197   54.773   43.400  -53.412 S_000003
  19 N   -70.994  152.457   66.801   85.411 -149.640  -69.172   80.573   36.775   97.381  -17.432    0.331635   -1.351086   -0.616636   -0.775836   -1.473064   -1.657575   -1.850335   -0.654042   -1.250571   60.415   42.217  -53.693 S_000003
  20 H   -55.890  177.555   56.971   80.149    0.000    0.000   70.926   46.589   87.441  -30.082    0.268354   -1.416959   -0.473060   -0.700684   -1.483179   -1.643460   -1.784186   -0.629321   -1.287949   65.728   45.175  -54.168 S_000003
SCORE:     0.001                  0.001          0          2          2    S_000004
   1 H     0.000  170.252   55.279   82.301 -147.502  -69.210   72.130   38.099   91.369  179.875    0.319122   -1.366235   -0.583974   -0.776125   -1.489506   -1.644703   -1.873244   -0.698502   -1.217891    3.794    0.984    0.238 S_000004
   2 P   -64.331 -150.558   52.904  144.809 -107.638   90.082  110.199  -35.053  156.204  -57.929    0.334841   -0.231548   -1.470350   -0.798394   -1.168418   -1.884278   -1.937333   -0.730749   -1.183987    8.368   -1.835   -3.535 S_000004
   3 P   148.493  136.755   61.220  103.286   -4.113   58.212   69.032   20.572  119.225  179.894    0.381855   -1.150790   -0.930987   -0.875678   -1.362301   -1.773666   -1.933988   -0.591421   -1.255582   11.779    1.551   -6.598 S_000004
   4 P   -67.744  175.220   53.181   85.095 -142.447  -59.778   88.380   39.070   88.566 -172.089    0.313164   -1.371995   -0.573405   -0.762351   -1.499801   -1.649409   -1.871098   -0.728363   -1.207113   12.261    3.805   -8.935 S_000004
   5 N   -72.357 -151.472   49.780   81.174 -164.099  -71.322   83.142   35.143  102.721  162.584    0.332737   -1.394703   -0.512393   -0.793263   -1.627524   -1.514373   -1.837470   -0.709998   -1.217697   15.909    6.262  -13.797 S_000004
   6 P  -152.097  167.389   40.860   74.567 -139.517  -49.657  173.984   41.040   87.495 -103.506    0.305101   -1.405815   -0.470915   -0.738527   -1.582751   -1.563907   -1.839294   -0.753603   -1.209642   21.705    5.638  -17.126 S_000004
   7 N   -63.737  163.384  174.897  144.581  -70.665  -63.785   79.501  -27.717  139.693 -134.638    0.347597   -0.212654   -1.472113   -0.845003   -0.990925   -2.034005   -1.945969   -0.705349   -1.197487   22.956   10.223  -13.973 S_000004
   8 P   -95.121 -129.353   60.981  106.909 -165.428 -132.511  130.743   32.467  100.644  169.513    0.345435   -1.188909   -0.859777   -0.802949   -1.206795   -1.858313   -1.888882   -0.501475   -1.304058   26.137   12.089  -19.166 S_000004
   9 P   -89.726 -143.626  -96.139   85.893 -158.948  -46.789   78.765   34.741   93.295  -15.282    0.324075   -1.360258   -0.609857   -0.806683   -1.536347   -1.621330   -1.895649   -0.751318   -1.185912   24.533   13.842  -25.867 S_000004
  10 N   100.630 -146.615  167.141   73.250   70.882   84.625  -52.756   42.563   83.907   25.074    0.316723   -1.348285   -0.629861   -0.713961   -1.353488   -1.755672   -1.865594   -0.703294   -1.227152   28.406   15.091  -29.146 S_000004
  11 P   -64.615  178.265   47.685   82.964 -150.372  -62.939   78.122   38.920   89.826  179.891    0.310411   -1.365573   -0.597442   -0.771627   -1.468258   -1.670179   -1.875817   -0.704306   -1.215747   29.531   20.257  -31.434 S_000004
  12 N   -75.477  156.926   72.364   80.894 -157.359  -87.532   69.255   38.320   96.246  179.897    0.302486   -1.402402   -0.527240   -0.787357   -1.573570   -1.582381   -1.859787   -0.718425   -1.211611   32.012   23.635  -35.535 S_000004
  13 P  -102.020 -172.946   56.794  148.553  -99.990   90.465  113.009  -34.851  151.096 -164.895    0.342690   -0.119789   -1.478966   -0.783144   -1.017018   -1.981591   -1.927727   -0.686465   -1.213194   36.913   26.945  -38.859 S_000004
  14 N   -81.599  152.657   42.230   80.505 -146.167  -81.916   96.935   39.995   97.473  175.054    0.308033   -1.438521   -0.483976   -0.766132   -1.579696   -1.546482   -1.839396   -0.673884   -1.226751   36.871   29.146  -42.028 S_000004
  15 P   -75.630  174.115   54.249   81.519 -147.765  177.573   81.663   47.381   88.277  -87.910    0.252385   -1.422771   -0.497680   -0.703087   -1.452437   -1.672061   -1.787753   -0.635905   -1.281529   37.387   34.727  -45.187 S_000004
  16 P   161.015 -145.128  158.127   79.216  -94.426  -93.495   49.634   37.679   93.583  -20.037    0.323283   -1.361838   -0.601174   -0.777774   -1.480730   -1.657931   -1.871711   -0.703038   -1.220363   41.314   38.284  -49.962 S_000004
  17 N   -89.818 -167.844   59.639  153.827 -136.181  139.150  132.646  -37.935  153.424  148.810    0.316975    0.019676   -1.487882   -0.777948   -0.895329   -2.038770   -1.920246   -0.652799   -1.237878   47.468   41.192  -51.237 S_000004
  18 N   -65.186  177.057   49.328   77.505 -147.061  -68.898   79.393   41.341   90.489 -173.807    0.295884   -1.411900   -0.474890   -0.757320   -1.565065   -1.574944   -1.836444   -0.699671   -1.232494   52.775   41.945  -53.294 S_000004
  19 P   -21.836 -133.217  170.749  150.760 -101.380  148.603   85.879  -35.796  157.468   18.461    0.335203   -0.167530   -1.474512   -0.789514   -1.103974   -1.927048   -1.929857   -0.698162   -1.203981   58.672   41.537  -54.345 S_000004
  20 H   -55.703  169.443   48.520   79.668    0.000    0.000   74.430   39.312   93.522  -22.562    0.307239   -1.403231   -0.497406   -0.772917   -1.572296   -1.567081   -1.849711   -0.712935   -1.222670   63.959   43.349  -53.978 S_000004
SCORE:     0.002                  0.002          0          1          5    S_000005
   1 H     0.000  170.252   55.279   83.132 -172.811  -88.371   76.114   35.120  102.922  -73.551    0.352827   -1.394386   -0.498744   -0.755660   -1.661164   -1.501577   -1.808173   -0.721819   -1.248556    3.794    0.984    0.238 S_000005
   2 P   -73.847 -172.675   51.622   85.905 -156.098  -81.336   76.263   35.508   98.143  -27.581    0.332018   -1.355026   -0.610011   -0.790228   -1.512986   -1.634457   -1.872778   -0.694498   -1.224222    9.316    0.436   -2.886 S_000005
   3 P  -105.875  156.244  142.014  109.948  -59.841  132.074  118.944   -2.517  140.265   -3.681    0.438660   -0.983331   -1.080952   -0.877532   -1.545888   -1.602655   -1.937141   -0.727406   -1.172718   13.993   -2.544   -6.074 S_000005
   4 P   -61.592  174.885   54.339   85.360 -154.476  -82.075   72.914   35.028   95.251 -121.222    0.338309   -1.346329   -0.629086   -0.788642   -1.502912   -1.651079   -1.882410   -0.709535   -1.210566   17.440    1.244   -5.269 S_000005
   5 N   -52.298 -179.483   41.866  151.873  165.958  -99.232  161.382  -43.032  160.179  136.597    0.230404    0.081389   -1.515945   -0.794201   -0.904542   -2.051846   -1.928084   -0.685337   -1.225456   19.066    7.248   -5.283 S_000005
   6 P  -141.019 -107.999   83.285  110.006  -51.631   90.665   91.966    5.085  141.205    4.588    0.400804   -1.075667   -1.022974   -0.927014   -1.511935   -1.618552   -1.896914   -0.587054   -1.253650   22.933   11.313   -9.279 S_000005
   7 P   141.904  -96.556  179.074   81.583   75.912   88.653   92.316   37.790   87.142 -147.623    0.331403   -1.309958   -0.701033   -0.762590   -1.355494   -1.768586   -1.896276   -0.719120   -1.209297   26.180   15.320  -10.867 S_000005
   8 P   -62.499 -177.996   48.547   82.493 -144.711  -61.362   65.781   38.939   91.204  -15.971    0.309003   -1.383851   -0.550673   -0.774093   -1.520573   -1.619609   -1.867218   -0.717557   -1.209193   30.542   17.998  -13.887 S_000005
   9 P   -35.553 -147.403   47.870  144.287 -104.835  134.106  127.437  -30.715  149.079   27.990    0.338579   -0.283670   -1.458990   -0.841439   -1.149681   -1.910701   -1.957558   -0.722047   -1.175952   35.394   16.865  -17.472 S_000005
  10 P   -63.770  162.820   59.792   86.728 -170.378  -57.595   78.677   33.679   98.019  -20.650    0.338943   -1.325992   -0.676086   -0.806270   -1.468737   -1.681064   -1.890348   -0.684987   -1.220719   37.409   20.189  -20.881 S_000005
  11 P   -75.716 -172.979   52.954   85.243 -152.512  -46.281  100.386   40.235   89.905  120.050    0.304979   -1.378811   -0.560044   -0.760940   -1.476528   -1.644786   -1.859507   -0.675690   -1.229058   39.809   24.102  -24.856 S_000005
  12 P  -107.319   79.099  167.292   84.070 -130.682  -74.105   62.042   40.406   88.517  -22.237    0.311118   -1.368851   -0.595316   -0.752790   -1.440159   -1.688069   -1.879994   -0.727387   -1.201946   41.412   25.465  -29.794 S_000005
  13 N   -62.837  166.344   47.167  134.783 -111.189   91.890  144.777  -36.210  177.757  101.274    0.304281   -0.499916   -1.399076   -0.844901   -1.497512   -1.537754   -1.944582   -0.687349   -1.205018   46.311   27.077  -33.228 S_000005
  14 P   -63.372 -179.035   46.408   81.391 -140.497  -59.774   77.799   30.799  107.248  -11.751    0.337755   -1.396314   -0.518621   -0.838505   -1.702327   -1.447556   -1.868044   -0.768803   -1.179743   47.463   31.209  -34.346 S_000005
  15 N   -69.076  176.689   52.985    2.898  137.543   79.082   97.910   29.520   98.793  179.916    0.400313   -1.215579   -0.827639   -0.773483   -1.333450   -1.799685   -1.887395   -0.654539   -1.242200   49.947   35.961  -37.356 S_000005
  16 P  -170.283  161.190 -176.306  140.990 -163.860 -102.059  133.153  -32.306  149.951  165.152    0.350717   -0.168927   -1.477787   -0.803819   -1.029144   -1.981828   -1.933928   -0.657356   -1.225843   52.977   35.689  -43.390 S_000005
  17 P   -68.338  170.612   64.134   87.636 -152.947  -66.450   76.285   32.839  100.870  172.211    0.328230   -1.319513   -0.695583   -0.834792   -1.452263   -1.685035   -1.899194   -0.647183   -1.231771   58.301   35.324  -46.771 S_000005
  18 P   -58.114  167.047   55.340   84.322 -121.654  -63.182   83.925   36.942   94.496  -53.865    0.326420   -1.347641   -0.625155   -0.779872   -1.467626   -1.674415   -1.866085   -0.663420   -1.247383   60.972   34.871  -51.987 S_000005
  19 N  -170.154 -138.183  118.076   92.402 -133.538  -92.167   64.458   33.153   97.043  -20.446    0.343406   -1.273560   -0.766499   -0.792396   -1.375208   -1.775615   -1.917643   -0.724415   -1.199633   61.386   40.186  -55.712 S_000005
  20 H   -64.742  156.369   64.249   81.092    0.000    0.000   77.032   41.308   88.496  179.883    0.297777   -1.392661   -0.528195   -0.752385   -1.506928   -1.631144   -1.849287   -0.696258   -1.234708   61.002   46.296  -54.348 S_000005
SCORE:     0.001                  0.001          0          2          3    S_000006
   1 H     0.000  170.252   55.279   82.213 -162.328  -61.108   76.657   37.275   94.742  179.921    0.316983   -1.374707   -0.575236   -0.788713   -1.524603   -1.623458   -1.871098   -0.701756   -1.219431    3.794    0.984    0.238 S_000006
   2 N   -47.967 -161.438   57.574   86.563 -120.888  159.327   90.375   33.518  103.269  -89.499    0.325505   -1.376964   -0.575140   -0.826942   -1.589634   -1.560298   -1.867839   -0.697898   -1.220159    8.764   -1.472   -2.151 S_000006
   3 P  -166.643  174.429   51.009   94.950   50.074  146.761  125.488   22.751  101.125   56.346    0.414021   -1.135603   -0.926472   -0.821686   -1.305862   -1.810625   -1.936201   -0.726949   -1.176513   11.283    3.273   -6.277 S_000006
   4 P   -62.117 -177.091   54.026   80.459 -156.554  -70.818   87.967   36.255   99.950  179.915    0.319544   -1.405800   -0.494707   -0.792581   -1.638760   -1.513019   -1.848507   -0.743409   -1.201609   17.107    5.169   -8.940 S_000006
   5 P   -41.744 -151.861   45.675   68.725   85.014  -55.218  148.904  -23.802  153.573    5.557    0.451245   -0.608420   -1.327400   -0.774490   -1.440472   -1.691210   -1.900655   -0.760352   -1.177882   19.570    9.660  -12.462 S_000006
   6 P   -63.294 -163.423   24.471  103.716 -147.529  -73.497   69.749   28.221   91.945   -4.030    0.367310   -1.151545   -0.912456   -0.797715   -1.242756   -1.869189   -1.908357   -0.676388   -1.216757   23.218    9.549  -10.695 S_000006
   7 N   -72.115  173.926   58.674   80.664 -142.757 -117.734   87.588   33.427   99.976  -27.527    0.337831   -1.335795   -0.654808   -0.807524   -1.506780   -1.656415   -1.856671   -0.667030   -1.242684   29.096   10.353  -12.762 S_000006
   8 P   164.357  159.365   60.226  155.732 -127.704  171.416  109.333  -39.352  157.983   71.282    0.316599   -0.047323   -1.489035   -0.763868   -1.016590   -1.968385   -1.910011   -0.701604   -1.218509   34.414   14.886  -14.888 S_000006
   9 P    61.375 -138.792  -68.454   89.681 -140.023  -81.562   98.847   30.634  101.482  173.094    0.350125   -1.307168   -0.719918   -0.830627   -1.472918   -1.682517   -1.915205   -0.709229   -1.196246   39.597   15.305  -17.791 S_000006
  10 N   -74.600  161.076   63.924   91.546  174.002   22.979   62.954   45.327   75.333  179.899    0.281894   -1.209786   -0.867272   -0.706317   -0.950933   -1.993286   -1.889611   -0.559370   -1.300817   42.145   20.501  -20.207 S_000006
  11 P  -127.859 -125.868   49.420  143.743 -162.633 -120.481  129.881  -36.953  159.218  144.673    0.321331   -0.245057   -1.473795   -0.786611   -1.220345   -1.854758   -1.935316   -0.741750   -1.188709   44.362   20.611  -26.358 S_000006
  12 P   -50.480 -154.562   47.150  135.109  -85.077  -81.261   96.036  -30.025  149.974 -127.787    0.360418   -0.410177   -1.427420   -0.813508   -1.297809   -1.821330   -1.941434   -0.808124   -1.129744   43.233   21.865  -32.786 S_000006
  13 N    72.755  129.925   36.411   94.231 -119.713  -81.517  107.506   32.563   91.462 -169.557    0.347854   -1.301980   -0.708843   -0.801846   -1.444523   -1.699837   -1.928351   -0.827967   -1.119263   47.111   26.179  -33.266 S_000006
  14 N    46.786  158.093   52.624   84.636 -133.898  -64.437   61.030   38.325   90.689  -77.020    0.327624   -1.334229   -0.650123   -0.760104   -1.405024   -1.719408   -1.868924   -0.664774   -1.241339   49.413   28.091  -38.530 S_000006
  15 P   -82.815  153.219 -166.878  117.179 -149.180  -84.204   93.151    1.190  118.412 -131.893    0.420038   -0.796520   -1.233401   -0.862214   -1.214512   -1.936467   -1.956311   -0.692664   -1.207404   51.930   32.997  -40.990 S_000006
  16 N   -81.601 -143.640   50.949   79.171   70.338  -45.363   58.527   31.076  105.011  -74.358    0.348848   -1.324658   -0.672909   -0.829663   -1.507394   -1.633673   -1.898850   -0.684515   -1.217725   53.998   33.205  -47.585 S_000006
  17 P    69.133 -178.466 -172.262  138.936 -150.383   77.024  -40.678  -31.004  159.492  123.840    0.353502   -0.402169   -1.428524   -0.819163   -1.300311   -1.786762   -1.941064   -0.709024   -1.192092   52.580   34.695  -49.974 S_000006
  18 P   -63.786  174.346   53.255   82.178 -117.715 -164.476   93.378   36.107   98.352  -17.057    0.324084   -1.378112   -0.565223   -0.796461   -1.557229   -1.595171   -1.868563   -0.711802   -1.214298   55.377   36.234  -53.800 S_000006
  19 P   -79.421  179.458   59.446   83.554 -156.018  -48.109   72.945   36.422   99.375  -15.569    0.326457   -1.379590   -0.560700   -0.781462   -1.560804   -1.591112   -1.860990   -0.722195   -1.216734   60.912   39.994  -54.166 S_000006
  20 H   -68.276  158.233   58.219   84.028    0.000    0.000   92.365   38.182   91.143  179.923    0.319236   -1.359553   -0.604165   -0.771464   -1.472133   -1.668553   -1.872063   -0.694106   -1.227222   63.421   44.267  -56.614 S_000006
SCORE:     0.001                  0.001          0          3          5    S_000007
   1 H     0.000  170.252   55.279   79.796 -143.542  -73.275   70.165   40.531   92.783  173.583    0.300256   -1.401560   -0.508411   -0.760011   -1.546472   -1.597477   -1.828341   -0.679233   -1.245826    3.794    0.984    0.238 S_000007
   2 N   -11.279 -164.847   57.922   88.067 -113.774  -91.414   91.031   33.164  105.276   -9.064    0.325481   -1.376055   -0.564151   -0.829711   -1.599160   -1.539674   -1.853167   -0.678057   -1.231848    8.185   -1.882   -2.607 S_000007
   3 P   -73.847 -172.675   51.622   85.905 -156.098  -81.336   76.263   35.508   98.143  -27.581    0.332018   -1.355026   -0.610011   -0.790228   -1.512986   -1.634457   -1.872778   -0.694498   -1.224222   11.957    0.577   -7.733 S_000007
   4 P  -112.695  134.502  165.073   88.714 -112.228 -169.048 -119.275   21.442  123.447   15.514    0.350072   -1.348813   -0.668568   -0.923382   -1.690440   -1.446275   -1.877090   -0.689608   -1.206340   12.642    4.471  -12.544 S_000007
   5 N   126.407 -167.137   57.288  153.240  -96.160  139.863  105.648  -36.943  151.568   19.882    0.323694   -0.039825   -1.487999   -0.784030   -0.954972   -2.007803   -1.924663   -0.672720   -1.219938   18.325    8.472  -13.998 S_000007
   6 N   -78.584  177.853   58.269   85.353 -159.048  -61.539   78.933   35.632   92.156  164.650    0.340521   -1.332776   -0.656602   -0.776072   -1.458627   -1.689912   -1.887203   -0.711151   -1.216673   22.428   10.524  -17.035 S_000007
   7 N   -45.543  149.531   68.946   79.771 -134.132  160.995   86.151   33.269  100.854 -133.963    0.331726   -1.400159   -0.509964   -0.820893   -1.669368   -1.482505   -1.874247   -0.773146   -1.176929   26.505   11.380  -20.283 S_000007
   8 P    72.249 -171.397  -89.575   84.407 -174.183  -60.687  -90.499   36.160   98.868  -73.070    0.329319   -1.359464   -0.594735   -0.785229   -1.517399   -1.628373   -1.857407   -0.681449   -1.238827   29.607   15.864  -23.764 S_000007
   9 P   -51.883  173.416   48.819   83.306 -140.570  -71.155   75.115   36.422   93.141 -169.435    0.331004   -1.338683   -0.644175   -0.780767   -1.454847   -1.687882   -1.880017   -0.689383   -1.217451   29.682   20.721  -26.502 S_000007
  10 P   -53.012  168.416   61.750   89.272 -120.908  -60.195   56.553   36.970   85.535   67.735    0.330959   -1.289187   -0.730994   -0.772958   -1.326987   -1.789356   -1.901963   -0.688729   -1.219139   31.978   24.320  -30.761 S_000007
  11 P    57.505 -137.398   50.776   87.473 -152.255  -94.086   94.571   33.697   93.899  -23.151    0.313028   -1.350596   -0.630373   -0.837746   -1.527829   -1.630123   -1.913889   -0.744603   -1.178002   32.674   22.991  -35.611 S_000007
  12 N   100.220  -88.302  169.727   89.825 -167.128  -55.508   70.588   22.906  105.672  -62.038    0.415923   -1.245353   -0.792202   -0.781632   -1.581401   -1.686945   -1.892613   -0.851585   -1.137684   37.146   24.723  -36.369 S_000007
  13 N    52.147  140.224  -71.987  143.391 -148.631  164.118  -53.466  -31.843  149.895   28.097    0.353589   -0.241031   -1.466154   -0.805205   -1.117014   -1.939107   -1.937029   -0.729794   -1.184213   36.209   28.161  -40.693 S_000007
  14 P   -45.313 -162.344   42.537   84.552 -138.824 -128.490   72.235   29.678  104.405 -120.078    0.359539   -1.358517   -0.594349   -0.827506   -1.630925   -1.522199   -1.892028   -0.763175   -1.171487   38.455   31.139  -45.686 S_000007
  15 N   -68.786  170.072   56.746   85.031 -152.370  -66.504   75.436   36.884   94.861  179.917    0.320218   -1.362578   -0.601490   -0.787122   -1.502886   -1.646311   -1.878348   -0.705774   -1.219043   44.969   31.459  -47.107 S_000007
  16 N   -66.306 -177.289   45.423   85.030 -148.727  -62.795   79.657   38.653   89.975  -29.774    0.304319   -1.381694   -0.566204   -0.778945   -1.523948   -1.634612   -1.890368   -0.774570   -1.172409   50.219   34.751  -47.627 S_000007
  17 N  -161.823  112.945   36.912   77.796 -172.108  -61.628   67.524   31.209  105.673  -71.773    0.344843   -1.387527   -0.537286   -0.828644   -1.675488   -1.480838   -1.874189   -0.771961   -1.179985   53.596   39.807  -44.694 S_000007
  18 P   -60.502  158.007   54.878   82.541 -162.273  -70.696   83.561   37.418   90.667 -171.628    0.310967   -1.370222   -0.577145   -0.789456   -1.516022   -1.624657   -1.890950   -0.744838   -1.182028   55.391   43.162  -48.556 S_000007
  19 P   -44.067  -93.854  -72.998   87.904 -154.285  -52.623   77.301   37.883   88.868 -140.081    0.305565   -1.330008   -0.674111   -0.793830   -1.383983   -1.733151   -1.899652   -0.682674   -1.218751   58.310   45.525  -53.236 S_000007
  20 H   -50.335  154.031   73.333   80.930    0.000    0.000   74.513   41.703   91.725  179.910    0.289612   -1.406835   -0.495204   -0.755078   -1.542451   -1.600840   -1.828140   -0.672892   -1.255716   61.179   46.468  -57.631 S_000007
SCORE:     0.006                  0.006          0          5          3    S_000008
   1 H     0.000  170.252   55.279   79.533 -156.617  -73.528   68.638   46.280   83.476  -18.682    0.182989   -1.468401   -0.415293   -0.830243   -1.584642   -1.597536   -1.913504   -0.744542   -1.204020    3.794    0.984    0.238 S_000008
   2 N   -88.157 -174.243   54.465   78.962    0.000    0.000   99.586   37.585   92.269  -26.409    0.321807   -1.355552   -0.614841   -0.778105   -1.471553   -1.672976   -1.876103   -0.690099   -1.226632    8.792   -1.336   -3.247 S_000008
   3 P   -64.599 -129.947   57.131  103.124 -167.792 -105.552  144.804    4.585  128.874 -107.146    0.396391   -1.073867   -1.015147   -0.936047   -1.545317   -1.624600   -1.909473   -0.643465   -1.220900    7.818    1.549   -4.135 S_000008
   4 P   -61.452  175.262   39.479   80.874 -159.018  -46.952  -70.624   18.784  132.031   54.511    0.349631   -1.396490   -0.539425   -0.952952   -1.832846   -1.224697   -1.830402   -0.741580   -1.188390    4.827    6.607   -6.418 S_000008
   5 P   153.271 -163.076  168.397   84.504 -136.966  -44.262   82.583   39.320   88.354 -115.452    0.304909   -1.349316   -0.638779   -0.772603   -1.411772   -1.719121   -1.885988   -0.682321   -1.232217    7.597    9.976  -10.813 S_000008
   6 P   -48.362 -138.714   47.609  152.380  -88.917 -177.987  171.006  -35.024  152.837   87.827    0.347667   -0.025107   -1.487899   -0.775774   -0.891828   -2.041377   -1.911015   -0.683667   -1.225064   12.814   10.240  -14.046 S_000008
   7 P   -59.756 -179.625   55.918   84.213 -136.031  -64.676   77.870   38.950   87.315 -137.366    0.317281   -1.351711   -0.616003   -0.764022   -1.438155   -1.692140   -1.875985   -0.693286   -1.222422   18.377   12.154  -16.586 S_000008
   8 P   -55.954  168.380   28.099  102.954   72.289  -30.992  102.651  -23.434  142.519   20.626    0.453449   -0.226885   -1.438596   -0.767870   -0.925096   -2.039993   -1.898278   -0.701655   -1.211989   21.070   17.319  -17.957 S_000008
   9 N   -93.151  156.237   83.711  115.227 -100.682  -92.558  -43.960  -19.963  152.335   21.708    0.401465   -0.840407   -1.217404   -0.868006   -1.645031   -1.486037   -1.916411   -0.759894   -1.163407   23.817   17.139  -19.433 S_000008
  10 N   156.206 -167.738 -170.879   84.580 -144.625  -58.211   59.260   35.291  101.679  -13.494    0.327934   -1.371793   -0.583068   -0.794657   -1.553461   -1.596619   -1.845835   -0.684503   -1.254648   27.918   17.817  -24.742 S_000008
  11 P   -78.600  168.961   73.641  134.539  -91.865  149.931  124.113  -29.281  160.463    7.864    0.274243   -0.293022   -1.458653   -0.925414   -1.129225   -1.935805   -2.004767   -0.599065   -1.239189   30.785   20.607  -29.320 S_000008
  12 P   -66.006  171.298   53.385   79.862 -139.349  -55.815   76.657   43.251   85.927  179.882    0.289046   -1.374564   -0.602931   -0.738469   -1.387543   -1.735811   -1.856647   -0.640288   -1.267805   31.033   20.924  -34.950 S_000008
  13 P   -95.159  161.480   47.812  112.409  174.736  154.463  -71.130  -19.461  170.054  -81.100    0.415201   -0.885345   -1.169585   -0.882371   -1.672561   -1.376524   -1.932323   -0.783884   -1.146065   34.424   21.531  -40.040 S_000008
  14 P   152.804  179.450  178.912   87.198 -154.572  -78.725   73.493   37.836   90.078  169.479    0.323288   -1.361977   -0.597100   -0.768408   -1.488119   -1.654360   -1.884994   -0.739724   -1.191211   40.697   23.935  -42.645 S_000008
  15 N   -52.881  167.657   60.124   87.108 -119.592 -122.528   72.019   36.541   93.597  -30.597    0.326528   -1.345812   -0.631997   -0.785987   -1.466151   -1.675144   -1.880310   -0.686177   -1.226165   46.049   24.923  -45.140 S_000008
  16 N   -79.403  165.054   59.612   81.922 -158.657  -70.104  100.696   36.767   99.173 -122.161    0.313618   -1.412963   -0.470580   -0.799369   -1.644052   -1.493271   -1.853540   -0.745648   -1.194882   52.177   27.461  -46.553 S_000008
  17 P   -81.278  160.451   36.664  147.765 -122.676  177.149  127.911  -37.756  158.866   25.568    0.322436   -0.173818   -1.479190   -0.776279   -1.147026   -1.895369   -1.926609   -0.725853   -1.194474   55.759   31.687  -48.868 S_000008
  18 P   -61.006 -179.954   50.242   82.507 -156.185  -73.021   85.458   35.585   93.990  179.954    0.329422   -1.361889   -0.597197   -0.792588   -1.528973   -1.621729   -1.884619   -0.733158   -1.195576   58.127   35.295  -53.516 S_000008
  19 N   -66.405  158.591   54.088   84.012 -117.129 -111.221   79.705   34.581  100.407 -169.418    0.319158   -1.385658   -0.549824   -0.820982   -1.600174   -1.550025   -1.863883   -0.703741   -1.215396   59.732   39.991  -56.647 S_000008
  20 H   -73.671 -166.436   57.921   79.513    0.000    0.000   83.070   39.041   95.341  -25.528    0.275226   -1.435915   -0.437179   -0.819202   -1.646572   -1.491654   -1.844815   -0.717716   -1.210951   58.843   46.681  -58.527 S_000008
SCORE:     0.000                  0.000          0          2          7    S_000009
   1 H     0.000  170.252   55.279   86.446 -152.230  -62.731   62.283   39.938   83.657  -19.824    0.322404   -1.331914   -0.658022   -0.741997   -1.367634   -1.749104   -1.879532   -0.709581   -1.213901    3.794    0.984    0.238 S_000009
   2 P   -96.461   80.535  161.253   89.273 -150.402 -138.463   62.766   32.444  100.474 -166.336    0.333372   -1.318091   -0.693089   -0.830188   -1.464593   -1.677900   -1.910803   -0.694881   -1.200889    8.236   -0.263   -2.276 S_000009
   3 P  -147.370  132.427  163.030   85.740 -133.620  -84.078   67.702   34.176   93.870  -15.107    0.344463   -1.309014   -0.688719   -0.791759   -1.433451   -1.704701   -1.888885   -0.699291   -1.211989   13.311    3.341   -5.292 S_000009
   4 N   -56.713  174.110   52.063   78.635 -152.983  -67.353   74.931   39.843   95.984  -19.394    0.289888   -1.429325   -0.428624   -0.786784   -1.642533   -1.498253   -1.837542   -0.723517   -1.223585   16.701    6.757   -9.477 S_000009
   5 N   -52.702  172.923   49.702   84.169 -165.377 -100.510   95.305   35.324   96.911 -144.598    0.323649   -1.362952   -0.603981   -0.808138   -1.526598   -1.626536   -1.889159   -0.716986   -1.203713   21.998    8.486  -11.524 S_000009
   6 P   -60.692  137.305   60.423   82.142  174.548 -127.899   66.398   30.869  119.096   64.253    0.303071   -1.400949   -0.528367   -0.886923   -1.662484   -1.444081   -1.855101   -0.683786   -1.208925   27.089   10.301  -12.956 S_000009
   7 P   -65.210 -179.638   58.953   86.642 -138.321  -50.995   72.665   33.557   95.906  179.876    0.330231   -1.339956   -0.653301   -0.823162   -1.499570   -1.655112   -1.905224   -0.695487   -1.208822   32.431   13.531  -14.345 S_000009
   8 P     0.000  179.637   66.473 -270.310  238.275  -62.314   58.584   34.547   92.855  -16.178    0.343080   -1.288690   -0.744181   -0.785718   -1.373090   -1.772290   -1.906435   -0.718463   -1.200811   36.601   14.741  -11.053 S_000009
   9 N  -107.644  175.426   82.093   87.681 -132.813 -122.073   86.572   32.723   97.857  -95.521    0.410239   -1.228386   -0.684488   -0.690658   -1.412545   -1.699422   -1.794320   -0.657205   -1.253733   42.644   17.100  -12.001 S_000009
  10 N   -70.975 -163.579   68.602   82.955 -149.310  -62.038   75.059   38.997   94.149  -28.045    0.304613   -1.388713   -0.549169   -0.779660   -1.524145   -1.618096   -1.864917   -0.704440   -1.217402   48.078   18.957  -15.966 S_000009
  11 P   -56.352 -145.905   48.973   92.870 -146.395  -79.341  154.073   31.730   93.270  -30.421    0.346709   -1.318734   -0.692287   -0.820330   -1.495591   -1.676131   -1.941252   -0.807506   -1.126078   49.742   21.354  -21.666 S_000009
  12 P   -46.848  173.047   58.649   81.616 -147.491 -113.650   75.970   26.460  116.195   -7.778    0.343969   -1.397167   -0.529892   -0.885376   -1.751831   -1.377590   -1.858804   -0.747387   -1.189903   48.609   25.369  -26.136 S_000009
  13 N   -69.175  159.006   45.459  146.117  -96.943   85.547  100.504  -29.805  158.252  179.906    0.397711   -0.163303   -1.465862   -0.787760   -0.972034   -1.986303   -1.929015   -0.674241   -1.221861   48.456   30.367  -30.130 S_000009
  14 P   -52.323  144.216   48.940   84.764 -159.489  -51.005  113.037   38.026   89.069  179.914    0.313970   -1.333925   -0.658706   -0.782534   -1.406070   -1.726894   -1.891791   -0.676847   -1.232235   51.160   31.695  -31.857 S_000009
  15 P   -61.782 -140.498   56.795  140.224 -153.193 -144.278  165.784  -33.826  159.973  156.711    0.349592   -0.388033   -1.431578   -0.793415   -1.340736   -1.762595   -1.940106   -0.795494   -1.147865   55.720   33.149  -35.937 S_000009
  16 N   -76.952 -168.523   49.303   79.163 -135.116  -82.253   77.505   36.722   96.988  155.862    0.321558   -1.406281   -0.503105   -0.790437   -1.620909   -1.532690   -1.865027   -0.758171   -1.189148   61.720   34.727  -38.926 S_000009
  17 P   154.470  147.146   62.993   87.170 -121.914  -80.724   69.904   33.876   94.506  -24.090    0.344242   -1.300049   -0.709994   -0.792042   -1.412714   -1.719050   -1.891703   -0.691022   -1.213435   66.109   39.804  -36.668 S_000009
  18 P   -35.034  140.964   64.728   82.668 -132.930  -96.408   84.370   33.423  101.338 -166.125    0.337814   -1.383104   -0.539918   -0.809066   -1.627915   -1.519583   -1.875114   -0.760452   -1.175205   68.076   41.454  -41.707 S_000009
  19 N   -68.643 -177.643   53.457   91.548 -142.607  -41.527  138.054   33.265   94.824 -145.158    0.330617   -1.297169   -0.722554   -0.826904   -1.406162   -1.726989   -1.923306   -0.692160   -1.200870   69.392   42.110  -48.263 S_000009
  20 H    84.330 -106.563 -148.873   81.647    0.000    0.000   54.983   35.695   92.592  -17.872    0.349337   -1.336664   -0.646547   -0.770203   -1.461736   -1.679555   -1.869587   -0.683800   -1.227879   65.654   41.429  -49.724 S_000009
SCORE:     0.001                  0.001          0          1          4    S_000010
   1 H     0.000  170.252   55.279  143.622 -169.432 -129.713  135.729  -34.013  156.368  -50.889    0.331929   -0.248647   -1.465395   -0.812047   -1.168978   -1.885732   -1.950531   -0.724806   -1.187326    3.794    0.984    0.238 S_000010
   2 N   -60.434  169.484   56.666   80.709 -145.931  -58.558   79.179   36.825   95.228  -18.202    0.316813   -1.397978   -0.522303   -0.790448   -1.599547   -1.554700   -1.868544   -0.746833   -1.195908    9.988   -0.368   -0.226 S_000010
   3 P   -97.972 -152.339   81.706  124.769 -146.581  162.724  125.829  -16.565  146.909   34.182    0.440902   -0.620888   -1.321854   -0.837849   -1.312903   -1.792966   -1.931445   -0.672971   -1.201510   14.480   -4.672   -2.775 S_000010
   4 N   -61.695  152.409   74.707   76.443  166.201  -96.008   94.216   32.350  103.163  -93.592    0.312484   -1.386557   -0.499598   -0.841241   -1.686511   -1.452035   -1.876640   -0.778145   -1.166335   19.978   -6.170   -4.136 S_000010
   5 N   -57.102  170.585   53.553   82.634 -148.890  -64.795   69.390   35.294   95.781  179.910    0.332818   -1.363736   -0.591995   -0.791683   -1.540046   -1.611039   -1.877011   -0.721078   -1.206279   25.333   -5.444   -2.332 S_000010
   6 P  -106.753   81.001  166.774   92.346 -110.951  -97.926   50.088   27.744  104.841  -21.962    0.355504   -1.279075   -0.759183   -0.851401   -1.466038   -1.677671   -1.919593   -0.681647   -1.199849   30.732   -5.899   -0.931 S_000010
   7 N   -85.691  166.101   77.886   82.557 -122.904  -72.206   59.898   33.987   95.276  179.682    0.322949   -1.350986   -0.626618   -0.822378   -1.520459   -1.627619   -1.885271   -0.700754   -1.214012   36.154   -4.299    2.750 S_000010
   8 N     0.000  169.062   40.671   77.605  165.337  173.429   83.088   44.896   89.542  -71.770    0.290191   -1.420712   -0.495093   -0.708912   -1.464953   -1.628499   -1.841526   -0.691586   -1.238704   41.329   -6.929    2.668 S_000010
   9 P   -45.939 -176.627   39.209   88.323 -158.883  -85.080   95.720   32.629   94.293 -110.207    0.330969   -1.302863   -0.721181   -0.840132   -1.418653   -1.714314   -1.920262   -0.700238   -1.186991   45.846   -3.446    5.783 S_000010
  10 P   -59.446  147.927   46.780  100.928 -139.131  -61.786   66.264   16.309  111.188   -8.289    0.408978   -1.116306   -0.956557   -0.841005   -1.427879   -1.766403   -1.927490   -0.715988   -1.200660   50.619   -1.020    7.770 S_000010
  11 P   -77.970 -169.352   67.973   91.652 -121.394 -110.210   91.287   27.747  104.265  -97.757    0.365415   -1.277418   -0.725711   -0.830763   -1.500105   -1.649433   -1.890973   -0.689317   -1.209610   55.596   -4.220   10.371 S_000010
  12 P   -82.745 -178.852   61.136   86.572 -148.178  -78.703   93.229   35.273   90.178 -115.758    0.353832   -1.300130   -0.710190   -0.764674   -1.390572   -1.744074   -1.880540   -0.710386   -1.210492   62.361   -5.809   10.373 S_000010
  13 P   -82.815  153.219 -166.878  117.179 -149.180  -84.204   93.151    1.190  118.412 -131.893    0.420038   -0.796520   -1.233401   -0.862214   -1.214512   -1.936467   -1.956311   -0.692664   -1.207404   67.712   -5.759    7.393 S_000010
  14 N  -106.427 -178.923   76.429   85.070 -165.341  -37.239   97.610   29.368  100.667  -22.953    0.349902   -1.332200   -0.652504   -0.837793   -1.579796   -1.589377   -1.910902   -0.775382   -1.162551   72.354  -10.705    7.667 S_000010
  15 P   -46.684  151.530   45.033   89.306 -108.963 -114.369  125.257   28.699  101.138 -159.962    0.372393   -1.261340   -0.762563   -0.815352   -1.442349   -1.709744   -1.898177   -0.695097   -1.210409   77.096   -9.563    8.253 S_000010
  16 P  -178.996  117.297 -174.714   86.489 -136.718  -72.287   77.953   35.660   94.291  -31.727    0.346791   -1.321652   -0.661451   -0.764915   -1.442410   -1.694848   -1.854917   -0.677260   -1.231639   83.316   -9.173   11.751 S_000010
  17 N   163.792 -167.826  -59.657   80.617  166.910 -129.938   94.452   29.755  108.800  179.910    0.304620   -1.390965   -0.572475   -0.910687   -1.656308   -1.491022   -1.944240   -0.762619   -1.148834   87.493  -11.245   16.517 S_000010
  18 N   -57.762  169.552   63.961   69.991 -158.999  -66.417 -105.345   36.774  111.667  173.252    0.329673   -1.462720   -0.295357   -0.777646   -1.764477   -1.260796   -1.653614   -0.656492   -1.270455   89.791   -6.752   13.079 S_000010
  19 P   120.428 -130.939  -89.909   77.002 -171.339  -61.632   87.439   39.246   94.793  170.745    0.283268   -1.431692   -0.411776   -0.803248   -1.655499   -1.463790   -1.856244   -0.759543   -1.181497   94.290   -3.688   12.458 S_000010
  20 H   -44.990  174.840   50.862   78.713    0.000    0.000   73.687   39.903   92.497  -18.532    0.299748   -1.397398   -0.499746   -0.775455   -1.543436   -1.575826   -1.855900   -0.715088   -1.209227   93.881    1.508   14.472 S_000010
