SEQUENCE: gg
SCORE:     score    rna_stub_coord_hack       N_WC      N_NWC       N_BS description
REMARK RNA 
SCORE:     0.329                  0.329          0          0          1    S_000001
   1 H     0.000  170.252   55.279   67.891  130.641   10.629   93.330   52.989   73.822  -94.016    0.204280   -1.493153   -0.290159   -0.687493   -1.488279   -1.525071   -1.828156   -0.709969   -1.225179    3.794    0.984    0.238 S_000001
   2 H   -71.114  162.873   70.931   77.520    0.000    0.000   70.246   39.247   99.964  179.162    0.279866   -1.450114   -0.372008   -0.806378   -1.706440   -1.417019   -1.812394   -0.724809   -1.215331    7.873   -1.086    0.214 S_000001
SCORE:     0.329                  0.329          0          0          0    S_000002
   1 H     0.000  170.252   55.279   67.891  130.641   10.629   93.330   52.989   73.822  -94.016    0.204280   -1.493153   -0.290159   -0.687493   -1.488279   -1.525071   -1.828156   -0.709969   -1.225179    3.794    0.984    0.238 S_000002
   2 H   -50.320  158.726   49.616   83.970    0.000    0.000   73.936   37.121   93.702  -30.224    0.320748   -1.360337   -0.576430   -0.780414   -1.513584   -1.621648   -1.876586   -0.727926   -1.203136    7.502   -1.397    0.234 S_000002
SCORE:     0.329                  0.329          0          0          1    S_000003
   1 H     0.000  170.252   55.279   67.891  130.641   10.629   93.330   52.989   73.822  -94.016    0.204280   -1.493153   -0.290159   -0.687493   -1.488279   -1.525071   -1.828156   -0.709969   -1.225179    3.794    0.984    0.238 S_000003
   2 H   -62.622  170.398   50.256   83.745    0.000    0.000   81.947   35.748   93.825  -23.538    0.329221   -1.350555   -0.617210   -0.789610   -1.504155   -1.649358   -1.886940   -0.716054   -1.211082    7.922   -1.143    0.173 S_000003
SCORE:     0.329                  0.329          0          0          1    S_000004
   1 H     0.000  170.252   55.279   67.891  130.641   10.629   93.330   52.989   73.822  -94.016    0.204280   -1.493153   -0.290159   -0.687493   -1.488279   -1.525071   -1.828156   -0.709969   -1.225179    3.794    0.984    0.238 S_000004
   2 H   -67.171  176.627   52.429   84.815    0.000    0.000   90.884   36.035   97.863 -124.214    0.326283   -1.360987   -0.600864   -0.791436   -1.516413   -1.632919   -1.872074   -0.693470   -1.226974    8.116   -1.045    0.099 S_000004
SCORE:     0.329                  0.329          0          0          0    S_000005
   1 H     0.000  170.252   55.279   67.891  130.641   10.629   93.330   52.989   73.822  -94.016    0.204280   -1.493153   -0.290159   -0.687493   -1.488279   -1.525071   -1.828156   -0.709969   -1.225179    3.794    0.984    0.238 S_000005
   2 H   -66.825  162.170   75.116   81.831    0.000    0.000   77.162   38.184   93.167  -31.491    0.302825   -1.398513   -0.510574   -0.790750   -1.589786   -1.568130   -1.871649   -0.739849   -1.206829    7.796   -1.141    0.231 S_000005
SCORE:     0.329                  0.329          0          0          0    S_000006
   1 H     0.000  170.252   55.279   67.891  130.641   10.629   93.330   52.989   73.822  -94.016    0.204280   -1.493153   -0.290159   -0.687493   -1.488279   -1.525071   -1.828156   -0.709969   -1.225179    3.794    0.984    0.238 S_000006
   2 H   -57.922  172.406   52.083   83.943    0.000    0.000   73.078   37.020   95.344  -17.982    0.321199   -1.368965   -0.588183   -0.784305   -1.507592   -1.627721   -1.866640   -0.691787   -1.220374    7.902   -1.176    0.171 S_000006
SCORE:     0.329                  0.329          0          0          0    S_000007
   1 H     0.000  170.252   55.279   67.891  130.641   10.629   93.330   52.989   73.822  -94.016    0.204280   -1.493153   -0.290159   -0.687493   -1.488279   -1.525071   -1.828156   -0.709969   -1.225179    3.794    0.984    0.238 S_000007
   2 H   -44.306 -141.839   52.687   79.154    0.000    0.000   81.332   45.823   83.096   73.863    0.285412   -1.415601   -0.502984   -0.701511   -1.447247   -1.658118   -1.821760   -0.729245   -1.209123    8.320   -0.430    0.057 S_000007
SCORE:     0.329                  0.329          0          0          0    S_000008
   1 H     0.000  170.252   55.279   67.891  130.641   10.629   93.330   52.989   73.822  -94.016    0.204280   -1.493153   -0.290159   -0.687493   -1.488279   -1.525071   -1.828156   -0.709969   -1.225179    3.794    0.984    0.238 S_000008
   2 H    40.584  177.291  -58.338   89.770    0.000    0.000   90.165   37.115   82.408  -71.463    0.333904   -1.236699   -0.823119   -0.773156   -1.186074   -1.879510   -1.913331   -0.658925   -1.230458    7.465   -2.335   -0.515 S_000008
SCORE:     0.329                  0.329          0          0          0    S_000009
   1 H     0.000  170.252   55.279   67.891  130.641   10.629   93.330   52.989   73.822  -94.016    0.204280   -1.493153   -0.290159   -0.687493   -1.488279   -1.525071   -1.828156   -0.709969   -1.225179    3.794    0.984    0.238 S_000009
   2 H   -62.961  168.308   61.897   78.649    0.000    0.000   67.663   40.522   95.096  179.867    0.376286   -1.382970   -0.573052   -0.674857   -1.460312   -1.658079   -1.835737   -0.714477   -1.229137    7.880   -1.155    0.189 S_000009
SCORE:     0.329                  0.329          0          0          0    S_000010
   1 H     0.000  170.252   55.279   67.891  130.641   10.629   93.330   52.989   73.822  -94.016    0.204280   -1.493153   -0.290159   -0.687493   -1.488279   -1.525071   -1.828156   -0.709969   -1.225179    3.794    0.984    0.238 S_000010
   2 H   144.825 -162.393  172.844   84.737    0.000    0.000   53.083   40.253   83.618  -21.181    0.316365   -1.341133   -0.639916   -0.748000   -1.382320   -1.735592   -1.880233   -0.698034   -1.225248    8.320   -2.353   -1.494 S_000010
