SEQUENCE: gg
SCORE:     score    rna_stub_coord_hack       N_WC      N_NWC       N_BS description
REMARK RNA 
SCORE:     0.235                  0.235          0          0          0    S_000001
   1 H     0.000  170.252   55.279  106.429 -105.159  121.110  148.097   19.351   93.612 -146.922    0.402316   -0.992845   -1.094546   -0.830578   -1.130609   -1.969974   -1.927567   -0.677797   -1.212852    3.794    0.984    0.238 S_000001
   2 H   -75.407  173.502   62.008   88.339    0.000    0.000   73.150   33.112   96.891  -76.562    0.345513   -1.316680   -0.685258   -0.801083   -1.468214   -1.684497   -1.891877   -0.698463   -1.211323    4.122    4.685   -3.119 S_000001
SCORE:     0.235                  0.235          0          0          0    S_000002
   1 H     0.000  170.252   55.279  106.429 -105.159  121.110  148.097   19.351   93.612 -146.922    0.402316   -0.992845   -1.094546   -0.830578   -1.130609   -1.969974   -1.927567   -0.677797   -1.212852    3.794    0.984    0.238 S_000002
   2 H   161.034 -140.546  147.890   87.801    0.000    0.000   76.249   33.683  102.671   32.988    0.318035   -1.345685   -0.638511   -0.829089   -1.508034   -1.631284   -1.881762   -0.657957   -1.235352    5.790    4.148   -4.821 S_000002
SCORE:     0.235                  0.235          0          0          0    S_000003
   1 H     0.000  170.252   55.279  106.429 -105.159  121.110  148.097   19.351   93.612 -146.922    0.402316   -0.992845   -1.094546   -0.830578   -1.130609   -1.969974   -1.927567   -0.677797   -1.212852    3.794    0.984    0.238 S_000003
   2 H  -170.391  137.912   52.494   85.295    0.000    0.000   61.991   32.281  102.844 -151.088    0.339781   -1.344649   -0.647075   -0.821871   -1.530503   -1.622443   -1.883520   -0.702910   -1.200355    3.503    4.196   -4.317 S_000003
SCORE:     0.235                  0.235          0          0          0    S_000004
   1 H     0.000  170.252   55.279  106.429 -105.159  121.110  148.097   19.351   93.612 -146.922    0.402316   -0.992845   -1.094546   -0.830578   -1.130609   -1.969974   -1.927567   -0.677797   -1.212852    3.794    0.984    0.238 S_000004
   2 H   -53.716  159.229   50.896   76.027    0.000    0.000   71.583   38.009  102.050   78.416    0.310414   -1.418474   -0.483594   -0.786462   -1.623136   -1.529194   -1.810050   -0.678869   -1.251059    4.663    4.685   -2.649 S_000004
SCORE:     0.235                  0.235          0          0          0    S_000005
   1 H     0.000  170.252   55.279  106.429 -105.159  121.110  148.097   19.351   93.612 -146.922    0.402316   -0.992845   -1.094546   -0.830578   -1.130609   -1.969974   -1.927567   -0.677797   -1.212852    3.794    0.984    0.238 S_000005
   2 H   -79.242  179.720   60.190   86.096    0.000    0.000   75.640   36.820   94.339   -9.755    0.315747   -1.365887   -0.573648   -0.788898   -1.528811   -1.612848   -1.869446   -0.711874   -1.209713    4.012    4.665   -3.305 S_000005
SCORE:     0.235                  0.235          0          0          0    S_000006
   1 H     0.000  170.252   55.279  106.429 -105.159  121.110  148.097   19.351   93.612 -146.922    0.402316   -0.992845   -1.094546   -0.830578   -1.130609   -1.969974   -1.927567   -0.677797   -1.212852    3.794    0.984    0.238 S_000006
   2 H   -75.853 -172.601   52.180   76.422    0.000    0.000   81.060   41.646   88.561  179.926    0.283154   -1.428051   -0.441018   -0.765771   -1.599476   -1.537568   -1.848862   -0.736680   -1.199009    3.938    4.639   -3.410 S_000006
SCORE:     0.235                  0.235          0          0          0    S_000007
   1 H     0.000  170.252   55.279  106.429 -105.159  121.110  148.097   19.351   93.612 -146.922    0.402316   -0.992845   -1.094546   -0.830578   -1.130609   -1.969974   -1.927567   -0.677797   -1.212852    3.794    0.984    0.238 S_000007
   2 H   -68.720  179.511   54.859   82.994    0.000    0.000   79.952   41.397   88.813  179.895    0.291063   -1.376224   -0.552186   -0.759822   -1.457367   -1.652983   -1.849418   -0.661619   -1.237756    4.115    4.688   -3.155 S_000007
SCORE:     0.235                  0.235          0          0          0    S_000008
   1 H     0.000  170.252   55.279  106.429 -105.159  121.110  148.097   19.351   93.612 -146.922    0.402316   -0.992845   -1.094546   -0.830578   -1.130609   -1.969974   -1.927567   -0.677797   -1.212852    3.794    0.984    0.238 S_000008
   2 H  -132.798   93.157  157.132   90.107    0.000    0.000   65.781   38.032   78.846  -17.818    0.324552   -1.234956   -0.836533   -0.775952   -1.150778   -1.901400   -1.920141   -0.690984   -1.210435    2.769    3.557   -3.044 S_000008
SCORE:     0.235                  0.235          0          0          0    S_000009
   1 H     0.000  170.252   55.279  106.429 -105.159  121.110  148.097   19.351   93.612 -146.922    0.402316   -0.992845   -1.094546   -0.830578   -1.130609   -1.969974   -1.927567   -0.677797   -1.212852    3.794    0.984    0.238 S_000009
   2 H   -60.411  173.528   56.092   84.117    0.000    0.000   77.716   37.504   94.696  179.920    0.323247   -1.366379   -0.585666   -0.772997   -1.508136   -1.637475   -1.865097   -0.700718   -1.227191    4.316    4.711   -2.950 S_000009
SCORE:     0.235                  0.235          0          0          0    S_000010
   1 H     0.000  170.252   55.279  106.429 -105.159  121.110  148.097   19.351   93.612 -146.922    0.402316   -0.992845   -1.094546   -0.830578   -1.130609   -1.969974   -1.927567   -0.677797   -1.212852    3.794    0.984    0.238 S_000010
   2 H   -76.156  176.618   54.390   86.616    0.000    0.000   82.608   36.697   94.991   75.845    0.312409   -1.343347   -0.632890   -0.786327   -1.468004   -1.671674   -1.877942   -0.695807   -1.215891    4.077    4.679   -3.195 S_000010
