SEQUENCE: gaaaaag
SCORE:     score    rna_stub_coord_hack       N_WC      N_NWC       N_BS description
REMARK RNA 
SCORE:     1.351                  1.351          0          0          0    S_000001
   1 H     0.000  170.252   55.279   90.886 -117.730   39.793   69.010   31.818   99.175  -82.341    0.346327   -1.296448   -0.722906   -0.821484   -1.438485   -1.707425   -1.914878   -0.692589   -1.207688    3.794    0.984    0.238 S_000001
   2 N   164.751 -142.271  151.787   85.973  -99.346 -140.259   96.097   33.739   98.446  173.375    0.336136   -1.353440   -0.609263   -0.810911   -1.550770   -1.613277   -1.889372   -0.720823   -1.202388    0.763    0.884   -3.957 S_000001
   3 P   -33.390  139.255   61.813  118.151 -129.280  171.883  103.768   -0.194  134.967    3.271    0.419238   -0.898866   -1.176938   -0.918863   -1.358164   -1.770009   -1.979291   -0.672376   -1.177622   -3.841    0.774   -8.279 S_000001
   4 P  -125.086  145.493   69.963   84.203 -158.058 -123.195  168.515   36.291   95.165  143.628    0.305273   -1.413075   -0.506265   -0.815956   -1.633501   -1.528120   -1.891014   -0.787768   -1.165172   -9.187   -2.154   -9.762 S_000001
   5 N   -49.063 -162.753   23.916  104.371 -145.464  -66.738   71.032   23.395   96.811  -12.491    0.381950   -1.101086   -0.978590   -0.816689   -1.252704   -1.889273   -1.918339   -0.688206   -1.214677  -15.120   -4.470  -11.619 S_000001
   6 P   -60.519 -150.721   69.014  155.654  -81.600 -163.057  158.185  -44.635  163.664   97.265    0.258206   -0.039368   -1.494873   -0.750175   -1.106028   -1.909076   -1.907704   -0.770525   -1.183420  -19.965   -2.835  -15.642 S_000001
   7 H  -160.870  135.473  169.323   84.179    0.000    0.000   61.810   35.939   92.401  -13.152    0.331742   -1.348836   -0.615078   -0.788575   -1.492023   -1.648719   -1.889994   -0.725273   -1.197305  -25.865   -2.696  -18.857 S_000001
SCORE:     1.233                  1.233          0          0          0    S_000002
   1 H     0.000  170.252   55.279  141.164  -80.259  -37.392  116.352  -34.097  154.296  -99.654    0.328838   -0.229349   -1.465648   -0.814512   -1.147046   -1.900567   -1.949233   -0.704975   -1.195727    3.794    0.984    0.238 S_000002
   2 N   154.001 -151.352 -179.891   82.407 -120.265  -97.432   73.456   36.108   93.428  -28.641    0.344713   -1.332998   -0.644622   -0.766566   -1.453473   -1.682803   -1.865678   -0.702813   -1.218244    2.927    1.966   -4.530 S_000002
   3 N  -148.162  164.915  118.385  145.355 -109.323 -178.043  158.161  -25.949  134.973  153.436    0.357113   -0.162484   -1.477571   -0.854725   -0.883260   -2.080780   -1.943630   -0.688761   -1.201220    1.088    5.644  -10.352 S_000002
   4 P   -45.775  171.933   45.683   83.642 -151.760  -73.714   64.921   35.796   93.993  179.900    0.332303   -1.334130   -0.643819   -0.787313   -1.463871   -1.680615   -1.877372   -0.691021   -1.219811   -2.256    7.371  -15.424 S_000002
   5 P   171.188  139.895   48.031  148.786  -89.987  157.411  108.795  -40.286  159.861  -88.670    0.317071   -0.125468   -1.481393   -0.752069   -1.134183   -1.879603   -1.914641   -0.711556   -1.203747   -1.317    9.784  -21.927 S_000002
   6 P   128.956 -167.652 -160.064   94.077 -138.076  -61.821   62.136   41.185   91.268  -28.351    0.283460   -1.304384   -0.747649   -0.765217   -1.247291   -1.847116   -1.908601   -0.603222   -1.274693   -4.500   13.813  -26.289 S_000002
   7 H   160.315 -153.401  166.713   88.505    0.000    0.000   47.052   35.326   88.120 -134.985    0.343205   -1.284178   -0.732473   -0.777231   -1.355723   -1.770092   -1.904003   -0.711224   -1.207453   -8.023   18.832  -27.911 S_000002
SCORE:     1.332                  1.332          0          0          0    S_000003
   1 H     0.000  170.252   55.279   85.499 -134.441   60.986   89.035   30.460  110.491  166.627    0.343743   -1.365989   -0.577470   -0.837147   -1.619984   -1.505176   -1.853176   -0.690739   -1.223613    3.794    0.984    0.238 S_000003
   2 P  -102.406 -166.243   25.602  149.414 -129.707 -175.148   90.395  -38.815  161.000   21.044    0.320198   -0.168655   -1.478454   -0.768921   -1.159934   -1.866854   -1.930844   -0.727877   -1.191024    0.939   -1.277   -3.645 S_000003
   3 N   169.350  136.230   47.876  145.976 -103.546  158.996  112.526  -36.585  158.537  -90.836    0.326479   -0.230834   -1.472102   -0.783993   -1.195518   -1.870158   -1.928823   -0.746647   -1.180885   -2.751   -2.153   -9.628 S_000003
   4 P   -67.166  171.326   62.451   88.511 -166.657  -59.751   87.642   33.717   96.817   -5.706    0.322196   -1.334095   -0.651020   -0.827952   -1.489885   -1.652933   -1.905475   -0.697438   -1.207290   -7.014   -3.718  -13.387 S_000003
   5 P  -163.415 -164.775  171.520   87.292 -173.272  -90.210   95.538   33.873  101.998   69.427    0.333059   -1.348368   -0.630589   -0.813263   -1.521104   -1.634527   -1.885456   -0.693273   -1.220867  -13.152   -3.755  -15.869 S_000003
   6 P   165.278  167.371  175.594   83.822 -158.281  -75.127   89.459   36.330   91.172 -137.030    0.339110   -1.327173   -0.662258   -0.772025   -1.433257   -1.708364   -1.881501   -0.696938   -1.221572  -18.960   -6.159  -18.605 S_000003
   7 H   -74.048  169.922   54.170   85.891    0.000    0.000   82.458   40.634   89.979  158.466    0.316490   -1.344583   -0.600491   -0.736922   -1.417718   -1.703032   -1.851305   -0.658364   -1.244600  -23.899   -9.355  -20.401 S_000003
SCORE:     1.245                  1.245          0          0          0    S_000004
   1 H     0.000  170.252   55.279  139.617  -64.455  -57.871  122.140  -32.334  161.821   27.534    0.339228   -0.380930   -1.427342   -0.789282   -1.309719   -1.850957   -1.890868   -0.709111   -1.230885    3.794    0.984    0.238 S_000004
   2 P   119.802 -147.111 -144.526  109.569 -143.800  -81.732   76.992   10.507  113.777 -142.370    0.392724   -1.039526   -1.039210   -0.879472   -1.411159   -1.786625   -1.952807   -0.730573   -1.180027    2.890    1.632   -4.288 S_000004
   3 N   153.892 -141.795  167.120   90.150 -140.999 -172.900  120.377   29.336   99.989 -144.515    0.391187   -1.231714   -0.791754   -0.780320   -1.371883   -1.747462   -1.876007   -0.673329   -1.208973   -0.770    4.845   -8.472 S_000004
   4 N   160.380  178.006 -175.911   81.427 -138.097  -68.862   64.237   40.356   94.732  168.924    0.345587   -1.380057   -0.526857   -0.712433   -1.520110   -1.625664   -1.795151   -0.681104   -1.268351   -4.070    7.990  -14.124 S_000004
   5 P   163.328  133.174   67.642  136.998 -137.626 -154.012   89.421  -30.525  152.645   30.625    0.372295   -0.416181   -1.425075   -0.793600   -1.311181   -1.799090   -1.926431   -0.784884   -1.148790   -5.050   12.674  -19.247 S_000004
   6 P   166.333  138.365   55.118  155.106 -121.207  176.665  100.537  -39.471  163.515  -78.552    0.339397   -0.011283   -1.487644   -0.733583   -0.968631   -1.983361   -1.893865   -0.720697   -1.225198  -11.158   15.260  -22.284 S_000004
   7 H   -48.510  171.148   40.272   78.783    0.000    0.000   84.781   35.098   98.414  -73.156    0.327040   -1.382077   -0.552469   -0.804983   -1.585615   -1.562186   -1.868730   -0.731368   -1.201267  -14.179   18.608  -26.575 S_000004
SCORE:     1.228                  1.228          0          0          1    S_000005
   1 H     0.000  170.252   55.279  141.164  -80.259  -37.392  116.352  -34.097  154.296  -99.654    0.328838   -0.229349   -1.465648   -0.814512   -1.147046   -1.900567   -1.949233   -0.704975   -1.195727    3.794    0.984    0.238 S_000005
   2 P   166.978  176.904  177.152   84.171 -133.729  -88.107   85.510   32.221   98.769  169.890    0.360736   -1.323192   -0.665088   -0.794830   -1.503909   -1.648578   -1.883310   -0.724059   -1.201750    3.500    1.607   -5.246 S_000005
   3 P   -73.001  169.269   61.284   93.556 -159.125  -61.904   84.379   32.321   95.478  164.905    0.388662   -1.231341   -0.816391   -0.746769   -1.292620   -1.806062   -1.888191   -0.700272   -1.212954    1.770    3.803  -11.115 S_000005
   4 P   -58.446 -149.202   68.661  151.517  -94.388 -167.491  158.879  -36.566  157.616   66.657    0.314545   -0.058212   -1.465433   -0.758064   -0.951472   -2.024794   -1.934304   -0.600686   -1.266513   -1.135    8.496  -14.195 S_000005
   5 N   -62.872  165.882   62.435   79.663 -170.157  -51.665   83.422   37.586   90.544  -19.629    0.302782   -1.396160   -0.521191   -0.796477   -1.582864   -1.564223   -1.877284   -0.759691   -1.184384   -4.755   12.408  -17.878 S_000005
   6 N  -148.162  164.915  118.385  145.355 -109.323 -178.043  158.161  -25.949  134.973  153.436    0.357113   -0.162484   -1.477571   -0.854725   -0.883260   -2.080780   -1.943630   -0.688761   -1.201220   -7.374   14.749  -23.250 S_000005
   7 H   -48.166 -120.049  -74.269  158.949    0.000    0.000 -172.700  -40.133  157.368 -124.282    0.300935    0.017579   -1.491896   -0.771376   -0.944197   -1.991638   -1.910324   -0.692189   -1.208424  -10.462   19.245  -25.858 S_000005
SCORE:     1.081                  1.081          0          0          1    S_000006
   1 H     0.000  170.252   55.279  141.164  -80.259  -37.392  116.352  -34.097  154.296  -99.654    0.328838   -0.229349   -1.465648   -0.814512   -1.147046   -1.900567   -1.949233   -0.704975   -1.195727    3.794    0.984    0.238 S_000006
   2 P  -173.910 -150.992  149.500  127.998 -128.911 -142.558   91.482   -6.193  136.127   15.787    0.408280   -0.788743   -1.262842   -0.923571   -1.317920   -1.806812   -1.984235   -0.740556   -1.116661    3.395    2.018   -5.036 S_000006
   3 N   -70.415  159.679   68.122   87.829 -154.687  -76.572   82.920   29.865  103.268  174.161    0.346951   -1.296729   -0.714242   -0.837757   -1.482312   -1.665599   -1.896885   -0.674236   -1.215944   -0.369    3.257  -10.277 S_000006
   4 P   -93.154 -157.444   54.300  150.377 -112.935 -160.796  105.347  -36.726  152.260  155.081    0.325182   -0.066179   -1.488565   -0.782637   -0.984831   -1.998773   -1.922659   -0.698395   -1.211700   -3.015    6.320  -15.733 S_000006
   5 N   -74.064 -177.704   48.749  150.340 -154.485  153.392  131.849  -33.312  147.447  168.918    0.335143   -0.069542   -1.482537   -0.803152   -0.912200   -2.037999   -1.931248   -0.636521   -1.234597   -4.588   10.584  -20.706 S_000006
   6 P   128.583 -135.584  175.948   84.475 -126.990  -62.960   51.772   37.776   92.020  -21.581    0.320841   -1.349244   -0.634712   -0.778431   -1.443855   -1.696508   -1.885445   -0.693710   -1.222567   -6.453   13.760  -26.198 S_000006
   7 H   -86.028  174.248   72.691   75.374    0.000    0.000   71.087   38.892   94.353  179.866    0.318436   -1.403059   -0.519261   -0.763079   -1.567249   -1.583620   -1.823706   -0.704383   -1.229487   -6.873   18.701  -30.209 S_000006
SCORE:     1.180                  1.180          0          0          1    S_000007
   1 H     0.000  170.252   55.279  153.473  -76.830  -78.886  133.844  -34.716  149.976   18.780    0.328413   -0.039811   -1.493519   -0.809787   -0.909264   -2.038163   -1.935921   -0.661572   -1.221675    3.794    0.984    0.238 S_000007
   2 P   154.210 -167.249 -177.856   84.425 -110.086  -68.007   66.339   39.556   88.229  -20.046    0.319709   -1.343133   -0.653053   -0.755606   -1.387478   -1.739342   -1.883028   -0.703361   -1.215817    5.695    1.080   -5.609 S_000007
   3 N   -50.936  170.693   59.456  140.138 -123.590 -165.720  102.147  -28.824  146.926   74.808    0.372909   -0.320183   -1.444597   -0.805892   -1.158175   -1.918373   -1.937237   -0.739376   -1.178972    4.884    4.898  -10.264 S_000007
   4 P   149.773 -156.144  176.474   82.777 -155.799  -84.417   85.097   38.273   91.188  109.933    0.325799   -1.359624   -0.601698   -0.762572   -1.475146   -1.669392   -1.863222   -0.693642   -1.226962    3.819   10.488  -14.643 S_000007
   5 P  -160.735  100.475  166.098   97.494 -163.393  -34.671 -110.841   11.829  136.337   95.290    0.410971   -1.179243   -0.881078   -0.901230   -1.567988   -1.552099   -1.903237   -0.668675   -1.192323    3.799   14.802  -19.939 S_000007
   6 N  -147.391  126.628  158.117   94.605 -114.502  -61.873   69.191   34.361   87.002  -14.674    0.390200   -1.189439   -0.867308   -0.743308   -1.152310   -1.891721   -1.905651   -0.712791   -1.204914    2.185   18.195  -24.819 S_000007
   7 H   176.214 -172.631  168.670   84.710    0.000    0.000   64.932   38.781   84.983  -17.794    0.330294   -1.281940   -0.737712   -0.754974   -1.272065   -1.821394   -1.890568   -0.663844   -1.226173    1.275   23.741  -28.140 S_000007
SCORE:     1.366                  1.366          0          1          1    S_000008
   1 H     0.000  170.252   55.279  128.704  -80.277  -46.853   73.072  -22.115  147.384  153.722    0.436350   -0.216994   -1.445599   -0.800626   -0.877095   -2.052125   -1.932064   -0.620787   -1.249144    3.794    0.984    0.238 S_000008
   2 P   178.363  159.803  161.213   89.497 -120.228  -82.484   60.039   35.920   90.861  -15.525    0.335843   -1.293218   -0.723787   -0.781309   -1.358486   -1.768889   -1.909203   -0.706088   -1.208672    3.592    0.454   -5.728 S_000008
   3 P   168.935  130.259   53.295  151.687 -105.787  158.269   99.642  -39.457  164.899  -78.284    0.311456   -0.213025   -1.473525   -0.773267   -1.229982   -1.822240   -1.928139   -0.719157   -1.203908    1.494    4.189  -11.401 S_000008
   4 N   -60.793  171.558   61.962   89.409 -158.232  -99.016   75.344   33.310   97.241 -167.829    0.337877   -1.332470   -0.657891   -0.811917   -1.496742   -1.656441   -1.904852   -0.725438   -1.193617   -1.588    6.418  -15.869 S_000008
   5 N   -58.034  154.870   59.194   88.331 -149.069  -69.316   85.210   37.009   93.557  -18.606    0.326490   -1.339677   -0.643283   -0.773294   -1.444030   -1.689773   -1.878580   -0.707958   -1.214621   -4.791   10.369  -19.042 S_000008
   6 N   -97.944  144.143  116.364  107.390 -146.299  170.116   62.722   -5.024  141.666   18.042    0.428033   -0.968284   -1.110263   -0.900109   -1.566329   -1.597061   -1.953408   -0.750813   -1.156653   -9.054   11.597  -23.172 S_000008
   7 H   157.184 -175.128  175.476   93.988    0.000    0.000   75.293   34.150   84.499  -15.290    0.352387   -1.179513   -0.860619   -0.792896   -1.149940   -1.888550   -1.937276   -0.624407   -1.234752  -11.606   15.029  -28.906 S_000008
SCORE:     1.188                  1.188          0          0          1    S_000009
   1 H     0.000  170.252   55.279  139.617  -64.455  -57.871  122.140  -32.334  161.821   27.534    0.339228   -0.380930   -1.427342   -0.789282   -1.309719   -1.850957   -1.890868   -0.709111   -1.230885    3.794    0.984    0.238 S_000009
   2 P   132.201 -170.136  172.043   82.935 -174.144  -99.458  113.946   35.506  102.658  -57.807    0.296716   -1.397482   -0.505598   -0.833698   -1.628991   -1.513709   -1.843882   -0.692077   -1.232421    3.292    1.976   -4.837 S_000009
   3 N   -68.854  179.949   51.797   86.182 -177.957  -70.180   81.957   36.561   92.789  -76.400    0.323781   -1.337857   -0.637829   -0.786409   -1.453937   -1.681399   -1.888909   -0.692281   -1.218331    1.141    3.851  -10.462 S_000009
   4 N  -174.783  120.716  177.399  150.472 -127.479 -150.643  -46.738  -38.379  156.036  172.165    0.295515   -0.075973   -1.493365   -0.801078   -1.032701   -1.963612   -1.942754   -0.690149   -1.211052   -3.003    6.023  -15.287 S_000009
   5 N   -70.600  168.821   59.288   90.938 -158.614  -67.393   86.146   32.762   98.466   -6.972    0.342766   -1.291336   -0.720780   -0.807046   -1.420580   -1.718085   -1.895235   -0.672698   -1.224387   -3.461    8.005  -21.622 S_000009
   6 P  -166.898   57.415  164.201   84.573 -140.977  -65.616   66.700   35.291   96.775  -22.631    0.321818   -1.367659   -0.593412   -0.810656   -1.539393   -1.613780   -1.888899   -0.719215   -1.201128   -5.306   12.697  -26.094 S_000009
   7 H   -70.602 -170.056   44.704   80.460    0.000    0.000   83.963   38.174   94.001  154.367    0.316693   -1.379783   -0.563948   -0.777812   -1.524896   -1.627267   -1.865318   -0.704343   -1.220997   -6.600   16.836  -30.845 S_000009
SCORE:     1.448                  1.448          0          0          1    S_000010
   1 H     0.000  170.252   55.279  109.791  -86.031  -28.716   97.324   -4.072  154.605    3.658    0.432992   -1.060617   -0.993306   -0.892079   -1.672394   -1.421786   -1.913007   -0.735767   -1.171156    3.794    0.984    0.238 S_000010
   2 P   156.514 -176.414  170.719   82.712 -127.414  -75.307   65.799   40.084   89.848  -23.980    0.315304   -1.369360   -0.582570   -0.750143   -1.465773   -1.674744   -1.866737   -0.719037   -1.215051    1.426   -0.107   -4.335 S_000010
   3 N   -78.017  176.745   52.989   83.231 -125.383 -136.381   89.349   39.211   88.312 -173.416    0.314224   -1.351951   -0.617369   -0.765357   -1.433040   -1.698826   -1.877253   -0.684658   -1.230427   -3.903    1.203   -7.857 S_000010
   4 P   -33.122 -159.568  151.000  146.506 -145.092 -142.672   79.190  -33.668  154.217 -117.811    0.333818   -0.171529   -1.475823   -0.812366   -1.061031   -1.950460   -1.939960   -0.691146   -1.196381   -6.840    5.254  -12.315 S_000010
   5 P   -62.560  161.565   59.465   82.476 -145.787  -82.222   79.175   40.224   90.549  -18.130    0.293028   -1.402197   -0.512332   -0.776587   -1.536861   -1.592902   -1.843688   -0.676489   -1.238810  -11.044    7.063  -16.877 S_000010
   6 P  -171.342  168.218 -177.050   87.311  -84.230 -114.202   63.224   41.296   74.437  -87.240    0.302913   -1.243305   -0.805832   -0.748005   -1.110376   -1.898660   -1.898916   -0.629267   -1.250356  -15.492    5.599  -22.082 S_000010
   7 H   -68.734 -166.885   45.126   88.784    0.000    0.000   85.524   40.080   89.318  179.924    0.275622   -1.388589   -0.504935   -0.792227   -1.536602   -1.581950   -1.876565   -0.737509   -1.183539  -22.201    4.583  -23.535 S_000010
