SEQUENCE: gaag
SCORE:     score    rna_stub_coord_hack       N_WC      N_NWC       N_BS description
REMARK RNA 
SCORE:     0.432                  0.432          0          0          0    S_000001
   1 H     0.000  170.252   55.279   76.684  161.788 -104.128  113.360   34.151  108.107 -159.563    0.289103   -1.434689   -0.433754   -0.862167   -1.721140   -1.395645   -1.842928   -0.733402   -1.198369    3.794    0.984    0.238 S_000001
   2 P   -61.653  158.780  111.392  131.953 -117.165 -124.089  113.393  -34.124  172.369  170.567    0.367177   -0.534770   -1.378991   -0.795747   -1.498249   -1.528004   -1.900206   -0.681102   -1.220799    8.122    3.040   -2.593 S_000001
   3 P   -87.787  177.868   72.488  125.142 -164.828 -151.898  111.548  -19.213  150.164  -29.735    0.411216   -0.574601   -1.357123   -0.857597   -1.302692   -1.814919   -1.954673   -0.693383   -1.189634   12.359    8.334   -4.295 S_000001
   4 H   -65.809  172.305   54.916   79.372    0.000    0.000   79.715   40.023   90.301   99.901    0.314094   -1.394223   -0.524236   -0.753947   -1.534534   -1.609644   -1.851630   -0.718492   -1.219071   15.821   13.737   -5.471 S_000001
SCORE:     0.363                  0.363          0          0          0    S_000002
   1 H     0.000  170.252   55.279   94.099   51.205  168.845  142.720   12.075  127.725   55.115    0.423799   -1.136971   -0.939307   -0.881423   -1.506882   -1.649539   -1.926255   -0.677151   -1.208290    3.794    0.984    0.238 S_000002
   2 N  -162.335 -115.976  123.191   89.015  175.258 -173.476   79.260   17.306  130.746  -80.581    0.379421   -1.301197   -0.739786   -0.920270   -1.669913   -1.460581   -1.919630   -0.732482   -1.173204    7.781    4.134   -3.907 S_000002
   3 N  -178.810  153.055  135.770  106.704 -138.327 -112.358  127.377   22.478   87.323  -11.418    0.409131   -0.973460   -1.098711   -0.809248   -1.028300   -2.013690   -1.923910   -0.665663   -1.225656   13.844    8.011   -3.164 S_000002
   4 H   -61.437  166.883   62.651   80.845    0.000    0.000   68.693   44.348   89.125  -23.913    0.264210   -1.423244   -0.447119   -0.741898   -1.537546   -1.578134   -1.831379   -0.701398   -1.224754   19.720   10.866   -3.360 S_000002
SCORE:     0.492                  0.492          0          0          1    S_000003
   1 H     0.000  170.252   55.279  119.815   48.040  111.457  127.325  -19.348  135.556  147.821    0.444579   -0.228426   -1.434994   -0.808579   -0.830951   -2.071090   -1.912179   -0.692428   -1.205247    3.794    0.984    0.238 S_000003
   2 P   155.560  161.070 -178.457   84.276 -122.408  -98.195   69.445   34.862   99.023  -17.493    0.336436   -1.355400   -0.607953   -0.795993   -1.522882   -1.622071   -1.870210   -0.689281   -1.222321   10.327    0.226   -0.384 S_000003
   3 P   -84.025  166.594   73.067   79.911 -179.348 -123.417   89.779   35.188   98.120  -15.624    0.325054   -1.374806   -0.576496   -0.804974   -1.563205   -1.591934   -1.872365   -0.723717   -1.206138   16.117    2.095    2.457 S_000003
   4 H   -59.260 -178.258   52.117   80.363    0.000    0.000   78.259   33.324  102.030   90.914    0.340232   -1.379974   -0.555394   -0.811293   -1.610462   -1.535328   -1.861809   -0.722297   -1.204843   20.651    4.586    6.199 S_000003
SCORE:     0.435                  0.435          0          0          1    S_000004
   1 H     0.000  170.252   55.279   94.099   51.205  168.845  142.720   12.075  127.725   55.115    0.423799   -1.136971   -0.939307   -0.881423   -1.506882   -1.649539   -1.926255   -0.677151   -1.208290    3.794    0.984    0.238 S_000004
   2 P  -176.305  137.307  171.043   85.565 -130.646 -105.768   74.681   34.485   99.287   -2.152    0.332425   -1.340365   -0.638706   -0.805513   -1.489131   -1.649123   -1.873865   -0.673556   -1.222220    8.928    2.578   -4.013 S_000004
   3 N  -173.868 -178.616  179.685   86.902 -146.045  -72.431   81.778   39.756   88.577  -12.629    0.302540   -1.355778   -0.621490   -0.770300   -1.422934   -1.707921   -1.886028   -0.702878   -1.216575   14.851    6.704   -4.245 S_000004
   4 H   165.623 -158.629  163.073   83.135    0.000    0.000   55.517   34.495   94.630  -25.163    0.348329   -1.301275   -0.699548   -0.780485   -1.413468   -1.721311   -1.872221   -0.666419   -1.219169   18.797   11.987   -3.894 S_000004
SCORE:     0.417                  0.417          0          0          0    S_000005
   1 H     0.000  170.252   55.279  101.651   24.704   80.004  147.021    7.260  132.110  179.913    0.374722   -1.027061   -1.076613   -0.941605   -1.410014   -1.747423   -2.001967   -0.647310   -1.220870    3.794    0.984    0.238 S_000005
   2 N   140.751   78.375  147.908   85.219 -139.919 -122.587   67.224   27.161  117.339 -128.645    0.327420   -1.390343   -0.558417   -0.896324   -1.706978   -1.419161   -1.868152   -0.719232   -1.199857    8.160    4.061   -0.173 S_000005
   3 N  -173.868 -178.616  179.685   86.902 -146.045  -72.431   81.778   39.756   88.577  -12.629    0.302540   -1.355778   -0.621490   -0.770300   -1.422934   -1.707921   -1.886028   -0.702878   -1.216575   13.918    8.532   -0.582 S_000005
   4 H  -135.968   86.912  156.323   84.910    0.000    0.000   60.950   32.402   96.181  -24.326    0.369411   -1.302864   -0.699508   -0.782610   -1.459820   -1.695288   -1.894865   -0.722038   -1.200321   18.568   11.964   -3.283 S_000005
SCORE:     0.492                  0.492          0          0          0    S_000006
   1 H     0.000  170.252   55.279  102.571   43.862  136.422  101.484   10.967  122.746 -110.098    0.434455   -0.951058   -1.106625   -0.874387   -1.227275   -1.865049   -1.953608   -0.599488   -1.228468    3.794    0.984    0.238 S_000006
   2 P   155.560  161.070 -178.457   84.276 -122.408  -98.195   69.445   34.862   99.023  -17.493    0.336436   -1.355400   -0.607953   -0.795993   -1.522882   -1.622071   -1.870210   -0.689281   -1.222321    9.825    2.163   -2.747 S_000006
   3 N  -134.138  118.583  129.947   86.649  159.241   35.069   43.820   39.481   82.438  -67.168    0.357367   -1.299159   -0.768479   -0.733409   -1.220274   -1.843452   -1.894632   -0.733163   -1.223490   14.931    6.234   -1.064 S_000006
   4 H   -66.090  178.066   42.695  132.300    0.000    0.000  165.565  -37.293  146.655  -96.052    0.304657   -0.342578   -1.475435   -0.757031   -1.326550   -1.830758   -1.897673   -0.806649   -1.107996   19.008    8.110   -3.925 S_000006
SCORE:     0.471                  0.471          0          0          1    S_000007
   1 H     0.000  170.252   55.279   99.366   37.004  115.204 -179.994    8.767  128.101 -143.062    0.435905   -1.062987   -1.004996   -0.859946   -1.463220   -1.693261   -1.899903   -0.657307   -1.218227    3.794    0.984    0.238 S_000007
   2 P  -155.146 -150.820  117.921   86.113 -130.582 -148.643   67.544   32.888  102.779 -102.425    0.346919   -1.363914   -0.563645   -0.802385   -1.605565   -1.541881   -1.842961   -0.706156   -1.218029    9.816    2.388   -1.840 S_000007
   3 P    67.134 -138.332 -132.258   99.755 -134.421  -75.943   85.044   33.201   81.338 -171.493    0.359772   -1.081972   -0.993546   -0.793875   -0.954164   -1.994989   -1.938775   -0.611959   -1.243755   14.605    6.278   -1.120 S_000007
   4 H   -72.537 -179.835   52.849   85.299    0.000    0.000   82.245   33.627   97.770  155.585    0.332136   -1.339157   -0.637320   -0.813167   -1.505061   -1.632411   -1.885550   -0.699497   -1.202934   20.152    9.661   -1.235 S_000007
SCORE:     0.429                  0.429          0          0          0    S_000008
   1 H     0.000  170.252   55.279  101.651   24.704   80.004  147.021    7.260  132.110  179.913    0.374722   -1.027061   -1.076613   -0.941605   -1.410014   -1.747423   -2.001967   -0.647310   -1.220870    3.794    0.984    0.238 S_000008
   2 P   154.408 -167.309  177.533   85.213 -130.497  -58.639   65.374   37.930   89.645  -25.428    0.314460   -1.365339   -0.594367   -0.782285   -1.489040   -1.654516   -1.884229   -0.716751   -1.205193    9.408    2.299    0.073 S_000008
   3 P  -133.749 -135.407  144.310  130.845 -116.303 -178.649  121.579  -35.275  165.934  163.039    0.368044   -0.566274   -1.363413   -0.770648   -1.563835   -1.500435   -1.902733   -0.799223   -1.154475   14.023    7.283   -0.566 S_000008
   4 H   -72.629  174.004   60.877   74.773    0.000    0.000   79.032   39.847  101.803  -20.431    0.268968   -1.473203   -0.266257   -0.809338   -1.796301   -1.299992   -1.769398   -0.752143   -1.216630   20.059    9.014   -1.850 S_000008
SCORE:     0.458                  0.458          0          0          1    S_000009
   1 H     0.000  170.252   55.279   80.163  138.639 -118.475   72.119   12.082  132.834  -67.239    0.349664   -1.324683   -0.710973   -0.978241   -1.791992   -1.314355   -1.862105   -0.703711   -1.204027    3.794    0.984    0.238 S_000009
   2 P   171.188  139.895   48.031  148.786  -89.987  157.411  108.795  -40.286  159.861  -88.670    0.317071   -0.125468   -1.481393   -0.752069   -1.134183   -1.879603   -1.914641   -0.711556   -1.203747    8.555    2.993   -4.005 S_000009
   3 P   101.545 -166.544 -165.818  126.065 -162.988  -99.544   98.876  -15.674  141.015 -159.461    0.397392   -0.610821   -1.338979   -0.860837   -1.287097   -1.866209   -1.963161   -0.695831   -1.206560   11.521    8.730   -5.287 S_000009
   4 H   -59.576  165.919   52.037   82.599    0.000    0.000   78.091   41.941   81.544  152.888    0.283309   -1.389866   -0.540615   -0.759634   -1.482744   -1.652718   -1.892114   -0.783013   -1.173511   14.251   12.839   -8.957 S_000009
SCORE:     0.486                  0.486          0          0          1    S_000010
   1 H     0.000  170.252   55.279  102.571   43.862  136.422  101.484   10.967  122.746 -110.098    0.434455   -0.951058   -1.106625   -0.874387   -1.227275   -1.865049   -1.953608   -0.599488   -1.228468    3.794    0.984    0.238 S_000010
   2 P  -106.427 -150.371   67.800  101.915 -164.105 -132.115  143.722    4.794  140.423 -177.700    0.395829   -1.112845   -0.988243   -0.950577   -1.566238   -1.557481   -1.924126   -0.650360   -1.211135    9.979    1.625   -2.106 S_000010
   3 P   161.921 -139.165  171.084  140.378 -102.348  161.473  147.689  -28.420  150.366   21.418    0.399046   -0.297674   -1.438023   -0.785233   -1.122437   -1.922316   -1.917220   -0.695077   -1.203103   14.595    6.739   -1.754 S_000010
   4 H   -58.112  174.120   47.727   82.973    0.000    0.000   76.571   39.193   92.403  -22.887    0.304787   -1.388130   -0.542121   -0.774046   -1.530176   -1.614434   -1.862440   -0.707311   -1.222675   20.544    6.693   -1.795 S_000010
