SEQUENCE: gaaag
SCORE:     score    rna_stub_coord_hack       N_WC      N_NWC       N_BS description
REMARK RNA 
SCORE:     0.004                  0.004          0          0          0    S_000001
   1 H     0.000  170.252   55.279  107.424  -29.806   85.115   89.870    4.565  132.258   -5.516    0.448234   -0.969604   -1.083568   -0.853255   -1.401633   -1.742796   -1.927752   -0.658219   -1.220029    3.794    0.984    0.238 S_000001
   2 N   -56.242  153.978   73.770  143.307  -64.114 -150.572   93.283  -33.396  151.190  -50.064    0.346664   -0.307654   -1.452388   -0.793983   -1.232638   -1.858935   -1.934948   -0.784899   -1.156824    6.423    3.367    1.300 S_000001
   3 N  -178.810  153.055  135.770  106.704 -138.327 -112.358  127.377   22.478   87.323  -11.418    0.409131   -0.973460   -1.098711   -0.809248   -1.028300   -2.013690   -1.923910   -0.665663   -1.225656    6.457    7.135    7.196 S_000001
   4 N   -74.064 -177.704   48.749  150.340 -154.485  153.392  131.849  -33.312  147.447  168.918    0.335143   -0.069542   -1.482537   -0.803152   -0.912200   -2.037999   -1.931248   -0.636521   -1.234597    5.328    9.992   13.293 S_000001
   5 H   -54.044  175.898   45.330   79.787    0.000    0.000   78.730   36.874   90.710  179.951    0.337024   -1.361314   -0.604203   -0.766801   -1.504256   -1.651834   -1.875096   -0.731329   -1.207302    3.878   10.863   19.134 S_000001
SCORE:     0.012                  0.012          0          0          0    S_000002
   1 H     0.000  170.252   55.279   82.607    0.000    0.000   68.289   38.897   86.971 -127.118    0.313573   -1.344401   -0.649560   -0.771795   -1.409475   -1.730152   -1.892962   -0.698382   -1.221350    3.794    0.984    0.238 S_000002
   2 P   139.901 -101.394 -178.561  141.920 -123.942 -144.089   80.191  -30.931  156.102   31.126    0.358691   -0.354753   -1.434289   -0.818117   -1.244867   -1.828128   -1.948415   -0.714488   -1.176518    5.068    3.795    0.897 S_000002
   3 P   -70.617 -178.508   51.392   84.715 -134.802  -71.823   68.302   35.177   89.991 -153.353    0.346837   -1.303608   -0.710353   -0.779777   -1.386464   -1.739273   -1.893003   -0.698739   -1.213231    6.748    5.575    7.282 S_000002
   4 N  -148.162  164.915  118.385  145.355 -109.323 -178.043  158.161  -25.949  134.973  153.436    0.357113   -0.162484   -1.477571   -0.854725   -0.883260   -2.080780   -1.943630   -0.688761   -1.201220    4.519   10.672   11.295 S_000002
   5 H   -58.972  162.841   57.872   82.630    0.000    0.000   73.759   39.053   93.659  147.594    0.321480   -1.375031   -0.568022   -0.753538   -1.497590   -1.637748   -1.841318   -0.671984   -1.251558    5.270   15.095   15.655 S_000002
SCORE:     0.008                  0.008          0          0          1    S_000003
   1 H     0.000  170.252   55.279   76.180    0.000    0.000   76.920   39.099   94.303  -46.329    0.303721   -1.396624   -0.530482   -0.780101   -1.544843   -1.599803   -1.853908   -0.688169   -1.232189    3.794    0.984    0.238 S_000003
   2 P    62.159  178.988 -170.619  149.965 -103.312 -145.757  126.991  -39.736  164.357  173.689    0.323159   -0.192725   -1.473024   -0.749767   -1.208730   -1.842314   -1.917217   -0.720585   -1.212069    3.574    3.178    1.414 S_000003
   3 N   -54.903  154.776   61.317   90.389 -153.454  -67.690   78.209   41.098   98.703 -174.010    0.315812   -1.364555   -0.607771   -0.715135   -1.401968   -1.680572   -1.883353   -0.728056   -1.226265    2.846    6.551    6.953 S_000003
   4 P   -67.400 -156.253   70.385   89.207 -165.347 -142.424  149.312   31.170   95.376  179.958    0.339723   -1.283862   -0.739249   -0.826225   -1.443552   -1.722588   -1.912729   -0.711481   -1.205233    4.499   10.611   11.734 S_000003
   5 H   -66.810 -175.549   48.407   77.835    0.000    0.000   80.332   41.445   87.180  179.895    0.280665   -1.407594   -0.506408   -0.773107   -1.531312   -1.607491   -1.882100   -0.748909   -1.188659    1.817   14.915   16.080 S_000003
SCORE:     0.007                  0.007          0          0          3    S_000004
   1 H     0.000  170.252   55.279   85.314    0.000    0.000   58.738   37.749   86.904  -16.947    0.321003   -1.301198   -0.716307   -0.779124   -1.329235   -1.782732   -1.902365   -0.676082   -1.223343    3.794    0.984    0.238 S_000004
   2 P   101.545 -166.544 -165.818  126.065 -162.988  -99.544   98.876  -15.674  141.015 -159.461    0.397392   -0.610821   -1.338979   -0.860837   -1.287097   -1.866209   -1.963161   -0.695831   -1.206560    3.814    3.421    1.484 S_000004
   3 P  -147.370  132.427  163.030   85.740 -133.620  -84.078   67.702   34.176   93.870  -15.107    0.344463   -1.309014   -0.688719   -0.791759   -1.433451   -1.704701   -1.888885   -0.699291   -1.211989    1.848    6.805    7.034 S_000004
   4 N   172.456 -130.437  158.420   78.660 -135.778  -75.363   57.224   32.947   95.764   77.415    0.211288   -1.387525   -0.692491   -1.040100   -1.517440   -1.711301   -2.027997   -0.661007   -1.207277    1.279   10.557   12.431 S_000004
   5 H   -47.876  137.331   58.785   83.172    0.000    0.000   58.140   45.099   79.528  -32.426    0.291467   -1.360237   -0.620362   -0.708195   -1.308701   -1.769771   -1.865900   -0.696739   -1.229255    4.013   12.601   16.753 S_000004
SCORE:     0.004                  0.004          0          0          1    S_000005
   1 H     0.000  170.252   55.279   78.845    0.000    0.000   85.290   41.875   91.644  -17.012    0.277264   -1.409095   -0.512091   -0.761807   -1.539879   -1.621198   -1.864965   -0.727228   -1.216937    3.794    0.984    0.238 S_000005
   2 P   119.802 -147.111 -144.526  109.569 -143.800  -81.732   76.992   10.507  113.777 -142.370    0.392724   -1.039526   -1.039210   -0.879472   -1.411159   -1.786625   -1.952807   -0.730573   -1.180027    4.047    3.512    1.326 S_000005
   3 P   119.802 -147.111 -144.526  109.569 -143.800  -81.732   76.992   10.507  113.777 -142.370    0.392724   -1.039526   -1.039210   -0.879472   -1.411159   -1.786625   -1.952807   -0.730573   -1.180027    3.979    8.206    5.128 S_000005
   4 P  -145.272  107.505  161.174   94.670  147.437  143.710   84.320   28.447   90.169 -113.690    0.361024   -1.094483   -0.996074   -0.845065   -1.073377   -1.943138   -1.954076   -0.689021   -1.181845    5.000   12.193   10.392 S_000005
   5 H   -46.276  177.291   30.244   77.382    0.000    0.000   84.389   41.006   90.939  -21.323    0.283049   -1.422981   -0.466324   -0.779206   -1.584576   -1.558158   -1.859897   -0.739354   -1.203905    1.990   16.054   14.723 S_000005
SCORE:     0.009                  0.009          0          0          1    S_000006
   1 H     0.000  170.252   55.279   76.540    0.000    0.000   71.008   37.823   97.630  -24.009    0.309522   -1.395014   -0.521813   -0.792749   -1.566639   -1.569553   -1.848805   -0.686814   -1.230629    3.794    0.984    0.238 S_000006
   2 P   132.201 -170.136  172.043   82.935 -174.144  -99.458  113.946   35.506  102.658  -57.807    0.296716   -1.397482   -0.505598   -0.833698   -1.628991   -1.513709   -1.843882   -0.692077   -1.232421    3.451    3.999    1.036 S_000006
   3 P   165.278  167.371  175.594   83.822 -158.281  -75.127   89.459   36.330   91.172 -137.030    0.339110   -1.327173   -0.662258   -0.772025   -1.433257   -1.708364   -1.881501   -0.696938   -1.221572    1.748    9.239    5.233 S_000006
   4 N   155.698 -147.514  169.931   83.393 -124.401  -88.271   60.605   36.805   93.611  -23.064    0.324225   -1.355591   -0.614213   -0.787839   -1.484943   -1.661573   -1.879896   -0.700877   -1.213843    1.341   12.614   10.625 S_000006
   5 H   -79.308 -167.825   51.079   81.122    0.000    0.000   87.578   41.689   85.955  -29.599    0.274720   -1.413698   -0.492338   -0.774575   -1.546349   -1.594927   -1.875295   -0.752294   -1.185444    2.654   14.946   16.946 S_000006
SCORE:     0.015                  0.015          0          1          0    S_000007
   1 H     0.000  170.252   55.279   73.606    0.000    0.000   82.124   47.283   83.211  -66.065    0.211910   -1.448389   -0.400781   -0.773135   -1.533278   -1.582677   -1.869843   -0.720695   -1.217359    3.794    0.984    0.238 S_000007
   2 P    59.205 -169.774  169.994   82.204   80.460  167.001   74.794  -29.020  150.381   20.416    0.452785   -0.303022   -1.415288   -0.717528   -1.153978   -1.907994   -1.882718   -0.714793   -1.216736    3.474    2.883    1.436 S_000007
   3 P  -127.098 -118.371 -175.896   81.208  178.526  -67.112   87.047   27.341  111.615  177.088    0.350710   -1.380316   -0.536550   -0.864500   -1.712024   -1.401043   -1.876825   -0.710853   -1.179871    5.322    7.938    5.875 S_000007
   4 N    56.904  146.090  -76.919  156.695 -160.150 -173.923  104.986  -34.562  143.238  -23.564    0.324447    0.078710   -1.492600   -0.805727   -0.735040   -2.115119   -1.911687   -0.631310   -1.242141    4.981   12.428    9.309 S_000007
   5 H   -76.229  174.699   55.185   80.553    0.000    0.000   77.323   41.607   93.453  163.659    0.275167   -1.417335   -0.444604   -0.778773   -1.580266   -1.542300   -1.828455   -0.694794   -1.231056    5.542   17.306   13.666 S_000007
SCORE:     0.009                  0.009          0          0          0    S_000008
   1 H     0.000  170.252   55.279  -71.778    0.000    0.000  -77.847  -48.458  -85.578  179.901    0.175694   -1.504261    0.174508   -0.786311   -1.748110    1.337792   -1.813368   -0.783876    1.182365    3.794    0.984    0.238 S_000008
   2 P   153.942 -172.175  173.008   81.922 -159.435  -59.843   75.194   37.416   97.393 -160.084    0.313845   -1.393835   -0.529876   -0.789306   -1.579149   -1.575655   -1.852855   -0.709064   -1.225200    1.240    1.354    2.336 S_000008
   3 P   -76.189  126.415   70.784   78.346 -176.925  178.948  121.833   33.090  105.667  153.222    0.323848   -1.452992   -0.352529   -0.832486   -1.819289   -1.280788   -1.827199   -0.815599   -1.152722   -1.685    4.972    4.576 S_000008
   4 N   162.851 -174.181  174.872   89.117 -135.686  -80.471   74.982   34.691   91.621  -18.571    0.348335   -1.303500   -0.710850   -0.781973   -1.406205   -1.739385   -1.894539   -0.695738   -1.212818   -6.757    9.855    6.172 S_000008
   5 H   -28.424 -176.273  145.227  109.934    0.000    0.000   63.719   -1.708  137.509    1.742    0.405221   -0.983529   -1.109782   -0.924254   -1.509244   -1.636521   -1.945783   -0.669334   -1.187942  -10.585   14.596    7.317 S_000008
SCORE:     0.008                  0.008          0          0          1    S_000009
   1 H     0.000  170.252   55.279   76.540    0.000    0.000   71.008   37.823   97.630  -24.009    0.309522   -1.395014   -0.521813   -0.792749   -1.566639   -1.569553   -1.848805   -0.686814   -1.230629    3.794    0.984    0.238 S_000009
   2 P   105.521  156.804  148.628  159.247 -128.125 -110.056   82.304  -40.995  149.473 -171.489    0.270028    0.135892   -1.494581   -0.790297   -0.798343   -2.074916   -1.911233   -0.674598   -1.221385    3.392    4.252    0.821 S_000009
   3 P   -82.522 -173.901   50.300  139.055 -115.199  179.062  149.082  -32.367  151.652  165.711    0.349502   -0.343881   -1.444356   -0.804139   -1.257945   -1.837809   -1.936483   -0.771964   -1.159998    2.766    7.240    7.090 S_000009
   4 P   -67.189  168.647   54.549   84.408 -148.030  -52.086   96.604   33.655   95.218  -26.782    0.345319   -1.327216   -0.664880   -0.799516   -1.477050   -1.668751   -1.883369   -0.691434   -1.216049    2.127   10.645   12.338 S_000009
   5 H   -66.780  166.688   56.620   83.037    0.000    0.000   70.793   37.599   95.730 -156.100    0.322849   -1.370206   -0.571286   -0.771449   -1.522201   -1.623466   -1.854484   -0.694733   -1.231395    4.386   14.417   16.109 S_000009
SCORE:     0.008                  0.008          0          0          0    S_000010
   1 H     0.000  170.252   55.279  -71.778    0.000    0.000  -77.847  -48.458  -85.578  179.901    0.175694   -1.504261    0.174508   -0.786311   -1.748110    1.337792   -1.813368   -0.783876    1.182365    3.794    0.984    0.238 S_000010
   2 P    88.446  152.233 -177.309   99.607 -163.833  -94.509  109.798   24.470  101.567  -63.346    0.357266   -1.161357   -0.924890   -0.846544   -1.335259   -1.840463   -1.925885   -0.663645   -1.234091    1.020    1.371    1.867 S_000010
   3 P   128.117 -166.032 -161.321   92.406 -136.225  -61.884   63.110   41.031   87.902  -22.327    0.260237   -1.335023   -0.702115   -0.796889   -1.321722   -1.803111   -1.925782   -0.646661   -1.246176   -3.814    5.543    2.843 S_000010
   4 P  -107.827   88.551  161.850   87.760 -119.121  -87.161   59.177   35.817   89.406  -26.893    0.352008   -1.281211   -0.731976   -0.755603   -1.340545   -1.770651   -1.876912   -0.690033   -1.213694   -7.272   10.015    3.796 S_000010
   5 H   -47.157  178.235   32.705  104.518    0.000    0.000   70.199   17.629  104.069   13.649    0.407966   -1.055021   -1.021995   -0.826183   -1.295936   -1.871978   -1.923785   -0.704227   -1.204517  -10.122   14.650    7.276 S_000010
