SEQUENCE: gaaaaaaaaaag
SCORE:     score    rna_stub_coord_hack       N_WC      N_NWC       N_BS description
REMARK RNA 
SCORE:    32.229                 32.229          0          1          3    S_000001
   1 H     0.000  170.252   55.279   86.927  171.907  -82.910   76.570   33.433  107.757  -99.477    0.345871   -1.351310   -0.605632   -0.794717   -1.546984   -1.592690   -1.840247   -0.654987   -1.252724    3.794    0.984    0.238 S_000001
   2 P    80.804 -161.687   58.294   82.130 -167.236  -97.671   61.789   38.583   90.157 -109.694    0.317573   -1.368221   -0.592397   -0.769766   -1.484858   -1.663960   -1.874316   -0.712552   -1.217715    8.961   -0.365   -0.545 S_000001
   3 P   165.278  167.371  175.594   83.822 -158.281  -75.127   89.459   36.330   91.172 -137.030    0.339110   -1.327173   -0.662258   -0.772025   -1.433257   -1.708364   -1.881501   -0.696938   -1.221572    9.853    4.175    4.683 S_000001
   4 P  -150.263  137.150  162.005   85.519 -143.757  -61.655   64.628   39.702   84.506   99.951    0.295141   -1.332554   -0.685537   -0.782837   -1.333764   -1.762805   -1.900101   -0.686617   -1.207950   10.684    8.463    9.765 S_000001
   5 N   -66.591  165.753   56.797   85.562 -161.896  -76.278   94.575   36.251   93.959 -138.557    0.324781   -1.346386   -0.636738   -0.792548   -1.467221   -1.674955   -1.879475   -0.684363   -1.224418   12.749   11.535   14.428 S_000001
   6 P   -69.535 -123.961   66.297  148.563  -83.573 -178.087  173.736  -37.717  156.726   88.565    0.326696   -0.105538   -1.465270   -0.758278   -1.051396   -1.937277   -1.936227   -0.700889   -1.187016   15.732   16.594   17.619 S_000001
   7 N   167.952 -167.959  154.203  145.211 -155.376 -167.633   19.536  -32.174  148.043  -55.599    0.332777   -0.133501   -1.484945   -0.828850   -0.980089   -2.013944   -1.953344   -0.695714   -1.205944   16.582   19.877   23.815 S_000001
   8 P   164.423 -126.231  176.251   91.863 -148.152  -95.447   90.726   36.141   94.787  -18.747    0.308216   -1.335123   -0.633984   -0.806988   -1.469271   -1.673926   -1.899392   -0.725780   -1.196649   17.675   23.641   29.701 S_000001
   9 P   -64.893  172.190   57.790   95.803 -134.061  -79.845   79.118   29.141   99.872   -8.487    0.370764   -1.223680   -0.815833   -0.800709   -1.363485   -1.776568   -1.911791   -0.697072   -1.204142   18.734   28.260   34.041 S_000001
  10 P  -104.992   88.618  177.754   82.417 -121.886  -80.657   64.057   38.551   91.501 -164.432    0.313053   -1.384569   -0.554767   -0.771836   -1.535574   -1.621459   -1.870118   -0.731888   -1.211532   18.940   31.111   39.138 S_000001
  11 P   -76.131  162.482   76.164   88.218 -135.814  -77.529   85.015   34.642   92.792  -12.485    0.335903   -1.311273   -0.685888   -0.791034   -1.430897   -1.705253   -1.887328   -0.704508   -1.203133   20.200   36.540   42.276 S_000001
  12 H   -67.407  171.078   57.872   74.858    0.000    0.000   71.670   43.616   88.897  161.481    0.274572   -1.460575   -0.365142   -0.760019   -1.631612   -1.484629   -1.841081   -0.778272   -1.198947   20.321   39.524   47.863 S_000001
SCORE:    31.983                 31.983          0          0          1    S_000002
   1 H     0.000  170.252   55.279   76.956 -178.797  -71.338   79.195   38.870   90.500  -72.607    0.294776   -1.411246   -0.490707   -0.790303   -1.598554   -1.551034   -1.862971   -0.754060   -1.184069    3.794    0.984    0.238 S_000002
   2 N     0.000 -178.222 -177.298 -274.263  241.322  -64.590   55.313   36.986   93.123  -17.473    0.323018   -1.356134   -0.609112   -0.784259   -1.486730   -1.657312   -1.879952   -0.700803   -1.218633    8.840   -0.159   -1.152 S_000002
   3 P  -136.198 -122.857 -158.492  106.180 -124.887  -76.026   74.874   19.311  100.658  168.675    0.405981   -1.001253   -1.074308   -0.820525   -1.157218   -1.951689   -1.924168   -0.645988   -1.229494    8.814    2.434    5.142 S_000002
   4 P  -133.435  121.623  159.513   84.107 -132.282  -83.506   67.169   34.547   94.201  -27.447    0.328492   -1.348144   -0.633645   -0.807308   -1.509568   -1.647897   -1.897709   -0.723428   -1.200444   11.645    5.841   10.048 S_000002
   5 P   -39.132 -128.014  178.683  148.423 -128.491 -161.176   82.490  -39.164  159.768  138.907    0.324895   -0.118877   -1.481124   -0.753142   -1.105909   -1.924168   -1.915263   -0.709937   -1.216600   14.218   10.574   13.732 S_000002
   6 P   -56.602  169.819   59.880  148.016 -135.011  178.478  120.148  -32.889  143.708  -19.080    0.344597   -0.101549   -1.481717   -0.800183   -0.950280   -2.028627   -1.919452   -0.736545   -1.187799   14.958   15.313   18.130 S_000002
   7 N  -161.449  -80.375 -167.755   89.297 -150.159  165.209  -87.153   31.046  106.885   18.642    0.339296   -1.337064   -0.665664   -0.840118   -1.530120   -1.624557   -1.899377   -0.689110   -1.219184   14.739   18.401   24.495 S_000002
   8 P   128.117 -166.032 -161.321   92.406 -136.225  -61.884   63.110   41.031   87.902  -22.327    0.260237   -1.335023   -0.702115   -0.796889   -1.321722   -1.803111   -1.925782   -0.646661   -1.246176   18.332   23.569   27.425 S_000002
   9 N   170.628 -165.875 -168.095   88.100 -146.025  -69.701   74.281   42.570   86.157  -18.932    0.269820   -1.368058   -0.613320   -0.764958   -1.393175   -1.735747   -1.891381   -0.711959   -1.210295   20.223   27.679   32.171 S_000002
  10 P   173.330 -176.176  173.161   89.236 -120.118 -113.526   66.601   30.578  105.566 -179.411    0.341486   -1.333597   -0.661409   -0.838980   -1.537240   -1.610372   -1.902227   -0.711169   -1.197381   21.630   31.011   37.880 S_000002
  11 P   171.747  153.395  159.041  148.712 -150.900 -143.856  163.298  -31.676  141.216  -34.261    0.335662   -0.099384   -1.482186   -0.823846   -0.920479   -2.044532   -1.934389   -0.708140   -1.198506   25.302   33.890   43.503 S_000002
  12 H    95.347 -128.138 -153.327   82.248    0.000    0.000   65.278   41.001   87.785 -129.471    0.272447   -1.375644   -0.572103   -0.784924   -1.458489   -1.670213   -1.862085   -0.668602   -1.230405   26.104   36.339   49.017 S_000002
SCORE:    31.830                 31.830          0          0          0    S_000003
   1 H     0.000  170.252   55.279  147.596  -79.151  101.112  118.517  -38.468  159.970   24.099    0.318394   -0.214798   -1.472424   -0.770277   -1.212812   -1.853728   -1.929645   -0.757727   -1.186783    3.794    0.984    0.238 S_000003
   2 P    55.268 -174.092   58.243  147.201 -104.221  -91.107  157.683  -37.359  157.664   83.697    0.325607   -0.155961   -1.482760   -0.777879   -1.116243   -1.916484   -1.929043   -0.726859   -1.196065    7.571    3.923    0.792 S_000003
   3 P  -176.305  137.307  171.043   85.565 -130.646 -105.768   74.681   34.485   99.287   -2.152    0.332425   -1.340365   -0.638706   -0.805513   -1.489131   -1.649123   -1.873865   -0.673556   -1.222220    3.272    4.964    6.328 S_000003
   4 P  -133.749 -135.407  144.310  130.845 -116.303 -178.649  121.579  -35.275  165.934  163.039    0.368044   -0.566274   -1.363413   -0.770648   -1.563835   -1.500435   -1.902733   -0.799223   -1.154475    1.396    2.805   13.028 S_000003
   5 P  -130.788 -163.391   60.253  137.194  -84.478  178.278  164.096  -28.816  150.256   14.607    0.370898   -0.357755   -1.431390   -0.817294   -1.207939   -1.869509   -1.942881   -0.701390   -1.197150    0.318    3.506   19.925 S_000003
   6 P   -56.602  169.819   59.880  148.016 -135.011  178.478  120.148  -32.889  143.708  -19.080    0.344597   -0.101549   -1.481717   -0.800183   -0.950280   -2.028627   -1.919452   -0.736545   -1.187799    0.172    4.211   26.166 S_000003
   7 P    61.738 -132.075  178.564  106.189 -171.343 -102.760  121.990   -5.332  145.988 -167.146    0.426240   -0.987668   -1.091600   -0.899221   -1.598564   -1.560373   -1.950124   -0.758656   -1.156180   -0.982    5.594   31.763 S_000003
   8 P   -99.409 -138.065   58.850   78.274   41.151  135.708  147.046   23.496  124.132 -120.642    0.344839   -1.399023   -0.493459   -0.930887   -1.771306   -1.260873   -1.803696   -0.640982   -1.242939   -4.481    3.760   37.588 S_000003
   9 P   164.582 -172.155 -177.961   81.839 -121.188  -67.685   55.563   37.901   94.530  -40.595    0.329303   -1.376646   -0.558737   -0.763218   -1.531940   -1.616400   -1.853665   -0.704182   -1.225149   -3.432    4.061   44.358 S_000003
  10 P  -165.001  161.303 -173.575  133.891 -106.070  178.271  117.532  -28.074  146.438 -179.088    0.378253   -0.295046   -1.451292   -0.812423   -1.111908   -1.949506   -1.943126   -0.708633   -1.198702   -5.429    8.211   49.420 S_000003
  11 P   105.521  156.804  148.628  159.247 -128.125 -110.056   82.304  -40.995  149.473 -171.489    0.270028    0.135892   -1.494581   -0.790297   -0.798343   -2.074916   -1.911233   -0.674598   -1.221385   -7.889    7.920   56.090 S_000003
  12 H   -57.261  175.014   48.870   80.378    0.000    0.000   79.006   38.618   90.592 -166.901    0.310071   -1.383924   -0.552292   -0.773593   -1.531160   -1.616602   -1.861950   -0.720985   -1.215067   -6.780    8.461   62.644 S_000003
SCORE:    29.222                 29.222          0          0          0    S_000004
   1 H     0.000  170.252   55.279   92.929  -55.539   81.727   99.584   30.943  100.022  -15.140    0.343727   -1.299428   -0.720117   -0.832917   -1.458976   -1.688346   -1.910670   -0.676980   -1.221703    3.794    0.984    0.238 S_000004
   2 N   -36.645 -169.862  148.400   84.954   59.837  110.260   33.415   32.147   96.803   39.609    0.346179   -1.228184   -0.819008   -0.813022   -1.288577   -1.815815   -1.917984   -0.641970   -1.225784    3.790    4.432   -0.072 S_000004
   3 P  -100.812  151.523   50.649   90.626 -158.155 -143.704  102.750   30.378   96.904   26.377    0.354334   -1.280429   -0.768735   -0.818259   -1.407454   -1.719481   -1.919097   -0.715270   -1.181877    2.857    7.933    4.783 S_000004
   4 P   166.345  136.515  176.959   87.298 -141.961  -85.985   88.233   36.289   90.829  -13.741    0.336751   -1.319590   -0.670557   -0.773868   -1.420417   -1.716763   -1.889689   -0.708570   -1.210282    5.612   11.524   10.537 S_000004
   5 P  -154.050  145.148  124.520   89.904 -156.931 -129.437   98.571   22.752  116.377   53.243    0.366115   -1.304268   -0.738772   -0.890164   -1.596323   -1.568220   -1.925176   -0.727709   -1.180955    9.838   13.085   15.849 S_000004
   6 P   145.559 -147.661 -179.920   89.636 -147.948 -121.251  142.316   19.265  124.361   72.826    0.378876   -1.314939   -0.680925   -0.895597   -1.696331   -1.431095   -1.862822   -0.708039   -1.208086   12.841   15.877   21.309 S_000004
   7 P   157.278 -175.483  178.629   85.426 -138.452  -53.300   63.895   32.085  103.738 -157.781    0.347715   -1.344365   -0.622039   -0.811413   -1.555694   -1.594049   -1.873769   -0.702627   -1.211519   15.892   19.308   26.813 S_000004
   8 N  -117.928  163.085  140.542   74.750 -128.345  -67.509   60.349   40.402   87.581  -19.436    0.267559   -1.415088   -0.468029   -0.794021   -1.570377   -1.532371   -1.895780   -0.772226   -1.165552   16.534   23.878   31.212 S_000004
   9 P  -165.123  123.315  171.991   87.033 -153.571  -59.887   73.452   35.136   95.198   -8.374    0.331756   -1.337775   -0.632899   -0.796073   -1.488319   -1.658809   -1.881383   -0.691431   -1.212719   16.734   27.998   36.720 S_000004
  10 N  -139.048  166.464  170.340   86.512 -154.158  -65.732   70.175   34.223   96.956   10.890    0.341865   -1.327089   -0.657684   -0.792520   -1.472840   -1.667874   -1.873415   -0.684865   -1.220649   16.686   31.972   41.979 S_000004
  11 P   179.384  109.463 -179.306   83.839 -158.740  -52.055  120.779   32.850   99.335   19.855    0.340501   -1.350176   -0.625714   -0.813365   -1.547777   -1.612043   -1.885995   -0.722023   -1.202003   18.714   36.387   46.920 S_000004
  12 H   145.807 -169.513 -178.933   84.682    0.000    0.000   60.363   36.958   94.758  -16.699    0.316882   -1.367820   -0.592797   -0.788052   -1.514177   -1.636135   -1.876742   -0.711478   -1.214355   18.900   40.157   51.894 S_000004
SCORE:    32.521                 32.521          0          0          0    S_000005
   1 H     0.000  170.252   55.279   84.581 -154.724  -62.704   82.484   34.860   94.734   21.974    0.335597   -1.333810   -0.648177   -0.798928   -1.473375   -1.670834   -1.892333   -0.693950   -1.217087    3.794    0.984    0.238 S_000005
   2 N     0.000  -85.740  108.516 -293.004  209.662 -103.987   72.069   50.861   88.627  179.925    0.202691   -1.503055   -0.143897   -0.712355   -1.736091   -1.342554   -1.762736   -0.781134   -1.203132    7.976   -0.296   -1.539 S_000005
   3 P   -75.644  168.083   67.814   90.941 -157.060 -127.340   91.236   30.922  102.656 -145.099    0.354641   -1.319354   -0.665360   -0.807874   -1.528183   -1.625955   -1.881488   -0.703515   -1.213541    9.590    2.893    3.904 S_000005
   4 N  -172.853 -176.879  154.982   85.334 -152.417  -63.053   65.917   37.285   95.556   72.588    0.310637   -1.342060   -0.627038   -0.796613   -1.444832   -1.678616   -1.872772   -0.654663   -1.228665    9.721    7.147    9.765 S_000005
   5 P   -83.573  -90.720 -178.796   82.286 -123.628  -41.509   32.695   37.653   94.936  -27.327    0.342094   -1.358522   -0.591534   -0.747083   -1.503553   -1.653197   -1.855274   -0.704676   -1.237170    8.851   11.586   14.752 S_000005
   6 N  -170.307  112.999  -95.177   98.190  109.664  109.088  -53.120  -22.458  146.151   43.704    0.458845   -0.235087   -1.444238   -0.774511   -0.913551   -2.044484   -1.902210   -0.692072   -1.217429   12.977   11.707   19.903 S_000005
   7 P  -154.050  145.148  124.520   89.904 -156.931 -129.437   98.571   22.752  116.377   53.243    0.366115   -1.304268   -0.738772   -0.890164   -1.596323   -1.568220   -1.925176   -0.727709   -1.180955   14.843   17.852   22.121 S_000005
   8 P    69.147  168.508  -47.744  150.543 -148.343 -142.366  171.938  -32.034  145.911   71.933    0.339556   -0.069758   -1.491340   -0.820604   -0.887048   -2.048544   -1.926939   -0.666372   -1.215392   18.002   23.094   24.724 S_000005
   9 P   171.747  153.395  159.041  148.712 -150.900 -143.856  163.298  -31.676  141.216  -34.261    0.335662   -0.099384   -1.482186   -0.823846   -0.920479   -2.044532   -1.934389   -0.708140   -1.198506   19.507   27.334   30.512 S_000005
  10 P  -171.683  150.567  158.405   86.589 -114.846 -110.635  130.117   15.638  130.615   37.393    0.367847   -1.318887   -0.687781   -0.936999   -1.752471   -1.366717   -1.880904   -0.733340   -1.188375   22.519   30.298   36.389 S_000005
  11 N   167.952 -167.959  154.203  145.211 -155.376 -167.633   19.536  -32.174  148.043  -55.599    0.332777   -0.133501   -1.484945   -0.828850   -0.980089   -2.013944   -1.953344   -0.695714   -1.205944   22.463   34.009   42.483 S_000005
  12 H   -61.513  177.112   49.760   82.523    0.000    0.000   80.758   38.368   93.722  179.925    0.310757   -1.385574   -0.548095   -0.779108   -1.537892   -1.609140   -1.863322   -0.712604   -1.216543   24.030   36.506   48.301 S_000005
SCORE:    30.636                 30.636          0          0          3    S_000006
   1 H     0.000  170.252   55.279   78.970  169.543  -66.063   83.601   37.588   94.199  -58.582    0.307541   -1.376375   -0.572227   -0.797780   -1.531618   -1.631889   -1.860504   -0.682157   -1.237147    3.794    0.984    0.238 S_000006
   2 P   -16.457 -119.440  174.429  114.203  167.265   44.811   95.429   13.686  105.540  -74.190    0.391376   -0.822613   -1.231691   -0.883368   -0.952902   -2.051604   -1.969900   -0.721979   -1.173741    8.607    1.532   -1.475 S_000006
   3 N   162.851 -174.181  174.872   89.117 -135.686  -80.471   74.982   34.691   91.621  -18.571    0.348335   -1.303500   -0.710850   -0.781973   -1.406205   -1.739385   -1.894539   -0.695738   -1.212818    8.535    5.040    3.953 S_000006
   4 P   178.363  159.803  161.213   89.497 -120.228  -82.484   60.039   35.920   90.861  -15.525    0.335843   -1.293218   -0.723787   -0.781309   -1.358486   -1.768889   -1.909203   -0.706088   -1.208672    8.811    9.151    9.657 S_000006
   5 P  -177.185 -173.566  155.371  145.456  -98.754  179.352  138.838  -24.197  141.689  170.602    0.366879   -0.185448   -1.467973   -0.847005   -0.869502   -2.069646   -1.938630   -0.653402   -1.218242   12.813   11.107   14.968 S_000006
   6 P   157.640 -167.900  179.349   80.448 -111.969  -84.009 -123.640   32.443  113.227   92.207    0.323035   -1.406967   -0.501770   -0.850370   -1.681582   -1.456367   -1.812779   -0.666700   -1.250646   15.562   13.274   21.143 S_000006
   7 P   -71.409  163.072   88.916  129.689 -115.676 -168.510  103.969  -27.373  151.463 -158.189    0.375027   -0.488612   -1.399569   -0.832328   -1.348614   -1.777614   -1.951482   -0.749221   -1.158968   18.477   17.399   25.113 S_000006
   8 P   149.773 -156.144  176.474   82.777 -155.799  -84.417   85.097   38.273   91.188  109.933    0.325799   -1.359624   -0.601698   -0.762572   -1.475146   -1.669392   -1.863222   -0.693642   -1.226962   21.478   21.908   29.809 S_000006
   9 P   -70.392 -168.786   67.400  152.714  -79.917 -130.447  140.795  -39.652  156.097   50.861    0.325405   -0.132539   -1.474602   -0.745567   -1.130274   -1.890448   -1.904953   -0.748656   -1.182195   23.840   25.719   34.576 S_000006
  10 P   -87.787  177.868   72.488  125.142 -164.828 -151.898  111.548  -19.213  150.164  -29.735    0.411216   -0.574601   -1.357123   -0.857597   -1.302692   -1.814919   -1.954673   -0.693383   -1.189634   25.470   30.554   39.310 S_000006
  11 N   156.206 -167.738 -170.879   84.580 -144.625  -58.211   59.260   35.291  101.679  -13.494    0.327934   -1.371793   -0.583068   -0.794657   -1.553461   -1.596619   -1.845835   -0.684503   -1.254648   25.278   34.735   45.111 S_000006
  12 H   -68.010  175.615   54.760   78.911    0.000    0.000   72.992   40.088   92.448  -22.608    0.302035   -1.406925   -0.493033   -0.765869   -1.570233   -1.574411   -1.849258   -0.722561   -1.217154   24.341   38.797   49.529 S_000006
SCORE:    30.699                 30.699          0          0          3    S_000007
   1 H     0.000  170.252   55.279   81.793  177.515  -73.299   84.588   35.312   97.611  -73.400    0.322375   -1.396479   -0.495595   -0.800525   -1.638697   -1.496244   -1.861308   -0.762778   -1.180330    3.794    0.984    0.238 S_000007
   2 N   -23.732  161.087  174.712   83.859 -113.221 -104.065   88.538   36.409   99.071  170.718    0.307986   -1.385900   -0.549559   -0.811254   -1.562662   -1.576397   -1.867310   -0.703044   -1.213529    8.787    0.010   -0.756 S_000007
   3 P  -177.185 -173.566  155.371  145.456  -98.754  179.352  138.838  -24.197  141.689  170.602    0.366879   -0.185448   -1.467973   -0.847005   -0.869502   -2.069646   -1.938630   -0.653402   -1.218242    9.980    4.743    4.482 S_000007
   4 P   147.134 -168.848  174.551   84.578 -147.110  -72.890   70.254   33.977   96.687  -24.297    0.349584   -1.331002   -0.659733   -0.788648   -1.484050   -1.669911   -1.886169   -0.707459   -1.211906   11.386    8.330   10.426 S_000007
   5 P  -170.283  161.190 -176.306  140.990 -163.860 -102.059  133.153  -32.306  149.951  165.152    0.350717   -0.168927   -1.477787   -0.803819   -1.029144   -1.981828   -1.933928   -0.657356   -1.225843   11.164   12.325   16.058 S_000007
   6 P   131.323 -172.365 -165.198   81.904 -159.485  -53.476   75.696   37.026   95.554   71.890    0.344578   -1.372737   -0.555252   -0.748434   -1.556579   -1.599391   -1.832656   -0.719597   -1.222243   12.165   17.269   20.404 S_000007
   7 P  -168.839  121.189 -176.246   84.421 -162.310  -96.356  108.244   34.304  106.356  -23.636    0.327894   -1.391748   -0.518664   -0.809234   -1.631897   -1.506085   -1.823324   -0.679514   -1.237292   12.085   22.938   23.933 S_000007
   8 P   -77.749  162.236   65.363   93.269 -120.401 -146.586  119.656   32.089   95.898  179.919    0.344750   -1.274291   -0.768810   -0.817985   -1.373141   -1.756250   -1.910990   -0.659191   -1.224390   14.659   26.210   28.585 S_000007
   9 P   117.935 -136.958  162.437  144.666  -97.088  134.124   84.122  -35.353  159.457   20.434    0.327448   -0.241090   -1.464698   -0.804626   -1.184865   -1.859172   -1.945209   -0.712335   -1.193717   15.605   31.439   32.694 S_000007
  10 P   154.934 -137.493  162.540   84.636 -119.218  -64.662   59.672   37.572   89.550  -18.242    0.323842   -1.340015   -0.643037   -0.777843   -1.432390   -1.704441   -1.890910   -0.700922   -1.214410   18.624   35.047   37.126 S_000007
  11 P   -61.236 -144.081   67.298  141.205  -83.161  175.647  156.045  -26.613  152.071   69.787    0.411481   -0.165229   -1.462398   -0.796345   -0.904956   -2.034850   -1.928766   -0.649169   -1.234321   19.688   39.809   41.571 S_000007
  12 H   -59.407 -167.853   42.176   82.046    0.000    0.000   77.598   35.846   92.017  -73.102    0.318716   -1.354932   -0.615006   -0.800825   -1.503530   -1.644127   -1.894255   -0.731389   -1.190797   22.483   43.206   46.097 S_000007
SCORE:    31.642                 31.642          0          0          2    S_000008
   1 H     0.000  170.252   55.279   96.017  158.889  -87.729  123.712    5.242  137.062  139.504    0.419826   -1.118750   -0.955830   -0.906347   -1.606516   -1.551548   -1.939919   -0.735455   -1.169827    3.794    0.984    0.238 S_000008
   2 N    56.934 -178.628   57.725   94.628   50.935  147.073   96.798   22.691  103.535   53.375    0.421820   -1.117502   -0.945682   -0.809555   -1.279508   -1.836961   -1.925424   -0.679122   -1.211046    9.041    0.398    0.183 S_000008
   3 P   -80.879 -179.862   79.559  111.255 -139.643  -76.480   76.250    4.777  118.477    2.534    0.430453   -0.952388   -1.110152   -0.846902   -1.385638   -1.801670   -1.930007   -0.732853   -1.182495   10.801    5.515    4.186 S_000008
   4 P   -66.973  173.475   68.286  137.907  -77.343  141.002  117.624  -17.512  137.272    4.519    0.452995   -0.419113   -1.378158   -0.806682   -1.063678   -1.954233   -1.924759   -0.651630   -1.215380   11.788    6.617   10.336 S_000008
   5 P   161.412 -125.331  164.582   82.946 -111.459  -64.577   56.588   36.038   96.548  -15.222    0.329756   -1.361342   -0.595950   -0.790617   -1.517607   -1.628945   -1.873966   -0.701674   -1.215306   12.146    9.838   16.025 S_000008
   6 N   -97.944  144.143  116.364  107.390 -146.299  170.116   62.722   -5.024  141.666   18.042    0.428033   -0.968284   -1.110263   -0.900109   -1.566329   -1.597061   -1.953408   -0.750813   -1.156653   15.246   13.323   20.045 S_000008
   7 P   152.804  179.450  178.912   87.198 -154.572  -78.725   73.493   37.836   90.078  169.479    0.323288   -1.361977   -0.597100   -0.768408   -1.488119   -1.654360   -1.884994   -0.739724   -1.191211   16.541   17.984   25.317 S_000008
   8 P   132.201 -170.136  172.043   82.935 -174.144  -99.458  113.946   35.506  102.658  -57.807    0.296716   -1.397482   -0.505598   -0.833698   -1.628991   -1.513709   -1.843882   -0.692077   -1.232421   18.180   21.457   30.497 S_000008
   9 P   -66.879  175.877   42.777  106.507 -169.227 -102.279   95.320   12.598  112.221 -152.708    0.411186   -1.049045   -1.027559   -0.849382   -1.387630   -1.805285   -1.938393   -0.717014   -1.198510   18.875   24.400   35.940 S_000008
  10 P  -141.103   93.426  169.495   91.069 -150.020  -92.359   62.089   37.264   87.277  136.929    0.317046   -1.318105   -0.686127   -0.788078   -1.384274   -1.745631   -1.907231   -0.711992   -1.202040   19.991   26.209   42.059 S_000008
  11 P   149.014 -155.242 -178.126   84.779 -102.452 -121.172   63.331   34.511  100.273 -173.612    0.341870   -1.354035   -0.615372   -0.789933   -1.534865   -1.629441   -1.860365   -0.683078   -1.232961   21.156   29.917   47.428 S_000008
  12 H   -66.002 -159.307   60.975   82.015    0.000    0.000   62.686   39.004   91.431   74.683    0.317759   -1.369485   -0.583459   -0.762479   -1.482772   -1.658308   -1.860246   -0.694756   -1.230540   23.563   32.371   53.542 S_000008
SCORE:    31.063                 31.063          0          0          0    S_000009
   1 H     0.000  170.252   55.279  112.114  -50.233  100.032  142.152    7.620  134.238  -12.482    0.408427   -1.051404   -1.049250   -0.920999   -1.432612   -1.708802   -1.954475   -0.622872   -1.227042    3.794    0.984    0.238 S_000009
   2 N   -37.987  132.853  155.700   88.867 -122.801  160.895 -120.951   31.782   91.930   33.356    0.348884   -1.284276   -0.743392   -0.811356   -1.417925   -1.729206   -1.915017   -0.729358   -1.188982    6.933    3.508    0.454 S_000009
   3 P    33.400  115.367  -57.040  149.192 -156.513 -131.324  133.687  -27.868  133.092  179.926    0.361442   -0.032465   -1.487833   -0.834641   -0.743062   -2.128616   -1.899405   -0.715413   -1.202531    7.795    0.565    6.036 S_000009
   4 N  -178.810  153.055  135.770  106.704 -138.327 -112.358  127.377   22.478   87.323  -11.418    0.409131   -0.973460   -1.098711   -0.809248   -1.028300   -2.013690   -1.923910   -0.665663   -1.225656    8.055    2.536   13.024 S_000009
   5 P   -82.522 -173.901   50.300  139.055 -115.199  179.062  149.082  -32.367  151.652  165.711    0.349502   -0.343881   -1.444356   -0.804139   -1.257945   -1.837809   -1.936483   -0.771964   -1.159998    9.042    4.716   19.532 S_000009
   6 P  -167.631  177.125   63.936  148.721 -114.320  176.453   96.592  -39.276  160.663  -80.184    0.315889   -0.217056   -1.474414   -0.766409   -1.232285   -1.836424   -1.924195   -0.750433   -1.184996    8.933    8.597   25.405 S_000009
   7 P   -62.035 -173.359   43.652   82.229 -152.971  -71.747   84.631   35.528   95.354  179.254    0.329937   -1.345880   -0.627787   -0.794351   -1.489745   -1.656191   -1.888675   -0.705168   -1.210587    9.773   11.398   31.053 S_000009
   8 N   -26.065 -130.630  172.007  146.335 -141.275 -135.325   80.380  -33.279  151.090  147.354    0.335607   -0.153277   -1.484134   -0.814503   -1.030406   -1.984215   -1.942102   -0.701556   -1.201120   10.967   16.270   34.415 S_000009
   9 P   -82.645 -177.969   72.751  145.260 -157.503 -148.229  111.875  -38.545  157.429  -12.075    0.322205   -0.223436   -1.480851   -0.764697   -1.222995   -1.851784   -1.919902   -0.771160   -1.168755   10.732   18.984   40.759 S_000009
  10 N  -175.101 -147.674  159.572  141.718  176.133  146.872   62.364  -31.811 -103.226   76.911    0.331832   -0.177856   -1.485199   -0.843536   -1.029654   -1.962328   -1.977627   -0.691472   -1.204184    9.163   20.368   47.720 S_000009
  11 P   -91.489 -171.862   60.190  151.408 -141.915  146.948  126.268  -35.959  150.845  170.483    0.328252   -0.054211   -1.490136   -0.790867   -0.952189   -2.007261   -1.913874   -0.676102   -1.216425    9.653   23.626   53.613 S_000009
  12 H   -70.704  169.662   59.426   74.179    0.000    0.000   71.528   44.757   88.417  -21.365    0.277749   -1.421586   -0.350014   -0.723380   -1.583789   -1.475549   -1.768080   -0.665188   -1.216377   12.582   25.074   58.509 S_000009
SCORE:    32.207                 32.207          0          0          0    S_000010
   1 H     0.000  170.252   55.279   83.667 -168.807  -83.316   86.205   35.350   91.532  -68.840    0.333857   -1.331754   -0.659688   -0.791953   -1.462603   -1.694031   -1.895267   -0.717964   -1.205646    3.794    0.984    0.238 S_000010
   2 P    38.664 -161.620   84.984   91.875 -138.357 -153.701   81.092   33.743  103.352  -28.645    0.344334   -1.333705   -0.637180   -0.792296   -1.500570   -1.633879   -1.838883   -0.638341   -1.248848    8.828   -0.631   -1.356 S_000010
   3 N   -72.054  172.480   63.513   89.397 -163.179  -67.446   77.043   33.162   96.863 -132.352    0.344523   -1.303752   -0.714685   -0.804000   -1.430471   -1.717718   -1.904319   -0.686325   -1.220442   10.598    2.232    4.386 S_000010
   4 N  -174.783  120.716  177.399  150.472 -127.479 -150.643  -46.738  -38.379  156.036  172.165    0.295515   -0.075973   -1.493365   -0.801078   -1.032701   -1.963612   -1.942754   -0.690149   -1.211052   11.446    7.162    9.044 S_000010
   5 N   100.630 -146.615  167.141   73.250   70.882   84.625  -52.756   42.563   83.907   25.074    0.316723   -1.348285   -0.629861   -0.713961   -1.353488   -1.755672   -1.865594   -0.703294   -1.227152   12.948   10.344   14.698 S_000010
   6 N   140.751   78.375  147.908   85.219 -139.919 -122.587   67.224   27.161  117.339 -128.645    0.327420   -1.390343   -0.558417   -0.896324   -1.706978   -1.419161   -1.868152   -0.719232   -1.199857   14.467   12.416   20.321 S_000010
   7 P   -76.230 -159.262   48.649   86.104 -163.574  -67.882   95.774   34.585   96.622  -25.896    0.342281   -1.334495   -0.651033   -0.792017   -1.480380   -1.669675   -1.884617   -0.695282   -1.218587   13.961   15.454   26.629 S_000010
   8 P  -133.435  121.623  159.513   84.107 -132.282  -83.506   67.169   34.547   94.201  -27.447    0.328492   -1.348144   -0.633645   -0.807308   -1.509568   -1.647897   -1.897709   -0.723428   -1.200444   16.319   19.426   30.859 S_000010
   9 N  -148.162  164.915  118.385  145.355 -109.323 -178.043  158.161  -25.949  134.973  153.436    0.357113   -0.162484   -1.477571   -0.854725   -0.883260   -2.080780   -1.943630   -0.688761   -1.201220   17.837   24.107   35.829 S_000010
  10 P   156.514 -176.414  170.719   82.712 -127.414  -75.307   65.799   40.084   89.848  -23.980    0.315304   -1.369360   -0.582570   -0.750143   -1.465773   -1.674744   -1.866737   -0.719037   -1.215051   18.689   28.217   41.624 S_000010
  11 N   -51.950 -158.681   68.343  149.159  -85.796 -116.840  101.826  -35.872  154.688   25.035    0.333848   -0.134222   -1.479415   -0.782706   -1.057561   -1.956975   -1.927337   -0.689260   -1.215309   20.870   32.677   45.895 S_000010
  12 H   -70.295  177.181   56.048   85.334    0.000    0.000   74.199   36.241   95.378  158.678    0.310223   -1.358047   -0.585950   -0.805604   -1.517560   -1.617548   -1.871920   -0.694138   -1.212866   22.224   39.152   47.715 S_000010
