SEQUENCE: gaaaaaaaag
SCORE:     score    rna_stub_coord_hack       N_WC      N_NWC       N_BS description
REMARK RNA 
SCORE:    34.523                 34.523          0          0          0    S_000001
   1 H     0.000  170.252   55.279   81.934 -150.953  -67.129   79.990   35.852   96.469  -17.643    0.319487   -1.381973   -0.566067   -0.800776   -1.567509   -1.588857   -1.869871   -0.721873   -1.205127    3.794    0.984    0.238 S_000001
   2 P   139.901 -101.394 -178.561  141.920 -123.942 -144.089   80.191  -30.931  156.102   31.126    0.358691   -0.354753   -1.434289   -0.818117   -1.244867   -1.828128   -1.948415   -0.714488   -1.176518    5.758   -3.526   -2.278 S_000001
   3 P  -173.910 -150.992  149.500  127.998 -128.911 -142.558   91.482   -6.193  136.127   15.787    0.408280   -0.788743   -1.262842   -0.923571   -1.317920   -1.806812   -1.984235   -0.740556   -1.116661    7.313  -10.491   -0.573 S_000001
   4 N    44.994 -140.443  -77.693   86.652 -153.969  -71.324  -90.491   35.782   92.566   77.413    0.325218   -1.320044   -0.689367   -0.797073   -1.410520   -1.725268   -1.851862   -0.640939   -1.261248    7.440  -16.562    0.505 S_000001
   5 P   -63.250  175.683   65.794  149.949 -131.110 -149.590  116.670  -46.360  165.701  151.659    0.291047   -0.023190   -1.497427   -0.685692   -1.116595   -1.889345   -1.874813   -0.741826   -1.205416    7.953  -21.614    3.938 S_000001
   6 N   167.952 -167.959  154.203  145.211 -155.376 -167.633   19.536  -32.174  148.043  -55.599    0.332777   -0.133501   -1.484945   -0.828850   -0.980089   -2.013944   -1.953344   -0.695714   -1.205944    8.785  -28.427    6.483 S_000001
   7 P   145.834  169.864  160.515  116.771 -150.825  -95.969  116.851    6.639  112.778  -49.780    0.428419   -0.827735   -1.201961   -0.850477   -1.142936   -1.957796   -1.955336   -0.681649   -1.210816    8.591  -35.515    8.132 S_000001
   8 P   -55.557 -138.518   45.590  140.956 -100.774 -174.752  -41.138  -35.343  167.214 -178.849    0.326764   -0.478423   -1.416040   -0.811774   -1.465499   -1.628528   -1.944494   -0.796561   -1.144110    7.779  -42.157    8.825 S_000001
   9 P   108.246 -153.137  175.954  125.504  -78.386 -151.910  157.518  -34.516  169.390  179.923    0.351862   -0.530561   -1.392292   -0.793275   -1.516755   -1.590027   -1.910937   -0.740572   -1.194142    9.215  -47.666   12.601 S_000001
  10 H  -157.955  103.784  173.282  113.150    0.000    0.000   69.206   13.633  101.791    0.509    0.420544   -0.927401   -1.125964   -0.830942   -1.160872   -1.951159   -1.935834   -0.700807   -1.202588    8.167  -51.573   17.648 S_000001
SCORE:    34.493                 34.493          0          1          1    S_000002
   1 H     0.000  170.252   55.279   89.471 -155.498  -57.382   64.807   32.702   97.610  -19.981    0.334647   -1.318959   -0.669145   -0.820931   -1.487970   -1.661607   -1.907325   -0.722152   -1.191082    3.794    0.984    0.238 S_000002
   2 P   105.521  156.804  148.628  159.247 -128.125 -110.056   82.304  -40.995  149.473 -171.489    0.270028    0.135892   -1.494581   -0.790297   -0.798343   -2.074916   -1.911233   -0.674598   -1.221385    6.796   -3.715   -2.787 S_000002
   3 N  -175.101 -147.674  159.572  141.718  176.133  146.872   62.364  -31.811 -103.226   76.911    0.331832   -0.177856   -1.485199   -0.843536   -1.029654   -1.962328   -1.977627   -0.691472   -1.204184    6.937  -10.382   -0.232 S_000002
   4 P  -173.910 -150.992  149.500  127.998 -128.911 -142.558   91.482   -6.193  136.127   15.787    0.408280   -0.788743   -1.262842   -0.923571   -1.317920   -1.806812   -1.984235   -0.740556   -1.116661    8.122  -16.918    2.653 S_000002
   5 N  -175.892  156.188  156.478   83.886 -138.147  -59.561   62.396   30.267  100.304  -18.903    0.356262   -1.310652   -0.690545   -0.814152   -1.515858   -1.645970   -1.890391   -0.720789   -1.206949    9.781  -23.820    4.350 S_000002
   6 P   153.576 -137.498 -175.281   83.857 -102.787 -103.937   50.086   29.192  107.047  -14.087    0.360236   -1.330018   -0.656551   -0.827896   -1.577528   -1.591584   -1.886986   -0.727617   -1.202004    7.890  -28.582    7.542 S_000002
   7 P   -88.210 -128.639   59.911  145.045  -79.693  111.580  160.066  -25.834  138.441 -154.704    0.394134   -0.081609   -1.475606   -0.826108   -0.770294   -2.098875   -1.916311   -0.664154   -1.216319    5.466  -34.812    9.989 S_000002
   8 P    83.922  155.779  172.347  150.835 -109.404 -100.633  -46.095  -39.295  159.270 -110.432    0.315190   -0.142798   -1.487833   -0.765905   -1.137976   -1.900967   -1.919913   -0.741333   -1.190146    6.128  -40.157   12.106 S_000002
   9 N  -173.868 -178.616  179.685   86.902 -146.045  -72.431   81.778   39.756   88.577  -12.629    0.302540   -1.355778   -0.621490   -0.770300   -1.422934   -1.707921   -1.886028   -0.702878   -1.216575    4.119  -46.729   14.036 S_000002
  10 H   -64.981  178.981   47.605   79.426    0.000    0.000   77.627   38.253   91.218  179.892    0.318626   -1.377880   -0.560136   -0.769790   -1.525281   -1.621439   -1.866258   -0.717680   -1.215066    2.507  -52.678   15.275 S_000002
SCORE:    34.568                 34.568          0          1          0    S_000003
   1 H     0.000  170.252   55.279   80.146 -147.827  -58.663   77.014   38.543   97.147  -29.448    0.305202   -1.404086   -0.497806   -0.784550   -1.583962   -1.552505   -1.841090   -0.696265   -1.228976    3.794    0.984    0.238 S_000003
   2 P    51.708  166.016  165.802  144.117 -158.911  172.559 -116.298  -36.379  164.491  -35.030    0.332415   -0.279857   -1.462557   -0.789069   -1.253212   -1.810639   -1.936782   -0.713043   -1.201460    6.598   -3.464   -1.911 S_000003
   3 N   172.456 -130.437  158.420   78.660 -135.778  -75.363   57.224   32.947   95.764   77.415    0.211288   -1.387525   -0.692491   -1.040100   -1.517440   -1.711301   -2.027997   -0.661007   -1.207277    7.530  -10.210    0.292 S_000003
   4 P   -67.400 -156.253   70.385   89.207 -165.347 -142.424  149.312   31.170   95.376  179.958    0.339723   -1.283862   -0.739249   -0.826225   -1.443552   -1.722588   -1.912729   -0.711481   -1.205233    8.835  -15.731    3.837 S_000003
   5 P    97.044 -159.469  179.707  155.744  -97.613 -167.920  -41.320  -40.876  161.823 -176.176    0.303889   -0.071282   -1.489084   -0.757469   -1.076729   -1.923939   -1.915183   -0.715022   -1.208509    7.841  -21.644    6.305 S_000003
   6 P   145.834  169.864  160.515  116.771 -150.825  -95.969  116.851    6.639  112.778  -49.780    0.428419   -0.827735   -1.201961   -0.850477   -1.142936   -1.957796   -1.955336   -0.681649   -1.210816    8.526  -28.568    8.150 S_000003
   7 N  -148.022  144.508 -177.617   93.488 -141.099  -71.036   13.511   23.881  123.218   -7.754    0.352280   -1.397577   -0.511532   -0.899902   -1.787483   -1.297851   -1.871512   -0.779200   -1.153331    9.008  -35.179   10.171 S_000003
   8 P  -125.086  145.493   69.963   84.203 -158.058 -123.195  168.515   36.291   95.165  143.628    0.305273   -1.413075   -0.506265   -0.815956   -1.633501   -1.528120   -1.891014   -0.787768   -1.165172    7.677  -41.569   10.423 S_000003
   9 P   -53.426  167.329   65.141  115.360 -113.777 -159.626   97.404   -5.403  134.937   56.068    0.427600   -0.829890   -1.204746   -0.881835   -1.388628   -1.769707   -1.954577   -0.702966   -1.187770    9.035  -47.350   12.677 S_000003
  10 H  -108.007 -154.940   85.131   82.437    0.000    0.000   59.771   35.073   94.048   50.692    0.339349   -1.318756   -0.671624   -0.781918   -1.446538   -1.700059   -1.854062   -0.657669   -1.236035    7.255  -53.273   16.180 S_000003
SCORE:    34.627                 34.627          0          0          1    S_000004
   1 H     0.000  170.252   55.279   80.371 -156.918  -68.061   73.413   38.999   92.852  179.912    0.310228   -1.400837   -0.502963   -0.770446   -1.577338   -1.568946   -1.850717   -0.724469   -1.213079    3.794    0.984    0.238 S_000004
   2 N    76.983  117.733 -176.512   84.812 -145.794  -58.245   60.934   36.078   94.321 -163.913    0.327493   -1.353570   -0.617417   -0.791165   -1.491185   -1.650495   -1.877360   -0.699345   -1.215167    6.695   -3.525   -2.764 S_000004
   3 N  -148.162  164.915  118.385  145.355 -109.323 -178.043  158.161  -25.949  134.973  153.436    0.357113   -0.162484   -1.477571   -0.854725   -0.883260   -2.080780   -1.943630   -0.688761   -1.201220    6.515   -9.557    0.054 S_000004
   4 N   154.001 -151.352 -179.891   82.407 -120.265  -97.432   73.456   36.108   93.428  -28.641    0.344713   -1.332998   -0.644622   -0.766566   -1.453473   -1.682803   -1.865678   -0.702813   -1.218244    8.456  -15.976    2.425 S_000004
   5 P   171.747  153.395  159.041  148.712 -150.900 -143.856  163.298  -31.676  141.216  -34.261    0.335662   -0.099384   -1.482186   -0.823846   -0.920479   -2.044532   -1.934389   -0.708140   -1.198506    6.836  -22.289    5.500 S_000004
   6 N   -82.271  172.114   71.616   80.521 -160.375  -99.196   70.829   44.016   88.946  179.870    0.249433   -1.421755   -0.466358   -0.764929   -1.531784   -1.596253   -1.827971   -0.670077   -1.241417    6.644  -28.811    7.118 S_000004
   7 N   167.952 -167.959  154.203  145.211 -155.376 -167.633   19.536  -32.174  148.043  -55.599    0.332777   -0.133501   -1.484945   -0.828850   -0.980089   -2.013944   -1.953344   -0.695714   -1.205944    5.593  -34.603   10.745 S_000004
   8 N   164.574  140.911   57.641  152.550  -93.816   88.804  100.115  -41.045  160.149  -75.350    0.302987   -0.075098   -1.488699   -0.754677   -1.085660   -1.927120   -1.915106   -0.701739   -1.218147    6.027  -41.135   13.937 S_000004
   9 N   142.531 -133.070  155.122   84.070 -126.958  -78.167   53.380   33.395   92.183 -154.433    0.362469   -1.276649   -0.753847   -0.780352   -1.371336   -1.768302   -1.906329   -0.706404   -1.209605    7.075  -45.676   16.523 S_000004
  10 H   -42.210  161.501   50.967   86.378    0.000    0.000   73.940   33.005  103.186 -106.716    0.346439   -1.340122   -0.623922   -0.805176   -1.526779   -1.609876   -1.862237   -0.680103   -1.222758    6.599  -51.341   18.496 S_000004
SCORE:    33.656                 33.656          0          1          0    S_000005
   1 H     0.000  170.252   55.279   78.824 -158.232  -62.956   70.088   43.511   87.432  164.253    0.271279   -1.423557   -0.458062   -0.754754   -1.546174   -1.586604   -1.844373   -0.708913   -1.226944    3.794    0.984    0.238 S_000005
   2 P    74.240 -128.552 -161.187   83.237 -118.534  -95.836   73.351   48.189   83.011  -22.390    0.235106   -1.426428   -0.474475   -0.716910   -1.454230   -1.665172   -1.827346   -0.670866   -1.245725    7.244   -2.161   -0.872 S_000005
   3 N   167.952 -167.959  154.203  145.211 -155.376 -167.633   19.536  -32.174  148.043  -55.599    0.332777   -0.133501   -1.484945   -0.828850   -0.980089   -2.013944   -1.953344   -0.695714   -1.205944    8.433   -8.636    1.452 S_000005
   4 P   148.018 -159.875 -170.615   87.549 -119.792 -112.836  138.540   18.188  129.368 -128.410    0.355368   -1.375549   -0.603355   -0.943437   -1.797650   -1.296900   -1.849026   -0.736252   -1.191218    8.836  -14.083    6.019 S_000005
   5 P  -166.924 -154.036  159.889   90.332 -178.658 -136.635   73.477   26.413  115.255    3.673    0.345049   -1.323606   -0.689620   -0.882069   -1.572952   -1.568229   -1.923026   -0.712384   -1.176451    8.145  -20.871    8.396 S_000005
   6 P   -64.526  171.306   59.084   85.494 -157.090  -63.270  101.987   34.404   96.223   -8.382    0.330413   -1.350385   -0.619829   -0.807223   -1.521465   -1.629447   -1.893088   -0.722971   -1.201374   10.564  -26.560    9.958 S_000005
   7 N  -148.022  144.508 -177.617   93.488 -141.099  -71.036   13.511   23.881  123.218   -7.754    0.352280   -1.397577   -0.511532   -0.899902   -1.787483   -1.297851   -1.871512   -0.779200   -1.153331   10.466  -32.659   12.453 S_000005
   8 P   171.747  153.395  159.041  148.712 -150.900 -143.856  163.298  -31.676  141.216  -34.261    0.335662   -0.099384   -1.482186   -0.823846   -0.920479   -2.044532   -1.934389   -0.708140   -1.198506   11.758  -39.300   14.051 S_000005
   9 P   173.330 -176.176  173.161   89.236 -120.118 -113.526   66.601   30.578  105.566 -179.411    0.341486   -1.333597   -0.661409   -0.838980   -1.537240   -1.610372   -1.902227   -0.711169   -1.197381   12.285  -45.674   17.577 S_000005
  10 H   -66.738  178.577   46.972   83.569    0.000    0.000   83.078   39.372   92.113  -13.435    0.309356   -1.370135   -0.576432   -0.758794   -1.487395   -1.652007   -1.866536   -0.715652   -1.212795   14.163  -52.061   19.101 S_000005
SCORE:    34.544                 34.544          0          1          1    S_000006
   1 H     0.000  170.252   55.279   79.808 -152.387  -68.605   84.863   35.459   97.580  179.927    0.338630   -1.367798   -0.579674   -0.786866   -1.542357   -1.598463   -1.856348   -0.699616   -1.223227    3.794    0.984    0.238 S_000006
   2 P    97.873 -130.195 -151.056   83.286 -141.425  -66.756   82.171   38.371   90.585  159.835    0.327039   -1.349192   -0.598687   -0.756801   -1.456800   -1.662317   -1.850497   -0.666026   -1.241665    6.977   -2.783   -1.379 S_000006
   3 P   145.834  169.864  160.515  116.771 -150.825  -95.969  116.851    6.639  112.778  -49.780    0.428419   -0.827735   -1.201961   -0.850477   -1.142936   -1.957796   -1.955336   -0.681649   -1.210816    8.815   -9.132   -0.368 S_000006
   4 P  -131.963  111.649  148.854   88.026 -136.731  -70.473   74.180   34.837   90.415  169.627    0.331994   -1.285485   -0.749691   -0.802246   -1.347360   -1.777932   -1.920759   -0.695904   -1.206415    9.127  -15.242    1.854 S_000006
   5 P  -165.123  123.315  171.991   87.033 -153.571  -59.887   73.452   35.136   95.198   -8.374    0.331756   -1.337775   -0.632899   -0.796073   -1.488319   -1.658809   -1.881383   -0.691431   -1.212719   10.237  -21.506    4.536 S_000006
   6 P  -165.123  123.315  171.991   87.033 -153.571  -59.887   73.452   35.136   95.198   -8.374    0.331756   -1.337775   -0.632899   -0.796073   -1.488319   -1.658809   -1.881383   -0.691431   -1.212719   11.338  -27.856    6.501 S_000006
   7 N  -175.892  156.188  156.478   83.886 -138.147  -59.561   62.396   30.267  100.304  -18.903    0.356262   -1.310652   -0.690545   -0.814152   -1.515858   -1.645970   -1.890391   -0.720789   -1.206949   12.451  -34.054    8.967 S_000006
   8 P  -136.188  147.408  170.784   84.536 -136.102  -73.016   76.513   39.583   86.659  179.914    0.336335   -1.326095   -0.664039   -0.729869   -1.374732   -1.758977   -1.869372   -0.707693   -1.223661   12.307  -38.898   13.363 S_000006
   9 P  -154.050  145.148  124.520   89.904 -156.931 -129.437   98.571   22.752  116.377   53.243    0.366115   -1.304268   -0.738772   -0.890164   -1.596323   -1.568220   -1.925176   -0.727709   -1.180955   13.222  -44.708   16.904 S_000006
  10 H   150.466 -151.425  179.985   83.993    0.000    0.000   51.332   38.039   91.962  -25.590    0.329010   -1.354781   -0.617871   -0.761999   -1.461025   -1.682292   -1.868409   -0.699908   -1.221336   13.278  -49.541   21.856 S_000006
SCORE:    34.607                 34.607          0          1          2    S_000007
   1 H     0.000  170.252   55.279   82.646 -156.305  -55.884   79.198   36.958   91.687  179.880    0.333197   -1.372175   -0.583947   -0.764611   -1.528837   -1.625093   -1.869055   -0.750456   -1.192750    3.794    0.984    0.238 S_000007
   2 P   133.231  -95.622  152.652   89.513  169.105 -133.943   80.474   17.341  127.879  -87.358    0.354101   -1.299334   -0.738039   -0.953084   -1.657539   -1.453322   -1.935477   -0.715656   -1.158521    5.300   -3.476   -1.962 S_000007
   3 N   167.952 -167.959  154.203  145.211 -155.376 -167.633   19.536  -32.174  148.043  -55.599    0.332777   -0.133501   -1.484945   -0.828850   -0.980089   -2.013944   -1.953344   -0.695714   -1.205944    5.369  -10.003    0.249 S_000007
   4 P   -71.452  177.977   52.141   84.939 -147.388  -59.603   70.808   35.671   93.333  179.916    0.333562   -1.328097   -0.656534   -0.784977   -1.449228   -1.689834   -1.875190   -0.673461   -1.227097    7.885  -15.166    3.504 S_000007
   5 N  -174.783  120.716  177.399  150.472 -127.479 -150.643  -46.738  -38.379  156.036  172.165    0.295515   -0.075973   -1.493365   -0.801078   -1.032701   -1.963612   -1.942754   -0.690149   -1.211052    6.113  -20.507    7.413 S_000007
   6 N  -178.810  153.055  135.770  106.704 -138.327 -112.358  127.377   22.478   87.323  -11.418    0.409131   -0.973460   -1.098711   -0.809248   -1.028300   -2.013690   -1.923910   -0.665663   -1.225656    6.562  -27.432    9.562 S_000007
   7 P    99.172  116.489   65.284   79.288 -161.835  -76.475   87.134   39.721   97.467  164.119    0.287917   -1.435325   -0.425185   -0.785258   -1.657465   -1.488470   -1.819320   -0.729508   -1.218893    4.835  -33.254   13.011 S_000007
   8 P  -172.604  161.126  159.864  155.138 -101.607 -139.360  -48.863  -40.948  155.621   78.591    0.319081    0.026124   -1.484098   -0.731166   -0.944630   -1.986654   -1.887978   -0.700564   -1.211859    6.822  -39.724   14.128 S_000007
   9 P   -50.065  162.925   41.044   86.036 -174.050  -95.526   96.421   41.628   85.641  168.101    0.295915   -1.351354   -0.626568   -0.753107   -1.377440   -1.740563   -1.875987   -0.673550   -1.239580    6.236  -46.119   15.825 S_000007
  10 H   -63.339  175.945   56.380   81.442    0.000    0.000   74.860   39.081   95.436  -14.250    0.301193   -1.397667   -0.499804   -0.783286   -1.568178   -1.566617   -1.834303   -0.680007   -1.235587    6.730  -51.817   18.099 S_000007
SCORE:    34.680                 34.680          0          0          2    S_000008
   1 H     0.000  170.252   55.279   85.598 -172.064  -64.110   84.658   33.817   95.271  179.912    0.335585   -1.315262   -0.684397   -0.811055   -1.447417   -1.694969   -1.900087   -0.689535   -1.211498    3.794    0.984    0.238 S_000008
   2 P   133.231  -95.622  152.652   89.513  169.105 -133.943   80.474   17.341  127.879  -87.358    0.354101   -1.299334   -0.738039   -0.953084   -1.657539   -1.453322   -1.935477   -0.715656   -1.158521    6.595   -3.109   -1.491 S_000008
   3 N   164.751 -142.271  151.787   85.973  -99.346 -140.259   96.097   33.739   98.446  173.375    0.336136   -1.353440   -0.609263   -0.810911   -1.550770   -1.613277   -1.889372   -0.720823   -1.202388    7.875   -8.886    1.605 S_000008
   4 P  -179.630  115.281   62.224  122.274 -131.448 -164.064   84.287  -17.095  153.564  143.373    0.421273   -0.734637   -1.265427   -0.864863   -1.468550   -1.653260   -1.954534   -0.733221   -1.166445    8.361  -15.864    1.810 S_000008
   5 P   -91.489 -171.862   60.190  151.408 -141.915  146.948  126.268  -35.959  150.845  170.483    0.328252   -0.054211   -1.490136   -0.790867   -0.952189   -2.007261   -1.913874   -0.676102   -1.216425    8.898  -22.055    4.760 S_000008
   6 P   154.773 -124.746  178.096   93.542 -170.707  -29.830   88.212   29.318   98.893  -17.178    0.375116   -1.267372   -0.778337   -0.806030   -1.424960   -1.731957   -1.917613   -0.719206   -1.201246    8.230  -27.998    8.049 S_000008
   7 P   -97.972 -152.339   81.706  124.769 -146.581  162.724  125.829  -16.565  146.909   34.182    0.440902   -0.620888   -1.321854   -0.837849   -1.312903   -1.792966   -1.931445   -0.672971   -1.201510    9.444  -33.100   11.489 S_000008
   8 N   157.145 -163.917  174.973   85.284 -142.049  -62.916   56.069   36.462   95.226  -12.466    0.332555   -1.353240   -0.602362   -0.777665   -1.501272   -1.643383   -1.863406   -0.688084   -1.230329   10.557  -39.899   13.114 S_000008
   9 P   -97.972 -152.339   81.706  124.769 -146.581  162.724  125.829  -16.565  146.909   34.182    0.440902   -0.620888   -1.321854   -0.837849   -1.312903   -1.792966   -1.931445   -0.672971   -1.201510   10.720  -46.282   15.413 S_000008
  10 H   -74.176 -167.681   49.247   79.471    0.000    0.000   88.704   39.731   90.397  -15.773    0.315595   -1.383950   -0.559902   -0.760065   -1.495454   -1.643066   -1.857573   -0.681894   -1.240566   10.799  -52.557   13.984 S_000008
SCORE:    34.507                 34.507          0          0          1    S_000009
   1 H     0.000  170.252   55.279   84.635 -150.689  -61.988   64.714   33.304   97.469 -164.740    0.329954   -1.368758   -0.573119   -0.820164   -1.598380   -1.560608   -1.903459   -0.774343   -1.162571    3.794    0.984    0.238 S_000009
   2 N    58.305 -156.520  177.661  125.379  -93.616 -122.123  -35.657  -23.126  151.514   27.618    0.381839   -0.636695   -1.336911   -0.858038   -1.454398   -1.694217   -1.949944   -0.726811   -1.180765    7.189   -2.825   -1.410 S_000009
   3 P   -87.787  177.868   72.488  125.142 -164.828 -151.898  111.548  -19.213  150.164  -29.735    0.411216   -0.574601   -1.357123   -0.857597   -1.302692   -1.814919   -1.954673   -0.693383   -1.189634    8.155   -9.244    1.192 S_000009
   4 P  -170.283  161.190 -176.306  140.990 -163.860 -102.059  133.153  -32.306  149.951  165.152    0.350717   -0.168927   -1.477787   -0.803819   -1.029144   -1.981828   -1.933928   -0.657356   -1.225843    7.839  -16.372    2.358 S_000009
   5 P  -163.415 -164.775  171.520   87.292 -173.272  -90.210   95.538   33.873  101.998   69.427    0.333059   -1.348368   -0.630589   -0.813263   -1.521104   -1.634527   -1.885456   -0.693273   -1.220867    8.845  -23.216    3.665 S_000009
   6 P   150.796 -161.910  178.356   86.097 -139.863  -62.292   43.499   34.285   97.369  -16.376    0.353702   -1.328244   -0.654287   -0.777898   -1.480747   -1.669247   -1.872892   -0.706980   -1.209412    9.491  -29.082    6.384 S_000009
   7 P   -66.965 -131.585   49.787  151.190 -114.989  172.495  107.035  -40.283  163.684   25.774    0.304640   -0.163820   -1.484370   -0.766383   -1.182307   -1.858363   -1.923227   -0.725694   -1.197365    8.002  -35.160    8.644 S_000009
   8 P   -74.542  146.819   78.900   74.344 -160.835  -73.494   77.061   41.869   95.739  111.628    0.253664   -1.470333   -0.301226   -0.800546   -1.735808   -1.379261   -1.808842   -0.755634   -1.201736    7.865  -40.178   11.706 S_000009
   9 P   168.992 -156.630  174.212   86.705 -137.197 -119.664  108.197   33.640   99.366  -15.229    0.329923   -1.352776   -0.624135   -0.819988   -1.531632   -1.621327   -1.886817   -0.697388   -1.214338    8.431  -46.303   14.030 S_000009
  10 H   -45.912  168.674   36.558   81.615    0.000    0.000   77.418   37.107   91.702  -13.935    0.329031   -1.354507   -0.613040   -0.777122   -1.469832   -1.658221   -1.879829   -0.709174   -1.209059    7.473  -52.201   16.590 S_000009
SCORE:    34.573                 34.573          0          0          1    S_000010
   1 H     0.000  170.252   55.279   85.867 -159.506  -63.481   79.802   35.043   93.406  179.920    0.345893   -1.306929   -0.688906   -0.774472   -1.416736   -1.715688   -1.884212   -0.691531   -1.220660    3.794    0.984    0.238 S_000010
   2 P    86.187  176.497  162.816   95.258 -128.578 -117.535  -52.178   27.444   99.200   12.823    0.388719   -1.230343   -0.824624   -0.823622   -1.392439   -1.771391   -1.937739   -0.733944   -1.183498    7.435   -3.207   -1.892 S_000010
   3 P  -173.910 -150.992  149.500  127.998 -128.911 -142.558   91.482   -6.193  136.127   15.787    0.408280   -0.788743   -1.262842   -0.923571   -1.317920   -1.806812   -1.984235   -0.740556   -1.116661    6.652   -9.699    1.181 S_000010
   4 P  -177.185 -173.566  155.371  145.456  -98.754  179.352  138.838  -24.197  141.689  170.602    0.366879   -0.185448   -1.467973   -0.847005   -0.869502   -2.069646   -1.938630   -0.653402   -1.218242    5.174  -15.937    4.786 S_000010
   5 N   -38.323  115.987   47.301   80.034 -142.046  -80.361   66.215   34.805  100.968  -14.818    0.318333   -1.402063   -0.530169   -0.818040   -1.630284   -1.530159   -1.863959   -0.723249   -1.210113    6.429  -20.209    8.206 S_000010
   6 P  -162.813  120.226  175.866   82.361 -130.482  -83.501   71.938   31.791  101.509  168.496    0.369909   -1.323004   -0.659604   -0.788295   -1.515888   -1.636180   -1.860290   -0.702304   -1.215513    5.848  -26.475   11.140 S_000010
   7 P  -154.050  145.148  124.520   89.904 -156.931 -129.437   98.571   22.752  116.377   53.243    0.366115   -1.304268   -0.738772   -0.890164   -1.596323   -1.568220   -1.925176   -0.727709   -1.180955    6.225  -33.393   11.994 S_000010
   8 P   -87.787  177.868   72.488  125.142 -164.828 -151.898  111.548  -19.213  150.164  -29.735    0.411216   -0.574601   -1.357123   -0.857597   -1.302692   -1.814919   -1.954673   -0.693383   -1.189634    6.462  -40.199   12.059 S_000010
   9 P   146.274  156.591  179.483   77.635 -152.028  -72.001   75.273   42.982   89.249  178.900    0.287995   -1.419009   -0.477197   -0.735693   -1.550269   -1.599261   -1.819279   -0.700629   -1.234007    6.003  -47.468   12.689 S_000010
  10 H   -84.177 -174.432   62.397   78.371    0.000    0.000   82.980   43.776   89.720  179.930    0.285174   -1.412242   -0.467539   -0.729338   -1.511989   -1.591305   -1.828653   -0.689386   -1.238585    4.925  -53.774   13.881 S_000010
