SEQUENCE: gaaaaag
SCORE:     score    rna_stub_coord_hack       N_WC      N_NWC       N_BS description
REMARK RNA 
SCORE:    10.157                 10.157          0          1          2    S_000001
   1 H     0.000  170.252   55.279   83.790 -137.048  -80.862   68.966   37.757   90.126  -17.587    0.328852   -1.336414   -0.654305   -0.769357   -1.410333   -1.714283   -1.875064   -0.670003   -1.228846    3.794    0.984    0.238 S_000001
   2 N  -127.306 -149.789   67.856   94.274   53.014  151.190  109.022   20.035  108.313   44.719    0.429328   -1.066193   -0.986820   -0.818325   -1.248042   -1.851121   -1.916966   -0.627477   -1.232384    7.256   -2.572   -4.804 S_000001
   3 P   -82.645 -177.969   72.751  145.260 -157.503 -148.229  111.875  -38.545  157.429  -12.075    0.322205   -0.223436   -1.480851   -0.764697   -1.222995   -1.851784   -1.919902   -0.771160   -1.168755    6.296   -6.851   -9.992 S_000001
   4 P   145.834  169.864  160.515  116.771 -150.825  -95.969  116.851    6.639  112.778  -49.780    0.428419   -0.827735   -1.201961   -0.850477   -1.142936   -1.957796   -1.955336   -0.681649   -1.210816    7.812  -10.031  -16.352 S_000001
   5 N  -139.048  166.464  170.340   86.512 -154.158  -65.732   70.175   34.223   96.956   10.890    0.341865   -1.327089   -0.657684   -0.792520   -1.472840   -1.667874   -1.873415   -0.684865   -1.220649    8.379  -11.569  -23.131 S_000001
   6 P  -168.621  177.343  175.673   83.981 -130.698  -83.103   86.287   37.126   93.825 -173.520    0.326691   -1.360752   -0.612108   -0.780568   -1.486223   -1.663273   -1.874036   -0.699277   -1.219705    9.073  -13.966  -29.419 S_000001
   7 H   -59.391  161.748   58.890   77.650    0.000    0.000   70.172   41.080   94.179  -23.062    0.298067   -1.421851   -0.458806   -0.757497   -1.592108   -1.551115   -1.822339   -0.704433   -1.234177    9.438  -16.017  -35.280 S_000001
SCORE:     9.954                  9.954          0          0          0    S_000002
   1 H     0.000  170.252   55.279   89.881 -104.143 -118.129   77.567   33.151   94.120  -19.557    0.348141   -1.299600   -0.709854   -0.803680   -1.425144   -1.713642   -1.913396   -0.712965   -1.196333    3.794    0.984    0.238 S_000002
   2 P   -72.374  170.763   48.864   79.317 -158.175  -79.379   85.592   42.201   85.903  -96.723    0.300166   -1.381840   -0.547795   -0.736684   -1.463159   -1.665509   -1.840380   -0.677688   -1.247264    7.438   -0.471   -5.356 S_000002
   3 N  -148.162  164.915  118.385  145.355 -109.323 -178.043  158.161  -25.949  134.973  153.436    0.357113   -0.162484   -1.477571   -0.854725   -0.883260   -2.080780   -1.943630   -0.688761   -1.201220    7.147   -3.856  -11.268 S_000002
   4 P   168.992 -156.630  174.212   86.705 -137.197 -119.664  108.197   33.640   99.366  -15.229    0.329923   -1.352776   -0.624135   -0.819988   -1.531632   -1.621327   -1.886817   -0.697388   -1.214338    8.456   -7.977  -16.987 S_000002
   5 P   163.328  133.174   67.642  136.998 -137.626 -154.012   89.421  -30.525  152.645   30.625    0.372295   -0.416181   -1.425075   -0.793600   -1.311181   -1.799090   -1.926431   -0.784884   -1.148790    8.647   -8.383  -24.313 S_000002
   6 P   171.747  153.395  159.041  148.712 -150.900 -143.856  163.298  -31.676  141.216  -34.261    0.335662   -0.099384   -1.482186   -0.823846   -0.920479   -2.044532   -1.934389   -0.708140   -1.198506   12.529  -11.453  -29.690 S_000002
   7 H     0.000  178.352   59.486   82.867    0.000    0.000   70.711   41.607   86.474  -30.961    0.304528   -1.378343   -0.558222   -0.738711   -1.463586   -1.667193   -1.846868   -0.692336   -1.233742   14.206  -12.167  -35.816 S_000002
SCORE:    10.533                 10.533          0          0          0    S_000003
   1 H     0.000  170.252   55.279   84.976 -127.093 -107.436   72.941   34.651   95.293 -100.571    0.344540   -1.319591   -0.683715   -0.788201   -1.438061   -1.705183   -1.894246   -0.695277   -1.218888    3.794    0.984    0.238 S_000003
   2 P   166.345  136.515  176.959   87.298 -141.961  -85.985   88.233   36.289   90.829  -13.741    0.336751   -1.319590   -0.670557   -0.773868   -1.420417   -1.716763   -1.889689   -0.708570   -1.210282    6.910   -1.231   -5.976 S_000003
   3 P  -133.749 -135.407  144.310  130.845 -116.303 -178.649  121.579  -35.275  165.934  163.039    0.368044   -0.566274   -1.363413   -0.770648   -1.563835   -1.500435   -1.902733   -0.799223   -1.154475    6.745   -4.677  -12.222 S_000003
   4 P   -59.751  168.619   48.849   82.938 -146.309  -87.641   86.530   38.505   90.414  179.909    0.317167   -1.362033   -0.596010   -0.769891   -1.469235   -1.661336   -1.868791   -0.687808   -1.225659    9.322   -6.397  -17.709 S_000003
   5 P  -179.964  130.919   54.370   92.564  164.659 -106.432   76.600    9.279  136.304  179.932    0.397242   -1.208900   -0.869668   -0.938361   -1.650490   -1.484281   -1.936186   -0.732630   -1.162032    9.400   -5.102  -24.707 S_000003
   6 P  -154.050  145.148  124.520   89.904 -156.931 -129.437   98.571   22.752  116.377   53.243    0.366115   -1.304268   -0.738772   -0.890164   -1.596323   -1.568220   -1.925176   -0.727709   -1.180955   10.750   -8.554  -30.208 S_000003
   7 H   -57.846  149.915   79.529   81.692    0.000    0.000   73.269   36.754   95.808   -1.746    0.314024   -1.405270   -0.485077   -0.790970   -1.630557   -1.506205   -1.864649   -0.768650   -1.181166   10.959  -11.364  -35.655 S_000003
SCORE:    10.475                 10.475          0          0          0    S_000004
   1 H     0.000  170.252   55.279   80.379 -110.385 -150.520   82.010   38.644   93.960  -28.278    0.306539   -1.399631   -0.520190   -0.782726   -1.565638   -1.582195   -1.856082   -0.705911   -1.221237    3.794    0.984    0.238 S_000004
   2 P  -173.910 -150.992  149.500  127.998 -128.911 -142.558   91.482   -6.193  136.127   15.787    0.408280   -0.788743   -1.262842   -0.923571   -1.317920   -1.806812   -1.984235   -0.740556   -1.116661    5.944   -0.210   -6.647 S_000004
   3 N   167.952 -167.959  154.203  145.211 -155.376 -167.633   19.536  -32.174  148.043  -55.599    0.332777   -0.133501   -1.484945   -0.828850   -0.980089   -2.013944   -1.953344   -0.695714   -1.205944    6.707   -1.686  -13.774 S_000004
   4 P   133.672  116.324  174.939   85.959 -147.791  -72.484   76.620   37.073   93.583  177.523    0.326800   -1.349232   -0.605191   -0.775282   -1.479584   -1.652634   -1.864206   -0.707319   -1.206991    7.594   -3.394  -20.873 S_000004
   5 N    58.613 -128.753 -143.587  112.838 -146.626 -165.066  132.608    4.919  123.114 -145.818    0.403241   -0.926770   -1.129895   -0.886065   -1.342956   -1.835181   -1.955315   -0.670969   -1.215761    8.611   -5.005  -25.526 S_000004
   6 P   -67.174 -171.745   62.212  145.145 -155.997 -106.484 -147.320  -33.164  152.851  138.237    0.344482   -0.189857   -1.476480   -0.805669   -1.076453   -1.953110   -1.941820   -0.705229   -1.199961    8.959   -6.584  -32.015 S_000004
   7 H   -39.943  178.376   47.413  136.583    0.000    0.000  126.266  -31.364  155.940   58.551    0.351546   -0.412053   -1.425045   -0.816078   -1.323783   -1.782875   -1.936954   -0.702246   -1.204282   11.263   -6.995  -37.881 S_000004
SCORE:    10.213                 10.213          0          0          0    S_000005
   1 H     0.000  170.252   55.279   89.881 -104.143 -118.129   77.567   33.151   94.120  -19.557    0.348141   -1.299600   -0.709854   -0.803680   -1.425144   -1.713642   -1.913396   -0.712965   -1.196333    3.794    0.984    0.238 S_000005
   2 P  -173.910 -150.992  149.500  127.998 -128.911 -142.558   91.482   -6.193  136.127   15.787    0.408280   -0.788743   -1.262842   -0.923571   -1.317920   -1.806812   -1.984235   -0.740556   -1.116661    5.750   -1.619   -6.133 S_000005
   3 P   -78.868  167.798   83.401   76.627 -155.813  -94.543  100.575   38.523   98.136  -30.394    0.299144   -1.414359   -0.476200   -0.789731   -1.615623   -1.527673   -1.849175   -0.734743   -1.210590    7.734   -4.627  -11.823 S_000005
   4 P  -154.050  145.148  124.520   89.904 -156.931 -129.437   98.571   22.752  116.377   53.243    0.366115   -1.304268   -0.738772   -0.890164   -1.596323   -1.568220   -1.925176   -0.727709   -1.180955    9.880   -5.423  -18.377 S_000005
   5 N   -72.822 -179.384   51.467   87.322 -171.326  -70.538  109.497   33.928   90.468 -171.167    0.328257   -1.324310   -0.657781   -0.806422   -1.480613   -1.662978   -1.885701   -0.733327   -1.182842   12.240   -5.650  -24.662 S_000005
   6 N  -178.810  153.055  135.770  106.704 -138.327 -112.358  127.377   22.478   87.323  -11.418    0.409131   -0.973460   -1.098711   -0.809248   -1.028300   -2.013690   -1.923910   -0.665663   -1.225656   12.991   -8.629  -30.676 S_000005
   7 H   -67.032  173.985   60.134   82.807    0.000    0.000   75.696   38.396   94.028  -22.125    0.306000   -1.392420   -0.533399   -0.784259   -1.554470   -1.592264   -1.862357   -0.709811   -1.218988   15.353  -12.561  -35.525 S_000005
SCORE:    10.442                 10.442          0          0          1    S_000006
   1 H     0.000  170.252   55.279   76.647  172.903  111.976   98.428   39.497   91.505  -17.065    0.299072   -1.414424   -0.471558   -0.780497   -1.595234   -1.538471   -1.850469   -0.739004   -1.203448    3.794    0.984    0.238 S_000006
   2 N   153.892 -141.795  167.120   90.150 -140.999 -172.900  120.377   29.336   99.989 -144.515    0.391187   -1.231714   -0.791754   -0.780320   -1.371883   -1.747462   -1.876007   -0.673329   -1.208973    4.022   -0.197   -6.549 S_000006
   3 N  -172.853 -176.879  154.982   85.334 -152.417  -63.053   65.917   37.285   95.556   72.588    0.310637   -1.342060   -0.627038   -0.796613   -1.444832   -1.678616   -1.872772   -0.654663   -1.228665    4.277   -4.762  -12.171 S_000006
   4 P  -166.924 -154.036  159.889   90.332 -178.658 -136.635   73.477   26.413  115.255    3.673    0.345049   -1.323606   -0.689620   -0.882069   -1.572952   -1.568229   -1.923026   -0.712384   -1.176451    5.457   -7.115  -18.325 S_000006
   5 P  -176.305  137.307  171.043   85.565 -130.646 -105.768   74.681   34.485   99.287   -2.152    0.332425   -1.340365   -0.638706   -0.805513   -1.489131   -1.649123   -1.873865   -0.673556   -1.222220    5.270  -11.468  -23.990 S_000006
   6 P   133.992  160.295  154.383   88.688 -110.457  -97.079   71.687   34.022   99.635  -33.240    0.328740   -1.355103   -0.611440   -0.811012   -1.542987   -1.613729   -1.888129   -0.724295   -1.207346    7.002  -14.710  -30.128 S_000006
   7 H   -60.479 -179.042   54.403   83.871    0.000    0.000   88.162   34.881   94.692  -22.450    0.329489   -1.356711   -0.614643   -0.801760   -1.522961   -1.629567   -1.892445   -0.732975   -1.194338    4.738  -14.762  -36.456 S_000006
SCORE:    10.137                 10.137          0          0          0    S_000007
   1 H     0.000  170.252   55.279   78.062 -129.495  -86.638   77.185   40.066   97.364  -23.766    0.284038   -1.432776   -0.427394   -0.789746   -1.640585   -1.498035   -1.820896   -0.704305   -1.233847    3.794    0.984    0.238 S_000007
   2 P  -168.621  177.343  175.673   83.981 -130.698  -83.103   86.287   37.126   93.825 -173.520    0.326691   -1.360752   -0.612108   -0.780568   -1.486223   -1.663273   -1.874036   -0.699277   -1.219705    6.911   -2.637   -4.962 S_000007
   3 P   -93.154 -157.444   54.300  150.377 -112.935 -160.796  105.347  -36.726  152.260  155.081    0.325182   -0.066179   -1.488565   -0.782637   -0.984831   -1.998773   -1.922659   -0.698395   -1.211700    8.694   -5.320  -11.147 S_000007
   4 P   171.747  153.395  159.041  148.712 -150.900 -143.856  163.298  -31.676  141.216  -34.261    0.335662   -0.099384   -1.482186   -0.823846   -0.920479   -2.044532   -1.934389   -0.708140   -1.198506    7.772   -7.224  -18.037 S_000007
   5 N   145.215 -123.261  174.675   85.487 -129.367 -105.326   61.689   34.708   94.693  -16.002    0.341282   -1.320596   -0.682879   -0.791461   -1.438928   -1.705229   -1.892384   -0.688770   -1.219794    7.087  -10.121  -24.072 S_000007
   6 N  -102.288 -114.811  152.099  152.073  -94.878  153.513  109.832  -37.104  159.441   32.450    0.319886   -0.166689   -1.482528   -0.788521   -1.122043   -1.900878   -1.935757   -0.712507   -1.193642    6.239  -12.101  -30.968 S_000007
   7 H   -64.384  167.632   49.940   82.981    0.000    0.000   77.459   38.462   93.735  -16.859    0.314002   -1.363235   -0.600849   -0.772235   -1.471149   -1.665649   -1.857144   -0.663279   -1.242037    2.947  -13.884  -35.277 S_000007
SCORE:    10.252                 10.252          0          0          1    S_000008
   1 H     0.000  170.252   55.279   78.693 -136.697  -88.953   73.037   40.931   93.671  179.934    0.323124   -1.382424   -0.543738   -0.729981   -1.486956   -1.642678   -1.838676   -0.692359   -1.239522    3.794    0.984    0.238 S_000008
   2 P  -174.180  152.972 -160.333  104.826 -142.767  -78.703   76.242   19.884  101.194  179.947    0.387962   -1.086681   -0.991172   -0.843871   -1.294637   -1.855867   -1.944422   -0.700499   -1.202484    7.519   -1.915   -5.094 S_000008
   3 N   -66.247 -162.221   42.623   85.395 -172.862  -83.391  109.607   31.892   96.356  -67.037    0.361456   -1.297285   -0.714693   -0.799200   -1.446982   -1.700414   -1.889700   -0.697914   -1.214421   10.885   -2.670  -10.750 S_000008
   4 N   167.952 -167.959  154.203  145.211 -155.376 -167.633   19.536  -32.174  148.043  -55.599    0.332777   -0.133501   -1.484945   -0.828850   -0.980089   -2.013944   -1.953344   -0.695714   -1.205944   10.495   -3.691  -17.302 S_000008
   5 P  -173.910 -150.992  149.500  127.998 -128.911 -142.558   91.482   -6.193  136.127   15.787    0.408280   -0.788743   -1.262842   -0.923571   -1.317920   -1.806812   -1.984235   -0.740556   -1.116661   11.291   -7.536  -23.461 S_000008
   6 P   168.992 -156.630  174.212   86.705 -137.197 -119.664  108.197   33.640   99.366  -15.229    0.329923   -1.352776   -0.624135   -0.819988   -1.531632   -1.621327   -1.886817   -0.697388   -1.214338   11.509  -11.252  -29.718 S_000008
   7 H   154.257 -175.853  161.153   83.670    0.000    0.000   85.367   44.147   86.352  179.925    0.272383   -1.374633   -0.551303   -0.737987   -1.423441   -1.699545   -1.860630   -0.692370   -1.233305   11.697  -13.097  -36.666 S_000008
SCORE:     9.905                  9.905          0          0          1    S_000009
   1 H     0.000  170.252   55.279   79.367  -93.841 -129.022   61.969   40.849   91.763  -23.469    0.278927   -1.404942   -0.528081   -0.781029   -1.522276   -1.618093   -1.849849   -0.684317   -1.232995    3.794    0.984    0.238 S_000009
   2 P   108.246 -153.137  175.954  125.504  -78.386 -151.910  157.518  -34.516  169.390  179.923    0.351862   -0.530561   -1.392292   -0.793275   -1.516755   -1.590027   -1.910937   -0.740572   -1.194142    5.861   -1.886   -5.474 S_000009
   3 P   -56.713  169.563   63.733  130.198 -145.747 -165.607  105.706  -22.591  147.628  165.119    0.387195   -0.481632   -1.393214   -0.841539   -1.246218   -1.866122   -1.947955   -0.671518   -1.217400    7.301   -5.201  -11.099 S_000009
   4 N   167.952 -167.959  154.203  145.211 -155.376 -167.633   19.536  -32.174  148.043  -55.599    0.332777   -0.133501   -1.484945   -0.828850   -0.980089   -2.013944   -1.953344   -0.695714   -1.205944    8.184   -6.259  -18.247 S_000009
   5 P   152.767 -170.923  168.753   90.141 -153.461  -69.676   62.592   38.672   81.946  179.887    0.314527   -1.304140   -0.725198   -0.773885   -1.310461   -1.804102   -1.910749   -0.721999   -1.199298   10.417   -8.582  -24.700 S_000009
   6 N   170.628 -165.875 -168.095   88.100 -146.025  -69.701   74.281   42.570   86.157  -18.932    0.269820   -1.368058   -0.613320   -0.764958   -1.393175   -1.735747   -1.891381   -0.711959   -1.210295   10.631  -12.766  -29.862 S_000009
   7 H   163.378 -137.494  165.681   79.439    0.000    0.000   61.478   36.888   93.690  -22.040    0.322301   -1.355083   -0.616686   -0.788215   -1.479497   -1.663671   -1.882921   -0.695462   -1.219932    8.971  -16.599  -34.647 S_000009
SCORE:    10.563                 10.563          0          0          1    S_000010
   1 H     0.000  170.252   55.279   86.848 -116.765  -86.621   59.036   42.559   83.439  -19.615    0.346957   -1.322029   -0.670254   -0.682721   -1.283685   -1.794200   -1.844723   -0.703848   -1.224394    3.794    0.984    0.238 S_000010
   2 P  -165.123  123.315  171.991   87.033 -153.571  -59.887   73.452   35.136   95.198   -8.374    0.331756   -1.337775   -0.632899   -0.796073   -1.488319   -1.658809   -1.881383   -0.691431   -1.212719    6.617   -1.485   -5.707 S_000010
   3 N  -149.449  161.904  169.889   81.813 -145.400  -65.994  120.751   29.215  116.975    7.240    0.321253   -1.415703   -0.497345   -0.892978   -1.732380   -1.385977   -1.824266   -0.691127   -1.230135    8.756   -3.603  -11.627 S_000010
   4 P   -93.154 -157.444   54.300  150.377 -112.935 -160.796  105.347  -36.726  152.260  155.081    0.325182   -0.066179   -1.488565   -0.782637   -0.984831   -1.998773   -1.922659   -0.698395   -1.211700   11.420   -5.323  -17.573 S_000010
   5 P   -56.602  169.819   59.880  148.016 -135.011  178.478  120.148  -32.889  143.708  -19.080    0.344597   -0.101549   -1.481717   -0.800183   -0.950280   -2.028627   -1.919452   -0.736545   -1.187799   12.192   -8.328  -23.340 S_000010
   6 P    76.931 -176.116 -144.625  109.484 -143.389  -51.744   96.477   11.859  107.081    9.238    0.422171   -0.948593   -1.118178   -0.840206   -1.234230   -1.920165   -1.940984   -0.694246   -1.211260   13.819  -11.555  -29.026 S_000010
   7 H   -41.664  150.653   46.421   74.167    0.000    0.000   78.612   38.207   97.570  -21.752    0.288038   -1.430736   -0.435494   -0.811204   -1.658717   -1.473977   -1.844947   -0.737660   -1.208333   11.804  -14.181  -33.104 S_000010
