SEQUENCE: gag
SCORE:     score    rna_stub_coord_hack       N_WC      N_NWC       N_BS description
REMARK RNA 
SCORE:     1.573                  1.573          0          0          0    S_000001
   1 H     0.000  170.252   55.279   80.667 -167.759  -65.512   83.313   38.118   96.864  179.900    0.319351   -1.391590   -0.519872   -0.766241   -1.575831   -1.572917   -1.852377   -0.728126   -1.217859    3.794    0.984    0.238 S_000001
   2 N   167.952 -167.959  154.203  145.211 -155.376 -167.633   19.536  -32.174  148.043  -55.599    0.332777   -0.133501   -1.484945   -0.828850   -0.980089   -2.013944   -1.953344   -0.695714   -1.205944    8.368   -2.664   -2.632 S_000001
   3 H   -61.826  169.674   58.599   80.251    0.000    0.000   71.960   40.241   89.350  -21.581    0.297024   -1.387622   -0.536410   -0.768083   -1.508207   -1.620104   -1.863786   -0.721698   -1.207802   14.272   -5.192   -2.260 S_000001
SCORE:     1.576                  1.576          0          0          0    S_000002
   1 H     0.000  170.252   55.279   81.304 -165.829  -66.008   77.320   37.478   97.949  179.909    0.315235   -1.390287   -0.536377   -0.786850   -1.563149   -1.580513   -1.848634   -0.693804   -1.230109    3.794    0.984    0.238 S_000002
   2 N   167.952 -167.959  154.203  145.211 -155.376 -167.633   19.536  -32.174  148.043  -55.599    0.332777   -0.133501   -1.484945   -0.828850   -0.980089   -2.013944   -1.953344   -0.695714   -1.205944    8.274   -2.755   -2.705 S_000002
   3 H   -93.354  173.198   74.543   83.919    0.000    0.000   66.474   43.748   89.663  -17.387    0.281914   -1.385044   -0.567599   -0.746742   -1.406396   -1.708719   -1.819612   -0.599959   -1.275102   14.284   -5.748   -2.959 S_000002
SCORE:     1.574                  1.574          0          0          0    S_000003
   1 H     0.000  170.252   55.279   83.265 -169.369  -49.177   83.120   36.734   90.321  179.922    0.311674   -1.361457   -0.601563   -0.799403   -1.496212   -1.639140   -1.904291   -0.752230   -1.179116    3.794    0.984    0.238 S_000003
   2 P   171.747  153.395  159.041  148.712 -150.900 -143.856  163.298  -31.676  141.216  -34.261    0.335662   -0.099384   -1.482186   -0.823846   -0.920479   -2.044532   -1.934389   -0.708140   -1.198506    8.380   -2.707   -2.740 S_000003
   3 H   -70.155  177.480   50.678   82.611    0.000    0.000   81.737   35.403   95.554  -19.315    0.320101   -1.365912   -0.591050   -0.805391   -1.542105   -1.611772   -1.888774   -0.728159   -1.199752   14.482   -5.465   -2.617 S_000003
SCORE:     1.574                  1.574          0          0          0    S_000004
   1 H     0.000  170.252   55.279   79.471 -166.676  -67.158   88.704   39.731   90.397  -15.773    0.315595   -1.383950   -0.559902   -0.760065   -1.495454   -1.643066   -1.857573   -0.681894   -1.240566    3.794    0.984    0.238 S_000004
   2 N   167.952 -167.959  154.203  145.211 -155.376 -167.633   19.536  -32.174  148.043  -55.599    0.332777   -0.133501   -1.484945   -0.828850   -0.980089   -2.013944   -1.953344   -0.695714   -1.205944    8.377   -2.614   -2.734 S_000004
   3 H   -70.705 -175.153   53.639   79.960    0.000    0.000   88.985   40.031   92.234   16.756    0.316672   -1.392012   -0.508134   -0.751019   -1.528311   -1.584479   -1.849160   -0.703572   -1.200879   14.497   -5.258   -2.993 S_000004
SCORE:     1.574                  1.574          0          0          0    S_000005
   1 H     0.000  170.252   55.279   80.419 -166.640  -66.368   85.530   39.317   94.395  -19.811    0.297013   -1.417257   -0.458864   -0.784572   -1.620246   -1.525487   -1.851535   -0.739483   -1.203275    3.794    0.984    0.238 S_000005
   2 N   167.952 -167.959  154.203  145.211 -155.376 -167.633   19.536  -32.174  148.043  -55.599    0.332777   -0.133501   -1.484945   -0.828850   -0.980089   -2.013944   -1.953344   -0.695714   -1.205944    8.340   -2.676   -2.698 S_000005
   3 H   -54.076  166.870   48.237   84.648    0.000    0.000   96.262   35.441  101.760  -17.380    0.312084   -1.391730   -0.542679   -0.820620   -1.597415   -1.557445   -1.868356   -0.704614   -1.220252   14.159   -5.187   -2.256 S_000005
SCORE:     1.570                  1.570          0          0          0    S_000006
   1 H     0.000  170.252   55.279   77.423 -173.408  -35.931   90.774   34.337  104.502  179.944    0.312392   -1.398750   -0.519314   -0.830633   -1.640940   -1.509826   -1.863885   -0.726477   -1.207627    3.794    0.984    0.238 S_000006
   2 P   171.747  153.395  159.041  148.712 -150.900 -143.856  163.298  -31.676  141.216  -34.261    0.335662   -0.099384   -1.482186   -0.823846   -0.920479   -2.044532   -1.934389   -0.708140   -1.198506    8.159   -2.900   -2.512 S_000006
   3 H   -63.771  163.391   65.040   84.059    0.000    0.000   82.616   34.721   98.025  -17.738    0.334495   -1.337279   -0.639014   -0.797694   -1.483095   -1.653064   -1.878522   -0.686729   -1.221557   13.845   -5.801   -1.506 S_000006
SCORE:     1.576                  1.576          0          0          0    S_000007
   1 H     0.000  170.252   55.279   80.034 -169.786  -65.379   85.862   34.113  102.118   77.657    0.321501   -1.391757   -0.535012   -0.819699   -1.630119   -1.524567   -1.856250   -0.719913   -1.205229    3.794    0.984    0.238 S_000007
   2 N   167.952 -167.959  154.203  145.211 -155.376 -167.633   19.536  -32.174  148.043  -55.599    0.332777   -0.133501   -1.484945   -0.828850   -0.980089   -2.013944   -1.953344   -0.695714   -1.205944    8.477   -2.546   -2.563 S_000007
   3 H  -106.930 -164.932   60.167   80.197    0.000    0.000   76.543   39.275   93.742   89.938    0.290031   -1.398068   -0.523810   -0.786295   -1.555213   -1.592320   -1.850112   -0.702159   -1.229708   14.739   -5.794   -3.007 S_000007
SCORE:     1.577                  1.577          0          0          0    S_000008
   1 H     0.000  170.252   55.279   78.437 -165.400  -65.645   80.791   40.551   93.446  -16.033    0.281911   -1.424134   -0.452553   -0.787601   -1.608451   -1.538667   -1.857076   -0.736276   -1.211983    3.794    0.984    0.238 S_000008
   2 N   167.952 -167.959  154.203  145.211 -155.376 -167.633   19.536  -32.174  148.043  -55.599    0.332777   -0.133501   -1.484945   -0.828850   -0.980089   -2.013944   -1.953344   -0.695714   -1.205944    8.257   -2.719   -2.773 S_000008
   3 H   -44.445  162.277   45.238   73.207    0.000    0.000   84.228   42.982  101.449  -27.611    0.214312   -1.460777   -0.312969   -0.825836   -1.703399   -1.409443   -1.774589   -0.650070   -1.257011   13.944   -5.266   -2.198 S_000008
SCORE:     1.574                  1.574          0          0          0    S_000009
   1 H     0.000  170.252   55.279   76.707 -167.834  -48.762   85.129   42.405   87.310  179.941    0.297250   -1.427191   -0.451910   -0.735221   -1.588495   -1.564488   -1.851882   -0.778377   -1.190751    3.794    0.984    0.238 S_000009
   2 P   171.747  153.395  159.041  148.712 -150.900 -143.856  163.298  -31.676  141.216  -34.261    0.335662   -0.099384   -1.482186   -0.823846   -0.920479   -2.044532   -1.934389   -0.708140   -1.198506    8.317   -2.634   -2.937 S_000009
   3 H    11.658  117.836  -51.957  102.384    0.000    0.000   85.213   32.217   85.971  -82.950    0.360079   -1.150421   -0.933994   -0.791360   -1.115459   -1.928734   -1.935653   -0.677046   -1.227113   12.814   -6.259   -1.652 S_000009
SCORE:     1.574                  1.574          0          1          0    S_000010
   1 H     0.000  170.252   55.279   75.360 -169.413  -64.775   63.940   38.377   96.823    9.287    0.298540   -1.453487   -0.347621   -0.793601   -1.747027   -1.373498   -1.837348   -0.806991   -1.166164    3.794    0.984    0.238 S_000010
   2 N   167.952 -167.959  154.203  145.211 -155.376 -167.633   19.536  -32.174  148.043  -55.599    0.332777   -0.133501   -1.484945   -0.828850   -0.980089   -2.013944   -1.953344   -0.695714   -1.205944    8.466   -2.459   -2.679 S_000010
   3 H   -61.184  175.633   58.502   77.583    0.000    0.000   79.681   33.748  100.066  142.600    0.315592   -1.384309   -0.525241   -0.823152   -1.622637   -1.496051   -1.852504   -0.702294   -1.215694   14.608   -4.593   -2.551 S_000010
