SEQUENCE: gaaaag
SCORE:     score    rna_stub_coord_hack       N_WC      N_NWC       N_BS description
REMARK RNA 
SCORE:     0.130                  0.130          0          0          1    S_000001
   1 H     0.000  170.252   55.279   81.716   71.058 -123.020  -86.154   19.777  126.077   56.991    0.403706   -1.293854   -0.717686   -0.863554   -1.653827   -1.494945   -1.872725   -0.711320   -1.211975    3.794    0.984    0.238 S_000001
   2 P  -170.283  161.190 -176.306  140.990 -163.860 -102.059  133.153  -32.306  149.951  165.152    0.350717   -0.168927   -1.477787   -0.803819   -1.029144   -1.981828   -1.933928   -0.657356   -1.225843    5.457    5.003   -3.956 S_000001
   3 P   162.674  148.859   50.418  144.945 -102.241  131.693  108.849  -35.627  156.023  -67.310    0.332425   -0.206551   -1.474959   -0.789902   -1.147425   -1.905945   -1.933411   -0.720881   -1.196936    6.038   10.927   -7.887 S_000001
   4 P   160.815  105.099   88.582   92.840 -161.979 -164.996   83.120   14.294  126.435  -66.900    0.405061   -1.212048   -0.841187   -0.889406   -1.604759   -1.561045   -1.922890   -0.729780   -1.183130    6.486   16.566   -5.727 S_000001
   5 N   -66.760 -177.247   50.787   84.555 -151.138  -65.751   96.827   33.792   93.801  179.930    0.364329   -1.298432   -0.710348   -0.770296   -1.417551   -1.723714   -1.876311   -0.697963   -1.222169    7.188   23.134   -6.318 S_000001
   6 H   -46.437  164.994   41.224   78.206    0.000    0.000   75.192   40.060   90.924 -140.093    0.311978   -1.390380   -0.525834   -0.756020   -1.527876   -1.612217   -1.845379   -0.701501   -1.227022   10.281   27.762   -7.721 S_000001
SCORE:     0.101                  0.101          0          0          0    S_000002
   1 H     0.000  170.252   55.279  112.114  -50.233  100.032  142.152    7.620  134.238  -12.482    0.408427   -1.051404   -1.049250   -0.920999   -1.432612   -1.708802   -1.954475   -0.622872   -1.227042    3.794    0.984    0.238 S_000002
   2 P  -173.910 -150.992  149.500  127.998 -128.911 -142.558   91.482   -6.193  136.127   15.787    0.408280   -0.788743   -1.262842   -0.923571   -1.317920   -1.806812   -1.984235   -0.740556   -1.116661    6.460    5.430   -1.480 S_000002
   3 P   141.172  153.832   61.171   83.827   92.561   79.677  140.899   23.663  107.771   48.977    0.390364   -1.258671   -0.778629   -0.844630   -1.515960   -1.641523   -1.922925   -0.739941   -1.167539    7.085   12.767   -1.943 S_000002
   4 P   149.773 -156.144  176.474   82.777 -155.799  -84.417   85.097   38.273   91.188  109.933    0.325799   -1.359624   -0.601698   -0.762572   -1.475146   -1.669392   -1.863222   -0.693642   -1.226962   13.098   15.534   -0.338 S_000002
   5 P   -69.079 -152.017   55.528   85.789 -153.109  -68.734   69.796   38.560   88.521   -6.352    0.321465   -1.342654   -0.621408   -0.764461   -1.430167   -1.692756   -1.872775   -0.696855   -1.212817   17.871   19.233    2.549 S_000002
   6 H     0.000 -178.220   46.363   85.086    0.000    0.000   68.280   41.312   88.224  -16.404    0.284594   -1.391023   -0.572691   -0.776792   -1.459491   -1.677605   -1.879519   -0.682465   -1.246064   21.753   23.268    1.628 S_000002
SCORE:     0.068                  0.068          0          0          0    S_000003
   1 H     0.000  170.252   55.279  112.114  -50.233  100.032  142.152    7.620  134.238  -12.482    0.408427   -1.051404   -1.049250   -0.920999   -1.432612   -1.708802   -1.954475   -0.622872   -1.227042    3.794    0.984    0.238 S_000003
   2 P   -50.242  134.294   50.320   87.891 -120.913  -72.088   44.167   35.507   92.848  -16.896    0.316293   -1.343587   -0.649071   -0.815157   -1.469498   -1.679186   -1.907174   -0.709254   -1.204209    6.632    3.576    0.613 S_000003
   3 P   -82.065 -169.133  159.105  130.152 -118.962 -131.679  102.280  -28.889  151.726  167.282    0.365724   -0.408328   -1.424356   -0.816562   -1.273284   -1.838067   -1.942577   -0.701107   -1.207967    9.765    9.144   -1.337 S_000003
   4 P  -170.341  -81.542 -150.130   92.276 -132.799 -135.257   68.032   15.995  132.507   -9.408    0.374351   -1.335865   -0.665900   -0.931982   -1.760628   -1.336401   -1.876128   -0.737169   -1.183181   14.543   13.017    1.765 S_000003
   5 N  -178.810  153.055  135.770  106.704 -138.327 -112.358  127.377   22.478   87.323  -11.418    0.409131   -0.973460   -1.098711   -0.809248   -1.028300   -2.013690   -1.923910   -0.665663   -1.225656   17.744   19.529    0.815 S_000003
   6 H   -60.581  161.392   58.416   83.468    0.000    0.000   69.579   44.441   87.553  166.489    0.256578   -1.396126   -0.516884   -0.747327   -1.456777   -1.654140   -1.878260   -0.716651   -1.212961   20.175   25.486    0.401 S_000003
SCORE:     0.086                  0.086          0          0          1    S_000004
   1 H     0.000  170.252   55.279  101.643    3.181  174.445   73.567   22.024  114.506  -29.477    0.389312   -1.192445   -0.874421   -0.853200   -1.418041   -1.730451   -1.900615   -0.609245   -1.260274    3.794    0.984    0.238 S_000004
   2 P   -92.939 -157.251   72.273   80.702 -138.658  -71.406  120.550   26.572  119.653  -25.007    0.381744   -1.367359   -0.535897   -0.834388   -1.694051   -1.378889   -1.727162   -0.611294   -1.272815    8.487    3.504   -3.695 S_000004
   3 P   -61.236 -144.081   67.298  141.205  -83.161  175.647  156.045  -26.613  152.071   69.787    0.411481   -0.165229   -1.462398   -0.796345   -0.904956   -2.034850   -1.928766   -0.649169   -1.234321    8.998   10.132   -3.797 S_000004
   4 N   116.652 -120.299 -166.532   83.340 -100.624 -107.523   46.228   39.220   89.655  -23.998    0.322294   -1.359161   -0.601360   -0.755425   -1.453999   -1.682435   -1.865651   -0.692554   -1.228649   11.258   15.913   -1.723 S_000004
   5 P   -53.426  167.329   65.141  115.360 -113.777 -159.626   97.404   -5.403  134.937   56.068    0.427600   -0.829890   -1.204746   -0.881835   -1.388628   -1.769707   -1.954577   -0.702966   -1.187770   14.664   21.431   -0.405 S_000004
   6 H   -58.343  170.488   50.362   81.032    0.000    0.000   80.519   38.424   93.122  179.898    0.318013   -1.369799   -0.578349   -0.768801   -1.496188   -1.642356   -1.859186   -0.686388   -1.232995   18.047   27.043   -0.931 S_000004
SCORE:     0.093                  0.093          0          0          1    S_000005
   1 H     0.000  170.252   55.279  107.424  -29.806   85.115   89.870    4.565  132.258   -5.516    0.448234   -0.969604   -1.083568   -0.853255   -1.401633   -1.742796   -1.927752   -0.658219   -1.220029    3.794    0.984    0.238 S_000005
   2 P   131.323 -172.365 -165.198   81.904 -159.485  -53.476   75.696   37.026   95.554   71.890    0.344578   -1.372737   -0.555252   -0.748434   -1.556579   -1.599391   -1.832656   -0.719597   -1.222243    7.175    4.766   -0.106 S_000005
   3 N  -176.254  137.497  168.550   81.717 -132.895  -59.292   72.443   35.635   96.831  -24.438    0.317162   -1.381236   -0.556771   -0.805344   -1.581183   -1.577185   -1.871131   -0.730026   -1.199217    9.814   10.877    0.787 S_000005
   4 P   -84.025  166.594   73.067   79.911 -179.348 -123.417   89.779   35.188   98.120  -15.624    0.325054   -1.374806   -0.576496   -0.804974   -1.563205   -1.591934   -1.872365   -0.723717   -1.206138   13.721   15.661    0.787 S_000005
   5 P   -69.044  169.585   63.431  146.522 -103.523  138.199  120.958  -37.631  160.112 -137.286    0.335524   -0.262307   -1.458233   -0.762964   -1.256959   -1.815070   -1.923800   -0.759924   -1.175337   17.270   20.858    0.993 S_000005
   6 H   -57.526 -175.480   40.420   81.504    0.000    0.000  101.892   38.499   91.466 -163.558    0.302736   -1.394178   -0.524983   -0.788998   -1.560222   -1.586426   -1.883940   -0.750989   -1.185660   17.320   25.652    3.553 S_000005
SCORE:     0.092                  0.092          0          0          0    S_000006
   1 H     0.000  170.252   55.279   84.125   54.650  -85.129  127.345   20.523  120.314   50.010    0.408514   -1.232229   -0.797209   -0.850495   -1.533007   -1.615950   -1.866653   -0.628188   -1.253373    3.794    0.984    0.238 S_000006
   2 P  -154.050  145.148  124.520   89.904 -156.931 -129.437   98.571   22.752  116.377   53.243    0.366115   -1.304268   -0.738772   -0.890164   -1.596323   -1.568220   -1.925176   -0.727709   -1.180955    3.957    5.180   -2.687 S_000006
   3 N  -161.912  144.831  163.138   87.020 -163.361  -72.898   66.879   36.893   92.007  -14.838    0.313333   -1.374187   -0.573869   -0.796398   -1.534179   -1.616031   -1.894495   -0.762736   -1.174099    4.489   12.158   -4.082 S_000006
   4 N   -74.064 -177.704   48.749  150.340 -154.485  153.392  131.849  -33.312  147.447  168.918    0.335143   -0.069542   -1.482537   -0.803152   -0.912200   -2.037999   -1.931248   -0.636521   -1.234597    5.886   17.560   -6.906 S_000006
   5 N  -107.507  -97.692  150.550  132.994  -78.491  149.706  111.973  -29.202  163.078 -109.175    0.395356   -0.491001   -1.387463   -0.800697   -1.378734   -1.702824   -1.922681   -0.722138   -1.183556    7.878   24.011   -7.822 S_000006
   6 H   -55.130  157.400   54.891   82.251    0.000    0.000   77.705   39.525   91.916  139.384    0.292273   -1.407621   -0.494404   -0.787073   -1.578038   -1.567340   -1.859353   -0.716828   -1.214373    9.432   28.759  -10.212 S_000006
SCORE:     0.084                  0.084          0          0          2    S_000007
   1 H     0.000  170.252   55.279  105.455  -42.841   88.486   82.003   -2.196  136.400 -152.234    0.430725   -0.994819   -1.075472   -0.890721   -1.561579   -1.604279   -1.946214   -0.753783   -1.158869    3.794    0.984    0.238 S_000007
   2 P   168.851  143.212   55.325  125.424 -126.095  136.089   98.203  -16.131  146.351    9.349    0.427935   -0.646727   -1.313571   -0.851985   -1.339061   -1.781991   -1.948486   -0.707909   -1.178759    4.816    5.443   -0.693 S_000007
   3 P   147.134 -168.848  174.551   84.578 -147.110  -72.890   70.254   33.977   96.687  -24.297    0.349584   -1.331002   -0.659733   -0.788648   -1.484050   -1.669911   -1.886169   -0.707459   -1.211906    9.081   10.406    0.337 S_000007
   4 P   -64.132 -173.986   78.117  144.021 -102.288  161.905  145.881  -36.810  165.935  140.551    0.336458   -0.426064   -1.426571   -0.777721   -1.432900   -1.660443   -1.911454   -0.752573   -1.189238   12.758   15.601    0.590 S_000007
   5 P   135.071 -114.279 -179.737   85.360 -120.889  -75.102   41.219   36.895   93.643  -27.242    0.324250   -1.355896   -0.615526   -0.783410   -1.484351   -1.662550   -1.876224   -0.695643   -1.224234   16.164   21.240   -0.160 S_000007
   6 H   -58.021  162.414   58.514   79.798    0.000    0.000   76.231   38.071   94.936   75.716    0.304997   -1.404738   -0.514885   -0.793896   -1.585169   -1.567902   -1.864149   -0.719728   -1.216227   20.206   25.853   -0.463 S_000007
SCORE:     0.105                  0.105          0          0          0    S_000008
   1 H     0.000  170.252   55.279  101.643    3.181  174.445   73.567   22.024  114.506  -29.477    0.389312   -1.192445   -0.874421   -0.853200   -1.418041   -1.730451   -1.900615   -0.609245   -1.260274    3.794    0.984    0.238 S_000008
   2 N  -173.868 -178.616  179.685   86.902 -146.045  -72.431   81.778   39.756   88.577  -12.629    0.302540   -1.355778   -0.621490   -0.770300   -1.422934   -1.707921   -1.886028   -0.702878   -1.216575    7.813    3.950   -4.299 S_000008
   3 P   155.560  161.070 -178.457   84.276 -122.408  -98.195   69.445   34.862   99.023  -17.493    0.336436   -1.355400   -0.607953   -0.795993   -1.522882   -1.622071   -1.870210   -0.689281   -1.222321   10.923    9.813   -6.116 S_000008
   4 P  -170.283  161.190 -176.306  140.990 -163.860 -102.059  133.153  -32.306  149.951  165.152    0.350717   -0.168927   -1.477787   -0.803819   -1.029144   -1.981828   -1.933928   -0.657356   -1.225843   11.978   16.894   -5.434 S_000008
   5 P   -73.299 -153.922   37.561  134.376 -117.922  179.990  135.214  -32.500  159.044 -172.187    0.341690   -0.483427   -1.410623   -0.819998   -1.428805   -1.692496   -1.939475   -0.755895   -1.172241   13.985   23.305   -6.371 S_000008
   6 H  -155.885 -169.914   57.536   75.270    0.000    0.000   68.850   37.004  101.700   -8.307    0.278472   -1.469659   -0.292998   -0.837230   -1.815755   -1.279717   -1.839734   -0.823262   -1.150866   18.114   28.723   -4.381 S_000008
SCORE:     0.131                  0.131          0          0          2    S_000009
   1 H     0.000  170.252   55.279  149.651  -76.396   99.515  113.723  -35.529  156.890 -160.674    0.329506   -0.150507   -1.479126   -0.792548   -1.070490   -1.944521   -1.924787   -0.667098   -1.217795    3.794    0.984    0.238 S_000009
   2 P    51.708  166.016  165.802  144.117 -158.911  172.559 -116.298  -36.379  164.491  -35.030    0.332415   -0.279857   -1.462557   -0.789069   -1.253212   -1.810639   -1.936782   -0.713043   -1.201460    7.890    3.863    0.822 S_000009
   3 P   -81.652 -178.034   53.451   83.442 -147.564  -44.276   75.173   41.758   87.635  -31.918    0.303963   -1.353876   -0.609066   -0.733318   -1.394804   -1.719075   -1.857229   -0.667708   -1.238176   13.625    6.839    2.113 S_000009
   4 P  -110.003  -95.178 -170.804   85.262 -152.851  -73.112   64.455   36.565   94.655  -23.735    0.333988   -1.354956   -0.605888   -0.774081   -1.501600   -1.649669   -1.863825   -0.691328   -1.230508   17.069    7.912    7.910 S_000009
   5 P   -61.864  168.385   58.325   83.854 -154.815  -94.162   82.525   37.197   95.852 -175.926    0.303655   -1.395818   -0.519820   -0.803462   -1.582061   -1.554381   -1.864894   -0.726094   -1.203389   19.838   10.154   12.777 S_000009
   6 H   -71.218 -175.483   58.597   90.742    0.000    0.000   89.042   33.112   96.202  -14.013    0.345780   -1.289032   -0.744945   -0.804166   -1.390087   -1.747510   -1.906287   -0.668764   -1.222305   24.049   12.775   17.094 S_000009
SCORE:     0.108                  0.108          0          0          1    S_000010
   1 H     0.000  170.252   55.279  105.455  -42.841   88.486   82.003   -2.196  136.400 -152.234    0.430725   -0.994819   -1.075472   -0.890721   -1.561579   -1.604279   -1.946214   -0.753783   -1.158869    3.794    0.984    0.238 S_000010
   2 N   120.939 -108.945 -177.075   91.117  -99.223  -60.656   67.302   34.779   88.398  -20.152    0.345701   -1.250938   -0.811405   -0.787769   -1.268935   -1.845081   -1.922812   -0.683666   -1.219412    7.512    4.067   -1.274 S_000010
   3 P   -56.728 -135.352   55.393  149.224 -123.136 -178.792  170.161  -35.689  154.774   66.233    0.315626   -0.082044   -1.489922   -0.809591   -0.984964   -1.998443   -1.944815   -0.676804   -1.231013   10.095    9.666   -3.165 S_000010
   4 P   166.978  176.904  177.152   84.171 -133.729  -88.107   85.510   32.221   98.769  169.890    0.360736   -1.323192   -0.665088   -0.794830   -1.503909   -1.648578   -1.883310   -0.724059   -1.201750   12.487   16.345   -2.077 S_000010
   5 P   -57.076  159.557   74.072  122.522 -124.914  176.015  109.465  -27.926  161.760  179.896    0.363848   -0.671595   -1.324732   -0.846074   -1.563840   -1.540839   -1.910259   -0.713848   -1.195912   15.562   21.420   -0.260 S_000010
   6 H   -86.351  108.695  125.553   80.134    0.000    0.000   69.866   38.468   95.133 -172.306    0.288349   -1.395955   -0.516457   -0.805528   -1.567689   -1.574876   -1.860447   -0.707058   -1.215779   19.927   24.213   -0.975 S_000010
