SEQUENCE: gaaaaaaaaaag
SCORE:     score    rna_stub_coord_hack       N_WC      N_NWC       N_BS description
REMARK RNA 
SCORE:    10.934                 10.934          0          0          0    S_000001
   1 H     0.000  170.252   55.279   73.354 -150.305  -82.255   70.930   38.355   99.527   -7.574    0.207089   -1.488148   -0.203841   -0.896224   -1.874010   -1.185888   -1.863687   -0.854839   -1.137909    3.794    0.984    0.238 S_000001
   2 P   -21.910 -139.140  154.847   93.949  175.139  -69.745  132.933   21.913  108.315  -83.615    0.352516   -1.258399   -0.787173   -0.889254   -1.555405   -1.622364   -1.952054   -0.751128   -1.160243    8.501   -0.309   -3.496 S_000001
   3 N  -149.449  161.904  169.889   81.813 -145.400  -65.994  120.751   29.215  116.975    7.240    0.321253   -1.415703   -0.497345   -0.892978   -1.732380   -1.385977   -1.824266   -0.691127   -1.230135   14.631    1.269   -4.520 S_000001
   4 P   171.747  153.395  159.041  148.712 -150.900 -143.856  163.298  -31.676  141.216  -34.261    0.335662   -0.099384   -1.482186   -0.823846   -0.920479   -2.044532   -1.934389   -0.708140   -1.198506   21.343    2.443   -5.528 S_000001
   5 P   -78.439 -166.713   55.136   86.522 -168.736 -103.721   79.008   36.959   90.662 -112.237    0.321968   -1.339346   -0.649363   -0.787948   -1.435039   -1.699090   -1.891627   -0.688926   -1.217574   27.505    2.609   -8.679 S_000001
   6 P   -70.392 -168.786   67.400  152.714  -79.917 -130.447  140.795  -39.652  156.097   50.861    0.325405   -0.132539   -1.474602   -0.745567   -1.130274   -1.890448   -1.904953   -0.748656   -1.182195   34.046    3.114   -9.095 S_000001
   7 P   -33.122 -159.568  151.000  146.506 -145.092 -142.672   79.190  -33.668  154.217 -117.811    0.333818   -0.171529   -1.475823   -0.812366   -1.061031   -1.950460   -1.939960   -0.691146   -1.196381   40.671    4.475   -8.573 S_000001
   8 P   -69.714  149.869   61.159   80.910 -158.014  -56.603   81.687   40.864   90.852  169.137    0.291453   -1.401300   -0.516478   -0.768224   -1.529464   -1.610720   -1.849399   -0.692168   -1.233461   46.595    6.628   -8.990 S_000001
   9 P   -75.630  174.115   54.249   81.519 -147.765  177.573   81.663   47.381   88.277  -87.910    0.252385   -1.422771   -0.497680   -0.703087   -1.452437   -1.672061   -1.787753   -0.635905   -1.281529   51.907    6.173  -11.737 S_000001
  10 P    92.790 -131.652 -169.726   85.409 -153.264  -70.781   60.740   30.905  110.617   -3.839    0.360602   -1.345547   -0.609216   -0.812863   -1.584897   -1.561908   -1.862424   -0.686320   -1.225134   57.121    8.013  -14.502 S_000001
  11 P   144.301 -177.457  168.047  118.394  -83.727 -174.250   12.230  -18.258  135.328  -56.346    0.460209   -0.247345   -1.424070   -0.790326   -0.836688   -2.081905   -1.909305   -0.651561   -1.235348   63.249    6.222  -16.019 S_000001
  12 H  -150.967  167.251   94.553   95.762    0.000    0.000   81.165   27.169   96.431   87.696    0.383773   -1.183721   -0.891027   -0.797867   -1.318057   -1.835794   -1.901964   -0.670654   -1.228481   69.679    6.430  -18.306 S_000001
SCORE:    10.930                 10.930          0          1          2    S_000002
   1 H     0.000  170.252   55.279   78.757 -160.757  -78.610   75.579   37.595   93.179  179.952    0.318947   -1.400572   -0.513415   -0.775982   -1.595889   -1.556057   -1.861257   -0.749847   -1.200428    3.794    0.984    0.238 S_000002
   2 P  -102.951   94.708  139.051   82.373 -143.627  -67.420   77.324   37.698   90.597  -29.905    0.329429   -1.351602   -0.586646   -0.751218   -1.497786   -1.640382   -1.858130   -0.726784   -1.204141    8.312    0.854   -2.990 S_000002
   3 P   -93.154 -157.444   54.300  150.377 -112.935 -160.796  105.347  -36.726  152.260  155.081    0.325182   -0.066179   -1.488565   -0.782637   -0.984831   -1.998773   -1.922659   -0.698395   -1.211700   14.883    2.418   -3.331 S_000002
   4 P   -83.908  173.046   50.187  154.367 -110.331  -46.591  173.875  -33.314  139.163 -137.275    0.324791    0.131950   -1.485093   -0.823679   -0.632730   -2.146412   -1.893214   -0.683652   -1.220557   21.585    2.109   -3.348 S_000002
   5 P   -62.626 -122.615   63.857  147.459 -150.655 -139.352   84.773  -34.014  151.727  144.612    0.349059   -0.165544   -1.477897   -0.787161   -1.059061   -1.954585   -1.923151   -0.725931   -1.189707   25.490   -0.102   -7.876 S_000002
   6 P   145.834  169.864  160.515  116.771 -150.825  -95.969  116.851    6.639  112.778  -49.780    0.428419   -0.827735   -1.201961   -0.850477   -1.142936   -1.957796   -1.955336   -0.681649   -1.210816   32.292   -0.351  -10.461 S_000002
   7 P  -176.305  137.307  171.043   85.565 -130.646 -105.768   74.681   34.485   99.287   -2.152    0.332425   -1.340365   -0.638706   -0.805513   -1.489131   -1.649123   -1.873865   -0.673556   -1.222220   38.779    1.213  -12.978 S_000002
   8 P   -61.991  163.279   55.307   85.100 -151.374  -50.302   78.293   35.569   97.049 -161.880    0.325962   -1.356742   -0.599450   -0.793476   -1.525087   -1.623916   -1.877459   -0.708646   -1.218512   45.208    1.651  -13.837 S_000002
   9 P   -75.584 -132.085   91.249  104.268 -149.224 -171.848  102.423   18.612  131.713   -5.683    0.419027   -1.215611   -0.813500   -0.840430   -1.584066   -1.635919   -1.826410   -0.644085   -1.278143   49.922    6.162  -14.501 S_000002
  10 P   164.423 -126.231  176.251   91.863 -148.152  -95.447   90.726   36.141   94.787  -18.747    0.308216   -1.335123   -0.633984   -0.806988   -1.469271   -1.673926   -1.899392   -0.725780   -1.196649   56.988    6.752  -14.824 S_000002
  11 P   -70.392 -168.786   67.400  152.714  -79.917 -130.447  140.795  -39.652  156.097   50.861    0.325405   -0.132539   -1.474602   -0.745567   -1.130274   -1.890448   -1.904953   -0.748656   -1.182195   63.472    7.861  -16.182 S_000002
  12 H   -71.184 -179.128   50.105   78.246    0.000    0.000   79.820   42.594   88.849  129.592    0.280288   -1.422316   -0.464073   -0.755665   -1.562771   -1.579995   -1.839906   -0.708085   -1.230410   70.292    7.420  -17.172 S_000002
SCORE:    10.847                 10.847          0          0          3    S_000003
   1 H     0.000  170.252   55.279   85.841 -162.580  -69.461   85.844   36.281   98.680 -125.874    0.334718   -1.371756   -0.566237   -0.770396   -1.548511   -1.592242   -1.849766   -0.721219   -1.213638    3.794    0.984    0.238 S_000003
   2 N   -26.065 -130.630  172.007  146.335 -141.275 -135.325   80.380  -33.279  151.090  147.354    0.335607   -0.153277   -1.484134   -0.814503   -1.030406   -1.984215   -1.942102   -0.701556   -1.201120    8.924   -0.499   -2.264 S_000003
   3 P   -87.787  177.868   72.488  125.142 -164.828 -151.898  111.548  -19.213  150.164  -29.735    0.411216   -0.574601   -1.357123   -0.857597   -1.302692   -1.814919   -1.954673   -0.693383   -1.189634   15.758   -0.364   -1.338 S_000003
   4 N   -66.463  162.078   54.686   83.560 -155.491  -65.665   72.480   44.823   89.096  -20.950    0.269702   -1.450519   -0.435458   -0.751921   -1.515948   -1.569508   -1.847403   -0.685644   -1.241394   22.088   -1.088   -1.118 S_000003
   5 P  -117.356   78.766  152.289   84.543 -132.316  -68.848   62.158   37.698   90.344  -15.581    0.322935   -1.348605   -0.622837   -0.774808   -1.454441   -1.682579   -1.885989   -0.714108   -1.208428   27.824   -0.842   -0.216 S_000003
   6 P  -170.257 -176.118  168.457  154.693  -96.790  -77.772  166.626  -41.004  158.432  -92.486    0.301209   -0.017468   -1.492097   -0.757842   -1.009016   -1.965277   -1.908312   -0.715882   -1.203518   34.226    0.327   -2.250 S_000003
   7 P   -63.250  175.683   65.794  149.949 -131.110 -149.590  116.670  -46.360  165.701  151.659    0.291047   -0.023190   -1.497427   -0.685692   -1.116595   -1.889345   -1.874813   -0.741826   -1.205416   40.322    2.200   -2.655 S_000003
   8 P   166.345  136.515  176.959   87.298 -141.961  -85.985   88.233   36.289   90.829  -13.741    0.336751   -1.319590   -0.670557   -0.773868   -1.420417   -1.716763   -1.889689   -0.708570   -1.210282   47.562    2.944   -2.138 S_000003
   9 N   -56.323  174.082   48.088   84.541 -167.213 -103.451   96.804   35.162   95.241  174.082    0.329159   -1.345000   -0.641416   -0.804535   -1.483201   -1.666557   -1.894831   -0.706109   -1.209019   53.653    3.897   -3.597 S_000003
  10 P   -68.583  174.560   57.210   78.473 -146.553  -72.768   83.682   44.038   88.634 -137.919    0.273398   -1.417862   -0.476246   -0.739505   -1.517283   -1.609492   -1.842702   -0.717526   -1.219324   59.764    3.931   -5.324 S_000003
  11 P  -126.179  138.940  177.602  128.870 -175.447  -84.014   96.666  -24.675  144.399   34.291    0.429508   -0.180220   -1.458434   -0.791134   -0.883354   -2.050890   -1.911737   -0.664996   -1.226029   65.726    1.446   -5.799 S_000003
  12 H   -68.261  172.435   55.546   80.058    0.000    0.000   78.729   37.197   94.299  -19.606    0.324981   -1.361680   -0.598757   -0.777336   -1.487381   -1.641519   -1.858033   -0.687761   -1.221669   71.335    2.805   -4.152 S_000003
SCORE:    10.992                 10.992          0          1          1    S_000004
   1 H     0.000  170.252   55.279   78.483 -163.798  -74.927   74.534   33.804  108.213  133.068    0.310195   -1.450941   -0.340102   -0.834460   -1.818104   -1.276874   -1.806784   -0.794376   -1.173125    3.794    0.984    0.238 S_000004
   2 P   -92.210  108.159  113.439   82.875 -150.173  -72.997   62.140   34.061   99.295   -5.264    0.331797   -1.377528   -0.560394   -0.809139   -1.601080   -1.556637   -1.879864   -0.744515   -1.191840    8.475    0.600   -2.315 S_000004
   3 P   -58.814 -149.242   63.566   83.110   70.248   70.733  127.741   34.777   97.296  -71.944    0.338408   -1.305551   -0.698924   -0.792768   -1.409360   -1.724075   -1.876603   -0.641060   -1.249561   14.765    0.977   -0.590 S_000004
   4 P    83.922  155.779  172.347  150.835 -109.404 -100.633  -46.095  -39.295  159.270 -110.432    0.315190   -0.142798   -1.487833   -0.765905   -1.137976   -1.900967   -1.919913   -0.741333   -1.190146   21.093    1.760   -0.885 S_000004
   5 P  -154.050  145.148  124.520   89.904 -156.931 -129.437   98.571   22.752  116.377   53.243    0.366115   -1.304268   -0.738772   -0.890164   -1.596323   -1.568220   -1.925176   -0.727709   -1.180955   27.924    2.311   -2.739 S_000004
   6 N   -63.846  165.988   55.584   80.442 -150.752  -83.560   79.318   38.280   95.916  174.765    0.302786   -1.409936   -0.490491   -0.793349   -1.604580   -1.543837   -1.854498   -0.719089   -1.216381   34.113    3.841   -3.674 S_000004
   7 P   -60.097 -146.945   70.140  151.229  -90.777 -175.526  161.181  -30.121  151.629   72.288    0.397053   -0.211454   -1.442957   -0.761754   -1.043461   -1.970860   -1.893172   -0.716125   -1.225162   39.927    4.963   -6.727 S_000004
   8 N   -55.580  145.075   66.462   82.708 -160.197  -64.411   97.372   36.665   93.580  178.656    0.317198   -1.388703   -0.553085   -0.796891   -1.570226   -1.590571   -1.890419   -0.762804   -1.177448   45.429    6.408   -8.984 S_000004
   9 P  -141.103   93.426  169.495   91.069 -150.020  -92.359   62.089   37.264   87.277  136.929    0.317046   -1.318105   -0.686127   -0.788078   -1.384274   -1.745631   -1.907231   -0.711992   -1.202040   51.415    8.203   -9.956 S_000004
  10 N   -63.044  163.225   52.892   91.812 -143.850 -123.175  109.117   33.283  100.187  177.198    0.344071   -1.312399   -0.675643   -0.802394   -1.462053   -1.676116   -1.876228   -0.649763   -1.233711   57.354    6.501  -10.666 S_000004
  11 P  -133.749 -135.407  144.310  130.845 -116.303 -178.649  121.579  -35.275  165.934  163.039    0.368044   -0.566274   -1.363413   -0.770648   -1.563835   -1.500435   -1.902733   -0.799223   -1.154475   64.436    8.096  -11.886 S_000004
  12 H    -5.038 -158.239  -69.188   85.275    0.000    0.000   76.359   37.653   90.721  -26.379    0.318764   -1.354057   -0.621956   -0.780203   -1.463565   -1.680913   -1.882389   -0.701769   -1.218447   70.313    6.866  -13.362 S_000004
SCORE:    11.079                 11.079          0          1          2    S_000005
   1 H     0.000  170.252   55.279   76.646 -154.969  -77.090   68.347   34.346  102.364  179.889    0.342815   -1.385502   -0.498552   -0.795733   -1.649708   -1.495444   -1.858198   -0.754848   -1.193943    3.794    0.984    0.238 S_000005
   2 P  -136.198 -122.857 -158.492  106.180 -124.887  -76.026   74.874   19.311  100.658  168.675    0.405981   -1.001253   -1.074308   -0.820525   -1.157218   -1.951689   -1.924168   -0.645988   -1.229494    7.646   -2.493   -4.517 S_000005
   3 N   -71.186 -177.933   60.142   83.647 -134.535  -77.149   76.409   40.777   88.377  -20.750    0.283177   -1.368359   -0.604357   -0.776805   -1.424132   -1.697344   -1.897396   -0.708662   -1.209384   13.279   -3.987   -7.495 S_000005
   4 P  -154.110  177.465  163.988   84.786   25.390 -179.014   86.764   31.051  102.698   25.124    0.355035   -1.299002   -0.698685   -0.820070   -1.469196   -1.668745   -1.888201   -0.662177   -1.225535   18.975   -0.179   -8.692 S_000005
   5 N     0.000  172.529   46.705 -224.118  207.242  179.205  148.966  -29.080  158.819  -19.114    0.380377   -0.446779   -1.400362   -0.814079   -1.322168   -1.752573   -1.949733   -0.675138   -1.201495   25.357   -1.186   -8.189 S_000005
   6 P   -68.196  154.673   61.092   83.475 -145.281  -61.503   89.604   40.640   89.789  -18.267    0.288933   -1.356054   -0.610669   -0.770218   -1.407620   -1.701451   -1.844313   -0.617865   -1.248176   31.152    0.465   -9.355 S_000005
   7 P   -60.047  171.003   59.872  136.864  -95.432  147.564  119.223  -31.971  158.999   16.550    0.359025   -0.323656   -1.446134   -0.808931   -1.227191   -1.844747   -1.951779   -0.702825   -1.202525   36.836   -0.781  -10.644 S_000005
   8 P   133.672  116.324  174.939   85.959 -147.791  -72.484   76.620   37.073   93.583  177.523    0.326800   -1.349232   -0.605191   -0.775282   -1.479584   -1.652634   -1.864206   -0.707319   -1.206991   43.342    0.313  -10.582 S_000005
   9 P  -171.138 -159.674  155.788   87.190 -128.050 -166.775   84.303   35.145   89.823 -155.916    0.321597   -1.298553   -0.720453   -0.812913   -1.374949   -1.752188   -1.910608   -0.679834   -1.214896   50.106    0.628  -11.175 S_000005
  10 P   147.134 -168.848  174.551   84.578 -147.110  -72.890   70.254   33.977   96.687  -24.297    0.349584   -1.331002   -0.659733   -0.788648   -1.484050   -1.669911   -1.886169   -0.707459   -1.211906   56.689    1.795  -13.902 S_000005
  11 P  -172.604  161.126  159.864  155.138 -101.607 -139.360  -48.863  -40.948  155.621   78.591    0.319081    0.026124   -1.484098   -0.731166   -0.944630   -1.986654   -1.887978   -0.700564   -1.211859   63.174    1.225  -16.231 S_000005
  12 H   -71.021  178.076   54.908   86.483    0.000    0.000   89.714   35.791   96.957  -55.578    0.315521   -1.363351   -0.605400   -0.807516   -1.519179   -1.632664   -1.878760   -0.692821   -1.221625   69.812    2.667  -17.313 S_000005
SCORE:    10.826                 10.826          0          0          2    S_000006
   1 H     0.000  170.252   55.279   79.093 -153.924  -81.667   71.105   40.491   96.299  -20.307    0.288880   -1.430811   -0.426317   -0.774891   -1.624428   -1.497640   -1.801228   -0.685281   -1.237980    3.794    0.984    0.238 S_000006
   2 P  -126.250  106.011  168.977   85.439 -139.330  -69.420   50.139   35.086   94.746  179.888    0.323314   -1.344139   -0.631905   -0.807581   -1.496027   -1.655632   -1.891815   -0.714598   -1.199423    8.373    0.247   -3.965 S_000006
   3 P   163.850  141.944   53.340  149.322 -136.992  169.639  100.626  -38.298  156.829  -94.857    0.307222   -0.158476   -1.484788   -0.790412   -1.140342   -1.903596   -1.933724   -0.753839   -1.176530   13.393    0.925   -8.775 S_000006
   4 P   -63.560  161.617   56.718   84.076 -163.428  -73.962   95.905   37.001   96.002  178.226    0.323921   -1.371034   -0.575815   -0.779925   -1.532582   -1.621582   -1.869756   -0.717088   -1.217926   19.366    0.879   -9.859 S_000006
   5 P   -57.485  160.139   75.855  150.070 -129.358 -140.723  124.656  -40.385  156.749  145.069    0.321419   -0.067867   -1.491898   -0.742948   -1.064012   -1.946365   -1.896169   -0.757348   -1.185391   24.952    1.602  -10.861 S_000006
   6 P  -171.683  150.567  158.405   86.589 -114.846 -110.635  130.117   15.638  130.615   37.393    0.367847   -1.318887   -0.687781   -0.936999   -1.752471   -1.366717   -1.880904   -0.733340   -1.188375   31.209    4.418  -13.233 S_000006
   7 P   -76.537  178.907   62.832   86.529 -164.364  -61.107   91.633   37.320   90.941  179.957    0.316539   -1.353772   -0.618165   -0.787401   -1.467721   -1.669326   -1.884697   -0.697694   -1.221119   37.243    4.303  -16.581 S_000006
   8 N  -148.162  164.915  118.385  145.355 -109.323 -178.043  158.161  -25.949  134.973  153.436    0.357113   -0.162484   -1.477571   -0.854725   -0.883260   -2.080780   -1.943630   -0.688761   -1.201220   43.607    2.724  -16.108 S_000006
   9 P   148.018 -159.875 -170.615   87.549 -119.792 -112.836  138.540   18.188  129.368 -128.410    0.355368   -1.375549   -0.603355   -0.943437   -1.797650   -1.296900   -1.849026   -0.736252   -1.191218   50.609    3.478  -15.117 S_000006
  10 P  -163.415 -164.775  171.520   87.292 -173.272  -90.210   95.538   33.873  101.998   69.427    0.333059   -1.348368   -0.630589   -0.813263   -1.521104   -1.634527   -1.885456   -0.693273   -1.220867   57.362    1.199  -16.526 S_000006
  11 P  -166.924 -154.036  159.889   90.332 -178.658 -136.635   73.477   26.413  115.255    3.673    0.345049   -1.323606   -0.689620   -0.882069   -1.572952   -1.568229   -1.923026   -0.712384   -1.176451   63.777   -0.633  -17.952 S_000006
  12 H    68.667 -172.066   51.663   88.495    0.000    0.000   55.396   34.721   95.953 -173.587    0.405472   -1.258943   -0.757221   -0.712817   -1.288747   -1.764015   -1.893222   -0.732837   -1.198589   69.871    0.724  -18.084 S_000006
SCORE:    11.473                 11.473          0          0          1    S_000007
   1 H     0.000  170.252   55.279   83.834 -145.557  -51.597   75.133   36.561   92.684  -22.286    0.323770   -1.351789   -0.620388   -0.784544   -1.480685   -1.658720   -1.879229   -0.698025   -1.217586    3.794    0.984    0.238 S_000007
   2 P  -106.372   87.012  163.300   89.223 -126.155  -71.902   58.053   24.477  104.877  -76.828    0.377553   -1.257416   -0.781825   -0.846638   -1.515195   -1.669047   -1.911555   -0.731597   -1.183915    7.994   -1.184   -2.556 S_000007
   3 P   -57.076  159.557   74.072  122.522 -124.914  176.015  109.465  -27.926  161.760  179.896    0.363848   -0.671595   -1.324732   -0.846074   -1.563840   -1.540839   -1.910259   -0.713848   -1.195912   13.821   -2.661   -2.650 S_000007
   4 N  -178.810  153.055  135.770  106.704 -138.327 -112.358  127.377   22.478   87.323  -11.418    0.409131   -0.973460   -1.098711   -0.809248   -1.028300   -2.013690   -1.923910   -0.665663   -1.225656   20.716   -1.799   -2.320 S_000007
   5 N  -175.873  129.154  170.686   86.137  -93.504 -119.198   62.975   34.945   90.884  -14.670    0.336428   -1.307129   -0.709811   -0.796257   -1.399775   -1.739041   -1.905209   -0.694020   -1.212799   27.770   -0.426   -3.031 S_000007
   6 P  -104.993  127.762   90.615   79.264 -133.815  -75.470   56.583   38.260   94.324  -26.479    0.301404   -1.426043   -0.432946   -0.785314   -1.672634   -1.473623   -1.854459   -0.791924   -1.170323   32.602   -0.370   -7.457 S_000007
   7 N  -148.162  164.915  118.385  145.355 -109.323 -178.043  158.161  -25.949  134.973  153.436    0.357113   -0.162484   -1.477571   -0.854725   -0.883260   -2.080780   -1.943630   -0.688761   -1.201220   39.069   -2.387   -8.788 S_000007
   8 P   -56.216  173.996   51.442   88.216 -177.968  -81.302   89.840   33.180   94.605  -66.941    0.343357   -1.302622   -0.719313   -0.810031   -1.420597   -1.722724   -1.924577   -0.727126   -1.191358   45.297   -1.561   -9.708 S_000007
   9 P   152.804  179.450  178.912   87.198 -154.572  -78.725   73.493   37.836   90.078  169.479    0.323288   -1.361977   -0.597100   -0.768408   -1.488119   -1.654360   -1.884994   -0.739724   -1.191211   51.539   -2.574  -11.470 S_000007
  10 N   -75.477  156.926   72.364   80.894 -157.359  -87.532   69.255   38.320   96.246  179.897    0.302486   -1.402402   -0.527240   -0.787357   -1.573570   -1.582381   -1.859787   -0.718425   -1.211611   57.570   -2.513  -11.494 S_000007
  11 P  -128.384  113.180  162.852   86.269 -121.412  -87.458   58.577   34.811   87.922  -17.940    0.354485   -1.288841   -0.734645   -0.775911   -1.359654   -1.760900   -1.893358   -0.695028   -1.213425   63.853   -2.664  -10.556 S_000007
  12 H   145.250   82.447  165.064   76.957    0.000    0.000   72.136   34.991  101.811  -96.283    0.339986   -1.358360   -0.621097   -0.791747   -1.517666   -1.640441   -1.877559   -0.707182   -1.218615   70.426   -4.638  -11.267 S_000007
SCORE:    10.774                 10.774          0          1          0    S_000008
   1 H     0.000  170.252   55.279   87.471 -168.797  -60.206   77.858   39.127   88.888  179.939    0.307595   -1.338485   -0.638738   -0.772425   -1.400676   -1.716864   -1.872888   -0.643780   -1.254950    3.794    0.984    0.238 S_000008
   2 P  -119.464   88.323  161.754   89.100 -132.685  -65.934   58.494   35.313   83.955   60.290    0.358458   -1.250811   -0.782860   -0.763766   -1.275202   -1.822336   -1.912556   -0.754868   -1.176177    8.760    0.118   -2.369 S_000008
   3 N  -107.644  175.426   82.093   87.681 -132.813 -122.073   86.572   32.723   97.857  -95.521    0.410239   -1.228386   -0.684488   -0.690658   -1.412545   -1.699422   -1.794320   -0.657205   -1.253733   15.327    0.531   -2.972 S_000008
   4 P  -174.693  125.315   70.626  100.770 -168.348 -125.431   59.244    6.694  142.590  165.496    0.406817   -1.171540   -0.911572   -0.936605   -1.632745   -1.491397   -1.901210   -0.662736   -1.210185   21.311   -1.841   -6.213 S_000008
   5 P   -56.602  169.819   59.880  148.016 -135.011  178.478  120.148  -32.889  143.708  -19.080    0.344597   -0.101549   -1.481717   -0.800183   -0.950280   -2.028627   -1.919452   -0.736545   -1.187799   27.472   -3.211   -6.512 S_000008
   6 P  -154.646  165.206   64.173   91.486  -90.522 -145.826  119.671   34.460   93.366 -146.102    0.329474   -1.303288   -0.710980   -0.808910   -1.401520   -1.730630   -1.902321   -0.671435   -1.220425   33.736   -5.585   -8.347 S_000008
   7 P   -33.390  139.255   61.813  118.151 -129.280  171.883  103.768   -0.194  134.967    3.271    0.419238   -0.898866   -1.176938   -0.918863   -1.358164   -1.770009   -1.979291   -0.672376   -1.177622   39.788   -3.708   -8.134 S_000008
   8 P  -167.631  177.125   63.936  148.721 -114.320  176.453   96.592  -39.276  160.663  -80.184    0.315889   -0.217056   -1.474414   -0.766409   -1.232285   -1.836424   -1.924195   -0.750433   -1.184996   46.599   -5.336   -7.630 S_000008
   9 P   164.582 -172.155 -177.961   81.839 -121.188  -67.685   55.563   37.901   94.530  -40.595    0.329303   -1.376646   -0.558737   -0.763218   -1.531940   -1.616400   -1.853665   -0.704182   -1.225149   53.589   -4.412   -8.632 S_000008
  10 P   -33.122 -159.568  151.000  146.506 -145.092 -142.672   79.190  -33.668  154.217 -117.811    0.333818   -0.171529   -1.475823   -0.812366   -1.061031   -1.950460   -1.939960   -0.691146   -1.196381   59.502   -2.669   -7.633 S_000008
  11 P    87.693 -124.524 -166.514  105.152 -163.034   93.959  107.621    9.743  133.912   13.249    0.414659   -1.101163   -0.970586   -0.901745   -1.478920   -1.638627   -1.913380   -0.601823   -1.211710   65.460   -2.471   -8.124 S_000008
  12 H   -67.460  137.344   77.819   86.253    0.000    0.000   70.244   32.846  101.183  160.979    0.329895   -1.367488   -0.588969   -0.825954   -1.588908   -1.567345   -1.892154   -0.744987   -1.184107   68.615   -5.033  -10.606 S_000008
SCORE:    10.595                 10.595          0          0          3    S_000009
   1 H     0.000  170.252   55.279   83.362  161.300  -70.928  114.330   33.615  108.642 -157.745    0.308422   -1.392637   -0.538137   -0.849983   -1.612972   -1.512021   -1.877597   -0.707014   -1.201991    3.794    0.984    0.238 S_000009
   2 P   145.834  169.864  160.515  116.771 -150.825  -95.969  116.851    6.639  112.778  -49.780    0.428419   -0.827735   -1.201961   -0.850477   -1.142936   -1.957796   -1.955336   -0.681649   -1.210816    9.631   -0.424   -1.434 S_000009
   3 P  -145.987  156.330 -171.280   97.698 -150.657  -84.135   71.724   29.301   97.426  177.190    0.377424   -1.188179   -0.884020   -0.797503   -1.265138   -1.847696   -1.920332   -0.677393   -1.214796   16.025   -2.747    0.072 S_000009
   4 P   -75.273 -177.273   58.457   83.621 -148.329  -78.077  102.680   34.746   99.987  173.216    0.310938   -1.390645   -0.534514   -0.818816   -1.626940   -1.535135   -1.884051   -0.763853   -1.177319   22.435   -1.635    0.674 S_000009
   5 P   -56.720 -155.543   47.716  141.244 -100.674  163.668 -174.879  -34.363  153.975   95.607    0.339976   -0.298078   -1.457780   -0.796881   -1.240437   -1.848814   -1.932678   -0.769924   -1.158519   28.646   -3.243   -0.570 S_000009
   6 N  -107.644  175.426   82.093   87.681 -132.813 -122.073   86.572   32.723   97.857  -95.521    0.410239   -1.228386   -0.684488   -0.690658   -1.412545   -1.699422   -1.794320   -0.657205   -1.253733   34.708   -1.644   -0.680 S_000009
   7 P    97.044 -159.469  179.707  155.744  -97.613 -167.920  -41.320  -40.876  161.823 -176.176    0.303889   -0.071282   -1.489084   -0.757469   -1.076729   -1.923939   -1.915183   -0.715022   -1.208509   40.246    1.527   -2.434 S_000009
   8 P    95.862 -150.045 -177.753  145.463 -163.746 -130.631  132.028  -25.964  134.716  -54.064    0.372792   -0.139680   -1.476267   -0.836576   -0.849905   -2.078892   -1.921957   -0.718372   -1.188673   46.896    2.140   -3.303 S_000009
   9 N  -176.254  137.497  168.550   81.717 -132.895  -59.292   72.443   35.635   96.831  -24.438    0.317162   -1.381236   -0.556771   -0.805344   -1.581183   -1.577185   -1.871131   -0.730026   -1.199217   53.953    1.112   -2.335 S_000009
  10 P   -56.728 -135.352   55.393  149.224 -123.136 -178.792  170.161  -35.689  154.774   66.233    0.315626   -0.082044   -1.489922   -0.809591   -0.984964   -1.998443   -1.944815   -0.676804   -1.231013   60.310   -0.230   -2.604 S_000009
  11 P   144.003  172.063  150.176   89.179 -134.720  -76.023  -51.663   30.794   93.596  -28.716    0.363131   -1.327505   -0.625584   -0.797366   -1.563548   -1.576977   -1.891953   -0.782925   -1.158669   67.137    1.479   -4.084 S_000009
  12 H   -91.762  163.748   87.712   73.354    0.000    0.000   70.930   38.355   99.527   -7.574    0.207089   -1.488148   -0.203841   -0.896224   -1.874010   -1.185888   -1.863687   -0.854839   -1.137909   72.888    1.266   -7.013 S_000009
SCORE:    10.919                 10.919          0          0          2    S_000010
   1 H     0.000  170.252   55.279   96.017  158.889  -87.729  123.712    5.242  137.062  139.504    0.419826   -1.118750   -0.955830   -0.906347   -1.606516   -1.551548   -1.939919   -0.735455   -1.169827    3.794    0.984    0.238 S_000010
   2 N   -68.246 -179.265   60.610   82.394 -166.940 -101.879   80.724   34.938   96.446 -174.394    0.326881   -1.364842   -0.584319   -0.805091   -1.547696   -1.595186   -1.878234   -0.725880   -1.199119    9.390    1.679   -0.914 S_000010
   3 P    69.147  168.508  -47.744  150.543 -148.343 -142.366  171.938  -32.034  145.911   71.933    0.339556   -0.069758   -1.491340   -0.820604   -0.887048   -2.048544   -1.926939   -0.666372   -1.215392   15.602    0.901   -1.071 S_000010
   4 N   137.587 -170.533 -171.519   94.799 -145.911  -66.460   70.720   36.799   89.486  -16.397    0.343215   -1.223738   -0.846956   -0.763254   -1.164451   -1.899283   -1.893385   -0.551026   -1.273253   22.342    0.627   -3.348 S_000010
   5 P   -70.392 -168.786   67.400  152.714  -79.917 -130.447  140.795  -39.652  156.097   50.861    0.325405   -0.132539   -1.474602   -0.745567   -1.130274   -1.890448   -1.904953   -0.748656   -1.182195   28.149   -1.150   -5.444 S_000010
   6 P  -128.384  113.180  162.852   86.269 -121.412  -87.458   58.577   34.811   87.922  -17.940    0.354485   -1.288841   -0.734645   -0.775911   -1.359654   -1.760900   -1.893358   -0.695028   -1.213425   33.924   -3.273   -7.689 S_000010
   7 N  -174.783  120.716  177.399  150.472 -127.479 -150.643  -46.738  -38.379  156.036  172.165    0.295515   -0.075973   -1.493365   -0.801078   -1.032701   -1.963612   -1.942754   -0.690149   -1.211052   40.526   -4.911   -5.673 S_000010
   8 N  -179.671  176.645   66.535  141.940  -81.709 -112.134  176.013  -35.557  166.064  -74.887    0.375155   -0.291920   -1.442431   -0.733234   -1.236576   -1.779231   -1.884131   -0.599273   -1.259692   45.695   -6.951   -0.884 S_000010
   9 P   171.747  153.395  159.041  148.712 -150.900 -143.856  163.298  -31.676  141.216  -34.261    0.335662   -0.099384   -1.482186   -0.823846   -0.920479   -2.044532   -1.934389   -0.708140   -1.198506   52.676   -7.108   -2.097 S_000010
  10 N   -50.978  174.223   61.999   88.002 -162.683  -59.271   84.667   41.046   87.712  -26.708    0.288658   -1.341086   -0.646796   -0.766439   -1.360639   -1.748834   -1.879148   -0.645047   -1.248174   58.894   -8.671   -3.301 S_000010
  11 P   -62.626 -122.615   63.857  147.459 -150.655 -139.352   84.773  -34.014  151.727  144.612    0.349059   -0.165544   -1.477897   -0.787161   -1.059061   -1.954585   -1.923151   -0.725931   -1.189707   65.306   -8.780   -3.551 S_000010
  12 H   162.513 -167.807  172.381   81.299    0.000    0.000   61.548   38.934   89.808  -27.617    0.322958   -1.363528   -0.582314   -0.751056   -1.483400   -1.654727   -1.850353   -0.691242   -1.219953   71.513   -9.640    0.048 S_000010
