SEQUENCE: gg
SCORE:     score    rna_stub_coord_hack       N_WC      N_NWC       N_BS description
REMARK RNA 
SCORE:     0.004                  0.004          0          0          0    S_000001
   1 H     0.000  170.252   55.279  133.755  108.231  -49.715  109.907  -30.244  144.609  -10.374    0.331417   -0.126768   -1.496289   -0.854359   -0.930007   -2.053132   -1.956414   -0.700840   -1.196935    3.794    0.984    0.238 S_000001
   2 H    47.556  144.425   61.136   92.547    0.000    0.000  139.403   37.074   84.758 -124.935    0.313443   -1.267357   -0.784498   -0.795730   -1.251154   -1.837890   -1.916327   -0.656480   -1.227615    6.093   -1.345    2.808 S_000001
SCORE:     0.004                  0.004          0          0          0    S_000002
   1 H     0.000  170.252   55.279  133.755  108.231  -49.715  109.907  -30.244  144.609  -10.374    0.331417   -0.126768   -1.496289   -0.854359   -0.930007   -2.053132   -1.956414   -0.700840   -1.196935    3.794    0.984    0.238 S_000002
   2 H   -69.992  177.078   52.342   80.767    0.000    0.000   77.913   39.250   93.320  179.925    0.303469   -1.405025   -0.501164   -0.776600   -1.575712   -1.570066   -1.851923   -0.717988   -1.217344    6.774    0.816    3.101 S_000002
SCORE:     0.004                  0.004          0          0          0    S_000003
   1 H     0.000  170.252   55.279  133.755  108.231  -49.715  109.907  -30.244  144.609  -10.374    0.331417   -0.126768   -1.496289   -0.854359   -0.930007   -2.053132   -1.956414   -0.700840   -1.196935    3.794    0.984    0.238 S_000003
   2 H   -70.602 -170.056   44.704   80.460    0.000    0.000   83.963   38.174   94.001  154.367    0.316693   -1.379783   -0.563948   -0.777812   -1.524896   -1.627267   -1.865318   -0.704343   -1.220997    7.098    0.798    3.112 S_000003
SCORE:     0.004                  0.004          0          0          0    S_000004
   1 H     0.000  170.252   55.279  133.755  108.231  -49.715  109.907  -30.244  144.609  -10.374    0.331417   -0.126768   -1.496289   -0.854359   -0.930007   -2.053132   -1.956414   -0.700840   -1.196935    3.794    0.984    0.238 S_000004
   2 H   154.447 -154.436  172.781   84.973    0.000    0.000   59.940   37.184   89.314  -14.597    0.337532   -1.318546   -0.670858   -0.757594   -1.400789   -1.725901   -1.884728   -0.702431   -1.211978    6.986   -1.350    2.992 S_000004
SCORE:     0.004                  0.004          0          0          0    S_000005
   1 H     0.000  170.252   55.279  133.755  108.231  -49.715  109.907  -30.244  144.609  -10.374    0.331417   -0.126768   -1.496289   -0.854359   -0.930007   -2.053132   -1.956414   -0.700840   -1.196935    3.794    0.984    0.238 S_000005
   2 H   -63.906  176.814   52.813   79.429    0.000    0.000   84.459   38.912   92.646  179.950    0.293216   -1.380176   -0.564840   -0.791118   -1.521466   -1.641284   -1.880296   -0.724033   -1.210031    6.664    0.811    3.091 S_000005
SCORE:     0.004                  0.004          0          0          0    S_000006
   1 H     0.000  170.252   55.279  133.755  108.231  -49.715  109.907  -30.244  144.609  -10.374    0.331417   -0.126768   -1.496289   -0.854359   -0.930007   -2.053132   -1.956414   -0.700840   -1.196935    3.794    0.984    0.238 S_000006
   2 H   129.737 -118.028 -168.882   83.795    0.000    0.000   69.662   38.682   89.935  -17.851    0.319790   -1.352604   -0.619055   -0.765077   -1.443044   -1.692210   -1.869070   -0.690534   -1.222107    5.990   -1.792    2.382 S_000006
SCORE:     0.004                  0.004          0          0          0    S_000007
   1 H     0.000  170.252   55.279  133.755  108.231  -49.715  109.907  -30.244  144.609  -10.374    0.331417   -0.126768   -1.496289   -0.854359   -0.930007   -2.053132   -1.956414   -0.700840   -1.196935    3.794    0.984    0.238 S_000007
   2 H   -66.825  162.170   75.116   81.831    0.000    0.000   77.162   38.184   93.167  -31.491    0.302825   -1.398513   -0.510574   -0.790750   -1.589786   -1.568130   -1.871649   -0.739849   -1.206829    6.369    0.857    3.010 S_000007
SCORE:     0.004                  0.004          0          0          0    S_000008
   1 H     0.000  170.252   55.279  133.755  108.231  -49.715  109.907  -30.244  144.609  -10.374    0.331417   -0.126768   -1.496289   -0.854359   -0.930007   -2.053132   -1.956414   -0.700840   -1.196935    3.794    0.984    0.238 S_000008
   2 H   -96.900   82.369  178.575   80.004    0.000    0.000   44.549   40.808   90.174  -78.026    0.304167   -1.395917   -0.516917   -0.748655   -1.530765   -1.609831   -1.848634   -0.714917   -1.219600    6.631    2.097    1.727 S_000008
SCORE:     0.004                  0.004          0          0          0    S_000009
   1 H     0.000  170.252   55.279  133.755  108.231  -49.715  109.907  -30.244  144.609  -10.374    0.331417   -0.126768   -1.496289   -0.854359   -0.930007   -2.053132   -1.956414   -0.700840   -1.196935    3.794    0.984    0.238 S_000009
   2 H   -70.092 -171.106   52.353   86.090    0.000    0.000   78.958   36.062   95.425  -73.803    0.327738   -1.355253   -0.610128   -0.790255   -1.503762   -1.645235   -1.879788   -0.703958   -1.217553    7.064    0.801    3.113 S_000009
SCORE:     0.004                  0.004          0          0          0    S_000010
   1 H     0.000  170.252   55.279  133.755  108.231  -49.715  109.907  -30.244  144.609  -10.374    0.331417   -0.126768   -1.496289   -0.854359   -0.930007   -2.053132   -1.956414   -0.700840   -1.196935    3.794    0.984    0.238 S_000010
   2 H   166.134 -179.860 -175.583   80.376    0.000    0.000   59.347   37.791   96.565  -20.129    0.319472   -1.385051   -0.567898   -0.776744   -1.532389   -1.620486   -1.864649   -0.700421   -1.229956    7.529   -0.768    3.160 S_000010
