SEQUENCE: gaaaag
SCORE:     score    rna_stub_coord_hack       N_WC      N_NWC       N_BS description
REMARK RNA 
SCORE:     0.000                  0.000          0          0          3    S_000001
   1 H     0.000  170.252   55.279   90.903 -136.900  -72.093   61.731   33.350   97.823  -23.037    0.330008   -1.306771   -0.720159   -0.821413   -1.421110   -1.722769   -1.894137   -0.641099   -1.245504    3.794    0.984    0.238 S_000001
   2 P   -81.235  177.686   68.814   79.896 -132.679  -67.992   75.767   35.739  101.423  -13.839    0.316377   -1.396665   -0.524264   -0.812331   -1.606158   -1.539772   -1.829489   -0.665338   -1.246931    7.932   -2.441   -3.387 S_000001
   3 P   -52.088  174.179   45.201   77.389 -139.855  -69.954   79.372   32.173  107.461  179.899    0.329837   -1.407463   -0.490399   -0.833361   -1.697612   -1.432102   -1.841873   -0.740668   -1.196407    7.549   -7.192   -7.210 S_000001
   4 P   178.362 -117.443   46.345   80.461 -166.464  -74.598   65.155   34.581   95.122  -68.321    0.350970   -1.355798   -0.613378   -0.779515   -1.533612   -1.627042   -1.885369   -0.752164   -1.191375    2.921   -6.914  -11.678 S_000001
   5 P   -73.688  154.833   59.185  146.485 -111.162  175.140  119.829  -32.346  150.459   20.864    0.348829   -0.220202   -1.465450   -0.808985   -1.098138   -1.929436   -1.939839   -0.717382   -1.183677   -0.184   -2.715   -9.234 S_000001
   6 H   -55.412 -178.790   53.032   85.140    0.000    0.000   74.265   35.053   93.782  -15.776    0.337032   -1.342762   -0.630224   -0.789989   -1.494310   -1.651144   -1.889020   -0.716769   -1.207094   -5.835   -0.602   -7.509 S_000001
SCORE:     0.000                  0.000          0          0          0    S_000002
   1 H     0.000  170.252   55.279   77.932 -123.543  -65.664   65.948   40.835   91.111  -23.024    0.285333   -1.407119   -0.503400   -0.771999   -1.550085   -1.594270   -1.856670   -0.732068   -1.208256    3.794    0.984    0.238 S_000002
   2 P   159.823  148.259   52.017  152.619 -102.582  109.362  112.660  -38.468  158.199  -72.316    0.321336   -0.089259   -1.486939   -0.771327   -1.054341   -1.949287   -1.923012   -0.700543   -1.208381    5.556   -3.411   -4.731 S_000002
   3 P   -40.735  158.388   61.965  150.549 -130.286  129.292  136.883  -36.855  151.084 -172.033    0.324339   -0.006862   -1.489584   -0.784017   -0.909806   -2.041001   -1.917190   -0.686223   -1.220788    4.840   -7.288   -6.803 S_000002
   4 P   -80.038  176.179   50.143  140.545 -121.983  142.556  107.539  -32.297  155.179 -171.391    0.337627   -0.341992   -1.448902   -0.822973   -1.251736   -1.833691   -1.956174   -0.751793   -1.167097    0.016   -6.581   -9.510 S_000002
   5 P   -58.880 -153.226   54.434  144.147  -67.257   73.860   66.392  -28.706  142.368  163.291    0.361599   -0.254219   -1.458133   -0.830878   -1.067976   -1.955576   -1.943258   -0.727350   -1.165126   -4.689   -3.573   -8.166 S_000002
   6 H   -44.734  171.240   43.479   82.899    0.000    0.000   85.242   36.478   95.037  -28.827    0.330702   -1.350686   -0.606015   -0.781294   -1.481612   -1.640128   -1.864349   -0.684934   -1.223029   -2.670   -1.341   -6.966 S_000002
SCORE:     0.000                  0.000          0          0          0    S_000003
   1 H     0.000  170.252   55.279   75.646 -150.257  -73.925   77.224   45.687   87.374  -29.451    0.235695   -1.429752   -0.358869   -0.791052   -1.552785   -1.527771   -1.875543   -0.654152   -1.219090    3.794    0.984    0.238 S_000003
   2 P   139.189  150.933 -154.946   84.716  -99.254 -102.260  133.526   26.254  111.206  179.924    0.363427   -1.336740   -0.628867   -0.851354   -1.649214   -1.504200   -1.893599   -0.754857   -1.177081    7.591   -2.890   -4.008 S_000003
   3 P   -58.134  162.942   64.991   83.261 -136.132  -50.703   66.403   36.238   90.701 -150.548    0.330999   -1.341377   -0.640313   -0.781755   -1.461855   -1.678034   -1.880996   -0.715630   -1.206689    7.396   -6.943   -9.140 S_000003
   4 N    28.230  116.858  -64.042   86.086 -177.369  -76.523   33.822   29.660  101.355  -60.184    0.357288   -1.295361   -0.727268   -0.825279   -1.487446   -1.683047   -1.903784   -0.710823   -1.208443    2.989   -8.946   -8.924 S_000003
   5 N   -55.981  178.657   45.920   81.190 -174.491  -89.094   87.272   34.452   99.226 -133.425    0.333298   -1.369906   -0.569169   -0.800783   -1.575204   -1.569911   -1.863211   -0.719304   -1.206929   -1.634   -6.121   -6.714 S_000003
   6 H   -58.849  170.840   52.344   79.845    0.000    0.000   79.161   38.694   95.430  179.943    0.314727   -1.403170   -0.497880   -0.771710   -1.585542   -1.558553   -1.844931   -0.717390   -1.220916   -6.160   -3.391   -3.982 S_000003
SCORE:     0.000                  0.000          0          1          0    S_000004
   1 H     0.000  170.252   55.279   83.171 -161.029  -50.405   66.267   39.364   92.091  -25.859    0.326713   -1.354053   -0.614596   -0.745064   -1.443695   -1.700934   -1.862217   -0.682563   -1.244015    3.794    0.984    0.238 S_000004
   2 P    47.452  160.833  -63.114   87.886 -169.171   33.696  153.013   33.951   95.303  176.148    0.326193   -1.326574   -0.662453   -0.818623   -1.472146   -1.670417   -1.907164   -0.715226   -1.193374    6.719   -3.372   -1.399 S_000004
   3 N   -72.157  173.906   60.872   90.170 -124.543  -83.671   81.998   35.658   92.785  -26.650    0.332647   -1.322993   -0.676908   -0.789314   -1.432609   -1.715837   -1.897530   -0.703092   -1.215818    3.119   -5.929   -4.039 S_000004
   4 N    96.401  163.497   49.948  144.524  -90.567  -50.666  149.807  -37.081  157.832   22.878    0.322893   -0.194332   -1.479741   -0.785221   -1.160339   -1.892478   -1.934168   -0.724933   -1.196179    0.990   -7.342  -10.068 S_000004
   5 P   -66.830  166.420   55.939   81.530 -131.090  -61.984   77.914   37.924   94.925  -16.863    0.315179   -1.381254   -0.556812   -0.781720   -1.535584   -1.614201   -1.864429   -0.706028   -1.220057   -3.709   -5.875   -7.304 S_000004
   6 H   -56.601  176.708   36.600  106.758    0.000    0.000   92.440    5.575  126.027 -140.580    0.402927   -1.049083   -1.032983   -0.885429   -1.515988   -1.691706   -1.950964   -0.730094   -1.190012   -3.440   -1.024   -3.615 S_000004
SCORE:     0.000                  0.000          0          0          2    S_000005
   1 H     0.000  170.252   55.279   78.263 -124.034 -104.910   80.399   37.599   92.868  -22.789    0.320461   -1.396042   -0.515686   -0.777568   -1.587075   -1.561043   -1.869266   -0.762191   -1.182550    3.794    0.984    0.238 S_000005
   2 P  -158.348 -160.610  106.725   88.101 -111.164  -44.294   79.462   40.774   88.758  -18.507    0.280414   -1.355743   -0.626829   -0.783786   -1.397853   -1.727721   -1.908356   -0.692904   -1.216804    6.623   -2.139   -5.624 S_000005
   3 N   -54.991  158.201   55.472   82.452 -154.020  -64.317   85.397   36.884   94.406  179.929    0.326326   -1.371982   -0.581888   -0.782588   -1.524480   -1.624997   -1.867420   -0.704143   -1.220040    3.811   -6.705   -5.253 S_000005
   4 P   -65.833 -178.924   58.139   84.653 -130.977  -57.294   79.409   36.953   92.971  -20.652    0.319491   -1.350776   -0.634649   -0.790624   -1.461319   -1.683866   -1.887372   -0.684012   -1.227198   -1.378   -8.480   -2.481 S_000005
   5 P    61.886 -167.763 -178.484   81.845 -122.828  -60.453  151.914   42.963   75.005  146.475    0.318929   -1.325482   -0.665301   -0.707175   -1.287167   -1.794943   -1.878261   -0.724804   -1.216527   -6.136   -6.098   -3.889 S_000005
   6 H   -62.969  169.589   69.528   82.405    0.000    0.000   61.263   32.408  104.096  -16.009    0.342277   -1.353639   -0.605110   -0.811497   -1.574806   -1.579492   -1.860896   -0.707174   -1.214320   -4.489   -0.303   -4.352 S_000005
SCORE:     0.000                  0.000          0          1          1    S_000006
   1 H     0.000  170.252   55.279   79.905 -141.169  -75.615   76.202   40.040   90.692  -20.903    0.299190   -1.398657   -0.518302   -0.770902   -1.541326   -1.601302   -1.861700   -0.717987   -1.216182    3.794    0.984    0.238 S_000006
   2 P   -67.392 -174.514   52.254   83.240 -141.991  -55.645   71.357   38.282   93.899 -160.463    0.323044   -1.351699   -0.612729   -0.765724   -1.454586   -1.679714   -1.860605   -0.669955   -1.242497    8.205   -1.883   -3.535 S_000006
   3 P   -89.521  179.194   35.410   79.927 -139.669  -67.569   82.342   43.450   88.684  -22.200    0.278653   -1.428199   -0.473746   -0.739317   -1.547172   -1.597011   -1.828866   -0.722408   -1.222832    7.874   -6.840   -7.439 S_000006
   4 N  -103.277  154.143   48.062   93.033 -161.195  165.687   76.928   30.762   97.200   -9.455    0.352927   -1.287139   -0.727983   -0.829717   -1.435258   -1.694381   -1.917159   -0.692431   -1.193826    2.240   -9.658   -7.925 S_000006
   5 P   -79.285 -132.149   41.041  134.582  -45.598 -179.978  175.944  -25.854  151.298   27.948    0.416080   -0.224298   -1.453267   -0.795548   -0.968330   -2.002520   -1.928054   -0.687585   -1.214336   -3.540   -6.409   -6.640 S_000006
   6 H   159.853 -174.811  172.249   85.574    0.000    0.000   62.964   33.411   98.927  150.934    0.342425   -1.344617   -0.626890   -0.803610   -1.528621   -1.621513   -1.883148   -0.710160   -1.204106   -4.259    0.237   -5.022 S_000006
SCORE:     0.000                  0.000          0          1          1    S_000007
   1 H     0.000  170.252   55.279  148.853  -59.267 -132.444  172.986  -31.575  140.131   74.612    0.334772   -0.080989   -1.488386   -0.825869   -0.892167   -2.060708   -1.929312   -0.686263   -1.209062    3.794    0.984    0.238 S_000007
   2 P   -72.117  169.478   64.238   81.647 -128.068  -57.072   75.424   33.310   98.371  179.913    0.343363   -1.344914   -0.634758   -0.803338   -1.524768   -1.627372   -1.862479   -0.695341   -1.223484    9.302    0.423   -3.631 S_000007
   3 N   -87.011 -171.469   52.477   82.322 -137.849  -58.321   62.324   34.728  100.754  -26.253    0.333751   -1.386435   -0.558292   -0.799481   -1.603943   -1.566520   -1.876157   -0.746224   -1.199438   10.300    4.741   -8.338 S_000007
   4 N  -168.636 -118.365  163.540   80.962  108.225  -74.625   29.531   31.195  100.926   85.395    0.356581   -1.291427   -0.738344   -0.817872   -1.431553   -1.713513   -1.915151   -0.704692   -1.202747    6.829    9.709   -5.984 S_000007
   5 N   165.323  134.418   56.320   83.910 -122.033  -76.559   74.202   41.157   92.164  -20.885    0.273803   -1.395444   -0.543072   -0.781933   -1.492071   -1.636917   -1.871316   -0.686473   -1.227685    1.237    9.816   -6.764 S_000007
   6 H   -56.422  135.138   36.923   78.943    0.000    0.000   64.060   37.135   94.695 -159.124    0.314732   -1.404721   -0.491479   -0.792844   -1.623569   -1.528521   -1.871402   -0.771149   -1.177902    2.465    6.132  -10.878 S_000007
SCORE:     0.000                  0.000          0          2          1    S_000008
   1 H     0.000  170.252   55.279   78.851 -129.026  -83.787   61.595   40.159   89.097  -24.515    0.303556   -1.390373   -0.546008   -0.764155   -1.507708   -1.632042   -1.860442   -0.721236   -1.214127    3.794    0.984    0.238 S_000008
   2 P  -139.526 -160.003   48.931  131.053 -119.948  -89.534  -21.936  -20.348  140.651  157.880    0.392015   -0.514386   -1.381742   -0.848553   -1.249742   -1.883966   -1.957243   -0.734771   -1.176923    6.721   -2.738   -5.006 S_000008
   3 N  -144.640  -94.855  -81.369   83.923 -128.235 -170.728   33.551   32.098  105.556 -107.035    0.320714   -1.392976   -0.551502   -0.850592   -1.649654   -1.509285   -1.890147   -0.738493   -1.192812    1.975   -7.774   -5.002 S_000008
   4 N   129.442  160.270   32.342  148.447  -99.966  -55.500  118.045  -38.400  160.352  173.119    0.308556   -0.153772   -1.488495   -0.785017   -1.133180   -1.905446   -1.937855   -0.722346   -1.194967    1.479   -4.015    1.209 S_000008
   5 N   -96.944 -118.522  -60.053   95.328 -169.007  -65.789  -56.173   25.207   99.159  -68.654    0.390123   -1.172867   -0.899301   -0.826723   -1.327873   -1.819425   -1.929240   -0.701191   -1.205209   -1.681    0.407   -2.617 S_000008
   6 H   -59.486  165.770   54.374   79.605    0.000    0.000   79.263   36.719   96.589  179.881    0.317563   -1.380381   -0.563477   -0.793908   -1.548012   -1.599468   -1.868305   -0.717588   -1.211625   -5.534   -0.643   -6.632 S_000008
SCORE:     0.000                  0.000          0          1          2    S_000009
   1 H     0.000  170.252   55.279   85.519 -137.877  -81.345   58.642   36.298   96.282 -158.111    0.316003   -1.365273   -0.595327   -0.799432   -1.528178   -1.634635   -1.886568   -0.722355   -1.202733    3.794    0.984    0.238 S_000009
   2 P   -63.770  160.587   49.733   74.458 -133.606  -60.539   66.446   38.413  100.866  -28.872    0.310028   -1.424596   -0.428270   -0.781982   -1.652475   -1.469450   -1.819026   -0.727485   -1.215963    8.246   -1.758   -3.034 S_000009
   3 P   -72.153 -176.063   42.945   83.214 -147.470   86.275  112.687   36.374   98.374  -26.097    0.326492   -1.371791   -0.575619   -0.785361   -1.542056   -1.609967   -1.865440   -0.703403   -1.226126    8.152   -7.545   -5.581 S_000009
   4 N   -63.732 -162.617   46.504  124.474 -120.474 -178.619 -178.378  -29.312  162.193   14.820    0.348343   -0.717314   -1.310076   -0.851077   -1.636973   -1.469691   -1.923582   -0.796213   -1.146708    5.707   -4.438   -9.112 S_000009
   5 P   -73.299 -153.922   37.561  134.376 -117.922  179.990  135.214  -32.500  159.044 -172.187    0.341690   -0.483427   -1.410623   -0.819998   -1.428805   -1.692496   -1.939475   -0.755895   -1.172241    0.351   -0.618   -8.550 S_000009
   6 H   -76.550 -176.854   52.352   86.310    0.000    0.000   79.629   36.550   91.680  -11.992    0.332485   -1.327136   -0.662473   -0.775361   -1.426540   -1.708534   -1.903678   -0.723924   -1.205667   -4.543   -0.079   -4.311 S_000009
SCORE:     0.000                  0.000          0          2          2    S_000010
   1 H     0.000  170.252   55.279   81.811 -166.703  -70.100   79.405   37.811   96.285  179.944    0.327253   -1.375767   -0.561169   -0.764502   -1.536062   -1.618845   -1.852434   -0.699632   -1.232858    3.794    0.984    0.238 S_000010
   2 P   -92.237  165.435   77.378   78.835  -98.869  -72.244   70.494   38.143   91.794  -30.464    0.314213   -1.397164   -0.503140   -0.776087   -1.582797   -1.551887   -1.860603   -0.755080   -1.182427    9.075   -0.758   -2.304 S_000010
   3 P   167.975 -116.248   43.264   66.052   89.354   77.967  101.218   41.313   85.483   17.602    0.304120   -1.393515   -0.547592   -0.743523   -1.501756   -1.654730   -1.866831   -0.745244   -1.207861    7.808   -5.260   -5.857 S_000010
   4 P    60.702 -121.219  -97.495   86.390 -128.960   29.418 -136.362   32.117  100.113   76.395    0.348832   -1.311665   -0.695792   -0.815301   -1.465718   -1.679829   -1.897320   -0.690293   -1.211856    4.198   -2.812   -2.497 S_000010
   5 N  -106.427 -178.923   76.429   85.070 -165.341  -37.239   97.610   29.368  100.667  -22.953    0.349902   -1.332200   -0.652504   -0.837793   -1.579796   -1.589377   -1.910902   -0.775382   -1.162551   -0.668   -1.259   -3.106 S_000010
   6 H   -46.020  156.713   53.294   77.494    0.000    0.000   78.940   37.274   93.860  -16.151    0.260939   -1.421404   -0.463939   -0.852699   -1.656023   -1.493482   -1.892650   -0.749881   -1.190694   -2.652   -0.785   -7.689 S_000010
