SEQUENCE: gaaaaaaaaaag
SCORE:     score    rna_stub_coord_hack       N_WC      N_NWC       N_BS description
REMARK RNA 
SCORE:    11.124                 11.124          0          0          2    S_000001
   1 H     0.000  170.252   55.279   76.056  100.262   56.076   65.228   38.440   86.933   20.452    0.315522   -1.358727   -0.620140   -0.776148   -1.449777   -1.688532   -1.894995   -0.732686   -1.195236    3.794    0.984    0.238 S_000001
   2 N   -50.936  170.693   59.456  140.138 -123.590 -165.720  102.147  -28.824  146.926   74.808    0.372909   -0.320183   -1.444597   -0.805892   -1.158175   -1.918373   -1.937237   -0.739376   -1.178972    7.905   -2.128   -0.964 S_000001
   3 P   152.804  179.450  178.912   87.198 -154.572  -78.725   73.493   37.836   90.078  169.479    0.323288   -1.361977   -0.597100   -0.768408   -1.488119   -1.654360   -1.884994   -0.739724   -1.191211   14.296   -4.713    1.356 S_000001
   4 P  -173.910 -150.992  149.500  127.998 -128.911 -142.558   91.482   -6.193  136.127   15.787    0.408280   -0.788743   -1.262842   -0.923571   -1.317920   -1.806812   -1.984235   -0.740556   -1.116661   20.783   -5.756    3.079 S_000001
   5 P  -100.971 -171.432   67.283   73.815 -176.317  -49.864   82.082   37.286   99.775  -79.084    0.292707   -1.392228   -0.528397   -0.817774   -1.538532   -1.549750   -1.850415   -0.674671   -1.201409   27.425   -8.130    3.945 S_000001
   6 P   -66.965 -131.585   49.787  151.190 -114.989  172.495  107.035  -40.283  163.684   25.774    0.304640   -0.163820   -1.484370   -0.766383   -1.182307   -1.858363   -1.923227   -0.725694   -1.197365   33.537   -7.569    4.919 S_000001
   7 P  -102.406 -166.243   25.602  149.414 -129.707 -175.148   90.395  -38.815  161.000   21.044    0.320198   -0.168655   -1.478454   -0.768921   -1.159934   -1.866854   -1.930844   -0.727877   -1.191024   39.110   -9.676    7.863 S_000001
   8 P   167.467  152.113   37.001  107.343   26.756  146.493  101.753    0.211  130.902  -17.824    0.459191   -0.884210   -1.156855   -0.842492   -1.363111   -1.792416   -1.922249   -0.684850   -1.200488   43.725  -10.593   13.266 S_000001
   9 P  -136.706  108.987  172.003   86.392 -119.400  -80.189   66.267   34.029   94.186 -167.157    0.341290   -1.319331   -0.667623   -0.795253   -1.455996   -1.672842   -1.885326   -0.702152   -1.204760   48.742  -13.369   14.418 S_000001
  10 P   153.178 -153.207 -178.631   82.668 -139.550  -73.249   64.126   35.520   95.260  -16.961    0.322942   -1.357707   -0.586556   -0.789863   -1.548629   -1.610887   -1.878842   -0.729786   -1.203609   52.458  -15.497   19.272 S_000001
  11 P  -133.435  121.623  159.513   84.107 -132.282  -83.506   67.169   34.547   94.201  -27.447    0.328492   -1.348144   -0.633645   -0.807308   -1.509568   -1.647897   -1.897709   -0.723428   -1.200444   57.016  -16.459   23.838 S_000001
  12 H   -68.102 -170.497   51.091   78.929    0.000    0.000   73.761   41.549   82.435 -154.139    0.291440   -1.403631   -0.493271   -0.758221   -1.529928   -1.592618   -1.874986   -0.778327   -1.173827   61.535  -18.729   28.190 S_000001
SCORE:    11.173                 11.173          0          1          3    S_000002
   1 H     0.000  170.252   55.279   84.616 -144.782  -79.491   83.840   32.934  102.861  168.039    0.329947   -1.362696   -0.587959   -0.826490   -1.571740   -1.563099   -1.875558   -0.705258   -1.203408    3.794    0.984    0.238 S_000002
   2 N    85.934  -90.839  172.676   85.616 -171.229  -78.234   95.061   38.307   91.216 -146.059    0.311581   -1.351249   -0.627510   -0.778861   -1.442484   -1.694367   -1.883384   -0.694107   -1.220686    6.504   -2.275   -1.173 S_000002
   3 N   -97.944  144.143  116.364  107.390 -146.299  170.116   62.722   -5.024  141.666   18.042    0.428033   -0.968284   -1.110263   -0.900109   -1.566329   -1.597061   -1.953408   -0.750813   -1.156653    9.076   -4.832    3.470 S_000002
   4 P   149.773 -156.144  176.474   82.777 -155.799  -84.417   85.097   38.273   91.188  109.933    0.325799   -1.359624   -0.601698   -0.762572   -1.475146   -1.669392   -1.863222   -0.693642   -1.226962   14.678   -5.697    7.682 S_000002
   5 P  -168.839  121.189 -176.246   84.421 -162.310  -96.356  108.244   34.304  106.356  -23.636    0.327894   -1.391748   -0.518664   -0.809234   -1.631897   -1.506085   -1.823324   -0.679514   -1.237292   20.446   -7.484   11.148 S_000002
   6 N   173.895 -150.380  141.396   76.605 -124.234  -78.209   71.978   40.164   91.245  -22.431    0.310098   -1.395748   -0.519701   -0.758562   -1.526086   -1.602211   -1.849482   -0.714878   -1.217457   25.983  -10.765   13.368 S_000002
   7 N  -174.783  120.716  177.399  150.472 -127.479 -150.643  -46.738  -38.379  156.036  172.165    0.295515   -0.075973   -1.493365   -0.801078   -1.032701   -1.963612   -1.942754   -0.690149   -1.211052   29.885  -11.560   19.166 S_000002
   8 P   -56.602  169.819   59.880  148.016 -135.011  178.478  120.148  -32.889  143.708  -19.080    0.344597   -0.101549   -1.481717   -0.800183   -0.950280   -2.028627   -1.919452   -0.736545   -1.187799   34.750  -14.441   22.558 S_000002
   9 P   146.615 -167.000 -169.815   82.470 -132.725  -70.289   71.708   40.712   88.644   81.510    0.299093   -1.387817   -0.540911   -0.761575   -1.502633   -1.637962   -1.858264   -0.706118   -1.223254   39.940  -18.313   25.555 S_000002
  10 P   -73.688  154.833   59.185  146.485 -111.162  175.140  119.829  -32.346  150.459   20.864    0.348829   -0.220202   -1.465450   -0.808985   -1.098138   -1.929436   -1.939839   -0.717382   -1.183677   44.041  -21.933   28.145 S_000002
  11 P   -85.268  152.074   70.975   84.610 -142.706  -77.573   72.864   29.216  109.707  -16.752    0.376058   -1.305035   -0.699795   -0.806800   -1.506586   -1.631935   -1.863328   -0.661592   -1.236621   49.135  -22.806   31.303 S_000002
  12 H   -62.643  163.848   56.916   79.911    0.000    0.000   72.357   42.794   85.984 -153.406    0.274666   -1.398235   -0.506957   -0.761734   -1.480941   -1.622530   -1.853891   -0.681453   -1.232639   53.306  -23.757   35.684 S_000002
SCORE:    11.238                 11.238          0          0          3    S_000003
   1 H     0.000  170.252   55.279   81.034 -166.468  -73.964   77.296   33.955   98.282  -70.102    0.335520   -1.383082   -0.554584   -0.807405   -1.612634   -1.548433   -1.886547   -0.765657   -1.174489    3.794    0.984    0.238 S_000003
   2 P    61.624 -141.782 -174.413  146.420 -158.775 -155.643  149.108  -35.909  158.099  -48.095    0.343332   -0.217723   -1.469254   -0.774158   -1.168908   -1.890695   -1.927117   -0.730541   -1.197048    8.236   -1.230   -0.974 S_000003
   3 P   167.223 -130.441 -178.374   82.295 -142.978  -73.235   69.197   37.374   94.578 -156.510    0.324684   -1.371068   -0.577949   -0.778213   -1.514777   -1.627160   -1.863633   -0.699814   -1.218037   13.351   -2.788    3.660 S_000003
   4 P   -77.003 -130.496   58.681  153.380 -160.194 -149.045  161.544  -39.022  156.297  -39.242    0.316476   -0.024525   -1.487912   -0.765274   -0.977427   -1.988477   -1.914724   -0.683487   -1.222441   18.539   -4.435    7.838 S_000003
   5 P   -46.848  173.047   58.649   81.616 -147.491 -113.650   75.970   26.460  116.195   -7.778    0.343969   -1.397167   -0.529892   -0.885376   -1.751831   -1.377590   -1.858804   -0.747387   -1.189903   23.195   -7.499   11.039 S_000003
   6 P   -67.166  171.326   62.451   88.511 -166.657  -59.751   87.642   33.717   96.817   -5.706    0.322196   -1.334095   -0.651020   -0.827952   -1.489885   -1.652933   -1.905475   -0.697438   -1.207290   29.428   -8.664   12.760 S_000003
   7 P   -40.354 -158.817   49.644  128.615 -179.467  167.792  161.168  -26.483  154.594   35.551    0.411607   -0.223169   -1.457199   -0.800461   -0.980869   -1.992723   -1.933841   -0.715384   -1.197698   34.140  -12.053   13.774 S_000003
   8 P   132.201 -170.136  172.043   82.935 -174.144  -99.458  113.946   35.506  102.658  -57.807    0.296716   -1.397482   -0.505598   -0.833698   -1.628991   -1.513709   -1.843882   -0.692077   -1.232421   40.382  -13.012   16.853 S_000003
   9 N   -50.409  162.887   46.343   82.808 -146.336  -60.529   75.976   36.881  101.978  -20.866    0.246681   -1.400981   -0.506868   -0.868210   -1.595756   -1.523946   -1.851944   -0.617336   -1.254615   45.170  -12.440   20.174 S_000003
  10 P   -69.693 -143.761   50.370  150.420  -78.698 -150.737  140.088  -37.905  153.286   50.926    0.331221   -0.051799   -1.488140   -0.758613   -0.986425   -1.980140   -1.897163   -0.697524   -1.206139   48.968  -15.161   24.803 S_000003
  11 P   -50.484 -176.503   35.125  140.764 -157.779 -130.731   88.154  -32.121  150.570 -155.790    0.351864   -0.261336   -1.460342   -0.801800   -1.148146   -1.917020   -1.938761   -0.729367   -1.186107   54.023  -18.366   27.929 S_000003
  12 H   -58.943  175.205   56.138   80.435    0.000    0.000   70.870   40.233   90.691 -150.763    0.295654   -1.397529   -0.521125   -0.773831   -1.532981   -1.607867   -1.851660   -0.688665   -1.236058   59.883  -19.766   30.459 S_000003
SCORE:    11.241                 11.241          0          0          4    S_000004
   1 H     0.000  170.252   55.279   74.172 -158.379  -94.525   70.971   38.687  101.173  -16.290    0.269867   -1.475780   -0.285526   -0.823514   -1.804258   -1.301119   -1.805795   -0.783844   -1.187690    3.794    0.984    0.238 S_000004
   2 P    66.688 -144.704 -163.902  148.105 -139.268 -155.489  -41.230  -37.998  156.482 -171.186    0.307073   -0.167585   -1.483056   -0.788817   -1.141272   -1.898846   -1.932231   -0.728804   -1.188714    8.590   -0.543   -2.182 S_000004
   3 P   128.117 -166.032 -161.321   92.406 -136.225  -61.884   63.110   41.031   87.902  -22.327    0.260237   -1.335023   -0.702115   -0.796889   -1.321722   -1.803111   -1.925782   -0.646661   -1.246176   15.486   -1.153   -0.668 S_000004
   4 N  -161.912  144.831  163.138   87.020 -163.361  -72.898   66.879   36.893   92.007  -14.838    0.313333   -1.374187   -0.573869   -0.796398   -1.534179   -1.616031   -1.894495   -0.762736   -1.174099   21.486   -3.466    1.517 S_000004
   5 N   -82.271  172.114   71.616   80.521 -160.375  -99.196   70.829   44.016   88.946  179.870    0.249433   -1.421755   -0.466358   -0.764929   -1.531784   -1.596253   -1.827971   -0.670077   -1.241417   27.112   -3.925    4.045 S_000004
   6 P   156.514 -176.414  170.719   82.712 -127.414  -75.307   65.799   40.084   89.848  -23.980    0.315304   -1.369360   -0.582570   -0.750143   -1.465773   -1.674744   -1.866737   -0.719037   -1.215051   31.909   -6.058    8.529 S_000004
   7 P   -56.720 -155.543   47.716  141.244 -100.674  163.668 -174.879  -34.363  153.975   95.607    0.339976   -0.298078   -1.457780   -0.796881   -1.240437   -1.848814   -1.932678   -0.769924   -1.158519   34.334   -9.205   13.825 S_000004
   8 P   164.423 -126.231  176.251   91.863 -148.152  -95.447   90.726   36.141   94.787  -18.747    0.308216   -1.335123   -0.633984   -0.806988   -1.469271   -1.673926   -1.899392   -0.725780   -1.196649   38.656  -13.542   17.082 S_000004
   9 P  -144.903  127.221 -177.876   83.037 -138.999  -74.859   73.756   32.146   98.685  179.949    0.361076   -1.325429   -0.666502   -0.795029   -1.507480   -1.648622   -1.876021   -0.717484   -1.203681   43.820  -15.806   20.919 S_000004
  10 N   -65.489  179.494   52.051   81.513 -170.443  -54.681   76.856   39.951   91.181  -21.368    0.288332   -1.409396   -0.491804   -0.780156   -1.574652   -1.566007   -1.855217   -0.733625   -1.201362   48.191  -15.611   25.563 S_000004
  11 P  -162.813  120.226  175.866   82.361 -130.482  -83.501   71.938   31.791  101.509  168.496    0.369909   -1.323004   -0.659604   -0.788295   -1.515888   -1.636180   -1.860290   -0.702304   -1.215513   54.188  -16.765   27.863 S_000004
  12 H   -71.149  170.147   52.625   84.491    0.000    0.000   76.166   38.024   90.452  179.926    0.313461   -1.351672   -0.630670   -0.782507   -1.447906   -1.696520   -1.892146   -0.701742   -1.218054   59.926  -17.277   30.796 S_000004
SCORE:    10.625                 10.625          0          0          2    S_000005
   1 H     0.000  170.252   55.279   77.322 -171.115  -70.266   80.648   36.805   99.356 -169.545    0.298366   -1.443962   -0.383009   -0.814382   -1.739964   -1.388684   -1.859465   -0.807808   -1.158355    3.794    0.984    0.238 S_000005
   2 N    73.145 -111.462 -166.635   81.468 -156.473  174.282  118.419   32.587  110.722 -141.370    0.327937   -1.411974   -0.483336   -0.839182   -1.696949   -1.434816   -1.806072   -0.680132   -1.243362    7.584   -1.021   -0.494 S_000005
   3 N   149.680 -120.953  161.027   88.335 -165.507  -58.437   52.668   35.819   92.283  -17.447    0.314198   -1.344911   -0.645277   -0.811251   -1.465267   -1.676079   -1.910228   -0.712480   -1.201335   13.702   -3.791    0.948 S_000005
   4 P  -178.996  117.297 -174.714   86.489 -136.718  -72.287   77.953   35.660   94.291  -31.727    0.346791   -1.321652   -0.661451   -0.764915   -1.442410   -1.694848   -1.854917   -0.677260   -1.231639   19.681   -4.630    4.038 S_000005
   5 P   -84.282  173.509   67.304   79.726 -161.623  -72.219   83.806   39.709   89.194  -24.372    0.317543   -1.371292   -0.583558   -0.752345   -1.459653   -1.660192   -1.838323   -0.672066   -1.238103   25.282   -6.152    6.864 S_000005
   6 P   -61.653  158.780  111.392  131.953 -117.165 -124.089  113.393  -34.124  172.369  170.567    0.367177   -0.534770   -1.378991   -0.795747   -1.498249   -1.528004   -1.900206   -0.681102   -1.220799   28.729   -5.947   11.450 S_000005
   7 P   128.117 -166.032 -161.321   92.406 -136.225  -61.884   63.110   41.031   87.902  -22.327    0.260237   -1.335023   -0.702115   -0.796889   -1.321722   -1.803111   -1.925782   -0.646661   -1.246176   34.079   -5.161   15.898 S_000005
   8 P   171.747  153.395  159.041  148.712 -150.900 -143.856  163.298  -31.676  141.216  -34.261    0.335662   -0.099384   -1.482186   -0.823846   -0.920479   -2.044532   -1.934389   -0.708140   -1.198506   39.491   -7.773   19.174 S_000005
   9 P   -78.439 -166.713   55.136   86.522 -168.736 -103.721   79.008   36.959   90.662 -112.237    0.321968   -1.339346   -0.649363   -0.787948   -1.435039   -1.699090   -1.891627   -0.688926   -1.217574   43.791   -9.592   24.285 S_000005
  10 N   167.952 -167.959  154.203  145.211 -155.376 -167.633   19.536  -32.174  148.043  -55.599    0.332777   -0.133501   -1.484945   -0.828850   -0.980089   -2.013944   -1.953344   -0.695714   -1.205944   48.874  -13.378   26.957 S_000005
  11 P  -131.963  111.649  148.854   88.026 -136.731  -70.473   74.180   34.837   90.415  169.627    0.331994   -1.285485   -0.749691   -0.802246   -1.347360   -1.777932   -1.920759   -0.695904   -1.206415   53.902  -14.965   30.395 S_000005
  12 H   -43.758  158.743   45.074   82.544    0.000    0.000   75.661   42.936   90.054   62.475    0.371387   -1.307154   -0.497272   -0.658745   -1.445024   -1.681318   -1.717258   -0.501309   -1.344529   58.631  -13.830   33.558 S_000005
SCORE:    11.142                 11.142          0          0          0    S_000006
   1 H     0.000  170.252   55.279 -300.244  178.969  -67.174   57.497   47.429   98.552  179.891    0.194844   -1.519724   -0.069570   -0.784770   -1.851747   -1.196695   -1.733331   -0.789948   -1.207503    3.794    0.984    0.238 S_000006
   2 P  -166.418  172.066   53.797   85.047 -154.055  -78.517   76.511   34.285   96.773  179.923    0.326421   -1.365815   -0.597052   -0.816212   -1.552676   -1.600480   -1.892259   -0.729282   -1.194729    9.014   -0.340   -3.474 S_000006
   3 P   163.850  141.944   53.340  149.322 -136.992  169.639  100.626  -38.298  156.829  -94.857    0.307222   -0.158476   -1.484788   -0.790412   -1.140342   -1.903596   -1.933724   -0.753839   -1.176530   12.608   -2.992    1.961 S_000006
   4 P    89.781 -178.885  175.219  140.023 -113.525  -86.651  125.936  -29.763  145.297   42.695    0.361226   -0.247789   -1.455288   -0.810444   -1.079188   -1.951630   -1.936185   -0.695753   -1.196885   18.236   -1.208    5.347 S_000006
   5 P   -40.979  157.184   49.363   85.332 -134.190  -79.809  104.799   34.241   97.083  178.136    0.342164   -1.335468   -0.653565   -0.797836   -1.482981   -1.665745   -1.894261   -0.713613   -1.205253   24.132   -2.827    5.457 S_000006
   6 P  -127.080   93.264 -171.275  103.043 -145.599  -68.794   72.022   24.237   98.054  162.081    0.368889   -1.139815   -0.938800   -0.834081   -1.303776   -1.854765   -1.930691   -0.681896   -1.218704   30.337   -1.908    4.543 S_000006
   7 P  -176.305  137.307  171.043   85.565 -130.646 -105.768   74.681   34.485   99.287   -2.152    0.332425   -1.340365   -0.638706   -0.805513   -1.489131   -1.649123   -1.873865   -0.673556   -1.222220   36.887   -2.735    6.673 S_000006
   8 N   138.422  119.523   56.676   84.853   53.786  138.605   49.003    8.551  136.662   65.599    0.436521   -1.202607   -0.821644   -0.877003   -1.690398   -1.422836   -1.825804   -0.688787   -1.208249   42.975   -0.557    9.944 S_000006
   9 P  -133.749 -135.407  144.310  130.845 -116.303 -178.649  121.579  -35.275  165.934  163.039    0.368044   -0.566274   -1.363413   -0.770648   -1.563835   -1.500435   -1.902733   -0.799223   -1.154475   49.516   -2.286   10.902 S_000006
  10 P   152.375  142.031   64.415  148.128 -115.647  144.438   99.872  -37.298  156.734  -84.147    0.331499   -0.157245   -1.479366   -0.767945   -1.115352   -1.917667   -1.916635   -0.734444   -1.191645   55.187   -2.547   15.197 S_000006
  11 P   149.773 -156.144  176.474   82.777 -155.799  -84.417   85.097   38.273   91.188  109.933    0.325799   -1.359624   -0.601698   -0.762572   -1.475146   -1.669392   -1.863222   -0.693642   -1.226962   61.158   -4.411   17.574 S_000006
  12 H   -65.849 -179.203   51.254   81.557    0.000    0.000   74.989   35.804   96.641  179.894    0.344147   -1.369942   -0.554093   -0.764345   -1.567465   -1.573833   -1.853967   -0.741015   -1.198244   66.537   -4.544   20.983 S_000006
SCORE:    11.546                 11.546          0          0          1    S_000007
   1 H     0.000  170.252   55.279   81.308 -161.394  -68.503   74.530   36.460   94.309  179.897    0.329564   -1.371956   -0.569497   -0.780077   -1.545726   -1.604857   -1.866407   -0.719525   -1.212148    3.794    0.984    0.238 S_000007
   2 N    38.576 -128.029  162.452  144.023 -112.117 -179.934   98.135  -33.893  155.529   33.016    0.341529   -0.304296   -1.446604   -0.793318   -1.233034   -1.834134   -1.932932   -0.716435   -1.188409    8.070   -1.009   -1.001 S_000007
   3 P   153.942 -172.175  173.008   81.922 -159.435  -59.843   75.194   37.416   97.393 -160.084    0.313845   -1.393835   -0.529876   -0.789306   -1.579149   -1.575655   -1.852855   -0.709064   -1.225200   13.501   -3.195    3.092 S_000007
   4 N  -148.022  144.508 -177.617   93.488 -141.099  -71.036   13.511   23.881  123.218   -7.754    0.352280   -1.397577   -0.511532   -0.899902   -1.787483   -1.297851   -1.871512   -0.779200   -1.153331   18.368   -5.510    6.783 S_000007
   5 P   -38.449  157.673   56.422   86.575 -149.404 -132.935  127.803   31.460   99.494  165.329    0.348234   -1.339664   -0.648897   -0.820908   -1.543872   -1.615460   -1.901210   -0.747956   -1.178941   23.445   -6.654    9.147 S_000007
   6 P   171.188  139.895   48.031  148.786  -89.987  157.411  108.795  -40.286  159.861  -88.670    0.317071   -0.125468   -1.481393   -0.752069   -1.134183   -1.879603   -1.914641   -0.711556   -1.203747   29.969   -9.686   10.496 S_000007
   7 P  -170.283  161.190 -176.306  140.990 -163.860 -102.059  133.153  -32.306  149.951  165.152    0.350717   -0.168927   -1.477787   -0.803819   -1.029144   -1.981828   -1.933928   -0.657356   -1.225843   35.680  -10.244   13.407 S_000007
   8 N  -110.664 -171.799   60.362   89.469 -139.932 -104.691   78.202   37.047   91.906 -107.233    0.328324   -1.301512   -0.723447   -0.775270   -1.342400   -1.778904   -1.895768   -0.659542   -1.238766   41.221  -13.994   15.143 S_000007
   9 P   -74.542  146.819   78.900   74.344 -160.835  -73.494   77.061   41.869   95.739  111.628    0.253664   -1.470333   -0.301226   -0.800546   -1.735808   -1.379261   -1.808842   -0.755634   -1.201736   45.288  -15.386   19.693 S_000007
  10 P   -59.809 -129.144   54.265  150.072  -89.880  178.588  169.207  -33.725  153.392   52.776    0.344401   -0.126133   -1.477143   -0.797352   -1.002056   -1.982670   -1.937984   -0.657325   -1.223011   49.729  -15.386   24.479 S_000007
  11 N  -166.894  112.389   43.425  139.144  -93.797  169.401  110.119  -36.534  157.292  -64.107    0.358303   -0.428822   -1.410188   -0.754876   -1.434866   -1.649973   -1.895696   -0.801075   -1.141606   54.418  -18.841   26.735 S_000007
  12 H   -75.580  175.536   57.948   81.942    0.000    0.000   80.283   36.334   93.565  179.910    0.323669   -1.366358   -0.592313   -0.788128   -1.525268   -1.626994   -1.871785   -0.708757   -1.216615   60.395  -19.492   28.190 S_000007
SCORE:    10.910                 10.910          0          0          3    S_000008
   1 H     0.000  170.252   55.279   81.514 -158.331  -72.331   77.765   39.151   91.477   68.925    0.311555   -1.379468   -0.562496   -0.768513   -1.509095   -1.639703   -1.860979   -0.693657   -1.231443    3.794    0.984    0.238 S_000008
   2 P    61.624 -141.782 -174.413  146.420 -158.775 -155.643  149.108  -35.909  158.099  -48.095    0.343332   -0.217723   -1.469254   -0.774158   -1.168908   -1.890695   -1.927117   -0.730541   -1.197048    7.959   -1.761   -1.192 S_000008
   3 P   164.423 -126.231  176.251   91.863 -148.152  -95.447   90.726   36.141   94.787  -18.747    0.308216   -1.335123   -0.633984   -0.806988   -1.469271   -1.673926   -1.899392   -0.725780   -1.196649   12.833   -4.220    3.220 S_000008
   4 P   -67.174 -171.745   62.212  145.145 -155.997 -106.484 -147.320  -33.164  152.851  138.237    0.344482   -0.189857   -1.476480   -0.805669   -1.076453   -1.953110   -1.941820   -0.705229   -1.199961   17.751   -5.112    7.613 S_000008
   5 P  -172.604  161.126  159.864  155.138 -101.607 -139.360  -48.863  -40.948  155.621   78.591    0.319081    0.026124   -1.484098   -0.731166   -0.944630   -1.986654   -1.887978   -0.700564   -1.211859   20.903   -8.693   12.938 S_000008
   6 P   155.560  161.070 -178.457   84.276 -122.408  -98.195   69.445   34.862   99.023  -17.493    0.336436   -1.355400   -0.607953   -0.795993   -1.522882   -1.622071   -1.870210   -0.689281   -1.222321   24.493  -11.005   18.869 S_000008
   7 N   -52.379  154.800   45.210   85.816 -140.935  -75.315  109.042   26.340  109.784  159.641    0.379494   -1.316205   -0.685768   -0.833341   -1.592137   -1.576278   -1.885514   -0.717353   -1.197722   29.399  -11.643   22.736 S_000008
   8 P   -61.782 -140.498   56.795  140.224 -153.193 -144.278  165.784  -33.826  159.973  156.711    0.349592   -0.388033   -1.431578   -0.793415   -1.340736   -1.762595   -1.940106   -0.795494   -1.147865   35.325  -14.724   23.268 S_000008
   9 P  -102.895  109.601  144.528   82.736 -132.922  -60.474   59.754   37.644   88.094  -15.825    0.329322   -1.357321   -0.594912   -0.767979   -1.499265   -1.661184   -1.892368   -0.763309   -1.185445   40.914  -16.024   24.768 S_000008
  10 P  -160.249  166.068  171.487   91.115 -136.630 -101.713   76.539   34.876   95.142  175.357    0.323572   -1.335492   -0.650661   -0.813480   -1.473315   -1.673547   -1.901744   -0.711585   -1.198626   46.573  -18.715   27.285 S_000008
  11 P   -66.224  174.755   54.283   84.106 -156.198  -70.351   90.056   37.570   87.424  179.912    0.320023   -1.354026   -0.612967   -0.777971   -1.480198   -1.674735   -1.887702   -0.748920   -1.197743   51.239  -22.055   30.592 S_000008
  12 H   -72.933  171.303   63.362   73.437    0.000    0.000   67.895   42.458   90.923 -121.997    0.301129   -1.427650   -0.415074   -0.735001   -1.602338   -1.523791   -1.820848   -0.749296   -1.208779   57.078  -22.870   32.257 S_000008
SCORE:    10.952                 10.952          0          0          2    S_000009
   1 H     0.000  170.252   55.279   77.722 -153.704  -70.136   78.241   44.573   86.125  179.897    0.262191   -1.466862   -0.421685   -0.761000   -1.579149   -1.561064   -1.849886   -0.748043   -1.201479    3.794    0.984    0.238 S_000009
   2 P    61.738 -132.075  178.564  106.189 -171.343 -102.760  121.990   -5.332  145.988 -167.146    0.426240   -0.987668   -1.091600   -0.899221   -1.598564   -1.560373   -1.950124   -0.758656   -1.156180    7.680   -1.801   -1.228 S_000009
   3 P   -68.892 -173.222   51.256   81.030 -136.928  -62.674   75.514   38.969   92.926  178.519    0.312806   -1.387323   -0.533764   -0.769393   -1.539694   -1.604214   -1.856145   -0.707197   -1.222891   12.872   -4.142    1.837 S_000009
   4 P   -48.021 -149.357   60.660  147.001 -101.038  163.258  120.155  -32.034  151.049   18.396    0.355164   -0.210741   -1.459618   -0.797243   -1.078551   -1.944985   -1.922827   -0.653220   -1.225214   14.315   -7.212    7.218 S_000009
   5 P  -173.910 -150.992  149.500  127.998 -128.911 -142.558   91.482   -6.193  136.127   15.787    0.408280   -0.788743   -1.262842   -0.923571   -1.317920   -1.806812   -1.984235   -0.740556   -1.116661   19.021  -10.509   11.134 S_000009
   6 P   146.615 -167.000 -169.815   82.470 -132.725  -70.289   71.708   40.712   88.644   81.510    0.299093   -1.387817   -0.540911   -0.761575   -1.502633   -1.637962   -1.858264   -0.706118   -1.223254   24.969  -13.200   14.217 S_000009
   7 P   -60.519 -150.721   69.014  155.654  -81.600 -163.057  158.185  -44.635  163.664   97.265    0.258206   -0.039368   -1.494873   -0.750175   -1.106028   -1.909076   -1.907704   -0.770525   -1.183420   31.029  -15.514   15.509 S_000009
   8 P  -177.185 -173.566  155.371  145.456  -98.754  179.352  138.838  -24.197  141.689  170.602    0.366879   -0.185448   -1.467973   -0.847005   -0.869502   -2.069646   -1.938630   -0.653402   -1.218242   37.683  -16.033   18.050 S_000009
   9 N   146.424 -163.784  178.255   85.620 -137.294  -67.317   67.440   39.752   87.784 -119.038    0.297106   -1.364557   -0.602477   -0.780092   -1.442511   -1.687950   -1.884111   -0.692719   -1.217120   43.137  -18.863   21.549 S_000009
  10 P   -50.026  164.051   56.647   86.456 -165.167  -73.084   72.749   32.732  100.789  179.956    0.351802   -1.323262   -0.671139   -0.798592   -1.489253   -1.661162   -1.878861   -0.683349   -1.227476   47.604  -20.262   25.127 S_000009
  11 P  -145.987  156.330 -171.280   97.698 -150.657  -84.135   71.724   29.301   97.426  177.190    0.377424   -1.188179   -0.884020   -0.797503   -1.265138   -1.847696   -1.920332   -0.677393   -1.214796   51.836  -19.799   30.224 S_000009
  12 H   -68.574  173.371   58.111   78.672    0.000    0.000   74.119   47.227   90.819  -25.922    0.239844   -1.448861   -0.410558   -0.731957   -1.524705   -1.579462   -1.833447   -0.681632   -1.246877   57.857  -19.545   32.191 S_000009
SCORE:    11.022                 11.022          0          1          3    S_000010
   1 H     0.000  170.252   55.279   82.437 -161.361  -61.526   59.771   35.073   94.048   50.692    0.339349   -1.318756   -0.671624   -0.781918   -1.446538   -1.700059   -1.854062   -0.657669   -1.236035    3.794    0.984    0.238 S_000010
   2 P   -56.853  171.990  171.780   85.911 -152.063  -67.001   77.782   35.994   96.437   -4.313    0.328345   -1.349517   -0.609707   -0.788269   -1.498151   -1.642523   -1.865818   -0.680563   -1.230927    8.566   -1.620   -1.748 S_000010
   3 N   -61.695  152.409   74.707   76.443  166.201  -96.008   94.216   32.350  103.163  -93.592    0.312484   -1.386557   -0.499598   -0.841241   -1.686511   -1.452035   -1.876640   -0.778145   -1.166335   13.810   -2.250    0.289 S_000010
   4 P  -136.706  108.987  172.003   86.392 -119.400  -80.189   66.267   34.029   94.186 -167.157    0.341290   -1.319331   -0.667623   -0.795253   -1.455996   -1.672842   -1.885326   -0.702152   -1.204760   18.596   -4.618    3.389 S_000010
   5 P   -53.426  167.329   65.141  115.360 -113.777 -159.626   97.404   -5.403  134.937   56.068    0.427600   -0.829890   -1.204746   -0.881835   -1.388628   -1.769707   -1.954577   -0.702966   -1.187770   22.505   -7.288    7.484 S_000010
   6 P   145.834  169.864  160.515  116.771 -150.825  -95.969  116.851    6.639  112.778  -49.780    0.428419   -0.827735   -1.201961   -0.850477   -1.142936   -1.957796   -1.955336   -0.681649   -1.210816   27.313   -8.271   12.884 S_000010
   7 P  -166.924 -154.036  159.889   90.332 -178.658 -136.635   73.477   26.413  115.255    3.673    0.345049   -1.323606   -0.689620   -0.882069   -1.572952   -1.568229   -1.923026   -0.712384   -1.176451   33.358   -9.137   16.397 S_000010
   8 P   -56.602  169.819   59.880  148.016 -135.011  178.478  120.148  -32.889  143.708  -19.080    0.344597   -0.101549   -1.481717   -0.800183   -0.950280   -2.028627   -1.919452   -0.736545   -1.187799   36.400  -11.371   21.425 S_000010
   9 N   172.456 -130.437  158.420   78.660 -135.778  -75.363   57.224   32.947   95.764   77.415    0.211288   -1.387525   -0.692491   -1.040100   -1.517440   -1.711301   -2.027997   -0.661007   -1.207277   39.897  -14.303   26.964 S_000010
  10 P   -57.485  160.139   75.855  150.070 -129.358 -140.723  124.656  -40.385  156.749  145.069    0.321419   -0.067867   -1.491898   -0.742948   -1.064012   -1.946365   -1.896169   -0.757348   -1.185391   44.199  -15.948   30.857 S_000010
  11 P   -75.644  168.083   67.814   90.941 -157.060 -127.340   91.236   30.922  102.656 -145.099    0.354641   -1.319354   -0.665360   -0.807874   -1.528183   -1.625955   -1.881488   -0.703515   -1.213541   50.350  -18.162   32.431 S_000010
  12 H   -64.586  161.014   59.777   76.669    0.000    0.000   80.849   40.451   91.984  109.935    0.284139   -1.430052   -0.417117   -0.780739   -1.641848   -1.491804   -1.858243   -0.779738   -1.181859   55.246  -21.715   34.412 S_000010
