SEQUENCE: gaaaaaaag
SCORE:     score    rna_stub_coord_hack       N_WC      N_NWC       N_BS description
REMARK RNA 
SCORE:     0.001                  0.001          0          1          0    S_000001
   1 H     0.000  170.252   55.279   82.162 -171.372  -81.351   79.354   33.764   97.829  -66.355    0.344253   -1.355480   -0.614741   -0.800107   -1.541245   -1.613678   -1.883619   -0.732044   -1.195037    3.794    0.984    0.238 S_000001
   2 P   -26.073 -133.487  175.348  148.183 -105.196  172.498   87.609  -34.450  152.955  142.439    0.341256   -0.150125   -1.469813   -0.796322   -1.054308   -1.959486   -1.938921   -0.693496   -1.204238    8.998    0.724   -2.572 S_000001
   3 P  -104.244  143.906   58.914   92.671 -139.113 -163.073  109.382   33.641   97.988  172.886    0.342893   -1.296155   -0.710710   -0.801240   -1.411149   -1.720107   -1.885704   -0.639321   -1.241854   14.804   -0.630   -2.714 S_000001
   4 P  -179.630  115.281   62.224  122.274 -131.448 -164.064   84.287  -17.095  153.564  143.373    0.421273   -0.734637   -1.265427   -0.864863   -1.468550   -1.653260   -1.954534   -0.733221   -1.166445   20.944   -1.470    0.565 S_000001
   5 P   -43.438  163.502   28.752   85.725 -159.690  -60.790   81.986   37.043   93.585  179.900    0.333284   -1.325229   -0.671939   -0.766859   -1.416433   -1.730274   -1.895161   -0.710375   -1.217826   25.745   -5.261    2.329 S_000001
   6 P   -69.848 -157.831   49.416   78.653 -135.875  -91.075   80.141   35.614  104.601  161.765    0.316723   -1.418701   -0.465682   -0.813054   -1.669439   -1.467322   -1.834273   -0.715451   -1.216007   29.265  -10.520    1.703 S_000001
   7 P  -108.612   82.361  164.622   80.710 -149.634  -77.891   66.544   45.928   79.058 -144.411    0.271092   -1.401766   -0.525612   -0.716757   -1.413861   -1.684661   -1.860211   -0.722050   -1.213026   33.628  -13.179   -1.301 S_000001
   8 N   -56.447  161.867   71.832  154.148 -109.816  -92.178  128.922  -38.278  154.303 -154.039    0.326604   -0.049147   -1.486557   -0.759318   -0.992584   -1.984304   -1.907809   -0.697240   -1.218033   38.779  -15.835    0.114 S_000001
   9 H   -69.661  169.269   74.600   82.147    0.000    0.000   66.948   38.110   94.272 -176.378    0.306128   -1.393011   -0.537079   -0.785047   -1.561120   -1.591015   -1.877928   -0.747289   -1.192900   43.763  -20.101   -0.618 S_000001
SCORE:     0.004                  0.004          0          0          1    S_000002
   1 H     0.000  170.252   55.279   77.173 -148.826  -59.867   72.030   39.326   91.698  -19.780    0.307440   -1.402106   -0.514313   -0.771816   -1.550479   -1.580282   -1.856210   -0.738895   -1.197962    3.794    0.984    0.238 S_000002
   2 P    73.508  134.850   66.172   99.313 -126.355  -67.113   58.069   17.080  106.171  -14.810    0.416566   -1.125764   -0.942678   -0.827225   -1.434146   -1.763957   -1.926576   -0.762741   -1.171719    6.112   -3.797   -2.640 S_000002
   3 P  -136.102  103.272  168.974   85.473 -128.309  -79.232   63.030   36.383   91.833 -170.126    0.322483   -1.346531   -0.624388   -0.787074   -1.484827   -1.666329   -1.892459   -0.741690   -1.189660   12.288   -5.742   -2.416 S_000002
   4 N   144.461  141.430   15.055  121.976   59.508  138.960  135.446  -17.759  137.113   57.755    0.395163   -0.436400   -1.422259   -0.868116   -1.085522   -1.997279   -1.964247   -0.696062   -1.196181   19.070   -7.080   -1.167 S_000002
   5 P   -80.879 -179.862   79.559  111.255 -139.643  -76.480   76.250    4.777  118.477    2.534    0.430453   -0.952388   -1.110152   -0.846902   -1.385638   -1.801670   -1.930007   -0.732853   -1.182495   21.894  -13.097   -2.209 S_000002
   6 N   -69.516 -174.210   53.641   84.447 -155.470  -84.512   86.074   37.141   93.587  179.876    0.320599   -1.360529   -0.605612   -0.783958   -1.492646   -1.655184   -1.878417   -0.702970   -1.219756   27.696  -15.729   -3.586 S_000002
   7 N   -49.621  167.532   46.664   88.390 -128.450 -103.911   93.282   32.969   96.311  -26.271    0.339531   -1.318210   -0.678700   -0.810477   -1.462649   -1.665357   -1.899018   -0.697535   -1.195487   33.683  -15.752   -4.198 S_000002
   8 N   -51.950 -158.681   68.343  149.159  -85.796 -116.840  101.826  -35.872  154.688   25.035    0.333848   -0.134222   -1.479415   -0.782706   -1.057561   -1.956975   -1.927337   -0.689260   -1.215309   40.152  -14.433   -2.525 S_000002
   9 H   -60.219  168.852   48.498   76.566    0.000    0.000   80.033   40.444   93.610  -28.433    0.298865   -1.429156   -0.430996   -0.765135   -1.635513   -1.511139   -1.834331   -0.744256   -1.206736   45.429  -16.597    1.045 S_000002
SCORE:     0.004                  0.004          0          2          1    S_000003
   1 H     0.000  170.252   55.279   79.210  176.629  -83.496   86.202   34.671   96.084  -68.107    0.337904   -1.380822   -0.570861   -0.793103   -1.589893   -1.578417   -1.885036   -0.763019   -1.186442    3.794    0.984    0.238 S_000003
   2 N   -63.765  175.762   49.301   82.195 -139.268  -76.255   80.024   38.140   96.809  -16.973    0.310832   -1.380775   -0.554869   -0.785152   -1.526966   -1.613265   -1.844664   -0.661005   -1.242320    9.163    1.127   -2.139 S_000003
   3 P   -58.195 -173.700   65.002   87.502  141.529  -88.269  128.525   31.270   99.276   43.092    0.359309   -1.274219   -0.763328   -0.807371   -1.398220   -1.741787   -1.903605   -0.672719   -1.223619   14.230   -2.184   -4.268 S_000003
   4 P   -61.393  165.132   55.795   82.094 -135.944  -62.173   75.429   38.386   91.750  -22.574    0.311147   -1.383677   -0.559437   -0.780837   -1.524396   -1.622000   -1.876619   -0.718622   -1.213221   19.279   -2.809   -4.286 S_000003
   5 P  -111.694   90.416  162.275   83.530 -131.818  -71.832   54.082   37.679   89.061  -25.101    0.339703   -1.326763   -0.648139   -0.752360   -1.421267   -1.715751   -1.872971   -0.699424   -1.222344   24.190   -5.861   -3.468 S_000003
   6 P   152.638  133.371 -164.851   80.834 -154.970  -66.931  123.690   31.389  105.683  163.785    0.343562   -1.372884   -0.556790   -0.824956   -1.642144   -1.505629   -1.862930   -0.737757   -1.198496   30.122   -9.085   -1.566 S_000003
   7 P     0.000  130.811   46.673 -275.333  259.584 -151.365   85.075   32.883  101.246  -15.450    0.340599   -1.386977   -0.540431   -0.815593   -1.638378   -1.511207   -1.875034   -0.761111   -1.176864   33.417  -12.516   -0.046 S_000003
   8 P   -61.772  165.230   55.585   80.112 -162.058  -58.850   76.988   37.599   97.964  179.895    0.303230   -1.416124   -0.475339   -0.798625   -1.633048   -1.511823   -1.846085   -0.722209   -1.215262   39.413  -14.984    1.382 S_000003
   9 H   -70.284  167.073   56.760   82.746    0.000    0.000   80.064   37.334   95.002  179.899    0.314476   -1.388165   -0.544055   -0.788530   -1.562731   -1.588527   -1.865719   -0.719692   -1.213631   44.117  -18.298    0.618 S_000003
SCORE:     0.004                  0.004          0          1          2    S_000004
   1 H     0.000  170.252   55.279   95.136 -164.622  -56.189   97.687   39.272   79.284  179.918    0.320240   -1.200121   -0.866883   -0.754333   -1.059904   -1.934025   -1.905399   -0.600699   -1.260201    3.794    0.984    0.238 S_000004
   2 P   -73.302  154.548   78.214   70.783 -140.208  -81.982   62.450   42.164   95.360  -25.086    0.280695   -1.459598   -0.323947   -0.764403   -1.695351   -1.408721   -1.805050   -0.761346   -1.200368    8.292   -1.994   -1.010 S_000004
   3 P   -50.353 -155.642   49.514  144.140 -116.281 -177.136  152.040  -34.900  163.032   29.821    0.343286   -0.324128   -1.448346   -0.793398   -1.280886   -1.793255   -1.940277   -0.746673   -1.179096   12.319   -7.061   -2.120 S_000004
   4 P    91.444 -171.973  -67.481  117.574  146.446  -70.939  127.224  -18.862  131.191  -80.249    0.443504   -0.169863   -1.456002   -0.807454   -0.733138   -2.128272   -1.899170   -0.677819   -1.226225   17.390  -11.061   -4.457 S_000004
   5 N   -56.633 -172.257   43.111   77.565 -142.684  -76.521   89.517   37.985   92.006   89.922    0.308213   -1.398710   -0.515416   -0.788317   -1.579048   -1.565151   -1.870974   -0.745402   -1.185505   20.278  -15.138   -2.814 S_000004
   6 P   -65.427  173.567   51.498   78.202 -127.987 -117.047   92.460   42.562   93.059 -147.321    0.266393   -1.428398   -0.436667   -0.771698   -1.591389   -1.548982   -1.817469   -0.678790   -1.251633   25.494  -18.594   -2.171 S_000004
   7 P  -105.192  102.707  158.794   84.107 -130.593  -66.615   57.015   36.584   92.977  -28.965    0.333259   -1.351399   -0.601612   -0.773149   -1.502167   -1.646109   -1.876780   -0.721471   -1.208335   31.044  -19.710    0.125 S_000004
   8 N   -55.580  145.075   66.462   82.708 -160.197  -64.411   97.372   36.665   93.580  178.656    0.317198   -1.388703   -0.553085   -0.796891   -1.570226   -1.590571   -1.890419   -0.762804   -1.177448   35.105  -23.019    2.156 S_000004
   9 H    55.428  178.720  -27.915  -77.107    0.000    0.000  -72.874  -42.223  -90.891  179.898    0.270254   -1.429843    0.439037   -0.773426   -1.581901    1.539771   -1.845553   -0.714750    1.211274   40.609  -22.831    0.923 S_000004
SCORE:     0.001                  0.001          0          1          3    S_000005
   1 H     0.000  170.252   55.279   87.573 -169.857  -35.672   85.865   37.817   88.159  -12.790    0.317282   -1.349529   -0.615397   -0.774042   -1.461940   -1.673623   -1.880425   -0.721651   -1.189498    3.794    0.984    0.238 S_000005
   2 P  -136.706  108.987  172.003   86.392 -119.400  -80.189   66.267   34.029   94.186 -167.157    0.341290   -1.319331   -0.667623   -0.795253   -1.455996   -1.672842   -1.885326   -0.702152   -1.204760    8.557   -1.670   -1.906 S_000005
   3 N   -57.968  162.807   57.886   81.197 -137.538  -78.147   82.561   39.732   91.750 -164.999    0.300514   -1.397446   -0.520660   -0.778030   -1.540557   -1.601365   -1.869464   -0.716166   -1.213782   14.398   -3.614   -2.864 S_000005
   4 P    26.077  -85.790 -104.606   98.521 -140.148  -51.684   67.058   35.727   86.642  -42.141    0.331325   -1.200601   -0.872555   -0.789067   -1.133428   -1.902833   -1.922765   -0.609492   -1.250761   17.291   -6.965   -3.966 S_000005
   5 P  -110.003  -95.178 -170.804   85.262 -152.851  -73.112   64.455   36.565   94.655  -23.735    0.333988   -1.354956   -0.605888   -0.774081   -1.501600   -1.649669   -1.863825   -0.691328   -1.230508   22.033  -11.906   -4.610 S_000005
   6 N  -173.868 -178.616  179.685   86.902 -146.045  -72.431   81.778   39.756   88.577  -12.629    0.302540   -1.355778   -0.621490   -0.770300   -1.422934   -1.707921   -1.886028   -0.702878   -1.216575   26.973  -16.234   -2.717 S_000005
   7 P   -62.650  168.286   59.215   86.634 -174.187  -76.231   93.456   33.290   98.890  164.552    0.307403   -1.339352   -0.666994   -0.836463   -1.512993   -1.663933   -1.914600   -0.725711   -1.188220   31.775  -19.917   -1.982 S_000005
   8 P   -58.833 -148.541  -52.595  157.427 -126.832 -148.442  -44.763  -42.415  161.288 -172.839    0.289174    0.057049   -1.493331   -0.752739   -0.939176   -1.992657   -1.909169   -0.662711   -1.231118   37.542  -22.163   -0.769 S_000005
   9 H   -53.302  172.536   47.082   83.697    0.000    0.000   69.244   37.653   91.996 -170.074    0.317198   -1.370832   -0.577758   -0.779481   -1.517105   -1.632524   -1.881063   -0.747678   -1.189779   43.630  -21.019    1.579 S_000005
SCORE:     0.002                  0.002          0          1          1    S_000006
   1 H     0.000  170.252   55.279   92.547 -157.744  -65.826   86.646   29.844   97.664 -170.042    0.355038   -1.277102   -0.760247   -0.835196   -1.420686   -1.713440   -1.929977   -0.692372   -1.205060    3.794    0.984    0.238 S_000006
   2 P    39.640 -128.858  -82.005   88.559 -145.545 -103.754   92.429   33.935   99.147   28.726    0.323246   -1.356643   -0.614744   -0.823361   -1.539259   -1.616040   -1.902007   -0.737832   -1.184765    7.723   -1.758   -0.763 S_000006
   3 P   178.374  129.701   52.361  143.985  -83.498  130.526   96.769  -33.752  155.368  -54.092    0.332207   -0.284888   -1.461262   -0.815500   -1.213238   -1.870668   -1.953210   -0.756321   -1.169935   13.836   -3.761   -4.031 S_000006
   4 P   151.662 -137.715  175.507   81.969 -118.435  -83.967   52.655   33.159   95.284  179.921    0.334731   -1.343047   -0.663849   -0.811778   -1.510047   -1.655492   -1.877990   -0.700603   -1.213749   19.997   -5.097   -4.507 S_000006
   5 P   -69.088  174.511   51.087   83.892 -141.331 -161.898  102.322   36.201   94.613   15.746    0.331978   -1.352144   -0.618355   -0.784845   -1.487066   -1.654380   -1.872949   -0.684796   -1.225436   25.755   -8.219   -4.609 S_000006
   6 P   162.213  132.871   63.888  147.804 -143.545  109.897  101.200  -37.092  158.180  -93.318    0.333677   -0.204846   -1.473897   -0.770287   -1.173569   -1.881828   -1.923892   -0.746255   -1.187107   27.447  -15.080   -2.887 S_000006
   7 N  -175.101 -147.674  159.572  141.718  176.133  146.872   62.364  -31.811 -103.226   76.911    0.331832   -0.177856   -1.485199   -0.843536   -1.029654   -1.962328   -1.977627   -0.691472   -1.204184   32.467  -19.290   -2.155 S_000006
   8 P   -58.174  156.305   51.565   85.961 -126.523  -60.105  115.989   34.984   92.920  150.257    0.338191   -1.314630   -0.683289   -0.792396   -1.425475   -1.710622   -1.890636   -0.679166   -1.224726   36.947  -19.432    1.912 S_000006
   9 H    95.237 -135.116 -141.940   88.680    0.000    0.000   58.612   35.390   88.542 -170.575    0.345942   -1.279262   -0.746031   -0.775216   -1.335793   -1.783790   -1.896350   -0.674159   -1.225682   38.415  -23.821    4.135 S_000006
SCORE:     0.003                  0.003          0          2          0    S_000007
   1 H     0.000  170.252   55.279   79.689 -166.392  -62.855   79.421   41.491   88.626 -164.068    0.285450   -1.394817   -0.524831   -0.769603   -1.502879   -1.631990   -1.863205   -0.702155   -1.222761    3.794    0.984    0.238 S_000007
   2 N   175.955  162.698   52.686  156.851  -87.871  145.742  108.849  -43.567  155.528  -50.089    0.284062    0.107216   -1.494132   -0.739501   -0.895252   -2.027086   -1.878627   -0.742814   -1.196508    8.634   -2.239   -3.090 S_000007
   3 P   167.467  152.113   37.001  107.343   26.756  146.493  101.753    0.211  130.902  -17.824    0.459191   -0.884210   -1.156855   -0.842492   -1.363111   -1.792416   -1.922249   -0.684850   -1.200488   13.049   -6.745   -3.073 S_000007
   4 N  -175.101 -147.674  159.572  141.718  176.133  146.872   62.364  -31.811 -103.226   76.911    0.331832   -0.177856   -1.485199   -0.843536   -1.029654   -1.962328   -1.977627   -0.691472   -1.204184   19.691   -7.875   -2.890 S_000007
   5 P   -64.317  170.252   50.682   79.782 -151.889  -69.789   80.358   44.066   93.606  179.914    0.290671   -1.404804   -0.505937   -0.723002   -1.461673   -1.635820   -1.833755   -0.669666   -1.244764   24.515  -10.348   -6.101 S_000007
   6 P   -64.564  164.031   47.838   80.947 -113.803 -112.100  106.540   35.696   95.429  -88.184    0.326456   -1.361683   -0.600483   -0.796913   -1.521652   -1.626950   -1.881408   -0.719083   -1.207441   30.062  -11.914   -7.576 S_000007
   7 P   -62.477  169.859   57.845   86.209 -147.601  -76.177   95.928   34.884   98.175  170.558    0.322204   -1.353918   -0.620766   -0.813507   -1.510056   -1.635337   -1.894973   -0.706293   -1.205522   36.201  -13.468   -5.343 S_000007
   8 N     0.000 -178.226   66.203   86.676 -141.677  -38.362   74.156   38.346   88.082  -24.022    0.314159   -1.346642   -0.631034   -0.778466   -1.430290   -1.699699   -1.880980   -0.675433   -1.230210   39.473  -14.215   -0.564 S_000007
   9 H   -76.424  163.558   54.535   82.179    0.000    0.000   76.214   42.672   86.638  -32.623    0.285710   -1.401083   -0.500512   -0.744382   -1.497642   -1.611044   -1.844223   -0.693616   -1.222856   43.001  -17.934    1.815 S_000007
SCORE:     0.001                  0.001          0          0          1    S_000008
   1 H     0.000  170.252   55.279   87.167 -151.264  -61.792   54.119   37.539   87.036  -17.053    0.300650   -1.350207   -0.638873   -0.807648   -1.444559   -1.697370   -1.910577   -0.716707   -1.191895    3.794    0.984    0.238 S_000008
   2 P   120.428 -130.939  -89.909   77.002 -171.339  -61.632   87.439   39.246   94.793  170.745    0.283268   -1.431692   -0.411776   -0.803248   -1.655499   -1.463790   -1.856244   -0.759543   -1.181497    6.117   -3.489   -1.809 S_000008
   3 P   -93.154 -157.444   54.300  150.377 -112.935 -160.796  105.347  -36.726  152.260  155.081    0.325182   -0.066179   -1.488565   -0.782637   -0.984831   -1.998773   -1.922659   -0.698395   -1.211700   11.365   -5.719    1.270 S_000008
   4 P   -69.784  162.548   62.002   91.397 -145.690  -72.483   78.355   32.811   97.381  164.667    0.347280   -1.288130   -0.735306   -0.803723   -1.402344   -1.732983   -1.900358   -0.667297   -1.226122   16.140   -9.557    3.490 S_000008
   5 N   -56.323  174.082   48.088   84.541 -167.213 -103.451   96.804   35.162   95.241  174.082    0.329159   -1.345000   -0.641416   -0.804535   -1.483201   -1.666557   -1.894831   -0.706109   -1.209019   21.602  -12.334    3.307 S_000008
   6 P  -170.614  171.306  161.607   77.746 -114.502  -71.913   54.684   36.491   93.399  130.410    0.335231   -1.349746   -0.596634   -0.776451   -1.492991   -1.635436   -1.852206   -0.684802   -1.215519   28.457  -13.517    2.302 S_000008
   7 P   -78.018   86.807 -174.010  102.879 -129.169  -86.833   72.509   15.321  107.219 -143.773    0.384202   -1.089260   -1.002685   -0.865873   -1.399535   -1.811456   -1.939000   -0.721433   -1.193995   33.535  -13.939    1.026 S_000008
   8 P   173.044  132.406   51.077  147.594 -114.230  115.286  100.126  -38.334  161.724  -54.350    0.320213   -0.236481   -1.470777   -0.774185   -1.237796   -1.830672   -1.931993   -0.757840   -1.178734   38.487  -18.409    3.627 S_000008
   9 H   -49.738  177.840   45.145   74.979    0.000    0.000   70.498   41.542   88.492  179.873    0.322209   -1.401571   -0.523244   -0.746790   -1.463232   -1.622681   -1.853651   -0.705433   -1.220943   43.200  -19.659    3.351 S_000008
SCORE:     0.003                  0.003          0          0          3    S_000009
   1 H     0.000  170.252   55.279   81.156 -153.698  -74.349   81.497   39.071   91.053 -116.516    0.308634   -1.376155   -0.565296   -0.771635   -1.500098   -1.637633   -1.868313   -0.699838   -1.215982    3.794    0.984    0.238 S_000009
   2 P   136.320  120.618   66.351   86.589 -138.675  -81.786 -173.567   -0.217  148.305    3.285    0.352236   -1.367790   -0.633686   -1.021823   -1.981773   -0.911928   -1.832936   -0.864144   -1.095830    7.479   -2.725   -4.424 S_000009
   3 P  -106.372   87.012  163.300   89.223 -126.155  -71.902   58.053   24.477  104.877  -76.828    0.377553   -1.257416   -0.781825   -0.846638   -1.515195   -1.669047   -1.911555   -0.731597   -1.183915   12.957   -4.689   -3.921 S_000009
   4 P   -69.011 -179.587   61.676   84.733 -147.671  -51.314   90.548   38.978   90.647  -22.402    0.297355   -1.362058   -0.610868   -0.788062   -1.449348   -1.683885   -1.877935   -0.674824   -1.228791   18.051   -8.294   -5.517 S_000009
   5 P   -40.781  173.312   44.680   83.104 -163.376  174.185   96.053   35.505   93.607  -15.694    0.321901   -1.339773   -0.650386   -0.799695   -1.468237   -1.676585   -1.878521   -0.689064   -1.218829   23.530   -7.562   -4.474 S_000009
   6 P   -76.537  178.907   62.832   86.529 -164.364  -61.107   91.633   37.320   90.941  179.957    0.316539   -1.353772   -0.618165   -0.787401   -1.467721   -1.669326   -1.884697   -0.697694   -1.221119   28.235  -12.066   -3.819 S_000009
   7 N   -52.702  172.923   49.702   84.169 -165.377 -100.510   95.305   35.324   96.911 -144.598    0.323649   -1.362952   -0.603981   -0.808138   -1.526598   -1.626536   -1.889159   -0.716986   -1.203713   33.385  -14.429   -3.054 S_000009
   8 P   -62.993  158.684   68.064   82.009 -135.762 -115.143   68.718   30.330  106.322  175.796    0.353091   -1.354176   -0.600646   -0.822722   -1.620133   -1.543447   -1.878653   -0.752021   -1.188549   38.992  -16.598   -2.586 S_000009
   9 H   -70.704  169.662   59.426   74.179    0.000    0.000   71.528   44.757   88.417  -21.365    0.277749   -1.421586   -0.350014   -0.723380   -1.583789   -1.475549   -1.768080   -0.665188   -1.216377   45.123  -18.951   -1.383 S_000009
SCORE:     0.004                  0.004          0          1          3    S_000010
   1 H     0.000  170.252   55.279   82.764 -153.250  -70.565   85.568   35.517   93.481   -9.038    0.342270   -1.339219   -0.640480   -0.780101   -1.473428   -1.670451   -1.877869   -0.711488   -1.212848    3.794    0.984    0.238 S_000010
   2 N     0.000 -131.354  -80.478   98.620 -141.646  -84.428   44.124   36.066   80.463  -23.346    0.340675   -1.192140   -0.878965   -0.776694   -1.113717   -1.918851   -1.925273   -0.721406   -1.194790    8.501   -0.919   -2.064 S_000010
   3 P   -43.657  136.765   57.395  140.172  -98.716  158.755  129.468  -39.305  168.972   29.981    0.332014   -0.346979   -1.448700   -0.761852   -1.387796   -1.682591   -1.928689   -0.745866   -1.195020   12.967   -3.980   -3.270 S_000010
   4 P   101.752 -175.985  164.754   99.867 -140.002  -76.758  -47.051   19.810  100.812 -117.097    0.419885   -1.076911   -1.001370   -0.809340   -1.285710   -1.878225   -1.935095   -0.772886   -1.164892   19.389   -5.608   -2.332 S_000010
   5 P   -60.344 -173.657   65.712  145.218 -100.727 -121.965  126.478  -33.280  154.493   38.328    0.340229   -0.267868   -1.461197   -0.814660   -1.183651   -1.885493   -1.946255   -0.733197   -1.181534   24.455   -7.371    1.231 S_000010
   6 P   -56.294  173.848   49.881   82.241 -158.581  -94.826   76.852   32.150  103.015  -20.636    0.359922   -1.347564   -0.611379   -0.794299   -1.569381   -1.584587   -1.860731   -0.723054   -1.207390   29.083  -11.073    4.534 S_000010
   7 P   -58.084  163.626   59.183   83.977 -143.183  -63.040   75.934   38.206   91.422  -16.514    0.314992   -1.363986   -0.602308   -0.777471   -1.475068   -1.665489   -1.877103   -0.698161   -1.219654   34.416  -13.776    5.764 S_000010
   8 P   -66.860  176.765   55.193   85.869 -146.730  -98.752   70.335   34.852   93.820 -120.170    0.340465   -1.319448   -0.682438   -0.788911   -1.438981   -1.708476   -1.894840   -0.695840   -1.218266   38.841  -17.531    3.697 S_000010
   9 H   160.340 -160.953  176.905   81.689    0.000    0.000   52.207   39.210   95.389  -24.750    0.308854   -1.389033   -0.534324   -0.769956   -1.531571   -1.604382   -1.843827   -0.678968   -1.235322   43.073  -18.512   -1.647 S_000010
