SEQUENCE: gaaaaaaaaaaaaaaaaaag
SCORE:     score    rna_stub_coord_hack       N_WC      N_NWC       N_BS description
REMARK RNA 
SCORE:     1.242                  1.242          0          2          4    S_000001
   1 H     0.000  170.252   55.279   77.554 -175.723  -82.006   85.589   36.602   97.650  -76.412    0.294751   -1.442314   -0.384861   -0.823877   -1.738854   -1.388806   -1.876027   -0.825560   -1.136892    3.794    0.984    0.238 S_000001
   2 P    62.279 -130.008 -162.248   77.049 -150.054  -46.426   96.936   38.607   98.741 -145.886    0.309107   -1.417401   -0.460497   -0.778115   -1.628124   -1.512325   -1.800025   -0.681054   -1.251645    8.377    0.019   -0.898 S_000001
   3 N   -65.489  179.494   52.051   81.513 -170.443  -54.681   76.856   39.951   91.181  -21.368    0.288332   -1.409396   -0.491804   -0.780156   -1.574652   -1.566007   -1.855217   -0.733625   -1.201362   11.968   -0.771    3.704 S_000001
   4 N   148.775 -138.079  169.227   87.232  -97.958  125.042   52.643   32.135   99.034   81.313    0.344251   -1.319623   -0.689858   -0.818537   -1.484579   -1.675333   -1.906576   -0.707911   -1.204409   11.202   -4.489    8.226 S_000001
   5 P   -57.516  170.989   32.698   82.175 -159.612  -59.480   95.701   38.744   84.463  172.322    0.307704   -1.369688   -0.580466   -0.778628   -1.484873   -1.648700   -1.889681   -0.751611   -1.187705   14.324   -4.547   12.071 S_000001
   6 N   -41.230  151.239   47.441   95.874   63.258  125.144  115.524  -16.345  143.905 -132.099    0.444447   -0.614179   -1.326760   -0.826723   -1.306325   -1.822494   -1.919534   -0.626497   -1.238624   16.693   -5.275   16.695 S_000001
   7 N   -65.980 -179.454   41.277   82.212 -171.326  -49.247   92.180   35.558   94.512  -17.640    0.319239   -1.356767   -0.616017   -0.806534   -1.509918   -1.642454   -1.886124   -0.705057   -1.206454   17.288   -6.436   23.109 S_000001
   8 P    69.065  148.258   61.008  143.351 -152.468 -173.839  -36.031  -32.620  153.760  -38.466    0.355883   -0.282450   -1.458156   -0.797587   -1.187713   -1.889374   -1.939496   -0.751429   -1.176510   21.403   -4.382   26.630 S_000001
   9 P   153.271 -163.076  168.397   84.504 -136.966  -44.262   82.583   39.320   88.354 -115.452    0.304909   -1.349316   -0.638779   -0.772603   -1.411772   -1.719121   -1.885988   -0.682321   -1.232217   25.562   -7.394   31.639 S_000001
  10 P   -78.411  154.090   84.095   80.282 -118.974  -76.437   67.002   37.039   92.942  -17.328    0.334242   -1.369279   -0.567638   -0.776619   -1.516962   -1.610375   -1.857810   -0.695112   -1.219056   27.477   -7.256   36.931 S_000001
  11 P  -101.668   85.863  163.401   88.209 -123.748 -140.327   72.051   28.072  104.138 -124.669    0.372023   -1.259642   -0.777270   -0.826687   -1.435383   -1.712109   -1.904205   -0.676946   -1.212812   27.696   -6.324   42.671 S_000001
  12 P   152.638  133.371 -164.851   80.834 -154.970  -66.931  123.690   31.389  105.683  163.785    0.343562   -1.372884   -0.556790   -0.824956   -1.642144   -1.505629   -1.862930   -0.737757   -1.198496   31.702   -6.508   48.833 S_000001
  13 P   117.935 -136.958  162.437  144.666  -97.088  134.124   84.122  -35.353  159.457   20.434    0.327448   -0.241090   -1.464698   -0.804626   -1.184865   -1.859172   -1.945209   -0.712335   -1.193717   33.295   -6.468   54.168 S_000001
  14 N   -69.516 -174.210   53.641   84.447 -155.470  -84.512   86.074   37.141   93.587  179.876    0.320599   -1.360529   -0.605612   -0.783958   -1.492646   -1.655184   -1.878417   -0.702970   -1.219756   37.275   -8.225   57.298 S_000001
  15 P  -141.438 -173.059   59.783   86.819   64.242  123.802  129.505   17.004  123.499   57.036    0.418770   -1.172726   -0.880056   -0.860914   -1.479592   -1.655423   -1.888016   -0.619308   -1.243832   39.345  -10.445   63.553 S_000001
  16 P   -82.977  163.598   69.177   82.629 -159.761  -70.212   79.289   38.370   87.561  167.899    0.319264   -1.363465   -0.596303   -0.768813   -1.472471   -1.658587   -1.877937   -0.737559   -1.194105   43.164   -7.224   67.655 S_000001
  17 P   179.255 -135.065  172.800   92.097  -85.253 -110.016   72.445   16.446  126.691   -9.809    0.394445   -1.251474   -0.774943   -0.886338   -1.638097   -1.508116   -1.898612   -0.716384   -1.191581   43.801   -6.273   74.098 S_000001
  18 P   -62.721 -173.367   37.813   82.363 -174.023  -60.548   82.666   32.870   95.630  -75.330    0.332475   -1.372230   -0.578554   -0.824355   -1.600567   -1.556819   -1.911352   -0.793627   -1.148762   46.126   -5.710   80.515 S_000001
  19 N   -97.944  144.143  116.364  107.390 -146.299  170.116   62.722   -5.024  141.666   18.042    0.428033   -0.968284   -1.110263   -0.900109   -1.566329   -1.597061   -1.953408   -0.750813   -1.156653   49.350   -7.713   84.678 S_000001
  20 H   -61.015 -128.977   56.935  123.035    0.000    0.000   83.778  -10.963  134.590  166.579    0.405915   -0.692871   -1.291642   -0.862557   -1.311284   -1.857068   -1.962910   -0.710410   -1.201936   53.445   -5.819   89.200 S_000001
SCORE:     1.088                  1.088          0          1          6    S_000002
   1 H     0.000  170.252   55.279   79.367 -155.554  -76.023   83.596   40.679   95.157   -1.965    0.282513   -1.428980   -0.420331   -0.782397   -1.633862   -1.501726   -1.818675   -0.704279   -1.233023    3.794    0.984    0.238 S_000002
   2 N    56.072   53.789  175.726   82.146 -169.093  130.995 -145.419   32.595  111.821  -13.636    0.296932   -1.423406   -0.499708   -0.878651   -1.686260   -1.447155   -1.852927   -0.700373   -1.199156    5.659   -2.836   -1.682 S_000002
   3 N   -68.946  148.676   66.715   83.002 -130.330  -74.414   74.353   37.642   91.882  171.636    0.331430   -1.358297   -0.592655   -0.757591   -1.495325   -1.647272   -1.856637   -0.720502   -1.215164    7.767   -0.682    3.066 S_000002
   4 P   -75.329 -176.435   52.104   85.359 -138.934  -80.729   82.325   33.426   97.849  -21.373    0.343478   -1.334072   -0.655134   -0.804879   -1.496527   -1.654728   -1.894558   -0.709774   -1.206926    8.476    1.240    9.299 S_000002
   5 P  -115.592   84.146  168.141   84.273 -145.206  -76.931   59.630   37.254   87.328  179.897    0.336002   -1.320977   -0.673449   -0.766332   -1.394336   -1.731604   -1.888981   -0.705901   -1.209775    8.901   -0.250   15.127 S_000002
   6 N  -149.034  -81.925  172.404  146.046 -150.679 -107.126  111.344  -35.048  155.162  147.404    0.332662   -0.192882   -1.475955   -0.792373   -1.116447   -1.928530   -1.935508   -0.712398   -1.199196   10.297   -1.268   21.789 S_000002
   7 N   -66.306 -177.289   45.423   85.030 -148.727  -62.795   79.657   38.653   89.975  -29.774    0.304319   -1.381694   -0.566204   -0.778945   -1.523948   -1.634612   -1.890368   -0.774570   -1.172409   10.507   -5.052   27.248 S_000002
   8 N   -68.246 -179.265   60.610   82.394 -166.940 -101.879   80.724   34.938   96.446 -174.394    0.326881   -1.364842   -0.584319   -0.805091   -1.547696   -1.595186   -1.878234   -0.725880   -1.199119   14.060   -5.988   32.230 S_000002
   9 P   -61.973  146.572   59.679   83.840 -126.171 -115.294   89.710   33.888   95.454 -133.440    0.325887   -1.344526   -0.638798   -0.819353   -1.512451   -1.643178   -1.897856   -0.720184   -1.199941   17.523   -6.877   36.774 S_000002
  10 P  -104.992   88.618  177.754   82.417 -121.886  -80.657   64.057   38.551   91.501 -164.432    0.313053   -1.384569   -0.554767   -0.771836   -1.535574   -1.621459   -1.870118   -0.731888   -1.211532   21.097   -7.265   41.521 S_000002
  11 P   -45.155  171.297   50.009  127.136 -162.964 -104.257  127.752  -25.217  158.077 -150.094    0.438166   -0.263066   -1.437777   -0.776346   -1.009467   -1.975085   -1.925620   -0.691715   -1.221366   21.820  -10.166   47.008 S_000002
  12 P   -60.412 -156.775   41.084  114.308  148.253  -68.935  147.932  -23.519  148.303  -70.724    0.436836   -0.239879   -1.448469   -0.791244   -0.940232   -2.023845   -1.922204   -0.687826   -1.219941   24.780  -11.914   52.701 S_000002
  13 N   -71.682  168.742   56.826   80.711 -131.712  -78.534   80.392   35.165   96.772  179.913    0.348009   -1.347520   -0.621535   -0.777973   -1.498697   -1.641764   -1.860923   -0.698674   -1.219730   28.477  -12.645   56.162 S_000002
  14 P   -61.782 -140.498   56.795  140.224 -153.193 -144.278  165.784  -33.826  159.973  156.711    0.349592   -0.388033   -1.431578   -0.793415   -1.340736   -1.762595   -1.940106   -0.795494   -1.147865   32.538  -10.216   61.007 S_000002
  15 P   -57.453  164.272   54.441   82.303 -165.753  -81.004   92.847   39.731   93.205  -51.304    0.294590   -1.406111   -0.506351   -0.781939   -1.562559   -1.583179   -1.851915   -0.703320   -1.226567   35.595   -8.898   66.495 S_000002
  16 P  -168.839  121.189 -176.246   84.421 -162.310  -96.356  108.244   34.304  106.356  -23.636    0.327894   -1.391748   -0.518664   -0.809234   -1.631897   -1.506085   -1.823324   -0.679514   -1.237292   37.764   -8.858   73.008 S_000002
  17 N   -65.376  170.701   52.683   81.769 -148.989  -64.186   77.837   36.362   94.010  179.913    0.322550   -1.370721   -0.580353   -0.790760   -1.541170   -1.617465   -1.872573   -0.709486   -1.215565   42.115  -10.937   76.995 S_000002
  18 P   -56.319 -151.350   51.272  140.020 -100.337 -154.876  160.165  -35.102  161.015   16.344    0.335371   -0.379745   -1.442838   -0.794508   -1.350681   -1.755183   -1.937257   -0.765789   -1.169927   44.553  -10.620   82.899 S_000002
  19 P  -104.055   86.844  168.780   82.130 -119.848  -68.983   61.467   39.168   87.620  176.564    0.316688   -1.351873   -0.625528   -0.762949   -1.427076   -1.705653   -1.879876   -0.700139   -1.217629   47.855  -11.215   87.345 S_000002
  20 H   -51.772  166.715   51.151   83.329    0.000    0.000   80.908   37.937   91.739  -23.686    0.314294   -1.355015   -0.604093   -0.781048   -1.473974   -1.667501   -1.876205   -0.690273   -1.225470   53.000   -9.503   90.018 S_000002
SCORE:     0.999                  0.999          0          0          8    S_000003
   1 H     0.000  170.252   55.279   87.801   13.535   59.397   76.249   33.683  102.671   32.988    0.318035   -1.345685   -0.638511   -0.829089   -1.508034   -1.631284   -1.881762   -0.657957   -1.235352    3.794    0.984    0.238 S_000003
   2 N    98.782  142.576   70.076   87.990 -168.311  -58.984   55.170   36.306   92.999  -14.663    0.324763   -1.347975   -0.638688   -0.791780   -1.469154   -1.679115   -1.896454   -0.714197   -1.209228    7.935    3.997   -0.101 S_000003
   3 P   -77.970 -169.352   67.973   91.652 -121.394 -110.210   91.287   27.747  104.265  -97.757    0.365415   -1.277418   -0.725711   -0.830763   -1.500105   -1.649433   -1.890973   -0.689317   -1.209610    9.793    5.502    5.609 S_000003
   4 P   165.278  167.371  175.594   83.822 -158.281  -75.127   89.459   36.330   91.172 -137.030    0.339110   -1.327173   -0.662258   -0.772025   -1.433257   -1.708364   -1.881501   -0.696938   -1.221572   12.228    2.794   11.889 S_000003
   5 P   -55.089  173.538   51.274   86.239 -171.549  -67.592   83.245   32.949   95.914  -70.659    0.342672   -1.321830   -0.669514   -0.812806   -1.480409   -1.664521   -1.893787   -0.695884   -1.209959   14.134    0.633   17.167 S_000003
   6 P   -57.646 -146.257   57.461  143.472  -87.641  148.006  147.470  -36.073  161.191  121.537    0.352333   -0.200749   -1.470710   -0.763103   -1.148224   -1.890004   -1.921681   -0.697456   -1.207183   14.503   -2.499   22.563 S_000003
   7 P   152.281 -128.576  155.097   78.342 -101.360  -85.750   51.733   41.691   87.019  -24.073    0.316920   -1.375164   -0.560843   -0.727991   -1.441913   -1.667321   -1.839657   -0.685701   -1.232711   16.928   -3.246   28.703 S_000003
   8 P   -66.973  173.475   68.286  137.907  -77.343  141.002  117.624  -17.512  137.272    4.519    0.452995   -0.419113   -1.378158   -0.806682   -1.063678   -1.954233   -1.924759   -0.651630   -1.215380   22.137   -3.578   32.641 S_000003
   9 P   -67.267  167.131   48.228   81.926 -148.552  -81.901   79.023   32.484  102.032 -120.115    0.349917   -1.351684   -0.609945   -0.804741   -1.572321   -1.591491   -1.875193   -0.733824   -1.202812   24.218   -5.602   37.144 S_000003
  10 P   -68.233  177.052   56.656   79.919 -144.714  -69.292   75.857   41.215   91.257 -141.775    0.282637   -1.415107   -0.476650   -0.771154   -1.567239   -1.569631   -1.854192   -0.720929   -1.211766   26.146   -5.896   43.222 S_000003
  11 P   -72.231  177.462   61.503   90.373  -88.954 -163.766  111.572   35.378   95.920  179.931    0.331079   -1.334198   -0.653676   -0.794626   -1.463604   -1.683831   -1.883664   -0.682145   -1.227081   30.044   -3.492   47.553 S_000003
  12 P  -112.908   84.497  170.464   87.540 -125.413  -77.907   63.669   39.166   84.620  -18.286    0.329033   -1.302810   -0.708279   -0.747225   -1.310337   -1.791840   -1.895668   -0.719297   -1.206481   30.403   -1.949   52.803 S_000003
  13 P   -53.289  163.320   45.076   78.150 -174.071  -61.893   90.092   39.465   92.706  166.443    0.298194   -1.415504   -0.477601   -0.783338   -1.596720   -1.547714   -1.859577   -0.735076   -1.204421   30.239   -4.638   58.322 S_000003
  14 P   -59.809 -129.144   54.265  150.072  -89.880  178.588  169.207  -33.725  153.392   52.776    0.344401   -0.126133   -1.477143   -0.797352   -1.002056   -1.982670   -1.937984   -0.657325   -1.223011   30.057   -4.800   64.579 S_000003
  15 N  -149.449  161.904  169.889   81.813 -145.400  -65.994  120.751   29.215  116.975    7.240    0.321253   -1.415703   -0.497345   -0.892978   -1.732380   -1.385977   -1.824266   -0.691127   -1.230135   30.036   -8.551   70.093 S_000003
  16 N  -139.048  166.464  170.340   86.512 -154.158  -65.732   70.175   34.223   96.956   10.890    0.341865   -1.327089   -0.657684   -0.792520   -1.472840   -1.667874   -1.873415   -0.684865   -1.220649   32.768  -13.511   73.695 S_000003
  17 N   -50.936  170.693   59.456  140.138 -123.590 -165.720  102.147  -28.824  146.926   74.808    0.372909   -0.320183   -1.444597   -0.805892   -1.158175   -1.918373   -1.937237   -0.739376   -1.178972   34.690  -16.798   78.131 S_000003
  18 P  -165.123  123.315  171.991   87.033 -153.571  -59.887   73.452   35.136   95.198   -8.374    0.331756   -1.337775   -0.632899   -0.796073   -1.488319   -1.658809   -1.881383   -0.691431   -1.212719   36.455  -18.888   84.343 S_000003
  19 P   -76.537  178.907   62.832   86.529 -164.364  -61.107   91.633   37.320   90.941  179.957    0.316539   -1.353772   -0.618165   -0.787401   -1.467721   -1.669326   -1.884697   -0.697694   -1.221119   37.479  -18.539   90.417 S_000003
  20 H   -66.226  170.193   58.009   83.770    0.000    0.000   74.043   37.235   97.008  -27.243    0.314640   -1.381957   -0.547515   -0.792447   -1.552775   -1.592637   -1.858730   -0.695227   -1.221935   38.669  -21.518   95.269 S_000003
SCORE:     1.189                  1.189          0          0          3    S_000004
   1 H     0.000  170.252   55.279   81.544 -163.125  -67.904   74.352   37.555   97.479  179.936    0.324036   -1.364977   -0.600204   -0.773797   -1.491669   -1.653244   -1.857808   -0.666941   -1.246600    3.794    0.984    0.238 S_000004
   2 N     0.000 -154.674 -159.595  133.346 -153.157   53.810  126.914  -35.833  166.513  -38.759    0.291115   -0.400013   -1.436029   -0.858900   -1.382658   -1.672751   -1.981003   -0.706336   -1.172992    8.652   -1.017   -1.589 S_000004
   3 N  -153.652  128.755  161.424  143.921 -153.217   56.773  160.808  -31.314  148.153  -37.264    0.343393   -0.225622   -1.472310   -0.819705   -1.084813   -1.967872   -1.945594   -0.715949   -1.195315    7.650   -2.963    3.531 S_000004
   4 P  -106.179  169.734   88.640   87.854 -141.474  -79.258   65.683   31.930   96.441   -4.081    0.372309   -1.284424   -0.724690   -0.777056   -1.437418   -1.717149   -1.880518   -0.716526   -1.208986    9.818   -4.440    8.150 S_000004
   5 P   -73.784 -136.674   65.003   93.602   55.712  100.910  136.596   18.295  115.084  142.157    0.414781   -1.154956   -0.917319   -0.856962   -1.421293   -1.727181   -1.932139   -0.681515   -1.198908   13.331   -5.148   14.016 S_000004
   6 P  -154.050  145.148  124.520   89.904 -156.931 -129.437   98.571   22.752  116.377   53.243    0.366115   -1.304268   -0.738772   -0.890164   -1.596323   -1.568220   -1.925176   -0.727709   -1.180955   15.401   -6.121   19.559 S_000004
   7 P   -82.745 -178.852   61.136   86.572 -148.178  -78.703   93.229   35.273   90.178 -115.758    0.353832   -1.300130   -0.710190   -0.764674   -1.390572   -1.744074   -1.880540   -0.710386   -1.210492   20.508   -4.869   23.883 S_000004
   8 N   -41.090 -179.648   43.086   82.939 -147.768  -70.595   90.099   43.084   86.879  -22.836    0.267695   -1.395490   -0.551332   -0.766149   -1.436749   -1.670536   -1.879474   -0.678920   -1.229465   23.125   -5.437   29.407 S_000004
   9 P   -26.073 -133.487  175.348  148.183 -105.196  172.498   87.609  -34.450  152.955  142.439    0.341256   -0.150125   -1.469813   -0.796322   -1.054308   -1.959486   -1.938921   -0.693496   -1.204238   25.191   -8.151   34.452 S_000004
  10 N    53.356  116.822  179.275   86.718 -135.813  -50.193   83.881   33.010   98.626 -122.159    0.338079   -1.338946   -0.651645   -0.816250   -1.509313   -1.641694   -1.895866   -0.705439   -1.206221   24.349   -7.967   41.156 S_000004
  11 P   -68.990  159.486   57.575   85.385 -146.901  -68.205   69.862   43.657   87.920  -18.706    0.276776   -1.406040   -0.516667   -0.730894   -1.492487   -1.642439   -1.863435   -0.742855   -1.192700   27.667   -7.514   45.791 S_000004
  12 P  -107.553   94.017  159.811   80.200 -113.932  -66.218   51.551   35.791   98.328  -20.041    0.332026   -1.375208   -0.546709   -0.788726   -1.560121   -1.561548   -1.862246   -0.719458   -1.204166   31.972   -9.569   48.957 S_000004
  13 P   -96.958 -151.881   65.357   91.071   -1.792  133.042  124.314   17.876  130.299  179.911    0.363725   -1.338865   -0.662008   -0.939271   -1.743311   -1.375290   -1.877488   -0.712859   -1.211332   36.526  -12.523   53.049 S_000004
  14 P   166.495  172.404  174.231   87.746 -132.714  -66.796   66.289   35.684   95.741  -22.140    0.317062   -1.318123   -0.699594   -0.783392   -1.426334   -1.729960   -1.879184   -0.700135   -1.218640   40.202  -12.831   58.202 S_000004
  15 P   -76.189  126.415   70.784   78.346 -176.925  178.948  121.833   33.090  105.667  153.222    0.323848   -1.452992   -0.352529   -0.832486   -1.819289   -1.280788   -1.827199   -0.815599   -1.152722   41.774  -13.131   63.513 S_000004
  16 P   152.767 -170.923  168.753   90.141 -153.461  -69.676   62.592   38.672   81.946  179.887    0.314527   -1.304140   -0.725198   -0.773885   -1.310461   -1.804102   -1.910749   -0.721999   -1.199298   43.803  -11.463   70.174 S_000004
  17 P   -65.076 -178.561   50.890   82.033  172.301  -98.139   97.082   37.385   96.141 -153.256    0.273990   -1.386814   -0.568385   -0.828927   -1.551060   -1.613081   -1.894165   -0.701245   -1.211693   46.357  -11.744   75.837 S_000004
  18 P    60.813 -112.916  -67.406  139.938 -112.914  -62.905  -47.302  -32.827  156.735 -141.027    0.332790   -0.381598   -1.436724   -0.822649   -1.312868   -1.790463   -1.951564   -0.737404   -1.181073   47.971  -13.016   79.744 S_000004
  19 P  -179.630  115.281   62.224  122.274 -131.448 -164.064   84.287  -17.095  153.564  143.373    0.421273   -0.734637   -1.265427   -0.864863   -1.468550   -1.653260   -1.954534   -0.733221   -1.166445   45.994  -10.724   85.894 S_000004
  20 H   135.393 -166.979 -175.146   80.779    0.000    0.000   76.029   35.774   96.632  179.885    0.336162   -1.374691   -0.569228   -0.779123   -1.564864   -1.593935   -1.858567   -0.719559   -1.218661   48.520  -12.066   92.455 S_000004
SCORE:     0.732                  0.732          0          1          3    S_000005
   1 H     0.000  170.252   55.279   76.684 -159.832  -70.726   82.171   39.672   92.879 -123.774    0.306453   -1.405974   -0.440765   -0.762752   -1.612137   -1.506522   -1.852161   -0.743063   -1.196183    3.794    0.984    0.238 S_000005
   2 N   -33.093 -130.852 -175.461   87.133 -152.771  -88.202 -124.391   29.404  112.805  179.945    0.355746   -1.339156   -0.638775   -0.836279   -1.583109   -1.569312   -1.879897   -0.694869   -1.218100    8.756   -0.334   -3.008 S_000005
   3 N   -71.836 -171.277   52.737   88.663 -131.641  -67.185   73.576   33.884   98.784  -18.826    0.336532   -1.324796   -0.666998   -0.807054   -1.469262   -1.675150   -1.885727   -0.669730   -1.229791   15.129   -0.204   -1.311 S_000005
   4 P   -63.581 -146.430   49.830   90.923 -117.431  -96.830  146.690   31.317   98.077   30.031    0.329507   -1.328939   -0.665130   -0.840372   -1.521002   -1.627038   -1.912119   -0.739471   -1.168804   18.629    3.214    3.173 S_000005
   5 N     0.000 -143.540  -45.121 -208.883  216.002  172.687   88.324  -31.663  138.346  -10.108    0.321477    0.013290   -1.502199   -0.843234   -0.763940   -2.131852   -1.904381   -0.749701   -1.193037   19.202    2.809    9.422 S_000005
   6 P    53.639  135.444   35.209  110.985  179.136  160.468   85.176  -11.041  145.427  179.930    0.438625   -0.895792   -1.160863   -0.869790   -1.570352   -1.567488   -1.932309   -0.771260   -1.132050   21.393    0.457   15.398 S_000005
   7 N    89.309 -128.184 -176.803   85.980 -125.293  -86.866  101.256   32.497   99.896  -13.210    0.337448   -1.344533   -0.644393   -0.824490   -1.531634   -1.627120   -1.898220   -0.710229   -1.207517   26.991    1.233   17.249 S_000005
   8 P  -166.924 -154.036  159.889   90.332 -178.658 -136.635   73.477   26.413  115.255    3.673    0.345049   -1.323606   -0.689620   -0.882069   -1.572952   -1.568229   -1.923026   -0.712384   -1.176451   30.591    2.444   23.094 S_000005
   9 P   164.582 -172.155 -177.961   81.839 -121.188  -67.685   55.563   37.901   94.530  -40.595    0.329303   -1.376646   -0.558737   -0.763218   -1.531940   -1.616400   -1.853665   -0.704182   -1.225149   34.415    4.935   28.459 S_000005
  10 N  -139.048  166.464  170.340   86.512 -154.158  -65.732   70.175   34.223   96.956   10.890    0.341865   -1.327089   -0.657684   -0.792520   -1.472840   -1.667874   -1.873415   -0.684865   -1.220649   37.138    5.089   34.650 S_000005
  11 P   -73.926  172.099   56.582   88.506 -115.169  -68.389  111.422   37.930   96.142  163.273    0.298268   -1.362359   -0.620068   -0.804185   -1.464241   -1.681290   -1.871428   -0.631441   -1.259937   38.998    6.335   40.332 S_000005
  12 N   -70.443 -167.722   51.755   93.173  123.329  -97.835  101.915   28.273  100.650 -112.099    0.350732   -1.173409   -0.879789   -0.854740   -1.245858   -1.819409   -1.953517   -0.676129   -1.177028   42.409    2.482   44.372 S_000005
  13 P  -136.188  147.408  170.784   84.536 -136.102  -73.016   76.513   39.583   86.659  179.914    0.336335   -1.326095   -0.664039   -0.729869   -1.374732   -1.758977   -1.869372   -0.707693   -1.223661   44.956    0.614   49.215 S_000005
  14 P   -63.205  171.353   54.703   80.508 -166.947 -112.593   87.404   39.529   93.956  -19.361    0.312179   -1.391493   -0.527466   -0.762039   -1.531548   -1.601004   -1.844492   -0.705140   -1.217484   46.529   -0.253   55.183 S_000005
  15 P   -74.070 -162.683   58.938   85.949 -161.150  -82.318   74.400   34.114   95.367  172.296    0.339187   -1.326136   -0.677253   -0.801320   -1.456610   -1.686934   -1.897513   -0.697536   -1.214358   49.716   -1.282   61.049 S_000005
  16 P   -39.132 -128.014  178.683  148.423 -128.491 -161.176   82.490  -39.164  159.768  138.907    0.324895   -0.118877   -1.481124   -0.753142   -1.105909   -1.924168   -1.915263   -0.709937   -1.216600   54.261   -2.698   65.132 S_000005
  17 P   167.223 -130.441 -178.374   82.295 -142.978  -73.235   69.197   37.374   94.578 -156.510    0.324684   -1.371068   -0.577949   -0.778213   -1.514777   -1.627160   -1.863633   -0.699814   -1.218037   55.099   -2.878   72.257 S_000005
  18 P   -98.380   74.460  174.507   84.716 -119.187  -66.209   53.463   36.170   95.451  169.250    0.323503   -1.363503   -0.598680   -0.795119   -1.517673   -1.633654   -1.879798   -0.707401   -1.212980   56.994   -3.630   77.350 S_000005
  19 P   156.238 -179.304  175.189   84.171 -131.747  -78.081   61.660   33.664   96.247  -22.960    0.339854   -1.342789   -0.627972   -0.797072   -1.523909   -1.623702   -1.875191   -0.725767   -1.201238   60.133   -3.774   83.109 S_000005
  20 H   -69.117  173.920   58.402   80.345    0.000    0.000   71.534   41.015   92.396  -30.680    0.299554   -1.380595   -0.562573   -0.756462   -1.467966   -1.662281   -1.835812   -0.641960   -1.259241   60.549   -3.260   89.498 S_000005
SCORE:     0.980                  0.980          0          1          5    S_000006
   1 H     0.000  170.252   55.279   83.305 -149.478  -79.612   50.928   30.824   99.970  -14.107    0.361498   -1.356470   -0.608821   -0.808165   -1.603615   -1.557972   -1.862114   -0.724541   -1.214000    3.794    0.984    0.238 S_000006
   2 N   168.787  174.039   53.121   85.513 -155.438  -59.904   75.545   34.824   94.915  164.827    0.341604   -1.338424   -0.635568   -0.787324   -1.487741   -1.652437   -1.883695   -0.711807   -1.205263    7.987   -2.616   -3.903 S_000006
   3 P   154.210 -167.249 -177.856   84.425 -110.086  -68.007   66.339   39.556   88.229  -20.046    0.319709   -1.343133   -0.653053   -0.755606   -1.387478   -1.739342   -1.883028   -0.703361   -1.215817   10.544   -3.745    1.851 S_000006
   4 P   -48.362 -138.714   47.609  152.380  -88.917 -177.987  171.006  -35.024  152.837   87.827    0.347667   -0.025107   -1.487899   -0.775774   -0.891828   -2.041377   -1.911015   -0.683667   -1.225064   10.992   -3.555    8.349 S_000006
   5 N   -64.168  157.231   62.101   87.129 -148.583  -69.828   81.600   36.351   93.865  -18.097    0.323981   -1.346035   -0.636516   -0.792708   -1.464456   -1.676287   -1.884036   -0.684593   -1.223428   12.124   -4.378   14.422 S_000006
   6 P   -57.500 -176.064   51.293   78.928 -134.033  -98.874   88.246   36.816  105.191 -164.991    0.274840   -1.460939   -0.351962   -0.850058   -1.762523   -1.349584   -1.835287   -0.763615   -1.191241   14.219   -7.038   19.644 S_000006
   7 P   -58.446 -149.202   68.661  151.517  -94.388 -167.491  158.879  -36.566  157.616   66.657    0.314545   -0.058212   -1.465433   -0.758064   -0.951472   -2.024794   -1.934304   -0.600686   -1.266513   19.441   -9.571   23.299 S_000006
   8 N   -94.365 -154.934   46.429  146.584 -101.724  149.181  103.287  -35.917  153.020 -152.916    0.364301   -0.219499   -1.460169   -0.748527   -1.173226   -1.884655   -1.892784   -0.731496   -1.200632   24.062   -9.817   28.357 S_000006
   9 N    45.634 -134.029 -164.399  137.803 -122.118  173.451  -21.822  -30.700  156.331   23.556    0.359790   -0.417386   -1.424002   -0.813134   -1.319686   -1.793473   -1.949241   -0.771476   -1.162127   26.177  -10.283   33.248 S_000006
  10 N   146.424 -163.784  178.255   85.620 -137.294  -67.317   67.440   39.752   87.784 -119.038    0.297106   -1.364557   -0.602477   -0.780092   -1.442511   -1.687950   -1.884111   -0.692719   -1.217120   27.883  -14.002   39.013 S_000006
  11 P   -65.896 -164.502   40.359   90.175 -158.672  -87.112  102.458   33.041   91.561 -127.215    0.345106   -1.270454   -0.753868   -0.809638   -1.356321   -1.755975   -1.918344   -0.697744   -1.188275   30.293  -16.966   44.260 S_000006
  12 P   -66.860  176.765   55.193   85.869 -146.730  -98.752   70.335   34.852   93.820 -120.170    0.340465   -1.319448   -0.682438   -0.788911   -1.438981   -1.708476   -1.894840   -0.695840   -1.218266   34.461  -17.474   48.977 S_000006
  13 P   -58.139 -157.673   47.097  137.273 -121.019 -162.787  123.042  -30.005  146.949   90.282    0.362862   -0.328184   -1.452129   -0.810759   -1.192878   -1.901264   -1.935428   -0.771670   -1.158457   39.204  -15.853   53.469 S_000006
  14 P   -61.124  164.474   53.999   82.543 -151.805  -89.692  102.053   36.544   94.460  -16.062    0.312189   -1.380366   -0.549723   -0.800758   -1.565740   -1.583436   -1.883817   -0.742767   -1.194307   42.374  -14.014   58.797 S_000006
  15 P   -73.802 -136.212   65.188   84.008   34.117   86.999  130.805   32.048   98.562  116.671    0.355706   -1.305993   -0.699935   -0.802109   -1.466333   -1.686197   -1.887904   -0.697291   -1.216880   42.904  -11.530   65.208 S_000006
  16 N   -66.591  165.753   56.797   85.562 -161.896  -76.278   94.575   36.251   93.959 -138.557    0.324781   -1.346386   -0.636738   -0.792548   -1.467221   -1.674955   -1.879475   -0.684363   -1.224418   43.065  -10.241   70.149 S_000006
  17 P   -68.196  154.673   61.092   83.475 -145.281  -61.503   89.604   40.640   89.789  -18.267    0.288933   -1.356054   -0.610669   -0.770218   -1.407620   -1.701451   -1.844313   -0.617865   -1.248176   44.861   -9.427   75.586 S_000006
  18 P   -67.400 -156.253   70.385   89.207 -165.347 -142.424  149.312   31.170   95.376  179.958    0.339723   -1.283862   -0.739249   -0.826225   -1.443552   -1.722588   -1.912729   -0.711481   -1.205233   43.817  -11.775   81.524 S_000006
  19 N   -87.322 -167.468   64.882   84.318 -135.977  -74.087   67.310   36.767   95.454  -24.618    0.318791   -1.342024   -0.625726   -0.782849   -1.465006   -1.666610   -1.865151   -0.676968   -1.230377   45.731  -10.890   88.134 S_000006
  20 H   -64.259  168.631   59.391   79.503    0.000    0.000   76.611   41.557   93.394  -29.227    0.288979   -1.418143   -0.478810   -0.763670   -1.540885   -1.569843   -1.839977   -0.689600   -1.240273   48.784  -13.718   92.756 S_000006
SCORE:     0.630                  0.630          0          1          4    S_000007
   1 H     0.000  170.252   55.279   85.637 -158.571  -70.029   80.640   38.701   88.197   89.938    0.321367   -1.338571   -0.639234   -0.760147   -1.416919   -1.715575   -1.877354   -0.690191   -1.230595    3.794    0.984    0.238 S_000007
   2 P    87.233 -174.579   57.388  153.138 -107.516  -67.821  105.185  -39.413  156.437 -144.414    0.321720   -0.058802   -1.486151   -0.754700   -1.032504   -1.963126   -1.904479   -0.713940   -1.210441    7.745   -2.895   -1.848 S_000007
   3 P  -110.003  -95.178 -170.804   85.262 -152.851  -73.112   64.455   36.565   94.655  -23.735    0.333988   -1.354956   -0.605888   -0.774081   -1.501600   -1.649669   -1.863825   -0.691328   -1.230508   10.445   -1.165    4.183 S_000007
   4 P   162.213  132.871   63.888  147.804 -143.545  109.897  101.200  -37.092  158.180  -93.318    0.333677   -0.204846   -1.473897   -0.770287   -1.173569   -1.881828   -1.923892   -0.746255   -1.187107   14.292    2.085    9.082 S_000007
   5 P   -61.126  138.195   58.897   84.843 -121.316  -59.801  102.010   30.407  102.752 -109.491    0.356277   -1.314737   -0.689608   -0.813245   -1.509143   -1.640102   -1.869381   -0.682899   -1.217708   17.959    0.449   11.406 S_000007
   6 P  -170.257 -176.118  168.457  154.693  -96.790  -77.772  166.626  -41.004  158.432  -92.486    0.301209   -0.017468   -1.492097   -0.757842   -1.009016   -1.965277   -1.908312   -0.715882   -1.203518   20.605   -1.033   17.313 S_000007
   7 P  -132.578  112.156  159.719   83.112 -139.596  -55.743   63.268   39.050   85.758 -170.047    0.307700   -1.343453   -0.643900   -0.775243   -1.385486   -1.708759   -1.884896   -0.676455   -1.222422   22.730   -2.643   23.292 S_000007
   8 P   -71.884  173.493   58.716   87.970 -112.810  -97.256  108.210   34.175   96.216  -92.497    0.321392   -1.336820   -0.648699   -0.821886   -1.484559   -1.655003   -1.897028   -0.690126   -1.205009   23.956   -4.860   28.806 S_000007
   9 P  -126.250  106.011  168.977   85.439 -139.330  -69.420   50.139   35.086   94.746  179.888    0.323314   -1.344139   -0.631905   -0.807581   -1.496027   -1.655632   -1.891815   -0.714598   -1.199423   28.163   -7.401   33.134 S_000007
  10 N   -97.882 -146.927   54.031  112.093   98.474 -107.054  176.448  -19.867  131.423   55.916    0.451797   -0.162717   -1.450996   -0.796636   -0.749221   -2.117024   -1.899862   -0.656788   -1.232684   31.672   -8.573   38.967 S_000007
  11 N   -65.885  179.186   58.771   83.236 -150.739  -63.620   73.131   38.270   89.453  -17.356    0.311461   -1.359593   -0.592937   -0.777521   -1.474766   -1.654120   -1.863051   -0.696733   -1.214462   32.559   -8.127   44.149 S_000007
  12 P  -136.102  103.272  168.974   85.473 -128.309  -79.232   63.030   36.383   91.833 -170.126    0.322483   -1.346531   -0.624388   -0.787074   -1.484827   -1.666329   -1.892459   -0.741690   -1.189660   33.959  -10.804   49.702 S_000007
  13 P  -172.604  161.126  159.864  155.138 -101.607 -139.360  -48.863  -40.948  155.621   78.591    0.319081    0.026124   -1.484098   -0.731166   -0.944630   -1.986654   -1.887978   -0.700564   -1.211859   35.756  -13.165   56.059 S_000007
  14 P   -62.650  168.286   59.215   86.634 -174.187  -76.231   93.456   33.290   98.890  164.552    0.307403   -1.339352   -0.666994   -0.836463   -1.512993   -1.663933   -1.914600   -0.725711   -1.188220   35.621  -15.214   62.485 S_000007
  15 P   -69.793  178.031   50.296   81.995 -136.300  -69.175   77.423   44.632   84.328  -26.883    0.210877   -1.404972   -0.562773   -0.797744   -1.452417   -1.713440   -1.870553   -0.686667   -1.220519   36.580  -17.059   68.151 S_000007
  16 P   179.968  118.395   69.153   68.756  119.162  -33.832 -135.990   13.618  156.637    2.118    0.322771   -1.406449   -0.528624   -1.033827   -1.932502   -1.107433   -1.885588   -0.804764   -1.177131   42.053  -17.583   72.472 S_000007
  17 N   -48.725  155.423   53.385   83.322 -138.448  -73.726  109.182   37.784   91.113  -17.550    0.325788   -1.344261   -0.635158   -0.772052   -1.439852   -1.699104   -1.878086   -0.685034   -1.231635   43.993  -18.106   75.497 S_000007
  18 N   -97.944  144.143  116.364  107.390 -146.299  170.116   62.722   -5.024  141.666   18.042    0.428033   -0.968284   -1.110263   -0.900109   -1.566329   -1.597061   -1.953408   -0.750813   -1.156653   45.944  -19.391   81.250 S_000007
  19 P   150.796 -161.910  178.356   86.097 -139.863  -62.292   43.499   34.285   97.369  -16.376    0.353702   -1.328244   -0.654287   -0.777898   -1.480747   -1.669247   -1.872892   -0.706980   -1.209412   47.907  -17.794   87.875 S_000007
  20 H   -82.575  177.329   80.686   87.405    0.000    0.000   90.251   32.267  102.781 -169.633    0.344735   -1.298234   -0.710402   -0.813707   -1.441791   -1.699023   -1.874181   -0.638154   -1.245745   48.827  -17.062   94.102 S_000007
SCORE:     0.958                  0.958          0          0          7    S_000008
   1 H     0.000  170.252   55.279   89.686 -169.504  -66.403   74.851   38.544   89.287 -167.011    0.313396   -1.341081   -0.618588   -0.772770   -1.433471   -1.690438   -1.880366   -0.695184   -1.216696    3.794    0.984    0.238 S_000008
   2 P    62.279 -130.008 -162.248   77.049 -150.054  -46.426   96.936   38.607   98.741 -145.886    0.309107   -1.417401   -0.460497   -0.778115   -1.628124   -1.512325   -1.800025   -0.681054   -1.251645    7.678   -1.603   -0.341 S_000008
   3 P   -81.969  -86.821 -174.157   75.787 -159.050 -146.501 -176.174   43.715   78.097  179.915    0.307460   -1.373554   -0.609335   -0.719837   -1.311569   -1.716845   -1.872270   -0.619467   -1.275353   10.238   -6.360    3.384 S_000008
   4 P   -47.384  171.882   46.308   83.915 -165.962  -58.177   95.264   35.399   94.578  -17.317    0.335690   -1.351588   -0.623080   -0.790384   -1.503362   -1.650419   -1.891432   -0.727302   -1.200526   10.076   -7.041    9.769 S_000008
   5 N   -50.833  172.709   53.505   77.541 -154.240  -76.321   71.938   40.219   93.667  179.906    0.286837   -1.431751   -0.437548   -0.785138   -1.631484   -1.513637   -1.842638   -0.738993   -1.207657   11.771   -8.514   14.938 S_000008
   6 P   -56.319 -151.350   51.272  140.020 -100.337 -154.876  160.165  -35.102  161.015   16.344    0.335371   -0.379745   -1.442838   -0.794508   -1.350681   -1.755183   -1.937257   -0.765789   -1.169927   14.942   -9.685   20.477 S_000008
   7 P  -100.812  151.523   50.649   90.626 -158.155 -143.704  102.750   30.378   96.904   26.377    0.354334   -1.280429   -0.768735   -0.818259   -1.407454   -1.719481   -1.919097   -0.715270   -1.181877   16.427  -10.123   26.907 S_000008
   8 N  -174.256  125.731   37.267   88.674   32.905  166.516   -1.925   21.726  114.004   55.716    0.396008   -1.255873   -0.775397   -0.853197   -1.562035   -1.614573   -1.910748   -0.732096   -1.187373   15.755   -7.101   33.357 S_000008
   9 N   -65.298  160.441   56.521   79.021 -138.346  -75.712   85.864   41.421   92.465  -25.988    0.289686   -1.413815   -0.462854   -0.756057   -1.574065   -1.555562   -1.819364   -0.696408   -1.234118   18.145  -10.745   38.268 S_000008
  10 N   -66.247 -162.221   42.623   85.395 -172.862  -83.391  109.607   31.892   96.356  -67.037    0.361456   -1.297285   -0.714693   -0.799200   -1.446982   -1.700414   -1.889700   -0.697914   -1.214421   22.396   -9.607   43.211 S_000008
  11 P   -70.532 -152.387   61.287   97.766    5.314  113.633  141.679    5.604  134.976  137.338    0.431893   -1.119414   -0.930191   -0.876357   -1.608094   -1.523687   -1.890934   -0.701381   -1.198501   25.625   -6.074   47.623 S_000008
  12 P   -74.059 -175.225   45.400   80.867 -157.526  -83.278   87.944   35.691   97.946  -27.364    0.327864   -1.388266   -0.542483   -0.798248   -1.591825   -1.563191   -1.872858   -0.739435   -1.198459   28.615   -5.291   52.094 S_000008
  13 N  -172.853 -176.879  154.982   85.334 -152.417  -63.053   65.917   37.285   95.556   72.588    0.310637   -1.342060   -0.627038   -0.796613   -1.444832   -1.678616   -1.872772   -0.654663   -1.228665   29.287   -8.586   58.131 S_000008
  14 P   -67.799 -146.390   61.351  138.077 -111.780  179.539  136.456  -32.975  164.412   24.654    0.345876   -0.486313   -1.408181   -0.813296   -1.436410   -1.666158   -1.937060   -0.759364   -1.169281   28.937  -10.098   64.471 S_000008
  15 N   -55.580  145.075   66.462   82.708 -160.197  -64.411   97.372   36.665   93.580  178.656    0.317198   -1.388703   -0.553085   -0.796891   -1.570226   -1.590571   -1.890419   -0.762804   -1.177448   30.151  -11.731   70.088 S_000008
  16 P   -49.805 -179.338   53.666   75.225 -167.869  -83.164   83.533   35.741  101.767  -29.149    0.303752   -1.459877   -0.336373   -0.821984   -1.807150   -1.313018   -1.855208   -0.850698   -1.128122   30.412  -13.768   75.625 S_000008
  17 P   -59.635 -160.120   48.664  147.679  -98.057 -148.024  -46.170  -37.674  158.172 -162.643    0.328942   -0.194641   -1.477977   -0.765558   -1.170944   -1.888938   -1.920786   -0.746690   -1.186433   31.416  -15.985   81.516 S_000008
  18 P   142.990 -157.333 -168.021   81.949 -149.012  -66.119   71.198   43.777   90.331  -21.089    0.268349   -1.386227   -0.533826   -0.747811   -1.438299   -1.663607   -1.829121   -0.660086   -1.293371   35.354  -18.901   86.685 S_000008
  19 P    82.797 -133.769  -78.193  118.268  -83.494  -75.329  -48.484   -8.869  148.256    2.470    0.426615   -0.816061   -1.206013   -0.879584   -1.432567   -1.708449   -1.961555   -0.689421   -1.203237   39.366  -21.338   88.668 S_000008
  20 H  -145.609 -128.850   93.059   78.211    0.000    0.000   58.468   43.209   91.058  -27.355    0.271674   -1.415047   -0.476080   -0.751351   -1.528712   -1.594227   -1.831080   -0.675319   -1.228929   40.180  -20.847   95.049 S_000008
SCORE:     0.956                  0.956          0          1          5    S_000009
   1 H     0.000  170.252   55.279   83.750 -163.430  -62.079   79.899   37.603   94.612  179.916    0.318022   -1.372446   -0.576929   -0.778133   -1.512267   -1.624658   -1.864285   -0.696010   -1.221987    3.794    0.984    0.238 S_000009
   2 P     0.000 -178.212  177.263 -273.808  237.786  -67.617   84.437   36.737   94.200  -25.987    0.316093   -1.359217   -0.613876   -0.796157   -1.490497   -1.657526   -1.885735   -0.696867   -1.219758    8.218   -1.884   -1.175 S_000009
   3 N  -166.894  112.389   43.425  139.144  -93.797  169.401  110.119  -36.534  157.292  -64.107    0.358303   -0.428822   -1.410188   -0.754876   -1.434866   -1.649973   -1.895696   -0.801075   -1.141606    9.721   -1.967    5.535 S_000009
   4 P    99.172  116.489   65.284   79.288 -161.835  -76.475   87.134   39.721   97.467  164.119    0.287917   -1.435325   -0.425185   -0.785258   -1.657465   -1.488470   -1.819320   -0.729508   -1.218893   16.051   -1.067    8.326 S_000009
   5 N   -77.108 -171.866   61.317   90.812 -143.904  -89.830   64.856   31.271  102.146  -15.260    0.350160   -1.298444   -0.722435   -0.822697   -1.444803   -1.692876   -1.894240   -0.655055   -1.226986   18.475    0.051   14.169 S_000009
   6 P   -76.895 -164.654   71.604   92.651  -84.299 -131.025  119.644   25.707  115.823  -31.061    0.354520   -1.344994   -0.645012   -0.874538   -1.648450   -1.508874   -1.879933   -0.703937   -1.215280   18.033    0.788   20.915 S_000009
   7 P   -66.973  173.475   68.286  137.907  -77.343  141.002  117.624  -17.512  137.272    4.519    0.452995   -0.419113   -1.378158   -0.806682   -1.063678   -1.954233   -1.924759   -0.651630   -1.215380   18.165   -3.316   26.384 S_000009
   8 P  -167.200 -131.423  135.280   86.839 -158.875  -75.765  140.250   35.968   93.284  179.910    0.320765   -1.347235   -0.643969   -0.800359   -1.472294   -1.679922   -1.904488   -0.726813   -1.197436   20.741   -4.896   32.165 S_000009
   9 P   -60.344 -173.657   65.712  145.218 -100.727 -121.965  126.478  -33.280  154.493   38.328    0.340229   -0.267868   -1.461197   -0.814660   -1.183651   -1.885493   -1.946255   -0.733197   -1.181534   24.495   -6.201   36.994 S_000009
  10 P   -40.354 -158.817   49.644  128.615 -179.467  167.792  161.168  -26.483  154.594   35.551    0.411607   -0.223169   -1.457199   -0.800461   -0.980869   -1.992723   -1.933841   -0.715384   -1.197698   29.452   -7.062   41.630 S_000009
  11 P   -55.324  175.243   51.350   82.539 -127.946  -84.005   71.871   33.302   98.269  -27.901    0.345209   -1.346730   -0.625557   -0.802075   -1.538889   -1.621676   -1.885161   -0.737790   -1.197044   28.962  -10.550   46.961 S_000009
  12 N   -76.896  150.241   76.817   86.807 -138.199  -80.908   94.086   37.591   94.309  -19.363    0.303578   -1.365615   -0.591732   -0.796982   -1.496341   -1.643368   -1.872312   -0.689065   -1.224409   28.394  -11.171   53.138 S_000009
  13 N    64.479  138.344   45.484   91.437 -123.225  -74.491   85.314   22.966  111.091  -17.760    0.389364   -1.190085   -0.876027   -0.844950   -1.398173   -1.749141   -1.893569   -0.617025   -1.245390   30.725   -7.568   57.620 S_000009
  14 P  -126.412 -163.130 -167.755   96.960  -66.876  -99.652  -63.959   16.826  145.437  -19.975    0.403816   -1.267791   -0.706061   -0.845899   -1.734987   -1.454673   -1.750488   -0.684643   -1.281985   31.234   -9.714   64.203 S_000009
  15 P   -54.117  145.582   64.052   83.474  114.409  -73.531   51.222   20.716  121.987  -83.804    0.379059   -1.250340   -0.799490   -0.891165   -1.534780   -1.608868   -1.894034   -0.642547   -1.223093   35.763   -8.761   68.179 S_000009
  16 N   -71.988  177.463   54.131   81.710 -149.629  -69.436   78.673   40.808   90.697  179.899    0.295078   -1.402250   -0.504463   -0.766853   -1.539719   -1.598851   -1.843318   -0.688550   -1.231756   36.902   -8.872   72.726 S_000009
  17 P  -136.102  103.272  168.974   85.473 -128.309  -79.232   63.030   36.383   91.833 -170.126    0.322483   -1.346531   -0.624388   -0.787074   -1.484827   -1.666329   -1.892459   -0.741690   -1.189660   39.245  -11.484   78.056 S_000009
  18 N   -56.633 -172.257   43.111   77.565 -142.684  -76.521   89.517   37.985   92.006   89.922    0.308213   -1.398710   -0.515416   -0.788317   -1.579048   -1.565151   -1.870974   -0.745402   -1.185505   40.721  -13.103   84.191 S_000009
  19 P   -42.794  174.839   55.906   93.281 -145.888 -140.016  117.938   28.490  120.487  103.438    0.333015   -1.351528   -0.643539   -0.874456   -1.586900   -1.542299   -1.882350   -0.678418   -1.212105   44.853  -16.106   87.525 S_000009
  20 H   -69.771  179.024   54.012   82.814    0.000    0.000   74.876   37.674   93.070  -16.279    0.313650   -1.395204   -0.529438   -0.787530   -1.571004   -1.577218   -1.882749   -0.760224   -1.190675   49.409  -16.861   92.441 S_000009
SCORE:     0.686                  0.686          0          0          2    S_000010
   1 H     0.000  170.252   55.279   76.336  177.301  -58.041   80.968   40.523   96.449  -79.643    0.279868   -1.448244   -0.379845   -0.784300   -1.691781   -1.450462   -1.810093   -0.736082   -1.220965    3.794    0.984    0.238 S_000010
   2 P   152.759  167.844   63.059   93.965 -130.195  -77.522   75.279   33.034   92.351  179.896    0.351525   -1.237360   -0.827747   -0.791775   -1.267367   -1.822237   -1.917242   -0.677066   -1.213731    9.017   -1.803   -2.238 S_000010
   3 P   -62.650  168.286   59.215   86.634 -174.187  -76.231   93.456   33.290   98.890  164.552    0.307403   -1.339352   -0.666994   -0.836463   -1.512993   -1.663933   -1.914600   -0.725711   -1.188220   10.781   -2.276    3.768 S_000010
   4 N  -174.730  120.450   53.317   86.692 -130.457  -80.911   58.948   34.364  100.535  -10.744    0.346647   -1.343375   -0.630673   -0.791288   -1.504254   -1.642135   -1.864814   -0.674129   -1.234715   10.646   -1.939   10.568 S_000010
   5 P   -34.343 -155.396  137.374  146.406  -75.364 -124.013  126.838  -35.241  155.747   40.514    0.326083   -0.175199   -1.476516   -0.805324   -1.100787   -1.931037   -1.947333   -0.704399   -1.195278   15.151    2.631   11.107 S_000010
   6 P  -148.588  133.443  138.027   85.064 -127.867  -81.381   73.376   37.219   95.049  -13.856    0.320946   -1.350869   -0.610637   -0.781786   -1.471736   -1.659254   -1.868671   -0.699104   -1.208886   20.752    3.042   15.136 S_000010
   7 N  -148.162  164.915  118.385  145.355 -109.323 -178.043  158.161  -25.949  134.973  153.436    0.357113   -0.162484   -1.477571   -0.854725   -0.883260   -2.080780   -1.943630   -0.688761   -1.201220   25.744    1.027   19.576 S_000010
   8 P   153.942 -172.175  173.008   81.922 -159.435  -59.843   75.194   37.416   97.393 -160.084    0.313845   -1.393835   -0.529876   -0.789306   -1.579149   -1.575655   -1.852855   -0.709064   -1.225200   30.701    0.061   24.639 S_000010
   9 N  -102.288 -114.811  152.099  152.073  -94.878  153.513  109.832  -37.104  159.441   32.450    0.319886   -0.166689   -1.482528   -0.788521   -1.122043   -1.900878   -1.935757   -0.712507   -1.193642   35.453   -2.300   29.041 S_000010
  10 P   -72.042  174.063   62.671   85.635 -154.926  -67.864   73.923   32.668   96.011   80.346    0.341830   -1.317537   -0.681030   -0.809759   -1.471771   -1.666285   -1.887387   -0.697699   -1.214188   36.524   -2.490   34.722 S_000010
  11 P   -53.289  163.320   45.076   78.150 -174.071  -61.893   90.092   39.465   92.706  166.443    0.298194   -1.415504   -0.477601   -0.783338   -1.596720   -1.547714   -1.859577   -0.735076   -1.204421   38.382   -1.509   40.088 S_000010
  12 P  -144.903  127.221 -177.876   83.037 -138.999  -74.859   73.756   32.146   98.685  179.949    0.361076   -1.325429   -0.666502   -0.795029   -1.507480   -1.648622   -1.876021   -0.717484   -1.203681   42.430   -0.695   44.842 S_000010
  13 P  -160.735  100.475  166.098   97.494 -163.393  -34.671 -110.841   11.829  136.337   95.290    0.410971   -1.179243   -0.881078   -0.901230   -1.567988   -1.552099   -1.903237   -0.668675   -1.192323   43.657    0.840   51.401 S_000010
  14 N   -68.246 -179.265   60.610   82.394 -166.940 -101.879   80.724   34.938   96.446 -174.394    0.326881   -1.364842   -0.584319   -0.805091   -1.547696   -1.595186   -1.878234   -0.725880   -1.199119   44.960   -0.029   56.862 S_000010
  15 P   -70.443  173.384   55.655   85.950 -143.305  -62.403  114.834   35.809   94.168  166.548    0.318099   -1.357905   -0.601979   -0.801729   -1.510799   -1.625576   -1.881003   -0.723024   -1.194443   46.251   -1.255   62.947 S_000010
  16 P  -104.055   86.844  168.780   82.130 -119.848  -68.983   61.467   39.168   87.620  176.564    0.316688   -1.351873   -0.625528   -0.762949   -1.427076   -1.705653   -1.879876   -0.700139   -1.217629   49.457   -1.621   67.495 S_000010
  17 P   -69.625  179.829   52.071   79.169 -165.516 -168.684  108.266   34.171  109.094  179.917    0.308858   -1.431676   -0.439073   -0.843670   -1.716661   -1.407795   -1.810643   -0.698479   -1.231658   52.118   -4.280   72.676 S_000010
  18 N  -160.713  160.949   82.185   87.200 -108.099 -113.785   79.989   37.863   88.955  179.914    0.312116   -1.350688   -0.624121   -0.782925   -1.454622   -1.684819   -1.879039   -0.694792   -1.219701   52.969   -1.938   79.373 S_000010
  19 P   -26.073 -133.487  175.348  148.183 -105.196  172.498   87.609  -34.450  152.955  142.439    0.341256   -0.150125   -1.469813   -0.796322   -1.054308   -1.959486   -1.938921   -0.693496   -1.204238   56.249   -3.556   84.894 S_000010
  20 H   147.246 -142.339  168.266   82.999    0.000    0.000   51.532   31.740  102.951  179.926    0.364342   -1.328719   -0.644396   -0.796371   -1.534066   -1.619190   -1.871536   -0.714073   -1.210301   56.958   -5.886   91.423 S_000010
