SEQUENCE: gaaaaaaaaag
SCORE:     score    rna_stub_coord_hack       N_WC      N_NWC       N_BS description
REMARK RNA 
SCORE:     9.304                  9.304          0          0          1    S_000001
   1 H     0.000  170.252   55.279   86.870 -139.996  134.758   99.256   35.358   94.512   42.324    0.315035   -1.350153   -0.643266   -0.816996   -1.483295   -1.668253   -1.897443   -0.688974   -1.213469    3.794    0.984    0.238 S_000001
   2 P    92.790 -131.652 -169.726   85.409 -153.264  -70.781   60.740   30.905  110.617   -3.839    0.360602   -1.345547   -0.609216   -0.812863   -1.584897   -1.561908   -1.862424   -0.686320   -1.225134    4.854    3.308   -4.933 S_000001
   3 P  -150.263  137.150  162.005   85.519 -143.757  -61.655   64.628   39.702   84.506   99.951    0.295141   -1.332554   -0.685537   -0.782837   -1.333764   -1.762805   -1.900101   -0.686617   -1.207950    5.800    8.445   -9.130 S_000001
   4 P  -172.604  161.126  159.864  155.138 -101.607 -139.360  -48.863  -40.948  155.621   78.591    0.319081    0.026124   -1.484098   -0.731166   -0.944630   -1.986654   -1.887978   -0.700564   -1.211859    7.530   13.750  -13.007 S_000001
   5 P   166.978  176.904  177.152   84.171 -133.729  -88.107   85.510   32.221   98.769  169.890    0.360736   -1.323192   -0.665088   -0.794830   -1.503909   -1.648578   -1.883310   -0.724059   -1.201750    8.774   20.048  -16.485 S_000001
   6 P    79.468 -140.551  -96.636   83.542 -149.798  -36.672   64.289   35.885   97.565  -13.072    0.312595   -1.385895   -0.553601   -0.811171   -1.576504   -1.575437   -1.874630   -0.716213   -1.210795    9.716   23.904  -20.572 S_000001
   7 P  -168.621  177.343  175.673   83.981 -130.698  -83.103   86.287   37.126   93.825 -173.520    0.326691   -1.360752   -0.612108   -0.780568   -1.486223   -1.663273   -1.874036   -0.699277   -1.219705   10.636   27.420  -25.879 S_000001
   8 P   -59.554 -173.636   51.546  142.911  -94.677  -73.825  145.950  -34.822  156.184 -171.937    0.334555   -0.280700   -1.465529   -0.797265   -1.224281   -1.855133   -1.937875   -0.755793   -1.174293   12.036   31.183  -31.072 S_000001
   9 N  -174.783  120.716  177.399  150.472 -127.479 -150.643  -46.738  -38.379  156.036  172.165    0.295515   -0.075973   -1.493365   -0.801078   -1.032701   -1.963612   -1.942754   -0.690149   -1.211052    9.481   36.752  -34.082 S_000001
  10 P   169.325  161.392 -175.284   84.523 -100.212  -81.202  118.511   24.115  115.587   25.203    0.383502   -1.317741   -0.672381   -0.839717   -1.641509   -1.517435   -1.868279   -0.734405   -1.194353    9.103   42.439  -38.699 S_000001
  11 H   -60.825 -178.688   47.864   86.771    0.000    0.000   92.029   31.338  101.708  -15.240    0.338422   -1.359656   -0.606643   -0.833231   -1.590892   -1.560265   -1.896153   -0.751303   -1.174090   11.942   47.997  -40.554 S_000001
SCORE:     9.266                  9.266          0          0          2    S_000002
   1 H     0.000  170.252   55.279  130.784   75.006 -155.713  165.070  -25.811  140.876   12.406    0.367860   -0.220347   -1.476966   -0.846912   -0.960516   -2.045572   -1.953696   -0.679131   -1.209755    3.794    0.984    0.238 S_000002
   2 P  -170.283  161.190 -176.306  140.990 -163.860 -102.059  133.153  -32.306  149.951  165.152    0.350717   -0.168927   -1.477787   -0.803819   -1.029144   -1.981828   -1.933928   -0.657356   -1.225843    9.970    2.785   -1.673 S_000002
   3 P   -67.718  164.503   54.691   84.226 -157.766  -73.399   70.896   41.368   84.999  179.925    0.303645   -1.350197   -0.626783   -0.748068   -1.378795   -1.736232   -1.867738   -0.656043   -1.248197   14.563    6.272   -3.980 S_000002
   4 P  -172.604  161.126  159.864  155.138 -101.607 -139.360  -48.863  -40.948  155.621   78.591    0.319081    0.026124   -1.484098   -0.731166   -0.944630   -1.986654   -1.887978   -0.700564   -1.211859   20.238    9.876   -2.611 S_000002
   5 N   -57.380  151.110   57.385   88.433 -160.417 -148.338   69.450   35.017   95.596  -46.719    0.335047   -1.310783   -0.706439   -0.795816   -1.405901   -1.735772   -1.898067   -0.670696   -1.232076   23.747   15.136   -1.043 S_000002
   6 P   -81.278  160.451   36.664  147.765 -122.676  177.149  127.911  -37.756  158.866   25.568    0.322436   -0.173818   -1.479190   -0.776279   -1.147026   -1.895369   -1.926609   -0.725853   -1.194474   26.801   20.642   -2.625 S_000002
   7 N   160.380  178.006 -175.911   81.427 -138.097  -68.862   64.237   40.356   94.732  168.924    0.345587   -1.380057   -0.526857   -0.712433   -1.520110   -1.625664   -1.795151   -0.681104   -1.268351   30.346   26.838   -2.248 S_000002
   8 N   -68.246 -179.265   60.610   82.394 -166.940 -101.879   80.724   34.938   96.446 -174.394    0.326881   -1.364842   -0.584319   -0.805091   -1.547696   -1.595186   -1.878234   -0.725880   -1.199119   34.324   31.758   -2.750 S_000002
   9 P   -63.250  175.683   65.794  149.949 -131.110 -149.590  116.670  -46.360  165.701  151.659    0.291047   -0.023190   -1.497427   -0.685692   -1.116595   -1.889345   -1.874813   -0.741826   -1.205416   38.835   36.140   -3.211 S_000002
  10 N   -78.088 -169.127   52.805   81.057 -142.609 -120.995   86.193   38.423   92.055  -98.351    0.324361   -1.377004   -0.563956   -0.764392   -1.516951   -1.630569   -1.851348   -0.704557   -1.226574   42.951   41.681   -2.734 S_000002
  11 H   -70.161  174.297   53.886   79.318    0.000    0.000   82.126   39.706   94.719 -126.429    0.293239   -1.421217   -0.467875   -0.787939   -1.602689   -1.540543   -1.845355   -0.706570   -1.223408   47.211   45.213   -6.518 S_000002
SCORE:    10.198                 10.198          0          0          2    S_000003
   1 H     0.000  170.252   55.279   81.716   71.058 -123.020  -86.154   19.777  126.077   56.991    0.403706   -1.293854   -0.717686   -0.863554   -1.653827   -1.494945   -1.872725   -0.711320   -1.211975    3.794    0.984    0.238 S_000003
   2 N  -173.868 -178.616  179.685   86.902 -146.045  -72.431   81.778   39.756   88.577  -12.629    0.302540   -1.355778   -0.621490   -0.770300   -1.422934   -1.707921   -1.886028   -0.702878   -1.216575    5.344    5.251   -3.476 S_000003
   3 P  -172.604  161.126  159.864  155.138 -101.607 -139.360  -48.863  -40.948  155.621   78.591    0.319081    0.026124   -1.484098   -0.731166   -0.944630   -1.986654   -1.887978   -0.700564   -1.211859    7.915   11.086   -6.147 S_000003
   4 P   -74.718  174.550   68.778   86.554 -160.097  -64.551   77.837   37.386   94.862   77.513    0.289507   -1.420006   -0.456741   -0.812673   -1.652985   -1.482152   -1.872063   -0.778938   -1.158607    8.210   17.518   -8.530 S_000003
   5 N  -148.162  164.915  118.385  145.355 -109.323 -178.043  158.161  -25.949  134.973  153.436    0.357113   -0.162484   -1.477571   -0.854725   -0.883260   -2.080780   -1.943630   -0.688761   -1.201220   11.003   22.020  -12.547 S_000003
   6 P   -67.504  170.398   55.645   86.057 -148.397  -63.554   68.027   33.278   98.629  -14.126    0.346375   -1.333115   -0.654169   -0.802300   -1.502702   -1.653617   -1.891823   -0.708110   -1.210812   12.947   27.990  -13.537 S_000003
   7 P  -168.839  121.189 -176.246   84.421 -162.310  -96.356  108.244   34.304  106.356  -23.636    0.327894   -1.391748   -0.518664   -0.809234   -1.631897   -1.506085   -1.823324   -0.679514   -1.237292   15.170   32.584  -18.084 S_000003
   8 P   167.956  168.479  179.253   88.860  -98.532  -86.975   73.313   34.902   90.785 -168.683    0.349434   -1.250241   -0.788311   -0.783876   -1.272465   -1.819946   -1.908019   -0.646347   -1.228825   15.067   37.940  -22.611 S_000003
   9 P  -172.604  161.126  159.864  155.138 -101.607 -139.360  -48.863  -40.948  155.621   78.591    0.319081    0.026124   -1.484098   -0.731166   -0.944630   -1.986654   -1.887978   -0.700564   -1.211859   16.312   39.643  -29.262 S_000003
  10 P  -168.839  121.189 -176.246   84.421 -162.310  -96.356  108.244   34.304  106.356  -23.636    0.327894   -1.391748   -0.518664   -0.809234   -1.631897   -1.506085   -1.823324   -0.679514   -1.237292   16.415   42.458  -35.651 S_000003
  11 H   -77.615  174.655   58.444   79.871    0.000    0.000   82.335   40.526   92.002  179.923    0.291634   -1.414650   -0.479504   -0.771726   -1.580534   -1.565234   -1.846187   -0.714719   -1.226433   13.215   47.531  -37.992 S_000003
SCORE:     9.110                  9.110          0          0          2    S_000004
   1 H     0.000  170.252   55.279   90.523   30.513 -165.648  115.156   29.221   95.009 -104.840    0.384132   -1.208442   -0.844720   -0.799909   -1.310950   -1.807739   -1.910361   -0.675601   -1.216680    3.794    0.984    0.238 S_000004
   2 P  -130.788 -163.391   60.253  137.194  -84.478  178.278  164.096  -28.816  150.256   14.607    0.370898   -0.357755   -1.431390   -0.817294   -1.207939   -1.869509   -1.942881   -0.701390   -1.197150    6.702    3.941   -5.051 S_000004
   3 N   -55.580  145.075   66.462   82.708 -160.197  -64.411   97.372   36.665   93.580  178.656    0.317198   -1.388703   -0.553085   -0.796891   -1.570226   -1.590571   -1.890419   -0.762804   -1.177448    7.312    8.781   -8.606 S_000004
   4 P  -136.188  147.408  170.784   84.536 -136.102  -73.016   76.513   39.583   86.659  179.914    0.336335   -1.326095   -0.664039   -0.729869   -1.374732   -1.758977   -1.869372   -0.707693   -1.223661    8.356   14.510  -11.387 S_000004
   5 P   -76.439 -155.686   76.097   98.708  168.544 -113.341  126.301    2.278  141.133  172.074    0.410529   -1.103526   -0.968395   -0.933240   -1.621578   -1.502075   -1.924475   -0.687537   -1.196092    9.874   19.378  -15.805 S_000004
   6 N   -94.365 -154.934   46.429  146.584 -101.724  149.181  103.287  -35.917  153.020 -152.916    0.364301   -0.219499   -1.460169   -0.748527   -1.173226   -1.884655   -1.892784   -0.731496   -1.200632   12.001   23.045  -21.076 S_000004
   7 P    62.159  178.988 -170.619  149.965 -103.312 -145.757  126.991  -39.736  164.357  173.689    0.323159   -0.192725   -1.473024   -0.749767   -1.208730   -1.842314   -1.917217   -0.720585   -1.212069   14.154   26.611  -25.786 S_000004
   8 P  -109.609  164.248   51.953  147.304 -152.795 -151.908  158.553  -38.656  160.522  120.154    0.316857   -0.192056   -1.481277   -0.771103   -1.186620   -1.869355   -1.927277   -0.754323   -1.183567   15.918   30.067  -31.513 S_000004
   9 P   148.676 -165.600 -170.434   82.795 -127.847  -99.219   77.270   36.905   94.303  -60.066    0.302431   -1.388814   -0.560459   -0.809846   -1.564362   -1.602826   -1.893046   -0.745849   -1.192433   14.653   35.890  -35.481 S_000004
  10 P   -71.409  163.072   88.916  129.689 -115.676 -168.510  103.969  -27.373  151.463 -158.189    0.375027   -0.488612   -1.399569   -0.832328   -1.348614   -1.777614   -1.951482   -0.749221   -1.158968   14.680   41.255  -39.222 S_000004
  11 H   -55.953  173.202   53.177   76.696    0.000    0.000   71.367   40.753   93.929  167.519    0.289442   -1.436805   -0.412165   -0.771976   -1.650716   -1.493585   -1.834653   -0.747318   -1.209937   14.066   44.758  -44.640 S_000004
SCORE:     9.586                  9.586          0          1          0    S_000005
   1 H     0.000  170.252   55.279   94.320 -123.917 -154.530  166.476   36.254   88.549  100.396    0.339231   -1.251645   -0.798192   -0.773293   -1.243557   -1.843985   -1.906063   -0.640557   -1.243557    3.794    0.984    0.238 S_000005
   2 P  -107.319   79.099  167.292   84.070 -130.682  -74.105   62.042   40.406   88.517  -22.237    0.311118   -1.368851   -0.595316   -0.752790   -1.440159   -1.688069   -1.879994   -0.727387   -1.201946    6.173    3.060   -4.272 S_000005
   3 P   171.747  153.395  159.041  148.712 -150.900 -143.856  163.298  -31.676  141.216  -34.261    0.335662   -0.099384   -1.482186   -0.823846   -0.920479   -2.044532   -1.934389   -0.708140   -1.198506    6.828    8.568   -8.523 S_000005
   4 P   154.408 -167.309  177.533   85.213 -130.497  -58.639   65.374   37.930   89.645  -25.428    0.314460   -1.365339   -0.594367   -0.782285   -1.489040   -1.654516   -1.884229   -0.716751   -1.205193    9.451   14.473  -11.683 S_000005
   5 N  -122.733  141.870  172.629   89.309 -106.078 -114.128   69.985   33.990   89.229  -18.810    0.370373   -1.303663   -0.694334   -0.761512   -1.438136   -1.715946   -1.918878   -0.803264   -1.149429   13.078   18.183  -15.359 S_000005
   6 P    64.955 -176.237 -159.821  140.474 -124.701  153.667  110.981  -32.781  155.691  -90.814    0.364945   -0.355306   -1.437838   -0.779199   -1.283333   -1.826123   -1.920072   -0.786641   -1.156350   15.004   23.657  -18.525 S_000005
   7 P   101.752 -175.985  164.754   99.867 -140.002  -76.758  -47.051   19.810  100.812 -117.097    0.419885   -1.076911   -1.001370   -0.809340   -1.285710   -1.878225   -1.935095   -0.772886   -1.164892   15.027   28.296  -23.318 S_000005
   8 P   -96.958 -151.881   65.357   91.071   -1.792  133.042  124.314   17.876  130.299  179.911    0.363725   -1.338865   -0.662008   -0.939271   -1.743311   -1.375290   -1.877488   -0.712859   -1.211332   17.367   34.366  -25.752 S_000005
   9 P   173.194  135.693   63.814  119.262 -150.408 -146.040  100.980  -16.311  146.800  116.195    0.437013   -0.741573   -1.262646   -0.846761   -1.466427   -1.667656   -1.934875   -0.740817   -1.155727   17.368   38.612  -29.894 S_000005
  10 N   -20.528  117.962   60.081  102.107 -118.313 -102.766  -26.147   31.160   95.805  -60.891    0.356072   -1.158241   -0.928144   -0.810893   -1.149945   -1.910655   -1.939211   -0.658815   -1.216937   18.003   44.063  -30.972 S_000005
  11 H   -51.066  145.542   67.165  102.302    0.000    0.000   69.995   33.443   95.440  -11.187    0.497177   -1.208960   -0.740796   -0.590474   -1.281364   -1.728229   -1.711915   -0.582327   -1.281192   19.702   49.994  -30.524 S_000005
SCORE:     9.753                  9.753          0          1          1    S_000006
   1 H     0.000  170.252   55.279   99.424  -82.580 -177.394  166.469   29.045   94.580  -11.551    0.373934   -1.125295   -0.966009   -0.818590   -1.129655   -1.928865   -1.934545   -0.595214   -1.247668    3.794    0.984    0.238 S_000006
   2 P   -60.812 -146.102   71.756  156.668  -78.282 -169.333  154.499  -36.879  159.613   62.580    0.318603   -0.121311   -1.484608   -0.802024   -1.070048   -1.952590   -1.947726   -0.665159   -1.220540    6.782    3.778   -4.663 S_000006
   3 N    46.501 -101.567  -84.080   87.022 -145.516  -64.317   85.903   38.798   86.317  162.314    0.293878   -1.338815   -0.671554   -0.791103   -1.382602   -1.740939   -1.907529   -0.714009   -1.192479    6.248    7.839   -8.474 S_000006
   4 N   -63.044  163.225   52.892   91.812 -143.850 -123.175  109.117   33.283  100.187  177.198    0.344071   -1.312399   -0.675643   -0.802394   -1.462053   -1.676116   -1.876228   -0.649763   -1.233711    9.537    9.581  -13.051 S_000006
   5 N   140.751   78.375  147.908   85.219 -139.919 -122.587   67.224   27.161  117.339 -128.645    0.327420   -1.390343   -0.558417   -0.896324   -1.706978   -1.419161   -1.868152   -0.719232   -1.199857   13.487   15.016  -15.363 S_000006
   6 P  -167.631  177.125   63.936  148.721 -114.320  176.453   96.592  -39.276  160.663  -80.184    0.315889   -0.217056   -1.474414   -0.766409   -1.232285   -1.836424   -1.924195   -0.750433   -1.184996   14.162   22.195  -16.508 S_000006
   7 P  -173.910 -150.992  149.500  127.998 -128.911 -142.558   91.482   -6.193  136.127   15.787    0.408280   -0.788743   -1.262842   -0.923571   -1.317920   -1.806812   -1.984235   -0.740556   -1.116661   18.781   27.153  -18.826 S_000006
   8 N   129.683 -161.609 -146.098   97.100 -118.342  -62.822   67.834   34.474   83.394  -29.968    0.314209   -1.192615   -0.890117   -0.817388   -1.149165   -1.907865   -1.944399   -0.709709   -1.192083   23.037   31.825  -21.983 S_000006
   9 N  -122.733  141.870  172.629   89.309 -106.078 -114.128   69.985   33.990   89.229  -18.810    0.370373   -1.303663   -0.694334   -0.761512   -1.438136   -1.715946   -1.918878   -0.803264   -1.149429   25.397   35.797  -26.459 S_000006
  10 P  -173.910 -150.992  149.500  127.998 -128.911 -142.558   91.482   -6.193  136.127   15.787    0.408280   -0.788743   -1.262842   -0.923571   -1.317920   -1.806812   -1.984235   -0.740556   -1.116661   26.171   42.500  -28.761 S_000006
  11 H   -59.952  166.425   43.344   77.307    0.000    0.000   80.391   46.852   85.721  -22.976    0.229626   -1.438918   -0.417479   -0.748378   -1.526625   -1.585721   -1.808490   -0.657900   -1.257339   27.041   48.255  -31.887 S_000006
SCORE:     9.070                  9.070          0          2          1    S_000007
   1 H     0.000  170.252   55.279   81.482  -48.128 -174.127   63.568   46.657   79.128  -32.250    0.227007   -1.432377   -0.376966   -0.720364   -1.599067   -1.521959   -1.779063   -0.662959   -1.248677    3.794    0.984    0.238 S_000007
   2 P   -63.250  175.683   65.794  149.949 -131.110 -149.590  116.670  -46.360  165.701  151.659    0.291047   -0.023190   -1.497427   -0.685692   -1.116595   -1.889345   -1.874813   -0.741826   -1.205416    6.300    2.736   -5.514 S_000007
   3 P   165.579   89.526 -171.325   84.050 -147.163  -69.785   67.304   36.208   94.540 -135.348    0.361118   -1.328650   -0.645734   -0.740027   -1.457116   -1.689364   -1.854223   -0.685873   -1.236119    7.077    8.033  -10.100 S_000007
   4 P   -82.892  159.134   74.014   89.976 -128.027  -67.798   83.793   25.649  102.915  -20.156    0.380073   -1.257121   -0.773988   -0.826783   -1.494049   -1.673577   -1.903039   -0.729955   -1.189509    7.379   14.032  -11.259 S_000007
   5 P  -141.103   93.426  169.495   91.069 -150.020  -92.359   62.089   37.264   87.277  136.929    0.317046   -1.318105   -0.686127   -0.788078   -1.384274   -1.745631   -1.907231   -0.711992   -1.202040    6.128   19.158  -15.107 S_000007
   6 P   153.109 -158.615  171.108   84.708 -138.125  -69.612   57.715   37.635   93.652  -13.792    0.321789   -1.360366   -0.593188   -0.773049   -1.495954   -1.649786   -1.864180   -0.695157   -1.223989    6.002   24.785  -18.757 S_000007
   7 P  -147.435  127.997  166.630   86.010 -149.849  -52.650   54.071   32.987   94.972  179.900    0.337657   -1.321837   -0.696632   -0.821902   -1.464736   -1.697730   -1.911618   -0.702420   -1.208143    5.403   28.782  -24.120 S_000007
   8 P  -145.272  107.505  161.174   94.670  147.437  143.710   84.320   28.447   90.169 -113.690    0.361024   -1.094483   -0.996074   -0.845065   -1.073377   -1.943138   -1.954076   -0.689021   -1.181845    5.545   33.211  -28.732 S_000007
   9 N  -101.402 -150.753   62.856   86.361 -163.029  -62.932   90.121   38.776   87.696  179.930    0.312905   -1.356489   -0.611945   -0.769121   -1.452450   -1.684228   -1.888672   -0.724279   -1.208917    3.824   38.902  -32.784 S_000007
  10 P   -58.446 -149.202   68.661  151.517  -94.388 -167.491  158.879  -36.566  157.616   66.657    0.314545   -0.058212   -1.465433   -0.758064   -0.951472   -2.024794   -1.934304   -0.600686   -1.266513    5.854   44.488  -34.847 S_000007
  11 H   -63.857  174.697   61.114   84.707    0.000    0.000   77.378   38.385   92.762  -23.351    0.312994   -1.368232   -0.580767   -0.778217   -1.491320   -1.645821   -1.869747   -0.689592   -1.226645    6.681   50.271  -37.823 S_000007
SCORE:     9.461                  9.461          0          0          1    S_000008
   1 H     0.000  170.252   55.279  143.998 -111.961   93.881  140.739  -40.616  165.979  -92.866    0.320762   -0.270496   -1.455958   -0.737784   -1.310647   -1.735460   -1.901246   -0.727566   -1.200717    3.794    0.984    0.238 S_000008
   2 P    69.223  137.261 -175.088   86.986 -153.397 -110.460  143.572   33.683   97.732  -12.707    0.328359   -1.339808   -0.647494   -0.818559   -1.502873   -1.648205   -1.897238   -0.709099   -1.201121    7.400    4.479   -2.440 S_000008
   3 P   166.978  176.904  177.152   84.171 -133.729  -88.107   85.510   32.221   98.769  169.890    0.360736   -1.323192   -0.665088   -0.794830   -1.503909   -1.648578   -1.883310   -0.724059   -1.201750   13.643    7.935   -2.072 S_000008
   4 P   161.921 -139.165  171.084  140.378 -102.348  161.473  147.689  -28.420  150.366   21.418    0.399046   -0.297674   -1.438023   -0.785233   -1.122437   -1.922316   -1.917220   -0.695077   -1.203103   18.116   11.662    1.017 S_000008
   5 P   167.223 -130.441 -178.374   82.295 -142.978  -73.235   69.197   37.374   94.578 -156.510    0.324684   -1.371068   -0.577949   -0.778213   -1.514777   -1.627160   -1.863633   -0.699814   -1.218037   22.594   16.916    1.722 S_000008
   6 N  -148.022  144.508 -177.617   93.488 -141.099  -71.036   13.511   23.881  123.218   -7.754    0.352280   -1.397577   -0.511532   -0.899902   -1.787483   -1.297851   -1.871512   -0.779200   -1.153331   27.913   21.071    0.987 S_000008
   7 P  -177.185 -173.566  155.371  145.456  -98.754  179.352  138.838  -24.197  141.689  170.602    0.366879   -0.185448   -1.467973   -0.847005   -0.869502   -2.069646   -1.938630   -0.653402   -1.218242   33.267   24.733   -1.097 S_000008
   8 P    51.708  166.016  165.802  144.117 -158.911  172.559 -116.298  -36.379  164.491  -35.030    0.332415   -0.279857   -1.462557   -0.789069   -1.253212   -1.810639   -1.936782   -0.713043   -1.201460   38.054   29.526   -1.002 S_000008
   9 N   -66.405  158.591   54.088   84.012 -117.129 -111.221   79.705   34.581  100.407 -169.418    0.319158   -1.385658   -0.549824   -0.820982   -1.600174   -1.550025   -1.863883   -0.703741   -1.215396   43.495   32.166   -2.122 S_000008
  10 P   -63.611  170.084   56.145   76.975 -179.268  -81.011   98.837   42.082   87.254 -150.074    0.293244   -1.407913   -0.501182   -0.746606   -1.520998   -1.607649   -1.843831   -0.728113   -1.206557   49.753   34.309   -0.999 S_000008
  11 H   164.344 -167.800  169.038   81.808    0.000    0.000   61.350   35.308   93.606  -20.460    0.343981   -1.316885   -0.694893   -0.786663   -1.413237   -1.730396   -1.889531   -0.664096   -1.230113   54.753   36.497    2.566 S_000008
SCORE:     9.738                  9.738          0          0          3    S_000009
   1 H     0.000  170.252   55.279  114.415  -43.199 -107.498  101.158   -1.752  138.051  -18.979    0.456654   -0.814918   -1.201231   -0.849982   -1.288683   -1.818976   -1.917846   -0.583402   -1.248471    3.794    0.984    0.238 S_000009
   2 N   -70.134 -122.951   45.259  145.902 -161.667 -171.927  171.592  -29.237  145.130  -58.222    0.361392   -0.244021   -1.440161   -0.820842   -1.065751   -1.938745   -1.941641   -0.708015   -1.187291    6.214    2.221   -5.755 S_000009
   3 P   -73.688  154.833   59.185  146.485 -111.162  175.140  119.829  -32.346  150.459   20.864    0.348829   -0.220202   -1.465450   -0.808985   -1.098138   -1.929436   -1.939839   -0.717382   -1.183677    9.779    6.259   -8.930 S_000009
   4 P   155.434 -153.960  164.940   84.226 -112.101  -67.290   77.629   35.824   88.146  179.913    0.349238   -1.278279   -0.745469   -0.769804   -1.320117   -1.787700   -1.892438   -0.666444   -1.223438   13.733    9.895  -13.537 S_000009
   5 P   -70.392 -168.786   67.400  152.714  -79.917 -130.447  140.795  -39.652  156.097   50.861    0.325405   -0.132539   -1.474602   -0.745567   -1.130274   -1.890448   -1.904953   -0.748656   -1.182195   16.347   15.559  -15.382 S_000009
   6 P  -170.283  161.190 -176.306  140.990 -163.860 -102.059  133.153  -32.306  149.951  165.152    0.350717   -0.168927   -1.477787   -0.803819   -1.029144   -1.981828   -1.933928   -0.657356   -1.225843   20.447   21.390  -15.955 S_000009
   7 N   -64.790  176.587   59.208  145.792  -87.601  -94.030  119.242  -28.468  150.965   26.425    0.400803   -0.153763   -1.462151   -0.794764   -0.931214   -2.014656   -1.926424   -0.696988   -1.216410   23.393   27.039  -15.775 S_000009
   8 P  -110.003  -95.178 -170.804   85.262 -152.851  -73.112   64.455   36.565   94.655  -23.735    0.333988   -1.354956   -0.605888   -0.774081   -1.501600   -1.649669   -1.863825   -0.691328   -1.230508   24.918   33.378  -17.771 S_000009
   9 P  -150.263  137.150  162.005   85.519 -143.757  -61.655   64.628   39.702   84.506   99.951    0.295141   -1.332554   -0.685537   -0.782837   -1.333764   -1.762805   -1.900101   -0.686617   -1.207950   26.926   39.316  -20.213 S_000009
  10 N  -176.254  137.497  168.550   81.717 -132.895  -59.292   72.443   35.635   96.831  -24.438    0.317162   -1.381236   -0.556771   -0.805344   -1.581183   -1.577185   -1.871131   -0.730026   -1.199217   29.159   45.432  -22.396 S_000009
  11 H   -61.514 -174.758   61.803  143.980    0.000    0.000  107.782  -27.575  152.018  -92.681    0.398160   -0.156480   -1.471868   -0.806583   -0.913069   -2.028537   -1.926268   -0.694242   -1.205175   31.654   51.130  -22.396 S_000009
SCORE:     9.231                  9.231          0          0          2    S_000010
   1 H     0.000  170.252   55.279  143.197  -81.152  143.472  111.631  -27.348  155.745    8.388    0.371059   -0.446060   -1.412322   -0.844862   -1.288927   -1.796603   -1.963000   -0.689676   -1.200875    3.794    0.984    0.238 S_000010
   2 P   164.719  138.825   51.610  150.951 -107.830  169.464  112.009  -38.147  157.146  -49.999    0.320580   -0.126346   -1.483354   -0.773408   -1.094210   -1.927220   -1.922725   -0.726119   -1.194230    8.432    4.478   -1.770 S_000010
   3 P   -63.434 -170.261   42.468   84.085 -164.916  -75.697  105.175   33.900   96.467  167.006    0.336275   -1.336986   -0.646421   -0.808664   -1.487335   -1.646679   -1.879484   -0.681855   -1.203485   12.782    8.849   -0.869 S_000010
   4 N  -102.288 -114.811  152.099  152.073  -94.878  153.513  109.832  -37.104  159.441   32.450    0.319886   -0.166689   -1.482528   -0.788521   -1.122043   -1.900878   -1.935757   -0.712507   -1.193642   19.730    9.468   -1.214 S_000010
   5 N   163.087  146.437  171.423   86.530 -122.756  -89.393   58.024   30.220  107.185   -5.480    0.342559   -1.360757   -0.605786   -0.843709   -1.609006   -1.540115   -1.865051   -0.695465   -1.212078   24.579   13.355    0.734 S_000010
   6 N   -57.416  173.184   53.948   89.679 -162.772  -82.025   92.506   26.618  102.617 -106.519    0.379666   -1.238557   -0.806710   -0.831050   -1.432113   -1.733534   -1.914817   -0.695102   -1.209518   27.909   18.704    2.294 S_000010
   7 P   -56.602  169.819   59.880  148.016 -135.011  178.478  120.148  -32.889  143.708  -19.080    0.344597   -0.101549   -1.481717   -0.800183   -0.950280   -2.028627   -1.919452   -0.736545   -1.187799   32.400   22.677    2.303 S_000010
   8 P   145.559 -147.661 -179.920   89.636 -147.948 -121.251  142.316   19.265  124.361   72.826    0.378876   -1.314939   -0.680925   -0.895597   -1.696331   -1.431095   -1.862822   -0.708039   -1.208086   38.603   25.986    2.605 S_000010
   9 P   152.804  179.450  178.912   87.198 -154.572  -78.725   73.493   37.836   90.078  169.479    0.323288   -1.361977   -0.597100   -0.768408   -1.488119   -1.654360   -1.884994   -0.739724   -1.191211   44.499   29.919    3.747 S_000010
  10 P   -42.489 -157.035   61.311   92.872 -173.953  -90.066  120.056   30.407  102.579  174.241    0.355073   -1.282086   -0.741721   -0.824240   -1.437098   -1.706504   -1.905884   -0.669571   -1.222303   49.893   32.999    4.839 S_000010
  11 H   162.025 -157.419  167.990   83.000    0.000    0.000   65.133   38.542   88.786  -78.730    0.322383   -1.345501   -0.631780   -0.765958   -1.428363   -1.705892   -1.879870   -0.695868   -1.221850   54.201   37.945    5.094 S_000010
