SEQUENCE: gaaaaag
SCORE:     score    rna_stub_coord_hack       N_WC      N_NWC       N_BS description
REMARK RNA 
SCORE:     0.003                  0.003          0          0          1    S_000001
   1 H     0.000  170.252   55.279   81.092 -158.853  -70.955   77.032   41.308   88.496  179.883    0.297777   -1.392661   -0.528195   -0.752385   -1.506928   -1.631144   -1.849287   -0.696258   -1.234708    3.794    0.984    0.238 S_000001
   2 P    41.922 -179.189  173.593   83.042 -121.499  -70.642   76.465   38.336   89.692  -19.056    0.321915   -1.351823   -0.614367   -0.771966   -1.451238   -1.686417   -1.874520   -0.686187   -1.226871    8.088   -2.210   -1.572 S_000001
   3 P   145.834  169.864  160.515  116.771 -150.825  -95.969  116.851    6.639  112.778  -49.780    0.428419   -0.827735   -1.201961   -0.850477   -1.142936   -1.957796   -1.955336   -0.681649   -1.210816    8.826   -3.457    4.955 S_000001
   4 P   -52.902 -179.430   55.756  131.991 -105.786  168.543  117.329  -23.333  147.020  164.868    0.436199   -0.310214   -1.426061   -0.789518   -1.035502   -1.975489   -1.915962   -0.738496   -1.194202   10.860   -1.767   10.797 S_000001
   5 N   -32.109  143.486   53.748   78.919 -164.628  -62.168   61.650   32.607  111.245  179.947    0.326948   -1.429993   -0.437839   -0.835902   -1.748714   -1.378317   -1.834228   -0.756422   -1.199128   13.792   -1.698   15.900 S_000001
   6 N   -53.025 -171.133   66.197  118.744 -156.076 -125.935  159.063  -14.860  157.092  113.222    0.397896   -0.937453   -1.149838   -0.931285   -1.661409   -1.425729   -1.958412   -0.783663   -1.114398   16.198   -2.064   21.353 S_000001
   7 H   -40.395  166.850   35.957   70.818    0.000    0.000   82.175   38.203   96.060  -25.628    0.302775   -1.426520   -0.431591   -0.795970   -1.667974   -1.477409   -1.858561   -0.762801   -1.190651   19.170   -1.654   26.892 S_000001
SCORE:     0.003                  0.003          0          0          2    S_000002
   1 H     0.000  170.252   55.279   80.549 -162.880  -70.693   72.323   37.591   93.757   33.109    0.317106   -1.386684   -0.536897   -0.777737   -1.568236   -1.585510   -1.867551   -0.746180   -1.196805    3.794    0.984    0.238 S_000002
   2 N   -52.617  156.804 -174.176  147.794 -151.862  168.082  105.149  -41.063  162.423   29.196    0.311768   -0.127916   -1.484678   -0.741184   -1.152404   -1.890976   -1.912666   -0.723034   -1.214936    8.676   -0.927   -1.653 S_000002
   3 P   -71.276 -167.027   43.007   83.592 -160.251  -61.234   67.634   36.045   97.488  175.576    0.326725   -1.363045   -0.596568   -0.790577   -1.521163   -1.627833   -1.873804   -0.703797   -1.219308   10.149   -1.419    4.674 S_000002
   4 P   -39.399  168.770   55.356  142.140 -142.741  175.589  120.987  -35.450  159.437  -98.096    0.330665   -0.302125   -1.453233   -0.794861   -1.264725   -1.819140   -1.936530   -0.724980   -1.198310   13.432   -0.944    9.158 S_000002
   5 P   -55.706  167.181   55.335   86.001 -140.880  -76.690   89.349   36.314   94.866 -158.495    0.324859   -1.341224   -0.644538   -0.791725   -1.457768   -1.686844   -1.879733   -0.672779   -1.234344   15.439   -2.984   14.669 S_000002
   6 P   -53.426  167.329   65.141  115.360 -113.777 -159.626   97.404   -5.403  134.937   56.068    0.427600   -0.829890   -1.204746   -0.881835   -1.388628   -1.769707   -1.954577   -0.702966   -1.187770   18.111   -3.062   20.147 S_000002
   7 H   -64.718  171.327   59.277   83.642    0.000    0.000   72.598   38.628   92.127  -18.730    0.302454   -1.363569   -0.592921   -0.783188   -1.480143   -1.663331   -1.863105   -0.682237   -1.227164   20.065   -4.503   26.291 S_000002
SCORE:     0.001                  0.001          0          0          0    S_000003
   1 H     0.000  170.252   55.279   82.278 -154.118  -69.402   80.936   38.084   92.506  179.916    0.323533   -1.365815   -0.585533   -0.769380   -1.495087   -1.649018   -1.867056   -0.698084   -1.225359    3.794    0.984    0.238 S_000003
   2 N   -52.617  156.804 -174.176  147.794 -151.862  168.082  105.149  -41.063  162.423   29.196    0.311768   -0.127916   -1.484678   -0.741184   -1.152404   -1.890976   -1.912666   -0.723034   -1.214936    8.401   -1.558   -1.865 S_000003
   3 P   -78.411  154.090   84.095   80.282 -118.974  -76.437   67.002   37.039   92.942  -17.328    0.334242   -1.369279   -0.567638   -0.776619   -1.516962   -1.610375   -1.857810   -0.695112   -1.219056    9.624   -3.189    3.847 S_000003
   4 N     0.000 -143.540  -45.121 -208.883  216.002  172.687   88.324  -31.663  138.346  -10.108    0.321477    0.013290   -1.502199   -0.843234   -0.763940   -2.131852   -1.904381   -0.749701   -1.193037   12.136   -4.211    9.221 S_000003
   5 N   146.424 -163.784  178.255   85.620 -137.294  -67.317   67.440   39.752   87.784 -119.038    0.297106   -1.364557   -0.602477   -0.780092   -1.442511   -1.687950   -1.884111   -0.692719   -1.217120   13.274   -3.252   16.153 S_000003
   6 P   -60.599  162.009   59.939  140.771 -155.496 -143.261  171.462  -38.712  164.591  -23.422    0.312444   -0.271307   -1.489031   -0.770005   -1.280109   -1.824124   -1.924378   -0.767040   -1.192114   15.277   -3.193   21.765 S_000003
   7 H   -66.838  167.302   61.735   77.278    0.000    0.000   76.623   42.310   92.493  168.637    0.267962   -1.434938   -0.439678   -0.774819   -1.589389   -1.543096   -1.847959   -0.723861   -1.212750   19.009   -5.706   26.476 S_000003
SCORE:     0.006                  0.006          0          0          0    S_000004
   1 H     0.000  170.252   55.279   98.991    2.976   69.291   94.845   22.812  114.805   28.322    0.379725   -1.201446   -0.867416   -0.868505   -1.412348   -1.734341   -1.919642   -0.619040   -1.241313    3.794    0.984    0.238 S_000004
   2 P    53.187 -104.659  -79.152  150.229 -136.124 -139.293  130.083  -43.435  163.971  167.450    0.286370   -0.049080   -1.492090   -0.739040   -1.092677   -1.887286   -1.907246   -0.689780   -1.216040    7.463    0.991    0.684 S_000004
   3 P   -57.485  160.139   75.855  150.070 -129.358 -140.723  124.656  -40.385  156.749  145.069    0.321419   -0.067867   -1.491898   -0.742948   -1.064012   -1.946365   -1.896169   -0.757348   -1.185391    6.918   -1.686    6.556 S_000004
   4 P   -70.304  165.853   56.853   83.742 -157.956  -54.604   52.054   37.788   92.566  -19.338    0.321968   -1.371944   -0.582942   -0.774139   -1.515933   -1.644081   -1.877303   -0.724986   -1.213067    7.976   -4.603   12.450 S_000004
   5 P   -57.646 -146.257   57.461  143.472  -87.641  148.006  147.470  -36.073  161.191  121.537    0.352333   -0.200749   -1.470710   -0.763103   -1.148224   -1.890004   -1.921681   -0.697456   -1.207183    6.605   -5.334   18.507 S_000004
   6 P   168.992 -156.630  174.212   86.705 -137.197 -119.664  108.197   33.640   99.366  -15.229    0.329923   -1.352776   -0.624135   -0.819988   -1.531632   -1.621327   -1.886817   -0.697388   -1.214338    8.529   -7.829   24.366 S_000004
   7 H   -66.959  176.589   57.578   82.577    0.000    0.000   74.136   37.513  102.625  179.922    0.301745   -1.393398   -0.537790   -0.793823   -1.561664   -1.572721   -1.828057   -0.645736   -1.257904   13.983   -8.805   28.207 S_000004
SCORE:     0.002                  0.002          0          0          0    S_000005
   1 H     0.000  170.252   55.279   92.907 -161.462  -59.896   92.417   39.755   85.427  109.946    0.296096   -1.289344   -0.760668   -0.780815   -1.244198   -1.850874   -1.899254   -0.629740   -1.254723    3.794    0.984    0.238 S_000005
   2 N   -52.617  156.804 -174.176  147.794 -151.862  168.082  105.149  -41.063  162.423   29.196    0.311768   -0.127916   -1.484678   -0.741184   -1.152404   -1.890976   -1.912666   -0.723034   -1.214936    8.133   -2.038   -1.039 S_000005
   3 P   139.181 -136.431  171.720   84.853 -110.627  -81.965   64.909   34.940   94.393  -23.006    0.336137   -1.334359   -0.659025   -0.794489   -1.468635   -1.683215   -1.893128   -0.704560   -1.210936   10.103   -4.752    4.915 S_000005
   4 P   -50.353 -155.642   49.514  144.140 -116.281 -177.136  152.040  -34.900  163.032   29.821    0.343286   -0.324128   -1.448346   -0.793398   -1.280886   -1.793255   -1.940277   -0.746673   -1.179096   13.820   -6.731   10.071 S_000005
   5 P   105.404 -151.499 -129.307  107.609 -106.000  -31.035   89.966    6.056  125.048    0.521    0.437137   -0.989555   -1.076117   -0.869504   -1.405892   -1.760342   -1.942016   -0.689222   -1.199238   16.618   -6.972   16.214 S_000005
   6 P  -141.103   93.426  169.495   91.069 -150.020  -92.359   62.089   37.264   87.277  136.929    0.317046   -1.318105   -0.686127   -0.788078   -1.384274   -1.745631   -1.907231   -0.711992   -1.202040   15.502   -7.137   22.113 S_000005
   7 H   -70.845  166.766   51.833   77.191    0.000    0.000   85.324   40.135   93.707  179.889    0.293271   -1.426885   -0.442787   -0.776421   -1.626753   -1.518073   -1.834103   -0.729800   -1.215234   16.492   -7.923   28.338 S_000005
SCORE:     0.007                  0.007          0          0          2    S_000006
   1 H     0.000  170.252   55.279  131.936 -139.824  -68.520   48.463  -36.159  162.691 -176.719    0.344870   -0.445789   -1.417952   -0.774605   -1.449428   -1.660144   -1.916821   -0.794228   -1.150709    3.794    0.984    0.238 S_000006
   2 P   -44.848  126.179  174.289  148.674 -161.531  122.920  -49.739  -34.091  151.167 -102.358    0.345597   -0.148126   -1.471902   -0.791845   -1.040532   -1.963327   -1.927119   -0.695506   -1.202177    6.381   -3.123   -1.287 S_000006
   3 P   151.188 -149.945  166.728   83.016 -116.753  -83.742   71.525   36.275   88.911  -14.365    0.346896   -1.311639   -0.689927   -0.767421   -1.393740   -1.738849   -1.889779   -0.692785   -1.215212    4.886   -4.386    5.170 S_000006
   4 P    -9.791  151.275   56.495  145.205 -149.476  178.681  133.718  -34.285  155.187  132.770    0.343879   -0.234485   -1.467538   -0.792884   -1.158169   -1.902504   -1.934198   -0.737152   -1.185132    2.764   -7.333    9.720 S_000006
   5 N   140.751   78.375  147.908   85.219 -139.919 -122.587   67.224   27.161  117.339 -128.645    0.327420   -1.390343   -0.558417   -0.896324   -1.706978   -1.419161   -1.868152   -0.719232   -1.199857    0.430   -9.929   15.915 S_000006
   6 P   -68.340  168.884   51.907   83.168 -140.612  -50.784   97.599   36.840   95.189 -167.815    0.322631   -1.372137   -0.569251   -0.787131   -1.534389   -1.610686   -1.869204   -0.707401   -1.218658    0.749  -13.755   21.332 S_000006
   7 H  -126.853  126.617  148.351   85.416    0.000    0.000   74.526   36.302   90.815  179.924    0.325289   -1.329917   -0.671275   -0.793841   -1.422224   -1.714612   -1.903304   -0.704733   -1.205745   -3.117  -16.465   25.308 S_000006
SCORE:     0.003                  0.003          0          0          2    S_000007
   1 H     0.000  170.252   55.279   82.914 -162.092  -37.263   69.532   33.057   98.251  -18.545    0.338631   -1.361284   -0.591473   -0.813071   -1.575348   -1.574041   -1.879433   -0.740344   -1.189253    3.794    0.984    0.238 S_000007
   2 N   -44.792  159.118 -174.604   88.660 -127.150  -84.030   41.691   37.228   87.616  143.772    0.332183   -1.300809   -0.711467   -0.771951   -1.342869   -1.770776   -1.903627   -0.697070   -1.212573    7.131   -2.694   -0.833 S_000007
   3 P   -47.346  176.379   51.351   79.055 -173.509 -118.383   80.508   36.074   97.726 -142.917    0.325644   -1.385201   -0.543069   -0.791972   -1.583275   -1.568525   -1.862350   -0.736123   -1.202374   10.238   -3.339    4.684 S_000007
   4 N   166.900 -125.791  168.740   83.559  155.815 -110.429  119.759   26.754  113.535   87.626    0.341949   -1.356067   -0.621349   -0.881304   -1.648353   -1.494448   -1.881160   -0.698552   -1.204189   13.473   -1.887   10.326 S_000007
   5 P   -61.782 -140.498   56.795  140.224 -153.193 -144.278  165.784  -33.826  159.973  156.711    0.349592   -0.388033   -1.431578   -0.793415   -1.340736   -1.762595   -1.940106   -0.795494   -1.147865   15.300   -4.056   16.032 S_000007
   6 P   -83.294  150.000   71.989   85.098 -118.658  -69.808   99.051   27.651  104.780  -23.311    0.365826   -1.317190   -0.680017   -0.832978   -1.581606   -1.595280   -1.886880   -0.741317   -1.187806   16.448   -5.467   22.144 S_000007
   7 H    43.440 -171.247   64.103   90.910    0.000    0.000   66.346   32.849   92.201  -11.778    0.342630   -1.281883   -0.755180   -0.810364   -1.381549   -1.755753   -1.911923   -0.696356   -1.208974   21.148   -4.316   25.254 S_000007
SCORE:     0.004                  0.004          0          0          1    S_000008
   1 H     0.000  170.252   55.279   79.092 -162.868  -57.586   75.061   41.656   91.110  -25.737    0.287264   -1.421967   -0.451705   -0.761942   -1.584451   -1.551049   -1.829257   -0.710095   -1.225096    3.794    0.984    0.238 S_000008
   2 N    30.868 -120.066  169.636   83.794 -168.750  -74.349  111.391   35.183   96.403 -152.609    0.326293   -1.356749   -0.613451   -0.800568   -1.521734   -1.634229   -1.885032   -0.716011   -1.208655    7.798   -1.048   -0.798 S_000008
   3 P   166.495  172.404  174.231   87.746 -132.714  -66.796   66.289   35.684   95.741  -22.140    0.317062   -1.318123   -0.699594   -0.783392   -1.426334   -1.729960   -1.879184   -0.700135   -1.218640   10.983   -1.193    5.121 S_000008
   4 N  -114.190  109.100  167.615   82.752  163.795  119.762   74.663   34.571   96.437  179.938    0.325924   -1.359373   -0.618978   -0.809953   -1.530614   -1.630053   -1.892439   -0.723100   -1.203186   13.459   -0.503   10.623 S_000008
   5 P   -59.803  169.236   63.962   79.014 -139.997  -70.006   71.336   36.511  100.104  -24.536    0.348526   -1.388437   -0.484137   -0.749406   -1.644830   -1.516308   -1.861410   -0.773936   -1.170359   14.620   -3.399   15.961 S_000008
   6 P   -45.459 -160.728   35.712   87.766 -132.988 -152.630  144.273   25.774  122.716  -20.928    0.402285   -1.311512   -0.666993   -0.806321   -1.692518   -1.601327   -1.807938   -0.713687   -1.247042   17.585   -5.298   21.225 S_000008
   7 H   -95.201  177.940   71.634   72.641    0.000    0.000   68.385   46.523   85.045  159.897    0.257847   -1.440239   -0.379122   -0.720411   -1.557368   -1.537058   -1.801866   -0.704385   -1.234664   18.103   -1.933   27.231 S_000008
SCORE:     0.011                  0.011          0          0          1    S_000009
   1 H     0.000  170.252   55.279   83.120 -150.044  -65.046   76.161   39.646   89.236  -26.320    0.296997   -1.381921   -0.554388   -0.777455   -1.506547   -1.635637   -1.832906   -0.661122   -1.257251    3.794    0.984    0.238 S_000009
   2 N   -23.732  161.087  174.712   83.859 -113.221 -104.065   88.538   36.409   99.071  170.718    0.307986   -1.385900   -0.549559   -0.811254   -1.562662   -1.576397   -1.867310   -0.703044   -1.213529    7.789   -2.326   -1.633 S_000009
   3 P   -53.263  -84.013  179.931  121.234 -143.667 -130.098   47.916  -25.284  165.035  136.041    0.390724   -0.706993   -1.308555   -0.850770   -1.556537   -1.535396   -1.919063   -0.699958   -1.200243    9.479   -1.787    4.547 S_000009
   4 P   -69.822 -167.738   53.385   83.852 -149.558  -86.369   84.902   32.043  100.771  179.899    0.337345   -1.373662   -0.575504   -0.827110   -1.622765   -1.540955   -1.887399   -0.751343   -1.185378   10.267   -2.747   11.325 S_000009
   5 P  -108.293   86.120  164.210   81.610 -145.592  -76.612   47.222   37.518   89.695  148.368    0.328533   -1.348579   -0.623677   -0.767902   -1.462259   -1.681907   -1.874942   -0.722851   -1.206062   13.613   -4.418   15.772 S_000009
   6 P   -95.159  161.480   47.812  112.409  174.736  154.463  -71.130  -19.461  170.054  -81.100    0.415201   -0.885345   -1.169585   -0.882371   -1.672561   -1.376524   -1.932323   -0.783884   -1.146065   16.429   -1.983   20.970 S_000009
   7 H   -59.657  173.938   53.653   74.053    0.000    0.000   85.551   47.900   85.589  -19.948    0.260437   -1.413061   -0.345094   -0.684130   -1.567137   -1.528403   -1.792344   -0.729570   -1.233824   19.655   -3.705   26.199 S_000009
SCORE:     0.003                  0.003          0          0          1    S_000010
   1 H     0.000  170.252   55.279  107.600 -137.923  -74.807   74.802   19.394   97.828  153.654    0.421604   -0.987282   -1.074322   -0.798884   -1.133478   -1.950952   -1.914977   -0.656128   -1.228503    3.794    0.984    0.238 S_000010
   2 N     0.000   59.746  140.578   77.613  104.202   63.464   63.460   47.392   74.678    0.730    0.285242   -1.366709   -0.644407   -0.681447   -1.238366   -1.810684   -1.863641   -0.728417   -1.215166    5.544   -1.968   -0.959 S_000010
   3 N   177.310 -176.552   47.547   97.129   28.369 -178.386  121.728    9.825  124.257  179.910    0.436243   -1.107642   -0.952867   -0.863889   -1.521698   -1.643615   -1.916312   -0.697148   -1.198319    4.081   -5.939    4.069 S_000010
   4 P   166.345  136.515  176.959   87.298 -141.961  -85.985   88.233   36.289   90.829  -13.741    0.336751   -1.319590   -0.670557   -0.773868   -1.420417   -1.716763   -1.889689   -0.708570   -1.210282    6.328  -10.087    8.816 S_000010
   5 P   152.594  176.327  171.244   91.237 -151.427  -73.024   82.556   36.730   87.095   -0.293    0.324489   -1.292433   -0.740995   -0.782053   -1.325054   -1.790390   -1.912036   -0.712281   -1.201892    6.165  -11.441   15.588 S_000010
   6 P  -160.249  166.068  171.487   91.115 -136.630 -101.713   76.539   34.876   95.142  175.357    0.323572   -1.335492   -0.650661   -0.813480   -1.473315   -1.673547   -1.901744   -0.711585   -1.198626    8.470  -11.381   22.047 S_000010
   7 H   -56.069  176.721   48.826   81.835    0.000    0.000   80.793   37.560   94.860  179.941    0.320356   -1.372450   -0.581022   -0.782562   -1.502158   -1.629045   -1.854666   -0.660679   -1.234767    9.631  -12.695   28.377 S_000010
