SEQUENCE: gaaaaaaaaaag
SCORE:     score    rna_stub_coord_hack       N_WC      N_NWC       N_BS description
REMARK RNA 
SCORE:     6.945                  6.945          0          0          1    S_000001
   1 H     0.000  170.252   55.279   83.785  174.590  -44.254   84.947   44.052   85.050  -24.038    0.276773   -1.395106   -0.537415   -0.728038   -1.444278   -1.665913   -1.839891   -0.685077   -1.231729    3.794    0.984    0.238 S_000001
   2 N    28.522 -133.984  170.841   89.647 -178.292 -175.648   87.955   26.597  110.152  -77.130    0.353862   -1.310972   -0.717046   -0.871814   -1.546508   -1.610084   -1.925550   -0.717008   -1.183902    7.715   -0.969    0.133 S_000001
   3 P   -69.590 -157.897   49.285   82.335 -155.087  -71.292   82.030   34.378   98.114  179.913    0.335892   -1.357404   -0.617046   -0.800833   -1.530282   -1.623821   -1.881719   -0.713974   -1.208823    7.785   -6.619    3.927 S_000001
   4 P   168.992 -156.630  174.212   86.705 -137.197 -119.664  108.197   33.640   99.366  -15.229    0.329923   -1.352776   -0.624135   -0.819988   -1.531632   -1.621327   -1.886817   -0.697388   -1.214338    7.889   -7.631   10.428 S_000001
   5 N  -102.288 -114.811  152.099  152.073  -94.878  153.513  109.832  -37.104  159.441   32.450    0.319886   -0.166689   -1.482528   -0.788521   -1.122043   -1.900878   -1.935757   -0.712507   -1.193642    6.268   -8.813   17.395 S_000001
   6 N   172.456 -130.437  158.420   78.660 -135.778  -75.363   57.224   32.947   95.764   77.415    0.211288   -1.387525   -0.692491   -1.040100   -1.517440   -1.711301   -2.027997   -0.661007   -1.207277    6.075  -11.102   23.827 S_000001
   7 P  -107.482   87.708  170.289   85.388 -143.551  -50.124   59.353   32.890   97.715  -10.667    0.345255   -1.322462   -0.672137   -0.806763   -1.487796   -1.668591   -1.895264   -0.707545   -1.212270    7.457  -13.628   28.919 S_000001
   8 P   171.747  153.395  159.041  148.712 -150.900 -143.856  163.298  -31.676  141.216  -34.261    0.335662   -0.099384   -1.482186   -0.823846   -0.920479   -2.044532   -1.934389   -0.708140   -1.198506    8.741  -14.642   35.417 S_000001
   9 N   153.892 -147.001  164.471   84.491  -94.077 -111.283   64.524   33.190   96.319  -19.555    0.355120   -1.318549   -0.682768   -0.791210   -1.468493   -1.683316   -1.890099   -0.710032   -1.206612    6.820  -15.399   42.151 S_000001
  10 N     0.000 -143.540  -45.121 -208.883  216.002  172.687   88.324  -31.663  138.346  -10.108    0.321477    0.013290   -1.502199   -0.843234   -0.763940   -2.131852   -1.904381   -0.749701   -1.193037    5.663  -18.112   47.900 S_000001
  11 N   116.652 -120.299 -166.532   83.340 -100.624 -107.523   46.228   39.220   89.655  -23.998    0.322294   -1.359161   -0.601360   -0.755425   -1.453999   -1.682435   -1.865651   -0.692554   -1.228649    6.869  -19.727   53.973 S_000001
  12 H   152.106 -175.526   44.338  150.815    0.000    0.000  125.628  -37.111  150.109  -17.944    0.324328   -0.074255   -1.490728   -0.780046   -1.005898   -1.997502   -1.915763   -0.733806   -1.204333    9.483  -22.198   59.983 S_000001
SCORE:     7.445                  7.445          0          0          3    S_000002
   1 H     0.000  170.252   55.279   80.515 -148.204  -77.550   73.135   41.162   88.030  179.947    0.310930   -1.377487   -0.562276   -0.739320   -1.469303   -1.667646   -1.849485   -0.690452   -1.236334    3.794    0.984    0.238 S_000002
   2 N    85.934  -90.839  172.676   85.616 -171.229  -78.234   95.061   38.307   91.216 -146.059    0.311581   -1.351249   -0.627510   -0.778861   -1.442484   -1.694367   -1.883384   -0.694107   -1.220686    6.614   -2.143   -1.074 S_000002
   3 P   171.747  153.395  159.041  148.712 -150.900 -143.856  163.298  -31.676  141.216  -34.261    0.335662   -0.099384   -1.482186   -0.823846   -0.920479   -2.044532   -1.934389   -0.708140   -1.198506    8.606   -5.994    4.225 S_000002
   4 N   -94.365 -154.934   46.429  146.584 -101.724  149.181  103.287  -35.917  153.020 -152.916    0.364301   -0.219499   -1.460169   -0.748527   -1.173226   -1.884655   -1.892784   -0.731496   -1.200632   11.705   -7.891   10.365 S_000002
   5 P   153.445 -147.409   76.168  150.324 -119.233  -95.386  144.681  -33.141  149.663 -120.113    0.351810   -0.073217   -1.482457   -0.796549   -0.919435   -2.029856   -1.928421   -0.654059   -1.232255   14.406  -11.799   15.120 S_000002
   6 P  -103.910  110.620  164.774   91.062 -117.397  -84.000   88.986   25.438  103.844  178.506    0.411128   -1.208434   -0.824016   -0.798741   -1.398278   -1.727761   -1.891952   -0.677546   -1.211275   13.465  -10.152   21.031 S_000002
   7 P   152.152 -163.414 -179.476   84.601 -123.902  -66.177 -118.488   34.496  101.644  -20.596    0.339854   -1.349021   -0.617645   -0.796396   -1.515504   -1.627416   -1.872576   -0.688085   -1.219292   13.750   -9.510   27.632 S_000002
   8 P   -77.003 -130.496   58.681  153.380 -160.194 -149.045  161.544  -39.022  156.297  -39.242    0.316476   -0.024525   -1.487912   -0.765274   -0.977427   -1.988477   -1.914724   -0.683487   -1.222441   12.236  -11.873   33.848 S_000002
   9 P   -60.812 -146.102   71.756  156.668  -78.282 -169.333  154.499  -36.879  159.613   62.580    0.318603   -0.121311   -1.484608   -0.802024   -1.070048   -1.952590   -1.947726   -0.665159   -1.220540   12.591  -15.541   39.579 S_000002
  10 P   164.357  159.365   60.226  155.732 -127.704  171.416  109.333  -39.352  157.983   71.282    0.316599   -0.047323   -1.489035   -0.763868   -1.016590   -1.968385   -1.910011   -0.701604   -1.218509   13.132  -15.632   46.587 S_000002
  11 N  -122.329  136.115  121.785  113.623 -151.287  -53.450  124.898   33.717   72.191  -22.279    0.339534   -0.923367   -1.171127   -0.812548   -0.604958   -2.106668   -1.917397   -0.669884   -1.231306   14.358  -16.280   52.494 S_000002
  12 H   148.463 -173.310 -173.531   81.124    0.000    0.000   65.422   40.313   89.566 -170.479    0.300130   -1.405324   -0.500291   -0.763421   -1.559507   -1.584612   -1.856991   -0.737441   -1.208449   15.302  -18.785   58.244 S_000002
SCORE:     7.026                  7.026          0          0          0    S_000003
   1 H     0.000  170.252   55.279   81.756 -158.073  -67.376   79.745   37.158   93.163  179.910    0.322101   -1.357231   -0.599716   -0.781290   -1.491845   -1.648804   -1.866971   -0.682249   -1.231229    3.794    0.984    0.238 S_000003
   2 P    78.439 -131.075   73.555  147.436  -61.399 -114.290  109.537  -34.268  150.790   19.070    0.342143   -0.169590   -1.472895   -0.788014   -1.069957   -1.954512   -1.928896   -0.717061   -1.194995    7.373   -2.220   -0.973 S_000003
   3 P   -81.969  -86.821 -174.157   75.787 -159.050 -146.501 -176.174   43.715   78.097  179.915    0.307460   -1.373554   -0.609335   -0.719837   -1.311569   -1.716845   -1.872270   -0.619467   -1.275353    7.240   -3.462    5.417 S_000003
   4 N    92.657 -148.537  175.638  136.338  -89.219  -76.489  154.380  -21.870  156.367   14.620    0.399279   -0.642366   -1.325235   -0.861729   -1.428522   -1.669884   -1.970904   -0.747794   -1.144841    5.350   -3.890   11.462 S_000003
   5 N   -63.482  161.248   53.100   80.478  -96.690 -140.010   85.996   38.217   97.274 -144.292    0.311577   -1.404413   -0.482871   -0.781289   -1.603191   -1.532252   -1.824841   -0.702574   -1.225941    6.361   -8.004   15.898 S_000003
   6 P   -33.122 -159.568  151.000  146.506 -145.092 -142.672   79.190  -33.668  154.217 -117.811    0.333818   -0.171529   -1.475823   -0.812366   -1.061031   -1.950460   -1.939960   -0.691146   -1.196381    7.877   -8.335   22.475 S_000003
   7 P    -9.791  151.275   56.495  145.205 -149.476  178.681  133.718  -34.285  155.187  132.770    0.343879   -0.234485   -1.467538   -0.792884   -1.158169   -1.902504   -1.934198   -0.737152   -1.185132    7.930  -10.566   28.310 S_000003
   8 P   151.188 -149.945  166.728   83.016 -116.753  -83.742   71.525   36.275   88.911  -14.365    0.346896   -1.311639   -0.689927   -0.767421   -1.393740   -1.738849   -1.889779   -0.692785   -1.215212    8.537  -11.728   35.267 S_000003
   9 P  -117.356   78.766  152.289   84.543 -132.316  -68.848   62.158   37.698   90.344  -15.581    0.322935   -1.348605   -0.622837   -0.774808   -1.454441   -1.682579   -1.885989   -0.714108   -1.208428   10.312  -13.080   41.013 S_000003
  10 P  -144.314   99.076  172.862   89.752 -150.115  -50.909   73.012   38.269   87.558  -13.823    0.314845   -1.336581   -0.649747   -0.775354   -1.407816   -1.716305   -1.897506   -0.723584   -1.198856   11.751  -12.917   47.449 S_000003
  11 N  -162.335 -115.976  123.191   89.015  175.258 -173.476   79.260   17.306  130.746  -80.581    0.379421   -1.301197   -0.739786   -0.920270   -1.669913   -1.460581   -1.919630   -0.732482   -1.173204   12.752  -14.088   53.838 S_000003
  12 H   -57.026  176.019   61.078  102.571    0.000    0.000  101.484   10.967  122.746 -110.098    0.434455   -0.951058   -1.106625   -0.874387   -1.227275   -1.865049   -1.953608   -0.599488   -1.228468   15.678  -13.741   59.600 S_000003
SCORE:     7.495                  7.495          0          1          1    S_000004
   1 H     0.000  170.252   55.279   87.167 -151.264  -61.792   54.119   37.539   87.036  -17.053    0.300650   -1.350207   -0.638873   -0.807648   -1.444559   -1.697370   -1.910577   -0.716707   -1.191895    3.794    0.984    0.238 S_000004
   2 P    65.493  -91.324  150.846   77.231 -171.329  -83.012   81.493   40.160   92.026  179.945    0.392547   -1.360019   -0.571583   -0.639662   -1.480701   -1.660921   -1.761089   -0.709918   -1.286012    6.261   -1.966   -0.597 S_000004
   3 P  -163.415 -164.775  171.520   87.292 -173.272  -90.210   95.538   33.873  101.998   69.427    0.333059   -1.348368   -0.630589   -0.813263   -1.521104   -1.634527   -1.885456   -0.693273   -1.220867    5.546   -4.419    5.706 S_000004
   4 P  -166.924 -154.036  159.889   90.332 -178.658 -136.635   73.477   26.413  115.255    3.673    0.345049   -1.323606   -0.689620   -0.882069   -1.572952   -1.568229   -1.923026   -0.712384   -1.176451    6.162   -5.651   12.388 S_000004
   5 P   -44.833 -173.848   45.194   80.478 -152.771  -65.938   63.785   41.446   85.012  179.896    0.274486   -1.410696   -0.540029   -0.782892   -1.510846   -1.644634   -1.890606   -0.727029   -1.189630    9.990   -5.527   17.509 S_000004
   6 P   -85.076  164.023   68.866   85.141 -120.650  -62.318   78.470   40.645   86.862  -27.903    0.311000   -1.383809   -0.548559   -0.744155   -1.491316   -1.639809   -1.865792   -0.734982   -1.207733   11.668   -6.616   23.289 S_000004
   7 P  -136.102  103.272  168.974   85.473 -128.309  -79.232   63.030   36.383   91.833 -170.126    0.322483   -1.346531   -0.624388   -0.787074   -1.484827   -1.666329   -1.892459   -0.741690   -1.189660    9.078   -8.276   28.945 S_000004
   8 P   -61.236 -144.081   67.298  141.205  -83.161  175.647  156.045  -26.613  152.071   69.787    0.411481   -0.165229   -1.462398   -0.796345   -0.904956   -2.034850   -1.928766   -0.649169   -1.234321    7.601  -10.322   35.229 S_000004
   9 P    69.065  148.258   61.008  143.351 -152.468 -173.839  -36.031  -32.620  153.760  -38.466    0.355883   -0.282450   -1.458156   -0.797587   -1.187713   -1.889374   -1.939496   -0.751429   -1.176510    9.345  -13.437   41.147 S_000004
  10 P   165.515  146.900   47.098  148.513 -127.551 -153.506  114.540  -36.600  156.852  -91.538    0.333410   -0.162449   -1.480231   -0.776970   -1.108433   -1.919857   -1.924897   -0.716644   -1.199755    6.857  -13.883   47.945 S_000004
  11 P   -62.993  158.684   68.064   82.009 -135.762 -115.143   68.718   30.330  106.322  175.796    0.353091   -1.354176   -0.600646   -0.822722   -1.620133   -1.543447   -1.878653   -0.752021   -1.188549    7.384  -18.483   52.450 S_000004
  12 H    95.237 -135.116 -141.940   88.680    0.000    0.000   58.612   35.390   88.542 -170.575    0.345942   -1.279262   -0.746031   -0.775216   -1.335793   -1.783790   -1.896350   -0.674159   -1.225682    9.616  -22.485   56.471 S_000004
SCORE:     7.908                  7.908          0          0          1    S_000005
   1 H     0.000  170.252   55.279   76.497 -155.210  -64.775   78.477   41.860   92.369  -22.011    0.291716   -1.417736   -0.466004   -0.763737   -1.532377   -1.562302   -1.819324   -0.627873   -1.272033    3.794    0.984    0.238 S_000005
   2 P   -50.810  157.396  179.641  144.210  -80.628 -115.554  103.136  -33.942  152.589 -155.647    0.337794   -0.135157   -1.478805   -0.801209   -1.019635   -1.984828   -1.938093   -0.666581   -1.225042    8.303   -1.560   -1.842 S_000005
   3 P   -26.654 -158.559   75.242   88.294 -135.639  -79.664   67.292   34.229   94.295   78.866    0.348144   -1.290745   -0.719273   -0.782377   -1.393609   -1.738278   -1.883004   -0.682498   -1.223392   12.973   -0.390    2.830 S_000005
   4 P   173.194  135.693   63.814  119.262 -150.408 -146.040  100.980  -16.311  146.800  116.195    0.437013   -0.741573   -1.262646   -0.846761   -1.466427   -1.667656   -1.934875   -0.740817   -1.155727   13.392   -5.024    8.190 S_000005
   5 P  -173.910 -150.992  149.500  127.998 -128.911 -142.558   91.482   -6.193  136.127   15.787    0.408280   -0.788743   -1.262842   -0.923571   -1.317920   -1.806812   -1.984235   -0.740556   -1.116661   14.124   -3.092   15.197 S_000005
   6 P   -82.645 -177.969   72.751  145.260 -157.503 -148.229  111.875  -38.545  157.429  -12.075    0.322205   -0.223436   -1.480851   -0.764697   -1.222995   -1.851784   -1.919902   -0.771160   -1.168755   14.952   -2.343   22.028 S_000005
   7 P   -57.076  159.557   74.072  122.522 -124.914  176.015  109.465  -27.926  161.760  179.896    0.363848   -0.671595   -1.324732   -0.846074   -1.563840   -1.540839   -1.910259   -0.713848   -1.195912   16.678   -1.597   28.055 S_000005
   8 P  -102.406 -166.243   25.602  149.414 -129.707 -175.148   90.395  -38.815  161.000   21.044    0.320198   -0.168655   -1.478454   -0.768921   -1.159934   -1.866854   -1.930844   -0.727877   -1.191024   18.402   -5.107   33.558 S_000005
   9 P   -69.029  167.492   50.785   89.099 -154.031  -76.188   83.340   40.184   87.163  -14.647    0.303899   -1.393018   -0.503261   -0.766478   -1.545220   -1.592491   -1.860038   -0.730792   -1.201062   19.233   -7.891   39.234 S_000005
  10 P  -167.703 -174.030 -172.706  150.262  -82.754  -98.128  162.319  -37.418  153.934  -96.537    0.341290   -0.123580   -1.479847   -0.753212   -1.075808   -1.949425   -1.900641   -0.697829   -1.213259   19.336   -7.383   46.081 S_000005
  11 P   -56.602  169.819   59.880  148.016 -135.011  178.478  120.148  -32.889  143.708  -19.080    0.344597   -0.101549   -1.481717   -0.800183   -0.950280   -2.028627   -1.919452   -0.736545   -1.187799   18.996   -9.164   52.344 S_000005
  12 H   -62.225  170.060   52.612   74.297    0.000    0.000   74.600   42.350   94.144  -21.080    0.267017   -1.455785   -0.370601   -0.777574   -1.660105   -1.467125   -1.829875   -0.742541   -1.206324   18.313  -10.202   58.517 S_000005
SCORE:     7.461                  7.461          0          1          3    S_000006
   1 H     0.000  170.252   55.279   84.974    0.000    0.000   92.521   37.388   92.447  -29.239    0.319506   -1.363930   -0.601069   -0.781709   -1.499815   -1.656454   -1.881492   -0.717671   -1.212487    3.794    0.984    0.238 S_000006
   2 P    52.835 -123.215 -169.052   83.625 -115.325  -75.085  124.149   39.961   88.658  -61.678    0.326402   -1.364730   -0.575956   -0.735553   -1.469083   -1.664894   -1.851141   -0.700655   -1.228662    3.491    1.635    1.320 S_000006
   3 P   -87.787  177.868   72.488  125.142 -164.828 -151.898  111.548  -19.213  150.164  -29.735    0.411216   -0.574601   -1.357123   -0.857597   -1.302692   -1.814919   -1.954673   -0.693383   -1.189634    5.039    1.846    7.757 S_000006
   4 P   -44.143  164.454   55.205  104.628  159.257 -102.510  117.659    3.187  128.802  -91.358    0.423189   -0.924497   -1.143440   -0.897898   -1.350859   -1.802328   -1.950464   -0.635540   -1.219405    6.892    1.022   13.697 S_000006
   5 N   -58.731 -178.729   47.638   79.459 -149.573  -69.857   69.310   32.555  104.358 -149.176    0.334270   -1.398978   -0.516667   -0.822572   -1.678555   -1.476718   -1.867122   -0.767301   -1.178808    6.461   -0.953   19.206 S_000006
   6 P   -13.639  168.065   15.021  112.882 -143.797  164.185   89.967    9.944  105.195  141.953    0.425125   -0.906173   -1.147828   -0.842489   -1.204445   -1.933342   -1.941129   -0.716817   -1.188705    8.982   -4.046   23.214 S_000006
   7 P   131.323 -172.365 -165.198   81.904 -159.485  -53.476   75.696   37.026   95.554   71.890    0.344578   -1.372737   -0.555252   -0.748434   -1.556579   -1.599391   -1.832656   -0.719597   -1.222243   10.592   -5.268   29.909 S_000006
   8 P   177.366  142.836 -177.540   86.392   81.924   89.658  106.666   34.383   91.374   35.384    0.329518   -1.203568   -0.872590   -0.818960   -1.153720   -1.885512   -1.932817   -0.607425   -1.234970   12.472   -6.461   36.263 S_000006
   9 P   -60.599  162.009   59.939  140.771 -155.496 -143.261  171.462  -38.712  164.591  -23.422    0.312444   -0.271307   -1.489031   -0.770005   -1.280109   -1.824124   -1.924378   -0.767040   -1.192114   13.513   -8.170   41.830 S_000006
  10 P   -93.154 -157.444   54.300  150.377 -112.935 -160.796  105.347  -36.726  152.260  155.081    0.325182   -0.066179   -1.488565   -0.782637   -0.984831   -1.998773   -1.922659   -0.698395   -1.211700   13.580  -11.503   48.100 S_000006
  11 N    45.634 -134.029 -164.399  137.803 -122.118  173.451  -21.822  -30.700  156.331   23.556    0.359790   -0.417386   -1.424002   -0.813134   -1.319686   -1.793473   -1.949241   -0.771476   -1.162127   13.180  -12.379   54.117 S_000006
  12 H   142.712  155.965   43.984   81.567    0.000    0.000   80.554   34.047   98.851  -27.598    0.336194   -1.379596   -0.557591   -0.807075   -1.605434   -1.555289   -1.886683   -0.760364   -1.179169   13.255  -14.255   60.998 S_000006
SCORE:     7.397                  7.397          0          1          0    S_000007
   1 H     0.000  170.252   55.279   77.459    0.000    0.000   82.806   38.403   94.472  -20.820    0.310064   -1.396062   -0.520953   -0.781177   -1.565484   -1.579192   -1.855705   -0.709133   -1.220933    3.794    0.984    0.238 S_000007
   2 N    69.488 -132.179  174.604   85.323 -152.720  -69.844  118.916   36.749   87.654  -17.686    0.342226   -1.307795   -0.694683   -0.766004   -1.375005   -1.748773   -1.894920   -0.704556   -1.216765    3.809    2.145    1.450 S_000007
   3 P   -73.688  154.833   59.185  146.485 -111.162  175.140  119.829  -32.346  150.459   20.864    0.348829   -0.220202   -1.465450   -0.808985   -1.098138   -1.929436   -1.939839   -0.717382   -1.183677    4.413    1.465    7.259 S_000007
   4 P  -175.966 -155.513  154.569   84.296 -122.826  -61.405   56.146   35.233   89.638   82.760    0.358450   -1.296016   -0.713154   -0.768945   -1.385041   -1.755661   -1.891074   -0.694227   -1.217441    4.978   -1.632   13.653 S_000007
   5 N    91.023  112.954   34.398   84.828  -86.562  -91.804   70.747   30.500  101.843  -19.173    0.356481   -1.318686   -0.680690   -0.817241   -1.525831   -1.640825   -1.891293   -0.721531   -1.204646    8.515    0.588   18.130 S_000007
   6 P   -53.263  -84.013  179.931  121.234 -143.667 -130.098   47.916  -25.284  165.035  136.041    0.390724   -0.706993   -1.308555   -0.850770   -1.556537   -1.535396   -1.919063   -0.699958   -1.200243    9.119   -2.926   23.446 S_000007
   7 P   -58.996  168.865   59.940   86.091 -136.505  -68.567   92.093   34.098  100.055  -17.300    0.294784   -1.387707   -0.541466   -0.849362   -1.609688   -1.523244   -1.900699   -0.732022   -1.183510   10.882   -6.255   28.814 S_000007
   8 P  -112.908   84.497  170.464   87.540 -125.413  -77.907   63.669   39.166   84.620  -18.286    0.329033   -1.302810   -0.708279   -0.747225   -1.310337   -1.791840   -1.895668   -0.719297   -1.206481   11.753   -7.518   34.515 S_000007
   9 N  -178.810  153.055  135.770  106.704 -138.327 -112.358  127.377   22.478   87.323  -11.418    0.409131   -0.973460   -1.098711   -0.809248   -1.028300   -2.013690   -1.923910   -0.665663   -1.225656   12.382  -10.550   40.818 S_000007
  10 P   178.953  121.420   60.039  137.761  -89.783  162.171   95.568  -36.201  164.047  -85.504    0.329547   -0.376318   -1.443259   -0.795164   -1.365299   -1.724089   -1.935867   -0.737984   -1.183291   13.800  -11.081   47.890 S_000007
  11 P  -163.415 -164.775  171.520   87.292 -173.272  -90.210   95.538   33.873  101.998   69.427    0.333059   -1.348368   -0.630589   -0.813263   -1.521104   -1.634527   -1.885456   -0.693273   -1.220867   17.213  -13.108   53.383 S_000007
  12 H    41.033 -155.509  -74.830  101.646    0.000    0.000   66.565   35.103   78.115  -17.308    0.336344   -1.090814   -1.008710   -0.796006   -0.914193   -2.020475   -1.931800   -0.640576   -1.234804   18.040  -13.470   58.771 S_000007
SCORE:     7.583                  7.583          0          0          1    S_000008
   1 H     0.000  170.252   55.279   81.484 -152.603  -59.068   64.303   36.052   95.467   79.222    0.315361   -1.392455   -0.528906   -0.802026   -1.612898   -1.555917   -1.878431   -0.772990   -1.178962    3.794    0.984    0.238 S_000008
   2 N    94.858  179.317   96.052   86.236 -120.472  -65.762   60.580   33.111   95.353  -28.485    0.357875   -1.327430   -0.647318   -0.788657   -1.500092   -1.640965   -1.882950   -0.736753   -1.189937    6.871   -3.524   -2.179 S_000008
   3 P   179.384  109.463 -179.306   83.839 -158.740  -52.055  120.779   32.850   99.335   19.855    0.340501   -1.350176   -0.625714   -0.813365   -1.547777   -1.612043   -1.885995   -0.722023   -1.202003    7.240   -3.886    4.727 S_000008
   4 P   119.624  126.046  -48.596  170.708 -106.374  144.076  122.441  -37.455  141.853 -160.232    0.295128    0.379543   -1.446114   -0.810313   -0.365356   -2.191512   -1.868354   -0.575278   -1.280694    6.441   -1.811   11.002 S_000008
   5 P   -71.093  137.843   52.232   85.064 -139.753 -152.810   87.407   40.287   89.995 -158.367    0.287583   -1.398634   -0.501776   -0.778461   -1.544700   -1.582723   -1.866127   -0.722760   -1.202541    7.793   -2.639   15.785 S_000008
   6 P   132.201 -170.136  172.043   82.935 -174.144  -99.458  113.946   35.506  102.658  -57.807    0.296716   -1.397482   -0.505598   -0.833698   -1.628991   -1.513709   -1.843882   -0.692077   -1.232421    9.587   -5.102   22.248 S_000008
   7 P  -147.435  127.997  166.630   86.010 -149.849  -52.650   54.071   32.987   94.972  179.900    0.337657   -1.321837   -0.696632   -0.821902   -1.464736   -1.697730   -1.911618   -0.702420   -1.208143   10.607   -8.472   27.912 S_000008
   8 P   139.421   99.903  167.645   88.729 -152.217  -69.641   88.735   35.678   89.523  177.526    0.326064   -1.301859   -0.702283   -0.796219   -1.383460   -1.739469   -1.902064   -0.690550   -1.208633   11.100  -11.189   34.176 S_000008
   9 P   -39.399  168.770   55.356  142.140 -142.741  175.589  120.987  -35.450  159.437  -98.096    0.330665   -0.302125   -1.453233   -0.794861   -1.264725   -1.819140   -1.936530   -0.724980   -1.198310   12.566  -12.364   39.653 S_000008
  10 P  -141.884 -153.218   68.457  142.369  -78.259 -147.876  139.504  -33.072  154.475   16.775    0.336963   -0.296650   -1.449887   -0.804312   -1.209831   -1.869476   -1.932761   -0.730949   -1.184057   12.870  -14.590   46.492 S_000008
  11 N   -56.447  161.867   71.832  154.148 -109.816  -92.178  128.922  -38.278  154.303 -154.039    0.326604   -0.049147   -1.486557   -0.759318   -0.992584   -1.984304   -1.907809   -0.697240   -1.218033   15.763  -15.040   52.456 S_000008
  12 H   162.401 -176.073 -173.606   81.892    0.000    0.000   68.653   37.688   93.902  179.870    0.326408   -1.377853   -0.567472   -0.772755   -1.525032   -1.621268   -1.863571   -0.711092   -1.216113   14.217  -13.898   59.107 S_000008
SCORE:     7.318                  7.318          0          0          3    S_000009
   1 H     0.000  170.252   55.279   83.218 -149.889  -71.724   80.928   36.330   96.442  179.900    0.316148   -1.374625   -0.574102   -0.801346   -1.540374   -1.605556   -1.878139   -0.712707   -1.210120    3.794    0.984    0.238 S_000009
   2 P   -80.206  159.319  -68.296   86.971 -163.529  -84.622   92.701   31.629   96.280  -18.171    0.341588   -1.315851   -0.676601   -0.820093   -1.503091   -1.652227   -1.910891   -0.743802   -1.183926    8.536   -1.564   -2.608 S_000009
   3 P   176.702  160.643  167.668   85.335 -126.737  -66.967   55.542   33.327  101.410  -11.198    0.361856   -1.350232   -0.600435   -0.780133   -1.563066   -1.595816   -1.858907   -0.707637   -1.223511    9.211   -4.063    3.832 S_000009
   4 P   -36.918 -153.877   53.859  147.355 -138.787 -139.139  153.593  -34.813  154.010  100.837    0.332148   -0.170995   -1.476134   -0.798376   -1.082609   -1.936969   -1.934460   -0.703444   -1.197882   10.589   -4.465    9.967 S_000009
   5 P   -68.372  150.132   78.558   78.354 -128.553  -67.267   56.242   35.052  105.644  -22.332    0.306536   -1.436113   -0.398315   -0.826869   -1.742880   -1.373238   -1.835609   -0.768196   -1.182411   11.230   -4.969   16.276 S_000009
   6 P  -143.310   71.916  171.935  103.615 -167.532  -70.288   89.959   20.785   98.541  -79.188    0.395520   -1.072129   -0.997535   -0.849530   -1.236883   -1.870694   -1.949452   -0.731506   -1.161827   10.335   -7.265   22.304 S_000009
   7 N   -72.969  174.699   57.242   80.880 -141.040  -68.853   79.810   40.290   88.680 -155.282    0.321213   -1.377360   -0.537663   -0.739306   -1.498808   -1.626580   -1.833733   -0.724048   -1.224191   12.909   -8.636   27.593 S_000009
   8 P  -136.102  103.272  168.974   85.473 -128.309  -79.232   63.030   36.383   91.833 -170.126    0.322483   -1.346531   -0.624388   -0.787074   -1.484827   -1.666329   -1.892459   -0.741690   -1.189660   12.723   -9.831   33.914 S_000009
   9 N   -70.443 -167.722   51.755   93.173  123.329  -97.835  101.915   28.273  100.650 -112.099    0.350732   -1.173409   -0.879789   -0.854740   -1.245858   -1.819409   -1.953517   -0.676129   -1.177028   13.777  -11.582   40.278 S_000009
  10 N  -149.034  -81.925  172.404  146.046 -150.679 -107.126  111.344  -35.048  155.162  147.404    0.332662   -0.192882   -1.475955   -0.792373   -1.116447   -1.928530   -1.935508   -0.712398   -1.199196   14.423  -13.224   46.265 S_000009
  11 N   159.691 -170.590 -174.109   88.343 -146.100  -64.645   64.868   37.125   98.321   81.301    0.318687   -1.369463   -0.573472   -0.783925   -1.523176   -1.616361   -1.852265   -0.662433   -1.260222   14.320  -14.691   53.130 S_000009
  12 H   -60.542  166.386   62.230   82.079    0.000    0.000   75.823   39.210   93.648 -131.636    0.299526   -1.395777   -0.528726   -0.781275   -1.545111   -1.598840   -1.861544   -0.707324   -1.220246   13.641  -17.300   58.413 S_000009
SCORE:     7.206                  7.206          0          0          3    S_000010
   1 H     0.000  170.252   55.279   78.407 -157.726  -64.235   77.471   36.082   94.215 -174.882    0.315771   -1.407945   -0.515551   -0.806745   -1.635342   -1.541851   -1.886264   -0.787791   -1.171562    3.794    0.984    0.238 S_000010
   2 P    65.493  -91.324  150.846   77.231 -171.329  -83.012   81.493   40.160   92.026  179.945    0.392547   -1.360019   -0.571583   -0.639662   -1.480701   -1.660921   -1.761089   -0.709918   -1.286012    6.723   -1.498   -0.548 S_000010
   3 N  -148.162  164.915  118.385  145.355 -109.323 -178.043  158.161  -25.949  134.973  153.436    0.357113   -0.162484   -1.477571   -0.854725   -0.883260   -2.080780   -1.943630   -0.688761   -1.201220    7.878   -3.614    5.727 S_000010
   4 P   -64.731  170.726   46.825   81.754 -142.266  -80.793  112.512   35.734   94.423  109.900    0.323844   -1.368371   -0.572908   -0.801325   -1.545837   -1.597703   -1.887537   -0.726418   -1.196074   11.648   -3.706   10.834 S_000010
   5 P   -78.868  167.798   83.401   76.627 -155.813  -94.543  100.575   38.523   98.136  -30.394    0.299144   -1.414359   -0.476200   -0.789731   -1.615623   -1.527673   -1.849175   -0.734743   -1.210590   13.200   -5.742   16.690 S_000010
   6 P   -45.155  171.297   50.009  127.136 -162.964 -104.257  127.752  -25.217  158.077 -150.094    0.438166   -0.263066   -1.437777   -0.776346   -1.009467   -1.975085   -1.925620   -0.691715   -1.221366   14.235   -7.164   22.584 S_000010
   7 N   -86.103 -176.114   56.693   85.681  -95.731 -143.011  135.813   36.747   93.336  160.299    0.315712   -1.346999   -0.633977   -0.795284   -1.460413   -1.677896   -1.883137   -0.679544   -1.231988   13.440   -7.669   29.216 S_000010
   8 P   -55.990 -149.870  178.464   92.721 -150.508  -92.989  108.751   30.458  108.250  -11.244    0.349569   -1.311333   -0.685588   -0.835411   -1.489369   -1.635126   -1.899097   -0.672145   -1.203868   14.024  -12.490   34.059 S_000010
   9 P  -170.283  161.190 -176.306  140.990 -163.860 -102.059  133.153  -32.306  149.951  165.152    0.350717   -0.168927   -1.477787   -0.803819   -1.029144   -1.981828   -1.933928   -0.657356   -1.225843   14.487  -12.636   41.124 S_000010
  10 N   -56.055 -177.227   42.151   70.578 -171.913  -72.561   85.423   37.337  104.082 -147.833    0.270487   -1.491379   -0.207668   -0.848515   -1.882024   -1.181292   -1.828095   -0.852479   -1.127949   15.580  -15.402   46.763 S_000010
  11 P  -172.564  127.960  145.240   79.909 -123.423  -74.300   59.084   38.736   99.149    4.314    0.366888   -1.353799   -0.648101   -0.720295   -1.428243   -1.736393   -1.867590   -0.724777   -1.210854   15.083  -16.076   53.486 S_000010
  12 H  -177.823 -160.364   52.286   90.420    0.000    0.000   66.936   34.789   92.261  179.886    0.327218   -1.306402   -0.716942   -0.792438   -1.412724   -1.741585   -1.905180   -0.736012   -1.188321   18.623  -14.379   58.972 S_000010
