SEQUENCE: gaaaaaaaag
SCORE:     score    rna_stub_coord_hack       N_WC      N_NWC       N_BS description
REMARK RNA 
SCORE:    19.899                 19.899          0          0          0    S_000001
   1 H     0.000  170.252   55.279   85.067 -152.539  -63.828   69.910   34.710   96.286  179.910    0.334539   -1.348143   -0.631066   -0.798007   -1.511362   -1.649809   -1.889997   -0.715411   -1.209274    3.794    0.984    0.238 S_000001
   2 P   139.901 -101.394 -178.561  141.920 -123.942 -144.089   80.191  -30.931  156.102   31.126    0.358691   -0.354753   -1.434289   -0.818117   -1.244867   -1.828128   -1.948415   -0.714488   -1.176518    5.602   -3.550   -2.271 S_000001
   3 P   152.767 -170.923  168.753   90.141 -153.461  -69.676   62.592   38.672   81.946  179.887    0.314527   -1.304140   -0.725198   -0.773885   -1.310461   -1.804102   -1.910749   -0.721999   -1.199298    6.243  -10.579   -0.486 S_000001
   4 P  -154.050  145.148  124.520   89.904 -156.931 -129.437   98.571   22.752  116.377   53.243    0.366115   -1.304268   -0.738772   -0.890164   -1.596323   -1.568220   -1.925176   -0.727709   -1.180955    6.548  -17.315   -0.281 S_000001
   5 P   148.018 -159.875 -170.615   87.549 -119.792 -112.836  138.540   18.188  129.368 -128.410    0.355368   -1.375549   -0.603355   -0.943437   -1.797650   -1.296900   -1.849026   -0.736252   -1.191218    4.946  -24.099   -0.486 S_000001
   6 N  -178.810  153.055  135.770  106.704 -138.327 -112.358  127.377   22.478   87.323  -11.418    0.409131   -0.973460   -1.098711   -0.809248   -1.028300   -2.013690   -1.923910   -0.665663   -1.225656    4.439  -30.944   -2.938 S_000001
   7 N   138.422  119.523   56.676   84.853   53.786  138.605   49.003    8.551  136.662   65.599    0.436521   -1.202607   -0.821644   -0.877003   -1.690398   -1.422836   -1.825804   -0.688787   -1.208249    1.472  -36.254   -6.963 S_000001
   8 P   -71.056  169.695   62.012   88.615 -143.860  -59.629  110.756   35.881   95.637  -10.933    0.314120   -1.335961   -0.669344   -0.809878   -1.438965   -1.703346   -1.888576   -0.662137   -1.232744    1.342  -42.809   -6.302 S_000001
   9 P   -55.002 -122.462   77.729   98.964   67.451  134.511  140.163  -20.484  145.397   64.960    0.441436   -0.559352   -1.351141   -0.802300   -1.318087   -1.817548   -1.926555   -0.722009   -1.195924   -2.955  -47.619   -6.223 S_000001
  10 H   154.419 -148.854  167.583   80.859    0.000    0.000   66.827   40.454   87.771  -13.395    0.320042   -1.353754   -0.594768   -0.745375   -1.430913   -1.699990   -1.879003   -0.700686   -1.222122   -1.976  -54.159   -8.453 S_000001
SCORE:    18.402                 18.402          0          1          1    S_000002
   1 H     0.000  170.252   55.279   83.273 -146.399  -65.596   67.062   35.658   94.575  173.527    0.332664   -1.349118   -0.619857   -0.788234   -1.497992   -1.649417   -1.864401   -0.694697   -1.222719    3.794    0.984    0.238 S_000002
   2 N   149.680 -120.953  161.027   88.335 -165.507  -58.437   52.668   35.819   92.283  -17.447    0.314198   -1.344911   -0.645277   -0.811251   -1.465267   -1.676079   -1.910228   -0.712480   -1.201335    5.801   -3.723   -2.699 S_000002
   3 P  -172.604  161.126  159.864  155.138 -101.607 -139.360  -48.863  -40.948  155.621   78.591    0.319081    0.026124   -1.484098   -0.731166   -0.944630   -1.986654   -1.887978   -0.700564   -1.211859    4.035  -10.132   -2.795 S_000002
   4 P   142.990 -157.333 -168.021   81.949 -149.012  -66.119   71.198   43.777   90.331  -21.089    0.268349   -1.386227   -0.533826   -0.747811   -1.438299   -1.663607   -1.829121   -0.660086   -1.293371    1.826  -16.824   -1.945 S_000002
   5 P   -70.392 -168.786   67.400  152.714  -79.917 -130.447  140.795  -39.652  156.097   50.861    0.325405   -0.132539   -1.474602   -0.745567   -1.130274   -1.890448   -1.904953   -0.748656   -1.182195    0.108  -22.986   -2.033 S_000002
   6 P   -56.602  169.819   59.880  148.016 -135.011  178.478  120.148  -32.889  143.708  -19.080    0.344597   -0.101549   -1.481717   -0.800183   -0.950280   -2.028627   -1.919452   -0.736545   -1.187799   -0.318  -29.674   -2.879 S_000002
   7 N   -70.415  159.679   68.122   87.829 -154.687  -76.572   82.920   29.865  103.268  174.161    0.346951   -1.296729   -0.714242   -0.837757   -1.482312   -1.665599   -1.896885   -0.674236   -1.215944   -1.412  -35.583   -4.374 S_000002
   8 N  -148.162  164.915  118.385  145.355 -109.323 -178.043  158.161  -25.949  134.973  153.436    0.357113   -0.162484   -1.477571   -0.854725   -0.883260   -2.080780   -1.943630   -0.688761   -1.201220   -2.867  -42.241   -4.604 S_000002
   9 P   153.593 -174.720  175.405   87.006 -138.710  -67.800   71.797   39.975   84.634  -27.176    0.310808   -1.344282   -0.636662   -0.756981   -1.396052   -1.728260   -1.883757   -0.705854   -1.219704   -2.788  -49.292   -5.804 S_000002
  10 H   157.661 -177.691  147.081   83.059    0.000    0.000   67.583   35.675   94.311  -20.458    0.341759   -1.332475   -0.637298   -0.780194   -1.462312   -1.670219   -1.851416   -0.653601   -1.269477   -3.799  -55.681   -4.237 S_000002
SCORE:    19.945                 19.945          0          0          0    S_000003
   1 H     0.000  170.252   55.279   82.432 -146.767  -80.742   59.197   38.338   91.411  179.923    0.319533   -1.367347   -0.582122   -0.770811   -1.493667   -1.648612   -1.870606   -0.708108   -1.216311    3.794    0.984    0.238 S_000003
   2 P    79.057  128.321 -169.506  101.025 -146.041  -90.200  144.908   20.979  109.190    1.259    0.367048   -1.182553   -0.882388   -0.857444   -1.454775   -1.738317   -1.918327   -0.689438   -1.214043    6.836   -3.392   -3.285 S_000003
   3 P   -83.459 -169.228   58.253   83.358   52.826  125.135  129.335   18.604  127.801   57.716    0.383809   -1.280962   -0.739637   -0.899868   -1.635654   -1.494238   -1.869344   -0.658307   -1.238128    6.098  -10.146   -3.088 S_000003
   4 P   178.374  129.701   52.361  143.985  -83.498  130.526   96.769  -33.752  155.368  -54.092    0.332207   -0.284888   -1.461262   -0.815500   -1.213238   -1.870668   -1.953210   -0.756321   -1.169935    4.551  -16.399   -2.577 S_000003
   5 P   145.834  169.864  160.515  116.771 -150.825  -95.969  116.851    6.639  112.778  -49.780    0.428419   -0.827735   -1.201961   -0.850477   -1.142936   -1.957796   -1.955336   -0.681649   -1.210816    3.338  -22.476   -2.490 S_000003
   6 P   -56.799  175.915   49.958   77.229 -145.986  -84.200   89.339   36.847  100.187 -173.875    0.311330   -1.412299   -0.470569   -0.799530   -1.642968   -1.493967   -1.855614   -0.753635   -1.192400    3.224  -28.556   -4.435 S_000003
   7 N   -53.025 -171.133   66.197  118.744 -156.076 -125.935  159.063  -14.860  157.092  113.222    0.397896   -0.937453   -1.149838   -0.931285   -1.661409   -1.425729   -1.958412   -0.783663   -1.114398    2.175  -34.882   -3.850 S_000003
   8 N   -52.702  172.923   49.702   84.169 -165.377 -100.510   95.305   35.324   96.911 -144.598    0.323649   -1.362952   -0.603981   -0.808138   -1.526598   -1.626536   -1.889159   -0.716986   -1.203713    1.046  -41.237   -3.786 S_000003
   9 N  -148.162  164.915  118.385  145.355 -109.323 -178.043  158.161  -25.949  134.973  153.436    0.357113   -0.162484   -1.477571   -0.854725   -0.883260   -2.080780   -1.943630   -0.688761   -1.201220   -1.986  -47.448   -4.353 S_000003
  10 H   -65.808  166.822   58.884   78.312    0.000    0.000   68.502   40.831   92.559  179.912    0.288569   -1.422695   -0.470137   -0.772972   -1.585093   -1.557739   -1.856508   -0.739281   -1.201857   -1.764  -53.597   -5.773 S_000003
SCORE:    18.768                 18.768          0          0          2    S_000004
   1 H     0.000  170.252   55.279   94.223 -141.833  -66.626   70.487   38.318   80.617  -25.934    0.353718   -1.208221   -0.862210   -0.728892   -1.100579   -1.927348   -1.891367   -0.685960   -1.226063    3.794    0.984    0.238 S_000004
   2 N   177.310 -176.552   47.547   97.129   28.369 -178.386  121.728    9.825  124.257  179.910    0.436243   -1.107642   -0.952867   -0.863889   -1.521698   -1.643615   -1.916312   -0.697148   -1.198319    6.894   -3.434   -3.811 S_000004
   3 P  -172.604  161.126  159.864  155.138 -101.607 -139.360  -48.863  -40.948  155.621   78.591    0.319081    0.026124   -1.484098   -0.731166   -0.944630   -1.986654   -1.887978   -0.700564   -1.211859    3.652   -9.385   -4.258 S_000004
   4 N  -122.329  136.115  121.785  113.623 -151.287  -53.450  124.898   33.717   72.191  -22.279    0.339534   -0.923367   -1.171127   -0.812548   -0.604958   -2.106668   -1.917397   -0.669884   -1.231306    1.666  -15.803   -4.117 S_000004
   5 P  -160.249  166.068  171.487   91.115 -136.630 -101.713   76.539   34.876   95.142  175.357    0.323572   -1.335492   -0.650661   -0.813480   -1.473315   -1.673547   -1.901744   -0.711585   -1.198626   -0.793  -21.633   -6.113 S_000004
   6 N   156.206 -167.738 -170.879   84.580 -144.625  -58.211   59.260   35.291  101.679  -13.494    0.327934   -1.371793   -0.583068   -0.794657   -1.553461   -1.596619   -1.845835   -0.684503   -1.254648   -3.263  -27.932   -7.825 S_000004
   7 N  -148.022  144.508 -177.617   93.488 -141.099  -71.036   13.511   23.881  123.218   -7.754    0.352280   -1.397577   -0.511532   -0.899902   -1.787483   -1.297851   -1.871512   -0.779200   -1.153331   -4.149  -34.242   -9.586 S_000004
   8 P   -66.371  171.824   53.159   81.077 -151.909 -102.406   86.215   41.126   96.105 -173.389    0.275647   -1.408164   -0.479324   -0.784061   -1.547730   -1.569097   -1.827258   -0.651702   -1.250026   -6.180  -39.594  -11.995 S_000004
   9 P  -172.604  161.126  159.864  155.138 -101.607 -139.360  -48.863  -40.948  155.621   78.591    0.319081    0.026124   -1.484098   -0.731166   -0.944630   -1.986654   -1.887978   -0.700564   -1.211859   -7.510  -46.598  -11.471 S_000004
  10 H   -51.319 -172.636   40.794   79.689    0.000    0.000   79.421   41.491   88.626 -164.068    0.285450   -1.394817   -0.524831   -0.769603   -1.502879   -1.631990   -1.863205   -0.702155   -1.222761   -8.844  -53.100  -13.105 S_000004
SCORE:    19.056                 19.056          0          1          1    S_000005
   1 H     0.000  170.252   55.279  146.036 -109.321  -39.846  130.470  -38.281  161.872  -93.384    0.313157   -0.222373   -1.476087   -0.781889   -1.217398   -1.845066   -1.936522   -0.739788   -1.192451    3.794    0.984    0.238 S_000005
   2 P  -167.390 -149.332 -175.885   83.913  150.756  -95.707   89.836   13.877  138.649  -67.152    0.381778   -1.320424   -0.720395   -0.934930   -1.755559   -1.364770   -1.895981   -0.755930   -1.161822    4.424   -0.204   -5.659 S_000005
   3 P   160.373   83.471  174.358  110.126 -145.014  -77.450   88.830   10.256  109.650 -140.438    0.415602   -0.968774   -1.094113   -0.852791   -1.300122   -1.860583   -1.949436   -0.711604   -1.193646    2.828   -4.479  -10.642 S_000005
   4 N  -148.162  164.915  118.385  145.355 -109.323 -178.043  158.161  -25.949  134.973  153.436    0.357113   -0.162484   -1.477571   -0.854725   -0.883260   -2.080780   -1.943630   -0.688761   -1.201220    0.025   -7.490  -16.166 S_000005
   5 P   -76.781  167.985   48.970   81.450 -146.460 -102.321   93.307   24.297  114.920   20.283    0.360180   -1.351481   -0.620232   -0.872462   -1.696999   -1.451132   -1.910809   -0.786250   -1.155356   -0.858  -12.319  -20.221 S_000005
   6 N   -62.175  168.737   52.287   81.888 -139.070 -104.980   85.448   40.731   92.395  -18.481    0.277337   -1.414412   -0.504178   -0.783087   -1.565363   -1.595722   -1.867771   -0.740532   -1.194002   -2.659  -15.467  -25.527 S_000005
   7 P   -60.692  137.305   60.423   82.142  174.548 -127.899   66.398   30.869  119.096   64.253    0.303071   -1.400949   -0.528367   -0.886923   -1.662484   -1.444081   -1.855101   -0.683786   -1.208925   -5.844  -17.448  -30.162 S_000005
   8 P  -166.924 -154.036  159.889   90.332 -178.658 -136.635   73.477   26.413  115.255    3.673    0.345049   -1.323606   -0.689620   -0.882069   -1.572952   -1.568229   -1.923026   -0.712384   -1.176451  -10.298  -20.725  -34.463 S_000005
   9 P  -173.910 -150.992  149.500  127.998 -128.911 -142.558   91.482   -6.193  136.127   15.787    0.408280   -0.788743   -1.262842   -0.923571   -1.317920   -1.806812   -1.984235   -0.740556   -1.116661  -13.209  -24.013  -40.023 S_000005
  10 H   161.242 -160.559  172.894   82.913    0.000    0.000   52.676   33.431   96.100 -158.641    0.331884   -1.353050   -0.614069   -0.820235   -1.546942   -1.610180   -1.880451   -0.725070   -1.197001  -16.153  -28.341  -45.057 S_000005
SCORE:    19.489                 19.489          0          1          0    S_000006
   1 H     0.000  170.252   55.279   83.530 -125.227  -74.416   65.400   32.675  101.239  179.926    0.353495   -1.337301   -0.623438   -0.790532   -1.537543   -1.602189   -1.868815   -0.726046   -1.194958    3.794    0.984    0.238 S_000006
   2 P    83.922  155.779  172.347  150.835 -109.404 -100.633  -46.095  -39.295  159.270 -110.432    0.315190   -0.142798   -1.487833   -0.765905   -1.137976   -1.900967   -1.919913   -0.741333   -1.190146    5.483   -3.701   -3.639 S_000006
   3 P   -61.864  168.385   58.325   83.854 -154.815  -94.162   82.525   37.197   95.852 -175.926    0.303655   -1.395818   -0.519820   -0.803462   -1.582061   -1.554381   -1.864894   -0.726094   -1.203389    5.060  -10.207   -2.501 S_000006
   4 N  -161.912  144.831  163.138   87.020 -163.361  -72.898   66.879   36.893   92.007  -14.838    0.313333   -1.374187   -0.573869   -0.796398   -1.534179   -1.616031   -1.894495   -0.762736   -1.174099    1.507  -16.231   -2.030 S_000006
   5 P  -126.545  103.340  172.353   84.494 -124.870  -74.097   46.298   37.057   94.038  -17.464    0.328095   -1.349179   -0.624880   -0.778365   -1.465128   -1.675774   -1.878650   -0.694264   -1.217005    0.208  -22.119   -2.843 S_000006
   6 N   167.952 -167.959  154.203  145.211 -155.376 -167.633   19.536  -32.174  148.043  -55.599    0.332777   -0.133501   -1.484945   -0.828850   -0.980089   -2.013944   -1.953344   -0.695714   -1.205944   -1.137  -28.589   -3.930 S_000006
   7 P   168.992 -156.630  174.212   86.705 -137.197 -119.664  108.197   33.640   99.366  -15.229    0.329923   -1.352776   -0.624135   -0.819988   -1.531632   -1.621327   -1.886817   -0.697388   -1.214338   -1.475  -35.632   -2.306 S_000006
   8 P  -178.223  151.540   45.446  156.746  -72.619  117.571  110.638  -39.397  156.765   43.976    0.302766    0.008952   -1.496780   -0.776777   -0.939384   -2.008089   -1.922043   -0.664073   -1.228970   -2.873  -42.732   -3.270 S_000006
   9 N   163.815 -164.479  163.460   86.090 -126.178  -77.063   69.324   37.584   88.006  -19.591    0.327025   -1.324864   -0.670087   -0.774636   -1.394663   -1.733976   -1.894762   -0.701587   -1.211359   -3.169  -48.628   -3.545 S_000006
  10 H   -61.317  151.264   58.728   76.860    0.000    0.000   70.899   38.109   92.610 -166.994    0.295698   -1.423942   -0.468484   -0.799435   -1.636131   -1.509693   -1.871399   -0.780355   -1.165567   -3.986  -54.568   -3.453 S_000006
SCORE:    19.189                 19.189          0          1          0    S_000007
   1 H     0.000  170.252   55.279   72.095 -156.534  -53.268   68.806   43.415   93.192  -29.749    0.216228   -1.490235   -0.233204   -0.821822   -1.756637   -1.317478   -1.806954   -0.745935   -1.197435    3.794    0.984    0.238 S_000007
   2 P   105.521  156.804  148.628  159.247 -128.125 -110.056   82.304  -40.995  149.473 -171.489    0.270028    0.135892   -1.494581   -0.790297   -0.798343   -2.074916   -1.911233   -0.674598   -1.221385    6.963   -3.618   -2.665 S_000007
   3 P  -106.427 -150.371   67.800  101.915 -164.105 -132.115  143.722    4.794  140.423 -177.700    0.395829   -1.112845   -0.988243   -0.950577   -1.566238   -1.557481   -1.924126   -0.650360   -1.211135    9.608   -9.963   -0.333 S_000007
   4 P   171.747  153.395  159.041  148.712 -150.900 -143.856  163.298  -31.676  141.216  -34.261    0.335662   -0.099384   -1.482186   -0.823846   -0.920479   -2.044532   -1.934389   -0.708140   -1.198506    8.204  -17.088   -0.473 S_000007
   5 P   -63.250  175.683   65.794  149.949 -131.110 -149.590  116.670  -46.360  165.701  151.659    0.291047   -0.023190   -1.497427   -0.685692   -1.116595   -1.889345   -1.874813   -0.741826   -1.205416    9.766  -23.487   -1.157 S_000007
   6 P   152.767 -170.923  168.753   90.141 -153.461  -69.676   62.592   38.672   81.946  179.887    0.314527   -1.304140   -0.725198   -0.773885   -1.310461   -1.804102   -1.910749   -0.721999   -1.199298   10.347  -30.732   -1.556 S_000007
   7 P   -87.787  177.868   72.488  125.142 -164.828 -151.898  111.548  -19.213  150.164  -29.735    0.411216   -0.574601   -1.357123   -0.857597   -1.302692   -1.814919   -1.954673   -0.693383   -1.189634    9.891  -37.070   -0.842 S_000007
   8 P   -56.799  175.915   49.958   77.229 -145.986  -84.200   89.339   36.847  100.187 -173.875    0.311330   -1.412299   -0.470569   -0.799530   -1.642968   -1.493967   -1.855614   -0.753635   -1.192400    9.888  -43.294    1.039 S_000007
   9 P  -133.749 -135.407  144.310  130.845 -116.303 -178.649  121.579  -35.275  165.934  163.039    0.368044   -0.566274   -1.363413   -0.770648   -1.563835   -1.500435   -1.902733   -0.799223   -1.154475    5.882  -49.158    0.610 S_000007
  10 H   -66.544  168.812   53.798   80.602    0.000    0.000   80.544   39.982   93.239  -20.245    0.305938   -1.400626   -0.511034   -0.761901   -1.548707   -1.590129   -1.847830   -0.704611   -1.234177    4.194  -54.856    2.785 S_000007
SCORE:    20.246                 20.246          0          0          2    S_000008
   1 H     0.000  170.252   55.279   90.226 -142.424  -68.572   50.647   31.016   96.509  179.907    0.354658   -1.285699   -0.743597   -0.819610   -1.434278   -1.722649   -1.925882   -0.719074   -1.193228    3.794    0.984    0.238 S_000008
   2 N    76.258 -179.701  177.603  148.350 -103.608  -85.361   42.004  -32.910  144.229  178.893    0.346401   -0.089160   -1.482494   -0.800593   -0.935956   -2.038211   -1.916936   -0.748185   -1.180112    6.668   -3.495   -2.420 S_000008
   3 P   -44.067  -93.854  -72.998   87.904 -154.285  -52.623   77.301   37.883   88.868 -140.081    0.305565   -1.330008   -0.674111   -0.793830   -1.383983   -1.733151   -1.899652   -0.682674   -1.218751    6.983   -9.759   -1.132 S_000008
   4 P   171.747  153.395  159.041  148.712 -150.900 -143.856  163.298  -31.676  141.216  -34.261    0.335662   -0.099384   -1.482186   -0.823846   -0.920479   -2.044532   -1.934389   -0.708140   -1.198506    3.570  -15.539   -1.055 S_000008
   5 P  -145.987  156.330 -171.280   97.698 -150.657  -84.135   71.724   29.301   97.426  177.190    0.377424   -1.188179   -0.884020   -0.797503   -1.265138   -1.847696   -1.920332   -0.677393   -1.214796    2.329  -22.497   -0.591 S_000008
   6 N   164.467  163.990  179.885   84.697 -120.782  -70.569   36.074   33.699   98.267  -26.234    0.344251   -1.341532   -0.641023   -0.799238   -1.514677   -1.645367   -1.887856   -0.716253   -1.209084    1.608  -28.593   -3.948 S_000008
   7 P   -61.653  158.780  111.392  131.953 -117.165 -124.089  113.393  -34.124  172.369  170.567    0.367177   -0.534770   -1.378991   -0.795747   -1.498249   -1.528004   -1.900206   -0.681102   -1.220799   -1.106  -33.654   -5.812 S_000008
   8 P  -172.604  161.126  159.864  155.138 -101.607 -139.360  -48.863  -40.948  155.621   78.591    0.319081    0.026124   -1.484098   -0.731166   -0.944630   -1.986654   -1.887978   -0.700564   -1.211859   -2.320  -40.626   -7.643 S_000008
   9 P   -83.658  130.175  100.647   84.995 -158.634  -80.335   65.804   35.361   98.976  179.953    0.320117   -1.365309   -0.591347   -0.804373   -1.535642   -1.606324   -1.875016   -0.706360   -1.215362   -3.974  -46.713   -7.563 S_000008
  10 H   140.610 -156.713 -179.533   90.439    0.000    0.000   69.536   38.457   84.134  179.905    0.327903   -1.287267   -0.737966   -0.755005   -1.292453   -1.815735   -1.893443   -0.690895   -1.223228   -6.107  -52.273   -9.774 S_000008
SCORE:    19.655                 19.655          0          0          0    S_000009
   1 H     0.000  170.252   55.279   85.403 -128.318  -62.127   61.641   38.330   88.491  -29.218    0.318020   -1.340771   -0.647581   -0.773571   -1.415717   -1.718849   -1.889938   -0.696139   -1.219165    3.794    0.984    0.238 S_000009
   2 P   145.834  169.864  160.515  116.771 -150.825  -95.969  116.851    6.639  112.778  -49.780    0.428419   -0.827735   -1.201961   -0.850477   -1.142936   -1.957796   -1.955336   -0.681649   -1.210816    5.469   -3.720   -4.060 S_000009
   3 N  -148.162  164.915  118.385  145.355 -109.323 -178.043  158.161  -25.949  134.973  153.436    0.357113   -0.162484   -1.477571   -0.854725   -0.883260   -2.080780   -1.943630   -0.688761   -1.201220    5.229  -10.398   -6.210 S_000009
   4 N    81.810   96.399  179.737  138.491 -124.187  -94.581  129.145  -33.210  159.316 -113.260    0.341602   -0.402280   -1.434480   -0.812094   -1.345353   -1.762200   -1.942816   -0.721506   -1.192058    4.639  -17.228   -7.145 S_000009
   5 P   -56.713  169.563   63.733  130.198 -145.747 -165.607  105.706  -22.591  147.628  165.119    0.387195   -0.481632   -1.393214   -0.841539   -1.246218   -1.866122   -1.947955   -0.671518   -1.217400    2.557  -23.029   -5.117 S_000009
   6 N  -175.101 -147.674  159.572  141.718  176.133  146.872   62.364  -31.811 -103.226   76.911    0.331832   -0.177856   -1.485199   -0.843536   -1.029654   -1.962328   -1.977627   -0.691472   -1.204184   -0.436  -29.052   -2.245 S_000009
   7 P  -122.416 -162.247   61.004   85.592  169.934  -92.697  103.631   24.647  122.983  -18.284    0.346302   -1.353110   -0.620505   -0.901832   -1.671700   -1.453064   -1.868023   -0.683506   -1.222104   -4.106  -35.123   -2.152 S_000009
   8 P  -167.631  177.125   63.936  148.721 -114.320  176.453   96.592  -39.276  160.663  -80.184    0.315889   -0.217056   -1.474414   -0.766409   -1.232285   -1.836424   -1.924195   -0.750433   -1.184996   -5.941  -41.307   -0.506 S_000009
   9 P  -163.415 -164.775  171.520   87.292 -173.272  -90.210   95.538   33.873  101.998   69.427    0.333059   -1.348368   -0.630589   -0.813263   -1.521104   -1.634527   -1.885456   -0.693273   -1.220867   -5.182  -47.779   -3.318 S_000009
  10 H   -60.333  170.952   54.300   79.278    0.000    0.000   71.803   44.105   87.407  -23.385    0.265447   -1.423932   -0.439239   -0.745428   -1.557435   -1.571966   -1.832466   -0.715087   -1.218726   -7.191  -53.410   -3.794 S_000009
SCORE:    19.372                 19.372          0          1          2    S_000010
   1 H     0.000  170.252   55.279   80.904 -116.435  -85.609   47.378   36.669   91.544  -30.032    0.334292   -1.355595   -0.622754   -0.773741   -1.479953   -1.663888   -1.871484   -0.715049   -1.214089    3.794    0.984    0.238 S_000010
   2 P   117.558 -174.043  177.588   86.198 -134.649  -59.596   61.080   31.436   97.436  -24.467    0.367554   -1.291924   -0.717441   -0.792932   -1.451540   -1.697316   -1.890236   -0.709509   -1.209641    5.618   -3.459   -4.137 S_000010
   3 P   -88.988  167.524   83.721   77.426 -152.689  -58.516   80.944   36.199   97.990  -17.630    0.310470   -1.411060   -0.484944   -0.804941   -1.646379   -1.497896   -1.862289   -0.761319   -1.188487    4.646   -9.619   -4.418 S_000010
   4 P  -145.272  107.505  161.174   94.670  147.437  143.710   84.320   28.447   90.169 -113.690    0.361024   -1.094483   -0.996074   -0.845065   -1.073377   -1.943138   -1.954076   -0.689021   -1.181845    1.915  -15.216   -2.793 S_000010
   5 P   146.615 -167.000 -169.815   82.470 -132.725  -70.289   71.708   40.712   88.644   81.510    0.299093   -1.387817   -0.540911   -0.761575   -1.502633   -1.637962   -1.858264   -0.706118   -1.223254   -1.294  -21.366   -4.630 S_000010
   6 N  -149.449  161.904  169.889   81.813 -145.400  -65.994  120.751   29.215  116.975    7.240    0.321253   -1.415703   -0.497345   -0.892978   -1.732380   -1.385977   -1.824266   -0.691127   -1.230135   -2.642  -27.986   -5.718 S_000010
   7 P   -84.822  165.539   77.007   82.023 -144.893 -140.751   72.666   34.410  106.707  -90.371    0.361923   -1.369970   -0.578431   -0.767639   -1.551615   -1.568297   -1.785777   -0.612471   -1.270672   -4.170  -33.818   -7.177 S_000010
   8 N   170.628 -165.875 -168.095   88.100 -146.025  -69.701   74.281   42.570   86.157  -18.932    0.269820   -1.368058   -0.613320   -0.764958   -1.393175   -1.735747   -1.891381   -0.711959   -1.210295   -4.904  -41.061   -6.969 S_000010
   9 P  -154.050  145.148  124.520   89.904 -156.931 -129.437   98.571   22.752  116.377   53.243    0.366115   -1.304268   -0.738772   -0.890164   -1.596323   -1.568220   -1.925176   -0.727709   -1.180955   -6.540  -47.546   -5.789 S_000010
  10 H   -69.012 -173.717   52.814   79.889    0.000    0.000   86.341   40.486   91.627  -15.041    0.294966   -1.409149   -0.507274   -0.781028   -1.533334   -1.594889   -1.865394   -0.724947   -1.209029   -8.308  -53.931   -4.494 S_000010
