SEQUENCE: gg
SCORE:     score    rna_stub_coord_hack       N_WC      N_NWC       N_BS description
REMARK RNA 
SCORE:     0.030                  0.030          0          0          1    S_000001
   1 H     0.000  170.252   55.279   67.891  130.641   10.629   93.330   52.989   73.822  -94.016    0.204280   -1.493153   -0.290159   -0.687493   -1.488279   -1.525071   -1.828156   -0.709969   -1.225179    3.794    0.984    0.238 S_000001
   2 H   -64.373 -175.159   48.050   79.410    0.000    0.000   77.399   40.149   92.925  179.932    0.298586   -1.413841   -0.469755   -0.769917   -1.592970   -1.549682   -1.843240   -0.722276   -1.218868    8.238   -0.975    0.040 S_000001
SCORE:     0.030                  0.030          0          0          0    S_000002
   1 H     0.000  170.252   55.279   67.891  130.641   10.629   93.330   52.989   73.822  -94.016    0.204280   -1.493153   -0.290159   -0.687493   -1.488279   -1.525071   -1.828156   -0.709969   -1.225179    3.794    0.984    0.238 S_000002
   2 H   169.107 -169.018  170.795   86.968    0.000    0.000   54.097   30.520  103.347  -17.955    0.357049   -1.306207   -0.711955   -0.819757   -1.491457   -1.679246   -1.898919   -0.692404   -1.219075    8.741   -1.944   -1.456 S_000002
SCORE:     0.030                  0.030          0          0          0    S_000003
   1 H     0.000  170.252   55.279   67.891  130.641   10.629   93.330   52.989   73.822  -94.016    0.204280   -1.493153   -0.290159   -0.687493   -1.488279   -1.525071   -1.828156   -0.709969   -1.225179    3.794    0.984    0.238 S_000003
   2 H   -51.607  170.580   52.506   80.729    0.000    0.000   84.093   36.845   95.754  -81.792    0.317699   -1.380702   -0.565752   -0.796503   -1.538604   -1.603950   -1.875335   -0.711062   -1.209173    7.782   -1.270    0.190 S_000003
SCORE:     0.030                  0.030          0          0          1    S_000004
   1 H     0.000  170.252   55.279   67.891  130.641   10.629   93.330   52.989   73.822  -94.016    0.204280   -1.493153   -0.290159   -0.687493   -1.488279   -1.525071   -1.828156   -0.709969   -1.225179    3.794    0.984    0.238 S_000004
   2 H   -88.499 -165.663   52.619   83.479    0.000    0.000   73.992   40.263   93.779  -24.539    0.317516   -1.398927   -0.497972   -0.731000   -1.562379   -1.574759   -1.801405   -0.695689   -1.226960    8.721   -0.822   -0.355 S_000004
SCORE:     0.030                  0.030          0          0          1    S_000005
   1 H     0.000  170.252   55.279   67.891  130.641   10.629   93.330   52.989   73.822  -94.016    0.204280   -1.493153   -0.290159   -0.687493   -1.488279   -1.525071   -1.828156   -0.709969   -1.225179    3.794    0.984    0.238 S_000005
   2 H   -49.135  174.401   39.747   81.329    0.000    0.000   87.060   33.388  100.753  -70.818    0.333415   -1.378591   -0.549129   -0.816013   -1.621906   -1.533453   -1.876057   -0.750247   -1.188074    7.831   -1.253    0.175 S_000005
SCORE:     0.030                  0.030          0          0          1    S_000006
   1 H     0.000  170.252   55.279   67.891  130.641   10.629   93.330   52.989   73.822  -94.016    0.204280   -1.493153   -0.290159   -0.687493   -1.488279   -1.525071   -1.828156   -0.709969   -1.225179    3.794    0.984    0.238 S_000006
   2 H   -75.336 -177.306   60.138   77.222    0.000    0.000   78.235   38.368   98.859  146.671    0.283504   -1.448648   -0.390289   -0.816583   -1.706362   -1.424852   -1.827052   -0.737513   -1.208320    8.348   -0.939   -0.030 S_000006
SCORE:     0.030                  0.030          0          0          1    S_000007
   1 H     0.000  170.252   55.279   67.891  130.641   10.629   93.330   52.989   73.822  -94.016    0.204280   -1.493153   -0.290159   -0.687493   -1.488279   -1.525071   -1.828156   -0.709969   -1.225179    3.794    0.984    0.238 S_000007
   2 H   -83.933  159.062   74.811  101.643    0.000    0.000   73.567   22.024  114.506  -29.477    0.389312   -1.192445   -0.874421   -0.853200   -1.418041   -1.730451   -1.900615   -0.609245   -1.260274    7.985   -0.941    0.200 S_000007
SCORE:     0.030                  0.030          0          0          1    S_000008
   1 H     0.000  170.252   55.279   67.891  130.641   10.629   93.330   52.989   73.822  -94.016    0.204280   -1.493153   -0.290159   -0.687493   -1.488279   -1.525071   -1.828156   -0.709969   -1.225179    3.794    0.984    0.238 S_000008
   2 H   -74.498 -172.059   47.523   84.122    0.000    0.000   72.067   35.524   96.182  -12.274    0.321413   -1.375212   -0.552176   -0.800974   -1.576897   -1.569339   -1.886527   -0.748042   -1.185378    8.435   -0.890   -0.087 S_000008
SCORE:     0.030                  0.030          0          0          1    S_000009
   1 H     0.000  170.252   55.279   67.891  130.641   10.629   93.330   52.989   73.822  -94.016    0.204280   -1.493153   -0.290159   -0.687493   -1.488279   -1.525071   -1.828156   -0.709969   -1.225179    3.794    0.984    0.238 S_000009
   2 H   -65.968  168.173   56.932   78.554    0.000    0.000   86.817   43.655   88.646  178.507    0.268904   -1.429920   -0.443335   -0.754686   -1.576995   -1.579565   -1.864155   -0.753530   -1.200287    7.919   -1.122    0.182 S_000009
SCORE:     0.030                  0.030          0          0          0    S_000010
   1 H     0.000  170.252   55.279   67.891  130.641   10.629   93.330   52.989   73.822  -94.016    0.204280   -1.493153   -0.290159   -0.687493   -1.488279   -1.525071   -1.828156   -0.709969   -1.225179    3.794    0.984    0.238 S_000010
   2 H   167.222 -154.722  174.662   87.430    0.000    0.000   52.592   34.104   95.130  -17.710    0.338122   -1.319552   -0.683066   -0.802691   -1.449881   -1.697159   -1.902218   -0.696651   -1.217333    8.550   -2.192   -1.670 S_000010
