SEQUENCE: gaaaag
SCORE:     score    rna_stub_coord_hack       N_WC      N_NWC       N_BS description
REMARK RNA 
SCORE:     0.022                  0.022          0          0          0    S_000001
   1 H     0.000  170.252   55.279  101.643    3.181  174.445   73.567   22.024  114.506  -29.477    0.389312   -1.192445   -0.874421   -0.853200   -1.418041   -1.730451   -1.900615   -0.609245   -1.260274    3.794    0.984    0.238 S_000001
   2 P   -80.314 -173.596   56.882   86.088 -167.618  -79.046   89.256   37.208   91.369  179.912    0.323518   -1.351255   -0.627853   -0.778187   -1.467451   -1.680747   -1.893103   -0.725796   -1.204031    8.582    2.928   -3.878 S_000001
   3 N  -127.306 -149.789   67.856   94.274   53.014  151.190  109.022   20.035  108.313   44.719    0.429328   -1.066193   -0.986820   -0.818325   -1.248042   -1.851121   -1.916966   -0.627477   -1.232384   10.199    9.108   -6.514 S_000001
   4 P   178.953  121.420   60.039  137.761  -89.783  162.171   95.568  -36.201  164.047  -85.504    0.329547   -0.376318   -1.443259   -0.795164   -1.365299   -1.724089   -1.935867   -0.737984   -1.183291    9.588   15.374   -8.735 S_000001
   5 P   166.345  136.515  176.959   87.298 -141.961  -85.985   88.233   36.289   90.829  -13.741    0.336751   -1.319590   -0.670557   -0.773868   -1.420417   -1.716763   -1.889689   -0.708570   -1.210282    9.431   21.811   -9.806 S_000001
   6 H   146.325  179.409  179.200   83.051    0.000    0.000   69.165   37.181   91.157 -149.568    0.335316   -1.339831   -0.630975   -0.763532   -1.452180   -1.684347   -1.865970   -0.683059   -1.224751   10.356   28.519   -8.848 S_000001
SCORE:     0.008                  0.008          0          0          1    S_000002
   1 H     0.000  170.252   55.279  101.643    3.181  174.445   73.567   22.024  114.506  -29.477    0.389312   -1.192445   -0.874421   -0.853200   -1.418041   -1.730451   -1.900615   -0.609245   -1.260274    3.794    0.984    0.238 S_000002
   2 N  -149.034  -81.925  172.404  146.046 -150.679 -107.126  111.344  -35.048  155.162  147.404    0.332662   -0.192882   -1.475955   -0.792373   -1.116447   -1.928530   -1.935508   -0.712398   -1.199196    6.568    4.964   -3.268 S_000002
   3 P   -80.366  165.475   75.408   78.386 -119.583  -78.808   65.122   33.156  100.468  -16.650    0.354754   -1.369707   -0.580207   -0.791936   -1.596736   -1.565394   -1.863662   -0.756407   -1.190996    6.109   11.471   -3.651 S_000002
   4 P  -145.272  107.505  161.174   94.670  147.437  143.710   84.320   28.447   90.169 -113.690    0.361024   -1.094483   -0.996074   -0.845065   -1.073377   -1.943138   -1.954076   -0.689021   -1.181845    9.126   17.420   -4.570 S_000002
   5 N  -166.363  -98.794  124.006   67.887 -132.360  -80.440   59.673   41.781  100.181  -17.712    0.301471   -1.476923   -0.230392   -0.750136   -1.786393   -1.294865   -1.767898   -0.795849   -1.187554   10.895   22.951   -8.816 S_000002
   6 H   -59.132  177.415   55.821   81.693    0.000    0.000   81.657   34.911  100.068  -15.018    0.307520   -1.415016   -0.488840   -0.831525   -1.666440   -1.483061   -1.864264   -0.742264   -1.192932    9.677   29.241   -8.695 S_000002
SCORE:     0.020                  0.020          0          1          1    S_000003
   1 H     0.000  170.252   55.279   84.125   54.650  -85.129  127.345   20.523  120.314   50.010    0.408514   -1.232229   -0.797209   -0.850495   -1.533007   -1.615950   -1.866653   -0.628188   -1.253373    3.794    0.984    0.238 S_000003
   2 P  -136.102  103.272  168.974   85.473 -128.309  -79.232   63.030   36.383   91.833 -170.126    0.322483   -1.346531   -0.624388   -0.787074   -1.484827   -1.666329   -1.892459   -0.741690   -1.189660    3.980    4.396   -3.599 S_000003
   3 P   168.992 -156.630  174.212   86.705 -137.197 -119.664  108.197   33.640   99.366  -15.229    0.329923   -1.352776   -0.624135   -0.819988   -1.531632   -1.621327   -1.886817   -0.697388   -1.214338    4.000   10.592   -6.138 S_000003
   4 P   -57.665  164.351   54.122   81.787 -147.920  -79.184   79.751   41.879   89.593  -15.239    0.284795   -1.406153   -0.502285   -0.761105   -1.525606   -1.609596   -1.844418   -0.689864   -1.233731    3.573   16.342   -9.164 S_000003
   5 N   -96.040  106.137   98.068   69.828   18.490  144.424 -137.271   45.676   72.953  129.920    0.269892   -1.448357   -0.492480   -0.733032   -1.404794   -1.605357   -1.852935   -0.659449   -1.267127    4.118   21.687  -10.934 S_000003
   6 H   157.520 -173.932  177.719   89.564    0.000    0.000   70.341   40.338   80.604  -16.580    0.340115   -1.245998   -0.776405   -0.717185   -1.179787   -1.885514   -1.880824   -0.719164   -1.182694    4.404   27.599  -14.128 S_000003
SCORE:     0.024                  0.024          0          0          0    S_000004
   1 H     0.000  170.252   55.279   86.807 -100.233  168.282  103.941   35.199   95.654  -20.743    0.317404   -1.315526   -0.708302   -0.817785   -1.398336   -1.735692   -1.906988   -0.659955   -1.232777    3.794    0.984    0.238 S_000004
   2 P  -133.435  121.623  159.513   84.107 -132.282  -83.506   67.169   34.547   94.201  -27.447    0.328492   -1.348144   -0.633645   -0.807308   -1.509568   -1.647897   -1.897709   -0.723428   -1.200444    4.363    3.952   -4.648 S_000004
   3 P   -71.383  151.973   48.207  147.060 -131.753 -161.855  100.068  -36.188  155.861   33.256    0.337325   -0.228092   -1.466943   -0.778700   -1.188977   -1.879295   -1.928081   -0.757037   -1.174951    2.545    9.247   -7.238 S_000004
   4 P   168.935  130.259   53.295  151.687 -105.787  158.269   99.642  -39.457  164.899  -78.284    0.311456   -0.213025   -1.473525   -0.773267   -1.229982   -1.822240   -1.928139   -0.719157   -1.203908    2.806   14.816  -11.766 S_000004
   5 P    62.159  178.988 -170.619  149.965 -103.312 -145.757  126.991  -39.736  164.357  173.689    0.323159   -0.192725   -1.473024   -0.749767   -1.208730   -1.842314   -1.917217   -0.720585   -1.212069    4.017   21.074  -12.778 S_000004
   6 H   -56.579 -178.119   58.341  138.932    0.000    0.000  107.898  -23.640  145.378  -61.943    0.398813   -0.440148   -1.416483   -0.849636   -1.225006   -1.898401   -1.974164   -0.712333   -1.174153    4.288   27.731  -14.113 S_000004
SCORE:     0.032                  0.032          0          0          0    S_000005
   1 H     0.000  170.252   55.279   84.125   54.650  -85.129  127.345   20.523  120.314   50.010    0.408514   -1.232229   -0.797209   -0.850495   -1.533007   -1.615950   -1.866653   -0.628188   -1.253373    3.794    0.984    0.238 S_000005
   2 P   177.366  142.836 -177.540   86.392   81.924   89.658  106.666   34.383   91.374   35.384    0.329518   -1.203568   -0.872590   -0.818960   -1.153720   -1.885512   -1.932817   -0.607425   -1.234970    4.400    5.457   -2.284 S_000005
   3 P   -74.059 -175.225   45.400   80.867 -157.526  -83.278   87.944   35.691   97.946  -27.364    0.327864   -1.388266   -0.542483   -0.798248   -1.591825   -1.563191   -1.872858   -0.739435   -1.198459    3.759   11.204   -4.218 S_000005
   4 N   -65.607  151.132   55.022  142.521 -123.938  150.369  128.204  -34.713  154.606  145.456    0.347972   -0.194171   -1.474977   -0.785965   -1.114012   -1.921431   -1.930939   -0.704817   -1.202440    2.286   15.362   -8.037 S_000005
   5 N   162.014 -131.847   71.635  144.691  -74.220  157.849  117.210  -35.903  158.762 -158.797    0.307316   -0.219185   -1.475066   -0.808982   -1.162266   -1.890342   -1.953377   -0.714864   -1.198395    1.494   21.399  -11.225 S_000005
   6 H   153.264 -173.848  174.905   84.283    0.000    0.000   72.252   37.933   91.423  -22.594    0.320831   -1.357145   -0.610071   -0.774852   -1.469166   -1.672551   -1.877144   -0.697019   -1.221622    3.170   27.466  -13.602 S_000005
SCORE:     0.029                  0.029          0          0          2    S_000006
   1 H     0.000  170.252   55.279   80.170   54.114  -86.506  108.055   16.588  132.750   48.428    0.392913   -1.311998   -0.707451   -0.906668   -1.705736   -1.403430   -1.850515   -0.693175   -1.212312    3.794    0.984    0.238 S_000006
   2 P  -168.839  121.189 -176.246   84.421 -162.310  -96.356  108.244   34.304  106.356  -23.636    0.327894   -1.391748   -0.518664   -0.809234   -1.631897   -1.506085   -1.823324   -0.679514   -1.237292    4.163    5.091   -3.193 S_000006
   3 P   128.956 -167.652 -160.064   94.077 -138.076  -61.821   62.136   41.185   91.268  -28.351    0.283460   -1.304384   -0.747649   -0.765217   -1.247291   -1.847116   -1.908601   -0.603222   -1.274693    4.373   10.286   -7.139 S_000006
   4 N   -70.088 -168.791   59.124  145.389 -132.858  147.709  128.046  -32.808  150.801   26.119    0.334288   -0.170043   -1.477567   -0.820665   -1.040289   -1.964547   -1.944110   -0.688192   -1.197251    3.042   16.149   -9.334 S_000006
   5 P   147.134 -168.848  174.551   84.578 -147.110  -72.890   70.254   33.977   96.687  -24.297    0.349584   -1.331002   -0.659733   -0.788648   -1.484050   -1.669911   -1.886169   -0.707459   -1.211906    1.984   21.910  -12.858 S_000006
   6 H   -61.836  156.302   69.892   78.095    0.000    0.000   71.544   40.924   92.736  176.443    0.291719   -1.432832   -0.419893   -0.764551   -1.636811   -1.502890   -1.837230   -0.752960   -1.204922    0.002   26.460  -16.005 S_000006
SCORE:     0.043                  0.043          0          0          0    S_000007
   1 H     0.000  170.252   55.279  130.784   75.006 -155.713  165.070  -25.811  140.876   12.406    0.367860   -0.220347   -1.476966   -0.846912   -0.960516   -2.045572   -1.953696   -0.679131   -1.209755    3.794    0.984    0.238 S_000007
   2 P   -62.846  166.427   47.828   83.989 -152.381  -65.611   94.008   38.152   94.320 -132.104    0.323440   -1.362548   -0.575767   -0.762595   -1.491516   -1.631579   -1.844896   -0.682027   -1.229004    8.844    2.953   -2.898 S_000007
   3 N   -56.242  153.978   73.770  143.307  -64.114 -150.572   93.283  -33.396  151.190  -50.064    0.346664   -0.307654   -1.452388   -0.793983   -1.232638   -1.858935   -1.934948   -0.784899   -1.156824   12.151    7.298   -1.612 S_000007
   4 P  -175.081  177.888   61.143  152.701 -105.799  170.478  100.743  -40.258  159.966  -51.450    0.305816   -0.136048   -1.487621   -0.761982   -1.147414   -1.893800   -1.920368   -0.739943   -1.195843   15.483   13.505   -2.222 S_000007
   5 P    95.862 -150.045 -177.753  145.463 -163.746 -130.631  132.028  -25.964  134.716  -54.064    0.372792   -0.139680   -1.476267   -0.836576   -0.849905   -2.078892   -1.921957   -0.718372   -1.188673   19.239   18.336    0.114 S_000007
   6 H   -60.190 -177.542   56.218   86.215    0.000    0.000   90.716   35.981   92.504 -119.556    0.326744   -1.335036   -0.661375   -0.794244   -1.444980   -1.700180   -1.898994   -0.699900   -1.214296   19.362   24.816    1.273 S_000007
SCORE:     0.022                  0.022          0          0          0    S_000008
   1 H     0.000  170.252   55.279   80.473  -87.934  128.409   83.779   35.459  102.154  -20.454    0.315479   -1.388952   -0.551611   -0.809410   -1.594693   -1.566320   -1.851244   -0.705091   -1.223117    3.794    0.984    0.238 S_000008
   2 P   -82.645 -177.969   72.751  145.260 -157.503 -148.229  111.875  -38.545  157.429  -12.075    0.322205   -0.223436   -1.480851   -0.764697   -1.222995   -1.851784   -1.919902   -0.771160   -1.168755    2.991    4.469   -3.551 S_000008
   3 P   -40.210  149.240   56.877   82.022 -152.097 -104.543   82.884   31.427  101.865   65.435    0.316666   -1.389813   -0.520045   -0.850368   -1.682453   -1.456156   -1.889898   -0.787244   -1.151878    1.919    9.708   -6.441 S_000008
   4 P   -39.132 -128.014  178.683  148.423 -128.491 -161.176   82.490  -39.164  159.768  138.907    0.324895   -0.118877   -1.481124   -0.753142   -1.105909   -1.924168   -1.915263   -0.709937   -1.216600   -0.330   15.484   -8.428 S_000008
   5 N   -53.025 -171.133   66.197  118.744 -156.076 -125.935  159.063  -14.860  157.092  113.222    0.397896   -0.937453   -1.149838   -0.931285   -1.661409   -1.425729   -1.958412   -0.783663   -1.114398   -0.368   21.894  -10.136 S_000008
   6 H   -70.990 -179.416   50.494   81.138    0.000    0.000   84.701   36.177   96.030   -5.713    0.317029   -1.401866   -0.481678   -0.798448   -1.645182   -1.499425   -1.856190   -0.757211   -1.186299    0.153   27.004  -14.440 S_000008
SCORE:     0.021                  0.021          0          1          1    S_000009
   1 H     0.000  170.252   55.279  149.651  -76.396   99.515  113.723  -35.529  156.890 -160.674    0.329506   -0.150507   -1.479126   -0.792548   -1.070490   -1.944521   -1.924787   -0.667098   -1.217795    3.794    0.984    0.238 S_000009
   2 P   149.773 -156.144  176.474   82.777 -155.799  -84.417   85.097   38.273   91.188  109.933    0.325799   -1.359624   -0.601698   -0.762572   -1.475146   -1.669392   -1.863222   -0.693642   -1.226962    8.106    4.379    0.039 S_000009
   3 P   -71.093  137.843   52.232   85.064 -139.753 -152.810   87.407   40.287   89.995 -158.367    0.287583   -1.398634   -0.501776   -0.778461   -1.544700   -1.582723   -1.866127   -0.722760   -1.202541   10.446    9.131    2.091 S_000009
   4 N   -56.447  161.867   71.832  154.148 -109.816  -92.178  128.922  -38.278  154.303 -154.039    0.326604   -0.049147   -1.486557   -0.759318   -0.992584   -1.984304   -1.907809   -0.697240   -1.218033   14.408   13.793    4.062 S_000009
   5 P   -83.701 -126.382  174.367   82.597 -141.195  -77.743   85.333   36.881   96.270  174.334    0.315541   -1.381866   -0.574896   -0.795241   -1.544139   -1.617953   -1.869527   -0.718731   -1.207762   19.137   19.027    4.475 S_000009
   6 H   146.789 -151.530 -174.498   82.319    0.000    0.000   66.475   32.964   97.206  -15.176    0.315682   -1.369286   -0.586720   -0.835473   -1.602144   -1.568934   -1.885691   -0.755346   -1.182677   22.473   22.147    8.949 S_000009
SCORE:     0.034                  0.034          0          1          0    S_000010
   1 H     0.000  170.252   55.279  112.047 -112.021 -176.728  177.321    5.611  112.763    4.764    0.433645   -0.865771   -1.182089   -0.848736   -1.229591   -1.921582   -1.944991   -0.698117   -1.201737    3.794    0.984    0.238 S_000010
   2 P   -75.919 -135.821 -175.098   83.972 -150.764  -37.001  145.918   30.179  104.208  -24.330    0.355597   -1.335363   -0.656648   -0.828154   -1.558996   -1.606023   -1.886573   -0.716262   -1.208985    7.168    3.471   -4.840 S_000010
   3 P   -77.749  162.236   65.363   93.269 -120.401 -146.586  119.656   32.089   95.898  179.919    0.344750   -1.274291   -0.768810   -0.817985   -1.373141   -1.756250   -1.910990   -0.659191   -1.224390    7.686    8.884   -6.102 S_000010
   4 P  -150.263  137.150  162.005   85.519 -143.757  -61.655   64.628   39.702   84.506   99.951    0.295141   -1.332554   -0.685537   -0.782837   -1.333764   -1.762805   -1.900101   -0.686617   -1.207950    9.502   15.582   -6.386 S_000010
   5 P  -148.588  133.443  138.027   85.064 -127.867  -81.381   73.376   37.219   95.049  -13.856    0.320946   -1.350869   -0.610637   -0.781786   -1.471736   -1.659254   -1.868671   -0.699104   -1.208886   13.088   21.143   -6.875 S_000010
   6 H   -95.252 -164.470   65.170   76.792    0.000    0.000   75.353   47.608   87.399  -23.485    0.217834   -1.449282   -0.396379   -0.753779   -1.525122   -1.571595   -1.804297   -0.623641   -1.270047   14.846   27.816   -6.350 S_000010
