SEQUENCE: gaaaaaag
SCORE:     score    rna_stub_coord_hack       N_WC      N_NWC       N_BS description
REMARK RNA 
SCORE:     9.523                  9.523          0          0          2    S_000001
   1 H     0.000  170.252   55.279   88.636  -54.544   77.598  105.489   34.955   90.707  -21.571    0.331329   -1.289013   -0.731679   -0.801761   -1.355314   -1.757011   -1.906471   -0.672243   -1.219425    3.794    0.984    0.238 S_000001
   2 P    61.738 -132.075  178.564  106.189 -171.343 -102.760  121.990   -5.332  145.988 -167.146    0.426240   -0.987668   -1.091600   -0.899221   -1.598564   -1.560373   -1.950124   -0.758656   -1.156180    5.077    4.151   -0.288 S_000001
   3 P  -168.839  121.189 -176.246   84.421 -162.310  -96.356  108.244   34.304  106.356  -23.636    0.327894   -1.391748   -0.518664   -0.809234   -1.631897   -1.506085   -1.823324   -0.679514   -1.237292    6.930    9.740    3.422 S_000001
   4 P   152.166 -142.339  171.440   87.047  -87.496 -132.632  108.226   39.621   80.726  -19.997    0.312492   -1.287510   -0.749116   -0.763759   -1.245728   -1.833892   -1.906626   -0.684201   -1.223246    7.454   15.677    5.973 S_000001
   5 N    45.634 -134.029 -164.399  137.803 -122.118  173.451  -21.822  -30.700  156.331   23.556    0.359790   -0.417386   -1.424002   -0.813134   -1.319686   -1.793473   -1.949241   -0.771476   -1.162127    8.731   20.991    8.987 S_000001
   6 P   150.796 -161.910  178.356   86.097 -139.863  -62.292   43.499   34.285   97.369  -16.376    0.353702   -1.328244   -0.654287   -0.777898   -1.480747   -1.669247   -1.872892   -0.706980   -1.209412   10.078   26.950   12.570 S_000001
   7 P   179.384  109.463 -179.306   83.839 -158.740  -52.055  120.779   32.850   99.335   19.855    0.340501   -1.350176   -0.625714   -0.813365   -1.547777   -1.612043   -1.885995   -0.722023   -1.202003   13.338   31.750   16.367 S_000001
   8 H   -72.743  164.131   67.245   76.051    0.000    0.000   74.305   37.945   96.602  -18.880    0.331574   -1.388968   -0.535597   -0.762443   -1.548264   -1.585032   -1.823102   -0.678341   -1.244517   15.687   35.986   19.414 S_000001
SCORE:    10.694                 10.694          0          0          1    S_000002
   1 H     0.000  170.252   55.279  152.866  -83.040  124.351  127.521  -41.294  164.030   17.731    0.251126   -0.016197   -1.508144   -0.813186   -1.015222   -1.993826   -1.935398   -0.731056   -1.203750    3.794    0.984    0.238 S_000002
   2 N   -75.551  148.565 -176.602   78.228 -168.936  -75.552   79.276   35.068   95.364   10.531    0.308625   -1.405336   -0.478338   -0.830356   -1.662242   -1.478005   -1.915260   -0.830697   -1.109238    7.502    3.551    1.094 S_000002
   3 P   -61.653  158.780  111.392  131.953 -117.165 -124.089  113.393  -34.124  172.369  170.567    0.367177   -0.534770   -1.378991   -0.795747   -1.498249   -1.528004   -1.900206   -0.681102   -1.220799    7.839    4.548    6.675 S_000002
   4 P  -167.631  177.125   63.936  148.721 -114.320  176.453   96.592  -39.276  160.663  -80.184    0.315889   -0.217056   -1.474414   -0.766409   -1.232285   -1.836424   -1.924195   -0.750433   -1.184996   10.112    3.172   13.499 S_000002
   5 P   171.747  153.395  159.041  148.712 -150.900 -143.856  163.298  -31.676  141.216  -34.261    0.335662   -0.099384   -1.482186   -0.823846   -0.920479   -2.044532   -1.934389   -0.708140   -1.198506    9.262    3.668   20.404 S_000002
   6 P   133.672  116.324  174.939   85.959 -147.791  -72.484   76.620   37.073   93.583  177.523    0.326800   -1.349232   -0.605191   -0.775282   -1.479584   -1.652634   -1.864206   -0.707319   -1.206991    8.816    2.208   27.605 S_000002
   7 P  -133.435  121.623  159.513   84.107 -132.282  -83.506   67.169   34.547   94.201  -27.447    0.328492   -1.348144   -0.633645   -0.807308   -1.509568   -1.647897   -1.897709   -0.723428   -1.200444    6.486    2.963   33.583 S_000002
   8 H   -65.957  164.219   59.461   84.224    0.000    0.000   80.867   35.233   95.334  -23.791    0.333408   -1.348267   -0.626297   -0.792314   -1.501023   -1.649785   -1.880461   -0.706679   -1.214055    3.454    2.215   39.073 S_000002
SCORE:     9.091                  9.091          0          2          2    S_000003
   1 H     0.000  170.252   55.279  113.581   92.249  -54.576  141.974  -25.861  140.708   51.693    0.382093   -0.375366   -1.438906   -0.832179   -1.172444   -1.918177   -1.927813   -0.756018   -1.137279    3.794    0.984    0.238 S_000003
   2 N  -175.101 -147.674  159.572  141.718  176.133  146.872   62.364  -31.811 -103.226   76.911    0.331832   -0.177856   -1.485199   -0.843536   -1.029654   -1.962328   -1.977627   -0.691472   -1.204184    7.940    1.575    2.547 S_000003
   3 P  -173.910 -150.992  149.500  127.998 -128.911 -142.558   91.482   -6.193  136.127   15.787    0.408280   -0.788743   -1.262842   -0.923571   -1.317920   -1.806812   -1.984235   -0.740556   -1.116661   11.041    4.754    8.268 S_000003
   4 P    76.172 -161.362  -99.429  111.764 -127.384  -57.141   74.195   33.064   77.523  -19.675    0.354770   -0.859625   -1.207601   -0.799432   -0.523996   -2.144814   -1.923705   -0.540913   -1.287454   12.819    7.820   13.896 S_000003
   5 P  -143.310   71.916  171.935  103.615 -167.532  -70.288   89.959   20.785   98.541  -79.188    0.395520   -1.072129   -0.997535   -0.849530   -1.236883   -1.870694   -1.949452   -0.731506   -1.161827   17.191   11.174   17.236 S_000003
   6 P   154.210 -167.249 -177.856   84.425 -110.086  -68.007   66.339   39.556   88.229  -20.046    0.319709   -1.343133   -0.653053   -0.755606   -1.387478   -1.739342   -1.883028   -0.703361   -1.215817   19.648   15.197   21.627 S_000003
   7 P  -105.308   88.428  173.781   81.703 -135.206  -62.142   59.644   38.098   90.763   74.845    0.339308   -1.347252   -0.616241   -0.748066   -1.455875   -1.684281   -1.862059   -0.700408   -1.227937   22.418   17.930   26.012 S_000003
   8 H   -59.197  173.811   52.635   81.481    0.000    0.000   71.162   39.302   91.961 -157.785    0.312954   -1.381678   -0.550634   -0.764431   -1.514357   -1.627166   -1.853971   -0.692494   -1.230922   22.874   21.278   31.053 S_000003
SCORE:    10.006                 10.006          0          0          1    S_000004
   1 H     0.000  170.252   55.279  112.114  -50.233  100.032  142.152    7.620  134.238  -12.482    0.408427   -1.051404   -1.049250   -0.920999   -1.432612   -1.708802   -1.954475   -0.622872   -1.227042    3.794    0.984    0.238 S_000004
   2 P   -43.657  136.765   57.395  140.172  -98.716  158.755  129.468  -39.305  168.972   29.981    0.332014   -0.346979   -1.448700   -0.761852   -1.387796   -1.682591   -1.928689   -0.745866   -1.195020    6.774    3.610    0.532 S_000004
   3 P   164.719  138.825   51.610  150.951 -107.830  169.464  112.009  -38.147  157.146  -49.999    0.320580   -0.126346   -1.483354   -0.773408   -1.094210   -1.927220   -1.922725   -0.726119   -1.194230    7.235    7.755    5.608 S_000004
   4 P   157.640 -167.900  179.349   80.448 -111.969  -84.009 -123.640   32.443  113.227   92.207    0.323035   -1.406967   -0.501770   -0.850370   -1.681582   -1.456367   -1.812779   -0.666700   -1.250646    9.973    8.324   12.052 S_000004
   5 P  -108.612   82.361  164.622   80.710 -149.634  -77.891   66.544   45.928   79.058 -144.411    0.271092   -1.401766   -0.525612   -0.716757   -1.413861   -1.684661   -1.860211   -0.722050   -1.213026   12.929   11.570   16.174 S_000004
   6 N   -50.638 -178.442   54.553   81.558 -155.382  -85.346  102.058   35.982  100.920   -5.265    0.301054   -1.416715   -0.465015   -0.822229   -1.666998   -1.472046   -1.857637   -0.733540   -1.204472   12.100   15.514   20.910 S_000004
   7 P  -173.910 -150.992  149.500  127.998 -128.911 -142.558   91.482   -6.193  136.127   15.787    0.408280   -0.788743   -1.262842   -0.923571   -1.317920   -1.806812   -1.984235   -0.740556   -1.116661   14.824   19.789   25.529 S_000004
   8 H    73.940  156.451   55.362   85.024    0.000    0.000   58.353   34.053   96.966   -3.204    0.336816   -1.355553   -0.608899   -0.802424   -1.547086   -1.614217   -1.894752   -0.744771   -1.191597   18.890   22.408   30.622 S_000004
SCORE:    10.400                 10.400          0          0          0    S_000005
   1 H     0.000  170.252   55.279   96.017  158.889  -87.729  123.712    5.242  137.062  139.504    0.419826   -1.118750   -0.955830   -0.906347   -1.606516   -1.551548   -1.939919   -0.735455   -1.169827    3.794    0.984    0.238 S_000005
   2 P   -16.273 -123.292  179.040   90.406 -137.508  -61.088   44.990   34.831   88.653 -137.963    0.374210   -1.236601   -0.795169   -0.746231   -1.271489   -1.836790   -1.895535   -0.695294   -1.219190    8.707    2.340   -1.148 S_000005
   3 P   -73.784 -136.674   65.003   93.602   55.712  100.910  136.596   18.295  115.084  142.157    0.414781   -1.154956   -0.917319   -0.856962   -1.421293   -1.727181   -1.932139   -0.681515   -1.198908   10.072    7.460    2.952 S_000005
   4 N   153.892 -141.795  167.120   90.150 -140.999 -172.900  120.377   29.336   99.989 -144.515    0.391187   -1.231714   -0.791754   -0.780320   -1.371883   -1.747462   -1.876007   -0.673329   -1.208973   13.084   10.317    8.216 S_000005
   5 P  -141.884 -153.218   68.457  142.369  -78.259 -147.876  139.504  -33.072  154.475   16.775    0.336963   -0.296650   -1.449887   -0.804312   -1.209831   -1.869476   -1.932761   -0.730949   -1.184057   14.677   17.193    9.977 S_000005
   6 P   141.172  153.832   61.171   83.827   92.561   79.677  140.899   23.663  107.771   48.977    0.390364   -1.258671   -0.778629   -0.844630   -1.515960   -1.641523   -1.922925   -0.739941   -1.167539   19.873   21.915   11.370 S_000005
   7 P  -170.283  161.190 -176.306  140.990 -163.860 -102.059  133.153  -32.306  149.951  165.152    0.350717   -0.168927   -1.477787   -0.803819   -1.029144   -1.981828   -1.933928   -0.657356   -1.225843   21.810   25.110   16.648 S_000005
   8 H   -82.716  161.576   80.080   76.755    0.000    0.000   66.633   45.875   90.775 -159.311    0.258201   -1.440065   -0.411181   -0.733520   -1.549122   -1.567137   -1.802133   -0.663063   -1.256355   20.807   29.547   21.034 S_000005
SCORE:     9.089                  9.089          0          0          2    S_000006
   1 H     0.000  170.252   55.279  100.547   41.845  -32.535   90.374    9.692  124.390  179.909    0.456370   -0.991871   -1.067046   -0.836217   -1.335706   -1.804399   -1.897621   -0.605146   -1.248537    3.794    0.984    0.238 S_000006
   2 N   144.369 -164.771  174.597   85.862 -111.402  -77.490   66.933   34.932   89.928  -15.347    0.349145   -1.282307   -0.738465   -0.783001   -1.349281   -1.771280   -1.894652   -0.665989   -1.222817    5.085    3.597    2.025 S_000006
   3 P  -167.703 -174.030 -172.706  150.262  -82.754  -98.128  162.319  -37.418  153.934  -96.537    0.341290   -0.123580   -1.479847   -0.753212   -1.075808   -1.949425   -1.900641   -0.697829   -1.213259    9.558    6.550    6.299 S_000006
   4 P  -132.578  112.156  159.719   83.112 -139.596  -55.743   63.268   39.050   85.758 -170.047    0.307700   -1.343453   -0.643900   -0.775243   -1.385486   -1.708759   -1.884896   -0.676455   -1.222422   12.008   10.172   11.289 S_000006
   5 N   -55.512  176.761   57.395   82.803 -152.714  -73.426   85.339   36.300   97.522    3.111    0.328988   -1.360838   -0.603727   -0.786012   -1.508855   -1.640683   -1.869356   -0.690527   -1.225462   14.590   13.540   15.457 S_000006
   6 P   -58.446 -149.202   68.661  151.517  -94.388 -167.491  158.879  -36.566  157.616   66.657    0.314545   -0.058212   -1.465433   -0.758064   -0.951472   -2.024794   -1.934304   -0.600686   -1.266513   15.651   18.592   19.426 S_000006
   7 P   -73.688  154.833   59.185  146.485 -111.162  175.140  119.829  -32.346  150.459   20.864    0.348829   -0.220202   -1.465450   -0.808985   -1.098138   -1.929436   -1.939839   -0.717382   -1.183677   17.607   23.127   23.460 S_000006
   8 H   -79.451 -175.905   53.932   82.811    0.000    0.000   71.787   36.120  100.049  151.202    0.322544   -1.371826   -0.561260   -0.793117   -1.561716   -1.593490   -1.844903   -0.680394   -1.245190   20.031   28.725   25.473 S_000006
SCORE:    10.129                 10.129          0          0          0    S_000007
   1 H     0.000  170.252   55.279  125.364  -68.361  102.839  121.622  -11.330  157.561   18.152    0.409062   -0.835566   -1.214715   -0.914311   -1.467259   -1.617021   -1.946189   -0.649225   -1.200841    3.794    0.984    0.238 S_000007
   2 N    63.321 -168.279   56.348  152.730 -126.047 -153.486  112.514  -39.094  155.743  -73.903    0.320322   -0.047558   -1.486259   -0.754109   -1.005823   -1.974668   -1.908947   -0.697996   -1.222185    7.258    4.403   -0.172 S_000007
   3 P   -60.344 -173.657   65.712  145.218 -100.727 -121.965  126.478  -33.280  154.493   38.328    0.340229   -0.267868   -1.461197   -0.814660   -1.183651   -1.885493   -1.946255   -0.733197   -1.181534    7.563    7.501    5.807 S_000007
   4 P  -163.415 -164.775  171.520   87.292 -173.272  -90.210   95.538   33.873  101.998   69.427    0.333059   -1.348368   -0.630589   -0.813263   -1.521104   -1.634527   -1.885456   -0.693273   -1.220867   11.169    7.227   12.092 S_000007
   5 P   -60.519 -150.721   69.014  155.654  -81.600 -163.057  158.185  -44.635  163.664   97.265    0.258206   -0.039368   -1.494873   -0.750175   -1.106028   -1.909076   -1.907704   -0.770525   -1.183420   13.111    8.422   18.141 S_000007
   6 N  -178.810  153.055  135.770  106.704 -138.327 -112.358  127.377   22.478   87.323  -11.418    0.409131   -0.973460   -1.098711   -0.809248   -1.028300   -2.013690   -1.923910   -0.665663   -1.225656   13.226   11.419   24.462 S_000007
   7 N   124.945  137.950   42.830  118.606  -76.244  165.453  110.104   -1.084  138.381   43.963    0.423846   -0.893873   -1.174582   -0.905426   -1.375226   -1.760628   -1.966226   -0.655142   -1.195914   12.915   16.352   29.753 S_000007
   8 H   -63.810 -170.026   49.709   82.086    0.000    0.000   74.886   36.328   94.536  153.561    0.317323   -1.372256   -0.575330   -0.800382   -1.541562   -1.610441   -1.879987   -0.716627   -1.202868   16.255   17.092   34.814 S_000007
SCORE:    10.826                 10.826          0          0          2    S_000008
   1 H     0.000  170.252   55.279   76.684  161.788 -104.128  113.360   34.151  108.107 -159.563    0.289103   -1.434689   -0.433754   -0.862167   -1.721140   -1.395645   -1.842928   -0.733402   -1.198369    3.794    0.984    0.238 S_000008
   2 P   -33.122 -159.568  151.000  146.506 -145.092 -142.672   79.190  -33.668  154.217 -117.811    0.333818   -0.171529   -1.475823   -0.812366   -1.061031   -1.950460   -1.939960   -0.691146   -1.196381    8.192    3.011   -3.050 S_000008
   3 N  -148.022  144.508 -177.617   93.488 -141.099  -71.036   13.511   23.881  123.218   -7.754    0.352280   -1.397577   -0.511532   -0.899902   -1.787483   -1.297851   -1.871512   -0.779200   -1.153331   11.977    8.921   -2.990 S_000008
   4 P   148.676 -165.600 -170.434   82.795 -127.847  -99.219   77.270   36.905   94.303  -60.066    0.302431   -1.388814   -0.560459   -0.809846   -1.564362   -1.602826   -1.893046   -0.745849   -1.192433   14.673   14.360   -0.691 S_000008
   5 N   164.751 -142.271  151.787   85.973  -99.346 -140.259   96.097   33.739   98.446  173.375    0.336136   -1.353440   -0.609263   -0.810911   -1.550770   -1.613277   -1.889372   -0.720823   -1.202388   14.659   20.662    1.861 S_000008
   6 N   -97.944  144.143  116.364  107.390 -146.299  170.116   62.722   -5.024  141.666   18.042    0.428033   -0.968284   -1.110263   -0.900109   -1.566329   -1.597061   -1.953408   -0.750813   -1.156653   13.787   25.903    5.824 S_000008
   7 N   160.380  178.006 -175.911   81.427 -138.097  -68.862   64.237   40.356   94.732  168.924    0.345587   -1.380057   -0.526857   -0.712433   -1.520110   -1.625664   -1.795151   -0.681104   -1.268351   17.523   29.955   10.399 S_000008
   8 H   -61.602  118.262   74.641   70.484    0.000    0.000   90.685   42.524   98.454  -80.011    0.246552   -1.493106   -0.170218   -0.797395   -1.846513   -1.231854   -1.762534   -0.796037   -1.194551   20.677   32.563   13.537 S_000008
SCORE:     8.886                  8.886          0          0          1    S_000009
   1 H     0.000  170.252   55.279   90.661   85.965  -73.522  109.923  -28.204  148.584   24.958    0.433092   -0.285940   -1.435368   -0.751057   -1.107586   -1.935733   -1.890806   -0.673526   -1.221993    3.794    0.984    0.238 S_000009
   2 N  -148.162  164.915  118.385  145.355 -109.323 -178.043  158.161  -25.949  134.973  153.436    0.357113   -0.162484   -1.477571   -0.854725   -0.883260   -2.080780   -1.943630   -0.688761   -1.201220    6.561    4.968   -0.457 S_000009
   3 P   144.003  172.063  150.176   89.179 -134.720  -76.023  -51.663   30.794   93.596  -28.716    0.363131   -1.327505   -0.625584   -0.797366   -1.563548   -1.576977   -1.891953   -0.782925   -1.158669    8.219   11.815    0.817 S_000009
   4 N   156.206 -167.738 -170.879   84.580 -144.625  -58.211   59.260   35.291  101.679  -13.494    0.327934   -1.371793   -0.583068   -0.794657   -1.553461   -1.596619   -1.845835   -0.684503   -1.254648   10.517   15.918    5.524 S_000009
   5 N  -173.124   78.055  146.836   78.999 -161.137  -61.152  -76.373   37.422   95.813    9.915    0.312401   -1.397380   -0.528472   -0.795907   -1.576124   -1.573417   -1.876411   -0.738611   -1.195916   14.216   19.038   10.317 S_000009
   6 P  -147.435  127.997  166.630   86.010 -149.849  -52.650   54.071   32.987   94.972  179.900    0.337657   -1.321837   -0.696632   -0.821902   -1.464736   -1.697730   -1.911618   -0.702420   -1.208143   17.181   22.422   14.973 S_000009
   7 P  -174.180  152.972 -160.333  104.826 -142.767  -78.703   76.242   19.884  101.194  179.947    0.387962   -1.086681   -0.991172   -0.843871   -1.294637   -1.855867   -1.944422   -0.700499   -1.202484   19.754   26.649   19.487 S_000009
   8 H   -66.237  173.183   49.299   79.079    0.000    0.000   77.695   42.669   86.554  -22.448    0.264554   -1.413565   -0.469304   -0.774546   -1.531755   -1.580735   -1.852322   -0.700008   -1.222957   22.822   31.251   22.550 S_000009
SCORE:     9.688                  9.688          0          1          0    S_000010
   1 H     0.000  170.252   55.279   82.526  157.531  -90.484   77.493   28.108  117.755  -78.501    0.345832   -1.369013   -0.609083   -0.862476   -1.646823   -1.502064   -1.857191   -0.685944   -1.225607    3.794    0.984    0.238 S_000010
   2 P   -34.343 -155.396  137.374  146.406  -75.364 -124.013  126.838  -35.241  155.747   40.514    0.326083   -0.175199   -1.476516   -0.805324   -1.100787   -1.931037   -1.947333   -0.704399   -1.195278    8.705    2.667   -1.969 S_000010
   3 N   -50.638 -178.442   54.553   81.558 -155.382  -85.346  102.058   35.982  100.920   -5.265    0.301054   -1.416715   -0.465015   -0.822229   -1.666998   -1.472046   -1.857637   -0.733540   -1.204472   10.873    9.070   -1.335 S_000010
   4 N  -148.162  164.915  118.385  145.355 -109.323 -178.043  158.161  -25.949  134.973  153.436    0.357113   -0.162484   -1.477571   -0.854725   -0.883260   -2.080780   -1.943630   -0.688761   -1.201220   12.589   13.601    3.574 S_000010
   5 N  -175.101 -147.674  159.572  141.718  176.133  146.872   62.364  -31.811 -103.226   76.911    0.331832   -0.177856   -1.485199   -0.843536   -1.029654   -1.962328   -1.977627   -0.691472   -1.204184   14.224   19.260    7.700 S_000010
   6 N  -160.454 -158.404  116.189   82.533 -144.080  -59.836   67.520   39.023   92.897  -28.111    0.335569   -1.317743   -0.617560   -0.748814   -1.344116   -1.670291   -1.873081   -0.593683   -1.274895   18.481   24.462   10.415 S_000010
   7 P  -167.703 -174.030 -172.706  150.262  -82.754  -98.128  162.319  -37.418  153.934  -96.537    0.341290   -0.123580   -1.479847   -0.753212   -1.075808   -1.949425   -1.900641   -0.697829   -1.213259   17.277   30.424   13.241 S_000010
   8 H   -70.937  171.711   51.872   83.480    0.000    0.000   83.739   34.023  101.974  -27.118    0.311818   -1.398255   -0.504064   -0.835381   -1.653073   -1.486008   -1.850900   -0.717199   -1.214169   18.388   36.505   15.667 S_000010
