SEQUENCE: gag
SCORE:     score    rna_stub_coord_hack       N_WC      N_NWC       N_BS description
REMARK RNA 
SCORE:     0.023                  0.023          0          0          0    S_000001
   1 H     0.000  170.252   55.279   87.557 -117.669  -37.939   51.936   35.979   88.170 -167.432    0.349981   -1.261347   -0.770600   -0.765418   -1.283818   -1.818580   -1.899800   -0.680481   -1.212872    3.794    0.984    0.238 S_000001
   2 P   171.747  153.395  159.041  148.712 -150.900 -143.856  163.298  -31.676  141.216  -34.261    0.335662   -0.099384   -1.482186   -0.823846   -0.920479   -2.044532   -1.934389   -0.708140   -1.198506    3.976   -3.507   -4.297 S_000001
   3 H   -75.471  167.271   62.242   81.316    0.000    0.000   70.853   43.773   85.553  141.161    0.244539   -1.423320   -0.461450   -0.766474   -1.584090   -1.600374   -1.864179   -0.759974   -1.216766    4.989   -9.647   -6.505 S_000001
SCORE:     0.020                  0.020          0          0          0    S_000002
   1 H     0.000  170.252   55.279  145.291 -112.356  -67.874  108.246  -33.606  154.868  -76.391    0.334586   -0.268619   -1.462760   -0.814799   -1.187152   -1.876304   -1.947118   -0.747870   -1.168518    3.794    0.984    0.238 S_000002
   2 N   167.952 -167.959  154.203  145.211 -155.376 -167.633   19.536  -32.174  148.043  -55.599    0.332777   -0.133501   -1.484945   -0.828850   -0.980089   -2.013944   -1.953344   -0.695714   -1.205944    5.623   -1.657   -5.425 S_000002
   3 H   -60.753  174.461   53.243   79.205    0.000    0.000   77.051   40.519   91.961  179.905    0.298660   -1.411910   -0.488931   -0.763985   -1.569790   -1.575549   -1.847173   -0.717000   -1.221098    6.229   -6.253   -9.962 S_000002
SCORE:     0.021                  0.021          0          0          0    S_000003
   1 H     0.000  170.252   55.279  143.035 -121.625  -43.733  108.425  -34.623  155.139   24.309    0.327227   -0.242082   -1.475964   -0.811943   -1.173587   -1.894268   -1.945042   -0.751556   -1.170554    3.794    0.984    0.238 S_000003
   2 P   171.747  153.395  159.041  148.712 -150.900 -143.856  163.298  -31.676  141.216  -34.261    0.335662   -0.099384   -1.482186   -0.823846   -0.920479   -2.044532   -1.934389   -0.708140   -1.198506    5.490   -2.016   -5.294 S_000003
   3 H     0.000 -178.193   62.485   81.564    0.000    0.000   69.304   42.241   89.935  159.801    0.306888   -1.394147   -0.528662   -0.726281   -1.484237   -1.639152   -1.852656   -0.738345   -1.205570    5.001   -7.130   -9.098 S_000003
SCORE:     0.027                  0.027          0          0          0    S_000004
   1 H     0.000  170.252   55.279  143.035 -121.625  -43.733  108.425  -34.623  155.139   24.309    0.327227   -0.242082   -1.475964   -0.811943   -1.173587   -1.894268   -1.945042   -0.751556   -1.170554    3.794    0.984    0.238 S_000004
   2 P  -166.924 -154.036  159.889   90.332 -178.658 -136.635   73.477   26.413  115.255    3.673    0.345049   -1.323606   -0.689620   -0.882069   -1.572952   -1.568229   -1.923026   -0.712384   -1.176451    4.807   -1.561   -5.434 S_000004
   3 H   -60.859  176.990   50.401   77.939    0.000    0.000   85.262   41.971   90.757  -21.356    0.283088   -1.420223   -0.466572   -0.761215   -1.564592   -1.570311   -1.841154   -0.706243   -1.224798    5.864   -6.595   -9.290 S_000004
SCORE:     0.020                  0.020          0          0          0    S_000005
   1 H     0.000  170.252   55.279  145.291 -112.356  -67.874  108.246  -33.606  154.868  -76.391    0.334586   -0.268619   -1.462760   -0.814799   -1.187152   -1.876304   -1.947118   -0.747870   -1.168518    3.794    0.984    0.238 S_000005
   2 N   167.952 -167.959  154.203  145.211 -155.376 -167.633   19.536  -32.174  148.043  -55.599    0.332777   -0.133501   -1.484945   -0.828850   -0.980089   -2.013944   -1.953344   -0.695714   -1.205944    5.623   -1.657   -5.425 S_000005
   3 H  -175.860  176.823  176.015   79.103    0.000    0.000   86.003   37.390   94.229  -17.397    0.324052   -1.360864   -0.602013   -0.777686   -1.491521   -1.656600   -1.869808   -0.692361   -1.228264    5.585   -5.748  -11.438 S_000005
SCORE:     0.028                  0.028          0          0          0    S_000006
   1 H     0.000  170.252   55.279   88.339 -124.004  -65.300   73.150   33.112   96.891  -76.562    0.345513   -1.316680   -0.685258   -0.801083   -1.468214   -1.684497   -1.891877   -0.698463   -1.211323    3.794    0.984    0.238 S_000006
   2 P   145.834  169.864  160.515  116.771 -150.825  -95.969  116.851    6.639  112.778  -49.780    0.428419   -0.827735   -1.201961   -0.850477   -1.142936   -1.957796   -1.955336   -0.681649   -1.210816    5.288   -3.583   -4.309 S_000006
   3 H   -64.257 -160.492   41.758   82.822    0.000    0.000   71.482   38.679   88.102 -153.195    0.316279   -1.353847   -0.608967   -0.765995   -1.450651   -1.678052   -1.876025   -0.720671   -1.206675    5.374   -9.860   -6.706 S_000006
SCORE:     0.026                  0.026          0          0          0    S_000007
   1 H     0.000  170.252   55.279   80.777 -121.733  -67.829   71.577   35.879   92.701  -19.378    0.340024   -1.334501   -0.657265   -0.778491   -1.452932   -1.696337   -1.883365   -0.701248   -1.214796    3.794    0.984    0.238 S_000007
   2 P   145.834  169.864  160.515  116.771 -150.825  -95.969  116.851    6.639  112.778  -49.780    0.428419   -0.827735   -1.201961   -0.850477   -1.142936   -1.957796   -1.955336   -0.681649   -1.210816    5.235   -3.667   -4.281 S_000007
   3 H   -62.192  176.396   50.346   82.072    0.000    0.000   77.429   39.801   90.647  179.909    0.307331   -1.374101   -0.576127   -0.764533   -1.478009   -1.662275   -1.864840   -0.690061   -1.232026    5.875   -9.847   -5.984 S_000007
SCORE:     0.026                  0.026          0          0          1    S_000008
   1 H     0.000  170.252   55.279   85.839 -126.585  -51.777   45.224   34.655   92.642  -25.204    0.347764   -1.294917   -0.714402   -0.784036   -1.391221   -1.742348   -1.897217   -0.692935   -1.213308    3.794    0.984    0.238 S_000008
   2 N  -175.101 -147.674  159.572  141.718  176.133  146.872   62.364  -31.811 -103.226   76.911    0.331832   -0.177856   -1.485199   -0.843536   -1.029654   -1.962328   -1.977627   -0.691472   -1.204184    4.373   -3.748   -3.974 S_000008
   3 H     0.000  -79.162 -169.743 -268.064    0.000    0.000   65.311   31.549   90.812  -14.922    0.409962   -1.209198   -0.851517   -0.728159   -1.285639   -1.857700   -1.876196   -0.752238   -1.192340    6.800   -6.780   -6.447 S_000008
SCORE:     0.022                  0.022          0          0          0    S_000009
   1 H     0.000  170.252   55.279   84.874 -111.608  -71.249   65.536   34.578   93.750  -24.515    0.342480   -1.317480   -0.675733   -0.792651   -1.441630   -1.696751   -1.892792   -0.698425   -1.209569    3.794    0.984    0.238 S_000009
   2 N   167.952 -167.959  154.203  145.211 -155.376 -167.633   19.536  -32.174  148.043  -55.599    0.332777   -0.133501   -1.484945   -0.828850   -0.980089   -2.013944   -1.953344   -0.695714   -1.205944    4.499   -3.428   -4.571 S_000009
   3 H    85.441 -171.416   45.965   84.282    0.000    0.000   66.015   41.339   86.709  167.914    0.294240   -1.361920   -0.622873   -0.758054   -1.399791   -1.731476   -1.883189   -0.698434   -1.223841    5.187   -9.843   -6.470 S_000009
SCORE:     0.030                  0.030          0          0          0    S_000010
   1 H     0.000  170.252   55.279   82.052 -124.210  -62.632   52.067   34.909   98.711  -16.698    0.347121   -1.340450   -0.639429   -0.786372   -1.481726   -1.659961   -1.876188   -0.684133   -1.218548    3.794    0.984    0.238 S_000010
   2 P   145.834  169.864  160.515  116.771 -150.825  -95.969  116.851    6.639  112.778  -49.780    0.428419   -0.827735   -1.201961   -0.850477   -1.142936   -1.957796   -1.955336   -0.681649   -1.210816    5.174   -3.751   -4.109 S_000010
   3 H   -61.064  167.873   54.617   80.287    0.000    0.000   66.341   39.710   94.093  -19.327    0.296141   -1.401202   -0.525184   -0.779173   -1.542719   -1.601687   -1.861971   -0.709212   -1.218933    5.673   -9.902   -5.402 S_000010
