SEQUENCE: gag
SCORE:     score    rna_stub_coord_hack       N_WC      N_NWC       N_BS description
REMARK RNA 
SCORE:     1.571                  1.571          0          0          0    S_000001
   1 H     0.000  170.252   55.279   80.170   54.114  -86.506  108.055   16.588  132.750   48.428    0.392913   -1.311998   -0.707451   -0.906668   -1.705736   -1.403430   -1.850515   -0.693175   -1.212312    3.794    0.984    0.238 S_000001
   2 P   171.747  153.395  159.041  148.712 -150.900 -143.856  163.298  -31.676  141.216  -34.261    0.335662   -0.099384   -1.482186   -0.823846   -0.920479   -2.044532   -1.934389   -0.708140   -1.198506    3.995    5.437   -2.199 S_000001
   3 H   -95.339 -178.938   75.363   84.328    0.000    0.000   83.956   43.198   93.012  179.911    0.239309   -1.402029   -0.544203   -0.788448   -1.458331   -1.660646   -1.853548   -0.632584   -1.256721    1.597   11.584   -4.350 S_000001
SCORE:     1.596                  1.596          0          0          1    S_000002
   1 H     0.000  170.252   55.279  112.114  -50.233  100.032  142.152    7.620  134.238  -12.482    0.408427   -1.051404   -1.049250   -0.920999   -1.432612   -1.708802   -1.954475   -0.622872   -1.227042    3.794    0.984    0.238 S_000002
   2 P   171.747  153.395  159.041  148.712 -150.900 -143.856  163.298  -31.676  141.216  -34.261    0.335662   -0.099384   -1.482186   -0.823846   -0.920479   -2.044532   -1.934389   -0.708140   -1.198506    5.589    5.507   -0.927 S_000002
   3 H   -46.617  117.208   67.055   83.179    0.000    0.000   62.714   39.876   89.477  179.951    0.311094   -1.371397   -0.588234   -0.758652   -1.467915   -1.677715   -1.867446   -0.700371   -1.228629    5.798    9.882    2.412 S_000002
SCORE:     1.571                  1.571          0          0          0    S_000003
   1 H     0.000  170.252   55.279   80.170   54.114  -86.506  108.055   16.588  132.750   48.428    0.392913   -1.311998   -0.707451   -0.906668   -1.705736   -1.403430   -1.850515   -0.693175   -1.212312    3.794    0.984    0.238 S_000003
   2 P   171.747  153.395  159.041  148.712 -150.900 -143.856  163.298  -31.676  141.216  -34.261    0.335662   -0.099384   -1.482186   -0.823846   -0.920479   -2.044532   -1.934389   -0.708140   -1.198506    3.995    5.437   -2.199 S_000003
   3 H   -72.001  175.009   52.931   83.057    0.000    0.000   77.019   34.894   98.439  -72.702    0.324638   -1.378513   -0.542818   -0.804935   -1.592409   -1.544983   -1.858030   -0.718478   -1.205540    1.271   11.154   -4.330 S_000003
SCORE:     1.596                  1.596          0          0          0    S_000004
   1 H     0.000  170.252   55.279  112.114  -50.233  100.032  142.152    7.620  134.238  -12.482    0.408427   -1.051404   -1.049250   -0.920999   -1.432612   -1.708802   -1.954475   -0.622872   -1.227042    3.794    0.984    0.238 S_000004
   2 P   171.747  153.395  159.041  148.712 -150.900 -143.856  163.298  -31.676  141.216  -34.261    0.335662   -0.099384   -1.482186   -0.823846   -0.920479   -2.044532   -1.934389   -0.708140   -1.198506    5.589    5.507   -0.927 S_000004
   3 H   -72.483  164.401   67.135   81.522    0.000    0.000   73.081   40.494   95.605 -144.119    0.274078   -1.441688   -0.390360   -0.796009   -1.662956   -1.460110   -1.841371   -0.741772   -1.200964    4.995   11.153    2.318 S_000004
SCORE:     1.573                  1.573          0          0          0    S_000005
   1 H     0.000  170.252   55.279  105.455  -42.841   88.486   82.003   -2.196  136.400 -152.234    0.430725   -0.994819   -1.075472   -0.890721   -1.561579   -1.604279   -1.946214   -0.753783   -1.158869    3.794    0.984    0.238 S_000005
   2 P  -173.910 -150.992  149.500  127.998 -128.911 -142.558   91.482   -6.193  136.127   15.787    0.408280   -0.788743   -1.262842   -0.923571   -1.317920   -1.806812   -1.984235   -0.740556   -1.116661    5.910    5.494   -1.135 S_000005
   3 H   148.463 -173.310 -173.531   81.124    0.000    0.000   65.422   40.313   89.566 -170.479    0.300130   -1.405324   -0.500291   -0.763421   -1.559507   -1.584612   -1.856991   -0.737441   -1.208449    6.481   12.740   -1.229 S_000005
SCORE:     1.571                  1.571          0          0          0    S_000006
   1 H     0.000  170.252   55.279   80.170   54.114  -86.506  108.055   16.588  132.750   48.428    0.392913   -1.311998   -0.707451   -0.906668   -1.705736   -1.403430   -1.850515   -0.693175   -1.212312    3.794    0.984    0.238 S_000006
   2 P   171.747  153.395  159.041  148.712 -150.900 -143.856  163.298  -31.676  141.216  -34.261    0.335662   -0.099384   -1.482186   -0.823846   -0.920479   -2.044532   -1.934389   -0.708140   -1.198506    3.995    5.437   -2.199 S_000006
   3 H   -67.372 -179.456   55.220   83.285    0.000    0.000   75.357   40.442   90.467  179.873    0.299140   -1.369969   -0.590934   -0.765411   -1.445020   -1.683760   -1.873878   -0.685446   -1.229287    1.303   11.201   -4.338 S_000006
SCORE:     1.573                  1.573          0          0          0    S_000007
   1 H     0.000  170.252   55.279  105.455  -42.841   88.486   82.003   -2.196  136.400 -152.234    0.430725   -0.994819   -1.075472   -0.890721   -1.561579   -1.604279   -1.946214   -0.753783   -1.158869    3.794    0.984    0.238 S_000007
   2 P  -173.910 -150.992  149.500  127.998 -128.911 -142.558   91.482   -6.193  136.127   15.787    0.408280   -0.788743   -1.262842   -0.923571   -1.317920   -1.806812   -1.984235   -0.740556   -1.116661    5.910    5.494   -1.135 S_000007
   3 H   -76.928  174.792   57.538   79.655    0.000    0.000   73.307   42.116   91.008  179.903    0.274745   -1.423335   -0.450743   -0.770798   -1.583208   -1.560167   -1.846573   -0.725128   -1.218886    6.726   12.043    0.539 S_000007
SCORE:     1.571                  1.571          0          0          0    S_000008
   1 H     0.000  170.252   55.279   80.170   54.114  -86.506  108.055   16.588  132.750   48.428    0.392913   -1.311998   -0.707451   -0.906668   -1.705736   -1.403430   -1.850515   -0.693175   -1.212312    3.794    0.984    0.238 S_000008
   2 P   171.747  153.395  159.041  148.712 -150.900 -143.856  163.298  -31.676  141.216  -34.261    0.335662   -0.099384   -1.482186   -0.823846   -0.920479   -2.044532   -1.934389   -0.708140   -1.198506    3.995    5.437   -2.199 S_000008
   3 H   -62.495  165.797   62.491   80.700    0.000    0.000   67.102   40.149   91.171  174.284    0.300617   -1.401363   -0.504425   -0.765364   -1.552289   -1.585668   -1.850257   -0.713344   -1.220692    1.052   10.865   -4.197 S_000008
SCORE:     1.571                  1.571          0          0          0    S_000009
   1 H     0.000  170.252   55.279   80.170   54.114  -86.506  108.055   16.588  132.750   48.428    0.392913   -1.311998   -0.707451   -0.906668   -1.705736   -1.403430   -1.850515   -0.693175   -1.212312    3.794    0.984    0.238 S_000009
   2 P   171.747  153.395  159.041  148.712 -150.900 -143.856  163.298  -31.676  141.216  -34.261    0.335662   -0.099384   -1.482186   -0.823846   -0.920479   -2.044532   -1.934389   -0.708140   -1.198506    3.995    5.437   -2.199 S_000009
   3 H   -71.424 -161.254   57.902   87.505    0.000    0.000   58.309   35.147   93.572  179.926    0.342613   -1.304549   -0.712931   -0.783525   -1.393744   -1.745436   -1.892357   -0.675951   -1.231545    1.674   11.529   -4.467 S_000009
SCORE:     1.571                  1.571          0          0          0    S_000010
   1 H     0.000  170.252   55.279   80.170   54.114  -86.506  108.055   16.588  132.750   48.428    0.392913   -1.311998   -0.707451   -0.906668   -1.705736   -1.403430   -1.850515   -0.693175   -1.212312    3.794    0.984    0.238 S_000010
   2 P   171.747  153.395  159.041  148.712 -150.900 -143.856  163.298  -31.676  141.216  -34.261    0.335662   -0.099384   -1.482186   -0.823846   -0.920479   -2.044532   -1.934389   -0.708140   -1.198506    3.995    5.437   -2.199 S_000010
   3 H   -68.010  175.615   54.760   78.911    0.000    0.000   72.992   40.088   92.448  -22.608    0.302035   -1.406925   -0.493033   -0.765869   -1.570233   -1.574411   -1.849258   -0.722561   -1.217154    1.237   11.119   -4.310 S_000010
