SEQUENCE: gag
SCORE:     score    rna_stub_coord_hack       N_WC      N_NWC       N_BS description
REMARK RNA 
SCORE:     0.322                  0.322          0          0          0    S_000001
   1 H     0.000  170.252   55.279  105.479  -70.748  -50.373  109.237    8.065  139.448  -20.886    0.394751   -1.167533   -0.930065   -0.938030   -1.599286   -1.540678   -1.920623   -0.668067   -1.209345    3.794    0.984    0.238 S_000001
   2 N   108.508 -176.322  149.924  149.884 -141.669  -82.151   91.714  -37.590  153.199   -4.148    0.314158   -0.097371   -1.491985   -0.784798   -1.043807   -1.970423   -1.924289   -0.726976   -1.191690    1.333   -0.299   -3.900 S_000001
   3 H   -75.059 -165.905   52.245   82.204    0.000    0.000   78.943   36.508   96.988 -150.053    0.333949   -1.367168   -0.563368   -0.771006   -1.548887   -1.600420   -1.847817   -0.706712   -1.223222   -4.257   -3.502   -2.003 S_000001
SCORE:     0.309                  0.309          0          0          0    S_000002
   1 H     0.000  170.252   55.279  142.644 -118.796   51.266   98.967  -32.755  153.811   20.655    0.348747   -0.250572   -1.465087   -0.804637   -1.147621   -1.910424   -1.943052   -0.723223   -1.190427    3.794    0.984    0.238 S_000002
   2 P   -33.122 -159.568  151.000  146.506 -145.092 -142.672   79.190  -33.668  154.217 -117.811    0.333818   -0.171529   -1.475823   -0.812366   -1.061031   -1.950460   -1.939960   -0.691146   -1.196381    2.766    2.385   -3.453 S_000002
   3 H   -55.219  156.705   65.668   79.017    0.000    0.000   73.953   30.818  112.160  154.123    0.313902   -1.446680   -0.389532   -0.871029   -1.821644   -1.282243   -1.844435   -0.801295   -1.164474   -2.629    4.692   -5.880 S_000002
SCORE:     0.309                  0.309          0          0          0    S_000003
   1 H     0.000  170.252   55.279  141.164  -80.259  -37.392  116.352  -34.097  154.296  -99.654    0.328838   -0.229349   -1.465648   -0.814512   -1.147046   -1.900567   -1.949233   -0.704975   -1.195727    3.794    0.984    0.238 S_000003
   2 P    57.480 -158.222  177.639   83.988 -167.491 -112.705  147.518   34.084  101.076  -21.261    0.329310   -1.365774   -0.595955   -0.819119   -1.554870   -1.597779   -1.887754   -0.714223   -1.202531    2.669    0.394   -3.879 S_000003
   3 H   -57.131  177.199   51.039   80.734    0.000    0.000   76.787   44.424   84.167  -18.899    0.229813   -1.441539   -0.473322   -0.794447   -1.554637   -1.627368   -1.880580   -0.729651   -1.216764   -2.680    1.652   -7.074 S_000003
SCORE:     0.290                  0.290          0          0          0    S_000004
   1 H     0.000  170.252   55.279  142.644 -118.796   51.266   98.967  -32.755  153.811   20.655    0.348747   -0.250572   -1.465087   -0.804637   -1.147621   -1.910424   -1.943052   -0.723223   -1.190427    3.794    0.984    0.238 S_000004
   2 P   -82.065 -169.133  159.105  130.152 -118.962 -131.679  102.280  -28.889  151.726  167.282    0.365724   -0.408328   -1.424356   -0.816562   -1.273284   -1.838067   -1.942577   -0.701107   -1.207967    3.003    2.414   -4.127 S_000004
   3 H   -62.535  160.443   51.895   81.605    0.000    0.000   73.129   34.921   97.577 -128.621    0.332709   -1.375424   -0.570407   -0.798621   -1.579015   -1.584336   -1.882368   -0.746376   -1.192711   -2.978    4.103   -6.400 S_000004
SCORE:     0.285                  0.285          0          0          0    S_000005
   1 H     0.000  170.252   55.279  109.791  -86.031  -28.716   97.324   -4.072  154.605    3.658    0.432992   -1.060617   -0.993306   -0.892079   -1.672394   -1.421786   -1.913007   -0.735767   -1.171156    3.794    0.984    0.238 S_000005
   2 P    51.708  166.016  165.802  144.117 -158.911  172.559 -116.298  -36.379  164.491  -35.030    0.332415   -0.279857   -1.462557   -0.789069   -1.253212   -1.810639   -1.936782   -0.713043   -1.201460    1.318   -0.421   -3.059 S_000005
   3 H   -74.921 -175.128   46.521   82.007    0.000    0.000   85.852   34.918   96.839  -17.251    0.325497   -1.368067   -0.591837   -0.807090   -1.549439   -1.604148   -1.880171   -0.720397   -1.202975   -5.032    1.224   -3.354 S_000005
SCORE:     0.302                  0.302          0          0          0    S_000006
   1 H     0.000  170.252   55.279  151.226  -94.055  -19.049   81.060  -32.087  141.248 -124.772    0.345654    0.002973   -1.485773   -0.809317   -0.789450   -2.109197   -1.913442   -0.661924   -1.228602    3.794    0.984    0.238 S_000006
   2 P    51.708  166.016  165.802  144.117 -158.911  172.559 -116.298  -36.379  164.491  -35.030    0.332415   -0.279857   -1.462557   -0.789069   -1.253212   -1.810639   -1.936782   -0.713043   -1.201460    2.863    1.694   -3.876 S_000006
   3 H   -46.976  161.004   49.792   82.764    0.000    0.000   85.568   35.517   93.481   -9.038    0.342270   -1.339219   -0.640480   -0.780101   -1.473428   -1.670451   -1.877869   -0.711488   -1.212848   -0.625    5.980   -6.492 S_000006
SCORE:     0.289                  0.289          0          0          0    S_000007
   1 H     0.000  170.252   55.279  141.164  -80.259  -37.392  116.352  -34.097  154.296  -99.654    0.328838   -0.229349   -1.465648   -0.814512   -1.147046   -1.900567   -1.949233   -0.704975   -1.195727    3.794    0.984    0.238 S_000007
   2 P    95.862 -150.045 -177.753  145.463 -163.746 -130.631  132.028  -25.964  134.716  -54.064    0.372792   -0.139680   -1.476267   -0.836576   -0.849905   -2.078892   -1.921957   -0.718372   -1.188673    2.503    1.054   -3.789 S_000007
   3 H    64.267 -176.862  -52.170  -80.092    0.000    0.000  -74.736  -41.026  -90.569   18.974    0.320839   -1.378150    0.549723   -0.716349   -1.487019    1.642981   -1.798230   -0.677969    1.260190   -3.567   -0.722   -4.808 S_000007
SCORE:     0.289                  0.289          0          0          0    S_000008
   1 H     0.000  170.252   55.279  141.164  -80.259  -37.392  116.352  -34.097  154.296  -99.654    0.328838   -0.229349   -1.465648   -0.814512   -1.147046   -1.900567   -1.949233   -0.704975   -1.195727    3.794    0.984    0.238 S_000008
   2 P    95.862 -150.045 -177.753  145.463 -163.746 -130.631  132.028  -25.964  134.716  -54.064    0.372792   -0.139680   -1.476267   -0.836576   -0.849905   -2.078892   -1.921957   -0.718372   -1.188673    2.503    1.054   -3.789 S_000008
   3 H   160.196 -166.276  161.796   87.225    0.000    0.000   62.186   36.404   88.995  179.622    0.332801   -1.282633   -0.753804   -0.775845   -1.314628   -1.802291   -1.892382   -0.655405   -1.229355   -4.342    0.206   -5.360 S_000008
SCORE:     0.276                  0.276          0          0          0    S_000009
   1 H     0.000  170.252   55.279   90.886 -117.730   39.793   69.010   31.818   99.175  -82.341    0.346327   -1.296448   -0.722906   -0.821484   -1.438485   -1.707425   -1.914878   -0.692589   -1.207688    3.794    0.984    0.238 S_000009
   2 P   -33.122 -159.568  151.000  146.506 -145.092 -142.672   79.190  -33.668  154.217 -117.811    0.333818   -0.171529   -1.475823   -0.812366   -1.061031   -1.950460   -1.939960   -0.691146   -1.196381    0.971   -0.868   -2.118 S_000009
   3 H   -68.240  174.287   54.928   76.554    0.000    0.000   79.477   42.823   90.205  -19.784    0.289059   -1.415091   -0.476634   -0.742489   -1.529620   -1.591911   -1.831115   -0.699316   -1.232265   -5.013   -3.307   -0.443 S_000009
SCORE:     0.258                  0.258          0          0          0    S_000010
   1 H     0.000  170.252   55.279  151.226  -94.055  -19.049   81.060  -32.087  141.248 -124.772    0.345654    0.002973   -1.485773   -0.809317   -0.789450   -2.109197   -1.913442   -0.661924   -1.228602    3.794    0.984    0.238 S_000010
   2 P    95.862 -150.045 -177.753  145.463 -163.746 -130.631  132.028  -25.964  134.716  -54.064    0.372792   -0.139680   -1.476267   -0.836576   -0.849905   -2.078892   -1.921957   -0.718372   -1.188673    2.783    1.674   -3.583 S_000010
   3 H   -52.897  150.443   72.042   83.468    0.000    0.000   74.834   39.392   91.450  179.930    0.308193   -1.379987   -0.558729   -0.766033   -1.507597   -1.636187   -1.857629   -0.695373   -1.232809   -2.951    0.819   -5.299 S_000010
