SEQUENCE: gaaaaaag
SCORE:     score    rna_stub_coord_hack       N_WC      N_NWC       N_BS description
REMARK RNA 
SCORE:     3.091                  3.091          0          0          1    S_000001
   1 H     0.000  170.252   55.279   79.645    0.000    0.000   78.056   37.564   95.080  -21.788    0.310819   -1.380481   -0.556628   -0.792154   -1.525303   -1.599243   -1.855303   -0.688813   -1.226645    3.794    0.984    0.238 S_000001
   2 P    99.147  138.662   73.745   78.896 -141.850 -156.351   76.427   43.913   90.891 -157.367    0.259377   -1.448851   -0.380026   -0.756931   -1.635026   -1.504621   -1.811214   -0.718104   -1.234329    3.665    4.491    0.657 S_000001
   3 N   140.751   78.375  147.908   85.219 -139.919 -122.587   67.224   27.161  117.339 -128.645    0.327420   -1.390343   -0.558417   -0.896324   -1.706978   -1.419161   -1.868152   -0.719232   -1.199857    1.697    1.297    6.715 S_000001
   4 P  -172.604  161.126  159.864  155.138 -101.607 -139.360  -48.863  -40.948  155.621   78.591    0.319081    0.026124   -1.484098   -0.731166   -0.944630   -1.986654   -1.887978   -0.700564   -1.211859   -3.193   -0.464   11.832 S_000001
   5 P   143.462 -164.466  175.058   83.117  155.230   14.545   65.117   39.437   86.499  -87.359    0.308174   -1.353501   -0.624214   -0.770497   -1.423869   -1.708406   -1.889234   -0.708017   -1.212822   -8.536   -1.575   16.459 S_000001
   6 N   159.691 -170.590 -174.109   88.343 -146.100  -64.645   64.868   37.125   98.321   81.301    0.318687   -1.369463   -0.573472   -0.783925   -1.523176   -1.616361   -1.852265   -0.662433   -1.260222  -10.512    0.345   21.995 S_000001
   7 N   -95.425 -155.406   77.947   78.499 -154.163 -122.653  107.035   36.958  102.556  165.680    0.427752   -1.322176   -0.584372   -0.619659   -1.490434   -1.618431   -1.705002   -0.657488   -1.286959  -11.684    1.846   28.473 S_000001
   8 H   -88.359 -145.238   11.180   77.993    0.000    0.000  118.360   31.591  107.462  -16.194    0.336269   -1.391770   -0.526220   -0.834643   -1.679830   -1.473646   -1.873166   -0.762242   -1.185250  -14.797   -0.321   34.508 S_000001
SCORE:     2.948                  2.948          0          0          1    S_000002
   1 H     0.000  170.252   55.279   78.162    0.000    0.000   89.573   38.277   93.045  -15.415    0.313920   -1.384568   -0.547180   -0.778911   -1.534089   -1.606058   -1.866708   -0.714906   -1.212515    3.794    0.984    0.238 S_000002
   2 N    98.782  142.576   70.076   87.990 -168.311  -58.984   55.170   36.306   92.999  -14.663    0.324763   -1.347975   -0.638688   -0.791780   -1.469154   -1.679115   -1.896454   -0.714197   -1.209228    3.593    4.429    0.692 S_000002
   3 P  -134.646 -125.021  159.087   79.522 -110.139  -84.139   48.649   37.999   93.576  147.096    0.321892   -1.377202   -0.564321   -0.774008   -1.522676   -1.624014   -1.865575   -0.710128   -1.216522   -1.368    3.732    5.349 S_000002
   4 P  -170.283  161.190 -176.306  140.990 -163.860 -102.059  133.153  -32.306  149.951  165.152    0.350717   -0.168927   -1.477787   -0.803819   -1.029144   -1.981828   -1.933928   -0.657356   -1.225843   -2.945    4.691   12.119 S_000002
   5 P   -83.884  142.556   77.118   79.789  -98.368 -115.149   87.282   34.208   99.879  179.919    0.330020   -1.375572   -0.575593   -0.809311   -1.582616   -1.573757   -1.878448   -0.736575   -1.200016   -5.526    3.375   17.381 S_000002
   6 P   -52.902 -179.430   55.756  131.991 -105.786  168.543  117.329  -23.333  147.020  164.868    0.436199   -0.310214   -1.426061   -0.789518   -1.035502   -1.975489   -1.915962   -0.738496   -1.194202   -5.826    2.703   24.143 S_000002
   7 N  -175.874  161.212   54.636   87.205   47.116  170.648  100.204   28.645  102.230   42.150    0.383630   -1.217538   -0.820527   -0.808416   -1.345399   -1.772667   -1.902996   -0.635288   -1.238545   -9.806    2.548   29.622 S_000002
   8 H   -42.210  161.501   50.967   86.378    0.000    0.000   73.940   33.005  103.186 -106.716    0.346439   -1.340122   -0.623922   -0.805176   -1.526779   -1.609876   -1.862237   -0.680103   -1.222758   -8.673    4.467   35.779 S_000002
SCORE:     2.618                  2.618          0          0          0    S_000003
   1 H     0.000  170.252   55.279   78.288    0.000    0.000   75.388   45.699   85.074  -20.695    0.207104   -1.446644   -0.459879   -0.790780   -1.532608   -1.612994   -1.870361   -0.686617   -1.240029    3.794    0.984    0.238 S_000003
   2 P   101.942  152.144   41.937  140.843 -126.892 -141.606  133.577  -32.137  151.550 -175.108    0.353825   -0.281542   -1.457550   -0.804631   -1.176165   -1.895703   -1.939325   -0.742498   -1.176153    3.501    4.300    0.821 S_000003
   3 P  -171.138 -159.674  155.788   87.190 -128.050 -166.775   84.303   35.145   89.823 -155.916    0.321597   -1.298553   -0.720453   -0.812913   -1.374949   -1.752188   -1.910608   -0.679834   -1.214896   -1.551    3.339    6.082 S_000003
   4 P   164.423 -126.231  176.251   91.863 -148.152  -95.447   90.726   36.141   94.787  -18.747    0.308216   -1.335123   -0.633984   -0.806988   -1.469271   -1.673926   -1.899392   -0.725780   -1.196649   -3.244    1.322   12.712 S_000003
   5 P  -133.749 -135.407  144.310  130.845 -116.303 -178.649  121.579  -35.275  165.934  163.039    0.368044   -0.566274   -1.363413   -0.770648   -1.563835   -1.500435   -1.902733   -0.799223   -1.154475   -4.058   -1.364   19.343 S_000003
   6 N   -58.837 -176.989   51.165   85.109 -150.039  -71.066   79.807   39.048   87.531   96.966    0.311207   -1.352888   -0.613109   -0.758045   -1.437489   -1.677822   -1.855764   -0.690059   -1.220853   -7.338   -1.875   24.827 S_000003
   7 N   -50.936  170.693   59.456  140.138 -123.590 -165.720  102.147  -28.824  146.926   74.808    0.372909   -0.320183   -1.444597   -0.805892   -1.158175   -1.918373   -1.937237   -0.739376   -1.178972   -8.332   -0.583   30.564 S_000003
   8 H   -53.711  175.435   49.363   80.074    0.000    0.000   71.461   40.539   88.735  -21.966    0.289969   -1.412877   -0.486565   -0.773617   -1.570378   -1.571828   -1.866518   -0.748770   -1.194270  -10.168   -0.939   36.803 S_000003
SCORE:     2.857                  2.857          0          2          0    S_000004
   1 H     0.000  170.252   55.279   76.254    0.000    0.000   77.113   38.935   94.527  -45.907    0.309521   -1.390159   -0.537819   -0.777898   -1.531856   -1.606124   -1.856107   -0.687633   -1.229035    3.794    0.984    0.238 S_000004
   2 P    61.738 -132.075  178.564  106.189 -171.343 -102.760  121.990   -5.332  145.988 -167.146    0.426240   -0.987668   -1.091600   -0.899221   -1.598564   -1.560373   -1.950124   -0.758656   -1.156180    3.651    2.011    1.413 S_000004
   3 N   138.422  119.523   56.676   84.853   53.786  138.605   49.003    8.551  136.662   65.599    0.436521   -1.202607   -0.821644   -0.877003   -1.690398   -1.422836   -1.825804   -0.688787   -1.208249    4.029    2.094    8.537 S_000004
   4 P   -81.969  -86.821 -174.157   75.787 -159.050 -146.501 -176.174   43.715   78.097  179.915    0.307460   -1.373554   -0.609335   -0.719837   -1.311569   -1.716845   -1.872270   -0.619467   -1.275353    1.460    0.463   13.676 S_000004
   5 P  -141.438 -173.059   59.783   86.819   64.242  123.802  129.505   17.004  123.499   57.036    0.418770   -1.172726   -0.880056   -0.860914   -1.479592   -1.655423   -1.888016   -0.619308   -1.243832   -3.722   -0.739   18.597 S_000004
   6 P  -125.086  145.493   69.963   84.203 -158.058 -123.195  168.515   36.291   95.165  143.628    0.305273   -1.413075   -0.506265   -0.815956   -1.633501   -1.528120   -1.891014   -0.787768   -1.165172   -4.495   -0.529   24.957 S_000004
   7 N  -171.625  176.925  158.044  144.184 -104.448  125.300   80.643  -31.826  152.153  147.036    0.340134   -0.217569   -1.475525   -0.826879   -1.082745   -1.944084   -1.953279   -0.688293   -1.198132   -6.815    1.618   31.450 S_000004
   8 H   -82.608  163.564   85.707   82.549    0.000    0.000   61.320   39.720   91.410 -157.102    0.302471   -1.403644   -0.493475   -0.766639   -1.569789   -1.564338   -1.847814   -0.723282   -1.207361   -9.898   -1.661   33.646 S_000004
SCORE:     2.840                  2.840          0          0          3    S_000005
   1 H     0.000  170.252   55.279   76.414    0.000    0.000   95.104   44.800   82.969  179.895    0.267060   -1.388686   -0.541830   -0.733648   -1.430030   -1.693918   -1.857636   -0.692411   -1.236860    3.794    0.984    0.238 S_000005
   2 N    70.215  179.448   56.549  150.123 -105.063 -125.390  125.761  -36.381  151.662  179.883    0.330983   -0.084544   -1.483624   -0.778603   -1.002426   -1.991443   -1.919982   -0.706375   -1.208698    3.600    3.295    1.385 S_000005
   3 P  -116.943   87.117  165.784   84.174 -136.954  -66.572   68.530   39.787   85.511  167.236    0.309170   -1.355702   -0.612589   -0.762140   -1.425812   -1.697764   -1.885733   -0.713548   -1.207527    0.505    2.405    6.615 S_000005
   4 P   148.676 -165.600 -170.434   82.795 -127.847  -99.219   77.270   36.905   94.303  -60.066    0.302431   -1.388814   -0.560459   -0.809846   -1.564362   -1.602826   -1.893046   -0.745849   -1.192433   -2.431    2.537   12.326 S_000005
   5 P   -38.449  157.673   56.422   86.575 -149.404 -132.935  127.803   31.460   99.494  165.329    0.348234   -1.339664   -0.648897   -0.820908   -1.543872   -1.615460   -1.901210   -0.747956   -1.178941   -6.002    2.076   17.392 S_000005
   6 P  -168.621  177.343  175.673   83.981 -130.698  -83.103   86.287   37.126   93.825 -173.520    0.326691   -1.360752   -0.612108   -0.780568   -1.486223   -1.663273   -1.874036   -0.699277   -1.219705   -7.804    1.513   24.441 S_000005
   7 P  -113.502  108.942  113.423   77.801 -126.417  -61.985   81.124   41.005   92.313  -74.085    0.306537   -1.418012   -0.438122   -0.729852   -1.613442   -1.515013   -1.819794   -0.747869   -1.221318   -7.779    2.829   30.524 S_000005
   8 H   -50.755  173.719   46.089   79.563    0.000    0.000   66.304   37.990   90.577  179.923    0.315035   -1.383381   -0.551854   -0.785326   -1.530688   -1.607706   -1.879123   -0.738453   -1.195110  -11.340    1.258   35.102 S_000005
SCORE:     2.627                  2.627          0          0          0    S_000006
   1 H     0.000  170.252   55.279   76.540    0.000    0.000   71.008   37.823   97.630  -24.009    0.309522   -1.395014   -0.521813   -0.792749   -1.566639   -1.569553   -1.848805   -0.686814   -1.230629    3.794    0.984    0.238 S_000006
   2 P    70.071  166.627   76.481  149.942 -116.503 -179.608  101.181  -39.177  161.116   29.099    0.300194   -0.164801   -1.482018   -0.777516   -1.159843   -1.889954   -1.931766   -0.730120   -1.194241    3.680    3.577    1.284 S_000006
   3 N   -60.901  174.926   45.068   88.481 -160.483  -85.867   71.655   34.069  101.809  116.442    0.344213   -1.340380   -0.615796   -0.794498   -1.520670   -1.622711   -1.870820   -0.695960   -1.218459    2.534    5.189    7.316 S_000006
   4 P  -172.564  127.960  145.240   79.909 -123.423  -74.300   59.084   38.736   99.149    4.314    0.366888   -1.353799   -0.648101   -0.720295   -1.428243   -1.736393   -1.867590   -0.724777   -1.210854    3.081    3.880   14.149 S_000006
   5 N   -98.041 -137.837  155.725  158.717  -99.849  162.372  109.093  -41.754  160.788   52.267    0.289315   -0.001541   -1.489878   -0.763911   -1.005286   -1.960819   -1.921518   -0.690989   -1.218223    0.378    1.242   20.046 S_000006
   6 P   132.201 -170.136  172.043   82.935 -174.144  -99.458  113.946   35.506  102.658  -57.807    0.296716   -1.397482   -0.505598   -0.833698   -1.628991   -1.513709   -1.843882   -0.692077   -1.232421   -3.369    1.541   25.778 S_000006
   7 P   149.014 -155.242 -178.126   84.779 -102.452 -121.172   63.331   34.511  100.273 -173.612    0.341870   -1.354035   -0.615372   -0.789933   -1.534865   -1.629441   -1.860365   -0.683078   -1.232961   -7.767    2.069   30.519 S_000006
   8 H   -86.431 -170.425   69.578  124.091    0.000    0.000  116.376    1.476  135.974   12.384    0.430289   -0.818793   -1.215310   -0.896714   -1.208586   -1.862373   -1.958635   -0.540097   -1.257599  -11.230    2.927   36.636 S_000006
SCORE:     3.064                  3.064          0          0          0    S_000007
   1 H     0.000  170.252   55.279   73.265  178.416  -59.932   77.706   44.852   92.807  -73.637    0.224482   -1.461887   -0.374837   -0.783501   -1.605025   -1.498636   -1.829774   -0.699526   -1.231104    3.794    0.984    0.238 S_000007
   2 P    87.734 -126.119   66.761   93.356 -145.195 -154.771  131.591   30.737  101.334 -136.956    0.349236   -1.292942   -0.730740   -0.832042   -1.441780   -1.694710   -1.903661   -0.665505   -1.221447    7.690   -1.339   -0.376 S_000007
   3 P   139.901 -101.394 -178.561  141.920 -123.942 -144.089   80.191  -30.931  156.102   31.126    0.358691   -0.354753   -1.434289   -0.818117   -1.244867   -1.828128   -1.948415   -0.714488   -1.176518    4.753   -0.279    5.383 S_000007
   4 N   155.698 -147.514  169.931   83.393 -124.401  -88.271   60.605   36.805   93.611  -23.064    0.324225   -1.355591   -0.614213   -0.787839   -1.484943   -1.661573   -1.879896   -0.700877   -1.213843    4.564    1.861   12.210 S_000007
   5 N  -174.783  120.716  177.399  150.472 -127.479 -150.643  -46.738  -38.379  156.036  172.165    0.295515   -0.075973   -1.493365   -0.801078   -1.032701   -1.963612   -1.942754   -0.690149   -1.211052    2.051    1.849   18.856 S_000007
   6 P   145.834  169.864  160.515  116.771 -150.825  -95.969  116.851    6.639  112.778  -49.780    0.428419   -0.827735   -1.201961   -0.850477   -1.142936   -1.957796   -1.955336   -0.681649   -1.210816    1.659    0.109   25.974 S_000007
   7 N   167.952 -167.959  154.203  145.211 -155.376 -167.633   19.536  -32.174  148.043  -55.599    0.332777   -0.133501   -1.484945   -0.828850   -0.980089   -2.013944   -1.953344   -0.695714   -1.205944   -0.937   -0.161   32.413 S_000007
   8 H   -69.493  169.348   56.310   79.674    0.000    0.000   71.815   40.568   90.417  179.896    0.295796   -1.397974   -0.509206   -0.768251   -1.537149   -1.600397   -1.855049   -0.705445   -1.225516   -1.347    1.498   38.663 S_000007
SCORE:     2.573                  2.573          0          0          2    S_000008
   1 H     0.000  170.252   55.279   78.554    0.000    0.000   86.817   43.655   88.646  178.507    0.268904   -1.429920   -0.443335   -0.754686   -1.576995   -1.579565   -1.864155   -0.753530   -1.200287    3.794    0.984    0.238 S_000008
   2 P    34.262  -92.384 -109.688   89.167 -136.325  -61.254   58.981   34.939   89.502 -128.699    0.336323   -1.268819   -0.768644   -0.793902   -1.307888   -1.794684   -1.901583   -0.658341   -1.223486    3.354    0.923    0.774 S_000008
   3 P  -154.050  145.148  124.520   89.904 -156.931 -129.437   98.571   22.752  116.377   53.243    0.366115   -1.304268   -0.738772   -0.890164   -1.596323   -1.568220   -1.925176   -0.727709   -1.180955   -1.349    1.502    5.551 S_000008
   4 P   145.559 -147.661 -179.920   89.636 -147.948 -121.251  142.316   19.265  124.361   72.826    0.378876   -1.314939   -0.680925   -0.895597   -1.696331   -1.431095   -1.862822   -0.708039   -1.208086   -4.394    1.343   11.661 S_000008
   5 N   162.851 -174.181  174.872   89.117 -135.686  -80.471   74.982   34.691   91.621  -18.571    0.348335   -1.303500   -0.710850   -0.781973   -1.406205   -1.739385   -1.894539   -0.695738   -1.212818   -7.381    0.732   18.168 S_000008
   6 P  -133.749 -135.407  144.310  130.845 -116.303 -178.649  121.579  -35.275  165.934  163.039    0.368044   -0.566274   -1.363413   -0.770648   -1.563835   -1.500435   -1.902733   -0.799223   -1.154475   -7.433    0.838   25.251 S_000008
   7 P   -55.732 -178.454   12.477  114.618 -148.111  -74.694   87.737   12.914  100.952   52.154    0.410515   -0.875154   -1.182607   -0.854592   -1.074153   -2.001685   -1.949066   -0.699983   -1.194929   -9.055   -1.629   30.914 S_000008
   8 H   -61.425 -179.989   62.932   85.605    0.000    0.000   71.173   34.408   97.605  -20.865    0.320363   -1.340305   -0.632361   -0.816395   -1.498390   -1.640104   -1.892142   -0.700636   -1.211458   -9.465   -0.364   37.050 S_000008
SCORE:     2.801                  2.801          0          0          0    S_000009
   1 H     0.000  170.252   55.279   83.241    0.000    0.000   80.376   53.521   77.574  179.891    0.178377   -1.427860   -0.481481   -0.679632   -1.357955   -1.729841   -1.849110   -0.702829   -1.239279    3.794    0.984    0.238 S_000009
   2 P    27.222  161.958   52.102  140.954  -92.471  120.212  145.323  -32.463  148.116   26.479    0.346151   -0.250022   -1.459543   -0.804287   -1.138818   -1.914219   -1.936977   -0.749447   -1.168142    3.668    2.854    1.558 S_000009
   3 P    64.933  133.624  179.362  114.853 -147.588  -66.485   65.255    5.699  113.431 -141.561    0.425503   -0.843776   -1.193064   -0.854915   -1.190691   -1.934985   -1.953380   -0.669601   -1.216070    1.038    1.584    6.914 S_000009
   4 P  -133.435  121.623  159.513   84.107 -132.282  -83.506   67.169   34.547   94.201  -27.447    0.328492   -1.348144   -0.633645   -0.807308   -1.509568   -1.647897   -1.897709   -0.723428   -1.200444    0.043    2.619   13.152 S_000009
   5 P  -133.435  121.623  159.513   84.107 -132.282  -83.506   67.169   34.547   94.201  -27.447    0.328492   -1.348144   -0.633645   -0.807308   -1.509568   -1.647897   -1.897709   -0.723428   -1.200444   -2.311    2.215   19.354 S_000009
   6 N  -175.101 -147.674  159.572  141.718  176.133  146.872   62.364  -31.811 -103.226   76.911    0.331832   -0.177856   -1.485199   -0.843536   -1.029654   -1.962328   -1.977627   -0.691472   -1.204184   -4.657    2.705   25.771 S_000009
   7 N   -68.786  170.072   56.746   85.031 -152.370  -66.504   75.436   36.884   94.861  179.917    0.320218   -1.362578   -0.601490   -0.787122   -1.502886   -1.646311   -1.878348   -0.705774   -1.219043   -7.887    1.291   31.026 S_000009
   8 H   -62.254  161.397   53.978   82.565    0.000    0.000   74.941   37.114   90.958   25.047    0.325581   -1.355691   -0.599963   -0.777072   -1.486400   -1.645260   -1.873047   -0.726244   -1.201859   -8.797   -0.275   36.566 S_000009
SCORE:     2.670                  2.670          0          0          0    S_000010
   1 H     0.000  170.252   55.279   78.053    0.000    0.000   86.061   40.365   93.059 -171.721    0.293400   -1.389809   -0.517604   -0.774847   -1.530028   -1.610650   -1.839629   -0.656551   -1.271481    3.794    0.984    0.238 S_000010
   2 N    75.333 -112.587 -103.567   83.319 -133.228  -70.034   70.651   38.057   91.892  -27.357    0.297241   -1.371875   -0.589221   -0.793104   -1.508048   -1.649260   -1.879308   -0.729667   -1.198404    4.231    1.919    1.342 S_000010
   3 P   -39.132 -128.014  178.683  148.423 -128.491 -161.176   82.490  -39.164  159.768  138.907    0.324895   -0.118877   -1.481124   -0.753142   -1.105909   -1.924168   -1.915263   -0.709937   -1.216600   -0.235    2.439    5.879 S_000010
   4 P   161.023  139.121   55.500  153.727 -123.271  175.609   98.961  -39.837  160.777  -92.184    0.316133   -0.114002   -1.485065   -0.754793   -1.110128   -1.910535   -1.913633   -0.713393   -1.208659   -1.549    1.093   12.894 S_000010
   5 P   -73.688  154.833   59.185  146.485 -111.162  175.140  119.829  -32.346  150.459   20.864    0.348829   -0.220202   -1.465450   -0.808985   -1.098138   -1.929436   -1.939839   -0.717382   -1.183677   -4.207    1.842   18.303 S_000010
   6 P   101.545 -166.544 -165.818  126.065 -162.988  -99.544   98.876  -15.674  141.015 -159.461    0.397392   -0.610821   -1.338979   -0.860837   -1.287097   -1.866209   -1.963161   -0.695831   -1.206560   -5.736    3.022   24.848 S_000010
   7 P   -79.168 -124.694   51.623  146.123 -125.783 -149.640  160.856  -38.016  162.276  139.327    0.324545   -0.269269   -1.465500   -0.773459   -1.272864   -1.808773   -1.927933   -0.748816   -1.185459   -5.882    4.496   31.637 S_000010
   8 H   -56.856  167.538   54.625   80.551    0.000    0.000   70.828   40.375   91.226  169.797    0.292705   -1.409412   -0.471275   -0.774600   -1.582530   -1.556099   -1.851451   -0.727340   -1.214161   -7.952    3.613   37.824 S_000010
