SEQUENCE: gg
SCORE:     score    rna_stub_coord_hack       N_WC      N_NWC       N_BS description
REMARK RNA 
SCORE:     0.082                  0.082          0          0          0    S_000001
   1 H     0.000  170.252   55.279  105.455  -42.841   88.486   82.003   -2.196  136.400 -152.234    0.430725   -0.994819   -1.075472   -0.890721   -1.561579   -1.604279   -1.946214   -0.753783   -1.158869    3.794    0.984    0.238 S_000001
   2 H   -67.029 -167.628   49.613   89.686    0.000    0.000   74.851   38.544   89.287 -167.011    0.313396   -1.341081   -0.618588   -0.772770   -1.433471   -1.690438   -1.880366   -0.695184   -1.216696    5.057    4.650    0.490 S_000001
SCORE:     0.082                  0.082          0          0          0    S_000002
   1 H     0.000  170.252   55.279  105.455  -42.841   88.486   82.003   -2.196  136.400 -152.234    0.430725   -0.994819   -1.075472   -0.890721   -1.561579   -1.604279   -1.946214   -0.753783   -1.158869    3.794    0.984    0.238 S_000002
   2 H    55.097  159.788   41.323  108.625    0.000    0.000   65.557   13.249  106.575    4.513    0.426858   -0.975841   -1.093775   -0.830546   -1.247325   -1.902584   -1.932512   -0.689211   -1.212194    6.933    4.698   -0.545 S_000002
SCORE:     0.082                  0.082          0          0          0    S_000003
   1 H     0.000  170.252   55.279  105.455  -42.841   88.486   82.003   -2.196  136.400 -152.234    0.430725   -0.994819   -1.075472   -0.890721   -1.561579   -1.604279   -1.946214   -0.753783   -1.158869    3.794    0.984    0.238 S_000003
   2 H   -77.543 -145.161   44.412   90.523    0.000    0.000  115.156   29.221   95.009 -104.840    0.384132   -1.208442   -0.844720   -0.799909   -1.310950   -1.807739   -1.910361   -0.675601   -1.216680    4.549    4.940    0.078 S_000003
SCORE:     0.082                  0.082          0          0          0    S_000004
   1 H     0.000  170.252   55.279  105.455  -42.841   88.486   82.003   -2.196  136.400 -152.234    0.430725   -0.994819   -1.075472   -0.890721   -1.561579   -1.604279   -1.946214   -0.753783   -1.158869    3.794    0.984    0.238 S_000004
   2 H   -71.570 -161.109   51.906   83.377    0.000    0.000   82.758   36.966   94.647    9.877    0.320687   -1.362146   -0.609524   -0.786546   -1.494913   -1.656613   -1.874998   -0.693873   -1.227156    4.893    4.767    0.368 S_000004
SCORE:     0.082                  0.082          0          0          0    S_000005
   1 H     0.000  170.252   55.279  105.455  -42.841   88.486   82.003   -2.196  136.400 -152.234    0.430725   -0.994819   -1.075472   -0.890721   -1.561579   -1.604279   -1.946214   -0.753783   -1.158869    3.794    0.984    0.238 S_000005
   2 H   -57.131  177.199   51.039   80.734    0.000    0.000   76.787   44.424   84.167  -18.899    0.229813   -1.441539   -0.473322   -0.794447   -1.554637   -1.627368   -1.880580   -0.729651   -1.216764    5.471    4.363    0.680 S_000005
SCORE:     0.082                  0.082          0          0          1    S_000006
   1 H     0.000  170.252   55.279  105.455  -42.841   88.486   82.003   -2.196  136.400 -152.234    0.430725   -0.994819   -1.075472   -0.890721   -1.561579   -1.604279   -1.946214   -0.753783   -1.158869    3.794    0.984    0.238 S_000006
   2 H   -18.326  -97.552  -95.862   92.617    0.000    0.000   77.368   34.144   88.556  -19.178    0.331933   -1.245139   -0.811623   -0.800602   -1.278569   -1.831361   -1.913228   -0.663529   -1.232829    4.457    3.197    0.861 S_000006
SCORE:     0.082                  0.082          0          0          0    S_000007
   1 H     0.000  170.252   55.279  105.455  -42.841   88.486   82.003   -2.196  136.400 -152.234    0.430725   -0.994819   -1.075472   -0.890721   -1.561579   -1.604279   -1.946214   -0.753783   -1.158869    3.794    0.984    0.238 S_000007
   2 H   -60.874  137.253   78.890   84.011    0.000    0.000   72.616   41.664   90.320  155.150    0.268835   -1.412306   -0.474967   -0.780264   -1.561175   -1.576331   -1.847937   -0.705747   -1.226498    5.899    3.595    0.878 S_000007
SCORE:     0.082                  0.082          0          0          0    S_000008
   1 H     0.000  170.252   55.279  105.455  -42.841   88.486   82.003   -2.196  136.400 -152.234    0.430725   -0.994819   -1.075472   -0.890721   -1.561579   -1.604279   -1.946214   -0.753783   -1.158869    3.794    0.984    0.238 S_000008
   2 H   -48.117  170.930   40.807   76.869    0.000    0.000   83.368   39.679   93.548  168.734    0.305040   -1.414663   -0.470017   -0.770964   -1.599835   -1.543171   -1.835161   -0.714692   -1.220309    5.732    4.207    0.720 S_000008
SCORE:     0.082                  0.082          0          0          0    S_000009
   1 H     0.000  170.252   55.279  105.455  -42.841   88.486   82.003   -2.196  136.400 -152.234    0.430725   -0.994819   -1.075472   -0.890721   -1.561579   -1.604279   -1.946214   -0.753783   -1.158869    3.794    0.984    0.238 S_000009
   2 H   -68.985  171.712   57.477   80.550    0.000    0.000   81.045   40.678   91.126  -22.857    0.301772   -1.407761   -0.480029   -0.755831   -1.572145   -1.568824   -1.843770   -0.725439   -1.219217    5.395    4.382    0.675 S_000009
SCORE:     0.082                  0.082          0          0          0    S_000010
   1 H     0.000  170.252   55.279  105.455  -42.841   88.486   82.003   -2.196  136.400 -152.234    0.430725   -0.994819   -1.075472   -0.890721   -1.561579   -1.604279   -1.946214   -0.753783   -1.158869    3.794    0.984    0.238 S_000010
   2 H   -69.136  171.632   59.586   81.515    0.000    0.000   77.387   40.202   89.678  177.715    0.301102   -1.392363   -0.533831   -0.765251   -1.524346   -1.622380   -1.862029   -0.716279   -1.219714    5.394    4.382    0.675 S_000010
