SEQUENCE: gaaaaaaaag
SCORE:     score    rna_stub_coord_hack       N_WC      N_NWC       N_BS description
REMARK RNA 
SCORE:    36.755                 36.755          0          0          0    S_000001
   1 H     0.000  170.252   55.279   81.019 -150.474  -70.493   61.650   38.071   99.675   89.932    0.281982   -1.424340   -0.458100   -0.825332   -1.642101   -1.503868   -1.839344   -0.703861   -1.225188    3.794    0.984    0.238 S_000001
   2 P    32.716  175.131  173.143   85.142 -135.718  -68.516   70.984   33.882   96.380  -18.473    0.350116   -1.322356   -0.668612   -0.791143   -1.471756   -1.682116   -1.889827   -0.699163   -1.216623    7.700   -2.610   -1.850 S_000001
   3 P   171.747  153.395  159.041  148.712 -150.900 -143.856  163.298  -31.676  141.216  -34.261    0.335662   -0.099384   -1.482186   -0.823846   -0.920479   -2.044532   -1.934389   -0.708140   -1.198506    9.961   -4.797    4.321 S_000001
   4 N  -139.731 -177.144  125.804   82.958 -139.997  -71.260   56.165   36.114   96.130  -19.199    0.367749   -1.337066   -0.623212   -0.737978   -1.433341   -1.631644   -1.889073   -0.682326   -1.236236   13.895   -7.240    9.886 S_000001
   5 P   171.747  153.395  159.041  148.712 -150.900 -143.856  163.298  -31.676  141.216  -34.261    0.335662   -0.099384   -1.482186   -0.823846   -0.920479   -2.044532   -1.934389   -0.708140   -1.198506   16.204   -6.818   16.435 S_000001
   6 N  -173.868 -178.616  179.685   86.902 -146.045  -72.431   81.778   39.756   88.577  -12.629    0.302540   -1.355778   -0.621490   -0.770300   -1.422934   -1.707921   -1.886028   -0.702878   -1.216575   20.292   -5.941   22.436 S_000001
   7 P   177.366  142.836 -177.540   86.392   81.924   89.658  106.666   34.383   91.374   35.384    0.329518   -1.203568   -0.872590   -0.818960   -1.153720   -1.885512   -1.932817   -0.607425   -1.234970   22.695   -6.020   28.994 S_000001
   8 N  -166.338 -134.139  173.180  170.891  -15.758 -126.085  133.200  -46.358  147.862 -114.255    0.282380    0.433516   -1.442009   -0.711913   -0.506519   -2.143900   -1.772643   -0.760864   -1.216886   25.178   -8.642   34.835 S_000001
   9 N   -54.650  146.909   70.557   88.961 -120.220 -141.988  120.105   29.231  100.782  163.010    0.373629   -1.275456   -0.752130   -0.804737   -1.460341   -1.705715   -1.895368   -0.705989   -1.210188   28.579   -8.223   39.829 S_000001
  10 H   -58.066  148.390   52.175   79.620    0.000    0.000   58.071   36.500   96.551 -154.755    0.322804   -1.381185   -0.532260   -0.791665   -1.572581   -1.562242   -1.863456   -0.724261   -1.205559   30.393   -6.752   45.775 S_000001
SCORE:    35.938                 35.938          0          0          2    S_000002
   1 H     0.000  170.252   55.279   69.556  172.193  -54.770   80.204   44.678   92.099  -71.828    0.209268   -1.476412   -0.319615   -0.813337   -1.661099   -1.442447   -1.827089   -0.694816   -1.227437    3.794    0.984    0.238 S_000002
   2 P    61.738 -132.075  178.564  106.189 -171.343 -102.760  121.990   -5.332  145.988 -167.146    0.426240   -0.987668   -1.091600   -0.899221   -1.598564   -1.560373   -1.950124   -0.758656   -1.156180    7.856   -0.438   -0.227 S_000002
   3 N  -148.162  164.915  118.385  145.355 -109.323 -178.043  158.161  -25.949  134.973  153.436    0.357113   -0.162484   -1.477571   -0.854725   -0.883260   -2.080780   -1.943630   -0.688761   -1.201220   12.316   -1.037    4.994 S_000002
   4 P   162.358 -137.367  157.213   78.445 -140.815  -49.025   52.444   41.132   93.823  -18.465    0.288438   -1.429150   -0.441673   -0.766852   -1.612766   -1.531688   -1.853046   -0.758586   -1.196304   16.882    0.059   10.335 S_000002
   5 P  -126.250  106.011  168.977   85.439 -139.330  -69.420   50.139   35.086   94.746  179.888    0.323314   -1.344139   -0.631905   -0.807581   -1.496027   -1.655632   -1.891815   -0.714598   -1.199423   19.358   -0.189   15.837 S_000002
   6 P   176.702  160.643  167.668   85.335 -126.737  -66.967   55.542   33.327  101.410  -11.198    0.361856   -1.350232   -0.600435   -0.780133   -1.563066   -1.595816   -1.858907   -0.707637   -1.223511   22.402    0.707   21.968 S_000002
   7 P  -100.510   88.518  170.841   87.333 -137.107  -63.353   57.655   35.933   89.207  103.677    0.346612   -1.293854   -0.721841   -0.771160   -1.358195   -1.767997   -1.901990   -0.707743   -1.210484   24.381    0.766   27.287 S_000002
   8 N  -162.335 -115.976  123.191   89.015  175.258 -173.476   79.260   17.306  130.746  -80.581    0.379421   -1.301197   -0.739786   -0.920270   -1.669913   -1.460581   -1.919630   -0.732482   -1.173204   26.913    1.527   33.376 S_000002
   9 P  -172.564  127.960  145.240   79.909 -123.423  -74.300   59.084   38.736   99.149    4.314    0.366888   -1.353799   -0.648101   -0.720295   -1.428243   -1.736393   -1.867590   -0.724777   -1.210854   32.220    1.297   38.118 S_000002
  10 H   -49.258  164.861   50.663   81.171    0.000    0.000   77.468   35.182   97.471   -7.894    0.331441   -1.392661   -0.523075   -0.792348   -1.628144   -1.531684   -1.869943   -0.772784   -1.174769   35.546    2.360   43.095 S_000002
SCORE:    36.257                 36.257          0          0          0    S_000003
   1 H     0.000  170.252   55.279   85.176 -165.928  -59.770   73.417   37.390   90.578 -161.075    0.313634   -1.354850   -0.613369   -0.790448   -1.469179   -1.664542   -1.885417   -0.707441   -1.207530    3.794    0.984    0.238 S_000003
   2 P   -50.810  157.396  179.641  144.210  -80.628 -115.554  103.136  -33.942  152.589 -155.647    0.337794   -0.135157   -1.478805   -0.801209   -1.019635   -1.984828   -1.938093   -0.666581   -1.225042    8.363   -1.534   -1.057 S_000003
   3 P  -131.963  111.649  148.854   88.026 -136.731  -70.473   74.180   34.837   90.415  169.627    0.331994   -1.285485   -0.749691   -0.802246   -1.347360   -1.777932   -1.920759   -0.695904   -1.206415   11.000   -1.553    5.034 S_000003
   4 N  -148.162  164.915  118.385  145.355 -109.323 -178.043  158.161  -25.949  134.973  153.436    0.357113   -0.162484   -1.477571   -0.854725   -0.883260   -2.080780   -1.943630   -0.688761   -1.201220   13.171   -1.569   11.519 S_000003
   5 N  -175.892  156.188  156.478   83.886 -138.147  -59.561   62.396   30.267  100.304  -18.903    0.356262   -1.310652   -0.690545   -0.814152   -1.515858   -1.645970   -1.890391   -0.720789   -1.206949   16.418   -2.722   17.554 S_000003
   6 P  -150.263  137.150  162.005   85.519 -143.757  -61.655   64.628   39.702   84.506   99.951    0.295141   -1.332554   -0.685537   -0.782837   -1.333764   -1.762805   -1.900101   -0.686617   -1.207950   18.231   -3.505   23.912 S_000003
   7 P  -172.604  161.126  159.864  155.138 -101.607 -139.360  -48.863  -40.948  155.621   78.591    0.319081    0.026124   -1.484098   -0.731166   -0.944630   -1.986654   -1.887978   -0.700564   -1.211859   20.357   -3.175   30.357 S_000003
   8 P  -110.003  -95.178 -170.804   85.262 -152.851  -73.112   64.455   36.565   94.655  -23.735    0.333988   -1.354956   -0.605888   -0.774081   -1.501600   -1.649669   -1.863825   -0.691328   -1.230508   23.214   -5.109   36.361 S_000003
   9 P   -48.139 -145.633   44.317  148.371  -96.891 -132.460  141.018  -39.795  162.041   77.387    0.307884   -0.164170   -1.479693   -0.765235   -1.169540   -1.857988   -1.932427   -0.724342   -1.197904   26.472   -7.732   41.199 S_000003
  10 H   110.592 -156.134 -175.099  122.021    0.000    0.000   93.282    3.651  112.767 -151.856    0.418293   -0.727492   -1.268451   -0.861633   -1.050122   -2.017398   -1.955813   -0.652723   -1.220571   32.245   -6.446   44.585 S_000003
SCORE:    36.972                 36.972          0          0          2    S_000004
   1 H     0.000  170.252   55.279   78.125 -150.050  -69.641   72.245   36.619   95.316  179.911    0.315975   -1.396660   -0.531746   -0.799102   -1.592575   -1.564460   -1.855439   -0.727311   -1.206466    3.794    0.984    0.238 S_000004
   2 N   -52.617  156.804 -174.176  147.794 -151.862  168.082  105.149  -41.063  162.423   29.196    0.311768   -0.127916   -1.484678   -0.741184   -1.152404   -1.890976   -1.912666   -0.723034   -1.214936    8.283   -1.631   -2.141 S_000004
   3 P   -61.120 -179.256   45.640   78.240 -148.855  -67.206   84.501   39.198   91.904 -163.461    0.307574   -1.403386   -0.494800   -0.770642   -1.582641   -1.562821   -1.851907   -0.738375   -1.203697   10.178   -3.048    3.730 S_000004
   4 P  -133.749 -135.407  144.310  130.845 -116.303 -178.649  121.579  -35.275  165.934  163.039    0.368044   -0.566274   -1.363413   -0.770648   -1.563835   -1.500435   -1.902733   -0.799223   -1.154475   15.214   -1.160    8.132 S_000004
   5 N   160.380  178.006 -175.911   81.427 -138.097  -68.862   64.237   40.356   94.732  168.924    0.345587   -1.380057   -0.526857   -0.712433   -1.520110   -1.625664   -1.795151   -0.681104   -1.268351   19.265   -1.417   14.039 S_000004
   6 P    69.147  168.508  -47.744  150.543 -148.343 -142.366  171.938  -32.034  145.911   71.933    0.339556   -0.069758   -1.491340   -0.820604   -0.887048   -2.048544   -1.926939   -0.666372   -1.215392   21.879    0.210   19.203 S_000004
   7 N  -161.912  144.831  163.138   87.020 -163.361  -72.898   66.879   36.893   92.007  -14.838    0.313333   -1.374187   -0.573869   -0.796398   -1.534179   -1.616031   -1.894495   -0.762736   -1.174099   23.982   -0.368   26.008 S_000004
   8 P   168.992 -156.630  174.212   86.705 -137.197 -119.664  108.197   33.640   99.366  -15.229    0.329923   -1.352776   -0.624135   -0.819988   -1.531632   -1.621327   -1.886817   -0.697388   -1.214338   26.241   -0.839   32.141 S_000004
   9 P   171.747  153.395  159.041  148.712 -150.900 -143.856  163.298  -31.676  141.216  -34.261    0.335662   -0.099384   -1.482186   -0.823846   -0.920479   -2.044532   -1.934389   -0.708140   -1.198506   28.706   -2.211   38.904 S_000004
  10 H   161.370 -160.355  165.011   86.217    0.000    0.000   69.157   39.499   87.944  -22.140    0.313936   -1.335682   -0.672312   -0.761809   -1.364464   -1.755598   -1.891121   -0.704324   -1.211451   32.249   -2.731   45.145 S_000004
SCORE:    35.212                 35.212          0          0          0    S_000005
   1 H     0.000  170.252   55.279   86.280  178.204  -70.369   84.242   34.352   91.671  -72.700    0.339441   -1.296617   -0.725065   -0.797585   -1.389215   -1.745870   -1.900980   -0.693082   -1.216579    3.794    0.984    0.238 S_000005
   2 P    45.205  167.654  174.627   81.412 -142.457  -56.847   61.187   35.959   95.493  -15.376    0.334922   -1.357937   -0.603141   -0.781257   -1.517178   -1.636837   -1.869798   -0.704005   -1.221320    8.575   -1.499   -0.640 S_000005
   3 P   171.747  153.395  159.041  148.712 -150.900 -143.856  163.298  -31.676  141.216  -34.261    0.335662   -0.099384   -1.482186   -0.823846   -0.920479   -2.044532   -1.934389   -0.708140   -1.198506    9.668   -3.204    5.835 S_000005
   4 P  -173.910 -150.992  149.500  127.998 -128.911 -142.558   91.482   -6.193  136.127   15.787    0.408280   -0.788743   -1.262842   -0.923571   -1.317920   -1.806812   -1.984235   -0.740556   -1.116661   12.543   -3.174   12.542 S_000005
   5 P  -130.788 -163.391   60.253  137.194  -84.478  178.278  164.096  -28.816  150.256   14.607    0.370898   -0.357755   -1.431390   -0.817294   -1.207939   -1.869509   -1.942881   -0.701390   -1.197150   15.465   -3.632   19.233 S_000005
   6 P   -56.602  169.819   59.880  148.016 -135.011  178.478  120.148  -32.889  143.708  -19.080    0.344597   -0.101549   -1.481717   -0.800183   -0.950280   -2.028627   -1.919452   -0.736545   -1.187799   16.751   -3.777   25.380 S_000005
   7 P  -141.884 -153.218   68.457  142.369  -78.259 -147.876  139.504  -33.072  154.475   16.775    0.336963   -0.296650   -1.449887   -0.804312   -1.209831   -1.869476   -1.932761   -0.730949   -1.184057   20.194   -6.546   31.053 S_000005
   8 P   -57.076  159.557   74.072  122.522 -124.914  176.015  109.465  -27.926  161.760  179.896    0.363848   -0.671595   -1.324732   -0.846074   -1.563840   -1.540839   -1.910259   -0.713848   -1.195912   20.413   -9.847   36.789 S_000005
   9 P   166.486  139.876   53.252  145.942 -101.355  169.108  103.896  -34.445  158.535  -74.510    0.349719   -0.288780   -1.453373   -0.787472   -1.230993   -1.842958   -1.932425   -0.730983   -1.185530   24.928  -11.530   41.872 S_000005
  10 H   -67.753  176.697   53.415   75.408    0.000    0.000   84.229   35.810  101.466  -25.102    0.318040   -1.387357   -0.539377   -0.812161   -1.577601   -1.557249   -1.852099   -0.663217   -1.237834   27.780  -11.149   47.324 S_000005
SCORE:    35.607                 35.607          0          0          2    S_000006
   1 H     0.000  170.252   55.279   80.727 -158.925  -73.563   73.577   37.765   94.148  179.904    0.310343   -1.407435   -0.496632   -0.789073   -1.612510   -1.543913   -1.877395   -0.767747   -1.183909    3.794    0.984    0.238 S_000006
   2 N   -52.617  156.804 -174.176  147.794 -151.862  168.082  105.149  -41.063  162.423   29.196    0.311768   -0.127916   -1.484678   -0.741184   -1.152404   -1.890976   -1.912666   -0.723034   -1.214936    8.655   -1.013   -1.880 S_000006
   3 P  -157.150  169.410  110.578  104.111 -131.679  -77.715   57.371   22.137   94.012   10.621    0.396541   -1.070534   -1.015764   -0.815080   -1.217123   -1.916786   -1.923891   -0.676323   -1.227813   11.220   -1.125    4.617 S_000006
   4 P   -60.097 -146.945   70.140  151.229  -90.777 -175.526  161.181  -30.121  151.629   72.288    0.397053   -0.211454   -1.442957   -0.761754   -1.043461   -1.970860   -1.893172   -0.716125   -1.225162   15.725   -2.623    9.374 S_000006
   5 P   107.645  177.113 -151.446  121.171 -147.326  -97.859   90.040   -9.304  132.582 -149.400    0.420710   -0.720589   -1.277335   -0.858548   -1.316539   -1.850888   -1.956492   -0.719478   -1.189242   18.853   -2.753   15.681 S_000006
   6 P  -163.415 -164.775  171.520   87.292 -173.272  -90.210   95.538   33.873  101.998   69.427    0.333059   -1.348368   -0.630589   -0.813263   -1.521104   -1.634527   -1.885456   -0.693273   -1.220867   20.157   -2.417   22.666 S_000006
   7 P  -166.924 -154.036  159.889   90.332 -178.658 -136.635   73.477   26.413  115.255    3.673    0.345049   -1.323606   -0.689620   -0.882069   -1.572952   -1.568229   -1.923026   -0.712384   -1.176451   22.450   -2.203   29.088 S_000006
   8 P   152.804  179.450  178.912   87.198 -154.572  -78.725   73.493   37.836   90.078  169.479    0.323288   -1.361977   -0.597100   -0.768408   -1.488119   -1.654360   -1.884994   -0.739724   -1.191211   26.922   -2.529   34.514 S_000006
   9 N  -113.350 -111.411  167.475   84.702 -143.828  -56.326   71.787   37.497   90.739  -18.313    0.313563   -1.356055   -0.622734   -0.790878   -1.464630   -1.678770   -1.889294   -0.698923   -1.216238   30.454   -1.679   40.611 S_000006
  10 H   -68.822 -175.594   46.943   84.722    0.000    0.000   68.873   43.832   83.096  -23.648    0.264728   -1.386647   -0.567626   -0.755273   -1.407268   -1.698845   -1.880397   -0.697230   -1.219600   32.747   -3.257   46.141 S_000006
SCORE:    36.394                 36.394          0          0          1    S_000007
   1 H     0.000  170.252   55.279   83.151 -160.922  -64.303   78.171   37.135   94.972  -26.753    0.310025   -1.380243   -0.536270   -0.792884   -1.559686   -1.573341   -1.859639   -0.723054   -1.205180    3.794    0.984    0.238 S_000007
   2 N   -52.617  156.804 -174.176  147.794 -151.862  168.082  105.149  -41.063  162.423   29.196    0.311768   -0.127916   -1.484678   -0.741184   -1.152404   -1.890976   -1.912666   -0.723034   -1.214936    8.429   -1.479   -1.437 S_000007
   3 P   149.773 -156.144  176.474   82.777 -155.799  -84.417   85.097   38.273   91.188  109.933    0.325799   -1.359624   -0.601698   -0.762572   -1.475146   -1.669392   -1.863222   -0.693642   -1.226962   11.393   -2.924    4.799 S_000007
   4 P   -82.522 -173.901   50.300  139.055 -115.199  179.062  149.082  -32.367  151.652  165.711    0.349502   -0.343881   -1.444356   -0.804139   -1.257945   -1.837809   -1.936483   -0.771964   -1.159998   13.272   -4.841   10.826 S_000007
   5 P   153.178 -153.207 -178.631   82.668 -139.550  -73.249   64.126   35.520   95.260  -16.961    0.322942   -1.357707   -0.586556   -0.789863   -1.548629   -1.610887   -1.878842   -0.729786   -1.203609   17.003   -6.109   16.737 S_000007
   6 P   -78.868  167.798   83.401   76.627 -155.813  -94.543  100.575   38.523   98.136  -30.394    0.299144   -1.414359   -0.476200   -0.789731   -1.615623   -1.527673   -1.849175   -0.734743   -1.210590   20.275   -6.792   22.096 S_000007
   7 P  -154.050  145.148  124.520   89.904 -156.931 -129.437   98.571   22.752  116.377   53.243    0.366115   -1.304268   -0.738772   -0.890164   -1.596323   -1.568220   -1.925176   -0.727709   -1.180955   23.922   -6.417   27.990 S_000007
   8 P   145.834  169.864  160.515  116.771 -150.825  -95.969  116.851    6.639  112.778  -49.780    0.428419   -0.827735   -1.201961   -0.850477   -1.142936   -1.957796   -1.955336   -0.681649   -1.210816   28.605   -6.145   33.462 S_000007
   9 P   -39.399  168.770   55.356  142.140 -142.741  175.589  120.987  -35.450  159.437  -98.096    0.330665   -0.302125   -1.453233   -0.794861   -1.264725   -1.819140   -1.936530   -0.724980   -1.198310   31.980   -8.517   38.016 S_000007
  10 H   -67.294  175.132   59.000   78.856    0.000    0.000   70.099   42.187   91.373  -17.783    0.278776   -1.428518   -0.445625   -0.762981   -1.592239   -1.553577   -1.830225   -0.709614   -1.233950   33.271  -10.196   44.017 S_000007
SCORE:    36.034                 36.034          0          0          2    S_000008
   1 H     0.000  170.252   55.279 -279.864  199.549  -73.188   70.404   45.776   87.634  -26.382    0.196829   -1.444665   -0.475060   -0.786752   -1.555478   -1.631268   -1.824491   -0.668440   -1.260152    3.794    0.984    0.238 S_000008
   2 N    79.722  -68.646 -179.965   86.228 -166.559 -148.226   83.939   38.218   96.378   91.556    0.297933   -1.378285   -0.578711   -0.794788   -1.509237   -1.637500   -1.851110   -0.655311   -1.255726    6.353   -1.695   -0.643 S_000008
   3 P   140.069 -149.134 -176.442   84.310 -132.136  -74.545   60.793   36.577   91.645  -33.522    0.344958   -1.330067   -0.653628   -0.758551   -1.445446   -1.705309   -1.869122   -0.698642   -1.227160    9.825   -3.236    5.026 S_000008
   4 P   -64.132 -173.986   78.117  144.021 -102.288  161.905  145.881  -36.810  165.935  140.551    0.336458   -0.426064   -1.426571   -0.777721   -1.432900   -1.660443   -1.911454   -0.752573   -1.189238   11.468   -4.287   11.211 S_000008
   5 P   145.834  169.864  160.515  116.771 -150.825  -95.969  116.851    6.639  112.778  -49.780    0.428419   -0.827735   -1.201961   -0.850477   -1.142936   -1.957796   -1.955336   -0.681649   -1.210816   14.800   -3.304   17.157 S_000008
   6 P   165.278  167.371  175.594   83.822 -158.281  -75.127   89.459   36.330   91.172 -137.030    0.339110   -1.327173   -0.662258   -0.772025   -1.433257   -1.708364   -1.881501   -0.696938   -1.221572   17.686   -2.604   23.595 S_000008
   7 P   -91.489 -171.862   60.190  151.408 -141.915  146.948  126.268  -35.959  150.845  170.483    0.328252   -0.054211   -1.490136   -0.790867   -0.952189   -2.007261   -1.913874   -0.676102   -1.216425   20.072   -2.034   29.701 S_000008
   8 N   154.001 -151.352 -179.891   82.407 -120.265  -97.432   73.456   36.108   93.428  -28.641    0.344713   -1.332998   -0.644622   -0.766566   -1.453473   -1.682803   -1.865678   -0.702813   -1.218244   22.071   -1.816   36.277 S_000008
   9 N  -173.868 -178.616  179.685   86.902 -146.045  -72.431   81.778   39.756   88.577  -12.629    0.302540   -1.355778   -0.621490   -0.770300   -1.422934   -1.707921   -1.886028   -0.702878   -1.216575   25.509   -3.508   42.305 S_000008
  10 H   -61.830  177.047   46.734   82.974    0.000    0.000   77.333   33.982  100.295  -22.182    0.317972   -1.379179   -0.564562   -0.830466   -1.595306   -1.558724   -1.889813   -0.728897   -1.199735   28.361   -5.247   47.560 S_000008
SCORE:    36.510                 36.510          0          0          1    S_000009
   1 H     0.000  170.252   55.279   78.151 -174.141  -29.455   81.897   41.899   85.066  -27.624    0.273533   -1.407996   -0.497017   -0.781246   -1.512075   -1.600737   -1.875139   -0.730005   -1.193887    3.794    0.984    0.238 S_000009
   2 P   -56.853  171.990  171.780   85.911 -152.063  -67.001   77.782   35.994   96.437   -4.313    0.328345   -1.349517   -0.609707   -0.788269   -1.498151   -1.642523   -1.865818   -0.680563   -1.230927    7.714   -2.345   -0.755 S_000009
   3 P   -60.812 -146.102   71.756  156.668  -78.282 -169.333  154.499  -36.879  159.613   62.580    0.318603   -0.121311   -1.484608   -0.802024   -1.070048   -1.952590   -1.947726   -0.665159   -1.220540   11.941   -3.347    4.073 S_000009
   4 P  -167.631  177.125   63.936  148.721 -114.320  176.453   96.592  -39.276  160.663  -80.184    0.315889   -0.217056   -1.474414   -0.766409   -1.232285   -1.836424   -1.924195   -0.750433   -1.184996   14.550   -5.493   10.224 S_000009
   5 P   132.201 -170.136  172.043   82.935 -174.144  -99.458  113.946   35.506  102.658  -57.807    0.296716   -1.397482   -0.505598   -0.833698   -1.628991   -1.513709   -1.843882   -0.692077   -1.232421   17.063   -4.938   16.785 S_000009
   6 P   130.441 -169.255 -175.534   87.529 -139.396  -73.339   76.666   42.343   79.788  -27.856    0.303737   -1.327853   -0.673674   -0.727966   -1.301955   -1.792160   -1.883888   -0.708212   -1.221319   19.993   -5.177   22.541 S_000009
   7 N  -114.190  109.100  167.615   82.752  163.795  119.762   74.663   34.571   96.437  179.938    0.325924   -1.359373   -0.618978   -0.809953   -1.530614   -1.630053   -1.892439   -0.723100   -1.203186   24.053   -5.527   27.072 S_000009
   8 N   162.851 -174.181  174.872   89.117 -135.686  -80.471   74.982   34.691   91.621  -18.571    0.348335   -1.303500   -0.710850   -0.781973   -1.406205   -1.739385   -1.894539   -0.695738   -1.212818   25.108   -4.265   34.034 S_000009
   9 P  -150.263  137.150  162.005   85.519 -143.757  -61.655   64.628   39.702   84.506   99.951    0.295141   -1.332554   -0.685537   -0.782837   -1.333764   -1.762805   -1.900101   -0.686617   -1.207950   27.087   -3.950   40.623 S_000009
  10 H   158.969  179.814  176.330   83.658    0.000    0.000   64.691   38.847   91.044 -163.619    0.304014   -1.381920   -0.565610   -0.781870   -1.510153   -1.634983   -1.876844   -0.713903   -1.214486   27.654   -4.856   47.143 S_000009
SCORE:    35.782                 35.782          0          1          0    S_000010
   1 H     0.000  170.252   55.279   69.556  172.193  -54.770   80.204   44.678   92.099  -71.828    0.209268   -1.476412   -0.319615   -0.813337   -1.661099   -1.442447   -1.827089   -0.694816   -1.227437    3.794    0.984    0.238 S_000010
   2 N    38.576 -128.029  162.452  144.023 -112.117 -179.934   98.135  -33.893  155.529   33.016    0.341529   -0.304296   -1.446604   -0.793318   -1.233034   -1.834134   -1.932932   -0.716435   -1.188409    7.938    0.226   -0.372 S_000010
   3 P  -175.081  177.888   61.143  152.701 -105.799  170.478  100.743  -40.258  159.966  -51.450    0.305816   -0.136048   -1.487621   -0.761982   -1.147414   -1.893800   -1.920368   -0.739943   -1.195843   13.246   -0.073    4.298 S_000010
   4 N   162.851 -174.181  174.872   89.117 -135.686  -80.471   74.982   34.691   91.621  -18.571    0.348335   -1.303500   -0.710850   -0.781973   -1.406205   -1.739385   -1.894539   -0.695738   -1.212818   17.480    2.079    9.468 S_000010
   5 P  -165.123  123.315  171.991   87.033 -153.571  -59.887   73.452   35.136   95.198   -8.374    0.331756   -1.337775   -0.632899   -0.796073   -1.488319   -1.658809   -1.881383   -0.691431   -1.212719   20.377    1.811   15.822 S_000010
   6 P   -87.787  177.868   72.488  125.142 -164.828 -151.898  111.548  -19.213  150.164  -29.735    0.411216   -0.574601   -1.357123   -0.857597   -1.302692   -1.814919   -1.954673   -0.693383   -1.189634   23.440    1.495   21.283 S_000010
   7 P   -78.860  179.474   51.116   84.582 -152.893  -75.251   75.238   36.315   95.594  -20.213    0.324821   -1.361044   -0.604471   -0.790419   -1.509225   -1.641943   -1.877721   -0.701338   -1.220975   27.478    1.773   26.652 S_000010
   8 P   -58.446 -149.202   68.661  151.517  -94.388 -167.491  158.879  -36.566  157.616   66.657    0.314545   -0.058212   -1.465433   -0.758064   -0.951472   -2.024794   -1.934304   -0.600686   -1.266513   29.220    4.245   32.439 S_000010
   9 P   -67.174 -171.745   62.212  145.145 -155.997 -106.484 -147.320  -33.164  152.851  138.237    0.344482   -0.189857   -1.476480   -0.805669   -1.076453   -1.953110   -1.941820   -0.705229   -1.199961   32.069    5.425   38.320 S_000010
  10 H   -57.522  169.707   62.007   79.562    0.000    0.000   68.179   34.511  100.574 -111.825    0.336572   -1.379653   -0.543847   -0.797750   -1.598513   -1.540781   -1.852659   -0.724147   -1.209260   34.082    4.168   44.196 S_000010
