SEQUENCE: gaaaaaaaaag
SCORE:     score    rna_stub_coord_hack       N_WC      N_NWC       N_BS description
REMARK RNA 
SCORE:     0.040                  0.040          0          0          2    S_000001
   1 H     0.000  170.252   55.279  108.721 -148.352  -80.473   66.798   16.212  102.196    2.394    0.399901   -1.014203   -1.059345   -0.844430   -1.251243   -1.896694   -1.940513   -0.700873   -1.201752    3.794    0.984    0.238 S_000001
   2 P   -99.409 -138.065   58.850   78.274   41.151  135.708  147.046   23.496  124.132 -120.642    0.344839   -1.399023   -0.493459   -0.930887   -1.771306   -1.260873   -1.803696   -0.640982   -1.242939    8.599   -2.130   -3.853 S_000001
   3 P   -61.000  173.435   55.782   86.225 -130.342  -71.717   67.968   33.527   95.531   89.940    0.350887   -1.297922   -0.703800   -0.791044   -1.422475   -1.711470   -1.876073   -0.667085   -1.229503   10.383   -2.606  -10.019 S_000001
   4 P     0.000 -178.219   75.956   85.948 -153.931  -66.939   64.844   32.024  101.186  115.390    0.349566   -1.340413   -0.647850   -0.814083   -1.539582   -1.627224   -1.897325   -0.720404   -1.207388   14.870    0.123  -12.667 S_000001
   5 N  -117.854 -102.240 -117.969  115.194   78.997  108.940   97.414  -19.741  133.201 -133.198    0.443422   -0.188394   -1.449994   -0.808692   -0.783501   -2.105495   -1.909666   -0.677610   -1.218393   19.377   -1.924  -17.641 S_000001
   6 N  -171.625  176.925  158.044  144.184 -104.448  125.300   80.643  -31.826  152.153  147.036    0.340134   -0.217569   -1.475525   -0.826879   -1.082745   -1.944084   -1.953279   -0.688293   -1.198132   26.035   -3.469  -18.785 S_000001
   7 P   179.820 -143.727  142.769   86.515 -135.487  -69.630   55.695   27.873  103.685  -20.135    0.383125   -1.254649   -0.787744   -0.810853   -1.432803   -1.722782   -1.892272   -0.684756   -1.215503   28.227   -4.116  -24.769 S_000001
   8 P   -62.475 -176.348   69.107  119.999 -164.259 -105.060  105.218  -11.541  141.399  111.919    0.438325   -0.704415   -1.281096   -0.855996   -1.329138   -1.799881   -1.941660   -0.687316   -1.191323   31.167   -5.956  -30.095 S_000001
   9 P   -65.617  168.459   54.472   87.480 -148.739  -71.699   74.615   37.457   91.354  179.876    0.319097   -1.326297   -0.685710   -0.786985   -1.379460   -1.742060   -1.898575   -0.673731   -1.233099   35.343   -8.339  -34.131 S_000001
  10 P  -145.272  107.505  161.174   94.670  147.437  143.710   84.320   28.447   90.169 -113.690    0.361024   -1.094483   -0.996074   -0.845065   -1.073377   -1.943138   -1.954076   -0.689021   -1.181845   38.278  -13.024  -37.703 S_000001
  11 H    69.216  154.359   56.300  101.159    0.000    0.000   72.126   18.452  105.449 -121.767    0.410656   -1.098933   -0.971592   -0.827013   -1.355850   -1.820137   -1.914051   -0.679987   -1.221976   38.958  -15.484  -44.142 S_000001
SCORE:     0.031                  0.031          0          0          2    S_000002
   1 H     0.000  170.252   55.279   82.114 -153.252  -71.103   83.353   39.735   90.561  179.926    0.303280   -1.389998   -0.546716   -0.768527   -1.520237   -1.628065   -1.857751   -0.698800   -1.230496    3.794    0.984    0.238 S_000002
   2 N  -139.048  166.464  170.340   86.512 -154.158  -65.732   70.175   34.223   96.956   10.890    0.341865   -1.327089   -0.657684   -0.792520   -1.472840   -1.667874   -1.873415   -0.684865   -1.220649    8.514   -1.942   -3.551 S_000002
   3 N   153.892 -147.001  164.471   84.491  -94.077 -111.283   64.524   33.190   96.319  -19.555    0.355120   -1.318549   -0.682768   -0.791210   -1.468493   -1.683316   -1.890099   -0.710032   -1.206612   12.510   -5.017   -7.242 S_000002
   4 P  -133.749 -135.407  144.310  130.845 -116.303 -178.649  121.579  -35.275  165.934  163.039    0.368044   -0.566274   -1.363413   -0.770648   -1.563835   -1.500435   -1.902733   -0.799223   -1.154475   14.728   -6.368  -13.884 S_000002
   5 N  -101.804 -141.217   46.280  139.389 -152.109  -96.041  110.080  -32.941  154.987   28.395    0.339852   -0.337384   -1.450950   -0.813470   -1.261391   -1.836027   -1.953472   -0.775771   -1.155458   18.408   -9.327  -18.881 S_000002
   6 P  -109.264   96.810 -179.224   92.000 -141.924  -60.605   93.275   28.408  101.169  179.782    0.366282   -1.252837   -0.792965   -0.834175   -1.405190   -1.732276   -1.922684   -0.678041   -1.203733   23.010   -9.546  -22.616 S_000002
   7 P    91.444 -171.973  -67.481  117.574  146.446  -70.939  127.224  -18.862  131.191  -80.249    0.443504   -0.169863   -1.456002   -0.807454   -0.733138   -2.128272   -1.899170   -0.677819   -1.226225   26.550  -11.109  -26.989 S_000002
   8 N   -36.737 -165.233   40.678   93.655 -136.695  -85.236   64.266   35.191   93.836  -20.313    0.311856   -1.234142   -0.854184   -0.793171   -1.217686   -1.869068   -1.905253   -0.591772   -1.275652   26.139  -11.118  -32.068 S_000002
   9 P   -67.956  168.331   55.391   83.761 -166.271  -88.764   84.671   36.505   92.600   74.859    0.322126   -1.360899   -0.611922   -0.791937   -1.496214   -1.650486   -1.886389   -0.719701   -1.204340   26.115  -13.053  -38.156 S_000002
  10 P   -57.485  160.139   75.855  150.070 -129.358 -140.723  124.656  -40.385  156.749  145.069    0.321419   -0.067867   -1.491898   -0.742948   -1.064012   -1.946365   -1.896169   -0.757348   -1.185391   27.910  -15.170  -43.323 S_000002
  11 H   -76.819 -178.645   65.773   82.928    0.000    0.000   67.249   40.180   91.385  -16.383    0.298505   -1.384934   -0.555498   -0.767137   -1.493938   -1.640098   -1.872277   -0.719496   -1.210646   31.912  -15.386  -48.919 S_000002
SCORE:     0.022                  0.022          0          1          3    S_000003
   1 H     0.000  170.252   55.279   86.862 -152.732  -74.288   93.215   35.066   94.348   32.563    0.326033   -1.335937   -0.659716   -0.806322   -1.457800   -1.679717   -1.904542   -0.713444   -1.198667    3.794    0.984    0.238 S_000003
   2 N   164.467  163.990  179.885   84.697 -120.782  -70.569   36.074   33.699   98.267  -26.234    0.344251   -1.341532   -0.641023   -0.799238   -1.514677   -1.645367   -1.887856   -0.716253   -1.209084    8.078   -2.687   -3.708 S_000003
   3 P   -73.021 -168.944   63.934  109.817 -100.284 -175.663  105.445    2.276  130.434   42.354    0.436818   -0.951423   -1.103579   -0.872356   -1.418547   -1.735442   -1.939658   -0.678185   -1.204604    9.891   -7.548   -7.770 S_000003
   4 N   -50.235  165.000   42.481   85.494 -169.291  -81.228  136.938   35.785   93.671  176.304    0.340408   -1.309340   -0.691579   -0.779654   -1.394478   -1.728634   -1.883409   -0.656694   -1.231337   12.337  -10.288  -12.914 S_000003
   5 N    72.887  145.754   44.440   83.583 -143.993  -53.034   57.549   33.774  103.119  -22.030    0.336968   -1.368364   -0.584397   -0.810970   -1.564109   -1.573507   -1.864887   -0.697877   -1.210530   12.489  -11.331  -19.003 S_000003
   6 P   -79.126  166.307   77.723  150.834  -98.890  160.827  125.960  -31.518  155.489   23.132    0.310030   -0.076579   -1.483199   -0.874991   -0.901705   -2.090662   -1.955273   -0.672872   -1.209360   17.084  -12.458  -22.636 S_000003
   7 N  -178.810  153.055  135.770  106.704 -138.327 -112.358  127.377   22.478   87.323  -11.418    0.409131   -0.973460   -1.098711   -0.809248   -1.028300   -2.013690   -1.923910   -0.665663   -1.225656   19.331  -13.368  -28.724 S_000003
   8 N   159.691 -170.590 -174.109   88.343 -146.100  -64.645   64.868   37.125   98.321   81.301    0.318687   -1.369463   -0.573472   -0.783925   -1.523176   -1.616361   -1.852265   -0.662433   -1.260222   21.856  -14.268  -35.323 S_000003
   9 N   -65.159  177.828   55.690   78.144 -149.286  -65.816   76.588   39.452   95.168  -18.878    0.297469   -1.420786   -0.463665   -0.781239   -1.615510   -1.530208   -1.839204   -0.722865   -1.218805   24.634  -13.905  -40.811 S_000003
  10 P   -67.799 -146.390   61.351  138.077 -111.780  179.539  136.456  -32.975  164.412   24.654    0.345876   -0.486313   -1.408181   -0.813296   -1.436410   -1.666158   -1.937060   -0.759364   -1.169281   30.239  -13.888  -44.262 S_000003
  11 H   -99.423 -136.454   61.467   86.257    0.000    0.000   71.953   35.099   91.859 -161.368    0.327292   -1.340291   -0.652476   -0.794228   -1.488815   -1.678699   -1.903695   -0.769295   -1.172086   33.137  -15.099  -50.288 S_000003
SCORE:     0.050                  0.050          0          0          2    S_000004
   1 H     0.000  170.252   55.279   84.260 -123.070  -63.715   82.385   36.268   94.313  -22.333    0.323756   -1.357979   -0.603468   -0.789554   -1.509289   -1.639645   -1.877939   -0.713323   -1.210548    3.794    0.984    0.238 S_000004
   2 P   -67.799 -146.390   61.351  138.077 -111.780  179.539  136.456  -32.975  164.412   24.654    0.345876   -0.486313   -1.408181   -0.813296   -1.436410   -1.666158   -1.937060   -0.759364   -1.169281    6.699   -2.834   -4.352 S_000004
   3 P  -166.924 -154.036  159.889   90.332 -178.658 -136.635   73.477   26.413  115.255    3.673    0.345049   -1.323606   -0.689620   -0.882069   -1.572952   -1.568229   -1.923026   -0.712384   -1.176451   10.234   -3.749  -10.520 S_000004
   4 P   -69.607  164.828   56.010   82.335 -125.527  -51.171   91.526   38.162   93.516 -141.032    0.306033   -1.389690   -0.542480   -0.788396   -1.551519   -1.600865   -1.868650   -0.722330   -1.216344   16.224   -4.949  -12.137 S_000004
   5 P   171.747  153.395  159.041  148.712 -150.900 -143.856  163.298  -31.676  141.216  -34.261    0.335662   -0.099384   -1.482186   -0.823846   -0.920479   -2.044532   -1.934389   -0.708140   -1.198506   18.226   -4.509  -18.474 S_000004
   6 P   -39.399  168.770   55.356  142.140 -142.741  175.589  120.987  -35.450  159.437  -98.096    0.330665   -0.302125   -1.453233   -0.794861   -1.264725   -1.819140   -1.936530   -0.724980   -1.198310   19.210   -7.081  -24.255 S_000004
   7 N   159.691 -170.590 -174.109   88.343 -146.100  -64.645   64.868   37.125   98.321   81.301    0.318687   -1.369463   -0.573472   -0.783925   -1.523176   -1.616361   -1.852265   -0.662433   -1.260222   22.243  -10.164  -29.986 S_000004
   8 P   154.210 -167.249 -177.856   84.425 -110.086  -68.007   66.339   39.556   88.229  -20.046    0.319709   -1.343133   -0.653053   -0.755606   -1.387478   -1.739342   -1.883028   -0.703361   -1.215817   24.734  -11.242  -35.864 S_000004
   9 N   -97.944  144.143  116.364  107.390 -146.299  170.116   62.722   -5.024  141.666   18.042    0.428033   -0.968284   -1.110263   -0.900109   -1.566329   -1.597061   -1.953408   -0.750813   -1.156653   26.213   -9.544  -41.657 S_000004
  10 N   -93.208 -151.599  178.379  132.420 -101.165  -85.802  138.901  -30.370  154.732   20.727    0.381112   -0.410735   -1.428252   -0.793470   -1.304807   -1.804322   -1.920785   -0.711684   -1.198013   29.286  -10.704  -47.627 S_000004
  11 H   -69.714  170.711   60.171   72.600    0.000    0.000   67.111   45.237   87.573  179.903    0.258514   -1.457749   -0.379801   -0.745595   -1.608653   -1.527009   -1.858079   -0.761358   -1.197858   33.194  -15.880  -48.383 S_000004
SCORE:     0.032                  0.032          0          0          2    S_000005
   1 H     0.000  170.252   55.279   82.763 -151.508  -70.716   75.260   37.215   94.939  179.920    0.326404   -1.367991   -0.579685   -0.777465   -1.516867   -1.628764   -1.868111   -0.702882   -1.222338    3.794    0.984    0.238 S_000005
   2 N   -70.618 -129.805   77.537   78.750 -169.126 -149.171  104.257   43.223   87.222  111.198    0.260354   -1.438126   -0.417531   -0.768291   -1.599510   -1.534345   -1.853428   -0.757941   -1.190428    8.458   -1.420   -3.968 S_000005
   3 P   117.558 -174.043  177.588   86.198 -134.649  -59.596   61.080   31.436   97.436  -24.467    0.367554   -1.291924   -0.717441   -0.792932   -1.451540   -1.697316   -1.890236   -0.709509   -1.209641   12.130    1.697   -8.887 S_000005
   4 P   164.344 -174.447  169.230   87.267  -85.510 -142.850   47.716   36.293   89.985 -102.058    0.320310   -1.324589   -0.687336   -0.797024   -1.409651   -1.732008   -1.902623   -0.697059   -1.211855   15.897   -1.144  -13.424 S_000005
   5 P   120.770 -138.599  -59.230   90.972 -150.396  -64.002   84.554   34.125   92.619  -25.001    0.338732   -1.284999   -0.749194   -0.802547   -1.362240   -1.768175   -1.914258   -0.689059   -1.214936   16.599   -5.044  -18.847 S_000005
   6 P  -179.483  121.682   70.368   91.800 -149.757 -126.294   81.671   20.316  123.160  -14.526    0.372007   -1.322424   -0.684680   -0.899497   -1.689724   -1.458033   -1.896820   -0.741500   -1.175807   22.713   -4.116  -21.940 S_000005
   7 N   -78.148  163.513   69.443   88.804 -156.671  -62.464   79.260   40.480   91.247  -28.111    0.304998   -1.358229   -0.589224   -0.746293   -1.421493   -1.665944   -1.803507   -0.599895   -1.264723   25.554   -6.834  -27.209 S_000005
   8 N  -174.783  120.716  177.399  150.472 -127.479 -150.643  -46.738  -38.379  156.036  172.165    0.295515   -0.075973   -1.493365   -0.801078   -1.032701   -1.963612   -1.942754   -0.690149   -1.211052   27.100  -12.056  -31.342 S_000005
   9 P   -77.003 -130.496   58.681  153.380 -160.194 -149.045  161.544  -39.022  156.297  -39.242    0.316476   -0.024525   -1.487912   -0.765274   -0.977427   -1.988477   -1.914724   -0.683487   -1.222441   29.905  -13.967  -37.410 S_000005
  10 P   166.333  138.365   55.118  155.106 -121.207  176.665  100.537  -39.471  163.515  -78.552    0.339397   -0.011283   -1.487644   -0.733583   -0.968631   -1.983361   -1.893865   -0.720697   -1.225198   28.400  -13.569  -44.560 S_000005
  11 H   -50.320  158.726   49.616   83.970    0.000    0.000   73.936   37.121   93.702  -30.224    0.320748   -1.360337   -0.576430   -0.780414   -1.513584   -1.621648   -1.876586   -0.727926   -1.203136   30.282  -13.861  -50.360 S_000005
SCORE:     0.017                  0.017          0          1          3    S_000006
   1 H     0.000  170.252   55.279   80.554 -133.592  -79.129   68.269   37.263   94.481 -153.682    0.328179   -1.361405   -0.594233   -0.772262   -1.495853   -1.642002   -1.857050   -0.695663   -1.224619    3.794    0.984    0.238 S_000006
   2 P   -52.340  162.445   52.587   85.555 -148.520 -141.259   73.292   35.573   98.353  -25.072    0.330929   -1.363456   -0.593977   -0.795948   -1.529068   -1.619389   -1.853946   -0.675703   -1.243405    7.903   -2.045   -3.089 S_000006
   3 P    74.862 -178.787  -73.305  102.006   24.592  113.262  140.894    9.130  122.621  -94.702    0.450279   -0.960850   -1.105186   -0.841949   -1.285100   -1.835711   -1.921508   -0.632834   -1.224609   11.210   -5.841   -7.546 S_000006
   4 P   163.328  133.174   67.642  136.998 -137.626 -154.012   89.421  -30.525  152.645   30.625    0.372295   -0.416181   -1.425075   -0.793600   -1.311181   -1.799090   -1.926431   -0.784884   -1.148790   15.846   -3.793  -10.702 S_000006
   5 P   164.574  152.761 -174.494   81.812 -103.967  -76.933  121.966   31.383  112.572   34.735    0.330090   -1.403752   -0.515238   -0.849725   -1.688938   -1.451198   -1.810759   -0.669229   -1.252216   21.599   -5.079  -15.066 S_000006
   6 N  -148.162  164.915  118.385  145.355 -109.323 -178.043  158.161  -25.949  134.973  153.436    0.357113   -0.162484   -1.477571   -0.854725   -0.883260   -2.080780   -1.943630   -0.688761   -1.201220   22.884   -6.742  -21.590 S_000006
   7 P  -175.081  177.888   61.143  152.701 -105.799  170.478  100.743  -40.258  159.966  -51.450    0.305816   -0.136048   -1.487621   -0.761982   -1.147414   -1.893800   -1.920368   -0.739943   -1.195843   24.863   -8.620  -28.130 S_000006
   8 P   -66.265  176.093   44.316   85.815 -164.917  -90.308  100.842   33.226   96.818  160.011    0.338887   -1.332063   -0.650189   -0.810175   -1.502975   -1.645990   -1.897424   -0.716811   -1.199481   27.788  -10.738  -33.153 S_000006
   9 P   -76.439 -155.686   76.097   98.708  168.544 -113.341  126.301    2.278  141.133  172.074    0.410529   -1.103526   -0.968395   -0.933240   -1.621578   -1.502075   -1.924475   -0.687537   -1.196092   28.312  -13.884  -39.043 S_000006
  10 N   -55.517  160.696   55.428   84.740 -163.574  -71.905   86.066   37.107   92.666  176.382    0.318709   -1.356086   -0.614709   -0.789093   -1.477653   -1.664127   -1.889534   -0.706625   -1.214138   28.681  -14.844  -44.713 S_000006
  11 H   -59.260 -178.258   52.117   80.363    0.000    0.000   78.259   33.324  102.030   90.914    0.340232   -1.379974   -0.555394   -0.811293   -1.610462   -1.535328   -1.861809   -0.722297   -1.204843   31.152  -17.356  -49.665 S_000006
SCORE:     0.039                  0.039          0          0          2    S_000007
   1 H     0.000  170.252   55.279   74.136 -125.770  -78.399   62.720   41.947   94.445  -21.544    0.277721   -1.433360   -0.414509   -0.771911   -1.612374   -1.513380   -1.829467   -0.719037   -1.219560    3.794    0.984    0.238 S_000007
   2 P   -67.822 -155.003   54.723   87.859 -126.392 -136.767   74.130   33.407   94.768  160.292    0.343782   -1.342878   -0.622562   -0.803553   -1.526027   -1.615998   -1.895839   -0.731749   -1.187466    7.190   -2.208   -4.671 S_000007
   3 N   168.762  143.734   57.895   87.978 -139.764  -70.190   64.236   37.697   93.213  -31.064    0.310791   -1.361566   -0.597559   -0.788882   -1.488131   -1.654934   -1.876241   -0.690721   -1.225632    5.820   -1.188  -11.808 S_000007
   4 P  -102.951   94.708  139.051   82.373 -143.627  -67.420   77.324   37.698   90.597  -29.905    0.329429   -1.351602   -0.586646   -0.751218   -1.497786   -1.640382   -1.858130   -0.726784   -1.204141    8.735   -3.856  -15.925 S_000007
   5 N  -174.783  120.716  177.399  150.472 -127.479 -150.643  -46.738  -38.379  156.036  172.165    0.295515   -0.075973   -1.493365   -0.801078   -1.032701   -1.963612   -1.942754   -0.690149   -1.211052   12.655   -4.167  -21.638 S_000007
   6 N   -62.838  162.767   57.976   84.650 -141.165  -49.358   75.131   34.759  100.283  -16.225    0.327926   -1.374691   -0.576043   -0.807471   -1.571825   -1.585452   -1.864616   -0.696987   -1.223996   13.189   -3.839  -28.143 S_000007
   7 N   -68.854  179.949   51.797   86.182 -177.957  -70.180   81.957   36.561   92.789  -76.400    0.323781   -1.337857   -0.637829   -0.786409   -1.453937   -1.681399   -1.888909   -0.692281   -1.218331   17.023   -5.406  -32.519 S_000007
   8 N   -47.009 -156.943   43.129  136.535 -108.297 -129.744  -43.653  -37.484  173.233  179.919    0.311316   -0.514768   -1.402360   -0.821301   -1.538355   -1.515089   -1.920402   -0.777227   -1.165554   22.143   -7.342  -34.879 S_000007
   9 P   138.275 -159.615 -170.410   75.004 -145.366  -68.236   62.058   40.630   97.171  178.676    0.268294   -1.443452   -0.403226   -0.793807   -1.677579   -1.480927   -1.819617   -0.725120   -1.219220   25.138  -12.196  -39.009 S_000007
  10 P   -62.626 -122.615   63.857  147.459 -150.655 -139.352   84.773  -34.014  151.727  144.612    0.349059   -0.165544   -1.477897   -0.787161   -1.059061   -1.954585   -1.923151   -0.725931   -1.189707   26.644  -16.627  -43.725 S_000007
  11 H   -75.661 -130.695  179.743   86.760    0.000    0.000   70.522   38.602   84.242  179.879    0.322245   -1.304541   -0.719903   -0.762645   -1.321985   -1.799929   -1.899522   -0.690459   -1.226310   28.732  -17.937  -50.301 S_000007
SCORE:     0.018                  0.018          0          0          0    S_000008
   1 H     0.000  170.252   55.279   79.460 -145.129  -69.913   76.488   37.745   95.484  -16.163    0.320986   -1.384082   -0.532470   -0.772419   -1.562251   -1.582767   -1.850539   -0.708137   -1.226032    3.794    0.984    0.238 S_000008
   2 P   -77.749  162.236   65.363   93.269 -120.401 -146.586  119.656   32.089   95.898  179.919    0.344750   -1.274291   -0.768810   -0.817985   -1.373141   -1.756250   -1.910990   -0.659191   -1.224390    8.273   -1.840   -2.847 S_000008
   3 P    92.901 -147.043 -122.609   84.543 -131.229  -69.103 -101.055   36.744   95.108  179.849    0.310222   -1.355942   -0.628641   -0.803630   -1.468885   -1.668756   -1.896713   -0.695758   -1.208248   11.354   -6.620   -6.237 S_000008
   4 P   -62.626 -122.615   63.857  147.459 -150.655 -139.352   84.773  -34.014  151.727  144.612    0.349059   -0.165544   -1.477897   -0.787161   -1.059061   -1.954585   -1.923151   -0.725931   -1.189707   14.201  -10.014  -11.276 S_000008
   5 N   -64.780  174.319   57.722   79.647 -147.952  -71.804   76.509   38.831   96.519  179.901    0.300264   -1.420491   -0.471123   -0.787296   -1.621511   -1.529459   -1.850760   -0.724467   -1.219928   16.385  -11.096  -17.435 S_000008
   6 P   -61.236 -144.081   67.298  141.205  -83.161  175.647  156.045  -26.613  152.071   69.787    0.411481   -0.165229   -1.462398   -0.796345   -0.904956   -2.034850   -1.928766   -0.649169   -1.234321   17.851   -9.342  -23.623 S_000008
   7 P   163.328  133.174   67.642  136.998 -137.626 -154.012   89.421  -30.525  152.645   30.625    0.372295   -0.416181   -1.425075   -0.793600   -1.311181   -1.799090   -1.926431   -0.784884   -1.148790   22.112  -10.710  -28.615 S_000008
   8 P  -155.846 -176.023  167.675  152.016  -77.335  130.468  134.206  -38.186  167.308   11.340    0.312679   -0.230949   -1.472549   -0.791625   -1.227869   -1.821903   -1.942174   -0.724228   -1.197676   23.166  -11.087  -35.827 S_000008
   9 N   164.114 -143.850   48.568  121.062    5.595  170.457   90.622  -18.307  133.516  126.945    0.445744   -0.234249   -1.436375   -0.807219   -0.810477   -2.072995   -1.923504   -0.649086   -1.229001   25.826  -16.079  -38.658 S_000008
  10 P   162.405  164.491   55.811  149.239 -101.009 -105.206   95.403  -35.065  154.783  -77.146    0.335481   -0.185033   -1.472257   -0.798017   -1.111367   -1.922192   -1.938309   -0.720612   -1.188728   28.430  -19.360  -43.924 S_000008
  11 H   -68.244  158.205   65.057   86.451    0.000    0.000   67.088   36.827   94.965  179.912    0.306394   -1.361306   -0.617183   -0.809291   -1.491809   -1.666110   -1.890910   -0.679437   -1.240249   27.380  -17.711  -50.209 S_000008
SCORE:     0.042                  0.042          0          0          1    S_000009
   1 H     0.000  170.252   55.279   82.299 -145.984  -69.312   64.091   38.177   91.301  179.908    0.322873   -1.366778   -0.575875   -0.765447   -1.502261   -1.637766   -1.858110   -0.704904   -1.215385    3.794    0.984    0.238 S_000009
   2 P   -56.034  161.579   56.223   84.482 -128.677  -79.335   90.492   35.125  100.412  -23.097    0.338583   -1.353110   -0.597230   -0.783968   -1.523546   -1.610833   -1.854498   -0.685776   -1.222421    8.166   -1.982   -2.320 S_000009
   3 N   -83.561 -109.951   52.123   89.696   62.353   96.576  132.032   11.854  121.501 -154.801    0.461381   -1.126816   -0.928218   -0.821883   -1.529521   -1.656095   -1.872458   -0.694448   -1.222584   10.128   -6.467   -7.301 S_000009
   4 P   171.747  153.395  159.041  148.712 -150.900 -143.856  163.298  -31.676  141.216  -34.261    0.335662   -0.099384   -1.482186   -0.823846   -0.920479   -2.044532   -1.934389   -0.708140   -1.198506   12.278   -6.861  -13.334 S_000009
   5 N   167.413  176.748  174.502   84.610  -94.446  -90.412 -124.391   34.572  100.165  178.801    0.324932   -1.353339   -0.610798   -0.813291   -1.526883   -1.622665   -1.888416   -0.706063   -1.210585   12.911   -9.766  -20.011 S_000009
   6 N   -63.228  171.246   59.078   82.963 -170.552  -70.651   82.354   36.814   98.079  179.911    0.319020   -1.384153   -0.537296   -0.779707   -1.568786   -1.563083   -1.869512   -0.752384   -1.186253   16.616  -12.313  -24.745 S_000009
   7 P  -118.291   70.983  153.577  140.545 -140.730  -91.280   91.877  -34.876  157.492 -163.076    0.335873   -0.304070   -1.457801   -0.797149   -1.257287   -1.833013   -1.942989   -0.772473   -1.162934   20.850  -14.812  -27.655 S_000009
   8 P   -68.392  173.952   48.373   81.474 -161.512  -59.954   91.047   40.884   92.777  -23.614    0.290210   -1.382852   -0.564743   -0.763135   -1.479279   -1.660925   -1.850082   -0.681296   -1.235459   20.821  -16.537  -33.931 S_000009
   9 N   -75.476  167.351   68.042   72.164 -141.243  -86.102   76.953   47.247   90.589  -21.090    0.197622   -1.482414   -0.305353   -0.774018   -1.657218   -1.463291   -1.812717   -0.703234   -1.238293   23.749  -15.900  -38.999 S_000009
  10 P   -79.935 -110.906   87.017  144.773  -53.661 -147.164  171.200  -40.986  158.896   19.122    0.306407   -0.194610   -1.474750   -0.741624   -1.230459   -1.840193   -1.901831   -0.793111   -1.157033   29.283  -16.257  -43.231 S_000009
  11 H   -73.544 -178.434   58.537   78.453    0.000    0.000   74.258   38.797   91.268   32.424    0.317779   -1.395245   -0.522071   -0.759263   -1.563911   -1.584300   -1.847716   -0.738696   -1.210453   31.705  -19.351  -48.783 S_000009
SCORE:     0.047                  0.047          0          0          3    S_000010
   1 H     0.000  170.252   55.279   80.523 -165.921  -84.364   78.417   33.568   99.628  -64.802    0.331416   -1.392347   -0.515432   -0.819163   -1.650203   -1.495209   -1.883522   -0.783220   -1.157558    3.794    0.984    0.238 S_000010
   2 P   -59.738  159.981   47.437   79.933 -126.418 -100.442   71.169   47.139   83.697  179.874    0.292530   -1.401403   -0.516691   -0.672950   -1.390610   -1.688132   -1.833183   -0.708934   -1.225572    9.001    0.062   -2.232 S_000010
   3 N  -173.124   78.055  146.836   78.999 -161.137  -61.152  -76.373   37.422   95.813    9.915    0.312401   -1.397380   -0.528472   -0.795907   -1.576124   -1.573417   -1.876411   -0.738611   -1.195916   11.949   -3.600   -7.334 S_000010
   4 P   -68.603  166.827   63.543   86.574 -135.796 -131.885   73.014   27.101  113.414  -11.973    0.368256   -1.296553   -0.706050   -0.843406   -1.527216   -1.605968   -1.861679   -0.637858   -1.237027   15.091   -4.899  -12.059 S_000010
   5 P   -71.409  163.072   88.916  129.689 -115.676 -168.510  103.969  -27.373  151.463 -158.189    0.375027   -0.488612   -1.399569   -0.832328   -1.348614   -1.777614   -1.951482   -0.749221   -1.158968   18.280   -7.029  -17.450 S_000010
   6 N   -58.613 -121.148  -65.266   83.516 -163.638  -76.521   91.965   33.743   97.836  -13.743    0.329087   -1.348899   -0.625944   -0.819625   -1.522578   -1.624452   -1.893357   -0.710030   -1.198735   18.371   -6.584  -23.828 S_000010
   7 N   -76.841  179.605   55.466   85.298 -152.073  -66.147   82.812   35.451   90.645  -17.059    0.346566   -1.303966   -0.708796   -0.775540   -1.386852   -1.743878   -1.882253   -0.682372   -1.226599   17.625   -8.993  -29.580 S_000010
   8 P   -60.344 -173.657   65.712  145.218 -100.727 -121.965  126.478  -33.280  154.493   38.328    0.340229   -0.267868   -1.461197   -0.814660   -1.183651   -1.885493   -1.946255   -0.733197   -1.181534   20.398   -9.577  -35.100 S_000010
   9 P   -89.106  158.357   71.825   83.842 -149.812  -76.959   77.562   43.435   83.002  -19.223    0.303323   -1.365144   -0.610626   -0.717387   -1.358553   -1.738978   -1.870351   -0.716907   -1.216523   24.255  -10.991  -40.529 S_000010
  10 P   -79.338 -144.091   57.390  141.898  -74.866  123.273  128.429  -30.900  147.015  148.359    0.350921   -0.266263   -1.460476   -0.821355   -1.130717   -1.925254   -1.945746   -0.752240   -1.166716   26.931  -15.587  -44.807 S_000010
  11 H   -52.692  175.168   39.499   73.892    0.000    0.000   78.651   38.471   96.817  -21.583    0.331468   -1.407985   -0.490049   -0.754981   -1.609678   -1.551010   -1.819918   -0.709930   -1.235318   30.579  -16.436  -47.898 S_000010
