SEQUENCE: gaaaaaaaaaaaaaaaaaag
SCORE:     score    rna_stub_coord_hack       N_WC      N_NWC       N_BS description
REMARK RNA 
SCORE:     0.000                  0.000          0          1          6    S_000001
   1 H     0.000  170.252   55.279   83.327 -137.429  -68.762   61.174   35.529   99.819  -16.224    0.322688   -1.367332   -0.564071   -0.801800   -1.543431   -1.575667   -1.838944   -0.661043   -1.231050    3.794    0.984    0.238 S_000001
   2 P   -62.904  166.303   61.155   83.045 -140.996  151.430   75.827   36.729   95.233  -29.856    0.321163   -1.377233   -0.562799   -0.786456   -1.545210   -1.597135   -1.867334   -0.719722   -1.207132    7.807   -2.402   -2.822 S_000001
   3 P   161.921 -139.165  171.084  140.378 -102.348  161.473  147.689  -28.420  150.366   21.418    0.399046   -0.297674   -1.438023   -0.785233   -1.122437   -1.922316   -1.917220   -0.695077   -1.203103   10.532   -3.202   -9.170 S_000001
   4 P   -77.852  174.106   60.364   85.695 -171.662 -102.994   92.865   37.618   91.226  -95.911    0.304612   -1.348555   -0.634563   -0.789831   -1.469263   -1.700595   -1.900645   -0.744972   -1.198293   13.585    1.079  -12.103 S_000001
   5 P  -118.250   77.714  161.023   94.770 -112.081  -67.052   60.189   37.424   91.343  -18.591    0.316871   -1.182641   -0.902474   -0.783498   -1.067054   -1.960480   -1.918883   -0.618264   -1.279976   12.923    6.733  -13.661 S_000001
   6 P   -60.145  158.300   51.480   85.334 -140.516   48.467   75.790   34.605   94.899  125.629    0.337780   -1.323062   -0.675833   -0.797820   -1.447249   -1.695914   -1.891295   -0.687459   -1.221652   13.307   12.649  -13.136 S_000001
   7 P   -41.558 -158.141   53.752   86.633 -140.947  -61.580   78.465   36.612   94.968  -24.250    0.305607   -1.334771   -0.637320   -0.783761   -1.483013   -1.683889   -1.879627   -0.727316   -1.201868   12.530   11.979  -17.715 S_000001
   8 P   -59.925 -175.074   45.184   80.131 -165.579 -107.798  100.984   35.701   99.314 -161.501    0.321752   -1.389561   -0.541288   -0.809044   -1.586739   -1.560613   -1.868213   -0.717021   -1.208438   13.571   12.953  -23.749 S_000001
   9 P   -93.154 -157.444   54.300  150.377 -112.935 -160.796  105.347  -36.726  152.260  155.081    0.325182   -0.066179   -1.488565   -0.782637   -0.984831   -1.998773   -1.922659   -0.698395   -1.211700   17.041   15.141  -29.360 S_000001
  10 N     0.000  171.232   42.686 -281.925  192.812  -78.577   86.482   40.522   92.770  -22.371    0.299951   -1.405806   -0.497248   -0.762065   -1.558197   -1.585696   -1.837149   -0.698760   -1.236191   19.080   19.438  -33.879 S_000001
  11 P   -63.223 -172.027   45.938   82.673 -152.658  -78.152  100.288   35.890   95.310  161.276    0.328988   -1.369437   -0.570914   -0.787933   -1.551507   -1.597226   -1.876308   -0.739375   -1.192524   22.199   19.873  -39.262 S_000001
  12 N   157.217  154.014   57.288   89.080 -152.744  -50.745   76.259   33.552   94.554  -11.437    0.340325   -1.306287   -0.703461   -0.806574   -1.426116   -1.707991   -1.902386   -0.684173   -1.217005   28.555   18.911  -41.963 S_000001
  13 P   -53.426  167.329   65.141  115.360 -113.777 -159.626   97.404   -5.403  134.937   56.068    0.427600   -0.829890   -1.204746   -0.881835   -1.388628   -1.769707   -1.954577   -0.702966   -1.187770   28.669   23.564  -45.076 S_000001
  14 N  -162.710  139.080   41.827  143.993 -106.833  -92.751  115.870  -33.087  151.343   15.560    0.341348   -0.210874   -1.478524   -0.801444   -1.096449   -1.944172   -1.934321   -0.727872   -1.193119   31.479   28.658  -48.857 S_000001
  15 P   177.046 -120.104  172.742   86.839 -106.859  -47.955   73.518   35.334   91.057  -24.982    0.346009   -1.311005   -0.680255   -0.775937   -1.416248   -1.710814   -1.891987   -0.700172   -1.211061   26.483   30.408  -52.677 S_000001
  16 P  -171.510 -160.167  156.136   84.046 -119.410  -63.365   59.822   34.711   91.749  -11.706    0.354001   -1.299992   -0.690561   -0.773980   -1.410272   -1.715421   -1.888472   -0.697992   -1.212238   25.132   36.009  -54.923 S_000001
  17 P   -64.241  167.327   55.046   84.024 -137.850  -64.312   74.856   37.579   86.481  -22.061    0.324298   -1.336083   -0.648319   -0.776109   -1.415661   -1.703609   -1.883757   -0.696366   -1.216049   27.821   40.696  -57.694 S_000001
  18 N   -85.123 -159.090   42.377   78.306 -153.399  -73.775   71.625   39.443   89.440   82.449    0.305272   -1.422138   -0.444577   -0.777941   -1.616769   -1.507051   -1.872479   -0.791711   -1.170829   31.337   41.034  -63.356 S_000001
  19 P   -79.163  178.059   43.117   85.777 -139.824  -77.301   60.823   37.426   86.428  -18.110    0.334640   -1.304778   -0.710298   -0.766319   -1.347895   -1.774264   -1.896989   -0.699318   -1.216314   30.876   38.383  -69.122 S_000001
  20 H   -70.423  171.098   58.221   91.446    0.000    0.000   63.107   35.411   90.024  179.906    0.341860   -1.270459   -0.767514   -0.777650   -1.312822   -1.806159   -1.900522   -0.665397   -1.232781   28.060   33.081  -71.145 S_000001
SCORE:     0.002                  0.002          0          2          2    S_000002
   1 H     0.000  170.252   55.279   81.095 -161.331  -78.852   79.210   38.955   98.283 -120.159    0.340875   -1.375506   -0.516624   -0.730931   -1.531458   -1.578222   -1.824301   -0.656677   -1.235362    3.794    0.984    0.238 S_000002
   2 P   -58.189 -129.156   54.272  147.374 -105.322   77.430  117.139  -36.372  155.978   29.238    0.324159   -0.171498   -1.481553   -0.791006   -1.116220   -1.921261   -1.934630   -0.719357   -1.197343    8.863   -0.246   -3.721 S_000002
   3 N   -81.412  176.694   64.713   87.263  -90.161 -120.338   89.673   35.184   92.036  -16.310    0.332421   -1.297934   -0.703252   -0.796061   -1.387787   -1.735223   -1.891872   -0.665526   -1.232771    9.445    3.921   -3.737 S_000002
   4 N   -66.757 -176.582   50.771   82.308 -152.544  -76.700   82.516   40.239   89.979  166.922    0.305481   -1.371671   -0.572407   -0.760028   -1.466193   -1.662491   -1.853213   -0.668365   -1.239576    8.286   10.318   -6.085 S_000002
   5 P   -67.956  168.331   55.391   83.761 -166.271  -88.764   84.671   36.505   92.600   74.859    0.322126   -1.360899   -0.611922   -0.791937   -1.496214   -1.650486   -1.886389   -0.719701   -1.204340    6.701   13.553  -11.061 S_000002
   6 P   -52.088  174.179   45.201   77.389 -139.855  -69.954   79.372   32.173  107.461  179.899    0.329837   -1.407463   -0.490399   -0.833361   -1.697612   -1.432102   -1.841873   -0.740668   -1.196407    6.811   15.901  -16.639 S_000002
   7 N   -61.829  158.433   68.679  119.752 -102.662  140.902  117.687  -20.238  150.164   19.986    0.398301   -0.713132   -1.294881   -0.859342   -1.499812   -1.656765   -1.943448   -0.732394   -1.179095    7.776   14.979  -22.419 S_000002
   8 P   -40.004  163.993   31.543   82.300 -155.506  -71.346   89.908   43.662   85.268  179.898    0.284509   -1.389404   -0.534386   -0.734461   -1.451575   -1.671135   -1.873865   -0.716950   -1.221695    9.068   17.725  -26.870 S_000002
   9 P   -59.751  168.619   48.849   82.938 -146.309  -87.641   86.530   38.505   90.414  179.909    0.317167   -1.362033   -0.596010   -0.769891   -1.469235   -1.661336   -1.868791   -0.687808   -1.225659    8.929   20.373  -32.209 S_000002
  10 P   -68.171 -177.260   51.540   80.723 -147.870  -59.791   85.454   33.177  101.611  -29.716    0.347848   -1.358223   -0.588002   -0.797638   -1.573447   -1.571523   -1.862360   -0.726460   -1.201317    8.182   20.508  -38.707 S_000002
  11 N   -82.361 -161.331 -174.782   86.992 -141.508   48.839  125.688   35.417   96.361  -20.071    0.330514   -1.342742   -0.641050   -0.791689   -1.487472   -1.671577   -1.890514   -0.708946   -1.222222    5.019   17.134  -43.310 S_000002
  12 N   -66.306 -177.289   45.423   85.030 -148.727  -62.795   79.657   38.653   89.975  -29.774    0.304319   -1.381694   -0.566204   -0.778945   -1.523948   -1.634612   -1.890368   -0.774570   -1.172409    5.858   20.853  -46.248 S_000002
  13 P   160.757 -138.073  154.848   79.635 -104.999  -75.992   62.751   36.623   88.848  179.918    0.347263   -1.310310   -0.690528   -0.756715   -1.392705   -1.745292   -1.882548   -0.692923   -1.220614   10.951   23.716  -48.407 S_000002
  14 P    22.576 -176.579   48.661   84.972 -150.929  -64.270   77.961   32.348  100.173  179.946    0.355592   -1.316000   -0.692777   -0.800193   -1.474702   -1.680878   -1.891094   -0.694808   -1.215935   16.232   21.316  -49.400 S_000002
  15 P  -173.677 -178.976   34.277   80.242 -168.015 -110.757  160.627   37.213   95.572  116.250    0.298994   -1.405113   -0.533923   -0.807169   -1.597305   -1.575406   -1.856075   -0.725145   -1.201273   22.170   23.581  -51.656 S_000002
  16 N  -112.916   73.047  155.670   92.860 -171.372  -82.453   65.163   35.655   85.492  -66.299    0.336241   -1.240374   -0.823639   -0.780957   -1.230774   -1.863275   -1.920568   -0.732246   -1.190282   20.678   23.543  -57.260 S_000002
  17 P   -57.519  171.467   48.331   84.569 -168.035  -71.033   87.249   37.623   90.022  -24.500    0.304261   -1.363961   -0.596293   -0.796667   -1.493143   -1.651198   -1.889374   -0.717125   -1.203509   19.972   28.686  -60.093 S_000002
  18 N   -41.090 -179.648   43.086   82.939 -147.768  -70.595   90.099   43.084   86.879  -22.836    0.267695   -1.395490   -0.551332   -0.766149   -1.436749   -1.670536   -1.879474   -0.678920   -1.229465   21.815   33.356  -62.996 S_000002
  19 P   -56.094  145.738   42.615   91.816 -134.664  -66.171  140.190   33.676   93.379  -35.033    0.331811   -1.324853   -0.671884   -0.819825   -1.472350   -1.682220   -1.932169   -0.766744   -1.164617   24.277   36.262  -67.060 S_000002
  20 H    79.778 -165.796  -84.927  -75.911    0.000    0.000  -68.544  -46.458  -87.035   10.304    0.234621   -1.465281    0.315229   -0.754653   -1.623852    1.467457   -1.791252   -0.699893    1.231215   25.730   32.433  -71.096 S_000002
SCORE:     0.002                  0.002          0          1          2    S_000003
   1 H     0.000  170.252   55.279   78.916 -157.862 -109.503   69.643   40.601   91.772  -18.514    0.297803   -1.413024   -0.494192   -0.767528   -1.557556   -1.581253   -1.856930   -0.728193   -1.206470    3.794    0.984    0.238 S_000003
   2 P   -61.006 -179.954   50.242   82.507 -156.185  -73.021   85.458   35.585   93.990  179.954    0.329422   -1.361889   -0.597197   -0.792588   -1.528973   -1.621729   -1.884619   -0.733158   -1.195576    8.665    0.878   -4.080 S_000003
   3 P   -98.380   74.460  174.507   84.716 -119.187  -66.209   53.463   36.170   95.451  169.250    0.323503   -1.363503   -0.598680   -0.795119   -1.517673   -1.633654   -1.879798   -0.707401   -1.212980   11.831    0.165   -8.324 S_000003
   4 N   -96.419 -145.696   47.458  149.216  -72.087   92.691  121.941  -37.449  156.218   31.738    0.329226   -0.171112   -1.475378   -0.771710   -1.139296   -1.904163   -1.921100   -0.749882   -1.178349   16.209    1.611  -13.395 S_000003
   5 P    68.675 -160.867   50.735   76.108    0.000    0.000   44.870   37.363   95.512  179.905    0.275288   -1.395309   -0.547400   -0.837939   -1.558862   -1.588500   -1.875805   -0.710720   -1.203414   19.355    3.964  -15.567 S_000003
   6 P   -56.212  139.742   61.169   78.624 -150.692  -67.590   80.788   40.990   93.095  179.888    0.279576   -1.417256   -0.481429   -0.776969   -1.567024   -1.568253   -1.852918   -0.710716   -1.221394   19.548    3.536  -17.159 S_000003
   7 P  -175.291  108.701   57.790   83.713 -133.932  -81.366   48.397   27.373  112.568  -22.008    0.384521   -1.316728   -0.679978   -0.817389   -1.577215   -1.587221   -1.859109   -0.678960   -1.237144   23.449    3.093  -22.854 S_000003
   8 N    36.986 -130.733 -175.461  144.530  -93.434  162.034  104.936  -42.142  165.099  -84.275    0.308661   -0.225597   -1.465043   -0.731066   -1.295106   -1.781718   -1.891180   -0.772137   -1.170267   21.667    7.147  -26.041 S_000003
   9 P    11.216  152.230 -153.627  128.666 -154.016  -70.100  -24.281  -19.193  146.398  -19.178    0.402235   -0.569185   -1.356302   -0.844027   -1.298698   -1.840380   -1.957451   -0.703226   -1.203073   19.439    9.650  -31.332 S_000003
  10 P   -59.850  147.718   60.032   84.420 -114.078  -98.756   85.430   29.944  107.142  167.180    0.350478   -1.359358   -0.605201   -0.838844   -1.613025   -1.536337   -1.881973   -0.729172   -1.188520   21.081    9.758  -36.655 S_000003
  11 P   -92.046 -115.391   54.971  106.193    6.228  169.433  103.338   -1.422  137.047  179.932    0.449681   -0.947330   -1.110450   -0.871454   -1.480754   -1.678657   -1.932639   -0.698043   -1.191881   23.215    6.358  -42.540 S_000003
  12 P   -68.214  177.406   54.322   84.891 -135.237  -40.900  103.473   35.732   90.138   64.089    0.316716   -1.349619   -0.642488   -0.806717   -1.475402   -1.669727   -1.900625   -0.719831   -1.201046   19.897    5.232  -48.064 S_000003
  13 P    17.241  -95.135  -86.167  100.629 -151.972  -58.317   74.172   33.012   87.480  -20.330    0.326508   -1.164887   -0.919465   -0.825301   -1.115234   -1.914034   -1.945986   -0.654711   -1.217856   18.894    8.326  -50.910 S_000003
  14 P   -68.583  164.307   58.666   91.801 -155.892  -60.451   88.581   35.128   99.160  146.908    0.357781   -1.263290   -0.773760   -0.754199   -1.296418   -1.794559   -1.854042   -0.573454   -1.265068   15.240   11.551  -54.113 S_000003
  15 N   -93.633 -150.591   47.016   84.603 -143.496 -107.397   81.004   36.658   92.578  -14.149    0.329100   -1.349049   -0.617606   -0.783307   -1.477251   -1.663021   -1.870198   -0.678987   -1.228136   12.676   17.717  -54.298 S_000003
  16 P   -63.293 -160.325   41.193   76.161 -178.148 -126.599  117.558   31.465  111.754 -140.083    0.325638   -1.414073   -0.477438   -0.849654   -1.727384   -1.406701   -1.862552   -0.766124   -1.184300   14.133   23.767  -57.131 S_000003
  17 N   -66.948  171.291   54.356   82.003 -135.246  -66.228   90.489   37.121   95.399  -16.730    0.309302   -1.379377   -0.577714   -0.797290   -1.535764   -1.623535   -1.879526   -0.716225   -1.210127   14.815   25.896  -63.064 S_000003
  18 P    82.797 -133.769  -78.193  118.268  -83.494  -75.329  -48.484   -8.869  148.256    2.470    0.426615   -0.816061   -1.206013   -0.879584   -1.432567   -1.708449   -1.961555   -0.689421   -1.203237   18.351   29.384  -64.432 S_000003
  19 P   -66.647  171.631   69.910  147.064  -91.681  109.907  134.753  -35.740  157.177   23.942    0.318447   -0.102521   -1.492609   -0.808119   -1.018123   -2.002287   -1.924567   -0.738830   -1.198332   21.227   31.421  -69.572 S_000003
  20 H   -79.447  178.905   59.022   82.242    0.000    0.000   70.535   30.911  104.144 -105.531    0.357084   -1.339645   -0.629659   -0.814265   -1.567236   -1.584975   -1.868444   -0.704431   -1.216910   22.787   35.609  -70.933 S_000003
SCORE:     0.001                  0.001          0          1          2    S_000004
   1 H     0.000  170.252   55.279   91.370 -127.173 -128.592   65.216   34.670   83.338  -25.716    0.347138   -1.220242   -0.839443   -0.787564   -1.213714   -1.873679   -1.927671   -0.694410   -1.214730    3.794    0.984    0.238 S_000004
   2 P   -55.253  155.484   58.952   86.676 -130.275  -62.739   78.391   31.902   95.807  -16.903    0.374474   -1.284780   -0.728274   -0.776412   -1.417526   -1.706942   -1.859085   -0.660791   -1.232533    8.449    0.492   -4.213 S_000004
   3 P  -128.384  113.180  162.852   86.269 -121.412  -87.458   58.577   34.811   87.922  -17.940    0.354485   -1.288841   -0.734645   -0.775911   -1.359654   -1.760900   -1.893358   -0.695028   -1.213425   10.718   -2.179   -9.484 S_000004
   4 N   -62.546  163.702   53.005  148.366 -118.861   90.529   87.349  -36.616  154.733   26.664    0.318956   -0.121392   -1.483903   -0.796317   -1.059069   -1.958377   -1.933448   -0.684848   -1.217490   14.138   -4.453  -14.366 S_000004
   5 P   142.489 -148.334 -175.131   81.050 -103.037  -66.604   46.181   39.533   87.867 -148.465    0.308464   -1.371601   -0.588152   -0.766456   -1.476269   -1.673536   -1.870547   -0.699906   -1.225639   18.386   -4.185  -18.090 S_000004
   6 P   -79.459  144.292  154.873   79.170 -127.562  -11.385   86.994   38.051   91.212  -25.244    0.313288   -1.378362   -0.571146   -0.785787   -1.517690   -1.633395   -1.879301   -0.729152   -1.207864   22.588   -4.172  -22.280 S_000004
   7 P   -60.598  169.739   54.232   82.368 -136.593  -68.739   77.903   37.532   93.839  -13.235    0.319933   -1.380004   -0.556233   -0.781992   -1.537225   -1.605615   -1.865995   -0.709367   -1.213444   24.464   -3.617  -26.878 S_000004
   8 P   -79.285 -132.149   41.041  134.582  -45.598 -179.978  175.944  -25.854  151.298   27.948    0.416080   -0.224298   -1.453267   -0.795548   -0.968330   -2.002520   -1.928054   -0.687585   -1.214336   24.947    0.562  -32.292 S_000004
   9 P   154.785  148.880   62.755  143.221 -118.428  172.337   94.118  -32.342  157.772   32.106    0.346938   -0.351961   -1.445871   -0.812180   -1.268003   -1.828910   -1.947184   -0.738139   -1.184255   29.054    2.674  -37.214 S_000004
  10 N   -68.946  148.676   66.715   83.002 -130.330  -74.414   74.353   37.642   91.882  171.636    0.331430   -1.358297   -0.592655   -0.757591   -1.495325   -1.647272   -1.856637   -0.720502   -1.215164   32.371    4.891  -41.559 S_000004
  11 P   140.069 -149.134 -176.442   84.310 -132.136  -74.545   60.793   36.577   91.645  -33.522    0.344958   -1.330067   -0.653628   -0.758551   -1.445446   -1.705309   -1.869122   -0.698642   -1.227160   35.109   10.214  -43.218 S_000004
  12 P   -61.236 -144.081   67.298  141.205  -83.161  175.647  156.045  -26.613  152.071   69.787    0.411481   -0.165229   -1.462398   -0.796345   -0.904956   -2.034850   -1.928766   -0.649169   -1.234321   36.509   16.774  -43.037 S_000004
  13 N   -47.612  167.233   28.249  137.355 -117.020  -66.114  135.633  -33.837  159.224 -133.473    0.337786   -0.346420   -1.447057   -0.810911   -1.290894   -1.804793   -1.947634   -0.748869   -1.172193   37.879   22.647  -44.555 S_000004
  14 P   -71.099  168.637   44.754   84.818 -135.322  -73.979   57.532   38.845   86.435  -20.939    0.315992   -1.338156   -0.650800   -0.769392   -1.399909   -1.729695   -1.893658   -0.705006   -1.212630   41.931   24.214  -48.995 S_000004
  15 P   126.870  142.628  -54.915  100.202 -178.514  159.004   93.519   25.963   99.432  -62.146    0.358247   -1.163110   -0.930449   -0.874436   -1.251952   -1.842034   -1.971351   -0.721667   -1.158323   40.718   20.530  -54.654 S_000004
  16 P   144.301 -177.457  168.047  118.394  -83.727 -174.250   12.230  -18.258  135.328  -56.346    0.460209   -0.247345   -1.424070   -0.790326   -0.836688   -2.081905   -1.909305   -0.651561   -1.235348   45.936   23.765  -58.310 S_000004
  17 P   -56.728 -135.352   55.393  149.224 -123.136 -178.792  170.161  -35.689  154.774   66.233    0.315626   -0.082044   -1.489922   -0.809591   -0.984964   -1.998443   -1.944815   -0.676804   -1.231013   48.035   29.419  -60.225 S_000004
  18 N    28.230  116.858  -64.042   86.086 -177.369  -76.523   33.822   29.660  101.355  -60.184    0.357288   -1.295361   -0.727268   -0.825279   -1.487446   -1.683047   -1.903784   -0.710823   -1.208443   44.884   34.971  -60.943 S_000004
  19 N   -65.031  152.477   65.902   87.507 -154.173  -69.523   72.237   33.863  102.116  179.931    0.342494   -1.327610   -0.675121   -0.801720   -1.454918   -1.674934   -1.851988   -0.597583   -1.267118   39.974   36.732  -62.587 S_000004
  20 H   -89.594 -161.635   64.188   86.793    0.000    0.000   63.860   36.442   93.642  -19.061    0.336312   -1.327938   -0.630818   -0.757133   -1.470128   -1.674784   -1.854722   -0.705680   -1.220831   36.066   38.714  -67.599 S_000004
SCORE:     0.002                  0.002          0          0          3    S_000005
   1 H     0.000  170.252   55.279   82.492 -159.449  -73.871   71.137   37.694   91.082  179.906    0.318103   -1.373683   -0.580224   -0.773928   -1.521096   -1.633864   -1.877637   -0.736478   -1.200714    3.794    0.984    0.238 S_000005
   2 N   -94.045  -97.082  172.283   85.291 -132.180   61.110   98.226   33.941   97.277  -14.481    0.343344   -1.336280   -0.647087   -0.797481   -1.497151   -1.654498   -1.886694   -0.705787   -1.211849    8.206   -1.042   -4.689 S_000005
   3 P   -79.935 -110.906   87.017  144.773  -53.661 -147.164  171.200  -40.986  158.896   19.122    0.306407   -0.194610   -1.474750   -0.741624   -1.230459   -1.840193   -1.901831   -0.793111   -1.157033   10.831    3.476   -3.307 S_000005
   4 P    65.931  142.754  176.619   86.578 -113.655  -57.864   61.127   37.207   94.009   67.901    0.293683   -1.359604   -0.622492   -0.810334   -1.478186   -1.668837   -1.899704   -0.698162   -1.212358   10.036    8.505   -7.613 S_000005
   5 P   102.260  -84.419 -137.041  110.217 -166.420  153.876  105.070    0.795  134.434    2.542    0.413903   -0.987634   -1.107057   -0.927264   -1.465144   -1.673374   -1.980472   -0.728304   -1.136597   13.186    8.129  -10.120 S_000005
   6 P   -71.862  163.400   58.750   85.820 -164.131  -74.692   86.996   37.612   90.279  171.537    0.317291   -1.346121   -0.618244   -0.768961   -1.461580   -1.668215   -1.868475   -0.705943   -1.210851   13.586   12.608  -14.287 S_000005
   7 P   -45.459 -160.728   35.712   87.766 -132.988 -152.630  144.273   25.774  122.716  -20.928    0.402285   -1.311512   -0.666993   -0.806321   -1.692518   -1.601327   -1.807938   -0.713687   -1.247042   13.496   17.740  -17.687 S_000005
   8 P   -47.346  176.379   51.351   79.055 -173.509 -118.383   80.508   36.074   97.726 -142.917    0.325644   -1.385201   -0.543069   -0.791972   -1.583275   -1.568525   -1.862350   -0.736123   -1.202374   16.157   19.490  -23.446 S_000005
   9 N    82.241 -168.045   61.773   86.352 -151.257  -70.532   68.603   38.399   90.442   77.499    0.331519   -1.334275   -0.625389   -0.747914   -1.424263   -1.691963   -1.876550   -0.680616   -1.200770   19.060   18.856  -28.861 S_000005
  10 P    61.738 -132.075  178.564  106.189 -171.343 -102.760  121.990   -5.332  145.988 -167.146    0.426240   -0.987668   -1.091600   -0.899221   -1.598564   -1.560373   -1.950124   -0.758656   -1.156180   15.741   16.116  -31.468 S_000005
  11 N    32.041  123.891  149.947  138.633 -161.851   66.751   63.406  -35.984  164.131  -44.211    0.332975   -0.431883   -1.424425   -0.788071   -1.430812   -1.686094   -1.944653   -0.817963   -1.144348   18.465   13.159  -35.396 S_000005
  12 N   -66.306 -177.289   45.423   85.030 -148.727  -62.795   79.657   38.653   89.975  -29.774    0.304319   -1.381694   -0.566204   -0.778945   -1.523948   -1.634612   -1.890368   -0.774570   -1.172409   17.498   18.153  -36.788 S_000005
  13 N   153.892 -147.001  164.471   84.491  -94.077 -111.283   64.524   33.190   96.319  -19.555    0.355120   -1.318549   -0.682768   -0.791210   -1.468493   -1.683316   -1.890099   -0.710032   -1.206612   20.677   23.319  -38.154 S_000005
  14 N   -67.020 -167.560   46.414   87.461 -142.363  -67.516   80.648   38.627   89.740  -18.656    0.333337   -1.338044   -0.652868   -0.745436   -1.418184   -1.734016   -1.861831   -0.722798   -1.214848   25.631   27.382  -40.832 S_000005
  15 N   -62.302  175.750   53.656   82.469 -144.933  -74.758   81.441   40.063   91.795  -16.732    0.305882   -1.375215   -0.555205   -0.765792   -1.484884   -1.644742   -1.855696   -0.670003   -1.240335   28.274   27.044  -46.397 S_000005
  16 N   -56.987 -154.615   48.144   91.922 -159.097  137.619  107.998   34.067   96.763 -169.171    0.333592   -1.286895   -0.740909   -0.785795   -1.392999   -1.756566   -1.854054   -0.619662   -1.265584   28.466   24.430  -52.384 S_000005
  17 P   158.715 -157.769  167.512   84.007 -113.599  -54.249   62.886   34.119   94.129  -18.044    0.366858   -1.293815   -0.718613   -0.767897   -1.400038   -1.741159   -1.887798   -0.684380   -1.222260   27.565   29.359  -57.173 S_000005
  18 P   -69.044  169.585   63.431  146.522 -103.523  138.199  120.958  -37.631  160.112 -137.286    0.335524   -0.262307   -1.458233   -0.762964   -1.256959   -1.815070   -1.923800   -0.759924   -1.175337   26.447   31.019  -62.793 S_000005
  19 P   -78.267  166.605   56.171   85.016 -128.167  -55.220   87.452   36.477   92.659  -19.745    0.335846   -1.349122   -0.599641   -0.769592   -1.499391   -1.638953   -1.864900   -0.710643   -1.215066   28.246   33.500  -67.195 S_000005
  20 H    35.409 -129.599  -72.936   87.121    0.000    0.000   84.102   37.981   81.442  -18.819    0.334316   -1.279089   -0.753196   -0.759710   -1.272916   -1.823656   -1.904170   -0.709348   -1.207786   27.897   33.765  -72.166 S_000005
SCORE:     0.001                  0.001          0          0          9    S_000006
   1 H     0.000  170.252   55.279  108.612  169.677  171.096  133.528  -10.650  150.066  156.359    0.423647   -0.971133   -1.093253   -0.884222   -1.669948   -1.465739   -1.948449   -0.822690   -1.112158    3.794    0.984    0.238 S_000006
   2 N   -75.991 -132.025   67.897  132.001    0.000    0.000  158.093  -29.449  156.540  179.874    0.369208   -0.476073   -1.405772   -0.824545   -1.369181   -1.745492   -1.945517   -0.722912   -1.186684    7.008    1.297   -5.927 S_000006
   3 P   -72.743  172.141   55.970   84.467 -125.718  -58.781   97.709   38.709   90.981  -18.633    0.314016   -1.355345   -0.615325   -0.772014   -1.449685   -1.689705   -1.873912   -0.681021   -1.233682    5.521    3.237   -5.570 S_000006
   4 P   -80.366  165.475   75.408   78.386 -119.583  -78.808   65.122   33.156  100.468  -16.650    0.354754   -1.369707   -0.580207   -0.791936   -1.596736   -1.565394   -1.863662   -0.756407   -1.190996    6.161    9.004   -7.536 S_000006
   5 P   -71.309  166.600   56.111   84.230 -124.577  -56.107   98.451   41.236   85.638   64.531    0.293979   -1.367522   -0.580637   -0.758087   -1.431512   -1.680991   -1.877579   -0.708272   -1.205962    7.465   12.151  -12.942 S_000006
   6 P  -112.695  134.502  165.073   88.714 -112.228 -169.048 -119.275   21.442  123.447   15.514    0.350072   -1.348813   -0.668568   -0.923382   -1.690440   -1.446275   -1.877090   -0.689608   -1.206340    6.101   10.084  -18.548 S_000006
   7 P    -2.536  124.445   60.080   87.290 -166.537  -63.444   31.029   33.795  106.334  145.196    0.332679   -1.350033   -0.624932   -0.812807   -1.521955   -1.621509   -1.872108   -0.674927   -1.230952    8.597   11.238  -24.074 S_000006
   8 P   -70.161 -127.588   48.987  148.658 -122.605  168.924 -174.892  -38.043  159.797   99.056    0.316111   -0.139779   -1.482987   -0.776700   -1.106221   -1.917126   -1.927503   -0.703429   -1.211688   10.691   13.209  -29.931 S_000006
   9 P   -58.873  172.311   50.589   82.173 -147.047  -53.048   82.577   38.852   90.887  -27.614    0.320001   -1.370271   -0.569162   -0.758812   -1.500152   -1.640574   -1.864313   -0.708960   -1.221986   14.990   14.865  -33.974 S_000006
  10 P  -174.180  152.972 -160.333  104.826 -142.767  -78.703   76.242   19.884  101.194  179.947    0.387962   -1.086681   -0.991172   -0.843871   -1.294637   -1.855867   -1.944422   -0.700499   -1.202484   19.440   19.717  -35.272 S_000006
  11 P   -65.759  166.878   51.940   82.996 -149.109  -70.798   77.519   42.250   89.399  -18.770    0.319933   -1.402173   -0.524877   -0.707815   -1.521375   -1.646626   -1.834335   -0.743489   -1.206910   23.952   23.370  -37.495 S_000006
  12 N   -70.320  143.492 -172.571   83.344 -175.956  134.351  122.751   32.906  102.436   35.583    0.339219   -1.380476   -0.539649   -0.812060   -1.641575   -1.514117   -1.864766   -0.751170   -1.196775   26.849   28.148  -36.471 S_000006
  13 P   -61.006 -179.954   50.242   82.507 -156.185  -73.021   85.458   35.585   93.990  179.954    0.329422   -1.361889   -0.597197   -0.792588   -1.528973   -1.621729   -1.884619   -0.733158   -1.195576   27.656   27.178  -42.533 S_000006
  14 N    64.943  144.179   41.511   90.329 -133.071  -51.265   51.018   40.105   89.510  -27.923    0.369037   -1.348103   -0.627434   -0.709964   -1.339060   -1.695054   -1.880491   -0.749661   -1.171416   26.163   28.877  -48.162 S_000006
  15 P   166.345  136.515  176.959   87.298 -141.961  -85.985   88.233   36.289   90.829  -13.741    0.336751   -1.319590   -0.670557   -0.773868   -1.420417   -1.716763   -1.889689   -0.708570   -1.210282   30.914   27.738  -52.871 S_000006
  16 P   -69.839  169.968   50.551   79.039 -140.070  -54.408   89.622   39.493   93.595 -138.375    0.296920   -1.403123   -0.510485   -0.782083   -1.560313   -1.583792   -1.852142   -0.700803   -1.229180   35.907   26.468  -56.665 S_000006
  17 N   -66.849 -173.842   42.737   81.535  151.902  -27.975   93.048   42.146   82.422  -92.265    0.268024   -1.381210   -0.552220   -0.773306   -1.450263   -1.660930   -1.874536   -0.702148   -1.204377   41.767   28.288  -55.921 S_000006
  18 P   -36.918 -153.877   53.859  147.355 -138.787 -139.139  153.593  -34.813  154.010  100.837    0.332148   -0.170995   -1.476134   -0.798376   -1.082609   -1.936969   -1.934460   -0.703444   -1.197882   44.651   31.658  -53.871 S_000006
  19 P   138.275 -159.615 -170.410   75.004 -145.366  -68.236   62.058   40.630   97.171  178.676    0.268294   -1.443452   -0.403226   -0.793807   -1.677579   -1.480927   -1.819617   -0.725120   -1.219220   50.383   35.639  -52.804 S_000006
  20 H   -57.150  164.303   55.080   79.132    0.000    0.000   84.301   38.049   93.840  -21.534    0.320867   -1.376645   -0.563004   -0.774455   -1.512907   -1.617776   -1.862051   -0.708596   -1.216763   55.249   38.404  -50.872 S_000006
SCORE:     0.001                  0.001          0          0          4    S_000007
   1 H     0.000  170.252   55.279   84.183 -106.130  -99.851   87.894   33.647   99.667   91.167    0.348423   -1.346604   -0.614303   -0.785953   -1.543474   -1.611301   -1.847700   -0.707806   -1.219248    3.794    0.984    0.238 S_000007
   2 P   -99.199  125.637 -179.762   83.640  -90.679  -87.968   64.615   29.263  105.895  110.664    0.352009   -1.326372   -0.671473   -0.835522   -1.567296   -1.611758   -1.895083   -0.726387   -1.202761    7.276   -0.868   -4.793 S_000007
   3 P   135.269 -105.558 -170.226   95.545  -70.244  165.145   60.793   13.066  137.220  -89.238    0.387773   -1.288182   -0.737904   -0.930805   -1.735824   -1.383477   -1.889188   -0.721886   -1.190762    8.053    1.028   -9.795 S_000007
   4 P   -66.145 -167.601   46.954   81.931 -131.930  -71.421   85.664   37.618   93.685  -21.869    0.322318   -1.375825   -0.555717   -0.775755   -1.536636   -1.608344   -1.866263   -0.717603   -1.213721   12.732    1.108  -13.732 S_000007
   5 P   -79.696  140.782   46.968   81.282 -128.082  -53.161   62.407   36.776   97.887   61.009    0.308779   -1.412155   -0.479564   -0.802113   -1.639728   -1.502686   -1.855337   -0.745564   -1.193035   16.396    5.417  -15.469 S_000007
   6 P   -56.853  171.990  171.780   85.911 -152.063  -67.001   77.782   35.994   96.437   -4.313    0.328345   -1.349517   -0.609707   -0.788269   -1.498151   -1.642523   -1.865818   -0.680563   -1.230927   12.738    7.909  -19.328 S_000007
   7 P   -76.897  174.133   57.357   84.654 -140.600  -63.348   76.325   34.583   96.502  -13.756    0.323086   -1.359431   -0.597703   -0.812429   -1.550054   -1.610334   -1.893072   -0.740348   -1.193184   11.193    6.777  -25.233 S_000007
   8 N   -65.003 -178.643   53.339   92.815 -149.653  -52.662   98.664   36.527   87.950 -172.458    0.320268   -1.291706   -0.713168   -0.791113   -1.354421   -1.768064   -1.916316   -0.691090   -1.216923   11.686   10.023  -30.527 S_000007
   9 P   -40.781  173.312   44.680   83.104 -163.376  174.185   96.053   35.505   93.607  -15.694    0.321901   -1.339773   -0.650386   -0.799695   -1.468237   -1.676585   -1.878521   -0.689064   -1.218829   15.547   13.827  -32.067 S_000007
  10 N     0.000 -131.354  -80.478   98.620 -141.646  -84.428   44.124   36.066   80.463  -23.346    0.340675   -1.192140   -0.878965   -0.776694   -1.113717   -1.918851   -1.925273   -0.721406   -1.194790   16.283   15.805  -37.436 S_000007
  11 P   117.935 -136.958  162.437  144.666  -97.088  134.124   84.122  -35.353  159.457   20.434    0.327448   -0.241090   -1.464698   -0.804626   -1.184865   -1.859172   -1.945209   -0.712335   -1.193717   17.335   19.258  -42.091 S_000007
  12 P   -54.813 -177.529   51.711   88.867 -146.665  -84.196   81.010   40.973   83.203  -23.502    0.315786   -1.319153   -0.681072   -0.734657   -1.315505   -1.785794   -1.870032   -0.664536   -1.238022   16.190   19.841  -47.197 S_000007
  13 N   -26.793 -119.248   87.408   88.201   31.446  -67.561   94.157   11.010  126.090   40.424    0.401056   -1.236868   -0.809891   -0.906322   -1.696384   -1.448939   -1.902504   -0.724595   -1.198492   18.617   19.630  -52.862 S_000007
  14 P  -115.322 -157.938   47.162   80.721 -135.951  -73.309   70.103   38.256   92.885  -25.081    0.318013   -1.375675   -0.565696   -0.774737   -1.516427   -1.630003   -1.866607   -0.704795   -1.222481   14.034   19.054  -52.616 S_000007
  15 P   169.387 -149.487  155.553   85.919 -111.634 -105.245   58.290   34.295   93.869 -174.200    0.347326   -1.316032   -0.673149   -0.786606   -1.451213   -1.690182   -1.888674   -0.697197   -1.209516   14.571   23.007  -57.837 S_000007
  16 N   -75.735  148.815   41.848   88.306 -137.945  -73.042 -179.811   38.947   81.270  -24.293    0.286611   -1.345713   -0.640031   -0.806689   -1.407745   -1.718202   -1.899876   -0.714480   -1.189706   17.384   26.134  -62.775 S_000007
  17 N   -76.819 -134.852  109.473  109.367 -122.685  132.189   59.548    4.047  144.391    2.840    0.404789   -1.102977   -0.993676   -0.943433   -1.565181   -1.551916   -1.938391   -0.661485   -1.197127   23.688   24.674  -65.069 S_000007
  18 P   -82.857  166.868   64.334   83.850 -143.645  -36.747   88.682   40.115   90.565  -26.717    0.313568   -1.353145   -0.619738   -0.747597   -1.414172   -1.707031   -1.855047   -0.648826   -1.252786   25.316   29.659  -66.448 S_000007
  19 N   -84.930 -169.074   52.325   88.089    0.000    0.000   99.123   36.076   93.211  -30.626    0.323414   -1.341996   -0.638698   -0.796462   -1.466623   -1.676784   -1.887196   -0.690253   -1.223740   28.911   33.156  -69.992 S_000007
  20 H   -63.789  177.322   50.361   78.258    0.000    0.000   76.656   45.837   86.028  -29.986    0.252464   -1.427562   -0.461957   -0.741844   -1.497508   -1.621790   -1.859928   -0.722267   -1.211582   27.969   34.131  -67.941 S_000007
SCORE:     0.000                  0.000          0          0          4    S_000008
   1 H     0.000  170.252   55.279   83.871 -143.930  -56.706   64.778   36.835   92.421  -18.688    0.355434   -1.279816   -0.731065   -0.744060   -1.308924   -1.780084   -1.851248   -0.625652   -1.239772    3.794    0.984    0.238 S_000008
   2 N    78.256   99.114  -95.188  164.524 -130.165   85.538  -51.853  -43.040  151.438   23.711    0.271491    0.203663   -1.479308   -0.755409   -0.744544   -2.080555   -1.883171   -0.664026   -1.233479    4.660   -3.674   -3.206 S_000008
   3 N   151.462 -161.244   63.330   96.396   22.477   33.764   97.703   14.584  120.527  170.759    0.427260   -1.119249   -0.944739   -0.850783   -1.452398   -1.715347   -1.910450   -0.672036   -1.218677    4.037   -2.802   -8.957 S_000008
   4 N   -73.632  166.862   41.417   90.383 -120.510  -69.122   61.909   32.697   93.989  -16.273    0.363648   -1.240571   -0.816599   -0.791027   -1.291662   -1.820849   -1.911818   -0.661941   -1.230420    4.723   -0.463  -10.624 S_000008
   5 N   -54.905 -179.787   52.984  131.374 -128.896  154.073  112.781  -21.146  143.722   17.580    0.415467   -0.432599   -1.404669   -0.834394   -1.156775   -1.922437   -1.939965   -0.702808   -1.188959    6.853    1.759  -16.091 S_000008
   6 P   164.488 -114.005 -156.984   84.693 -175.807  -69.979   51.748   34.903   98.384  -74.143    0.334074   -1.360844   -0.599996   -0.791179   -1.546085   -1.615586   -1.873725   -0.716463   -1.216816    7.576    4.512  -22.403 S_000008
   7 P   -85.624 -174.779   39.982  148.196  -71.372   58.611  105.198  -37.340  159.790 -158.780    0.331740   -0.181039   -1.470708   -0.765567   -1.145463   -1.890227   -1.923565   -0.718936   -1.194853   11.161    7.706  -26.357 S_000008
   8 P   -60.428 -156.393   49.064   81.548 -157.760 -109.948  104.152   39.170   88.406  167.000    0.309498   -1.366252   -0.593440   -0.769650   -1.466437   -1.669517   -1.876267   -0.701514   -1.220855   13.013   10.174  -24.850 S_000008
   9 N   -66.230 -177.262   54.481   85.269 -145.306  -74.235   88.128   40.234   94.885  -19.794    0.325443   -1.343681   -0.621774   -0.745077   -1.372392   -1.706154   -1.857903   -0.603035   -1.265568   12.780   16.149  -22.067 S_000008
  10 P   -65.551 -156.643   42.308   84.208 -176.634  -27.460   73.442   36.926   88.979  -18.816    0.329237   -1.351131   -0.619751   -0.776630   -1.482209   -1.672351   -1.887591   -0.720910   -1.204913   14.250   22.580  -22.322 S_000008
  11 N   -67.229  171.008   55.165   82.086 -141.872  -66.852   61.846   37.905   89.691  -19.447    0.304683   -1.380533   -0.556703   -0.789229   -1.535846   -1.609615   -1.885027   -0.754389   -1.186746   17.052   25.596  -25.646 S_000008
  12 P  -127.080   93.264 -171.275  103.043 -145.599  -68.794   72.022   24.237   98.054  162.081    0.368889   -1.139815   -0.938800   -0.834081   -1.303776   -1.854765   -1.930691   -0.681896   -1.218704   19.650   27.969  -30.751 S_000008
  13 P   -81.278  160.451   36.664  147.765 -122.676  177.149  127.911  -37.756  158.866   25.568    0.322436   -0.173818   -1.479190   -0.776279   -1.147026   -1.895369   -1.926609   -0.725853   -1.194474   24.190   31.177  -33.310 S_000008
  14 P   142.544 -157.660  173.092   85.374 -123.104  -81.917   64.767   36.586   87.722  133.333    0.352495   -1.281592   -0.730813   -0.752846   -1.327217   -1.787262   -1.878978   -0.671597   -1.222844   28.362   31.500  -38.994 S_000008
  15 N   -52.702  172.923   49.702   84.169 -165.377 -100.510   95.305   35.324   96.911 -144.598    0.323649   -1.362952   -0.603981   -0.808138   -1.526598   -1.626536   -1.889159   -0.716986   -1.203713   30.802   31.416  -44.855 S_000008
  16 P  -114.633  119.192  174.248   83.368  179.073   33.138  171.599   34.537   97.936  -67.883    0.325029   -1.370073   -0.590987   -0.812964   -1.561388   -1.598620   -1.891570   -0.738476   -1.192347   32.801   32.765  -50.507 S_000008
  17 N  -161.449  -80.375 -167.755   89.297 -150.159  165.209  -87.153   31.046  106.885   18.642    0.339296   -1.337064   -0.665664   -0.840118   -1.530120   -1.624557   -1.899377   -0.689110   -1.219184   35.905   36.459  -55.166 S_000008
  18 P   -69.105  174.927   48.702   83.750 -150.198  -65.935   97.770   38.215   90.941  -19.921    0.323214   -1.355598   -0.608124   -0.767794   -1.464335   -1.675191   -1.873018   -0.693296   -1.228054   31.973   35.682  -59.996 S_000008
  19 P  -131.963  111.649  148.854   88.026 -136.731  -70.473   74.180   34.837   90.415  169.627    0.331994   -1.285485   -0.749691   -0.802246   -1.347360   -1.777932   -1.920759   -0.695904   -1.206415   29.921   35.125  -65.926 S_000008
  20 H   -68.867  169.016   55.799   81.155    0.000    0.000   67.184   39.724   91.415  179.887    0.304868   -1.396539   -0.511308   -0.767329   -1.552362   -1.589655   -1.853581   -0.718369   -1.219113   25.934   35.711  -70.656 S_000008
SCORE:     0.000                  0.000          0          0          6    S_000009
   1 H     0.000  170.252   55.279   79.557 -144.484  -79.576   74.086   35.667  102.113  -17.624    0.314939   -1.411939   -0.486179   -0.813513   -1.653842   -1.494856   -1.838718   -0.708311   -1.222938    3.794    0.984    0.238 S_000009
   2 N   -74.739 -167.085   66.450  144.617 -154.188  130.603   94.184  -30.442  149.273  141.657    0.359128   -0.249561   -1.457071   -0.807965   -1.095051   -1.938301   -1.936686   -0.718207   -1.184371    8.373   -1.552   -3.868 S_000009
   3 N   -63.732 -162.617   46.504  124.474 -120.474 -178.619 -178.378  -29.312  162.193   14.820    0.348343   -0.717314   -1.310076   -0.851077   -1.636973   -1.469691   -1.923582   -0.796213   -1.146708   11.537   -0.144   -8.773 S_000009
   4 N   -56.030  169.653   47.713   83.840 -162.761  -72.304   78.552   38.143   95.775  169.901    0.320785   -1.357758   -0.585424   -0.767879   -1.488866   -1.650087   -1.829011   -0.639253   -1.253482   10.743    3.647  -13.743 S_000009
   5 P   -57.451  166.072   51.014   81.767 -149.065  -73.092   88.128   39.239   92.800  165.041    0.308057   -1.383179   -0.559181   -0.770640   -1.508010   -1.632559   -1.860221   -0.691144   -1.228328    9.444    6.225  -18.793 S_000009
   6 N    56.904  146.090  -76.919  156.695 -160.150 -173.923  104.986  -34.562  143.238  -23.564    0.324447    0.078710   -1.492600   -0.805727   -0.735040   -2.115119   -1.911687   -0.631310   -1.242141    8.801    3.849  -24.244 S_000009
   7 P    58.467  170.969   63.889  133.584  -73.090 -123.110  118.051  -11.409  144.521   13.008    0.417355   -0.580201   -1.354258   -0.890355   -1.135837   -1.905175   -1.974671   -0.583929   -1.231493    7.418   -0.179  -29.384 S_000009
   8 N   -89.470 -106.128   64.147   84.440 -168.345  -56.889   77.321   37.590   92.022  -26.332    0.326301   -1.358693   -0.608420   -0.771917   -1.479076   -1.665020   -1.873657   -0.701186   -1.223320   11.798    1.797  -34.198 S_000009
   9 P   -91.429   70.841 -175.288   85.041 -164.229  -60.206   68.160   39.339   89.568  -17.648    0.312246   -1.367566   -0.582509   -0.760614   -1.478627   -1.661346   -1.866341   -0.708583   -1.219544   16.022   -0.370  -34.928 S_000009
  10 P   157.238  147.935   58.277   79.674   42.514   54.579   91.504   25.399  110.921  -15.363    0.388681   -1.298256   -0.708999   -0.835754   -1.573984   -1.591699   -1.889267   -0.715419   -1.204754   19.716   -0.512  -40.604 S_000009
  11 N    85.934  -90.839  172.676   85.616 -171.229  -78.234   95.061   38.307   91.216 -146.059    0.311581   -1.351249   -0.627510   -0.778861   -1.442484   -1.694367   -1.883384   -0.694107   -1.220686   20.101    3.314  -43.323 S_000009
  12 N  -149.449  161.904  169.889   81.813 -145.400  -65.994  120.751   29.215  116.975    7.240    0.321253   -1.415703   -0.497345   -0.892978   -1.732380   -1.385977   -1.824266   -0.691127   -1.230135   16.453    7.243  -47.298 S_000009
  13 N   168.268 -161.801  166.799   82.625 -112.390  -72.459   58.616   34.486   93.993  -27.769    0.353118   -1.297146   -0.713961   -0.781238   -1.396435   -1.739555   -1.889438   -0.671261   -1.228760   13.368   11.691  -51.022 S_000009
  14 P   -48.770  168.829   54.670   86.526 -150.658  -75.306   81.995   35.762   95.534  179.945    0.329835   -1.340758   -0.641035   -0.793845   -1.468505   -1.674925   -1.886862   -0.690294   -1.220313   13.591   17.283  -53.489 S_000009
  15 P   -79.912 -171.943   62.586   86.663 -143.032  -73.853   81.642   42.365   89.963  -27.631    0.308807   -1.352888   -0.591053   -0.717944   -1.404096   -1.714903   -1.811804   -0.617355   -1.282968   16.670   21.772  -57.126 S_000009
  16 N   -84.709   65.644 -179.077   86.353 -146.448  -58.243   75.054   38.573   87.511  -21.013    0.371123   -1.304304   -0.730032   -0.717847   -1.287288   -1.798051   -1.901587   -0.677127   -1.229343   19.317   24.002  -60.861 S_000009
  17 P    52.539  149.658   40.643   85.991 -138.131  -82.316   90.289   32.122   99.583  175.512    0.336207   -1.345760   -0.626475   -0.830324   -1.550013   -1.600672   -1.907382   -0.736437   -1.185254   23.339   27.921  -61.884 S_000009
  18 P    60.192 -159.837 -173.214   82.292 -115.135  -84.444   46.898   37.608   96.010 -115.911    0.315654   -1.386783   -0.546167   -0.785361   -1.553600   -1.596267   -1.860751   -0.707902   -1.216072   24.646   33.614  -61.637 S_000009
  19 P   153.178 -153.207 -178.631   82.668 -139.550  -73.249   64.126   35.520   95.260  -16.961    0.322942   -1.357707   -0.586556   -0.789863   -1.548629   -1.610887   -1.878842   -0.729786   -1.203609   24.570   34.670  -68.071 S_000009
  20 H   -68.950 -173.752   49.353   93.985    0.000    0.000   71.096   37.346   91.810  -11.928    0.346858   -1.291584   -0.678839   -0.743056   -1.358744   -1.738328   -1.858590   -0.666230   -1.226178   24.656   33.281  -74.400 S_000009
SCORE:     0.001                  0.001          0          2          5    S_000010
   1 H     0.000  170.252   55.279   84.630   53.403  125.435   99.527   33.310   98.365   55.186    0.361021   -1.325991   -0.654624   -0.782111   -1.492447   -1.653433   -1.880037   -0.713331   -1.210919    3.794    0.984    0.238 S_000010
   2 P   152.804  179.450  178.912   87.198 -154.572  -78.725   73.493   37.836   90.078  169.479    0.323288   -1.361977   -0.597100   -0.768408   -1.488119   -1.654360   -1.884994   -0.739724   -1.191211    9.004    1.958   -4.197 S_000010
   3 N   -66.949  174.619   59.099   85.825 -138.410  -70.330   78.362   35.200   94.468   -8.947    0.331398   -1.341315   -0.628127   -0.799197   -1.482891   -1.649326   -1.884778   -0.688526   -1.211794   14.375    3.559   -6.930 S_000010
   4 N   -72.877  173.054   54.323   84.981 -155.555  142.147   82.427   40.007   84.747  -28.682    0.300895   -1.366141   -0.594853   -0.767846   -1.451507   -1.683964   -1.892317   -0.734379   -1.200266   17.086    7.540  -10.994 S_000010
   5 N   -69.833  136.636   54.653   81.341 -157.183  -67.933   78.465   38.185   94.105  179.873    0.315358   -1.385430   -0.548993   -0.776859   -1.540854   -1.608238   -1.861368   -0.709504   -1.221278   20.762   10.802   -8.869 S_000010
   6 N   -74.988  141.447   48.820  143.031  -93.554  -70.896  128.592  -34.837  152.827   21.242    0.337971   -0.211007   -1.469350   -0.798759   -1.141509   -1.907234   -1.933103   -0.723508   -1.187968   26.108   12.363   -8.910 S_000010
   7 P    80.085 -145.979 -145.278   81.968 -120.481  -60.636   76.672   33.305  102.906  162.359    0.330724   -1.367273   -0.575246   -0.819559   -1.585950   -1.557890   -1.872959   -0.718764   -1.203724   27.508   15.591  -12.909 S_000010
   8 N   -70.320  143.492 -172.571   83.344 -175.956  134.351  122.751   32.906  102.436   35.583    0.339219   -1.380476   -0.539649   -0.812060   -1.641575   -1.514117   -1.864766   -0.751170   -1.196775   25.877   20.901  -14.146 S_000010
   9 P   -54.537  177.294   48.123   86.075 -128.165  -88.837   92.215   30.598  100.118   74.705    0.379772   -1.286396   -0.727023   -0.787057   -1.457802   -1.697498   -1.876001   -0.696077   -1.218709   27.948   19.197  -19.646 S_000010
  10 P   -61.742  166.384 -178.354   83.995 -126.540  -59.360   68.058   39.065   92.762  -22.164    0.317174   -1.367811   -0.587366   -0.762475   -1.479679   -1.665387   -1.866148   -0.692325   -1.236634   27.965   19.323  -26.044 S_000010
  11 N   101.183  179.395 -136.007   88.364 -113.672 -109.671   76.548   31.386   96.188  179.898    0.376241   -1.268439   -0.751079   -0.780356   -1.411094   -1.739953   -1.889926   -0.708547   -1.214104   32.849   19.525  -29.521 S_000010
  12 N   169.156  168.436   49.206   82.998 -138.530  -69.073   75.989   34.880   98.220  -28.204    0.331596   -1.371012   -0.566759   -0.797310   -1.572145   -1.574897   -1.871189   -0.734476   -1.197828   39.788   21.588  -29.292 S_000010
  13 P  -177.185 -173.566  155.371  145.456  -98.754  179.352  138.838  -24.197  141.689  170.602    0.366879   -0.185448   -1.467973   -0.847005   -0.869502   -2.069646   -1.938630   -0.653402   -1.218242   38.541   24.340  -35.371 S_000010
  14 N   -89.172  152.408   45.538   81.035 -145.774  -84.313   94.015   40.688   98.507  171.841    0.281388   -1.431555   -0.503524   -0.786123   -1.541682   -1.575240   -1.822655   -0.603390   -1.261952   40.985   25.800  -40.833 S_000010
  15 P   140.004 -161.511  172.648   87.535 -135.875 -127.774  -63.089   27.673  113.365  -21.649    0.351703   -1.359808   -0.617725   -0.860422   -1.647064   -1.511100   -1.888219   -0.728269   -1.197425   38.756   25.804  -46.967 S_000010
  16 P  -108.008   79.779  169.411   82.909 -122.883  -80.750   61.728   37.628   90.541   75.007    0.335830   -1.339165   -0.641039   -0.760320   -1.437941   -1.705533   -1.876376   -0.697542   -1.222814   36.655   27.421  -52.144 S_000010
  17 N  -107.644  175.426   82.093   87.681 -132.813 -122.073   86.572   32.723   97.857  -95.521    0.410239   -1.228386   -0.684488   -0.690658   -1.412545   -1.699422   -1.794320   -0.657205   -1.253733   36.491   32.121  -57.078 S_000010
  18 P   -64.241  167.327   55.046   84.024 -137.850  -64.312   74.856   37.579   86.481  -22.061    0.324298   -1.336083   -0.648319   -0.776109   -1.415661   -1.703609   -1.883757   -0.696366   -1.216049   34.054   35.425  -62.292 S_000010
  19 P    17.241  -95.135  -86.167  100.629 -151.972  -58.317   74.172   33.012   87.480  -20.330    0.326508   -1.164887   -0.919465   -0.825301   -1.115234   -1.914034   -1.945986   -0.654711   -1.217856   31.408   35.371  -66.217 S_000010
  20 H   -59.150 -175.541   48.133   78.395    0.000    0.000   75.063   38.908   93.295  179.916    0.303221   -1.407799   -0.489903   -0.783402   -1.591511   -1.552900   -1.856731   -0.731053   -1.206052   29.951   35.743  -72.089 S_000010
