SEQUENCE: gaaaag
SCORE:     score    rna_stub_coord_hack       N_WC      N_NWC       N_BS description
REMARK RNA 
SCORE:     0.000                  0.000          0          0          1    S_000001
   1 H     0.000  170.252   55.279  117.201   72.031 -110.387  154.362  -20.773  136.414  -99.873    0.415144   -0.300179   -1.431779   -0.832117   -0.963732   -2.019606   -1.942773   -0.653440   -1.209995    3.794    0.984    0.238 S_000001
   2 P   -63.295  165.579   52.788   80.523 -145.234  -65.337   79.028   43.735   85.894  -29.465    0.282700   -1.412697   -0.485440   -0.731407   -1.528024   -1.623237   -1.839119   -0.707668   -1.228363    6.431    4.814   -1.798 S_000001
   3 N   -77.108 -171.866   61.317   90.812 -143.904  -89.830   64.856   31.271  102.146  -15.260    0.350160   -1.298444   -0.722435   -0.822697   -1.444803   -1.692876   -1.894240   -0.655055   -1.226986    9.249    9.387    1.754 S_000001
   4 N   -58.591 -152.351   51.643  148.331  -99.475  112.174  110.602  -36.480  153.547 -174.998    0.323525   -0.143944   -1.481123   -0.788442   -1.082661   -1.941855   -1.928467   -0.732824   -1.189022   13.539   11.530    6.467 S_000001
   5 P  -178.802 -129.014  138.783  112.450   -8.407  118.576   93.999   -0.931  131.850   -4.230    0.446260   -0.837817   -1.186466   -0.862506   -1.311688   -1.815792   -1.949452   -0.659915   -1.208867   16.668   16.636    8.057 S_000001
   6 H    43.440 -171.247   64.103   90.910    0.000    0.000   66.346   32.849   92.201  -11.778    0.342630   -1.281883   -0.755180   -0.810364   -1.381549   -1.755753   -1.911923   -0.696356   -1.208974   16.285   21.702   10.859 S_000001
SCORE:     0.000                  0.000          0          1          1    S_000002
   1 H     0.000  170.252   55.279   77.973    0.000    0.000   77.528   45.159   85.853  179.907    0.234361   -1.467723   -0.417633   -0.776854   -1.581452   -1.562001   -1.867379   -0.746384   -1.197280    3.794    0.984    0.238 S_000002
   2 N   140.751   78.375  147.908   85.219 -139.919 -122.587   67.224   27.161  117.339 -128.645    0.327420   -1.390343   -0.558417   -0.896324   -1.706978   -1.419161   -1.868152   -0.719232   -1.199857    3.132    4.961   -1.145 S_000002
   3 P   -49.904 -161.740   59.194   85.592  129.704  -88.374  122.120   32.115   97.841   76.327    0.356260   -1.269117   -0.775810   -0.808706   -1.362092   -1.768378   -1.917049   -0.689970   -1.207354    4.309   11.587   -0.351 S_000002
   4 P   -53.154 -176.702   35.667   83.885 -164.816  -32.766   82.310   33.037   92.540  -13.851    0.338375   -1.327990   -0.658251   -0.813584   -1.503097   -1.657233   -1.906414   -0.747964   -1.186068    7.296   14.964   -2.771 S_000002
   5 P   -87.613 -177.455   77.255   77.811 -143.133  -59.204   68.301   32.540  109.852  100.417    0.337733   -1.396162   -0.506768   -0.821191   -1.668994   -1.460461   -1.849372   -0.732866   -1.204355    6.834   20.825   -3.252 S_000002
   6 H   -74.527  164.815   55.694   85.097    0.000    0.000   97.290   40.484   89.809  -23.773    0.279206   -1.383583   -0.546356   -0.786233   -1.496460   -1.637570   -1.903040   -0.737319   -1.205325    5.790   26.071   -0.548 S_000002
SCORE:     0.001                  0.001          0          1          0    S_000003
   1 H     0.000  170.252   55.279   76.435    0.000    0.000   74.974   48.469   80.568  179.910    0.218071   -1.458131   -0.367419   -0.733342   -1.546656   -1.548629   -1.846276   -0.735563   -1.207591    3.794    0.984    0.238 S_000003
   2 N   101.183  179.395 -136.007   88.364 -113.672 -109.671   76.548   31.386   96.188  179.898    0.376241   -1.268439   -0.751079   -0.780356   -1.411094   -1.739953   -1.889926   -0.708547   -1.214104    3.543    3.772    1.183 S_000003
   3 N   -59.914  171.867   50.935   79.721 -167.342  -48.812   84.523   40.017   89.126  -23.085    0.314104   -1.370695   -0.583520   -0.751580   -1.468158   -1.673825   -1.852464   -0.680062   -1.240663    1.484   10.093    2.085 S_000003
   4 P   -76.171 -175.240   50.603   79.359 -153.704  -73.430   78.015   39.338   93.105 -150.197    0.298812   -1.412065   -0.486084   -0.782601   -1.590734   -1.554606   -1.858443   -0.728719   -1.210451    3.254   15.782    2.521 S_000003
   5 P   -70.161 -127.588   48.987  148.658 -122.605  168.924 -174.892  -38.043  159.797   99.056    0.316111   -0.139779   -1.482987   -0.776700   -1.106221   -1.917126   -1.927503   -0.703429   -1.211688    7.332   20.831    0.735 S_000003
   6 H   -64.235  176.954   51.167   80.985    0.000    0.000   67.698   42.032   87.844  -24.380    0.284697   -1.399146   -0.534932   -0.758544   -1.490991   -1.646066   -1.869962   -0.724886   -1.209611    8.401   26.764   -0.698 S_000003
SCORE:     0.001                  0.001          0          1          1    S_000004
   1 H     0.000  170.252   55.279  127.022    0.000    0.000  120.272  -28.141  164.873 -109.437    0.366655   -0.637975   -1.321161   -0.848850   -1.543918   -1.564061   -1.904722   -0.692959   -1.215477    3.794    0.984    0.238 S_000004
   2 P   166.208  171.107  168.100   89.568 -104.393  -86.392   45.697   33.438   93.162 -161.712    0.357128   -1.259897   -0.761589   -0.792863   -1.337984   -1.778989   -1.911502   -0.684963   -1.213865    3.979    4.149    1.591 S_000004
   3 P   -59.441  176.294   50.859   81.565 -141.352  -61.623   66.729   37.721   95.438  175.462    0.316144   -1.392361   -0.529423   -0.781824   -1.570831   -1.578799   -1.854546   -0.712264   -1.219172    4.985    9.428    5.298 S_000004
   4 N   -41.352  155.038   56.873   75.680 -150.329 -103.002   79.846   39.472   96.412 -150.333    0.300972   -1.430198   -0.418975   -0.777617   -1.646841   -1.475453   -1.833916   -0.750922   -1.194393    9.775   11.363    7.262 S_000004
   5 P  -113.048   87.793  161.757   80.761 -150.133  -80.079   56.362   38.461   90.815  179.915    0.317095   -1.375276   -0.571081   -0.772358   -1.505567   -1.636408   -1.873034   -0.714132   -1.212907   14.367   14.572    9.357 S_000004
   6 H   -64.505  176.925   49.183   80.314    0.000    0.000   75.459   34.728   97.833 -145.862    0.321805   -1.389105   -0.551128   -0.815763   -1.607280   -1.557059   -1.888205   -0.759374   -1.179872   15.531   18.495   14.162 S_000004
SCORE:     0.002                  0.002          0          0          1    S_000005
   1 H     0.000  170.252   55.279   77.509    0.000    0.000   89.575   48.022   85.463  178.741    0.342028   -1.421373   -0.468022   -0.502954   -1.575344   -1.614250   -1.641875   -0.743596   -1.244565    3.794    0.984    0.238 S_000005
   2 P  -171.510 -160.167  156.136   84.046 -119.410  -63.365   59.822   34.711   91.749  -11.706    0.354001   -1.299992   -0.690561   -0.773980   -1.410272   -1.715421   -1.888472   -0.697992   -1.212238    2.900    4.344    0.579 S_000005
   3 N  -178.810  153.055  135.770  106.704 -138.327 -112.358  127.377   22.478   87.323  -11.418    0.409131   -0.973460   -1.098711   -0.809248   -1.028300   -2.013690   -1.923910   -0.665663   -1.225656    2.083   11.082   -0.032 S_000005
   4 P  -174.054  129.140   27.963  100.177   21.583  149.080  101.318   11.636  121.969 -140.077    0.435289   -1.077171   -0.981219   -0.851014   -1.442547   -1.718477   -1.926438   -0.697320   -1.193887    3.120   17.697   -2.704 S_000005
   5 P   -64.533  170.844   60.914   86.507 -129.932  -54.461   80.218   37.964   89.677  -21.384    0.311299   -1.359395   -0.591235   -0.781734   -1.485987   -1.650667   -1.879747   -0.719734   -1.204882    4.823   22.777    0.817 S_000005
   6 H   -70.794  171.153   64.744   78.320    0.000    0.000   64.880   39.422   92.606    2.558    0.321484   -1.390604   -0.528614   -0.751081   -1.536859   -1.602478   -1.834175   -0.710414   -1.224234    9.732   26.042   -0.449 S_000005
SCORE:     0.001                  0.001          0          0          0    S_000006
   1 H     0.000  170.252   55.279   84.749    0.000    0.000   73.556   36.572   94.454  -24.619    0.322244   -1.367907   -0.588776   -0.790313   -1.523258   -1.628539   -1.880686   -0.717115   -1.211287    3.794    0.984    0.238 S_000006
   2 P   164.574  152.761 -174.494   81.812 -103.967  -76.933  121.966   31.383  112.572   34.735    0.330090   -1.403752   -0.515238   -0.849725   -1.688938   -1.451198   -1.810759   -0.669229   -1.252216    2.578    4.331    0.338 S_000006
   3 N  -162.335 -115.976  123.191   89.015  175.258 -173.476   79.260   17.306  130.746  -80.581    0.379421   -1.301197   -0.739786   -0.920270   -1.669913   -1.460581   -1.919630   -0.732482   -1.173204    4.231   10.538   -0.688 S_000006
   4 N   -30.645  161.918   50.576  145.264  167.401  -97.795  130.765  -37.341  160.066  -48.470    0.309718   -0.199904   -1.478244   -0.793205   -1.172229   -1.893487   -1.942970   -0.738240   -1.191718    4.552   16.156   -3.175 S_000006
   5 P  -109.609  164.248   51.953  147.304 -152.795 -151.908  158.553  -38.656  160.522  120.154    0.316857   -0.192056   -1.481277   -0.771103   -1.186620   -1.869355   -1.927277   -0.754323   -1.183567    5.955   22.197   -2.540 S_000006
   6 H   152.785 -160.491 -179.979   84.472    0.000    0.000   59.314   37.121   92.028  -25.596    0.323794   -1.362091   -0.599027   -0.780357   -1.505862   -1.651982   -1.883500   -0.721726   -1.210912   10.875   24.584    2.070 S_000006
SCORE:     0.000                  0.000          0          1          2    S_000007
   1 H     0.000  170.252   55.279   73.889    0.000    0.000   85.202   38.003   94.294  179.906    0.324558   -1.362284   -0.601968   -0.769579   -1.477639   -1.663404   -1.861990   -0.672933   -1.241372    3.794    0.984    0.238 S_000007
   2 P   154.210 -167.249 -177.856   84.425 -110.086  -68.007   66.339   39.556   88.229  -20.046    0.319709   -1.343133   -0.653053   -0.755606   -1.387478   -1.739342   -1.883028   -0.703361   -1.215817    3.175    4.181    0.805 S_000007
   3 P   -76.230 -159.262   48.649   86.104 -163.574  -67.882   95.774   34.585   96.622  -25.896    0.342281   -1.334495   -0.651033   -0.792017   -1.480380   -1.669675   -1.884617   -0.695282   -1.218587    2.407   10.744    1.506 S_000007
   4 P   -78.600  168.961   73.641  134.539  -91.865  149.931  124.113  -29.281  160.463    7.864    0.274243   -0.293022   -1.458653   -0.925414   -1.129225   -1.935805   -2.004767   -0.599065   -1.239189    3.363   15.918   -1.436 S_000007
   5 N   -38.323  115.987   47.301   80.034 -142.046  -80.361   66.215   34.805  100.968  -14.818    0.318333   -1.402063   -0.530169   -0.818040   -1.630284   -1.530159   -1.863959   -0.723249   -1.210113    5.721   20.393   -1.056 S_000007
   6 H   -71.352  178.255   54.437   75.687    0.000    0.000   79.967   39.996   96.439 -140.095    0.282606   -1.450868   -0.374814   -0.793064   -1.696734   -1.435104   -1.825482   -0.750064   -1.201597    8.596   26.085   -2.146 S_000007
SCORE:     0.002                  0.002          0          0          1    S_000008
   1 H     0.000  170.252   55.279   92.929  -55.539   81.727   99.584   30.943  100.022  -15.140    0.343727   -1.299428   -0.720117   -0.832917   -1.458976   -1.688346   -1.910670   -0.676980   -1.221703    3.794    0.984    0.238 S_000008
   2 N   164.239  157.005   59.173   87.217 -137.247  -69.650   71.143   27.649  103.186  -12.653    0.388609   -1.265369   -0.758059   -0.808308   -1.465030   -1.685288   -1.885635   -0.695178   -1.215272    3.239    5.225   -1.668 S_000008
   3 P  -112.695  134.502  165.073   88.714 -112.228 -169.048 -119.275   21.442  123.447   15.514    0.350072   -1.348813   -0.668568   -0.923382   -1.690440   -1.446275   -1.877090   -0.689608   -1.206340    6.342    8.665    2.557 S_000008
   4 P  -127.859 -125.868   49.420  143.743 -162.633 -120.481  129.881  -36.953  159.218  144.673    0.321331   -0.245057   -1.473795   -0.786611   -1.220345   -1.854758   -1.935316   -0.741750   -1.188709    8.358   15.402    1.292 S_000008
   5 N   -49.727 -137.932  161.101  145.270  -80.996  -87.841   57.252  -35.426  158.700  139.104    0.317328   -0.250611   -1.464700   -0.806081   -1.199727   -1.877994   -1.949824   -0.750740   -1.177355   13.174   19.823    2.593 S_000008
   6 H   -63.221  158.743   63.289   85.854    0.000    0.000   72.270   30.996   98.980   81.460    0.371862   -1.310307   -0.672971   -0.797710   -1.504540   -1.640221   -1.880990   -0.714347   -1.207232   11.905   25.443    0.143 S_000008
SCORE:     0.000                  0.000          0          0          0    S_000009
   1 H     0.000  170.252   55.279  100.547   41.845  -32.535   90.374    9.692  124.390  179.909    0.456370   -0.991871   -1.067046   -0.836217   -1.335706   -1.804399   -1.897621   -0.605146   -1.248537    3.794    0.984    0.238 S_000009
   2 P  -162.813  120.226  175.866   82.361 -130.482  -83.501   71.938   31.791  101.509  168.496    0.369909   -1.323004   -0.659604   -0.788295   -1.515888   -1.636180   -1.860290   -0.702304   -1.215513    4.344    4.884   -0.005 S_000009
   3 P   171.747  153.395  159.041  148.712 -150.900 -143.856  163.298  -31.676  141.216  -34.261    0.335662   -0.099384   -1.482186   -0.823846   -0.920479   -2.044532   -1.934389   -0.708140   -1.198506    5.668   11.786    0.947 S_000009
   4 N   -71.413 -176.092   49.055   89.212 -113.069  -85.077   88.489   35.328   91.257  -24.724    0.354428   -1.265769   -0.750836   -0.763495   -1.314145   -1.785026   -1.890545   -0.689900   -1.218065    4.944   18.522    1.111 S_000009
   5 P   -96.749 -167.169   58.053  148.579  -83.613  -53.860  136.208  -35.063  158.734  177.191    0.322751   -0.233599   -1.478556   -0.814669   -1.170153   -1.885973   -1.948098   -0.730314   -1.182834    8.997   23.063    4.447 S_000009
   6 H   -65.087  173.636   51.328   83.154    0.000    0.000   72.124   37.900   92.329  -21.989    0.321733   -1.353068   -0.618387   -0.774649   -1.458318   -1.680940   -1.872986   -0.680699   -1.233648   14.349   21.002    4.245 S_000009
SCORE:     0.002                  0.002          0          0          2    S_000010
   1 H     0.000  170.252   55.279   81.716   71.058 -123.020  -86.154   19.777  126.077   56.991    0.403706   -1.293854   -0.717686   -0.863554   -1.653827   -1.494945   -1.872725   -0.711320   -1.211975    3.794    0.984    0.238 S_000010
   2 P  -179.293  130.146  140.124   79.152 -109.669 -101.744   49.690   30.942  107.568  -23.635    0.368515   -1.349301   -0.601626   -0.802370   -1.594846   -1.554049   -1.845816   -0.700267   -1.223266    5.979    4.696   -4.228 S_000010
   3 P   -67.656  176.647   48.578   84.971 -139.261  -78.665  105.097   38.182   91.042  -15.532    0.311205   -1.343544   -0.648960   -0.783546   -1.423986   -1.719727   -1.889292   -0.689203   -1.226199    7.739   11.199   -4.873 S_000010
   4 P    42.981  147.789   42.813   84.077 -138.740  -78.125   95.928   37.097   97.426 -166.303    0.306850   -1.386285   -0.544707   -0.803294   -1.559449   -1.584963   -1.887062   -0.722391   -1.206768    5.785   15.023   -0.788 S_000010
   5 N   -62.973 -173.066   47.637   77.957 -126.869 -178.896   85.462   44.795   88.793 -144.887    0.276166   -1.429706   -0.459787   -0.723098   -1.532413   -1.602224   -1.843519   -0.739755   -1.216307    6.437   20.811    2.089 S_000010
   6 H  -156.909  129.191  140.684   81.649    0.000    0.000   72.499   37.784   90.008  179.914    0.327285   -1.349085   -0.621670   -0.768189   -1.447182   -1.677566   -1.871187   -0.696556   -1.219740    8.024   25.482   -2.273 S_000010
