SEQUENCE: gg
SCORE:     score    rna_stub_coord_hack       N_WC      N_NWC       N_BS description
REMARK RNA 
SCORE:     0.114                  0.114          0          0          0    S_000001
   1 H     0.000  170.252   55.279   78.652  173.460  -12.601   88.789   42.718   82.085  -21.044    0.283592   -1.395414   -0.537378   -0.750778   -1.463348   -1.654805   -1.870478   -0.734468   -1.203895    3.794    0.984    0.238 S_000001
   2 H     0.000 -178.210  174.227 -277.390    0.000    0.000   71.770   37.217   95.293  -18.778    0.325806   -1.371316   -0.576771   -0.778718   -1.523693   -1.626349   -1.868122   -0.706897   -1.222060    6.630   -2.818   -0.270 S_000001
SCORE:     0.114                  0.114          0          0          0    S_000002
   1 H     0.000  170.252   55.279   78.652  173.460  -12.601   88.789   42.718   82.085  -21.044    0.283592   -1.395414   -0.537378   -0.750778   -1.463348   -1.654805   -1.870478   -0.734468   -1.203895    3.794    0.984    0.238 S_000002
   2 H   120.835  -82.431 -168.201   86.154    0.000    0.000   68.165   39.100   92.683  123.451    0.331685   -1.337889   -0.621256   -0.739662   -1.435179   -1.710531   -1.824508   -0.610669   -1.277493    4.602   -3.234   -2.090 S_000002
SCORE:     0.114                  0.114          0          0          1    S_000003
   1 H     0.000  170.252   55.279   78.652  173.460  -12.601   88.789   42.718   82.085  -21.044    0.283592   -1.395414   -0.537378   -0.750778   -1.463348   -1.654805   -1.870478   -0.734468   -1.203895    3.794    0.984    0.238 S_000003
   2 H   -63.823  173.661   53.480   80.282    0.000    0.000   71.518   40.319   89.751  179.886    0.305111   -1.389009   -0.532758   -0.759079   -1.516735   -1.622313   -1.853334   -0.701059   -1.222102    7.432   -2.533   -0.424 S_000003
SCORE:     0.114                  0.114          0          0          0    S_000004
   1 H     0.000  170.252   55.279   78.652  173.460  -12.601   88.789   42.718   82.085  -21.044    0.283592   -1.395414   -0.537378   -0.750778   -1.463348   -1.654805   -1.870478   -0.734468   -1.203895    3.794    0.984    0.238 S_000004
   2 H  -154.113 -133.455   32.978   80.052    0.000    0.000  115.291   36.864   90.502  -17.360    0.303499   -1.386315   -0.565596   -0.811273   -1.550619   -1.605078   -1.903119   -0.764514   -1.177851    7.295   -3.590   -2.621 S_000004
SCORE:     0.114                  0.114          0          0          0    S_000005
   1 H     0.000  170.252   55.279   78.652  173.460  -12.601   88.789   42.718   82.085  -21.044    0.283592   -1.395414   -0.537378   -0.750778   -1.463348   -1.654805   -1.870478   -0.734468   -1.203895    3.794    0.984    0.238 S_000005
   2 H   -61.602  118.262   74.641   70.484    0.000    0.000   90.685   42.524   98.454  -80.011    0.246552   -1.493106   -0.170218   -0.797395   -1.846513   -1.231854   -1.762534   -0.796037   -1.194551    6.499   -1.776    0.157 S_000005
SCORE:     0.114                  0.114          0          0          0    S_000006
   1 H     0.000  170.252   55.279   78.652  173.460  -12.601   88.789   42.718   82.085  -21.044    0.283592   -1.395414   -0.537378   -0.750778   -1.463348   -1.654805   -1.870478   -0.734468   -1.203895    3.794    0.984    0.238 S_000006
   2 H   -82.716  161.576   80.080   76.755    0.000    0.000   66.633   45.875   90.775 -159.311    0.258201   -1.440065   -0.411181   -0.733520   -1.549122   -1.567137   -1.802133   -0.663063   -1.256355    7.524   -2.418   -0.422 S_000006
SCORE:     0.114                  0.114          0          0          0    S_000007
   1 H     0.000  170.252   55.279   78.652  173.460  -12.601   88.789   42.718   82.085  -21.044    0.283592   -1.395414   -0.537378   -0.750778   -1.463348   -1.654805   -1.870478   -0.734468   -1.203895    3.794    0.984    0.238 S_000007
   2 H   -29.967 -125.114   76.744   89.544    0.000    0.000   61.197   35.060   93.485  -11.373    0.339119   -1.303642   -0.703373   -0.785860   -1.400021   -1.731820   -1.878459   -0.655205   -1.239514    7.929   -1.709   -0.519 S_000007
SCORE:     0.114                  0.114          0          1          0    S_000008
   1 H     0.000  170.252   55.279   78.652  173.460  -12.601   88.789   42.718   82.085  -21.044    0.283592   -1.395414   -0.537378   -0.750778   -1.463348   -1.654805   -1.870478   -0.734468   -1.203895    3.794    0.984    0.238 S_000008
   2 H   -70.927  168.833   51.201   80.727    0.000    0.000   73.577   37.765   94.148  179.904    0.310343   -1.407435   -0.496632   -0.789073   -1.612510   -1.543913   -1.877395   -0.767747   -1.183909    7.451   -2.499   -0.416 S_000008
SCORE:     0.114                  0.114          0          0          1    S_000009
   1 H     0.000  170.252   55.279   78.652  173.460  -12.601   88.789   42.718   82.085  -21.044    0.283592   -1.395414   -0.537378   -0.750778   -1.463348   -1.654805   -1.870478   -0.734468   -1.203895    3.794    0.984    0.238 S_000009
   2 H   -66.291 -143.332   64.414  126.213    0.000    0.000  138.036  -18.219  158.844   41.988    0.402908   -0.708212   -1.285095   -0.890122   -1.438361   -1.639922   -1.959915   -0.710876   -1.149010    8.202   -2.352   -1.144 S_000009
SCORE:     0.114                  0.114          0          0          0    S_000010
   1 H     0.000  170.252   55.279   78.652  173.460  -12.601   88.789   42.718   82.085  -21.044    0.283592   -1.395414   -0.537378   -0.750778   -1.463348   -1.654805   -1.870478   -0.734468   -1.203895    3.794    0.984    0.238 S_000010
   2 H   -66.850 -155.748   54.237   85.358    0.000    0.000   69.417   38.510   89.742  -18.453    0.318880   -1.344087   -0.627687   -0.768144   -1.431617   -1.700298   -1.877322   -0.692253   -1.223440    8.016   -2.485   -0.957 S_000010
