SEQUENCE: gag
SCORE:     score    rna_stub_coord_hack       N_WC      N_NWC       N_BS description
REMARK RNA 
SCORE:     1.629                  1.629          0          0          0    S_000001
   1 H     0.000  170.252   55.279   90.257   13.695 -172.138  100.147   36.829   95.262   23.973    0.314302   -1.335704   -0.661065   -0.793291   -1.427519   -1.706190   -1.882266   -0.650724   -1.248154    3.794    0.984    0.238 S_000001
   2 N  -178.810  153.055  135.770  106.704 -138.327 -112.358  127.377   22.478   87.323  -11.418    0.409131   -0.973460   -1.098711   -0.809248   -1.028300   -2.013690   -1.923910   -0.665663   -1.225656    6.835    3.939   -4.968 S_000001
   3 H   -69.641  166.678   55.407   85.584    0.000    0.000   83.000   37.139   90.440  179.939    0.313438   -1.330020   -0.674578   -0.791412   -1.409652   -1.728859   -1.894689   -0.674438   -1.229679    9.017    8.230   -9.477 S_000001
SCORE:     1.590                  1.590          0          0          0    S_000002
   1 H     0.000  170.252   55.279  101.643    3.181  174.445   73.567   22.024  114.506  -29.477    0.389312   -1.192445   -0.874421   -0.853200   -1.418041   -1.730451   -1.900615   -0.609245   -1.260274    3.794    0.984    0.238 S_000002
   2 P  -173.910 -150.992  149.500  127.998 -128.911 -142.558   91.482   -6.193  136.127   15.787    0.408280   -0.788743   -1.262842   -0.923571   -1.317920   -1.806812   -1.984235   -0.740556   -1.116661    7.223    4.116   -4.570 S_000002
   3 H   -75.388  157.320   81.077   82.925    0.000    0.000   68.672   31.659   99.685  179.895    0.361530   -1.337976   -0.636340   -0.800753   -1.553766   -1.609153   -1.874406   -0.734165   -1.198093   10.481    7.929   -8.811 S_000002
SCORE:     1.627                  1.627          0          0          0    S_000003
   1 H     0.000  170.252   55.279   90.523   30.513 -165.648  115.156   29.221   95.009 -104.840    0.384132   -1.208442   -0.844720   -0.799909   -1.310950   -1.807739   -1.910361   -0.675601   -1.216680    3.794    0.984    0.238 S_000003
   2 N   167.952 -167.959  154.203  145.211 -155.376 -167.633   19.536  -32.174  148.043  -55.599    0.332777   -0.133501   -1.484945   -0.828850   -0.980089   -2.013944   -1.953344   -0.695714   -1.205944    5.753    4.229   -5.089 S_000003
   3 H   -50.969  165.854   55.181   82.748    0.000    0.000   73.940   37.816   94.575  -27.398    0.322374   -1.363770   -0.587340   -0.773794   -1.493470   -1.644772   -1.856390   -0.670317   -1.245707    7.419    6.767  -10.640 S_000003
SCORE:     1.648                  1.648          0          0          0    S_000004
   1 H     0.000  170.252   55.279  101.643    3.181  174.445   73.567   22.024  114.506  -29.477    0.389312   -1.192445   -0.874421   -0.853200   -1.418041   -1.730451   -1.900615   -0.609245   -1.260274    3.794    0.984    0.238 S_000004
   2 N  -178.810  153.055  135.770  106.704 -138.327 -112.358  127.377   22.478   87.323  -11.418    0.409131   -0.973460   -1.098711   -0.809248   -1.028300   -2.013690   -1.923910   -0.665663   -1.225656    8.168    3.953   -3.809 S_000004
   3 H   162.868  179.088  169.477   83.796    0.000    0.000   63.312   38.482   87.374  -17.971    0.319960   -1.338616   -0.643478   -0.770964   -1.411574   -1.717828   -1.883245   -0.691094   -1.218189   10.730    9.079   -8.175 S_000004
SCORE:     1.573                  1.573          0          0          0    S_000005
   1 H     0.000  170.252   55.279   90.523   30.513 -165.648  115.156   29.221   95.009 -104.840    0.384132   -1.208442   -0.844720   -0.799909   -1.310950   -1.807739   -1.910361   -0.675601   -1.216680    3.794    0.984    0.238 S_000005
   2 P  -173.910 -150.992  149.500  127.998 -128.911 -142.558   91.482   -6.193  136.127   15.787    0.408280   -0.788743   -1.262842   -0.923571   -1.317920   -1.806812   -1.984235   -0.740556   -1.116661    5.744    4.418   -4.903 S_000005
   3 H   -55.076  178.551   43.255   80.119    0.000    0.000   71.479   40.956   90.358  -28.170    0.300989   -1.382631   -0.524582   -0.758208   -1.488921   -1.618671   -1.850343   -0.692982   -1.224728    6.769    8.935   -9.758 S_000005
SCORE:     1.631                  1.631          0          0          0    S_000006
   1 H     0.000  170.252   55.279  130.784   75.006 -155.713  165.070  -25.811  140.876   12.406    0.367860   -0.220347   -1.476966   -0.846912   -0.960516   -2.045572   -1.953696   -0.679131   -1.209755    3.794    0.984    0.238 S_000006
   2 N   167.952 -167.959  154.203  145.211 -155.376 -167.633   19.536  -32.174  148.043  -55.599    0.332777   -0.133501   -1.484945   -0.828850   -0.980089   -2.013944   -1.953344   -0.695714   -1.205944    9.491    3.562   -1.041 S_000006
   3 H   -67.373 -177.250   47.945   80.080    0.000    0.000   81.482   38.365   94.372  -21.571    0.311206   -1.396313   -0.527145   -0.780049   -1.566922   -1.587716   -1.855516   -0.711698   -1.219824   14.595    7.275   -3.052 S_000006
SCORE:     1.573                  1.573          0          0          0    S_000007
   1 H     0.000  170.252   55.279   90.523   30.513 -165.648  115.156   29.221   95.009 -104.840    0.384132   -1.208442   -0.844720   -0.799909   -1.310950   -1.807739   -1.910361   -0.675601   -1.216680    3.794    0.984    0.238 S_000007
   2 P  -173.910 -150.992  149.500  127.998 -128.911 -142.558   91.482   -6.193  136.127   15.787    0.408280   -0.788743   -1.262842   -0.923571   -1.317920   -1.806812   -1.984235   -0.740556   -1.116661    5.744    4.418   -4.903 S_000007
   3 H   -66.514  169.186   54.743   83.180    0.000    0.000   78.617   37.384   96.542 -112.993    0.315431   -1.379983   -0.562328   -0.786361   -1.539103   -1.609240   -1.856124   -0.690557   -1.228442    6.751    8.882   -9.765 S_000007
SCORE:     1.636                  1.636          0          0          0    S_000008
   1 H     0.000  170.252   55.279  103.353   -2.302  179.785   83.274    7.666  128.253    3.047    0.444741   -0.996886   -1.066796   -0.857338   -1.384617   -1.772097   -1.914764   -0.632548   -1.234425    3.794    0.984    0.238 S_000008
   2 N  -178.810  153.055  135.770  106.704 -138.327 -112.358  127.377   22.478   87.323  -11.418    0.409131   -0.973460   -1.098711   -0.809248   -1.028300   -2.013690   -1.923910   -0.665663   -1.225656    7.978    4.011   -3.981 S_000008
   3 H   -58.569  175.091   49.152   81.126    0.000    0.000   82.542   37.971   92.611  -74.410    0.325655   -1.363125   -0.582809   -0.769947   -1.489464   -1.642149   -1.862879   -0.701338   -1.220590   11.502    8.366   -7.515 S_000008
SCORE:     1.573                  1.573          0          0          0    S_000009
   1 H     0.000  170.252   55.279   90.523   30.513 -165.648  115.156   29.221   95.009 -104.840    0.384132   -1.208442   -0.844720   -0.799909   -1.310950   -1.807739   -1.910361   -0.675601   -1.216680    3.794    0.984    0.238 S_000009
   2 P  -173.910 -150.992  149.500  127.998 -128.911 -142.558   91.482   -6.193  136.127   15.787    0.408280   -0.788743   -1.262842   -0.923571   -1.317920   -1.806812   -1.984235   -0.740556   -1.116661    5.744    4.418   -4.903 S_000009
   3 H   -48.564  151.766   55.701   79.869    0.000    0.000   62.663   39.936   97.098  -12.584    0.277375   -1.423143   -0.443632   -0.801837   -1.618378   -1.516003   -1.824206   -0.678261   -1.232315    6.067    8.713   -9.579 S_000009
SCORE:     1.631                  1.631          0          0          0    S_000010
   1 H     0.000  170.252   55.279  130.784   75.006 -155.713  165.070  -25.811  140.876   12.406    0.367860   -0.220347   -1.476966   -0.846912   -0.960516   -2.045572   -1.953696   -0.679131   -1.209755    3.794    0.984    0.238 S_000010
   2 N   167.952 -167.959  154.203  145.211 -155.376 -167.633   19.536  -32.174  148.043  -55.599    0.332777   -0.133501   -1.484945   -0.828850   -0.980089   -2.013944   -1.953344   -0.695714   -1.205944    9.491    3.562   -1.041 S_000010
   3 H   -65.716  170.913   50.503   82.269    0.000    0.000   72.623   40.758   90.939 -151.005    0.295060   -1.389124   -0.536401   -0.765107   -1.513174   -1.637117   -1.855534   -0.697961   -1.237735   14.319    7.292   -3.208 S_000010
