SEQUENCE: gaaaaaaaaag
SCORE:     score    rna_stub_coord_hack       N_WC      N_NWC       N_BS description
REMARK RNA 
SCORE:    14.167                 14.167          0          1          0    S_000001
   1 H     0.000  170.252   55.279  155.009  -79.291 -117.662  120.248  -38.884  156.814   34.280    0.311631   -0.076641   -1.487680   -0.770383   -1.043022   -1.962842   -1.924497   -0.720337   -1.208561    3.794    0.984    0.238 S_000001
   2 N   154.453 -138.292  168.142   87.170  -91.684 -131.245   70.959   30.507  104.033  -13.126    0.352127   -1.329675   -0.667614   -0.827063   -1.539136   -1.622829   -1.893458   -0.701079   -1.209808    7.360    0.240   -5.257 S_000001
   3 P  -179.483  121.682   70.368   91.800 -149.757 -126.294   81.671   20.316  123.160  -14.526    0.372007   -1.322424   -0.684680   -0.899497   -1.689724   -1.458033   -1.896820   -0.741500   -1.175807   11.779    3.670   -9.551 S_000001
   4 P  -172.604  161.126  159.864  155.138 -101.607 -139.360  -48.863  -40.948  155.621   78.591    0.319081    0.026124   -1.484098   -0.731166   -0.944630   -1.986654   -1.887978   -0.700564   -1.211859   13.058    4.989  -16.584 S_000001
   5 P   -63.250  175.683   65.794  149.949 -131.110 -149.590  116.670  -46.360  165.701  151.659    0.291047   -0.023190   -1.497427   -0.685692   -1.116595   -1.889345   -1.874813   -0.741826   -1.205416   15.558    7.598  -22.366 S_000001
   6 N  -175.101 -147.674  159.572  141.718  176.133  146.872   62.364  -31.811 -103.226   76.911    0.331832   -0.177856   -1.485199   -0.843536   -1.029654   -1.962328   -1.977627   -0.691472   -1.204184   16.047   11.787  -28.366 S_000001
   7 P  -167.631  177.125   63.936  148.721 -114.320  176.453   96.592  -39.276  160.663  -80.184    0.315889   -0.217056   -1.474414   -0.766409   -1.232285   -1.836424   -1.924195   -0.750433   -1.184996   18.857   15.614  -33.730 S_000001
   8 P  -179.630  115.281   62.224  122.274 -131.448 -164.064   84.287  -17.095  153.564  143.373    0.421273   -0.734637   -1.265427   -0.864863   -1.468550   -1.653260   -1.954534   -0.733221   -1.166445   20.557   17.238  -39.904 S_000001
   9 P  -177.185 -173.566  155.371  145.456  -98.754  179.352  138.838  -24.197  141.689  170.602    0.366879   -0.185448   -1.467973   -0.847005   -0.869502   -2.069646   -1.938630   -0.653402   -1.218242   26.241   20.038  -43.528 S_000001
  10 N   159.691 -170.590 -174.109   88.343 -146.100  -64.645   64.868   37.125   98.321   81.301    0.318687   -1.369463   -0.573472   -0.783925   -1.523176   -1.616361   -1.852265   -0.662433   -1.260222   29.747   21.883  -49.418 S_000001
  11 H   -72.810  162.248   52.768   81.373    0.000    0.000   84.777   38.257   90.556   12.991    0.320924   -1.352338   -0.613800   -0.763895   -1.456507   -1.677003   -1.865577   -0.687794   -1.222450   32.363   22.871  -54.717 S_000001
SCORE:    14.683                 14.683          0          0          1    S_000002
   1 H     0.000  170.252   55.279   81.347 -109.489  -78.246   51.875   47.752   80.081  -27.598    0.247800   -1.414915   -0.494389   -0.704245   -1.447729   -1.681708   -1.854163   -0.769696   -1.192797    3.794    0.984    0.238 S_000002
   2 P   160.373   83.471  174.358  110.126 -145.014  -77.450   88.830   10.256  109.650 -140.438    0.415602   -0.968774   -1.094113   -0.852791   -1.300122   -1.860583   -1.949436   -0.711604   -1.193646    4.243   -1.683   -6.038 S_000002
   3 P   -77.003 -130.496   58.681  153.380 -160.194 -149.045  161.544  -39.022  156.297  -39.242    0.316476   -0.024525   -1.487912   -0.765274   -0.977427   -1.988477   -1.914724   -0.683487   -1.222441    1.419   -3.953  -11.897 S_000002
   4 P   -73.688  154.833   59.185  146.485 -111.162  175.140  119.829  -32.346  150.459   20.864    0.348829   -0.220202   -1.465450   -0.808985   -1.098138   -1.929436   -1.939839   -0.717382   -1.183677   -2.296   -6.417  -16.398 S_000002
   5 P   -57.519  171.467   48.331   84.569 -168.035  -71.033   87.249   37.623   90.022  -24.500    0.304261   -1.363961   -0.596293   -0.796667   -1.493143   -1.651198   -1.889374   -0.717125   -1.203509   -3.343   -9.477  -21.706 S_000002
   6 N   153.892 -141.795  167.120   90.150 -140.999 -172.900  120.377   29.336   99.989 -144.515    0.391187   -1.231714   -0.791754   -0.780320   -1.371883   -1.747462   -1.876007   -0.673329   -1.208973   -7.345  -12.071  -25.644 S_000002
   7 P   145.559 -147.661 -179.920   89.636 -147.948 -121.251  142.316   19.265  124.361   72.826    0.378876   -1.314939   -0.680925   -0.895597   -1.696331   -1.431095   -1.862822   -0.708039   -1.208086  -11.224  -15.381  -30.524 S_000002
   8 P  -166.924 -154.036  159.889   90.332 -178.658 -136.635   73.477   26.413  115.255    3.673    0.345049   -1.323606   -0.689620   -0.882069   -1.572952   -1.568229   -1.923026   -0.712384   -1.176451  -15.386  -17.969  -35.869 S_000002
   9 P   -57.870  170.590   50.960   90.406 -145.373  -64.778   99.522   33.333   95.183  -14.673    0.334618   -1.314994   -0.699607   -0.815316   -1.450479   -1.704131   -1.916781   -0.725242   -1.193929  -16.705  -18.085  -42.037 S_000002
  10 P   -82.534 -147.865   56.470  137.591  -66.592 -145.303  136.505  -29.777  155.494    9.743    0.357452   -0.356921   -1.433932   -0.813930   -1.221796   -1.863159   -1.940128   -0.684621   -1.212727  -20.340  -20.883  -46.956 S_000002
  11 H   -56.589  167.664   43.978   77.167    0.000    0.000   76.628   42.172   90.781  179.925    0.294340   -1.417275   -0.452854   -0.745939   -1.570707   -1.561604   -1.818754   -0.692805   -1.241123  -25.773  -21.512  -50.827 S_000002
SCORE:    14.804                 14.804          0          0          2    S_000003
   1 H     0.000  170.252   55.279   83.681 -109.291  -78.593   65.734   39.452   79.494 -156.787    0.340558   -1.273100   -0.738577   -0.734000   -1.248120   -1.833251   -1.892239   -0.700786   -1.215178    3.794    0.984    0.238 S_000003
   2 P  -178.202  137.711  175.039   87.326 -100.817 -124.463   72.525   37.168   89.000 -168.297    0.333828   -1.301826   -0.705042   -0.771433   -1.348062   -1.762967   -1.894852   -0.676530   -1.222789    5.495   -2.357   -5.670 S_000003
   3 P   138.275 -159.615 -170.410   75.004 -145.366  -68.236   62.058   40.630   97.171  178.676    0.268294   -1.443452   -0.403226   -0.793807   -1.677579   -1.480927   -1.819617   -0.725120   -1.219220    2.901   -3.860  -11.963 S_000003
   4 P  -166.924 -154.036  159.889   90.332 -178.658 -136.635   73.477   26.413  115.255    3.673    0.345049   -1.323606   -0.689620   -0.882069   -1.572952   -1.568229   -1.923026   -0.712384   -1.176451   -2.137   -6.330  -15.738 S_000003
   5 N   -51.070  174.700   50.713   86.012 -140.867  -75.544   79.767   32.147   96.067  -20.526    0.345165   -1.316076   -0.681692   -0.808525   -1.491229   -1.665222   -1.899014   -0.733087   -1.193423   -4.168   -8.612  -21.262 S_000003
   6 P  -126.179  138.940  177.602  128.870 -175.447  -84.014   96.666  -24.675  144.399   34.291    0.429508   -0.180220   -1.458434   -0.791134   -0.883354   -2.050890   -1.911737   -0.664996   -1.226029   -8.568  -10.971  -25.496 S_000003
   7 N   163.087  146.437  171.423   86.530 -122.756  -89.393   58.024   30.220  107.185   -5.480    0.342559   -1.360757   -0.605786   -0.843709   -1.609006   -1.540115   -1.865051   -0.695465   -1.212078  -10.311  -14.900  -30.890 S_000003
   8 P   -87.787  177.868   72.488  125.142 -164.828 -151.898  111.548  -19.213  150.164  -29.735    0.411216   -0.574601   -1.357123   -0.857597   -1.302692   -1.814919   -1.954673   -0.693383   -1.189634  -13.872  -17.649  -35.983 S_000003
   9 P   -60.344 -173.657   65.712  145.218 -100.727 -121.965  126.478  -33.280  154.493   38.328    0.340229   -0.267868   -1.461197   -0.814660   -1.183651   -1.885493   -1.946255   -0.733197   -1.181534  -17.464  -20.364  -40.867 S_000003
  10 P    53.260 -156.711  -70.832  101.124  174.935  -86.647  127.664   39.124   73.199 -115.342    0.315238   -1.084078   -1.018786   -0.771366   -0.795549   -2.048683   -1.919607   -0.617186   -1.254678  -22.152  -20.080  -45.322 S_000003
  11 H    57.847 -175.828  -67.556   90.489    0.000    0.000   43.507   36.656   90.592  -11.992    0.317119   -1.304729   -0.702066   -0.791406   -1.369038   -1.750610   -1.903703   -0.688259   -1.210885  -26.041  -21.320  -49.075 S_000003
SCORE:    15.394                 15.394          0          1          3    S_000004
   1 H     0.000  170.252   55.279   72.613 -162.678   97.233   80.070   37.244   95.090  -11.294    0.395650   -1.386867   -0.503684   -0.711766   -1.594259   -1.560580   -1.778193   -0.734192   -1.200564    3.794    0.984    0.238 S_000004
   2 N   -73.178  134.130   44.250   88.905 -100.679  173.269  -41.282   30.145  106.047  -70.394    0.349367   -1.332571   -0.659443   -0.836310   -1.549353   -1.605595   -1.897761   -0.712716   -1.195262    1.211   -0.783   -3.344 S_000004
   3 P   165.278  167.371  175.594   83.822 -158.281  -75.127   89.459   36.330   91.172 -137.030    0.339110   -1.327173   -0.662258   -0.772025   -1.433257   -1.708364   -1.881501   -0.696938   -1.221572   -0.837   -4.388   -8.943 S_000004
   4 P   -85.268  152.074   70.975   84.610 -142.706  -77.573   72.864   29.216  109.707  -16.752    0.376058   -1.305035   -0.699795   -0.806800   -1.506586   -1.631935   -1.863328   -0.661592   -1.236621   -1.739   -9.173  -12.414 S_000004
   5 N   -50.936  170.693   59.456  140.138 -123.590 -165.720  102.147  -28.824  146.926   74.808    0.372909   -0.320183   -1.444597   -0.805892   -1.158175   -1.918373   -1.937237   -0.739376   -1.178972   -5.516  -10.836  -16.938 S_000004
   6 P   128.956 -167.652 -160.064   94.077 -138.076  -61.821   62.136   41.185   91.268  -28.351    0.283460   -1.304384   -0.747649   -0.765217   -1.247291   -1.847116   -1.908601   -0.603222   -1.274693   -9.953  -12.081  -22.376 S_000004
   7 P   -61.782 -140.498   56.795  140.224 -153.193 -144.278  165.784  -33.826  159.973  156.711    0.349592   -0.388033   -1.431578   -0.793415   -1.340736   -1.762595   -1.940106   -0.795494   -1.147865  -13.054  -13.776  -27.903 S_000004
   8 P   171.188  139.895   48.031  148.786  -89.987  157.411  108.795  -40.286  159.861  -88.670    0.317071   -0.125468   -1.481393   -0.752069   -1.134183   -1.879603   -1.914641   -0.711556   -1.203747  -16.159  -18.533  -32.501 S_000004
   9 P   171.747  153.395  159.041  148.712 -150.900 -143.856  163.298  -31.676  141.216  -34.261    0.335662   -0.099384   -1.482186   -0.823846   -0.920479   -2.044532   -1.934389   -0.708140   -1.198506  -17.850  -20.720  -38.406 S_000004
  10 P   147.134 -168.848  174.551   84.578 -147.110  -72.890   70.254   33.977   96.687  -24.297    0.349584   -1.331002   -0.659733   -0.788648   -1.484050   -1.669911   -1.886169   -0.707459   -1.211906  -20.186  -25.367  -43.327 S_000004
  11 H   -67.929  155.289   78.910   82.204    0.000    0.000   71.274   38.086   94.266  179.928    0.322448   -1.378608   -0.561693   -0.759120   -1.535053   -1.617279   -1.849411   -0.715102   -1.227895  -23.410  -28.222  -47.394 S_000004
SCORE:    14.958                 14.958          0          0          3    S_000005
   1 H     0.000  170.252   55.279   77.801  -99.606  -95.809   58.476   38.130   95.072 -123.101    0.321033   -1.388991   -0.535955   -0.772722   -1.551276   -1.592424   -1.855506   -0.722122   -1.216087    3.794    0.984    0.238 S_000005
   2 P   -91.290 -162.821   55.239   83.189 -145.543  -62.687  109.664   42.307   90.572  -29.388    0.275232   -1.417313   -0.430952   -0.760630   -1.582222   -1.533048   -1.830659   -0.708020   -1.219583    5.660   -1.882   -5.880 S_000005
   3 P  -147.370  132.427  163.030   85.740 -133.620  -84.078   67.702   34.176   93.870  -15.107    0.344463   -1.309014   -0.688719   -0.791759   -1.433451   -1.704701   -1.888885   -0.699291   -1.211989    1.314   -4.774   -9.950 S_000005
   4 P   -71.409  163.072   88.916  129.689 -115.676 -168.510  103.969  -27.373  151.463 -158.189    0.375027   -0.488612   -1.399569   -0.832328   -1.348614   -1.777614   -1.951482   -0.749221   -1.158968   -2.012   -7.960  -14.317 S_000005
   5 P  -100.812  151.523   50.649   90.626 -158.155 -143.704  102.750   30.378   96.904   26.377    0.354334   -1.280429   -0.768735   -0.818259   -1.407454   -1.719481   -1.919097   -0.715270   -1.181877   -2.549  -12.069  -19.224 S_000005
   6 N   -73.735 -169.010   53.850   91.628 -165.481  -82.950  104.585   32.152   97.825 -125.001    0.349956   -1.271522   -0.756479   -0.811765   -1.378867   -1.748103   -1.902631   -0.650871   -1.230306   -4.744  -14.927  -25.033 S_000005
   7 P  -163.415 -164.775  171.520   87.292 -173.272  -90.210   95.538   33.873  101.998   69.427    0.333059   -1.348368   -0.630589   -0.813263   -1.521104   -1.634527   -1.885456   -0.693273   -1.220867   -9.763  -18.048  -28.506 S_000005
   8 P  -176.305  137.307  171.043   85.565 -130.646 -105.768   74.681   34.485   99.287   -2.152    0.332425   -1.340365   -0.638706   -0.805513   -1.489131   -1.649123   -1.873865   -0.673556   -1.222220  -12.914  -21.612  -33.538 S_000005
   9 P   -54.794  151.466   64.817   83.496 -143.116  -88.971   76.419   39.764   84.925  179.941    0.312143   -1.366714   -0.574989   -0.754137   -1.462611   -1.651341   -1.862058   -0.728834   -1.200287  -15.537  -23.893  -38.742 S_000005
  10 P  -147.370  132.427  163.030   85.740 -133.620  -84.078   67.702   34.176   93.870  -15.107    0.344463   -1.309014   -0.688719   -0.791759   -1.433451   -1.704701   -1.888885   -0.699291   -1.211989  -19.947  -26.593  -43.263 S_000005
  11 H   -64.166  174.095   51.947   80.180    0.000    0.000   73.215   43.942   92.155  179.871    0.293383   -1.399101   -0.547552   -0.721390   -1.437800   -1.682609   -1.829431   -0.655685   -1.274174  -23.548  -28.619  -48.211 S_000005
SCORE:    14.445                 14.445          0          0          1    S_000006
   1 H     0.000  170.252   55.279  -78.639  157.006   68.859  -74.601  -42.115  -87.567  179.894    0.271948   -1.422355    0.441358   -0.760400   -1.584990    1.534628   -1.860281   -0.761217    1.189596    3.794    0.984    0.238 S_000006
   2 P   141.904  -96.556  179.074   81.583   75.912   88.653   92.316   37.790   87.142 -147.623    0.331403   -1.309958   -0.701033   -0.762590   -1.355494   -1.768586   -1.896276   -0.719120   -1.209297    7.217   -4.327   -0.839 S_000006
   3 P   132.201 -170.136  172.043   82.935 -174.144  -99.458  113.946   35.506  102.658  -57.807    0.296716   -1.397482   -0.505598   -0.833698   -1.628991   -1.513709   -1.843882   -0.692077   -1.232421   12.691   -8.021    0.560 S_000006
   4 P   -45.966  178.017   51.717   85.770 -154.842  -81.732   83.870   36.247   93.863 -113.364    0.337688   -1.325308   -0.674438   -0.778495   -1.417283   -1.717768   -1.884316   -0.679296   -1.224250   16.329  -11.064    4.326 S_000006
   5 P   165.278  167.371  175.594   83.822 -158.281  -75.127   89.459   36.330   91.172 -137.030    0.339110   -1.327173   -0.662258   -0.772025   -1.433257   -1.708364   -1.881501   -0.696938   -1.221572   22.377  -13.701    6.450 S_000006
   6 P   -63.205  171.353   54.703   80.508 -166.947 -112.593   87.404   39.529   93.956  -19.361    0.312179   -1.391493   -0.527466   -0.762039   -1.531548   -1.601004   -1.844492   -0.705140   -1.217484   27.138  -17.020    8.191 S_000006
   7 N   -56.971  153.570   56.017   90.278 -176.240 -115.163   79.715   39.462   95.358 -126.721    0.314034   -1.294961   -0.734265   -0.728566   -1.323899   -1.826231   -1.853260   -0.638490   -1.263668   31.815  -20.210   10.090 S_000006
   8 N  -176.254  137.497  168.550   81.717 -132.895  -59.292   72.443   35.635   96.831  -24.438    0.317162   -1.381236   -0.556771   -0.805344   -1.581183   -1.577185   -1.871131   -0.730026   -1.199217   37.347  -24.229   11.871 S_000006
   9 P   -60.097 -146.945   70.140  151.229  -90.777 -175.526  161.181  -30.121  151.629   72.288    0.397053   -0.211454   -1.442957   -0.761754   -1.043461   -1.970860   -1.893172   -0.716125   -1.225162   42.048  -28.662   12.431 S_000006
  10 N  -175.101 -147.674  159.572  141.718  176.133  146.872   62.364  -31.811 -103.226   76.911    0.331832   -0.177856   -1.485199   -0.843536   -1.029654   -1.962328   -1.977627   -0.691472   -1.204184   48.534  -31.232   13.884 S_000006
  11 H   -60.552  173.571   48.190   77.887    0.000    0.000   77.166   40.358   91.874  167.139    0.294385   -1.413766   -0.472809   -0.772990   -1.580774   -1.554009   -1.850863   -0.727354   -1.210970   51.665  -34.569   18.245 S_000006
SCORE:    15.153                 15.153          0          0          0    S_000007
   1 H     0.000  170.252   55.279   88.533 -165.665   65.941  153.263   33.366   96.366  -81.332    0.335547   -1.318014   -0.691677   -0.817008   -1.449765   -1.692088   -1.912840   -0.703127   -1.206608    3.794    0.984    0.238 S_000007
   2 N   -51.635  163.937   50.409   81.830 -146.710  -68.218   82.057   34.167  100.917  -12.724    0.321417   -1.394291   -0.523038   -0.817918   -1.641577   -1.511683   -1.877571   -0.761225   -1.184413    1.828   -1.750   -3.365 S_000007
   3 P   -95.159  161.480   47.812  112.409  174.736  154.463  -71.130  -19.461  170.054  -81.100    0.415201   -0.885345   -1.169585   -0.882371   -1.672561   -1.376524   -1.932323   -0.783884   -1.146065   -0.400   -4.583   -8.505 S_000007
   4 P    63.863  170.499 -162.304   85.760 -147.363  -81.315   65.810   29.848  104.922 -151.108    0.338907   -1.330560   -0.663150   -0.847186   -1.560852   -1.608844   -1.905270   -0.724145   -1.196623   -0.335   -6.307  -14.952 S_000007
   5 N  -139.048  166.464  170.340   86.512 -154.158  -65.732   70.175   34.223   96.956   10.890    0.341865   -1.327089   -0.657684   -0.792520   -1.472840   -1.667874   -1.873415   -0.684865   -1.220649   -4.366   -8.503  -20.063 S_000007
   6 P   171.747  153.395  159.041  148.712 -150.900 -143.856  163.298  -31.676  141.216  -34.261    0.335662   -0.099384   -1.482186   -0.823846   -0.920479   -2.044532   -1.934389   -0.708140   -1.198506   -7.898   -9.981  -25.749 S_000007
   7 N   153.892 -141.795  167.120   90.150 -140.999 -172.900  120.377   29.336   99.989 -144.515    0.391187   -1.231714   -0.791754   -0.780320   -1.371883   -1.747462   -1.876007   -0.673329   -1.208973  -11.433  -14.224  -30.055 S_000007
   8 P   161.921 -139.165  171.084  140.378 -102.348  161.473  147.689  -28.420  150.366   21.418    0.399046   -0.297674   -1.438023   -0.785233   -1.122437   -1.922316   -1.917220   -0.695077   -1.203103  -14.944  -17.333  -35.455 S_000007
   9 P    42.683  119.657  -70.178  164.970 -109.924 -157.760  127.900  -36.966  140.111 -179.883    0.303301    0.257003   -1.466358   -0.807495   -0.536465   -2.158235   -1.866690   -0.680273   -1.231918  -15.449  -20.338  -41.263 S_000007
  10 P    69.065  148.258   61.008  143.351 -152.468 -173.839  -36.031  -32.620  153.760  -38.466    0.355883   -0.282450   -1.458156   -0.797587   -1.187713   -1.889374   -1.939496   -0.751429   -1.176510  -20.763  -20.827  -45.884 S_000007
  11 H   134.387 -172.141 -159.611   87.883    0.000    0.000   65.649   38.871   83.568  -17.764    0.312514   -1.336962   -0.663517   -0.770618   -1.391144   -1.741731   -1.914689   -0.759817   -1.178112  -23.550  -24.030  -51.602 S_000007
SCORE:    14.892                 14.892          0          0          4    S_000008
   1 H     0.000  170.252   55.279   88.554 -133.686   62.547  -56.473   27.429  110.344  -20.335    0.337088   -1.344814   -0.664614   -0.883478   -1.595798   -1.556803   -1.912368   -0.710499   -1.189445    3.794    0.984    0.238 S_000008
   2 P   -63.109 -179.399   51.264   85.755 -164.772  -38.174   88.681   37.738   89.812 -168.760    0.313377   -1.361600   -0.603613   -0.786394   -1.483369   -1.662944   -1.895576   -0.726032   -1.200933    0.843   -0.519   -2.951 S_000008
   3 P  -176.305  137.307  171.043   85.565 -130.646 -105.768   74.681   34.485   99.287   -2.152    0.332425   -1.340365   -0.638706   -0.805513   -1.489131   -1.649123   -1.873865   -0.673556   -1.222220   -2.236   -1.023   -8.691 S_000008
   4 P  -177.185 -173.566  155.371  145.456  -98.754  179.352  138.838  -24.197  141.689  170.602    0.366879   -0.185448   -1.467973   -0.847005   -0.869502   -2.069646   -1.938630   -0.653402   -1.218242   -4.584   -2.226  -15.391 S_000008
   5 P  -167.631  177.125   63.936  148.721 -114.320  176.453   96.592  -39.276  160.663  -80.184    0.315889   -0.217056   -1.474414   -0.766409   -1.232285   -1.836424   -1.924195   -0.750433   -1.184996   -8.869   -4.442  -20.423 S_000008
   6 P   171.747  153.395  159.041  148.712 -150.900 -143.856  163.298  -31.676  141.216  -34.261    0.335662   -0.099384   -1.482186   -0.823846   -0.920479   -2.044532   -1.934389   -0.708140   -1.198506  -12.163   -5.654  -26.450 S_000008
   7 P   160.373   83.471  174.358  110.126 -145.014  -77.450   88.830   10.256  109.650 -140.438    0.415602   -0.968774   -1.094113   -0.852791   -1.300122   -1.860583   -1.949436   -0.711604   -1.193646  -14.669   -9.409  -32.001 S_000008
   8 P  -148.588  133.443  138.027   85.064 -127.867  -81.381   73.376   37.219   95.049  -13.856    0.320946   -1.350869   -0.610637   -0.781786   -1.471736   -1.659254   -1.868671   -0.699104   -1.208886  -15.029  -12.132  -38.207 S_000008
   9 P   -83.459 -169.228   58.253   83.358   52.826  125.135  129.335   18.604  127.801   57.716    0.383809   -1.280962   -0.739637   -0.899868   -1.635654   -1.494238   -1.869344   -0.658307   -1.238128  -17.293  -15.082  -43.900 S_000008
  10 P   -70.443  173.384   55.655   85.950 -143.305  -62.403  114.834   35.809   94.168  166.548    0.318099   -1.357905   -0.601979   -0.801729   -1.510799   -1.625576   -1.881003   -0.723024   -1.194443  -20.814  -15.547  -49.238 S_000008
  11 H   -58.469  170.309   53.787   77.697    0.000    0.000   66.248   44.284   85.408 -150.419    0.272008   -1.432605   -0.410413   -0.734852   -1.574546   -1.537399   -1.829643   -0.737030   -1.206279  -19.977  -16.533  -55.058 S_000008
SCORE:    14.013                 14.013          0          0          1    S_000009
   1 H     0.000  170.252   55.279   83.338  172.698   71.985  -33.450   35.375  101.632  -80.062    0.320676   -1.376551   -0.572864   -0.808030   -1.560640   -1.588670   -1.866104   -0.688633   -1.230581    3.794    0.984    0.238 S_000009
   2 P    62.159  178.988 -170.619  149.965 -103.312 -145.757  126.991  -39.736  164.357  173.689    0.323159   -0.192725   -1.473024   -0.749767   -1.208730   -1.842314   -1.917217   -0.720585   -1.212069    2.820   -2.015   -4.833 S_000009
   3 N   -41.352  155.038   56.873   75.680 -150.329 -103.002   79.846   39.472   96.412 -150.333    0.300972   -1.430198   -0.418975   -0.777617   -1.646841   -1.475453   -1.833916   -0.750922   -1.194393   -1.128   -4.760   -9.218 S_000009
   4 N   -82.360  147.141   83.702   75.649 -135.365  -81.995   69.575   34.082  104.432  -17.349    0.316371   -1.422990   -0.441205   -0.834939   -1.712625   -1.411785   -1.847575   -0.756866   -1.190910   -2.922   -8.244  -14.066 S_000009
   5 P   -48.021 -149.357   60.660  147.001 -101.038  163.258  120.155  -32.034  151.049   18.396    0.355164   -0.210741   -1.459618   -0.797243   -1.078551   -1.944985   -1.922827   -0.653220   -1.225214   -5.588   -9.904  -19.877 S_000009
   6 N    84.092 -157.396 -165.850   85.752 -149.458  -56.053  119.715   32.403   97.861  -70.101    0.343596   -1.331908   -0.663858   -0.815687   -1.508697   -1.648327   -1.893923   -0.713440   -1.204547   -8.009  -13.351  -24.737 S_000009
   7 P  -110.003  -95.178 -170.804   85.262 -152.851  -73.112   64.455   36.565   94.655  -23.735    0.333988   -1.354956   -0.605888   -0.774081   -1.501600   -1.649669   -1.863825   -0.691328   -1.230508   -8.841  -16.318  -30.933 S_000009
   8 P  -127.098 -118.371 -175.896   81.208  178.526  -67.112   87.047   27.341  111.615  177.088    0.350710   -1.380316   -0.536550   -0.864500   -1.712024   -1.401043   -1.876825   -0.710853   -1.179871  -13.058  -17.826  -36.378 S_000009
   9 N  -149.034  -81.925  172.404  146.046 -150.679 -107.126  111.344  -35.048  155.162  147.404    0.332662   -0.192882   -1.475955   -0.792373   -1.116447   -1.928530   -1.935508   -0.712398   -1.199196  -15.055  -19.342  -42.679 S_000009
  10 P  -168.621  177.343  175.673   83.981 -130.698  -83.103   86.287   37.126   93.825 -173.520    0.326691   -1.360752   -0.612108   -0.780568   -1.486223   -1.663273   -1.874036   -0.699277   -1.219705  -16.779  -19.953  -49.616 S_000009
  11 H   157.661 -177.691  147.081   83.059    0.000    0.000   67.583   35.675   94.311  -20.458    0.341759   -1.332475   -0.637298   -0.780194   -1.462312   -1.670219   -1.851416   -0.653601   -1.269477  -19.642  -22.368  -55.363 S_000009
SCORE:    15.134                 15.134          0          0          2    S_000010
   1 H     0.000  170.252   55.279   79.016  -94.465 -104.465   62.894   40.777   86.216  179.879    0.325643   -1.356131   -0.613059   -0.729945   -1.395850   -1.705426   -1.846833   -0.677448   -1.231376    3.794    0.984    0.238 S_000010
   2 P   156.238 -179.304  175.189   84.171 -131.747  -78.081   61.660   33.664   96.247  -22.960    0.339854   -1.342789   -0.627972   -0.797072   -1.523909   -1.623702   -1.875191   -0.725767   -1.201238    4.562   -2.380   -5.817 S_000010
   3 N   -53.025 -171.133   66.197  118.744 -156.076 -125.935  159.063  -14.860  157.092  113.222    0.397896   -0.937453   -1.149838   -0.931285   -1.661409   -1.425729   -1.958412   -0.783663   -1.114398    2.622   -6.233  -10.630 S_000010
   4 N   146.424 -163.784  178.255   85.620 -137.294  -67.317   67.440   39.752   87.784 -119.038    0.297106   -1.364557   -0.602477   -0.780092   -1.442511   -1.687950   -1.884111   -0.692719   -1.217120   -1.177   -9.307  -15.613 S_000010
   5 P  -122.048   97.641  145.340   80.852 -179.582  -82.000   66.072   37.765   87.897 -167.348    0.313917   -1.371369   -0.559325   -0.781959   -1.527492   -1.614138   -1.894911   -0.777845   -1.173631   -5.235  -11.828  -19.479 S_000010
   6 N   -83.561 -109.951   52.123   89.696   62.353   96.576  132.032   11.854  121.501 -154.801    0.461381   -1.126816   -0.928218   -0.821883   -1.529521   -1.656095   -1.872458   -0.694448   -1.222584   -6.810  -16.229  -24.325 S_000010
   7 P    72.249 -171.397  -89.575   84.407 -174.183  -60.687  -90.499   36.160   98.868  -73.070    0.329319   -1.359464   -0.594735   -0.785229   -1.517399   -1.628373   -1.857407   -0.681449   -1.238827  -11.348  -16.222  -28.925 S_000010
   8 N   160.380  178.006 -175.911   81.427 -138.097  -68.862   64.237   40.356   94.732  168.924    0.345587   -1.380057   -0.526857   -0.712433   -1.520110   -1.625664   -1.795151   -0.681104   -1.268351  -13.563  -19.055  -34.309 S_000010
   9 P   -70.392 -168.786   67.400  152.714  -79.917 -130.447  140.795  -39.652  156.097   50.861    0.325405   -0.132539   -1.474602   -0.745567   -1.130274   -1.890448   -1.904953   -0.748656   -1.182195  -16.121  -20.776  -40.034 S_000010
  10 P   -60.097 -146.945   70.140  151.229  -90.777 -175.526  161.181  -30.121  151.629   72.288    0.397053   -0.211454   -1.442957   -0.761754   -1.043461   -1.970860   -1.893172   -0.716125   -1.225162  -17.990  -22.776  -46.388 S_000010
  11 H   -56.500  161.453   52.941   78.549    0.000    0.000   76.693   36.528   97.876 -118.300    0.313307   -1.408938   -0.522224   -0.798487   -1.617051   -1.548103   -1.849311   -0.724094   -1.212206  -21.672  -24.474  -51.228 S_000010
