SEQUENCE: gaaaaag
SCORE:     score    rna_stub_coord_hack       N_WC      N_NWC       N_BS description
REMARK RNA 
SCORE:     4.153                  4.153          0          0          1    S_000001
   1 H     0.000  170.252   55.279   71.261 -143.066  126.454   82.772   43.434   93.954  179.918    0.226245   -1.469970   -0.357277   -0.815679   -1.663364   -1.473362   -1.841034   -0.714704   -1.220628    3.794    0.984    0.238 S_000001
   2 P   -92.210  108.159  113.439   82.875 -150.173  -72.997   62.140   34.061   99.295   -5.264    0.331797   -1.377528   -0.560394   -0.809139   -1.601080   -1.556637   -1.879864   -0.744515   -1.191840    1.254    1.159   -3.414 S_000001
   3 P   -95.121 -129.353   60.981  106.909 -165.428 -132.511  130.743   32.467  100.644  169.513    0.345435   -1.188909   -0.859777   -0.802949   -1.206795   -1.858313   -1.888882   -0.501475   -1.304058   -4.601    3.987   -5.939 S_000001
   4 P   -57.485  160.139   75.855  150.070 -129.358 -140.723  124.656  -40.385  156.749  145.069    0.321419   -0.067867   -1.491898   -0.742948   -1.064012   -1.946365   -1.896169   -0.757348   -1.185391  -10.058    3.964   -8.958 S_000001
   5 P   -56.602  169.819   59.880  148.016 -135.011  178.478  120.148  -32.889  143.708  -19.080    0.344597   -0.101549   -1.481717   -0.800183   -0.950280   -2.028627   -1.919452   -0.736545   -1.187799  -15.299    6.332  -12.261 S_000001
   6 P   148.744  164.488  155.812   78.401 -116.145  -93.168  138.143   38.511   86.441 -171.231    0.349391   -1.359421   -0.597882   -0.742157   -1.451422   -1.664271   -1.843860   -0.693680   -1.250137  -21.398    9.399  -14.584 S_000001
   7 H   159.610  179.523  175.130   82.180    0.000    0.000   63.732   38.520   90.902  179.892    0.318312   -1.368240   -0.577753   -0.767797   -1.499062   -1.647799   -1.863583   -0.708728   -1.222731  -27.011    8.423  -18.631 S_000001
SCORE:     3.579                  3.579          0          0          1    S_000002
   1 H     0.000  170.252   55.279  148.488 -106.342   72.983  116.294  -41.368  164.123  113.301    0.304157   -0.032415   -1.479560   -0.745385   -1.033427   -1.939282   -1.916115   -0.665939   -1.240515    3.794    0.984    0.238 S_000002
   2 P   152.594  176.327  171.244   91.237 -151.427  -73.024   82.556   36.730   87.095   -0.293    0.324489   -1.292433   -0.740995   -0.782053   -1.325054   -1.790390   -1.912036   -0.712281   -1.201892    5.650    4.822   -2.860 S_000002
   3 N   -80.912  170.295   74.913   92.230 -101.676  160.129   85.912   22.565  113.402   32.264    0.354236   -1.285593   -0.749840   -0.887328   -1.592901   -1.586659   -1.888613   -0.668587   -1.229021    6.081   10.758   -4.850 S_000002
   4 N    90.922  114.471  169.536   85.610 -136.875 -104.260  119.770   29.348  109.939  -14.490    0.338656   -1.376598   -0.581222   -0.858928   -1.661063   -1.497632   -1.883181   -0.729109   -1.201704    6.656   14.952  -10.334 S_000002
   5 N  -175.101 -147.674  159.572  141.718  176.133  146.872   62.364  -31.811 -103.226   76.911    0.331832   -0.177856   -1.485199   -0.843536   -1.029654   -1.962328   -1.977627   -0.691472   -1.204184    8.370   21.479  -12.491 S_000002
   6 N   154.001 -151.352 -179.891   82.407 -120.265  -97.432   73.456   36.108   93.428  -28.641    0.344713   -1.332998   -0.644622   -0.766566   -1.453473   -1.682803   -1.865678   -0.702813   -1.218244   10.367   27.083  -16.272 S_000002
   7 H   160.591 -167.784  170.058   86.094    0.000    0.000   62.859   38.320   82.158  148.118    0.342690   -1.284306   -0.726918   -0.744214   -1.287628   -1.799363   -1.895643   -0.720848   -1.196978   10.432   33.539  -18.866 S_000002
SCORE:     3.851                  3.851          0          0          0    S_000003
   1 H     0.000  170.252   55.279  145.417 -144.532  116.412  132.454  -32.610  150.095   68.898    0.349184   -0.203073   -1.468992   -0.800924   -1.082135   -1.954170   -1.936541   -0.709874   -1.197653    3.794    0.984    0.238 S_000003
   2 N    45.634 -134.029 -164.399  137.803 -122.118  173.451  -21.822  -30.700  156.331   23.556    0.359790   -0.417386   -1.424002   -0.813134   -1.319686   -1.793473   -1.949241   -0.771476   -1.162127    6.744    3.880   -2.251 S_000003
   3 N   167.952 -167.959  154.203  145.211 -155.376 -167.633   19.536  -32.174  148.043  -55.599    0.332777   -0.133501   -1.484945   -0.828850   -0.980089   -2.013944   -1.953344   -0.695714   -1.205944    8.312   10.116   -5.317 S_000003
   4 P  -166.643  174.429   51.009   94.950   50.074  146.761  125.488   22.751  101.125   56.346    0.414021   -1.135603   -0.926472   -0.821686   -1.305862   -1.810625   -1.936201   -0.726949   -1.176513    8.542   15.510  -10.138 S_000003
   5 P  -173.910 -150.992  149.500  127.998 -128.911 -142.558   91.482   -6.193  136.127   15.787    0.408280   -0.788743   -1.262842   -0.923571   -1.317920   -1.806812   -1.984235   -0.740556   -1.116661    6.888   22.191  -10.833 S_000003
   6 P   153.576 -137.498 -175.281   83.857 -102.787 -103.937   50.086   29.192  107.047  -14.087    0.360236   -1.330018   -0.656551   -0.827896   -1.577528   -1.591584   -1.886986   -0.727617   -1.202004    7.683   28.719  -13.372 S_000003
   7 H   -87.987  179.677   59.154   88.412    0.000    0.000   52.137   37.124   88.672  -78.801    0.324560   -1.317717   -0.683963   -0.781563   -1.384462   -1.739578   -1.898980   -0.698507   -1.216100    7.165   34.206  -17.603 S_000003
SCORE:     3.832                  3.832          0          0          1    S_000004
   1 H     0.000  170.252   55.279  151.173  -99.104   77.868  116.264  -39.476  158.206   75.989    0.355362   -0.072085   -1.463109   -0.717364   -1.057753   -1.941874   -1.867861   -0.699848   -1.221818    3.794    0.984    0.238 S_000004
   2 P   145.559 -147.661 -179.920   89.636 -147.948 -121.251  142.316   19.265  124.361   72.826    0.378876   -1.314939   -0.680925   -0.895597   -1.696331   -1.431095   -1.862822   -0.708039   -1.208086    6.820    4.841   -1.330 S_000004
   3 P   167.223 -130.441 -178.374   82.295 -142.978  -73.235   69.197   37.374   94.578 -156.510    0.324684   -1.371068   -0.577949   -0.778213   -1.514777   -1.627160   -1.863633   -0.699814   -1.218037    8.863   11.330   -2.628 S_000004
   4 P   173.330 -176.176  173.161   89.236 -120.118 -113.526   66.601   30.578  105.566 -179.411    0.341486   -1.333597   -0.661409   -0.838980   -1.537240   -1.610372   -1.902227   -0.711169   -1.197381   12.399   16.855   -4.449 S_000004
   5 N  -149.449  161.904  169.889   81.813 -145.400  -65.994  120.751   29.215  116.975    7.240    0.321253   -1.415703   -0.497345   -0.892978   -1.732380   -1.385977   -1.824266   -0.691127   -1.230135   14.646   22.880   -7.708 S_000004
   6 P  -127.098 -118.371 -175.896   81.208  178.526  -67.112   87.047   27.341  111.615  177.088    0.350710   -1.380316   -0.536550   -0.864500   -1.712024   -1.401043   -1.876825   -0.710853   -1.179871   13.990   28.596  -11.689 S_000004
   7 H   134.717  149.840   70.679  115.386    0.000    0.000  106.720  -15.167  148.845    2.881    0.421442   -0.753672   -1.271996   -0.855893   -1.461097   -1.705731   -1.960090   -0.726764   -1.187763   14.706   33.894  -15.545 S_000004
SCORE:     4.041                  4.041          0          0          1    S_000005
   1 H     0.000  170.252   55.279  143.998 -111.961   93.881  140.739  -40.616  165.979  -92.866    0.320762   -0.270496   -1.455958   -0.737784   -1.310647   -1.735460   -1.901246   -0.727566   -1.200717    3.794    0.984    0.238 S_000005
   2 P   152.375  142.031   64.415  148.128 -115.647  144.438   99.872  -37.298  156.734  -84.147    0.331499   -0.157245   -1.479366   -0.767945   -1.115352   -1.917667   -1.916635   -0.734444   -1.191645    6.032    4.488   -3.770 S_000005
   3 P   153.178 -153.207 -178.631   82.668 -139.550  -73.249   64.126   35.520   95.260  -16.961    0.322942   -1.357707   -0.586556   -0.789863   -1.548629   -1.610887   -1.878842   -0.729786   -1.203609    6.835   11.064   -4.821 S_000005
   4 P   -71.409  163.072   88.916  129.689 -115.676 -168.510  103.969  -27.373  151.463 -158.189    0.375027   -0.488612   -1.399569   -0.832328   -1.348614   -1.777614   -1.951482   -0.749221   -1.158968    8.104   16.888   -6.389 S_000005
   5 P   -82.645 -177.969   72.751  145.260 -157.503 -148.229  111.875  -38.545  157.429  -12.075    0.322205   -0.223436   -1.480851   -0.764697   -1.222995   -1.851784   -1.919902   -0.771160   -1.168755    8.361   22.041  -10.650 S_000005
   6 N  -161.449  -80.375 -167.755   89.297 -150.159  165.209  -87.153   31.046  106.885   18.642    0.339296   -1.337064   -0.665664   -0.840118   -1.530120   -1.624557   -1.899377   -0.689110   -1.219184   11.537   27.050  -14.583 S_000005
   7 H   -72.772 -171.942   53.275   82.217    0.000    0.000   71.028   39.824   89.147   83.900    0.309684   -1.374423   -0.570876   -0.761569   -1.485486   -1.659711   -1.866576   -0.704828   -1.223668    7.924   31.926  -16.757 S_000005
SCORE:     4.067                  4.067          0          0          1    S_000006
   1 H     0.000  170.252   55.279   82.127 -139.863  127.510  121.449   35.944   99.893  -15.103    0.316432   -1.379666   -0.557247   -0.812612   -1.559692   -1.583161   -1.868433   -0.691450   -1.224934    3.794    0.984    0.238 S_000006
   2 N   -97.944  144.143  116.364  107.390 -146.299  170.116   62.722   -5.024  141.666   18.042    0.428033   -0.968284   -1.110263   -0.900109   -1.566329   -1.597061   -1.953408   -0.750813   -1.156653    1.783    2.062   -4.496 S_000006
   3 P   171.057 -103.310  164.291   91.202  176.611  -56.743  164.183   35.624   90.992  -91.210    0.302016   -1.294582   -0.743827   -0.824182   -1.343923   -1.775671   -1.925727   -0.667120   -1.224239   -4.640    2.696   -7.353 S_000006
   4 N   156.962  178.579 -167.811   86.349 -135.605  -64.893   63.481   36.418   95.976  -16.102    0.331241   -1.345785   -0.616987   -0.767103   -1.488494   -1.651697   -1.841209   -0.691712   -1.226263   -8.796    5.421  -11.263 S_000006
   5 P  -141.103   93.426  169.495   91.069 -150.020  -92.359   62.089   37.264   87.277  136.929    0.317046   -1.318105   -0.686127   -0.788078   -1.384274   -1.745631   -1.907231   -0.711992   -1.202040  -13.474    8.261  -14.746 S_000006
   6 P   167.956  168.479  179.253   88.860  -98.532  -86.975   73.313   34.902   90.785 -168.683    0.349434   -1.250241   -0.788311   -0.783876   -1.272465   -1.819946   -1.908019   -0.646347   -1.228825  -18.947   12.113  -16.997 S_000006
   7 H   -71.024 -177.684   55.252   77.241    0.000    0.000   93.120   37.153   97.032  -25.275    0.317183   -1.395507   -0.526028   -0.791314   -1.584148   -1.566708   -1.857779   -0.713804   -1.219093  -23.987   13.169  -21.248 S_000006
SCORE:     3.981                  3.981          0          0          0    S_000007
   1 H     0.000  170.252   55.279  149.380 -108.303   92.614  175.930  -36.454  154.251   25.197    0.331118   -0.144209   -1.487061   -0.787269   -1.088343   -1.950830   -1.929779   -0.735438   -1.179621    3.794    0.984    0.238 S_000007
   2 P   -63.205  171.353   54.703   80.508 -166.947 -112.593   87.404   39.529   93.956  -19.361    0.312179   -1.391493   -0.527466   -0.762039   -1.531548   -1.601004   -1.844492   -0.705140   -1.217484    5.249    4.605   -1.481 S_000007
   3 P   171.747  153.395  159.041  148.712 -150.900 -143.856  163.298  -31.676  141.216  -34.261    0.335662   -0.099384   -1.482186   -0.823846   -0.920479   -2.044532   -1.934389   -0.708140   -1.198506    5.199   10.138   -6.016 S_000007
   4 N  -172.853 -176.879  154.982   85.334 -152.417  -63.053   65.917   37.285   95.556   72.588    0.310637   -1.342060   -0.627038   -0.796613   -1.444832   -1.678616   -1.872772   -0.654663   -1.228665    3.859   16.455   -9.454 S_000007
   5 P  -179.293  130.146  140.124   79.152 -109.669 -101.744   49.690   30.942  107.568  -23.635    0.368515   -1.349301   -0.601626   -0.802370   -1.594846   -1.554049   -1.845816   -0.700267   -1.223266    4.203   22.547  -12.639 S_000007
   6 P  -165.001  161.303 -173.575  133.891 -106.070  178.271  117.532  -28.074  146.438 -179.088    0.378253   -0.295046   -1.451292   -0.812423   -1.111908   -1.949506   -1.943126   -0.708633   -1.198702    8.387   28.351  -13.260 S_000007
   7 H   -74.646  153.382   83.336   77.342    0.000    0.000   58.429   37.576   96.782  -17.686    0.319587   -1.408133   -0.475565   -0.780770   -1.619024   -1.511150   -1.839222   -0.740912   -1.198751    8.164   32.610  -17.623 S_000007
SCORE:     3.850                  3.850          0          0          0    S_000008
   1 H     0.000  170.252   55.279  149.380 -108.303   92.614  175.930  -36.454  154.251   25.197    0.331118   -0.144209   -1.487061   -0.787269   -1.088343   -1.950830   -1.929779   -0.735438   -1.179621    3.794    0.984    0.238 S_000008
   2 P   -62.477  169.859   57.845   86.209 -147.601  -76.177   95.928   34.884   98.175  170.558    0.322204   -1.353918   -0.620766   -0.813507   -1.510056   -1.635337   -1.894973   -0.706293   -1.205522    5.256    4.594   -1.435 S_000008
   3 P  -133.749 -135.407  144.310  130.845 -116.303 -178.649  121.579  -35.275  165.934  163.039    0.368044   -0.566274   -1.363413   -0.770648   -1.563835   -1.500435   -1.902733   -0.799223   -1.154475    7.803    9.186   -6.122 S_000008
   4 N   145.215 -123.261  174.675   85.487 -129.367 -105.326   61.689   34.708   94.693  -16.002    0.341282   -1.320596   -0.682879   -0.791461   -1.438928   -1.705229   -1.892384   -0.688770   -1.219794   10.028   14.427  -10.049 S_000008
   5 P   171.747  153.395  159.041  148.712 -150.900 -143.856  163.298  -31.676  141.216  -34.261    0.335662   -0.099384   -1.482186   -0.823846   -0.920479   -2.044532   -1.934389   -0.708140   -1.198506   10.785   20.521  -13.943 S_000008
   6 N   -97.882 -146.927   54.031  112.093   98.474 -107.054  176.448  -19.867  131.423   55.916    0.451797   -0.162717   -1.450996   -0.796636   -0.749221   -2.117024   -1.899862   -0.656788   -1.232684   12.528   26.750  -17.103 S_000008
   7 H   -77.676 -169.433   43.442   80.385    0.000    0.000   70.932   41.228   87.652  -21.726    0.279340   -1.410639   -0.490343   -0.769578   -1.554400   -1.581076   -1.855513   -0.733204   -1.200220   13.216   32.232  -16.412 S_000008
SCORE:     3.995                  3.995          0          0          1    S_000009
   1 H     0.000  170.252   55.279   77.576 -118.301   36.007   73.284   39.480   91.302   79.266    0.320648   -1.387870   -0.538914   -0.755465   -1.522517   -1.616748   -1.851975   -0.720632   -1.218453    3.794    0.984    0.238 S_000009
   2 P   138.934 -178.509  166.657   87.364 -105.103  -97.274   86.292   35.291   93.547  -22.000    0.327190   -1.331925   -0.669818   -0.802767   -1.448495   -1.699073   -1.903473   -0.702710   -1.210831    0.238   -0.695   -3.020 S_000009
   3 N  -148.162  164.915  118.385  145.355 -109.323 -178.043  158.161  -25.949  134.973  153.436    0.357113   -0.162484   -1.477571   -0.854725   -0.883260   -2.080780   -1.943630   -0.688761   -1.201220   -4.757    0.165   -7.984 S_000009
   4 N   167.952 -167.959  154.203  145.211 -155.376 -167.633   19.536  -32.174  148.043  -55.599    0.332777   -0.133501   -1.484945   -0.828850   -0.980089   -2.013944   -1.953344   -0.695714   -1.205944  -10.021    1.072  -12.756 S_000009
   5 N   144.369 -164.771  174.597   85.862 -111.402  -77.490   66.933   34.932   89.928  -15.347    0.349145   -1.282307   -0.738465   -0.783001   -1.349281   -1.771280   -1.894652   -0.665989   -1.222817  -16.235    1.353  -16.237 S_000009
   6 N   -56.242  153.978   73.770  143.307  -64.114 -150.572   93.283  -33.396  151.190  -50.064    0.346664   -0.307654   -1.452388   -0.793983   -1.232638   -1.858935   -1.934948   -0.784899   -1.156824  -20.613    4.168  -19.294 S_000009
   7 H   147.796 -141.436  172.555   85.678    0.000    0.000   57.810   35.631   91.197  -25.070    0.344729   -1.309871   -0.700115   -0.771618   -1.407347   -1.742033   -1.887432   -0.698618   -1.219078  -25.524    6.847  -23.205 S_000009
SCORE:     3.747                  3.747          0          0          1    S_000010
   1 H     0.000  170.252   55.279   86.451 -113.942   96.973   67.088   36.827   94.965  179.912    0.306394   -1.361306   -0.617183   -0.809291   -1.491809   -1.666110   -1.890910   -0.679437   -1.240249    3.794    0.984    0.238 S_000010
   2 P  -109.609  164.248   51.953  147.304 -152.795 -151.908  158.553  -38.656  160.522  120.154    0.316857   -0.192056   -1.481277   -0.771103   -1.186620   -1.869355   -1.927277   -0.754323   -1.183567    1.008    2.402   -3.376 S_000010
   3 P  -133.749 -135.407  144.310  130.845 -116.303 -178.649  121.579  -35.275  165.934  163.039    0.368044   -0.566274   -1.363413   -0.770648   -1.563835   -1.500435   -1.902733   -0.799223   -1.154475   -2.012    7.981   -7.149 S_000010
   4 P   145.178 -156.034 -172.353   84.988 -133.611  -72.916   57.863   38.515   89.648  -30.107    0.312455   -1.350548   -0.616806   -0.776444   -1.446986   -1.689238   -1.877180   -0.694361   -1.217785   -6.848   12.223  -10.130 S_000010
   5 P  -171.138 -159.674  155.788   87.190 -128.050 -166.775   84.303   35.145   89.823 -155.916    0.321597   -1.298553   -0.720453   -0.812913   -1.374949   -1.752188   -1.910608   -0.679834   -1.214896  -11.997   13.911  -14.246 S_000010
   6 P    88.446  152.233 -177.309   99.607 -163.833  -94.509  109.798   24.470  101.567  -63.346    0.357266   -1.161357   -0.924890   -0.846544   -1.335259   -1.840463   -1.925885   -0.663645   -1.234091  -18.533   15.018  -16.974 S_000010
   7 H   -62.450  173.136   55.863   80.371    0.000    0.000   73.413   38.999   92.852  179.912    0.310228   -1.400837   -0.502963   -0.770446   -1.577338   -1.568946   -1.850717   -0.724469   -1.213079  -23.909   15.258  -20.116 S_000010
