SEQUENCE: gaaaaaaaaaag
SCORE:     score    rna_stub_coord_hack       N_WC      N_NWC       N_BS description
REMARK RNA 
SCORE:    11.991                 11.991          0          0          3    S_000001
   1 H     0.000  170.252   55.279  143.190 -165.994 -131.309  140.087  -32.898  154.851  -50.899    0.342452   -0.235807   -1.469472   -0.810497   -1.130515   -1.920357   -1.950707   -0.708940   -1.199382    3.794    0.984    0.238 S_000001
   2 N   -61.695  152.409   74.707   76.443  166.201  -96.008   94.216   32.350  103.163  -93.592    0.312484   -1.386557   -0.499598   -0.841241   -1.686511   -1.452035   -1.876640   -0.778145   -1.166335    9.776   -0.270   -0.097 S_000001
   3 P   -67.940  168.346   56.461   87.904 -142.921  -64.914   71.987   37.630   90.285  -27.655    0.325927   -1.327360   -0.670948   -0.768002   -1.400594   -1.731593   -1.886582   -0.689868   -1.228497   15.245    0.705    1.478 S_000001
   4 P   -95.146   79.922  165.186   85.014 -119.295 -153.663   66.114   33.739  100.683 -136.022    0.328777   -1.360527   -0.608919   -0.817938   -1.549218   -1.603974   -1.889720   -0.716707   -1.202847   19.807   -0.219    4.099 S_000001
   5 P   -84.025  166.594   73.067   79.911 -179.348 -123.417   89.779   35.188   98.120  -15.624    0.325054   -1.374806   -0.576496   -0.804974   -1.563205   -1.591934   -1.872365   -0.723717   -1.206138   25.167    3.697    5.023 S_000001
   6 P   152.638  133.371 -164.851   80.834 -154.970  -66.931  123.690   31.389  105.683  163.785    0.343562   -1.372884   -0.556790   -0.824956   -1.642144   -1.505629   -1.862930   -0.737757   -1.198496   32.054    5.743    4.577 S_000001
   7 P   176.702  160.643  167.668   85.335 -126.737  -66.967   55.542   33.327  101.410  -11.198    0.361856   -1.350232   -0.600435   -0.780133   -1.563066   -1.595816   -1.858907   -0.707637   -1.223511   38.616    6.735    6.178 S_000001
   8 P  -165.123  123.315  171.991   87.033 -153.571  -59.887   73.452   35.136   95.198   -8.374    0.331756   -1.337775   -0.632899   -0.796073   -1.488319   -1.658809   -1.881383   -0.691431   -1.212719   44.051    8.658    9.923 S_000001
   9 P  -173.910 -150.992  149.500  127.998 -128.911 -142.558   91.482   -6.193  136.127   15.787    0.408280   -0.788743   -1.262842   -0.923571   -1.317920   -1.806812   -1.984235   -0.740556   -1.116661   47.997   11.558   14.333 S_000001
  10 P   171.747  153.395  159.041  148.712 -150.900 -143.856  163.298  -31.676  141.216  -34.261    0.335662   -0.099384   -1.482186   -0.823846   -0.920479   -2.044532   -1.934389   -0.708140   -1.198506   52.285   15.788   18.527 S_000001
  11 P   155.560  161.070 -178.457   84.276 -122.408  -98.195   69.445   34.862   99.023  -17.493    0.336436   -1.355400   -0.607953   -0.795993   -1.522882   -1.622071   -1.870210   -0.689281   -1.222321   57.235   20.258   21.596 S_000001
  12 H   153.909 -126.147  164.944   76.957    0.000    0.000   58.688   31.949  105.179  -98.526    0.392870   -1.307916   -0.572926   -0.782758   -1.539434   -1.555607   -1.869005   -0.661124   -1.212057   59.142   23.402   26.912 S_000001
SCORE:    12.147                 12.147          0          1          1    S_000002
   1 H     0.000  170.252   55.279  127.460  -29.346 -152.812  171.970  -31.870  154.269   11.669    0.334954   -0.528981   -1.384917   -0.815961   -1.457139   -1.640107   -1.913022   -0.729894   -1.184519    3.794    0.984    0.238 S_000002
   2 P  -144.903  127.221 -177.876   83.037 -138.999  -74.859   73.756   32.146   98.685  179.949    0.361076   -1.325429   -0.666502   -0.795029   -1.507480   -1.648622   -1.876021   -0.717484   -1.203681    9.067    2.855   -3.142 S_000002
   3 P   -57.502  177.873   60.462   88.332 -163.080  -64.261   60.200   32.120  105.141  -11.928    0.351213   -1.340408   -0.618034   -0.807162   -1.561746   -1.596868   -1.839070   -0.658537   -1.245627   14.585    5.855   -2.989 S_000002
   4 P   -79.338 -144.091   57.390  141.898  -74.866  123.273  128.429  -30.900  147.015  148.359    0.350921   -0.266263   -1.460476   -0.821355   -1.130717   -1.925254   -1.945746   -0.752240   -1.166716   18.791   10.904   -3.498 S_000002
   5 P   154.408 -167.309  177.533   85.213 -130.497  -58.639   65.374   37.930   89.645  -25.428    0.314460   -1.365339   -0.594367   -0.782285   -1.489040   -1.654516   -1.884229   -0.716751   -1.205193   24.461   12.899   -4.194 S_000002
   6 P   -50.484 -176.503   35.125  140.764 -157.779 -130.731   88.154  -32.121  150.570 -155.790    0.351864   -0.261336   -1.460342   -0.801800   -1.148146   -1.917020   -1.938761   -0.729367   -1.186107   30.345   14.421   -4.158 S_000002
   7 P   -82.645 -177.969   72.751  145.260 -157.503 -148.229  111.875  -38.545  157.429  -12.075    0.322205   -0.223436   -1.480851   -0.764697   -1.222995   -1.851784   -1.919902   -0.771160   -1.168755   36.062   17.556   -2.176 S_000002
   8 N   -73.735 -169.010   53.850   91.628 -165.481  -82.950  104.585   32.152   97.825 -125.001    0.349956   -1.271522   -0.756479   -0.811765   -1.378867   -1.748103   -1.902631   -0.650871   -1.230306   41.230   21.520   -0.117 S_000002
   9 P  -133.749 -135.407  144.310  130.845 -116.303 -178.649  121.579  -35.275  165.934  163.039    0.368044   -0.566274   -1.363413   -0.770648   -1.563835   -1.500435   -1.902733   -0.799223   -1.154475   46.870   22.134    4.013 S_000002
  10 P   -66.615  172.030   55.030   82.644 -139.789  -75.366   78.750   41.114   88.376  178.065    0.292728   -1.387601   -0.542585   -0.763235   -1.491655   -1.644288   -1.855175   -0.682574   -1.241075   50.735   26.074    7.173 S_000002
  11 N  -102.288 -114.811  152.099  152.073  -94.878  153.513  109.832  -37.104  159.441   32.450    0.319886   -0.166689   -1.482528   -0.788521   -1.122043   -1.900878   -1.935757   -0.712507   -1.193642   57.236   28.735    6.349 S_000002
  12 H   -56.391  158.838   56.268   77.958    0.000    0.000   83.001   38.055   95.506  179.894    0.291127   -1.418845   -0.467655   -0.807105   -1.632007   -1.509787   -1.856504   -0.735153   -1.202739   62.715   28.089    7.435 S_000002
SCORE:    10.070                 10.070          0          0          1    S_000003
   1 H     0.000  170.252   55.279   92.249 -109.003  169.242  133.112   27.286  111.384  -11.414    0.354694   -1.333987   -0.655072   -0.858727   -1.603173   -1.550393   -1.895164   -0.716901   -1.195580    3.794    0.984    0.238 S_000003
   2 N    63.165 -148.907  162.648   88.468  177.143 -109.835 -173.632   35.131   94.559 -174.812    0.332095   -1.319483   -0.674770   -0.791522   -1.436878   -1.700008   -1.888918   -0.679142   -1.230311    7.178    2.853   -4.575 S_000003
   3 P  -173.910 -150.992  149.500  127.998 -128.911 -142.558   91.482   -6.193  136.127   15.787    0.408280   -0.788743   -1.262842   -0.923571   -1.317920   -1.806812   -1.984235   -0.740556   -1.116661   12.742    5.980   -7.002 S_000003
   4 P   -56.602  169.819   59.880  148.016 -135.011  178.478  120.148  -32.889  143.708  -19.080    0.344597   -0.101549   -1.481717   -0.800183   -0.950280   -2.028627   -1.919452   -0.736545   -1.187799   16.550   10.895   -9.300 S_000003
   5 P   137.952 -129.549  173.478   85.962 -134.617  -67.549   69.087   34.846   93.316 -174.890    0.352949   -1.292816   -0.703114   -0.776366   -1.392571   -1.735000   -1.885086   -0.678844   -1.226078   20.773   15.795  -11.529 S_000003
   6 P  -145.987  156.330 -171.280   97.698 -150.657  -84.135   71.724   29.301   97.426  177.190    0.377424   -1.188179   -0.884020   -0.797503   -1.265138   -1.847696   -1.920332   -0.677393   -1.214796   26.345   19.443  -12.766 S_000003
   7 P  -171.683  150.567  158.405   86.589 -114.846 -110.635  130.117   15.638  130.615   37.393    0.367847   -1.318887   -0.687781   -0.936999   -1.752471   -1.366717   -1.880904   -0.733340   -1.188375   29.929   25.419  -13.604 S_000003
   8 N  -122.329  136.115  121.785  113.623 -151.287  -53.450  124.898   33.717   72.191  -22.279    0.339534   -0.923367   -1.171127   -0.812548   -0.604958   -2.106668   -1.917397   -0.669884   -1.231306   32.001   31.417  -16.059 S_000003
   9 P  -172.604  161.126  159.864  155.138 -101.607 -139.360  -48.863  -40.948  155.621   78.591    0.319081    0.026124   -1.484098   -0.731166   -0.944630   -1.986654   -1.887978   -0.700564   -1.211859   36.700   35.569  -18.349 S_000003
  10 N  -162.335 -115.976  123.191   89.015  175.258 -173.476   79.260   17.306  130.746  -80.581    0.379421   -1.301197   -0.739786   -0.920270   -1.669913   -1.460581   -1.919630   -0.732482   -1.173204   41.548   40.497  -20.077 S_000003
  11 P   173.475 -163.583  161.717   83.523 -116.671  -57.910   53.753   34.422   95.716  -23.714    0.341921   -1.318554   -0.688607   -0.795294   -1.440444   -1.709689   -1.896681   -0.684275   -1.220526   43.880   47.261  -19.303 S_000003
  12 H    60.812  -96.782 -167.277   85.923    0.000    0.000   60.258   37.344   90.808  -20.073    0.342017   -1.355458   -0.597493   -0.745365   -1.504973   -1.652351   -1.855362   -0.745855   -1.195954   45.249   50.119  -21.905 S_000003
SCORE:    11.754                 11.754          0          0          2    S_000004
   1 H     0.000  170.252   55.279  143.197  -81.152  143.472  111.631  -27.348  155.745    8.388    0.371059   -0.446060   -1.412322   -0.844862   -1.288927   -1.796603   -1.963000   -0.689676   -1.200875    3.794    0.984    0.238 S_000004
   2 P   161.914  -99.554  -96.184  126.724 -121.194  -81.086  -50.171  -26.751  155.965 -150.126    0.350493   -0.692438   -1.314062   -0.870180   -1.573144   -1.547565   -1.957575   -0.816562   -1.103272    9.360    2.448   -2.916 S_000004
   3 P   -54.889  139.233   36.892   90.391   37.341  135.742   85.013   19.892  117.144   67.261    0.412877   -1.175371   -0.885076   -0.835558   -1.442456   -1.718088   -1.891858   -0.642092   -1.240027   14.662    3.417   -0.785 S_000004
   4 N  -178.810  153.055  135.770  106.704 -138.327 -112.358  127.377   22.478   87.323  -11.418    0.409131   -0.973460   -1.098711   -0.809248   -1.028300   -2.013690   -1.923910   -0.665663   -1.225656   19.996    6.652    1.392 S_000004
   5 P   101.545 -166.544 -165.818  126.065 -162.988  -99.544   98.876  -15.674  141.015 -159.461    0.397392   -0.610821   -1.338979   -0.860837   -1.287097   -1.866209   -1.963161   -0.695831   -1.206560   25.720    8.858    3.893 S_000004
   6 P  -146.303  138.879  165.179   81.328 -113.511  -67.250   57.472   35.162   95.454  -18.759    0.329410   -1.356774   -0.604880   -0.801421   -1.523296   -1.625384   -1.881754   -0.715006   -1.210223   30.161   12.512    7.539 S_000004
   7 P   -56.319 -151.350   51.272  140.020 -100.337 -154.876  160.165  -35.102  161.015   16.344    0.335371   -0.379745   -1.442838   -0.794508   -1.350681   -1.755183   -1.937257   -0.765789   -1.169927   34.888   14.794   11.437 S_000004
   8 P  -133.749 -135.407  144.310  130.845 -116.303 -178.649  121.579  -35.275  165.934  163.039    0.368044   -0.566274   -1.363413   -0.770648   -1.563835   -1.500435   -1.902733   -0.799223   -1.154475   42.003   15.236   12.578 S_000004
   9 P   132.201 -170.136  172.043   82.935 -174.144  -99.458  113.946   35.506  102.658  -57.807    0.296716   -1.397482   -0.505598   -0.833698   -1.628991   -1.513709   -1.843882   -0.692077   -1.232421   48.365   18.166   13.682 S_000004
  10 N   -57.380  151.110   57.385   88.433 -160.417 -148.338   69.450   35.017   95.596  -46.719    0.335047   -1.310783   -0.706439   -0.795816   -1.405901   -1.735772   -1.898067   -0.670696   -1.232076   52.610   20.666   16.538 S_000004
  11 N   -56.264 -177.789   34.061   88.856 -144.876  -69.055   71.323   39.189   90.517  -19.589    0.297911   -1.314763   -0.692278   -0.778418   -1.347912   -1.779089   -1.894966   -0.663774   -1.247301   56.828   24.490   19.856 S_000004
  12 H   -66.767  176.620   54.424   85.324    0.000    0.000   65.152   36.193   98.758  151.054    0.325009   -1.366448   -0.588606   -0.788724   -1.531494   -1.621846   -1.867806   -0.696257   -1.232994   62.834   25.209   21.364 S_000004
SCORE:    11.361                 11.361          0          0          1    S_000005
   1 H     0.000  170.252   55.279   84.743 -151.056 -166.854   87.969   36.320   93.426   89.934    0.333756   -1.343673   -0.620670   -0.779520   -1.478548   -1.661965   -1.875906   -0.697176   -1.217314    3.794    0.984    0.238 S_000005
   2 N    38.576 -128.029  162.452  144.023 -112.117 -179.934   98.135  -33.893  155.529   33.016    0.341529   -0.304296   -1.446604   -0.793318   -1.233034   -1.834134   -1.932932   -0.716435   -1.188409    6.803    2.934   -4.176 S_000005
   3 N   -41.230  151.239   47.441   95.874   63.258  125.144  115.524  -16.345  143.905 -132.099    0.444447   -0.614179   -1.326760   -0.826723   -1.306325   -1.822494   -1.919534   -0.626497   -1.238624    8.727    8.163   -6.658 S_000005
   4 P   165.515  146.900   47.098  148.513 -127.551 -153.506  114.540  -36.600  156.852  -91.538    0.333410   -0.162449   -1.480231   -0.776970   -1.108433   -1.919857   -1.924897   -0.716644   -1.199755   10.604   13.302  -10.769 S_000005
   5 P   -66.547  174.793   52.090   80.331 -178.576  -66.944   87.446   36.302   96.128  -73.045    0.316283   -1.382911   -0.566529   -0.797357   -1.560730   -1.595491   -1.864356   -0.711206   -1.211385   15.016   18.182  -11.908 S_000005
   6 P  -143.310   71.916  171.935  103.615 -167.532  -70.288   89.959   20.785   98.541  -79.188    0.395520   -1.072129   -0.997535   -0.849530   -1.236883   -1.870694   -1.949452   -0.731506   -1.161827   19.535   21.135  -14.985 S_000005
   7 N   -94.365 -154.934   46.429  146.584 -101.724  149.181  103.287  -35.917  153.020 -152.916    0.364301   -0.219499   -1.460169   -0.748527   -1.173226   -1.884655   -1.892784   -0.731496   -1.200632   21.180   25.561  -19.664 S_000005
   8 N    67.264 -165.919 -163.120   95.483 -131.650  -61.901   64.622   38.145   89.563  -41.034    0.393502   -1.246199   -0.761922   -0.680612   -1.212799   -1.821786   -1.856794   -0.618110   -1.264835   22.599   29.920  -23.734 S_000005
   9 N  -174.783  120.716  177.399  150.472 -127.479 -150.643  -46.738  -38.379  156.036  172.165    0.295515   -0.075973   -1.493365   -0.801078   -1.032701   -1.963612   -1.942754   -0.690149   -1.211052   24.679   36.227  -25.579 S_000005
  10 P   152.767 -170.923  168.753   90.141 -153.461  -69.676   62.592   38.672   81.946  179.887    0.314527   -1.304140   -0.725198   -0.773885   -1.310461   -1.804102   -1.910749   -0.721999   -1.199298   26.975   42.107  -29.211 S_000005
  11 N  -148.162  164.915  118.385  145.355 -109.323 -178.043  158.161  -25.949  134.973  153.436    0.357113   -0.162484   -1.477571   -0.854725   -0.883260   -2.080780   -1.943630   -0.688761   -1.201220   29.465   48.114  -31.037 S_000005
  12 H   -66.703 -174.973   55.509   82.539    0.000    0.000   69.096   39.084   88.592  -12.800    0.314764   -1.369021   -0.592603   -0.761327   -1.477187   -1.667457   -1.870432   -0.710042   -1.221008   29.069   53.877  -33.944 S_000005
SCORE:    11.358                 11.358          0          1          2    S_000006
   1 H     0.000  170.252   55.279  150.921 -140.380  176.455   70.540  -30.654  135.402  -22.027    0.340796    0.020826   -1.487975   -0.832802   -0.730695   -2.120638   -1.889676   -0.752245   -1.179692    3.794    0.984    0.238 S_000006
   2 P    69.065  148.258   61.008  143.351 -152.468 -173.839  -36.031  -32.620  153.760  -38.466    0.355883   -0.282450   -1.458156   -0.797587   -1.187713   -1.889374   -1.939496   -0.751429   -1.176510   10.347    0.054   -1.897 S_000006
   3 N   170.628 -165.875 -168.095   88.100 -146.025  -69.701   74.281   42.570   86.157  -18.932    0.269820   -1.368058   -0.613320   -0.764958   -1.393175   -1.735747   -1.891381   -0.711959   -1.210295   16.831    3.110   -0.770 S_000006
   4 P  -156.241 -172.309  170.358   90.579 -122.463  -73.511   97.000   24.621  116.504  -13.486    0.341843   -1.336481   -0.672589   -0.910049   -1.622569   -1.515204   -1.903182   -0.698196   -1.184257   22.305    6.317    1.808 S_000006
   5 P  -172.604  161.126  159.864  155.138 -101.607 -139.360  -48.863  -40.948  155.621   78.591    0.319081    0.026124   -1.484098   -0.731166   -0.944630   -1.986654   -1.887978   -0.700564   -1.211859   26.687    9.202    6.343 S_000006
   6 N   -70.863 -174.912   43.575   82.525 -146.825  -55.382   74.719   41.018   88.072  -17.697    0.307109   -1.377859   -0.546283   -0.739335   -1.486159   -1.643938   -1.850882   -0.707724   -1.219211   31.355   13.222    9.509 S_000006
   7 P   -66.965 -131.585   49.787  151.190 -114.989  172.495  107.035  -40.283  163.684   25.774    0.304640   -0.163820   -1.484370   -0.766383   -1.182307   -1.858363   -1.923227   -0.725694   -1.197365   35.418   11.919   14.466 S_000006
   8 P   -44.444  162.188   49.572   80.763 -129.048  -75.303   72.682   33.630  103.248  -14.176    0.339680   -1.370603   -0.566759   -0.804836   -1.592267   -1.555006   -1.864019   -0.724234   -1.205870   40.122   11.458   18.285 S_000006
   9 P  -115.592   84.146  168.141   84.273 -145.206  -76.931   59.630   37.254   87.328  179.897    0.336002   -1.320977   -0.673449   -0.766332   -1.394336   -1.731604   -1.888981   -0.705901   -1.209775   45.965   12.788   19.192 S_000006
  10 P  -166.924 -154.036  159.889   90.332 -178.658 -136.635   73.477   26.413  115.255    3.673    0.345049   -1.323606   -0.689620   -0.882069   -1.572952   -1.568229   -1.923026   -0.712384   -1.176451   51.879   14.873   21.986 S_000006
  11 P   138.275 -159.615 -170.410   75.004 -145.366  -68.236   62.058   40.630   97.171  178.676    0.268294   -1.443452   -0.403226   -0.793807   -1.677579   -1.480927   -1.819617   -0.725120   -1.219220   56.403   16.826   26.552 S_000006
  12 H   108.901 -112.296 -175.500   89.599    0.000    0.000   60.755   38.273   89.319  161.665    0.327588   -1.319591   -0.685760   -0.761380   -1.364522   -1.756828   -1.893309   -0.688992   -1.223017   59.419   14.955   30.105 S_000006
SCORE:    11.348                 11.348          0          0          1    S_000007
   1 H     0.000  170.252   55.279   85.885 -128.573 -157.582   80.844   32.654  100.567  -16.747    0.344565   -1.341463   -0.636786   -0.811907   -1.537786   -1.625553   -1.892258   -0.714265   -1.205225    3.794    0.984    0.238 S_000007
   2 P  -118.291   70.983  153.577  140.545 -140.730  -91.280   91.877  -34.876  157.492 -163.076    0.335873   -0.304070   -1.457801   -0.797149   -1.257287   -1.833013   -1.942989   -0.772473   -1.162934    4.892    2.798   -4.945 S_000007
   3 P    66.688 -144.704 -163.902  148.105 -139.268 -155.489  -41.230  -37.998  156.482 -171.186    0.307073   -0.167585   -1.483056   -0.788817   -1.141272   -1.898846   -1.932231   -0.728804   -1.188714    6.503    7.907   -6.988 S_000007
   4 P   -63.663 -177.845   46.955   82.472 -146.634  -68.950   80.835   36.748   94.387   -0.861    0.321600   -1.362469   -0.587085   -0.787738   -1.514650   -1.629258   -1.873712   -0.712179   -1.206499   10.029   13.581   -6.678 S_000007
   5 P   -48.021 -149.357   60.660  147.001 -101.038  163.258  120.155  -32.034  151.049   18.396    0.355164   -0.210741   -1.459618   -0.797243   -1.078551   -1.944985   -1.922827   -0.653220   -1.225214   14.595   17.289   -9.153 S_000007
   6 P    68.538  167.213 -173.924   83.974 -172.672  -89.084  109.402   36.411   93.428  -17.431    0.327762   -1.350952   -0.618290   -0.783060   -1.493810   -1.662168   -1.884309   -0.717844   -1.208533   17.712   22.945  -10.932 S_000007
   7 P  -158.951 -177.382  165.165   83.505 -166.970  -49.803   88.312   28.748  117.649  -22.000    0.343573   -1.375312   -0.575177   -0.864358   -1.654732   -1.472597   -1.841770   -0.676251   -1.224860   21.216   27.945  -14.022 S_000007
   8 N  -149.034  -81.925  172.404  146.046 -150.679 -107.126  111.344  -35.048  155.162  147.404    0.332662   -0.192882   -1.475955   -0.792373   -1.116447   -1.928530   -1.935508   -0.712398   -1.199196   25.108   31.913  -17.867 S_000007
   9 P  -102.406 -166.243   25.602  149.414 -129.707 -175.148   90.395  -38.815  161.000   21.044    0.320198   -0.168655   -1.478454   -0.768921   -1.159934   -1.866854   -1.930844   -0.727877   -1.191024   29.156   34.705  -22.918 S_000007
  10 P  -154.050  145.148  124.520   89.904 -156.931 -129.437   98.571   22.752  116.377   53.243    0.366115   -1.304268   -0.738772   -0.890164   -1.596323   -1.568220   -1.925176   -0.727709   -1.180955   31.847   40.063  -26.100 S_000007
  11 N  -107.644  175.426   82.093   87.681 -132.813 -122.073   86.572   32.723   97.857  -95.521    0.410239   -1.228386   -0.684488   -0.690658   -1.412545   -1.699422   -1.794320   -0.657205   -1.253733   36.434   45.020  -27.714 S_000007
  12 H   136.152 -131.603 -168.228  102.933    0.000    0.000   76.527   23.920  100.318  174.322    0.362595   -1.127287   -0.956620   -0.841606   -1.277956   -1.861953   -1.927339   -0.640562   -1.234637   37.893   49.992  -31.825 S_000007
SCORE:    11.528                 11.528          0          0          0    S_000008
   1 H     0.000  170.252   55.279  154.316  -87.383  121.204  109.599  -38.659  154.891 -122.446    0.319178   -0.048777   -1.489550   -0.765467   -1.002175   -1.985105   -1.911969   -0.716839   -1.204007    3.794    0.984    0.238 S_000008
   2 P  -154.331 -177.143   57.870   84.093 -152.428  -75.405   87.059   37.473   94.218  169.624    0.324774   -1.359024   -0.596895   -0.774896   -1.488671   -1.650325   -1.865802   -0.690115   -1.225501    8.219    4.528   -0.579 S_000008
   3 P    69.065  148.258   61.008  143.351 -152.468 -173.839  -36.031  -32.620  153.760  -38.466    0.355883   -0.282450   -1.458156   -0.797587   -1.187713   -1.889374   -1.939496   -0.751429   -1.176510   13.680    2.921    1.796 S_000008
   4 P    68.538  167.213 -173.924   83.974 -172.672  -89.084  109.402   36.411   93.428  -17.431    0.327762   -1.350952   -0.618290   -0.783060   -1.493810   -1.662168   -1.884309   -0.717844   -1.208533   18.368    4.012    6.643 S_000008
   5 N  -178.810  153.055  135.770  106.704 -138.327 -112.358  127.377   22.478   87.323  -11.418    0.409131   -0.973460   -1.098711   -0.809248   -1.028300   -2.013690   -1.923910   -0.665663   -1.225656   24.832    4.170    9.067 S_000008
   6 N   -56.242  153.978   73.770  143.307  -64.114 -150.572   93.283  -33.396  151.190  -50.064    0.346664   -0.307654   -1.452388   -0.793983   -1.232638   -1.858935   -1.934948   -0.784899   -1.156824   29.601    3.916   13.167 S_000008
   7 P   -62.475 -176.348   69.107  119.999 -164.259 -105.060  105.218  -11.541  141.399  111.919    0.438325   -0.704415   -1.281096   -0.855996   -1.329138   -1.799881   -1.941660   -0.687316   -1.191323   34.055    5.082   18.143 S_000008
   8 P   154.785  148.880   62.755  143.221 -118.428  172.337   94.118  -32.342  157.772   32.106    0.346938   -0.351961   -1.445871   -0.812180   -1.268003   -1.828910   -1.947184   -0.738139   -1.184255   39.029    9.461   20.819 S_000008
   9 P    89.781 -178.885  175.219  140.023 -113.525  -86.651  125.936  -29.763  145.297   42.695    0.361226   -0.247789   -1.455288   -0.810444   -1.079188   -1.951630   -1.936185   -0.695753   -1.196885   45.502    8.921   22.940 S_000008
  10 P   -55.002 -122.462   77.729   98.964   67.451  134.511  140.163  -20.484  145.397   64.960    0.441436   -0.559352   -1.351141   -0.802300   -1.318087   -1.817548   -1.926555   -0.722009   -1.195924   50.665    7.482   27.104 S_000008
  11 P   166.345  136.515  176.959   87.298 -141.961  -85.985   88.233   36.289   90.829  -13.741    0.336751   -1.319590   -0.670557   -0.773868   -1.420417   -1.716763   -1.889689   -0.708570   -1.210282   57.162    9.410   28.405 S_000008
  12 H  -176.336  160.339  165.499   82.030    0.000    0.000   82.019   41.835   87.317  -27.649    0.303477   -1.367043   -0.591905   -0.736163   -1.427049   -1.708795   -1.855158   -0.673667   -1.250529   62.149   10.290   33.345 S_000008
SCORE:    12.027                 12.027          0          0          3    S_000009
   1 H     0.000  170.252   55.279   83.744 -142.948 -102.091   81.470   31.424  101.716  179.920    0.358881   -1.315188   -0.676791   -0.804297   -1.494581   -1.643307   -1.880857   -0.694704   -1.211132    3.794    0.984    0.238 S_000009
   2 P  -107.827   88.551  161.850   87.760 -119.121  -87.161   59.177   35.817   89.406  -26.893    0.352008   -1.281211   -0.731976   -0.755603   -1.340545   -1.770651   -1.876912   -0.690033   -1.213694    7.799    1.173   -4.123 S_000009
   3 P  -105.308   88.428  173.781   81.703 -135.206  -62.142   59.644   38.098   90.763   74.845    0.339308   -1.347252   -0.616241   -0.748066   -1.455875   -1.684281   -1.862059   -0.700408   -1.227937   10.549    5.096   -7.708 S_000009
   4 P   165.278  167.371  175.594   83.822 -158.281  -75.127   89.459   36.330   91.172 -137.030    0.339110   -1.327173   -0.662258   -0.772025   -1.433257   -1.708364   -1.881501   -0.696938   -1.221572   12.576   10.566  -11.090 S_000009
   5 P  -172.604  161.126  159.864  155.138 -101.607 -139.360  -48.863  -40.948  155.621   78.591    0.319081    0.026124   -1.484098   -0.731166   -0.944630   -1.986654   -1.887978   -0.700564   -1.211859   15.785   15.299  -14.904 S_000009
   6 N   137.587 -170.533 -171.519   94.799 -145.911  -66.460   70.720   36.799   89.486  -16.397    0.343215   -1.223738   -0.846956   -0.763254   -1.164451   -1.899283   -1.893385   -0.551026   -1.273253   19.313   20.555  -18.267 S_000009
   7 N  -148.022  144.508 -177.617   93.488 -141.099  -71.036   13.511   23.881  123.218   -7.754    0.352280   -1.397577   -0.511532   -0.899902   -1.787483   -1.297851   -1.871512   -0.779200   -1.153331   21.677   24.804  -22.878 S_000009
   8 N   -82.271  172.114   71.616   80.521 -160.375  -99.196   70.829   44.016   88.946  179.870    0.249433   -1.421755   -0.466358   -0.764929   -1.531784   -1.596253   -1.827971   -0.670077   -1.241417   24.589   29.560  -25.965 S_000009
   9 N   -62.385  146.575   71.050  138.050 -150.729  112.687  116.275  -26.526  157.234  179.897    0.423974   -0.228607   -1.434395   -0.777371   -0.989544   -1.972678   -1.908492   -0.642836   -1.225042   27.006   33.364  -29.698 S_000009
  10 P   153.576 -137.498 -175.281   83.857 -102.787 -103.937   50.086   29.192  107.047  -14.087    0.360236   -1.330018   -0.656551   -0.827896   -1.577528   -1.591584   -1.886986   -0.727617   -1.202004   31.102   37.851  -32.082 S_000009
  11 P   -82.065 -169.133  159.105  130.152 -118.962 -131.679  102.280  -28.889  151.726  167.282    0.365724   -0.408328   -1.424356   -0.816562   -1.273284   -1.838067   -1.942577   -0.701107   -1.207967   32.983   44.357  -33.850 S_000009
  12 H    65.131 -159.275   56.711   87.011    0.000    0.000   55.234   38.095   88.749 -125.657    0.316486   -1.326878   -0.666538   -0.777978   -1.387222   -1.733395   -1.891901   -0.688074   -1.221361   35.550   50.365  -33.214 S_000009
SCORE:    12.012                 12.012          0          0          3    S_000010
   1 H     0.000  170.252   55.279   79.018 -155.902 -117.977   61.746   45.917   80.643  179.894    0.284812   -1.415559   -0.506387   -0.701638   -1.435887   -1.659726   -1.873313   -0.781043   -1.187363    3.794    0.984    0.238 S_000010
   2 N  -112.916   73.047  155.670   92.860 -171.372  -82.453   65.163   35.655   85.492  -66.299    0.336241   -1.240374   -0.823639   -0.780957   -1.230774   -1.863275   -1.920568   -0.732246   -1.190282    6.522    2.060   -4.830 S_000010
   3 P   161.412 -125.331  164.582   82.946 -111.459  -64.577   56.588   36.038   96.548  -15.222    0.329756   -1.361342   -0.595950   -0.790617   -1.517607   -1.628945   -1.873966   -0.701674   -1.215306    8.872    7.257   -7.403 S_000010
   4 P   -40.354 -158.817   49.644  128.615 -179.467  167.792  161.168  -26.483  154.594   35.551    0.411607   -0.223169   -1.457199   -0.800461   -0.980869   -1.992723   -1.933841   -0.715384   -1.197698   13.735   10.267   -9.974 S_000010
   5 P  -170.257 -176.118  168.457  154.693  -96.790  -77.772  166.626  -41.004  158.432  -92.486    0.301209   -0.017468   -1.492097   -0.757842   -1.009016   -1.965277   -1.908312   -0.715882   -1.203518   16.494   16.516  -12.381 S_000010
   6 P   -61.653  158.780  111.392  131.953 -117.165 -124.089  113.393  -34.124  172.369  170.567    0.367177   -0.534770   -1.378991   -0.795747   -1.498249   -1.528004   -1.900206   -0.681102   -1.220799   17.272   21.533  -15.842 S_000010
   7 P   -46.848  173.047   58.649   81.616 -147.491 -113.650   75.970   26.460  116.195   -7.778    0.343969   -1.397167   -0.529892   -0.885376   -1.751831   -1.377590   -1.858804   -0.747387   -1.189903   18.444   26.046  -20.638 S_000010
   8 P   107.645  177.113 -151.446  121.171 -147.326  -97.859   90.040   -9.304  132.582 -149.400    0.420710   -0.720589   -1.277335   -0.858548   -1.316539   -1.850888   -1.956492   -0.719478   -1.189242   22.453   30.817  -23.457 S_000010
   9 P   -63.902  173.944   56.460   84.443 -151.477  -57.718   74.361   37.797   93.037  -16.382    0.317485   -1.372453   -0.579091   -0.778147   -1.512645   -1.635006   -1.871366   -0.709600   -1.217062   25.301   36.062  -25.960 S_000010
  10 P  -112.908   84.497  170.464   87.540 -125.413  -77.907   63.669   39.166   84.620  -18.286    0.329033   -1.302810   -0.708279   -0.747225   -1.310337   -1.791840   -1.895668   -0.719297   -1.206481   27.711   41.186  -26.263 S_000010
  11 P  -165.123  123.315  171.991   87.033 -153.571  -59.887   73.452   35.136   95.198   -8.374    0.331756   -1.337775   -0.632899   -0.796073   -1.488319   -1.658809   -1.881383   -0.691431   -1.212719   30.918   46.750  -28.988 S_000010
  12 H   -49.198  171.628   39.662   76.729    0.000    0.000   87.692   37.232   90.035  -20.466    0.283681   -1.457642   -0.400689   -0.823264   -1.716216   -1.404086   -1.892281   -0.846417   -1.031324   32.954   51.372  -31.774 S_000010
