SEQUENCE: gaaaaaaaaaag
SCORE:     score    rna_stub_coord_hack       N_WC      N_NWC       N_BS description
REMARK RNA 
SCORE:     7.195                  7.195          0          3          0    S_000001
   1 H     0.000  170.252   55.279   86.995 -146.264  -51.932   65.127   32.174  102.815  -16.843    0.354330   -1.326434   -0.646858   -0.795268   -1.519529   -1.621592   -1.859725   -0.667841   -1.228645    3.794    0.984    0.238 S_000001
   2 P    54.297   79.634 -157.437  110.449 -150.894 -130.444  161.750  -18.691  141.260 -111.196    0.491299   -0.334273   -1.403467   -0.736224   -0.973991   -2.034118   -1.894711   -0.652094   -1.256286    4.064   -3.177   -2.294 S_000001
   3 N   116.652 -120.299 -166.532   83.340 -100.624 -107.523   46.228   39.220   89.655  -23.998    0.322294   -1.359161   -0.601360   -0.755425   -1.453999   -1.682435   -1.865651   -0.692554   -1.228649   -1.167   -5.691   -0.292 S_000001
   4 N  -175.101 -147.674  159.572  141.718  176.133  146.872   62.364  -31.811 -103.226   76.911    0.331832   -0.177856   -1.485199   -0.843536   -1.029654   -1.962328   -1.977627   -0.691472   -1.204184   -5.895   -8.642    3.933 S_000001
   5 P   156.238 -179.304  175.189   84.171 -131.747  -78.081   61.660   33.664   96.247  -22.960    0.339854   -1.342789   -0.627972   -0.797072   -1.523909   -1.623702   -1.875191   -0.725767   -1.201238  -11.148  -11.795    7.685 S_000001
   6 P   -80.038  176.179   50.143  140.545 -121.983  142.556  107.539  -32.297  155.179 -171.391    0.337627   -0.341992   -1.448902   -0.822973   -1.251736   -1.833691   -1.956174   -0.751793   -1.167097  -15.258  -15.015   11.643 S_000001
   7 P   126.730 -151.156  169.406   82.722 -121.196  -64.617   48.446   37.045   90.033  -25.474    0.337254   -1.329663   -0.659057   -0.765699   -1.425641   -1.716399   -1.883528   -0.694052   -1.224653  -19.116  -18.260   15.750 S_000001
   8 P   -67.236  -69.075 -153.222   75.027 -174.504  -88.660  157.945   40.130  102.688  -15.792    0.275663   -1.457982   -0.342026   -0.800253   -1.719347   -1.397196   -1.772281   -0.700243   -1.246714  -21.848  -21.878   20.211 S_000001
   9 P   161.921 -139.165  171.084  140.378 -102.348  161.473  147.689  -28.420  150.366   21.418    0.399046   -0.297674   -1.438023   -0.785233   -1.122437   -1.922316   -1.917220   -0.695077   -1.203103  -25.566  -25.220   24.199 S_000001
  10 P   156.353 -133.222  164.035   85.022 -132.078  -70.133   56.405   35.699   92.955  -23.381    0.337490   -1.334670   -0.638481   -0.784103   -1.465449   -1.671942   -1.879859   -0.693833   -1.214504  -27.417  -26.421   30.724 S_000001
  11 P   145.834  169.864  160.515  116.771 -150.825  -95.969  116.851    6.639  112.778  -49.780    0.428419   -0.827735   -1.201961   -0.850477   -1.142936   -1.957796   -1.955336   -0.681649   -1.210816  -30.384  -30.497   35.170 S_000001
  12 H    60.812  -96.782 -167.277   85.923    0.000    0.000   60.258   37.344   90.808  -20.073    0.342017   -1.355458   -0.597493   -0.745365   -1.504973   -1.652351   -1.855362   -0.745855   -1.195954  -34.739  -31.765   36.107 S_000001
SCORE:     7.054                  7.054          0          0          3    S_000002
   1 H     0.000  170.252   55.279   78.803 -168.269  -56.211   76.521   37.588   95.748  -17.404    0.305023   -1.405803   -0.491870   -0.790051   -1.618102   -1.529947   -1.853995   -0.753025   -1.194332    3.794    0.984    0.238 S_000002
   2 N    43.413  133.728 -164.932  112.303  -75.341  -87.824  104.327   -0.092  143.684    2.163    0.436351   -1.058659   -1.019291   -0.885703   -1.601131   -1.538295   -1.934047   -0.734543   -1.178331    7.021   -3.086   -1.323 S_000002
   3 P   178.953  121.420   60.039  137.761  -89.783  162.171   95.568  -36.201  164.047  -85.504    0.329547   -0.376318   -1.443259   -0.795164   -1.365299   -1.724089   -1.935867   -0.737984   -1.183291    1.656   -5.622    1.952 S_000002
   4 P    95.862 -150.045 -177.753  145.463 -163.746 -130.631  132.028  -25.964  134.716  -54.064    0.372792   -0.139680   -1.476267   -0.836576   -0.849905   -2.078892   -1.921957   -0.718372   -1.188673   -1.771   -7.468    7.106 S_000002
   5 P  -176.305  137.307  171.043   85.565 -130.646 -105.768   74.681   34.485   99.287   -2.152    0.332425   -1.340365   -0.638706   -0.805513   -1.489131   -1.649123   -1.873865   -0.673556   -1.222220   -6.451  -11.517   10.782 S_000002
   6 P  -173.910 -150.992  149.500  127.998 -128.911 -142.558   91.482   -6.193  136.127   15.787    0.408280   -0.788743   -1.262842   -0.923571   -1.317920   -1.806812   -1.984235   -0.740556   -1.116661   -9.986  -14.341   16.288 S_000002
   7 P   -66.697  179.285   43.251   82.738  177.185  -61.691   99.279   41.689   86.399  -80.174    0.296939   -1.371338   -0.576561   -0.745777   -1.436146   -1.684224   -1.859221   -0.671256   -1.237746  -13.777  -17.852   20.688 S_000002
   8 P  -126.250  106.011  168.977   85.439 -139.330  -69.420   50.139   35.086   94.746  179.888    0.323314   -1.344139   -0.631905   -0.807581   -1.496027   -1.655632   -1.891815   -0.714598   -1.199423  -16.565  -19.955   25.212 S_000002
   9 N   -65.039  171.573   53.046   81.400 -143.585  -78.904   66.889   39.532   90.471  179.877    0.301777   -1.388685   -0.541789   -0.775771   -1.522205   -1.620210   -1.864067   -0.706234   -1.221271  -21.613  -22.598   27.608 S_000002
  10 P  -145.272  107.505  161.174   94.670  147.437  143.710   84.320   28.447   90.169 -113.690    0.361024   -1.094483   -0.996074   -0.845065   -1.073377   -1.943138   -1.954076   -0.689021   -1.181845  -24.848  -25.402   32.717 S_000002
  11 P  -166.898   57.415  164.201   84.573 -140.977  -65.616   66.700   35.291   96.775  -22.631    0.321818   -1.367659   -0.593412   -0.810656   -1.539393   -1.613780   -1.888899   -0.719215   -1.201128  -28.145  -27.347   38.168 S_000002
  12 H   -56.346  154.324   64.308   77.518    0.000    0.000   62.133   38.812   99.047  179.917    0.298677   -1.437012   -0.405640   -0.786998   -1.685804   -1.451474   -1.815512   -0.735957   -1.215323  -29.085  -30.693   42.716 S_000002
SCORE:     7.827                  7.827          0          0          4    S_000003
   1 H     0.000  170.252   55.279  147.410  -79.692  -92.415  155.793  -33.026  148.958  112.077    0.329342   -0.157336   -1.483443   -0.822487   -1.028961   -1.984712   -1.943033   -0.683004   -1.209765    3.794    0.984    0.238 S_000003
   2 N    44.255  142.562 -171.866   81.497 -122.153  -93.933   64.181   30.088  110.321  -99.582    0.340136   -1.391410   -0.537084   -0.844892   -1.690597   -1.454274   -1.832136   -0.704795   -1.218467    5.252   -0.243   -5.287 S_000003
   3 N  -173.124   78.055  146.836   78.999 -161.137  -61.152  -76.373   37.422   95.813    9.915    0.312401   -1.397380   -0.528472   -0.795907   -1.576124   -1.573417   -1.876411   -0.738611   -1.195916   -1.437   -2.007   -5.474 S_000003
   4 P   -84.025  166.594   73.067   79.911 -179.348 -123.417   89.779   35.188   98.120  -15.624    0.325054   -1.374806   -0.576496   -0.804974   -1.563205   -1.591934   -1.872365   -0.723717   -1.206138   -7.427   -1.915   -5.674 S_000003
   5 N   101.183  179.395 -136.007   88.364 -113.672 -109.671   76.548   31.386   96.188  179.898    0.376241   -1.268439   -0.751079   -0.780356   -1.411094   -1.739953   -1.889926   -0.708547   -1.214104  -13.740   -0.731   -6.739 S_000003
   6 P    47.769  150.139   36.028  145.518 -168.033  115.231  138.341  -35.713  153.356 -113.488    0.316190   -0.177928   -1.480656   -0.816003   -1.115336   -1.921217   -1.944558   -0.734390   -1.181420  -18.677   -0.114  -10.945 S_000003
   7 N   162.851 -174.181  174.872   89.117 -135.686  -80.471   74.982   34.691   91.621  -18.571    0.348335   -1.303500   -0.710850   -0.781973   -1.406205   -1.739385   -1.894539   -0.695738   -1.212818  -25.394   -0.514   -9.681 S_000003
   8 P   -61.061  169.946   54.747   89.392 -131.296  -84.490  121.262   37.202   90.444 -136.159    0.329983   -1.301770   -0.703361   -0.772941   -1.353167   -1.763032   -1.881437   -0.644353   -1.244623  -31.444   -0.680   -7.944 S_000003
   9 P   -56.602  169.819   59.880  148.016 -135.011  178.478  120.148  -32.889  143.708  -19.080    0.344597   -0.101549   -1.481717   -0.800183   -0.950280   -2.028627   -1.919452   -0.736545   -1.187799  -37.348   -1.811   -9.942 S_000003
  10 P  -163.415 -164.775  171.520   87.292 -173.272  -90.210   95.538   33.873  101.998   69.427    0.333059   -1.348368   -0.630589   -0.813263   -1.521104   -1.634527   -1.885456   -0.693273   -1.220867  -44.070   -2.726  -12.351 S_000003
  11 P   164.307 -156.278 -179.739  140.352 -106.303  -67.596  103.271  -31.578  152.669  167.547    0.355031   -0.298246   -1.455062   -0.807014   -1.184763   -1.890310   -1.940458   -0.730965   -1.183142  -50.519   -2.361  -13.636 S_000003
  12 H   137.511  105.818 -170.056  143.468    0.000    0.000  162.919  -34.522  158.031  172.645    0.339539   -0.224698   -1.468606   -0.797681   -1.151512   -1.905019   -1.940115   -0.715725   -1.197835  -57.056   -1.629  -12.562 S_000003
SCORE:     7.329                  7.329          0          0          2    S_000004
   1 H     0.000  170.252   55.279   80.420 -120.151  -72.941   67.691   43.940   85.916  -20.483    0.291530   -1.410330   -0.472813   -0.726512   -1.510500   -1.611099   -1.837006   -0.719457   -1.217576    3.794    0.984    0.238 S_000004
   2 N   135.297 -148.668   99.748  145.074 -141.818  -68.009   89.016  -36.583  159.399 -145.270    0.324612   -0.296989   -1.452240   -0.781720   -1.275486   -1.804630   -1.933237   -0.772859   -1.158471    4.972   -3.757   -3.369 S_000004
   3 N  -178.810  153.055  135.770  106.704 -138.327 -112.358  127.377   22.478   87.323  -11.418    0.409131   -0.973460   -1.098711   -0.809248   -1.028300   -2.013690   -1.923910   -0.665663   -1.225656    2.708   -6.933    2.335 S_000004
   4 P   -97.972 -152.339   81.706  124.769 -146.581  162.724  125.829  -16.565  146.909   34.182    0.440902   -0.620888   -1.321854   -0.837849   -1.312903   -1.792966   -1.931445   -0.672971   -1.201510   -1.042   -8.331    8.320 S_000004
   5 P    92.790 -131.652 -169.726   85.409 -153.264  -70.781   60.740   30.905  110.617   -3.839    0.360602   -1.345547   -0.609216   -0.812863   -1.584897   -1.561908   -1.862424   -0.686320   -1.225134   -4.331  -11.287   12.520 S_000004
   6 P   -95.121 -129.353   60.981  106.909 -165.428 -132.511  130.743   32.467  100.644  169.513    0.345435   -1.188909   -0.859777   -0.802949   -1.206795   -1.858313   -1.888882   -0.501475   -1.304058   -6.425  -13.416   18.786 S_000004
   7 N  -148.162  164.915  118.385  145.355 -109.323 -178.043  158.161  -25.949  134.973  153.436    0.357113   -0.162484   -1.477571   -0.854725   -0.883260   -2.080780   -1.943630   -0.688761   -1.201220  -11.669  -16.589   22.368 S_000004
   8 N  -124.162  177.879   99.083   89.862 -134.439  -74.075   66.594   36.873   88.482  -14.987    0.319523   -1.311017   -0.709199   -0.784818   -1.367833   -1.759031   -1.908571   -0.711998   -1.202804  -14.756  -21.381   26.055 S_000004
   9 P  -133.435  121.623  159.513   84.107 -132.282  -83.506   67.169   34.547   94.201  -27.447    0.328492   -1.348144   -0.633645   -0.807308   -1.509568   -1.647897   -1.897709   -0.723428   -1.200444  -19.618  -25.200   28.240 S_000004
  10 N   -64.699  147.592   42.708  144.326 -121.937  149.063  111.286  -33.988  149.157   16.091    0.337601   -0.166138   -1.474106   -0.798394   -1.061037   -1.963106   -1.929577   -0.720623   -1.192276  -22.893  -29.375   31.087 S_000004
  11 N   154.453 -138.292  168.142   87.170  -91.684 -131.245   70.959   30.507  104.033  -13.126    0.352127   -1.329675   -0.667614   -0.827063   -1.539136   -1.622829   -1.893458   -0.701079   -1.209808  -26.796  -32.327   35.808 S_000004
  12 H   -61.376 -179.632   42.567   79.011    0.000    0.000   96.752   38.713   89.207  -19.425    0.305027   -1.395099   -0.538150   -0.780689   -1.554209   -1.604851   -1.892459   -0.788691   -1.175966  -30.972  -37.343   37.964 S_000004
SCORE:     7.005                  7.005          0          0          0    S_000005
   1 H     0.000  170.252   55.279   83.241    0.000    0.000   80.376   53.521   77.574  179.891    0.178377   -1.427860   -0.481481   -0.679632   -1.357955   -1.729841   -1.849110   -0.702829   -1.239279    3.794    0.984    0.238 S_000005
   2 P   -34.343 -155.396  137.374  146.406  -75.364 -124.013  126.838  -35.241  155.747   40.514    0.326083   -0.175199   -1.476516   -0.805324   -1.100787   -1.931037   -1.947333   -0.704399   -1.195278    1.983    2.564    0.675 S_000005
   3 P  -122.416 -162.247   61.004   85.592  169.934  -92.697  103.631   24.647  122.983  -18.284    0.346302   -1.353110   -0.620505   -0.901832   -1.671700   -1.453064   -1.868023   -0.683506   -1.222104   -2.874   -0.165    5.082 S_000005
   4 P   178.953  121.420   60.039  137.761  -89.783  162.171   95.568  -36.201  164.047  -85.504    0.329547   -0.376318   -1.443259   -0.795164   -1.365299   -1.724089   -1.935867   -0.737984   -1.183291   -3.491   -5.744    8.962 S_000005
   5 P    74.240 -128.552 -161.187   83.237 -118.534  -95.836   73.351   48.189   83.011  -22.390    0.235106   -1.426428   -0.474475   -0.716910   -1.454230   -1.665172   -1.827346   -0.670866   -1.245725   -6.744   -7.819   13.472 S_000005
   6 P   -40.354 -158.817   49.644  128.615 -179.467  167.792  161.168  -26.483  154.594   35.551    0.411607   -0.223169   -1.457199   -0.800461   -0.980869   -1.992723   -1.933841   -0.715384   -1.197698   -9.943  -10.118   18.876 S_000005
   7 P   105.521  156.804  148.628  159.247 -128.125 -110.056   82.304  -40.995  149.473 -171.489    0.270028    0.135892   -1.494581   -0.790297   -0.798343   -2.074916   -1.911233   -0.674598   -1.221385  -13.235  -15.661   21.956 S_000005
   8 P   -79.168 -124.694   51.623  146.123 -125.783 -149.640  160.856  -38.016  162.276  139.327    0.324545   -0.269269   -1.465500   -0.773459   -1.272864   -1.808773   -1.927933   -0.748816   -1.185459  -13.852  -20.485   27.144 S_000005
   9 N   167.952 -167.959  154.203  145.211 -155.376 -167.633   19.536  -32.174  148.043  -55.599    0.332777   -0.133501   -1.484945   -0.828850   -0.980089   -2.013944   -1.953344   -0.695714   -1.205944  -19.776  -22.605   30.890 S_000005
  10 P  -155.146 -150.820  117.921   86.113 -130.582 -148.643   67.544   32.888  102.779 -102.425    0.346919   -1.363914   -0.563645   -0.802385   -1.605565   -1.541881   -1.842961   -0.706156   -1.218029  -25.115  -25.034   35.305 S_000005
  11 P  -175.081  177.888   61.143  152.701 -105.799  170.478  100.743  -40.258  159.966  -51.450    0.305816   -0.136048   -1.487621   -0.761982   -1.147414   -1.893800   -1.920368   -0.739943   -1.195843  -32.248  -26.706   35.718 S_000005
  12 H   -58.587  161.368   49.220   79.800    0.000    0.000   82.006   41.015   93.393  -16.659    0.287747   -1.427602   -0.423682   -0.768868   -1.613202   -1.503480   -1.819363   -0.707145   -1.226802  -37.467  -28.592   38.083 S_000005
SCORE:     7.739                  7.739          0          0          1    S_000006
   1 H     0.000  170.252   55.279   86.894 -110.004  -70.931  -60.899   29.176  103.655   -5.616    0.327895   -1.340808   -0.659371   -0.865635   -1.581853   -1.586663   -1.906697   -0.704271   -1.204943    3.794    0.984    0.238 S_000006
   2 P    54.897  114.810 -176.118   89.087 -127.389 -121.341  116.230   20.389  126.500   17.806    0.361788   -1.368244   -0.600732   -0.917700   -1.769895   -1.345613   -1.864720   -0.741612   -1.186574    3.417   -3.193   -3.278 S_000006
   3 P   -82.977  163.598   69.177   82.629 -159.761  -70.212   79.289   38.370   87.561  167.899    0.319264   -1.363465   -0.596303   -0.768813   -1.472471   -1.658587   -1.877937   -0.737559   -1.194105   -1.566   -5.829    0.441 S_000006
   4 P  -159.952   80.325  162.537   89.137 -117.568  -65.643   68.835   39.077   87.047  -21.502    0.388049   -1.273983   -0.701690   -0.674314   -1.300879   -1.800380   -1.848808   -0.696068   -1.214165   -4.337   -8.795    5.755 S_000006
   5 P   -53.263  -84.013  179.931  121.234 -143.667 -130.098   47.916  -25.284  165.035  136.041    0.390724   -0.706993   -1.308555   -0.850770   -1.556537   -1.535396   -1.919063   -0.699958   -1.200243   -6.234  -11.670   11.038 S_000006
   6 N   -60.558  170.853   49.203   82.299 -116.163 -127.446   85.340   33.076  100.157 -144.458    0.343700   -1.351779   -0.613674   -0.811066   -1.550168   -1.603582   -1.879033   -0.718110   -1.200928   -9.487  -13.743   16.388 S_000006
   7 P   -39.399  168.770   55.356  142.140 -142.741  175.589  120.987  -35.450  159.437  -98.096    0.330665   -0.302125   -1.453233   -0.794861   -1.264725   -1.819140   -1.936530   -0.724980   -1.198310  -14.887  -16.566   18.983 S_000006
   8 N  -178.810  153.055  135.770  106.704 -138.327 -112.358  127.377   22.478   87.323  -11.418    0.409131   -0.973460   -1.098711   -0.809248   -1.028300   -2.013690   -1.923910   -0.665663   -1.225656  -18.876  -21.878   21.351 S_000006
   9 P   -84.282  173.509   67.304   79.726 -161.623  -72.219   83.806   39.709   89.194  -24.372    0.317543   -1.371292   -0.583558   -0.752345   -1.459653   -1.660192   -1.838323   -0.672066   -1.238103  -22.069  -27.181   24.179 S_000006
  10 N   -66.247 -162.221   42.623   85.395 -172.862  -83.391  109.607   31.892   96.356  -67.037    0.361456   -1.297285   -0.714693   -0.799200   -1.446982   -1.700414   -1.889700   -0.697914   -1.214421  -26.948  -30.516   26.594 S_000006
  11 P   168.935  130.259   53.295  151.687 -105.787  158.269   99.642  -39.457  164.899  -78.284    0.311456   -0.213025   -1.473525   -0.773267   -1.229982   -1.822240   -1.928139   -0.719157   -1.203908  -33.498  -32.877   26.336 S_000006
  12 H   -76.229  174.699   55.185   80.553    0.000    0.000   77.323   41.607   93.453  163.659    0.275167   -1.417335   -0.444604   -0.778773   -1.580266   -1.542300   -1.828455   -0.694794   -1.231056  -38.771  -34.464   28.612 S_000006
SCORE:     6.494                  6.494          0          0          2    S_000007
   1 H     0.000  170.252   55.279  109.791  -86.031  -28.716   97.324   -4.072  154.605    3.658    0.432992   -1.060617   -0.993306   -0.892079   -1.672394   -1.421786   -1.913007   -0.735767   -1.171156    3.794    0.984    0.238 S_000007
   2 P   139.901 -101.394 -178.561  141.920 -123.942 -144.089   80.191  -30.931  156.102   31.126    0.358691   -0.354753   -1.434289   -0.818117   -1.244867   -1.828128   -1.948415   -0.714488   -1.176518    1.332    1.118   -2.841 S_000007
   3 P   -52.902 -179.430   55.756  131.991 -105.786  168.543  117.329  -23.333  147.020  164.868    0.436199   -0.310214   -1.426061   -0.789518   -1.035502   -1.975489   -1.915962   -0.738496   -1.194202   -5.100    0.789   -0.904 S_000007
   4 P   164.423 -126.231  176.251   91.863 -148.152  -95.447   90.726   36.141   94.787  -18.747    0.308216   -1.335123   -0.633984   -0.806988   -1.469271   -1.673926   -1.899392   -0.725780   -1.196649  -10.459   -3.298    0.967 S_000007
   5 P   -57.485  160.139   75.855  150.070 -129.358 -140.723  124.656  -40.385  156.749  145.069    0.321419   -0.067867   -1.491898   -0.742948   -1.064012   -1.946365   -1.896169   -0.757348   -1.185391  -15.347   -6.212    3.349 S_000007
   6 N   -73.106  173.018   60.284   86.461 -130.828  -71.586   90.322   37.543   91.976  -21.799    0.308478   -1.348467   -0.641022   -0.798752   -1.436589   -1.697408   -1.885576   -0.663565   -1.236914  -21.734   -8.428    3.665 S_000007
   7 P  -105.944   79.589  161.193   85.074 -116.481  -62.519   56.919   38.967   88.779  -13.963    0.319856   -1.339057   -0.648275   -0.762437   -1.405967   -1.732101   -1.883879   -0.701720   -1.230324  -26.163  -11.099    6.249 S_000007
   8 N   -95.425 -155.406   77.947   78.499 -154.163 -122.653  107.035   36.958  102.556  165.680    0.427752   -1.322176   -0.584372   -0.619659   -1.490434   -1.618431   -1.705002   -0.657488   -1.286959  -31.556  -14.667    8.097 S_000007
   9 P   -73.688  154.833   59.185  146.485 -111.162  175.140  119.829  -32.346  150.459   20.864    0.348829   -0.220202   -1.465450   -0.808985   -1.098138   -1.929436   -1.939839   -0.717382   -1.183677  -36.511  -16.060   11.811 S_000007
  10 P  -167.390 -149.332 -175.885   83.913  150.756  -95.707   89.836   13.877  138.649  -67.152    0.381778   -1.320424   -0.720395   -0.934930   -1.755559   -1.364770   -1.895981   -0.755930   -1.161822  -42.303  -18.459   15.218 S_000007
  11 P   153.134 -176.131 -168.283   83.492 -118.890  -66.177   67.461   38.394   89.625  -18.496    0.319998   -1.353212   -0.614840   -0.763246   -1.461117   -1.684625   -1.868510   -0.708740   -1.214862  -47.686  -21.248   14.040 S_000007
  12 H   -63.473  178.078   50.022   79.704    0.000    0.000   76.372   39.926   93.416  179.899    0.303697   -1.397727   -0.505898   -0.768730   -1.548925   -1.586669   -1.845442   -0.693269   -1.231875  -52.827  -24.765   14.814 S_000007
SCORE:     7.554                  7.554          0          0          4    S_000008
   1 H     0.000  170.252   55.279   82.030 -164.659  -29.112   82.019   41.835   87.317  -27.649    0.303477   -1.367043   -0.591905   -0.736163   -1.427049   -1.708795   -1.855158   -0.673667   -1.250529    3.794    0.984    0.238 S_000008
   2 N   166.787 -167.221   47.978   96.391 -140.090  -81.221   65.087   26.074  102.960  -12.881    0.381375   -1.197689   -0.862531   -0.797624   -1.380794   -1.786639   -1.881513   -0.681575   -1.218677    6.303   -3.995   -2.469 S_000008
   3 P   -78.868  167.798   83.401   76.627 -155.813  -94.543  100.575   38.523   98.136  -30.394    0.299144   -1.414359   -0.476200   -0.789731   -1.615623   -1.527673   -1.849175   -0.734743   -1.210590    3.051   -6.967    2.192 S_000008
   4 P  -162.813  120.226  175.866   82.361 -130.482  -83.501   71.938   31.791  101.509  168.496    0.369909   -1.323004   -0.659604   -0.788295   -1.515888   -1.636180   -1.860290   -0.702304   -1.215513   -1.757   -9.664    6.437 S_000008
   5 P   -55.820  166.608   41.266   84.722 -132.031  -89.348   95.700   36.355   87.707  -22.472    0.335940   -1.316561   -0.683188   -0.775690   -1.401148   -1.728045   -1.888828   -0.705908   -1.211378   -6.517  -12.649    9.222 S_000008
   6 P  -126.179  138.940  177.602  128.870 -175.447  -84.014   96.666  -24.675  144.399   34.291    0.429508   -0.180220   -1.458434   -0.791134   -0.883354   -2.050890   -1.911737   -0.664996   -1.226029  -12.090  -11.630   12.837 S_000008
   7 P   -58.446 -149.202   68.661  151.517  -94.388 -167.491  158.879  -36.566  157.616   66.657    0.314545   -0.058212   -1.465433   -0.758064   -0.951472   -2.024794   -1.934304   -0.600686   -1.266513  -15.418  -13.807   17.800 S_000008
   8 P    62.159  178.988 -170.619  149.965 -103.312 -145.757  126.991  -39.736  164.357  173.689    0.323159   -0.192725   -1.473024   -0.749767   -1.208730   -1.842314   -1.917217   -0.720585   -1.212069  -18.771  -17.778   22.258 S_000008
   9 N    58.613 -128.753 -143.587  112.838 -146.626 -165.066  132.608    4.919  123.114 -145.818    0.403241   -0.926770   -1.129895   -0.886065   -1.342956   -1.835181   -1.955315   -0.670969   -1.215761  -23.218  -20.236   25.735 S_000008
  10 N   163.087  146.437  171.423   86.530 -122.756  -89.393   58.024   30.220  107.185   -5.480    0.342559   -1.360757   -0.605786   -0.843709   -1.609006   -1.540115   -1.865051   -0.695465   -1.212078  -26.897  -24.829   30.045 S_000008
  11 P   -41.673  158.170   55.044   81.767 -165.899  -73.505  104.570   36.703   96.941  -18.394    0.318990   -1.393408   -0.532538   -0.792524   -1.589009   -1.566850   -1.859866   -0.724221   -1.211334  -30.863  -28.351   33.154 S_000008
  12 H     0.000 -139.799   70.912 -285.199    0.000    0.000   83.058   45.485   82.701  179.907    0.223823   -1.454682   -0.401666   -0.798229   -1.574832   -1.567522   -1.905421   -0.771537   -1.194882  -34.339  -30.179   37.031 S_000008
SCORE:     6.764                  6.764          0          3          1    S_000009
   1 H     0.000  170.252   55.279  141.164  -80.259  -37.392  116.352  -34.097  154.296  -99.654    0.328838   -0.229349   -1.465648   -0.814512   -1.147046   -1.900567   -1.949233   -0.704975   -1.195727    3.794    0.984    0.238 S_000009
   2 N    50.231 -139.906 -173.261   80.563 -128.761  -68.167  125.099   40.597   90.771  -27.306    0.328087   -1.376643   -0.551463   -0.736952   -1.470401   -1.647732   -1.861345   -0.717428   -1.217537    2.851   -0.074   -3.639 S_000009
   3 P   -72.247 -173.354   59.778  125.051  -81.563  144.143  114.142  -23.906  154.559  112.729    0.373315   -0.561821   -1.381054   -0.860153   -1.374571   -1.778696   -1.959392   -0.698140   -1.203284   -3.566   -0.971   -3.301 S_000009
   4 P   131.288 -114.875  161.962   88.299 -110.212  -76.836   65.295   30.596   99.884  -16.380    0.368625   -1.284500   -0.732836   -0.806046   -1.443989   -1.701609   -1.900449   -0.696303   -1.204572   -9.883   -0.963   -4.033 S_000009
   5 P  -112.908   84.497  170.464   87.540 -125.413  -77.907   63.669   39.166   84.620  -18.286    0.329033   -1.302810   -0.708279   -0.747225   -1.310337   -1.791840   -1.895668   -0.719297   -1.206481  -15.816   -0.081   -5.042 S_000009
   6 P   -51.879 -171.344   34.321  138.540 -178.769 -102.191  -50.948  -33.221  156.844  145.469    0.332158   -0.297182   -1.459630   -0.819868   -1.216395   -1.867135   -1.953799   -0.741814   -1.177141  -22.098   -1.305   -6.016 S_000009
   7 N   -97.882 -146.927   54.031  112.093   98.474 -107.054  176.448  -19.867  131.423   55.916    0.451797   -0.162717   -1.450996   -0.796636   -0.749221   -2.117024   -1.899862   -0.656788   -1.232684  -28.595    1.003   -6.268 S_000009
   8 P  -168.839  121.189 -176.246   84.421 -162.310  -96.356  108.244   34.304  106.356  -23.636    0.327894   -1.391748   -0.518664   -0.809234   -1.631897   -1.506085   -1.823324   -0.679514   -1.237292  -34.598    1.518   -7.091 S_000009
   9 P   -82.645 -177.969   72.751  145.260 -157.503 -148.229  111.875  -38.545  157.429  -12.075    0.322205   -0.223436   -1.480851   -0.764697   -1.222995   -1.851784   -1.919902   -0.771160   -1.168755  -40.355    2.681  -10.074 S_000009
  10 N   -65.489  179.494   52.051   81.513 -170.443  -54.681   76.856   39.951   91.181  -21.368    0.288332   -1.409396   -0.491804   -0.780156   -1.574652   -1.566007   -1.855217   -0.733625   -1.201362  -46.218    1.810  -13.080 S_000009
  11 P  -177.185 -173.566  155.371  145.456  -98.754  179.352  138.838  -24.197  141.689  170.602    0.366879   -0.185448   -1.467973   -0.847005   -0.869502   -2.069646   -1.938630   -0.653402   -1.218242  -52.686    1.961  -12.392 S_000009
  12 H   -62.630  170.267   49.171   86.218    0.000    0.000   83.036   32.521   97.377  -16.817    0.346736   -1.313988   -0.678036   -0.804097   -1.486133   -1.670326   -1.892020   -0.719492   -1.203731  -57.606   -1.864  -13.308 S_000009
SCORE:     7.349                  7.349          0          2          0    S_000010
   1 H     0.000  170.252   55.279   97.544  -93.995  -43.465   59.599   35.506   83.789  -20.169    0.381567   -1.140706   -0.930765   -0.735621   -1.018063   -1.954006   -1.894571   -0.694294   -1.210381    3.794    0.984    0.238 S_000010
   2 P    92.790 -131.652 -169.726   85.409 -153.264  -70.781   60.740   30.905  110.617   -3.839    0.360602   -1.345547   -0.609216   -0.812863   -1.584897   -1.561908   -1.862424   -0.686320   -1.225134    2.179   -1.998   -2.345 S_000010
   3 P  -110.003  -95.178 -170.804   85.262 -152.851  -73.112   64.455   36.565   94.655  -23.735    0.333988   -1.354956   -0.605888   -0.774081   -1.501600   -1.649669   -1.863825   -0.691328   -1.230508   -4.033   -5.250   -2.585 S_000010
   4 P   -56.713  169.563   63.733  130.198 -145.747 -165.607  105.706  -22.591  147.628  165.119    0.387195   -0.481632   -1.393214   -0.841539   -1.246218   -1.866122   -1.947955   -0.671518   -1.217400   -8.921   -8.720   -2.319 S_000010
   5 N  -148.022  144.508 -177.617   93.488 -141.099  -71.036   13.511   23.881  123.218   -7.754    0.352280   -1.397577   -0.511532   -0.899902   -1.787483   -1.297851   -1.871512   -0.779200   -1.153331  -15.117  -11.399   -1.005 S_000010
   6 N   -71.186 -177.933   60.142   83.647 -134.535  -77.149   76.409   40.777   88.377  -20.750    0.283177   -1.368359   -0.604357   -0.776805   -1.424132   -1.697344   -1.897396   -0.708662   -1.209384  -20.387  -11.697    2.624 S_000010
   7 P   -51.366  159.456   57.860   97.555  162.044 -150.575  116.893   13.664  118.090  -85.317    0.420194   -1.081106   -1.003611   -0.869052   -1.395608   -1.775530   -1.933883   -0.679967   -1.200976  -23.326  -15.290    6.422 S_000010
   8 P   138.275 -159.615 -170.410   75.004 -145.366  -68.236   62.058   40.630   97.171  178.676    0.268294   -1.443452   -0.403226   -0.793807   -1.677579   -1.480927   -1.819617   -0.725120   -1.219220  -27.478  -19.282    9.705 S_000010
   9 P  -132.578  112.156  159.719   83.112 -139.596  -55.743   63.268   39.050   85.758 -170.047    0.307700   -1.343453   -0.643900   -0.775243   -1.385486   -1.708759   -1.884896   -0.676455   -1.222422  -31.627  -23.308   12.388 S_000010
  10 P  -131.963  111.649  148.854   88.026 -136.731  -70.473   74.180   34.837   90.415  169.627    0.331994   -1.285485   -0.749691   -0.802246   -1.347360   -1.777932   -1.920759   -0.695904   -1.206415  -36.530  -25.909   15.290 S_000010
  11 P  -145.987  156.330 -171.280   97.698 -150.657  -84.135   71.724   29.301   97.426  177.190    0.377424   -1.188179   -0.884020   -0.797503   -1.265138   -1.847696   -1.920332   -0.677393   -1.214796  -42.773  -27.845   17.181 S_000010
  12 H   -87.987  179.677   59.154   88.412    0.000    0.000   52.137   37.124   88.672  -78.801    0.324560   -1.317717   -0.683963   -0.781563   -1.384462   -1.739578   -1.898980   -0.698507   -1.216100  -48.558  -26.877   20.233 S_000010
