SEQUENCE: gaaag
SCORE:     score    rna_stub_coord_hack       N_WC      N_NWC       N_BS description
REMARK RNA 
SCORE:     0.001                  0.001          0          0          0    S_000001
   1 H     0.000  170.252   55.279   84.831 -153.110  -67.578   65.210   42.055   87.150  -20.944    0.296415   -1.353835   -0.616872   -0.742772   -1.379489   -1.733103   -1.863401   -0.643355   -1.259963    3.794    0.984    0.238 S_000001
   2 P    59.332  123.206  173.644   79.509 -119.977  -92.496   74.067   34.917  101.654 -179.017    0.321648   -1.392393   -0.521344   -0.804373   -1.623006   -1.517108   -1.846405   -0.739885   -1.195891    6.391   -3.555   -2.342 S_000001
   3 P  -168.621  177.343  175.673   83.981 -130.698  -83.103   86.287   37.126   93.825 -173.520    0.326691   -1.360752   -0.612108   -0.780568   -1.486223   -1.663273   -1.874036   -0.699277   -1.219705    5.433   -7.825    3.265 S_000001
   4 N   -93.208 -151.599  178.379  132.420 -101.165  -85.802  138.901  -30.370  154.732   20.727    0.381112   -0.410735   -1.428252   -0.793470   -1.304807   -1.804322   -1.920785   -0.711684   -1.198013    3.004  -10.327    9.349 S_000001
   5 H   159.977 -160.391  161.957   89.881    0.000    0.000   77.567   33.151   94.120  -19.557    0.348141   -1.299600   -0.709854   -0.803680   -1.425144   -1.713642   -1.913396   -0.712965   -1.196333    1.300  -16.676    9.698 S_000001
SCORE:     0.000                  0.000          0          0          0    S_000002
   1 H     0.000  170.252   55.279   84.216 -153.864  -62.043   69.698   34.576   95.516  179.903    0.331919   -1.343809   -0.633462   -0.801873   -1.504466   -1.648371   -1.899088   -0.723484   -1.200846    3.794    0.984    0.238 S_000002
   2 P    36.037 -174.263 -172.618  103.754 -112.156  -71.814   48.646   28.278   87.337  -13.837    0.391348   -1.030383   -1.052248   -0.798470   -0.978695   -2.011887   -1.927181   -0.699892   -1.202169    7.490   -2.733   -1.454 S_000002
   3 P   177.366  142.836 -177.540   86.392   81.924   89.658  106.666   34.383   91.374   35.384    0.329518   -1.203568   -0.872590   -0.818960   -1.153720   -1.885512   -1.932817   -0.607425   -1.234970    5.968   -6.714    4.007 S_000002
   4 P   113.859 -157.373  166.833   71.640   73.351  110.096  121.651   31.198  118.310   25.286    0.331742   -1.404823   -0.591194   -0.843167   -1.723746   -1.574003   -1.808621   -0.718128   -1.220275    3.447  -11.464    7.987 S_000002
   5 H   -55.020  172.575   56.854   74.884    0.000    0.000   88.219   38.522   95.790  -29.944    0.311372   -1.410143   -0.489063   -0.778546   -1.603505   -1.546159   -1.854762   -0.735499   -1.207969    0.533  -16.091   11.195 S_000002
SCORE:     0.001                  0.001          0          0          0    S_000003
   1 H     0.000  170.252   55.279   88.851  178.222  -18.728   71.236   28.014  104.037   -9.712    0.372602   -1.252254   -0.794142   -0.824102   -1.423783   -1.733594   -1.909585   -0.683492   -1.220138    3.794    0.984    0.238 S_000003
   2 N    79.722  -68.646 -179.965   86.228 -166.559 -148.226   83.939   38.218   96.378   91.556    0.297933   -1.378285   -0.578711   -0.794788   -1.509237   -1.637500   -1.851110   -0.655311   -1.255726    4.192   -2.190   -1.043 S_000003
   3 P   -62.462  179.448   49.257   86.426 -141.274  -79.532   99.565   34.050   96.350  163.780    0.321978   -1.342046   -0.642604   -0.823041   -1.499821   -1.648021   -1.905355   -0.720981   -1.190525    3.877   -6.117    4.226 S_000003
   4 P   -61.236 -144.081   67.298  141.205  -83.161  175.647  156.045  -26.613  152.071   69.787    0.411481   -0.165229   -1.462398   -0.796345   -0.904956   -2.034850   -1.928766   -0.649169   -1.234321    1.050  -11.282    7.462 S_000003
   5 H   144.230 -167.778 -174.313   89.481    0.000    0.000   66.619   39.961   84.324 -173.160    0.300152   -1.310722   -0.717169   -0.771800   -1.305177   -1.816301   -1.901915   -0.665283   -1.229589    1.652  -17.494   10.614 S_000003
SCORE:     0.001                  0.001          0          0          0    S_000004
   1 H     0.000  170.252   55.279   82.425 -146.018  -72.406   79.678   41.036   89.540  -30.887    0.297353   -1.404390   -0.515554   -0.758532   -1.531415   -1.612255   -1.853938   -0.703704   -1.224101    3.794    0.984    0.238 S_000004
   2 N    51.635  124.708 -177.414  148.096  -91.256  -71.581  125.991  -33.713  151.639  176.834    0.357095   -0.255535   -1.459522   -0.777668   -1.170581   -1.890148   -1.922320   -0.708726   -1.203449    6.309   -3.500   -2.383 S_000004
   3 P   -57.076  159.557   74.072  122.522 -124.914  176.015  109.465  -27.926  161.760  179.896    0.363848   -0.671595   -1.324732   -0.846074   -1.563840   -1.540839   -1.910259   -0.713848   -1.195912    5.329   -6.605    2.603 S_000004
   4 P  -173.910 -150.992  149.500  127.998 -128.911 -142.558   91.482   -6.193  136.127   15.787    0.408280   -0.788743   -1.262842   -0.923571   -1.317920   -1.806812   -1.984235   -0.740556   -1.116661    4.097  -11.019    8.152 S_000004
   5 H   -64.216 -178.250   48.094   82.169    0.000    0.000   72.346   33.233   99.222  179.949    0.344437   -1.355710   -0.607019   -0.803341   -1.557668   -1.595502   -1.876008   -0.720682   -1.202942    4.548  -15.693   13.062 S_000004
SCORE:     0.002                  0.002          0          0          1    S_000005
   1 H     0.000  170.252   55.279   85.718 -166.815  -42.930   73.225   32.503   99.238  -15.887    0.340302   -1.344383   -0.633872   -0.820371   -1.543364   -1.618995   -1.901715   -0.732115   -1.190806    3.794    0.984    0.238 S_000005
   2 N    60.574 -156.859  168.161   85.509 -127.406  -66.644   64.825   33.993   94.055  -13.808    0.364241   -1.280530   -0.735544   -0.770139   -1.371500   -1.753394   -1.871151   -0.653359   -1.234885    6.733   -2.938   -0.685 S_000005
   3 P   -76.439 -155.686   76.097   98.708  168.544 -113.341  126.301    2.278  141.133  172.074    0.410529   -1.103526   -0.968395   -0.933240   -1.621578   -1.502075   -1.924475   -0.687537   -1.196092    4.588   -6.736    4.382 S_000005
   4 N   -74.739 -167.085   66.450  144.617 -154.188  130.603   94.184  -30.442  149.273  141.657    0.359128   -0.249561   -1.457071   -0.807965   -1.095051   -1.938301   -1.936686   -0.718207   -1.184371    3.272  -11.362    8.690 S_000005
   5 H   -60.139  168.451   53.042   82.021    0.000    0.000   70.563   35.383   95.761 -170.084    0.330417   -1.371307   -0.576479   -0.795021   -1.557908   -1.596087   -1.878615   -0.734156   -1.200551    4.217  -16.879    9.753 S_000005
SCORE:     0.001                  0.001          0          0          0    S_000006
   1 H     0.000  170.252   55.279   81.867 -154.126  -61.722   79.545   40.559   92.684  172.291    0.291094   -1.405499   -0.494957   -0.772649   -1.559618   -1.584799   -1.850717   -0.705466   -1.223489    3.794    0.984    0.238 S_000006
   2 N    53.192 -161.037  175.152  102.886 -106.983  -96.155  -42.520   11.420  118.697 -105.907    0.382850   -1.184632   -0.889493   -0.899824   -1.622114   -1.580014   -1.926318   -0.747705   -1.166649    7.449   -2.641   -1.364 S_000006
   3 N  -139.731 -177.144  125.804   82.958 -139.997  -71.260   56.165   36.114   96.130  -19.199    0.367749   -1.337066   -0.623212   -0.737978   -1.433341   -1.631644   -1.889073   -0.682326   -1.236236    6.532   -7.848    3.388 S_000006
   4 P  -122.048   97.641  145.340   80.852 -179.582  -82.000   66.072   37.765   87.897 -167.348    0.313917   -1.371369   -0.559325   -0.781959   -1.527492   -1.614138   -1.894911   -0.777845   -1.173631    3.802  -11.885    7.161 S_000006
   5 H   176.288 -173.711  159.451   84.361    0.000    0.000   65.617   36.933   89.702  179.877    0.335786   -1.349839   -0.622915   -0.772358   -1.467070   -1.671469   -1.886711   -0.721888   -1.199831    4.864  -15.828   12.393 S_000006
SCORE:     0.004                  0.004          0          0          1    S_000007
   1 H     0.000  170.252   55.279   85.509 -160.557  -52.037   64.920   38.013   92.239  179.908    0.308912   -1.360120   -0.602721   -0.786573   -1.472886   -1.662255   -1.884155   -0.694923   -1.224175    3.794    0.984    0.238 S_000007
   2 N    85.934  -90.839  172.676   85.616 -171.229  -78.234   95.061   38.307   91.216 -146.059    0.311581   -1.351249   -0.627510   -0.778861   -1.442484   -1.694367   -1.883384   -0.694107   -1.220686    5.567   -2.440   -0.611 S_000007
   3 P   -66.604 -178.805   55.217   88.581 -127.917  -95.826   54.688   34.683   97.158  -67.431    0.329619   -1.345439   -0.643574   -0.807142   -1.490663   -1.658676   -1.891173   -0.702138   -1.210832    5.297   -5.212    4.835 S_000007
   4 P  -170.257 -176.118  168.457  154.693  -96.790  -77.772  166.626  -41.004  158.432  -92.486    0.301209   -0.017468   -1.492097   -0.757842   -1.009016   -1.965277   -1.908312   -0.715882   -1.203518    2.585  -11.053    7.913 S_000007
   5 H   -58.292  168.081   51.178   81.476    0.000    0.000   68.405   40.401   92.616  -18.142    0.293517   -1.374691   -0.551926   -0.770269   -1.484556   -1.643765   -1.841108   -0.651285   -1.253264    1.262  -17.101    8.770 S_000007
SCORE:     0.002                  0.002          0          0          0    S_000008
   1 H     0.000  170.252   55.279   78.887 -160.775  -47.760   84.291   38.564   92.433  -19.522    0.308909   -1.394247   -0.517875   -0.777103   -1.559378   -1.573923   -1.858357   -0.733491   -1.204262    3.794    0.984    0.238 S_000008
   2 P   175.638  174.772   51.454   87.283 -146.009  -73.433   72.659   33.762   97.712 -139.727    0.347822   -1.322888   -0.663300   -0.793086   -1.477195   -1.672187   -1.886850   -0.691578   -1.221829    7.592   -3.326   -2.851 S_000008
   3 N  -148.022  144.508 -177.617   93.488 -141.099  -71.036   13.511   23.881  123.218   -7.754    0.352280   -1.397577   -0.511532   -0.899902   -1.787483   -1.297851   -1.871512   -0.779200   -1.153331    7.006   -7.253    2.638 S_000008
   4 N  -175.101 -147.674  159.572  141.718  176.133  146.872   62.364  -31.811 -103.226   76.911    0.331832   -0.177856   -1.485199   -0.843536   -1.029654   -1.962328   -1.977627   -0.691472   -1.204184    5.089  -11.578    7.386 S_000008
   5 H   -60.527 -174.090   48.245   79.805    0.000    0.000   75.058   39.292   92.835  173.389    0.312055   -1.401431   -0.502090   -0.765913   -1.574301   -1.574584   -1.850884   -0.730701   -1.211677    5.419  -16.417   11.644 S_000008
SCORE:     0.006                  0.006          0          0          0    S_000009
   1 H     0.000  170.252   55.279   78.758 -142.497  -68.891   62.863   39.653   89.143   99.959    0.313747   -1.366538   -0.591998   -0.757697   -1.464740   -1.678754   -1.866641   -0.694472   -1.228312    3.794    0.984    0.238 S_000009
   2 P    59.332  123.206  173.644   79.509 -119.977  -92.496   74.067   34.917  101.654 -179.017    0.321648   -1.392393   -0.521344   -0.804373   -1.623006   -1.517108   -1.846405   -0.739885   -1.195891    5.867   -3.684   -2.603 S_000009
   3 P   -82.522 -173.901   50.300  139.055 -115.199  179.062  149.082  -32.367  151.652  165.711    0.349502   -0.343881   -1.444356   -0.804139   -1.257945   -1.837809   -1.936483   -0.771964   -1.159998    4.865   -8.444    2.260 S_000009
   4 P   162.674  148.859   50.418  144.945 -102.241  131.693  108.849  -35.627  156.023  -67.310    0.332425   -0.206551   -1.474959   -0.789902   -1.147425   -1.905945   -1.933411   -0.720881   -1.196936    3.298  -11.174    8.568 S_000009
   5 H    51.152   67.363   46.598   69.459    0.000    0.000   70.579   41.144  107.720  -26.958    0.234449   -1.480609   -0.160731   -0.841491   -1.817095   -1.192274   -1.750431   -0.689250   -1.229120    3.144  -16.167   11.665 S_000009
SCORE:     0.003                  0.003          0          1          1    S_000010
   1 H     0.000  170.252   55.279   80.531 -154.119  -71.970   67.529   42.258   88.898  128.850    0.312719   -1.422073   -0.457527   -0.721086   -1.552919   -1.555558   -1.841042   -0.772129   -1.192168    3.794    0.984    0.238 S_000010
   2 P    59.332  123.206  173.644   79.509 -119.977  -92.496   74.067   34.917  101.654 -179.017    0.321648   -1.392393   -0.521344   -0.804373   -1.623006   -1.517108   -1.846405   -0.739885   -1.195891    6.787   -3.379   -2.338 S_000010
   3 P   -65.076 -178.561   50.890   82.033  172.301  -98.139   97.082   37.385   96.141 -153.256    0.273990   -1.386814   -0.568385   -0.828927   -1.551060   -1.613081   -1.894165   -0.701245   -1.211693    6.567   -8.227    2.277 S_000010
   4 P  -167.703 -174.030 -172.706  150.262  -82.754  -98.128  162.319  -37.418  153.934  -96.537    0.341290   -0.123580   -1.479847   -0.753212   -1.075808   -1.949425   -1.900641   -0.697829   -1.213259    6.361  -11.549    8.132 S_000010
   5 H   -67.850  165.898   63.466   75.295    0.000    0.000   73.312   44.058   90.315   -4.160    0.257195   -1.451022   -0.397324   -0.761467   -1.611021   -1.524959   -1.839233   -0.743517   -1.206515    3.850  -15.347   12.849 S_000010
