SEQUENCE: gug
SCORE:     score    rna_stub_coord_hack       N_WC      N_NWC       N_BS description
REMARK RNA 
SCORE:     0.320                  0.320          0          0          0    S_000001
   1 H     0.000  170.252   55.279  100.547   41.845  -32.535   90.374    9.692  124.390  179.909    0.456370   -0.991871   -1.067046   -0.836217   -1.335706   -1.804399   -1.897621   -0.605146   -1.248537    3.794    0.984    0.238 S_000001
   2 N   157.972 -132.733  176.834  147.316 -147.664 -132.370   93.539  -35.585  157.310  132.932    0.334836   -0.174948   -1.481171   -0.790795   -1.105511   -1.925075   -1.933577   -0.714100   -1.197252    5.620    3.257    2.130 S_000001
   3 H    48.669 -155.031 -161.971  146.889    0.000    0.000  -31.440  -38.092  162.361   31.491    0.335801   -0.215227   -1.473983   -0.756409   -1.205346   -1.854437   -1.920006   -0.744546   -1.190507    6.227    3.526    8.316 S_000001
SCORE:     0.336                  0.336          0          0          0    S_000002
   1 H     0.000  170.252   55.279  100.547   41.845  -32.535   90.374    9.692  124.390  179.909    0.456370   -0.991871   -1.067046   -0.836217   -1.335706   -1.804399   -1.897621   -0.605146   -1.248537    3.794    0.984    0.238 S_000002
   2 P   152.729 -107.896  175.596   84.499 -153.584 -104.052   55.707   25.727  124.891   -9.809    0.341296   -1.393321   -0.546540   -0.902456   -1.734448   -1.379532   -1.832316   -0.687590   -1.225901    6.053    2.789    2.102 S_000002
   3 H   -50.188  167.991   56.264   83.326    0.000    0.000   69.249   33.565  101.071  -22.726    0.319920   -1.393906   -0.525979   -0.833945   -1.647715   -1.508829   -1.887390   -0.754911   -1.178696    5.883    4.459    8.131 S_000002
SCORE:     0.336                  0.336          0          0          0    S_000003
   1 H     0.000  170.252   55.279  100.547   41.845  -32.535   90.374    9.692  124.390  179.909    0.456370   -0.991871   -1.067046   -0.836217   -1.335706   -1.804399   -1.897621   -0.605146   -1.248537    3.794    0.984    0.238 S_000003
   2 P   152.729 -107.896  175.596   84.499 -153.584 -104.052   55.707   25.727  124.891   -9.809    0.341296   -1.393321   -0.546540   -0.902456   -1.734448   -1.379532   -1.832316   -0.687590   -1.225901    6.053    2.789    2.102 S_000003
   3 H   -70.311  174.542   51.448   84.612    0.000    0.000   86.757   40.096   90.086  -22.445    0.298708   -1.379209   -0.572854   -0.769022   -1.483461   -1.662647   -1.871194   -0.699376   -1.227501    5.805    4.940    8.258 S_000003
SCORE:     0.347                  0.347          0          0          0    S_000004
   1 H     0.000  170.252   55.279   90.661   85.965  -73.522  109.923  -28.204  148.584   24.958    0.433092   -0.285940   -1.435368   -0.751057   -1.107586   -1.935733   -1.890806   -0.673526   -1.221993    3.794    0.984    0.238 S_000004
   2 N   157.972 -132.733  176.834  147.316 -147.664 -132.370   93.539  -35.585  157.310  132.932    0.334836   -0.174948   -1.481171   -0.790795   -1.105511   -1.925075   -1.933577   -0.714100   -1.197252    7.104    3.510    1.198 S_000004
   3 H   -69.631  176.676   60.435   80.621    0.000    0.000   65.232   33.951   98.313  -22.950    0.356611   -1.330601   -0.650160   -0.784758   -1.482356   -1.657291   -1.849913   -0.660936   -1.243321    7.715    6.361    7.241 S_000004
SCORE:     0.371                  0.371          0          0          0    S_000005
   1 H     0.000  170.252   55.279  100.547   41.845  -32.535   90.374    9.692  124.390  179.909    0.456370   -0.991871   -1.067046   -0.836217   -1.335706   -1.804399   -1.897621   -0.605146   -1.248537    3.794    0.984    0.238 S_000005
   2 P   150.549 -137.298  171.968   83.076 -151.038  -66.208   53.736   37.777   95.676   71.234    0.298081   -1.379080   -0.572027   -0.806994   -1.512980   -1.623333   -1.874903   -0.671945   -1.233403    5.454    3.159    2.168 S_000005
   3 H   -53.798  169.454   56.206   78.062    0.000    0.000   77.185   40.066   97.364  -23.766    0.284038   -1.432776   -0.427394   -0.789746   -1.640585   -1.498035   -1.820896   -0.704305   -1.233847    6.571    4.588    7.776 S_000005
SCORE:     0.320                  0.320          0          0          0    S_000006
   1 H     0.000  170.252   55.279  100.547   41.845  -32.535   90.374    9.692  124.390  179.909    0.456370   -0.991871   -1.067046   -0.836217   -1.335706   -1.804399   -1.897621   -0.605146   -1.248537    3.794    0.984    0.238 S_000006
   2 N   157.972 -132.733  176.834  147.316 -147.664 -132.370   93.539  -35.585  157.310  132.932    0.334836   -0.174948   -1.481171   -0.790795   -1.105511   -1.925075   -1.933577   -0.714100   -1.197252    5.620    3.257    2.130 S_000006
   3 H   -61.539 -175.950   46.636   76.729    0.000    0.000   76.914   40.224   91.894  -20.519    0.295875   -1.420874   -0.455982   -0.774515   -1.604843   -1.534880   -1.848803   -0.737553   -1.206204    5.004    4.284    8.750 S_000006
SCORE:     0.356                  0.356          0          0          0    S_000007
   1 H     0.000  170.252   55.279  113.898   11.561   52.393  127.184   -5.435  138.967   -7.831    0.452166   -0.760220   -1.239855   -0.852838   -1.284262   -1.825875   -1.941430   -0.646447   -1.216674    3.794    0.984    0.238 S_000007
   2 P   -50.991  173.148   55.965  147.648 -156.331 -156.743  128.139  -36.125  158.063  -36.478    0.333999   -0.180466   -1.478826   -0.784463   -1.123461   -1.912358   -1.933509   -0.727334   -1.192264    6.140    1.474    2.642 S_000007
   3 H   -61.662  163.472   68.509   76.593    0.000    0.000   64.917   35.871  101.943 -151.045    0.298741   -1.454155   -0.353670   -0.823182   -1.780547   -1.331678   -1.822759   -0.795708   -1.172035    7.348    2.602    8.815 S_000007
SCORE:     0.359                  0.359          0          0          0    S_000008
   1 H     0.000  170.252   55.279  100.547   41.845  -32.535   90.374    9.692  124.390  179.909    0.456370   -0.991871   -1.067046   -0.836217   -1.335706   -1.804399   -1.897621   -0.605146   -1.248537    3.794    0.984    0.238 S_000008
   2 P   144.772 -140.787  173.109   85.829 -166.818  -62.897   73.551   40.381   86.790  102.233    0.304668   -1.347150   -0.632552   -0.758131   -1.396667   -1.730504   -1.882393   -0.680942   -1.232685    5.328    3.098    2.184 S_000008
   3 H   -59.574  158.391   63.162   80.248    0.000    0.000   70.480   34.508   97.146  179.894    0.352010   -1.359182   -0.592989   -0.778745   -1.541053   -1.595892   -1.852745   -0.712200   -1.211193    5.104    3.781    7.653 S_000008
SCORE:     0.336                  0.336          0          0          0    S_000009
   1 H     0.000  170.252   55.279  100.547   41.845  -32.535   90.374    9.692  124.390  179.909    0.456370   -0.991871   -1.067046   -0.836217   -1.335706   -1.804399   -1.897621   -0.605146   -1.248537    3.794    0.984    0.238 S_000009
   2 P   152.729 -107.896  175.596   84.499 -153.584 -104.052   55.707   25.727  124.891   -9.809    0.341296   -1.393321   -0.546540   -0.902456   -1.734448   -1.379532   -1.832316   -0.687590   -1.225901    6.053    2.789    2.102 S_000009
   3 H   -71.290  174.995   54.654   79.695    0.000    0.000   77.615   38.605   97.098  179.919    0.351405   -1.373355   -0.546762   -0.714220   -1.522810   -1.602428   -1.775038   -0.639295   -1.273165    5.808    4.967    8.265 S_000009
SCORE:     0.359                  0.359          0          0          0    S_000010
   1 H     0.000  170.252   55.279  100.547   41.845  -32.535   90.374    9.692  124.390  179.909    0.456370   -0.991871   -1.067046   -0.836217   -1.335706   -1.804399   -1.897621   -0.605146   -1.248537    3.794    0.984    0.238 S_000010
   2 P   144.772 -140.787  173.109   85.829 -166.818  -62.897   73.551   40.381   86.790  102.233    0.304668   -1.347150   -0.632552   -0.758131   -1.396667   -1.730504   -1.882393   -0.680942   -1.232685    5.328    3.098    2.184 S_000010
   3 H   156.661 -166.317  175.738   83.494    0.000    0.000   62.513   36.144   99.652  179.889    0.318460   -1.383452   -0.559635   -0.799122   -1.568388   -1.587130   -1.863323   -0.702934   -1.224419    7.197    4.089    8.214 S_000010
