SEQUENCE: gaaaaaaaaag
SCORE:     score    rna_stub_coord_hack       N_WC      N_NWC       N_BS description
REMARK RNA 
SCORE:    17.628                 17.628          0          0          1    S_000001
   1 H     0.000  170.252   55.279   83.362  161.300  -70.928  114.330   33.615  108.642 -157.745    0.308422   -1.392637   -0.538137   -0.849983   -1.612972   -1.512021   -1.877597   -0.707014   -1.201991    3.794    0.984    0.238 S_000001
   2 P   -50.810  157.396  179.641  144.210  -80.628 -115.554  103.136  -33.942  152.589 -155.647    0.337794   -0.135157   -1.478805   -0.801209   -1.019635   -1.984828   -1.938093   -0.666581   -1.225042    8.694    1.235   -0.379 S_000001
   3 P   -57.485  160.139   75.855  150.070 -129.358 -140.723  124.656  -40.385  156.749  145.069    0.321419   -0.067867   -1.491898   -0.742948   -1.064012   -1.946365   -1.896169   -0.757348   -1.185391    9.888    5.546    4.463 S_000001
   4 P   156.353 -133.222  164.035   85.022 -132.078  -70.133   56.405   35.699   92.955  -23.381    0.337490   -1.334670   -0.638481   -0.784103   -1.465449   -1.671942   -1.879859   -0.693833   -1.214504    8.057   10.307    9.302 S_000001
   5 N  -174.783  120.716  177.399  150.472 -127.479 -150.643  -46.738  -38.379  156.036  172.165    0.295515   -0.075973   -1.493365   -0.801078   -1.032701   -1.963612   -1.942754   -0.690149   -1.211052    5.207   12.269   15.356 S_000001
   6 N   138.422  119.523   56.676   84.853   53.786  138.605   49.003    8.551  136.662   65.599    0.436521   -1.202607   -0.821644   -0.877003   -1.690398   -1.422836   -1.825804   -0.688787   -1.208249    4.834   15.852   21.738 S_000001
   7 N   162.851 -174.181  174.872   89.117 -135.686  -80.471   74.982   34.691   91.621  -18.571    0.348335   -1.303500   -0.710850   -0.781973   -1.406205   -1.739385   -1.894539   -0.695738   -1.212818    0.737   20.550   24.877 S_000001
   8 P   -69.535 -123.961   66.297  148.563  -83.573 -178.087  173.736  -37.717  156.726   88.565    0.326696   -0.105538   -1.465270   -0.758278   -1.051396   -1.937277   -1.936227   -0.700889   -1.187016   -1.672   23.387   30.661 S_000001
   9 P   -45.339  153.526   53.573   81.520 -156.855  -66.389   66.306   35.815   94.922  179.926    0.337523   -1.353529   -0.613254   -0.776544   -1.503655   -1.640343   -1.870040   -0.720365   -1.208420   -1.825   26.046   36.290 S_000001
  10 P   -64.132 -173.986   78.117  144.021 -102.288  161.905  145.881  -36.810  165.935  140.551    0.336458   -0.426064   -1.426571   -0.777721   -1.432900   -1.660443   -1.911454   -0.752573   -1.189238   -0.345   29.837   40.962 S_000001
  11 H   -66.266 -169.586   41.107   84.114    0.000    0.000   70.258   38.818   91.062  -15.335    0.305443   -1.369220   -0.571479   -0.781762   -1.507455   -1.653207   -1.878747   -0.725474   -1.210561   -1.373   30.670   46.893 S_000001
SCORE:    17.230                 17.230          0          0          4    S_000002
   1 H     0.000  170.252   55.279   83.281 -150.018  -76.690   72.106   37.954   90.652 -117.759    0.342432   -1.347988   -0.600142   -0.746419   -1.466831   -1.663055   -1.852498   -0.686791   -1.232263    3.794    0.984    0.238 S_000002
   2 N     0.000  -85.740  108.516 -293.004  209.662 -103.987   72.069   50.861   88.627  179.925    0.202691   -1.503055   -0.143897   -0.712355   -1.736091   -1.342554   -1.762736   -0.781134   -1.203132    8.071    0.168   -2.119 S_000002
   3 N   159.691 -170.590 -174.109   88.343 -146.100  -64.645   64.868   37.125   98.321   81.301    0.318687   -1.369463   -0.573472   -0.783925   -1.523176   -1.616361   -1.852265   -0.662433   -1.260222    8.802    5.106    2.778 S_000002
   4 N  -174.783  120.716  177.399  150.472 -127.479 -150.643  -46.738  -38.379  156.036  172.165    0.295515   -0.075973   -1.493365   -0.801078   -1.032701   -1.963612   -1.942754   -0.690149   -1.211052    8.317   10.137    7.481 S_000002
   5 P   149.773 -156.144  176.474   82.777 -155.799  -84.417   85.097   38.273   91.188  109.933    0.325799   -1.359624   -0.601698   -0.762572   -1.475146   -1.669392   -1.863222   -0.693642   -1.226962    9.087   14.521   13.122 S_000002
   6 N   162.851 -174.181  174.872   89.117 -135.686  -80.471   74.982   34.691   91.621  -18.571    0.348335   -1.303500   -0.710850   -0.781973   -1.406205   -1.739385   -1.894539   -0.695738   -1.212818    8.454   19.255   17.978 S_000002
   7 P   -56.759  170.515   54.671  114.805 -155.382  159.290  123.691   -1.306  140.222  179.908    0.469807   -1.020056   -0.995642   -0.866204   -1.585957   -1.500034   -1.857832   -0.652045   -1.218328    6.936   24.432   21.164 S_000002
   8 P  -173.910 -150.992  149.500  127.998 -128.911 -142.558   91.482   -6.193  136.127   15.787    0.408280   -0.788743   -1.262842   -0.923571   -1.317920   -1.806812   -1.984235   -0.740556   -1.116661    5.568   28.482   26.933 S_000002
   9 P   -83.621  135.327   94.376   96.272 -124.911  -81.522   86.210   22.926  100.207 -171.537    0.399849   -1.182943   -0.881975   -0.801578   -1.420608   -1.770508   -1.900256   -0.746441   -1.186835    6.596   31.910   32.064 S_000002
  10 P   -39.399  168.770   55.356  142.140 -142.741  175.589  120.987  -35.450  159.437  -98.096    0.330665   -0.302125   -1.453233   -0.794861   -1.264725   -1.819140   -1.936530   -0.724980   -1.198310    5.979   36.406   36.243 S_000002
  11 H   -66.397  172.261   52.245   80.324    0.000    0.000   78.714   40.885   95.011  179.876    0.298775   -1.390897   -0.518458   -0.751969   -1.519271   -1.609465   -1.807812   -0.637766   -1.270915    6.486   42.027   39.098 S_000002
SCORE:    18.141                 18.141          0          0          0    S_000003
   1 H     0.000  170.252   55.279   77.998  165.448  -24.180   96.823   39.824   86.801  -82.969    0.293418   -1.390990   -0.543270   -0.790005   -1.503094   -1.624688   -1.883304   -0.719786   -1.205506    3.794    0.984    0.238 S_000003
   2 P    52.709 -142.596   53.731   84.065 -141.943 -116.141   94.382   35.457   92.771  -15.440    0.302676   -1.346981   -0.634371   -0.825016   -1.489045   -1.659880   -1.890778   -0.698682   -1.208110    6.883   -1.981    0.191 S_000003
   3 P  -179.630  115.281   62.224  122.274 -131.448 -164.064   84.287  -17.095  153.564  143.373    0.421273   -0.734637   -1.265427   -0.864863   -1.468550   -1.653260   -1.954534   -0.733221   -1.166445    4.506    3.084    4.724 S_000003
   4 P   -71.409  163.072   88.916  129.689 -115.676 -168.510  103.969  -27.373  151.463 -158.189    0.375027   -0.488612   -1.399569   -0.832328   -1.348614   -1.777614   -1.951482   -0.749221   -1.158968    3.926    5.555   10.662 S_000003
   5 P   119.802 -147.111 -144.526  109.569 -143.800  -81.732   76.992   10.507  113.777 -142.370    0.392724   -1.039526   -1.039210   -0.879472   -1.411159   -1.786625   -1.952807   -0.730573   -1.180027    3.517    9.993   15.910 S_000003
   6 N   179.905  172.930  176.245   83.787 -128.091  -62.899 -123.244   34.070   98.131  -19.586    0.338787   -1.347342   -0.629643   -0.801847   -1.519193   -1.636661   -1.884103   -0.711999   -1.207435    3.169   15.209   20.542 S_000003
   7 P  -101.668   85.863  163.401   88.209 -123.748 -140.327   72.051   28.072  104.138 -124.669    0.372023   -1.259642   -0.777270   -0.826687   -1.435383   -1.712109   -1.904205   -0.676946   -1.212812    3.044   19.630   24.035 S_000003
   8 P   167.223 -130.441 -178.374   82.295 -142.978  -73.235   69.197   37.374   94.578 -156.510    0.324684   -1.371068   -0.577949   -0.778213   -1.514777   -1.627160   -1.863633   -0.699814   -1.218037    0.150   24.371   28.482 S_000003
   9 N  -175.101 -147.674  159.572  141.718  176.133  146.872   62.364  -31.811 -103.226   76.911    0.331832   -0.177856   -1.485199   -0.843536   -1.029654   -1.962328   -1.977627   -0.691472   -1.204184   -0.324   30.050   32.063 S_000003
  10 N   173.022 -152.635   58.734  151.456  -88.738   98.104   38.820  -37.828  156.601  158.266    0.325934   -0.125905   -1.480255   -0.769229   -1.086728   -1.932132   -1.918535   -0.725599   -1.197650   -0.444   34.738   37.508 S_000003
  11 H   143.585 -130.179  177.441   84.749    0.000    0.000   62.240   37.671   89.992  -17.662    0.329530   -1.321252   -0.672647   -0.764524   -1.388938   -1.734279   -1.878451   -0.671951   -1.224773    0.444   37.679   42.127 S_000003
SCORE:    17.349                 17.349          0          0          1    S_000004
   1 H     0.000  170.252   55.279  115.386 -110.876   62.778  106.720  -15.167  148.845    2.881    0.421442   -0.753672   -1.271996   -0.855893   -1.461097   -1.705731   -1.960090   -0.726764   -1.187763    3.794    0.984    0.238 S_000004
   2 N    55.573 -123.733  105.437   85.412   40.806  173.430 -104.287   21.035  122.044   55.816    0.400538   -1.294953   -0.705048   -0.850022   -1.652471   -1.508254   -1.872274   -0.729079   -1.200879    2.786    3.165   -1.599 S_000004
   3 P   -71.409  163.072   88.916  129.689 -115.676 -168.510  103.969  -27.373  151.463 -158.189    0.375027   -0.488612   -1.399569   -0.832328   -1.348614   -1.777614   -1.951482   -0.749221   -1.158968    4.057    7.595    3.178 S_000004
   4 P   -60.599  162.009   59.939  140.771 -155.496 -143.261  171.462  -38.712  164.591  -23.422    0.312444   -0.271307   -1.489031   -0.770005   -1.280109   -1.824124   -1.924378   -0.767040   -1.192114    4.527   10.896    8.615 S_000004
   5 N  -117.928  163.085  140.542   74.750 -128.345  -67.509   60.349   40.402   87.581  -19.436    0.267559   -1.415088   -0.468029   -0.794021   -1.570377   -1.532371   -1.895780   -0.772226   -1.165552    5.530   13.891   14.745 S_000004
   6 P   -86.165 -174.264   59.636   91.856 -163.323  -71.038   91.176   35.891   91.893  -15.140    0.322189   -1.335184   -0.647413   -0.797362   -1.454764   -1.680549   -1.898036   -0.707161   -1.201487    5.368   15.801   21.046 S_000004
   7 P   -36.918 -153.877   53.859  147.355 -138.787 -139.139  153.593  -34.813  154.010  100.837    0.332148   -0.170995   -1.476134   -0.798376   -1.082609   -1.936969   -1.934460   -0.703444   -1.197882    2.229   18.929   25.184 S_000004
   8 P  -172.604  161.126  159.864  155.138 -101.607 -139.360  -48.863  -40.948  155.621   78.591    0.319081    0.026124   -1.484098   -0.731166   -0.944630   -1.986654   -1.887978   -0.700564   -1.211859   -0.111   21.008   31.784 S_000004
   9 P   -85.983  166.435   71.751   85.913 -160.937  -67.122   77.985   36.105   92.411 -164.363    0.348939   -1.329041   -0.667150   -0.756988   -1.434660   -1.703049   -1.860543   -0.674383   -1.240238   -1.851   24.959   37.095 S_000004
  10 P  -126.250  106.011  168.977   85.439 -139.330  -69.420   50.139   35.086   94.746  179.888    0.323314   -1.344139   -0.631905   -0.807581   -1.496027   -1.655632   -1.891815   -0.714598   -1.199423   -2.241   27.683   42.498 S_000004
  11 H    73.975 -170.735  168.662   87.411    0.000    0.000  158.763   39.841   86.982  -32.051    0.320950   -1.321924   -0.674739   -0.741203   -1.354875   -1.768328   -1.866898   -0.673264   -1.237584   -4.609   29.990   47.309 S_000004
SCORE:    18.219                 18.219          0          0          2    S_000005
   1 H     0.000  170.252   55.279   78.275 -146.630  -72.217   77.135   42.505   87.502 -113.238    0.281707   -1.424023   -0.435679   -0.752552   -1.584213   -1.543722   -1.837272   -0.728400   -1.219635    3.794    0.984    0.238 S_000005
   2 N    63.238 -129.002   53.629  151.908 -113.878 -160.976  173.026  -38.076  157.597  135.905    0.315666   -0.131582   -1.485782   -0.777624   -1.096772   -1.924759   -1.922983   -0.719621   -1.196808    7.461   -2.041   -1.428 S_000005
   3 P   164.402 -150.031  164.163   81.503 -111.095  -62.234   66.107   37.112   92.341  -25.109    0.330125   -1.352418   -0.613851   -0.775188   -1.475607   -1.664859   -1.874183   -0.710014   -1.216971   10.705    1.644    3.884 S_000005
   4 P  -172.604  161.126  159.864  155.138 -101.607 -139.360  -48.863  -40.948  155.621   78.591    0.319081    0.026124   -1.484098   -0.731166   -0.944630   -1.986654   -1.887978   -0.700564   -1.211859    8.482    5.997    8.482 S_000005
   5 P   166.333  138.365   55.118  155.106 -121.207  176.665  100.537  -39.471  163.515  -78.552    0.339397   -0.011283   -1.487644   -0.733583   -0.968631   -1.983361   -1.893865   -0.720697   -1.225198    7.048   10.969   13.544 S_000005
   6 P   -67.601  173.259   58.690  157.464 -135.211 -147.785  162.259  -40.470  165.113 -137.280    0.315507    0.031025   -1.496384   -0.749112   -0.932260   -1.997702   -1.908468   -0.713312   -1.224472    6.077   16.518   16.375 S_000005
   7 P  -133.749 -135.407  144.310  130.845 -116.303 -178.649  121.579  -35.275  165.934  163.039    0.368044   -0.566274   -1.363413   -0.770648   -1.563835   -1.500435   -1.902733   -0.799223   -1.154475    3.596   22.641   19.666 S_000005
   8 P   153.178 -153.207 -178.631   82.668 -139.550  -73.249   64.126   35.520   95.260  -16.961    0.322942   -1.357707   -0.586556   -0.789863   -1.548629   -1.610887   -1.878842   -0.729786   -1.203609    2.867   27.839   24.480 S_000005
   9 N   -50.638 -178.442   54.553   81.558 -155.382  -85.346  102.058   35.982  100.920   -5.265    0.301054   -1.416715   -0.465015   -0.822229   -1.666998   -1.472046   -1.857637   -0.733540   -1.204472    2.221   32.114   28.981 S_000005
  10 N  -148.162  164.915  118.385  145.355 -109.323 -178.043  158.161  -25.949  134.973  153.436    0.357113   -0.162484   -1.477571   -0.854725   -0.883260   -2.080780   -1.943630   -0.688761   -1.201220    2.807   34.861   35.281 S_000005
  11 H   -74.715  158.707   56.737   82.797    0.000    0.000   48.012   40.989   89.590  -17.109    0.288558   -1.388796   -0.554960   -0.769014   -1.486908   -1.654342   -1.873897   -0.716761   -1.211536    1.531   39.356   39.421 S_000005
SCORE:    14.985                 14.985          0          0          1    S_000006
   1 H     0.000  170.252   55.279   82.268    0.000    0.000   84.560   40.809   90.339  -25.432    0.289159   -1.412264   -0.492780   -0.772959   -1.555175   -1.582023   -1.852563   -0.704138   -1.220798    3.794    0.984    0.238 S_000006
   2 P   145.834  169.864  160.515  116.771 -150.825  -95.969  116.851    6.639  112.778  -49.780    0.428419   -0.827735   -1.201961   -0.850477   -1.142936   -1.957796   -1.955336   -0.681649   -1.210816    3.067    4.282    0.763 S_000006
   3 P   166.435  126.375   67.879  114.468  -40.237  146.184   77.653   -5.225  140.735    8.495    0.432095   -0.831418   -1.203353   -0.879815   -1.383983   -1.765305   -1.948904   -0.670166   -1.205817    2.214   10.170    4.831 S_000006
   4 P   161.023  139.121   55.500  153.727 -123.271  175.609   98.961  -39.837  160.777  -92.184    0.316133   -0.114002   -1.485065   -0.754793   -1.110128   -1.910535   -1.913633   -0.713393   -1.208659    4.005   14.002    9.248 S_000006
   5 P   -75.644  168.083   67.814   90.941 -157.060 -127.340   91.236   30.922  102.656 -145.099    0.354641   -1.319354   -0.665360   -0.807874   -1.528183   -1.625955   -1.881488   -0.703515   -1.213541    4.514   19.617   11.997 S_000006
   6 P   139.421   99.903  167.645   88.729 -152.217  -69.641   88.735   35.678   89.523  177.526    0.326064   -1.301859   -0.702283   -0.796219   -1.383460   -1.739469   -1.902064   -0.690550   -1.208633    4.074   23.633   18.041 S_000006
   7 N   167.952 -167.959  154.203  145.211 -155.376 -167.633   19.536  -32.174  148.043  -55.599    0.332777   -0.133501   -1.484945   -0.828850   -0.980089   -2.013944   -1.953344   -0.695714   -1.205944    2.749   28.978   21.765 S_000006
   8 P  -136.198 -122.857 -158.492  106.180 -124.887  -76.026   74.874   19.311  100.658  168.675    0.405981   -1.001253   -1.074308   -0.820525   -1.157218   -1.951689   -1.924168   -0.645988   -1.229494    3.443   34.791   26.225 S_000006
   9 P   -84.025  166.594   73.067   79.911 -179.348 -123.417   89.779   35.188   98.120  -15.624    0.325054   -1.374806   -0.576496   -0.804974   -1.563205   -1.591934   -1.872365   -0.723717   -1.206138    2.273   37.681   31.880 S_000006
  10 P   -58.195 -173.700   65.002   87.502  141.529  -88.269  128.525   31.270   99.276   43.092    0.359309   -1.274219   -0.763328   -0.807371   -1.398220   -1.741787   -1.903605   -0.672719   -1.223619    1.711   39.828   37.914 S_000006
  11 H   -45.473  175.841   69.983   78.483    0.000    0.000   74.534   33.804  108.213  133.068    0.310195   -1.450941   -0.340102   -0.834460   -1.818104   -1.276874   -1.806784   -0.794376   -1.173125    4.286   41.796   41.866 S_000006
SCORE:    17.673                 17.673          0          0          3    S_000007
   1 H     0.000  170.252   55.279  148.561  -90.726   82.966  109.153  -39.409  163.966  165.638    0.294285   -0.168927   -1.475607   -0.793712   -1.173162   -1.852081   -1.959082   -0.709473   -1.203949    3.794    0.984    0.238 S_000007
   2 N   -52.617  156.804 -174.176  147.794 -151.862  168.082  105.149  -41.063  162.423   29.196    0.311768   -0.127916   -1.484678   -0.741184   -1.152404   -1.890976   -1.912666   -0.723034   -1.214936    4.978    4.298   -0.023 S_000007
   3 N   159.691 -170.590 -174.109   88.343 -146.100  -64.645   64.868   37.125   98.321   81.301    0.318687   -1.369463   -0.573472   -0.783925   -1.523176   -1.616361   -1.852265   -0.662433   -1.260222    4.188    6.359    6.778 S_000007
   4 P   166.345  136.515  176.959   87.298 -141.961  -85.985   88.233   36.289   90.829  -13.741    0.336751   -1.319590   -0.670557   -0.773868   -1.420417   -1.716763   -1.889689   -0.708570   -1.210282    2.190    7.358   13.359 S_000007
   5 N   -62.862  154.213   63.938   88.989 -137.440  -88.948   91.088   35.447   93.702 -167.246    0.316714   -1.335892   -0.681079   -0.814089   -1.432187   -1.705256   -1.907559   -0.685520   -1.208629    0.142    8.221   19.009 S_000007
   6 P   119.624  126.046  -48.596  170.708 -106.374  144.076  122.441  -37.455  141.853 -160.232    0.295128    0.379543   -1.446114   -0.810313   -0.365356   -2.191512   -1.868354   -0.575278   -1.280694   -5.359   11.071   22.280 S_000007
   7 P  -175.081  177.888   61.143  152.701 -105.799  170.478  100.743  -40.258  159.966  -51.450    0.305816   -0.136048   -1.487621   -0.761982   -1.147414   -1.893800   -1.920368   -0.739943   -1.195843   -7.274   13.067   28.146 S_000007
   8 P   -61.864  168.385   58.325   83.854 -154.815  -94.162   82.525   37.197   95.852 -175.926    0.303655   -1.395818   -0.519820   -0.803462   -1.582061   -1.554381   -1.864894   -0.726094   -1.203389   -9.636   16.878   32.292 S_000007
   9 N   -54.879 -176.362   48.755   80.892 -146.117  -79.256   98.562   30.959  101.201  172.074    0.360066   -1.343044   -0.635732   -0.811339   -1.569431   -1.594592   -1.881984   -0.741707   -1.193703  -11.353   19.172   38.024 S_000007
  10 N  -122.329  136.115  121.785  113.623 -151.287  -53.450  124.898   33.717   72.191  -22.279    0.339534   -0.923367   -1.171127   -0.812548   -0.604958   -2.106668   -1.917397   -0.669884   -1.231306  -13.927   18.798   43.946 S_000007
  11 H   -67.225  174.627   53.420   85.594    0.000    0.000   80.747   38.396   88.623   94.419    0.307322   -1.370778   -0.580634   -0.783055   -1.501176   -1.648239   -1.897022   -0.755011   -1.186732  -19.162   20.136   46.389 S_000007
SCORE:    17.128                 17.128          0          0          3    S_000008
   1 H     0.000  170.252   55.279  151.173  -99.104   77.868  116.264  -39.476  158.206   75.989    0.355362   -0.072085   -1.463109   -0.717364   -1.057753   -1.941874   -1.867861   -0.699848   -1.221818    3.794    0.984    0.238 S_000008
   2 P     0.000 -172.040  175.965   87.228 -137.561  -38.763   59.522   35.140   96.606  -17.399    0.313954   -1.344260   -0.648129   -0.809583   -1.493948   -1.672674   -1.889135   -0.696665   -1.216963    4.955    4.424   -0.605 S_000008
   3 P  -178.996  117.297 -174.714   86.489 -136.718  -72.287   77.953   35.660   94.291  -31.727    0.346791   -1.321652   -0.661451   -0.764915   -1.442410   -1.694848   -1.854917   -0.677260   -1.231639    1.754    5.883    5.058 S_000008
   4 P   -84.025  166.594   73.067   79.911 -179.348 -123.417   89.779   35.188   98.120  -15.624    0.325054   -1.374806   -0.576496   -0.804974   -1.563205   -1.591934   -1.872365   -0.723717   -1.206138   -0.857    6.796   10.780 S_000008
   5 P   171.747  153.395  159.041  148.712 -150.900 -143.856  163.298  -31.676  141.216  -34.261    0.335662   -0.099384   -1.482186   -0.823846   -0.920479   -2.044532   -1.934389   -0.708140   -1.198506   -3.421    6.624   17.418 S_000008
   6 P   -71.093  137.843   52.232   85.064 -139.753 -152.810   87.407   40.287   89.995 -158.367    0.287583   -1.398634   -0.501776   -0.778461   -1.544700   -1.582723   -1.866127   -0.722760   -1.202541   -4.145    9.389   22.766 S_000008
   7 P   -78.868  167.798   83.401   76.627 -155.813  -94.543  100.575   38.523   98.136  -30.394    0.299144   -1.414359   -0.476200   -0.789731   -1.615623   -1.527673   -1.849175   -0.734743   -1.210590   -5.744   11.205   28.952 S_000008
   8 P   -65.040  175.353   58.191   84.223 -168.019  -75.624   78.796   35.834   97.205 -173.631    0.321404   -1.386397   -0.553270   -0.800031   -1.582414   -1.575687   -1.878443   -0.737839   -1.197257   -7.202   11.700   35.148 S_000008
   9 N   -56.958  163.068   62.833   78.275 -158.338  -85.672   79.954   42.971   90.044  -18.604    0.294655   -1.424965   -0.469519   -0.729337   -1.548088   -1.583633   -1.860058   -0.766679   -1.201017   -9.393   13.611   40.082 S_000008
  10 P   -60.097 -146.945   70.140  151.229  -90.777 -175.526  161.181  -30.121  151.629   72.288    0.397053   -0.211454   -1.442957   -0.761754   -1.043461   -1.970860   -1.893172   -0.716125   -1.225162  -12.440   16.196   45.349 S_000008
  11 H   -50.943  174.838   51.619   85.575    0.000    0.000   79.096   32.681   98.179 -170.055    0.356951   -1.313331   -0.678278   -0.789660   -1.481144   -1.672286   -1.887713   -0.722279   -1.203048  -14.064   18.732   51.003 S_000008
SCORE:    15.038                 15.038          0          1          0    S_000009
   1 H     0.000  170.252   55.279   78.077    0.000    0.000   87.849   38.426   91.061 -100.203    0.317344   -1.385686   -0.526595   -0.770595   -1.527926   -1.573169   -1.866058   -0.720788   -1.172692    3.794    0.984    0.238 S_000009
   2 P  -178.893  175.934   72.438   75.937 -165.099  -77.188   77.265   42.607   90.266  -26.519    0.266606   -1.446152   -0.411360   -0.772822   -1.617056   -1.516595   -1.851156   -0.751182   -1.198181    2.512    4.149    0.536 S_000009
   3 P   -71.409  163.072   88.916  129.689 -115.676 -168.510  103.969  -27.373  151.463 -158.189    0.375027   -0.488612   -1.399569   -0.832328   -1.348614   -1.777614   -1.951482   -0.749221   -1.158968    3.107    6.674    5.881 S_000009
   4 N   -89.818 -167.844   59.639  153.827 -136.181  139.150  132.646  -37.935  153.424  148.810    0.316975    0.019676   -1.487882   -0.777948   -0.895329   -2.038770   -1.920246   -0.652799   -1.237878    0.781   10.910   10.691 S_000009
   5 N   112.556   90.196 -160.967  110.809 -144.758  -85.702   67.601    6.368  113.936   74.378    0.429917   -0.909134   -1.134486   -0.826147   -1.303866   -1.884123   -1.907615   -0.678624   -1.228852    0.021   17.271   13.379 S_000009
   6 P   178.953  121.420   60.039  137.761  -89.783  162.171   95.568  -36.201  164.047  -85.504    0.329547   -0.376318   -1.443259   -0.795164   -1.365299   -1.724089   -1.935867   -0.737984   -1.183291    2.079   21.249   18.903 S_000009
   7 P   -66.957  165.440   56.283   82.839 -156.264  -61.446   83.029   37.150   91.458  164.590    0.338484   -1.348868   -0.626518   -0.758533   -1.469803   -1.678823   -1.865828   -0.701008   -1.224597    3.026   25.757   22.593 S_000009
   8 P  -133.538  108.400  170.756   84.154 -127.305  -74.185   72.974   35.950   92.479   89.929    0.344062   -1.330407   -0.648063   -0.770795   -1.450555   -1.685258   -1.883026   -0.708824   -1.211451    1.964   29.963   27.048 S_000009
   9 P   -81.969  -86.821 -174.157   75.787 -159.050 -146.501 -176.174   43.715   78.097  179.915    0.307460   -1.373554   -0.609335   -0.719837   -1.311569   -1.716845   -1.872270   -0.619467   -1.275353    0.631   32.467   33.232 S_000009
  10 N   167.952 -167.959  154.203  145.211 -155.376 -167.633   19.536  -32.174  148.043  -55.599    0.332777   -0.133501   -1.484945   -0.828850   -0.980089   -2.013944   -1.953344   -0.695714   -1.205944    2.744   37.242   38.233 S_000009
  11 H   -48.253  178.555   34.863   78.851    0.000    0.000   79.124   37.553   95.643  179.911    0.307095   -1.386727   -0.551374   -0.795944   -1.547435   -1.598545   -1.865516   -0.710103   -1.216379    3.118   43.118   40.874 S_000009
SCORE:    17.301                 17.301          0          0          4    S_000010
   1 H     0.000  170.252   55.279   80.112 -178.534  -72.684  101.213   34.550   96.671  -66.601    0.340644   -1.372010   -0.576166   -0.791182   -1.580706   -1.584901   -1.873357   -0.747802   -1.194915    3.794    0.984    0.238 S_000010
   2 N    65.916 -125.028   25.904  142.412 -132.731 -126.350   95.755  -32.084  150.156  179.506    0.343439   -0.320420   -1.453537   -0.812342   -1.223622   -1.874628   -1.949576   -0.753582   -1.172510    8.047   -0.478   -0.393 S_000010
   3 P   -71.402 -141.928   63.535   82.718   67.786   73.509  132.456   35.284   95.397   93.855    0.348648   -1.303481   -0.703772   -0.772592   -1.399824   -1.739786   -1.885514   -0.684769   -1.232715    8.250    5.318    3.619 S_000010
   4 P   152.594  176.327  171.244   91.237 -151.427  -73.024   82.556   36.730   87.095   -0.293    0.324489   -1.292433   -0.740995   -0.782053   -1.325054   -1.790390   -1.912036   -0.712281   -1.201892    6.108    9.120    8.196 S_000010
   5 P  -170.257 -176.118  168.457  154.693  -96.790  -77.772  166.626  -41.004  158.432  -92.486    0.301209   -0.017468   -1.492097   -0.757842   -1.009016   -1.965277   -1.908312   -0.715882   -1.203518    4.695   12.962   13.679 S_000010
   6 P  -107.827   88.551  161.850   87.760 -119.121  -87.161   59.177   35.817   89.406  -26.893    0.352008   -1.281211   -0.731976   -0.755603   -1.340545   -1.770651   -1.876912   -0.690033   -1.213694    2.794   16.118   18.440 S_000010
   7 P  -173.910 -150.992  149.500  127.998 -128.911 -142.558   91.482   -6.193  136.127   15.787    0.408280   -0.788743   -1.262842   -0.923571   -1.317920   -1.806812   -1.984235   -0.740556   -1.116661    0.960   20.042   23.787 S_000010
   8 N   162.851 -174.181  174.872   89.117 -135.686  -80.471   74.982   34.691   91.621  -18.571    0.348335   -1.303500   -0.710850   -0.781973   -1.406205   -1.739385   -1.894539   -0.695738   -1.212818    0.744   23.994   29.948 S_000010
   9 P   -61.589  174.919   54.301   83.164 -148.884 -114.815   81.421   38.116   93.490 -174.133    0.311029   -1.376950   -0.562607   -0.784301   -1.519572   -1.621959   -1.872301   -0.709334   -1.214773    1.104   28.129   34.786 S_000010
  10 P   -83.658  130.175  100.647   84.995 -158.634  -80.335   65.804   35.361   98.976  179.953    0.320117   -1.365309   -0.591347   -0.804373   -1.535642   -1.606324   -1.875016   -0.706360   -1.215362    0.692   32.888   38.479 S_000010
  11 H   -50.359  164.112   42.152   82.307    0.000    0.000   55.492   42.466   82.869  -20.010    0.292641   -1.369288   -0.575657   -0.742688   -1.421691   -1.699046   -1.873223   -0.714626   -1.213542    2.271   35.034   43.717 S_000010
