SEQUENCE: gaaaaag
SCORE:     score    rna_stub_coord_hack       N_WC      N_NWC       N_BS description
REMARK RNA 
SCORE:     4.042                  4.042          0          0          2    S_000001
   1 H     0.000  170.252   55.279   77.254 -137.644  -81.002   75.076   39.730   94.894 -133.081    0.306734   -1.394654   -0.520710   -0.767268   -1.527790   -1.593100   -1.836734   -0.681918   -1.234133    3.794    0.984    0.238 S_000001
   2 P   176.702  160.643  167.668   85.335 -126.737  -66.967   55.542   33.327  101.410  -11.198    0.361856   -1.350232   -0.600435   -0.780133   -1.563066   -1.595816   -1.858907   -0.707637   -1.223511    7.318   -2.569   -4.709 S_000001
   3 P  -160.249  166.068  171.487   91.115 -136.630 -101.713   76.539   34.876   95.142  175.357    0.323572   -1.335492   -0.650661   -0.813480   -1.473315   -1.673547   -1.901744   -0.711585   -1.198626    7.692   -7.866   -9.010 S_000001
   4 P  -148.588  133.443  138.027   85.064 -127.867  -81.381   73.376   37.219   95.049  -13.856    0.320946   -1.350869   -0.610637   -0.781786   -1.471736   -1.659254   -1.868671   -0.699104   -1.208886    8.938  -11.732  -14.689 S_000001
   5 P   -70.392 -168.786   67.400  152.714  -79.917 -130.447  140.795  -39.652  156.097   50.861    0.325405   -0.132539   -1.474602   -0.745567   -1.130274   -1.890448   -1.904953   -0.748656   -1.182195    9.240  -16.308  -19.574 S_000001
   6 P  -126.250  106.011  168.977   85.439 -139.330  -69.420   50.139   35.086   94.746  179.888    0.323314   -1.344139   -0.631905   -0.807581   -1.496027   -1.655632   -1.891815   -0.714598   -1.199423    8.889  -20.741  -24.237 S_000001
   7 H   -66.363  174.360   54.650   81.209    0.000    0.000   77.562   35.936   96.032  179.939    0.329783   -1.379387   -0.562293   -0.786118   -1.569541   -1.587913   -1.868406   -0.731504   -1.204909   10.219  -26.215  -26.922 S_000001
SCORE:     3.953                  3.953          0          0          1    S_000002
   1 H     0.000  170.252   55.279   93.465 -136.737  -72.830   69.509   36.125   84.438  -26.370    0.359399   -1.174852   -0.849963   -0.757831   -1.118435   -1.910928   -1.920249   -0.711276   -1.193607    3.794    0.984    0.238 S_000002
   2 N  -149.034  -81.925  172.404  146.046 -150.679 -107.126  111.344  -35.048  155.162  147.404    0.332662   -0.192882   -1.475955   -0.792373   -1.116447   -1.928530   -1.935508   -0.712398   -1.199196    5.605   -2.500   -5.333 S_000002
   3 P   166.345  136.515  176.959   87.298 -141.961  -85.985   88.233   36.289   90.829  -13.741    0.336751   -1.319590   -0.670557   -0.773868   -1.420417   -1.716763   -1.889689   -0.708570   -1.210282    5.602   -6.152  -11.609 S_000002
   4 P   -87.787  177.868   72.488  125.142 -164.828 -151.898  111.548  -19.213  150.164  -29.735    0.411216   -0.574601   -1.357123   -0.857597   -1.302692   -1.814919   -1.954673   -0.693383   -1.189634    6.924  -10.109  -16.817 S_000002
   5 N   -56.971  153.570   56.017   90.278 -176.240 -115.163   79.715   39.462   95.358 -126.721    0.314034   -1.294961   -0.734265   -0.728566   -1.323899   -1.826231   -1.853260   -0.638490   -1.263668    7.044  -13.707  -21.826 S_000002
   6 P   -65.166  168.398   51.322   85.319 -124.804  -94.056  102.767   34.093   95.039  -16.095    0.306229   -1.375251   -0.591115   -0.846057   -1.565527   -1.588615   -1.924465   -0.759523   -1.163672    6.422  -18.104  -26.167 S_000002
   7 H   147.478 -141.933  173.525   84.470    0.000    0.000   76.234   38.196   89.486  179.875    0.324477   -1.338265   -0.653803   -0.767687   -1.410044   -1.722828   -1.886273   -0.694424   -1.217433    6.487  -17.271  -32.629 S_000002
SCORE:     3.980                  3.980          0          0          1    S_000003
   1 H     0.000  170.252   55.279   77.813 -148.495  -77.433   69.499   45.412   86.274  -18.746    0.276617   -1.423703   -0.468356   -0.719835   -1.498553   -1.623222   -1.843564   -0.732284   -1.209475    3.794    0.984    0.238 S_000003
   2 P   160.373   83.471  174.358  110.126 -145.014  -77.450   88.830   10.256  109.650 -140.438    0.415602   -0.968774   -1.094113   -0.852791   -1.300122   -1.860583   -1.949436   -0.711604   -1.193646    6.753   -1.990   -5.406 S_000003
   3 P  -156.241 -172.309  170.358   90.579 -122.463  -73.511   97.000   24.621  116.504  -13.486    0.341843   -1.336481   -0.672589   -0.910049   -1.622569   -1.515204   -1.903182   -0.698196   -1.184257    8.317   -6.751  -10.206 S_000003
   4 P  -133.538  108.400  170.756   84.154 -127.305  -74.185   72.974   35.950   92.479   89.929    0.344062   -1.330407   -0.648063   -0.770795   -1.450555   -1.685258   -1.883026   -0.708824   -1.211451    8.578  -10.746  -15.359 S_000003
   5 P  -172.604  161.126  159.864  155.138 -101.607 -139.360  -48.863  -40.948  155.621   78.591    0.319081    0.026124   -1.484098   -0.731166   -0.944630   -1.986654   -1.887978   -0.700564   -1.211859    7.948  -14.215  -21.354 S_000003
   6 N   155.984  129.455   79.768   93.588  -83.968 -166.768   62.626   23.626  120.512  -19.503    0.362015   -1.338364   -0.658325   -0.883865   -1.663477   -1.483905   -1.890962   -0.718614   -1.199752    8.068  -16.759  -28.120 S_000003
   7 H   -57.755  161.740   56.036   80.549    0.000    0.000   72.323   37.591   93.757   33.109    0.317106   -1.386684   -0.536897   -0.777737   -1.568236   -1.585510   -1.867551   -0.746180   -1.196805    5.902  -21.372  -32.094 S_000003
SCORE:     3.803                  3.803          0          0          1    S_000004
   1 H     0.000  170.252   55.279   84.488 -127.907  -85.214   53.983   34.857   92.615  -15.435    0.343954   -1.316832   -0.684166   -0.786746   -1.433636   -1.711732   -1.894072   -0.705777   -1.208188    3.794    0.984    0.238 S_000004
   2 N   156.962  178.579 -167.811   86.349 -135.605  -64.893   63.481   36.418   95.976  -16.102    0.331241   -1.345785   -0.616987   -0.767103   -1.488494   -1.651697   -1.841209   -0.691712   -1.226263    6.544   -3.091   -4.618 S_000004
   3 P  -148.588  133.443  138.027   85.064 -127.867  -81.381   73.376   37.219   95.049  -13.856    0.320946   -1.350869   -0.610637   -0.781786   -1.471736   -1.659254   -1.868671   -0.699104   -1.208886    7.377   -7.106   -9.919 S_000004
   4 N   -70.088 -168.791   59.124  145.389 -132.858  147.709  128.046  -32.808  150.801   26.119    0.334288   -0.170043   -1.477567   -0.820665   -1.040289   -1.964547   -1.944110   -0.688192   -1.197251    6.865  -12.383  -14.012 S_000004
   5 P   145.559 -147.661 -179.920   89.636 -147.948 -121.251  142.316   19.265  124.361   72.826    0.378876   -1.314939   -0.680925   -0.895597   -1.696331   -1.431095   -1.862822   -0.708039   -1.208086    6.632  -16.991  -18.970 S_000004
   6 P   -91.489 -171.862   60.190  151.408 -141.915  146.948  126.268  -35.959  150.845  170.483    0.328252   -0.054211   -1.490136   -0.790867   -0.952189   -2.007261   -1.913874   -0.676102   -1.216425    9.011  -19.921  -24.858 S_000004
   7 H   -66.020  175.072   68.006   84.464    0.000    0.000   74.869   35.627  102.853  170.528    0.317234   -1.395316   -0.525092   -0.807820   -1.609530   -1.537058   -1.849264   -0.703803   -1.218398   11.384  -20.422  -30.266 S_000004
SCORE:     3.730                  3.730          0          0          3    S_000005
   1 H     0.000  170.252   55.279   75.297 -125.287  -92.902   68.083   43.727   88.655  179.933    0.259591   -1.426414   -0.459670   -0.765806   -1.534850   -1.587000   -1.850409   -0.715183   -1.218457    3.794    0.984    0.238 S_000005
   2 P   168.992 -156.630  174.212   86.705 -137.197 -119.664  108.197   33.640   99.366  -15.229    0.329923   -1.352776   -0.624135   -0.819988   -1.531632   -1.621327   -1.886817   -0.697388   -1.214338    6.278   -3.145   -4.672 S_000005
   3 N   167.952 -167.959  154.203  145.211 -155.376 -167.633   19.536  -32.174  148.043  -55.599    0.332777   -0.133501   -1.484945   -0.828850   -0.980089   -2.013944   -1.953344   -0.695714   -1.205944    7.462   -7.552  -10.253 S_000005
   4 N   159.691 -170.590 -174.109   88.343 -146.100  -64.645   64.868   37.125   98.321   81.301    0.318687   -1.369463   -0.573472   -0.783925   -1.523176   -1.616361   -1.852265   -0.662433   -1.260222    9.716  -12.927  -14.547 S_000005
   5 P   -58.139 -157.673   47.097  137.273 -121.019 -162.787  123.042  -30.005  146.949   90.282    0.362862   -0.328184   -1.452129   -0.810759   -1.192878   -1.901264   -1.935428   -0.771670   -1.158457   11.609  -17.682  -18.375 S_000005
   6 P   107.645  177.113 -151.446  121.171 -147.326  -97.859   90.040   -9.304  132.582 -149.400    0.420710   -0.720589   -1.277335   -0.858548   -1.316539   -1.850888   -1.956492   -0.719478   -1.189242   12.210  -21.795  -24.179 S_000005
   7 H   -53.592  152.061   59.663   73.427    0.000    0.000   74.942   43.621   98.767  -20.329    0.259598   -1.458513   -0.349162   -0.757371   -1.646872   -1.449619   -1.823190   -0.720432   -1.226027   12.903  -25.607  -28.799 S_000005
SCORE:     3.897                  3.897          0          0          1    S_000006
   1 H     0.000  170.252   55.279   82.491 -143.775  -70.079   80.916   35.007   95.317  -15.134    0.359439   -1.330258   -0.659584   -0.757349   -1.462312   -1.678625   -1.853158   -0.696653   -1.222075    3.794    0.984    0.238 S_000006
   2 N  -162.335 -115.976  123.191   89.015  175.258 -173.476   79.260   17.306  130.746  -80.581    0.379421   -1.301197   -0.739786   -0.920270   -1.669913   -1.460581   -1.919630   -0.732482   -1.173204    6.137   -3.451   -4.260 S_000006
   3 P   152.152 -163.414 -179.476   84.601 -123.902  -66.177 -118.488   34.496  101.644  -20.596    0.339854   -1.349021   -0.617645   -0.796396   -1.515504   -1.627416   -1.872576   -0.688085   -1.219292    8.071   -7.314   -9.848 S_000006
   4 P  -126.545  103.340  172.353   84.494 -124.870  -74.097   46.298   37.057   94.038  -17.464    0.328095   -1.349179   -0.624880   -0.778365   -1.465128   -1.675774   -1.878650   -0.694264   -1.217005    8.755  -11.303  -14.690 S_000006
   5 P   -66.860  176.765   55.193   85.869 -146.730  -98.752   70.335   34.852   93.820 -120.170    0.340465   -1.319448   -0.682438   -0.788911   -1.438981   -1.708476   -1.894840   -0.695840   -1.218266   10.363  -14.506  -20.003 S_000006
   6 P   171.747  153.395  159.041  148.712 -150.900 -143.856  163.298  -31.676  141.216  -34.261    0.335662   -0.099384   -1.482186   -0.823846   -0.920479   -2.044532   -1.934389   -0.708140   -1.198506    7.707  -18.247  -25.541 S_000006
   7 H   -58.569  175.091   49.152   81.126    0.000    0.000   82.542   37.971   92.611  -74.410    0.325655   -1.363125   -0.582809   -0.769947   -1.489464   -1.642149   -1.862879   -0.701338   -1.220590    7.862  -22.278  -30.745 S_000006
SCORE:     3.780                  3.780          0          0          1    S_000007
   1 H     0.000  170.252   55.279   84.710 -113.942  -73.034   64.932   38.781   84.983  -17.794    0.330294   -1.281940   -0.737712   -0.754974   -1.272065   -1.821394   -1.890568   -0.663844   -1.226173    3.794    0.984    0.238 S_000007
   2 P   168.992 -156.630  174.212   86.705 -137.197 -119.664  108.197   33.640   99.366  -15.229    0.329923   -1.352776   -0.624135   -0.819988   -1.531632   -1.621327   -1.886817   -0.697388   -1.214338    4.557   -3.485   -4.438 S_000007
   3 N   167.952 -167.959  154.203  145.211 -155.376 -167.633   19.536  -32.174  148.043  -55.599    0.332777   -0.133501   -1.484945   -0.828850   -0.980089   -2.013944   -1.953344   -0.695714   -1.205944    3.913   -8.141   -9.904 S_000007
   4 P   145.834  169.864  160.515  116.771 -150.825  -95.969  116.851    6.639  112.778  -49.780    0.428419   -0.827735   -1.201961   -0.850477   -1.142936   -1.957796   -1.955336   -0.681649   -1.210816    3.522  -14.022  -14.177 S_000007
   5 P  -107.553   94.017  159.811   80.200 -113.932  -66.218   51.551   35.791   98.328  -20.041    0.332026   -1.375208   -0.546709   -0.788726   -1.560121   -1.561548   -1.862246   -0.719458   -1.204166    4.304  -18.769  -17.560 S_000007
   6 N  -174.783  120.716  177.399  150.472 -127.479 -150.643  -46.738  -38.379  156.036  172.165    0.295515   -0.075973   -1.493365   -0.801078   -1.032701   -1.963612   -1.942754   -0.690149   -1.211052    5.424  -23.550  -22.380 S_000007
   7 H     0.000 -104.500  -78.357 -270.666    0.000    0.000   85.386   36.790   89.879  -12.602    0.319327   -1.324827   -0.677404   -0.790197   -1.401448   -1.723705   -1.903610   -0.702736   -1.208567    7.965  -24.820  -27.227 S_000007
SCORE:     3.946                  3.946          0          0          0    S_000008
   1 H     0.000  170.252   55.279   92.646 -115.814  -82.337   68.507   38.173   78.743  -25.508    0.345255   -1.238670   -0.814517   -0.745773   -1.164638   -1.877016   -1.904538   -0.720105   -1.198041    3.794    0.984    0.238 S_000008
   2 P   171.747  153.395  159.041  148.712 -150.900 -143.856  163.298  -31.676  141.216  -34.261    0.335662   -0.099384   -1.482186   -0.823846   -0.920479   -2.044532   -1.934389   -0.708140   -1.198506    6.045   -2.485   -5.460 S_000008
   3 P   -86.165 -174.264   59.636   91.856 -163.323  -71.038   91.176   35.891   91.893  -15.140    0.322189   -1.335184   -0.647413   -0.797362   -1.454764   -1.680549   -1.898036   -0.707161   -1.201487    9.566   -6.091  -10.197 S_000008
   4 P  -144.903  127.221 -177.876   83.037 -138.999  -74.859   73.756   32.146   98.685  179.949    0.361076   -1.325429   -0.666502   -0.795029   -1.507480   -1.648622   -1.876021   -0.717484   -1.203681   10.478  -10.439  -14.956 S_000008
   5 N  -173.868 -178.616  179.685   86.902 -146.045  -72.431   81.778   39.756   88.577  -12.629    0.302540   -1.355778   -0.621490   -0.770300   -1.422934   -1.707921   -1.886028   -0.702878   -1.216575   12.009  -13.740  -20.815 S_000008
   6 P   148.018 -159.875 -170.615   87.549 -119.792 -112.836  138.540   18.188  129.368 -128.410    0.355368   -1.375549   -0.603355   -0.943437   -1.797650   -1.296900   -1.849026   -0.736252   -1.191218   11.472  -17.145  -26.242 S_000008
   7 H   162.025 -157.419  167.990   83.000    0.000    0.000   65.133   38.542   88.786  -78.730    0.322383   -1.345501   -0.631780   -0.765958   -1.428363   -1.705892   -1.879870   -0.695868   -1.221850    9.424  -19.456  -32.588 S_000008
SCORE:     4.025                  4.025          0          0          0    S_000009
   1 H     0.000  170.252   55.279   87.845 -133.859  -77.614   72.407   41.248   86.316  -20.197    0.325824   -1.308964   -0.714418   -0.721466   -1.269503   -1.820655   -1.871528   -0.685975   -1.228661    3.794    0.984    0.238 S_000009
   2 N   154.453 -138.292  168.142   87.170  -91.684 -131.245   70.959   30.507  104.033  -13.126    0.352127   -1.329675   -0.667614   -0.827063   -1.539136   -1.622829   -1.893458   -0.701079   -1.209808    5.917   -3.608   -3.556 S_000009
   3 P   164.423 -126.231  176.251   91.863 -148.152  -95.447   90.726   36.141   94.787  -18.747    0.308216   -1.335123   -0.633984   -0.806988   -1.469271   -1.673926   -1.899392   -0.725780   -1.196649    4.839   -7.468   -9.109 S_000009
   4 P  -126.545  103.340  172.353   84.494 -124.870  -74.097   46.298   37.057   94.038  -17.464    0.328095   -1.349179   -0.624880   -0.778365   -1.465128   -1.675774   -1.878650   -0.694264   -1.217005    4.175  -11.448  -14.037 S_000009
   5 N  -175.101 -147.674  159.572  141.718  176.133  146.872   62.364  -31.811 -103.226   76.911    0.331832   -0.177856   -1.485199   -0.843536   -1.029654   -1.962328   -1.977627   -0.691472   -1.204184    4.341  -15.143  -19.615 S_000009
   6 N   167.952 -167.959  154.203  145.211 -155.376 -167.633   19.536  -32.174  148.043  -55.599    0.332777   -0.133501   -1.484945   -0.828850   -0.980089   -2.013944   -1.953344   -0.695714   -1.205944    3.677  -20.170  -24.710 S_000009
   7 H   -60.584 -112.519  -69.079  106.170    0.000    0.000  164.441   -3.140  135.043 -170.108    0.445626   -0.858437   -1.186027   -0.869478   -1.382080   -1.770539   -1.947288   -0.687305   -1.199117    5.718  -24.792  -28.864 S_000009
SCORE:     3.918                  3.918          0          0          2    S_000010
   1 H     0.000  170.252   55.279   84.728 -126.034  -74.853   65.379   40.642   78.871  -17.389    0.327291   -1.292718   -0.722227   -0.732796   -1.248959   -1.821191   -1.886018   -0.669615   -1.232774    3.794    0.984    0.238 S_000010
   2 P   145.559 -147.661 -179.920   89.636 -147.948 -121.251  142.316   19.265  124.361   72.826    0.378876   -1.314939   -0.680925   -0.895597   -1.696331   -1.431095   -1.862822   -0.708039   -1.208086    5.411   -3.690   -3.585 S_000010
   3 P   179.384  109.463 -179.306   83.839 -158.740  -52.055  120.779   32.850   99.335   19.855    0.340501   -1.350176   -0.625714   -0.813365   -1.547777   -1.612043   -1.885995   -0.722023   -1.202003    6.661   -8.710   -8.567 S_000010
   4 P  -170.283  161.190 -176.306  140.990 -163.860 -102.059  133.153  -32.306  149.951  165.152    0.350717   -0.168927   -1.477787   -0.803819   -1.029144   -1.981828   -1.933928   -0.657356   -1.225843    7.019  -12.761  -13.792 S_000010
   5 N   162.851 -174.181  174.872   89.117 -135.686  -80.471   74.982   34.691   91.621  -18.571    0.348335   -1.303500   -0.710850   -0.781973   -1.406205   -1.739385   -1.894539   -0.695738   -1.212818    9.300  -17.615  -18.166 S_000010
   6 P  -147.370  132.427  163.030   85.740 -133.620  -84.078   67.702   34.176   93.870  -15.107    0.344463   -1.309014   -0.688719   -0.791759   -1.433451   -1.704701   -1.888885   -0.699291   -1.211989   10.549  -22.502  -22.787 S_000010
   7 H   -62.615  175.376   49.972   94.500    0.000    0.000   74.310   24.438  103.852  179.963    0.366506   -1.253009   -0.788092   -0.832398   -1.525638   -1.675021   -1.904815   -0.743692   -1.189231   12.498  -26.857  -27.127 S_000010
