SEQUENCE: gaaaaaaaaaag
SCORE:     score    rna_stub_coord_hack       N_WC      N_NWC       N_BS description
REMARK RNA 
SCORE:     6.634                  6.634          0          0          0    S_000001
   1 H     0.000  170.252   55.279   77.988 -163.802  -74.956   74.059   39.561   94.666 -176.206    0.300314   -1.419970   -0.461422   -0.776328   -1.617638   -1.531356   -1.837822   -0.720574   -1.224694    3.794    0.984    0.238 S_000001
   2 P   -51.696  147.794   39.941  140.316 -137.221 -120.332  120.974  -33.862  150.854   20.610    0.369298   -0.245871   -1.468292   -0.770662   -1.166093   -1.901613   -1.911278   -0.744960   -1.179318    8.656   -0.488   -1.680 S_000001
   3 P   -95.146   79.922  165.186   85.014 -119.295 -153.663   66.114   33.739  100.683 -136.022    0.328777   -1.360527   -0.608919   -0.817938   -1.549218   -1.603974   -1.889720   -0.716707   -1.202847   13.150   -3.412   -0.103 S_000001
   4 N   162.851 -174.181  174.872   89.117 -135.686  -80.471   74.982   34.691   91.621  -18.571    0.348335   -1.303500   -0.710850   -0.781973   -1.406205   -1.739385   -1.894539   -0.695738   -1.212818   20.165   -1.454    0.583 S_000001
   5 P   144.301 -177.457  168.047  118.394  -83.727 -174.250   12.230  -18.258  135.328  -56.346    0.460209   -0.247345   -1.424070   -0.790326   -0.836688   -2.081905   -1.909305   -0.651561   -1.235348   26.720   -2.604    1.560 S_000001
   6 P   -76.947 -153.405  -61.158   84.991 -158.464  -59.834   78.536   32.307  100.945  179.685    0.342251   -1.335468   -0.647648   -0.808007   -1.527998   -1.623293   -1.869234   -0.710451   -1.198567   33.097   -3.446    0.109 S_000001
   7 P   166.333  138.365   55.118  155.106 -121.207  176.665  100.537  -39.471  163.515  -78.552    0.339397   -0.011283   -1.487644   -0.733583   -0.968631   -1.983361   -1.893865   -0.720697   -1.225198   38.052   -6.299    3.885 S_000001
   8 P   167.223 -130.441 -178.374   82.295 -142.978  -73.235   69.197   37.374   94.578 -156.510    0.324684   -1.371068   -0.577949   -0.778213   -1.514777   -1.627160   -1.863633   -0.699814   -1.218037   44.945   -4.765    2.993 S_000001
   9 P  -165.001  161.303 -173.575  133.891 -106.070  178.271  117.532  -28.074  146.438 -179.088    0.378253   -0.295046   -1.451292   -0.812423   -1.111908   -1.949506   -1.943126   -0.708633   -1.198702   51.410   -2.337    3.324 S_000001
  10 P   144.003  172.063  150.176   89.179 -134.720  -76.023  -51.663   30.794   93.596  -28.716    0.363131   -1.327505   -0.625584   -0.797366   -1.563548   -1.576977   -1.891953   -0.782925   -1.158669   57.712   -5.494    4.270 S_000001
  11 P   -56.763 -178.814   37.600  144.348  -68.178  146.991  -53.367  -29.573  152.295   18.215    0.398263   -0.191723   -1.452376   -0.776915   -0.999073   -1.959398   -1.909015   -0.676578   -1.211178   64.014   -6.347    4.481 S_000001
  12 H   143.159 -152.607 -170.075   94.069    0.000    0.000   69.554   29.706   90.525   -8.224    0.368206   -1.219533   -0.821526   -0.814436   -1.329707   -1.790652   -1.924777   -0.714314   -1.189500   70.401   -7.812    4.448 S_000001
SCORE:     6.126                  6.126          0          1          0    S_000002
   1 H     0.000  170.252   55.279   86.651 -158.842  -70.407   77.017   34.732   95.162  179.934    0.334961   -1.331157   -0.664585   -0.795608   -1.468217   -1.686163   -1.889276   -0.698382   -1.216709    3.794    0.984    0.238 S_000002
   2 N   -64.306 -176.426 -164.285   82.733 -164.071  -69.833  150.000   36.169   94.529 -127.396    0.326983   -1.379006   -0.574100   -0.790101   -1.557432   -1.607684   -1.876861   -0.739799   -1.196556    8.863   -1.451   -2.357 S_000002
   3 P   160.815  105.099   88.582   92.840 -161.979 -164.996   83.120   14.294  126.435  -66.900    0.405061   -1.212048   -0.841187   -0.889406   -1.604759   -1.561045   -1.922890   -0.729780   -1.183130   14.310   -0.511    1.939 S_000002
   4 N   167.952 -167.959  154.203  145.211 -155.376 -167.633   19.536  -32.174  148.043  -55.599    0.332777   -0.133501   -1.484945   -0.828850   -0.980089   -2.013944   -1.953344   -0.695714   -1.205944   21.360   -2.168    2.174 S_000002
   5 N   -66.143  170.184   57.249   80.390 -159.493  -65.946   76.998   40.797   91.375  179.919    0.290233   -1.403935   -0.502701   -0.771195   -1.538181   -1.592383   -1.851033   -0.693371   -1.228868   27.652   -0.686    2.038 S_000002
   6 P   151.619 -143.564  168.715   10.088   91.649  106.338   71.213   26.952  100.335  179.884    0.419615   -1.154357   -0.894439   -0.779181   -1.268248   -1.843029   -1.906169   -0.668723   -1.224740   32.953   -2.038    4.879 S_000002
   7 P   -60.599  162.009   59.939  140.771 -155.496 -143.261  171.462  -38.712  164.591  -23.422    0.312444   -0.271307   -1.489031   -0.770005   -1.280109   -1.824124   -1.924378   -0.767040   -1.192114   36.628   -5.468    8.709 S_000002
   8 N  -148.373 -139.480   93.437  142.714  -84.926 -104.598  153.120  -39.852  173.743 -111.853    0.385940   -0.322246   -1.411852   -0.668637   -1.367181   -1.685383   -1.831372   -0.681298   -1.245923   42.100   -9.043   12.103 S_000002
   9 P   -58.446 -149.202   68.661  151.517  -94.388 -167.491  158.879  -36.566  157.616   66.657    0.314545   -0.058212   -1.465433   -0.758064   -0.951472   -2.024794   -1.934304   -0.600686   -1.266513   48.559  -11.090   10.890 S_000002
  10 P    51.708  166.016  165.802  144.117 -158.911  172.559 -116.298  -36.379  164.491  -35.030    0.332415   -0.279857   -1.462557   -0.789069   -1.253212   -1.810639   -1.936782   -0.713043   -1.201460   54.767  -12.937   13.176 S_000002
  11 P   133.231  -95.622  152.652   89.513  169.105 -133.943   80.474   17.341  127.879  -87.358    0.354101   -1.299334   -0.738039   -0.953084   -1.657539   -1.453322   -1.935477   -0.715656   -1.158521   60.797  -13.214   15.343 S_000002
  12 H   -65.280  172.705   51.564   78.278    0.000    0.000   85.040   41.180   90.755  179.905    0.296566   -1.410118   -0.488972   -0.758116   -1.557358   -1.587927   -1.836151   -0.703645   -1.227668   65.949  -16.297   17.212 S_000002
SCORE:     5.741                  5.741          0          0          1    S_000003
   1 H     0.000  170.252   55.279   76.329 -152.618  -79.378   74.379   40.966   97.792  179.924    0.270729   -1.451268   -0.381271   -0.792168   -1.674745   -1.457029   -1.799886   -0.707129   -1.238042    3.794    0.984    0.238 S_000003
   2 P   -34.343 -155.396  137.374  146.406  -75.364 -124.013  126.838  -35.241  155.747   40.514    0.326083   -0.175199   -1.476516   -0.805324   -1.100787   -1.931037   -1.947333   -0.704399   -1.195278    8.692   -0.737   -3.233 S_000003
   3 N   -74.064 -177.704   48.749  150.340 -154.485  153.392  131.849  -33.312  147.447  168.918    0.335143   -0.069542   -1.482537   -0.803152   -0.912200   -2.037999   -1.931248   -0.636521   -1.234597   15.190    1.502   -2.575 S_000003
   4 P   -63.250  175.683   65.794  149.949 -131.110 -149.590  116.670  -46.360  165.701  151.659    0.291047   -0.023190   -1.497427   -0.685692   -1.116595   -1.889345   -1.874813   -0.741826   -1.205416   20.955    1.212   -0.511 S_000003
   5 N   -56.447  161.867   71.832  154.148 -109.816  -92.178  128.922  -38.278  154.303 -154.039    0.326604   -0.049147   -1.486557   -0.759318   -0.992584   -1.984304   -1.907809   -0.697240   -1.218033   27.302    0.371    0.529 S_000003
   6 P  -144.903  127.221 -177.876   83.037 -138.999  -74.859   73.756   32.146   98.685  179.949    0.361076   -1.325429   -0.666502   -0.795029   -1.507480   -1.648622   -1.876021   -0.717484   -1.203681   33.529   -1.786    2.585 S_000003
   7 P   -82.645 -177.969   72.751  145.260 -157.503 -148.229  111.875  -38.545  157.429  -12.075    0.322205   -0.223436   -1.480851   -0.764697   -1.222995   -1.851784   -1.919902   -0.771160   -1.168755   40.093   -2.041    2.820 S_000003
   8 N   -62.175  168.737   52.287   81.888 -139.070 -104.980   85.448   40.731   92.395  -18.481    0.277337   -1.414412   -0.504178   -0.783087   -1.565363   -1.595722   -1.867771   -0.740532   -1.194002   45.993   -3.624    4.991 S_000003
   9 P   -60.047  171.003   59.872  136.864  -95.432  147.564  119.223  -31.971  158.999   16.550    0.359025   -0.323656   -1.446134   -0.808931   -1.227191   -1.844747   -1.951779   -0.702825   -1.202525   52.187   -5.682    5.083 S_000003
  10 N   116.652 -120.299 -166.532   83.340 -100.624 -107.523   46.228   39.220   89.655  -23.998    0.322294   -1.359161   -0.601360   -0.755425   -1.453999   -1.682435   -1.865651   -0.692554   -1.228649   58.189   -7.009    6.161 S_000003
  11 P  -170.283  161.190 -176.306  140.990 -163.860 -102.059  133.153  -32.306  149.951  165.152    0.350717   -0.168927   -1.477787   -0.803819   -1.029144   -1.981828   -1.933928   -0.657356   -1.225843   65.019   -5.278    7.594 S_000003
  12 H   -58.629  159.419   67.580   73.039    0.000    0.000   67.488   45.126   93.823   -5.651    0.238818   -1.477185   -0.235100   -0.768027   -1.720078   -1.351568   -1.782964   -0.740892   -1.205701   70.884   -5.641    8.994 S_000003
SCORE:     6.060                  6.060          0          0          0    S_000004
   1 H     0.000  170.252   55.279   80.814 -155.028  -71.865   77.343   38.578   92.415   36.251    0.316278   -1.376334   -0.569154   -0.771952   -1.505668   -1.636020   -1.858342   -0.686799   -1.233341    3.794    0.984    0.238 S_000004
   2 P    69.065  148.258   61.008  143.351 -152.468 -173.839  -36.031  -32.620  153.760  -38.466    0.355883   -0.282450   -1.458156   -0.797587   -1.187713   -1.889374   -1.939496   -0.751429   -1.176510    7.377   -3.200   -2.407 S_000004
   3 P   148.018 -159.875 -170.615   87.549 -119.792 -112.836  138.540   18.188  129.368 -128.410    0.355368   -1.375549   -0.603355   -0.943437   -1.797650   -1.296900   -1.849026   -0.736252   -1.191218   13.803   -6.220   -1.829 S_000004
   4 P   -68.973  175.912   54.157   82.195 -157.577  -68.204   82.559   38.865   91.366  179.910    0.315093   -1.374056   -0.575284   -0.763769   -1.498214   -1.644822   -1.866060   -0.707167   -1.225525   19.629   -8.473    0.891 S_000004
   5 N  -149.449  161.904  169.889   81.813 -145.400  -65.994  120.751   29.215  116.975    7.240    0.321253   -1.415703   -0.497345   -0.892978   -1.732380   -1.385977   -1.824266   -0.691127   -1.230135   26.121   -7.038    1.767 S_000004
   6 N     0.000 -143.540  -45.121 -208.883  216.002  172.687   88.324  -31.663  138.346  -10.108    0.321477    0.013290   -1.502199   -0.843234   -0.763940   -2.131852   -1.904381   -0.749701   -1.193037   31.807   -7.168    1.976 S_000004
   7 P   -49.997  178.205   28.294  106.721 -137.915  -67.053   77.955   12.848  106.965  176.053    0.411592   -1.020850   -1.057369   -0.849101   -1.333901   -1.850006   -1.938166   -0.726649   -1.187630   36.890   -9.320    4.936 S_000004
   8 P   -82.065 -169.133  159.105  130.152 -118.962 -131.679  102.280  -28.889  151.726  167.282    0.365724   -0.408328   -1.424356   -0.816562   -1.273284   -1.838067   -1.942577   -0.701107   -1.207967   42.722   -7.301    7.214 S_000004
   9 N   167.952 -167.959  154.203  145.211 -155.376 -167.633   19.536  -32.174  148.043  -55.599    0.332777   -0.133501   -1.484945   -0.828850   -0.980089   -2.013944   -1.953344   -0.695714   -1.205944   49.486   -9.861    8.120 S_000004
  10 P   156.757 -162.758  169.525   85.477   88.309   70.721   98.460   24.669  112.096   50.338    0.374471   -1.259777   -0.773805   -0.849735   -1.500510   -1.649134   -1.912316   -0.692393   -1.208159   56.410  -11.045    9.671 S_000004
  11 P   133.992  160.295  154.383   88.688 -110.457  -97.079   71.687   34.022   99.635  -33.240    0.328740   -1.355103   -0.611440   -0.811012   -1.542987   -1.613729   -1.888129   -0.724295   -1.207346   62.870  -10.470   10.903 S_000004
  12 H   -52.272  161.184   48.224   78.955    0.000    0.000   68.195   43.128   88.313  -30.121    0.265919   -1.417555   -0.487353   -0.764452   -1.528579   -1.611863   -1.877700   -0.738630   -1.207303   69.032  -11.563   12.301 S_000004
SCORE:     6.319                  6.319          0          0          2    S_000005
   1 H     0.000  170.252   55.279   79.346  178.004  -77.671   88.583   38.160   94.913  -71.734    0.306672   -1.417741   -0.457570   -0.786316   -1.636105   -1.499876   -1.844700   -0.745495   -1.194232    3.794    0.984    0.238 S_000005
   2 P    41.686 -144.792  168.887  141.293 -114.473  158.897 -101.812  -35.048  170.096   18.533    0.343617   -0.475854   -1.407441   -0.794643   -1.457063   -1.624313   -1.923096   -0.752845   -1.178408    8.611    0.379   -0.820 S_000005
   3 N   -66.624  173.732   51.914   82.031 -144.626  -79.853   88.017   37.386   93.560   89.949    0.326863   -1.360239   -0.598758   -0.770568   -1.495734   -1.651595   -1.863481   -0.692540   -1.228225   14.365   -0.865    0.032 S_000005
   4 N   -56.242  153.978   73.770  143.307  -64.114 -150.572   93.283  -33.396  151.190  -50.064    0.346664   -0.307654   -1.452388   -0.793983   -1.232638   -1.858935   -1.934948   -0.784899   -1.156824   19.365   -3.138    2.181 S_000005
   5 N    58.613 -128.753 -143.587  112.838 -146.626 -165.066  132.608    4.919  123.114 -145.818    0.403241   -0.926770   -1.129895   -0.886065   -1.342956   -1.835181   -1.955315   -0.670969   -1.215761   24.670   -4.508    5.135 S_000005
   6 N   167.952 -167.959  154.203  145.211 -155.376 -167.633   19.536  -32.174  148.043  -55.599    0.332777   -0.133501   -1.484945   -0.828850   -0.980089   -2.013944   -1.953344   -0.695714   -1.205944   31.736   -5.128    6.772 S_000005
   7 P   168.992 -156.630  174.212   86.705 -137.197 -119.664  108.197   33.640   99.366  -15.229    0.329923   -1.352776   -0.624135   -0.819988   -1.531632   -1.621327   -1.886817   -0.697388   -1.214338   38.667   -3.888    8.441 S_000005
   8 N   156.962  178.579 -167.811   86.349 -135.605  -64.893   63.481   36.418   95.976  -16.102    0.331241   -1.345785   -0.616987   -0.767103   -1.488494   -1.651697   -1.841209   -0.691712   -1.226263   45.866   -4.194    9.109 S_000005
   9 P   -50.026  164.051   56.647   86.456 -165.167  -73.084   72.749   32.732  100.789  179.956    0.351802   -1.323262   -0.671139   -0.798592   -1.489253   -1.661162   -1.878861   -0.683349   -1.227476   51.390   -5.006   10.888 S_000005
  10 P  -108.008   79.779  169.411   82.909 -122.883  -80.750   61.728   37.628   90.541   75.007    0.335830   -1.339165   -0.641039   -0.760320   -1.437941   -1.705533   -1.876376   -0.697542   -1.222814   56.396   -5.578   13.132 S_000005
  11 N   -95.425 -155.406   77.947   78.499 -154.163 -122.653  107.035   36.958  102.556  165.680    0.427752   -1.322176   -0.584372   -0.619659   -1.490434   -1.618431   -1.705002   -0.657488   -1.286959   63.064   -4.090   14.556 S_000005
  12 H   -67.454  176.895   52.645   77.478    0.000    0.000   78.199   43.742   84.548   77.288    0.296127   -1.454520   -0.407229   -0.742533   -1.558046   -1.525887   -1.853842   -0.741850   -1.199058   69.444   -5.857   14.183 S_000005
SCORE:     6.417                  6.417          0          1          2    S_000006
   1 H     0.000  170.252   55.279   86.285 -157.284  -76.217   77.222   39.340   87.009  -23.421    0.315655   -1.346867   -0.639677   -0.754866   -1.416188   -1.721955   -1.862765   -0.682107   -1.237529    3.794    0.984    0.238 S_000006
   2 N   -56.242  153.978   73.770  143.307  -64.114 -150.572   93.283  -33.396  151.190  -50.064    0.346664   -0.307654   -1.452388   -0.793983   -1.232638   -1.858935   -1.934948   -0.784899   -1.156824    8.686   -1.111   -1.813 S_000006
   3 P   -70.392 -168.786   67.400  152.714  -79.917 -130.447  140.795  -39.652  156.097   50.861    0.325405   -0.132539   -1.474602   -0.745567   -1.130274   -1.890448   -1.904953   -0.748656   -1.182195   15.233   -3.041   -1.635 S_000006
   4 P   -40.354 -158.817   49.644  128.615 -179.467  167.792  161.168  -26.483  154.594   35.551    0.411607   -0.223169   -1.457199   -0.800461   -0.980869   -1.992723   -1.933841   -0.715384   -1.197698   21.705   -1.231   -0.463 S_000006
   5 P  -166.011 -159.063  128.305   80.104 -136.390  -71.750   75.750   37.773   93.790 -141.032    0.351027   -1.346655   -0.604635   -0.739441   -1.461259   -1.663017   -1.841043   -0.683062   -1.234951   27.473   -5.139    1.645 S_000006
   6 P   -81.969  -86.821 -174.157   75.787 -159.050 -146.501 -176.174   43.715   78.097  179.915    0.307460   -1.373554   -0.609335   -0.719837   -1.311569   -1.716845   -1.872270   -0.619467   -1.275353   31.890   -7.121    6.404 S_000006
   7 P   -72.318  163.866   68.346   78.348 -146.646  -61.180   69.650   39.905   96.321  -26.734    0.268377   -1.428839   -0.440789   -0.802575   -1.629414   -1.503259   -1.836778   -0.710052   -1.220183   37.929   -5.281    7.866 S_000006
   8 N  -117.928  163.085  140.542   74.750 -128.345  -67.509   60.349   40.402   87.581  -19.436    0.267559   -1.415088   -0.468029   -0.794021   -1.570377   -1.532371   -1.895780   -0.772226   -1.165552   43.964   -6.326    9.887 S_000006
   9 P  -147.435  127.997  166.630   86.010 -149.849  -52.650   54.071   32.987   94.972  179.900    0.337657   -1.321837   -0.696632   -0.821902   -1.464736   -1.697730   -1.911618   -0.702420   -1.208143   50.453   -7.393   11.269 S_000006
  10 P  -173.910 -150.992  149.500  127.998 -128.911 -142.558   91.482   -6.193  136.127   15.787    0.408280   -0.788743   -1.262842   -0.923571   -1.317920   -1.806812   -1.984235   -0.740556   -1.116661   56.408   -9.990   11.692 S_000006
  11 P   -69.594  175.597   55.251   77.220 -150.415  -65.815   70.134   41.250   93.034  179.901    0.278730   -1.428080   -0.470175   -0.778551   -1.587180   -1.565442   -1.843501   -0.706763   -1.233960   61.133  -14.518   13.416 S_000006
  12 H   -64.896 -159.420   35.244   88.772    0.000    0.000   79.285   37.741   88.162  -18.874    0.322066   -1.296160   -0.730682   -0.767754   -1.321079   -1.793353   -1.903387   -0.706414   -1.209189   66.953  -17.076   12.433 S_000006
SCORE:     6.316                  6.316          0          0          2    S_000007
   1 H     0.000  170.252   55.279   64.347   94.636   54.887   82.573   48.675   79.500 -172.082    0.236494   -1.446499   -0.384645   -0.709941   -1.538041   -1.581840   -1.824535   -0.742910   -1.216769    3.794    0.984    0.238 S_000007
   2 P   -66.879  175.877   42.777  106.507 -169.227 -102.279   95.320   12.598  112.221 -152.708    0.411186   -1.049045   -1.027559   -0.849382   -1.387630   -1.805285   -1.938393   -0.717014   -1.198510    8.507   -1.019   -0.970 S_000007
   3 P   -83.459 -169.228   58.253   83.358   52.826  125.135  129.335   18.604  127.801   57.716    0.383809   -1.280962   -0.739637   -0.899868   -1.635654   -1.494238   -1.869344   -0.658307   -1.238128   15.029   -2.269   -1.660 S_000007
   4 P   158.515 -168.689  175.032   87.481 -141.368  -57.572   68.996   36.853   89.568  -47.452    0.330227   -1.321880   -0.669347   -0.773457   -1.410689   -1.720635   -1.883577   -0.692040   -1.217422   21.775   -1.106   -2.598 S_000007
   5 N  -148.022  144.508 -177.617   93.488 -141.099  -71.036   13.511   23.881  123.218   -7.754    0.352280   -1.397577   -0.511532   -0.899902   -1.787483   -1.297851   -1.871512   -0.779200   -1.153331   27.985    0.080   -0.650 S_000007
   6 P  -172.604  161.126  159.864  155.138 -101.607 -139.360  -48.863  -40.948  155.621   78.591    0.319081    0.026124   -1.484098   -0.731166   -0.944630   -1.986654   -1.887978   -0.700564   -1.211859   34.731   -0.054    0.849 S_000007
   7 P   -65.896 -164.502   40.359   90.175 -158.672  -87.112  102.458   33.041   91.561 -127.215    0.345106   -1.270454   -0.753868   -0.809638   -1.356321   -1.755975   -1.918344   -0.697744   -1.188275   41.485    1.572    0.910 S_000007
   8 P   -54.894  157.912   63.587   77.026 -153.157  -88.352  143.744   20.468  136.386 -130.143    0.323074   -1.476253   -0.313184   -0.984413   -1.959560   -0.951878   -1.752166   -0.809081   -1.160017   47.093   -0.100    0.270 S_000007
   9 P  -115.592   84.146  168.141   84.273 -145.206  -76.931   59.630   37.254   87.328  179.897    0.336002   -1.320977   -0.673449   -0.766332   -1.394336   -1.731604   -1.888981   -0.705901   -1.209775   52.661   -1.754   -1.035 S_000007
  10 P  -166.643  174.429   51.009   94.950   50.074  146.761  125.488   22.751  101.125   56.346    0.414021   -1.135603   -0.926472   -0.821686   -1.305862   -1.810625   -1.936201   -0.726949   -1.176513   59.007   -0.718   -3.633 S_000007
  11 P  -167.200 -131.423  135.280   86.839 -158.875  -75.765  140.250   35.968   93.284  179.910    0.320765   -1.347235   -0.643969   -0.800359   -1.472294   -1.679922   -1.904488   -0.726813   -1.197436   65.031   -0.668   -0.452 S_000007
  12 H   -66.465 -175.893   48.756   87.122    0.000    0.000   95.959   39.203   88.122  167.299    0.317995   -1.328541   -0.670539   -0.758629   -1.372882   -1.755819   -1.881459   -0.672408   -1.235040   70.930   -2.845   -0.324 S_000007
SCORE:     6.320                  6.320          0          0          0    S_000008
   1 H     0.000  170.252   55.279   81.968 -157.567  -74.205   83.591   33.259   99.168  179.880    0.339037   -1.373574   -0.577444   -0.808527   -1.599014   -1.561283   -1.873909   -0.747296   -1.184824    3.794    0.984    0.238 S_000008
   2 N   -37.990  163.048  116.213  122.568 -115.505 -174.244  163.830  -31.679  174.331  167.562    0.344945   -0.631474   -1.349273   -0.848585   -1.582038   -1.508015   -1.957747   -0.765967   -1.172506    8.586   -1.276   -1.832 S_000008
   3 N   108.508 -176.322  149.924  149.884 -141.669  -82.151   91.714  -37.590  153.199   -4.148    0.314158   -0.097371   -1.491985   -0.784798   -1.043807   -1.970423   -1.924289   -0.726976   -1.191690   15.175   -0.138    0.377 S_000008
   4 P   -76.171 -175.240   50.603   79.359 -153.704  -73.430   78.015   39.338   93.105 -150.197    0.298812   -1.412065   -0.486084   -0.782601   -1.590734   -1.554606   -1.858443   -0.728719   -1.210451   20.204   -4.262    1.603 S_000008
   5 P   -95.146   79.922  165.186   85.014 -119.295 -153.663   66.114   33.739  100.683 -136.022    0.328777   -1.360527   -0.608919   -0.817938   -1.549218   -1.603974   -1.889720   -0.716707   -1.202847   24.887   -6.660    0.938 S_000008
   6 N  -178.810  153.055  135.770  106.704 -138.327 -112.358  127.377   22.478   87.323  -11.418    0.409131   -0.973460   -1.098711   -0.809248   -1.028300   -2.013690   -1.923910   -0.665663   -1.225656   31.354   -7.045    4.146 S_000008
   7 N   -59.739  176.635   43.543   81.566 -158.181  -59.399   92.450   42.911   88.461  179.912    0.285334   -1.389902   -0.552833   -0.748117   -1.449204   -1.680500   -1.843087   -0.635077   -1.266551   37.285   -7.066    7.152 S_000008
   8 P  -136.706  108.987  172.003   86.392 -119.400  -80.189   66.267   34.029   94.186 -167.157    0.341290   -1.319331   -0.667623   -0.795253   -1.455996   -1.672842   -1.885326   -0.702152   -1.204760   42.652   -9.848    8.714 S_000008
   9 P  -167.703 -174.030 -172.706  150.262  -82.754  -98.128  162.319  -37.418  153.934  -96.537    0.341290   -0.123580   -1.479847   -0.753212   -1.075808   -1.949425   -1.900641   -0.697829   -1.213259   48.764  -13.003    9.614 S_000008
  10 P   -87.787  177.868   72.488  125.142 -164.828 -151.898  111.548  -19.213  150.164  -29.735    0.411216   -0.574601   -1.357123   -0.857597   -1.302692   -1.814919   -1.954673   -0.693383   -1.189634   55.502  -13.773   10.082 S_000008
  11 P   168.935  130.259   53.295  151.687 -105.787  158.269   99.642  -39.457  164.899  -78.284    0.311456   -0.213025   -1.473525   -0.773267   -1.229982   -1.822240   -1.928139   -0.719157   -1.203908   62.487  -11.753   10.546 S_000008
  12 H   -72.887  173.730   58.610   76.047    0.000    0.000   77.410   44.409   93.033  152.786    0.238108   -1.450787   -0.375296   -0.777472   -1.626528   -1.507663   -1.823352   -0.693784   -1.251111   68.401  -11.849   10.993 S_000008
SCORE:     6.216                  6.216          0          1          1    S_000009
   1 H     0.000  170.252   55.279   83.380 -154.948  -77.177   80.612   38.961   92.502  -61.483    0.330617   -1.333735   -0.631536   -0.744872   -1.406058   -1.707640   -1.859431   -0.661519   -1.240097    3.794    0.984    0.238 S_000009
   2 P   -63.885  176.243   88.405  110.525  -11.321   97.805  138.618    2.464  123.760   -6.170    0.450177   -0.917171   -1.133319   -0.847185   -1.369447   -1.793062   -1.940297   -0.733061   -1.177710    8.834   -1.167   -2.678 S_000009
   3 P   141.904  -96.556  179.074   81.583   75.912   88.653   92.316   37.790   87.142 -147.623    0.331403   -1.309958   -0.701033   -0.762590   -1.355494   -1.768586   -1.896276   -0.719120   -1.209297   14.583   -0.512   -2.257 S_000009
   4 P   -66.957  165.440   56.283   82.839 -156.264  -61.446   83.029   37.150   91.458  164.590    0.338484   -1.348868   -0.626518   -0.758533   -1.469803   -1.678823   -1.865828   -0.701008   -1.224597   20.435   -0.642   -2.104 S_000009
   5 P  -148.588  133.443  138.027   85.064 -127.867  -81.381   73.376   37.219   95.049  -13.856    0.320946   -1.350869   -0.610637   -0.781786   -1.471736   -1.659254   -1.868671   -0.699104   -1.208886   26.270   -3.530   -1.382 S_000009
   6 P  -170.283  161.190 -176.306  140.990 -163.860 -102.059  133.153  -32.306  149.951  165.152    0.350717   -0.168927   -1.477787   -0.803819   -1.029144   -1.981828   -1.933928   -0.657356   -1.225843   31.873   -6.114    2.001 S_000009
   7 P  -148.588  133.443  138.027   85.064 -127.867  -81.381   73.376   37.219   95.049  -13.856    0.320946   -1.350869   -0.610637   -0.781786   -1.471736   -1.659254   -1.868671   -0.699104   -1.208886   38.175   -6.659    4.544 S_000009
   8 P  -111.522   94.767  166.561   88.583 -129.711  -69.749   53.107   35.310   91.797   40.431    0.335079   -1.293233   -0.731708   -0.793233   -1.356348   -1.764013   -1.908404   -0.671971   -1.221885   43.797   -6.748    6.853 S_000009
   9 P   179.384  109.463 -179.306   83.839 -158.740  -52.055  120.779   32.850   99.335   19.855    0.340501   -1.350176   -0.625714   -0.813365   -1.547777   -1.612043   -1.885995   -0.722023   -1.202003   50.763   -7.122    7.296 S_000009
  10 P  -130.788 -163.391   60.253  137.194  -84.478  178.278  164.096  -28.816  150.256   14.607    0.370898   -0.357755   -1.431390   -0.817294   -1.207939   -1.869509   -1.942881   -0.701390   -1.197150   57.143   -8.329    8.617 S_000009
  11 N   -89.818 -167.844   59.639  153.827 -136.181  139.150  132.646  -37.935  153.424  148.810    0.316975    0.019676   -1.487882   -0.777948   -0.895329   -2.038770   -1.920246   -0.652799   -1.237878   63.010   -8.927   11.429 S_000009
  12 H   -71.189  147.613   43.497   82.651    0.000    0.000   62.660   40.845   87.773  -17.090    0.295941   -1.382700   -0.549738   -0.758111   -1.494103   -1.648307   -1.870569   -0.729980   -1.211963   67.920  -10.288    9.901 S_000009
SCORE:     6.594                  6.594          0          0          2    S_000010
   1 H     0.000  170.252   55.279   81.596 -170.389  -86.968   84.761   35.952   97.292  -36.418    0.320372   -1.379917   -0.546768   -0.797252   -1.576744   -1.569108   -1.881459   -0.753739   -1.187662    3.794    0.984    0.238 S_000010
   2 P  -109.609  164.248   51.953  147.304 -152.795 -151.908  158.553  -38.656  160.522  120.154    0.316857   -0.192056   -1.481277   -0.771103   -1.186620   -1.869355   -1.927277   -0.754323   -1.183567    9.239    0.292   -3.110 S_000010
   3 P    75.788  167.457  -42.389  145.026 -133.506  170.012   82.841  -30.165  146.058  -20.062    0.362107   -0.210771   -1.463815   -0.810727   -1.041823   -1.979678   -1.932850   -0.690416   -1.200546   14.988   -2.365   -0.435 S_000010
   4 P    55.502 -169.839  176.560  144.083 -100.661  -55.582  118.405  -32.080  151.730   27.331    0.354201   -0.255225   -1.460967   -0.810881   -1.142242   -1.908618   -1.944936   -0.725331   -1.182277   21.217   -1.574   -1.683 S_000010
   5 P   -60.344 -173.657   65.712  145.218 -100.727 -121.965  126.478  -33.280  154.493   38.328    0.340229   -0.267868   -1.461197   -0.814660   -1.183651   -1.885493   -1.946255   -0.733197   -1.181534   25.200   -4.098    2.147 S_000010
   6 P   152.152 -163.414 -179.476   84.601 -123.902  -66.177 -118.488   34.496  101.644  -20.596    0.339854   -1.349021   -0.617645   -0.796396   -1.515504   -1.627416   -1.872576   -0.688085   -1.219292   31.308   -7.499    3.167 S_000010
   7 P  -165.123  123.315  171.991   87.033 -153.571  -59.887   73.452   35.136   95.198   -8.374    0.331756   -1.337775   -0.632899   -0.796073   -1.488319   -1.658809   -1.881383   -0.691431   -1.212719   38.139   -7.035    3.630 S_000010
   8 P   -59.635 -160.120   48.664  147.679  -98.057 -148.024  -46.170  -37.674  158.172 -162.643    0.328942   -0.194641   -1.477977   -0.765558   -1.170944   -1.888938   -1.920786   -0.746690   -1.186433   44.399   -6.967    3.848 S_000010
   9 P   104.157  178.144  -40.302  150.427 -156.125 -168.806  148.232  -32.834  148.562  -37.679    0.321419   -0.017447   -1.492081   -0.837455   -0.834550   -2.066063   -1.954638   -0.668392   -1.216091   50.839   -4.635    5.746 S_000010
  10 N    87.700  102.882  173.943   80.639  179.387  -89.021  123.363   29.771  111.733 -133.852    0.323181   -1.404937   -0.532147   -0.876017   -1.705443   -1.440654   -1.882991   -0.746613   -1.187129   57.043   -7.704    4.500 S_000010
  11 N  -162.335 -115.976  123.191   89.015  175.258 -173.476   79.260   17.306  130.746  -80.581    0.379421   -1.301197   -0.739786   -0.920270   -1.669913   -1.460581   -1.919630   -0.732482   -1.173204   62.663   -9.850    7.575 S_000010
  12 H   -67.732  168.834   67.495   75.518    0.000    0.000   73.123   39.956   99.086  178.610    0.262022   -1.468650   -0.308541   -0.816992   -1.757536   -1.352425   -1.810531   -0.754740   -1.204838   66.162  -11.808   12.636 S_000010
