SEQUENCE: gaaaaaaaag
SCORE:     score    rna_stub_coord_hack       N_WC      N_NWC       N_BS description
REMARK RNA 
SCORE:    12.943                 12.943          0          1          1    S_000001
   1 H     0.000  170.252   55.279  112.114  -50.233  100.032  142.152    7.620  134.238  -12.482    0.408427   -1.051404   -1.049250   -0.920999   -1.432612   -1.708802   -1.954475   -0.622872   -1.227042    3.794    0.984    0.238 S_000001
   2 P   154.773 -124.746  178.096   93.542 -170.707  -29.830   88.212   29.318   98.893  -17.178    0.375116   -1.267372   -0.778337   -0.806030   -1.424960   -1.731957   -1.917613   -0.719206   -1.201246    7.361    4.792   -1.906 S_000001
   3 N   -63.362 -146.499   44.353   91.380 -175.874  -89.715  132.553   32.770   93.101  171.704    0.347767   -1.302464   -0.706765   -0.812611   -1.429538   -1.701126   -1.919884   -0.728240   -1.171971   11.299    8.601   -4.152 S_000001
   4 P  -166.924 -154.036  159.889   90.332 -178.658 -136.635   73.477   26.413  115.255    3.673    0.345049   -1.323606   -0.689620   -0.882069   -1.572952   -1.568229   -1.923026   -0.712384   -1.176451   14.003   14.528   -6.068 S_000001
   5 P  -176.305  137.307  171.043   85.565 -130.646 -105.768   74.681   34.485   99.287   -2.152    0.332425   -1.340365   -0.638706   -0.805513   -1.489131   -1.649123   -1.873865   -0.673556   -1.222220   19.027   19.545   -6.883 S_000001
   6 P  -167.631  177.125   63.936  148.721 -114.320  176.453   96.592  -39.276  160.663  -80.184    0.315889   -0.217056   -1.474414   -0.766409   -1.232285   -1.836424   -1.924195   -0.750433   -1.184996   22.141   26.072   -7.099 S_000001
   7 P  -154.050  145.148  124.520   89.904 -156.931 -129.437   98.571   22.752  116.377   53.243    0.366115   -1.304268   -0.738772   -0.890164   -1.596323   -1.568220   -1.925176   -0.727709   -1.180955   26.136   30.567   -9.783 S_000001
   8 P   -61.283 -177.230   55.326   84.035 -148.774  -51.011   71.164   36.592   96.846  159.384    0.317777   -1.382439   -0.557563   -0.794701   -1.560432   -1.592568   -1.865193   -0.705978   -1.219850   27.313   36.473  -12.591 S_000001
   9 N   -97.944  144.143  116.364  107.390 -146.299  170.116   62.722   -5.024  141.666   18.042    0.428033   -0.968284   -1.110263   -0.900109   -1.566329   -1.597061   -1.953408   -0.750813   -1.156653   31.226   40.026  -14.992 S_000001
  10 H   -46.412  160.650   48.248   81.483    0.000    0.000   81.900   39.607   89.857  166.643    0.306747   -1.383643   -0.536809   -0.761410   -1.522251   -1.612098   -1.849818   -0.726281   -1.205555   31.577   45.779  -16.837 S_000001
SCORE:    12.879                 12.879          0          1          1    S_000002
   1 H     0.000  170.252   55.279  103.353   -2.302  179.785   83.274    7.666  128.253    3.047    0.444741   -0.996886   -1.066796   -0.857338   -1.384617   -1.772097   -1.914764   -0.632548   -1.234425    3.794    0.984    0.238 S_000002
   2 P   148.676 -165.600 -170.434   82.795 -127.847  -99.219   77.270   36.905   94.303  -60.066    0.302431   -1.388814   -0.560459   -0.809846   -1.564362   -1.602826   -1.893046   -0.745849   -1.192433    6.933    3.676   -5.034 S_000002
   3 P   119.802 -147.111 -144.526  109.569 -143.800  -81.732   76.992   10.507  113.777 -142.370    0.392724   -1.039526   -1.039210   -0.879472   -1.411159   -1.786625   -1.952807   -0.730573   -1.180027    7.562    8.888   -8.622 S_000002
   4 N  -174.783  120.716  177.399  150.472 -127.479 -150.643  -46.738  -38.379  156.036  172.165    0.295515   -0.075973   -1.493365   -0.801078   -1.032701   -1.963612   -1.942754   -0.690149   -1.211052    8.442   14.414  -12.908 S_000002
   5 P   -84.282  173.509   67.304   79.726 -161.623  -72.219   83.806   39.709   89.194  -24.372    0.317543   -1.371292   -0.583558   -0.752345   -1.459653   -1.660192   -1.838323   -0.672066   -1.238103   12.442   17.726  -17.293 S_000002
   6 P   -73.299 -153.922   37.561  134.376 -117.922  179.990  135.214  -32.500  159.044 -172.187    0.341690   -0.483427   -1.410623   -0.819998   -1.428805   -1.692496   -1.939475   -0.755895   -1.172241   15.656   22.556  -20.320 S_000002
   7 P   101.545 -166.544 -165.818  126.065 -162.988  -99.544   98.876  -15.674  141.015 -159.461    0.397392   -0.610821   -1.338979   -0.860837   -1.287097   -1.866209   -1.963161   -0.695831   -1.206560   19.066   28.429  -21.301 S_000002
   8 P   146.615 -167.000 -169.815   82.470 -132.725  -70.289   71.708   40.712   88.644   81.510    0.299093   -1.387817   -0.540911   -0.761575   -1.502633   -1.637962   -1.858264   -0.706118   -1.223254   20.578   34.410  -23.957 S_000002
   9 P  -121.268   96.255  160.858   84.068 -129.224  -75.533   52.974   39.319   83.507  163.622    0.314545   -1.331005   -0.665243   -0.765492   -1.368406   -1.749613   -1.901059   -0.720680   -1.199163   21.926   40.011  -26.186 S_000002
  10 H   -71.774 -173.446   46.450   82.440    0.000    0.000   84.044   34.676   96.339 -151.097    0.328663   -1.365566   -0.592732   -0.806037   -1.551525   -1.602163   -1.886416   -0.732015   -1.196997   23.773   45.058  -29.994 S_000002
SCORE:    12.925                 12.925          0          1          2    S_000003
   1 H     0.000  170.252   55.279  125.364  -68.361  102.839  121.622  -11.330  157.561   18.152    0.409062   -0.835566   -1.214715   -0.914311   -1.467259   -1.617021   -1.946189   -0.649225   -1.200841    3.794    0.984    0.238 S_000003
   2 P   138.934 -178.509  166.657   87.364 -105.103  -97.274   86.292   35.291   93.547  -22.000    0.327190   -1.331925   -0.669818   -0.802767   -1.448495   -1.699073   -1.903473   -0.702710   -1.210831    6.931    5.212   -1.282 S_000003
   3 P  -104.993  127.762   90.615   79.264 -133.815  -75.470   56.583   38.260   94.324  -26.479    0.301404   -1.426043   -0.432946   -0.785314   -1.672634   -1.473623   -1.854459   -0.791924   -1.170323    9.551   10.546   -3.861 S_000003
   4 N   -70.088 -168.791   59.124  145.389 -132.858  147.709  128.046  -32.808  150.801   26.119    0.334288   -0.170043   -1.477567   -0.820665   -1.040289   -1.964547   -1.944110   -0.688192   -1.197251   15.442   13.313   -4.984 S_000003
   5 N  -175.101 -147.674  159.572  141.718  176.133  146.872   62.364  -31.811 -103.226   76.911    0.331832   -0.177856   -1.485199   -0.843536   -1.029654   -1.962328   -1.977627   -0.691472   -1.204184   20.680   17.182   -7.436 S_000003
   6 P   131.323 -172.365 -165.198   81.904 -159.485  -53.476   75.696   37.026   95.554   71.890    0.344578   -1.372737   -0.555252   -0.748434   -1.556579   -1.599391   -1.832656   -0.719597   -1.222243   23.360   23.597   -8.444 S_000003
   7 P   -89.417 -170.722   56.284   86.265 -158.331 -165.442  129.009   30.619   99.193  -19.241    0.359645   -1.284611   -0.739600   -0.816006   -1.439593   -1.708566   -1.898492   -0.684773   -1.221104   25.539   29.520   -8.377 S_000003
   8 P   167.223 -130.441 -178.374   82.295 -142.978  -73.235   69.197   37.374   94.578 -156.510    0.324684   -1.371068   -0.577949   -0.778213   -1.514777   -1.627160   -1.863633   -0.699814   -1.218037   30.677   34.281   -9.574 S_000003
   9 P   -84.025  166.594   73.067   79.911 -179.348 -123.417   89.779   35.188   98.120  -15.624    0.325054   -1.374806   -0.576496   -0.804974   -1.563205   -1.591934   -1.872365   -0.723717   -1.206138   34.951   38.906  -10.181 S_000003
  10 H   -64.814 -172.179   55.927   84.193    0.000    0.000   76.211   36.049   98.175  -73.319    0.332340   -1.360431   -0.605722   -0.780345   -1.519075   -1.639742   -1.866794   -0.698721   -1.226591   39.132   43.666  -11.695 S_000003
SCORE:    13.575                 13.575          0          0          1    S_000004
   1 H     0.000  170.252   55.279   90.523   30.513 -165.648  115.156   29.221   95.009 -104.840    0.384132   -1.208442   -0.844720   -0.799909   -1.310950   -1.807739   -1.910361   -0.675601   -1.216680    3.794    0.984    0.238 S_000004
   2 P   -54.389  169.426   59.234   80.532 -133.018  -64.979   74.378   36.136   94.253  -22.708    0.344220   -1.355182   -0.604806   -0.765454   -1.501579   -1.634436   -1.852098   -0.700362   -1.226517    6.300    2.331   -5.606 S_000004
   3 N   -53.025 -171.133   66.197  118.744 -156.076 -125.935  159.063  -14.860  157.092  113.222    0.397896   -0.937453   -1.149838   -0.931285   -1.661409   -1.425729   -1.958412   -0.783663   -1.114398    7.599    8.092   -7.713 S_000004
   4 N   -57.380  151.110   57.385   88.433 -160.417 -148.338   69.450   35.017   95.596  -46.719    0.335047   -1.310783   -0.706439   -0.795816   -1.405901   -1.735772   -1.898067   -0.670696   -1.232076    8.430   13.749   -9.960 S_000004
   5 P   145.559 -147.661 -179.920   89.636 -147.948 -121.251  142.316   19.265  124.361   72.826    0.378876   -1.314939   -0.680925   -0.895597   -1.696331   -1.431095   -1.862822   -0.708039   -1.208086    9.740   20.239  -11.975 S_000004
   6 P  -102.895  109.601  144.528   82.736 -132.922  -60.474   59.754   37.644   88.094  -15.825    0.329322   -1.357321   -0.594912   -0.767979   -1.499265   -1.661184   -1.892368   -0.763309   -1.185445   11.617   24.624  -15.658 S_000004
   7 N  -149.449  161.904  169.889   81.813 -145.400  -65.994  120.751   29.215  116.975    7.240    0.321253   -1.415703   -0.497345   -0.892978   -1.732380   -1.385977   -1.824266   -0.691127   -1.230135   13.045   28.545  -20.918 S_000004
   8 P  -173.910 -150.992  149.500  127.998 -128.911 -142.558   91.482   -6.193  136.127   15.787    0.408280   -0.788743   -1.262842   -0.923571   -1.317920   -1.806812   -1.984235   -0.740556   -1.116661   15.095   33.330  -25.085 S_000004
   9 P   166.978  176.904  177.152   84.171 -133.729  -88.107   85.510   32.221   98.769  169.890    0.360736   -1.323192   -0.665088   -0.794830   -1.503909   -1.648578   -1.883310   -0.724059   -1.201750   16.845   39.526  -28.634 S_000004
  10 H  -119.952  159.162  122.950   86.438    0.000    0.000   69.081   35.546   91.495  121.916    0.336673   -1.318089   -0.692173   -0.787385   -1.411856   -1.726594   -1.893706   -0.689905   -1.218612   19.438   43.876  -33.192 S_000004
SCORE:    13.624                 13.624          0          0          1    S_000005
   1 H     0.000  170.252   55.279  149.651  -76.396   99.515  113.723  -35.529  156.890 -160.674    0.329506   -0.150507   -1.479126   -0.792548   -1.070490   -1.944521   -1.924787   -0.667098   -1.217795    3.794    0.984    0.238 S_000005
   2 P    89.781 -178.885  175.219  140.023 -113.525  -86.651  125.936  -29.763  145.297   42.695    0.361226   -0.247789   -1.455288   -0.810444   -1.079188   -1.951630   -1.936185   -0.695753   -1.196885    7.951    4.085    0.597 S_000005
   3 P  -166.924 -154.036  159.889   90.332 -178.658 -136.635   73.477   26.413  115.255    3.673    0.345049   -1.323606   -0.689620   -0.882069   -1.572952   -1.568229   -1.923026   -0.712384   -1.176451   14.511    5.773    1.965 S_000005
   4 P   178.363  159.803  161.213   89.497 -120.228  -82.484   60.039   35.920   90.861  -15.525    0.335843   -1.293218   -0.723787   -0.781309   -1.358486   -1.768889   -1.909203   -0.706088   -1.208672   20.703    8.486    4.356 S_000005
   5 P   -67.236  -69.075 -153.222   75.027 -174.504  -88.660  157.945   40.130  102.688  -15.792    0.275663   -1.457982   -0.342026   -0.800253   -1.719347   -1.397196   -1.772281   -0.700243   -1.246714   26.490   11.302    4.219 S_000005
   6 N   166.417 -156.689  162.873   86.483 -106.467  -81.902   61.475   36.237   84.579 -172.819    0.349934   -1.244415   -0.797356   -0.765578   -1.234940   -1.848206   -1.909593   -0.707790   -1.205054   32.041   14.834    4.408 S_000005
   7 P  -128.384  113.180  162.852   86.269 -121.412  -87.458   58.577   34.811   87.922  -17.940    0.354485   -1.288841   -0.734645   -0.775911   -1.359654   -1.760900   -1.893358   -0.695028   -1.213425   36.947   18.664    6.466 S_000005
   8 P   -52.340  162.445   52.587   85.555 -148.520 -141.259   73.292   35.573   98.353  -25.072    0.330929   -1.363456   -0.593977   -0.795948   -1.529068   -1.619389   -1.853946   -0.675703   -1.243405   42.042   22.166    7.536 S_000005
   9 P    53.260 -156.711  -70.832  101.124  174.935  -86.647  127.664   39.124   73.199 -115.342    0.315238   -1.084078   -1.018786   -0.771366   -0.795549   -2.048683   -1.919607   -0.617186   -1.254678   47.567   24.724    9.125 S_000005
  10 H   -62.680  176.801   47.909   80.817    0.000    0.000   81.406   39.748   90.873  -16.411    0.293682   -1.408635   -0.493817   -0.780286   -1.582053   -1.571761   -1.872307   -0.754066   -1.192086   52.934   25.938    7.021 S_000005
SCORE:    14.131                 14.131          0          0          0    S_000006
   1 H     0.000  170.252   55.279  101.651   24.704   80.004  147.021    7.260  132.110  179.913    0.374722   -1.027061   -1.076613   -0.941605   -1.410014   -1.747423   -2.001967   -0.647310   -1.220870    3.794    0.984    0.238 S_000006
   2 N   130.112   95.322  172.754   90.106   56.912  145.328  104.661    8.381  132.866   62.578    0.456949   -1.143678   -0.910033   -0.837173   -1.613303   -1.559636   -1.911375   -0.786802   -1.156642    8.557    3.817   -0.184 S_000006
   3 P    97.044 -159.469  179.707  155.744  -97.613 -167.920  -41.320  -40.876  161.823 -176.176    0.303889   -0.071282   -1.489084   -0.757469   -1.076729   -1.923939   -1.915183   -0.715022   -1.208509   10.939    8.781   -4.086 S_000006
   4 P   161.096 -117.308 -175.607   79.389   90.284   60.680   91.397   32.771  101.995  116.120    0.352162   -1.329053   -0.682398   -0.805728   -1.480286   -1.673040   -1.896360   -0.695966   -1.213859   12.351   13.693   -8.858 S_000006
   5 P    63.544  122.790 -166.281   81.122   80.476   92.595  110.390   36.760   90.768   25.440    0.343720   -1.272911   -0.748491   -0.760867   -1.293379   -1.801089   -1.878325   -0.629626   -1.251622   13.990   18.067  -13.330 S_000006
   6 P   171.747  153.395  159.041  148.712 -150.900 -143.856  163.298  -31.676  141.216  -34.261    0.335662   -0.099384   -1.482186   -0.823846   -0.920479   -2.044532   -1.934389   -0.708140   -1.198506   16.478   23.815  -15.480 S_000006
   7 P   132.201 -170.136  172.043   82.935 -174.144  -99.458  113.946   35.506  102.658  -57.807    0.296716   -1.397482   -0.505598   -0.833698   -1.628991   -1.513709   -1.843882   -0.692077   -1.232421   18.194   29.140  -19.802 S_000006
   8 N   -48.115 -106.775  -73.524  104.423 -132.204  -76.687   68.572   15.043  105.068  159.198    0.416691   -1.026275   -1.046383   -0.839699   -1.294266   -1.864466   -1.940215   -0.700419   -1.204521   20.944   33.087  -23.879 S_000006
   9 P   -70.532 -152.387   61.287   97.766    5.314  113.633  141.679    5.604  134.976  137.338    0.431893   -1.119414   -0.930191   -0.876357   -1.608094   -1.523687   -1.890934   -0.701381   -1.198501   20.492   39.248  -26.661 S_000006
  10 H   -67.294  177.192   56.485   81.552    0.000    0.000   81.894   38.744   94.420  179.896    0.302530   -1.394645   -0.526413   -0.783957   -1.554594   -1.589606   -1.862589   -0.718810   -1.210082   21.406   43.884  -29.317 S_000006
SCORE:    13.242                 13.242          0          0          2    S_000007
   1 H     0.000  170.252   55.279   85.559  -93.544 -179.937   57.066   35.050   93.575 -130.232    0.343979   -1.322800   -0.671925   -0.783931   -1.448060   -1.702912   -1.888597   -0.693129   -1.222440    3.794    0.984    0.238 S_000007
   2 N  -148.162  164.915  118.385  145.355 -109.323 -178.043  158.161  -25.949  134.973  153.436    0.357113   -0.162484   -1.477571   -0.854725   -0.883260   -2.080780   -1.943630   -0.688761   -1.201220    5.210    3.139   -5.978 S_000007
   3 N   157.145 -163.917  174.973   85.284 -142.049  -62.916   56.069   36.462   95.226  -12.466    0.332555   -1.353240   -0.602362   -0.777665   -1.501272   -1.643383   -1.863406   -0.688084   -1.230329    5.752    7.547  -11.581 S_000007
   4 P  -108.008   79.779  169.411   82.909 -122.883  -80.750   61.728   37.628   90.541   75.007    0.335830   -1.339165   -0.641039   -0.760320   -1.437941   -1.705533   -1.876376   -0.697542   -1.222814    5.408   11.693  -15.438 S_000007
   5 N  -139.048  166.464  170.340   86.512 -154.158  -65.732   70.175   34.223   96.956   10.890    0.341865   -1.327089   -0.657684   -0.792520   -1.472840   -1.667874   -1.873415   -0.684865   -1.220649    6.034   17.882  -18.505 S_000007
   6 P   148.676 -165.600 -170.434   82.795 -127.847  -99.219   77.270   36.905   94.303  -60.066    0.302431   -1.388814   -0.560459   -0.809846   -1.564362   -1.602826   -1.893046   -0.745849   -1.192433    5.977   23.267  -21.958 S_000007
   7 P   -52.340  162.445   52.587   85.555 -148.520 -141.259   73.292   35.573   98.353  -25.072    0.330929   -1.363456   -0.593977   -0.795948   -1.529068   -1.619389   -1.853946   -0.675703   -1.243405    6.160   28.269  -25.913 S_000007
   8 P  -104.993  127.762   90.615   79.264 -133.815  -75.470   56.583   38.260   94.324  -26.479    0.301404   -1.426043   -0.432946   -0.785314   -1.672634   -1.473623   -1.854459   -0.791924   -1.170323    5.659   34.406  -27.134 S_000007
   9 N  -148.162  164.915  118.385  145.355 -109.323 -178.043  158.161  -25.949  134.973  153.436    0.357113   -0.162484   -1.477571   -0.854725   -0.883260   -2.080780   -1.943630   -0.688761   -1.201220    5.726   39.409  -31.891 S_000007
  10 H   103.320 -163.863 -129.105   97.281    0.000    0.000   73.012   36.908   83.018  -15.613    0.305015   -1.179916   -0.921057   -0.798905   -1.066324   -1.968585   -1.932705   -0.638308   -1.240127    7.727   43.231  -37.241 S_000007
SCORE:    13.107                 13.107          0          1          1    S_000008
   1 H     0.000  170.252   55.279   86.807 -100.233  168.282  103.941   35.199   95.654  -20.743    0.317404   -1.315526   -0.708302   -0.817785   -1.398336   -1.735692   -1.906988   -0.659955   -1.232777    3.794    0.984    0.238 S_000008
   2 P   -51.366  159.456   57.860   97.555  162.044 -150.575  116.893   13.664  118.090  -85.317    0.420194   -1.081106   -1.003611   -0.869052   -1.395608   -1.775530   -1.933883   -0.679967   -1.200976    6.072    3.628   -4.610 S_000008
   3 P   -66.371  171.824   53.159   81.077 -151.909 -102.406   86.215   41.126   96.105 -173.389    0.275647   -1.408164   -0.479324   -0.784061   -1.547730   -1.569097   -1.827258   -0.651702   -1.250026    4.611    9.159   -7.427 S_000008
   4 P   -67.601  173.259   58.690  157.464 -135.211 -147.785  162.259  -40.470  165.113 -137.280    0.315507    0.031025   -1.496384   -0.749112   -0.932260   -1.997702   -1.908468   -0.713312   -1.224472    4.084   14.165  -11.519 S_000008
   5 N  -127.306 -149.789   67.856   94.274   53.014  151.190  109.022   20.035  108.313   44.719    0.429328   -1.066193   -0.986820   -0.818325   -1.248042   -1.851121   -1.916966   -0.627477   -1.232384    5.560   19.830  -15.952 S_000008
   6 P  -160.249  166.068  171.487   91.115 -136.630 -101.713   76.539   34.876   95.142  175.357    0.323572   -1.335492   -0.650661   -0.813480   -1.473315   -1.673547   -1.901744   -0.711585   -1.198626    5.166   22.661  -22.273 S_000008
   7 P  -173.910 -150.992  149.500  127.998 -128.911 -142.558   91.482   -6.193  136.127   15.787    0.408280   -0.788743   -1.262842   -0.923571   -1.317920   -1.806812   -1.984235   -0.740556   -1.116661    6.372   28.537  -26.042 S_000008
   8 P   -57.242  171.948   53.624   93.966 -149.841 -103.001  106.732   28.910  100.177 -153.013    0.366142   -1.233384   -0.826011   -0.830207   -1.353338   -1.778621   -1.926226   -0.664622   -1.214413    6.326   33.403  -30.581 S_000008
   9 P   -65.930  169.362   58.764   82.440 -167.476  -74.096   79.204   38.575   89.277  -31.526    0.313022   -1.344486   -0.635367   -0.773879   -1.419794   -1.704570   -1.873277   -0.682346   -1.229406    7.637   38.703  -33.998 S_000008
  10 H   -58.095 -179.716   47.004   82.574    0.000    0.000   80.090   35.583   97.567 -169.039    0.312144   -1.392747   -0.527426   -0.812859   -1.617816   -1.544632   -1.877778   -0.744051   -1.193505    7.809   44.458  -35.752 S_000008
SCORE:    13.251                 13.251          0          0          4    S_000009
   1 H     0.000  170.252   55.279   81.482  -48.128 -174.127   63.568   46.657   79.128  -32.250    0.227007   -1.432377   -0.376966   -0.720364   -1.599067   -1.521959   -1.779063   -0.662959   -1.248677    3.794    0.984    0.238 S_000009
   2 N  -174.783  120.716  177.399  150.472 -127.479 -150.643  -46.738  -38.379  156.036  172.165    0.295515   -0.075973   -1.493365   -0.801078   -1.032701   -1.963612   -1.942754   -0.690149   -1.211052    4.821    3.927   -5.339 S_000009
   3 P   164.423 -126.231  176.251   91.863 -148.152  -95.447   90.726   36.141   94.787  -18.747    0.308216   -1.335123   -0.633984   -0.806988   -1.469271   -1.673926   -1.899392   -0.725780   -1.196649    4.259   10.311   -8.411 S_000009
   4 P   -57.485  160.139   75.855  150.070 -129.358 -140.723  124.656  -40.385  156.749  145.069    0.321419   -0.067867   -1.491898   -0.742948   -1.064012   -1.946365   -1.896169   -0.757348   -1.185391    4.446   15.261  -12.089 S_000009
   5 P  -168.621  177.343  175.673   83.981 -130.698  -83.103   86.287   37.126   93.825 -173.520    0.326691   -1.360752   -0.612108   -0.780568   -1.486223   -1.663273   -1.874036   -0.699277   -1.219705    4.019   20.228  -17.477 S_000009
   6 N   -66.624  173.732   51.914   82.031 -144.626  -79.853   88.017   37.386   93.560   89.949    0.326863   -1.360239   -0.598758   -0.770568   -1.495734   -1.651595   -1.863481   -0.692540   -1.228225    5.545   24.610  -21.980 S_000009
   7 P  -126.179  138.940  177.602  128.870 -175.447  -84.014   96.666  -24.675  144.399   34.291    0.429508   -0.180220   -1.458434   -0.791134   -0.883354   -2.050890   -1.911737   -0.664996   -1.226029    7.832   30.608  -23.345 S_000009
   8 N   -58.837 -176.989   51.165   85.109 -150.039  -71.066   79.807   39.048   87.531   96.966    0.311207   -1.352888   -0.613109   -0.758045   -1.437489   -1.677822   -1.855764   -0.690059   -1.220853    6.355   35.574  -26.499 S_000009
   9 P   -60.344 -173.657   65.712  145.218 -100.727 -121.965  126.478  -33.280  154.493   38.328    0.340229   -0.267868   -1.461197   -0.814660   -1.183651   -1.885493   -1.946255   -0.733197   -1.181534    7.365   41.306  -28.878 S_000009
  10 H  -119.903  176.329   56.027   74.463    0.000    0.000   67.385   39.772   98.638  136.471    0.271153   -1.468352   -0.303962   -0.811131   -1.766364   -1.347027   -1.812675   -0.770903   -1.193650    9.048   47.015  -32.847 S_000009
SCORE:    13.140                 13.140          0          1          1    S_000010
   1 H     0.000  170.252   55.279   83.686 -157.022  169.262   89.834   32.888   96.897 -153.797    0.321955   -1.362332   -0.590456   -0.830205   -1.587423   -1.570629   -1.892637   -0.755105   -1.177270    3.794    0.984    0.238 S_000010
   2 P   161.023  139.121   55.500  153.727 -123.271  175.609   98.961  -39.837  160.777  -92.184    0.316133   -0.114002   -1.485065   -0.754793   -1.110128   -1.910535   -1.913633   -0.713393   -1.208659    5.144    1.084   -6.815 S_000010
   3 P   128.117 -166.032 -161.321   92.406 -136.225  -61.884   63.110   41.031   87.902  -22.327    0.260237   -1.335023   -0.702115   -0.796889   -1.321722   -1.803111   -1.925782   -0.646661   -1.246176    4.513    5.916  -11.848 S_000010
   4 P   166.345  136.515  176.959   87.298 -141.961  -85.985   88.233   36.289   90.829  -13.741    0.336751   -1.319590   -0.670557   -0.773868   -1.420417   -1.716763   -1.889689   -0.708570   -1.210282    5.429   11.815  -15.352 S_000010
   5 P   -53.426  167.329   65.141  115.360 -113.777 -159.626   97.404   -5.403  134.937   56.068    0.427600   -0.829890   -1.204746   -0.881835   -1.388628   -1.769707   -1.954577   -0.702966   -1.187770    6.496   17.363  -17.926 S_000010
   6 N   -40.239  141.621   64.577   74.281 -122.786  -93.440   58.752   39.596  100.589  -28.019    0.283584   -1.440256   -0.385939   -0.797310   -1.678591   -1.439581   -1.823311   -0.734897   -1.211732    7.513   22.486  -21.264 S_000010
   7 P   -56.853  171.990  171.780   85.911 -152.063  -67.001   77.782   35.994   96.437   -4.313    0.328345   -1.349517   -0.609707   -0.788269   -1.498151   -1.642523   -1.865818   -0.680563   -1.230927   10.912   26.989  -24.525 S_000010
   8 P   -82.645 -177.969   72.751  145.260 -157.503 -148.229  111.875  -38.545  157.429  -12.075    0.322205   -0.223436   -1.480851   -0.764697   -1.222995   -1.851784   -1.919902   -0.771160   -1.168755    9.790   32.267  -27.933 S_000010
   9 P  -172.604  161.126  159.864  155.138 -101.607 -139.360  -48.863  -40.948  155.621   78.591    0.319081    0.026124   -1.484098   -0.731166   -0.944630   -1.986654   -1.887978   -0.700564   -1.211859   10.046   37.513  -32.944 S_000010
  10 H   116.288 -132.790 -171.988   84.537    0.000    0.000   51.687   36.799   92.968  -18.821    0.330235   -1.358941   -0.606900   -0.777602   -1.498823   -1.653883   -1.873880   -0.703044   -1.220070   10.070   42.319  -37.499 S_000010
