SEQUENCE: gag
SCORE:     score    rna_stub_coord_hack       N_WC      N_NWC       N_BS description
REMARK RNA 
SCORE:     0.280                  0.280          0          0          0    S_000001
   1 H     0.000  170.252   55.279   89.825 -120.790  -28.608   68.904   21.657  114.062  -19.005    0.377024   -1.269873   -0.761229   -0.871602   -1.588107   -1.592187   -1.923696   -0.749276   -1.172628    3.794    0.984    0.238 S_000001
   2 N   167.952 -167.959  154.203  145.211 -155.376 -167.633   19.536  -32.174  148.043  -55.599    0.332777   -0.133501   -1.484945   -0.828850   -0.980089   -2.013944   -1.953344   -0.695714   -1.205944    2.840   -3.305   -3.694 S_000001
   3 H   -86.392  170.552   74.238   75.794    0.000    0.000   70.312   45.991   91.663  179.880    0.227260   -1.454451   -0.410653   -0.779393   -1.566897   -1.581384   -1.819836   -0.649446   -1.279170    1.647   -9.688   -5.008 S_000001
SCORE:     0.326                  0.326          0          0          0    S_000002
   1 H     0.000  170.252   55.279   87.016 -137.535   16.408   48.629   32.569  100.627  -15.072    0.339692   -1.325801   -0.674473   -0.819538   -1.489408   -1.662393   -1.904433   -0.709991   -1.197992    3.794    0.984    0.238 S_000002
   2 P  -166.924 -154.036  159.889   90.332 -178.658 -136.635   73.477   26.413  115.255    3.673    0.345049   -1.323606   -0.689620   -0.882069   -1.572952   -1.568229   -1.923026   -0.712384   -1.176451    1.981   -2.717   -3.893 S_000002
   3 H   -57.378  173.670   52.001   84.017    0.000    0.000   80.917   37.246   94.239  179.887    0.319451   -1.364616   -0.597172   -0.784744   -1.500511   -1.647623   -1.874208   -0.697499   -1.222837    0.522   -8.898   -4.036 S_000002
SCORE:     0.303                  0.303          0          0          0    S_000003
   1 H     0.000  170.252   55.279   87.016 -137.535   16.408   48.629   32.569  100.627  -15.072    0.339692   -1.325801   -0.674473   -0.819538   -1.489408   -1.662393   -1.904433   -0.709991   -1.197992    3.794    0.984    0.238 S_000003
   2 P  -170.283  161.190 -176.306  140.990 -163.860 -102.059  133.153  -32.306  149.951  165.152    0.350717   -0.168927   -1.477787   -0.803819   -1.029144   -1.981828   -1.933928   -0.657356   -1.225843    2.628   -3.337   -3.431 S_000003
   3 H   -65.637 -178.488   47.039   80.667    0.000    0.000   83.313   38.118   96.864  179.900    0.319351   -1.391590   -0.519872   -0.766241   -1.575831   -1.572917   -1.852377   -0.728126   -1.217859   -0.651   -8.894   -3.483 S_000003
SCORE:     0.308                  0.308          0          0          0    S_000004
   1 H     0.000  170.252   55.279   82.661 -151.196   41.807   81.213   35.627  100.806  -27.560    0.319982   -1.373339   -0.550702   -0.797596   -1.574166   -1.566755   -1.847659   -0.696627   -1.223416    3.794    0.984    0.238 S_000004
   2 P  -170.283  161.190 -176.306  140.990 -163.860 -102.059  133.153  -32.306  149.951  165.152    0.350717   -0.168927   -1.477787   -0.803819   -1.029144   -1.981828   -1.933928   -0.657356   -1.225843    2.452   -3.232   -3.648 S_000004
   3 H   -61.967  168.004   54.761   82.154    0.000    0.000   73.706   35.255   99.999    9.930    0.316837   -1.382549   -0.562152   -0.808984   -1.582719   -1.573638   -1.877143   -0.735896   -1.203538   -1.592   -7.938   -4.044 S_000004
SCORE:     0.303                  0.303          0          0          0    S_000005
   1 H     0.000  170.252   55.279   87.016 -137.535   16.408   48.629   32.569  100.627  -15.072    0.339692   -1.325801   -0.674473   -0.819538   -1.489408   -1.662393   -1.904433   -0.709991   -1.197992    3.794    0.984    0.238 S_000005
   2 P  -170.283  161.190 -176.306  140.990 -163.860 -102.059  133.153  -32.306  149.951  165.152    0.350717   -0.168927   -1.477787   -0.803819   -1.029144   -1.981828   -1.933928   -0.657356   -1.225843    2.628   -3.337   -3.431 S_000005
   3 H   -67.129  175.707   55.393   83.553    0.000    0.000   72.488   38.118   91.330  179.929    0.319151   -1.367898   -0.593390   -0.773058   -1.493234   -1.657594   -1.880303   -0.723268   -1.211319   -0.694   -8.790   -3.453 S_000005
SCORE:     0.304                  0.304          0          0          0    S_000006
   1 H     0.000  170.252   55.279   95.662 -150.167   34.471   93.787   25.332   99.292   -9.090    0.346311   -1.277092   -0.752252   -0.850992   -1.564322   -1.649863   -1.923760   -0.800213   -1.148291    3.794    0.984    0.238 S_000006
   2 P  -170.283  161.190 -176.306  140.990 -163.860 -102.059  133.153  -32.306  149.951  165.152    0.350717   -0.168927   -1.477787   -0.803819   -1.029144   -1.981828   -1.933928   -0.657356   -1.225843    2.679   -2.876   -4.054 S_000006
   3 H  -158.082  145.714  150.973   79.846    0.000    0.000   62.621   36.945   92.666  179.921    0.330200   -1.368949   -0.574886   -0.772991   -1.526801   -1.616781   -1.864402   -0.729894   -1.208502   -0.909   -8.664   -5.507 S_000006
SCORE:     0.298                  0.298          0          0          0    S_000007
   1 H     0.000  170.252   55.279   85.721 -151.744   28.267   85.361   34.061   95.537  -17.249    0.340784   -1.327157   -0.665786   -0.802195   -1.471042   -1.679202   -1.895786   -0.704515   -1.208752    3.794    0.984    0.238 S_000007
   2 P   171.747  153.395  159.041  148.712 -150.900 -143.856  163.298  -31.676  141.216  -34.261    0.335662   -0.099384   -1.482186   -0.823846   -0.920479   -2.044532   -1.934389   -0.708140   -1.198506    3.069   -3.521   -3.713 S_000007
   3 H   -60.276 -175.938   51.307   84.758    0.000    0.000   71.814   34.639  102.270  179.894    0.320265   -1.359018   -0.594244   -0.821692   -1.534114   -1.602246   -1.867342   -0.651983   -1.243802    1.215   -9.951   -3.838 S_000007
SCORE:     0.278                  0.278          0          0          0    S_000008
   1 H     0.000  170.252   55.279  134.600 -118.684  -27.201  114.011  -21.444  147.509   11.369    0.428700   -0.462523   -1.384120   -0.829049   -1.202586   -1.862737   -1.937559   -0.679380   -1.194235    3.794    0.984    0.238 S_000008
   2 N   167.952 -167.959  154.203  145.211 -155.376 -167.633   19.536  -32.174  148.043  -55.599    0.332777   -0.133501   -1.484945   -0.828850   -0.980089   -2.013944   -1.953344   -0.695714   -1.205944    3.482   -1.049   -5.231 S_000008
   3 H   -63.742  168.732   60.291   86.871    0.000    0.000   51.816   36.378   88.701   76.869    0.337301   -1.277158   -0.749912   -0.775734   -1.301549   -1.795771   -1.885338   -0.641117   -1.244322    0.604   -5.209   -9.206 S_000008
SCORE:     0.321                  0.321          0          0          0    S_000009
   1 H     0.000  170.252   55.279   85.860 -107.084  -47.259   58.437   38.077   88.771  -25.779    0.322875   -1.331851   -0.659282   -0.772038   -1.400385   -1.727929   -1.890976   -0.690502   -1.220295    3.794    0.984    0.238 S_000009
   2 N   167.952 -167.959  154.203  145.211 -155.376 -167.633   19.536  -32.174  148.043  -55.599    0.332777   -0.133501   -1.484945   -0.828850   -0.980089   -2.013944   -1.953344   -0.695714   -1.205944    2.873   -3.257   -3.982 S_000009
   3 H   -73.506 -178.748   54.372   80.184    0.000    0.000   75.048   38.802   88.767  179.926    0.314830   -1.380616   -0.548837   -0.766758   -1.519152   -1.613072   -1.854041   -0.718433   -1.212358    2.111   -9.473   -6.242 S_000009
SCORE:     0.280                  0.280          0          0          0    S_000010
   1 H     0.000  170.252   55.279   87.016 -137.535   16.408   48.629   32.569  100.627  -15.072    0.339692   -1.325801   -0.674473   -0.819538   -1.489408   -1.662393   -1.904433   -0.709991   -1.197992    3.794    0.984    0.238 S_000010
   2 P   171.747  153.395  159.041  148.712 -150.900 -143.856  163.298  -31.676  141.216  -34.261    0.335662   -0.099384   -1.482186   -0.823846   -0.920479   -2.044532   -1.934389   -0.708140   -1.198506    2.578   -3.255   -3.675 S_000010
   3 H   -45.181  174.104   55.096   90.661    0.000    0.000  109.923  -28.204  148.584   24.958    0.433092   -0.285940   -1.435368   -0.751057   -1.107586   -1.935733   -1.890806   -0.673526   -1.221993    0.225   -9.305   -3.656 S_000010
