SEQUENCE: gaaaaaaaaag
SCORE:     score    rna_stub_coord_hack       N_WC      N_NWC       N_BS description
REMARK RNA 
SCORE:     9.761                  9.761          0          0          2    S_000001
   1 H     0.000  170.252   55.279   80.283 -161.709  -73.779   76.083   40.893   91.702  179.944    0.291455   -1.413722   -0.486961   -0.766001   -1.570276   -1.579874   -1.845382   -0.713477   -1.230109    3.794    0.984    0.238 S_000001
   2 P  -127.080   93.264 -171.275  103.043 -145.599  -68.794   72.022   24.237   98.054  162.081    0.368889   -1.139815   -0.938800   -0.834081   -1.303776   -1.854765   -1.930691   -0.681896   -1.218704    8.480    0.415   -3.598 S_000001
   3 N   -52.881  167.657   60.124   87.108 -119.592 -122.528   72.019   36.541   93.597  -30.597    0.326528   -1.345812   -0.631997   -0.785987   -1.466151   -1.675144   -1.880310   -0.686177   -1.226165   13.194    2.973   -6.155 S_000001
   4 P  -170.283  161.190 -176.306  140.990 -163.860 -102.059  133.153  -32.306  149.951  165.152    0.350717   -0.168927   -1.477787   -0.803819   -1.029144   -1.981828   -1.933928   -0.657356   -1.225843   16.485    6.275  -11.779 S_000001
   5 N   -80.969 -175.227   49.417   80.924 -153.452 -100.862   79.161   34.744  101.551  -19.887    0.310270   -1.415368   -0.471864   -0.825820   -1.680216   -1.457131   -1.843195   -0.733973   -1.193321   20.798    9.453  -15.697 S_000001
   6 P   -61.653  158.780  111.392  131.953 -117.165 -124.089  113.393  -34.124  172.369  170.567    0.367177   -0.534770   -1.378991   -0.795747   -1.498249   -1.528004   -1.900206   -0.681102   -1.220799   22.812   12.598  -20.613 S_000001
   7 N   159.691 -170.590 -174.109   88.343 -146.100  -64.645   64.868   37.125   98.321   81.301    0.318687   -1.369463   -0.573472   -0.783925   -1.523176   -1.616361   -1.852265   -0.662433   -1.260222   26.555   17.195  -24.745 S_000001
   8 P   -76.439 -155.686   76.097   98.708  168.544 -113.341  126.301    2.278  141.133  172.074    0.410529   -1.103526   -0.968395   -0.933240   -1.621578   -1.502075   -1.924475   -0.687537   -1.196092   29.487   22.344  -27.652 S_000001
   9 P   -67.400 -156.253   70.385   89.207 -165.347 -142.424  149.312   31.170   95.376  179.958    0.339723   -1.283862   -0.739249   -0.826225   -1.443552   -1.722588   -1.912729   -0.711481   -1.205233   33.470   26.172  -31.069 S_000001
  10 P   133.231  -95.622  152.652   89.513  169.105 -133.943   80.474   17.341  127.879  -87.358    0.354101   -1.299334   -0.738039   -0.953084   -1.657539   -1.453322   -1.935477   -0.715656   -1.158521   38.379   29.210  -33.056 S_000001
  11 H  -109.101 -162.844   54.682   86.662    0.000    0.000   82.766   37.963   91.067 -170.072    0.328458   -1.326183   -0.652966   -0.756662   -1.403046   -1.713430   -1.859503   -0.652614   -1.243744   41.898   33.226  -37.524 S_000001
SCORE:     9.227                  9.227          0          1          2    S_000002
   1 H     0.000  170.252   55.279   84.630   53.403  125.435   99.527   33.310   98.365   55.186    0.361021   -1.325991   -0.654624   -0.782111   -1.492447   -1.653433   -1.880037   -0.713331   -1.210919    3.794    0.984    0.238 S_000002
   2 N   156.962  178.579 -167.811   86.349 -135.605  -64.893   63.481   36.418   95.976  -16.102    0.331241   -1.345785   -0.616987   -0.767103   -1.488494   -1.651697   -1.841209   -0.691712   -1.226263    9.057    1.961   -4.123 S_000002
   3 P  -173.910 -150.992  149.500  127.998 -128.911 -142.558   91.482   -6.193  136.127   15.787    0.408280   -0.788743   -1.262842   -0.923571   -1.317920   -1.806812   -1.984235   -0.740556   -1.116661   13.067    6.876   -6.076 S_000002
   4 P  -154.050  145.148  124.520   89.904 -156.931 -129.437   98.571   22.752  116.377   53.243    0.366115   -1.304268   -0.738772   -0.890164   -1.596323   -1.568220   -1.925176   -0.727709   -1.180955   17.033   11.693   -9.440 S_000002
   5 N   167.952 -167.959  154.203  145.211 -155.376 -167.633   19.536  -32.174  148.043  -55.599    0.332777   -0.133501   -1.484945   -0.828850   -0.980089   -2.013944   -1.953344   -0.695714   -1.205944   21.358   16.468  -12.590 S_000002
   6 N   -62.344  163.196   48.508   90.165 -154.569  -88.869   89.709   37.475   83.131 -106.279    0.334910   -1.274379   -0.764083   -0.762517   -1.272554   -1.827051   -1.907783   -0.705855   -1.212298   26.516   18.194  -15.856 S_000002
   7 P   164.307 -156.278 -179.739  140.352 -106.303  -67.596  103.271  -31.578  152.669  167.547    0.355031   -0.298246   -1.455062   -0.807014   -1.184763   -1.890310   -1.940458   -0.730965   -1.183142   29.046   21.202  -21.321 S_000002
   8 P   -56.352 -145.905   48.973   92.870 -146.395  -79.341  154.073   31.730   93.270  -30.421    0.346709   -1.318734   -0.692287   -0.820330   -1.495591   -1.676131   -1.941252   -0.807506   -1.126078   30.411   25.103  -26.408 S_000002
   9 P   -91.489 -171.862   60.190  151.408 -141.915  146.948  126.268  -35.959  150.845  170.483    0.328252   -0.054211   -1.490136   -0.790867   -0.952189   -2.007261   -1.913874   -0.676102   -1.216425   36.032   27.563  -29.159 S_000002
  10 N   154.001 -151.352 -179.891   82.407 -120.265  -97.432   73.456   36.108   93.428  -28.641    0.344713   -1.332998   -0.644622   -0.766566   -1.453473   -1.682803   -1.865678   -0.702813   -1.218244   42.108   29.978  -31.288 S_000002
  11 H   113.478 -137.275 -168.502   87.787    0.000    0.000   64.364   31.687   93.639  128.439    0.369590   -1.278010   -0.746912   -0.787199   -1.414913   -1.736317   -1.897121   -0.723842   -1.202398   47.991   31.471  -31.918 S_000002
SCORE:     9.375                  9.375          0          0          2    S_000003
   1 H     0.000  170.252   55.279   86.792 -176.490  162.873  107.258   32.566   90.568 -160.138    0.346328   -1.300704   -0.708402   -0.808148   -1.442891   -1.702860   -1.905997   -0.739589   -1.175532    3.794    0.984    0.238 S_000003
   2 P   133.231  -95.622  152.652   89.513  169.105 -133.943   80.474   17.341  127.879  -87.358    0.354101   -1.299334   -0.738039   -0.953084   -1.657539   -1.453322   -1.935477   -0.715656   -1.158521    7.523    2.116   -4.762 S_000003
   3 N   162.851 -174.181  174.872   89.117 -135.686  -80.471   74.982   34.691   91.621  -18.571    0.348335   -1.303500   -0.710850   -0.781973   -1.406205   -1.739385   -1.894539   -0.695738   -1.212818   11.704    6.430   -8.162 S_000003
   4 P   -53.263  -84.013  179.931  121.234 -143.667 -130.098   47.916  -25.284  165.035  136.041    0.390724   -0.706993   -1.308555   -0.850770   -1.556537   -1.535396   -1.919063   -0.699958   -1.200243   15.831    9.833  -11.580 S_000003
   5 P   -97.476  136.006   69.320   83.889   39.835  156.241   87.400   28.852  110.560 -104.625    0.361857   -1.302046   -0.693470   -0.827090   -1.509085   -1.616184   -1.840760   -0.611610   -1.256937   18.797   13.723  -15.660 S_000003
   6 P   -80.038  176.179   50.143  140.545 -121.983  142.556  107.539  -32.297  155.179 -171.391    0.337627   -0.341992   -1.448902   -0.822973   -1.251736   -1.833691   -1.956174   -0.751793   -1.167097   21.346   17.237  -20.754 S_000003
   7 N   137.251 -155.716  174.946   86.157 -158.524  -62.955   96.365   33.608   97.563  179.935    0.337271   -1.339152   -0.646554   -0.807939   -1.506066   -1.646908   -1.891233   -0.710544   -1.206045   26.475   19.301  -24.387 S_000003
   8 P   -67.780  169.566   55.337   80.106 -165.258 -116.086   78.433   41.613   92.114  -21.510    0.293408   -1.394096   -0.536144   -0.752705   -1.493140   -1.640821   -1.832884   -0.655131   -1.253745   29.640   21.048  -29.068 S_000003
   9 N  -127.306 -149.789   67.856   94.274   53.014  151.190  109.022   20.035  108.313   44.719    0.429328   -1.066193   -0.986820   -0.818325   -1.248042   -1.851121   -1.916966   -0.627477   -1.232384   34.289   24.575  -33.294 S_000003
  10 P  -168.621  177.343  175.673   83.981 -130.698  -83.103   86.287   37.126   93.825 -173.520    0.326691   -1.360752   -0.612108   -0.780568   -1.486223   -1.663273   -1.874036   -0.699277   -1.219705   39.020   29.577  -34.459 S_000003
  11 H  -125.833  179.865   89.574   80.420    0.000    0.000   67.691   43.940   85.916  -20.483    0.291530   -1.410330   -0.472813   -0.726512   -1.510500   -1.611099   -1.837006   -0.719457   -1.217576   43.032   32.575  -39.300 S_000003
SCORE:     9.365                  9.365          0          0          3    S_000004
   1 H     0.000  170.252   55.279   90.257   13.695 -172.138  100.147   36.829   95.262   23.973    0.314302   -1.335704   -0.661065   -0.793291   -1.427519   -1.706190   -1.882266   -0.650724   -1.248154    3.794    0.984    0.238 S_000004
   2 N  -161.912  144.831  163.138   87.020 -163.361  -72.898   66.879   36.893   92.007  -14.838    0.313333   -1.374187   -0.573869   -0.796398   -1.534179   -1.616031   -1.894495   -0.762736   -1.174099    7.241    3.649   -4.816 S_000004
   3 P  -165.123  123.315  171.991   87.033 -153.571  -59.887   73.452   35.136   95.198   -8.374    0.331756   -1.337775   -0.632899   -0.796073   -1.488319   -1.658809   -1.881383   -0.691431   -1.212719   11.812    7.824   -7.589 S_000004
   4 P  -133.749 -135.407  144.310  130.845 -116.303 -178.649  121.579  -35.275  165.934  163.039    0.368044   -0.566274   -1.363413   -0.770648   -1.563835   -1.500435   -1.902733   -0.799223   -1.154475   15.857   12.318  -10.851 S_000004
   5 P   -63.328  160.022   63.879   86.985 -161.000  -71.888   96.042   32.304   99.927  164.661    0.347658   -1.341762   -0.639567   -0.812822   -1.536358   -1.619057   -1.896271   -0.730688   -1.196821   20.385   13.072  -15.036 S_000004
   6 N   -70.600  168.821   59.288   90.938 -158.614  -67.393   86.146   32.762   98.466   -6.972    0.342766   -1.291336   -0.720780   -0.807046   -1.420580   -1.718085   -1.895235   -0.672698   -1.224387   24.898   14.415  -18.789 S_000004
   7 P  -144.314   99.076  172.862   89.752 -150.115  -50.909   73.012   38.269   87.558  -13.823    0.314845   -1.336581   -0.649747   -0.775354   -1.407816   -1.716305   -1.897506   -0.723584   -1.198856   29.575   17.858  -21.560 S_000004
   8 P   -58.139 -157.673   47.097  137.273 -121.019 -162.787  123.042  -30.005  146.949   90.282    0.362862   -0.328184   -1.452129   -0.810759   -1.192878   -1.901264   -1.935428   -0.771670   -1.158457   32.893   20.935  -25.762 S_000004
   9 P  -175.081  177.888   61.143  152.701 -105.799  170.478  100.743  -40.258  159.966  -51.450    0.305816   -0.136048   -1.487621   -0.761982   -1.147414   -1.893800   -1.920368   -0.739943   -1.195843   38.261   22.608  -30.359 S_000004
  10 N   -78.148  163.513   69.443   88.804 -156.671  -62.464   79.260   40.480   91.247  -28.111    0.304998   -1.358229   -0.589224   -0.746293   -1.421493   -1.665944   -1.803507   -0.599895   -1.264723   42.082   25.470  -34.155 S_000004
  11 H   -64.345 -168.676   53.976   84.085    0.000    0.000   72.536   39.968   88.477  -15.177    0.315045   -1.350935   -0.615582   -0.749828   -1.419683   -1.704669   -1.863306   -0.686304   -1.227760   46.196   29.276  -36.861 S_000004
SCORE:     9.913                  9.913          0          0          2    S_000005
   1 H     0.000  170.252   55.279   81.116 -138.173  -87.266   71.491   42.243   87.524  -17.662    0.295945   -1.393712   -0.545521   -0.742701   -1.472867   -1.661015   -1.866924   -0.732996   -1.206405    3.794    0.984    0.238 S_000005
   2 P   -35.553 -147.403   47.870  144.287 -104.835  134.106  127.437  -30.715  149.079   27.990    0.338579   -0.283670   -1.458990   -0.841439   -1.149681   -1.910701   -1.957558   -0.722047   -1.175952    8.321   -1.004   -3.975 S_000005
   3 P  -127.859 -125.868   49.420  143.743 -162.633 -120.481  129.881  -36.953  159.218  144.673    0.321331   -0.245057   -1.473795   -0.786611   -1.220345   -1.854758   -1.935316   -0.741750   -1.188709   12.336    3.252   -6.442 S_000005
   4 P   -57.485  160.139   75.855  150.070 -129.358 -140.723  124.656  -40.385  156.749  145.069    0.321419   -0.067867   -1.491898   -0.742948   -1.064012   -1.946365   -1.896169   -0.757348   -1.185391   15.667    6.099  -10.833 S_000005
   5 P   148.676 -165.600 -170.434   82.795 -127.847  -99.219   77.270   36.905   94.303  -60.066    0.302431   -1.388814   -0.560459   -0.809846   -1.564362   -1.602826   -1.893046   -0.745849   -1.192433   19.545    8.115  -16.575 S_000005
   6 P   -32.848  142.969   54.184  116.775 -137.644 -166.419  104.672   -9.627  141.274   13.748    0.435272   -0.776691   -1.242502   -0.870906   -1.392523   -1.757466   -1.951387   -0.704083   -1.182785   22.624   10.262  -21.175 S_000005
   7 N  -178.810  153.055  135.770  106.704 -138.327 -112.358  127.377   22.478   87.323  -11.418    0.409131   -0.973460   -1.098711   -0.809248   -1.028300   -2.013690   -1.923910   -0.665663   -1.225656   27.292   13.045  -25.873 S_000005
   8 P  -136.188  147.408  170.784   84.536 -136.102  -73.016   76.513   39.583   86.659  179.914    0.336335   -1.326095   -0.664039   -0.729869   -1.374732   -1.758977   -1.869372   -0.707693   -1.223661   32.075   16.010  -30.000 S_000005
   9 N   160.380  178.006 -175.911   81.427 -138.097  -68.862   64.237   40.356   94.732  168.924    0.345587   -1.380057   -0.526857   -0.712433   -1.520110   -1.625664   -1.795151   -0.681104   -1.268351   36.427   20.469  -32.676 S_000005
  10 P  -122.048   97.641  145.340   80.852 -179.582  -82.000   66.072   37.765   87.897 -167.348    0.313917   -1.371369   -0.559325   -0.781959   -1.527492   -1.614138   -1.894911   -0.777845   -1.173631   40.040   24.969  -34.815 S_000005
  11 H   -63.503 -170.236   48.122   82.265    0.000    0.000   93.107   36.919   95.969  170.175    0.323491   -1.370408   -0.585641   -0.786852   -1.519243   -1.630731   -1.871193   -0.701063   -1.221061   46.024   25.897  -35.749 S_000005
SCORE:     9.243                  9.243          0          0          1    S_000006
   1 H     0.000  170.252   55.279   80.163  138.639 -118.475   72.119   12.082  132.834  -67.239    0.349664   -1.324683   -0.710973   -0.978241   -1.791992   -1.314355   -1.862105   -0.703711   -1.204027    3.794    0.984    0.238 S_000006
   2 P   -84.822  165.539   77.007   82.023 -144.893 -140.751   72.666   34.410  106.707  -90.371    0.361923   -1.369970   -0.578431   -0.767639   -1.551615   -1.568297   -1.785777   -0.612471   -1.270672    7.214    3.982   -3.498 S_000006
   3 P   -61.864  168.385   58.325   83.854 -154.815  -94.162   82.525   37.197   95.852 -175.926    0.303655   -1.395818   -0.519820   -0.803462   -1.582061   -1.554381   -1.864894   -0.726094   -1.203389   11.011    6.690   -8.111 S_000006
   4 P  -131.963  111.649  148.854   88.026 -136.731  -70.473   74.180   34.837   90.415  169.627    0.331994   -1.285485   -0.749691   -0.802246   -1.347360   -1.777932   -1.920759   -0.695904   -1.206415   15.101    7.264  -13.092 S_000006
   5 P  -167.703 -174.030 -172.706  150.262  -82.754  -98.128  162.319  -37.418  153.934  -96.537    0.341290   -0.123580   -1.479847   -0.753212   -1.075808   -1.949425   -1.900641   -0.697829   -1.213259   19.460    9.326  -17.951 S_000006
   6 P   -53.263  -84.013  179.931  121.234 -143.667 -130.098   47.916  -25.284  165.035  136.041    0.390724   -0.706993   -1.308555   -0.850770   -1.556537   -1.535396   -1.919063   -0.699958   -1.200243   20.855   12.039  -23.573 S_000006
   7 N   137.587 -170.533 -171.519   94.799 -145.911  -66.460   70.720   36.799   89.486  -16.397    0.343215   -1.223738   -0.846956   -0.763254   -1.164451   -1.899283   -1.893385   -0.551026   -1.273253   23.725   16.888  -27.870 S_000006
   8 P   -97.972 -152.339   81.706  124.769 -146.581  162.724  125.829  -16.565  146.909   34.182    0.440902   -0.620888   -1.321854   -0.837849   -1.312903   -1.792966   -1.931445   -0.672971   -1.201510   27.429   22.061  -30.312 S_000006
   9 N    61.844  176.013  -67.983  100.599 -158.689  -42.701   84.761   33.455   86.817  -15.590    0.355862   -1.133523   -0.944353   -0.775593   -1.057890   -1.944675   -1.903301   -0.633672   -1.231375   30.663   26.213  -34.241 S_000006
  10 N  -148.162  164.915  118.385  145.355 -109.323 -178.043  158.161  -25.949  134.973  153.436    0.357113   -0.162484   -1.477571   -0.854725   -0.883260   -2.080780   -1.943630   -0.688761   -1.201220   35.726   27.570  -37.932 S_000006
  11 H   -78.244 -175.024   53.398   83.894    0.000    0.000   80.798   40.064   88.822   75.687    0.309494   -1.347946   -0.634747   -0.760545   -1.400005   -1.730303   -1.866169   -0.643153   -1.256126   39.133   31.875  -41.478 S_000006
SCORE:     9.425                  9.425          0          0          0    S_000007
   1 H     0.000  170.252   55.279   84.073 -167.256  -80.522   91.928   37.264   93.367  -16.442    0.325854   -1.360166   -0.595237   -0.773407   -1.495940   -1.643258   -1.865424   -0.694812   -1.224506    3.794    0.984    0.238 S_000007
   2 P  -105.308   88.428  173.781   81.703 -135.206  -62.142   59.644   38.098   90.763   74.845    0.339308   -1.347252   -0.616241   -0.748066   -1.455875   -1.684281   -1.862059   -0.700408   -1.227937    8.390    1.204   -2.794 S_000007
   3 N  -149.449  161.904  169.889   81.813 -145.400  -65.994  120.751   29.215  116.975    7.240    0.321253   -1.415703   -0.497345   -0.892978   -1.732380   -1.385977   -1.824266   -0.691127   -1.230135   13.764    4.452   -5.231 S_000007
   4 P  -168.839  121.189 -176.246   84.421 -162.310  -96.356  108.244   34.304  106.356  -23.636    0.327894   -1.391748   -0.518664   -0.809234   -1.631897   -1.506085   -1.823324   -0.679514   -1.237292   18.526    8.419   -8.194 S_000007
   5 P   144.301 -177.457  168.047  118.394  -83.727 -174.250   12.230  -18.258  135.328  -56.346    0.460209   -0.247345   -1.424070   -0.790326   -0.836688   -2.081905   -1.909305   -0.651561   -1.235348   21.896   13.651  -10.898 S_000007
   6 P    83.922  155.779  172.347  150.835 -109.404 -100.633  -46.095  -39.295  159.270 -110.432    0.315190   -0.142798   -1.487833   -0.765905   -1.137976   -1.900967   -1.919913   -0.741333   -1.190146   25.048   18.376  -15.040 S_000007
   7 P   -53.263  -84.013  179.931  121.234 -143.667 -130.098   47.916  -25.284  165.035  136.041    0.390724   -0.706993   -1.308555   -0.850770   -1.556537   -1.535396   -1.919063   -0.699958   -1.200243   28.966   21.751  -18.875 S_000007
   8 P   -60.812 -146.102   71.756  156.668  -78.282 -169.333  154.499  -36.879  159.613   62.580    0.318603   -0.121311   -1.484608   -0.802024   -1.070048   -1.952590   -1.947726   -0.665159   -1.220540   32.264   26.491  -22.662 S_000007
   9 P  -166.924 -154.036  159.889   90.332 -178.658 -136.635   73.477   26.413  115.255    3.673    0.345049   -1.323606   -0.689620   -0.882069   -1.572952   -1.568229   -1.923026   -0.712384   -1.176451   38.449   28.721  -25.324 S_000007
  10 P   -67.732  163.207   52.324   81.610 -144.784  -69.882   90.114   36.950   91.079  -79.152    0.315599   -1.366557   -0.594508   -0.791446   -1.509115   -1.637866   -1.883305   -0.721396   -1.199797   40.817   30.885  -30.717 S_000007
  11 H    80.477  146.659   47.878   80.937    0.000    0.000   58.056   37.465   96.668  -19.660    0.311064   -1.399717   -0.530172   -0.790850   -1.583413   -1.574157   -1.866233   -0.726314   -1.211016   46.818   32.507  -31.549 S_000007
SCORE:     9.583                  9.583          0          1          2    S_000008
   1 H     0.000  170.252   55.279   79.787 -143.247  -74.323   66.217   39.089   88.907 -163.940    0.304819   -1.383905   -0.557219   -0.780407   -1.504036   -1.626266   -1.879521   -0.730032   -1.200385    3.794    0.984    0.238 S_000008
   2 P  -112.908   84.497  170.464   87.540 -125.413  -77.907   63.669   39.166   84.620  -18.286    0.329033   -1.302810   -0.708279   -0.747225   -1.310337   -1.791840   -1.895668   -0.719297   -1.206481    8.016   -0.077   -3.738 S_000008
   3 P  -133.435  121.623  159.513   84.107 -132.282  -83.506   67.169   34.547   94.201  -27.447    0.328492   -1.348144   -0.633645   -0.807308   -1.509568   -1.647897   -1.897709   -0.723428   -1.200444   12.849    1.901   -7.816 S_000008
   4 P   -63.205  171.353   54.703   80.508 -166.947 -112.593   87.404   39.529   93.956  -19.361    0.312179   -1.391493   -0.527466   -0.762039   -1.531548   -1.601004   -1.844492   -0.705140   -1.217484   17.310    4.893  -11.290 S_000008
   5 P   -56.602  169.819   59.880  148.016 -135.011  178.478  120.148  -32.889  143.708  -19.080    0.344597   -0.101549   -1.481717   -0.800183   -0.950280   -2.028627   -1.919452   -0.736545   -1.187799   21.184    7.497  -15.442 S_000008
   6 P   173.475 -163.583  161.717   83.523 -116.671  -57.910   53.753   34.422   95.716  -23.714    0.341921   -1.318554   -0.688607   -0.795294   -1.440444   -1.709689   -1.896681   -0.684275   -1.220526   25.816   11.061  -19.665 S_000008
   7 P  -165.001  161.303 -173.575  133.891 -106.070  178.271  117.532  -28.074  146.438 -179.088    0.378253   -0.295046   -1.451292   -0.812423   -1.111908   -1.949506   -1.943126   -0.708633   -1.198702   28.461   11.102  -25.793 S_000008
   8 P  -173.910 -150.992  149.500  127.998 -128.911 -142.558   91.482   -6.193  136.127   15.787    0.408280   -0.788743   -1.262842   -0.923571   -1.317920   -1.806812   -1.984235   -0.740556   -1.116661   32.587   15.287  -29.854 S_000008
   9 P   142.990 -157.333 -168.021   81.949 -149.012  -66.119   71.198   43.777   90.331  -21.089    0.268349   -1.386227   -0.533826   -0.747811   -1.438299   -1.663607   -1.829121   -0.660086   -1.293371   35.728   20.361  -33.745 S_000008
  10 P  -128.384  113.180  162.852   86.269 -121.412  -87.458   58.577   34.811   87.922  -17.940    0.354485   -1.288841   -0.734645   -0.775911   -1.359654   -1.760900   -1.893358   -0.695028   -1.213425   38.826   24.889  -36.741 S_000008
  11 H   -92.303  173.785   64.902   79.244    0.000    0.000   73.730   41.648   90.351 -114.814    0.296622   -1.373754   -0.553195   -0.746798   -1.463654   -1.664121   -1.832230   -0.654012   -1.267008   43.393   29.260  -39.164 S_000008
SCORE:     9.477                  9.477          0          1          1    S_000009
   1 H     0.000  170.252   55.279   78.753 -174.167  -92.545   76.001   26.835  118.769  -98.160    0.343572   -1.419501   -0.469561   -0.886912   -1.800161   -1.309086   -1.860345   -0.781888   -1.172366    3.794    0.984    0.238 S_000009
   2 P   -75.584 -132.085   91.249  104.268 -149.224 -171.848  102.423   18.612  131.713   -5.683    0.419027   -1.215611   -0.813500   -0.840430   -1.584066   -1.635919   -1.826410   -0.644085   -1.278143    8.858    0.707   -4.221 S_000009
   3 N   -69.833  136.636   54.653   81.341 -157.183  -67.933   78.465   38.185   94.105  179.873    0.315358   -1.385430   -0.548993   -0.776859   -1.540854   -1.608238   -1.861368   -0.709504   -1.221278   10.943    5.130   -7.504 S_000009
   4 P   -48.285  171.723   57.646   85.102 -138.024  -71.884  111.509   37.286   93.785 -173.380    0.308532   -1.370654   -0.592003   -0.800356   -1.506840   -1.642396   -1.883633   -0.701577   -1.219307   15.590    6.737  -10.648 S_000009
   5 P  -177.156  174.393  173.221   86.263 -149.185  172.593  -72.434   35.860   96.381  -22.673    0.325910   -1.354460   -0.619569   -0.796919   -1.497179   -1.651701   -1.886836   -0.705286   -1.215900   18.274    7.132  -16.971 S_000009
   6 P    96.238 -163.845  160.772   96.997  -90.976  150.532  128.225    3.431  141.405    3.347    0.415546   -1.209078   -0.856694   -0.924130   -1.747826   -1.347543   -1.869134   -0.729192   -1.176064   21.905   11.211  -20.820 S_000009
   7 N    89.309 -128.184 -176.803   85.980 -125.293  -86.866  101.256   32.497   99.896  -13.210    0.337448   -1.344533   -0.644393   -0.824490   -1.531634   -1.627120   -1.898220   -0.710229   -1.207517   24.334   14.023  -25.459 S_000009
   8 P   171.747  153.395  159.041  148.712 -150.900 -143.856  163.298  -31.676  141.216  -34.261    0.335662   -0.099384   -1.482186   -0.823846   -0.920479   -2.044532   -1.934389   -0.708140   -1.198506   28.661   17.104  -30.200 S_000009
   9 P  -154.050  145.148  124.520   89.904 -156.931 -129.437   98.571   22.752  116.377   53.243    0.366115   -1.304268   -0.738772   -0.890164   -1.596323   -1.568220   -1.925176   -0.727709   -1.180955   32.167   21.160  -34.809 S_000009
  10 P   146.274  156.591  179.483   77.635 -152.028  -72.001   75.273   42.982   89.249  178.900    0.287995   -1.419009   -0.477197   -0.735693   -1.550269   -1.599261   -1.819279   -0.700629   -1.234007   35.940   25.090  -39.643 S_000009
  11 H   -66.097  169.253   49.813   84.203    0.000    0.000   84.657   42.207   85.721  -19.772    0.248041   -1.431303   -0.481119   -0.801930   -1.547296   -1.582972   -1.898728   -0.708565   -1.221514   39.255   28.722  -43.228 S_000009
SCORE:     9.497                  9.497          0          0          2    S_000010
   1 H     0.000  170.252   55.279   92.087 -126.762 -175.444    5.750   36.844   83.489 -161.683    0.291803   -1.301324   -0.744827   -0.829081   -1.321843   -1.795495   -1.931989   -0.681367   -1.194776    3.794    0.984    0.238 S_000010
   2 P   -60.692  137.305   60.423   82.142  174.548 -127.899   66.398   30.869  119.096   64.253    0.303071   -1.400949   -0.528367   -0.886923   -1.662484   -1.444081   -1.855101   -0.683786   -1.208925    6.876    3.134   -4.279 S_000010
   3 N   163.087  146.437  171.423   86.530 -122.756  -89.393   58.024   30.220  107.185   -5.480    0.342559   -1.360757   -0.605786   -0.843709   -1.609006   -1.540115   -1.865051   -0.695465   -1.212078    9.587    6.574   -9.904 S_000010
   4 N  -175.101 -147.674  159.572  141.718  176.133  146.872   62.364  -31.811 -103.226   76.911    0.331832   -0.177856   -1.485199   -0.843536   -1.029654   -1.962328   -1.977627   -0.691472   -1.204184   15.314    7.762  -13.558 S_000010
   5 P   164.423 -126.231  176.251   91.863 -148.152  -95.447   90.726   36.141   94.787  -18.747    0.308216   -1.335123   -0.633984   -0.806988   -1.469271   -1.673926   -1.899392   -0.725780   -1.196649   20.816   10.743  -16.775 S_000010
   6 N   -72.115  173.926   58.674   80.664 -142.757 -117.734   87.588   33.427   99.976  -27.527    0.337831   -1.335795   -0.654808   -0.807524   -1.506780   -1.656415   -1.856671   -0.667030   -1.242684   24.707   14.478  -20.433 S_000010
   7 P  -171.683  150.567  158.405   86.589 -114.846 -110.635  130.117   15.638  130.615   37.393    0.367847   -1.318887   -0.687781   -0.936999   -1.752471   -1.366717   -1.880904   -0.733340   -1.188375   30.971   15.285  -23.996 S_000010
   8 P    66.688 -144.704 -163.902  148.105 -139.268 -155.489  -41.230  -37.998  156.482 -171.186    0.307073   -0.167585   -1.483056   -0.788817   -1.141272   -1.898846   -1.932231   -0.728804   -1.188714   36.778   15.295  -26.071 S_000010
   9 P   156.757 -162.758  169.525   85.477   88.309   70.721   98.460   24.669  112.096   50.338    0.374471   -1.259777   -0.773805   -0.849735   -1.500510   -1.649134   -1.912316   -0.692393   -1.208159   42.725   18.496  -28.688 S_000010
  10 P  -105.630  168.475   51.697   82.882 -145.191  -71.492   80.327   40.531   93.690 -113.009    0.335320   -1.380709   -0.563869   -0.728321   -1.442371   -1.641569   -1.842967   -0.674170   -1.249750   45.608   22.468  -31.655 S_000010
  11 H   -59.178  175.682   48.818   83.027    0.000    0.000   83.280   32.834  100.899  -20.129    0.316346   -1.365955   -0.605943   -0.843142   -1.562397   -1.577742   -1.890269   -0.709940   -1.190757   50.673   25.779  -32.886 S_000010
