SEQUENCE: gaaaaaaaaaag
SCORE:     score    rna_stub_coord_hack       N_WC      N_NWC       N_BS description
REMARK RNA 
SCORE:    28.955                 28.955          0          0          1    S_000001
   1 H     0.000  170.252   55.279   84.406 -127.990 -163.282   96.871   34.642   98.709  -22.514    0.325484   -1.373318   -0.581378   -0.809171   -1.570275   -1.588335   -1.880764   -0.726232   -1.200195    3.794    0.984    0.238 S_000001
   2 P   -33.122 -159.568  151.000  146.506 -145.092 -142.672   79.190  -33.668  154.217 -117.811    0.333818   -0.171529   -1.475823   -0.812366   -1.061031   -1.950460   -1.939960   -0.691146   -1.196381    6.459    2.624   -5.455 S_000001
   3 P   168.992 -156.630  174.212   86.705 -137.197 -119.664  108.197   33.640   99.366  -15.229    0.329923   -1.352776   -0.624135   -0.819988   -1.531632   -1.621327   -1.886817   -0.697388   -1.214338    8.292    8.810   -8.747 S_000001
   4 P   145.559 -147.661 -179.920   89.636 -147.948 -121.251  142.316   19.265  124.361   72.826    0.378876   -1.314939   -0.680925   -0.895597   -1.696331   -1.431095   -1.862822   -0.708039   -1.208086   10.261   15.065  -10.796 S_000001
   5 N   155.698 -147.514  169.931   83.393 -124.401  -88.271   60.605   36.805   93.611  -23.064    0.324225   -1.355591   -0.614213   -0.787839   -1.484943   -1.661573   -1.879896   -0.700877   -1.213843   11.069   21.704  -12.629 S_000001
   6 P   -60.812 -146.102   71.756  156.668  -78.282 -169.333  154.499  -36.879  159.613   62.580    0.318603   -0.121311   -1.484608   -0.802024   -1.070048   -1.952590   -1.947726   -0.665159   -1.220540   10.780   28.546  -12.895 S_000001
   7 P   -95.159  161.480   47.812  112.409  174.736  154.463  -71.130  -19.461  170.054  -81.100    0.415201   -0.885345   -1.169585   -0.882371   -1.672561   -1.376524   -1.932323   -0.783884   -1.146065   11.252   35.021  -13.543 S_000001
   8 P   140.004 -161.511  172.648   87.535 -135.875 -127.774  -63.089   27.673  113.365  -21.649    0.351703   -1.359808   -0.617725   -0.860422   -1.647064   -1.511100   -1.888219   -0.728269   -1.197425   13.812   40.532  -17.046 S_000001
   9 N   154.001 -151.352 -179.891   82.407 -120.265  -97.432   73.456   36.108   93.428  -28.641    0.344713   -1.332998   -0.644622   -0.766566   -1.453473   -1.682803   -1.865678   -0.702813   -1.218244   16.114   46.764  -19.430 S_000001
  10 P   -50.353 -155.642   49.514  144.140 -116.281 -177.136  152.040  -34.900  163.032   29.821    0.343286   -0.324128   -1.448346   -0.793398   -1.280886   -1.793255   -1.940277   -0.746673   -1.179096   18.740   52.967  -20.364 S_000001
  11 N    72.777  152.958   42.398  144.047 -127.566  143.787  162.248  -29.028  147.985   42.309    0.362590   -0.190379   -1.469450   -0.819125   -0.987677   -2.010081   -1.940729   -0.628984   -1.240960   23.857   57.767  -20.106 S_000001
  12 H   -62.553  178.107   48.380   80.463    0.000    0.000   80.708   41.789   85.886  -20.612    0.272630   -1.420642   -0.489926   -0.786311   -1.550076   -1.601421   -1.875384   -0.706668   -1.212299   23.123   63.402  -20.913 S_000001
SCORE:    29.528                 29.528          0          0          1    S_000002
   1 H     0.000  170.252   55.279   92.087 -126.762 -175.444    5.750   36.844   83.489 -161.683    0.291803   -1.301324   -0.744827   -0.829081   -1.321843   -1.795495   -1.931989   -0.681367   -1.194776    3.794    0.984    0.238 S_000002
   2 P   -34.343 -155.396  137.374  146.406  -75.364 -124.013  126.838  -35.241  155.747   40.514    0.326083   -0.175199   -1.476516   -0.805324   -1.100787   -1.931037   -1.947333   -0.704399   -1.195278    6.298    3.217   -5.133 S_000002
   3 P   -56.602  169.819   59.880  148.016 -135.011  178.478  120.148  -32.889  143.708  -19.080    0.344597   -0.101549   -1.481717   -0.800183   -0.950280   -2.028627   -1.919452   -0.736545   -1.187799    7.107    9.824   -6.097 S_000002
   4 P   157.623 -160.717 -173.530   81.732 -126.986  -78.095   55.873   33.182   99.599  179.890    0.356342   -1.333174   -0.647864   -0.788987   -1.511153   -1.645318   -1.868281   -0.712487   -1.211563    9.133   16.693   -6.255 S_000002
   5 N   -56.323  174.082   48.088   84.541 -167.213 -103.451   96.804   35.162   95.241  174.082    0.329159   -1.345000   -0.641416   -0.804535   -1.483201   -1.666557   -1.894831   -0.706109   -1.209019   11.843   22.377   -6.883 S_000002
   6 P   178.953  121.420   60.039  137.761  -89.783  162.171   95.568  -36.201  164.047  -85.504    0.329547   -0.376318   -1.443259   -0.795164   -1.365299   -1.724089   -1.935867   -0.737984   -1.183291   17.324   26.744   -8.015 S_000002
   7 P    64.955 -176.237 -159.821  140.474 -124.701  153.667  110.981  -32.781  155.691  -90.814    0.364945   -0.355306   -1.437838   -0.779199   -1.283333   -1.826123   -1.920072   -0.786641   -1.156350   19.494   32.856   -8.267 S_000002
   8 N    90.922  114.471  169.536   85.610 -136.875 -104.260  119.770   29.348  109.939  -14.490    0.338656   -1.376598   -0.581222   -0.858928   -1.661063   -1.497632   -1.883181   -0.729109   -1.201704   22.322   38.888   -6.173 S_000002
   9 P   -87.787  177.868   72.488  125.142 -164.828 -151.898  111.548  -19.213  150.164  -29.735    0.411216   -0.574601   -1.357123   -0.857597   -1.302692   -1.814919   -1.954673   -0.693383   -1.189634   24.872   44.936   -8.146 S_000002
  10 N   -98.041 -137.837  155.725  158.717  -99.849  162.372  109.093  -41.754  160.788   52.267    0.289315   -0.001541   -1.489878   -0.763911   -1.005286   -1.960819   -1.921518   -0.690989   -1.218223   27.954   50.672  -11.217 S_000002
  11 P   152.166 -142.339  171.440   87.047  -87.496 -132.632  108.226   39.621   80.726  -19.997    0.312492   -1.287510   -0.749116   -0.763759   -1.245728   -1.833892   -1.906626   -0.684201   -1.223246   29.309   57.293  -12.524 S_000002
  12 H   -54.175  173.042   50.257   81.841    0.000    0.000   67.824   36.803   92.887  100.277    0.334490   -1.359304   -0.592263   -0.769870   -1.505119   -1.633716   -1.865654   -0.720447   -1.208670   28.767   63.794  -10.670 S_000002
SCORE:    29.805                 29.805          0          1          2    S_000003
   1 H     0.000  170.252   55.279   96.017  158.889  -87.729  123.712    5.242  137.062  139.504    0.419826   -1.118750   -0.955830   -0.906347   -1.606516   -1.551548   -1.939919   -0.735455   -1.169827    3.794    0.984    0.238 S_000003
   2 N  -112.916   73.047  155.670   92.860 -171.372  -82.453   65.163   35.655   85.492  -66.299    0.336241   -1.240374   -0.823639   -0.780957   -1.230774   -1.863275   -1.920568   -0.732246   -1.190282    8.208    2.536   -2.387 S_000003
   3 P   164.307 -156.278 -179.739  140.352 -106.303  -67.596  103.271  -31.578  152.669  167.547    0.355031   -0.298246   -1.455062   -0.807014   -1.184763   -1.890310   -1.940458   -0.730965   -1.183142   10.766    8.536   -2.709 S_000003
   4 N  -174.783  120.716  177.399  150.472 -127.479 -150.643  -46.738  -38.379  156.036  172.165    0.295515   -0.075973   -1.493365   -0.801078   -1.032701   -1.963612   -1.942754   -0.690149   -1.211052   13.811   14.582   -3.750 S_000003
   5 N   167.952 -167.959  154.203  145.211 -155.376 -167.633   19.536  -32.174  148.043  -55.599    0.332777   -0.133501   -1.484945   -0.828850   -0.980089   -2.013944   -1.953344   -0.695714   -1.205944   15.305   21.705   -4.553 S_000003
   6 P   101.545 -166.544 -165.818  126.065 -162.988  -99.544   98.876  -15.674  141.015 -159.461    0.397392   -0.610821   -1.338979   -0.860837   -1.287097   -1.866209   -1.963161   -0.695831   -1.206560   18.119   27.820   -3.604 S_000003
   7 P  -145.272  107.505  161.174   94.670  147.437  143.710   84.320   28.447   90.169 -113.690    0.361024   -1.094483   -0.996074   -0.845065   -1.073377   -1.943138   -1.954076   -0.689021   -1.181845   20.804   33.344   -1.074 S_000003
   8 P   -65.164  159.033   56.810   79.800 -159.071  -77.247   85.040   40.664   89.496 -159.428    0.299393   -1.406838   -0.495298   -0.762935   -1.553094   -1.584933   -1.849401   -0.714334   -1.216870   23.029   39.172   -2.534 S_000003
   9 P   -63.355 -158.305   55.901   80.367   72.714   87.033  140.077   32.808  100.687   46.370    0.341281   -1.332359   -0.664305   -0.817212   -1.495843   -1.653832   -1.888682   -0.683875   -1.221816   23.760   45.501   -3.692 S_000003
  10 P   149.495 -135.797  167.032   86.743 -108.161  -81.449   71.453   34.047   92.137  -22.276    0.350716   -1.289435   -0.730369   -0.790982   -1.380310   -1.748501   -1.906301   -0.691683   -1.208440   25.408   51.801   -2.099 S_000003
  11 P  -117.356   78.766  152.289   84.543 -132.316  -68.848   62.158   37.698   90.344  -15.581    0.322935   -1.348605   -0.622837   -0.774808   -1.454441   -1.682579   -1.885989   -0.714108   -1.208428   27.866   57.376   -3.073 S_000003
  12 H   -70.637  161.032   69.004   78.936    0.000    0.000   75.860   42.943   85.906 -111.830    0.276315   -1.416616   -0.505409   -0.755120   -1.519820   -1.629422   -1.866151   -0.752329   -1.196399   28.961   63.264   -1.900 S_000003
SCORE:    29.288                 29.288          0          0          1    S_000004
   1 H     0.000  170.252   55.279  143.197  -81.152  143.472  111.631  -27.348  155.745    8.388    0.371059   -0.446060   -1.412322   -0.844862   -1.288927   -1.796603   -1.963000   -0.689676   -1.200875    3.794    0.984    0.238 S_000004
   2 P   -55.990 -149.870  178.464   92.721 -150.508  -92.989  108.751   30.458  108.250  -11.244    0.349569   -1.311333   -0.685588   -0.835411   -1.489369   -1.635126   -1.899097   -0.672145   -1.203868    8.144    4.179   -0.285 S_000004
   3 N   -53.025 -171.133   66.197  118.744 -156.076 -125.935  159.063  -14.860  157.092  113.222    0.397896   -0.937453   -1.149838   -0.931285   -1.661409   -1.425729   -1.958412   -0.783663   -1.114398   11.355    7.734    4.087 S_000004
   4 N   -38.672  160.134   59.426   85.376 -172.626  -77.948  134.541   37.129   92.678  -69.483    0.324208   -1.346749   -0.633635   -0.781741   -1.457265   -1.687494   -1.879312   -0.685142   -1.228330   14.618   11.143    8.097 S_000004
   5 P  -134.646 -125.021  159.087   79.522 -110.139  -84.139   48.649   37.999   93.576  147.096    0.321892   -1.377202   -0.564321   -0.774008   -1.522676   -1.624014   -1.865575   -0.710128   -1.216522   18.141   13.613   13.558 S_000004
   6 P   -57.076  159.557   74.072  122.522 -124.914  176.015  109.465  -27.926  161.760  179.896    0.363848   -0.671595   -1.324732   -0.846074   -1.563840   -1.540839   -1.910259   -0.713848   -1.195912   23.107   15.534   16.825 S_000004
   7 P  -141.438 -173.059   59.783   86.819   64.242  123.802  129.505   17.004  123.499   57.036    0.418770   -1.172726   -0.880056   -0.860914   -1.479592   -1.655423   -1.888016   -0.619308   -1.243832   27.199   19.535   20.823 S_000004
   8 P   -69.882  165.446   60.222   86.104 -128.004  -82.169   84.021   35.477   98.756  -31.086    0.314494   -1.362649   -0.596743   -0.816157   -1.524127   -1.617855   -1.865768   -0.672498   -1.225963   33.169   20.258   23.167 S_000004
   9 P   -48.021 -149.357   60.660  147.001 -101.038  163.258  120.155  -32.034  151.049   18.396    0.355164   -0.210741   -1.459618   -0.797243   -1.078551   -1.944985   -1.922827   -0.653220   -1.225214   36.917   24.906   26.075 S_000004
  10 P   105.521  156.804  148.628  159.247 -128.125 -110.056   82.304  -40.995  149.473 -171.489    0.270028    0.135892   -1.494581   -0.790297   -0.798343   -2.074916   -1.911233   -0.674598   -1.221385   40.992   27.067   31.257 S_000004
  11 P  -133.749 -135.407  144.310  130.845 -116.303 -178.649  121.579  -35.275  165.934  163.039    0.368044   -0.566274   -1.363413   -0.770648   -1.563835   -1.500435   -1.902733   -0.799223   -1.154475   44.816   31.874   35.213 S_000004
  12 H   -62.469  165.062   52.807   78.482    0.000    0.000   75.060   46.268   85.788  -21.192    0.258360   -1.427964   -0.457870   -0.735219   -1.474796   -1.622259   -1.847120   -0.678908   -1.237207   49.432   35.917   36.517 S_000004
SCORE:    30.103                 30.103          0          0          1    S_000005
   1 H     0.000  170.252   55.279   86.320  -90.624 -144.696   92.357   33.871   99.971 -112.800    0.323973   -1.368160   -0.595986   -0.823515   -1.568071   -1.594487   -1.886831   -0.715410   -1.202998    3.794    0.984    0.238 S_000005
   2 P  -115.592   84.146  168.141   84.273 -145.206  -76.931   59.630   37.254   87.328  179.897    0.336002   -1.320977   -0.673449   -0.766332   -1.394336   -1.731604   -1.888981   -0.705901   -1.209775    6.205    2.622   -4.849 S_000005
   3 N  -139.048  166.464  170.340   86.512 -154.158  -65.732   70.175   34.223   96.956   10.890    0.341865   -1.327089   -0.657684   -0.792520   -1.472840   -1.667874   -1.873415   -0.684865   -1.220649    8.226    8.379   -7.935 S_000005
   4 N  -113.350 -111.411  167.475   84.702 -143.828  -56.326   71.787   37.497   90.739  -18.313    0.313563   -1.356055   -0.622734   -0.790878   -1.464630   -1.678770   -1.889294   -0.698923   -1.216238    9.033   15.025   -9.995 S_000005
   5 P   -67.236  -69.075 -153.222   75.027 -174.504  -88.660  157.945   40.130  102.688  -15.792    0.275663   -1.457982   -0.342026   -0.800253   -1.719347   -1.397196   -1.772281   -0.700243   -1.246714   11.694   20.666   -9.774 S_000005
   6 P  -102.682 -165.508   38.132  134.491 -113.294 -111.658  179.144  -31.191  158.940   23.293    0.340378   -0.465124   -1.417584   -0.836319   -1.380937   -1.729618   -1.960600   -0.791538   -1.132119   13.496   27.094   -9.256 S_000005
   7 P   -50.353 -155.642   49.514  144.140 -116.281 -177.136  152.040  -34.900  163.032   29.821    0.343286   -0.324128   -1.448346   -0.793398   -1.280886   -1.793255   -1.940277   -0.746673   -1.179096   16.090   31.407  -13.961 S_000005
   8 N  -172.853 -176.879  154.982   85.334 -152.417  -63.053   65.917   37.285   95.556   72.588    0.310637   -1.342060   -0.627038   -0.796613   -1.444832   -1.678616   -1.872772   -0.654663   -1.228665   17.525   38.209  -15.599 S_000005
   9 P  -147.370  132.427  163.030   85.740 -133.620  -84.078   67.702   34.176   93.870  -15.107    0.344463   -1.309014   -0.688719   -0.791759   -1.433451   -1.704701   -1.888885   -0.699291   -1.211989   18.816   44.641  -16.098 S_000005
  10 P  -133.749 -135.407  144.310  130.845 -116.303 -178.649  121.579  -35.275  165.934  163.039    0.368044   -0.566274   -1.363413   -0.770648   -1.563835   -1.500435   -1.902733   -0.799223   -1.154475   19.686   51.692  -15.698 S_000005
  11 P   150.289 -142.448  133.577   89.355 -103.188  179.977   97.284   30.157   96.865 -162.454    0.379903   -1.248324   -0.775638   -0.787042   -1.386477   -1.741667   -1.882380   -0.673185   -1.220651   21.482   58.520  -15.951 S_000005
  12 H   -66.680 -174.898   54.154   80.050    0.000    0.000   72.168   38.117   92.321  179.890    0.313078   -1.395634   -0.514835   -0.777611   -1.578815   -1.567284   -1.862971   -0.741019   -1.199264   26.165   62.840  -15.119 S_000005
SCORE:    29.096                 29.096          0          0          3    S_000006
   1 H     0.000  170.252   55.279   80.473  -87.934  128.409   83.779   35.459  102.154  -20.454    0.315479   -1.388952   -0.551611   -0.809410   -1.594693   -1.566320   -1.851244   -0.705091   -1.223117    3.794    0.984    0.238 S_000006
   2 P    69.065  148.258   61.008  143.351 -152.468 -173.839  -36.031  -32.620  153.760  -38.466    0.355883   -0.282450   -1.458156   -0.797587   -1.187713   -1.889374   -1.939496   -0.751429   -1.176510    4.404    3.829   -5.229 S_000006
   3 P  -147.370  132.427  163.030   85.740 -133.620  -84.078   67.702   34.176   93.870  -15.107    0.344463   -1.309014   -0.688719   -0.791759   -1.433451   -1.704701   -1.888885   -0.699291   -1.211989    5.828   10.314   -6.114 S_000006
   4 P   -39.264  150.760   55.876   84.044 -130.115  -75.600   75.118   30.169  101.497  -22.755    0.358657   -1.329037   -0.641158   -0.818607   -1.570495   -1.592090   -1.885066   -0.730473   -1.200969    9.011   15.163   -6.946 S_000006
   5 P   -63.250  175.683   65.794  149.949 -131.110 -149.590  116.670  -46.360  165.701  151.659    0.291047   -0.023190   -1.497427   -0.685692   -1.116595   -1.889345   -1.874813   -0.741826   -1.205416    9.338   21.514   -6.692 S_000006
   6 P  -162.813  120.226  175.866   82.361 -130.482  -83.501   71.938   31.791  101.509  168.496    0.369909   -1.323004   -0.659604   -0.788295   -1.515888   -1.636180   -1.860290   -0.702304   -1.215513    9.214   28.440   -6.741 S_000006
   7 N   144.461  141.430   15.055  121.976   59.508  138.960  135.446  -17.759  137.113   57.755    0.395163   -0.436400   -1.422259   -0.868116   -1.085522   -1.997279   -1.964247   -0.696062   -1.196181   12.383   34.762   -6.483 S_000006
   8 N  -178.810  153.055  135.770  106.704 -138.327 -112.358  127.377   22.478   87.323  -11.418    0.409131   -0.973460   -1.098711   -0.809248   -1.028300   -2.013690   -1.923910   -0.665663   -1.225656   13.121   39.762  -11.187 S_000006
   9 N  -174.783  120.716  177.399  150.472 -127.479 -150.643  -46.738  -38.379  156.036  172.165    0.295515   -0.075973   -1.493365   -0.801078   -1.032701   -1.963612   -1.942754   -0.690149   -1.211052   14.289   46.483  -13.445 S_000006
  10 P   145.834  169.864  160.515  116.771 -150.825  -95.969  116.851    6.639  112.778  -49.780    0.428419   -0.827735   -1.201961   -0.850477   -1.142936   -1.957796   -1.955336   -0.681649   -1.210816   17.842   52.901  -13.287 S_000006
  11 P   157.623 -160.717 -173.530   81.732 -126.986  -78.095   55.873   33.182   99.599  179.890    0.356342   -1.333174   -0.647864   -0.788987   -1.511153   -1.645318   -1.868281   -0.712487   -1.211563   19.201   59.283  -15.229 S_000006
  12 H   -71.337  168.683   61.774   80.322    0.000    0.000   68.600   41.460   90.503  -17.402    0.306149   -1.407214   -0.493397   -0.740256   -1.546788   -1.595416   -1.850882   -0.754070   -1.193923   19.294   65.282  -17.430 S_000006
SCORE:    29.589                 29.589          0          0          1    S_000007
   1 H     0.000  170.252   55.279  100.449 -125.879 -162.964  157.969   18.749  101.487  -18.927    0.398963   -1.131952   -0.944743   -0.831293   -1.409325   -1.788283   -1.922496   -0.760359   -1.169935    3.794    0.984    0.238 S_000007
   2 N   -84.709   65.644 -179.077   86.353 -146.448  -58.243   75.054   38.573   87.511  -21.013    0.371123   -1.304304   -0.730032   -0.717847   -1.287288   -1.798051   -1.901587   -0.677127   -1.229343    6.333    3.171   -3.228 S_000007
   3 P   166.486  139.876   53.252  145.942 -101.355  169.108  103.896  -34.445  158.535  -74.510    0.349719   -0.288780   -1.453373   -0.787472   -1.230993   -1.842958   -1.932425   -0.730983   -1.185530    6.303    9.964   -4.240 S_000007
   4 P   113.859 -157.373  166.833   71.640   73.351  110.096  121.651   31.198  118.310   25.286    0.331742   -1.404823   -0.591194   -0.843167   -1.723746   -1.574003   -1.808621   -0.718128   -1.220275   10.118   14.900   -1.610 S_000007
   5 P   -63.250  175.683   65.794  149.949 -131.110 -149.590  116.670  -46.360  165.701  151.659    0.291047   -0.023190   -1.497427   -0.685692   -1.116595   -1.889345   -1.874813   -0.741826   -1.205416   13.303   19.294    1.714 S_000007
   6 P   163.915 -172.598  170.232   84.847 -141.166  -71.216   90.576   34.994   93.637  174.357    0.365294   -1.314023   -0.663394   -0.753743   -1.442508   -1.688954   -1.869242   -0.701492   -1.217749   15.884   25.990    3.167 S_000007
   7 P   -63.205  171.353   54.703   80.508 -166.947 -112.593   87.404   39.529   93.956  -19.361    0.312179   -1.391493   -0.527466   -0.762039   -1.531548   -1.601004   -1.844492   -0.705140   -1.217484   18.357   31.645    3.258 S_000007
   8 N  -175.101 -147.674  159.572  141.718  176.133  146.872   62.364  -31.811 -103.226   76.911    0.331832   -0.177856   -1.485199   -0.843536   -1.029654   -1.962328   -1.977627   -0.691472   -1.204184   20.162   37.963    0.845 S_000007
   9 P   140.004 -161.511  172.648   87.535 -135.875 -127.774  -63.089   27.673  113.365  -21.649    0.351703   -1.359808   -0.617725   -0.860422   -1.647064   -1.511100   -1.888219   -0.728269   -1.197425   23.487   44.114    0.511 S_000007
  10 N   167.952 -167.959  154.203  145.211 -155.376 -167.633   19.536  -32.174  148.043  -55.599    0.332777   -0.133501   -1.484945   -0.828850   -0.980089   -2.013944   -1.953344   -0.695714   -1.205944   27.259   50.129   -1.003 S_000007
  11 P  -177.185 -173.566  155.371  145.456  -98.754  179.352  138.838  -24.197  141.689  170.602    0.366879   -0.185448   -1.467973   -0.847005   -0.869502   -2.069646   -1.938630   -0.653402   -1.218242   30.821   56.487   -1.139 S_000007
  12 H   -76.154 -172.868   56.898   81.605    0.000    0.000   82.674   38.492   92.724  -79.321    0.304575   -1.366628   -0.588378   -0.781420   -1.481590   -1.650225   -1.873033   -0.710431   -1.211132   29.833   62.882   -1.249 S_000007
SCORE:    29.878                 29.878          0          0          0    S_000008
   1 H     0.000  170.252   55.279   80.350 -111.314 -155.028   57.633   36.639   93.846  -23.935    0.328841   -1.364616   -0.596266   -0.780892   -1.519576   -1.641565   -1.875627   -0.717597   -1.214446    3.794    0.984    0.238 S_000008
   2 P  -101.668   85.863  163.401   88.209 -123.748 -140.327   72.051   28.072  104.138 -124.669    0.372023   -1.259642   -0.777270   -0.826687   -1.435383   -1.712109   -1.904205   -0.676946   -1.212812    5.600    2.868   -4.607 S_000008
   3 P   105.521  156.804  148.628  159.247 -128.125 -110.056   82.304  -40.995  149.473 -171.489    0.270028    0.135892   -1.494581   -0.790297   -0.798343   -2.074916   -1.911233   -0.674598   -1.221385    3.825    9.122   -7.795 S_000008
   4 P   -77.749  162.236   65.363   93.269 -120.401 -146.586  119.656   32.089   95.898  179.919    0.344750   -1.274291   -0.768810   -0.817985   -1.373141   -1.756250   -1.910990   -0.659191   -1.224390    4.382   15.752   -7.843 S_000008
   5 P  -109.609  164.248   51.953  147.304 -152.795 -151.908  158.553  -38.656  160.522  120.154    0.316857   -0.192056   -1.481277   -0.771103   -1.186620   -1.869355   -1.927277   -0.754323   -1.183567    5.135   21.971  -10.744 S_000008
   6 P   -54.794  151.466   64.817   83.496 -143.116  -88.971   76.419   39.764   84.925  179.941    0.312143   -1.366714   -0.574989   -0.754137   -1.462611   -1.651341   -1.862058   -0.728834   -1.200287    6.395   28.028  -10.476 S_000008
   7 P  -116.943   87.117  165.784   84.174 -136.954  -66.572   68.530   39.787   85.511  167.236    0.309170   -1.355702   -0.612589   -0.762140   -1.425812   -1.697764   -1.885733   -0.713548   -1.207527    7.551   33.929  -11.393 S_000008
   8 N  -149.034  -81.925  172.404  146.046 -150.679 -107.126  111.344  -35.048  155.162  147.404    0.332662   -0.192882   -1.475955   -0.792373   -1.116447   -1.928530   -1.935508   -0.712398   -1.199196    8.846   40.370  -13.028 S_000008
   9 P   168.992 -156.630  174.212   86.705 -137.197 -119.664  108.197   33.640   99.366  -15.229    0.329923   -1.352776   -0.624135   -0.819988   -1.531632   -1.621327   -1.886817   -0.697388   -1.214338   11.628   46.098  -15.906 S_000008
  10 P   -91.570 -178.362   63.845   85.939 -140.648  -87.392   91.471   49.262   83.743  -23.974    0.266933   -1.394876   -0.545805   -0.662010   -1.321655   -1.737451   -1.817843   -0.656239   -1.249642   15.053   51.983  -17.457 S_000008
  11 N  -148.162  164.915  118.385  145.355 -109.323 -178.043  158.161  -25.949  134.973  153.436    0.357113   -0.162484   -1.477571   -0.854725   -0.883260   -2.080780   -1.943630   -0.688761   -1.201220   13.760   58.610  -19.323 S_000008
  12 H   -73.059  164.323   56.637   82.118    0.000    0.000   76.751   41.604   87.655  -18.367    0.297671   -1.371409   -0.600696   -0.744535   -1.422388   -1.706646   -1.863634   -0.694614   -1.227405   15.164   64.187  -21.920 S_000008
SCORE:    29.270                 29.270          0          0          1    S_000009
   1 H     0.000  170.252   55.279  129.920  -89.730  161.173  106.829  -23.592  148.587   23.507    0.397664   -0.478955   -1.397150   -0.829252   -1.262510   -1.848788   -1.941557   -0.677969   -1.207351    3.794    0.984    0.238 S_000009
   2 P   -56.853  171.990  171.780   85.911 -152.063  -67.001   77.782   35.994   96.437   -4.313    0.328345   -1.349517   -0.609707   -0.788269   -1.498151   -1.642523   -1.865818   -0.680563   -1.230927    8.758    3.551   -1.711 S_000009
   3 P  -177.185 -173.566  155.371  145.456  -98.754  179.352  138.838  -24.197  141.689  170.602    0.366879   -0.185448   -1.467973   -0.847005   -0.869502   -2.069646   -1.938630   -0.653402   -1.218242   11.485    8.364    2.139 S_000009
   4 P   131.323 -172.365 -165.198   81.904 -159.485  -53.476   75.696   37.026   95.554   71.890    0.344578   -1.372737   -0.555252   -0.748434   -1.556579   -1.599391   -1.832656   -0.719597   -1.222243   16.039   13.271    4.352 S_000009
   5 P   -56.216  173.996   51.442   88.216 -177.968  -81.302   89.840   33.180   94.605  -66.941    0.343357   -1.302622   -0.719313   -0.810031   -1.420597   -1.722724   -1.924577   -0.727126   -1.191358   19.750   17.377    5.809 S_000009
   6 P   -76.439 -155.686   76.097   98.708  168.544 -113.341  126.301    2.278  141.133  172.074    0.410529   -1.103526   -0.968395   -0.933240   -1.621578   -1.502075   -1.924475   -0.687537   -1.196092   22.843   22.809    7.424 S_000009
   7 P  -155.146 -150.820  117.921   86.113 -130.582 -148.643   67.544   32.888  102.779 -102.425    0.346919   -1.363914   -0.563645   -0.802385   -1.605565   -1.541881   -1.842961   -0.706156   -1.218029   26.723   28.228    9.120 S_000009
   8 P   -57.485  160.139   75.855  150.070 -129.358 -140.723  124.656  -40.385  156.749  145.069    0.321419   -0.067867   -1.491898   -0.742948   -1.064012   -1.946365   -1.896169   -0.757348   -1.185391   31.018   32.346   11.672 S_000009
   9 P   -67.601  173.259   58.690  157.464 -135.211 -147.785  162.259  -40.470  165.113 -137.280    0.315507    0.031025   -1.496384   -0.749112   -0.932260   -1.997702   -1.908468   -0.713312   -1.224472   34.934   37.494   13.551 S_000009
  10 P   -50.484 -176.503   35.125  140.764 -157.779 -130.731   88.154  -32.121  150.570 -155.790    0.351864   -0.261336   -1.460342   -0.801800   -1.148146   -1.917020   -1.938761   -0.729367   -1.186107   37.918   42.488   16.815 S_000009
  11 N   -65.760  167.125   59.494   86.459 -130.012  -83.264   83.956   35.605   95.415 -152.212    0.335169   -1.358224   -0.600970   -0.779987   -1.522853   -1.622819   -1.898101   -0.763870   -1.169417   41.470   46.776   20.116 S_000009
  12 H   147.338 -177.841 -176.451   82.075    0.000    0.000   70.392   40.140   90.194 -135.238    0.299093   -1.390031   -0.544093   -0.768596   -1.510556   -1.629671   -1.862774   -0.706409   -1.218760   48.123   47.749   21.062 S_000009
SCORE:    29.560                 29.560          0          0          1    S_000010
   1 H     0.000  170.252   55.279   85.559  -93.544 -179.937   57.066   35.050   93.575 -130.232    0.343979   -1.322800   -0.671925   -0.783931   -1.448060   -1.702912   -1.888597   -0.693129   -1.222440    3.794    0.984    0.238 S_000010
   2 P   -82.065 -169.133  159.105  130.152 -118.962 -131.679  102.280  -28.889  151.726  167.282    0.365724   -0.408328   -1.424356   -0.816562   -1.273284   -1.838067   -1.942577   -0.701107   -1.207967    5.539    3.364   -5.585 S_000010
   3 N   153.892 -141.795  167.120   90.150 -140.999 -172.900  120.377   29.336   99.989 -144.515    0.391187   -1.231714   -0.791754   -0.780320   -1.371883   -1.747462   -1.876007   -0.673329   -1.208973    6.212   10.136   -7.334 S_000010
   4 P  -166.643  174.429   51.009   94.950   50.074  146.761  125.488   22.751  101.125   56.346    0.414021   -1.135603   -0.926472   -0.821686   -1.305862   -1.810625   -1.936201   -0.726949   -1.176513    9.405   16.543   -6.690 S_000010
   5 P  -148.588  133.443  138.027   85.064 -127.867  -81.381   73.376   37.219   95.049  -13.856    0.320946   -1.350869   -0.610637   -0.781786   -1.471736   -1.659254   -1.868671   -0.699104   -1.208886   10.575   22.085  -10.009 S_000010
   6 N   -74.064 -177.704   48.749  150.340 -154.485  153.392  131.849  -33.312  147.447  168.918    0.335143   -0.069542   -1.482537   -0.803152   -0.912200   -2.037999   -1.931248   -0.636521   -1.234597   12.614   28.092  -11.946 S_000010
   7 N   -64.666  170.101   59.365   84.831 -156.516  -73.054   89.534   36.387   93.987   74.453    0.326289   -1.352386   -0.608939   -0.785652   -1.486099   -1.641581   -1.869676   -0.689371   -1.214770   15.477   33.288  -13.226 S_000010
   8 P   -52.340  162.445   52.587   85.555 -148.520 -141.259   73.292   35.573   98.353  -25.072    0.330929   -1.363456   -0.593977   -0.795948   -1.529068   -1.619389   -1.853946   -0.675703   -1.243405   17.464   38.603  -14.391 S_000010
   9 P   -87.787  177.868   72.488  125.142 -164.828 -151.898  111.548  -19.213  150.164  -29.735    0.411216   -0.574601   -1.357123   -0.857597   -1.302692   -1.814919   -1.954673   -0.693383   -1.189634   20.975   44.489  -14.232 S_000010
  10 P   140.004 -161.511  172.648   87.535 -135.875 -127.774  -63.089   27.673  113.365  -21.649    0.351703   -1.359808   -0.617725   -0.860422   -1.647064   -1.511100   -1.888219   -0.728269   -1.197425   23.739   50.901  -14.351 S_000010
  11 P   148.018 -159.875 -170.615   87.549 -119.792 -112.836  138.540   18.188  129.368 -128.410    0.355368   -1.375549   -0.603355   -0.943437   -1.797650   -1.296900   -1.849026   -0.736252   -1.191218   24.897   57.887  -14.550 S_000010
  12 H   -61.033 -177.846   47.261   80.914    0.000    0.000   73.279   37.499   92.536  -22.145    0.322126   -1.377299   -0.556373   -0.773630   -1.542196   -1.604852   -1.861432   -0.730649   -1.197074   25.661   64.500  -13.051 S_000010
