SEQUENCE: gug
SCORE:     score    rna_stub_coord_hack       N_WC      N_NWC       N_BS description
REMARK RNA 
SCORE:     0.034                  0.034          0          0          0    S_000001
   1 H     0.000  170.252   55.279   90.257   13.695 -172.138  100.147   36.829   95.262   23.973    0.314302   -1.335704   -0.661065   -0.793291   -1.427519   -1.706190   -1.882266   -0.650724   -1.248154    3.794    0.984    0.238 S_000001
   2 P   178.185 -141.779  162.057   89.493 -175.798 -165.522  102.817   12.026  135.815  -77.674    0.407427   -1.250929   -0.772444   -0.896323   -1.722154   -1.427814   -1.908611   -0.775532   -1.157236    5.302    4.109   -5.242 S_000001
   3 H   157.530 -176.907  171.020   76.056    0.000    0.000   65.228   38.440   86.933   20.452    0.315522   -1.358727   -0.620140   -0.776148   -1.449777   -1.688532   -1.894995   -0.732686   -1.195236    8.835    8.859   -9.327 S_000001
SCORE:     0.032                  0.032          0          0          0    S_000002
   1 H     0.000  170.252   55.279  103.353   -2.302  179.785   83.274    7.666  128.253    3.047    0.444741   -0.996886   -1.066796   -0.857338   -1.384617   -1.772097   -1.914764   -0.632548   -1.234425    3.794    0.984    0.238 S_000002
   2 P   172.221  170.024  171.796   84.129 -153.577  -72.042   72.192   39.656   89.017  -28.887    0.311251   -1.365201   -0.594033   -0.760653   -1.459103   -1.679404   -1.872372   -0.699463   -1.227364    7.624    4.008   -4.417 S_000002
   3 H   -68.868  177.109   58.167   79.894    0.000    0.000   74.464   39.634   92.647 -176.378    0.306612   -1.394662   -0.524714   -0.767006   -1.539987   -1.601890   -1.842625   -0.698216   -1.235487   10.750    8.319   -7.639 S_000002
SCORE:     0.032                  0.032          0          0          0    S_000003
   1 H     0.000  170.252   55.279  103.353   -2.302  179.785   83.274    7.666  128.253    3.047    0.444741   -0.996886   -1.066796   -0.857338   -1.384617   -1.772097   -1.914764   -0.632548   -1.234425    3.794    0.984    0.238 S_000003
   2 P   172.221  170.024  171.796   84.129 -153.577  -72.042   72.192   39.656   89.017  -28.887    0.311251   -1.365201   -0.594033   -0.760653   -1.459103   -1.679404   -1.872372   -0.699463   -1.227364    7.624    4.008   -4.417 S_000003
   3 H   -56.184  168.868   54.668   79.237    0.000    0.000   75.647   36.491  100.289  -17.312    0.309556   -1.412008   -0.485861   -0.803659   -1.643188   -1.505540   -1.839517   -0.719142   -1.219211   10.646    7.929   -7.743 S_000003
SCORE:     0.040                  0.040          0          0          1    S_000004
   1 H     0.000  170.252   55.279  101.643    3.181  174.445   73.567   22.024  114.506  -29.477    0.389312   -1.192445   -0.874421   -0.853200   -1.418041   -1.730451   -1.900615   -0.609245   -1.260274    3.794    0.984    0.238 S_000004
   2 P   155.890 -176.001  179.774   84.705 -133.861  -79.631   74.929   36.161   93.875 -154.926    0.318288   -1.348689   -0.621659   -0.801222   -1.487185   -1.661017   -1.891762   -0.698354   -1.216882    7.398    3.867   -4.683 S_000004
   3 H    17.846  140.450  -20.895   67.891    0.000    0.000   93.330   52.989   73.822  -94.016    0.204280   -1.493153   -0.290159   -0.687493   -1.488279   -1.525071   -1.828156   -0.709969   -1.225179    7.574    8.032   -8.481 S_000004
SCORE:     0.035                  0.035          0          0          1    S_000005
   1 H     0.000  170.252   55.279   90.257   13.695 -172.138  100.147   36.829   95.262   23.973    0.314302   -1.335704   -0.661065   -0.793291   -1.427519   -1.706190   -1.882266   -0.650724   -1.248154    3.794    0.984    0.238 S_000005
   2 N   166.635  160.533  173.997   84.453 -159.804  -61.151   65.206   37.595   92.353  179.922    0.318553   -1.359278   -0.608721   -0.780365   -1.480785   -1.665519   -1.881177   -0.705201   -1.218902    6.433    4.045   -5.128 S_000005
   3 H   -82.575  177.329   80.686   87.405    0.000    0.000   90.251   32.267  102.781 -169.633    0.344735   -1.298234   -0.710402   -0.813707   -1.441791   -1.699023   -1.874181   -0.638154   -1.245745    8.231    8.272   -9.244 S_000005
SCORE:     0.031                  0.031          0          0          0    S_000006
   1 H     0.000  170.252   55.279  103.353   -2.302  179.785   83.274    7.666  128.253    3.047    0.444741   -0.996886   -1.066796   -0.857338   -1.384617   -1.772097   -1.914764   -0.632548   -1.234425    3.794    0.984    0.238 S_000006
   2 P   175.869 -141.611  153.148   83.677 -166.053 -163.686   65.878   35.297   92.385 -141.507    0.340958   -1.323059   -0.677000   -0.782125   -1.436776   -1.707161   -1.884937   -0.705343   -1.216472    6.645    4.021   -4.888 S_000006
   3 H   -50.010 -178.200   33.249   83.900    0.000    0.000   77.121   41.711   86.769  -17.865    0.290462   -1.386724   -0.554334   -0.753529   -1.477213   -1.665144   -1.879897   -0.739567   -1.202863   10.833    8.920   -5.687 S_000006
SCORE:     0.036                  0.036          0          0          1    S_000007
   1 H     0.000  170.252   55.279   90.523   30.513 -165.648  115.156   29.221   95.009 -104.840    0.384132   -1.208442   -0.844720   -0.799909   -1.310950   -1.807739   -1.910361   -0.675601   -1.216680    3.794    0.984    0.238 S_000007
   2 P   173.587 -178.965  167.252   86.770 -154.241  -66.892   71.209   38.137   90.850  -14.829    0.330521   -1.345863   -0.616675   -0.753773   -1.455994   -1.683559   -1.857163   -0.688204   -1.225260    6.113    4.171   -5.097 S_000007
   3 H   -79.354  175.332   71.262   80.258    0.000    0.000   70.533   38.042   95.730 -151.951    0.305934   -1.369197   -0.566656   -0.790767   -1.502075   -1.621269   -1.858834   -0.682183   -1.227358    6.923    8.809   -9.181 S_000007
SCORE:     0.038                  0.038          0          1          0    S_000008
   1 H     0.000  170.252   55.279  101.643    3.181  174.445   73.567   22.024  114.506  -29.477    0.389312   -1.192445   -0.874421   -0.853200   -1.418041   -1.730451   -1.900615   -0.609245   -1.260274    3.794    0.984    0.238 S_000008
   2 P   160.333  179.950 -173.528   81.279 -146.857  -70.913   60.056   40.725   91.172  -20.972    0.299460   -1.390862   -0.550430   -0.757703   -1.500987   -1.645610   -1.851456   -0.686322   -1.234155    7.517    3.923   -4.568 S_000008
   3 H   -57.981  133.634   67.170   72.017    0.000    0.000   63.907   46.145   87.407  179.886    0.274443   -1.448680   -0.401967   -0.714189   -1.555617   -1.562264   -1.819150   -0.724274   -1.223456   10.224    7.362   -7.663 S_000008
SCORE:     0.030                  0.030          0          0          0    S_000009
   1 H     0.000  170.252   55.279   90.257   13.695 -172.138  100.147   36.829   95.262   23.973    0.314302   -1.335704   -0.661065   -0.793291   -1.427519   -1.706190   -1.882266   -0.650724   -1.248154    3.794    0.984    0.238 S_000009
   2 P   175.869 -141.611  153.148   83.677 -166.053 -163.686   65.878   35.297   92.385 -141.507    0.340958   -1.323059   -0.677000   -0.782125   -1.436776   -1.707161   -1.884937   -0.705343   -1.216472    5.255    4.077   -5.260 S_000009
   3 H   -61.976  163.667   59.572   79.956    0.000    0.000   70.459   42.406   90.074 -168.181    0.283316   -1.414803   -0.464617   -0.751647   -1.559563   -1.576586   -1.835236   -0.709262   -1.229144    9.139    8.508   -7.620 S_000009
SCORE:     0.030                  0.030          0          0          0    S_000010
   1 H     0.000  170.252   55.279   90.257   13.695 -172.138  100.147   36.829   95.262   23.973    0.314302   -1.335704   -0.661065   -0.793291   -1.427519   -1.706190   -1.882266   -0.650724   -1.248154    3.794    0.984    0.238 S_000010
   2 P   175.869 -141.611  153.148   83.677 -166.053 -163.686   65.878   35.297   92.385 -141.507    0.340958   -1.323059   -0.677000   -0.782125   -1.436776   -1.707161   -1.884937   -0.705343   -1.216472    5.255    4.077   -5.260 S_000010
   3 H   -65.401  175.530   50.289   79.704    0.000    0.000   79.931   39.731   93.764 -174.517    0.303311   -1.400224   -0.510929   -0.771643   -1.553861   -1.589630   -1.842472   -0.686203   -1.236664    9.136    8.835   -7.505 S_000010
