SEQUENCE: gaaaaaaaaaag
SCORE:     score    rna_stub_coord_hack       N_WC      N_NWC       N_BS description
REMARK RNA 
SCORE:     7.422                  7.422          0          1          1    S_000001
   1 H     0.000  170.252   55.279  153.473  -76.830  -78.886  133.844  -34.716  149.976   18.780    0.328413   -0.039811   -1.493519   -0.809787   -0.909264   -2.038163   -1.935921   -0.661572   -1.221675    3.794    0.984    0.238 S_000001
   2 N  -157.030 -174.506   45.710   84.469 -125.469 -150.338  123.078   32.513  105.659 -169.966    0.333933   -1.373591   -0.560832   -0.827431   -1.615191   -1.528653   -1.853001   -0.690087   -1.225177    6.666    0.903   -5.645 S_000001
   3 N   -82.360  147.141   83.702   75.649 -135.365  -81.995   69.575   34.082  104.432  -17.349    0.316371   -1.422990   -0.441205   -0.834939   -1.712625   -1.411785   -1.847575   -0.756866   -1.190910    2.784    4.867   -8.866 S_000001
   4 N   -68.246 -179.265   60.610   82.394 -166.940 -101.879   80.724   34.938   96.446 -174.394    0.326881   -1.364842   -0.584319   -0.805091   -1.547696   -1.595186   -1.878234   -0.725880   -1.199119   -2.238    7.978  -11.660 S_000001
   5 N  -175.547  106.994   64.412  108.286  -74.246  153.496   70.246    6.174  143.243   -4.259    0.401714   -1.157875   -0.931547   -0.941990   -1.614438   -1.504884   -1.915754   -0.648170   -1.219256   -7.974   12.040  -11.506 S_000001
   6 N   102.646 -106.782 -177.883   86.385 -116.647 -103.702   49.278   41.604   82.327  -17.386    0.316437   -1.325925   -0.688483   -0.726073   -1.305038   -1.800455   -1.875543   -0.711621   -1.216310  -12.230   14.097  -15.286 S_000001
   7 N  -175.101 -147.674  159.572  141.718  176.133  146.872   62.364  -31.811 -103.226   76.911    0.331832   -0.177856   -1.485199   -0.843536   -1.029654   -1.962328   -1.977627   -0.691472   -1.204184  -17.046   15.186  -20.314 S_000001
   8 P   -60.502  158.007   54.878   82.541 -162.273  -70.696   83.561   37.418   90.667 -171.628    0.310967   -1.370222   -0.577145   -0.789456   -1.516022   -1.624657   -1.890950   -0.744838   -1.182028  -21.887   17.706  -23.020 S_000001
   9 P   -76.781  167.985   48.970   81.450 -146.460 -102.321   93.307   24.297  114.920   20.283    0.360180   -1.351481   -0.620232   -0.872462   -1.696999   -1.451132   -1.910809   -0.786250   -1.155356  -25.639   21.042  -26.384 S_000001
  10 P   -64.132 -173.986   78.117  144.021 -102.288  161.905  145.881  -36.810  165.935  140.551    0.336458   -0.426064   -1.426571   -0.777721   -1.432900   -1.660443   -1.911454   -0.752573   -1.189238  -27.406   23.940  -32.125 S_000001
  11 N  -129.028 -163.582   48.553  135.468 -141.911 -174.848  157.057  -27.178  160.516  155.765    0.423310   -0.241784   -1.447837   -0.777242   -1.015377   -1.948135   -1.915235   -0.727216   -1.192394  -31.716   27.915  -35.226 S_000001
  12 H    53.532  107.962  -67.734  117.201    0.000    0.000  154.362  -20.773  136.414  -99.873    0.415144   -0.300179   -1.431779   -0.832117   -0.963732   -2.019606   -1.942773   -0.653440   -1.209995  -34.989   30.193  -40.563 S_000001
SCORE:     6.884                  6.884          0          0          1    S_000002
   1 H     0.000  170.252   55.279   82.537  -96.657  -51.868   66.033   36.181   89.463  -22.902    0.344875   -1.324643   -0.670602   -0.771113   -1.416543   -1.710575   -1.887192   -0.707791   -1.212273    3.794    0.984    0.238 S_000002
   2 P   152.375  142.031   64.415  148.128 -115.647  144.438   99.872  -37.298  156.734  -84.147    0.331499   -0.157245   -1.479366   -0.767945   -1.115352   -1.917667   -1.916635   -0.734444   -1.191645    2.712   -2.773   -4.799 S_000002
   3 P  -163.415 -164.775  171.520   87.292 -173.272  -90.210   95.538   33.873  101.998   69.427    0.333059   -1.348368   -0.630589   -0.813263   -1.521104   -1.634527   -1.885456   -0.693273   -1.220867   -0.958   -8.236   -5.779 S_000002
   4 P   -57.341  176.141   51.876   78.930 -133.114  -73.240   71.663   38.465   94.908 -166.962    0.319594   -1.386615   -0.534691   -0.768336   -1.536818   -1.591383   -1.848431   -0.710705   -1.216225   -5.802  -10.109   -8.881 S_000002
   5 P  -174.180  152.972 -160.333  104.826 -142.767  -78.703   76.242   19.884  101.194  179.947    0.387962   -1.086681   -0.991172   -0.843871   -1.294637   -1.855867   -1.944422   -0.700499   -1.202484  -11.603  -13.848   -7.914 S_000002
   6 P   -50.484 -176.503   35.125  140.764 -157.779 -130.731   88.154  -32.121  150.570 -155.790    0.351864   -0.261336   -1.460342   -0.801800   -1.148146   -1.917020   -1.938761   -0.729367   -1.186107  -17.309  -16.552   -7.935 S_000002
   7 P   -84.025  166.594   73.067   79.911 -179.348 -123.417   89.779   35.188   98.120  -15.624    0.325054   -1.374806   -0.576496   -0.804974   -1.563205   -1.591934   -1.872365   -0.723717   -1.206138  -22.862  -19.547   -5.930 S_000002
   8 N   -66.143  170.184   57.249   80.390 -159.493  -65.946   76.998   40.797   91.375  179.919    0.290233   -1.403935   -0.502701   -0.771195   -1.538181   -1.592383   -1.851033   -0.693371   -1.228868  -28.520  -22.269   -5.911 S_000002
   9 P  -145.272  107.505  161.174   94.670  147.437  143.710   84.320   28.447   90.169 -113.690    0.361024   -1.094483   -0.996074   -0.845065   -1.073377   -1.943138   -1.954076   -0.689021   -1.181845  -34.157  -24.730   -3.971 S_000002
  10 N   160.380  178.006 -175.911   81.427 -138.097  -68.862   64.237   40.356   94.732  168.924    0.345587   -1.380057   -0.526857   -0.712433   -1.520110   -1.625664   -1.795151   -0.681104   -1.268351  -41.358  -24.524   -2.732 S_000002
  11 P  -168.839  121.189 -176.246   84.421 -162.310  -96.356  108.244   34.304  106.356  -23.636    0.327894   -1.391748   -0.518664   -0.809234   -1.631897   -1.506085   -1.823324   -0.679514   -1.237292  -47.949  -26.583   -2.347 S_000002
  12 H   -52.102  157.441   58.213   73.392    0.000    0.000   73.467   43.179   91.019  -21.552    0.270853   -1.438726   -0.413043   -0.760512   -1.594897   -1.528259   -1.834127   -0.733545   -1.214320  -52.163  -29.272    0.809 S_000002
SCORE:     6.739                  6.739          0          0          3    S_000003
   1 H     0.000  170.252   55.279  105.479  -70.748  -50.373  109.237    8.065  139.448  -20.886    0.394751   -1.167533   -0.930065   -0.938030   -1.599286   -1.540678   -1.920623   -0.668067   -1.209345    3.794    0.984    0.238 S_000003
   2 N   -70.534  141.792   44.033   80.587 -156.931  -71.852   80.776   41.823   97.833  -21.363    0.286024   -1.422884   -0.402764   -0.752842   -1.613857   -1.490133   -1.827824   -0.703580   -1.220188    3.047   -1.755   -3.967 S_000003
   3 N   -55.512  176.761   57.395   82.803 -152.714  -73.426   85.339   36.300   97.522    3.111    0.328988   -1.360838   -0.603727   -0.786012   -1.508855   -1.640683   -1.869356   -0.690527   -1.225462   -2.725   -3.513   -4.288 S_000003
   4 N  -139.048  166.464  170.340   86.512 -154.158  -65.732   70.175   34.223   96.956   10.890    0.341865   -1.327089   -0.657684   -0.792520   -1.472840   -1.667874   -1.873415   -0.684865   -1.220649   -9.445   -2.870   -4.127 S_000003
   5 P   173.330 -176.176  173.161   89.236 -120.118 -113.526   66.601   30.578  105.566 -179.411    0.341486   -1.333597   -0.661409   -0.838980   -1.537240   -1.610372   -1.902227   -0.711169   -1.197381  -16.125   -2.591   -4.061 S_000003
   6 N   -65.626 -178.812   45.419   83.243 -155.697 -101.046   90.153   35.749   93.593  -20.891    0.327144   -1.347053   -0.628578   -0.798375   -1.480378   -1.659015   -1.888567   -0.706468   -1.201677  -22.949   -3.027   -4.390 S_000003
   7 P   161.023  139.121   55.500  153.727 -123.271  175.609   98.961  -39.837  160.777  -92.184    0.316133   -0.114002   -1.485065   -0.754793   -1.110128   -1.910535   -1.913633   -0.713393   -1.208659  -28.087   -3.609   -9.415 S_000003
   8 P   166.333  138.365   55.118  155.106 -121.207  176.665  100.537  -39.471  163.515  -78.552    0.339397   -0.011283   -1.487644   -0.733583   -0.968631   -1.983361   -1.893865   -0.720697   -1.225198  -34.714   -1.632  -10.369 S_000003
   9 P   164.582 -172.155 -177.961   81.839 -121.188  -67.685   55.563   37.901   94.530  -40.595    0.329303   -1.376646   -0.558737   -0.763218   -1.531940   -1.616400   -1.853665   -0.704182   -1.225149  -40.285   -3.099  -14.598 S_000003
  10 N   -76.518  163.233   69.119   80.579 -176.675  163.957   82.460   32.121  101.500  -66.735    0.346098   -1.357445   -0.601080   -0.814351   -1.585503   -1.571812   -1.875614   -0.734017   -1.198388  -45.426   -5.719  -16.902 S_000003
  11 N   162.014 -131.847   71.635  144.691  -74.220  157.849  117.210  -35.903  158.762 -158.797    0.307316   -0.219185   -1.475066   -0.808982   -1.162266   -1.890342   -1.953377   -0.714864   -1.198395  -51.534   -9.166  -16.388 S_000003
  12 H   166.610 -134.386  154.362   76.502    0.000    0.000   65.582   33.534   97.824  -27.641    0.357287   -1.355459   -0.604131   -0.788834   -1.556385   -1.602389   -1.863234   -0.730434   -1.201885  -56.788  -11.035  -20.247 S_000003
SCORE:     6.192                  6.192          0          0          2    S_000004
   1 H     0.000  170.252   55.279  151.226  -94.055  -19.049   81.060  -32.087  141.248 -124.772    0.345654    0.002973   -1.485773   -0.809317   -0.789450   -2.109197   -1.913442   -0.661924   -1.228602    3.794    0.984    0.238 S_000004
   2 P  -109.609  164.248   51.953  147.304 -152.795 -151.908  158.553  -38.656  160.522  120.154    0.316857   -0.192056   -1.481277   -0.771103   -1.186620   -1.869355   -1.927277   -0.754323   -1.183567    3.853    0.232   -4.990 S_000004
   3 P   -82.522 -173.901   50.300  139.055 -115.199  179.062  149.082  -32.367  151.652  165.711    0.349502   -0.343881   -1.444356   -0.804139   -1.257945   -1.837809   -1.936483   -0.771964   -1.159998   -1.239    1.556   -9.394 S_000004
   4 P   -67.744  175.220   53.181   85.095 -142.447  -59.778   88.380   39.070   88.566 -172.089    0.313164   -1.371995   -0.573405   -0.762351   -1.499801   -1.649409   -1.871098   -0.728363   -1.207113   -4.870    2.760  -14.470 S_000004
   5 P   -58.195 -173.700   65.002   87.502  141.529  -88.269  128.525   31.270   99.276   43.092    0.359309   -1.274219   -0.763328   -0.807371   -1.398220   -1.741787   -1.903605   -0.672719   -1.223619   -7.350    7.059  -18.125 S_000004
   6 P   -59.925 -175.074   45.184   80.131 -165.579 -107.798  100.984   35.701   99.314 -161.501    0.321752   -1.389561   -0.541288   -0.809044   -1.586739   -1.560613   -1.868213   -0.717021   -1.208438  -11.283    8.511  -21.575 S_000004
   7 N   -64.603  168.495   56.624   83.495 -148.644  -65.020   77.676   43.810   91.441  -27.624    0.266547   -1.397273   -0.511028   -0.749278   -1.472208   -1.642450   -1.796986   -0.597077   -1.279203  -15.424   10.534  -25.834 S_000004
   8 P   -61.236 -144.081   67.298  141.205  -83.161  175.647  156.045  -26.613  152.071   69.787    0.411481   -0.165229   -1.462398   -0.796345   -0.904956   -2.034850   -1.928766   -0.649169   -1.234321  -19.791   14.909  -27.893 S_000004
   9 P   105.521  156.804  148.628  159.247 -128.125 -110.056   82.304  -40.995  149.473 -171.489    0.270028    0.135892   -1.494581   -0.790297   -0.798343   -2.074916   -1.911233   -0.674598   -1.221385  -24.060   17.278  -32.921 S_000004
  10 N   -49.303  160.019   48.041   88.508 -172.863 -157.115   88.072   36.247   88.736   99.747    0.331482   -1.312270   -0.701339   -0.783995   -1.389509   -1.749307   -1.911306   -0.723235   -1.200304  -28.290   21.627  -34.997 S_000004
  11 N  -178.810  153.055  135.770  106.704 -138.327 -112.358  127.377   22.478   87.323  -11.418    0.409131   -0.973460   -1.098711   -0.809248   -1.028300   -2.013690   -1.923910   -0.665663   -1.225656  -32.384   24.348  -40.309 S_000004
  12 H   -60.831  175.879   56.844   86.711    0.000    0.000   72.777   35.966   95.998  -17.326    0.326825   -1.358922   -0.599033   -0.789974   -1.515812   -1.628366   -1.877944   -0.711721   -1.212439  -36.921   26.748  -44.539 S_000004
SCORE:     7.118                  7.118          0          0          1    S_000005
   1 H     0.000  170.252   55.279  138.141  -82.365  -68.507  -50.541  -34.757  163.338 -144.166    0.323116   -0.535647   -1.394905   -0.822061   -1.528599   -1.592874   -1.955535   -0.868258   -1.082059    3.794    0.984    0.238 S_000005
   2 P    83.922  155.779  172.347  150.835 -109.404 -100.633  -46.095  -39.295  159.270 -110.432    0.315190   -0.142798   -1.487833   -0.765905   -1.137976   -1.900967   -1.919913   -0.741333   -1.190146    3.876    0.307   -5.426 S_000005
   3 P   -76.439 -155.686   76.097   98.708  168.544 -113.341  126.301    2.278  141.133  172.074    0.410529   -1.103526   -0.968395   -0.933240   -1.621578   -1.502075   -1.924475   -0.687537   -1.196092   -1.820    0.265   -9.549 S_000005
   4 P   -84.921 -160.153   51.151   92.872 -157.793  -72.495   83.982   31.841   95.808  175.113    0.352351   -1.257996   -0.785862   -0.800994   -1.351278   -1.767175   -1.885316   -0.636366   -1.231518   -5.747    1.372  -14.779 S_000005
   5 P   -76.439 -155.686   76.097   98.708  168.544 -113.341  126.301    2.278  141.133  172.074    0.410529   -1.103526   -0.968395   -0.933240   -1.621578   -1.502075   -1.924475   -0.687537   -1.196092  -10.898    4.895  -16.927 S_000005
   6 N   -54.846  168.319   55.099   88.569 -157.038  -99.261   90.833   30.172  103.661  179.907    0.367701   -1.292969   -0.730351   -0.800342   -1.476327   -1.692529   -1.878263   -0.683268   -1.229139  -15.475    6.794  -20.114 S_000005
   7 P   -51.164 -173.019   55.804  146.320 -142.475  106.495  127.552  -34.488  153.662   44.761    0.336829   -0.194104   -1.473040   -0.801975   -1.110647   -1.926521   -1.930862   -0.720528   -1.186998  -20.829    9.078  -22.856 S_000005
   8 P  -141.572 -112.831   62.040  106.014 -164.371  -62.695   75.056   19.013   99.359    6.096    0.381367   -1.083612   -1.003952   -0.852737   -1.305168   -1.857733   -1.949777   -0.718803   -1.191477  -22.843   10.948  -28.941 S_000005
   9 P  -178.996  117.297 -174.714   86.489 -136.718  -72.287   77.953   35.660   94.291  -31.727    0.346791   -1.321652   -0.661451   -0.764915   -1.442410   -1.694848   -1.854917   -0.677260   -1.231639  -27.842   15.262  -30.678 S_000005
  10 N    45.385  144.658   36.180   86.881   68.361  147.206   91.682   20.276  113.552   41.336    0.418565   -1.158096   -0.894855   -0.837169   -1.402425   -1.738342   -1.932644   -0.696099   -1.203273  -32.678   18.505  -30.374 S_000005
  11 N  -178.810  153.055  135.770  106.704 -138.327 -112.358  127.377   22.478   87.323  -11.418    0.409131   -0.973460   -1.098711   -0.809248   -1.028300   -2.013690   -1.923910   -0.665663   -1.225656  -37.450   21.481  -34.608 S_000005
  12 H   -82.608  163.564   85.707   82.549    0.000    0.000   61.320   39.720   91.410 -157.102    0.302471   -1.403644   -0.493475   -0.766639   -1.569789   -1.564338   -1.847814   -0.723282   -1.207361  -42.602   23.357  -38.390 S_000005
SCORE:     6.516                  6.516          0          1          0    S_000006
   1 H     0.000  170.252   55.279  109.791  -86.031  -28.716   97.324   -4.072  154.605    3.658    0.432992   -1.060617   -0.993306   -0.892079   -1.672394   -1.421786   -1.913007   -0.735767   -1.171156    3.794    0.984    0.238 S_000006
   2 N   -53.669  146.338   61.073   85.851 -149.654  -66.655   75.726   35.620   98.316  -15.828    0.334035   -1.359684   -0.608096   -0.785840   -1.516142   -1.632020   -1.873972   -0.702614   -1.221050    2.421   -1.707   -2.979 S_000006
   3 P  -133.749 -135.407  144.310  130.845 -116.303 -178.649  121.579  -35.275  165.934  163.039    0.368044   -0.566274   -1.363413   -0.770648   -1.563835   -1.500435   -1.902733   -0.799223   -1.154475   -3.383   -0.869   -6.697 S_000006
   4 P   -82.645 -177.969   72.751  145.260 -157.503 -148.229  111.875  -38.545  157.429  -12.075    0.322205   -0.223436   -1.480851   -0.764697   -1.222995   -1.851784   -1.919902   -0.771160   -1.168755   -9.899   -1.454   -6.870 S_000006
   5 P  -167.631  177.125   63.936  148.721 -114.320  176.453   96.592  -39.276  160.663  -80.184    0.315889   -0.217056   -1.474414   -0.766409   -1.232285   -1.836424   -1.924195   -0.750433   -1.184996  -16.979   -3.156   -6.926 S_000006
   6 P   145.178 -156.034 -172.353   84.988 -133.611  -72.916   57.863   38.515   89.648  -30.107    0.312455   -1.350548   -0.616806   -0.776444   -1.446986   -1.689238   -1.877180   -0.694361   -1.217785  -23.122   -1.103   -9.714 S_000006
   7 P   -67.799 -146.390   61.351  138.077 -111.780  179.539  136.456  -32.975  164.412   24.654    0.345876   -0.486313   -1.408181   -0.813296   -1.436410   -1.666158   -1.937060   -0.759364   -1.169281  -28.816   -0.411  -13.257 S_000006
   8 N   -55.580  145.075   66.462   82.708 -160.197  -64.411   97.372   36.665   93.580  178.656    0.317198   -1.388703   -0.553085   -0.796891   -1.570226   -1.590571   -1.890419   -0.762804   -1.177448  -34.381   -0.625  -15.419 S_000006
   9 N  -139.048  166.464  170.340   86.512 -154.158  -65.732   70.175   34.223   96.956   10.890    0.341865   -1.327089   -0.657684   -0.792520   -1.472840   -1.667874   -1.873415   -0.684865   -1.220649  -40.243   -1.908  -18.151 S_000006
  10 N  -148.373 -139.480   93.437  142.714  -84.926 -104.598  153.120  -39.852  173.743 -111.853    0.385940   -0.322246   -1.411852   -0.668637   -1.367181   -1.685383   -1.831372   -0.681298   -1.245923  -46.599   -2.655  -20.578 S_000006
  11 P   -65.427  173.567   51.498   78.202 -127.987 -117.047   92.460   42.562   93.059 -147.321    0.266393   -1.428398   -0.436667   -0.771698   -1.591389   -1.548982   -1.817469   -0.678790   -1.251633  -51.888   -6.360  -18.771 S_000006
  12 H   -76.154 -172.868   56.898   81.605    0.000    0.000   82.674   38.492   92.724  -79.321    0.304575   -1.366628   -0.588378   -0.781420   -1.481590   -1.650225   -1.873033   -0.710431   -1.211132  -58.713   -5.128  -18.185 S_000006
SCORE:     7.025                  7.025          0          2          1    S_000007
   1 H     0.000  170.252   55.279  151.226  -94.055  -19.049   81.060  -32.087  141.248 -124.772    0.345654    0.002973   -1.485773   -0.809317   -0.789450   -2.109197   -1.913442   -0.661924   -1.228602    3.794    0.984    0.238 S_000007
   2 P   153.942 -172.175  173.008   81.922 -159.435  -59.843   75.194   37.416   97.393 -160.084    0.313845   -1.393835   -0.529876   -0.789306   -1.579149   -1.575655   -1.852855   -0.709064   -1.225200    3.573    2.063   -4.787 S_000007
   3 N  -148.022  144.508 -177.617   93.488 -141.099  -71.036   13.511   23.881  123.218   -7.754    0.352280   -1.397577   -0.511532   -0.899902   -1.787483   -1.297851   -1.871512   -0.779200   -1.153331    0.533    5.196   -9.647 S_000007
   4 N   -98.041 -137.837  155.725  158.717  -99.849  162.372  109.093  -41.754  160.788   52.267    0.289315   -0.001541   -1.489878   -0.763911   -1.005286   -1.960819   -1.921518   -0.690989   -1.218223   -1.992    6.726  -15.961 S_000007
   5 N   -58.066  165.395   49.073   78.014 -144.269  -73.541   74.290   43.690   82.252  170.714    0.257146   -1.434255   -0.425080   -0.772382   -1.568242   -1.551464   -1.854347   -0.718385   -1.225801   -5.648   10.465  -18.685 S_000007
   6 P  -172.604  161.126  159.864  155.138 -101.607 -139.360  -48.863  -40.948  155.621   78.591    0.319081    0.026124   -1.484098   -0.731166   -0.944630   -1.986654   -1.887978   -0.700564   -1.211859  -12.095   11.316  -21.087 S_000007
   7 P   -62.560  161.565   59.465   82.476 -145.787  -82.222   79.175   40.224   90.549  -18.130    0.293028   -1.402197   -0.512332   -0.776587   -1.536861   -1.592902   -1.843688   -0.676489   -1.238810  -17.143   13.684  -24.748 S_000007
   8 P  -117.356   78.766  152.289   84.543 -132.316  -68.848   62.158   37.698   90.344  -15.581    0.322935   -1.348605   -0.622837   -0.774808   -1.454441   -1.682579   -1.885989   -0.714108   -1.208428  -22.384   16.461  -25.701 S_000007
   9 P   -79.126  166.307   77.723  150.834  -98.890  160.827  125.960  -31.518  155.489   23.132    0.310030   -0.076579   -1.483199   -0.874991   -0.901705   -2.090662   -1.955273   -0.672872   -1.209360  -26.258   19.524  -29.570 S_000007
  10 P   142.990 -157.333 -168.021   81.949 -149.012  -66.119   71.198   43.777   90.331  -21.089    0.268349   -1.386227   -0.533826   -0.747811   -1.438299   -1.663607   -1.829121   -0.660086   -1.293371  -28.699   22.195  -35.377 S_000007
  11 P   -50.061  160.230   50.587   82.504 -143.945  -74.901   87.000   38.995   90.334  179.928    0.311057   -1.368968   -0.591024   -0.772243   -1.476613   -1.667323   -1.872089   -0.694958   -1.225045  -30.055   24.410  -40.463 S_000007
  12 H   -61.498  170.888   56.222   79.880    0.000    0.000   73.508   41.248   91.949  179.915    0.286505   -1.419373   -0.470253   -0.767490   -1.579763   -1.566038   -1.840197   -0.706689   -1.229893  -34.482   26.214  -44.381 S_000007
SCORE:     6.853                  6.853          0          0          2    S_000008
   1 H     0.000  170.252   55.279 -226.437  248.238  -45.945  -49.119  -25.902  153.573    6.815    0.420038   -0.184380   -1.457552   -0.793207   -0.915508   -2.025986   -1.927417   -0.661105   -1.232694    3.794    0.984    0.238 S_000008
   2 P   131.234  -98.918  161.742   76.524 -107.286  -60.552   63.774   37.848  101.630  -16.268    0.350958   -1.404926   -0.467911   -0.747233   -1.605165   -1.507696   -1.807191   -0.697788   -1.226329    2.829   -0.261   -4.051 S_000008
   3 P  -105.192  102.707  158.794   84.107 -130.593  -66.615   57.015   36.584   92.977  -28.965    0.333259   -1.351399   -0.601612   -0.773149   -1.502167   -1.646109   -1.876780   -0.721471   -1.208335   -1.267    1.675   -7.735 S_000008
   4 P  -147.370  132.427  163.030   85.740 -133.620  -84.078   67.702   34.176   93.870  -15.107    0.344463   -1.309014   -0.688719   -0.791759   -1.433451   -1.704701   -1.888885   -0.699291   -1.211989   -6.954    3.323  -10.908 S_000008
   5 P   -71.783  168.452   63.047   81.256 -128.741  -68.628   76.228   38.075   90.677 -116.001    0.326252   -1.350727   -0.620254   -0.761089   -1.448108   -1.678470   -1.854921   -0.684764   -1.227296  -12.698    4.506  -13.550 S_000008
   6 P  -110.906   85.403  146.526   96.485 -146.471  -71.677   82.967   37.592   89.575  -25.101    0.355031   -1.333348   -0.642374   -0.735209   -1.381286   -1.668881   -1.904644   -0.765621   -1.184184  -16.014    6.851  -17.844 S_000008
   7 P  -147.435  127.997  166.630   86.010 -149.849  -52.650   54.071   32.987   94.972  179.900    0.337657   -1.321837   -0.696632   -0.821902   -1.464736   -1.697730   -1.911618   -0.702420   -1.208143  -21.440   10.332  -19.644 S_000008
   8 P   -73.882  -65.344 -104.139   86.612  175.482 -141.790 -113.311   38.535   86.327 -135.282    0.304478   -1.326153   -0.699015   -0.790265   -1.345557   -1.767475   -1.888886   -0.650118   -1.230384  -27.266   12.014  -21.231 S_000008
   9 P   151.662 -137.715  175.507   81.969 -118.435  -83.967   52.655   33.159   95.284  179.921    0.334731   -1.343047   -0.663849   -0.811778   -1.510047   -1.655492   -1.877990   -0.700603   -1.213749  -30.574   14.021  -26.597 S_000008
  10 P   -81.278  160.451   36.664  147.765 -122.676  177.149  127.911  -37.756  158.866   25.568    0.322436   -0.173818   -1.479190   -0.776279   -1.147026   -1.895369   -1.926609   -0.725853   -1.194474  -35.273   15.021  -30.932 S_000008
  11 P   -93.154 -157.444   54.300  150.377 -112.935 -160.796  105.347  -36.726  152.260  155.081    0.325182   -0.066179   -1.488565   -0.782637   -0.984831   -1.998773   -1.922659   -0.698395   -1.211700  -41.389   15.597  -33.679 S_000008
  12 H   -60.747  166.577   53.465   77.483    0.000    0.000   78.758   44.014   90.130 -178.881    0.250733   -1.438536   -0.431364   -0.765867   -1.572324   -1.557922   -1.854315   -0.729931   -1.210953  -47.207   17.391  -36.044 S_000008
SCORE:     7.197                  7.197          0          0          2    S_000009
   1 H     0.000  170.252   55.279  109.791  -86.031  -28.716   97.324   -4.072  154.605    3.658    0.432992   -1.060617   -0.993306   -0.892079   -1.672394   -1.421786   -1.913007   -0.735767   -1.171156    3.794    0.984    0.238 S_000009
   2 P   -62.560  161.565   59.465   82.476 -145.787  -82.222   79.175   40.224   90.549  -18.130    0.293028   -1.402197   -0.512332   -0.776587   -1.536861   -1.592902   -1.843688   -0.676489   -1.238810    2.411   -1.729   -3.494 S_000009
   3 P   -71.383  151.973   48.207  147.060 -131.753 -161.855  100.068  -36.188  155.861   33.256    0.337325   -0.228092   -1.466943   -0.778700   -1.188977   -1.879295   -1.928081   -0.757037   -1.174951   -2.565   -2.560   -6.811 S_000009
   4 P   -67.125  166.937   52.469   81.956 -156.377  -69.854   88.626   38.467   92.090  -80.712    0.327135   -1.356584   -0.612673   -0.759794   -1.455306   -1.681926   -1.860422   -0.669720   -1.243398   -9.066   -2.849   -6.803 S_000009
   5 N  -174.783  120.716  177.399  150.472 -127.479 -150.643  -46.738  -38.379  156.036  172.165    0.295515   -0.075973   -1.493365   -0.801078   -1.032701   -1.963612   -1.942754   -0.690149   -1.211052  -15.283   -0.568   -8.748 S_000009
   6 P   161.921 -139.165  171.084  140.378 -102.348  161.473  147.689  -28.420  150.366   21.418    0.399046   -0.297674   -1.438023   -0.785233   -1.122437   -1.922316   -1.917220   -0.695077   -1.203103  -21.939    0.286  -11.266 S_000009
   7 N   140.751   78.375  147.908   85.219 -139.919 -122.587   67.224   27.161  117.339 -128.645    0.327420   -1.390343   -0.558417   -0.896324   -1.706978   -1.419161   -1.868152   -0.719232   -1.199857  -27.544   -2.530  -13.361 S_000009
   8 P   -48.770  168.829   54.670   86.526 -150.658  -75.306   81.995   35.762   95.534  179.945    0.329835   -1.340758   -0.641035   -0.793845   -1.468505   -1.674925   -1.886862   -0.690294   -1.220313  -32.225   -4.585  -17.386 S_000009
   9 P  -177.185 -173.566  155.371  145.456  -98.754  179.352  138.838  -24.197  141.689  170.602    0.366879   -0.185448   -1.467973   -0.847005   -0.869502   -2.069646   -1.938630   -0.653402   -1.218242  -38.867   -6.104  -17.989 S_000009
  10 P   -57.734  166.673   49.208   81.592 -124.549  -91.354   91.371   38.539   88.954  168.442    0.295617   -1.369706   -0.596603   -0.794913   -1.488102   -1.668088   -1.880944   -0.723907   -1.204451  -43.007  -10.162  -20.345 S_000009
  11 P   140.004 -161.511  172.648   87.535 -135.875 -127.774  -63.089   27.673  113.365  -21.649    0.351703   -1.359808   -0.617725   -0.860422   -1.647064   -1.511100   -1.888219   -0.728269   -1.197425  -49.135   -9.001  -22.642 S_000009
  12 H   -70.446 -163.776   47.966   81.208    0.000    0.000   78.772   39.529   92.510  179.927    0.314860   -1.365937   -0.577622   -0.760938   -1.469419   -1.660425   -1.855521   -0.664143   -1.243873  -55.031   -6.128  -24.980 S_000009
SCORE:     6.471                  6.471          0          1          2    S_000010
   1 H     0.000  170.252   55.279   84.512 -104.170  -56.255   56.026   38.899   89.729  -18.875    0.321389   -1.352304   -0.611458   -0.761166   -1.446308   -1.690223   -1.872760   -0.690935   -1.227581    3.794    0.984    0.238 S_000010
   2 P  -129.402 -155.607   57.037   87.592 -149.802  -56.566   67.924   33.466   99.324  163.369    0.346398   -1.327445   -0.661251   -0.797844   -1.486804   -1.662451   -1.877883   -0.682652   -1.223787    3.815   -3.145   -4.847 S_000010
   3 N   -60.793  171.558   61.962   89.409 -158.232  -99.016   75.344   33.310   97.241 -167.829    0.337877   -1.332470   -0.657891   -0.811917   -1.496742   -1.656441   -1.904852   -0.725438   -1.193617   -1.621   -5.317   -4.461 S_000010
   4 P   -83.459 -169.228   58.253   83.358   52.826  125.135  129.335   18.604  127.801   57.716    0.383809   -1.280962   -0.739637   -0.899868   -1.635654   -1.494238   -1.869344   -0.658307   -1.238128   -8.058   -7.094   -3.382 S_000010
   5 P   -61.335  158.584   53.176   84.522 -157.624  -68.829   91.227   42.603   88.881  163.860    0.269171   -1.390867   -0.527818   -0.767437   -1.490879   -1.655576   -1.807935   -0.625359   -1.264450  -14.303   -6.262   -3.114 S_000010
   6 P  -154.050  145.148  124.520   89.904 -156.931 -129.437   98.571   22.752  116.377   53.243    0.366115   -1.304268   -0.738772   -0.890164   -1.596323   -1.568220   -1.925176   -0.727709   -1.180955  -20.453   -8.520   -4.543 S_000010
   7 P   -39.399  168.770   55.356  142.140 -142.741  175.589  120.987  -35.450  159.437  -98.096    0.330665   -0.302125   -1.453233   -0.794861   -1.264725   -1.819140   -1.936530   -0.724980   -1.198310  -26.572   -9.884   -5.379 S_000010
   8 P   154.408 -167.309  177.533   85.213 -130.497  -58.639   65.374   37.930   89.645  -25.428    0.314460   -1.365339   -0.594367   -0.782285   -1.489040   -1.654516   -1.884229   -0.716751   -1.205193  -33.280  -12.361   -5.106 S_000010
   9 P   -48.021 -149.357   60.660  147.001 -101.038  163.258  120.155  -32.034  151.049   18.396    0.355164   -0.210741   -1.459618   -0.797243   -1.078551   -1.944985   -1.922827   -0.653220   -1.225214  -39.055  -14.597   -6.387 S_000010
  10 N   137.251 -155.716  174.946   86.157 -158.524  -62.955   96.365   33.608   97.563  179.935    0.337271   -1.339152   -0.646554   -0.807939   -1.506066   -1.646908   -1.891233   -0.710544   -1.206045  -45.259  -17.243   -5.207 S_000010
  11 P  -170.257 -176.118  168.457  154.693  -96.790  -77.772  166.626  -41.004  158.432  -92.486    0.301209   -0.017468   -1.492097   -0.757842   -1.009016   -1.965277   -1.908312   -0.715882   -1.203518  -50.842  -20.918   -4.813 S_000010
  12 H   -63.372  177.229   54.500   81.239    0.000    0.000   83.769   37.667   95.773  170.523    0.307384   -1.386215   -0.528132   -0.777880   -1.576448   -1.570490   -1.848093   -0.697892   -1.229160  -55.820  -24.745   -3.511 S_000010
