SEQUENCE: gag
SCORE:     score    rna_stub_coord_hack       N_WC      N_NWC       N_BS description
REMARK RNA 
SCORE:     2.143                  2.143          0          0          0    S_000001
   1 H     0.000  170.252   55.279   80.012 -157.684  -81.258   73.178   42.121   91.344  170.793    0.273157   -1.409223   -0.484849   -0.771688   -1.514609   -1.582628   -1.860073   -0.689995   -1.211155    3.794    0.984    0.238 S_000001
   2 P   171.747  153.395  159.041  148.712 -150.900 -143.856  163.298  -31.676  141.216  -34.261    0.335662   -0.099384   -1.482186   -0.823846   -0.920479   -2.044532   -1.934389   -0.708140   -1.198506    8.538   -1.750   -4.102 S_000001
   3 H  -106.930 -164.932   60.167   80.197    0.000    0.000   76.543   39.275   93.742   89.938    0.290031   -1.398068   -0.523810   -0.786295   -1.555213   -1.592320   -1.850112   -0.702159   -1.229708   14.724   -3.433   -7.284 S_000001
SCORE:     2.143                  2.143          0          0          0    S_000002
   1 H     0.000  170.252   55.279   80.492 -157.270  -81.535   77.757   36.232   95.507  -17.879    0.329969   -1.386298   -0.554815   -0.787205   -1.579312   -1.588986   -1.874543   -0.741671   -1.195951    3.794    0.984    0.238 S_000002
   2 P   171.747  153.395  159.041  148.712 -150.900 -143.856  163.298  -31.676  141.216  -34.261    0.335662   -0.099384   -1.482186   -0.823846   -0.920479   -2.044532   -1.934389   -0.708140   -1.198506    8.528   -1.765   -4.111 S_000002
   3 H    60.061  103.844 -177.607   84.855    0.000    0.000   66.933   40.676   85.122  179.889    0.319208   -1.343029   -0.645818   -0.736273   -1.381316   -1.750946   -1.873719   -0.706514   -1.223603   13.749   -5.493   -5.313 S_000002
SCORE:     2.148                  2.148          0          0          0    S_000003
   1 H     0.000  170.252   55.279   78.549 -157.847  -78.408   76.693   36.528   97.876 -118.300    0.313307   -1.408938   -0.522224   -0.798487   -1.617051   -1.548103   -1.849311   -0.724094   -1.212206    3.794    0.984    0.238 S_000003
   2 P   171.747  153.395  159.041  148.712 -150.900 -143.856  163.298  -31.676  141.216  -34.261    0.335662   -0.099384   -1.482186   -0.823846   -0.920479   -2.044532   -1.934389   -0.708140   -1.198506    8.485   -1.851   -4.051 S_000003
   3 H   -55.157  174.925   43.229   81.111    0.000    0.000   76.926   43.751   88.920  -25.159    0.296632   -1.391972   -0.534002   -0.715831   -1.446715   -1.664421   -1.839169   -0.696553   -1.229145   14.629   -2.903   -6.094 S_000003
SCORE:     2.145                  2.145          0          0          0    S_000004
   1 H     0.000  170.252   55.279   75.659 -155.984  -81.090   67.333   42.188   95.571  179.875    0.304293   -1.431295   -0.413596   -0.727664   -1.624027   -1.515934   -1.783226   -0.698195   -1.251291    3.794    0.984    0.238 S_000004
   2 P   171.747  153.395  159.041  148.712 -150.900 -143.856  163.298  -31.676  141.216  -34.261    0.335662   -0.099384   -1.482186   -0.823846   -0.920479   -2.044532   -1.934389   -0.708140   -1.198506    8.363   -1.772   -4.287 S_000004
   3 H   147.003 -136.797  177.601   83.505    0.000    0.000   72.430   42.087   85.021 -161.201    0.284582   -1.374562   -0.592191   -0.761703   -1.413414   -1.707361   -1.875792   -0.686254   -1.227464   14.177   -4.991   -6.082 S_000004
SCORE:     2.143                  2.143          0          0          0    S_000005
   1 H     0.000  170.252   55.279   87.763 -156.856  -84.040   80.029   34.372   94.742 -120.850    0.332681   -1.311303   -0.698882   -0.803242   -1.425876   -1.717329   -1.905440   -0.693702   -1.213045    3.794    0.984    0.238 S_000005
   2 P   171.747  153.395  159.041  148.712 -150.900 -143.856  163.298  -31.676  141.216  -34.261    0.335662   -0.099384   -1.482186   -0.823846   -0.920479   -2.044532   -1.934389   -0.708140   -1.198506    8.668   -1.802   -3.972 S_000005
   3 H     0.000  171.444   52.667 -281.227    0.000    0.000   78.556   40.639   91.660  -22.010    0.300194   -1.400224   -0.508639   -0.761633   -1.539424   -1.600566   -1.843609   -0.691112   -1.232820   14.732   -3.480   -5.009 S_000005
SCORE:     2.144                  2.144          0          0          0    S_000006
   1 H     0.000  170.252   55.279   83.268 -156.656  -80.785   71.081   39.241   97.228  179.916    0.296120   -1.411304   -0.485884   -0.782935   -1.597924   -1.552435   -1.838732   -0.696450   -1.246254    3.794    0.984    0.238 S_000006
   2 P   171.747  153.395  159.041  148.712 -150.900 -143.856  163.298  -31.676  141.216  -34.261    0.335662   -0.099384   -1.482186   -0.823846   -0.920479   -2.044532   -1.934389   -0.708140   -1.198506    8.533   -1.879   -4.027 S_000006
   3 H    60.081 -156.196   59.449   91.019    0.000    0.000   62.835   37.553   90.070  -24.834    0.306948   -1.326064   -0.674942   -0.784327   -1.402310   -1.731073   -1.897713   -0.716404   -1.198207   14.450   -3.883   -4.874 S_000006
SCORE:     2.147                  2.147          0          0          0    S_000007
   1 H     0.000  170.252   55.279   79.675 -155.957  -80.242   80.069   37.513   91.918  179.919    0.324524   -1.373204   -0.575757   -0.773455   -1.522018   -1.627597   -1.870286   -0.722953   -1.209635    3.794    0.984    0.238 S_000007
   2 P   171.747  153.395  159.041  148.712 -150.900 -143.856  163.298  -31.676  141.216  -34.261    0.335662   -0.099384   -1.482186   -0.823846   -0.920479   -2.044532   -1.934389   -0.708140   -1.198506    8.428   -1.875   -4.144 S_000007
   3 H   -66.133  167.446   57.400   74.730    0.000    0.000   74.947   42.795   93.897  -20.210    0.263289   -1.450421   -0.389798   -0.775745   -1.632923   -1.496732   -1.832407   -0.726739   -1.216004   14.491   -2.944   -6.341 S_000007
SCORE:     2.150                  2.150          0          0          0    S_000008
   1 H     0.000  170.252   55.279   83.110 -154.129  -86.420   91.123   33.156   99.322  -23.414    0.331298   -1.354904   -0.632520   -0.824408   -1.536001   -1.621374   -1.892869   -0.718331   -1.189642    3.794    0.984    0.238 S_000008
   2 P   171.747  153.395  159.041  148.712 -150.900 -143.856  163.298  -31.676  141.216  -34.261    0.335662   -0.099384   -1.482186   -0.823846   -0.920479   -2.044532   -1.934389   -0.708140   -1.198506    8.472   -1.716   -4.301 S_000008
   3 H   -71.677 -171.714   54.137   84.905    0.000    0.000   98.909   36.371   96.239  -21.580    0.324642   -1.367413   -0.592231   -0.788138   -1.526386   -1.629040   -1.876028   -0.712065   -1.217420   14.505   -2.786   -7.306 S_000008
SCORE:     2.143                  2.143          0          0          0    S_000009
   1 H     0.000  170.252   55.279   80.012 -157.684  -81.258   73.178   42.121   91.344  170.793    0.273157   -1.409223   -0.484849   -0.771688   -1.514609   -1.582628   -1.860073   -0.689995   -1.211155    3.794    0.984    0.238 S_000009
   2 P   171.747  153.395  159.041  148.712 -150.900 -143.856  163.298  -31.676  141.216  -34.261    0.335662   -0.099384   -1.482186   -0.823846   -0.920479   -2.044532   -1.934389   -0.708140   -1.198506    8.538   -1.750   -4.102 S_000009
   3 H   -61.812  171.024   47.507   79.951    0.000    0.000   78.884   40.311   89.530  178.929    0.295575   -1.400799   -0.507195   -0.772051   -1.547862   -1.594606   -1.866217   -0.732602   -1.209566   14.666   -2.637   -6.258 S_000009
SCORE:     2.144                  2.144          0          0          0    S_000010
   1 H     0.000  170.252   55.279   83.268 -156.656  -80.785   71.081   39.241   97.228  179.916    0.296120   -1.411304   -0.485884   -0.782935   -1.597924   -1.552435   -1.838732   -0.696450   -1.246254    3.794    0.984    0.238 S_000010
   2 P   171.747  153.395  159.041  148.712 -150.900 -143.856  163.298  -31.676  141.216  -34.261    0.335662   -0.099384   -1.482186   -0.823846   -0.920479   -2.044532   -1.934389   -0.708140   -1.198506    8.533   -1.879   -4.027 S_000010
   3 H  -151.327  132.926   55.921   86.064    0.000    0.000   61.430   36.949   91.859  -16.637    0.328187   -1.340986   -0.640589   -0.776419   -1.454623   -1.694051   -1.885186   -0.705833   -1.216113   14.425   -3.282   -7.436 S_000010
