SEQUENCE: gg
SCORE:     score    rna_stub_coord_hack       N_WC      N_NWC       N_BS description
REMARK RNA 
SCORE:     0.104                  0.104          0          0          0    S_000001
   1 H     0.000  170.252   55.279  113.601  -71.292  -85.120   73.981   26.703  118.764  -32.786    0.351458   -1.259767   -0.794741   -0.866743   -1.435317   -1.696652   -1.909245   -0.610318   -1.259324    3.794    0.984    0.238 S_000001
   2 H   -63.846  172.550   55.999   84.518    0.000    0.000   79.531   38.001   92.983   99.975    0.302279   -1.369990   -0.596314   -0.798979   -1.489115   -1.657991   -1.881125   -0.674376   -1.232801    5.181   -1.100   -5.546 S_000001
SCORE:     0.104                  0.104          0          0          0    S_000002
   1 H     0.000  170.252   55.279  113.601  -71.292  -85.120   73.981   26.703  118.764  -32.786    0.351458   -1.259767   -0.794741   -0.866743   -1.435317   -1.696652   -1.909245   -0.610318   -1.259324    3.794    0.984    0.238 S_000002
   2 H   -78.621 -155.260   51.578   86.860    0.000    0.000   80.615   35.351   93.544  179.919    0.331569   -1.327325   -0.657653   -0.794740   -1.451531   -1.687653   -1.903012   -0.720004   -1.197454    5.273   -0.251   -6.117 S_000002
SCORE:     0.104                  0.104          0          0          0    S_000003
   1 H     0.000  170.252   55.279  113.601  -71.292  -85.120   73.981   26.703  118.764  -32.786    0.351458   -1.259767   -0.794741   -0.866743   -1.435317   -1.696652   -1.909245   -0.610318   -1.259324    3.794    0.984    0.238 S_000003
   2 H   -78.361 -172.776   51.135   91.720    0.000    0.000   55.149   35.460   88.090  179.929    0.343776   -1.260213   -0.781212   -0.781682   -1.281475   -1.820174   -1.915722   -0.691169   -1.211925    5.222   -0.635   -5.929 S_000003
SCORE:     0.104                  0.104          0          0          0    S_000004
   1 H     0.000  170.252   55.279  113.601  -71.292  -85.120   73.981   26.703  118.764  -32.786    0.351458   -1.259767   -0.794741   -0.866743   -1.435317   -1.696652   -1.909245   -0.610318   -1.259324    3.794    0.984    0.238 S_000004
   2 H   -58.117  163.648   61.907   79.450    0.000    0.000   71.717   36.769   97.651  -22.939    0.339056   -1.370384   -0.576270   -0.760571   -1.538336   -1.616577   -1.845075   -0.712392   -1.225424    5.108   -1.302   -5.317 S_000004
SCORE:     0.104                  0.104          0          0          0    S_000005
   1 H     0.000  170.252   55.279  113.601  -71.292  -85.120   73.981   26.703  118.764  -32.786    0.351458   -1.259767   -0.794741   -0.866743   -1.435317   -1.696652   -1.909245   -0.610318   -1.259324    3.794    0.984    0.238 S_000005
   2 H   135.335 -173.379 -169.905   80.138    0.000    0.000   75.153   35.585   98.205  -20.632    0.336044   -1.376119   -0.579798   -0.779142   -1.563448   -1.600454   -1.849055   -0.707000   -1.221078    3.360   -0.323   -5.732 S_000005
SCORE:     0.104                  0.104          0          0          0    S_000006
   1 H     0.000  170.252   55.279  113.601  -71.292  -85.120   73.981   26.703  118.764  -32.786    0.351458   -1.259767   -0.794741   -0.866743   -1.435317   -1.696652   -1.909245   -0.610318   -1.259324    3.794    0.984    0.238 S_000006
   2 H   -55.484  171.934   47.192   79.615    0.000    0.000   68.548   36.936   91.016  -24.735    0.334367   -1.369916   -0.560848   -0.772244   -1.533326   -1.602313   -1.855357   -0.729865   -1.200163    5.115   -1.204   -5.445 S_000006
SCORE:     0.104                  0.104          0          0          0    S_000007
   1 H     0.000  170.252   55.279  113.601  -71.292  -85.120   73.981   26.703  118.764  -32.786    0.351458   -1.259767   -0.794741   -0.866743   -1.435317   -1.696652   -1.909245   -0.610318   -1.259324    3.794    0.984    0.238 S_000007
   2 H   -66.058 -176.845   47.758   79.053    0.000    0.000   83.028   39.552   93.747  179.942    0.301142   -1.400029   -0.501380   -0.777439   -1.563177   -1.577030   -1.844195   -0.697961   -1.230284    5.227   -0.882   -5.743 S_000007
SCORE:     0.104                  0.104          0          0          0    S_000008
   1 H     0.000  170.252   55.279  113.601  -71.292  -85.120   73.981   26.703  118.764  -32.786    0.351458   -1.259767   -0.794741   -0.866743   -1.435317   -1.696652   -1.909245   -0.610318   -1.259324    3.794    0.984    0.238 S_000008
   2 H   -67.126 -171.425   48.448   80.377    0.000    0.000   80.883   38.891   91.476  179.932    0.312753   -1.387856   -0.544418   -0.770419   -1.537419   -1.616016   -1.867076   -0.725579   -1.209656    5.255   -0.762   -5.830 S_000008
SCORE:     0.104                  0.104          0          0          0    S_000009
   1 H     0.000  170.252   55.279  113.601  -71.292  -85.120   73.981   26.703  118.764  -32.786    0.351458   -1.259767   -0.794741   -0.866743   -1.435317   -1.696652   -1.909245   -0.610318   -1.259324    3.794    0.984    0.238 S_000009
   2 H   -56.466  167.223   49.609   76.949    0.000    0.000   76.202   40.294   90.436  179.892    0.297345   -1.412611   -0.480323   -0.767615   -1.572422   -1.557144   -1.858040   -0.758412   -1.185245    5.101   -1.266   -5.368 S_000009
SCORE:     0.104                  0.104          0          0          0    S_000010
   1 H     0.000  170.252   55.279  113.601  -71.292  -85.120   73.981   26.703  118.764  -32.786    0.351458   -1.259767   -0.794741   -0.866743   -1.435317   -1.696652   -1.909245   -0.610318   -1.259324    3.794    0.984    0.238 S_000010
   2 H     0.000 -178.219   56.105   87.138    0.000    0.000   66.876   38.194   88.288  -12.649    0.314485   -1.357194   -0.611738   -0.779887   -1.463947   -1.679512   -1.894884   -0.717796   -1.200728    4.558   -1.471   -5.112 S_000010
