SEQUENCE: gaaaaaaaaaag
SCORE:     score    rna_stub_coord_hack       N_WC      N_NWC       N_BS description
REMARK RNA 
SCORE:    28.823                 28.823          0          0          1    S_000001
   1 H     0.000  170.252   55.279  137.596    0.000    0.000  103.584  -31.422  156.961   21.904    0.360961   -0.439786   -1.408519   -0.800461   -1.358923   -1.748345   -1.941145   -0.762944   -1.173218    3.794    0.984    0.238 S_000001
   2 N    33.932  170.894 -176.674   84.328  116.062  156.084  143.975   38.185   82.013  179.921    0.362320   -1.287384   -0.715662   -0.723867   -1.294938   -1.781744   -1.865938   -0.693978   -1.220382    3.526    2.280    2.107 S_000001
   3 N  -174.783  120.716  177.399  150.472 -127.479 -150.643  -46.738  -38.379  156.036  172.165    0.295515   -0.075973   -1.493365   -0.801078   -1.032701   -1.963612   -1.942754   -0.690149   -1.211052    2.514   -0.890    8.446 S_000001
   4 P   148.744  164.488  155.812   78.401 -116.145  -93.168  138.143   38.511   86.441 -171.231    0.349391   -1.359421   -0.597882   -0.742157   -1.451422   -1.664271   -1.843860   -0.693680   -1.250137   -2.226   -3.580   13.384 S_000001
   5 P  -172.604  161.126  159.864  155.138 -101.607 -139.360  -48.863  -40.948  155.621   78.591    0.319081    0.026124   -1.484098   -0.731166   -0.944630   -1.986654   -1.887978   -0.700564   -1.211859   -3.757   -3.220   20.349 S_000001
   6 P   -61.653  158.780  111.392  131.953 -117.165 -124.089  113.393  -34.124  172.369  170.567    0.367177   -0.534770   -1.378991   -0.795747   -1.498249   -1.528004   -1.900206   -0.681102   -1.220799   -5.531   -4.301   26.648 S_000001
   7 P   152.375  142.031   64.415  148.128 -115.647  144.438   99.872  -37.298  156.734  -84.147    0.331499   -0.157245   -1.479366   -0.767945   -1.115352   -1.917667   -1.916635   -0.734444   -1.191645   -9.976   -7.527   31.524 S_000001
   8 P    69.223  137.261 -175.088   86.986 -153.397 -110.460  143.572   33.683   97.732  -12.707    0.328359   -1.339808   -0.647494   -0.818559   -1.502873   -1.648205   -1.897238   -0.709099   -1.201121  -13.008   -8.348   37.394 S_000001
   9 N   -57.813  153.902   57.901   86.767 -156.071  -61.272   85.304   35.949   94.727   -1.966    0.324873   -1.351223   -0.622564   -0.794971   -1.491790   -1.656308   -1.883293   -0.700392   -1.214278  -13.206   -9.100   43.480 S_000001
  10 P  -133.435  121.623  159.513   84.107 -132.282  -83.506   67.169   34.547   94.201  -27.447    0.328492   -1.348144   -0.633645   -0.807308   -1.509568   -1.647897   -1.897709   -0.723428   -1.200444  -15.033  -11.794   48.842 S_000001
  11 N   -60.793  171.558   61.962   89.409 -158.232  -99.016   75.344   33.310   97.241 -167.829    0.337877   -1.332470   -0.657891   -0.811917   -1.496742   -1.656441   -1.904852   -0.725438   -1.193617  -17.943  -12.954   54.399 S_000001
  12 H   -63.715 -175.481   46.043   82.287    0.000    0.000   80.659   40.817   90.177 -150.093    0.309234   -1.378126   -0.548500   -0.745137   -1.487660   -1.648031   -1.846573   -0.685293   -1.229444  -20.602  -15.226   59.891 S_000001
SCORE:    30.217                 30.217          0          0          0    S_000002
   1 H     0.000  170.252   55.279   81.901    0.000    0.000   68.658   42.190   88.788  179.888    0.314269   -1.385909   -0.531874   -0.718091   -1.485347   -1.649816   -1.843874   -0.706598   -1.237638    3.794    0.984    0.238 S_000002
   2 P    55.502 -169.839  176.560  144.083 -100.661  -55.582  118.405  -32.080  151.730   27.331    0.354201   -0.255225   -1.460967   -0.810881   -1.142242   -1.908618   -1.944936   -0.725331   -1.182277    3.491    2.777    1.529 S_000002
   3 N   -51.950 -158.681   68.343  149.159  -85.796 -116.840  101.826  -35.872  154.688   25.035    0.333848   -0.134222   -1.479415   -0.782706   -1.057561   -1.956975   -1.927337   -0.689260   -1.215309    7.081    2.849    6.539 S_000002
   4 N   -50.936  170.693   59.456  140.138 -123.590 -165.720  102.147  -28.824  146.926   74.808    0.372909   -0.320183   -1.444597   -0.805892   -1.158175   -1.918373   -1.937237   -0.739376   -1.178972    9.489    5.629   12.134 S_000002
   5 P   -51.879 -171.344   34.321  138.540 -178.769 -102.191  -50.948  -33.221  156.844  145.469    0.332158   -0.297182   -1.459630   -0.819868   -1.216395   -1.867135   -1.953799   -0.741814   -1.177141   12.284    7.879   17.650 S_000002
   6 N  -127.306 -149.789   67.856   94.274   53.014  151.190  109.022   20.035  108.313   44.719    0.429328   -1.066193   -0.986820   -0.818325   -1.248042   -1.851121   -1.916966   -0.627477   -1.232384   13.981    8.218   24.425 S_000002
   7 P   146.274  156.591  179.483   77.635 -152.028  -72.001   75.273   42.982   89.249  178.900    0.287995   -1.419009   -0.477197   -0.735693   -1.550269   -1.599261   -1.819279   -0.700629   -1.234007   15.836    5.722   30.657 S_000002
   8 P  -136.188  147.408  170.784   84.536 -136.102  -73.016   76.513   39.583   86.659  179.914    0.336335   -1.326095   -0.664039   -0.729869   -1.374732   -1.758977   -1.869372   -0.707693   -1.223661   18.783    6.395   36.534 S_000002
   9 N  -178.810  153.055  135.770  106.704 -138.327 -112.358  127.377   22.478   87.323  -11.418    0.409131   -0.973460   -1.098711   -0.809248   -1.028300   -2.013690   -1.923910   -0.665663   -1.225656   21.126    8.577   42.730 S_000002
  10 P   -71.409  163.072   88.916  129.689 -115.676 -168.510  103.969  -27.373  151.463 -158.189    0.375027   -0.488612   -1.399569   -0.832328   -1.348614   -1.777614   -1.951482   -0.749221   -1.158968   24.249    9.039   48.475 S_000002
  11 P   -54.693  151.746   58.975   84.751 -153.250 -119.142   84.210   36.007   93.662  -20.318    0.333311   -1.344872   -0.636449   -0.783074   -1.478663   -1.674962   -1.887346   -0.705866   -1.216952   24.726    9.039   54.692 S_000002
  12 H  -127.991 -134.175   12.724  131.936    0.000    0.000   48.463  -36.159  162.691 -176.719    0.344870   -0.445789   -1.417952   -0.774605   -1.449428   -1.660144   -1.916821   -0.794228   -1.150709   24.707   12.216   61.294 S_000002
SCORE:    31.731                 31.731          0          0          0    S_000003
   1 H     0.000  170.252   55.279   78.757 -160.757  -78.610   75.579   37.595   93.179  179.952    0.318947   -1.400572   -0.513415   -0.775982   -1.595889   -1.556057   -1.861257   -0.749847   -1.200428    3.794    0.984    0.238 S_000003
   2 N     0.000  -85.740  108.516 -293.004  209.662 -103.987   72.069   50.861   88.627  179.925    0.202691   -1.503055   -0.143897   -0.712355   -1.736091   -1.342554   -1.762736   -0.781134   -1.203132    8.001    0.900   -2.118 S_000003
   3 P  -108.162   78.726  175.001   88.398 -111.320  -92.701   50.575   37.117   89.136  -18.087    0.315431   -1.329948   -0.643325   -0.789771   -1.419163   -1.689123   -1.893195   -0.708335   -1.201721    9.094    3.314    3.055 S_000003
   4 N   167.952 -167.959  154.203  145.211 -155.376 -167.633   19.536  -32.174  148.043  -55.599    0.332777   -0.133501   -1.484945   -0.828850   -0.980089   -2.013944   -1.953344   -0.695714   -1.205944   10.394    4.122    9.790 S_000003
   5 N   162.851 -174.181  174.872   89.117 -135.686  -80.471   74.982   34.691   91.621  -18.571    0.348335   -1.303500   -0.710850   -0.781973   -1.406205   -1.739385   -1.894539   -0.695738   -1.212818   13.204    6.344   16.105 S_000003
   6 P   -67.236  -69.075 -153.222   75.027 -174.504  -88.660  157.945   40.130  102.688  -15.792    0.275663   -1.457982   -0.342026   -0.800253   -1.719347   -1.397196   -1.772281   -0.700243   -1.246714   13.655    7.373   22.412 S_000003
   7 P   173.355  125.936  172.381   92.573 -126.321  -63.423   74.322   39.444   80.014  179.963    0.248303   -1.280816   -0.752540   -0.820131   -1.269836   -1.836540   -1.977263   -0.755674   -1.188652   15.084    9.260   28.980 S_000003
   8 P  -147.370  132.427  163.030   85.740 -133.620  -84.078   67.702   34.176   93.870  -15.107    0.344463   -1.309014   -0.688719   -0.791759   -1.433451   -1.704701   -1.888885   -0.699291   -1.211989   17.521    9.107   35.201 S_000003
   9 P   -58.446 -149.202   68.661  151.517  -94.388 -167.491  158.879  -36.566  157.616   66.657    0.314545   -0.058212   -1.465433   -0.758064   -0.951472   -2.024794   -1.934304   -0.600686   -1.266513   20.411    9.614   41.279 S_000003
  10 P    62.839  118.803   58.010  124.737  -91.760 -121.776  172.398  -28.588  168.743   12.870    0.351004   -0.720555   -1.295077   -0.879187   -1.616459   -1.422346   -1.926677   -0.726106   -1.199968   25.641   11.865   45.150 S_000003
  11 P   -60.599  162.009   59.939  140.771 -155.496 -143.261  171.462  -38.712  164.591  -23.422    0.312444   -0.271307   -1.489031   -0.770005   -1.280109   -1.824124   -1.924378   -0.767040   -1.192114   27.030   14.020   51.322 S_000003
  12 H   -57.045  176.440   58.687  146.249    0.000    0.000  112.151  -28.956  153.973   21.274    0.362028   -0.375291   -1.432591   -0.845013   -1.234572   -1.836933   -1.958088   -0.662607   -1.203757   26.925   16.736   57.297 S_000003
SCORE:    31.518                 31.518          0          0          2    S_000004
   1 H     0.000  170.252   55.279   81.406  163.384  -86.260  116.923   32.054  110.795 -166.582    0.320248   -1.420368   -0.464463   -0.842473   -1.735634   -1.397991   -1.846341   -0.757423   -1.198457    3.794    0.984    0.238 S_000004
   2 N    85.934  -90.839  172.676   85.616 -171.229  -78.234   95.061   38.307   91.216 -146.059    0.311581   -1.351249   -0.627510   -0.778861   -1.442484   -1.694367   -1.883384   -0.694107   -1.220686    7.591    0.319    0.034 S_000004
   3 P  -150.263  137.150  162.005   85.519 -143.757  -61.655   64.628   39.702   84.506   99.951    0.295141   -1.332554   -0.685537   -0.782837   -1.333764   -1.762805   -1.900101   -0.686617   -1.207950   10.099    0.955    6.103 S_000004
   4 P  -110.003  -95.178 -170.804   85.262 -152.851  -73.112   64.455   36.565   94.655  -23.735    0.333988   -1.354956   -0.605888   -0.774081   -1.501600   -1.649669   -1.863825   -0.691328   -1.230508   13.296    1.026   12.287 S_000004
   5 P   128.956 -167.652 -160.064   94.077 -138.076  -61.821   62.136   41.185   91.268  -28.351    0.283460   -1.304384   -0.747649   -0.765217   -1.247291   -1.847116   -1.908601   -0.603222   -1.274693   16.338    3.425   17.275 S_000004
   6 P   -75.584 -132.085   91.249  104.268 -149.224 -171.848  102.423   18.612  131.713   -5.683    0.419027   -1.215611   -0.813500   -0.840430   -1.584066   -1.635919   -1.826410   -0.644085   -1.278143   20.517    7.123   21.062 S_000004
   7 N   156.962  178.579 -167.811   86.349 -135.605  -64.893   63.481   36.418   95.976  -16.102    0.331241   -1.345785   -0.616987   -0.767103   -1.488494   -1.651697   -1.841209   -0.691712   -1.226263   22.732    6.874   27.974 S_000004
   8 N  -175.101 -147.674  159.572  141.718  176.133  146.872   62.364  -31.811 -103.226   76.911    0.331832   -0.177856   -1.485199   -0.843536   -1.029654   -1.962328   -1.977627   -0.691472   -1.204184   21.874    7.848   34.454 S_000004
   9 P  -125.086  145.493   69.963   84.203 -158.058 -123.195  168.515   36.291   95.165  143.628    0.305273   -1.413075   -0.506265   -0.815956   -1.633501   -1.528120   -1.891014   -0.787768   -1.165172   22.386    7.526   40.919 S_000004
  10 P   179.384  109.463 -179.306   83.839 -158.740  -52.055  120.779   32.850   99.335   19.855    0.340501   -1.350176   -0.625714   -0.813365   -1.547777   -1.612043   -1.885995   -0.722023   -1.202003   24.940    9.828   47.208 S_000004
  11 P   163.328  133.174   67.642  136.998 -137.626 -154.012   89.421  -30.525  152.645   30.625    0.372295   -0.416181   -1.425075   -0.793600   -1.311181   -1.799090   -1.926431   -0.784884   -1.148790   27.673   13.267   52.408 S_000004
  12 H   -61.533  169.126   47.797   82.877    0.000    0.000   77.978   39.862   86.937  -17.362    0.311738   -1.359234   -0.608198   -0.758977   -1.437723   -1.698946   -1.878735   -0.707555   -1.219550   27.670   13.048   58.957 S_000004
SCORE:    31.312                 31.312          0          1          1    S_000005
   1 H     0.000  170.252   55.279   86.542 -163.822  -75.374   73.849   33.908   92.767  -19.323    0.347314   -1.301552   -0.719191   -0.796582   -1.408311   -1.735827   -1.905952   -0.699880   -1.207307    3.794    0.984    0.238 S_000005
   2 P    58.637 -149.139   75.147   85.682  141.457  154.592  116.883   27.184  115.659    0.183    0.399611   -1.292746   -0.667257   -0.809112   -1.573203   -1.588472   -1.853608   -0.664495   -1.229294    8.258   -1.583   -1.036 S_000005
   3 N   140.409 -177.058  166.147  127.764  -83.121 -100.912  123.489  -20.721  136.478  -80.143    0.432444   -0.202361   -1.451235   -0.814471   -0.824471   -2.084192   -1.921199   -0.667198   -1.221491    7.174    0.734    5.679 S_000005
   4 P   -53.182 -178.366   59.806  156.527  -94.573 -113.801  131.240  -40.278  159.566   37.763    0.314828   -0.035122   -1.489133   -0.749532   -1.016250   -1.963925   -1.909458   -0.679962   -1.228138    8.638    1.008   12.166 S_000005
   5 P   -54.674 -176.812   56.845  105.666 -157.888  177.384   98.760   17.911  103.275  171.367    0.386334   -1.108155   -0.964022   -0.851708   -1.378330   -1.793508   -1.940299   -0.737263   -1.175895   12.465    3.807   17.072 S_000005
   6 P   145.559 -147.661 -179.920   89.636 -147.948 -121.251  142.316   19.265  124.361   72.826    0.378876   -1.314939   -0.680925   -0.895597   -1.696331   -1.431095   -1.862822   -0.708039   -1.208086   13.530    4.310   23.968 S_000005
   7 N   116.652 -120.299 -166.532   83.340 -100.624 -107.523   46.228   39.220   89.655  -23.998    0.322294   -1.359161   -0.601360   -0.755425   -1.453999   -1.682435   -1.865651   -0.692554   -1.228649   15.702    4.731   29.619 S_000005
   8 N  -175.892  156.188  156.478   83.886 -138.147  -59.561   62.396   30.267  100.304  -18.903    0.356262   -1.310652   -0.690545   -0.814152   -1.515858   -1.645970   -1.890391   -0.720789   -1.206949   17.515    6.237   36.418 S_000005
   9 P   -67.236  -69.075 -153.222   75.027 -174.504  -88.660  157.945   40.130  102.688  -15.792    0.275663   -1.457982   -0.342026   -0.800253   -1.719347   -1.397196   -1.772281   -0.700243   -1.246714   16.760    8.179   42.354 S_000005
  10 P   152.804  179.450  178.912   87.198 -154.572  -78.725   73.493   37.836   90.078  169.479    0.323288   -1.361977   -0.597100   -0.768408   -1.488119   -1.654360   -1.884994   -0.739724   -1.191211   16.943   10.106   48.742 S_000005
  11 P   168.992 -156.630  174.212   86.705 -137.197 -119.664  108.197   33.640   99.366  -15.229    0.329923   -1.352776   -0.624135   -0.819988   -1.531632   -1.621327   -1.886817   -0.697388   -1.214338   17.674    9.283   55.317 S_000005
  12 H   -60.986  173.766   48.902   85.905    0.000    0.000   80.133   41.175   92.665   -5.089    0.289841   -1.399054   -0.552670   -0.772816   -1.474829   -1.648043   -1.835957   -0.630598   -1.277360   17.199    9.021   61.958 S_000005
SCORE:    30.100                 30.100          0          1          1    S_000006
   1 H     0.000  170.252   55.279   76.540    0.000    0.000   71.008   37.823   97.630  -24.009    0.309522   -1.395014   -0.521813   -0.792749   -1.566639   -1.569553   -1.848805   -0.686814   -1.230629    3.794    0.984    0.238 S_000006
   2 P    95.862 -150.045 -177.753  145.463 -163.746 -130.631  132.028  -25.964  134.716  -54.064    0.372792   -0.139680   -1.476267   -0.836576   -0.849905   -2.078892   -1.921957   -0.718372   -1.188673    3.906    3.068    1.431 S_000006
   3 N  -148.373 -139.480   93.437  142.714  -84.926 -104.598  153.120  -39.852  173.743 -111.853    0.385940   -0.322246   -1.411852   -0.668637   -1.367181   -1.685383   -1.831372   -0.681298   -1.245923    4.179    4.988    8.456 S_000006
   4 P  -106.372   87.012  163.300   89.223 -126.155  -71.902   58.053   24.477  104.877  -76.828    0.377553   -1.257416   -0.781825   -0.846638   -1.515195   -1.669047   -1.911555   -0.731597   -1.183915    7.777    7.255   12.830 S_000006
   5 P   -93.154 -157.444   54.300  150.377 -112.935 -160.796  105.347  -36.726  152.260  155.081    0.325182   -0.066179   -1.488565   -0.782637   -0.984831   -1.998773   -1.922659   -0.698395   -1.211700   11.185    8.303   18.682 S_000006
   6 P   -67.799 -146.390   61.351  138.077 -111.780  179.539  136.456  -32.975  164.412   24.654    0.345876   -0.486313   -1.408181   -0.813296   -1.436410   -1.666158   -1.937060   -0.759364   -1.169281   13.787   11.035   24.307 S_000006
   7 P    95.862 -150.045 -177.753  145.463 -163.746 -130.631  132.028  -25.964  134.716  -54.064    0.372792   -0.139680   -1.476267   -0.836576   -0.849905   -2.078892   -1.921957   -0.718372   -1.188673   14.932    9.712   30.702 S_000006
   8 N   156.206 -167.738 -170.879   84.580 -144.625  -58.211   59.260   35.291  101.679  -13.494    0.327934   -1.371793   -0.583068   -0.794657   -1.553461   -1.596619   -1.845835   -0.684503   -1.254648   16.684   12.377   36.996 S_000006
   9 P  -136.102  103.272  168.974   85.473 -128.309  -79.232   63.030   36.383   91.833 -170.126    0.322483   -1.346531   -0.624388   -0.787074   -1.484827   -1.666329   -1.892459   -0.741690   -1.189660   18.323   14.554   42.689 S_000006
  10 P   -77.026  168.092   71.983   78.574 -116.805  -84.914   48.711   34.034  102.351  -23.948    0.337593   -1.392640   -0.509451   -0.802071   -1.647914   -1.494254   -1.850830   -0.751698   -1.190656   21.299   17.026   47.842 S_000006
  11 P  -111.694   90.416  162.275   83.530 -131.818  -71.832   54.082   37.679   89.061  -25.101    0.339703   -1.326763   -0.648139   -0.752360   -1.421267   -1.715751   -1.872971   -0.699424   -1.222344   21.878   17.950   53.869 S_000006
  12 H   156.566 -166.425  171.890   84.679    0.000    0.000   61.144   38.615   85.883  -16.835    0.313155   -1.334186   -0.667441   -0.774739   -1.385817   -1.740683   -1.894041   -0.696001   -1.217448   22.405   19.796   60.160 S_000006
SCORE:    28.558                 28.558          0          0          1    S_000007
   1 H     0.000  170.252   55.279  100.547   41.845  -32.535   90.374    9.692  124.390  179.909    0.456370   -0.991871   -1.067046   -0.836217   -1.335706   -1.804399   -1.897621   -0.605146   -1.248537    3.794    0.984    0.238 S_000007
   2 P    83.922  155.779  172.347  150.835 -109.404 -100.633  -46.095  -39.295  159.270 -110.432    0.315190   -0.142798   -1.487833   -0.765905   -1.137976   -1.900967   -1.919913   -0.741333   -1.190146    5.130    3.358    2.114 S_000007
   3 N  -148.162  164.915  118.385  145.355 -109.323 -178.043  158.161  -25.949  134.973  153.436    0.357113   -0.162484   -1.477571   -0.854725   -0.883260   -2.080780   -1.943630   -0.688761   -1.201220    6.373    3.743    9.130 S_000007
   4 P    74.240 -128.552 -161.187   83.237 -118.534  -95.836   73.351   48.189   83.011  -22.390    0.235106   -1.426428   -0.474475   -0.716910   -1.454230   -1.665172   -1.827346   -0.670866   -1.245725    5.593    2.865   15.125 S_000007
   5 P   -79.032 -158.237   50.574   91.914   23.964  156.276  145.910   14.005  127.267   50.946    0.418038   -1.167590   -0.888886   -0.871974   -1.538318   -1.623598   -1.889385   -0.652158   -1.234011    4.898    0.915   21.818 S_000007
   6 P   -57.485  160.139   75.855  150.070 -129.358 -140.723  124.656  -40.385  156.749  145.069    0.321419   -0.067867   -1.491898   -0.742948   -1.064012   -1.946365   -1.896169   -0.757348   -1.185391    8.139    0.748   27.387 S_000007
   7 P   168.992 -156.630  174.212   86.705 -137.197 -119.664  108.197   33.640   99.366  -15.229    0.329923   -1.352776   -0.624135   -0.819988   -1.531632   -1.621327   -1.886817   -0.697388   -1.214338    9.419    2.492   34.334 S_000007
   8 N   154.001 -151.352 -179.891   82.407 -120.265  -97.432   73.456   36.108   93.428  -28.641    0.344713   -1.332998   -0.644622   -0.766566   -1.453473   -1.682803   -1.865678   -0.702813   -1.218244    9.383    3.097   41.297 S_000007
   9 N  -148.162  164.915  118.385  145.355 -109.323 -178.043  158.161  -25.949  134.973  153.436    0.357113   -0.162484   -1.477571   -0.854725   -0.883260   -2.080780   -1.943630   -0.688761   -1.201220    7.403    2.512   48.120 S_000007
  10 N   -49.303  160.019   48.041   88.508 -172.863 -157.115   88.072   36.247   88.736   99.747    0.331482   -1.312270   -0.701339   -0.783995   -1.389509   -1.749307   -1.911306   -0.723235   -1.200304    7.396    3.630   54.237 S_000007
  11 P  -170.341  -81.542 -150.130   92.276 -132.799 -135.257   68.032   15.995  132.507   -9.408    0.374351   -1.335865   -0.665900   -0.931982   -1.760628   -1.336401   -1.876128   -0.737169   -1.183181    7.402    1.088   60.794 S_000007
  12 H   -60.672 -177.893   47.413   79.005    0.000    0.000   73.749   45.706   86.979   98.183    0.256916   -1.422571   -0.463340   -0.728368   -1.503777   -1.615730   -1.821497   -0.683155   -1.242371   10.919    3.481   66.078 S_000007
SCORE:    31.533                 31.533          0          1          1    S_000008
   1 H     0.000  170.252   55.279   77.242 -155.167  -68.287   83.680   41.458   89.030 -149.086    0.300802   -1.407640   -0.484381   -0.747724   -1.550803   -1.585171   -1.838165   -0.709424   -1.228227    3.794    0.984    0.238 S_000008
   2 N    63.238 -129.002   53.629  151.908 -113.878 -160.976  173.026  -38.076  157.597  135.905    0.315666   -0.131582   -1.485782   -0.777624   -1.096772   -1.924759   -1.922983   -0.719621   -1.196808    7.597   -1.780   -1.100 S_000008
   3 N   -65.376  170.701   52.683   81.769 -148.989  -64.186   77.837   36.362   94.010  179.913    0.322550   -1.370721   -0.580353   -0.790760   -1.541170   -1.617465   -1.872573   -0.709486   -1.215565   11.141    0.373    4.017 S_000008
   4 P  -145.987  156.330 -171.280   97.698 -150.657  -84.135   71.724   29.301   97.426  177.190    0.377424   -1.188179   -0.884020   -0.797503   -1.265138   -1.847696   -1.920332   -0.677393   -1.214796   11.223    4.311    9.410 S_000008
   5 P   173.330 -176.176  173.161   89.236 -120.118 -113.526   66.601   30.578  105.566 -179.411    0.341486   -1.333597   -0.661409   -0.838980   -1.537240   -1.610372   -1.902227   -0.711169   -1.197381   12.996    6.850   15.585 S_000008
   6 P  -172.604  161.126  159.864  155.138 -101.607 -139.360  -48.863  -40.948  155.621   78.591    0.319081    0.026124   -1.484098   -0.731166   -0.944630   -1.986654   -1.887978   -0.700564   -1.211859   14.256    7.355   22.742 S_000008
   7 P   -54.894  157.912   63.587   77.026 -153.157  -88.352  143.744   20.468  136.386 -130.143    0.323074   -1.476253   -0.313184   -0.984413   -1.959560   -0.951878   -1.752166   -0.809081   -1.160017   16.022    8.868   28.917 S_000008
   8 P  -163.415 -164.775  171.520   87.292 -173.272  -90.210   95.538   33.873  101.998   69.427    0.333059   -1.348368   -0.630589   -0.813263   -1.521104   -1.634527   -1.885456   -0.693273   -1.220867   18.843    7.118   35.074 S_000008
   9 P  -132.578  112.156  159.719   83.112 -139.596  -55.743   63.268   39.050   85.758 -170.047    0.307700   -1.343453   -0.643900   -0.775243   -1.385486   -1.708759   -1.884896   -0.676455   -1.222422   21.107    8.724   40.711 S_000008
  10 P   -68.603  166.827   63.543   86.574 -135.796 -131.885   73.014   27.101  113.414  -11.973    0.368256   -1.296553   -0.706050   -0.843406   -1.527216   -1.605968   -1.861679   -0.637858   -1.237027   21.278   11.444   45.970 S_000008
  11 N  -178.810  153.055  135.770  106.704 -138.327 -112.358  127.377   22.478   87.323  -11.418    0.409131   -0.973460   -1.098711   -0.809248   -1.028300   -2.013690   -1.923910   -0.665663   -1.225656   23.781   13.119   52.640 S_000008
  12 H   -89.254 -165.746   50.214   84.472    0.000    0.000   74.053   39.968   91.050  -16.992    0.271200   -1.412561   -0.491351   -0.805109   -1.572554   -1.566682   -1.893111   -0.758037   -1.179326   26.133   13.945   59.245 S_000008
SCORE:    30.500                 30.500          0          0          3    S_000009
   1 H     0.000  170.252   55.279   88.462  175.157  -56.895   78.117   34.449   96.641    4.570    0.317551   -1.333804   -0.627825   -0.823701   -1.496257   -1.642631   -1.883275   -0.669102   -1.222528    3.794    0.984    0.238 S_000009
   2 P    47.085  -74.577 -143.006   91.236 -139.335  -52.718   68.990   36.789   87.040  -18.045    0.323643   -1.292657   -0.740950   -0.780936   -1.324890   -1.790417   -1.912345   -0.711431   -1.202492    6.500   -0.403    0.235 S_000009
   3 P  -165.001  161.303 -173.575  133.891 -106.070  178.271  117.532  -28.074  146.438 -179.088    0.378253   -0.295046   -1.451292   -0.812423   -1.111908   -1.949506   -1.943126   -0.708633   -1.198702    8.738   -1.858    6.344 S_000009
   4 P    83.922  155.779  172.347  150.835 -109.404 -100.633  -46.095  -39.295  159.270 -110.432    0.315190   -0.142798   -1.487833   -0.765905   -1.137976   -1.900967   -1.919913   -0.741333   -1.190146    9.680    1.263   12.579 S_000009
   5 N  -173.124   78.055  146.836   78.999 -161.137  -61.152  -76.373   37.422   95.813    9.915    0.312401   -1.397380   -0.528472   -0.795907   -1.576124   -1.573417   -1.876411   -0.738611   -1.195916   12.227    2.150   18.885 S_000009
   6 P   179.384  109.463 -179.306   83.839 -158.740  -52.055  120.779   32.850   99.335   19.855    0.340501   -1.350176   -0.625714   -0.813365   -1.547777   -1.612043   -1.885995   -0.722023   -1.202003   15.353    2.944   24.937 S_000009
   7 N  -175.101 -147.674  159.572  141.718  176.133  146.872   62.364  -31.811 -103.226   76.911    0.331832   -0.177856   -1.485199   -0.843536   -1.029654   -1.962328   -1.977627   -0.691472   -1.204184   16.605    3.912   31.220 S_000009
   8 P  -165.123  123.315  171.991   87.033 -153.571  -59.887   73.452   35.136   95.198   -8.374    0.331756   -1.337775   -0.632899   -0.796073   -1.488319   -1.658809   -1.881383   -0.691431   -1.212719   19.453    5.251   37.276 S_000009
   9 N   160.380  178.006 -175.911   81.427 -138.097  -68.862   64.237   40.356   94.732  168.924    0.345587   -1.380057   -0.526857   -0.712433   -1.520110   -1.625664   -1.795151   -0.681104   -1.268351   22.379    5.927   43.146 S_000009
  10 P   -61.782 -140.498   56.795  140.224 -153.193 -144.278  165.784  -33.826  159.973  156.711    0.349592   -0.388033   -1.431578   -0.793415   -1.340736   -1.762595   -1.940106   -0.795494   -1.147865   24.897    7.598   49.064 S_000009
  11 P   -67.718  164.503   54.691   84.226 -157.766  -73.399   70.896   41.368   84.999  179.925    0.303645   -1.350197   -0.626783   -0.748068   -1.378795   -1.736232   -1.867738   -0.656043   -1.248197   26.606    8.177   55.298 S_000009
  12 H     0.000 -178.219   56.105   87.138    0.000    0.000   66.876   38.194   88.288  -12.649    0.314485   -1.357194   -0.611738   -0.779887   -1.463947   -1.679512   -1.894884   -0.717796   -1.200728   25.662   10.142   60.556 S_000009
SCORE:    31.088                 31.088          0          1          1    S_000010
   1 H     0.000  170.252   55.279   81.649 -156.497  -72.635   71.024   35.804   96.034  179.944    0.339104   -1.359930   -0.587417   -0.775390   -1.536348   -1.617260   -1.863929   -0.709892   -1.223364    3.794    0.984    0.238 S_000010
   2 P    58.637 -149.139   75.147   85.682  141.457  154.592  116.883   27.184  115.659    0.183    0.399611   -1.292746   -0.667257   -0.809112   -1.573203   -1.588472   -1.853608   -0.664495   -1.229294    7.995   -1.917   -1.371 S_000010
   3 N  -129.028 -163.582   48.553  135.468 -141.911 -174.848  157.057  -27.178  160.516  155.765    0.423310   -0.241784   -1.447837   -0.777242   -1.015377   -1.948135   -1.915235   -0.727216   -1.192394    7.778    1.578    5.043 S_000010
   4 P   -97.476  136.006   69.320   83.889   39.835  156.241   87.400   28.852  110.560 -104.625    0.361857   -1.302046   -0.693470   -0.827090   -1.509085   -1.616184   -1.840760   -0.611610   -1.256937    9.589    3.110   10.616 S_000010
   5 P   163.850  141.944   53.340  149.322 -136.992  169.639  100.626  -38.298  156.829  -94.857    0.307222   -0.158476   -1.484788   -0.790412   -1.140342   -1.903596   -1.933724   -0.753839   -1.176530   12.370    6.197   15.974 S_000010
   6 P   164.423 -126.231  176.251   91.863 -148.152  -95.447   90.726   36.141   94.787  -18.747    0.308216   -1.335123   -0.633984   -0.806988   -1.469271   -1.673926   -1.899392   -0.725780   -1.196649   13.357    6.681   22.956 S_000010
   7 P   165.278  167.371  175.594   83.822 -158.281  -75.127   89.459   36.330   91.172 -137.030    0.339110   -1.327173   -0.662258   -0.772025   -1.433257   -1.708364   -1.881501   -0.696938   -1.221572   14.882    7.024   29.881 S_000010
   8 P  -172.604  161.126  159.864  155.138 -101.607 -139.360  -48.863  -40.948  155.621   78.591    0.319081    0.026124   -1.484098   -0.731166   -0.944630   -1.986654   -1.887978   -0.700564   -1.211859   16.077    6.421   36.623 S_000010
   9 N  -139.731 -177.144  125.804   82.958 -139.997  -71.260   56.165   36.114   96.130  -19.199    0.367749   -1.337066   -0.623212   -0.737978   -1.433341   -1.631644   -1.889073   -0.682326   -1.236236   17.095    7.788   43.666 S_000010
  10 P  -110.003  -95.178 -170.804   85.262 -152.851  -73.112   64.455   36.565   94.655  -23.735    0.333988   -1.354956   -0.605888   -0.774081   -1.501600   -1.649669   -1.863825   -0.691328   -1.230508   22.225    8.324   48.436 S_000010
  11 N   -83.552 -176.933   52.383   87.598 -125.927 -122.369   85.244   33.043   97.348  179.938    0.350729   -1.309437   -0.696138   -0.798693   -1.451548   -1.696609   -1.894461   -0.692031   -1.216453   25.971    8.522   53.711 S_000010
  12 H   -70.072 -161.250   47.830   81.469    0.000    0.000   75.899   36.294   94.228  179.925    0.327456   -1.378614   -0.569224   -0.787498   -1.550884   -1.599767   -1.878096   -0.737848   -1.196502   26.228   10.175   60.520 S_000010
