SEQUENCE: gaaag
SCORE:     score    rna_stub_coord_hack       N_WC      N_NWC       N_BS description
REMARK RNA 
SCORE:     0.000                  0.000          0          2          1    S_000001
   1 H     0.000  170.252   55.279   83.278 -159.117  -73.672   76.917   33.636   99.814 -170.047    0.340148   -1.367137   -0.569443   -0.804406   -1.589026   -1.560324   -1.877784   -0.739417   -1.192511    3.794    0.984    0.238 S_000001
   2 P  -104.884 -178.205   58.694   77.496 -128.775   19.965  103.934   34.125  112.221   74.009    0.430657   -1.352655   -0.591124   -0.667276   -1.571717   -1.590858   -1.723367   -0.663837   -1.289575    8.907   -1.424   -3.152 S_000001
   3 P   -65.475  149.020   58.524   80.115 -151.010  -64.267   89.661   43.350   85.515  -20.550    0.288339   -1.398595   -0.526751   -0.736223   -1.475160   -1.660415   -1.844450   -0.687698   -1.244459    5.588   -3.717   -2.589 S_000001
   4 P   -39.224  156.347   37.247   79.729 -149.354  -66.033   84.835   38.703   91.117  -17.487    0.304189   -1.388334   -0.541287   -0.780488   -1.537239   -1.603517   -1.876480   -0.745132   -1.193486    0.389   -1.923   -2.532 S_000001
   5 H   -50.869  169.402   53.370   80.876    0.000    0.000   64.344   35.036   99.205  -16.956    0.314967   -1.411494   -0.480685   -0.814747   -1.677829   -1.477897   -1.877535   -0.796379   -1.162414   -3.418    0.968   -5.954 S_000001
SCORE:     0.000                  0.000          0          0          0    S_000002
   1 H     0.000  170.252   55.279   79.176  179.257  -29.004   93.160   38.662   92.790  -20.655    0.288924   -1.385780   -0.547476   -0.797775   -1.534077   -1.610307   -1.854423   -0.692490   -1.223240    3.794    0.984    0.238 S_000002
   2 P  -118.750 -113.639  -78.922   90.489 -160.688  144.976  108.875   34.554   94.570  -21.980    0.313770   -1.331333   -0.660066   -0.821169   -1.460280   -1.666940   -1.900106   -0.698930   -1.200248    8.291   -2.627   -3.026 S_000002
   3 P   -43.113  151.472 -172.177   71.221 -126.848  -65.373   77.920   46.649   85.199 -146.975    0.299252   -1.424435   -0.433567   -0.664305   -1.521145   -1.603510   -1.785015   -0.702893   -1.256471    3.135   -4.376   -1.351 S_000002
   4 N     0.000 -143.238   67.733 -263.557   19.573  165.617  111.416   25.798  112.493   48.781    0.381219   -1.230153   -0.818280   -0.833510   -1.415164   -1.718898   -1.875288   -0.582635   -1.267572   -0.378    0.069   -2.614 S_000002
   5 H   -83.504  178.108   55.997   82.480    0.000    0.000   82.298   44.868   89.754  -29.220    0.260350   -1.409809   -0.449375   -0.734627   -1.521409   -1.590714   -1.801030   -0.656542   -1.254454   -4.929   -1.979   -6.974 S_000002
SCORE:     0.000                  0.000          0          0          0    S_000003
   1 H     0.000  170.252   55.279   81.078 -147.797  -76.388   80.065   37.770   96.865  -19.609    0.303394   -1.392981   -0.542134   -0.799753   -1.544389   -1.585905   -1.848943   -0.668771   -1.227145    3.794    0.984    0.238 S_000003
   2 N   140.741 -108.149  -63.784  105.501   74.569  -80.526  -58.741  -20.428  135.871   31.459    0.464632   -0.192061   -1.438747   -0.774308   -0.806164   -2.092112   -1.893685   -0.673766   -1.232194    6.251   -3.432   -2.460 S_000003
   3 N   158.486 -166.449   51.436  149.758 -134.063 -124.472  149.436  -37.200  156.712   75.955    0.324882   -0.131519   -1.482669   -0.779614   -1.081510   -1.937838   -1.930799   -0.709536   -1.208756    2.713   -4.070    0.248 S_000003
   4 P  -177.087  163.105  -57.325  133.511  -93.679 -177.410  159.044  -35.173  169.996  -54.096    0.339012   -0.518382   -1.400461   -0.807909   -1.501782   -1.564159   -1.932854   -0.758389   -1.171708   -0.460   -5.376   -6.223 S_000003
   5 H   150.482 -144.404  173.911   89.640    0.000    0.000   57.118   33.447   87.030  -14.311    0.355200   -1.264276   -0.770597   -0.787698   -1.340463   -1.783654   -1.898993   -0.705681   -1.204317   -5.139   -0.318   -4.789 S_000003
SCORE:     0.000                  0.000          0          0          1    S_000004
   1 H     0.000  170.252   55.279   76.329 -152.618  -79.378   74.379   40.966   97.792  179.924    0.270729   -1.451268   -0.381271   -0.792168   -1.674745   -1.457029   -1.799886   -0.707129   -1.238042    3.794    0.984    0.238 S_000004
   2 P   -61.134  158.327  -66.306   92.249  179.630   92.090   63.935   31.768   96.720  -15.550    0.355638   -1.269567   -0.777935   -0.801994   -1.379710   -1.766136   -1.900482   -0.673816   -1.224711    8.636   -0.859   -2.654 S_000004
   3 P   162.194  176.743   51.956   91.651 -152.218  -62.581   84.901   32.254   93.656   -9.310    0.345532   -1.283058   -0.742593   -0.813822   -1.406769   -1.737648   -1.914321   -0.714399   -1.196899    4.414   -2.472    2.413 S_000004
   4 N   -70.422 -176.803   54.287   79.161 -164.802 -103.413   88.590   39.012   94.519 -103.099    0.284657   -1.432273   -0.440008   -0.804927   -1.647512   -1.494854   -1.868363   -0.764982   -1.183614   -0.736   -1.430   -0.911 S_000004
   5 H   -74.435  154.836   72.043   80.288    0.000    0.000   78.033   37.915   95.150 -179.327    0.300538   -1.394176   -0.529151   -0.796130   -1.565332   -1.577318   -1.869187   -0.719348   -1.209430   -5.526   -1.075   -4.694 S_000004
SCORE:     0.000                  0.000          0          0          0    S_000005
   1 H     0.000  170.252   55.279   87.663  -62.481 -155.526   70.948   27.843  106.191  -22.786    0.337819   -1.278965   -0.798703   -0.878501   -1.440128   -1.723774   -1.943724   -0.679767   -1.213073    3.794    0.984    0.238 S_000005
   2 P   -62.283  179.934   45.271   82.575 -143.468  -62.898   85.195   36.289   91.084  174.083    0.300862   -1.384518   -0.557195   -0.821233   -1.562066   -1.585081   -1.898056   -0.757743   -1.173279    6.499    1.875   -5.855 S_000005
   3 P  -167.346  166.776   47.856   84.281 -135.272  152.365  -39.248   23.369  122.923   50.697    0.352991   -1.392167   -0.524287   -0.905845   -1.788768   -1.308196   -1.842508   -0.744329   -1.183861    2.509    2.811  -11.268 S_000005
   4 P  -162.104 -168.817  139.853   85.393   -1.239   60.048   66.833   26.455  110.257  113.203    0.361339   -1.300360   -0.708637   -0.854154   -1.556783   -1.605445   -1.898730   -0.695930   -1.213516   -1.763   -1.719   -8.305 S_000005
   5 H   -62.328  174.892   42.437   79.440    0.000    0.000   77.651   35.959   96.984  -17.310    0.316311   -1.397952   -0.509901   -0.804983   -1.619726   -1.527134   -1.873305   -0.755982   -1.184517   -3.977    0.732   -7.514 S_000005
SCORE:     0.000                  0.000          0          0          1    S_000006
   1 H     0.000  170.252   55.279  101.646 -155.398  -42.749   66.565   35.103   78.115  -17.308    0.336344   -1.090814   -1.008710   -0.796006   -0.914193   -2.020475   -1.931800   -0.640576   -1.234804    3.794    0.984    0.238 S_000006
   2 N    41.632  126.739 -179.517  145.310 -111.276   54.492  102.590  -34.428  155.807   16.373    0.344306   -0.221309   -1.471791   -0.794618   -1.144925   -1.908236   -1.939464   -0.727030   -1.190455    4.668   -3.567   -2.159 S_000006
   3 N   -60.290  178.659   49.500   82.584 -151.889  -71.516   83.460   39.422   93.281  178.510    0.298686   -1.388577   -0.526469   -0.777742   -1.538025   -1.601157   -1.862763   -0.696361   -1.230704    1.784   -0.841   -1.817 S_000006
   4 N   156.275 -165.631   55.541   86.336 -150.875  -69.297   88.781   35.297   97.107 -174.994    0.330378   -1.343663   -0.637513   -0.799146   -1.482959   -1.663792   -1.886616   -0.694218   -1.215938   -4.069    1.778   -3.163 S_000006
   5 H   -49.304  156.962   56.862   80.814    0.000    0.000   77.343   38.578   92.415   36.251    0.316278   -1.376334   -0.569154   -0.771952   -1.505668   -1.636020   -1.858342   -0.686799   -1.233341   -2.261    2.775   -8.450 S_000006
SCORE:     0.000                  0.000          0          1          1    S_000007
   1 H     0.000  170.252   55.279   77.760 -162.624  -60.751   76.018   39.973   90.104  179.914    0.299283   -1.409965   -0.485150   -0.769317   -1.567298   -1.554782   -1.857304   -0.746821   -1.192256    3.794    0.984    0.238 S_000007
   2 P  -104.884 -178.205   58.694   77.496 -128.775   19.965  103.934   34.125  112.221   74.009    0.430657   -1.352655   -0.591124   -0.667276   -1.571717   -1.590858   -1.723367   -0.663837   -1.289575    8.745   -1.739   -2.789 S_000007
   3 N   -92.459  161.025   35.293   87.735 -144.240  -63.725   71.855   38.591   89.338 -169.038    0.289617   -1.350718   -0.658393   -0.812808   -1.396738   -1.727505   -1.939243   -0.694176   -1.200298    4.895   -4.464   -2.733 S_000007
   4 P   -67.788 -152.051   60.780  130.320 -105.503   71.660  157.760  -31.896  165.428  173.688    0.358952   -0.527380   -1.385709   -0.817469   -1.464114   -1.619386   -1.925598   -0.698850   -1.207546   -0.123   -0.679   -4.560 S_000007
   5 H   -68.985  171.712   57.477   80.550    0.000    0.000   81.045   40.678   91.126  -22.857    0.301772   -1.407761   -0.480029   -0.755831   -1.572145   -1.568824   -1.843770   -0.725439   -1.219217   -2.348   -3.629   -3.246 S_000007
SCORE:     0.000                  0.000          0          0          1    S_000008
   1 H     0.000  170.252   55.279   87.304 -106.497 -135.425   82.211   37.619   87.231  -21.019    0.336082   -1.300317   -0.712328   -0.762296   -1.335966   -1.778698   -1.896402   -0.695933   -1.217683    3.794    0.984    0.238 S_000008
   2 N   -52.085  170.609   39.622   78.302 -121.549 -101.557   96.879   33.069  106.388  179.934    0.330637   -1.393652   -0.515065   -0.824770   -1.658284   -1.483845   -1.858554   -0.735900   -1.201855    7.578    0.508   -5.301 S_000008
   3 P  -128.478 -136.876   69.678   87.194 -121.595  -59.944   94.113   38.927   85.296  -23.024    0.305851   -1.343589   -0.646018   -0.781399   -1.401377   -1.721634   -1.892065   -0.684518   -1.222601    4.269   -0.869  -11.602 S_000008
   4 N   -65.884  175.300   54.450   84.661 -121.032  -51.394   96.182   35.481   99.815  -13.758    0.320530   -1.390453   -0.534194   -0.807901   -1.602092   -1.548005   -1.874352   -0.734592   -1.196285   -0.795   -3.316   -9.120 S_000008
   5 H   -67.287  170.274   53.746   80.481    0.000    0.000   75.238   42.466   86.298  179.893    0.291857   -1.394560   -0.526040   -0.743227   -1.490196   -1.646933   -1.847641   -0.696113   -1.238865   -2.173   -1.342   -3.712 S_000008
SCORE:     0.000                  0.000          0          1          0    S_000009
   1 H     0.000  170.252   55.279   87.283 -130.279  -69.009   70.653   36.530   88.825  -22.851    0.321481   -1.313649   -0.680244   -0.783374   -1.396527   -1.721687   -1.888006   -0.690722   -1.217689    3.794    0.984    0.238 S_000009
   2 P   -55.509  158.657   47.601   84.634 -141.287  -53.139   96.229   34.119   95.674   26.379    0.338843   -1.301913   -0.706725   -0.802705   -1.413566   -1.725657   -1.886033   -0.662310   -1.234641    7.333   -2.702   -2.741 S_000009
   3 P   131.288 -114.875  161.962   88.299 -110.212  -76.836   65.295   30.596   99.884  -16.380    0.368625   -1.284500   -0.732836   -0.806046   -1.443989   -1.701609   -1.900449   -0.696303   -1.204572    3.745   -5.862   -4.909 S_000009
   4 N   176.412  153.851   46.266   87.770 -142.678  -91.831   82.725   35.614   90.796 -140.099    0.339308   -1.281537   -0.755797   -0.785709   -1.323484   -1.797172   -1.911673   -0.674896   -1.226274   -2.395   -5.247   -8.093 S_000009
   5 H   -61.034  178.517   50.505   80.908    0.000    0.000   71.379   39.375   90.846   85.898    0.309613   -1.387094   -0.534633   -0.769114   -1.527958   -1.610751   -1.858119   -0.706672   -1.217392   -5.064    0.265   -5.924 S_000009
SCORE:     0.000                  0.000          0          1          1    S_000010
   1 H     0.000  170.252   55.279   85.937 -105.774  -61.006  -34.341   32.031  108.885  -22.998    0.322889   -1.386425   -0.561364   -0.852126   -1.632265   -1.519834   -1.858751   -0.684372   -1.231814    3.794    0.984    0.238 S_000010
   2 P   -75.658  170.978   56.073   84.304 -135.624  -55.050   96.301   38.821   89.310  -28.201    0.310040   -1.366171   -0.591636   -0.772240   -1.479050   -1.664305   -1.873411   -0.708234   -1.218067    5.400   -3.258   -3.933 S_000010
   3 P   -65.210 -179.638   58.953   86.642 -138.321  -50.995   72.665   33.557   95.906  179.876    0.330231   -1.339956   -0.653301   -0.823162   -1.499570   -1.655112   -1.905224   -0.695487   -1.208822    0.850   -6.546   -6.340 S_000010
   4 P   160.099  166.329   47.081   87.315 -106.773 -122.848   66.868   38.209   86.977  -33.428    0.334927   -1.330729   -0.616684   -0.746693   -1.439016   -1.687667   -1.862978   -0.750093   -1.183056   -3.992   -3.789   -9.846 S_000010
   5 H    41.271  163.903   57.495   86.341    0.000    0.000   69.256   39.124   89.667  -15.696    0.312516   -1.349335   -0.619558   -0.769001   -1.429565   -1.700190   -1.874452   -0.675767   -1.237400   -4.324   -0.983   -3.799 S_000010
