SEQUENCE: gaaaaaaaag
SCORE:     score    rna_stub_coord_hack       N_WC      N_NWC       N_BS description
REMARK RNA 
SCORE:    12.931                 12.931          0          0          1    S_000001
   1 H     0.000  170.252   55.279   92.466 -146.177  -51.508   56.830   33.678   87.350    9.056    0.357427   -1.218811   -0.837106   -0.782246   -1.231027   -1.852054   -1.915128   -0.705742   -1.198821    3.794    0.984    0.238 S_000001
   2 P   163.850  141.944   53.340  149.322 -136.992  169.639  100.626  -38.298  156.829  -94.857    0.307222   -0.158476   -1.484788   -0.790412   -1.140342   -1.903596   -1.933724   -0.753839   -1.176530    6.877   -3.395   -3.926 S_000001
   3 P  -173.910 -150.992  149.500  127.998 -128.911 -142.558   91.482   -6.193  136.127   15.787    0.408280   -0.788743   -1.262842   -0.923571   -1.317920   -1.806812   -1.984235   -0.740556   -1.116661    9.597   -9.745   -1.946 S_000001
   4 P   -82.645 -177.969   72.751  145.260 -157.503 -148.229  111.875  -38.545  157.429  -12.075    0.322205   -0.223436   -1.480851   -0.764697   -1.222995   -1.851784   -1.919902   -0.771160   -1.168755   11.528  -16.389   -1.764 S_000001
   5 P   -62.315 -178.145   49.350   80.821 -148.500  -70.342   72.803   36.204   94.839  179.897    0.327166   -1.379174   -0.558596   -0.788985   -1.564887   -1.589560   -1.875183   -0.735799   -1.198983   13.870  -22.607   -1.613 S_000001
   6 P   -58.446 -149.202   68.661  151.517  -94.388 -167.491  158.879  -36.566  157.616   66.657    0.314545   -0.058212   -1.465433   -0.758064   -0.951472   -2.024794   -1.934304   -0.600686   -1.266513   13.281  -28.860    0.111 S_000001
   7 P  -166.924 -154.036  159.889   90.332 -178.658 -136.635   73.477   26.413  115.255    3.673    0.345049   -1.323606   -0.689620   -0.882069   -1.572952   -1.568229   -1.923026   -0.712384   -1.176451   12.862  -35.948   -1.038 S_000001
   8 N   -59.739  176.635   43.543   81.566 -158.181  -59.399   92.450   42.911   88.461  179.912    0.285334   -1.389902   -0.552833   -0.748117   -1.449204   -1.680500   -1.843087   -0.635077   -1.266551   16.190  -41.302    0.127 S_000001
   9 P  -170.283  161.190 -176.306  140.990 -163.860 -102.059  133.153  -32.306  149.951  165.152    0.350717   -0.168927   -1.477787   -0.803819   -1.029144   -1.981828   -1.933928   -0.657356   -1.225843   16.451  -47.809   -1.466 S_000001
  10 H   -60.417 -177.830   54.500   64.200    0.000    0.000   67.170   42.024   96.281   -5.415    0.278215   -1.445347   -0.404407   -0.769206   -1.639345   -1.504857   -1.820172   -0.722008   -1.223928   15.166  -53.883    0.134 S_000001
SCORE:    13.004                 13.004          0          0          1    S_000002
   1 H     0.000  170.252   55.279 -275.241  209.857  -69.420   70.517   41.679   83.833  -15.864    0.337568   -1.301677   -0.628641   -0.662223   -1.330018   -1.717087   -1.863840   -0.699795   -1.209849    3.794    0.984    0.238 S_000002
   2 N  -171.895  169.459   67.969   88.469 -130.947  -73.187  163.847   36.830   89.894  -32.732    0.319847   -1.349486   -0.626705   -0.790181   -1.472627   -1.676087   -1.906174   -0.753990   -1.178407    7.960   -2.724   -3.726 S_000002
   3 N  -122.733  141.870  172.629   89.309 -106.078 -114.128   69.985   33.990   89.229  -18.810    0.370373   -1.303663   -0.694334   -0.761512   -1.438136   -1.715946   -1.918878   -0.803264   -1.149429    8.357   -8.126   -0.041 S_000002
   4 P   178.374  129.701   52.361  143.985  -83.498  130.526   96.769  -33.752  155.368  -54.092    0.332207   -0.284888   -1.461262   -0.815500   -1.213238   -1.870668   -1.953210   -0.756321   -1.169935    9.197  -15.135   -1.484 S_000002
   5 P   139.181 -136.431  171.720   84.853 -110.627  -81.965   64.909   34.940   94.393  -23.006    0.336137   -1.334359   -0.659025   -0.794489   -1.468635   -1.683215   -1.893128   -0.704560   -1.210936   10.674  -21.192   -1.312 S_000002
   6 N     0.000  172.529   46.705 -224.118  207.242  179.205  148.966  -29.080  158.819  -19.114    0.380377   -0.446779   -1.400362   -0.814079   -1.322168   -1.752573   -1.949733   -0.675138   -1.201495   12.371  -26.661    0.582 S_000002
   7 P   152.767 -170.923  168.753   90.141 -153.461  -69.676   62.592   38.672   81.946  179.887    0.314527   -1.304140   -0.725198   -0.773885   -1.310461   -1.804102   -1.910749   -0.721999   -1.199298   13.926  -33.670    0.311 S_000002
   8 P  -168.621  177.343  175.673   83.981 -130.698  -83.103   86.287   37.126   93.825 -173.520    0.326691   -1.360752   -0.612108   -0.780568   -1.486223   -1.663273   -1.874036   -0.699277   -1.219705   15.289  -40.145    1.932 S_000002
   9 P   -82.645 -177.969   72.751  145.260 -157.503 -148.229  111.875  -38.545  157.429  -12.075    0.322205   -0.223436   -1.480851   -0.764697   -1.222995   -1.851784   -1.919902   -0.771160   -1.168755   16.392  -46.674    3.021 S_000002
  10 H   -61.758  179.529   51.039   81.388    0.000    0.000   79.660   40.551   89.309  179.895    0.293199   -1.393627   -0.537523   -0.770444   -1.514451   -1.630671   -1.863022   -0.706831   -1.228527   17.288  -52.503    6.025 S_000002
SCORE:    12.593                 12.593          0          2          0    S_000003
   1 H     0.000  170.252   55.279   80.655 -149.246  -65.864   80.584   41.604   88.953 -150.099    0.273885   -1.417471   -0.466245   -0.779570   -1.568489   -1.566709   -1.865891   -0.738706   -1.202949    3.794    0.984    0.238 S_000003
   2 P    92.790 -131.652 -169.726   85.409 -153.264  -70.781   60.740   30.905  110.617   -3.839    0.360602   -1.345547   -0.609216   -0.812863   -1.584897   -1.561908   -1.862424   -0.686320   -1.225134    6.745   -2.896   -1.374 S_000003
   3 N  -127.306 -149.789   67.856   94.274   53.014  151.190  109.022   20.035  108.313   44.719    0.429328   -1.066193   -0.986820   -0.818325   -1.248042   -1.851121   -1.916966   -0.627477   -1.232384    8.104   -9.186    1.198 S_000003
   4 N   167.952 -167.959  154.203  145.211 -155.376 -167.633   19.536  -32.174  148.043  -55.599    0.332777   -0.133501   -1.484945   -0.828850   -0.980089   -2.013944   -1.953344   -0.695714   -1.205944    7.416  -16.119    1.151 S_000003
   5 N  -170.154 -138.183  118.076   92.402 -133.538  -92.167   64.458   33.153   97.043  -20.446    0.343406   -1.273560   -0.766499   -0.792396   -1.375208   -1.775615   -1.917643   -0.724415   -1.199633    7.516  -23.427    0.985 S_000003
   6 P  -115.592   84.146  168.141   84.273 -145.206  -76.931   59.630   37.254   87.328  179.897    0.336002   -1.320977   -0.673449   -0.766332   -1.394336   -1.731604   -1.888981   -0.705901   -1.209775    9.877  -29.025    0.355 S_000003
   7 P  -171.683  150.567  158.405   86.589 -114.846 -110.635  130.117   15.638  130.615   37.393    0.367847   -1.318887   -0.687781   -0.936999   -1.752471   -1.366717   -1.880904   -0.733340   -1.188375   10.014  -35.899    1.550 S_000003
   8 N    62.681  135.807   67.958   89.627  179.857  -85.365   62.981   31.111  101.872  179.962    0.350237   -1.328130   -0.653988   -0.820676   -1.531210   -1.614427   -1.897782   -0.728315   -1.193311   12.358  -41.954    0.366 S_000003
   9 P   156.238 -179.304  175.189   84.171 -131.747  -78.081   61.660   33.664   96.247  -22.960    0.339854   -1.342789   -0.627972   -0.797072   -1.523909   -1.623702   -1.875191   -0.725767   -1.201238   13.615  -48.397    0.894 S_000003
  10 H   -77.670 -143.912   54.402   90.665    0.000    0.000   58.202   36.099   85.617  171.823    0.337676   -1.266811   -0.771720   -0.777247   -1.286515   -1.818312   -1.919028   -0.698495   -1.217460   16.046  -54.517    2.966 S_000003
SCORE:    12.663                 12.663          0          2          2    S_000004
   1 H     0.000  170.252   55.279   77.960 -154.233  -76.531   79.592   38.231   92.342  179.906    0.305005   -1.408367   -0.500451   -0.788631   -1.601681   -1.554472   -1.870686   -0.753322   -1.190477    3.794    0.984    0.238 S_000004
   2 P   130.441 -169.255 -175.534   87.529 -139.396  -73.339   76.666   42.343   79.788  -27.856    0.303737   -1.327853   -0.673674   -0.727966   -1.301955   -1.792160   -1.883888   -0.708212   -1.221319    7.863   -2.869   -2.837 S_000004
   3 P   -65.040  175.353   58.191   84.223 -168.019  -75.624   78.796   35.834   97.205 -173.631    0.321404   -1.386397   -0.553270   -0.800031   -1.582414   -1.575687   -1.878443   -0.737839   -1.197257   10.860   -8.364   -3.494 S_000004
   4 N   -74.064 -177.704   48.749  150.340 -154.485  153.392  131.849  -33.312  147.447  168.918    0.335143   -0.069542   -1.482537   -0.803152   -0.912200   -2.037999   -1.931248   -0.636521   -1.234597   12.020  -14.476   -3.230 S_000004
   5 P   164.423 -126.231  176.251   91.863 -148.152  -95.447   90.726   36.141   94.787  -18.747    0.308216   -1.335123   -0.633984   -0.806988   -1.469271   -1.673926   -1.899392   -0.725780   -1.196649   12.035  -21.405   -2.199 S_000004
   6 P   -61.124  164.474   53.999   82.543 -151.805  -89.692  102.053   36.544   94.460  -16.062    0.312189   -1.380366   -0.549723   -0.800758   -1.565740   -1.583436   -1.883817   -0.742767   -1.194307   13.482  -27.204   -0.294 S_000004
   7 P   -81.721 -156.700   62.298  148.639  -77.374  142.643  112.599  -36.051  162.843   46.326    0.335602   -0.273429   -1.460309   -0.784915   -1.237226   -1.821172   -1.930647   -0.728990   -1.189010   12.828  -33.981    0.488 S_000004
   8 P   164.423 -126.231  176.251   91.863 -148.152  -95.447   90.726   36.141   94.787  -18.747    0.308216   -1.335123   -0.633984   -0.806988   -1.469271   -1.673926   -1.899392   -0.725780   -1.196649   13.572  -40.479    1.218 S_000004
   9 P   171.747  153.395  159.041  148.712 -150.900 -143.856  163.298  -31.676  141.216  -34.261    0.335662   -0.099384   -1.482186   -0.823846   -0.920479   -2.044532   -1.934389   -0.708140   -1.198506   16.301  -46.741    3.367 S_000004
  10 H   -60.256  169.601   48.788   81.480    0.000    0.000   83.631   38.698   89.543  179.876    0.315751   -1.368767   -0.583461   -0.770738   -1.486751   -1.654877   -1.875033   -0.711308   -1.216241   16.193  -52.594    6.253 S_000004
SCORE:    13.366                 13.366          0          0          0    S_000005
   1 H     0.000  170.252   55.279   78.045 -148.134  -62.647   78.701   42.935   86.133  -22.596    0.236530   -1.444120   -0.468304   -0.796484   -1.565908   -1.574964   -1.903062   -0.740159   -1.184384    3.794    0.984    0.238 S_000005
   2 P    97.044 -159.469  179.707  155.744  -97.613 -167.920  -41.320  -40.876  161.823 -176.176    0.303889   -0.071282   -1.489084   -0.757469   -1.076729   -1.923939   -1.915183   -0.715022   -1.208509    6.818   -3.327   -1.937 S_000005
   3 P   113.859 -157.373  166.833   71.640   73.351  110.096  121.651   31.198  118.310   25.286    0.331742   -1.404823   -0.591194   -0.843167   -1.723746   -1.574003   -1.808621   -0.718128   -1.220275   10.204   -9.229   -0.544 S_000005
   4 N    50.379  151.483  -66.577  114.224   91.860  -36.137  -64.347  -21.527  142.714  -34.950    0.451750   -0.205851   -1.447008   -0.785633   -0.848898   -2.070652   -1.913665   -0.654562   -1.236811   11.564  -15.895   -0.513 S_000005
   5 N   163.087  146.437  171.423   86.530 -122.756  -89.393   58.024   30.220  107.185   -5.480    0.342559   -1.360757   -0.605786   -0.843709   -1.609006   -1.540115   -1.865051   -0.695465   -1.212078   12.405  -20.215    1.583 S_000005
   6 P  -176.305  137.307  171.043   85.565 -130.646 -105.768   74.681   34.485   99.287   -2.152    0.332425   -1.340365   -0.638706   -0.805513   -1.489131   -1.649123   -1.873865   -0.673556   -1.222220   13.294  -27.084    3.320 S_000005
   7 P   161.023  139.121   55.500  153.727 -123.271  175.609   98.961  -39.837  160.777  -92.184    0.316133   -0.114002   -1.485065   -0.754793   -1.110128   -1.910535   -1.913633   -0.713393   -1.208659   16.573  -33.507    2.214 S_000005
   8 P   -56.602  169.819   59.880  148.016 -135.011  178.478  120.148  -32.889  143.708  -19.080    0.344597   -0.101549   -1.481717   -0.800183   -0.950280   -2.028627   -1.919452   -0.736545   -1.187799   18.620  -39.195    3.652 S_000005
   9 N   102.646 -106.782 -177.883   86.385 -116.647 -103.702   49.278   41.604   82.327  -17.386    0.316437   -1.325925   -0.688483   -0.726073   -1.305038   -1.800455   -1.875543   -0.711621   -1.216310   20.978  -44.675    4.734 S_000005
  10 H   -53.505  169.928   55.279   80.395    0.000    0.000   69.060   40.066   90.729  -18.621    0.310102   -1.387853   -0.546085   -0.756399   -1.508136   -1.630849   -1.852786   -0.695472   -1.231757   24.863  -49.372    7.239 S_000005
SCORE:    12.986                 12.986          0          0          1    S_000006
   1 H     0.000  170.252   55.279   78.780 -159.125  -69.715   81.789   37.815   95.806  179.918    0.304481   -1.411497   -0.484166   -0.797190   -1.619054   -1.528833   -1.863502   -0.743401   -1.196434    3.794    0.984    0.238 S_000006
   2 N   102.646 -106.782 -177.883   86.385 -116.647 -103.702   49.278   41.604   82.327  -17.386    0.316437   -1.325925   -0.688483   -0.726073   -1.305038   -1.800455   -1.875543   -0.711621   -1.216310    6.805   -2.499   -1.040 S_000006
   3 P   -47.345  159.354   55.786   83.089 -143.411  -84.095   83.296   38.353   94.445  -72.638    0.302883   -1.393677   -0.530075   -0.789029   -1.557176   -1.587208   -1.852132   -0.698236   -1.220368    9.149   -7.779    1.718 S_000006
   4 P  -126.250  106.011  168.977   85.439 -139.330  -69.420   50.139   35.086   94.746  179.888    0.323314   -1.344139   -0.631905   -0.807581   -1.496027   -1.655632   -1.891815   -0.714598   -1.199423   11.358  -13.703    2.428 S_000006
   5 P   149.773 -156.144  176.474   82.777 -155.799  -84.417   85.097   38.273   91.188  109.933    0.325799   -1.359624   -0.601698   -0.762572   -1.475146   -1.669392   -1.863222   -0.693642   -1.226962   13.312  -19.630    3.669 S_000006
   6 N   -94.365 -154.934   46.429  146.584 -101.724  149.181  103.287  -35.917  153.020 -152.916    0.364301   -0.219499   -1.460169   -0.748527   -1.173226   -1.884655   -1.892784   -0.731496   -1.200632   13.554  -26.404    4.903 S_000006
   7 P   153.109 -158.615  171.108   84.708 -138.125  -69.612   57.715   37.635   93.652  -13.792    0.321789   -1.360366   -0.593188   -0.773049   -1.495954   -1.649786   -1.864180   -0.695157   -1.223989   14.601  -33.035    4.827 S_000006
   8 N  -148.162  164.915  118.385  145.355 -109.323 -178.043  158.161  -25.949  134.973  153.436    0.357113   -0.162484   -1.477571   -0.854725   -0.883260   -2.080780   -1.943630   -0.688761   -1.201220   16.422  -39.507    3.648 S_000006
   9 P   145.559 -147.661 -179.920   89.636 -147.948 -121.251  142.316   19.265  124.361   72.826    0.378876   -1.314939   -0.680925   -0.895597   -1.696331   -1.431095   -1.862822   -0.708039   -1.208086   16.256  -46.464    2.508 S_000006
  10 H   -87.541  165.688   82.252   81.085    0.000    0.000   74.929   36.181   95.040   73.644    0.307638   -1.397088   -0.500237   -0.809646   -1.622290   -1.518311   -1.882934   -0.773712   -1.174366   17.269  -52.918    3.966 S_000006
SCORE:    13.439                 13.439          0          1          3    S_000007
   1 H     0.000  170.252   55.279   76.815 -170.848  -60.808   75.865   35.996  100.149  -77.275    0.315197   -1.410632   -0.480825   -0.807534   -1.649005   -1.492781   -1.856527   -0.752572   -1.193705    3.794    0.984    0.238 S_000007
   2 P   137.238 -162.011  170.414   77.083 -119.762  -84.658   73.087   41.820   87.462 -160.497    0.298464   -1.398778   -0.505636   -0.747356   -1.513239   -1.613197   -1.841912   -0.717065   -1.217667    8.062   -2.757   -1.930 S_000007
   3 N   -56.447  161.867   71.832  154.148 -109.816  -92.178  128.922  -38.278  154.303 -154.039    0.326604   -0.049147   -1.486557   -0.759318   -0.992584   -1.984304   -1.907809   -0.697240   -1.218033   10.209   -8.644   -1.976 S_000007
   4 P  -121.268   96.255  160.858   84.068 -129.224  -75.533   52.974   39.319   83.507  163.622    0.314545   -1.331005   -0.665243   -0.765492   -1.368406   -1.749613   -1.901059   -0.720680   -1.199163   10.080  -15.012   -1.517 S_000007
   5 P   -77.003 -130.496   58.681  153.380 -160.194 -149.045  161.544  -39.022  156.297  -39.242    0.316476   -0.024525   -1.487912   -0.765274   -0.977427   -1.988477   -1.914724   -0.683487   -1.222441   10.796  -21.589    0.507 S_000007
   6 P   -62.475 -176.348   69.107  119.999 -164.259 -105.060  105.218  -11.541  141.399  111.919    0.438325   -0.704415   -1.281096   -0.855996   -1.329138   -1.799881   -1.941660   -0.687316   -1.191323   13.297  -27.703    1.306 S_000007
   7 P  -173.910 -150.992  149.500  127.998 -128.911 -142.558   91.482   -6.193  136.127   15.787    0.408280   -0.788743   -1.262842   -0.923571   -1.317920   -1.806812   -1.984235   -0.740556   -1.116661   17.874  -32.965    1.615 S_000007
   8 N  -148.022  144.508 -177.617   93.488 -141.099  -71.036   13.511   23.881  123.218   -7.754    0.352280   -1.397577   -0.511532   -0.899902   -1.787483   -1.297851   -1.871512   -0.779200   -1.153331   21.606  -38.901    1.128 S_000007
   9 P   -49.805 -179.338   53.666   75.225 -167.869  -83.164   83.533   35.741  101.767  -29.149    0.303752   -1.459877   -0.336373   -0.821984   -1.807150   -1.313018   -1.855208   -0.850698   -1.128122   22.518  -45.007    1.381 S_000007
  10 H   -67.740 -179.395   50.018   81.489    0.000    0.000   78.303   44.914   91.564  -19.976    0.209092   -1.426030   -0.451192   -0.795593   -1.522824   -1.585217   -1.856751   -0.663525   -1.243456   23.102  -51.112    2.443 S_000007
SCORE:    12.204                 12.204          0          0          1    S_000008
   1 H     0.000  170.252   55.279   78.437 -132.357  -82.740   77.744   46.941   84.642  179.900    0.296399   -1.403148   -0.544794   -0.669180   -1.402464   -1.726850   -1.780682   -0.636445   -1.263384    3.794    0.984    0.238 S_000008
   2 P    68.538  167.213 -173.924   83.974 -172.672  -89.084  109.402   36.411   93.428  -17.431    0.327762   -1.350952   -0.618290   -0.783060   -1.493810   -1.662168   -1.884309   -0.717844   -1.208533    6.802   -3.278   -3.214 S_000008
   3 P   157.623 -160.717 -173.530   81.732 -126.986  -78.095   55.873   33.182   99.599  179.890    0.356342   -1.333174   -0.647864   -0.788987   -1.511153   -1.645318   -1.868281   -0.712487   -1.211563    8.706   -9.523   -2.668 S_000008
   4 P  -147.435  127.997  166.630   86.010 -149.849  -52.650   54.071   32.987   94.972  179.900    0.337657   -1.321837   -0.696632   -0.821902   -1.464736   -1.697730   -1.911618   -0.702420   -1.208143   10.339  -16.061   -1.569 S_000008
   5 N  -148.162  164.915  118.385  145.355 -109.323 -178.043  158.161  -25.949  134.973  153.436    0.357113   -0.162484   -1.477571   -0.854725   -0.883260   -2.080780   -1.943630   -0.688761   -1.201220   12.181  -22.232   -0.253 S_000008
   6 N   153.892 -141.795  167.120   90.150 -140.999 -172.900  120.377   29.336   99.989 -144.515    0.391187   -1.231714   -0.791754   -0.780320   -1.371883   -1.747462   -1.876007   -0.673329   -1.208973   16.266  -27.722    1.562 S_000008
   7 N   154.001 -151.352 -179.891   82.407 -120.265  -97.432   73.456   36.108   93.428  -28.641    0.344713   -1.332998   -0.644622   -0.766566   -1.453473   -1.682803   -1.865678   -0.702813   -1.218244   18.616  -34.434    0.869 S_000008
   8 P   -82.645 -177.969   72.751  145.260 -157.503 -148.229  111.875  -38.545  157.429  -12.075    0.322205   -0.223436   -1.480851   -0.764697   -1.222995   -1.851784   -1.919902   -0.771160   -1.168755   19.200  -41.282    0.531 S_000008
   9 P   -48.770  168.829   54.670   86.526 -150.658  -75.306   81.995   35.762   95.534  179.945    0.329835   -1.340758   -0.641035   -0.793845   -1.468505   -1.674925   -1.886862   -0.690294   -1.220313   21.211  -47.285    1.482 S_000008
  10 H   -58.906  168.546   51.240   81.518    0.000    0.000   76.283   35.209   98.257  179.912    0.333119   -1.387403   -0.534522   -0.788327   -1.615173   -1.545014   -1.865077   -0.749289   -1.191389   21.835  -52.935    3.583 S_000008
SCORE:    12.956                 12.956          0          0          1    S_000009
   1 H     0.000  170.252   55.279   83.520 -152.106  -66.756   63.835   39.073   91.701  179.924    0.309722   -1.378196   -0.560867   -0.770130   -1.508263   -1.634280   -1.864729   -0.702938   -1.226104    3.794    0.984    0.238 S_000009
   2 P   139.901 -101.394 -178.561  141.920 -123.942 -144.089   80.191  -30.931  156.102   31.126    0.358691   -0.354753   -1.434289   -0.818117   -1.244867   -1.828128   -1.948415   -0.714488   -1.176518    5.777   -3.520   -2.266 S_000009
   3 N   167.952 -167.959  154.203  145.211 -155.376 -167.633   19.536  -32.174  148.043  -55.599    0.332777   -0.133501   -1.484945   -0.828850   -0.980089   -2.013944   -1.953344   -0.695714   -1.205944    7.074  -10.471   -0.367 S_000009
   4 P   153.178 -153.207 -178.631   82.668 -139.550  -73.249   64.126   35.520   95.260  -16.961    0.322942   -1.357707   -0.586556   -0.789863   -1.548629   -1.610887   -1.878842   -0.729786   -1.203609    6.719  -17.212    1.887 S_000009
   5 P   152.638  133.371 -164.851   80.834 -154.970  -66.931  123.690   31.389  105.683  163.785    0.343562   -1.372884   -0.556790   -0.824956   -1.642144   -1.505629   -1.862930   -0.737757   -1.198496    7.170  -24.232    2.202 S_000009
   6 P   -39.399  168.770   55.356  142.140 -142.741  175.589  120.987  -35.450  159.437  -98.096    0.330665   -0.302125   -1.453233   -0.794861   -1.264725   -1.819140   -1.936530   -0.724980   -1.198310    7.985  -29.886    1.910 S_000009
   7 P   -64.731  170.726   46.825   81.754 -142.266  -80.793  112.512   35.734   94.423  109.900    0.323844   -1.368371   -0.572908   -0.801325   -1.545837   -1.597703   -1.887537   -0.726418   -1.196074    8.125  -35.679    4.369 S_000009
   8 N  -173.868 -178.616  179.685   86.902 -146.045  -72.431   81.778   39.756   88.577  -12.629    0.302540   -1.355778   -0.621490   -0.770300   -1.422934   -1.707921   -1.886028   -0.702878   -1.216575   10.197  -42.215    3.170 S_000009
   9 N  -173.868 -178.616  179.685   86.902 -146.045  -72.431   81.778   39.756   88.577  -12.629    0.302540   -1.355778   -0.621490   -0.770300   -1.422934   -1.707921   -1.886028   -0.702878   -1.216575   12.852  -48.183    1.096 S_000009
  10 H   -67.713  171.913   50.135   85.021    0.000    0.000   74.003   34.400   96.815  146.766    0.339693   -1.335011   -0.653951   -0.798018   -1.482795   -1.670488   -1.890191   -0.704106   -1.213240   14.558  -53.653   -1.293 S_000009
SCORE:    12.417                 12.417          0          0          3    S_000010
   1 H     0.000  170.252   55.279   85.171 -130.288  -75.157   67.811   37.630   93.832  -15.293    0.350945   -1.339624   -0.602928   -0.733430   -1.455855   -1.652342   -1.820427   -0.641876   -1.246820    3.794    0.984    0.238 S_000010
   2 P   154.785  148.880   62.755  143.221 -118.428  172.337   94.118  -32.342  157.772   32.106    0.346938   -0.351961   -1.445871   -0.812180   -1.268003   -1.828910   -1.947184   -0.738139   -1.184255    6.428   -3.039   -4.835 S_000010
   3 P   164.423 -126.231  176.251   91.863 -148.152  -95.447   90.726   36.141   94.787  -18.747    0.308216   -1.335123   -0.633984   -0.806988   -1.469271   -1.673926   -1.899392   -0.725780   -1.196649   10.125   -9.007   -4.118 S_000010
   4 P   148.676 -165.600 -170.434   82.795 -127.847  -99.219   77.270   36.905   94.303  -60.066    0.302431   -1.388814   -0.560459   -0.809846   -1.564362   -1.602826   -1.893046   -0.745849   -1.192433   13.226  -14.860   -2.644 S_000010
   5 P   171.747  153.395  159.041  148.712 -150.900 -143.856  163.298  -31.676  141.216  -34.261    0.335662   -0.099384   -1.482186   -0.823846   -0.920479   -2.044532   -1.934389   -0.708140   -1.198506   14.487  -21.601   -0.354 S_000010
   6 P  -165.123  123.315  171.991   87.033 -153.571  -59.887   73.452   35.136   95.198   -8.374    0.331756   -1.337775   -0.632899   -0.796073   -1.488319   -1.658809   -1.881383   -0.691431   -1.212719   16.095  -28.384    0.664 S_000010
   7 P   166.978  176.904  177.152   84.171 -133.729  -88.107   85.510   32.221   98.769  169.890    0.360736   -1.323192   -0.665088   -0.794830   -1.503909   -1.648578   -1.883310   -0.724059   -1.201750   17.140  -34.879    1.547 S_000010
   8 P   -69.693 -143.761   50.370  150.420  -78.698 -150.737  140.088  -37.905  153.286   50.926    0.331221   -0.051799   -1.488140   -0.758613   -0.986425   -1.980140   -1.897163   -0.697524   -1.206139   17.703  -41.587    3.133 S_000010
   9 P   -83.701 -126.382  174.367   82.597 -141.195  -77.743   85.333   36.881   96.270  174.334    0.315541   -1.381866   -0.574896   -0.795241   -1.544139   -1.617953   -1.869527   -0.718731   -1.207762   15.601  -48.059    3.400 S_000010
  10 H   -66.704  171.166   58.041   81.776    0.000    0.000   68.934   37.216   95.280 -165.604    0.327740   -1.382541   -0.544444   -0.769781   -1.561410   -1.586084   -1.857601   -0.731009   -1.205757   17.361  -54.090    3.803 S_000010
