SEQUENCE: gaaaaaaaaaaaaaaaaaag
SCORE:     score    rna_stub_coord_hack       N_WC      N_NWC       N_BS description
REMARK RNA 
SCORE:     0.000                  0.000          0          1          4    S_000001
   1 H     0.000  170.252   55.279   79.502 -161.877  -64.275   64.602   39.119   98.791  -20.373    0.292573   -1.424398   -0.449886   -0.791582   -1.632330   -1.507622   -1.803236   -0.668793   -1.256783    3.794    0.984    0.238 S_000001
   2 N  -170.307  112.999  -95.177   98.190  109.664  109.088  -53.120  -22.458  146.151   43.704    0.458845   -0.235087   -1.444238   -0.774511   -0.913551   -2.044484   -1.902210   -0.692072   -1.217429    8.513   -1.285   -4.068 S_000001
   3 P   -95.802 -144.406   48.299   82.830 -148.144  -76.845   97.600   34.325   99.203 -113.188    0.321378   -1.388024   -0.542409   -0.815704   -1.614198   -1.533949   -1.889593   -0.770428   -1.166204   10.287    3.760   -8.458 S_000001
   4 P  -137.451 -116.508   82.324  115.599  -56.458  114.006  114.169  -10.463  145.757   41.749    0.451858   -0.800576   -1.218438   -0.842049   -1.440186   -1.701131   -1.915161   -0.690671   -1.198736   15.115    7.969   -5.531 S_000001
   5 N  -110.664 -171.799   60.362   89.469 -139.932 -104.691   78.202   37.047   91.906 -107.233    0.328324   -1.301512   -0.723447   -0.775270   -1.342400   -1.778904   -1.895768   -0.659542   -1.238766   19.311   10.679   -6.028 S_000001
   6 P  -108.396   78.054  177.010   84.208 -125.031  -60.912   56.390   36.111   96.154  -26.758    0.324817   -1.369096   -0.586427   -0.794101   -1.533799   -1.618898   -1.873597   -0.707910   -1.215564   24.661   11.097   -8.439 S_000001
   7 P   -90.417 -170.106   68.442   78.065 -133.765  -67.904   84.808   37.587   94.385  -24.510    0.340560   -1.388860   -0.506766   -0.753098   -1.576547   -1.546486   -1.838666   -0.746711   -1.195026   29.108   11.512  -13.250 S_000001
   8 P   -56.382  171.204   45.690   79.999 -138.560  -66.876   88.362   37.351   89.165  -21.507    0.328834   -1.368411   -0.588895   -0.771787   -1.502815   -1.635950   -1.870990   -0.743289   -1.194091   35.103   10.398  -13.151 S_000001
   9 N    70.215  179.448   56.549  150.123 -105.063 -125.390  125.761  -36.381  151.662  179.883    0.330983   -0.084544   -1.483624   -0.778603   -1.002426   -1.991443   -1.919982   -0.706375   -1.208698   37.327    7.122   -8.793 S_000001
  10 P   -63.921  161.537   51.893   85.635 -134.534  -54.340  102.400   35.710   92.585  -33.383    0.322621   -1.353831   -0.600444   -0.798028   -1.515870   -1.627886   -1.888638   -0.724676   -1.201473   42.428    9.498   -5.179 S_000001
  11 P  -115.802   88.982  168.765   83.267 -120.469  -58.675   55.685   38.344   89.811  -17.856    0.324559   -1.352439   -0.614358   -0.764675   -1.452518   -1.683192   -1.880395   -0.712341   -1.211516   45.721   14.281   -4.447 S_000001
  12 P   -68.680  169.651   59.758   76.906 -168.263  -72.640   94.690   42.931   87.237 -104.066    0.287431   -1.404180   -0.511350   -0.742934   -1.486376   -1.628986   -1.834658   -0.682669   -1.236519   50.306   18.253   -4.468 S_000001
  13 N   -64.339  161.339   54.598   77.701 -151.569  176.249 -106.313   36.001  100.385  -44.332    0.326619   -1.388076   -0.538637   -0.793066   -1.586111   -1.560407   -1.853954   -0.718771   -1.215020   53.393   22.432   -6.881 S_000001
  14 P   168.935  130.259   53.295  151.687 -105.787  158.269   99.642  -39.457  164.899  -78.284    0.311456   -0.213025   -1.473525   -0.773267   -1.229982   -1.822240   -1.928139   -0.719157   -1.203908   54.346   29.447   -6.177 S_000001
  15 P   -80.662 -117.712   67.547   86.982 -128.781 -167.311   91.758   37.849   92.797 -179.414    0.319866   -1.356214   -0.616210   -0.773472   -1.467574   -1.675886   -1.874836   -0.691955   -1.228907   57.150   34.721   -5.414 S_000001
  16 P   -77.162  178.192   59.739   81.778 -144.104  -69.148   75.767   39.348   90.515  179.875    0.330643   -1.349848   -0.609554   -0.738572   -1.424318   -1.681725   -1.829153   -0.634435   -1.253823   55.455   35.283  -11.812 S_000001
  17 P  -179.964  130.919   54.370   92.564  164.659 -106.432   76.600    9.279  136.304  179.932    0.397242   -1.208900   -0.869668   -0.938361   -1.650490   -1.484281   -1.936186   -0.732630   -1.162032   56.572   32.226  -17.979 S_000001
  18 P   -47.162  154.104  -33.922   86.497  149.463   43.769  174.122   28.975  101.048  -88.763    0.364815   -1.275101   -0.768197   -0.824549   -1.452720   -1.721080   -1.907491   -0.705149   -1.213401   58.090   32.744  -23.145 S_000001
  19 N   -49.303  160.019   48.041   88.508 -172.863 -157.115   88.072   36.247   88.736   99.747    0.331482   -1.312270   -0.701339   -0.783995   -1.389509   -1.749307   -1.911306   -0.723235   -1.200304   53.420   31.188  -21.805 S_000001
  20 H     0.000 -178.228   48.103   81.976    0.000    0.000   71.671   39.724   89.086  -18.274    0.299220   -1.407531   -0.520493   -0.783216   -1.549975   -1.601698   -1.899135   -0.761072   -1.185335   50.022   25.954  -22.207 S_000001
SCORE:     0.000                  0.000          0          1          7    S_000002
   1 H     0.000  170.252   55.279   78.452 -151.936  -73.686   81.835   36.302   95.215  179.929    0.318978   -1.389510   -0.541169   -0.797245   -1.586582   -1.570327   -1.875269   -0.745069   -1.193519    3.794    0.984    0.238 S_000002
   2 P   -34.343 -155.396  137.374  146.406  -75.364 -124.013  126.838  -35.241  155.747   40.514    0.326083   -0.175199   -1.476516   -0.805324   -1.100787   -1.931037   -1.947333   -0.704399   -1.195278    8.644   -1.145   -2.956 S_000002
   3 N   -69.833  136.636   54.653   81.341 -157.183  -67.933   78.465   38.185   94.105  179.873    0.315358   -1.385430   -0.548993   -0.776859   -1.540854   -1.608238   -1.861368   -0.709504   -1.221278   14.810    0.515   -2.789 S_000002
   4 N   119.074  135.852   60.717  141.820 -154.841  107.505  125.278  -27.904  155.082  149.517    0.403495   -0.184609   -1.465379   -0.800275   -0.959079   -1.996619   -1.928522   -0.720662   -1.193543   16.869    6.299    0.028 S_000002
   5 P   152.166 -142.339  171.440   87.047  -87.496 -132.632  108.226   39.621   80.726  -19.997    0.312492   -1.287510   -0.749116   -0.763759   -1.245728   -1.833892   -1.906626   -0.684201   -1.223246   15.362   11.579   -3.458 S_000002
   6 P   -72.042  174.063   62.671   85.635 -154.926  -67.864   73.923   32.668   96.011   80.346    0.341830   -1.317537   -0.681030   -0.809759   -1.471771   -1.666285   -1.887387   -0.697699   -1.214188   13.284   14.909   -9.096 S_000002
   7 P   179.820 -143.727  142.769   86.515 -135.487  -69.630   55.695   27.873  103.685  -20.135    0.383125   -1.254649   -0.787744   -0.810853   -1.432803   -1.722782   -1.892272   -0.684756   -1.215503   16.929   16.541  -14.327 S_000002
   8 P   178.181  127.700   46.040   86.727 -153.466  -50.216   76.165   30.575  105.211 -160.719    0.354964   -1.327480   -0.662640   -0.822542   -1.538805   -1.619020   -1.893083   -0.708358   -1.206742   23.048   15.624  -17.601 S_000002
   9 N   -60.115  155.339   58.082   89.736 -129.307  160.239   81.126   38.574   94.454   56.149    0.437996   -1.294192   -0.673637   -0.612968   -1.375721   -1.770767   -1.681008   -0.516692   -1.308642   25.371   20.387  -16.430 S_000002
  10 N   -65.098  160.930   52.177  139.794  -88.485   73.776  105.620  -35.491  157.994   16.910    0.349688   -0.247683   -1.471799   -0.772404   -1.194215   -1.866553   -1.916472   -0.667577   -1.228906   30.153   23.072  -14.309 S_000002
  11 N   -64.603  168.495   56.624   83.495 -148.644  -65.020   77.676   43.810   91.441  -27.624    0.266547   -1.397273   -0.511028   -0.749278   -1.472208   -1.642450   -1.796986   -0.597077   -1.279203   31.400   19.882  -13.503 S_000002
  12 P   -61.653  175.130   48.139   80.588 -154.076  -71.689   81.185   40.515   89.179  -90.781    0.311345   -1.383855   -0.546155   -0.747012   -1.498377   -1.638515   -1.852450   -0.709186   -1.221455   34.142   14.534  -12.664 S_000002
  13 P   -68.425  166.957   55.527   84.414 -160.128  -72.849   73.499   36.093   94.681   74.919    0.340674   -1.346338   -0.612748   -0.766168   -1.496994   -1.646902   -1.854262   -0.694811   -1.227605   39.104   11.425  -11.165 S_000002
  14 N    30.868 -120.066  169.636   83.794 -168.750  -74.349  111.391   35.183   96.403 -152.609    0.326293   -1.356749   -0.613451   -0.800568   -1.521734   -1.634229   -1.885032   -0.716011   -1.208655   43.969   11.591  -10.838 S_000002
  15 P   -64.797 -175.289   44.035   84.975 -160.035  -37.610   83.247   38.335   92.166  -26.329    0.317623   -1.371088   -0.563803   -0.769446   -1.513879   -1.627426   -1.873520   -0.735267   -1.203115   47.268   12.181  -15.981 S_000002
  16 P   -66.191  165.150   50.387   84.858  -94.826  -93.357  113.226   32.440   98.847  170.920    0.338488   -1.339070   -0.653899   -0.825577   -1.519218   -1.637805   -1.902849   -0.716567   -1.195738   45.696   11.881  -21.184 S_000002
  17 P   161.015 -145.128  158.127   79.216  -94.426  -93.495   49.634   37.679   93.583  -20.037    0.323283   -1.361838   -0.601174   -0.777774   -1.480730   -1.657931   -1.871711   -0.703038   -1.220363   42.519   16.990  -23.608 S_000002
  18 N   -76.503  174.687   63.099   81.282 -128.739  -72.093   71.139   39.787   90.674  -18.153    0.290928   -1.362617   -0.616508   -0.791202   -1.432716   -1.708883   -1.894670   -0.663009   -1.239725   43.523   23.614  -23.318 S_000002
  19 N   -65.616  169.597   51.759   86.765    0.000    0.000   93.988   39.293   86.480  -20.326    0.306418   -1.330745   -0.684234   -0.769570   -1.358721   -1.764263   -1.906909   -0.731469   -1.197894   48.934   26.701  -22.795 S_000002
  20 H    66.553   98.505 -176.454   85.086    0.000    0.000   71.479   38.990   88.372  -25.639    0.334898   -1.351285   -0.604506   -0.738077   -1.448771   -1.679513   -1.869816   -0.731202   -1.200093   48.761   29.799  -21.476 S_000002
SCORE:     0.001                  0.001          0          0          5    S_000003
   1 H     0.000  170.252   55.279  106.704 -145.873  -86.226   69.945   15.896  102.835 -141.013    0.386021   -1.033577   -1.048281   -0.862961   -1.286635   -1.873736   -1.954717   -0.726422   -1.184300    3.794    0.984    0.238 S_000003
   2 P    53.639  135.444   35.209  110.985  179.136  160.468   85.176  -11.041  145.427  179.930    0.438625   -0.895792   -1.160863   -0.869790   -1.570352   -1.567488   -1.932309   -0.771260   -1.132050    6.934   -3.381   -2.635 S_000003
   3 P   -53.740  161.941   47.492   82.146 -167.548  -57.738   81.760   32.512   96.618  -74.774    0.351185   -1.334020   -0.652595   -0.803286   -1.519281   -1.638267   -1.879798   -0.709542   -1.213353   12.881   -4.029   -1.094 S_000003
   4 P   -68.787  174.719   55.238   82.725 -133.558  -73.368   72.798   43.660   86.861  -22.364    0.279862   -1.407827   -0.486117   -0.742735   -1.515273   -1.626156   -1.841534   -0.675250   -1.251973   17.990   -6.615    0.037 S_000003
   5 P   -56.311 -171.635   43.015   87.302 -151.265  -35.933   82.363   37.418   91.368 -172.979    0.324289   -1.324119   -0.649297   -0.772278   -1.417518   -1.708323   -1.873214   -0.677972   -1.225410   22.226  -10.904   -2.162 S_000003
   6 N   -46.359  170.234   42.273  107.238 -131.039  -72.156   47.918   11.207  111.229   10.810    0.415053   -0.976805   -1.098726   -0.852885   -1.285743   -1.873672   -1.941447   -0.702325   -1.194228   22.950  -11.636   -7.415 S_000003
   7 N    97.925  144.085 -113.337   84.534 -151.749  -73.839  101.153   27.059  106.558 -106.801    0.345729   -1.344051   -0.630137   -0.867652   -1.641348   -1.518972   -1.907927   -0.767689   -1.158869   25.534   -7.465  -11.695 S_000003
   8 P   -61.459  169.129   54.843   79.375 -141.823  -55.317   88.656   41.349   90.528  173.332    0.295643   -1.408669   -0.483060   -0.754409   -1.562066   -1.584905   -1.841572   -0.715521   -1.224324   30.499   -4.898  -14.040 S_000003
   9 P   -59.712  172.815   49.485   82.988 -150.017  -78.755   85.972   40.851   87.539  179.928    0.297867   -1.365876   -0.589094   -0.757746   -1.440869   -1.689496   -1.858629   -0.669620   -1.242436   35.111   -1.872  -11.919 S_000003
  10 P   -73.802 -136.212   65.188   84.008   34.117   86.999  130.805   32.048   98.562  116.671    0.355706   -1.305993   -0.699935   -0.802109   -1.466333   -1.686197   -1.887904   -0.697291   -1.216880   40.312   -1.159   -7.560 S_000003
  11 P   -36.918 -153.877   53.859  147.355 -138.787 -139.139  153.593  -34.813  154.010  100.837    0.332148   -0.170995   -1.476134   -0.798376   -1.082609   -1.936969   -1.934460   -0.703444   -1.197882   44.120   -0.129   -4.536 S_000003
  12 P   -79.830 -168.084   60.839   83.085 -120.782  -76.154   92.167   39.217   98.953  -28.637    0.289838   -1.345159   -0.630839   -0.788431   -1.435755   -1.721311   -1.864332   -0.664842   -1.246910   43.328    3.662    1.264 S_000003
  13 N  -113.899  147.252   69.531   75.972 -150.155  -63.263   67.762   38.956   98.850  178.546    0.258300   -1.448710   -0.351219   -0.834014   -1.724356   -1.386119   -1.862347   -0.783092   -1.175846   38.248    7.192    3.438 S_000003
  14 N   -55.008  171.023   43.824   79.573 -150.402  -83.417   80.565   40.772   91.626 -117.898    0.297413   -1.409876   -0.483688   -0.758202   -1.567206   -1.570895   -1.838176   -0.712865   -1.224321   37.098   12.468    1.072 S_000003
  15 N  -165.064  113.533   28.691   90.098    5.297 -178.630   69.002   28.636  119.421  179.946    0.333064   -1.354197   -0.603661   -0.869982   -1.625029   -1.506709   -1.827706   -0.623732   -1.264337   35.511   16.461   -4.372 S_000003
  16 N    28.522 -133.984  170.841   89.647 -178.292 -175.648   87.955   26.597  110.152  -77.130    0.353862   -1.310972   -0.717046   -0.871814   -1.546508   -1.610084   -1.925550   -0.717008   -1.183902   40.602   20.010   -4.039 S_000003
  17 N   -60.889  163.854   52.691   86.061 -144.858  -76.252   72.098   37.188   92.485  179.888    0.330821   -1.341960   -0.642757   -0.765781   -1.444978   -1.692385   -1.885119   -0.717165   -1.204499   46.761   18.797   -3.342 S_000003
  18 N   -96.419 -145.696   47.458  149.216  -72.087   92.691  121.941  -37.449  156.218   31.738    0.329226   -0.171112   -1.475378   -0.771710   -1.139296   -1.904163   -1.921100   -0.749882   -1.178349   52.986   20.058   -0.498 S_000003
  19 P   168.935  130.259   53.295  151.687 -105.787  158.269   99.642  -39.457  164.899  -78.284    0.311456   -0.213025   -1.473525   -0.773267   -1.229982   -1.822240   -1.928139   -0.719157   -1.203908   56.938   17.415    0.690 S_000003
  20 H   -96.308  168.141   79.295   80.454    0.000    0.000   87.592   36.257   93.051  -23.872    0.330872   -1.375396   -0.569997   -0.780220   -1.548969   -1.598453   -1.868868   -0.740887   -1.196650   60.847   13.430   -1.501 S_000003
SCORE:     0.000                  0.000          0          1          5    S_000004
   1 H     0.000  170.252   55.279   80.744 -159.572  -67.842   80.406   41.751   93.826  -19.441    0.279387   -1.411208   -0.481777   -0.771168   -1.547837   -1.586764   -1.827649   -0.665638   -1.255401    3.794    0.984    0.238 S_000004
   2 N   -81.215 -123.192   55.030   81.709    0.000    0.000   43.697   39.093   86.686  -26.318    0.320039   -1.327768   -0.664036   -0.760477   -1.372450   -1.746206   -1.885708   -0.682211   -1.230825    8.596   -1.285   -3.965 S_000004
   3 P   126.586  129.826  162.198   79.497   62.414   81.857 -105.740   29.228  115.393   65.869    0.335491   -1.342866   -0.642964   -0.867073   -1.575469   -1.565016   -1.891546   -0.692451   -1.210969   10.632    1.637   -2.584 S_000004
   4 P   -56.198  163.792   57.750   83.934 -124.962   96.989   79.662   39.012   94.815  -15.798    0.289199   -1.395243   -0.502468   -0.799882   -1.562902   -1.568832   -1.847527   -0.681532   -1.239925   13.181    4.361    1.435 S_000004
   5 N    64.943  144.179   41.511   90.329 -133.071  -51.265   51.018   40.105   89.510  -27.923    0.369037   -1.348103   -0.627434   -0.709964   -1.339060   -1.695054   -1.880491   -0.749661   -1.171416    8.119    7.089    0.697 S_000004
   6 N   -55.302  166.966   50.421   84.414 -148.367  -65.822   89.567   37.101   90.131  -29.513    0.344234   -1.314751   -0.681492   -0.752384   -1.390761   -1.737568   -1.876386   -0.683631   -1.227730    8.022    7.969   -4.960 S_000004
   7 N   -88.157 -174.243   54.465   78.962    0.000    0.000   99.586   37.585   92.269  -26.409    0.321807   -1.355552   -0.614841   -0.778105   -1.471553   -1.672976   -1.876103   -0.690099   -1.226632   12.019    8.839  -10.007 S_000004
   8 P  -165.341  140.422   35.219   90.922 -142.585  -75.849   71.056   30.397  103.910 -111.600    0.355648   -1.236506   -0.836988   -0.798344   -1.346860   -1.811592   -1.897634   -0.659994   -1.233558    8.880    8.778  -11.333 S_000004
   9 P   -68.214  177.406   54.322   84.891 -135.237  -40.900  103.473   35.732   90.138   64.089    0.316716   -1.349619   -0.642488   -0.806717   -1.475402   -1.669727   -1.900625   -0.719831   -1.201046    8.460   11.935   -5.822 S_000004
  10 N   -25.687  109.422   31.389  121.449 -136.233 -119.564 -149.602  -13.637  141.174 -143.096    0.412881   -0.680897   -1.308059   -0.859855   -1.344387   -1.829743   -1.957851   -0.709687   -1.198590   12.037   11.622   -4.023 S_000004
  11 N   -51.448  179.085   42.488   80.419 -171.672  -62.807   91.147   39.863   88.611  -75.343    0.308173   -1.378479   -0.565897   -0.763447   -1.487840   -1.651959   -1.866538   -0.704559   -1.220333   16.626    8.160   -7.388 S_000004
  12 P   -67.642  173.172   53.730   77.772 -134.347  -82.931   75.446   46.294   87.693  -20.191    0.274439   -1.421696   -0.467591   -0.704580   -1.482680   -1.631983   -1.817980   -0.689819   -1.244348   21.035    6.890  -10.944 S_000004
  13 P    90.227 -127.081 -150.713   82.253 -129.424  -73.849  -50.286   33.603   97.534  -21.932    0.334435   -1.349293   -0.630402   -0.817321   -1.524796   -1.630139   -1.895620   -0.723409   -1.203148   23.695    9.885  -14.548 S_000004
  14 P  -113.914   89.571  175.779   86.590  -94.578 -171.202  115.149   31.076  103.348  179.919    0.338656   -1.349583   -0.638286   -0.839867   -1.566661   -1.596553   -1.905847   -0.729620   -1.191827   24.876   13.319  -19.370 S_000004
  15 P   -46.385  160.207   45.282   85.940 -166.320  -43.411  104.769   30.871  101.737   26.040    0.341720   -1.324718   -0.673154   -0.842946   -1.518672   -1.637544   -1.898440   -0.683097   -1.213141   30.565   12.618  -22.125 S_000004
  16 P   -45.966  178.017   51.717   85.770 -154.842  -81.732   83.870   36.247   93.863 -113.364    0.337688   -1.325308   -0.674438   -0.778495   -1.417283   -1.717768   -1.884316   -0.679296   -1.224250   34.452   14.618  -25.417 S_000004
  17 P  -155.146 -150.820  117.921   86.113 -130.582 -148.643   67.544   32.888  102.779 -102.425    0.346919   -1.363914   -0.563645   -0.802385   -1.605565   -1.541881   -1.842961   -0.706156   -1.218029   39.361   19.030  -27.601 S_000004
  18 P   -57.734  166.673   49.208   81.592 -124.549  -91.354   91.371   38.539   88.954  168.442    0.295617   -1.369706   -0.596603   -0.794913   -1.488102   -1.668088   -1.880944   -0.723907   -1.204451   44.954   22.403  -28.232 S_000004
  19 P   -64.557  133.254   57.673   79.265 -131.047  -97.764   65.759   35.231   97.673  179.589    0.339056   -1.360530   -0.599333   -0.789354   -1.520386   -1.614050   -1.857979   -0.682751   -1.227346   49.470   25.437  -25.917 S_000004
  20 H   156.566 -166.425  171.890   84.679    0.000    0.000   61.144   38.615   85.883  -16.835    0.313155   -1.334186   -0.667441   -0.774739   -1.385817   -1.740683   -1.894041   -0.696001   -1.217448   49.279   29.657  -20.417 S_000004
SCORE:     0.000                  0.000          0          1          8    S_000005
   1 H     0.000  170.252   55.279   72.670    0.000    0.000   79.949   39.919   94.739  179.909    0.295080   -1.418555   -0.468161   -0.779909   -1.601439   -1.544974   -1.844543   -0.718787   -1.223699    3.794    0.984    0.238 S_000005
   2 P   -77.961  163.148   61.685   79.807 -146.345  -59.791   83.240   41.515   93.386  -20.105    0.270983   -1.415149   -0.505105   -0.780760   -1.538312   -1.602782   -1.858587   -0.699130   -1.223004    2.013    2.398    0.902 S_000005
   3 P   -64.208  167.873   59.646   80.780 -122.804  -50.522  103.044   38.664   87.195  -17.695    0.299868   -1.387008   -0.548252   -0.783741   -1.538730   -1.612518   -1.878980   -0.763937   -1.182677    1.946    7.228    4.317 S_000005
   4 P  -106.362   66.395  169.689   87.884 -117.965  -87.727   57.786   36.344   89.807  179.934    0.333910   -1.300724   -0.722608   -0.778498   -1.355734   -1.769247   -1.910465   -0.718551   -1.202041    3.550   12.569    4.912 S_000005
   5 N   -61.213  112.089   69.299   87.923 -130.282  -92.489  125.879   36.567   93.749 -136.899    0.333907   -1.355042   -0.588219   -0.768429   -1.517476   -1.628634   -1.869610   -0.727878   -1.210677    5.720   16.491    8.064 S_000005
   6 P   -28.894  173.200   37.922   80.320 -132.717  -48.449   46.804   35.006   98.813  -91.822    0.367216   -1.326150   -0.667437   -0.742434   -1.454117   -1.683968   -1.824644   -0.628352   -1.260136   11.820   17.549    9.124 S_000005
   7 P   -66.224  174.755   54.283   84.106 -156.198  -70.351   90.056   37.570   87.424  179.912    0.320023   -1.354026   -0.612967   -0.777971   -1.480198   -1.674735   -1.887702   -0.748920   -1.197743   15.512   21.353    6.484 S_000005
   8 P   -72.247 -173.354   59.778  125.051  -81.563  144.143  114.142  -23.906  154.559  112.729    0.373315   -0.561821   -1.381054   -0.860153   -1.374571   -1.778696   -1.959392   -0.698140   -1.203284   16.100   26.060    2.269 S_000005
   9 N   -56.768  118.853   55.970   75.600    0.000    0.000  112.829   37.231   97.874  -28.043    0.316265   -1.396442   -0.521046   -0.794113   -1.587129   -1.564671   -1.857551   -0.706473   -1.225434   18.062   27.891   -1.701 S_000005
  10 P    62.617   95.303  -73.615  155.390 -122.629  -67.829 -132.013  -34.528  143.842   25.957    0.331419    0.126876   -1.486978   -0.796316   -0.665722   -2.152792   -1.867679   -0.710535   -1.219389   18.927   24.849   -2.609 S_000005
  11 P  -170.614  171.306  161.607   77.746 -114.502  -71.913   54.684   36.491   93.399  130.410    0.335231   -1.349746   -0.596634   -0.776451   -1.492991   -1.635436   -1.852206   -0.684802   -1.215519   23.373   24.290   -7.755 S_000005
  12 N   -58.554  173.679   43.045   85.799   66.629  -57.289   95.441   21.811  108.826  -40.288    0.411336   -1.163021   -0.908818   -0.834594   -1.369373   -1.774477   -1.930206   -0.692165   -1.195165   28.817   25.844  -10.442 S_000005
  13 N   -50.235  165.000   42.481   85.494 -169.291  -81.228  136.938   35.785   93.671  176.304    0.340408   -1.309340   -0.691579   -0.779654   -1.394478   -1.728634   -1.883409   -0.656694   -1.231337   28.850   24.418  -13.255 S_000005
  14 P   -56.249  167.831   51.172   80.390 -121.915  -59.518  104.071   36.533  100.049   15.807    0.311008   -1.402704   -0.506626   -0.804654   -1.613345   -1.530818   -1.846651   -0.700508   -1.228883   26.389   24.471  -18.569 S_000005
  15 P   -63.198  158.209   58.718   78.101 -140.927  -66.531   79.421   41.358   88.169  -19.532    0.299375   -1.433775   -0.431820   -0.756581   -1.615536   -1.526820   -1.878017   -0.770564   -1.192089   26.302   28.541  -22.750 S_000005
  16 N  -124.162  177.879   99.083   89.862 -134.439  -74.075   66.594   36.873   88.482  -14.987    0.319523   -1.311017   -0.709199   -0.784818   -1.367833   -1.759031   -1.908571   -0.711998   -1.202804   30.591   33.373  -24.600 S_000005
  17 P   -65.617  168.459   54.472   87.480 -148.739  -71.699   74.615   37.457   91.354  179.876    0.319097   -1.326297   -0.685710   -0.786985   -1.379460   -1.742060   -1.898575   -0.673731   -1.233099   36.474   35.100  -23.462 S_000005
  18 P   -62.447  163.212   59.566   86.639 -117.269  -15.929   99.306   37.801   89.004  104.115    0.311400   -1.353856   -0.622943   -0.787181   -1.457807   -1.682858   -1.894363   -0.716213   -1.206350   41.725   32.842  -21.731 S_000005
  19 P   -60.845  174.584   47.426   86.588 -134.595   30.216   72.290   39.560   83.602   -8.356    0.323142   -1.314109   -0.689566   -0.748368   -1.331106   -1.778661   -1.898450   -0.718816   -1.209965   42.406   29.171  -25.195 S_000005
  20 H   -56.163  172.503   47.036   77.694    0.000    0.000   71.405   38.677   96.054  179.886    0.310543   -1.407415   -0.489102   -0.777878   -1.595789   -1.548435   -1.831959   -0.693774   -1.233268   45.264   32.283  -26.616 S_000005
SCORE:     0.000                  0.000          0          3          4    S_000006
   1 H     0.000  170.252   55.279   83.213 -146.996  -75.858   73.187   39.940   91.032  -27.854    0.295127   -1.384909   -0.563748   -0.767587   -1.504312   -1.645653   -1.888513   -0.755474   -1.195685    3.794    0.984    0.238 S_000006
   2 P   -75.919 -135.821 -175.098   83.972 -150.764  -37.001  145.918   30.179  104.208  -24.330    0.355597   -1.335363   -0.656648   -0.828154   -1.558996   -1.606023   -1.886573   -0.716262   -1.208985    8.291   -1.530   -4.261 S_000006
   3 P   -62.560  161.565   59.465   82.476 -145.787  -82.222   79.175   40.224   90.549  -18.130    0.293028   -1.402197   -0.512332   -0.776587   -1.536861   -1.592902   -1.843688   -0.676489   -1.238810   12.934   -0.467   -6.770 S_000006
   4 P   -66.705  149.862   70.589   77.562 -130.817  -74.281   72.020   39.553  102.481  -30.494    0.215939   -1.458030   -0.297844   -0.864962   -1.724104   -1.309966   -1.841476   -0.684436   -1.198267   16.457    3.191   -9.864 S_000006
   5 P   -84.822  165.539   77.007   82.023 -144.893 -140.751   72.666   34.410  106.707  -90.371    0.361923   -1.369970   -0.578431   -0.767639   -1.551615   -1.568297   -1.785777   -0.612471   -1.270672   18.580    9.177  -10.697 S_000006
   6 N   -44.792  159.118 -174.604   88.660 -127.150  -84.030   41.691   37.228   87.616  143.772    0.332183   -1.300809   -0.711467   -0.771951   -1.342869   -1.770776   -1.903627   -0.697070   -1.212573   21.642   14.689  -11.394 S_000006
   7 N   -49.300  -65.835  -75.184   89.065 -153.930   73.897  147.854   22.689  110.770   -9.725    0.377831   -1.269018   -0.765795   -0.866210   -1.563574   -1.615588   -1.919024   -0.734584   -1.180848   18.801   16.417  -16.425 S_000006
   8 N    62.992  130.376  152.811   83.054  -97.026 -107.964   72.434   38.358   92.836  -82.856    0.306731   -1.379428   -0.547397   -0.778649   -1.532794   -1.605050   -1.871620   -0.742700   -1.199555   21.841   12.470  -19.685 S_000006
   9 P    64.933  133.624  179.362  114.853 -147.588  -66.485   65.255    5.699  113.431 -141.561    0.425503   -0.843776   -1.193064   -0.854915   -1.190691   -1.934985   -1.953380   -0.669601   -1.216070   26.088   11.799  -14.858 S_000006
  10 P   -66.285  144.673   52.490   85.183 -135.090  -73.701   70.167   33.666  101.764  -14.429    0.334787   -1.367096   -0.588415   -0.814887   -1.569549   -1.580939   -1.885867   -0.731044   -1.191614   31.237   13.485  -13.426 S_000006
  11 P   -57.698  158.890   50.648   86.026 -149.344   48.733  119.127   36.442   94.848  168.470    0.301579   -1.316920   -0.684594   -0.807714   -1.411697   -1.732571   -1.884233   -0.632895   -1.249585   36.171   12.456  -16.664 S_000006
  12 N   -76.264  173.524   60.848   80.149 -111.952  -75.416   78.590   39.944   89.059  -30.756    0.274791   -1.419491   -0.445289   -0.796501   -1.607630   -1.508233   -1.884457   -0.786938   -1.152688   35.001   16.651  -18.951 S_000006
  13 P   -49.738  167.759   48.674   90.253 -145.163  -82.021   94.684   35.234   91.486 -128.003    0.332924   -1.295275   -0.722964   -0.795111   -1.369852   -1.755580   -1.908702   -0.690851   -1.210297   36.860   22.111  -21.121 S_000006
  14 P   -21.836 -133.217  170.749  150.760 -101.380  148.603   85.879  -35.796  157.468   18.461    0.335203   -0.167530   -1.474512   -0.789514   -1.103974   -1.927048   -1.929857   -0.698162   -1.203981   41.063   25.813  -23.710 S_000006
  15 N   -70.443 -167.722   51.755   93.173  123.329  -97.835  101.915   28.273  100.650 -112.099    0.350732   -1.173409   -0.879789   -0.854740   -1.245858   -1.819409   -1.953517   -0.676129   -1.177028   46.658   27.142  -24.434 S_000006
  16 P  -109.262   88.349  166.970   83.859 -138.987  -65.973   58.939   33.360   96.071  179.884    0.351261   -1.321286   -0.667970   -0.790772   -1.481709   -1.670206   -1.882775   -0.720551   -1.203499   49.572   23.026  -25.013 S_000006
  17 P    40.288  122.111  -29.584  123.048 -114.704  -54.986  100.064  -15.710  148.241    7.921    0.416278   -0.750896   -1.256431   -0.870551   -1.468257   -1.669697   -1.954998   -0.753367   -1.155276   50.678   18.807  -28.241 S_000006
  18 N   100.220  -88.302  169.727   89.825 -167.128  -55.508   70.588   22.906  105.672  -62.038    0.415923   -1.245353   -0.792202   -0.781632   -1.581401   -1.686945   -1.892613   -0.851585   -1.137684   54.149   19.587  -26.385 S_000006
  19 N   -52.624  162.611   54.847   79.881 -115.087 -135.028   85.112   34.155   95.970  -99.227    0.327216   -1.367461   -0.598364   -0.814193   -1.560197   -1.600057   -1.890111   -0.752329   -1.183909   51.698   23.592  -23.679 S_000006
  20 H   -59.423 -179.563   53.600   81.642    0.000    0.000   75.288   36.034   95.538  -16.358    0.330616   -1.366535   -0.576575   -0.787340   -1.535613   -1.604876   -1.856121   -0.695421   -1.217799   50.512   28.972  -19.647 S_000006
SCORE:     0.001                  0.001          0          1          5    S_000007
   1 H     0.000  170.252   55.279   79.887 -149.558  -76.073   69.101   39.382   91.974  153.373    0.306566   -1.392702   -0.530211   -0.767817   -1.544299   -1.605022   -1.852184   -0.706555   -1.226854    3.794    0.984    0.238 S_000007
   2 N   -79.466 -168.112   43.025  145.718  -81.840   81.223  139.593  -37.479  169.300   55.786    0.323736   -0.330903   -1.449136   -0.788197   -1.332183   -1.728780   -1.931135   -0.725401   -1.191910    8.543   -1.539   -3.600 S_000007
   3 P   -54.787  176.698   48.945   86.897 -164.498  -78.214   82.729   34.612   92.213  173.704    0.325572   -1.325097   -0.665891   -0.802741   -1.461187   -1.681164   -1.892083   -0.706656   -1.205985   10.966    0.654   -5.177 S_000007
   4 P   -41.562 -168.004   59.656  139.920  -50.186   71.680  142.072  -34.915  163.182  179.883    0.337480   -0.448965   -1.421775   -0.799530   -1.429604   -1.679733   -1.940236   -0.812761   -1.132162   13.805    5.454   -7.598 S_000007
   5 P   -47.896  167.363   43.595   81.664 -148.055  -63.532   95.601   35.208   96.071  -25.522    0.324680   -1.380618   -0.549996   -0.806905   -1.582370   -1.561121   -1.881537   -0.752766   -1.170318   15.140    6.067   -4.837 S_000007
   6 P   -65.923  160.124   60.919   85.240 -155.143  -68.599   91.007   37.126   94.061  171.174    0.324744   -1.353363   -0.615947   -0.781827   -1.473397   -1.666346   -1.875603   -0.691726   -1.222132   16.315    7.873    0.592 S_000007
   7 P  -168.839  121.189 -176.246   84.421 -162.310  -96.356  108.244   34.304  106.356  -23.636    0.327894   -1.391748   -0.518664   -0.809234   -1.631897   -1.506085   -1.823324   -0.679514   -1.237292   17.706   12.852    5.079 S_000007
   8 P   -78.455  174.011   58.666   89.836 -133.944  -46.314   95.544   34.108   94.149  179.939    0.330598   -1.314820   -0.689503   -0.812521   -1.432998   -1.700185   -1.914116   -0.696280   -1.209948   18.512   14.496   11.249 S_000007
   9 P   -64.446  160.398   64.943   83.262 -150.923  -75.224   75.718   39.644   89.706  -15.406    0.302626   -1.382999   -0.567450   -0.771426   -1.494469   -1.647122   -1.888483   -0.744503   -1.197779   20.349   19.623   12.602 S_000007
  10 P   -63.936  170.008   51.347   82.310 -154.871  -66.397   78.851   41.912   87.633  -21.662    0.288123   -1.405711   -0.502870   -0.755962   -1.528759   -1.612658   -1.860026   -0.727778   -1.214540   21.312   25.383   10.745 S_000007
  11 P    53.187 -104.659  -79.152  150.229 -136.124 -139.293  130.083  -43.435  163.971  167.450    0.286370   -0.049080   -1.492090   -0.739040   -1.092677   -1.887286   -1.907246   -0.689780   -1.216040   19.701   27.862    7.618 S_000007
  12 P   -68.069 -165.117   47.073  102.568   43.995   23.747  121.862    6.688  122.522  140.691    0.440162   -1.018022   -1.041803   -0.860532   -1.452122   -1.733691   -1.925280   -0.706049   -1.192025   24.470   29.980    3.090 S_000007
  13 P   -85.076  164.023   68.866   85.141 -120.650  -62.318   78.470   40.645   86.862  -27.903    0.311000   -1.383809   -0.548559   -0.744155   -1.491316   -1.639809   -1.865792   -0.734982   -1.207733   25.517   28.322    0.619 S_000007
  14 P   -64.350  164.044   59.413   82.853 -174.287  -71.226   82.877   39.914   94.518 -118.472    0.269341   -1.398075   -0.518759   -0.788941   -1.561389   -1.592100   -1.859530   -0.677712   -1.215879   29.082   26.804   -3.963 S_000007
  15 P   -72.247 -173.354   59.778  125.051  -81.563  144.143  114.142  -23.906  154.559  112.729    0.373315   -0.561821   -1.381054   -0.860153   -1.374571   -1.778696   -1.959392   -0.698140   -1.203284   33.238   28.176   -8.261 S_000007
  16 P  -102.682 -165.508   38.132  134.491 -113.294 -111.658  179.144  -31.191  158.940   23.293    0.340378   -0.465124   -1.417584   -0.836319   -1.380937   -1.729618   -1.960600   -0.791538   -1.132119   34.502   26.622  -13.791 S_000007
  17 N  -176.288  132.700   54.557   87.690 -171.042  -63.535   41.913   31.743  102.456  -64.224    0.343141   -1.337100   -0.651065   -0.824014   -1.533939   -1.622649   -1.893601   -0.706961   -1.207599   39.051   22.740  -17.833 S_000007
  18 P   -53.096 -156.289   42.466  140.550  -81.244 -103.793  167.911  -34.700  157.362  -52.546    0.325064   -0.332966   -1.458454   -0.810582   -1.284020   -1.807295   -1.950598   -0.785829   -1.146512   41.785   24.411  -22.987 S_000007
  19 P   -74.638  147.204   46.894   83.466 -124.551  -61.223   71.913   37.170   94.235  -13.136    0.321119   -1.372562   -0.568535   -0.784475   -1.527709   -1.613886   -1.870611   -0.711089   -1.211362   46.551   28.036  -25.350 S_000007
  20 H   -81.522 -177.945   55.940   86.320    0.000    0.000   92.357   33.871   99.971 -112.800    0.323973   -1.368160   -0.595986   -0.823515   -1.568071   -1.594487   -1.886831   -0.715410   -1.202998   50.555   29.305  -20.507 S_000007
SCORE:     0.001                  0.001          0          1          2    S_000008
   1 H     0.000  170.252   55.279   79.854 -138.752  -76.296   78.229   43.655   89.356    5.320    0.231876   -1.451293   -0.421421   -0.794012   -1.610729   -1.545471   -1.854309   -0.704672   -1.207262    3.794    0.984    0.238 S_000008
   2 N   170.804  176.008   66.935  153.548 -113.699  -90.328  138.484  -36.561  153.521 -134.559    0.343733   -0.071004   -1.476508   -0.754092   -0.984126   -1.994084   -1.900482   -0.661556   -1.229774    7.126   -3.077   -4.221 S_000008
   3 P  -129.966 -165.035   57.274   88.372 -133.872  107.075  -62.752   28.871  115.058  -12.293    0.340082   -1.347971   -0.646097   -0.865411   -1.586604   -1.562071   -1.846742   -0.624516   -1.258166    8.051   -8.416    0.360 S_000008
   4 P  -179.630  115.281   62.224  122.274 -131.448 -164.064   84.287  -17.095  153.564  143.373    0.421273   -0.734637   -1.265427   -0.864863   -1.468550   -1.653260   -1.954534   -0.733221   -1.166445    3.982  -10.014   -3.657 S_000008
   5 N   146.858 -125.264   58.557  106.991   19.167  151.073  103.875   20.067  108.613  -63.213    0.410953   -1.095587   -0.977192   -0.852002   -1.283539   -1.833915   -1.941314   -0.597912   -1.241802    6.851  -10.822   -9.929 S_000008
   6 N    62.259  172.460  -73.010   94.551  145.739  -98.171  166.684   11.305  132.078  168.513    0.396853   -1.116021   -0.988570   -0.930688   -1.455412   -1.680771   -1.953761   -0.639443   -1.202163   12.827   -7.973  -10.696 S_000008
   7 P   -57.907 -169.891   30.400   87.052 -167.581  -38.715   97.175   35.710   90.472  175.562    0.300502   -1.354879   -0.615073   -0.820353   -1.496211   -1.632391   -1.915451   -0.762168   -1.135085   13.992   -4.946  -15.405 S_000008
   8 P   -68.281 -172.937   45.197   73.485 -133.935  -60.334   63.846   40.451   95.166  -26.469    0.257347   -1.455003   -0.364037   -0.813548   -1.695571   -1.424827   -1.847408   -0.768861   -1.184569   18.749   -2.162  -17.193 S_000008
   9 N    98.782  142.576   70.076   87.990 -168.311  -58.984   55.170   36.306   92.999  -14.663    0.324763   -1.347975   -0.638688   -0.791780   -1.469154   -1.679115   -1.896454   -0.714197   -1.209228   23.889   -5.854  -17.878 S_000008
  10 P   -70.978  172.263   55.063   77.526 -138.999  -71.460   84.991   42.152   87.799  -31.484    0.298104   -1.396871   -0.513566   -0.742459   -1.498021   -1.625456   -1.839940   -0.705265   -1.226002   29.525   -5.882  -16.408 S_000008
  11 P   -50.484 -176.503   35.125  140.764 -157.779 -130.731   88.154  -32.121  150.570 -155.790    0.351864   -0.261336   -1.460342   -0.801800   -1.148146   -1.917020   -1.938761   -0.729367   -1.186107   34.693   -2.379  -16.360 S_000008
  12 P   154.773 -124.746  178.096   93.542 -170.707  -29.830   88.212   29.318   98.893  -17.178    0.375116   -1.267372   -0.778337   -0.806030   -1.424960   -1.731957   -1.917613   -0.719206   -1.201246   36.454    4.117  -16.366 S_000008
  13 P  -133.945   85.827  148.781  152.086  -87.507   78.776   98.283  -37.144  148.909 -137.939    0.300923   -0.016756   -1.492638   -0.810484   -0.929818   -2.028240   -1.932050   -0.717365   -1.198783   35.184    9.519  -17.701 S_000008
  14 N    52.222 -163.463  -62.266  161.803  -90.473  -71.219   91.750  -39.101  147.555 -127.024    0.302930    0.186055   -1.482970   -0.781893   -0.689840   -2.116143   -1.876887   -0.691304   -1.222836   37.965    9.569  -20.456 S_000008
  15 P   141.172  153.832   61.171   83.827   92.561   79.677  140.899   23.663  107.771   48.977    0.390364   -1.258671   -0.778629   -0.844630   -1.515960   -1.641523   -1.922925   -0.739941   -1.167539   41.718   14.491  -18.512 S_000008
  16 P   -62.119  119.895   76.770   83.918  -67.541 -174.310   65.726   34.075  100.288  -25.024    0.333126   -1.353523   -0.603399   -0.803551   -1.542349   -1.602992   -1.872010   -0.703810   -1.215049   43.321   16.763  -22.793 S_000008
  17 P   -57.725 -174.783   45.272   79.835 -139.408  -66.716   69.027   36.461   98.968   75.548    0.302338   -1.415609   -0.484964   -0.817204   -1.645233   -1.505527   -1.870745   -0.745493   -1.194393   49.105   18.756  -24.984 S_000008
  18 P   -50.667  160.127   38.512   84.303  -91.757  -76.827  123.912   31.763   98.371   59.439    0.353940   -1.319765   -0.682347   -0.807293   -1.497625   -1.659654   -1.888319   -0.712741   -1.209243   52.745   22.967  -23.341 S_000008
  19 N   104.961 -166.413   53.787   81.393  175.155   32.066  124.946   36.929   94.596  -66.273    0.319536   -1.372450   -0.583465   -0.792706   -1.520052   -1.627583   -1.880969   -0.713488   -1.211778   49.504   25.399  -19.050 S_000008
  20 H   -67.065 -169.288   50.326   82.966    0.000    0.000   81.760   37.754   95.282  -17.127    0.319288   -1.372340   -0.566721   -0.776012   -1.527300   -1.624185   -1.851137   -0.690793   -1.237047   50.914   30.029  -21.554 S_000008
SCORE:     0.001                  0.001          0          1          1    S_000009
   1 H     0.000  170.252   55.279   81.209 -160.458  -72.096   77.562   35.936   96.032  179.939    0.329783   -1.379387   -0.562293   -0.786118   -1.569541   -1.587913   -1.868406   -0.731504   -1.204909    3.794    0.984    0.238 S_000009
   2 P   -89.106  158.357   71.825   83.842 -149.812  -76.959   77.562   43.435   83.002  -19.223    0.303323   -1.365144   -0.610626   -0.717387   -1.358553   -1.738978   -1.870351   -0.716907   -1.216523    8.904   -0.875   -2.455 S_000009
   3 P  -122.048   97.641  145.340   80.852 -179.582  -82.000   66.072   37.765   87.897 -167.348    0.313917   -1.371369   -0.559325   -0.781959   -1.527492   -1.614138   -1.894911   -0.777845   -1.173631   13.534   -4.632   -3.868 S_000009
   4 N    64.555  166.405   61.798   90.812 -138.664  -55.906   78.846   37.451   86.796  -25.356    0.325484   -1.299210   -0.729668   -0.774137   -1.327946   -1.791758   -1.909110   -0.688340   -1.227342   19.216   -4.507   -2.568 S_000009
   5 P   157.283  117.575   61.637  102.545 -144.909 -101.288   49.078    1.206  144.959  -45.153    0.414000   -1.177168   -0.894640   -0.932983   -1.740955   -1.362626   -1.913239   -0.770355   -1.135750   20.557    0.817   -6.770 S_000009
   6 N  -176.254  137.497  168.550   81.717 -132.895  -59.292   72.443   35.635   96.831  -24.438    0.317162   -1.381236   -0.556771   -0.805344   -1.581183   -1.577185   -1.871131   -0.730026   -1.199217   27.328    1.461   -9.090 S_000009
   7 P    69.041 -157.524   52.960   86.650 -170.629 -157.315   98.193   34.041   94.493 -157.907    0.329107   -1.341598   -0.649775   -0.820683   -1.491354   -1.657995   -1.916124   -0.736527   -1.179858   32.647    2.028   -8.207 S_000009
   8 P    66.688 -144.704 -163.902  148.105 -139.268 -155.489  -41.230  -37.998  156.482 -171.186    0.307073   -0.167585   -1.483056   -0.788817   -1.141272   -1.898846   -1.932231   -0.728804   -1.188714   31.030    7.804   -8.259 S_000009
   9 N   -65.846  170.781   48.503   79.766 -152.968  -56.894   79.973   39.830   87.376  -21.941    0.303748   -1.403822   -0.495688   -0.763974   -1.569250   -1.570299   -1.858556   -0.746773   -1.189224   28.589   12.932   -4.935 S_000009
  10 P    81.100  178.424 -174.766  144.576  -76.838  133.544  107.840  -37.531  164.252  -61.548    0.320520   -0.303259   -1.462966   -0.780672   -1.298802   -1.782190   -1.927181   -0.721663   -1.205983   31.324   17.188   -2.083 S_000009
  11 P   -65.195  175.532   47.184   85.252 -102.081 -130.022   93.081   33.210  102.972 -142.202    0.325681   -1.382859   -0.542304   -0.829575   -1.626758   -1.519368   -1.870631   -0.722846   -1.203625   32.025   21.945   -0.121 S_000009
  12 N   -42.329  155.585   58.656   77.153 -118.400 -106.983  100.014   38.719   94.748  -26.310    0.315062   -1.406757   -0.514259   -0.771203   -1.587981   -1.582218   -1.869417   -0.759893   -1.196604   34.221   27.554   -2.655 S_000009
  13 N  -173.114  162.258   49.360   84.595   73.195  101.944  116.376   27.685  101.089   53.877    0.385853   -1.231387   -0.821000   -0.820803   -1.374788   -1.754274   -1.907971   -0.657696   -1.219149   36.845   29.581   -9.102 S_000009
  14 P   -83.064  155.506   48.192   81.912 -143.393  -57.948   72.433   39.707   88.111  165.528    0.307762   -1.371005   -0.577625   -0.764580   -1.477693   -1.663766   -1.869321   -0.701265   -1.222297   41.860   32.951   -8.833 S_000009
  15 N   -80.912  170.295   74.913   92.230 -101.676  160.129   85.912   22.565  113.402   32.264    0.354236   -1.285593   -0.749840   -0.887328   -1.592901   -1.586659   -1.888613   -0.668587   -1.229021   47.977   32.611   -8.640 S_000009
  16 P   -92.237  165.435   77.378   78.835  -98.869  -72.244   70.494   38.143   91.794  -30.464    0.314213   -1.397164   -0.503140   -0.776087   -1.582797   -1.551887   -1.860603   -0.755080   -1.182427   52.691   35.733  -10.517 S_000009
  17 P   -63.418 -176.820   45.409   83.419 -129.089  -64.216   85.339   37.283   93.196  -21.830    0.314834   -1.383194   -0.553826   -0.787570   -1.555220   -1.600268   -1.875216   -0.737957   -1.196166   56.646   35.533  -15.534 S_000009
  18 N   -88.069  -47.561 -101.951  177.147 -158.246   64.909  153.989  -44.433  138.698  -22.026    0.200030    0.633404   -1.374637   -0.825448   -0.137373   -2.220278   -1.771447   -0.624090   -1.281226   55.040   33.918  -21.526 S_000009
  19 P  -107.866   68.213 -177.478   92.507  178.851 -126.218   53.752   12.940  124.481  179.936    0.403280   -1.213331   -0.840573   -0.896300   -1.639774   -1.541638   -1.933684   -0.770846   -1.153039   51.144   32.507  -21.866 S_000009
  20 H  -103.445  179.998   98.227   81.654    0.000    0.000   87.722   44.980   85.052  -75.515    0.268855   -1.382465   -0.568851   -0.724160   -1.400813   -1.719481   -1.876121   -0.708355   -1.236400   51.930   25.811  -22.508 S_000009
SCORE:     0.001                  0.001          0          1          5    S_000010
   1 H     0.000  170.252   55.279   79.018 -155.902 -117.977   61.746   45.917   80.643  179.894    0.284812   -1.415559   -0.506387   -0.701638   -1.435887   -1.659726   -1.873313   -0.781043   -1.187363    3.794    0.984    0.238 S_000010
   2 P  -159.603 -161.962   57.696   80.878 -123.141  -61.554   68.468   37.810   96.995   -8.850    0.307364   -1.410554   -0.477834   -0.790543   -1.623966   -1.519891   -1.857404   -0.742599   -1.205171    8.410   -0.502   -5.114 S_000010
   3 N   157.217  154.014   57.288   89.080 -152.744  -50.745   76.259   33.552   94.554  -11.437    0.340325   -1.306287   -0.703461   -0.806574   -1.426116   -1.707991   -1.902386   -0.684173   -1.217005    9.674   -5.307   -0.535 S_000010
   4 P   -63.902  173.944   56.460   84.443 -151.477  -57.718   74.361   37.797   93.037  -16.382    0.317485   -1.372453   -0.579091   -0.778147   -1.512645   -1.635006   -1.871366   -0.709600   -1.217062   14.866   -3.473    1.375 S_000010
   5 N  -100.101  161.118   94.703   83.659 -149.203  -85.036   75.540   33.693  101.222 -108.719    0.343713   -1.358671   -0.604813   -0.794340   -1.555358   -1.597483   -1.858874   -0.701177   -1.216578   19.565    0.319    0.207 S_000010
   6 N   -98.041 -137.837  155.725  158.717  -99.849  162.372  109.093  -41.754  160.788   52.267    0.289315   -0.001541   -1.489878   -0.763911   -1.005286   -1.960819   -1.921518   -0.690989   -1.218223   23.216    5.738   -2.476 S_000010
   7 P   -72.142 -176.609   55.725   82.005 -150.765  -28.426   77.641   37.081   89.625  -20.119    0.342693   -1.343238   -0.627455   -0.759038   -1.454743   -1.677395   -1.869470   -0.717364   -1.212372   24.197    8.497   -7.804 S_000010
   8 P   -54.457  174.089   55.237   79.601 -138.571  -56.886   84.128   38.007   97.091  -29.591    0.305311   -1.411584   -0.477699   -0.792546   -1.618027   -1.522717   -1.843663   -0.715759   -1.216637   28.511    9.778  -10.769 S_000010
   9 P   -70.810  164.307   56.150   84.430 -143.267  -52.261  101.517   34.149   97.622   20.394    0.331788   -1.347807   -0.614432   -0.809022   -1.523242   -1.618132   -1.881751   -0.712843   -1.201722   34.254    8.636  -11.700 S_000010
  10 N   -73.045  177.430   59.594   80.206 -115.575  -94.264   82.963   36.568  105.395  -28.340    0.289228   -1.441428   -0.411721   -0.834551   -1.710707   -1.418134   -1.796422   -0.686862   -1.246520   37.059    3.450  -10.262 S_000010
  11 P   -86.520 -123.646   55.411   82.187 -148.546  -31.679   96.412   38.580   91.480 -157.038    0.320167   -1.366531   -0.591310   -0.764223   -1.487405   -1.663149   -1.862310   -0.693043   -1.233317   38.664   -2.654  -13.526 S_000010
  12 P   -78.696 -167.253   48.218   81.831 -143.314  -83.138   88.015   37.417   94.842 -112.236    0.319789   -1.386209   -0.546037   -0.785726   -1.552105   -1.592996   -1.870412   -0.718146   -1.209878   39.277   -0.908  -19.253 S_000010
  13 P   -61.782 -140.498   56.795  140.224 -153.193 -144.278  165.784  -33.826  159.973  156.711    0.349592   -0.388033   -1.431578   -0.793415   -1.340736   -1.762595   -1.940106   -0.795494   -1.147865   40.950    4.225  -23.318 S_000010
  14 N    49.768 -151.672  161.870   83.101  151.471  173.587   99.969   29.881  102.127  -91.551    0.358826   -1.325480   -0.669894   -0.825511   -1.546052   -1.616867   -1.897946   -0.737026   -1.188716   43.689    9.002  -26.087 S_000010
  15 P   -38.990 -156.084   -8.213   86.072 -162.364   24.515  146.544   30.444  105.127  -22.640    0.350763   -1.322683   -0.665158   -0.820124   -1.540641   -1.618803   -1.877251   -0.706369   -1.213835   44.074   14.270  -22.100 S_000010
  16 P    68.951 -179.654   63.921   84.629 -148.178  -53.674   60.906   39.243   91.706  -14.346    0.321866   -1.361116   -0.602457   -0.753157   -1.455054   -1.681285   -1.848380   -0.664698   -1.243593   44.788   16.425  -26.748 S_000010
  17 P   -54.894  157.912   63.587   77.026 -153.157  -88.352  143.744   20.468  136.386 -130.143    0.323074   -1.476253   -0.313184   -0.984413   -1.959560   -0.951878   -1.752166   -0.809081   -1.160017   50.253   16.886  -26.112 S_000010
  18 P    36.037 -174.263 -172.618  103.754 -112.156  -71.814   48.646   28.278   87.337  -13.837    0.391348   -1.030383   -1.052248   -0.798470   -0.978695   -2.011887   -1.927181   -0.699892   -1.202169   55.090   19.524  -23.972 S_000010
  19 P    69.147  168.508  -47.744  150.543 -148.343 -142.366  171.938  -32.034  145.911   71.933    0.339556   -0.069758   -1.491340   -0.820604   -0.887048   -2.048544   -1.926939   -0.666372   -1.215392   51.776   24.465  -24.605 S_000010
  20 H   147.332 -148.763  178.735   82.436    0.000    0.000   65.487   40.136   91.648   83.748    0.296990   -1.392822   -0.521610   -0.776063   -1.529016   -1.609795   -1.848673   -0.690742   -1.224885   47.239   29.610  -23.183 S_000010
