SEQUENCE: gaaaaaaaaag
SCORE:     score    rna_stub_coord_hack       N_WC      N_NWC       N_BS description
REMARK RNA 
SCORE:    58.941                 58.941          0          0          2    S_000001
   1 H     0.000  170.252   55.279   82.704 -104.633 -137.389   72.369   33.057  101.820 -105.843    0.332959   -1.353468   -0.613276   -0.817439   -1.553129   -1.597738   -1.871378   -0.697261   -1.220612    3.794    0.984    0.238 S_000001
   2 P  -155.750 -115.552   64.915  142.797  -75.199 -161.519  134.335  -30.416  148.772   15.690    0.355492   -0.286024   -1.455352   -0.816259   -1.146805   -1.922901   -1.942280   -0.723543   -1.186094    4.957   -0.890   -6.578 S_000001
   3 P   -56.720 -155.543   47.716  141.244 -100.674  163.668 -174.879  -34.363  153.975   95.607    0.339976   -0.298078   -1.457780   -0.796881   -1.240437   -1.848814   -1.932678   -0.769924   -1.158519    1.924   -4.767  -11.068 S_000001
   4 P   105.521  156.804  148.628  159.247 -128.125 -110.056   82.304  -40.995  149.473 -171.489    0.270028    0.135892   -1.494581   -0.790297   -0.798343   -2.074916   -1.911233   -0.674598   -1.221385    2.139   -4.713  -18.005 S_000001
   5 N  -161.912  144.831  163.138   87.020 -163.361  -72.898   66.879   36.893   92.007  -14.838    0.313333   -1.374187   -0.573869   -0.796398   -1.534179   -1.616031   -1.894495   -0.762736   -1.174099    0.766   -6.736  -24.768 S_000001
   6 N   -81.961  158.352   82.446   85.947 -143.907  -70.598   77.344   31.670  102.939  -18.495    0.329237   -1.352801   -0.633236   -0.829456   -1.575823   -1.597923   -1.887268   -0.716073   -1.204565    1.040   -9.323  -30.122 S_000001
   7 N  -174.783  120.716  177.399  150.472 -127.479 -150.643  -46.738  -38.379  156.036  172.165    0.295515   -0.075973   -1.493365   -0.801078   -1.032701   -1.963612   -1.942754   -0.690149   -1.211052   -1.339  -11.849  -36.158 S_000001
   8 P   163.915 -172.598  170.232   84.847 -141.166  -71.216   90.576   34.994   93.637  174.357    0.365294   -1.314023   -0.663394   -0.753743   -1.442508   -1.688954   -1.869242   -0.701492   -1.217749   -1.551  -15.056  -42.738 S_000001
   9 P  -172.604  161.126  159.864  155.138 -101.607 -139.360  -48.863  -40.948  155.621   78.591    0.319081    0.026124   -1.484098   -0.731166   -0.944630   -1.986654   -1.887978   -0.700564   -1.211859   -2.572  -15.890  -49.525 S_000001
  10 N   -56.447  161.867   71.832  154.148 -109.816  -92.178  128.922  -38.278  154.303 -154.039    0.326604   -0.049147   -1.486557   -0.759318   -0.992584   -1.984304   -1.907809   -0.697240   -1.218033   -4.822  -18.453  -55.236 S_000001
  11 H   -47.792  159.500   56.983   79.480    0.000    0.000   63.267   45.052   86.630  -24.436    0.280086   -1.416367   -0.437714   -0.718324   -1.535492   -1.591705   -1.821894   -0.702645   -1.234488   -3.705  -19.225  -61.380 S_000001
SCORE:    68.022                 68.022          0          0          1    S_000002
   1 H     0.000  170.252   55.279   82.434    0.000    0.000   69.377   37.307   94.565  -18.615    0.317771   -1.377227   -0.566348   -0.789210   -1.533819   -1.616268   -1.875531   -0.712655   -1.215582    3.794    0.984    0.238 S_000002
   2 N  -170.307  112.999  -95.177   98.190  109.664  109.088  -53.120  -22.458  146.151   43.704    0.458845   -0.235087   -1.444238   -0.774511   -0.913551   -2.044484   -1.902210   -0.692072   -1.217429    1.730    3.833   -0.654 S_000002
   3 P   105.521  156.804  148.628  159.247 -128.125 -110.056   82.304  -40.995  149.473 -171.489    0.270028    0.135892   -1.494581   -0.790297   -0.798343   -2.074916   -1.911233   -0.674598   -1.221385   -2.488    1.307   -5.930 S_000002
   4 N  -149.449  161.904  169.889   81.813 -145.400  -65.994  120.751   29.215  116.975    7.240    0.321253   -1.415703   -0.497345   -0.892978   -1.732380   -1.385977   -1.824266   -0.691127   -1.230135   -3.972   -1.405  -12.421 S_000002
   5 P   -81.278  160.451   36.664  147.765 -122.676  177.149  127.911  -37.756  158.866   25.568    0.322436   -0.173818   -1.479190   -0.776279   -1.147026   -1.895369   -1.926609   -0.725853   -1.194474   -5.840   -3.261  -17.903 S_000002
   6 P   171.747  153.395  159.041  148.712 -150.900 -143.856  163.298  -31.676  141.216  -34.261    0.335662   -0.099384   -1.482186   -0.823846   -0.920479   -2.044532   -1.934389   -0.708140   -1.198506   -5.728   -7.262  -23.682 S_000002
   7 P   140.004 -161.511  172.648   87.535 -135.875 -127.774  -63.089   27.673  113.365  -21.649    0.351703   -1.359808   -0.617725   -0.860422   -1.647064   -1.511100   -1.888219   -0.728269   -1.197425   -5.699   -9.277  -30.433 S_000002
   8 N  -175.101 -147.674  159.572  141.718  176.133  146.872   62.364  -31.811 -103.226   76.911    0.331832   -0.177856   -1.485199   -0.843536   -1.029654   -1.962328   -1.977627   -0.691472   -1.204184   -5.036  -13.283  -36.457 S_000002
   9 P   147.134 -168.848  174.551   84.578 -147.110  -72.890   70.254   33.977   96.687  -24.297    0.349584   -1.331002   -0.659733   -0.788648   -1.484050   -1.669911   -1.886169   -0.707459   -1.211906   -5.640  -15.998  -42.988 S_000002
  10 P  -133.538  108.400  170.756   84.154 -127.305  -74.185   72.974   35.950   92.479   89.929    0.344062   -1.330407   -0.648063   -0.770795   -1.450555   -1.685258   -1.883026   -0.708824   -1.211451   -6.307  -18.634  -48.785 S_000002
  11 H   -69.542  168.149   54.600   74.303    0.000    0.000   72.349   41.452   94.486 -149.531    0.279331   -1.445614   -0.386792   -0.773763   -1.659486   -1.472249   -1.808511   -0.712350   -1.226870   -8.278  -21.645  -53.965 S_000002
SCORE:    58.458                 58.458          0          0          3    S_000003
   1 H     0.000  170.252   55.279   82.677 -103.980  -94.817   86.216   39.259   93.813  -22.040    0.340142   -1.370921   -0.574472   -0.728498   -1.495070   -1.654771   -1.830786   -0.695468   -1.230521    3.794    0.984    0.238 S_000003
   2 N  -124.162  177.879   99.083   89.862 -134.439  -74.075   66.594   36.873   88.482  -14.987    0.319523   -1.311017   -0.709199   -0.784818   -1.367833   -1.759031   -1.908571   -0.711998   -1.202804    5.991   -1.957   -5.764 S_000003
   3 P  -168.839  121.189 -176.246   84.421 -162.310  -96.356  108.244   34.304  106.356  -23.636    0.327894   -1.391748   -0.518664   -0.809234   -1.631897   -1.506085   -1.823324   -0.679514   -1.237292    3.230   -5.651  -10.986 S_000003
   4 P  -154.050  145.148  124.520   89.904 -156.931 -129.437   98.571   22.752  116.377   53.243    0.366115   -1.304268   -0.738772   -0.890164   -1.596323   -1.568220   -1.925176   -0.727709   -1.180955    2.215   -6.300  -17.781 S_000003
   5 N  -172.853 -176.879  154.982   85.334 -152.417  -63.053   65.917   37.285   95.556   72.588    0.310637   -1.342060   -0.627038   -0.796613   -1.444832   -1.678616   -1.872772   -0.654663   -1.228665    1.119   -7.838  -24.784 S_000003
   6 N  -161.912  144.831  163.138   87.020 -163.361  -72.898   66.879   36.893   92.007  -14.838    0.313333   -1.374187   -0.573869   -0.796398   -1.534179   -1.616031   -1.894495   -0.762736   -1.174099    0.705  -10.695  -30.883 S_000003
   7 P  -176.305  137.307  171.043   85.565 -130.646 -105.768   74.681   34.485   99.287   -2.152    0.332425   -1.340365   -0.638706   -0.805513   -1.489131   -1.649123   -1.873865   -0.673556   -1.222220    0.831  -12.876  -37.399 S_000003
   8 N   -62.862  154.213   63.938   88.989 -137.440  -88.948   91.088   35.447   93.702 -167.246    0.316714   -1.335892   -0.681079   -0.814089   -1.432187   -1.705256   -1.907559   -0.685520   -1.208629   -0.164  -14.432  -43.491 S_000003
   9 N  -161.912  144.831  163.138   87.020 -163.361  -72.898   66.879   36.893   92.007  -14.838    0.313333   -1.374187   -0.573869   -0.796398   -1.534179   -1.616031   -1.894495   -0.762736   -1.174099   -0.250  -18.936  -48.927 S_000003
  10 N  -148.022  144.508 -177.617   93.488 -141.099  -71.036   13.511   23.881  123.218   -7.754    0.352280   -1.397577   -0.511532   -0.899902   -1.787483   -1.297851   -1.871512   -0.779200   -1.153331   -0.691  -22.244  -54.658 S_000003
  11 H   -63.715  169.465   53.847   80.816    0.000    0.000   76.239   35.941   94.072  179.936    0.324899   -1.390268   -0.542051   -0.790141   -1.594007   -1.562028   -1.878296   -0.766244   -1.179851   -1.499  -23.678  -60.582 S_000003
SCORE:    60.040                 60.040          0          0          2    S_000004
   1 H     0.000  170.252   55.279   79.362 -104.347 -103.170   44.108   38.354   92.070  -23.914    0.328218   -1.366972   -0.583814   -0.760414   -1.493163   -1.651695   -1.857548   -0.705419   -1.220866    3.794    0.984    0.238 S_000004
   2 P   160.373   83.471  174.358  110.126 -145.014  -77.450   88.830   10.256  109.650 -140.438    0.415602   -0.968774   -1.094113   -0.852791   -1.300122   -1.860583   -1.949436   -0.711604   -1.193646    4.108   -0.894   -6.397 S_000004
   3 N   -78.787  177.692   63.388   87.540 -160.420  -69.671   76.360   37.200   90.069  179.929    0.337420   -1.338152   -0.655904   -0.760430   -1.431587   -1.709018   -1.874015   -0.698746   -1.225493    2.139   -2.429  -12.368 S_000004
   4 P   -53.182 -178.366   59.806  156.527  -94.573 -113.801  131.240  -40.278  159.566   37.763    0.314828   -0.035122   -1.489133   -0.749532   -1.016250   -1.963925   -1.909458   -0.679962   -1.228138    1.970   -6.476  -16.824 S_000004
   5 P   177.366  142.836 -177.540   86.392   81.924   89.658  106.666   34.383   91.374   35.384    0.329518   -1.203568   -0.872590   -0.818960   -1.153720   -1.885512   -1.932817   -0.607425   -1.234970    0.360  -10.971  -22.193 S_000004
   6 N   167.952 -167.959  154.203  145.211 -155.376 -167.633   19.536  -32.174  148.043  -55.599    0.332777   -0.133501   -1.484945   -0.828850   -0.980089   -2.013944   -1.953344   -0.695714   -1.205944    1.356  -13.863  -28.311 S_000004
   7 P   145.559 -147.661 -179.920   89.636 -147.948 -121.251  142.316   19.265  124.361   72.826    0.378876   -1.314939   -0.680925   -0.895597   -1.696331   -1.431095   -1.862822   -0.708039   -1.208086    0.791  -17.449  -34.309 S_000004
   8 N  -178.810  153.055  135.770  106.704 -138.327 -112.358  127.377   22.478   87.323  -11.418    0.409131   -0.973460   -1.098711   -0.809248   -1.028300   -2.013690   -1.923910   -0.665663   -1.225656    0.451  -22.329  -39.695 S_000004
   9 P   -66.265  176.093   44.316   85.815 -164.917  -90.308  100.842   33.226   96.818  160.011    0.338887   -1.332063   -0.650189   -0.810175   -1.502975   -1.645990   -1.897424   -0.716811   -1.199481   -0.581  -26.343  -44.952 S_000004
  10 P   168.935  130.259   53.295  151.687 -105.787  158.269   99.642  -39.457  164.899  -78.284    0.311456   -0.213025   -1.473525   -0.773267   -1.229982   -1.822240   -1.928139   -0.719157   -1.203908   -0.445  -27.158  -51.987 S_000004
  11 H   157.661 -177.691  147.081   83.059    0.000    0.000   67.583   35.675   94.311  -20.458    0.341759   -1.332475   -0.637298   -0.780194   -1.462312   -1.670219   -1.851416   -0.653601   -1.269477   -3.830  -29.909  -57.270 S_000004
SCORE:    58.920                 58.920          0          0          1    S_000005
   1 H     0.000  170.252   55.279   85.015 -101.629  -68.448   60.549   43.733   86.492  -82.551    0.272915   -1.391552   -0.539706   -0.742198   -1.452488   -1.674246   -1.849354   -0.686355   -1.232145    3.794    0.984    0.238 S_000005
   2 N  -162.335 -115.976  123.191   89.015  175.258 -173.476   79.260   17.306  130.746  -80.581    0.379421   -1.301197   -0.739786   -0.920270   -1.669913   -1.460581   -1.919630   -0.732482   -1.173204    2.807   -2.511   -4.960 S_000005
   3 N  -175.101 -147.674  159.572  141.718  176.133  146.872   62.364  -31.811 -103.226   76.911    0.331832   -0.177856   -1.485199   -0.843536   -1.029654   -1.962328   -1.977627   -0.691472   -1.204184    0.391   -4.609  -11.429 S_000005
   4 P   145.559 -147.661 -179.920   89.636 -147.948 -121.251  142.316   19.265  124.361   72.826    0.378876   -1.314939   -0.680925   -0.895597   -1.696331   -1.431095   -1.862822   -0.708039   -1.208086    0.623   -6.958  -17.963 S_000005
   5 P   151.188 -149.945  166.728   83.016 -116.753  -83.742   71.525   36.275   88.911  -14.365    0.346896   -1.311639   -0.689927   -0.767421   -1.393740   -1.738849   -1.889779   -0.692785   -1.215212    1.464   -9.224  -24.437 S_000005
   6 P  -136.188  147.408  170.784   84.536 -136.102  -73.016   76.513   39.583   86.659  179.914    0.336335   -1.326095   -0.664039   -0.729869   -1.374732   -1.758977   -1.869372   -0.707693   -1.223661    1.173  -14.013  -29.348 S_000005
   7 P  -160.249  166.068  171.487   91.115 -136.630 -101.713   76.539   34.876   95.142  175.357    0.323572   -1.335492   -0.650661   -0.813480   -1.473315   -1.673547   -1.901744   -0.711585   -1.198626   -0.162  -17.624  -35.090 S_000005
   8 P   163.915 -172.598  170.232   84.847 -141.166  -71.216   90.576   34.994   93.637  174.357    0.365294   -1.314023   -0.663394   -0.753743   -1.442508   -1.688954   -1.869242   -0.701492   -1.217749   -2.165  -20.368  -41.288 S_000005
   9 P   -66.965 -131.585   49.787  151.190 -114.989  172.495  107.035  -40.283  163.684   25.774    0.304640   -0.163820   -1.484370   -0.766383   -1.182307   -1.858363   -1.923227   -0.725694   -1.197365   -5.771  -22.766  -46.456 S_000005
  10 N  -175.101 -147.674  159.572  141.718  176.133  146.872   62.364  -31.811 -103.226   76.911    0.331832   -0.177856   -1.485199   -0.843536   -1.029654   -1.962328   -1.977627   -0.691472   -1.204184   -7.903  -22.118  -53.233 S_000005
  11 H   -69.082 -168.849   50.498   78.978    0.000    0.000   82.167   34.402   99.745  179.900    0.322491   -1.428244   -0.439670   -0.813787   -1.732187   -1.416369   -1.876130   -0.827636   -1.141692   -6.407  -24.138  -59.309 S_000005
SCORE:    59.216                 59.216          0          0          0    S_000006
   1 H     0.000  170.252   55.279   82.228 -101.422 -118.982   56.210   38.774   92.163 -159.312    0.303623   -1.370264   -0.573840   -0.781150   -1.491895   -1.641845   -1.866940   -0.696234   -1.220622    3.794    0.984    0.238 S_000006
   2 N   163.087  146.437  171.423   86.530 -122.756  -89.393   58.024   30.220  107.185   -5.480    0.342559   -1.360757   -0.605786   -0.843709   -1.609006   -1.540115   -1.865051   -0.695465   -1.212078    5.423   -0.878   -6.590 S_000006
   3 P   164.719  138.825   51.610  150.951 -107.830  169.464  112.009  -38.147  157.146  -49.999    0.320580   -0.126346   -1.483354   -0.773408   -1.094210   -1.927220   -1.922725   -0.726119   -1.194230    2.201   -3.750  -12.315 S_000006
   4 P   105.521  156.804  148.628  159.247 -128.125 -110.056   82.304  -40.995  149.473 -171.489    0.270028    0.135892   -1.494581   -0.790297   -0.798343   -2.074916   -1.911233   -0.674598   -1.221385    3.823   -7.341  -18.142 S_000006
   5 P  -166.924 -154.036  159.889   90.332 -178.658 -136.635   73.477   26.413  115.255    3.673    0.345049   -1.323606   -0.689620   -0.882069   -1.572952   -1.568229   -1.923026   -0.712384   -1.176451    4.940   -7.506  -25.269 S_000006
   6 N  -148.162  164.915  118.385  145.355 -109.323 -178.043  158.161  -25.949  134.973  153.436    0.357113   -0.162484   -1.477571   -0.854725   -0.883260   -2.080780   -1.943630   -0.688761   -1.201220    4.582   -9.867  -31.886 S_000006
   7 P    62.159  178.988 -170.619  149.965 -103.312 -145.757  126.991  -39.736  164.357  173.689    0.323159   -0.192725   -1.473024   -0.749767   -1.208730   -1.842314   -1.917217   -0.720585   -1.212069    1.751  -12.006  -37.634 S_000006
   8 P   152.804  179.450  178.912   87.198 -154.572  -78.725   73.493   37.836   90.078  169.479    0.323288   -1.361977   -0.597100   -0.768408   -1.488119   -1.654360   -1.884994   -0.739724   -1.191211   -1.165  -12.358  -44.303 S_000006
   9 P   -58.446 -149.202   68.661  151.517  -94.388 -167.491  158.879  -36.566  157.616   66.657    0.314545   -0.058212   -1.465433   -0.758064   -0.951472   -2.024794   -1.934304   -0.600686   -1.266513   -2.666  -12.924  -50.653 S_000006
  10 P   107.645  177.113 -151.446  121.171 -147.326  -97.859   90.040   -9.304  132.582 -149.400    0.420710   -0.720589   -1.277335   -0.858548   -1.316539   -1.850888   -1.956492   -0.719478   -1.189242   -2.241  -15.234  -57.351 S_000006
  11 H   -82.608  163.564   85.707   82.549    0.000    0.000   61.320   39.720   91.410 -157.102    0.302471   -1.403644   -0.493475   -0.766639   -1.569789   -1.564338   -1.847814   -0.723282   -1.207361   -2.242  -18.122  -63.167 S_000006
SCORE:    59.854                 59.854          0          0          0    S_000007
   1 H     0.000  170.252   55.279   80.646 -130.008  -75.311   54.723   35.634   94.715  179.915    0.355102   -1.331586   -0.643671   -0.760866   -1.462602   -1.676422   -1.859979   -0.681699   -1.231685    3.794    0.984    0.238 S_000007
   2 N   -93.483  -73.225  -64.108   72.003  109.882   59.697  -68.781   35.671   96.361   17.326    0.328689   -1.376708   -0.586543   -0.795681   -1.548410   -1.610147   -1.888974   -0.745361   -1.192105    6.425   -1.126   -5.672 S_000007
   3 P   -82.645 -177.969   72.751  145.260 -157.503 -148.229  111.875  -38.545  157.429  -12.075    0.322205   -0.223436   -1.480851   -0.764697   -1.222995   -1.851784   -1.919902   -0.771160   -1.168755    4.904   -4.379  -10.131 S_000007
   4 P  -163.415 -164.775  171.520   87.292 -173.272  -90.210   95.538   33.873  101.998   69.427    0.333059   -1.348368   -0.630589   -0.813263   -1.521104   -1.634527   -1.885456   -0.693273   -1.220867    3.390   -7.472  -16.583 S_000007
   5 P   171.747  153.395  159.041  148.712 -150.900 -143.856  163.298  -31.676  141.216  -34.261    0.335662   -0.099384   -1.482186   -0.823846   -0.920479   -2.044532   -1.934389   -0.708140   -1.198506    3.993  -10.405  -22.833 S_000007
   6 N  -139.731 -177.144  125.804   82.958 -139.997  -71.260   56.165   36.114   96.130  -19.199    0.367749   -1.337066   -0.623212   -0.737978   -1.433341   -1.631644   -1.889073   -0.682326   -1.236236    5.821  -15.019  -28.104 S_000007
   7 P  -147.370  132.427  163.030   85.740 -133.620  -84.078   67.702   34.176   93.870  -15.107    0.344463   -1.309014   -0.688719   -0.791759   -1.433451   -1.704701   -1.888885   -0.699291   -1.211989    5.685  -18.656  -33.775 S_000007
   8 P   179.384  109.463 -179.306   83.839 -158.740  -52.055  120.779   32.850   99.335   19.855    0.340501   -1.350176   -0.625714   -0.813365   -1.547777   -1.612043   -1.885995   -0.722023   -1.202003    5.954  -20.713  -40.559 S_000007
   9 P  -173.910 -150.992  149.500  127.998 -128.911 -142.558   91.482   -6.193  136.127   15.787    0.408280   -0.788743   -1.262842   -0.923571   -1.317920   -1.806812   -1.984235   -0.740556   -1.116661    4.371  -22.474  -46.612 S_000007
  10 P  -154.050  145.148  124.520   89.904 -156.931 -129.437   98.571   22.752  116.377   53.243    0.366115   -1.304268   -0.738772   -0.890164   -1.596323   -1.568220   -1.925176   -0.727709   -1.180955    3.982  -25.848  -52.833 S_000007
  11 H   169.978 -173.184  174.230   87.388    0.000    0.000   80.410   34.737   93.465  179.945    0.338703   -1.321461   -0.665222   -0.794947   -1.451556   -1.688397   -1.890078   -0.697323   -1.211406    3.778  -28.799  -59.404 S_000007
SCORE:    59.307                 59.307          0          0          0    S_000008
   1 H     0.000  170.252   55.279   79.497 -148.901  131.341  125.413   32.334  101.989  -23.493    0.328555   -1.388572   -0.548782   -0.829440   -1.646745   -1.507234   -1.876202   -0.756160   -1.180739    3.794    0.984    0.238 S_000008
   2 P   -75.522 -166.897   57.435   80.742 -128.696  -90.302   74.540   41.392   90.797  169.482    0.306093   -1.395342   -0.522184   -0.743190   -1.514197   -1.628415   -1.835790   -0.679647   -1.239329    1.936    1.218   -5.496 S_000008
   3 P   -68.290  165.624   53.091  148.683 -120.580  175.250  113.124  -37.907  158.220 -145.963    0.336084   -0.197418   -1.472562   -0.755729   -1.177993   -1.869278   -1.909839   -0.730576   -1.194448    1.308   -1.761  -11.193 S_000008
   4 N   167.952 -167.959  154.203  145.211 -155.376 -167.633   19.536  -32.174  148.043  -55.599    0.332777   -0.133501   -1.484945   -0.828850   -0.980089   -2.013944   -1.953344   -0.695714   -1.205944    1.757   -4.468  -17.781 S_000008
   5 P  -173.910 -150.992  149.500  127.998 -128.911 -142.558   91.482   -6.193  136.127   15.787    0.408280   -0.788743   -1.262842   -0.923571   -1.317920   -1.806812   -1.984235   -0.740556   -1.116661    1.059   -6.065  -24.874 S_000008
   6 N   154.453 -138.292  168.142   87.170  -91.684 -131.245   70.959   30.507  104.033  -13.126    0.352127   -1.329675   -0.667614   -0.827063   -1.539136   -1.622829   -1.893458   -0.701079   -1.209808    1.326   -8.110  -31.630 S_000008
   7 P   -68.290  165.624   53.091  148.683 -120.580  175.250  113.124  -37.907  158.220 -145.963    0.336084   -0.197418   -1.472562   -0.755729   -1.177993   -1.869278   -1.909839   -0.730576   -1.194448    0.131  -11.438  -37.410 S_000008
   8 P  -173.910 -150.992  149.500  127.998 -128.911 -142.558   91.482   -6.193  136.127   15.787    0.408280   -0.788743   -1.262842   -0.923571   -1.317920   -1.806812   -1.984235   -0.740556   -1.116661   -2.017  -15.729  -42.743 S_000008
   9 P  -125.086  145.493   69.963   84.203 -158.058 -123.195  168.515   36.291   95.165  143.628    0.305273   -1.413075   -0.506265   -0.815956   -1.633501   -1.528120   -1.891014   -0.787768   -1.165172   -4.112  -17.803  -48.890 S_000008
  10 N   -56.447  161.867   71.832  154.148 -109.816  -92.178  128.922  -38.278  154.303 -154.039    0.326604   -0.049147   -1.486557   -0.759318   -0.992584   -1.984304   -1.907809   -0.697240   -1.218033   -5.778  -21.070  -53.998 S_000008
  11 H   -59.278 -170.490   57.613   83.273    0.000    0.000   67.062   35.658   94.575  173.527    0.332664   -1.349118   -0.619857   -0.788234   -1.497992   -1.649417   -1.864401   -0.694697   -1.222719   -7.209  -26.260  -58.060 S_000008
SCORE:    59.186                 59.186          0          0          0    S_000009
   1 H     0.000  170.252   55.279  144.697  -94.795  -68.007  109.834  -38.685  160.025 -136.885    0.346701   -0.183003   -1.488752   -0.756911   -1.180896   -1.845884   -1.964251   -0.776364   -1.172797    3.794    0.984    0.238 S_000009
   2 N  -149.449  161.904  169.889   81.813 -145.400  -65.994  120.751   29.215  116.975    7.240    0.321253   -1.415703   -0.497345   -0.892978   -1.732380   -1.385977   -1.824266   -0.691127   -1.230135    6.398   -0.924   -5.567 S_000009
   3 P  -147.370  132.427  163.030   85.740 -133.620  -84.078   67.702   34.176   93.870  -15.107    0.344463   -1.309014   -0.688719   -0.791759   -1.433451   -1.704701   -1.888885   -0.699291   -1.211989    9.410   -2.346  -11.330 S_000009
   4 P   148.018 -159.875 -170.615   87.549 -119.792 -112.836  138.540   18.188  129.368 -128.410    0.355368   -1.375549   -0.603355   -0.943437   -1.797650   -1.296900   -1.849026   -0.736252   -1.191218   11.716   -2.776  -17.504 S_000009
   5 P   -56.602  169.819   59.880  148.016 -135.011  178.478  120.148  -32.889  143.708  -19.080    0.344597   -0.101549   -1.481717   -0.800183   -0.950280   -2.028627   -1.919452   -0.736545   -1.187799   14.358   -2.937  -23.612 S_000009
   6 P   152.767 -170.923  168.753   90.141 -153.461  -69.676   62.592   38.672   81.946  179.887    0.314527   -1.304140   -0.725198   -0.773885   -1.310461   -1.804102   -1.910749   -0.721999   -1.199298   17.355   -2.936  -30.126 S_000009
   7 P   -36.918 -153.877   53.859  147.355 -138.787 -139.139  153.593  -34.813  154.010  100.837    0.332148   -0.170995   -1.476134   -0.798376   -1.082609   -1.936969   -1.934460   -0.703444   -1.197882   19.051   -2.784  -36.047 S_000009
   8 P    97.044 -159.469  179.707  155.744  -97.613 -167.920  -41.320  -40.876  161.823 -176.176    0.303889   -0.071282   -1.489084   -0.757469   -1.076729   -1.923939   -1.915183   -0.715022   -1.208509   22.903   -2.631  -41.532 S_000009
   9 P   178.953  121.420   60.039  137.761  -89.783  162.171   95.568  -36.201  164.047  -85.504    0.329547   -0.376318   -1.443259   -0.795164   -1.365299   -1.724089   -1.935867   -0.737984   -1.183291   25.384   -2.718  -47.834 S_000009
  10 P   145.559 -147.661 -179.920   89.636 -147.948 -121.251  142.316   19.265  124.361   72.826    0.378876   -1.314939   -0.680925   -0.895597   -1.696331   -1.431095   -1.862822   -0.708039   -1.208086   25.477   -1.287  -54.512 S_000009
  11 H   -56.117  157.697   30.249  102.186    0.000    0.000   66.214   15.289  108.653 -120.658    0.415827   -1.081285   -0.984949   -0.826583   -1.395290   -1.791248   -1.917383   -0.716416   -1.199835   27.392   -2.468  -60.410 S_000009
SCORE:    57.682                 57.682          0          0          1    S_000010
   1 H     0.000  170.252   55.279   80.862 -121.433  -80.167   64.981   39.769   83.738  -18.695    0.336775   -1.336239   -0.642986   -0.736379   -1.374851   -1.731790   -1.870419   -0.703418   -1.219976    3.794    0.984    0.238 S_000010
   2 N  -148.373 -139.480   93.437  142.714  -84.926 -104.598  153.120  -39.852  173.743 -111.853    0.385940   -0.322246   -1.411852   -0.668637   -1.367181   -1.685383   -1.831372   -0.681298   -1.245923    5.464   -3.124   -5.119 S_000010
   3 N   -53.025 -171.133   66.197  118.744 -156.076 -125.935  159.063  -14.860  157.092  113.222    0.397896   -0.937453   -1.149838   -0.931285   -1.661409   -1.425729   -1.958412   -0.783663   -1.114398    1.288   -6.468   -9.250 S_000010
   4 P  -173.910 -150.992  149.500  127.998 -128.911 -142.558   91.482   -6.193  136.127   15.787    0.408280   -0.788743   -1.262842   -0.923571   -1.317920   -1.806812   -1.984235   -0.740556   -1.116661   -0.300   -9.010  -15.790 S_000010
   5 N   -88.574  172.797   72.308   83.588 -149.393  -85.107   74.089   34.411   95.821   80.009    0.345662   -1.336130   -0.632042   -0.785610   -1.497411   -1.642811   -1.869176   -0.709606   -1.208621   -3.066  -11.089  -21.718 S_000010
   6 P  -166.924 -154.036  159.889   90.332 -178.658 -136.635   73.477   26.413  115.255    3.673    0.345049   -1.323606   -0.689620   -0.882069   -1.572952   -1.568229   -1.923026   -0.712384   -1.176451   -1.630  -13.293  -28.144 S_000010
   7 N  -173.868 -178.616  179.685   86.902 -146.045  -72.431   81.778   39.756   88.577  -12.629    0.302540   -1.355778   -0.621490   -0.770300   -1.422934   -1.707921   -1.886028   -0.702878   -1.216575   -2.248  -15.492  -34.906 S_000010
   8 P   171.747  153.395  159.041  148.712 -150.900 -143.856  163.298  -31.676  141.216  -34.261    0.335662   -0.099384   -1.482186   -0.823846   -0.920479   -2.044532   -1.934389   -0.708140   -1.198506   -2.219  -18.457  -41.199 S_000010
   9 P  -168.621  177.343  175.673   83.981 -130.698  -83.103   86.287   37.126   93.825 -173.520    0.326691   -1.360752   -0.612108   -0.780568   -1.486223   -1.663273   -1.874036   -0.699277   -1.219705   -3.111  -19.915  -48.300 S_000010
  10 P  -163.415 -164.775  171.520   87.292 -173.272  -90.210   95.538   33.873  101.998   69.427    0.333059   -1.348368   -0.630589   -0.813263   -1.521104   -1.634527   -1.885456   -0.693273   -1.220867   -2.565  -23.632  -54.196 S_000010
  11 H    66.088  105.830  174.124   84.477    0.000    0.000   68.592   37.945   87.647  179.919    0.322017   -1.337159   -0.652181   -0.770791   -1.417789   -1.717076   -1.884171   -0.697643   -1.214784   -0.670  -25.980  -59.323 S_000010
