SEQUENCE: gaaaaaaaaaag
SCORE:     score    rna_stub_coord_hack       N_WC      N_NWC       N_BS description
REMARK RNA 
SCORE:    22.565                 22.565          0          0          1    S_000001
   1 H     0.000  170.252   55.279   77.745 -145.854  -78.815   64.919   37.128   99.117  179.896    0.349765   -1.373726   -0.554448   -0.731623   -1.536275   -1.579519   -1.774976   -0.637789   -1.272069    3.794    0.984    0.238 S_000001
   2 N   103.056  162.656  160.763  111.798  -86.906  -77.858  -40.314   -4.865  149.919 -173.853    0.408403   -1.147191   -0.932751   -0.938547   -1.782544   -1.286017   -1.896864   -0.784008   -1.142938    7.366   -3.159   -3.367 S_000001
   3 P  -126.179  138.940  177.602  128.870 -175.447  -84.014   96.666  -24.675  144.399   34.291    0.429508   -0.180220   -1.458434   -0.791134   -0.883354   -2.050890   -1.911737   -0.664996   -1.226029    6.700   -9.356   -1.339 S_000001
   4 P  -166.924 -154.036  159.889   90.332 -178.658 -136.635   73.477   26.413  115.255    3.673    0.345049   -1.323606   -0.689620   -0.882069   -1.572952   -1.568229   -1.923026   -0.712384   -1.176451    7.042  -15.304    1.820 S_000001
   5 P   166.495  172.404  174.231   87.746 -132.714  -66.796   66.289   35.684   95.741  -22.140    0.317062   -1.318123   -0.699594   -0.783392   -1.426334   -1.729960   -1.879184   -0.700135   -1.218640    8.723  -20.093    6.833 S_000001
   6 P  -172.604  161.126  159.864  155.138 -101.607 -139.360  -48.863  -40.948  155.621   78.591    0.319081    0.026124   -1.484098   -0.731166   -0.944630   -1.986654   -1.887978   -0.700564   -1.211859    7.754  -25.559   10.875 S_000001
   7 P  -171.683  150.567  158.405   86.589 -114.846 -110.635  130.117   15.638  130.615   37.393    0.367847   -1.318887   -0.687781   -0.936999   -1.752471   -1.366717   -1.880904   -0.733340   -1.188375    7.760  -30.443   16.173 S_000001
   8 P   128.117 -166.032 -161.321   92.406 -136.225  -61.884   63.110   41.031   87.902  -22.327    0.260237   -1.335023   -0.702115   -0.796889   -1.321722   -1.803111   -1.925782   -0.646661   -1.246176    9.611  -36.573   18.626 S_000001
   9 P   -60.097 -146.945   70.140  151.229  -90.777 -175.526  161.181  -30.121  151.629   72.288    0.397053   -0.211454   -1.442957   -0.761754   -1.043461   -1.970860   -1.893172   -0.716125   -1.225162   10.006  -43.065   18.939 S_000001
  10 P    69.147  168.508  -47.744  150.543 -148.343 -142.366  171.938  -32.034  145.911   71.933    0.339556   -0.069758   -1.491340   -0.820604   -0.887048   -2.048544   -1.926939   -0.666372   -1.215392   12.125  -49.573   19.906 S_000001
  11 P    70.071  166.627   76.481  149.942 -116.503 -179.608  101.181  -39.177  161.116   29.099    0.300194   -0.164801   -1.482018   -0.777516   -1.159843   -1.889954   -1.931766   -0.730120   -1.194241   12.782  -54.393   24.699 S_000001
  12 H   -78.351 -173.920   55.999   79.913    0.000    0.000   72.257   41.586   88.778  -20.208    0.278969   -1.408189   -0.501764   -0.772777   -1.534354   -1.605240   -1.872141   -0.715477   -1.222054   15.525  -60.261   25.570 S_000001
SCORE:    21.271                 21.271          0          1          1    S_000002
   1 H     0.000  170.252   55.279   85.107 -160.936  -66.883   79.168   40.238   90.835 -164.236    0.308521   -1.363394   -0.584288   -0.746611   -1.458966   -1.673144   -1.838321   -0.658583   -1.255610    3.794    0.984    0.238 S_000002
   2 P   139.901 -101.394 -178.561  141.920 -123.942 -144.089   80.191  -30.931  156.102   31.126    0.358691   -0.354753   -1.434289   -0.818117   -1.244867   -1.828128   -1.948415   -0.714488   -1.176518    6.300   -3.388   -2.018 S_000002
   3 N   154.001 -151.352 -179.891   82.407 -120.265  -97.432   73.456   36.108   93.428  -28.641    0.344713   -1.332998   -0.644622   -0.766566   -1.453473   -1.682803   -1.865678   -0.702813   -1.218244    7.766  -10.169   -0.204 S_000002
   4 P   -39.132 -128.014  178.683  148.423 -128.491 -161.176   82.490  -39.164  159.768  138.907    0.324895   -0.118877   -1.481124   -0.753142   -1.105909   -1.924168   -1.915263   -0.709937   -1.216600   10.938  -15.748    1.603 S_000002
   5 P   153.178 -153.207 -178.631   82.668 -139.550  -73.249   64.126   35.520   95.260  -16.961    0.322942   -1.357707   -0.586556   -0.789863   -1.548629   -1.610887   -1.878842   -0.729786   -1.203609   10.998  -22.216    4.744 S_000002
   6 P   -91.489 -171.862   60.190  151.408 -141.915  146.948  126.268  -35.959  150.845  170.483    0.328252   -0.054211   -1.490136   -0.790867   -0.952189   -2.007261   -1.913874   -0.676102   -1.216425   10.023  -28.189    7.606 S_000002
   7 P   145.559 -147.661 -179.920   89.636 -147.948 -121.251  142.316   19.265  124.361   72.826    0.378876   -1.314939   -0.680925   -0.895597   -1.696331   -1.431095   -1.862822   -0.708039   -1.208086    8.247  -33.852   10.925 S_000002
   8 P   164.719  138.825   51.610  150.951 -107.830  169.464  112.009  -38.147  157.146  -49.999    0.320580   -0.126346   -1.483354   -0.773408   -1.094210   -1.927220   -1.922725   -0.726119   -1.194230    7.065  -40.958   12.269 S_000002
   9 P  -160.249  166.068  171.487   91.115 -136.630 -101.713   76.539   34.876   95.142  175.357    0.323572   -1.335492   -0.650661   -0.813480   -1.473315   -1.673547   -1.901744   -0.711585   -1.198626    8.934  -46.612   15.396 S_000002
  10 P   163.328  133.174   67.642  136.998 -137.626 -154.012   89.421  -30.525  152.645   30.625    0.372295   -0.416181   -1.425075   -0.793600   -1.311181   -1.799090   -1.926431   -0.784884   -1.148790    6.665  -50.504   21.106 S_000002
  11 P   -99.143  177.713   79.058   85.411 -148.231  -83.969   82.472   35.608   97.203  179.907    0.332057   -1.343698   -0.639068   -0.785888   -1.460087   -1.653040   -1.871584   -0.626858   -1.259185    5.517  -56.800   23.725 S_000002
  12 H   -78.421  170.892   69.544   72.108    0.000    0.000   73.395   44.779   90.161  179.905    0.283418   -1.470708   -0.336008   -0.734972   -1.639145   -1.471670   -1.854330   -0.809374   -1.171764    5.198  -63.182   24.340 S_000002
SCORE:    22.149                 22.149          0          2          1    S_000003
   1 H     0.000  170.252   55.279   80.779 -149.966  -70.174   76.029   35.774   96.632  179.885    0.336162   -1.374691   -0.569228   -0.779123   -1.564864   -1.593935   -1.858567   -0.719559   -1.218661    3.794    0.984    0.238 S_000003
   2 P    75.543  143.079 -173.965   79.820 -149.586  -83.394  142.471   35.166  105.724   89.437    0.315909   -1.418544   -0.465537   -0.820805   -1.676714   -1.460143   -1.808956   -0.689573   -1.240935    6.868   -3.500   -2.757 S_000003
   3 N  -175.101 -147.674  159.572  141.718  176.133  146.872   62.364  -31.811 -103.226   76.911    0.331832   -0.177856   -1.485199   -0.843536   -1.029654   -1.962328   -1.977627   -0.691472   -1.204184    6.531   -9.761   -0.026 S_000003
   4 P   164.307 -156.278 -179.739  140.352 -106.303  -67.596  103.271  -31.578  152.669  167.547    0.355031   -0.298246   -1.455062   -0.807014   -1.184763   -1.890310   -1.940458   -0.730965   -1.183142    7.713  -16.690    1.250 S_000003
   5 P   -63.250  175.683   65.794  149.949 -131.110 -149.590  116.670  -46.360  165.701  151.659    0.291047   -0.023190   -1.497427   -0.685692   -1.116595   -1.889345   -1.874813   -0.741826   -1.205416    8.378  -22.086    4.317 S_000003
   6 P  -156.241 -172.309  170.358   90.579 -122.463  -73.511   97.000   24.621  116.504  -13.486    0.341843   -1.336481   -0.672589   -0.910049   -1.622569   -1.515204   -1.903182   -0.698196   -1.184257    7.774  -27.428    9.300 S_000003
   7 P   171.747  153.395  159.041  148.712 -150.900 -143.856  163.298  -31.676  141.216  -34.261    0.335662   -0.099384   -1.482186   -0.823846   -0.920479   -2.044532   -1.934389   -0.708140   -1.198506    8.302  -34.286   10.362 S_000003
   8 P   -81.969  -86.821 -174.157   75.787 -159.050 -146.501 -176.174   43.715   78.097  179.915    0.307460   -1.373554   -0.609335   -0.719837   -1.311569   -1.716845   -1.872270   -0.619467   -1.275353    9.591  -40.741   11.838 S_000003
   9 P   169.387 -149.487  155.553   85.919 -111.634 -105.245   58.290   34.295   93.869 -174.200    0.347326   -1.316032   -0.673149   -0.786606   -1.451213   -1.690182   -1.888674   -0.697197   -1.209516   10.328  -45.964   16.677 S_000003
  10 P  -179.630  115.281   62.224  122.274 -131.448 -164.064   84.287  -17.095  153.564  143.373    0.421273   -0.734637   -1.265427   -0.864863   -1.468550   -1.653260   -1.954534   -0.733221   -1.166445   12.651  -48.233   23.038 S_000003
  11 P   152.767 -170.923  168.753   90.141 -153.461  -69.676   62.592   38.672   81.946  179.887    0.314527   -1.304140   -0.725198   -0.773885   -1.310461   -1.804102   -1.910749   -0.721999   -1.199298   15.439  -54.190   26.106 S_000003
  12 H   -68.749  164.339   56.002   74.163    0.000    0.000   72.953   41.491   92.919  101.954    0.270140   -1.433674   -0.420584   -0.785289   -1.619653   -1.512069   -1.838842   -0.734293   -1.209621   16.453  -59.368   28.928 S_000003
SCORE:    22.151                 22.151          0          0          1    S_000004
   1 H     0.000  170.252   55.279   82.178 -161.719  -47.797   77.698   39.153   93.422  -17.818    0.279936   -1.398623   -0.543076   -0.808356   -1.531967   -1.611118   -1.867639   -0.691669   -1.221098    3.794    0.984    0.238 S_000004
   2 P    86.187  176.497  162.816   95.258 -128.578 -117.535  -52.178   27.444   99.200   12.823    0.388719   -1.230343   -0.824624   -0.823622   -1.392439   -1.771391   -1.937739   -0.733944   -1.183498    6.749   -3.553   -1.692 S_000004
   3 P  -175.081  177.888   61.143  152.701 -105.799  170.478  100.743  -40.258  159.966  -51.450    0.305816   -0.136048   -1.487621   -0.761982   -1.147414   -1.893800   -1.920368   -0.739943   -1.195843    4.817  -10.241    0.513 S_000004
   4 P   -60.599  162.009   59.939  140.771 -155.496 -143.261  171.462  -38.712  164.591  -23.422    0.312444   -0.271307   -1.489031   -0.770005   -1.280109   -1.824124   -1.924378   -0.767040   -1.192114    5.251  -15.298    3.785 S_000004
   5 N   -63.044  163.225   52.892   91.812 -143.850 -123.175  109.117   33.283  100.187  177.198    0.344071   -1.312399   -0.675643   -0.802394   -1.462053   -1.676116   -1.876228   -0.649763   -1.233711    5.763  -21.299    6.023 S_000004
   6 P   166.333  138.365   55.118  155.106 -121.207  176.665  100.537  -39.471  163.515  -78.552    0.339397   -0.011283   -1.487644   -0.733583   -0.968631   -1.983361   -1.893865   -0.720697   -1.225198    3.925  -26.864   10.436 S_000004
   7 P   171.747  153.395  159.041  148.712 -150.900 -143.856  163.298  -31.676  141.216  -34.261    0.335662   -0.099384   -1.482186   -0.823846   -0.920479   -2.044532   -1.934389   -0.708140   -1.198506    5.758  -33.223   12.763 S_000004
   8 P   -70.122  148.232   47.721   82.705 -127.878  -75.310   79.672   36.138   98.073  -16.829    0.327973   -1.366531   -0.583136   -0.790834   -1.525529   -1.612552   -1.865109   -0.690366   -1.222127    4.342  -37.685   16.906 S_000004
   9 P   -57.826 -133.076   56.158  149.114 -133.146 -129.050  173.582  -38.935  149.380   81.360    0.323357   -0.155953   -1.475697   -0.748668   -1.138336   -1.884735   -1.900474   -0.754213   -1.175144    4.824  -44.349   17.642 S_000004
  10 P   -47.346  176.379   51.351   79.055 -173.509 -118.383   80.508   36.074   97.726 -142.917    0.325644   -1.385201   -0.543069   -0.791972   -1.583275   -1.568525   -1.862350   -0.736123   -1.202374    8.025  -49.765   19.785 S_000004
  11 P   -87.787  177.868   72.488  125.142 -164.828 -151.898  111.548  -19.213  150.164  -29.735    0.411216   -0.574601   -1.357123   -0.857597   -1.302692   -1.814919   -1.954673   -0.693383   -1.189634    7.702  -55.330   23.365 S_000004
  12 H   -67.526  177.295   53.998   79.422    0.000    0.000   76.920   42.930   89.342  109.549    0.277434   -1.410978   -0.501199   -0.753759   -1.512925   -1.623168   -1.853529   -0.709002   -1.224474    7.001  -61.247   26.212 S_000004
SCORE:    21.625                 21.625          0          1          0    S_000005
   1 H     0.000  170.252   55.279   76.449 -135.583  -76.934   74.376   40.532   90.390  -23.798    0.305917   -1.406950   -0.483562   -0.755241   -1.554035   -1.563110   -1.836837   -0.715532   -1.216876    3.794    0.984    0.238 S_000005
   2 P    86.187  176.497  162.816   95.258 -128.578 -117.535  -52.178   27.444   99.200   12.823    0.388719   -1.230343   -0.824624   -0.823622   -1.392439   -1.771391   -1.937739   -0.733944   -1.183498    6.781   -3.387   -3.047 S_000005
   3 P  -117.159  151.188   56.147   89.173 -138.629 -138.448  -54.265   25.374  118.923   -9.683    0.361797   -1.327248   -0.679746   -0.875146   -1.607003   -1.544372   -1.876244   -0.670630   -1.216470    6.911  -10.219   -2.239 S_000005
   4 N   170.537  135.842   55.803  143.583  -95.392 -118.616  135.042  -33.487  157.947 -110.726    0.342884   -0.321014   -1.449445   -0.806007   -1.251569   -1.831181   -1.947710   -0.755301   -1.169032    8.294  -14.610    3.449 S_000005
   5 P   -60.097 -146.945   70.140  151.229  -90.777 -175.526  161.181  -30.121  151.629   72.288    0.397053   -0.211454   -1.442957   -0.761754   -1.043461   -1.970860   -1.893172   -0.716125   -1.225162   10.355  -21.270    3.162 S_000005
   6 N   167.952 -167.959  154.203  145.211 -155.376 -167.633   19.536  -32.174  148.043  -55.599    0.332777   -0.133501   -1.484945   -0.828850   -0.980089   -2.013944   -1.953344   -0.695714   -1.205944   12.100  -27.142    6.784 S_000005
   7 P   152.804  179.450  178.912   87.198 -154.572  -78.725   73.493   37.836   90.078  169.479    0.323288   -1.361977   -0.597100   -0.768408   -1.488119   -1.654360   -1.884994   -0.739724   -1.191211   13.595  -33.781    9.303 S_000005
   8 N   -50.936  170.693   59.456  140.138 -123.590 -165.720  102.147  -28.824  146.926   74.808    0.372909   -0.320183   -1.444597   -0.805892   -1.158175   -1.918373   -1.937237   -0.739376   -1.178972   14.998  -39.495   10.571 S_000005
   9 P   140.004 -161.511  172.648   87.535 -135.875 -127.774  -63.089   27.673  113.365  -21.649    0.351703   -1.359808   -0.617725   -0.860422   -1.647064   -1.511100   -1.888219   -0.728269   -1.197425   17.185  -46.129   12.110 S_000005
  10 P   156.514 -176.414  170.719   82.712 -127.414  -75.307   65.799   40.084   89.848  -23.980    0.315304   -1.369360   -0.582570   -0.750143   -1.465773   -1.674744   -1.866737   -0.719037   -1.215051   17.801  -52.800   14.892 S_000005
  11 P  -113.048   87.793  161.757   80.761 -150.133  -80.079   56.362   38.461   90.815  179.915    0.317095   -1.375276   -0.571081   -0.772358   -1.505567   -1.636408   -1.873034   -0.714132   -1.212907   17.797  -57.681   18.433 S_000005
  12 H   -29.572  126.711   70.541   94.474    0.000    0.000   49.009   20.169  127.238  128.305    0.374610   -1.305909   -0.713232   -0.901866   -1.647142   -1.486131   -1.890558   -0.688450   -1.201861   17.866  -62.750   17.901 S_000005
SCORE:    23.030                 23.030          0          0          1    S_000006
   1 H     0.000  170.252   55.279   85.398 -155.439  -57.099   78.559   37.537   92.433  -19.020    0.317894   -1.363786   -0.581478   -0.779403   -1.508742   -1.635184   -1.871432   -0.712700   -1.214423    3.794    0.984    0.238 S_000006
   2 P    89.781 -178.885  175.219  140.023 -113.525  -86.651  125.936  -29.763  145.297   42.695    0.361226   -0.247789   -1.455288   -0.810444   -1.079188   -1.951630   -1.936185   -0.695753   -1.196885    6.846   -3.511   -1.938 S_000006
   3 P   -57.076  159.557   74.072  122.522 -124.914  176.015  109.465  -27.926  161.760  179.896    0.363848   -0.671595   -1.324732   -0.846074   -1.563840   -1.540839   -1.910259   -0.713848   -1.195912    6.177   -9.129    0.787 S_000006
   4 P   -78.449  171.504   60.458   79.590 -152.405  -60.379   82.115   45.104   88.979  -29.460    0.273500   -1.388046   -0.529091   -0.715886   -1.428021   -1.676153   -1.777914   -0.583638   -1.287043    8.074  -14.093    4.247 S_000006
   5 N  -173.868 -178.616  179.685   86.902 -146.045  -72.431   81.778   39.756   88.577  -12.629    0.302540   -1.355778   -0.621490   -0.770300   -1.422934   -1.707921   -1.886028   -0.702878   -1.216575    7.503  -20.696    5.178 S_000006
   6 N  -147.391  126.628  158.117   94.605 -114.502  -61.873   69.191   34.361   87.002  -14.674    0.390200   -1.189439   -0.867308   -0.743308   -1.152310   -1.891721   -1.905651   -0.712791   -1.204914    7.471  -27.171    6.891 S_000006
   7 P  -111.522   94.767  166.561   88.583 -129.711  -69.749   53.107   35.310   91.797   40.431    0.335079   -1.293233   -0.731708   -0.793233   -1.356348   -1.764013   -1.908404   -0.671971   -1.221885    7.338  -32.961    8.233 S_000006
   8 N  -175.101 -147.674  159.572  141.718  176.133  146.872   62.364  -31.811 -103.226   76.911    0.331832   -0.177856   -1.485199   -0.843536   -1.029654   -1.962328   -1.977627   -0.691472   -1.204184    6.768  -39.491    9.372 S_000006
   9 N  -173.124   78.055  146.836   78.999 -161.137  -61.152  -76.373   37.422   95.813    9.915    0.312401   -1.397380   -0.528472   -0.795907   -1.576124   -1.573417   -1.876411   -0.738611   -1.195916    6.993  -46.136   10.373 S_000006
  10 P   173.330 -176.176  173.161   89.236 -120.118 -113.526   66.601   30.578  105.566 -179.411    0.341486   -1.333597   -0.661409   -0.838980   -1.537240   -1.610372   -1.902227   -0.711169   -1.197381    8.863  -51.550   13.656 S_000006
  11 P   168.935  130.259   53.295  151.687 -105.787  158.269   99.642  -39.457  164.899  -78.284    0.311456   -0.213025   -1.473525   -0.773267   -1.229982   -1.822240   -1.928139   -0.719157   -1.203908    9.310  -58.466   15.907 S_000006
  12 H     0.000 -152.301  179.465   91.337    0.000    0.000   61.942   35.144   87.643 -166.231    0.337002   -1.279145   -0.762979   -0.791676   -1.322501   -1.793419   -1.917114   -0.716104   -1.201055   10.708  -63.615   17.773 S_000006
SCORE:    22.282                 22.282          0          0          2    S_000007
   1 H     0.000  170.252   55.279   85.908 -166.647  -64.005   75.710   36.997   99.127    0.335    0.325765   -1.369163   -0.576402   -0.774839   -1.528565   -1.618949   -1.856840   -0.692152   -1.232668    3.794    0.984    0.238 S_000007
   2 N    90.922  114.471  169.536   85.610 -136.875 -104.260  119.770   29.348  109.939  -14.490    0.338656   -1.376598   -0.581222   -0.858928   -1.661063   -1.497632   -1.883181   -0.729109   -1.201704    7.162   -3.410   -2.851 S_000007
   3 N   154.001 -151.352 -179.891   82.407 -120.265  -97.432   73.456   36.108   93.428  -28.641    0.344713   -1.332998   -0.644622   -0.766566   -1.453473   -1.682803   -1.865678   -0.702813   -1.218244    7.190   -9.905   -0.731 S_000007
   4 P   -39.399  168.770   55.356  142.140 -142.741  175.589  120.987  -35.450  159.437  -98.096    0.330665   -0.302125   -1.453233   -0.794861   -1.264725   -1.819140   -1.936530   -0.724980   -1.198310    7.869  -15.445    2.406 S_000007
   5 N   -81.776  169.584   69.397   83.791 -154.098  -58.187   65.532   38.117   94.783  -22.373    0.299980   -1.395749   -0.541182   -0.796559   -1.555310   -1.595409   -1.863033   -0.698881   -1.224567    8.685  -21.679    3.537 S_000007
   6 P  -150.263  137.150  162.005   85.519 -143.757  -61.655   64.628   39.702   84.506   99.951    0.295141   -1.332554   -0.685537   -0.782837   -1.333764   -1.762805   -1.900101   -0.686617   -1.207950    8.400  -27.548    6.458 S_000007
   7 N   -66.336 -154.233   43.887  144.222  -97.791 -146.754   96.672  -34.136  154.912   22.521    0.335822   -0.235007   -1.464433   -0.802412   -1.153151   -1.895882   -1.934708   -0.715898   -1.191218    9.145  -33.152    9.641 S_000007
   8 P   -57.485  160.139   75.855  150.070 -129.358 -140.723  124.656  -40.385  156.749  145.069    0.321419   -0.067867   -1.491898   -0.742948   -1.064012   -1.946365   -1.896169   -0.757348   -1.185391    7.824  -38.567   13.193 S_000007
   9 N   167.952 -167.959  154.203  145.211 -155.376 -167.633   19.536  -32.174  148.043  -55.599    0.332777   -0.133501   -1.484945   -0.828850   -0.980089   -2.013944   -1.953344   -0.695714   -1.205944    6.160  -45.192   15.809 S_000007
  10 N   -89.113 -169.845   75.966   78.780 -144.140  -64.622   69.981   41.278   91.310  179.895    0.243979   -1.392937   -0.564540   -0.814919   -1.487383   -1.669083   -1.913185   -0.711157   -1.196869    4.223  -50.407   19.854 S_000007
  11 P   -54.674 -176.812   56.845  105.666 -157.888  177.384   98.760   17.911  103.275  171.367    0.386334   -1.108155   -0.964022   -0.851708   -1.378330   -1.793508   -1.940299   -0.737263   -1.175895    3.031  -56.386   20.641 S_000007
  12 H   -57.848  156.338   49.414   79.992    0.000    0.000   97.768   38.195   92.585  163.075    0.305334   -1.393773   -0.518256   -0.788290   -1.571345   -1.573746   -1.864012   -0.728651   -1.208655    4.077  -61.100   24.392 S_000007
SCORE:    23.235                 23.235          0          1          3    S_000008
   1 H     0.000  170.252   55.279   85.905 -145.584  -77.272   80.133   41.175   92.665   -5.089    0.289841   -1.399054   -0.552670   -0.772816   -1.474829   -1.648043   -1.835957   -0.630598   -1.277360    3.794    0.984    0.238 S_000008
   2 P    91.686 -113.858 -165.407   84.676 -144.910  -67.615   67.081   36.721   95.233 -141.080    0.331789   -1.354944   -0.609246   -0.775537   -1.496717   -1.656488   -1.866246   -0.689291   -1.231107    6.786   -2.616   -1.396 S_000008
   3 P  -173.910 -150.992  149.500  127.998 -128.911 -142.558   91.482   -6.193  136.127   15.787    0.408280   -0.788743   -1.262842   -0.923571   -1.317920   -1.806812   -1.984235   -0.740556   -1.116661    7.467   -8.874    0.863 S_000008
   4 P   178.374  129.701   52.361  143.985  -83.498  130.526   96.769  -33.752  155.368  -54.092    0.332207   -0.284888   -1.461262   -0.815500   -1.213238   -1.870668   -1.953210   -0.756321   -1.169935    8.061  -15.323    4.044 S_000008
   5 P   108.246 -153.137  175.954  125.504  -78.386 -151.910  157.518  -34.516  169.390  179.923    0.351862   -0.530561   -1.392292   -0.793275   -1.516755   -1.590027   -1.910937   -0.740572   -1.194142    8.233  -19.834    7.990 S_000008
   6 P   -84.822  165.539   77.007   82.023 -144.893 -140.751   72.666   34.410  106.707  -90.371    0.361923   -1.369970   -0.578431   -0.767639   -1.551615   -1.568297   -1.785777   -0.612471   -1.270672    9.703  -26.163    9.790 S_000008
   7 P   133.089  -91.281 -152.976   84.085 -138.164  -70.632   61.393   34.995   97.498  -23.917    0.340580   -1.359055   -0.600237   -0.787833   -1.539140   -1.620150   -1.869950   -0.710070   -1.214992    8.261  -32.205   10.273 S_000008
   8 P   165.278  167.371  175.594   83.822 -158.281  -75.127   89.459   36.330   91.172 -137.030    0.339110   -1.327173   -0.662258   -0.772025   -1.433257   -1.708364   -1.881501   -0.696938   -1.221572    8.031  -38.804   12.124 S_000008
   9 P   -76.439 -155.686   76.097   98.708  168.544 -113.341  126.301    2.278  141.133  172.074    0.410529   -1.103526   -0.968395   -0.933240   -1.621578   -1.502075   -1.924475   -0.687537   -1.196092    7.222  -45.101   14.011 S_000008
  10 P   119.802 -147.111 -144.526  109.569 -143.800  -81.732   76.992   10.507  113.777 -142.370    0.392724   -1.039526   -1.039210   -0.879472   -1.411159   -1.786625   -1.952807   -0.730573   -1.180027    5.982  -50.463   16.080 S_000008
  11 P   177.366  142.836 -177.540   86.392   81.924   89.658  106.666   34.383   91.374   35.384    0.329518   -1.203568   -0.872590   -0.818960   -1.153720   -1.885512   -1.932817   -0.607425   -1.234970    4.128  -56.116   19.916 S_000008
  12 H   179.311  176.622  166.502   78.598    0.000    0.000   59.353   39.890   86.976  -19.934    0.320443   -1.371572   -0.582157   -0.752147   -1.460159   -1.668524   -1.865634   -0.716580   -1.215134    3.898  -60.844   24.687 S_000008
SCORE:    22.279                 22.279          0          0          0    S_000009
   1 H     0.000  170.252   55.279   86.003 -163.294  -67.381   78.918   38.206   95.125   -1.273    0.318149   -1.363673   -0.588668   -0.767416   -1.495778   -1.653257   -1.855470   -0.685558   -1.246307    3.794    0.984    0.238 S_000009
   2 N   126.407 -167.137   57.288  153.240  -96.160  139.863  105.648  -36.943  151.568   19.882    0.323694   -0.039825   -1.487999   -0.784030   -0.954972   -2.007803   -1.924663   -0.672720   -1.219938    7.829   -3.039   -2.072 S_000009
   3 P   179.820 -143.727  142.769   86.515 -135.487  -69.630   55.695   27.873  103.685  -20.135    0.383125   -1.254649   -0.787744   -0.810853   -1.432803   -1.722782   -1.892272   -0.684756   -1.215503    9.444   -8.187    1.738 S_000009
   4 P  -136.102  103.272  168.974   85.473 -128.309  -79.232   63.030   36.383   91.833 -170.126    0.322483   -1.346531   -0.624388   -0.787074   -1.484827   -1.666329   -1.892459   -0.741690   -1.189660    9.056  -13.282    5.707 S_000009
   5 P  -163.415 -164.775  171.520   87.292 -173.272  -90.210   95.538   33.873  101.998   69.427    0.333059   -1.348368   -0.630589   -0.813263   -1.521104   -1.634527   -1.885456   -0.693273   -1.220867    7.987  -18.709    9.898 S_000009
   6 P  -168.839  121.189 -176.246   84.421 -162.310  -96.356  108.244   34.304  106.356  -23.636    0.327894   -1.391748   -0.518664   -0.809234   -1.631897   -1.506085   -1.823324   -0.679514   -1.237292    8.312  -24.854   12.940 S_000009
   7 N    56.904  146.090  -76.919  156.695 -160.150 -173.923  104.986  -34.562  143.238  -23.564    0.324447    0.078710   -1.492600   -0.805727   -0.735040   -2.115119   -1.911687   -0.631310   -1.242141    9.418  -30.824   14.177 S_000009
   8 P   150.796 -161.910  178.356   86.097 -139.863  -62.292   43.499   34.285   97.369  -16.376    0.353702   -1.328244   -0.654287   -0.777898   -1.480747   -1.669247   -1.872892   -0.706980   -1.209412    9.488  -37.025   17.703 S_000009
   9 P  -112.908   84.497  170.464   87.540 -125.413  -77.907   63.669   39.166   84.620  -18.286    0.329033   -1.302810   -0.708279   -0.747225   -1.310337   -1.791840   -1.895668   -0.719297   -1.206481    9.574  -42.185   20.396 S_000009
  10 P  -174.180  152.972 -160.333  104.826 -142.767  -78.703   76.242   19.884  101.194  179.947    0.387962   -1.086681   -0.991172   -0.843871   -1.294637   -1.855867   -1.944422   -0.700499   -1.202484    9.458  -49.006   22.041 S_000009
  11 N  -148.162  164.915  118.385  145.355 -109.323 -178.043  158.161  -25.949  134.973  153.436    0.357113   -0.162484   -1.477571   -0.854725   -0.883260   -2.080780   -1.943630   -0.688761   -1.201220    7.338  -55.519   22.965 S_000009
  12 H   167.794 -174.474  171.856   85.742    0.000    0.000   61.105   37.314   88.361  -14.258    0.339828   -1.317054   -0.675509   -0.758743   -1.388657   -1.734214   -1.881308   -0.692692   -1.219142    6.575  -62.589   23.761 S_000009
SCORE:    22.397                 22.397          0          0          2    S_000010
   1 H     0.000  170.252   55.279   92.097 -144.195  -88.576   89.348   33.588   98.967   -3.587    0.427003   -1.223202   -0.706408   -0.649361   -1.383456   -1.733925   -1.767592   -0.640013   -1.285758    3.794    0.984    0.238 S_000010
   2 P   173.215 -145.070   63.717  153.655 -149.052 -165.262  144.445  -38.152  153.790  -22.152    0.324100   -0.007402   -1.484541   -0.764111   -0.935316   -2.017312   -1.914311   -0.680225   -1.231184    7.385   -3.049   -3.859 S_000010
   3 P   107.645  177.113 -151.446  121.171 -147.326  -97.859   90.040   -9.304  132.582 -149.400    0.420710   -0.720589   -1.277335   -0.858548   -1.316539   -1.850888   -1.956492   -0.719478   -1.189242    7.930   -9.517   -1.064 S_000010
   4 P   -59.558 -176.941   36.665   81.662 -175.085  -81.462   90.073   33.761   97.456  161.531    0.327447   -1.350587   -0.634773   -0.825277   -1.512573   -1.632960   -1.897416   -0.704879   -1.194098    8.823  -15.496    1.464 S_000010
   5 P   -69.625  179.829   52.071   79.169 -165.516 -168.684  108.266   34.171  109.094  179.917    0.308858   -1.431676   -0.439073   -0.843670   -1.716661   -1.407795   -1.810643   -0.698479   -1.231658    8.483  -20.531    4.906 S_000010
   6 P   139.901 -101.394 -178.561  141.920 -123.942 -144.089   80.191  -30.931  156.102   31.126    0.358691   -0.354753   -1.434289   -0.818117   -1.244867   -1.828128   -1.948415   -0.714488   -1.176518    6.190  -25.376    8.539 S_000010
   7 N   154.453 -138.292  168.142   87.170  -91.684 -131.245   70.959   30.507  104.033  -13.126    0.352127   -1.329675   -0.667614   -0.827063   -1.539136   -1.622829   -1.893458   -0.701079   -1.209808    6.791  -31.620   11.819 S_000010
   8 P   -67.601  173.259   58.690  157.464 -135.211 -147.785  162.259  -40.470  165.113 -137.280    0.315507    0.031025   -1.496384   -0.749112   -0.932260   -1.997702   -1.908468   -0.713312   -1.224472    5.609  -38.171   13.419 S_000010
   9 P   -53.426  167.329   65.141  115.360 -113.777 -159.626   97.404   -5.403  134.937   56.068    0.427600   -0.829890   -1.204746   -0.881835   -1.388628   -1.769707   -1.954577   -0.702966   -1.187770    2.805  -43.466   16.020 S_000010
  10 P   119.802 -147.111 -144.526  109.569 -143.800  -81.732   76.992   10.507  113.777 -142.370    0.392724   -1.039526   -1.039210   -0.879472   -1.411159   -1.786625   -1.952807   -0.730573   -1.180027    1.687  -50.161   17.266 S_000010
  11 P  -177.185 -173.566  155.371  145.456  -98.754  179.352  138.838  -24.197  141.689  170.602    0.366879   -0.185448   -1.467973   -0.847005   -0.869502   -2.069646   -1.938630   -0.653402   -1.218242    1.336  -57.028   18.182 S_000010
  12 H   -64.385 -163.908   34.794   91.378    0.000    0.000   89.152   42.997   83.145  -28.100    0.250962   -1.361114   -0.599260   -0.764387   -1.399634   -1.718667   -1.894609   -0.726054   -1.203085   -1.600  -61.953   21.083 S_000010
