SEQUENCE: gaaag
SCORE:     score    rna_stub_coord_hack       N_WC      N_NWC       N_BS description
REMARK RNA 
SCORE:     0.000                  0.000          0          0          1    S_000001
   1 H     0.000  170.252   55.279   80.400 -155.312  -78.870   80.248   37.513   92.725   89.931    0.319132   -1.376504   -0.564216   -0.779219   -1.537013   -1.616289   -1.876245   -0.733098   -1.203945    3.794    0.984    0.238 S_000001
   2 N   -36.645 -169.862  148.400   84.954   59.837  110.260   33.415   32.147   96.803   39.609    0.346179   -1.228184   -0.819008   -0.813022   -1.288577   -1.815815   -1.917984   -0.641970   -1.225784    8.821   -0.926   -2.708 S_000001
   3 P   160.815  105.099   88.582   92.840 -161.979 -164.996   83.120   14.294  126.435  -66.900    0.405061   -1.212048   -0.841187   -0.889406   -1.604759   -1.561045   -1.922890   -0.729780   -1.183130   14.222   -2.295    0.131 S_000001
   4 P   -65.474  174.784   33.847  107.003 -136.710  -75.406   57.645   20.309   98.268   -0.970    0.386196   -1.036464   -1.047494   -0.837400   -1.196537   -1.930831   -1.927721   -0.669324   -1.211898   19.841   -2.466    3.451 S_000001
   5 H   -64.081  173.476   55.366   76.684    0.000    0.000   82.171   39.672   92.879 -123.774    0.306453   -1.405974   -0.440765   -0.762752   -1.612137   -1.506522   -1.852161   -0.743063   -1.196183   25.706   -4.585    2.525 S_000001
SCORE:     0.000                  0.000          0          0          0    S_000002
   1 H     0.000  170.252   55.279   80.465 -154.018  -63.265   80.405   38.827   92.205  179.891    0.325454   -1.373982   -0.567752   -0.753652   -1.506181   -1.639273   -1.849178   -0.686475   -1.237329    3.794    0.984    0.238 S_000002
   2 P   -33.122 -159.568  151.000  146.506 -145.092 -142.672   79.190  -33.668  154.217 -117.811    0.333818   -0.171529   -1.475823   -0.812366   -1.061031   -1.950460   -1.939960   -0.691146   -1.196381    8.475   -1.709   -2.349 S_000002
   3 N   -55.981  178.657   45.920   81.190 -174.491  -89.094   87.272   34.452   99.226 -133.425    0.333298   -1.369906   -0.569169   -0.800783   -1.575204   -1.569911   -1.863211   -0.719304   -1.206929   14.617   -4.056   -1.435 S_000002
   4 P  -102.682 -165.508   38.132  134.491 -113.294 -111.658  179.144  -31.191  158.940   23.293    0.340378   -0.465124   -1.417584   -0.836319   -1.380937   -1.729618   -1.960600   -0.791538   -1.132119   20.520   -5.452    1.409 S_000002
   5 H     0.000 -178.228   48.103   81.976    0.000    0.000   71.671   39.724   89.086  -18.274    0.299220   -1.407531   -0.520493   -0.783216   -1.549975   -1.601698   -1.899135   -0.761072   -1.185335   25.758   -1.851   -0.016 S_000002
SCORE:     0.000                  0.000          0          0          1    S_000003
   1 H     0.000  170.252   55.279   83.973 -165.887  -59.318   66.810   35.316   96.264  -22.579    0.315187   -1.395660   -0.501930   -0.809734   -1.647889   -1.511713   -1.887244   -0.804184   -1.150442    3.794    0.984    0.238 S_000003
   2 P  -170.283  161.190 -176.306  140.990 -163.860 -102.059  133.153  -32.306  149.951  165.152    0.350717   -0.168927   -1.477787   -0.803819   -1.029144   -1.981828   -1.933928   -0.657356   -1.225843    8.652   -2.293   -2.899 S_000003
   3 P  -126.545  103.340  172.353   84.494 -124.870  -74.097   46.298   37.057   94.038  -17.464    0.328095   -1.349179   -0.624880   -0.778365   -1.465128   -1.675774   -1.878650   -0.694264   -1.217005   14.693   -3.941   -2.529 S_000003
   4 P   -39.132 -128.014  178.683  148.423 -128.491 -161.176   82.490  -39.164  159.768  138.907    0.324895   -0.118877   -1.481124   -0.753142   -1.105909   -1.924168   -1.915263   -0.709937   -1.216600   20.901   -2.934   -1.022 S_000003
   5 H   -67.242  177.537   53.638   80.379    0.000    0.000   82.010   38.644   93.960  -28.278    0.306539   -1.399631   -0.520190   -0.782726   -1.565638   -1.582195   -1.856082   -0.705911   -1.221237   26.656   -3.442    2.253 S_000003
SCORE:     0.001                  0.001          0          0          2    S_000004
   1 H     0.000  170.252   55.279   84.337 -160.045  -51.619   73.441   34.980   93.453 -149.281    0.318746   -1.347322   -0.629320   -0.807065   -1.509588   -1.648835   -1.895959   -0.731199   -1.194161    3.794    0.984    0.238 S_000004
   2 N   -76.973 -157.510  176.700   85.843 -114.258  -95.371   94.070   30.421  105.690  163.585    0.356190   -1.348443   -0.621475   -0.817010   -1.589570   -1.562671   -1.870523   -0.726362   -1.193977    8.409   -2.348   -2.523 S_000004
   3 N   -61.829  158.433   68.679  119.752 -102.662  140.902  117.687  -20.238  150.164   19.986    0.398301   -0.713132   -1.294881   -0.859342   -1.499812   -1.656765   -1.943448   -0.732394   -1.179095   14.513   -2.302   -0.553 S_000004
   4 N    80.689  110.767  179.495   88.110 -133.353  -66.716   58.994   33.069  101.482  162.653    0.336121   -1.338454   -0.654111   -0.822779   -1.501240   -1.645733   -1.901481   -0.700832   -1.203367   19.755   -2.865    3.541 S_000004
   5 H   135.550 -141.747  173.765   84.169    0.000    0.000   46.356   40.067   85.525  -25.691    0.320689   -1.338244   -0.639599   -0.746063   -1.383441   -1.734224   -1.877728   -0.694636   -1.223336   24.960   -5.569    2.762 S_000004
SCORE:     0.000                  0.000          0          0          0    S_000005
   1 H     0.000  170.252   55.279   78.494 -152.162  -64.248   79.227   43.265   82.780  -20.237    0.243337   -1.450044   -0.427290   -0.780307   -1.595362   -1.532201   -1.873783   -0.807731   -1.163742    3.794    0.984    0.238 S_000005
   2 N   -26.065 -130.630  172.007  146.335 -141.275 -135.325   80.380  -33.279  151.090  147.354    0.335607   -0.153277   -1.484134   -0.814503   -1.030406   -1.984215   -1.942102   -0.701556   -1.201120    8.498   -1.121   -2.751 S_000005
   3 P   -45.775  171.933   45.683   83.642 -151.760  -73.714   64.921   35.796   93.993  179.900    0.332303   -1.334130   -0.643819   -0.787313   -1.463871   -1.680615   -1.877372   -0.691021   -1.219811   15.014   -1.496   -3.136 S_000005
   4 P   -53.982  175.499   58.101   69.370 -168.827  -83.451   78.681   38.769  106.876 -133.947    0.241743   -1.499270   -0.131829   -0.868124   -1.900732   -1.112730   -1.759431   -0.806190   -1.173860   20.781   -1.212   -1.202 S_000005
   5 H   -60.742 -165.834   55.495  151.173    0.000    0.000  116.264  -39.476  158.206   75.989    0.355362   -0.072085   -1.463109   -0.717364   -1.057753   -1.941874   -1.867861   -0.699848   -1.221818   26.654   -1.518    1.109 S_000005
SCORE:     0.002                  0.002          0          0          0    S_000006
   1 H     0.000  170.252   55.279   83.362 -147.520  -74.306   78.515   39.110   92.945  -21.479    0.311882   -1.368135   -0.585667   -0.767944   -1.477577   -1.662243   -1.856030   -0.672793   -1.242929    3.794    0.984    0.238 S_000006
   2 N    40.856 -173.576   58.266  150.037  -80.535 -120.367   97.749  -36.138  156.821   28.665    0.337375   -0.185363   -1.462848   -0.779208   -1.130448   -1.892487   -1.929106   -0.703702   -1.205133    7.777   -2.528   -1.990 S_000006
   3 P   -63.355 -158.305   55.901   80.367   72.714   87.033  140.077   32.808  100.687   46.370    0.341281   -1.332359   -0.664305   -0.817212   -1.495843   -1.653832   -1.888682   -0.683875   -1.221816   14.338   -0.965   -0.330 S_000006
   4 P   160.373   83.471  174.358  110.126 -145.014  -77.450   88.830   10.256  109.650 -140.438    0.415602   -0.968774   -1.094113   -0.852791   -1.300122   -1.860583   -1.949436   -0.711604   -1.193646   19.639   -1.566    2.364 S_000006
   5 H   135.219  136.295   33.122   75.254    0.000    0.000   69.248   41.191   88.488  -24.976    0.292501   -1.421073   -0.471334   -0.763448   -1.568685   -1.561302   -1.846568   -0.738048   -1.205081   26.292   -3.111    3.886 S_000006
SCORE:     0.001                  0.001          0          0          0    S_000007
   1 H     0.000  170.252   55.279   78.100 -155.338  -58.871   70.938   43.537   87.077  -25.120    0.273238   -1.429218   -0.456036   -0.747764   -1.552259   -1.579104   -1.849883   -0.735642   -1.208212    3.794    0.984    0.238 S_000007
   2 P   -21.910 -139.140  154.847   93.949  175.139  -69.745  132.933   21.913  108.315  -83.615    0.352516   -1.258399   -0.787173   -0.889254   -1.555405   -1.622364   -1.952054   -0.751128   -1.160243    8.455   -1.391   -2.278 S_000007
   3 P  -179.293  130.146  140.124   79.152 -109.669 -101.744   49.690   30.942  107.568  -23.635    0.368515   -1.349301   -0.601626   -0.802370   -1.594846   -1.554049   -1.845816   -0.700267   -1.223266   14.873   -1.591   -0.522 S_000007
   4 P     0.000 -152.994   51.630 -220.124  260.010  176.036  106.635  -26.301  149.684   18.468    0.414289   -0.182498   -1.456633   -0.794019   -0.920794   -2.021590   -1.920453   -0.691033   -1.208312   21.065   -0.076   -1.235 S_000007
   5 H   -64.861 -173.055   49.650   81.078    0.000    0.000   80.065   37.770   96.865  -19.609    0.303394   -1.392981   -0.542134   -0.799753   -1.544389   -1.585905   -1.848943   -0.668771   -1.227145   26.300   -2.981    0.873 S_000007
SCORE:     0.000                  0.000          0          1          0    S_000008
   1 H     0.000  170.252   55.279   85.693 -155.446  -82.660   78.433   36.692   96.026  -41.938    0.338807   -1.274434   -0.720393   -0.772404   -1.352076   -1.807203   -1.875002   -0.555791   -1.293234    3.794    0.984    0.238 S_000008
   2 N   -67.404  145.564   54.224   85.255 -154.887  -88.744   83.644   39.283   92.810    2.874    0.302300   -1.410725   -0.512789   -0.753727   -1.579858   -1.564349   -1.842083   -0.704129   -1.226441    8.789   -0.627   -2.151 S_000008
   3 N   -26.065 -130.630  172.007  146.335 -141.275 -135.325   80.380  -33.279  151.090  147.354    0.335607   -0.153277   -1.484134   -0.814503   -1.030406   -1.984215   -1.942102   -0.701556   -1.201120   13.607   -4.488   -2.553 S_000008
   4 N  -172.853 -176.879  154.982   85.334 -152.417  -63.053   65.917   37.285   95.556   72.588    0.310637   -1.342060   -0.627038   -0.796613   -1.444832   -1.678616   -1.872772   -0.654663   -1.228665   20.367   -4.767    0.278 S_000008
   5 H   -60.293  175.075   46.561   82.740    0.000    0.000   82.229   35.655   95.619 -114.824    0.326853   -1.352766   -0.602279   -0.796689   -1.508232   -1.627670   -1.870740   -0.695465   -1.218214   25.963   -3.529    2.033 S_000008
SCORE:     0.001                  0.001          0          0          2    S_000009
   1 H     0.000  170.252   55.279  103.315 -166.574  -57.536   91.379   36.803   80.852  138.874    0.347218   -1.083875   -1.004480   -0.748662   -0.881779   -2.034146   -1.894837   -0.537410   -1.291932    3.794    0.984    0.238 S_000009
   2 P  -102.951   94.708  139.051   82.373 -143.627  -67.420   77.324   37.698   90.597  -29.905    0.329429   -1.351602   -0.586646   -0.751218   -1.497786   -1.640382   -1.858130   -0.726784   -1.204141    8.581   -0.771   -1.020 S_000009
   3 P   -64.236  166.845   56.682   85.717 -143.768  -66.418   92.085   36.035   93.880 -144.047    0.332827   -1.328070   -0.673125   -0.784549   -1.424636   -1.710177   -1.883758   -0.672904   -1.230676   13.306   -2.083    2.501 S_000009
   4 P  -134.330  101.066  176.060   86.439 -116.418  -82.329   46.998   35.258   98.130 -155.832    0.325169   -1.363182   -0.594694   -0.805606   -1.532304   -1.613124   -1.891886   -0.730772   -1.190888   17.507   -6.103    5.069 S_000009
   5 H   -53.614  173.897   46.650   78.732    0.000    0.000   74.971   39.837   86.241 -162.127    0.311832   -1.401697   -0.498053   -0.757572   -1.572933   -1.580727   -1.866542   -0.774003   -1.182061   22.375   -8.968    8.066 S_000009
SCORE:     0.001                  0.001          0          0          1    S_000010
   1 H     0.000  170.252   55.279   79.765 -145.117  -57.833   81.440   46.365   82.175  179.877    0.273400   -1.409659   -0.529256   -0.707146   -1.416057   -1.695765   -1.852567   -0.717945   -1.220882    3.794    0.984    0.238 S_000010
   2 P   -53.590 -118.383 -174.901   88.070 -124.960  -90.479   80.937   33.599   96.423 -172.119    0.360674   -1.302089   -0.704411   -0.780274   -1.426666   -1.714691   -1.886602   -0.687804   -1.221945    8.043   -1.807   -3.638 S_000010
   3 P   -55.353  159.494   55.975   80.686 -148.086  -72.458  105.430   40.159   88.929  179.921    0.309496   -1.378287   -0.561638   -0.756364   -1.488057   -1.652454   -1.856818   -0.696922   -1.229827   14.136   -3.032   -2.769 S_000010
   4 P   -36.918 -153.877   53.859  147.355 -138.787 -139.139  153.593  -34.813  154.010  100.837    0.332148   -0.170995   -1.476134   -0.798376   -1.082609   -1.936969   -1.934460   -0.703444   -1.197882   19.773   -1.374   -0.647 S_000010
   5 H   159.833 -154.722  168.267   85.746    0.000    0.000   48.401   35.043   93.081  -15.220    0.335562   -1.317429   -0.687471   -0.794494   -1.427147   -1.716644   -1.897400   -0.690688   -1.216990   25.588   -2.041    3.521 S_000010
