SEQUENCE: gg
SCORE:     score    rna_stub_coord_hack       N_WC      N_NWC       N_BS description
REMARK RNA 
SCORE:     0.082                  0.082          0          0          0    S_000001
   1 H     0.000  170.252   55.279   80.681 -175.640  -42.094   89.263   41.143   88.117  -21.911    0.283691   -1.418222   -0.472935   -0.769491   -1.571844   -1.561254   -1.863886   -0.752733   -1.188512    3.794    0.984    0.238 S_000001
   2 H  -144.361 -129.445  166.617   83.010    0.000    0.000   53.840   34.042   95.846  -15.545    0.354146   -1.324035   -0.666871   -0.784779   -1.472563   -1.683289   -1.888482   -0.709493   -1.212604    7.953   -3.080   -2.943 S_000001
SCORE:     0.082                  0.082          0          0          1    S_000002
   1 H     0.000  170.252   55.279   80.681 -175.640  -42.094   89.263   41.143   88.117  -21.911    0.283691   -1.418222   -0.472935   -0.769491   -1.571844   -1.561254   -1.863886   -0.752733   -1.188512    3.794    0.984    0.238 S_000002
   2 H   -65.669  176.093   57.849   79.225    0.000    0.000   75.911   37.339   96.951  179.883    0.332262   -1.374243   -0.557552   -0.764416   -1.538572   -1.603430   -1.847181   -0.701313   -1.227741    8.439   -1.745   -1.017 S_000002
SCORE:     0.082                  0.082          0          0          1    S_000003
   1 H     0.000  170.252   55.279   80.681 -175.640  -42.094   89.263   41.143   88.117  -21.911    0.283691   -1.418222   -0.472935   -0.769491   -1.571844   -1.561254   -1.863886   -0.752733   -1.188512    3.794    0.984    0.238 S_000003
   2 H   -47.869  158.673   55.597   79.758    0.000    0.000   71.982   36.774   97.228  179.911    0.321782   -1.397252   -0.513546   -0.791435   -1.606025   -1.549812   -1.852559   -0.735412   -1.215013    7.935   -1.751   -0.496 S_000003
SCORE:     0.082                  0.082          0          0          1    S_000004
   1 H     0.000  170.252   55.279   80.681 -175.640  -42.094   89.263   41.143   88.117  -21.911    0.283691   -1.418222   -0.472935   -0.769491   -1.571844   -1.561254   -1.863886   -0.752733   -1.188512    3.794    0.984    0.238 S_000004
   2 H   -82.034 -168.533   57.364   81.085    0.000    0.000   67.122   40.242   90.558  -31.417    0.300450   -1.391160   -0.507563   -0.760266   -1.543335   -1.591787   -1.851685   -0.734875   -1.203494    8.700   -1.884   -1.597 S_000004
SCORE:     0.082                  0.082          0          0          1    S_000005
   1 H     0.000  170.252   55.279   80.681 -175.640  -42.094   89.263   41.143   88.117  -21.911    0.283691   -1.418222   -0.472935   -0.769491   -1.571844   -1.561254   -1.863886   -0.752733   -1.188512    3.794    0.984    0.238 S_000005
   2 H   -59.399 -173.536   46.238   82.374    0.000    0.000   72.105   38.660   89.956  179.921    0.309909   -1.367626   -0.577004   -0.777218   -1.480853   -1.640670   -1.860590   -0.683714   -1.234452    8.519   -1.746   -1.140 S_000005
SCORE:     0.082                  0.082          0          0          0    S_000006
   1 H     0.000  170.252   55.279   80.681 -175.640  -42.094   89.263   41.143   88.117  -21.911    0.283691   -1.418222   -0.472935   -0.769491   -1.571844   -1.561254   -1.863886   -0.752733   -1.188512    3.794    0.984    0.238 S_000006
   2 H   107.633 -175.834   44.231   99.926    0.000    0.000   76.843   27.850   89.965   -1.686    0.375245   -1.150109   -0.935301   -0.803651   -1.234552   -1.894341   -1.917496   -0.679185   -1.220048    7.311   -3.276   -1.378 S_000006
SCORE:     0.082                  0.082          0          1          1    S_000007
   1 H     0.000  170.252   55.279   80.681 -175.640  -42.094   89.263   41.143   88.117  -21.911    0.283691   -1.418222   -0.472935   -0.769491   -1.571844   -1.561254   -1.863886   -0.752733   -1.188512    3.794    0.984    0.238 S_000007
   2 H   -74.527  171.315   61.368   84.223    0.000    0.000   76.106   35.645   94.079  179.941    0.334791   -1.359133   -0.604367   -0.780545   -1.523420   -1.628996   -1.875149   -0.724759   -1.207747    8.466   -1.721   -1.047 S_000007
SCORE:     0.082                  0.082          0          0          1    S_000008
   1 H     0.000  170.252   55.279   80.681 -175.640  -42.094   89.263   41.143   88.117  -21.911    0.283691   -1.418222   -0.472935   -0.769491   -1.571844   -1.561254   -1.863886   -0.752733   -1.188512    3.794    0.984    0.238 S_000008
   2 H   -69.067 -171.198   51.115   86.564    0.000    0.000   78.577   33.731   96.681  -23.616    0.340436   -1.326932   -0.664986   -0.801660   -1.475791   -1.668246   -1.893101   -0.703414   -1.208305    8.618   -1.783   -1.337 S_000008
SCORE:     0.082                  0.082          0          0          1    S_000009
   1 H     0.000  170.252   55.279   80.681 -175.640  -42.094   89.263   41.143   88.117  -21.911    0.283691   -1.418222   -0.472935   -0.769491   -1.571844   -1.561254   -1.863886   -0.752733   -1.188512    3.794    0.984    0.238 S_000009
   2 H   -50.755  173.719   46.089   79.563    0.000    0.000   66.304   37.990   90.577  179.923    0.315035   -1.383381   -0.551854   -0.785326   -1.530688   -1.607706   -1.879123   -0.738453   -1.195110    8.240   -1.767   -0.778 S_000009
SCORE:     0.082                  0.082          0          1          1    S_000010
   1 H     0.000  170.252   55.279   80.681 -175.640  -42.094   89.263   41.143   88.117  -21.911    0.283691   -1.418222   -0.472935   -0.769491   -1.571844   -1.561254   -1.863886   -0.752733   -1.188512    3.794    0.984    0.238 S_000010
   2 H   -58.942  169.106   54.310   82.580    0.000    0.000   83.929   34.177   98.360  179.923    0.332688   -1.369562   -0.586620   -0.807779   -1.570432   -1.588038   -1.883064   -0.731827   -1.199516    8.265   -1.726   -0.792 S_000010
