SEQUENCE: gg
SCORE:     score    rna_stub_coord_hack       N_WC      N_NWC       N_BS description
REMARK RNA 
SCORE:     0.233                  0.233          0          1          0    S_000001
   1 H     0.000  170.252   55.279   79.018 -155.902 -117.977   61.746   45.917   80.643  179.894    0.284812   -1.415559   -0.506387   -0.701638   -1.435887   -1.659726   -1.873313   -0.781043   -1.187363    3.794    0.984    0.238 S_000001
   2 H   148.622 -179.526 -170.934   88.938    0.000    0.000   63.648    8.990  108.121 -136.077    0.465464   -0.844072   -1.177714   -0.822025   -1.116915   -1.957120   -1.936962   -0.658211   -1.216623    8.631   -0.676   -4.656 S_000001
SCORE:     0.233                  0.233          0          0          0    S_000002
   1 H     0.000  170.252   55.279   79.018 -155.902 -117.977   61.746   45.917   80.643  179.894    0.284812   -1.415559   -0.506387   -0.701638   -1.435887   -1.659726   -1.873313   -0.781043   -1.187363    3.794    0.984    0.238 S_000002
   2 H   -62.102  162.998   65.791   79.321    0.000    0.000   71.169   39.815   90.702  -18.134    0.317455   -1.372943   -0.576193   -0.751109   -1.470837   -1.658022   -1.860138   -0.707720   -1.222210    8.444    1.285   -4.072 S_000002
SCORE:     0.233                  0.233          0          0          0    S_000003
   1 H     0.000  170.252   55.279   79.018 -155.902 -117.977   61.746   45.917   80.643  179.894    0.284812   -1.415559   -0.506387   -0.701638   -1.435887   -1.659726   -1.873313   -0.781043   -1.187363    3.794    0.984    0.238 S_000003
   2 H   -81.411 -178.062   60.638  127.022    0.000    0.000  120.272  -28.141  164.873 -109.437    0.366655   -0.637975   -1.321161   -0.848850   -1.543918   -1.564061   -1.904722   -0.692959   -1.215477    8.322    1.040   -4.808 S_000003
SCORE:     0.233                  0.233          0          0          0    S_000004
   1 H     0.000  170.252   55.279   79.018 -155.902 -117.977   61.746   45.917   80.643  179.894    0.284812   -1.415559   -0.506387   -0.701638   -1.435887   -1.659726   -1.873313   -0.781043   -1.187363    3.794    0.984    0.238 S_000004
   2 H   -88.359 -145.238   11.180   77.993    0.000    0.000  118.360   31.591  107.462  -16.194    0.336269   -1.391770   -0.526220   -0.834643   -1.679830   -1.473646   -1.873166   -0.762242   -1.185250    7.966    0.582   -5.504 S_000004
SCORE:     0.233                  0.233          0          1          0    S_000005
   1 H     0.000  170.252   55.279   79.018 -155.902 -117.977   61.746   45.917   80.643  179.894    0.284812   -1.415559   -0.506387   -0.701638   -1.435887   -1.659726   -1.873313   -0.781043   -1.187363    3.794    0.984    0.238 S_000005
   2 H   -53.976  164.558   50.985   78.267    0.000    0.000   78.492   39.711   93.582  179.879    0.296762   -1.416598   -0.467067   -0.778671   -1.605355   -1.539595   -1.847662   -0.729765   -1.211357    8.490    1.240   -3.968 S_000005
SCORE:     0.233                  0.233          0          0          0    S_000006
   1 H     0.000  170.252   55.279   79.018 -155.902 -117.977   61.746   45.917   80.643  179.894    0.284812   -1.415559   -0.506387   -0.701638   -1.435887   -1.659726   -1.873313   -0.781043   -1.187363    3.794    0.984    0.238 S_000006
   2 H   -67.536  179.154   53.186   75.413    0.000    0.000   78.153   44.182   86.780  -25.518    0.275052   -1.424398   -0.413040   -0.773744   -1.532824   -1.566421   -1.844861   -0.664428   -1.207202    8.382    1.164   -4.539 S_000006
SCORE:     0.233                  0.233          0          0          0    S_000007
   1 H     0.000  170.252   55.279   79.018 -155.902 -117.977   61.746   45.917   80.643  179.894    0.284812   -1.415559   -0.506387   -0.701638   -1.435887   -1.659726   -1.873313   -0.781043   -1.187363    3.794    0.984    0.238 S_000007
   2 H     0.000  171.444   52.667 -281.227    0.000    0.000   78.556   40.639   91.660  -22.010    0.300194   -1.400224   -0.508639   -0.761633   -1.539424   -1.600566   -1.843609   -0.691112   -1.232820    8.758    0.693   -3.445 S_000007
SCORE:     0.233                  0.233          0          0          1    S_000008
   1 H     0.000  170.252   55.279   79.018 -155.902 -117.977   61.746   45.917   80.643  179.894    0.284812   -1.415559   -0.506387   -0.701638   -1.435887   -1.659726   -1.873313   -0.781043   -1.187363    3.794    0.984    0.238 S_000008
   2 H  -133.042 -109.351  113.088   94.093    0.000    0.000  145.840   34.057   98.782  103.103    0.323491   -1.273139   -0.756488   -0.821630   -1.337161   -1.770304   -1.898045   -0.594468   -1.261434    7.530   -0.991   -5.698 S_000008
SCORE:     0.233                  0.233          0          1          0    S_000009
   1 H     0.000  170.252   55.279   79.018 -155.902 -117.977   61.746   45.917   80.643  179.894    0.284812   -1.415559   -0.506387   -0.701638   -1.435887   -1.659726   -1.873313   -0.781043   -1.187363    3.794    0.984    0.238 S_000009
   2 H   -49.593  156.010   51.721   90.095    0.000    0.000   76.956   32.462  106.143  -33.812    0.328326   -1.346336   -0.630367   -0.833759   -1.534574   -1.603922   -1.859135   -0.634842   -1.254175    8.508    1.237   -3.688 S_000009
SCORE:     0.233                  0.233          0          0          0    S_000010
   1 H     0.000  170.252   55.279   79.018 -155.902 -117.977   61.746   45.917   80.643  179.894    0.284812   -1.415559   -0.506387   -0.701638   -1.435887   -1.659726   -1.873313   -0.781043   -1.187363    3.794    0.984    0.238 S_000010
   2 H   -53.742 -178.537   48.126   83.286    0.000    0.000   84.511   35.621   94.929  -18.077    0.323667   -1.362560   -0.573383   -0.802525   -1.532697   -1.591924   -1.867830   -0.700432   -1.210536    8.426    1.197   -4.370 S_000010
