SEQUENCE: gug
SCORE:     score    rna_stub_coord_hack       N_WC      N_NWC       N_BS description
REMARK RNA 
SCORE:     0.310                  0.310          0          0          0    S_000001
   1 H     0.000  170.252   55.279  151.226  -94.055  -19.049   81.060  -32.087  141.248 -124.772    0.345654    0.002973   -1.485773   -0.809317   -0.789450   -2.109197   -1.913442   -0.661924   -1.228602    3.794    0.984    0.238 S_000001
   2 P    64.102  148.500   95.274  132.186 -150.743 -141.351   95.554  -26.176  153.136  -48.460    0.431660   -0.233787   -1.446716   -0.773604   -0.990224   -1.991786   -1.912832   -0.698710   -1.214556    3.120    2.260   -3.992 S_000001
   3 H   -65.085  158.675   54.543   72.268    0.000    0.000   76.181   46.728   87.872  179.913    0.255152   -1.456903   -0.384548   -0.726060   -1.578578   -1.555875   -1.805006   -0.713227   -1.232399   -2.121    3.562   -7.424 S_000001
SCORE:     0.338                  0.338          0          0          1    S_000002
   1 H     0.000  170.252   55.279  151.226  -94.055  -19.049   81.060  -32.087  141.248 -124.772    0.345654    0.002973   -1.485773   -0.809317   -0.789450   -2.109197   -1.913442   -0.661924   -1.228602    3.794    0.984    0.238 S_000002
   2 P    85.688 -133.198  176.132  107.362 -163.720  160.566  124.639   -3.356  148.726  -52.472    0.408878   -1.108894   -0.989440   -0.946053   -1.698547   -1.398045   -1.929282   -0.743766   -1.143280    2.695    1.358   -3.122 S_000002
   3 H   -56.626  151.241   53.381   75.229    0.000    0.000   84.810   32.692  104.524  -25.139    0.329248   -1.393905   -0.539369   -0.835819   -1.640832   -1.503517   -1.867428   -0.723047   -1.202862    0.412    3.852   -7.954 S_000002
SCORE:     0.267                  0.267          0          0          0    S_000003
   1 H     0.000  170.252   55.279   90.886 -117.730   39.793   69.010   31.818   99.175  -82.341    0.346327   -1.296448   -0.722906   -0.821484   -1.438485   -1.707425   -1.914878   -0.692589   -1.207688    3.794    0.984    0.238 S_000003
   2 N   -61.767 -176.800  170.244  144.729 -154.195 -125.266  -74.217  -35.321  158.261  -70.076    0.351461   -0.243436   -1.452050   -0.768524   -1.189934   -1.866577   -1.920269   -0.715418   -1.199365    0.870   -0.847   -2.312 S_000003
   3 H   -60.042  165.812   61.944   77.518    0.000    0.000   76.224   39.617   92.694  179.897    0.294565   -1.413365   -0.466640   -0.785206   -1.596236   -1.536530   -1.858581   -0.742039   -1.200174   -5.223   -2.528   -1.167 S_000003
SCORE:     0.304                  0.304          0          0          0    S_000004
   1 H     0.000  170.252   55.279   77.576 -118.301   36.007   73.284   39.480   91.302   79.266    0.320648   -1.387870   -0.538914   -0.755465   -1.522517   -1.616748   -1.851975   -0.720632   -1.218453    3.794    0.984    0.238 S_000004
   2 N   -76.475 -149.939  177.651  143.111 -169.609  139.021   91.581  -26.147  136.005  -94.168    0.355979   -0.154503   -1.479753   -0.855027   -0.874350   -2.073998   -1.952565   -0.710129   -1.198128    1.098   -2.260   -2.366 S_000004
   3 H   -64.761  176.042   57.640   83.238    0.000    0.000   74.188   41.672   88.497  179.910    0.285523   -1.387869   -0.556729   -0.758784   -1.470818   -1.661595   -1.874885   -0.715136   -1.212965   -2.712   -2.578    2.440 S_000004
SCORE:     0.318                  0.318          0          0          0    S_000005
   1 H     0.000  170.252   55.279   78.407 -127.445   42.562   78.871   39.646   90.279  179.906    0.296400   -1.405130   -0.499263   -0.779220   -1.561122   -1.569028   -1.863886   -0.747265   -1.189293    3.794    0.984    0.238 S_000005
   2 N   -76.475 -149.939  177.651  143.111 -169.609  139.021   91.581  -26.147  136.005  -94.168    0.355979   -0.154503   -1.479753   -0.855027   -0.874350   -2.073998   -1.952565   -0.710129   -1.198128    1.284   -2.420   -2.598 S_000005
   3 H   -62.432 -176.552   47.569   81.778    0.000    0.000   86.052   37.366   90.647  -26.274    0.314357   -1.367684   -0.584854   -0.791751   -1.499243   -1.631310   -1.877088   -0.701157   -1.203347   -3.052   -2.669    1.834 S_000005
SCORE:     0.355                  0.355          0          0          0    S_000006
   1 H     0.000  170.252   55.279  109.791  -86.031  -28.716   97.324   -4.072  154.605    3.658    0.432992   -1.060617   -0.993306   -0.892079   -1.672394   -1.421786   -1.913007   -0.735767   -1.171156    3.794    0.984    0.238 S_000006
   2 N    65.277 -127.493 -171.402   68.564 -144.572  -86.488   94.767   52.159   62.595  179.871    0.333961   -1.408844   -0.475165   -0.567700   -1.251925   -1.688563   -1.792692   -0.685366   -1.259488    2.020   -1.015   -2.139 S_000006
   3 H  -147.652  129.394  161.226   82.208    0.000    0.000   59.139   37.380   92.998  -19.474    0.313870   -1.375305   -0.581403   -0.792416   -1.518105   -1.632019   -1.880282   -0.719498   -1.205019   -4.635   -2.516   -1.748 S_000006
SCORE:     0.304                  0.304          0          0          0    S_000007
   1 H     0.000  170.252   55.279   90.886 -117.730   39.793   69.010   31.818   99.175  -82.341    0.346327   -1.296448   -0.722906   -0.821484   -1.438485   -1.707425   -1.914878   -0.692589   -1.207688    3.794    0.984    0.238 S_000007
   2 N   -76.475 -149.939  177.651  143.111 -169.609  139.021   91.581  -26.147  136.005  -94.168    0.355979   -0.154503   -1.479753   -0.855027   -0.874350   -2.073998   -1.952565   -0.710129   -1.198128    0.983   -1.305   -3.073 S_000007
   3 H   -49.701  172.538   39.898   79.251    0.000    0.000   95.911   32.387   98.638   99.920    0.308774   -1.447739   -0.385611   -0.860992   -1.801897   -1.308818   -1.887082   -0.865558   -1.091390   -3.607   -0.877    0.785 S_000007
SCORE:     0.334                  0.334          0          0          0    S_000008
   1 H     0.000  170.252   55.279   77.576 -118.301   36.007   73.284   39.480   91.302   79.266    0.320648   -1.387870   -0.538914   -0.755465   -1.522517   -1.616748   -1.851975   -0.720632   -1.218453    3.794    0.984    0.238 S_000008
   2 P   -57.557  152.595   77.045  145.182  -85.137 -144.158  115.956  -39.014  165.087 -173.061    0.319757   -0.180491   -1.484762   -0.770815   -1.182160   -1.864989   -1.938282   -0.740518   -1.190129    1.146   -1.177   -1.084 S_000008
   3 H   -59.216  159.960   52.477   73.986    0.000    0.000   77.805   46.172   86.248  -20.305    0.215122   -1.481508   -0.283855   -0.765804   -1.712154   -1.424169   -1.817414   -0.805150   -1.185900   -4.857   -3.767    0.111 S_000008
SCORE:     0.321                  0.321          0          0          0    S_000009
   1 H     0.000  170.252   55.279  151.226  -94.055  -19.049   81.060  -32.087  141.248 -124.772    0.345654    0.002973   -1.485773   -0.809317   -0.789450   -2.109197   -1.913442   -0.661924   -1.228602    3.794    0.984    0.238 S_000009
   2 P   110.736 -112.484 -168.550   85.430  174.072 -100.656   95.920   34.728   97.064 -147.914    0.334335   -1.347101   -0.631500   -0.798828   -1.504123   -1.647756   -1.887771   -0.705588   -1.212167    2.911    2.141   -2.848 S_000009
   3 H    46.348  120.910   96.989   85.942    0.000    0.000   77.670   41.542   88.004   89.472    0.270614   -1.415162   -0.450629   -0.770930   -1.586289   -1.540229   -1.840456   -0.746040   -1.196691   -2.658    2.873   -2.816 S_000009
SCORE:     0.319                  0.319          0          0          0    S_000010
   1 H     0.000  170.252   55.279  142.644 -118.796   51.266   98.967  -32.755  153.811   20.655    0.348747   -0.250572   -1.465087   -0.804637   -1.147621   -1.910424   -1.943052   -0.723223   -1.190427    3.794    0.984    0.238 S_000010
   2 N   -61.767 -176.800  170.244  144.729 -154.195 -125.266  -74.217  -35.321  158.261  -70.076    0.351461   -0.243436   -1.452050   -0.768524   -1.189934   -1.866577   -1.920269   -0.715418   -1.199365    2.836    2.495   -3.629 S_000010
   3 H   -72.905 -167.507   40.223   87.170    0.000    0.000   78.120   33.445   93.920  126.413    0.340335   -1.314144   -0.673283   -0.804563   -1.466847   -1.678567   -1.907940   -0.734946   -1.188914   -3.012    5.713   -5.183 S_000010
