SEQUENCE: gaaaag
SCORE:     score    rna_stub_coord_hack       N_WC      N_NWC       N_BS description
REMARK RNA 
SCORE:     0.000                  0.000          0          1          1    S_000001
   1 H     0.000  170.252   55.279   80.189    0.000    0.000   78.202   41.226   85.601  -22.533    0.279841   -1.423186   -0.480773   -0.776933   -1.561408   -1.569521   -1.903042   -0.803245   -1.134150    3.794    0.984    0.238 S_000001
   2 P   178.953  121.420   60.039  137.761  -89.783  162.171   95.568  -36.201  164.047  -85.504    0.329547   -0.376318   -1.443259   -0.795164   -1.365299   -1.724089   -1.935867   -0.737984   -1.183291    1.851    4.054   -0.457 S_000001
   3 P  -109.609  164.248   51.953  147.304 -152.795 -151.908  158.553  -38.656  160.522  120.154    0.316857   -0.192056   -1.481277   -0.771103   -1.186620   -1.869355   -1.927277   -0.754323   -1.183567   -1.746    8.003    2.420 S_000001
   4 P   -59.982  152.533   59.357   85.885 -150.844  -76.110   79.543   37.174   91.470  179.726    0.316158   -1.354895   -0.621466   -0.789632   -1.476825   -1.675081   -1.891255   -0.707095   -1.211401   -6.912   11.204    3.813 S_000001
   5 P   -45.943  168.475   32.110   82.770 -154.871  -36.127   83.693   37.675   90.455 -134.035    0.299767   -1.369483   -0.571862   -0.800196   -1.513760   -1.623562   -1.894090   -0.739400   -1.187559  -12.596   12.003    5.367 S_000001
   6 H   -60.902 -171.174   52.769   85.288    0.000    0.000   79.322   35.221   93.986  175.456    0.334126   -1.333345   -0.651267   -0.789940   -1.471071   -1.679354   -1.888735   -0.707421   -1.209363  -15.436    8.806    9.289 S_000001
SCORE:     0.001                  0.001          0          3          1    S_000002
   1 H     0.000  170.252   55.279   80.842    0.000    0.000   81.045   38.167   96.531 -155.536    0.304391   -1.403951   -0.483366   -0.793694   -1.602394   -1.534319   -1.847266   -0.713424   -1.210141    3.794    0.984    0.238 S_000002
   2 P   -76.189  126.415   70.784   78.346 -176.925  178.948  121.833   33.090  105.667  153.222    0.323848   -1.452992   -0.352529   -0.832486   -1.819289   -1.280788   -1.827199   -0.815599   -1.152722    2.308    1.639    0.749 S_000002
   3 P   -62.721 -173.367   37.813   82.363 -174.023  -60.548   82.666   32.870   95.630  -75.330    0.332475   -1.372230   -0.578554   -0.824355   -1.600567   -1.556819   -1.911352   -0.793627   -1.148762   -1.767    6.527    2.497 S_000002
   4 P   -52.109  163.750   49.735   81.541 -171.378  -81.758   98.616   34.774   98.224  -70.682    0.342114   -1.346338   -0.626724   -0.790041   -1.505717   -1.644573   -1.866983   -0.692616   -1.227285   -5.244    9.548    5.323 S_000002
   5 P   -33.390  139.255   61.813  118.151 -129.280  171.883  103.768   -0.194  134.967    3.271    0.419238   -0.898866   -1.176938   -0.918863   -1.358164   -1.770009   -1.979291   -0.672376   -1.177622   -9.597   10.101    7.929 S_000002
   6 H   -52.938  160.679   57.088   78.335    0.000    0.000   71.584   42.443   92.371  150.056    0.285602   -1.444948   -0.383506   -0.747741   -1.650499   -1.483801   -1.785341   -0.702926   -1.237064  -15.578   10.703    7.204 S_000002
SCORE:     0.000                  0.000          0          0          2    S_000003
   1 H     0.000  170.252   55.279   81.732    0.000    0.000   89.667   34.984  101.780  -16.324    0.283029   -1.369334   -0.619090   -0.856399   -1.529682   -1.631601   -1.905725   -0.659650   -1.236151    3.794    0.984    0.238 S_000003
   2 P   -64.557  133.254   57.673   79.265 -131.047  -97.764   65.759   35.231   97.673  179.589    0.339056   -1.360530   -0.599333   -0.789354   -1.520386   -1.614050   -1.857979   -0.682751   -1.227346    2.543    1.723    0.969 S_000003
   3 P  -106.362   66.395  169.689   87.884 -117.965  -87.727   57.786   36.344   89.807  179.934    0.333910   -1.300724   -0.722608   -0.778498   -1.355734   -1.769247   -1.910465   -0.718551   -1.202041   -0.063    5.487    4.585 S_000003
   4 N   -41.352  155.038   56.873   75.680 -150.329 -103.002   79.846   39.472   96.412 -150.333    0.300972   -1.430198   -0.418975   -0.777617   -1.646841   -1.475453   -1.833916   -0.750922   -1.194393   -4.934    7.108    7.858 S_000003
   5 P  -108.008   79.779  169.411   82.909 -122.883  -80.750   61.728   37.628   90.541   75.007    0.335830   -1.339165   -0.641039   -0.760320   -1.437941   -1.705533   -1.876376   -0.697542   -1.222814   -9.902    9.677    9.447 S_000003
   6 H   -71.674  173.353   51.238   79.550    0.000    0.000   77.506   41.555   84.516   99.234    0.306442   -1.375300   -0.565952   -0.738680   -1.458645   -1.678222   -1.860222   -0.709661   -1.225682  -16.354   10.288    8.854 S_000003
SCORE:     0.001                  0.001          0          0          1    S_000004
   1 H     0.000  170.252   55.279   84.749    0.000    0.000   73.556   36.572   94.454  -24.619    0.322244   -1.367907   -0.588776   -0.790313   -1.523258   -1.628539   -1.880686   -0.717115   -1.211287    3.794    0.984    0.238 S_000004
   2 P   -67.656  176.647   48.578   84.971 -139.261  -78.665  105.097   38.182   91.042  -15.532    0.311205   -1.343544   -0.648960   -0.783546   -1.423986   -1.719727   -1.889292   -0.689203   -1.226199    2.122    2.737    0.808 S_000004
   3 P  -102.206  104.044  177.543   84.918 -159.296 -123.397   89.660   37.394   91.577    3.421    0.315398   -1.361384   -0.611624   -0.789758   -1.479457   -1.664147   -1.886766   -0.708525   -1.210084    0.170    7.917    2.704 S_000004
   4 P   -64.588  168.633   56.379   81.684 -155.175  -73.709   98.230   42.266   92.687  173.067    0.277168   -1.399008   -0.521523   -0.759063   -1.508496   -1.637734   -1.811929   -0.641808   -1.253484   -6.165    7.459    3.805 S_000004
   5 N   -55.008  171.023   43.824   79.573 -150.402  -83.417   80.565   40.772   91.626 -117.898    0.297413   -1.409876   -0.483688   -0.758202   -1.567206   -1.570895   -1.838176   -0.712865   -1.224321  -11.335    8.367    6.693 S_000004
   6 H   -65.740 -179.743   47.343   77.960    0.000    0.000   79.592   38.231   92.342  179.906    0.305005   -1.408367   -0.500451   -0.788631   -1.601681   -1.554472   -1.870686   -0.753322   -1.190477  -15.382   11.588   10.471 S_000004
SCORE:     0.000                  0.000          0          1          0    S_000005
   1 H     0.000  170.252   55.279   77.545    0.000    0.000   55.013   36.006   95.442  -17.572    0.330367   -1.365524   -0.598136   -0.790655   -1.521988   -1.630675   -1.880096   -0.708880   -1.214961    3.794    0.984    0.238 S_000005
   2 N   -68.246 -179.265   60.610   82.394 -166.940 -101.879   80.724   34.938   96.446 -174.394    0.326881   -1.364842   -0.584319   -0.805091   -1.547696   -1.595186   -1.878234   -0.725880   -1.199119    1.983    2.716    0.795 S_000005
   3 N   -50.936  170.693   59.456  140.138 -123.590 -165.720  102.147  -28.824  146.926   74.808    0.372909   -0.320183   -1.444597   -0.805892   -1.158175   -1.918373   -1.937237   -0.739376   -1.178972   -2.296    6.587    2.830 S_000005
   4 P   -84.282  173.509   67.304   79.726 -161.623  -72.219   83.806   39.709   89.194  -24.372    0.317543   -1.371292   -0.583558   -0.752345   -1.459653   -1.660192   -1.838323   -0.672066   -1.238103   -7.626    9.199    5.842 S_000005
   5 P    46.796 -177.254   41.865  103.846 -128.321  -73.788   60.479   17.640  106.577  -10.180    0.402055   -1.044151   -1.034326   -0.834193   -1.272225   -1.883708   -1.924808   -0.658038   -1.234072  -11.027   13.365    7.561 S_000005
   6 H   -69.691 -174.450   56.907   83.367    0.000    0.000   78.338   38.990   93.338  -20.853    0.313853   -1.369152   -0.590395   -0.765335   -1.479359   -1.664465   -1.863503   -0.686610   -1.235365  -16.407   11.501   10.769 S_000005
SCORE:     0.001                  0.001          0          0          0    S_000006
   1 H     0.000  170.252   55.279   77.188    0.000    0.000   82.757   35.974  107.886  -21.480    0.317741   -1.410619   -0.467465   -0.796650   -1.677373   -1.480604   -1.849852   -0.761422   -1.214626    3.794    0.984    0.238 S_000006
   2 P   164.344 -174.447  169.230   87.267  -85.510 -142.850   47.716   36.293   89.985 -102.058    0.320310   -1.324589   -0.687336   -0.797024   -1.409651   -1.732008   -1.902623   -0.697059   -1.211855    2.954    4.230    0.723 S_000006
   3 N   -37.990  163.048  116.213  122.568 -115.505 -174.244  163.830  -31.679  174.331  167.562    0.344945   -0.631474   -1.349273   -0.848585   -1.582038   -1.508015   -1.957747   -0.765967   -1.172506   -0.563    9.847    1.035 S_000006
   4 N   -53.789  163.388   48.131   81.548 -135.577  -83.742   68.025   36.269   98.154 -129.958    0.317261   -1.391384   -0.527021   -0.800918   -1.589426   -1.549649   -1.866608   -0.724524   -1.201848   -4.497   12.310    5.299 S_000006
   5 P   -53.982  175.499   58.101   69.370 -168.827  -83.451   78.681   38.769  106.876 -133.947    0.241743   -1.499270   -0.131829   -0.868124   -1.900732   -1.112730   -1.759431   -0.806190   -1.173860  -10.095   12.643    8.290 S_000006
   6 H   -50.869  169.402   53.370   80.876    0.000    0.000   64.344   35.036   99.205  -16.956    0.314967   -1.411494   -0.480685   -0.814747   -1.677829   -1.477897   -1.877535   -0.796379   -1.162414  -15.349   12.433   10.896 S_000006
SCORE:     0.000                  0.000          0          1          1    S_000007
   1 H     0.000  170.252   55.279  142.931  -75.820   88.785  112.985  -35.541  163.500  163.304    0.343809   -0.330575   -1.443600   -0.780712   -1.300349   -1.779332   -1.930073   -0.715539   -1.214816    3.794    0.984    0.238 S_000007
   2 P   -66.973  173.475   68.286  137.907  -77.343  141.002  117.624  -17.512  137.272    4.519    0.452995   -0.419113   -1.378158   -0.806682   -1.063678   -1.954233   -1.924759   -0.651630   -1.215380    5.194    4.502    0.431 S_000007
   3 P   166.958 -167.030  164.996   82.021 -106.836  -68.949   55.474   37.807   89.664  -14.426    0.335580   -1.323935   -0.661996   -0.762423   -1.392945   -1.728741   -1.878086   -0.673405   -1.226687    1.398    9.074    2.893 S_000007
   4 P   -60.692  137.305   60.423   82.142  174.548 -127.899   66.398   30.869  119.096   64.253    0.303071   -1.400949   -0.528367   -0.886923   -1.662484   -1.444081   -1.855101   -0.683786   -1.208925   -2.554   13.081    2.957 S_000007
   5 P    26.077  -85.790 -104.606   98.521 -140.148  -51.684   67.058   35.727   86.642  -42.141    0.331325   -1.200601   -0.872555   -0.789067   -1.133428   -1.902833   -1.922765   -0.609492   -1.250761   -5.428   16.378    3.614 S_000007
   6 H   -58.972  162.841   57.872   82.630    0.000    0.000   73.759   39.053   93.659  147.594    0.321480   -1.375031   -0.568022   -0.753538   -1.497590   -1.637748   -1.841318   -0.671984   -1.251558   -8.768   18.748    7.544 S_000007
SCORE:     0.000                  0.000          0          0          1    S_000008
   1 H     0.000  170.252   55.279   88.554 -133.686   62.547  -56.473   27.429  110.344  -20.335    0.337088   -1.344814   -0.664614   -0.883478   -1.595798   -1.556803   -1.912368   -0.710499   -1.189445    3.794    0.984    0.238 S_000008
   2 N   -52.617  156.804 -174.176  147.794 -151.862  168.082  105.149  -41.063  162.423   29.196    0.311768   -0.127916   -1.484678   -0.741184   -1.152404   -1.890976   -1.912666   -0.723034   -1.214936    0.913    0.100   -2.525 S_000008
   3 P   173.044  132.406   51.077  147.594 -114.230  115.286  100.126  -38.334  161.724  -54.350    0.320213   -0.236481   -1.470777   -0.774185   -1.237796   -1.830672   -1.931993   -0.757840   -1.178734   -2.630    3.935    2.165 S_000008
   4 P   -58.833 -148.541  -52.595  157.427 -126.832 -148.442  -44.763  -42.415  161.288 -172.839    0.289174    0.057049   -1.493331   -0.752739   -0.939176   -1.992657   -1.909169   -0.662711   -1.231118   -6.957    5.988    3.807 S_000008
   5 P   -61.335  158.584   53.176   84.522 -157.624  -68.829   91.227   42.603   88.881  163.860    0.269171   -1.390867   -0.527818   -0.767437   -1.490879   -1.655576   -1.807935   -0.625359   -1.264450  -12.120    8.441    6.875 S_000008
   6 H   -84.328 -160.509   63.412   85.107    0.000    0.000   79.168   40.238   90.835 -164.236    0.308521   -1.363394   -0.584288   -0.746611   -1.458966   -1.673144   -1.838321   -0.658583   -1.255610  -15.516   12.856   10.393 S_000008
SCORE:     0.001                  0.001          0          0          0    S_000009
   1 H     0.000  170.252   55.279   76.254    0.000    0.000   77.113   38.935   94.527  -45.907    0.309521   -1.390159   -0.537819   -0.777898   -1.531856   -1.606124   -1.856107   -0.687633   -1.229035    3.794    0.984    0.238 S_000009
   2 N  -175.101 -147.674  159.572  141.718  176.133  146.872   62.364  -31.811 -103.226   76.911    0.331832   -0.177856   -1.485199   -0.843536   -1.029654   -1.962328   -1.977627   -0.691472   -1.204184    3.193    4.466    0.539 S_000009
   3 P   -73.688  154.833   59.185  146.485 -111.162  175.140  119.829  -32.346  150.459   20.864    0.348829   -0.220202   -1.465450   -0.808985   -1.098138   -1.929436   -1.939839   -0.717382   -1.183677   -1.576    7.384    3.021 S_000009
   4 P   165.278  167.371  175.594   83.822 -158.281  -75.127   89.459   36.330   91.172 -137.030    0.339110   -1.327173   -0.662258   -0.772025   -1.433257   -1.708364   -1.881501   -0.696938   -1.221572   -8.083    9.334    4.878 S_000009
   5 N  -174.192 -171.337   62.212   87.906  179.525  -26.943 -174.264   20.894  125.864  179.946    0.366863   -1.329575   -0.689164   -0.909567   -1.676721   -1.470501   -1.888240   -0.700969   -1.208948  -14.308   11.985    5.578 S_000009
   6 H     0.000 -141.223  171.925   95.349    0.000    0.000   65.429   34.260   86.971  -15.876    0.341136   -1.211943   -0.869649   -0.789712   -1.200008   -1.895214   -1.926504   -0.713804   -1.201636  -15.750    8.683    8.652 S_000009
SCORE:     0.000                  0.000          0          1          0    S_000010
   1 H     0.000  170.252   55.279   78.951    0.000    0.000   82.909   44.614   91.019  -25.933    0.243230   -1.461466   -0.396739   -0.778794   -1.619829   -1.544885   -1.799280   -0.673292   -1.264269    3.794    0.984    0.238 S_000010
   2 P  -108.612   82.361  164.622   80.710 -149.634  -77.891   66.544   45.928   79.058 -144.411    0.271092   -1.401766   -0.525612   -0.716757   -1.413861   -1.684661   -1.860211   -0.722050   -1.213026    1.549    1.610   -0.647 S_000010
   3 P   173.677 -155.835  149.850   84.413 -104.833  -44.628   69.155   35.405   92.785  -17.210    0.340443   -1.312774   -0.678941   -0.778920   -1.420670   -1.709933   -1.880341   -0.677286   -1.223695   -4.913    1.517    1.181 S_000010
   4 P   -50.353 -155.642   49.514  144.140 -116.281 -177.136  152.040  -34.900  163.032   29.821    0.343286   -0.324128   -1.448346   -0.793398   -1.280886   -1.793255   -1.940277   -0.746673   -1.179096   -7.238    5.710    4.736 S_000010
   5 N   -68.304  168.400   50.843   89.668 -133.894  -59.002   64.392   33.907   93.247 -165.193    0.344934   -1.287117   -0.741800   -0.799048   -1.371714   -1.756838   -1.909073   -0.684002   -1.214626  -10.035    9.414    9.072 S_000010
   6 H  -148.286  125.997  164.383   86.683    0.000    0.000   58.981   37.985   88.763  -21.666    0.313677   -1.337646   -0.654552   -0.786035   -1.412334   -1.722726   -1.903491   -0.710637   -1.206592  -15.692   12.622   10.302 S_000010
