SEQUENCE: gaaaaaaaaaag
SCORE:     score    rna_stub_coord_hack       N_WC      N_NWC       N_BS description
REMARK RNA 
SCORE:     0.000                  0.000          0          1          2    S_000001
   1 H     0.000  170.252   55.279   79.831 -152.275  -73.731   81.367   45.697   85.294  164.323    0.198219   -1.460666   -0.368897   -0.804056   -1.628090   -1.522667   -1.889065   -0.790213   -1.178794    3.794    0.984    0.238 S_000001
   2 N   -73.178  134.130   44.250   88.905 -100.679  173.269  -41.282   30.145  106.047  -70.394    0.349367   -1.332571   -0.659443   -0.836310   -1.549353   -1.605595   -1.897761   -0.712716   -1.195262    8.464   -0.838   -2.138 S_000001
   3 P   -46.163 -158.970   50.943   85.709 -110.945  140.394  133.948   27.937  116.754   67.462    0.292087   -1.324600   -0.734021   -0.933080   -1.627717   -1.716462   -1.886544   -0.650243   -1.246754   12.360   -4.062   -5.701 S_000001
   4 P  -104.244  143.906   58.914   92.671 -139.113 -163.073  109.382   33.641   97.988  172.886    0.342893   -1.296155   -0.710710   -0.801240   -1.411149   -1.720107   -1.885704   -0.639321   -1.241854   10.600    0.652   -7.132 S_000001
   5 P   -62.813  174.242   49.863   83.058 -129.698  -58.203   79.703   39.860   91.504  -22.796    0.306543   -1.375419   -0.568372   -0.763033   -1.482346   -1.652440   -1.873354   -0.714211   -1.215411    7.282    6.183   -8.250 S_000001
   6 N    67.301 -167.918 -173.182  129.074 -118.601   99.768  -30.378  -28.419  156.216   69.595    0.369916   -0.523673   -1.389746   -0.841958   -1.409892   -1.709916   -1.952960   -0.734991   -1.173380    7.994    9.121  -12.899 S_000001
   7 P   -64.458  151.852   44.541   84.789 -139.710  -73.995   80.005   33.683   95.650   58.357    0.336774   -1.338088   -0.639019   -0.811664   -1.501436   -1.638791   -1.898560   -0.724423   -1.180018    7.456    7.168  -16.666 S_000001
   8 P   -67.352  172.388   56.149   88.094 -148.272  -73.503   73.943   37.079   91.073  179.880    0.316197   -1.315122   -0.715349   -0.794889   -1.355357   -1.768158   -1.909115   -0.658883   -1.234651    6.600    6.324  -22.829 S_000001
   9 N   169.350  136.230   47.876  145.976 -103.546  158.996  112.526  -36.585  158.537  -90.836    0.326479   -0.230834   -1.472102   -0.783993   -1.195518   -1.870158   -1.928823   -0.746647   -1.180885   10.015    7.125  -28.918 S_000001
  10 P  -113.430 -178.481   93.314   98.217 -122.031  -87.433   51.316   24.931   97.192 -142.698    0.391907   -1.136006   -0.947615   -0.794818   -1.285980   -1.877296   -1.897678   -0.672689   -1.234082   12.404   11.361  -32.933 S_000001
  11 P   -55.609  147.384   49.449  142.267    0.000    0.000   89.311  -34.688  154.409   22.855    0.356105   -0.211063   -1.472091   -0.773123   -1.133157   -1.908630   -1.920873   -0.726192   -1.187573   13.832   16.811  -35.125 S_000001
  12 H   -61.349  173.648   53.833   79.075    0.000    0.000   75.953   38.584   90.863  179.919    0.321240   -1.375144   -0.565173   -0.758226   -1.507693   -1.625547   -1.856752   -0.717800   -1.212458   15.419   15.462  -36.246 S_000001
SCORE:     0.000                  0.000          0          0          2    S_000002
   1 H     0.000  170.252   55.279   77.819 -126.656  -71.843   89.161   39.692   93.828  -31.582    0.312518   -1.393476   -0.514075   -0.761711   -1.536276   -1.588883   -1.833529   -0.690074   -1.232657    3.794    0.984    0.238 S_000002
   2 N   -85.662 -177.545   54.628   84.856 -133.787   66.544   92.473   34.704  104.332  -14.333    0.330591   -1.379342   -0.567278   -0.802851   -1.576287   -1.568115   -1.833989   -0.648030   -1.249486    7.165   -2.664   -4.122 S_000002
   3 P   -67.625  169.606   60.888   83.690 -128.401  -60.095   81.436   38.424   90.713  -14.582    0.292811   -1.386315   -0.549385   -0.787731   -1.544444   -1.604902   -1.877195   -0.757192   -1.182832    3.298   -0.933   -5.572 S_000002
   4 P    83.751 -165.816   91.595  130.783  -64.081 -125.336   83.914  -19.391  150.867  145.567    0.434795   -0.453130   -1.388179   -0.824030   -1.144554   -1.908372   -1.938600   -0.621925   -1.232191    0.697    0.364  -10.414 S_000002
   5 P  -171.342  168.218 -177.050   87.311  -84.230 -114.202   63.224   41.296   74.437  -87.240    0.302913   -1.243305   -0.805832   -0.748005   -1.110376   -1.898660   -1.898916   -0.629267   -1.250356    6.848    3.098  -12.389 S_000002
   6 N   -63.194 -153.085   66.196  147.154  -88.830  -79.825  152.846  -36.566  157.657   17.216    0.329094   -0.151824   -1.478272   -0.779020   -1.092504   -1.928634   -1.927748   -0.696692   -1.213756   10.060    2.048  -18.464 S_000002
   7 N  -144.816 -142.524   64.420   90.209 -114.753 -100.943   92.819   23.930  104.837  168.580    0.403930   -1.229171   -0.803368   -0.821443   -1.473585   -1.686161   -1.903570   -0.714185   -1.199616    5.834    3.048  -23.524 S_000002
   8 P   -63.198  165.948   54.973   86.626   85.296 -104.233   85.686  -22.644  143.203   29.432    0.460616   -0.369626   -1.406400   -0.765738   -1.105222   -1.938776   -1.901394   -0.661063   -1.219637    3.927    9.160  -21.977 S_000002
   9 N   -61.363  -90.237  170.183   76.834  175.477   67.251   21.293   54.333   72.901  179.919    0.246630   -1.434370   -0.470130   -0.597012   -1.335609   -1.729080   -1.780217   -0.709997   -1.248024    3.633   14.420  -24.261 S_000002
  10 N   -72.221 -159.252   56.012   83.000 -148.266  -67.602   70.627   37.555   93.780  -17.538    0.321401   -1.373792   -0.571323   -0.777433   -1.521117   -1.621803   -1.870183   -0.718546   -1.210856    8.670   14.410  -27.306 S_000002
  11 N  -175.101 -147.674  159.572  141.718  176.133  146.872   62.364  -31.811 -103.226   76.911    0.331832   -0.177856   -1.485199   -0.843536   -1.029654   -1.962328   -1.977627   -0.691472   -1.204184   10.933   16.489  -33.216 S_000002
  12 H   -67.311 -175.718   48.927   78.611    0.000    0.000   70.547   40.407   92.071  167.446    0.302920   -1.407346   -0.478948   -0.759752   -1.571775   -1.561826   -1.829389   -0.700063   -1.228854   15.226   17.930  -37.871 S_000002
SCORE:     0.000                  0.000          0          0          4    S_000003
   1 H     0.000  170.252   55.279   76.950 -142.270  -67.562   68.737   38.242  100.130  -17.120    0.291354   -1.433044   -0.431999   -0.801734   -1.672147   -1.470420   -1.835410   -0.732963   -1.209627    3.794    0.984    0.238 S_000003
   2 P  -109.801   72.989  177.027   85.113  -93.016  162.633   53.265   30.685  105.031  -24.132    0.321673   -1.366700   -0.605529   -0.853367   -1.613433   -1.543095   -1.877127   -0.697612   -1.212811    7.813   -0.194   -3.696 S_000003
   3 P   -70.072  159.508   39.875   82.067 -151.381  -70.240   71.744   37.141   93.302   83.548    0.312563   -1.372416   -0.575026   -0.783632   -1.532051   -1.615653   -1.870085   -0.723291   -1.200463    6.669    2.938   -8.501 S_000003
   4 P   -66.134  169.604   54.615   80.941 -149.366  -61.173   82.940   40.212   89.940  -23.482    0.297524   -1.394222   -0.526743   -0.770864   -1.528040   -1.614314   -1.862504   -0.706670   -1.225154    7.580    5.346  -14.001 S_000003
   5 N    72.887  145.754   44.440   83.583 -143.993  -53.034   57.549   33.774  103.119  -22.030    0.336968   -1.368364   -0.584397   -0.810970   -1.564109   -1.573507   -1.864887   -0.697877   -1.210530   12.717    4.266  -16.997 S_000003
   6 N   -63.653  169.223   52.613   79.318 -152.305  -62.158   75.038   42.946   91.979  179.893    0.312565   -1.374839   -0.609496   -0.700122   -1.418870   -1.741881   -1.760992   -0.607465   -1.291257   15.346    6.785  -21.564 S_000003
   7 P   -97.972 -152.339   81.706  124.769 -146.581  162.724  125.829  -16.565  146.909   34.182    0.440902   -0.620888   -1.321854   -0.837849   -1.312903   -1.792966   -1.931445   -0.672971   -1.201510   13.870    9.793  -27.407 S_000003
   8 P   -61.674  174.433   50.498   81.794 -142.535  -75.804   70.952   36.576   93.824  174.323    0.319762   -1.371677   -0.578933   -0.789843   -1.528677   -1.611306   -1.870999   -0.714176   -1.201909   15.756   12.951  -32.360 S_000003
   9 P    96.238 -163.845  160.772   96.997  -90.976  150.532  128.225    3.431  141.405    3.347    0.415546   -1.209078   -0.856694   -0.924130   -1.747826   -1.347543   -1.869134   -0.729192   -1.176064   14.578   17.667  -35.876 S_000003
  10 N   -89.825  103.503  171.044  146.283  -79.896   80.465  129.764  -34.836  157.734   18.634    0.332503   -0.237949   -1.472287   -0.800980   -1.170326   -1.886289   -1.941348   -0.718532   -1.194550   13.356   21.958  -36.005 S_000003
  11 P    77.321  164.802   52.663   93.962 -151.646  -64.309   72.700   38.571   90.993  -27.337    0.261422   -1.329264   -0.679181   -0.823517   -1.398185   -1.756651   -1.881707   -0.592131   -1.280121   16.555   18.774  -37.577 S_000003
  12 H   -66.093 -179.137   54.676   85.350    0.000    0.000   69.278   35.392   95.448  -20.980    0.328912   -1.344528   -0.634565   -0.795212   -1.485780   -1.659382   -1.881669   -0.693505   -1.217251   12.158   14.450  -37.422 S_000003
SCORE:     0.000                  0.000          0          1          3    S_000004
   1 H     0.000  170.252   55.279   79.354 -142.226  -76.518   75.001   40.789   84.863  179.925    0.321482   -1.346526   -0.618975   -0.732705   -1.396346   -1.722107   -1.856118   -0.662947   -1.243529    3.794    0.984    0.238 S_000004
   2 N   -63.194 -153.085   66.196  147.154  -88.830  -79.825  152.846  -36.566  157.657   17.216    0.329094   -0.151824   -1.478272   -0.779020   -1.092504   -1.928634   -1.927748   -0.696692   -1.213756    8.213   -1.648   -3.979 S_000004
   3 N   -79.403  165.054   59.612   81.922 -158.657  -70.104  100.696   36.767   99.173 -122.161    0.313618   -1.412963   -0.470580   -0.799369   -1.644052   -1.493271   -1.853540   -0.745648   -1.194882    8.360   -1.376  -10.360 S_000004
   4 N   -65.607  151.132   55.022  142.521 -123.938  150.369  128.204  -34.713  154.606  145.456    0.347972   -0.194171   -1.474977   -0.785965   -1.114012   -1.921431   -1.930939   -0.704817   -1.202440    6.250    2.006  -14.360 S_000004
   5 P   -56.999  176.258   51.070   95.207 -109.699 -112.489  113.191   26.304  103.991   18.939    0.383943   -1.203690   -0.865591   -0.833248   -1.343841   -1.782906   -1.915710   -0.647343   -1.219600    3.063    3.078  -19.087 S_000004
   6 P  -109.262   88.349  166.970   83.859 -138.987  -65.973   58.939   33.360   96.071  179.884    0.351261   -1.321286   -0.667970   -0.790772   -1.481709   -1.670206   -1.882775   -0.720551   -1.203499    4.038    5.097  -24.766 S_000004
   7 P   -60.744  163.854   52.221   85.243 -143.645  -88.290  100.666   32.448  100.651 -108.083    0.342070   -1.345180   -0.633380   -0.817422   -1.541713   -1.613821   -1.889562   -0.713366   -1.203517    4.329    3.977  -30.612 S_000004
   8 P   -52.548  150.548   55.656   80.504 -142.930  -75.509   69.917   34.860  101.250  -15.174    0.332392   -1.386519   -0.543966   -0.798292   -1.596582   -1.543490   -1.834618   -0.689238   -1.227569    3.769    6.028  -36.139 S_000004
   9 P   -69.839  169.968   50.551   79.039 -140.070  -54.408   89.622   39.493   93.595 -138.375    0.296920   -1.403123   -0.510485   -0.782083   -1.560313   -1.583792   -1.852142   -0.700803   -1.229180    3.389   11.004  -39.923 S_000004
  10 N   -49.300  -65.835  -75.184   89.065 -153.930   73.897  147.854   22.689  110.770   -9.725    0.377831   -1.269018   -0.765795   -0.866210   -1.563574   -1.615588   -1.919024   -0.734584   -1.180848    5.588   16.193  -41.213 S_000004
  11 P   -70.959 -173.465   48.266   81.048 -141.134  -54.064   91.685   37.265   90.478  -22.449    0.321975   -1.373178   -0.572496   -0.778239   -1.529068   -1.619201   -1.872556   -0.725750   -1.207801    9.420   16.533  -37.590 S_000004
  12 H   -58.629  159.419   67.580   73.039    0.000    0.000   67.488   45.126   93.823   -5.651    0.238818   -1.477185   -0.235100   -0.768027   -1.720078   -1.351568   -1.782964   -0.740892   -1.205701   14.700   15.430  -35.923 S_000004
SCORE:     0.000                  0.000          0          0          2    S_000005
   1 H     0.000  170.252   55.279   85.106 -150.302  -65.831   58.105   37.664   89.198  -17.553    0.322455   -1.346544   -0.630299   -0.772929   -1.451199   -1.689893   -1.886280   -0.711882   -1.212150    3.794    0.984    0.238 S_000005
   2 N   -63.362 -146.499   44.353   91.380 -175.874  -89.715  132.553   32.770   93.101  171.704    0.347767   -1.302464   -0.706765   -0.812611   -1.429538   -1.701126   -1.919884   -0.728240   -1.171971    8.455   -1.890   -3.307 S_000005
   3 P  -113.048   87.793  161.757   80.761 -150.133  -80.079   56.362   38.461   90.815  179.915    0.317095   -1.375276   -0.571081   -0.772358   -1.505567   -1.636408   -1.873034   -0.714132   -1.212907   11.844   -2.096   -7.865 S_000005
   4 P   -79.032 -158.237   50.574   91.914   23.964  156.276  145.910   14.005  127.267   50.946    0.418038   -1.167590   -0.888886   -0.871974   -1.538318   -1.623598   -1.889385   -0.652158   -1.234011   17.573    0.388  -10.409 S_000005
   5 N   -65.607  151.132   55.022  142.521 -123.938  150.369  128.204  -34.713  154.606  145.456    0.347972   -0.194171   -1.474977   -0.785965   -1.114012   -1.921431   -1.930939   -0.704817   -1.202440   21.007    2.251  -15.443 S_000005
   6 P   -62.220 -170.501   48.305   82.433 -152.383  -66.841   72.057   34.249   97.389  179.941    0.335307   -1.361387   -0.599420   -0.803760   -1.551404   -1.604426   -1.890577   -0.739548   -1.192085   26.170    3.907  -17.817 S_000005
   7 P   178.525 -161.981   59.506  132.659 -106.900  -99.478  113.517  -19.017  137.169  179.893    0.391193   -0.481975   -1.388790   -0.857142   -1.180410   -1.932405   -1.962126   -0.691177   -1.203485   29.519    9.449  -19.357 S_000005
   8 N    73.705  127.976   47.384  138.933 -108.011  -95.589  164.736  -27.970  155.684 -160.127    0.419797   -0.212022   -1.441169   -0.767529   -0.997434   -1.971596   -1.901228   -0.694765   -1.214288   24.342    9.356  -23.208 S_000005
   9 N   -37.990  163.048  116.213  122.568 -115.505 -174.244  163.830  -31.679  174.331  167.562    0.344945   -0.631474   -1.349273   -0.848585   -1.582038   -1.508015   -1.957747   -0.765967   -1.172506   22.598   11.709  -28.816 S_000005
  10 N   -68.257  168.590   50.758   80.403 -145.713  -63.876   82.497   40.195   89.338  -22.998    0.308791   -1.381503   -0.555023   -0.757034   -1.493794   -1.644806   -1.857325   -0.702707   -1.225790   19.251   17.057  -29.885 S_000005
  11 N   156.266 -173.551   49.687   92.476 -139.874  -71.211  106.108   34.349   91.303  170.750    0.331092   -1.284105   -0.745518   -0.803708   -1.354398   -1.759629   -1.911619   -0.716314   -1.184254   13.642   18.343  -33.010 S_000005
  12 H   -67.378  156.321   59.411   79.380    0.000    0.000   95.912   38.290   98.787  179.957    0.299256   -1.423549   -0.459125   -0.794821   -1.643359   -1.506279   -1.845906   -0.728949   -1.216120   17.308   20.002  -37.427 S_000005
SCORE:     0.000                  0.000          0          1          5    S_000006
   1 H     0.000  170.252   55.279   73.392 -133.706  -82.200   73.467   43.179   91.019  -21.552    0.270853   -1.438726   -0.413043   -0.760512   -1.594897   -1.528259   -1.834127   -0.733545   -1.214320    3.794    0.984    0.238 S_000006
   2 P  -115.592   84.146  168.141   84.273 -145.206  -76.931   59.630   37.254   87.328  179.897    0.336002   -1.320977   -0.673449   -0.766332   -1.394336   -1.731604   -1.888981   -0.705901   -1.209775    7.425   -0.030   -4.522 S_000006
   3 P   -64.882 -168.243   40.328   82.456 -172.395  -65.534   93.327   30.800  105.510  -72.056    0.340724   -1.375252   -0.563315   -0.834893   -1.650746   -1.502271   -1.883856   -0.768006   -1.171307   11.942    2.390   -8.540 S_000006
   4 N   176.876  125.656   49.790   86.091 -142.933  -63.929   67.317   38.654   92.854  -25.910    0.311864   -1.349061   -0.625274   -0.773360   -1.429484   -1.693346   -1.869230   -0.663257   -1.235488   15.963    1.225  -13.897 S_000006
   5 P   173.765  133.136   53.125   79.933 -109.844  -72.939   50.598   33.492  102.935 -154.761    0.315101   -1.391429   -0.529799   -0.834462   -1.645214   -1.508530   -1.874126   -0.742831   -1.194613   20.784    4.472  -10.099 S_000006
   6 P   -70.188 -171.631   44.832   84.994 -146.466  -70.322   90.547   37.681   93.996 -177.154    0.315933   -1.362511   -0.608970   -0.776076   -1.482759   -1.660961   -1.864605   -0.691842   -1.222761   19.779    8.951  -14.784 S_000006
   7 N    53.210 -143.365  -37.819  125.943  152.637  168.395  105.225  -25.236  145.260   70.869    0.417236   -0.166805   -1.445975   -0.799684   -0.878923   -2.043016   -1.907019   -0.665964   -1.226820   16.516    8.244  -18.907 S_000006
   8 N   -53.792  178.325   46.432   82.335 -170.733  -61.828   86.354   37.490   91.029  -21.988    0.316261   -1.379088   -0.558191   -0.792852   -1.535508   -1.612208   -1.887302   -0.736778   -1.197371   16.528   14.176  -21.741 S_000006
   9 P   -67.129  170.883   54.717   80.245 -134.742  -61.670   78.190   40.054   92.412  -23.949    0.296325   -1.402014   -0.505725   -0.773214   -1.556269   -1.588210   -1.847832   -0.698966   -1.228719   16.876   18.419  -25.620 S_000006
  10 P   -70.815 -177.377   58.392   86.433 -143.680  -64.848   73.572   34.801   98.775 -157.138    0.327234   -1.321647   -0.655508   -0.800198   -1.457058   -1.672948   -1.877778   -0.673110   -1.228574   17.087   18.988  -31.898 S_000006
  11 P   -58.741  176.971   53.531   80.710 -140.995  -62.449   74.291   39.390   93.086  -24.570    0.294099   -1.413269   -0.485575   -0.788097   -1.594208   -1.556702   -1.861727   -0.728528   -1.210967   14.546   16.353  -36.782 S_000006
  12 H    97.027 -118.147 -165.614   84.836    0.000    0.000   79.852   35.878   97.856  -17.878    0.324504   -1.357229   -0.618067   -0.792231   -1.506565   -1.648437   -1.867765   -0.669937   -1.234941    9.992   14.691  -36.458 S_000006
SCORE:     0.000                  0.000          0          1          2    S_000007
   1 H     0.000  170.252   55.279   83.936 -142.664 -123.167   90.052   36.341   91.369  179.930    0.328560   -1.348422   -0.613684   -0.782955   -1.481091   -1.647215   -1.879483   -0.725812   -1.195083    3.794    0.984    0.238 S_000007
   2 P   -56.999  176.258   51.070   95.207 -109.699 -112.489  113.191   26.304  103.991   18.939    0.383943   -1.203690   -0.865591   -0.833248   -1.343841   -1.782906   -1.915710   -0.647343   -1.219600    8.382    0.837   -4.548 S_000007
   3 N  -120.680   77.050  178.407   82.567 -171.493  -63.211  -66.965   32.784  103.248  -74.213    0.340466   -1.378188   -0.552816   -0.815238   -1.627788   -1.526797   -1.868061   -0.734013   -1.200504    9.253    1.162  -10.674 S_000007
   4 P   177.046 -120.104  172.742   86.839 -106.859  -47.955   73.518   35.334   91.057  -24.982    0.346009   -1.311005   -0.680255   -0.775937   -1.416248   -1.710814   -1.891987   -0.700172   -1.211061   11.385    4.010  -15.934 S_000007
   5 P   -61.476  174.779   54.445   80.753 -140.415  -57.780   73.564   39.759   92.846 -161.112    0.294486   -1.402288   -0.518890   -0.778329   -1.551442   -1.595881   -1.851536   -0.697299   -1.231212   10.772    6.046  -21.321 S_000007
   6 P   -62.258  152.945   60.978   86.588 -119.246  -70.712   80.623   28.793  102.030  -13.583    0.365160   -1.285057   -0.743280   -0.827082   -1.476400   -1.685676   -1.905524   -0.708857   -1.197952    6.597    9.248  -23.327 S_000007
   7 P   -45.943  168.475   32.110   82.770 -154.871  -36.127   83.693   37.675   90.455 -134.035    0.299767   -1.369483   -0.571862   -0.800196   -1.513760   -1.623562   -1.894090   -0.739400   -1.187559    3.129   13.340  -20.525 S_000007
   8 P     0.000  114.643  171.239 -208.742  285.242   84.077  119.116  -43.786  163.574   18.413    0.357102   -0.108080   -1.469047   -0.652412   -1.175738   -1.826473   -1.849540   -0.743273   -1.185321    6.313   15.199  -18.519 S_000007
   9 N    61.168 -173.764 -155.208   82.252 -145.200  -63.629  -65.528   28.117  114.565  -10.825    0.339620   -1.380465   -0.566465   -0.883701   -1.674981   -1.454385   -1.810892   -0.640079   -1.249476    8.156   13.916  -22.220 S_000007
  10 P   -69.044  169.585   63.431  146.522 -103.523  138.199  120.958  -37.631  160.112 -137.286    0.335524   -0.262307   -1.458233   -0.762964   -1.256959   -1.815070   -1.923800   -0.759924   -1.175337   11.865   14.805  -26.934 S_000007
  11 P   106.829  173.111 -164.588  122.541 -127.754  -58.489  -15.690  -11.604  136.341 -127.577    0.410038   -0.684791   -1.304659   -0.867764   -1.308986   -1.857604   -1.961720   -0.712345   -1.191678   13.808   17.349  -32.535 S_000007
  12 H   -60.687  171.840   53.097   79.244    0.000    0.000   78.488   38.269   93.155   -1.123    0.330723   -1.365863   -0.584645   -0.756058   -1.479150   -1.640281   -1.846820   -0.683856   -1.233089   17.205   20.399  -36.447 S_000007
SCORE:     0.000                  0.000          0          2          3    S_000008
   1 H     0.000  170.252   55.279   82.296 -153.088  -79.658   79.143   39.229   94.306  -17.572    0.296214   -1.400206   -0.522619   -0.788790   -1.549372   -1.592842   -1.856422   -0.689858   -1.227169    3.794    0.984    0.238 S_000008
   2 P   -72.247 -173.354   59.778  125.051  -81.563  144.143  114.142  -23.906  154.559  112.729    0.373315   -0.561821   -1.381054   -0.860153   -1.374571   -1.778696   -1.959392   -0.698140   -1.203284    8.811   -1.150   -3.271 S_000008
   3 P   -82.934 -154.662   52.552   86.507 -152.899  -64.205   68.061   37.757   95.602  179.877    0.319046   -1.342530   -0.631789   -0.777442   -1.436103   -1.689670   -1.855423   -0.632303   -1.252439   13.423    0.988   -5.910 S_000008
   4 P   -72.297 -166.537   53.992   83.239 -140.539  -87.140   72.383   38.852   90.178  169.180    0.314610   -1.366786   -0.587028   -0.769904   -1.477704   -1.660173   -1.863896   -0.685581   -1.230269   15.047    4.276  -11.141 S_000008
   5 P   -54.285  157.741   63.173   80.919 -112.653   91.569   80.057   36.905   97.655  -22.351    0.329396   -1.355032   -0.607595   -0.777023   -1.473443   -1.644545   -1.849896   -0.658329   -1.241755   13.942    5.937  -16.888 S_000008
   6 N   -77.784  164.329   71.539   85.791 -150.630  -64.501   94.223   37.999   93.995  -22.205    0.307552   -1.355102   -0.617155   -0.780426   -1.445879   -1.662773   -1.836742   -0.643100   -1.247618   12.668    9.645  -15.090 S_000008
   7 P   -82.543  138.483   55.588   81.034 -136.534  -55.886   84.313   40.699   92.353 -146.160    0.290882   -1.399501   -0.531463   -0.764462   -1.527991   -1.622434   -1.845174   -0.695576   -1.230965   12.376   14.734  -12.637 S_000008
   8 P   -21.836 -133.217  170.749  150.760 -101.380  148.603   85.879  -35.796  157.468   18.461    0.335203   -0.167530   -1.474512   -0.789514   -1.103974   -1.927048   -1.929857   -0.698162   -1.203981   13.933   19.111  -16.279 S_000008
   9 N  -148.162  164.915  118.385  145.355 -109.323 -178.043  158.161  -25.949  134.973  153.436    0.357113   -0.162484   -1.477571   -0.854725   -0.883260   -2.080780   -1.943630   -0.688761   -1.201220   16.013   19.807  -22.039 S_000008
  10 N   -57.102  170.585   53.553   82.634 -148.890  -64.795   69.390   35.294   95.781  179.910    0.332818   -1.363736   -0.591995   -0.791683   -1.540046   -1.611039   -1.877011   -0.721078   -1.206279   13.597   20.582  -27.833 S_000008
  11 P   -49.025  149.557   47.078   82.750 -145.271  -69.033   88.614   38.480   94.073   -6.167    0.306466   -1.371193   -0.549439   -0.777829   -1.517522   -1.609426   -1.852501   -0.692208   -1.216353   13.302   19.880  -33.255 S_000008
  12 H   -74.965 -168.509   46.106   82.166    0.000    0.000   87.550   37.008   92.271 -140.088    0.329641   -1.354943   -0.607957   -0.773179   -1.491174   -1.657754   -1.873455   -0.707747   -1.215686   17.198   18.429  -38.266 S_000008
SCORE:     0.000                  0.000          0          0          2    S_000009
   1 H     0.000  170.252   55.279   99.076 -165.192  -42.773   83.252   37.830   78.063  -29.836    0.327350   -1.162797   -0.923487   -0.768529   -1.008047   -1.975632   -1.915789   -0.617993   -1.250012    3.794    0.984    0.238 S_000009
   2 P    98.504 -177.552 -100.440  115.146  -79.636  139.314  125.670   -2.276  134.690   68.781    0.430307   -0.893549   -1.154726   -0.874748   -1.418697   -1.737703   -1.936059   -0.686423   -1.196497    6.155   -3.838   -1.761 S_000009
   3 P   -56.791  177.354   40.256  115.622 -137.975  -29.598  139.101   -4.699  127.978   73.106    0.434207   -0.796441   -1.221408   -0.855712   -1.329577   -1.818973   -1.936965   -0.701536   -1.191423   11.151   -2.772   -0.137 S_000009
   4 P   -61.973  146.572   59.679   83.840 -126.171 -115.294   89.710   33.888   95.454 -133.440    0.325887   -1.344526   -0.638798   -0.819353   -1.512451   -1.643178   -1.897856   -0.720184   -1.199941   14.888   -2.386   -3.395 S_000009
   5 N   -67.790 -168.768   48.440   81.737 -147.438  -65.303   82.666   39.154   90.044  -21.665    0.307366   -1.369704   -0.587211   -0.772969   -1.476250   -1.663666   -1.872509   -0.691017   -1.229365   17.942   -1.636   -9.574 S_000009
   6 P     0.000 -178.219   75.956   85.948 -153.931  -66.939   64.844   32.024  101.186  115.390    0.349566   -1.340413   -0.647850   -0.814083   -1.539582   -1.627224   -1.897325   -0.720404   -1.207388   17.281    1.842  -14.001 S_000009
   7 N   -53.025 -171.133   66.197  118.744 -156.076 -125.935  159.063  -14.860  157.092  113.222    0.397896   -0.937453   -1.149838   -0.931285   -1.661409   -1.425729   -1.958412   -0.783663   -1.114398   19.262    4.087  -19.376 S_000009
   8 P   -67.504  172.757   62.089   75.146 -164.961  -67.510   65.431   38.145  103.921  179.913    0.289977   -1.463237   -0.329419   -0.810320   -1.764396   -1.345906   -1.807084   -0.760320   -1.200641   20.688    6.210  -25.426 S_000009
   9 N   145.347  171.087   72.732   87.248 -137.874  -64.753   78.090   37.209   95.088  -25.149    0.356584   -1.325644   -0.650579   -0.726947   -1.416177   -1.693166   -1.809044   -0.617771   -1.263976   25.156    7.693  -30.043 S_000009
  10 P   -45.966  178.017   51.717   85.770 -154.842  -81.732   83.870   36.247   93.863 -113.364    0.337688   -1.325308   -0.674438   -0.778495   -1.417283   -1.717768   -1.884316   -0.679296   -1.224250   24.596   13.465  -28.391 S_000009
  11 N     0.000 -102.284   74.943 -278.000  179.827 -105.775  150.924   26.521  115.296   30.912    0.339544   -1.383563   -0.558594   -0.879293   -1.732987   -1.416315   -1.849668   -0.719626   -1.212047   23.871   18.357  -26.568 S_000009
  12 H   -53.133  130.091   39.732   75.360    0.000    0.000   63.940   38.377   96.823    9.287    0.298540   -1.453487   -0.347621   -0.793601   -1.747027   -1.373498   -1.837348   -0.806991   -1.166164   23.243   20.661  -31.180 S_000009
SCORE:     0.000                  0.000          0          0          3    S_000010
   1 H     0.000  170.252   55.279   85.540 -153.291 -151.126 -166.783   39.663   89.942  -17.950    0.295312   -1.371400   -0.590876   -0.780787   -1.466983   -1.675672   -1.890234   -0.713618   -1.211313    3.794    0.984    0.238 S_000010
   2 P   -51.186  179.891   62.472  120.348 -101.473  103.578   87.246   -3.764  146.015  179.926    0.418556   -0.912380   -1.167616   -0.915029   -1.441860   -1.686733   -1.948867   -0.649246   -1.203192    7.394    2.398   -5.057 S_000010
   3 P   -86.192  138.858   60.509   83.535 -127.710  -69.736   54.568   34.169   99.968  179.883    0.333598   -1.367578   -0.594574   -0.803675   -1.567377   -1.597132   -1.870634   -0.718786   -1.208460    5.077    5.512   -5.616 S_000010
   4 P   156.623 -136.534  175.882   92.805  -55.416  -85.008   91.709   27.565  118.624  -31.947    0.332913   -1.391625   -0.546601   -0.877662   -1.716748   -1.412470   -1.832549   -0.688296   -1.237405    5.196   10.524   -9.232 S_000010
   5 P    34.262  -92.384 -109.688   89.167 -136.325  -61.254   58.981   34.939   89.502 -128.699    0.336323   -1.268819   -0.768644   -0.793902   -1.307888   -1.794684   -1.901583   -0.658341   -1.223486    3.891   12.260  -13.478 S_000010
   6 N    94.297 -161.509   44.607   79.454   71.734  154.504  124.839  -27.465  143.263  159.946    0.456885   -0.253791   -1.425996   -0.728404   -1.054585   -1.969449   -1.884297   -0.700686   -1.216607    1.475   11.427  -18.569 S_000010
   7 P    51.265  152.421   58.181   81.696 -119.164   54.680   86.174   37.451   95.899  -19.002    0.322867   -1.393070   -0.502289   -0.778958   -1.593168   -1.544969   -1.848508   -0.722348   -1.213696    6.515    7.838  -15.984 S_000010
   8 P   -73.608 -143.121   52.093   81.355 -133.779 -137.597   79.931   39.510   88.269  -17.148    0.313673   -1.368142   -0.592461   -0.761647   -1.464860   -1.676039   -1.866525   -0.695425   -1.231089    6.594   10.430  -20.121 S_000010
   9 P   -66.285  144.673   52.490   85.183 -135.090  -73.701   70.167   33.666  101.764  -14.429    0.334787   -1.367096   -0.588415   -0.814887   -1.569549   -1.580939   -1.885867   -0.731044   -1.191614    8.933    9.843  -25.931 S_000010
  10 N   -54.634  166.691   55.860   85.037 -129.609 -110.975  100.718   36.344   90.871  -25.109    0.330195   -1.325527   -0.673885   -0.781730   -1.420125   -1.717619   -1.889890   -0.686563   -1.224726   11.349   13.385  -30.260 S_000010
  11 P    73.583  129.317   56.736   81.475 -125.436  -58.311   82.562   41.017   91.165  -21.555    0.286803   -1.417512   -0.460146   -0.766846   -1.591800   -1.549695   -1.842222   -0.736024   -1.210252   16.823   17.185  -31.107 S_000010
  12 H   -39.943  178.376   47.413  136.583    0.000    0.000  126.266  -31.364  155.940   58.551    0.351546   -0.412053   -1.425045   -0.816078   -1.323783   -1.782875   -1.936954   -0.702246   -1.204282   19.886   18.012  -36.089 S_000010
