SEQUENCE: gaaaaaaag
SCORE:     score    rna_stub_coord_hack       N_WC      N_NWC       N_BS description
REMARK RNA 
SCORE:     6.703                  6.703          0          0          2    S_000001
   1 H     0.000  170.252   55.279   81.049 -155.605  -65.735   74.072   39.347   90.837 -169.088    0.313715   -1.378747   -0.560995   -0.762662   -1.501220   -1.637859   -1.858973   -0.694605   -1.231456    3.794    0.984    0.238 S_000001
   2 P   152.375  142.031   64.415  148.128 -115.647  144.438   99.872  -37.298  156.734  -84.147    0.331499   -0.157245   -1.479366   -0.767945   -1.115352   -1.917667   -1.916635   -0.734444   -1.191645    7.855   -2.778   -3.880 S_000001
   3 P   164.423 -126.231  176.251   91.863 -148.152  -95.447   90.726   36.141   94.787  -18.747    0.308216   -1.335123   -0.633984   -0.806988   -1.469271   -1.673926   -1.899392   -0.725780   -1.196649   12.495   -7.666   -3.129 S_000001
   4 P   151.662 -137.715  175.507   81.969 -118.435  -83.967   52.655   33.159   95.284  179.921    0.334731   -1.343047   -0.663849   -0.811778   -1.510047   -1.655492   -1.877990   -0.700603   -1.213749   16.490  -12.610   -1.720 S_000001
   5 N   -63.732 -162.617   46.504  124.474 -120.474 -178.619 -178.378  -29.312  162.193   14.820    0.348343   -0.717314   -1.310076   -0.851077   -1.636973   -1.469691   -1.923582   -0.796213   -1.146708   19.939  -17.201    1.828 S_000001
   6 P   161.921 -139.165  171.084  140.378 -102.348  161.473  147.689  -28.420  150.366   21.418    0.399046   -0.297674   -1.438023   -0.785233   -1.122437   -1.922316   -1.917220   -0.695077   -1.203103   21.035  -24.123    3.158 S_000001
   7 P   131.323 -172.365 -165.198   81.904 -159.485  -53.476   75.696   37.026   95.554   71.890    0.344578   -1.372737   -0.555252   -0.748434   -1.556579   -1.599391   -1.832656   -0.719597   -1.222243   25.615  -29.023    4.568 S_000001
   8 P  -166.924 -154.036  159.889   90.332 -178.658 -136.635   73.477   26.413  115.255    3.673    0.345049   -1.323606   -0.689620   -0.882069   -1.572952   -1.568229   -1.923026   -0.712384   -1.176451   29.416  -34.354    5.154 S_000001
   9 H   -68.574  173.371   58.111   78.672    0.000    0.000   74.119   47.227   90.819  -25.922    0.239844   -1.448861   -0.410558   -0.731957   -1.524705   -1.579462   -1.833447   -0.681632   -1.246877   34.460  -37.012    8.161 S_000001
SCORE:     6.868                  6.868          0          0          1    S_000002
   1 H     0.000  170.252   55.279   80.126 -150.382  -75.684   76.020   42.076   89.597 -178.391    0.282180   -1.409594   -0.491445   -0.760290   -1.533215   -1.599417   -1.846811   -0.695739   -1.231757    3.794    0.984    0.238 S_000002
   2 N    49.768 -151.672  161.870   83.101  151.471  173.587   99.969   29.881  102.127  -91.551    0.358826   -1.325480   -0.669894   -0.825511   -1.546052   -1.616867   -1.897946   -0.737026   -1.188716    8.024   -1.916   -1.757 S_000002
   3 P   157.623 -160.717 -173.530   81.732 -126.986  -78.095   55.873   33.182   99.599  179.890    0.356342   -1.333174   -0.647864   -0.788987   -1.511153   -1.645318   -1.868281   -0.712487   -1.211563    9.388   -8.184    1.208 S_000002
   4 P   171.747  153.395  159.041  148.712 -150.900 -143.856  163.298  -31.676  141.216  -34.261    0.335662   -0.099384   -1.482186   -0.823846   -0.920479   -2.044532   -1.934389   -0.708140   -1.198506   12.865  -13.056    4.894 S_000002
   5 P   -80.314 -173.596   56.882   86.088 -167.618  -79.046   89.256   37.208   91.369  179.912    0.323518   -1.351255   -0.627853   -0.778187   -1.467451   -1.680747   -1.893103   -0.725796   -1.204031   15.125  -19.016    7.469 S_000002
   6 P   -54.787  176.698   48.945   86.897 -164.498  -78.214   82.729   34.612   92.213  173.704    0.325572   -1.325097   -0.665891   -0.802741   -1.461187   -1.681164   -1.892083   -0.706656   -1.205985   18.542  -23.541    9.386 S_000002
   7 P  -170.283  161.190 -176.306  140.990 -163.860 -102.059  133.153  -32.306  149.951  165.152    0.350717   -0.168927   -1.477787   -0.803819   -1.029144   -1.981828   -1.933928   -0.657356   -1.225843   24.257  -27.052   10.760 S_000002
   8 P  -160.249  166.068  171.487   91.115 -136.630 -101.713   76.539   34.876   95.142  175.357    0.323572   -1.335492   -0.650661   -0.813480   -1.473315   -1.673547   -1.901744   -0.711585   -1.198626   29.145  -32.074   10.333 S_000002
   9 H   -55.962 -178.548   43.039   82.934    0.000    0.000   76.482   35.374   93.252 -170.064    0.332073   -1.359115   -0.592412   -0.787684   -1.539050   -1.614152   -1.881785   -0.744709   -1.191013   32.102  -37.946    9.524 S_000002
SCORE:     7.184                  7.184          0          0          1    S_000003
   1 H     0.000  170.252   55.279   75.208 -148.421  -77.386   67.927   41.978   93.217    9.789    0.272317   -1.444728   -0.404318   -0.776122   -1.634003   -1.500798   -1.842169   -0.744337   -1.202443    3.794    0.984    0.238 S_000003
   2 P   154.785  148.880   62.755  143.221 -118.428  172.337   94.118  -32.342  157.772   32.106    0.346938   -0.351961   -1.445871   -0.812180   -1.268003   -1.828910   -1.947184   -0.738139   -1.184255    7.685   -2.545   -4.398 S_000003
   3 N   140.751   78.375  147.908   85.219 -139.919 -122.587   67.224   27.161  117.339 -128.645    0.327420   -1.390343   -0.558417   -0.896324   -1.706978   -1.419161   -1.868152   -0.719232   -1.199857   11.872   -7.399   -1.970 S_000003
   4 P   167.223 -130.441 -178.374   82.295 -142.978  -73.235   69.197   37.374   94.578 -156.510    0.324684   -1.371068   -0.577949   -0.778213   -1.514777   -1.627160   -1.863633   -0.699814   -1.218037   16.614  -11.926    0.393 S_000003
   5 P  -172.604  161.126  159.864  155.138 -101.607 -139.360  -48.863  -40.948  155.621   78.591    0.319081    0.026124   -1.484098   -0.731166   -0.944630   -1.986654   -1.887978   -0.700564   -1.211859   21.791  -16.370    1.616 S_000003
   6 P   -41.996  137.944   52.289   81.237 -139.018  -76.820   72.057   35.150   97.143 -162.518    0.330075   -1.366779   -0.572002   -0.800476   -1.550509   -1.584188   -1.862632   -0.708604   -1.207770   25.289  -21.567    1.116 S_000003
   7 P   -29.328 -161.002   50.302   72.159 -162.475  -75.464  106.174   34.537  108.580  161.416    0.242098   -1.496942   -0.132705   -0.926296   -1.947219   -1.027584   -1.880216   -0.927115   -1.032110   30.776  -24.506    1.694 S_000003
   8 N  -148.162  164.915  118.385  145.355 -109.323 -178.043  158.161  -25.949  134.973  153.436    0.357113   -0.162484   -1.477571   -0.854725   -0.883260   -2.080780   -1.943630   -0.688761   -1.201220   34.091  -29.835    4.153 S_000003
   9 H   -67.441  164.636   57.114   78.303    0.000    0.000   70.125   45.237   96.858  179.928    0.275057   -1.421739   -0.482116   -0.720561   -1.483413   -1.627501   -1.777537   -0.594590   -1.285507   38.653  -34.128    3.521 S_000003
SCORE:     7.297                  7.297          0          0          0    S_000004
   1 H     0.000  170.252   55.279   78.776 -148.670  -69.030   78.339   43.191   93.442  179.896    0.246435   -1.427444   -0.484189   -0.789402   -1.532755   -1.606907   -1.851383   -0.666423   -1.263128    3.794    0.984    0.238 S_000004
   2 P    95.862 -150.045 -177.753  145.463 -163.746 -130.631  132.028  -25.964  134.716  -54.064    0.372792   -0.139680   -1.476267   -0.836576   -0.849905   -2.078892   -1.921957   -0.718372   -1.188673    7.125   -3.013   -1.842 S_000004
   3 N   -72.611 -175.292   47.588   80.293 -166.756  -91.353  111.062   42.270   81.066  179.938    0.325671   -1.339765   -0.646182   -0.704063   -1.347885   -1.772405   -1.865620   -0.708321   -1.234725   11.828   -6.967    0.874 S_000004
   4 P   171.747  153.395  159.041  148.712 -150.900 -143.856  163.298  -31.676  141.216  -34.261    0.335662   -0.099384   -1.482186   -0.823846   -0.920479   -2.044532   -1.934389   -0.708140   -1.198506   13.941  -13.129    3.444 S_000004
   5 P   178.953  121.420   60.039  137.761  -89.783  162.171   95.568  -36.201  164.047  -85.504    0.329547   -0.376318   -1.443259   -0.795164   -1.365299   -1.724089   -1.935867   -0.737984   -1.183291   17.425  -18.971    5.800 S_000004
   6 P  -166.643  174.429   51.009   94.950   50.074  146.761  125.488   22.751  101.125   56.346    0.414021   -1.135603   -0.926472   -0.821686   -1.305862   -1.810625   -1.936201   -0.726949   -1.176513   22.085  -22.789    8.567 S_000004
   7 N   -53.025 -171.133   66.197  118.744 -156.076 -125.935  159.063  -14.860  157.092  113.222    0.397896   -0.937453   -1.149838   -0.931285   -1.661409   -1.425729   -1.958412   -0.783663   -1.114398   28.458  -24.715    8.263 S_000004
   8 P   -68.973  175.912   54.157   82.195 -157.577  -68.204   82.559   38.865   91.366  179.910    0.315093   -1.374056   -0.575284   -0.763769   -1.498214   -1.644822   -1.866060   -0.707167   -1.225525   33.047  -29.490    8.323 S_000004
   9 H    63.558 -170.113  -56.662  -78.639    0.000    0.000  -74.601  -42.115  -87.567  179.894    0.271948   -1.422355    0.441358   -0.760400   -1.584990    1.534628   -1.860281   -0.761217    1.189596   35.695  -32.819   12.028 S_000004
SCORE:     7.220                  7.220          0          0          2    S_000005
   1 H     0.000  170.252   55.279   86.793 -152.276  -67.975   63.860   36.442   93.642  -19.061    0.336312   -1.327938   -0.630818   -0.757133   -1.470128   -1.674784   -1.854722   -0.705680   -1.220831    3.794    0.984    0.238 S_000005
   2 P  -167.631  177.125   63.936  148.721 -114.320  176.453   96.592  -39.276  160.663  -80.184    0.315889   -0.217056   -1.474414   -0.766409   -1.232285   -1.836424   -1.924195   -0.750433   -1.184996    7.987   -2.831   -3.518 S_000005
   3 N   102.646 -106.782 -177.883   86.385 -116.647 -103.702   49.278   41.604   82.327  -17.386    0.316437   -1.325925   -0.688483   -0.726073   -1.305038   -1.800455   -1.875543   -0.711621   -1.216310   10.484   -7.983   -1.249 S_000005
   4 P  -102.020 -172.946   56.794  148.553  -99.990   90.465  113.009  -34.851  151.096 -164.895    0.342690   -0.119789   -1.478966   -0.783144   -1.017018   -1.981591   -1.927727   -0.686465   -1.213194   13.650  -13.488    1.908 S_000005
   5 N   142.531 -133.070  155.122   84.070 -126.958  -78.167   53.380   33.395   92.183 -154.433    0.362469   -1.276649   -0.753847   -0.780352   -1.371336   -1.768302   -1.906329   -0.706404   -1.209605   16.889  -17.818    2.355 S_000005
   6 N   -68.854  179.949   51.797   86.182 -177.957  -70.180   81.957   36.561   92.789  -76.400    0.323781   -1.337857   -0.637829   -0.786409   -1.453937   -1.681399   -1.888909   -0.692281   -1.218331   21.147  -22.388    4.227 S_000005
   7 P  -136.706  108.987  172.003   86.392 -119.400  -80.189   66.267   34.029   94.186 -167.157    0.341290   -1.319331   -0.667623   -0.795253   -1.455996   -1.672842   -1.885326   -0.702152   -1.204760   23.721  -27.418    6.576 S_000005
   8 P  -172.604  161.126  159.864  155.138 -101.607 -139.360  -48.863  -40.948  155.621   78.591    0.319081    0.026124   -1.484098   -0.731166   -0.944630   -1.986654   -1.887978   -0.700564   -1.211859   26.731  -33.504    8.316 S_000005
   9 H    48.669 -155.031 -161.971  146.889    0.000    0.000  -31.440  -38.092  162.361   31.491    0.335801   -0.215227   -1.473983   -0.756409   -1.205346   -1.854437   -1.920006   -0.744546   -1.190507   29.596  -38.516   11.402 S_000005
SCORE:     7.151                  7.151          0          0          1    S_000006
   1 H     0.000  170.252   55.279   81.947 -142.226  -73.551   83.614   38.791   92.550  -28.541    0.322965   -1.369058   -0.581138   -0.758154   -1.489504   -1.652926   -1.854868   -0.685576   -1.238633    3.794    0.984    0.238 S_000006
   2 N    63.165 -148.907  162.648   88.468  177.143 -109.835 -173.632   35.131   94.559 -174.812    0.332095   -1.319483   -0.674770   -0.791522   -1.436878   -1.700008   -1.888918   -0.679142   -1.230311    7.382   -2.603   -1.879 S_000006
   3 P   165.278  167.371  175.594   83.822 -158.281  -75.127   89.459   36.330   91.172 -137.030    0.339110   -1.327173   -0.662258   -0.772025   -1.433257   -1.708364   -1.881501   -0.696938   -1.221572   10.914   -7.937    0.752 S_000006
   4 N  -148.162  164.915  118.385  145.355 -109.323 -178.043  158.161  -25.949  134.973  153.436    0.357113   -0.162484   -1.477571   -0.854725   -0.883260   -2.080780   -1.943630   -0.688761   -1.201220   14.887  -12.787    3.320 S_000006
   5 N   140.409 -177.058  166.147  127.764  -83.121 -100.912  123.489  -20.721  136.478  -80.143    0.432444   -0.202361   -1.451235   -0.814471   -0.824471   -2.084192   -1.921199   -0.667198   -1.221491   20.022  -17.665    4.200 S_000006
   6 P  -107.482   87.708  170.289   85.388 -143.551  -50.124   59.353   32.890   97.715  -10.667    0.345255   -1.322462   -0.672137   -0.806763   -1.487796   -1.668591   -1.895264   -0.707545   -1.212270   23.689  -22.267    5.883 S_000006
   7 P  -166.898   57.415  164.201   84.573 -140.977  -65.616   66.700   35.291   96.775  -22.631    0.321818   -1.367659   -0.593412   -0.810656   -1.539393   -1.613780   -1.888899   -0.719215   -1.201128   25.991  -28.502    5.293 S_000006
   8 N   -73.735 -169.010   53.850   91.628 -165.481  -82.950  104.585   32.152   97.825 -125.001    0.349956   -1.271522   -0.756479   -0.811765   -1.378867   -1.748103   -1.902631   -0.650871   -1.230306   28.664  -34.332    4.423 S_000006
   9 H   -77.868 -162.281   41.955   76.956    0.000    0.000   79.195   38.870   90.500  -72.607    0.294776   -1.411246   -0.490707   -0.790303   -1.598554   -1.551034   -1.862971   -0.754060   -1.184069   33.169  -39.057    5.201 S_000006
SCORE:     7.254                  7.254          0          0          0    S_000007
   1 H     0.000  170.252   55.279   79.396 -154.938  -69.860   70.761   42.130   91.129   82.696    0.270588   -1.429249   -0.450620   -0.776176   -1.577572   -1.554092   -1.833801   -0.678070   -1.240678    3.794    0.984    0.238 S_000007
   2 N   170.343  175.085   54.160  146.594 -133.919 -111.753  115.086  -36.230  158.721  170.984    0.326462   -0.208124   -1.474965   -0.794421   -1.162409   -1.887781   -1.940970   -0.734600   -1.182132    8.018   -2.765   -3.498 S_000007
   3 P  -110.558   87.594  168.161   82.885 -125.116  -73.697   57.084   39.218   87.352  -14.513    0.341010   -1.329107   -0.655459   -0.729519   -1.384713   -1.740302   -1.877693   -0.733523   -1.201525   11.939   -6.073   -0.339 S_000007
   4 N  -174.783  120.716  177.399  150.472 -127.479 -150.643  -46.738  -38.379  156.036  172.165    0.295515   -0.075973   -1.493365   -0.801078   -1.032701   -1.963612   -1.942754   -0.690149   -1.211052   16.631  -11.199    0.474 S_000007
   5 P   106.829  173.111 -164.588  122.541 -127.754  -58.489  -15.690  -11.604  136.341 -127.577    0.410038   -0.684791   -1.304659   -0.867764   -1.308986   -1.857604   -1.961720   -0.712345   -1.191678   20.912  -16.902   -0.260 S_000007
   6 P  -172.604  161.126  159.864  155.138 -101.607 -139.360  -48.863  -40.948  155.621   78.591    0.319081    0.026124   -1.484098   -0.731166   -0.944630   -1.986654   -1.887978   -0.700564   -1.211859   23.789  -21.646    3.572 S_000007
   7 P   -82.614 -168.136   51.861   87.571 -148.550  -77.218   87.366   37.777   87.247  160.980    0.323666   -1.337693   -0.630132   -0.770643   -1.442281   -1.695740   -1.894174   -0.727023   -1.205181   28.430  -25.296    7.389 S_000007
   8 P   -83.701 -126.382  174.367   82.597 -141.195  -77.743   85.333   36.881   96.270  174.334    0.315541   -1.381866   -0.574896   -0.795241   -1.544139   -1.617953   -1.869527   -0.718731   -1.207762   29.749  -32.105    7.650 S_000007
   9 H   -63.024 -174.975   46.870   76.104    0.000    0.000   79.387   41.467   92.862  123.941    0.288913   -1.425182   -0.450366   -0.763789   -1.594819   -1.548506   -1.827671   -0.702346   -1.236244   33.712  -36.719    9.809 S_000007
SCORE:     6.841                  6.841          0          1          2    S_000008
   1 H     0.000  170.252   55.279   83.326 -140.490  -55.700   69.249   33.565  101.071  -22.726    0.319920   -1.393906   -0.525979   -0.833945   -1.647715   -1.508829   -1.887390   -0.754911   -1.178696    3.794    0.984    0.238 S_000008
   2 P    70.071  166.627   76.481  149.942 -116.503 -179.608  101.181  -39.177  161.116   29.099    0.300194   -0.164801   -1.482018   -0.777516   -1.159843   -1.889954   -1.931766   -0.730120   -1.194241    5.747   -3.824   -2.382 S_000008
   3 P   -71.383  151.973   48.207  147.060 -131.753 -161.855  100.068  -36.188  155.861   33.256    0.337325   -0.228092   -1.466943   -0.778700   -1.188977   -1.879295   -1.928081   -0.757037   -1.174951    7.722   -9.315   -0.605 S_000008
   4 P  -141.884 -153.218   68.457  142.369  -78.259 -147.876  139.504  -33.072  154.475   16.775    0.336963   -0.296650   -1.449887   -0.804312   -1.209831   -1.869476   -1.932761   -0.730949   -1.184057   10.487  -15.822    1.283 S_000008
   5 N   -98.041 -137.837  155.725  158.717  -99.849  162.372  109.093  -41.754  160.788   52.267    0.289315   -0.001541   -1.489878   -0.763911   -1.005286   -1.960819   -1.921518   -0.690989   -1.218223   13.909  -20.139    5.579 S_000008
   6 P   140.004 -161.511  172.648   87.535 -135.875 -127.774  -63.089   27.673  113.365  -21.649    0.351703   -1.359808   -0.617725   -0.860422   -1.647064   -1.511100   -1.888219   -0.728269   -1.197425   17.866  -24.441    9.173 S_000008
   7 P  -167.200 -131.423  135.280   86.839 -158.875  -75.765  140.250   35.968   93.284  179.910    0.320765   -1.347235   -0.643969   -0.800359   -1.472294   -1.679922   -1.904488   -0.726813   -1.197436   22.827  -29.532   10.619 S_000008
   8 P   -70.392 -168.786   67.400  152.714  -79.917 -130.447  140.795  -39.652  156.097   50.861    0.325405   -0.132539   -1.474602   -0.745567   -1.130274   -1.890448   -1.904953   -0.748656   -1.182195   24.733  -35.573   11.667 S_000008
   9 H  -134.826 -179.994  104.609   78.010    0.000    0.000   70.545   37.170   92.803  179.933    0.349138   -1.372244   -0.568692   -0.750763   -1.527638   -1.614003   -1.838977   -0.717460   -1.218429   27.854  -41.988   11.896 S_000008
SCORE:     7.104                  7.104          0          1          0    S_000009
   1 H     0.000  170.252   55.279   80.523 -165.921  -84.364   78.417   33.568   99.628  -64.802    0.331416   -1.392347   -0.515432   -0.819163   -1.650203   -1.495209   -1.883522   -0.783220   -1.157558    3.794    0.984    0.238 S_000009
   2 N    81.810   96.399  179.737  138.491 -124.187  -94.581  129.145  -33.210  159.316 -113.260    0.341602   -0.402280   -1.434480   -0.812094   -1.345353   -1.762200   -1.942816   -0.721506   -1.192058    7.531   -2.889   -2.830 S_000009
   3 P   -57.485  160.139   75.855  150.070 -129.358 -140.723  124.656  -40.385  156.749  145.069    0.321419   -0.067867   -1.491898   -0.742948   -1.064012   -1.946365   -1.896169   -0.757348   -1.185391    9.724   -8.569   -1.005 S_000009
   4 P   -50.484 -176.503   35.125  140.764 -157.779 -130.731   88.154  -32.121  150.570 -155.790    0.351864   -0.261336   -1.460342   -0.801800   -1.148146   -1.917020   -1.938761   -0.729367   -1.186107   13.738  -13.032    2.029 S_000009
   5 P   -61.825  177.435   45.955   80.707  173.723  -86.409   86.252   37.610   95.498   89.948    0.299124   -1.422839   -0.416341   -0.803765   -1.680273   -1.444527   -1.850835   -0.775121   -1.172278   16.717  -17.990    5.173 S_000009
   6 P   -87.787  177.868   72.488  125.142 -164.828 -151.898  111.548  -19.213  150.164  -29.735    0.411216   -0.574601   -1.357123   -0.857597   -1.302692   -1.814919   -1.954673   -0.693383   -1.189634   19.564  -22.907    7.548 S_000009
   7 P  -177.185 -173.566  155.371  145.456  -98.754  179.352  138.838  -24.197  141.689  170.602    0.366879   -0.185448   -1.467973   -0.847005   -0.869502   -2.069646   -1.938630   -0.653402   -1.218242   22.339  -28.139   11.764 S_000009
   8 P   167.223 -130.441 -178.374   82.295 -142.978  -73.235   69.197   37.374   94.578 -156.510    0.324684   -1.371068   -0.577949   -0.778213   -1.514777   -1.627160   -1.863633   -0.699814   -1.218037   26.592  -32.972   14.676 S_000009
   9 H   -94.303   47.241  172.065   86.867    0.000    0.000   56.453   42.837   78.185  -31.371    0.333044   -1.299494   -0.718927   -0.695242   -1.210469   -1.840743   -1.868370   -0.717576   -1.212277   31.297  -35.238   16.023 S_000009
SCORE:     7.491                  7.491          0          0          2    S_000010
   1 H     0.000  170.252   55.279   84.282 -150.062  -66.827   66.015   41.339   86.709  167.914    0.294240   -1.361920   -0.622873   -0.758054   -1.399791   -1.731476   -1.883189   -0.698434   -1.223841    3.794    0.984    0.238 S_000010
   2 P   -71.383  151.973   48.207  147.060 -131.753 -161.855  100.068  -36.188  155.861   33.256    0.337325   -0.228092   -1.466943   -0.778700   -1.188977   -1.879295   -1.928081   -0.757037   -1.174951    8.312   -1.770   -2.100 S_000010
   3 P   -64.573  155.770   61.343   82.885 -137.117  -71.466   75.479   37.714   92.992 -123.425    0.319547   -1.366062   -0.583992   -0.776089   -1.499815   -1.636900   -1.872525   -0.706492   -1.217922   12.569   -6.250   -0.685 S_000010
   4 P  -109.232   71.866  159.311   78.063 -116.876  -48.679   57.545   41.003   90.822  -17.005    0.300915   -1.410422   -0.477988   -0.755299   -1.570649   -1.574188   -1.839175   -0.712683   -1.227739   16.316  -10.673   -0.798 S_000010
   5 N  -139.048  166.464  170.340   86.512 -154.158  -65.732   70.175   34.223   96.956   10.890    0.341865   -1.327089   -0.657684   -0.792520   -1.472840   -1.667874   -1.873415   -0.684865   -1.220649   19.125  -16.087    1.258 S_000010
   6 P  -173.910 -150.992  149.500  127.998 -128.911 -142.558   91.482   -6.193  136.127   15.787    0.408280   -0.788743   -1.262842   -0.923571   -1.317920   -1.806812   -1.984235   -0.740556   -1.116661   21.581  -22.027    2.974 S_000010
   7 P   139.421   99.903  167.645   88.729 -152.217  -69.641   88.735   35.678   89.523  177.526    0.326064   -1.301859   -0.702283   -0.796219   -1.383460   -1.739469   -1.902064   -0.690550   -1.208633   24.424  -28.516    4.466 S_000010
   8 P  -170.283  161.190 -176.306  140.990 -163.860 -102.059  133.153  -32.306  149.951  165.152    0.350717   -0.168927   -1.477787   -0.803819   -1.029144   -1.981828   -1.933928   -0.657356   -1.225843   27.926  -34.375    3.883 S_000010
   9 H   -59.090  176.210   49.320   81.920    0.000    0.000   69.635   37.522   95.877  179.934    0.320536   -1.364980   -0.597228   -0.776706   -1.503870   -1.654306   -1.865486   -0.682241   -1.244941   30.355  -39.597    6.478 S_000010
