SEQUENCE: gaaaaaaaaaaaaaaaaaag
SCORE:     score    rna_stub_coord_hack       N_WC      N_NWC       N_BS description
REMARK RNA 
SCORE:     1.852                  1.852          0          2          1    S_000001
   1 H     0.000  170.252   55.279   79.438 -139.128  -85.828   64.673   38.246   93.805  179.914    0.314744   -1.397286   -0.504036   -0.777059   -1.572710   -1.552797   -1.868109   -0.745686   -1.190412    3.794    0.984    0.238 S_000001
   2 P  -103.705  169.953   80.520   84.963 -124.738  -58.975   83.197   39.468   91.240  157.845    0.362486   -1.333783   -0.641634   -0.698149   -1.390356   -1.723136   -1.813186   -0.651936   -1.250517    8.204   -1.455   -4.223 S_000001
   3 P   -74.070 -162.683   58.938   85.949 -161.150  -82.318   74.400   34.114   95.367  172.296    0.339187   -1.326136   -0.677253   -0.801320   -1.456610   -1.686934   -1.897513   -0.697536   -1.214358    8.135   -7.377   -6.867 S_000001
   4 P   171.747  153.395  159.041  148.712 -150.900 -143.856  163.298  -31.676  141.216  -34.261    0.335662   -0.099384   -1.482186   -0.823846   -0.920479   -2.044532   -1.934389   -0.708140   -1.198506    4.717  -11.586  -11.250 S_000001
   5 N   162.014 -131.847   71.635  144.691  -74.220  157.849  117.210  -35.903  158.762 -158.797    0.307316   -0.219185   -1.475066   -0.808982   -1.162266   -1.890342   -1.953377   -0.714864   -1.198395    0.402  -16.785  -13.150 S_000001
   6 P   166.333  138.365   55.118  155.106 -121.207  176.665  100.537  -39.471  163.515  -78.552    0.339397   -0.011283   -1.487644   -0.733583   -0.968631   -1.983361   -1.893865   -0.720697   -1.225198   -5.247  -19.715  -13.011 S_000001
   7 N   167.952 -167.959  154.203  145.211 -155.376 -167.633   19.536  -32.174  148.043  -55.599    0.332777   -0.133501   -1.484945   -0.828850   -0.980089   -2.013944   -1.953344   -0.695714   -1.205944   -8.273  -26.072  -11.753 S_000001
   8 P   -66.879  175.877   42.777  106.507 -169.227 -102.279   95.320   12.598  112.221 -152.708    0.411186   -1.049045   -1.027559   -0.849382   -1.387630   -1.805285   -1.938393   -0.717014   -1.198510  -12.542  -30.789  -13.280 S_000001
   9 P   -77.852  174.106   60.364   85.695 -171.662 -102.994   92.865   37.618   91.226  -95.911    0.304612   -1.348555   -0.634563   -0.789831   -1.469263   -1.700595   -1.900645   -0.744972   -1.198293  -16.135  -35.935  -14.533 S_000001
  10 P   139.421   99.903  167.645   88.729 -152.217  -69.641   88.735   35.678   89.523  177.526    0.326064   -1.301859   -0.702283   -0.796219   -1.383460   -1.739469   -1.902064   -0.690550   -1.208633  -17.764  -42.833  -13.897 S_000001
  11 P   -66.705  149.862   70.589   77.562 -130.817  -74.281   72.020   39.553  102.481  -30.494    0.215939   -1.458030   -0.297844   -0.864962   -1.724104   -1.309966   -1.841476   -0.684436   -1.198267  -18.151  -48.521  -13.660 S_000001
  12 P  -115.592   84.146  168.141   84.273 -145.206  -76.931   59.630   37.254   87.328  179.897    0.336002   -1.320977   -0.673449   -0.766332   -1.394336   -1.731604   -1.888981   -0.705901   -1.209775  -18.618  -54.345  -15.205 S_000001
  13 P   138.275 -159.615 -170.410   75.004 -145.366  -68.236   62.058   40.630   97.171  178.676    0.268294   -1.443452   -0.403226   -0.793807   -1.677579   -1.480927   -1.819617   -0.725120   -1.219220  -21.250  -60.093  -16.076 S_000001
  14 N   -54.905 -179.787   52.984  131.374 -128.896  154.073  112.781  -21.146  143.722   17.580    0.415467   -0.432599   -1.404669   -0.834394   -1.156775   -1.922437   -1.939965   -0.702808   -1.188959  -24.863  -64.416  -18.544 S_000001
  15 P   -76.171 -175.240   50.603   79.359 -153.704  -73.430   78.015   39.338   93.105 -150.197    0.298812   -1.412065   -0.486084   -0.782601   -1.590734   -1.554606   -1.858443   -0.728719   -1.210451  -28.313  -69.349  -17.517 S_000001
  16 P   160.815  105.099   88.582   92.840 -161.979 -164.996   83.120   14.294  126.435  -66.900    0.405061   -1.212048   -0.841187   -0.889406   -1.604759   -1.561045   -1.922890   -0.729780   -1.183130  -28.239  -76.344  -18.490 S_000001
  17 P   152.804  179.450  178.912   87.198 -154.572  -78.725   73.493   37.836   90.078  169.479    0.323288   -1.361977   -0.597100   -0.768408   -1.488119   -1.654360   -1.884994   -0.739724   -1.191211  -32.519  -81.647  -20.944 S_000001
  18 P   -78.331 -158.299   44.702   85.904 -161.500  -59.269   77.283   35.708   94.785   -4.196    0.335083   -1.353583   -0.603350   -0.783391   -1.516533   -1.633087   -1.886294   -0.730671   -1.198368  -36.548  -86.386  -23.395 S_000001
  19 P  -105.078  140.016   84.182   76.124  116.326   41.297   60.455   40.086   86.082   89.936    0.319188   -1.349916   -0.589557   -0.748438   -1.422368   -1.677083   -1.849254   -0.686549   -1.252037  -40.122  -90.822  -22.062 S_000001
  20 H   -52.099  162.093   58.071   80.807    0.000    0.000   75.115   40.053   94.713   -5.035    0.292294   -1.415404   -0.460446   -0.778921   -1.596588   -1.534609   -1.833008   -0.707160   -1.230659  -37.267  -94.281  -19.894 S_000001
SCORE:     2.286                  2.286          0          2          3    S_000002
   1 H     0.000  170.252   55.279   80.800 -150.666  -73.821   76.900   41.473   92.459   93.828    0.315074   -1.398966   -0.484780   -0.727366   -1.535450   -1.580860   -1.838628   -0.693523   -1.210956    3.794    0.984    0.238 S_000002
   2 N   126.880 -131.531   61.542  100.320  -19.793 -178.913   88.428   13.838  123.484  -16.596    0.405521   -1.164500   -0.916349   -0.893892   -1.515909   -1.645893   -1.944251   -0.703429   -1.189443    6.911   -3.220   -2.106 S_000002
   3 N  -107.507  -97.692  150.550  132.994  -78.491  149.706  111.973  -29.202  163.078 -109.175    0.395356   -0.491001   -1.387463   -0.800697   -1.378734   -1.702824   -1.922681   -0.722138   -1.183556    3.893   -8.427   -1.018 S_000002
   4 N   -91.137  174.011   39.461  122.879 -107.467 -115.355  173.872  -25.454  155.770  -94.289    0.363237   -0.731621   -1.302107   -0.870686   -1.595833   -1.531918   -1.926839   -0.760508   -1.157110   -0.072  -12.451    0.047 S_000002
   5 P   -53.590 -118.383 -174.901   88.070 -124.960  -90.479   80.937   33.599   96.423 -172.119    0.360674   -1.302089   -0.704411   -0.780274   -1.426666   -1.714691   -1.886602   -0.687804   -1.221945   -2.821  -17.602    3.557 S_000002
   6 N   -97.944  144.143  116.364  107.390 -146.299  170.116   62.722   -5.024  141.666   18.042    0.428033   -0.968284   -1.110263   -0.900109   -1.566329   -1.597061   -1.953408   -0.750813   -1.156653   -7.141  -22.394    2.987 S_000002
   7 P   -71.783  168.452   63.047   81.256 -128.741  -68.628   76.228   38.075   90.677 -116.001    0.326252   -1.350727   -0.620254   -0.761089   -1.448108   -1.678470   -1.854921   -0.684764   -1.227296   -7.377  -28.597    3.714 S_000002
   8 P   -46.848  173.047   58.649   81.616 -147.491 -113.650   75.970   26.460  116.195   -7.778    0.343969   -1.397167   -0.529892   -0.885376   -1.751831   -1.377590   -1.858804   -0.747387   -1.189903  -10.462  -33.818    3.436 S_000002
   9 N  -175.892  156.188  156.478   83.886 -138.147  -59.561   62.396   30.267  100.304  -18.903    0.356262   -1.310652   -0.690545   -0.814152   -1.515858   -1.645970   -1.890391   -0.720789   -1.206949  -13.215  -39.722    0.268 S_000002
  10 P  -167.703 -174.030 -172.706  150.262  -82.754  -98.128  162.319  -37.418  153.934  -96.537    0.341290   -0.123580   -1.479847   -0.753212   -1.075808   -1.949425   -1.900641   -0.697829   -1.213259  -17.896  -42.581   -3.582 S_000002
  11 N  -161.912  144.831  163.138   87.020 -163.361  -72.898   66.879   36.893   92.007  -14.838    0.313333   -1.374187   -0.573869   -0.796398   -1.534179   -1.616031   -1.894495   -0.762736   -1.174099  -21.042  -48.285   -6.061 S_000002
  12 N   -56.971  153.570   56.017   90.278 -176.240 -115.163   79.715   39.462   95.358 -126.721    0.314034   -1.294961   -0.734265   -0.728566   -1.323899   -1.826231   -1.853260   -0.638490   -1.263668  -24.145  -52.342   -8.296 S_000002
  13 P  -172.604  161.126  159.864  155.138 -101.607 -139.360  -48.863  -40.948  155.621   78.591    0.319081    0.026124   -1.484098   -0.731166   -0.944630   -1.986654   -1.887978   -0.700564   -1.211859  -27.507  -56.933  -12.440 S_000002
  14 P   137.238 -162.011  170.414   77.083 -119.762  -84.658   73.087   41.820   87.462 -160.497    0.298464   -1.398778   -0.505636   -0.747356   -1.513239   -1.613197   -1.841912   -0.717065   -1.217667  -31.310  -61.322  -16.530 S_000002
  15 N   -96.419 -145.696   47.458  149.216  -72.087   92.691  121.941  -37.449  156.218   31.738    0.329226   -0.171112   -1.475378   -0.771710   -1.139296   -1.904163   -1.921100   -0.749882   -1.178349  -31.622  -68.098  -18.512 S_000002
  16 P   150.796 -161.910  178.356   86.097 -139.863  -62.292   43.499   34.285   97.369  -16.376    0.353702   -1.328244   -0.654287   -0.777898   -1.480747   -1.669247   -1.872892   -0.706980   -1.209412  -33.976  -72.654  -19.743 S_000002
  17 P   -83.817 -165.948   50.621   84.595 -172.033  -63.456   97.924   34.138   94.485  -71.652    0.318930   -1.359460   -0.623136   -0.828722   -1.525279   -1.624664   -1.912333   -0.729237   -1.186193  -37.893  -77.642  -21.410 S_000002
  18 P   -49.585  178.345   51.079   84.861 -148.937  -84.479   69.911   37.232   89.885  -16.889    0.311727   -1.352427   -0.630947   -0.797964   -1.454949   -1.681773   -1.889637   -0.691654   -1.213543  -38.521  -83.306  -21.292 S_000002
  19 P   -53.982  175.499   58.101   69.370 -168.827  -83.451   78.681   38.769  106.876 -133.947    0.241743   -1.499270   -0.131829   -0.868124   -1.900732   -1.112730   -1.759431   -0.806190   -1.173860  -38.543  -89.396  -19.878 S_000002
  20 H   -63.341  164.884   50.661   81.810    0.000    0.000   80.149   37.369   94.211  179.895    0.323055   -1.369213   -0.582799   -0.779476   -1.513329   -1.634278   -1.867864   -0.699897   -1.223258  -38.911  -95.114  -18.424 S_000002
SCORE:     1.430                  1.430          0          0          2    S_000003
   1 H     0.000  170.252   55.279   82.699 -153.676  -69.853   70.007   37.699   93.642 -150.066    0.311965   -1.350560   -0.625990   -0.786636   -1.450364   -1.681564   -1.866528   -0.654948   -1.239218    3.794    0.984    0.238 S_000003
   2 N    28.230  116.858  -64.042   86.086 -177.369  -76.523   33.822   29.660  101.355  -60.184    0.357288   -1.295361   -0.727268   -0.825279   -1.487446   -1.683047   -1.903784   -0.710823   -1.208443    6.595   -3.020   -1.476 S_000003
   3 P  -171.138 -159.674  155.788   87.190 -128.050 -166.775   84.303   35.145   89.823 -155.916    0.321597   -1.298553   -0.720453   -0.812913   -1.374949   -1.752188   -1.910608   -0.679834   -1.214896    2.556   -8.241   -2.161 S_000003
   4 P    62.159  178.988 -170.619  149.965 -103.312 -145.757  126.991  -39.736  164.357  173.689    0.323159   -0.192725   -1.473024   -0.749767   -1.208730   -1.842314   -1.917217   -0.720585   -1.212069   -0.278  -13.897   -4.607 S_000003
   5 P  -141.438 -173.059   59.783   86.819   64.242  123.802  129.505   17.004  123.499   57.036    0.418770   -1.172726   -0.880056   -0.860914   -1.479592   -1.655423   -1.888016   -0.619308   -1.243832   -3.883  -20.118   -5.550 S_000003
   6 N   -56.633 -172.257   43.111   77.565 -142.684  -76.521   89.517   37.985   92.006   89.922    0.308213   -1.398710   -0.515416   -0.788317   -1.579048   -1.565151   -1.870974   -0.745402   -1.185505   -6.235  -24.980   -1.891 S_000003
   7 N  -173.868 -178.616  179.685   86.902 -146.045  -72.431   81.778   39.756   88.577  -12.629    0.302540   -1.355778   -0.621490   -0.770300   -1.422934   -1.707921   -1.886028   -0.702878   -1.216575  -11.137  -29.076   -4.527 S_000003
   8 P  -132.578  112.156  159.719   83.112 -139.596  -55.743   63.268   39.050   85.758 -170.047    0.307700   -1.343453   -0.643900   -0.775243   -1.385486   -1.708759   -1.884896   -0.676455   -1.222422  -15.038  -33.727   -6.579 S_000003
   9 P   -77.138  -83.560  -80.628   83.675 -177.761  -62.493  110.043   37.581   92.298  -80.739    0.303137   -1.380284   -0.557754   -0.794344   -1.542181   -1.605678   -1.879562   -0.723173   -1.208133  -18.297  -39.243   -8.081 S_000003
  10 N   -98.041 -137.837  155.725  158.717  -99.849  162.372  109.093  -41.754  160.788   52.267    0.289315   -0.001541   -1.489878   -0.763911   -1.005286   -1.960819   -1.921518   -0.690989   -1.218223  -22.046  -42.054  -12.780 S_000003
  11 N   -70.274  176.877   55.034   84.353 -139.400  -71.809   83.607   38.125   89.802   82.645    0.318078   -1.348439   -0.626488   -0.776581   -1.443209   -1.693825   -1.887714   -0.698039   -1.217954  -24.395  -47.544  -13.578 S_000003
  12 P    55.198 -135.935  -63.314  129.823 -138.133 -122.026  -50.037  -24.590  146.871 -177.812    0.430171   -0.232990   -1.446075   -0.790036   -0.956098   -2.016309   -1.909673   -0.700146   -1.206941  -24.565  -52.042  -16.265 S_000003
  13 P   -74.542  146.819   78.900   74.344 -160.835  -73.494   77.061   41.869   95.739  111.628    0.253664   -1.470333   -0.301226   -0.800546   -1.735808   -1.379261   -1.808842   -0.755634   -1.201736  -27.255  -57.798  -16.113 S_000003
  14 P   -83.817 -165.948   50.621   84.595 -172.033  -63.456   97.924   34.138   94.485  -71.652    0.318930   -1.359460   -0.623136   -0.828722   -1.525279   -1.624664   -1.912333   -0.729237   -1.186193  -29.559  -63.736  -17.601 S_000003
  15 P  -143.310   71.916  171.935  103.615 -167.532  -70.288   89.959   20.785   98.541  -79.188    0.395520   -1.072129   -0.997535   -0.849530   -1.236883   -1.870694   -1.949452   -0.731506   -1.161827  -28.981  -69.867  -18.683 S_000003
  16 P   -63.250  175.683   65.794  149.949 -131.110 -149.590  116.670  -46.360  165.701  151.659    0.291047   -0.023190   -1.497427   -0.685692   -1.116595   -1.889345   -1.874813   -0.741826   -1.205416  -32.255  -74.828  -18.408 S_000003
  17 P   166.333  138.365   55.118  155.106 -121.207  176.665  100.537  -39.471  163.515  -78.552    0.339397   -0.011283   -1.487644   -0.733583   -0.968631   -1.983361   -1.893865   -0.720697   -1.225198  -36.815  -80.531  -18.529 S_000003
  18 P   -36.918 -153.877   53.859  147.355 -138.787 -139.139  153.593  -34.813  154.010  100.837    0.332148   -0.170995   -1.476134   -0.798376   -1.082609   -1.936969   -1.934460   -0.703444   -1.197882  -42.033  -83.702  -19.648 S_000003
  19 N   -70.088 -168.791   59.124  145.389 -132.858  147.709  128.046  -32.808  150.801   26.119    0.334288   -0.170043   -1.477567   -0.820665   -1.040289   -1.964547   -1.944110   -0.688192   -1.197251  -44.086  -90.163  -20.887 S_000003
  20 H   -60.294  149.090   69.994   78.715    0.000    0.000   60.927   40.934   95.292 -169.039    0.246940   -1.440980   -0.393482   -0.814008   -1.655115   -1.464642   -1.851393   -0.747929   -1.191504  -46.249  -94.651  -18.629 S_000003
SCORE:     1.730                  1.730          0          2          1    S_000004
   1 H     0.000  170.252   55.279   88.479 -143.510  -52.788   71.613   33.341   95.932  -23.531    0.351261   -1.307426   -0.696857   -0.797152   -1.442745   -1.704052   -1.895979   -0.690947   -1.218029    3.794    0.984    0.238 S_000004
   2 N  -135.693 -141.425   52.165   82.325 -164.690  -76.888   95.170   34.123  100.297 -139.796    0.314518   -1.404856   -0.504475   -0.835309   -1.656480   -1.489507   -1.882207   -0.756429   -1.179767    6.412   -3.545   -4.060 S_000004
   3 P   -50.484 -176.503   35.125  140.764 -157.779 -130.731   88.154  -32.121  150.570 -155.790    0.351864   -0.261336   -1.460342   -0.801800   -1.148146   -1.917020   -1.938761   -0.729367   -1.186107    3.211   -8.008   -6.611 S_000004
   4 P   -58.789  161.676   65.842   87.163 -142.242  163.278   78.394   33.712   98.063  -15.342    0.337472   -1.346614   -0.620013   -0.806434   -1.527803   -1.617590   -1.884300   -0.714014   -1.199955   -0.504  -13.124   -7.006 S_000004
   5 P    95.862 -150.045 -177.753  145.463 -163.746 -130.631  132.028  -25.964  134.716  -54.064    0.372792   -0.139680   -1.476267   -0.836576   -0.849905   -2.078892   -1.921957   -0.718372   -1.188673   -2.399  -17.674  -11.127 S_000004
   6 P   126.586  129.826  162.198   79.497   62.414   81.857 -105.740   29.228  115.393   65.869    0.335491   -1.342866   -0.642964   -0.867073   -1.575469   -1.565016   -1.891546   -0.692451   -1.210969   -1.062  -24.250  -13.935 S_000004
   7 P   151.619 -143.564  168.715   10.088   91.649  106.338   71.213   26.952  100.335  179.884    0.419615   -1.154357   -0.894439   -0.779181   -1.268248   -1.843029   -1.906169   -0.668723   -1.224740   -1.716  -30.655  -14.955 S_000004
   8 P   178.953  121.420   60.039  137.761  -89.783  162.171   95.568  -36.201  164.047  -85.504    0.329547   -0.376318   -1.443259   -0.795164   -1.365299   -1.724089   -1.935867   -0.737984   -1.183291   -4.756  -34.821  -19.123 S_000004
   9 P   -51.696  147.794   39.941  140.316 -137.221 -120.332  120.974  -33.862  150.854   20.610    0.369298   -0.245871   -1.468292   -0.770662   -1.166093   -1.901613   -1.911278   -0.744960   -1.179318   -5.270  -39.580  -22.276 S_000004
  10 P   159.206 -143.526  165.585   86.440 -102.836  -96.790   73.696   38.503   85.932  -17.299    0.319648   -1.323090   -0.681179   -0.768786   -1.364715   -1.753998   -1.897515   -0.700136   -1.214736   -7.979  -45.885  -23.529 S_000004
  11 P   -56.763 -178.814   37.600  144.348  -68.178  146.991  -53.367  -29.573  152.295   18.215    0.398263   -0.191723   -1.452376   -0.776915   -0.999073   -1.959398   -1.909015   -0.676578   -1.211178  -12.974  -50.250  -24.402 S_000004
  12 P  -167.631  177.125   63.936  148.721 -114.320  176.453   96.592  -39.276  160.663  -80.184    0.315889   -0.217056   -1.474414   -0.766409   -1.232285   -1.836424   -1.924195   -0.750433   -1.184996  -16.363  -55.413  -25.491 S_000004
  13 P   152.767 -170.923  168.753   90.141 -153.461  -69.676   62.592   38.672   81.946  179.887    0.314527   -1.304140   -0.725198   -0.773885   -1.310461   -1.804102   -1.910749   -0.721999   -1.199298  -21.525  -60.278  -26.015 S_000004
  14 N   -70.088 -168.791   59.124  145.389 -132.858  147.709  128.046  -32.808  150.801   26.119    0.334288   -0.170043   -1.477567   -0.820665   -1.040289   -1.964547   -1.944110   -0.688192   -1.197251  -26.319  -64.519  -26.121 S_000004
  15 P   -61.660  175.220   51.711   81.820 -139.411  -68.832   70.271   37.704   90.434  -21.016    0.320123   -1.371324   -0.596011   -0.775969   -1.504055   -1.652879   -1.886608   -0.733927   -1.203476  -28.327  -69.991  -26.160 S_000004
  16 P    32.697 -161.696  -66.530   92.621 -162.909  -58.962   82.857   38.793   82.944  -20.453    0.317440   -1.282920   -0.752929   -0.765680   -1.262395   -1.830820   -1.904974   -0.678736   -1.230790  -32.030  -73.995  -27.568 S_000004
  17 P   -79.935 -110.906   87.017  144.773  -53.661 -147.164  171.200  -40.986  158.896   19.122    0.306407   -0.194610   -1.474750   -0.741624   -1.230459   -1.840193   -1.901831   -0.793111   -1.157033  -36.470  -77.523  -31.060 S_000004
  18 P  -146.303  138.879  165.179   81.328 -113.511  -67.250   57.472   35.162   95.454  -18.759    0.329410   -1.356774   -0.604880   -0.801421   -1.523296   -1.625384   -1.881754   -0.715006   -1.210223  -38.140  -83.376  -33.980 S_000004
  19 N    55.477  179.359  -56.670  108.325 -173.645 -152.459  112.654   35.506   76.187  171.131    0.341538   -1.006485   -1.084790   -0.783507   -0.741887   -2.078954   -1.922352   -0.573171   -1.272496  -38.649  -89.035  -33.085 S_000004
  20 H   -73.071 -176.037   51.796   83.882    0.000    0.000   82.740   38.757   89.817  -30.231    0.317562   -1.351738   -0.618695   -0.767111   -1.440179   -1.692957   -1.873948   -0.685871   -1.226744  -43.626  -93.388  -31.999 S_000004
SCORE:     1.468                  1.468          0          0          3    S_000005
   1 H     0.000  170.252   55.279   81.868 -119.717 -123.422   70.689   39.649   86.370  -87.334    0.308980   -1.367085   -0.594309   -0.760827   -1.464627   -1.679019   -1.874864   -0.708376   -1.217884    3.794    0.984    0.238 S_000005
   2 N   167.539 -154.097   50.246   82.942    5.214 -173.805  -84.002   23.560  126.386  -37.717    0.356393   -1.401734   -0.507791   -0.888766   -1.800241   -1.282667   -1.818020   -0.748388   -1.197422    6.709   -1.800   -5.685 S_000005
   3 P   -63.205  171.353   54.703   80.508 -166.947 -112.593   87.404   39.529   93.956  -19.361    0.312179   -1.391493   -0.527466   -0.762039   -1.531548   -1.601004   -1.844492   -0.705140   -1.217484    5.304   -7.998   -3.955 S_000005
   4 N   -75.035  162.504   64.936   89.999 -159.694  -59.108   91.413   37.564   90.226  -18.989    0.311869   -1.332144   -0.666641   -0.790456   -1.402284   -1.724129   -1.887185   -0.661251   -1.233040    3.364  -13.646   -5.956 S_000005
   5 P  -147.370  132.427  163.030   85.740 -133.620  -84.078   67.702   34.176   93.870  -15.107    0.344463   -1.309014   -0.688719   -0.791759   -1.433451   -1.704701   -1.888885   -0.699291   -1.211989   -0.848  -18.562   -5.717 S_000005
   6 P   179.968  118.395   69.153   68.756  119.162  -33.832 -135.990   13.618  156.637    2.118    0.322771   -1.406449   -0.528624   -1.033827   -1.932502   -1.107433   -1.885588   -0.804764   -1.177131   -5.074  -24.200   -6.658 S_000005
   7 P   166.958 -167.030  164.996   82.021 -106.836  -68.949   55.474   37.807   89.664  -14.426    0.335580   -1.323935   -0.661996   -0.762423   -1.392945   -1.728741   -1.878086   -0.673405   -1.226687   -6.228  -29.366   -6.386 S_000005
   8 N  -115.206   94.387 -177.200   87.126 -118.504  -99.475   64.526   31.653  103.274  -23.240    0.329757   -1.356319   -0.619703   -0.839731   -1.570238   -1.578153   -1.898625   -0.720363   -1.194560   -7.236  -35.384   -6.121 S_000005
   9 P  -133.749 -135.407  144.310  130.845 -116.303 -178.649  121.579  -35.275  165.934  163.039    0.368044   -0.566274   -1.363413   -0.770648   -1.563835   -1.500435   -1.902733   -0.799223   -1.154475  -11.769  -40.945   -6.813 S_000005
  10 P   -38.358  157.674   36.001   84.787 -176.859 -116.281  129.979   19.252  124.883  177.810    0.354233   -1.369644   -0.587632   -0.939275   -1.791821   -1.306017   -1.871753   -0.748094   -1.168456  -14.194  -46.358   -8.563 S_000005
  11 P   -76.183 -176.743   45.596   84.058 -131.288  -62.182   84.702   36.173   94.504  -19.415    0.338957   -1.359030   -0.580073   -0.766127   -1.526956   -1.607157   -1.850929   -0.719431   -1.203035  -15.950  -50.620  -13.200 S_000005
  12 N  -110.312  128.279  156.431  131.950  -41.373 -161.135   85.348  -33.834  164.374  135.902    0.333923   -0.482770   -1.412865   -0.817989   -1.449134   -1.662372   -1.945550   -0.754140   -1.172670  -20.792  -54.268  -13.933 S_000005
  13 N   145.773  172.405   39.018   87.136  116.771   81.107  123.723  -30.437  146.821  179.897    0.433154   -0.185975   -1.439908   -0.728072   -1.023386   -1.978354   -1.882722   -0.691857   -1.223552  -20.978  -58.917  -19.027 S_000005
  14 P   -93.124 -164.631   61.405   87.229 -146.217  -42.932   94.641   36.312   94.658  165.942    0.313626   -1.334231   -0.674096   -0.806931   -1.421365   -1.713490   -1.863529   -0.611094   -1.254493  -23.938  -64.142  -16.719 S_000005
  15 P   -79.285 -132.149   41.041  134.582  -45.598 -179.978  175.944  -25.854  151.298   27.948    0.416080   -0.224298   -1.453267   -0.795548   -0.968330   -2.002520   -1.928054   -0.687585   -1.214336  -28.884  -67.916  -18.705 S_000005
  16 N  -172.853 -176.879  154.982   85.334 -152.417  -63.053   65.917   37.285   95.556   72.588    0.310637   -1.342060   -0.627038   -0.796613   -1.444832   -1.678616   -1.872772   -0.654663   -1.228665  -31.122  -73.998  -20.843 S_000005
  17 P  -145.987  156.330 -171.280   97.698 -150.657  -84.135   71.724   29.301   97.426  177.190    0.377424   -1.188179   -0.884020   -0.797503   -1.265138   -1.847696   -1.920332   -0.677393   -1.214796  -31.772  -80.603  -21.133 S_000005
  18 P  -170.283  161.190 -176.306  140.990 -163.860 -102.059  133.153  -32.306  149.951  165.152    0.350717   -0.168927   -1.477787   -0.803819   -1.029144   -1.981828   -1.933928   -0.657356   -1.225843  -35.501  -86.495  -21.791 S_000005
  19 P   -77.221 -176.672   74.518   91.025 -138.801  -69.801   74.615   29.158  100.938  -13.614    0.365575   -1.305344   -0.712311   -0.820049   -1.506280   -1.648529   -1.909149   -0.737540   -1.178082  -37.830  -91.768  -24.972 S_000005
  20 H   -63.591  176.683   53.495   80.005    0.000    0.000   76.514   39.629   94.750 -169.836    0.310000   -1.404121   -0.495493   -0.763189   -1.574845   -1.571296   -1.840346   -0.706052   -1.224760  -41.034  -97.141  -24.878 S_000005
SCORE:     2.235                  2.235          0          1          2    S_000006
   1 H     0.000  170.252   55.279   84.415 -122.452  -87.690   53.563   33.571   94.953  -18.213    0.356939   -1.319652   -0.667963   -0.783404   -1.470027   -1.671106   -1.870652   -0.699947   -1.214801    3.794    0.984    0.238 S_000006
   2 N   101.183  179.395 -136.007   88.364 -113.672 -109.671   76.548   31.386   96.188  179.898    0.376241   -1.268439   -0.751079   -0.780356   -1.411094   -1.739953   -1.889926   -0.708547   -1.214104    6.235   -3.324   -3.971 S_000006
   3 P   -50.065  162.925   41.044   86.036 -174.050  -95.526   96.421   41.628   85.641  168.101    0.295915   -1.351354   -0.626568   -0.753107   -1.377440   -1.740563   -1.875987   -0.673550   -1.239580    5.712   -7.317   -9.115 S_000006
   4 P   148.676 -165.600 -170.434   82.795 -127.847  -99.219   77.270   36.905   94.303  -60.066    0.302431   -1.388814   -0.560459   -0.809846   -1.564362   -1.602826   -1.893046   -0.745849   -1.192433    2.615  -12.090  -12.381 S_000006
   5 N  -124.162  177.879   99.083   89.862 -134.439  -74.075   66.594   36.873   88.482  -14.987    0.319523   -1.311017   -0.709199   -0.784818   -1.367833   -1.759031   -1.908571   -0.711998   -1.202804   -1.475  -16.753  -15.826 S_000006
   6 N    72.755  129.925   36.411   94.231 -119.713  -81.517  107.506   32.563   91.462 -169.557    0.347854   -1.301980   -0.708843   -0.801846   -1.444523   -1.699837   -1.928351   -0.827967   -1.119263   -6.869  -18.384  -13.283 S_000006
   7 N   -47.535  172.790   67.590  142.326 -100.631  -81.857  109.334  -31.437  154.764   28.166    0.322476   -0.381813   -1.444901   -0.859491   -1.295024   -1.830431   -1.953831   -0.688434   -1.204352  -11.779  -21.892  -15.122 S_000006
   8 N   -51.070  174.700   50.713   86.012 -140.867  -75.544   79.767   32.147   96.067  -20.526    0.345165   -1.316076   -0.681692   -0.808525   -1.491229   -1.665222   -1.899014   -0.733087   -1.193423  -13.439  -27.282  -18.067 S_000006
   9 P   -42.489 -157.035   61.311   92.872 -173.953  -90.066  120.056   30.407  102.579  174.241    0.355073   -1.282086   -0.741721   -0.824240   -1.437098   -1.706504   -1.905884   -0.669571   -1.222303  -14.407  -33.514  -17.023 S_000006
  10 P   173.330 -176.176  173.161   89.236 -120.118 -113.526   66.601   30.578  105.566 -179.411    0.341486   -1.333597   -0.661409   -0.838980   -1.537240   -1.610372   -1.902227   -0.711169   -1.197381  -17.835  -39.294  -16.147 S_000006
  11 N  -150.854  104.365   71.957   90.172 -147.326  -93.096  -40.937   32.199 -163.647  -22.990    0.341628   -1.307978   -0.715736   -0.826895   -1.430177   -1.692582   -1.919625   -0.678033   -1.224095  -22.287  -44.285  -17.628 S_000006
  12 P  -167.703 -174.030 -172.706  150.262  -82.754  -98.128  162.319  -37.418  153.934  -96.537    0.341290   -0.123580   -1.479847   -0.753212   -1.075808   -1.949425   -1.900641   -0.697829   -1.213259  -20.821  -51.030  -16.091 S_000006
  13 N   -50.235  165.000   42.481   85.494 -169.291  -81.228  136.938   35.785   93.671  176.304    0.340408   -1.309340   -0.691579   -0.779654   -1.394478   -1.728634   -1.883409   -0.656694   -1.231337  -21.794  -57.279  -14.999 S_000006
  14 P  -134.330  101.066  176.060   86.439 -116.418  -82.329   46.998   35.258   98.130 -155.832    0.325169   -1.363182   -0.594694   -0.805606   -1.532304   -1.613124   -1.891886   -0.730772   -1.190888  -25.042  -62.613  -15.106 S_000006
  15 P   -54.813 -177.529   51.711   88.867 -146.665  -84.196   81.010   40.973   83.203  -23.502    0.315786   -1.319153   -0.681072   -0.734657   -1.315505   -1.785794   -1.870032   -0.664536   -1.238022  -27.116  -68.670  -16.282 S_000006
  16 P  -107.835   71.747 -178.613   91.382 -121.513  -50.179   48.726   37.184   87.401  -24.471    0.318148   -1.314045   -0.691793   -0.789955   -1.371271   -1.748297   -1.913015   -0.708175   -1.202782  -29.893  -72.879  -19.058 S_000006
  17 P   -66.371  171.824   53.159   81.077 -151.909 -102.406   86.215   41.126   96.105 -173.389    0.275647   -1.408164   -0.479324   -0.784061   -1.547730   -1.569097   -1.827258   -0.651702   -1.250026  -31.393  -78.199  -21.144 S_000006
  18 P   -68.290  165.624   53.091  148.683 -120.580  175.250  113.124  -37.907  158.220 -145.963    0.336084   -0.197418   -1.472562   -0.755729   -1.177993   -1.869278   -1.909839   -0.730576   -1.194448  -34.977  -82.680  -23.928 S_000006
  19 N   -66.675  147.257   64.635   83.861 -157.358  -75.046   89.223   38.510   94.318  172.285    0.324146   -1.378783   -0.542854   -0.758383   -1.534932   -1.606453   -1.835930   -0.693329   -1.230252  -38.116  -87.684  -24.372 S_000006
  20 H    55.428  178.720  -27.915  -77.107    0.000    0.000  -72.874  -42.223  -90.891  179.898    0.270254   -1.429843    0.439037   -0.773426   -1.581901    1.539771   -1.845553   -0.714750    1.211274  -42.915  -90.975  -24.399 S_000006
SCORE:     1.636                  1.636          0          0          3    S_000007
   1 H     0.000  170.252   55.279   75.130 -116.369  -75.855   97.452   39.837   98.427  -19.987    0.270052   -1.461232   -0.347119   -0.810176   -1.734163   -1.400872   -1.831093   -0.774987   -1.184125    3.794    0.984    0.238 S_000007
   2 P  -125.455 -167.804   38.655  128.260 -108.856 -159.228  164.606  -29.165  152.438   14.412    0.348945   -0.504938   -1.399732   -0.837892   -1.395609   -1.736113   -1.943423   -0.791031   -1.129634    5.843   -3.056   -4.995 S_000007
   3 P  -170.341  -81.542 -150.130   92.276 -132.799 -135.257   68.032   15.995  132.507   -9.408    0.374351   -1.335865   -0.665900   -0.931982   -1.760628   -1.336401   -1.876128   -0.737169   -1.183181    0.688   -7.521   -6.207 S_000007
   4 P   152.804  179.450  178.912   87.198 -154.572  -78.725   73.493   37.836   90.078  169.479    0.323288   -1.361977   -0.597100   -0.768408   -1.488119   -1.654360   -1.884994   -0.739724   -1.191211   -1.974  -14.317   -6.188 S_000007
   5 P   -63.328  160.022   63.879   86.985 -161.000  -71.888   96.042   32.304   99.927  164.661    0.347658   -1.341762   -0.639567   -0.812822   -1.536358   -1.619057   -1.896271   -0.730688   -1.196821   -4.410  -19.736   -5.797 S_000007
   6 P   -74.674 -156.599   57.995   88.273 -149.683  -62.713   62.240   33.191   95.934   -9.912    0.343962   -1.319717   -0.670915   -0.807269   -1.475795   -1.671594   -1.902144   -0.705349   -1.207561   -9.247  -24.113   -6.185 S_000007
   7 P   -60.097 -146.945   70.140  151.229  -90.777 -175.526  161.181  -30.121  151.629   72.288    0.397053   -0.211454   -1.442957   -0.761754   -1.043461   -1.970860   -1.893172   -0.716125   -1.225162  -12.428  -28.098  -10.134 S_000007
   8 N    56.904  146.090  -76.919  156.695 -160.150 -173.923  104.986  -34.562  143.238  -23.564    0.324447    0.078710   -1.492600   -0.805727   -0.735040   -2.115119   -1.911687   -0.631310   -1.242141  -15.399  -33.804  -12.660 S_000007
   9 N    47.692  107.597   62.787   75.832   99.765   58.270   92.800   34.984   99.650  -96.101    0.338555   -1.364795   -0.612639   -0.792586   -1.532168   -1.630432   -1.878706   -0.715376   -1.215413  -17.952  -39.706  -12.207 S_000007
  10 P   -69.715  173.036   57.573   83.744 -157.991  -61.043   88.830   38.147   87.368  -21.653    0.321164   -1.351447   -0.611825   -0.768984   -1.450395   -1.671378   -1.878129   -0.723587   -1.202100  -19.659  -44.370  -10.071 S_000007
  11 P   -69.822 -167.738   53.385   83.852 -149.558  -86.369   84.902   32.043  100.771  179.899    0.337345   -1.373662   -0.575504   -0.827110   -1.622765   -1.540955   -1.887399   -0.751343   -1.185378  -21.972  -50.105   -9.090 S_000007
  12 P   152.804  179.450  178.912   87.198 -154.572  -78.725   73.493   37.836   90.078  169.479    0.323288   -1.361977   -0.597100   -0.768408   -1.488119   -1.654360   -1.884994   -0.739724   -1.191211  -25.694  -54.952  -12.201 S_000007
  13 P   -28.662 -166.113   46.037   74.652 -170.323  -76.350  102.614   32.179  109.934 -145.993    0.302736   -1.464200   -0.326920   -0.868115   -1.856749   -1.228412   -1.852363   -0.847111   -1.129310  -30.125  -58.500  -14.403 S_000007
  14 P   -69.535 -123.961   66.297  148.563  -83.573 -178.087  173.736  -37.717  156.726   88.565    0.326696   -0.105538   -1.465270   -0.758278   -1.051396   -1.937277   -1.936227   -0.700889   -1.187016  -31.943  -64.306  -16.964 S_000007
  15 P   -65.930  169.362   58.764   82.440 -167.476  -74.096   79.204   38.575   89.277  -31.526    0.313022   -1.344486   -0.635367   -0.773879   -1.419794   -1.704570   -1.873277   -0.682346   -1.229406  -32.636  -70.580  -17.742 S_000007
  16 P   -68.233  177.052   56.656   79.919 -144.714  -69.292   75.857   41.215   91.257 -141.775    0.282637   -1.415107   -0.476650   -0.771154   -1.567239   -1.569631   -1.854192   -0.720929   -1.211766  -32.990  -76.586  -16.907 S_000007
  17 P  -133.538  108.400  170.756   84.154 -127.305  -74.185   72.974   35.950   92.479   89.929    0.344062   -1.330407   -0.648063   -0.770795   -1.450555   -1.685258   -1.883026   -0.708824   -1.211451  -31.351  -82.287  -14.534 S_000007
  18 P  -101.668   85.863  163.401   88.209 -123.748 -140.327   72.051   28.072  104.138 -124.669    0.372023   -1.259642   -0.777270   -0.826687   -1.435383   -1.712109   -1.904205   -0.676946   -1.212812  -32.451  -87.743  -13.075 S_000007
  19 P    83.922  155.779  172.347  150.835 -109.404 -100.633  -46.095  -39.295  159.270 -110.432    0.315190   -0.142798   -1.487833   -0.765905   -1.137976   -1.900967   -1.919913   -0.741333   -1.190146  -37.062  -93.098  -12.346 S_000007
  20 H   -83.608  179.483   50.700   83.582    0.000    0.000   75.482   34.228   99.529 -126.050    0.335930   -1.352517   -0.612256   -0.798555   -1.530657   -1.614023   -1.875855   -0.705044   -1.215250  -39.370  -98.909  -15.262 S_000007
SCORE:     1.456                  1.456          0          1          1    S_000008
   1 H     0.000  170.252   55.279  137.509 -101.148  -69.984  -54.557  -33.445  163.503  145.191    0.346160   -0.418258   -1.426079   -0.805556   -1.369227   -1.735467   -1.949029   -0.760415   -1.169632    3.794    0.984    0.238 S_000008
   2 P    83.617  160.551  176.606   83.500 -159.341  -57.713   74.222   37.339   97.146  -10.021    0.332289   -1.373751   -0.560492   -0.765511   -1.542821   -1.611805   -1.854567   -0.709532   -1.227594    4.468   -1.290   -5.275 S_000008
   3 P   -62.626 -122.615   63.857  147.459 -150.655 -139.352   84.773  -34.014  151.727  144.612    0.349059   -0.165544   -1.477897   -0.787161   -1.059061   -1.954585   -1.923151   -0.725931   -1.189707    0.122   -3.291   -9.575 S_000008
   4 P  -179.964  130.919   54.370   92.564  164.659 -106.432   76.600    9.279  136.304  179.932    0.397242   -1.208900   -0.869668   -0.938361   -1.650490   -1.484281   -1.936186   -0.732630   -1.162032   -4.445   -1.496  -14.894 S_000008
   5 P  -148.588  133.443  138.027   85.064 -127.867  -81.381   73.376   37.219   95.049  -13.856    0.320946   -1.350869   -0.610637   -0.781786   -1.471736   -1.659254   -1.868671   -0.699104   -1.208886   -9.838   -3.544  -17.974 S_000008
   6 P   153.930  177.445 -139.408  110.409 -122.383  -57.748 -119.369   13.045  105.704  -13.098    0.438341   -0.883489   -1.160116   -0.818966   -1.098820   -1.990414   -1.927190   -0.649360   -1.232549  -12.864   -6.358  -23.438 S_000008
   7 P   -57.646 -146.257   57.461  143.472  -87.641  148.006  147.470  -36.073  161.191  121.537    0.352333   -0.200749   -1.470710   -0.763103   -1.148224   -1.890004   -1.921681   -0.697456   -1.207183  -16.165  -10.823  -26.717 S_000008
   8 P   -56.772  155.880   52.780   81.825 -132.652  -58.334   93.387   38.845   91.181   18.580    0.310226   -1.381917   -0.548422   -0.775814   -1.522142   -1.618080   -1.868612   -0.711637   -1.216497  -17.919  -13.362  -31.208 S_000008
   9 P   -60.097 -146.945   70.140  151.229  -90.777 -175.526  161.181  -30.121  151.629   72.288    0.397053   -0.211454   -1.442957   -0.761754   -1.043461   -1.970860   -1.893172   -0.716125   -1.225162  -22.317  -13.689  -35.946 S_000008
  10 P   -90.804  174.454   57.588   78.490 -166.343  -64.818   70.660   34.634  105.881   -9.437    0.303426   -1.453895   -0.357217   -0.838898   -1.796344   -1.317006   -1.838302   -0.798434   -1.168975  -25.828  -15.235  -41.241 S_000008
  11 P  -126.545  103.340  172.353   84.494 -124.870  -74.097   46.298   37.057   94.038  -17.464    0.328095   -1.349179   -0.624880   -0.778365   -1.465128   -1.675774   -1.878650   -0.694264   -1.217005  -27.137  -16.679  -46.887 S_000008
  12 P   -54.889  139.233   36.892   90.391   37.341  135.742   85.013   19.892  117.144   67.261    0.412877   -1.175371   -0.885076   -0.835558   -1.442456   -1.718088   -1.891858   -0.642092   -1.240027  -29.861  -19.356  -51.064 S_000008
  13 N   -74.598  175.301   59.770   89.110 -134.861  -59.013   95.574   28.260   98.460  -23.181    0.367255   -1.257845   -0.787208   -0.822566   -1.436450   -1.730731   -1.903358   -0.700992   -1.208120  -34.102  -19.033  -55.871 S_000008
  14 P   179.099 -167.499  165.649  155.148 -107.586  148.241  103.768  -34.735  141.659   28.062    0.314041    0.107935   -1.489468   -0.823698   -0.701951   -2.120322   -1.901345   -0.710070   -1.203154  -35.576  -25.012  -58.211 S_000008
  15 P  -170.341  -81.542 -150.130   92.276 -132.799 -135.257   68.032   15.995  132.507   -9.408    0.374351   -1.335865   -0.665900   -0.931982   -1.760628   -1.336401   -1.876128   -0.737169   -1.183181  -37.563  -29.591  -62.757 S_000008
  16 N   -39.707  163.000   46.054  151.335  167.984  -96.417 -177.503  -43.191  146.275  142.331    0.271722    0.056936   -1.512867   -0.759098   -0.960268   -2.061957   -1.883136   -0.975512   -1.095978  -35.749  -32.211  -68.386 S_000008
  17 N   140.751   78.375  147.908   85.219 -139.919 -122.587   67.224   27.161  117.339 -128.645    0.327420   -1.390343   -0.558417   -0.896324   -1.706978   -1.419161   -1.868152   -0.719232   -1.199857  -37.845  -34.516  -74.489 S_000008
  18 P   152.804  179.450  178.912   87.198 -154.572  -78.725   73.493   37.836   90.078  169.479    0.323288   -1.361977   -0.597100   -0.768408   -1.488119   -1.654360   -1.884994   -0.739724   -1.191211  -43.310  -35.523  -79.104 S_000008
  19 P  -175.952  175.232   46.162  145.560  -48.344   88.128   94.526  -35.309  158.440  -15.296    0.329954   -0.252066   -1.470414   -0.803968   -1.200041   -1.863478   -1.938131   -0.729140   -1.182188  -48.409  -38.034  -83.017 S_000008
  20 H   133.608 -177.142 -165.025   79.176    0.000    0.000   72.668   40.967   86.079  -21.683    0.305518   -1.383680   -0.550878   -0.749333   -1.479710   -1.647773   -1.856159   -0.718102   -1.216720  -51.836  -39.907  -86.237 S_000008
SCORE:     1.870                  1.870          0          1          3    S_000009
   1 H     0.000  170.252   55.279   78.181 -164.587  -31.848   84.414   38.175   91.898 -150.123    0.308760   -1.390888   -0.539276   -0.783032   -1.557548   -1.597359   -1.869723   -0.748328   -1.196835    3.794    0.984    0.238 S_000009
   2 P  -104.385 -171.207   39.918   84.374 -142.288  -51.086   94.832   43.226   84.254  -23.570    0.300470   -1.362134   -0.601127   -0.718852   -1.377435   -1.729863   -1.843554   -0.636915   -1.257342    7.753   -3.073   -2.145 S_000009
   3 P   -68.165  174.373   58.700   86.956 -136.013 -135.624   77.880   33.767   98.499 -116.102    0.332546   -1.330151   -0.670160   -0.812499   -1.477317   -1.676250   -1.901888   -0.696394   -1.214892    4.830   -8.250   -2.477 S_000009
   4 N   -42.329  155.585   58.656   77.153 -118.400 -106.983  100.014   38.719   94.748  -26.310    0.315062   -1.406757   -0.514259   -0.771203   -1.587981   -1.582218   -1.869417   -0.759893   -1.196604    1.342  -13.394   -3.788 S_000009
   5 P    61.738 -132.075  178.564  106.189 -171.343 -102.760  121.990   -5.332  145.988 -167.146    0.426240   -0.987668   -1.091600   -0.899221   -1.598564   -1.560373   -1.950124   -0.758656   -1.156180   -2.438  -16.657   -6.874 S_000009
   6 P  -122.048   97.641  145.340   80.852 -179.582  -82.000   66.072   37.765   87.897 -167.348    0.313917   -1.371369   -0.559325   -0.781959   -1.527492   -1.614138   -1.894911   -0.777845   -1.173631   -7.423  -19.917   -8.092 S_000009
   7 P   166.345  136.515  176.959   87.298 -141.961  -85.985   88.233   36.289   90.829  -13.741    0.336751   -1.319590   -0.670557   -0.773868   -1.420417   -1.716763   -1.889689   -0.708570   -1.210282  -10.014  -24.798  -12.184 S_000009
   8 N   -66.247 -162.221   42.623   85.395 -172.862  -83.391  109.607   31.892   96.356  -67.037    0.361456   -1.297285   -0.714693   -0.799200   -1.446982   -1.700414   -1.889700   -0.697914   -1.214421  -13.043  -29.699  -15.616 S_000009
   9 P   -68.233  177.052   56.656   79.919 -144.714  -69.292   75.857   41.215   91.257 -141.775    0.282637   -1.415107   -0.476650   -0.771154   -1.567239   -1.569631   -1.854192   -0.720929   -1.211766  -15.869  -34.954  -16.907 S_000009
  10 P  -160.249  166.068  171.487   91.115 -136.630 -101.713   76.539   34.876   95.142  175.357    0.323572   -1.335492   -0.650661   -0.813480   -1.473315   -1.673547   -1.901744   -0.711585   -1.198626  -16.720  -41.383  -14.705 S_000009
  11 P  -115.592   84.146  168.141   84.273 -145.206  -76.931   59.630   37.254   87.328  179.897    0.336002   -1.320977   -0.673449   -0.766332   -1.394336   -1.731604   -1.888981   -0.705901   -1.209775  -19.627  -46.737  -14.991 S_000009
  12 P  -167.200 -131.423  135.280   86.839 -158.875  -75.765  140.250   35.968   93.284  179.910    0.320765   -1.347235   -0.643969   -0.800359   -1.472294   -1.679922   -1.904488   -0.726813   -1.197436  -23.034  -52.200  -17.164 S_000009
  13 P   -61.782 -140.498   56.795  140.224 -153.193 -144.278  165.784  -33.826  159.973  156.711    0.349592   -0.388033   -1.431578   -0.793415   -1.340736   -1.762595   -1.940106   -0.795494   -1.147865  -24.762  -58.534  -17.070 S_000009
  14 P   -44.143  164.454   55.205  104.628  159.257 -102.510  117.659    3.187  128.802  -91.358    0.423189   -0.924497   -1.143440   -0.897898   -1.350859   -1.802328   -1.950464   -0.635540   -1.219405  -27.342  -64.333  -17.315 S_000009
  15 N   -92.986  154.376   87.075   80.106 -121.703  -80.841   71.439   36.610   94.345   86.134    0.345312   -1.366461   -0.581754   -0.761486   -1.516651   -1.615511   -1.841530   -0.701418   -1.222241  -27.375  -70.137  -17.781 S_000009
  16 P   -67.799 -146.390   61.351  138.077 -111.780  179.539  136.456  -32.975  164.412   24.654    0.345876   -0.486313   -1.408181   -0.813296   -1.436410   -1.666158   -1.937060   -0.759364   -1.169281  -28.993  -76.331  -15.345 S_000009
  17 P   153.593 -174.720  175.405   87.006 -138.710  -67.800   71.797   39.975   84.634  -27.176    0.310808   -1.344282   -0.636662   -0.756981   -1.396052   -1.728260   -1.883757   -0.705854   -1.219704  -30.789  -83.162  -16.376 S_000009
  18 P   -61.236 -144.081   67.298  141.205  -83.161  175.647  156.045  -26.613  152.071   69.787    0.411481   -0.165229   -1.462398   -0.796345   -0.904956   -2.034850   -1.928766   -0.649169   -1.234321  -32.388  -89.165  -18.622 S_000009
  19 P    18.115  -93.883  -91.943   92.639 -161.370  -46.168   80.161   35.135   80.995  -24.830    0.330511   -1.225348   -0.841529   -0.800850   -1.192778   -1.864267   -1.928822   -0.673553   -1.214146  -33.396  -93.946  -19.677 S_000009
  20 H   -67.776  170.152   63.578   81.311    0.000    0.000   72.421   39.924   92.087  -29.684    0.298750   -1.396095   -0.537800   -0.772860   -1.525006   -1.619244   -1.873157   -0.730211   -1.206241  -36.765  -97.995  -17.594 S_000009
SCORE:     1.798                  1.798          0          2          5    S_000010
   1 H     0.000  170.252   55.279   85.039 -140.269  -74.280   65.793   34.774   93.431  179.919    0.339086   -1.328097   -0.653751   -0.794413   -1.462734   -1.673824   -1.887013   -0.699647   -1.209251    3.794    0.984    0.238 S_000010
   2 N  -179.671  176.645   66.535  141.940  -81.709 -112.134  176.013  -35.557  166.064  -74.887    0.375155   -0.291920   -1.442431   -0.733234   -1.236576   -1.779231   -1.884131   -0.599273   -1.259692    7.278   -3.036   -4.144 S_000010
   3 P   153.178 -153.207 -178.631   82.668 -139.550  -73.249   64.126   35.520   95.260  -16.961    0.322942   -1.357707   -0.586556   -0.789863   -1.548629   -1.610887   -1.878842   -0.729786   -1.203609    4.982   -8.953   -2.013 S_000010
   4 N  -104.311 -172.391   58.687   79.250 -145.659  -77.030   64.982   36.043  101.506  -24.138    0.313684   -1.435140   -0.409987   -0.811051   -1.718214   -1.408931   -1.833396   -0.757834   -1.190341    0.402  -13.918   -1.443 S_000010
   5 P  -108.396   78.054  177.010   84.208 -125.031  -60.912   56.390   36.111   96.154  -26.758    0.324817   -1.369096   -0.586427   -0.794101   -1.533799   -1.618898   -1.873597   -0.707910   -1.215564   -4.302  -16.188   -3.868 S_000010
   6 P   -66.973  173.475   68.286  137.907  -77.343  141.002  117.624  -17.512  137.272    4.519    0.452995   -0.419113   -1.378158   -0.806682   -1.063678   -1.954233   -1.924759   -0.651630   -1.215380   -8.944  -20.168   -4.499 S_000010
   7 P   164.423 -126.231  176.251   91.863 -148.152  -95.447   90.726   36.141   94.787  -18.747    0.308216   -1.335123   -0.633984   -0.806988   -1.469271   -1.673926   -1.899392   -0.725780   -1.196649  -13.115  -25.104   -3.396 S_000010
   8 P   149.773 -156.144  176.474   82.777 -155.799  -84.417   85.097   38.273   91.188  109.933    0.325799   -1.359624   -0.601698   -0.762572   -1.475146   -1.669392   -1.863222   -0.693642   -1.226962  -16.063  -31.011   -2.299 S_000010
   9 P   -53.216  147.736   56.299   88.699 -107.832  -69.470  112.210   29.873  107.331 -167.664    0.336649   -1.337285   -0.656515   -0.857626   -1.553019   -1.593386   -1.903537   -0.700635   -1.196323  -20.004  -35.070   -2.813 S_000010
  10 P     0.000 -178.219   75.956   85.948 -153.931  -66.939   64.844   32.024  101.186  115.390    0.349566   -1.340413   -0.647850   -0.814083   -1.539582   -1.627224   -1.897325   -0.720404   -1.207388  -19.985  -39.363   -6.775 S_000010
  11 P  -166.924 -154.036  159.889   90.332 -178.658 -136.635   73.477   26.413  115.255    3.673    0.345049   -1.323606   -0.689620   -0.882069   -1.572952   -1.568229   -1.923026   -0.712384   -1.176451  -23.589  -44.568   -9.063 S_000010
  12 P  -125.455 -167.804   38.655  128.260 -108.856 -159.228  164.606  -29.165  152.438   14.412    0.348945   -0.504938   -1.399732   -0.837892   -1.395609   -1.736113   -1.943423   -0.791031   -1.129634  -25.911  -49.508  -13.606 S_000010
  13 P   -67.601  173.259   58.690  157.464 -135.211 -147.785  162.259  -40.470  165.113 -137.280    0.315507    0.031025   -1.496384   -0.749112   -0.932260   -1.997702   -1.908468   -0.713312   -1.224472  -26.988  -56.027  -14.346 S_000010
  14 P  -137.451 -116.508   82.324  115.599  -56.458  114.006  114.169  -10.463  145.757   41.749    0.451858   -0.800576   -1.218438   -0.842049   -1.440186   -1.701131   -1.915161   -0.690671   -1.198736  -29.690  -62.802  -13.465 S_000010
  15 P   101.545 -166.544 -165.818  126.065 -162.988  -99.544   98.876  -15.674  141.015 -159.461    0.397392   -0.610821   -1.338979   -0.860837   -1.287097   -1.866209   -1.963161   -0.695831   -1.206560  -32.488  -67.431  -15.032 S_000010
  16 P   -62.560  161.565   59.465   82.476 -145.787  -82.222   79.175   40.224   90.549  -18.130    0.293028   -1.402197   -0.512332   -0.776587   -1.536861   -1.592902   -1.843688   -0.676489   -1.238810  -32.228  -73.491  -15.679 S_000010
  17 P   164.344 -174.447  169.230   87.267  -85.510 -142.850   47.716   36.293   89.985 -102.058    0.320310   -1.324589   -0.687336   -0.797024   -1.409651   -1.732008   -1.902623   -0.697059   -1.211855  -36.040  -79.176  -15.694 S_000010
  18 N   -70.443 -167.722   51.755   93.173  123.329  -97.835  101.915   28.273  100.650 -112.099    0.350732   -1.173409   -0.879789   -0.854740   -1.245858   -1.819409   -1.953517   -0.676129   -1.177028  -39.217  -84.420  -18.917 S_000010
  19 N  -129.028 -163.582   48.553  135.468 -141.911 -174.848  157.057  -27.178  160.516  155.765    0.423310   -0.241784   -1.447837   -0.777242   -1.015377   -1.948135   -1.915235   -0.727216   -1.192394  -39.032  -89.516  -22.106 S_000010
  20 H   -64.440  177.513   47.941   81.742    0.000    0.000   73.670   40.475   88.601  179.930    0.297803   -1.378154   -0.568551   -0.767840   -1.470605   -1.662200   -1.868551   -0.687335   -1.233976  -41.972  -95.057  -23.728 S_000010
