SEQUENCE: gaaaaaaag
SCORE:     score    rna_stub_coord_hack       N_WC      N_NWC       N_BS description
REMARK RNA 
SCORE:    30.713                 30.713          0          0          1    S_000001
   1 H     0.000  170.252   55.279   79.720 -113.671 -107.264   94.789   30.510  111.718  -20.730    0.334527   -1.382641   -0.548960   -0.849859   -1.659791   -1.475017   -1.858154   -0.711768   -1.211092    3.794    0.984    0.238 S_000001
   2 N   -95.425 -155.406   77.947   78.499 -154.163 -122.653  107.035   36.958  102.556  165.680    0.427752   -1.322176   -0.584372   -0.619659   -1.490434   -1.618431   -1.705002   -0.657488   -1.286959    6.546   -1.117   -6.049 S_000001
   3 P    97.044 -159.469  179.707  155.744  -97.613 -167.920  -41.320  -40.876  161.823 -176.176    0.303889   -0.071282   -1.489084   -0.757469   -1.076729   -1.923939   -1.915183   -0.715022   -1.208509    5.427   -2.341  -12.281 S_000001
   4 P   146.615 -167.000 -169.815   82.470 -132.725  -70.289   71.708   40.712   88.644   81.510    0.299093   -1.387817   -0.540911   -0.761575   -1.502633   -1.637962   -1.858264   -0.706118   -1.223254    6.223   -4.909  -18.921 S_000001
   5 P   -58.333  170.450   56.604   83.902 -156.889  -69.601   85.513   38.205   89.863  142.307    0.313114   -1.365996   -0.587468   -0.779845   -1.484453   -1.647887   -1.886151   -0.726490   -1.203413    5.465   -7.069  -24.628 S_000001
   6 P  -141.103   93.426  169.495   91.069 -150.020  -92.359   62.089   37.264   87.277  136.929    0.317046   -1.318105   -0.686127   -0.788078   -1.384274   -1.745631   -1.907231   -0.711992   -1.202040    2.710   -9.465  -29.878 S_000001
   7 N  -178.810  153.055  135.770  106.704 -138.327 -112.358  127.377   22.478   87.323  -11.418    0.409131   -0.973460   -1.098711   -0.809248   -1.028300   -2.013690   -1.923910   -0.665663   -1.225656    1.397  -10.780  -36.742 S_000001
   8 P   171.747  153.395  159.041  148.712 -150.900 -143.856  163.298  -31.676  141.216  -34.261    0.335662   -0.099384   -1.482186   -0.823846   -0.920479   -2.044532   -1.934389   -0.708140   -1.198506   -0.091  -14.490  -42.848 S_000001
   9 H   -19.518  111.054   68.202   81.280    0.000    0.000   62.614   37.692  101.104   95.736    0.316752   -1.396189   -0.520784   -0.776702   -1.569403   -1.557374   -1.796471   -0.636995   -1.262668    1.284  -15.927  -47.911 S_000001
SCORE:    29.861                 29.861          0          0          1    S_000002
   1 H     0.000  170.252   55.279   85.620 -127.140  -81.805   59.340   31.317   98.512  163.225    0.339212   -1.282194   -0.743712   -0.830850   -1.429431   -1.728894   -1.908959   -0.691559   -1.211919    3.794    0.984    0.238 S_000002
   2 P  -178.996  117.297 -174.714   86.489 -136.718  -72.287   77.953   35.660   94.291  -31.727    0.346791   -1.321652   -0.661451   -0.764915   -1.442410   -1.694848   -1.854917   -0.677260   -1.231639    6.767   -1.782   -5.564 S_000002
   3 P  -173.910 -150.992  149.500  127.998 -128.911 -142.558   91.482   -6.193  136.127   15.787    0.408280   -0.788743   -1.262842   -0.923571   -1.317920   -1.806812   -1.984235   -0.740556   -1.116661    6.448   -5.122  -11.409 S_000002
   4 P  -174.180  152.972 -160.333  104.826 -142.767  -78.703   76.242   19.884  101.194  179.947    0.387962   -1.086681   -0.991172   -0.843871   -1.294637   -1.855867   -1.944422   -0.700499   -1.202484    6.635   -9.405  -17.289 S_000002
   5 P   164.357  159.365   60.226  155.732 -127.704  171.416  109.333  -39.352  157.983   71.282    0.316599   -0.047323   -1.489035   -0.763868   -1.016590   -1.968385   -1.910011   -0.701604   -1.218509    7.316   -9.810  -24.240 S_000002
   6 P  -133.749 -135.407  144.310  130.845 -116.303 -178.649  121.579  -35.275  165.934  163.039    0.368044   -0.566274   -1.363413   -0.770648   -1.563835   -1.500435   -1.902733   -0.799223   -1.154475    5.243  -14.887  -28.757 S_000002
   7 N   167.952 -167.959  154.203  145.211 -155.376 -167.633   19.536  -32.174  148.043  -55.599    0.332777   -0.133501   -1.484945   -0.828850   -0.980089   -2.013944   -1.953344   -0.695714   -1.205944    2.481  -16.453  -35.196 S_000002
   8 P  -173.910 -150.992  149.500  127.998 -128.911 -142.558   91.482   -6.193  136.127   15.787    0.408280   -0.788743   -1.262842   -0.923571   -1.317920   -1.806812   -1.984235   -0.740556   -1.116661    1.059  -18.368  -42.099 S_000002
   9 H   -62.464 -171.509   43.247   82.404    0.000    0.000   75.553   41.459   87.441  179.895    0.290241   -1.375729   -0.556343   -0.760600   -1.457223   -1.661715   -1.862622   -0.685783   -1.228550    1.152  -20.239  -48.673 S_000002
SCORE:    30.422                 30.422          0          0          1    S_000003
   1 H     0.000  170.252   55.279   82.052 -143.519  -80.388   73.045   36.898   94.556  179.910    0.323673   -1.372094   -0.573020   -0.783464   -1.532488   -1.615278   -1.859523   -0.692238   -1.230257    3.794    0.984    0.238 S_000003
   2 N  -166.363  -98.794  124.006   67.887 -132.360  -80.440   59.673   41.781  100.181  -17.712    0.301471   -1.476923   -0.230392   -0.750136   -1.786393   -1.294865   -1.767898   -0.795849   -1.187554    6.078   -3.219   -4.501 S_000003
   3 P  -133.435  121.623  159.513   84.107 -132.282  -83.506   67.169   34.547   94.201  -27.447    0.328492   -1.348144   -0.633645   -0.807308   -1.509568   -1.647897   -1.897709   -0.723428   -1.200444    4.656   -5.936  -10.370 S_000003
   4 P  -173.910 -150.992  149.500  127.998 -128.911 -142.558   91.482   -6.193  136.127   15.787    0.408280   -0.788743   -1.262842   -0.923571   -1.317920   -1.806812   -1.984235   -0.740556   -1.116661    2.769   -8.051  -16.637 S_000003
   5 P  -133.749 -135.407  144.310  130.845 -116.303 -178.649  121.579  -35.275  165.934  163.039    0.368044   -0.566274   -1.363413   -0.770648   -1.563835   -1.500435   -1.902733   -0.799223   -1.154475    0.093   -9.772  -23.293 S_000003
   6 P   145.559 -147.661 -179.920   89.636 -147.948 -121.251  142.316   19.265  124.361   72.826    0.378876   -1.314939   -0.680925   -0.895597   -1.696331   -1.431095   -1.862822   -0.708039   -1.208086   -1.145  -12.989  -29.449 S_000003
   7 P   119.802 -147.111 -144.526  109.569 -143.800  -81.732   76.992   10.507  113.777 -142.370    0.392724   -1.039526   -1.039210   -0.879472   -1.411159   -1.786625   -1.952807   -0.730573   -1.180027   -2.738  -16.159  -34.932 S_000003
   8 P  -171.683  150.567  158.405   86.589 -114.846 -110.635  130.117   15.638  130.615   37.393    0.367847   -1.318887   -0.687781   -0.936999   -1.752471   -1.366717   -1.880904   -0.733340   -1.188375   -5.085  -19.257  -40.790 S_000003
   9 H   -60.370  169.417   57.100   79.287    0.000    0.000   71.993   39.588   92.368  179.902    0.310484   -1.381991   -0.563949   -0.759066   -1.509052   -1.646818   -1.857768   -0.709690   -1.234299   -6.250  -23.171  -46.084 S_000003
SCORE:    30.631                 30.631          0          1          0    S_000004
   1 H     0.000  170.252   55.279   84.169 -104.815 -114.625   46.356   40.067   85.525  -25.691    0.320689   -1.338244   -0.639599   -0.746063   -1.383441   -1.734224   -1.877728   -0.694636   -1.223336    3.794    0.984    0.238 S_000004
   2 P   145.834  169.864  160.515  116.771 -150.825  -95.969  116.851    6.639  112.778  -49.780    0.428419   -0.827735   -1.201961   -0.850477   -1.142936   -1.957796   -1.955336   -0.681649   -1.210816    5.748   -1.832   -6.059 S_000004
   3 P   -79.168 -124.694   51.623  146.123 -125.783 -149.640  160.856  -38.016  162.276  139.327    0.324545   -0.269269   -1.465500   -0.773459   -1.272864   -1.808773   -1.927933   -0.748816   -1.185459    6.358   -5.998  -11.661 S_000004
   4 N   -54.905 -179.787   52.984  131.374 -128.896  154.073  112.781  -21.146  143.722   17.580    0.415467   -0.432599   -1.404669   -0.834394   -1.156775   -1.922437   -1.939965   -0.702808   -1.188959    3.855   -8.716  -17.243 S_000004
   5 P    62.159  178.988 -170.619  149.965 -103.312 -145.757  126.991  -39.736  164.357  173.689    0.323159   -0.192725   -1.473024   -0.749767   -1.208730   -1.842314   -1.917217   -0.720585   -1.212069    4.527   -9.614  -23.554 S_000004
   6 P   145.559 -147.661 -179.920   89.636 -147.948 -121.251  142.316   19.265  124.361   72.826    0.378876   -1.314939   -0.680925   -0.895597   -1.696331   -1.431095   -1.862822   -0.708039   -1.208086    3.897  -12.751  -29.861 S_000004
   7 N   167.952 -167.959  154.203  145.211 -155.376 -167.633   19.536  -32.174  148.043  -55.599    0.332777   -0.133501   -1.484945   -0.828850   -0.980089   -2.013944   -1.953344   -0.695714   -1.205944    2.515  -15.089  -36.504 S_000004
   8 P   -65.076 -178.561   50.890   82.033  172.301  -98.139   97.082   37.385   96.141 -153.256    0.273990   -1.386814   -0.568385   -0.828927   -1.551060   -1.613081   -1.894165   -0.701245   -1.211693    3.633  -17.748  -42.431 S_000004
   9 H   117.532 -101.794 -172.996   87.848    0.000    0.000   53.578   31.355   96.379   95.212    0.357321   -1.286967   -0.725550   -0.805742   -1.443736   -1.706329   -1.898333   -0.707258   -1.206267    4.198  -20.527  -46.573 S_000004
SCORE:    30.886                 30.886          0          1          1    S_000005
   1 H     0.000  170.252   55.279   81.469 -100.948  -99.873   48.407   39.179   86.691  -19.565    0.329869   -1.353413   -0.607637   -0.747793   -1.434210   -1.683419   -1.859127   -0.708409   -1.213785    3.794    0.984    0.238 S_000005
   2 P  -167.200 -131.423  135.280   86.839 -158.875  -75.765  140.250   35.968   93.284  179.910    0.320765   -1.347235   -0.643969   -0.800359   -1.472294   -1.679922   -1.904488   -0.726813   -1.197436    4.200   -2.514   -5.635 S_000005
   3 N   -66.336 -154.233   43.887  144.222  -97.791 -146.754   96.672  -34.136  154.912   22.521    0.335822   -0.235007   -1.464433   -0.802412   -1.153151   -1.895882   -1.934708   -0.715898   -1.191218    1.155   -6.517   -9.802 S_000005
   4 P  -154.050  145.148  124.520   89.904 -156.931 -129.437   98.571   22.752  116.377   53.243    0.366115   -1.304268   -0.738772   -0.890164   -1.596323   -1.568220   -1.925176   -0.727709   -1.180955   -1.696   -9.015  -15.692 S_000005
   5 N   170.628 -165.875 -168.095   88.100 -146.025  -69.701   74.281   42.570   86.157  -18.932    0.269820   -1.368058   -0.613320   -0.764958   -1.393175   -1.735747   -1.891381   -0.711959   -1.210295   -3.546  -11.479  -22.172 S_000005
   6 P   -87.787  177.868   72.488  125.142 -164.828 -151.898  111.548  -19.213  150.164  -29.735    0.411216   -0.574601   -1.357123   -0.857597   -1.302692   -1.814919   -1.954673   -0.693383   -1.189634   -4.850  -13.899  -28.014 S_000005
   7 P   -80.038  176.179   50.143  140.545 -121.983  142.556  107.539  -32.297  155.179 -171.391    0.337627   -0.341992   -1.448902   -0.822973   -1.251736   -1.833691   -1.956174   -0.751793   -1.167097   -6.834  -16.777  -33.719 S_000005
   8 P   145.559 -147.661 -179.920   89.636 -147.948 -121.251  142.316   19.265  124.361   72.826    0.378876   -1.314939   -0.680925   -0.895597   -1.696331   -1.431095   -1.862822   -0.708039   -1.208086   -7.546  -19.569  -39.720 S_000005
   9 H   -52.548  170.820   33.490  135.068    0.000    0.000  131.540  -33.858  161.495  157.960    0.306469   -0.533968   -1.383756   -0.843944   -1.513494   -1.610017   -1.954044   -0.780358   -1.168795   -5.017  -23.168  -44.484 S_000005
SCORE:    30.584                 30.584          0          0          1    S_000006
   1 H     0.000  170.252   55.279   80.038 -127.257  -79.319   66.503   43.110   81.528 -120.588    0.283394   -1.382360   -0.566753   -0.747405   -1.414307   -1.690398   -1.868938   -0.701976   -1.221712    3.794    0.984    0.238 S_000006
   2 N  -149.034  -81.925  172.404  146.046 -150.679 -107.126  111.344  -35.048  155.162  147.404    0.332662   -0.192882   -1.475955   -0.792373   -1.116447   -1.928530   -1.935508   -0.712398   -1.199196    4.750   -2.627   -5.441 S_000006
   3 P   -82.645 -177.969   72.751  145.260 -157.503 -148.229  111.875  -38.545  157.429  -12.075    0.322205   -0.223436   -1.480851   -0.764697   -1.222995   -1.851784   -1.919902   -0.771160   -1.168755    2.260   -6.059  -10.731 S_000006
   4 P   -78.868  167.798   83.401   76.627 -155.813  -94.543  100.575   38.523   98.136  -30.394    0.299144   -1.414359   -0.476200   -0.789731   -1.615623   -1.527673   -1.849175   -0.734743   -1.210590   -0.868   -7.962  -16.219 S_000006
   5 P   166.345  136.515  176.959   87.298 -141.961  -85.985   88.233   36.289   90.829  -13.741    0.336751   -1.319590   -0.670557   -0.773868   -1.420417   -1.716763   -1.889689   -0.708570   -1.210282   -2.889  -11.752  -21.953 S_000006
   6 P  -172.604  161.126  159.864  155.138 -101.607 -139.360  -48.863  -40.948  155.621   78.591    0.319081    0.026124   -1.484098   -0.731166   -0.944630   -1.986654   -1.887978   -0.700564   -1.211859   -2.714  -15.734  -27.788 S_000006
   7 P    85.441 -148.073 -116.737   74.112  131.133   51.509   86.969   38.050   82.112  -13.919    0.253717   -1.385368   -0.669425   -0.894193   -1.393894   -1.724083   -1.956523   -0.641422   -1.244285   -3.203  -18.501  -33.765 S_000006
   8 P   171.747  153.395  159.041  148.712 -150.900 -143.856  163.298  -31.676  141.216  -34.261    0.335662   -0.099384   -1.482186   -0.823846   -0.920479   -2.044532   -1.934389   -0.708140   -1.198506   -3.613  -21.492  -39.470 S_000006
   9 H   -62.691 -168.388   45.524   86.050    0.000    0.000   78.036   35.473   92.295  179.922    0.332372   -1.314022   -0.687640   -0.793142   -1.414316   -1.723532   -1.891973   -0.681070   -1.222479   -3.714  -19.986  -46.077 S_000006
SCORE:    31.065                 31.065          0          0          1    S_000007
   1 H     0.000  170.252   55.279   78.263 -124.034 -104.910   80.399   37.599   92.868  -22.789    0.320461   -1.396042   -0.515686   -0.777568   -1.587075   -1.561043   -1.869266   -0.762191   -1.182550    3.794    0.984    0.238 S_000007
   2 P  -178.996  117.297 -174.714   86.489 -136.718  -72.287   77.953   35.660   94.291  -31.727    0.346791   -1.321652   -0.661451   -0.764915   -1.442410   -1.694848   -1.854917   -0.677260   -1.231639    6.311   -0.842   -6.238 S_000007
   3 P   153.576 -137.498 -175.281   83.857 -102.787 -103.937   50.086   29.192  107.047  -14.087    0.360236   -1.330018   -0.656551   -0.827896   -1.577528   -1.591584   -1.886986   -0.727617   -1.202004    6.183   -4.218  -11.468 S_000007
   4 P   -60.519 -150.721   69.014  155.654  -81.600 -163.057  158.185  -44.635  163.664   97.265    0.258206   -0.039368   -1.494873   -0.750175   -1.106028   -1.909076   -1.907704   -0.770525   -1.183420    5.262   -7.901  -17.290 S_000007
   5 P   -79.126  166.307   77.723  150.834  -98.890  160.827  125.960  -31.518  155.489   23.132    0.310030   -0.076579   -1.483199   -0.874991   -0.901705   -2.090662   -1.955273   -0.672872   -1.209360    3.928  -10.053  -23.391 S_000007
   6 P    62.159  178.988 -170.619  149.965 -103.312 -145.757  126.991  -39.736  164.357  173.689    0.323159   -0.192725   -1.473024   -0.749767   -1.208730   -1.842314   -1.917217   -0.720585   -1.212069    2.250  -13.626  -28.550 S_000007
   7 N   167.952 -167.959  154.203  145.211 -155.376 -167.633   19.536  -32.174  148.043  -55.599    0.332777   -0.133501   -1.484945   -0.828850   -0.980089   -2.013944   -1.953344   -0.695714   -1.205944    0.451  -16.496  -34.998 S_000007
   8 P   -91.570 -178.362   63.845   85.939 -140.648  -87.392   91.471   49.262   83.743  -23.974    0.266933   -1.394876   -0.545805   -0.662010   -1.321655   -1.737451   -1.817843   -0.656239   -1.249642   -1.652  -20.621  -39.990 S_000007
   9 H   -76.099  161.366   79.096   74.358    0.000    0.000   68.959   38.808   95.573  -31.907    0.313105   -1.424799   -0.438410   -0.774609   -1.643099   -1.490917   -1.843462   -0.764163   -1.192369   -3.065  -22.150  -45.994 S_000007
SCORE:    30.597                 30.597          0          0          2    S_000008
   1 H     0.000  170.252   55.279   83.359  -81.125 -139.356   71.693   37.503   91.842  -18.596    0.311855   -1.360742   -0.611687   -0.793031   -1.473406   -1.664265   -1.882305   -0.694628   -1.217436    3.794    0.984    0.238 S_000008
   2 P   147.134 -168.848  174.551   84.578 -147.110  -72.890   70.254   33.977   96.687  -24.297    0.349584   -1.331002   -0.659733   -0.788648   -1.484050   -1.669911   -1.886169   -0.707459   -1.211906    4.969   -0.592   -6.572 S_000008
   3 P  -172.604  161.126  159.864  155.138 -101.607 -139.360  -48.863  -40.948  155.621   78.591    0.319081    0.026124   -1.484098   -0.731166   -0.944630   -1.986654   -1.887978   -0.700564   -1.211859    3.275   -3.391  -12.664 S_000008
   4 N   167.952 -167.959  154.203  145.211 -155.376 -167.633   19.536  -32.174  148.043  -55.599    0.332777   -0.133501   -1.484945   -0.828850   -0.980089   -2.013944   -1.953344   -0.695714   -1.205944    2.158   -6.226  -19.262 S_000008
   5 P  -167.631  177.125   63.936  148.721 -114.320  176.453   96.592  -39.276  160.663  -80.184    0.315889   -0.217056   -1.474414   -0.766409   -1.232285   -1.836424   -1.924195   -0.750433   -1.184996    1.672   -9.325  -25.800 S_000008
   6 P  -177.185 -173.566  155.371  145.456  -98.754  179.352  138.838  -24.197  141.689  170.602    0.366879   -0.185448   -1.467973   -0.847005   -0.869502   -2.069646   -1.938630   -0.653402   -1.218242    0.137  -14.855  -29.969 S_000008
   7 P   140.069 -149.134 -176.442   84.310 -132.136  -74.545   60.793   36.577   91.645  -33.522    0.344958   -1.330067   -0.653628   -0.758551   -1.445446   -1.705309   -1.869122   -0.698642   -1.227160   -0.577  -18.197  -36.070 S_000008
   8 P   -57.453  164.272   54.441   82.303 -165.753  -81.004   92.847   39.731   93.205  -51.304    0.294590   -1.406111   -0.506351   -0.781939   -1.562559   -1.583179   -1.851915   -0.703320   -1.226567   -2.097  -21.162  -41.191 S_000008
   9 H   175.329 -175.501  164.000   81.576    0.000    0.000   55.101   34.841   95.489  -13.589    0.337773   -1.354341   -0.603071   -0.794543   -1.527934   -1.618368   -1.877266   -0.720215   -1.206204   -7.014  -23.971  -44.919 S_000008
SCORE:    31.101                 31.101          0          0          2    S_000009
   1 H     0.000  170.252   55.279   80.039  -94.004  -93.270   52.781   37.669   93.202 -124.130    0.325969   -1.366067   -0.578225   -0.770539   -1.509010   -1.634285   -1.863037   -0.722456   -1.208077    3.794    0.984    0.238 S_000009
   2 N   164.751 -142.271  151.787   85.973  -99.346 -140.259   96.097   33.739   98.446  173.375    0.336136   -1.353440   -0.609263   -0.810911   -1.550770   -1.613277   -1.889372   -0.720823   -1.202388    3.636   -2.923   -4.930 S_000009
   3 P   178.953  121.420   60.039  137.761  -89.783  162.171   95.568  -36.201  164.047  -85.504    0.329547   -0.376318   -1.443259   -0.795164   -1.365299   -1.724089   -1.935867   -0.737984   -1.183291    0.527   -3.814  -11.201 S_000009
   4 P  -170.341  -81.542 -150.130   92.276 -132.799 -135.257   68.032   15.995  132.507   -9.408    0.374351   -1.335865   -0.665900   -0.931982   -1.760628   -1.336401   -1.876128   -0.737169   -1.183181   -2.989   -7.583  -15.463 S_000009
   5 P   -50.484 -176.503   35.125  140.764 -157.779 -130.731   88.154  -32.121  150.570 -155.790    0.351864   -0.261336   -1.460342   -0.801800   -1.148146   -1.917020   -1.938761   -0.729367   -1.186107   -2.661  -10.463  -21.533 S_000009
   6 N  -148.162  164.915  118.385  145.355 -109.323 -178.043  158.161  -25.949  134.973  153.436    0.357113   -0.162484   -1.477571   -0.854725   -0.883260   -2.080780   -1.943630   -0.688761   -1.201220   -3.523  -11.954  -28.458 S_000009
   7 P   149.773 -156.144  176.474   82.777 -155.799  -84.417   85.097   38.273   91.188  109.933    0.325799   -1.359624   -0.601698   -0.762572   -1.475146   -1.669392   -1.863222   -0.693642   -1.226962   -4.130  -14.776  -34.954 S_000009
   8 P   179.099 -167.499  165.649  155.148 -107.586  148.241  103.768  -34.735  141.659   28.062    0.314041    0.107935   -1.489468   -0.823698   -0.701951   -2.120322   -1.901345   -0.710070   -1.203154   -5.011  -16.681  -41.491 S_000009
   9 H   -99.756  173.330   82.871   78.482    0.000    0.000   74.911   40.973   89.984  -25.816    0.300319   -1.412863   -0.482656   -0.756566   -1.568524   -1.577422   -1.836985   -0.711722   -1.224418   -3.771  -21.906  -43.881 S_000009
SCORE:    30.685                 30.685          0          1          0    S_000010
   1 H     0.000  170.252   55.279   86.352 -110.100  -70.863  -63.445   26.943  107.803  -56.584    0.321212   -1.334882   -0.662373   -0.887779   -1.615831   -1.549608   -1.897777   -0.693171   -1.209049    3.794    0.984    0.238 S_000010
   2 P  -178.996  117.297 -174.714   86.489 -136.718  -72.287   77.953   35.660   94.291  -31.727    0.346791   -1.321652   -0.661451   -0.764915   -1.442410   -1.694848   -1.854917   -0.677260   -1.231639    5.395   -2.155   -5.720 S_000010
   3 P  -133.749 -135.407  144.310  130.845 -116.303 -178.649  121.579  -35.275  165.934  163.039    0.368044   -0.566274   -1.363413   -0.770648   -1.563835   -1.500435   -1.902733   -0.799223   -1.154475    3.306   -4.123  -12.106 S_000010
   4 N   145.215 -123.261  174.675   85.487 -129.367 -105.326   61.689   34.708   94.693  -16.002    0.341282   -1.320596   -0.682879   -0.791461   -1.438928   -1.705229   -1.892384   -0.688770   -1.219794    2.033   -6.209  -18.576 S_000010
   5 P   -56.713  169.563   63.733  130.198 -145.747 -165.607  105.706  -22.591  147.628  165.119    0.387195   -0.481632   -1.393214   -0.841539   -1.246218   -1.866122   -1.947955   -0.671518   -1.217400    0.969   -8.432  -24.651 S_000010
   6 P   -61.124  164.474   53.999   82.543 -151.805  -89.692  102.053   36.544   94.460  -16.062    0.312189   -1.380366   -0.549723   -0.800758   -1.565740   -1.583436   -1.883817   -0.742767   -1.194307    0.149  -11.912  -29.940 S_000010
   7 P   165.278  167.371  175.594   83.822 -158.281  -75.127   89.459   36.330   91.172 -137.030    0.339110   -1.327173   -0.662258   -0.772025   -1.433257   -1.708364   -1.881501   -0.696938   -1.221572    0.664  -13.196  -36.830 S_000010
   8 P   -56.602  169.819   59.880  148.016 -135.011  178.478  120.148  -32.889  143.708  -19.080    0.344597   -0.101549   -1.481717   -0.800183   -0.950280   -2.028627   -1.919452   -0.736545   -1.187799    0.070  -14.564  -42.608 S_000010
   9 H   -70.927  168.833   51.201   80.727    0.000    0.000   73.577   37.765   94.148  179.904    0.310343   -1.407435   -0.496632   -0.789073   -1.612510   -1.543913   -1.877395   -0.767747   -1.183909   -2.143  -17.727  -47.620 S_000010
