SEQUENCE: gug
SCORE:     score    rna_stub_coord_hack       N_WC      N_NWC       N_BS description
REMARK RNA 
SCORE:     0.082                  0.082          0          0          0    S_000001
   1 H     0.000  170.252   55.279   82.966 -150.732  -23.713   81.760   37.754   95.282  -17.127    0.319288   -1.372340   -0.566721   -0.776012   -1.527300   -1.624185   -1.851137   -0.690793   -1.237047    3.794    0.984    0.238 S_000001
   2 N   157.972 -132.733  176.834  147.316 -147.664 -132.370   93.539  -35.585  157.310  132.932    0.334836   -0.174948   -1.481171   -0.790795   -1.105511   -1.925075   -1.933577   -0.714100   -1.197252    3.971   -3.861   -2.843 S_000001
   3 H   -72.121  172.651   57.106   84.354    0.000    0.000   79.310   39.098   91.204 -173.369    0.314922   -1.358231   -0.605753   -0.765042   -1.451036   -1.683791   -1.867673   -0.681084   -1.233494    1.067   -9.714   -1.462 S_000001
SCORE:     0.078                  0.078          0          0          0    S_000002
   1 H     0.000  170.252   55.279   80.073 -136.326  -48.204   81.459   39.312   91.720  -20.962    0.314988   -1.376954   -0.566039   -0.758252   -1.501694   -1.643096   -1.855382   -0.701260   -1.229024    3.794    0.984    0.238 S_000002
   2 N   157.972 -132.733  176.834  147.316 -147.664 -132.370   93.539  -35.585  157.310  132.932    0.334836   -0.174948   -1.481171   -0.790795   -1.105511   -1.925075   -1.933577   -0.714100   -1.197252    4.390   -3.932   -2.941 S_000002
   3 H   -64.861 -173.055   49.650   81.078    0.000    0.000   80.065   37.770   96.865  -19.609    0.303394   -1.392981   -0.542134   -0.799753   -1.544389   -1.585905   -1.848943   -0.668771   -1.227145    3.282  -10.427   -1.333 S_000002
SCORE:     0.082                  0.082          0          0          0    S_000003
   1 H     0.000  170.252   55.279   78.975 -138.612  -48.859   70.419   42.731   93.945  -19.847    0.280181   -1.404851   -0.513909   -0.750475   -1.507075   -1.634901   -1.822972   -0.646168   -1.264207    3.794    0.984    0.238 S_000003
   2 N   157.972 -132.733  176.834  147.316 -147.664 -132.370   93.539  -35.585  157.310  132.932    0.334836   -0.174948   -1.481171   -0.790795   -1.105511   -1.925075   -1.933577   -0.714100   -1.197252    4.625   -3.971   -2.877 S_000003
   3 H   -45.983  158.399   55.983   87.409    0.000    0.000   82.043   34.338   96.133  142.610    0.322523   -1.345780   -0.649208   -0.821246   -1.492349   -1.659255   -1.900876   -0.698917   -1.209378    3.185   -9.802   -0.955 S_000003
SCORE:     0.087                  0.087          0          0          0    S_000004
   1 H     0.000  170.252   55.279   86.620 -131.554  -55.151   77.025   36.903   87.115   73.388    0.338039   -1.311782   -0.665734   -0.762243   -1.407653   -1.723803   -1.875293   -0.692900   -1.221149    3.794    0.984    0.238 S_000004
   2 N   157.972 -132.733  176.834  147.316 -147.664 -132.370   93.539  -35.585  157.310  132.932    0.334836   -0.174948   -1.481171   -0.790795   -1.105511   -1.925075   -1.933577   -0.714100   -1.197252    4.336   -3.763   -3.309 S_000004
   3 H   -88.934  169.779   84.503   74.969    0.000    0.000   68.124   42.808   97.111  -20.083    0.261731   -1.451108   -0.375366   -0.773515   -1.628189   -1.470212   -1.801434   -0.681419   -1.233455    3.033  -10.336   -2.309 S_000004
SCORE:     0.073                  0.073          0          0          0    S_000005
   1 H     0.000  170.252   55.279   81.003 -159.439  -20.907   72.725   37.832   96.483  -20.185    0.307758   -1.403003   -0.519543   -0.783099   -1.588731   -1.562658   -1.842107   -0.707584   -1.218127    3.794    0.984    0.238 S_000005
   2 N   157.972 -132.733  176.834  147.316 -147.664 -132.370   93.539  -35.585  157.310  132.932    0.334836   -0.174948   -1.481171   -0.790795   -1.105511   -1.925075   -1.933577   -0.714100   -1.197252    4.501   -3.983   -2.674 S_000005
   3 H   -63.002 -174.254   49.133   80.590    0.000    0.000   80.970   40.400   90.933  179.926    0.297958   -1.393654   -0.528720   -0.766946   -1.521213   -1.617840   -1.856448   -0.701214   -1.225998    2.268  -10.186   -1.195 S_000005
SCORE:     0.080                  0.080          0          0          0    S_000006
   1 H     0.000  170.252   55.279   83.273 -136.171  -49.524   88.818   38.849   94.190  -38.517    0.300161   -1.396420   -0.510785   -0.784994   -1.567846   -1.575089   -1.851333   -0.698454   -1.228155    3.794    0.984    0.238 S_000006
   2 N   157.972 -132.733  176.834  147.316 -147.664 -132.370   93.539  -35.585  157.310  132.932    0.334836   -0.174948   -1.481171   -0.790795   -1.105511   -1.925075   -1.933577   -0.714100   -1.197252    4.400   -3.875   -3.057 S_000006
   3 H   -59.639  162.343   60.461   78.008    0.000    0.000   63.555   36.898   98.182  -21.251    0.323440   -1.391488   -0.531970   -0.784244   -1.581127   -1.567803   -1.855139   -0.725007   -1.212829    2.753   -9.885   -1.426 S_000006
SCORE:     0.082                  0.082          0          0          0    S_000007
   1 H     0.000  170.252   55.279   82.966 -150.732  -23.713   81.760   37.754   95.282  -17.127    0.319288   -1.372340   -0.566721   -0.776012   -1.527300   -1.624185   -1.851137   -0.690793   -1.237047    3.794    0.984    0.238 S_000007
   2 N   157.972 -132.733  176.834  147.316 -147.664 -132.370   93.539  -35.585  157.310  132.932    0.334836   -0.174948   -1.481171   -0.790795   -1.105511   -1.925075   -1.933577   -0.714100   -1.197252    3.971   -3.861   -2.843 S_000007
   3 H   -67.393  179.581   59.760   80.292    0.000    0.000   73.721   39.253   95.921 -142.921    0.304230   -1.405264   -0.499958   -0.776974   -1.575053   -1.569022   -1.843613   -0.698982   -1.230768    1.101   -9.792   -1.490 S_000007
SCORE:     0.089                  0.089          0          0          0    S_000008
   1 H     0.000  170.252   55.279   83.197 -137.936  -51.703   90.324   35.510  100.836  -24.480    0.332918   -1.362404   -0.604740   -0.789688   -1.521628   -1.626042   -1.862168   -0.683414   -1.235090    3.794    0.984    0.238 S_000008
   2 N   157.972 -132.733  176.834  147.316 -147.664 -132.370   93.539  -35.585  157.310  132.932    0.334836   -0.174948   -1.481171   -0.790795   -1.105511   -1.925075   -1.933577   -0.714100   -1.197252    4.665   -3.901   -3.039 S_000008
   3 H   -61.642  168.543   56.887   78.890    0.000    0.000   68.722   43.299   91.906  -19.229    0.272758   -1.428727   -0.439328   -0.750468   -1.582410   -1.563417   -1.824005   -0.685384   -1.246252    3.495  -10.136   -1.431 S_000008
SCORE:     0.087                  0.087          0          0          0    S_000009
   1 H     0.000  170.252   55.279   91.122 -130.597  -55.536  159.975   36.371   91.073  -26.790    0.322196   -1.333120   -0.652645   -0.786151   -1.449094   -1.695465   -1.892321   -0.710743   -1.205638    3.794    0.984    0.238 S_000009
   2 N   157.972 -132.733  176.834  147.316 -147.664 -132.370   93.539  -35.585  157.310  132.932    0.334836   -0.174948   -1.481171   -0.790795   -1.105511   -1.925075   -1.933577   -0.714100   -1.197252    4.238   -3.642   -3.475 S_000009
   3 H   -65.480  175.097   53.137   79.712    0.000    0.000   79.082   40.393   91.547 -167.838    0.288982   -1.412690   -0.481871   -0.778387   -1.572556   -1.564031   -1.860445   -0.727016   -1.210599    2.352   -9.979   -2.691 S_000009
SCORE:     0.087                  0.087          0          0          0    S_000010
   1 H     0.000  170.252   55.279   84.724 -141.657  -47.736   56.562   38.086   89.888   75.327    0.314612   -1.350919   -0.625777   -0.780601   -1.449581   -1.693080   -1.883894   -0.693072   -1.228279    3.794    0.984    0.238 S_000010
   2 N   157.972 -132.733  176.834  147.316 -147.664 -132.370   93.539  -35.585  157.310  132.932    0.334836   -0.174948   -1.481171   -0.790795   -1.105511   -1.925075   -1.933577   -0.714100   -1.197252    4.683   -3.904   -2.977 S_000010
   3 H   -73.177  157.801   72.108   80.349    0.000    0.000   65.801   37.451   92.107  -72.588    0.330209   -1.367764   -0.569555   -0.771998   -1.505500   -1.615026   -1.868490   -0.722054   -1.205068    3.326   -9.999   -1.294 S_000010
