SEQUENCE: gaaaaaaaag
SCORE:     score    rna_stub_coord_hack       N_WC      N_NWC       N_BS description
REMARK RNA 
SCORE:     8.491                  8.491          0          1          2    S_000001
   1 H     0.000  170.252   55.279   83.326 -150.650  -68.755   79.335   39.157   90.362  179.921    0.315311   -1.371263   -0.573425   -0.762732   -1.489092   -1.649503   -1.871058   -0.710069   -1.219318    3.794    0.984    0.238 S_000001
   2 P    81.799 -127.812   50.311  147.041 -106.000   93.790  128.056  -33.878  148.299 -140.469    0.335537   -0.150165   -1.481709   -0.801157   -1.036679   -1.983519   -1.930342   -0.731542   -1.188179    7.020   -2.544   -1.191 S_000001
   3 P   153.593 -174.720  175.405   87.006 -138.710  -67.800   71.797   39.975   84.634  -27.176    0.310808   -1.344282   -0.636662   -0.756981   -1.396052   -1.728260   -1.883757   -0.705854   -1.219704    4.774   -4.953    3.365 S_000001
   4 N  -178.810  153.055  135.770  106.704 -138.327 -112.358  127.377   22.478   87.323  -11.418    0.409131   -0.973460   -1.098711   -0.809248   -1.028300   -2.013690   -1.923910   -0.665663   -1.225656    1.771   -7.953    8.820 S_000001
   5 P   -57.076  159.557   74.072  122.522 -124.914  176.015  109.465  -27.926  161.760  179.896    0.363848   -0.671595   -1.324732   -0.846074   -1.563840   -1.540839   -1.910259   -0.713848   -1.195912    0.915  -11.662   13.954 S_000001
   6 P   148.744  164.488  155.812   78.401 -116.145  -93.168  138.143   38.511   86.441 -171.231    0.349391   -1.359421   -0.597882   -0.742157   -1.451422   -1.664271   -1.843860   -0.693680   -1.250137   -2.773  -15.298   18.891 S_000001
   7 P   -57.485  160.139   75.855  150.070 -129.358 -140.723  124.656  -40.385  156.749  145.069    0.321419   -0.067867   -1.491898   -0.742948   -1.064012   -1.946365   -1.896169   -0.757348   -1.185391   -4.412  -18.239   24.301 S_000001
   8 P  -176.305  137.307  171.043   85.565 -130.646 -105.768   74.681   34.485   99.287   -2.152    0.332425   -1.340365   -0.638706   -0.805513   -1.489131   -1.649123   -1.873865   -0.673556   -1.222220   -5.849  -22.484   29.969 S_000001
   9 N   160.380  178.006 -175.911   81.427 -138.097  -68.862   64.237   40.356   94.732  168.924    0.345587   -1.380057   -0.526857   -0.712433   -1.520110   -1.625664   -1.795151   -0.681104   -1.268351   -9.099  -24.141   36.130 S_000001
  10 H   -81.788  149.272  102.255   83.265    0.000    0.000   65.688   37.629   93.602  179.901    0.311752   -1.356703   -0.608146   -0.785784   -1.474654   -1.661886   -1.866568   -0.684606   -1.231065  -10.845  -25.238   41.771 S_000001
SCORE:     9.075                  9.075          0          0          1    S_000002
   1 H     0.000  170.252   55.279   85.509 -160.557  -52.037   64.920   38.013   92.239  179.908    0.308912   -1.360120   -0.602721   -0.786573   -1.472886   -1.662255   -1.884155   -0.694923   -1.224175    3.794    0.984    0.238 S_000002
   2 N   -52.403  163.975  -65.656   85.927 -104.755  -75.478  152.450   28.141  107.584  -15.887    0.357048   -1.315100   -0.689491   -0.841173   -1.559703   -1.612417   -1.898424   -0.717635   -1.204916    7.973   -2.227   -1.236 S_000002
   3 N     0.000  172.529   46.705 -224.118  207.242  179.205  148.966  -29.080  158.819  -19.114    0.380377   -0.446779   -1.400362   -0.814079   -1.322168   -1.752573   -1.949733   -0.675138   -1.201495    4.348   -3.444    3.235 S_000002
   4 P  -173.910 -150.992  149.500  127.998 -128.911 -142.558   91.482   -6.193  136.127   15.787    0.408280   -0.788743   -1.262842   -0.923571   -1.317920   -1.806812   -1.984235   -0.740556   -1.116661    0.718   -7.302    8.220 S_000002
   5 P  -174.693  125.315   70.626  100.770 -168.348 -125.431   59.244    6.694  142.590  165.496    0.406817   -1.171540   -0.911572   -0.936605   -1.632745   -1.491397   -1.901210   -0.662736   -1.210185   -1.210  -12.418   12.802 S_000002
   6 P  -136.198 -122.857 -158.492  106.180 -124.887  -76.026   74.874   19.311  100.658  168.675    0.405981   -1.001253   -1.074308   -0.820525   -1.157218   -1.951689   -1.924168   -0.645988   -1.229494   -3.189  -12.743   19.800 S_000002
   7 P   104.157  178.144  -40.302  150.427 -156.125 -168.806  148.232  -32.834  148.562  -37.679    0.321419   -0.017447   -1.492081   -0.837455   -0.834550   -2.066063   -1.954638   -0.668392   -1.216091   -6.810  -16.027   23.843 S_000002
   8 P   139.901 -101.394 -178.561  141.920 -123.942 -144.089   80.191  -30.931  156.102   31.126    0.358691   -0.354753   -1.434289   -0.818117   -1.244867   -1.828128   -1.948415   -0.714488   -1.176518   -7.855  -17.903   30.028 S_000002
   9 N   119.887   79.721  132.489   73.154 -135.174  -61.233   48.289   33.688  104.034 -179.989    0.364999   -1.376903   -0.550844   -0.773139   -1.611566   -1.538537   -1.834826   -0.728621   -1.217049  -10.929  -19.440   36.120 S_000002
  10 H   -75.139 -166.614   53.379   84.616    0.000    0.000   83.840   32.934  102.861  168.039    0.329947   -1.362696   -0.587959   -0.826490   -1.571740   -1.563099   -1.875558   -0.705258   -1.203408  -14.534  -21.880   40.917 S_000002
SCORE:     8.741                  8.741          0          0          1    S_000003
   1 H     0.000  170.252   55.279  106.612 -152.762  -52.262   81.223    8.422  118.847    5.367    0.404819   -1.044989   -1.035328   -0.875210   -1.459387   -1.747092   -1.949706   -0.731082   -1.187243    3.794    0.984    0.238 S_000003
   2 P    83.751 -165.816   91.595  130.783  -64.081 -125.336   83.914  -19.391  150.867  145.567    0.434795   -0.453130   -1.388179   -0.824030   -1.144554   -1.908372   -1.938600   -0.621925   -1.232191    5.789   -3.717   -1.844 S_000003
   3 P   -67.601  173.259   58.690  157.464 -135.211 -147.785  162.259  -40.470  165.113 -137.280    0.315507    0.031025   -1.496384   -0.749112   -0.932260   -1.997702   -1.908468   -0.713312   -1.224472    3.164   -6.743    3.607 S_000003
   4 N  -102.288 -114.811  152.099  152.073  -94.878  153.513  109.832  -37.104  159.441   32.450    0.319886   -0.166689   -1.482528   -0.788521   -1.122043   -1.900878   -1.935757   -0.712507   -1.193642   -1.773   -9.480    8.030 S_000003
   5 P  -166.643  174.429   51.009   94.950   50.074  146.761  125.488   22.751  101.125   56.346    0.414021   -1.135603   -0.926472   -0.821686   -1.305862   -1.810625   -1.936201   -0.726949   -1.176513   -5.942   -9.670   13.006 S_000003
   6 N   -98.041 -137.837  155.725  158.717  -99.849  162.372  109.093  -41.754  160.788   52.267    0.289315   -0.001541   -1.489878   -0.763911   -1.005286   -1.960819   -1.921518   -0.690989   -1.218223  -10.847  -12.080   16.947 S_000003
   7 P    57.480 -158.222  177.639   83.988 -167.491 -112.705  147.518   34.084  101.076  -21.261    0.329310   -1.365774   -0.595955   -0.819119   -1.554870   -1.597779   -1.887754   -0.714223   -1.202531  -14.850  -14.011   21.236 S_000003
   8 P   -56.713  169.563   63.733  130.198 -145.747 -165.607  105.706  -22.591  147.628  165.119    0.387195   -0.481632   -1.393214   -0.841539   -1.246218   -1.866122   -1.947955   -0.671518   -1.217400  -18.652  -15.737   25.870 S_000003
   9 N   -54.846  168.319   55.099   88.569 -157.038  -99.261   90.833   30.172  103.661  179.907    0.367701   -1.292969   -0.730351   -0.800342   -1.476327   -1.692529   -1.878263   -0.683268   -1.229139  -22.590  -19.223   29.525 S_000003
  10 H   -63.512  174.353   49.806   84.798    0.000    0.000   84.601   34.920   96.617  148.945    0.330736   -1.315276   -0.681409   -0.798157   -1.422001   -1.699456   -1.877045   -0.654383   -1.230934  -27.409  -22.157   32.518 S_000003
SCORE:     8.230                  8.230          0          0          1    S_000004
   1 H     0.000  170.252   55.279   81.565 -154.342   -3.457   76.805   35.866   91.322 -140.087    0.328289   -1.364001   -0.590277   -0.789567   -1.528784   -1.616422   -1.884401   -0.755820   -1.183021    3.794    0.984    0.238 S_000004
   2 N    56.934 -178.628   57.725   94.628   50.935  147.073   96.798   22.691  103.535   53.375    0.421820   -1.117502   -0.945682   -0.809555   -1.279508   -1.836961   -1.925424   -0.679122   -1.211046    3.532   -3.561   -1.672 S_000004
   3 P  -167.631  177.125   63.936  148.721 -114.320  176.453   96.592  -39.276  160.663  -80.184    0.315889   -0.217056   -1.474414   -0.766409   -1.232285   -1.836424   -1.924195   -0.750433   -1.184996    3.117   -6.441    4.641 S_000004
   4 P   -32.848  142.969   54.184  116.775 -137.644 -166.419  104.672   -9.627  141.274   13.748    0.435272   -0.776691   -1.242502   -0.870906   -1.392523   -1.757466   -1.951387   -0.704083   -1.182785    3.496   -7.545   10.503 S_000004
   5 P   138.934 -178.509  166.657   87.364 -105.103  -97.274   86.292   35.291   93.547  -22.000    0.327190   -1.331925   -0.669818   -0.802767   -1.448495   -1.699073   -1.903473   -0.702710   -1.210831    1.932  -10.861   16.733 S_000004
   6 P  -104.055   86.844  168.780   82.130 -119.848  -68.983   61.467   39.168   87.620  176.564    0.316688   -1.351873   -0.625528   -0.762949   -1.427076   -1.705653   -1.879876   -0.700139   -1.217629   -0.882  -12.233   21.888 S_000004
   7 P  -166.924 -154.036  159.889   90.332 -178.658 -136.635   73.477   26.413  115.255    3.673    0.345049   -1.323606   -0.689620   -0.882069   -1.572952   -1.568229   -1.923026   -0.712384   -1.176451   -4.831  -13.725   27.081 S_000004
   8 N   159.691 -170.590 -174.109   88.343 -146.100  -64.645   64.868   37.125   98.321   81.301    0.318687   -1.369463   -0.573472   -0.783925   -1.523176   -1.616361   -1.852265   -0.662433   -1.260222   -7.855  -16.298   32.851 S_000004
   9 P  -154.050  145.148  124.520   89.904 -156.931 -129.437   98.571   22.752  116.377   53.243    0.366115   -1.304268   -0.738772   -0.890164   -1.596323   -1.568220   -1.925176   -0.727709   -1.180955  -10.581  -18.107   38.739 S_000004
  10 H   145.286 -164.443 -175.583   87.449    0.000    0.000   65.716   32.785   98.127  -24.944    0.342907   -1.310268   -0.706633   -0.810501   -1.454620   -1.705743   -1.904177   -0.688828   -1.217573  -11.788  -19.157   45.550 S_000004
SCORE:     8.948                  8.948          0          0          1    S_000005
   1 H     0.000  170.252   55.279   89.694 -146.926  -53.397   63.029   37.985   80.797  -30.561    0.311583   -1.282557   -0.751732   -0.787874   -1.265155   -1.812297   -1.909803   -0.665245   -1.219406    3.794    0.984    0.238 S_000005
   2 N    69.488 -132.179  174.604   85.323 -152.720  -69.844  118.916   36.749   87.654  -17.686    0.342226   -1.307795   -0.694683   -0.766004   -1.375005   -1.748773   -1.894920   -0.704556   -1.216765    6.089   -2.991   -1.077 S_000005
   3 N   167.952 -167.959  154.203  145.211 -155.376 -167.633   19.536  -32.174  148.043  -55.599    0.332777   -0.133501   -1.484945   -0.828850   -0.980089   -2.013944   -1.953344   -0.695714   -1.205944    4.332   -7.103    3.842 S_000005
   4 N    56.904  146.090  -76.919  156.695 -160.150 -173.923  104.986  -34.562  143.238  -23.564    0.324447    0.078710   -1.492600   -0.805727   -0.735040   -2.115119   -1.911687   -0.631310   -1.242141    3.958   -7.958   10.586 S_000005
   5 P   -82.645 -177.969   72.751  145.260 -157.503 -148.229  111.875  -38.545  157.429  -12.075    0.322205   -0.223436   -1.480851   -0.764697   -1.222995   -1.851784   -1.919902   -0.771160   -1.168755    1.836  -11.120   16.106 S_000005
   6 N   -49.211  158.029   54.784   79.738 -142.526  -74.483   65.148   37.399  100.744  -10.051    0.259783   -1.425816   -0.443804   -0.858172   -1.653901   -1.468390   -1.836127   -0.659815   -1.240717    1.309  -13.788   21.733 S_000005
   7 P   -76.439 -155.686   76.097   98.708  168.544 -113.341  126.301    2.278  141.133  172.074    0.410529   -1.103526   -0.968395   -0.933240   -1.621578   -1.502075   -1.924475   -0.687537   -1.196092   -1.775  -15.926   27.325 S_000005
   8 P   -64.446  160.398   64.943   83.262 -150.923  -75.224   75.718   39.644   89.706  -15.406    0.302626   -1.382999   -0.567450   -0.771426   -1.494469   -1.647122   -1.888483   -0.744503   -1.197779   -3.006  -18.372   32.490 S_000005
   9 N  -173.124   78.055  146.836   78.999 -161.137  -61.152  -76.373   37.422   95.813    9.915    0.312401   -1.397380   -0.528472   -0.795907   -1.576124   -1.573417   -1.876411   -0.738611   -1.195916   -6.669  -21.273   37.560 S_000005
  10 H   -58.688  173.898   53.008   77.046    0.000    0.000   78.993   39.140   93.057 -120.356    0.309284   -1.420037   -0.463318   -0.771525   -1.622603   -1.526080   -1.853621   -0.754517   -1.192873   -8.019  -23.780   42.658 S_000005
SCORE:     8.860                  8.860          0          0          0    S_000006
   1 H     0.000  170.252   55.279   76.341 -159.475  -61.972   79.694   41.709   91.478  179.920    0.269315   -1.448962   -0.384745   -0.782214   -1.663289   -1.475451   -1.841557   -0.756933   -1.199945    3.794    0.984    0.238 S_000006
   2 P    78.439 -131.075   73.555  147.436  -61.399 -114.290  109.537  -34.268  150.790   19.070    0.342143   -0.169590   -1.472895   -0.788014   -1.069957   -1.954512   -1.928896   -0.717061   -1.194995    7.273   -2.207   -0.910 S_000006
   3 N   -71.861 -162.868   47.562   79.563 -146.440  -76.705   84.499   38.786   94.223 -172.309    0.302450   -1.411636   -0.484748   -0.784571   -1.600036   -1.542712   -1.860982   -0.744499   -1.196660    6.112   -1.747    5.803 S_000006
   4 P   -57.646 -146.257   57.461  143.472  -87.641  148.006  147.470  -36.073  161.191  121.537    0.352333   -0.200749   -1.470710   -0.763103   -1.148224   -1.890004   -1.921681   -0.697456   -1.207183    3.589   -6.606    9.498 S_000006
   5 P   154.785  148.880   62.755  143.221 -118.428  172.337   94.118  -32.342  157.772   32.106    0.346938   -0.351961   -1.445871   -0.812180   -1.268003   -1.828910   -1.947184   -0.738139   -1.184255    4.377   -9.263   15.319 S_000006
   6 P  -166.924 -154.036  159.889   90.332 -178.658 -136.635   73.477   26.413  115.255    3.673    0.345049   -1.323606   -0.689620   -0.882069   -1.572952   -1.568229   -1.923026   -0.712384   -1.176451    1.280  -11.788   21.219 S_000006
   7 P   139.421   99.903  167.645   88.729 -152.217  -69.641   88.735   35.678   89.523  177.526    0.326064   -1.301859   -0.702283   -0.796219   -1.383460   -1.739469   -1.902064   -0.690550   -1.208633    0.954  -16.531   26.665 S_000006
   8 P   -82.645 -177.969   72.751  145.260 -157.503 -148.229  111.875  -38.545  157.429  -12.075    0.322205   -0.223436   -1.480851   -0.764697   -1.222995   -1.851784   -1.919902   -0.771160   -1.168755   -0.787  -19.941   31.811 S_000006
   9 N  -175.873  129.154  170.686   86.137  -93.504 -119.198   62.975   34.945   90.884  -14.670    0.336428   -1.307129   -0.709811   -0.796257   -1.399775   -1.739041   -1.905209   -0.694020   -1.212799   -1.706  -23.251   38.109 S_000006
  10 H   -79.966  168.573   64.147   72.171    0.000    0.000   72.865   50.724   87.746  -15.624    0.231916   -1.513761   -0.209878   -0.679870   -1.655338   -1.398568   -1.714087   -0.676248   -1.283573   -6.210  -24.745   43.063 S_000006
SCORE:     8.447                  8.447          0          0          1    S_000007
   1 H     0.000  170.252   55.279   75.508    0.000    0.000   82.759   38.168   97.955  -18.716    0.304954   -1.414271   -0.474777   -0.792709   -1.620885   -1.523751   -1.841132   -0.709719   -1.224224    3.794    0.984    0.238 S_000007
   2 N    31.236 -144.583  147.070   86.162 -116.069  -66.136   68.018   34.373   93.508  -28.561    0.330256   -1.321246   -0.674879   -0.804745   -1.455509   -1.691545   -1.895958   -0.710315   -1.204222    2.938    1.956    1.289 S_000007
   3 P  -126.250  106.011  168.977   85.439 -139.330  -69.420   50.139   35.086   94.746  179.888    0.323314   -1.344139   -0.631905   -0.807581   -1.496027   -1.655632   -1.891815   -0.714598   -1.199423    3.961   -1.883    6.217 S_000007
   4 P   171.747  153.395  159.041  148.712 -150.900 -143.856  163.298  -31.676  141.216  -34.261    0.335662   -0.099384   -1.482186   -0.823846   -0.920479   -2.044532   -1.934389   -0.708140   -1.198506    5.012   -5.519   12.029 S_000007
   5 P   152.375  142.031   64.415  148.128 -115.647  144.438   99.872  -37.298  156.734  -84.147    0.331499   -0.157245   -1.479366   -0.767945   -1.115352   -1.917667   -1.916635   -0.734444   -1.191645    4.815   -9.981   17.899 S_000007
   6 P    80.085 -145.979 -145.278   81.968 -120.481  -60.636   76.672   33.305  102.906  162.359    0.330724   -1.367273   -0.575246   -0.819559   -1.585950   -1.557890   -1.872959   -0.718764   -1.203724    2.943  -13.160   22.491 S_000007
   7 P   -70.392 -168.786   67.400  152.714  -79.917 -130.447  140.795  -39.652  156.097   50.861    0.325405   -0.132539   -1.474602   -0.745567   -1.130274   -1.890448   -1.904953   -0.748656   -1.182195    0.572  -15.718   27.869 S_000007
   8 P  -172.604  161.126  159.864  155.138 -101.607 -139.360  -48.863  -40.948  155.621   78.591    0.319081    0.026124   -1.484098   -0.731166   -0.944630   -1.986654   -1.887978   -0.700564   -1.211859   -2.979  -19.492   32.802 S_000007
   9 P  -133.435  121.623  159.513   84.107 -132.282  -83.506   67.169   34.547   94.201  -27.447    0.328492   -1.348144   -0.633645   -0.807308   -1.509568   -1.647897   -1.897709   -0.723428   -1.200444   -5.761  -21.218   38.584 S_000007
  10 H   -98.840 -154.476   52.530   82.376    0.000    0.000   94.673   41.611   87.662  167.230    0.268398   -1.397135   -0.510729   -0.785980   -1.511003   -1.615236   -1.850756   -0.675162   -1.228865   -7.624  -20.029   45.253 S_000007
SCORE:     8.051                  8.051          0          0          1    S_000008
   1 H     0.000  170.252   55.279   82.973 -149.916  -65.797   76.571   39.193   92.403  -22.887    0.304787   -1.388130   -0.542121   -0.774046   -1.530176   -1.614434   -1.862440   -0.707311   -1.222675    3.794    0.984    0.238 S_000008
   2 N    54.072 -124.738  179.927   75.493 -146.460   11.078  146.458   42.254   88.341  179.896    0.300511   -1.404792   -0.506161   -0.742990   -1.507249   -1.621303   -1.842924   -0.707100   -1.230155    7.338   -1.998   -1.074 S_000008
   3 P   -97.972 -152.339   81.706  124.769 -146.581  162.724  125.829  -16.565  146.909   34.182    0.440902   -0.620888   -1.321854   -0.837849   -1.312903   -1.792966   -1.931445   -0.672971   -1.201510    5.115   -4.084    3.948 S_000008
   4 P   152.594  176.327  171.244   91.237 -151.427  -73.024   82.556   36.730   87.095   -0.293    0.324489   -1.292433   -0.740995   -0.782053   -1.325054   -1.790390   -1.912036   -0.712281   -1.201892    5.171   -6.204   10.728 S_000008
   5 P    66.130  155.881  -61.655  144.963 -144.838 -142.478 -172.796  -32.612  150.588   99.950    0.350612   -0.202099   -1.471910   -0.803603   -1.079357   -1.943498   -1.930262   -0.705946   -1.190799    3.095   -7.567   16.278 S_000008
   6 N  -175.101 -147.674  159.572  141.718  176.133  146.872   62.364  -31.811 -103.226   76.911    0.331832   -0.177856   -1.485199   -0.843536   -1.029654   -1.962328   -1.977627   -0.691472   -1.204184    1.273  -11.946   21.830 S_000008
   7 P   156.238 -179.304  175.189   84.171 -131.747  -78.081   61.660   33.664   96.247  -22.960    0.339854   -1.342789   -0.627972   -0.797072   -1.523909   -1.623702   -1.875191   -0.725767   -1.201238    0.103  -14.646   28.384 S_000008
   8 N   -50.936  170.693   59.456  140.138 -123.590 -165.720  102.147  -28.824  146.926   74.808    0.372909   -0.320183   -1.444597   -0.805892   -1.158175   -1.918373   -1.937237   -0.739376   -1.178972   -1.732  -16.901   33.869 S_000008
   9 P   107.645  177.113 -151.446  121.171 -147.326  -97.859   90.040   -9.304  132.582 -149.400    0.420710   -0.720589   -1.277335   -0.858548   -1.316539   -1.850888   -1.956492   -0.719478   -1.189242   -4.640  -19.489   39.839 S_000008
  10 H  -158.916  114.103  173.712  147.773    0.000    0.000  119.547  -39.466  165.125  -94.727    0.316830   -0.217121   -1.479019   -0.763449   -1.233270   -1.829391   -1.922029   -0.734600   -1.196846   -5.765  -22.926   45.776 S_000008
SCORE:     7.898                  7.898          0          0          1    S_000009
   1 H     0.000  170.252   55.279   94.464 -140.240  -58.727   64.934   27.679   99.657  -15.267    0.355848   -1.235128   -0.827621   -0.835049   -1.406623   -1.772022   -1.934782   -0.736136   -1.183131    3.794    0.984    0.238 S_000009
   2 P    55.000   77.934 -161.687  109.405 -136.834 -121.810  155.448  -19.079  143.180 -112.843    0.488294   -0.315897   -1.399530   -0.741399   -0.957329   -2.029923   -1.898117   -0.636835   -1.264591    3.947   -3.009   -2.589 S_000009
   3 P   140.004 -161.511  172.648   87.535 -135.875 -127.774  -63.089   27.673  113.365  -21.649    0.351703   -1.359808   -0.617725   -0.860422   -1.647064   -1.511100   -1.888219   -0.728269   -1.197425   -1.580   -5.105    1.138 S_000009
   4 P   -92.061  174.712   64.731   79.865 -168.143  -67.139   80.901   41.144   89.108  166.693    0.288880   -1.388462   -0.552470   -0.761396   -1.486321   -1.649708   -1.854959   -0.705627   -1.220698   -6.453   -6.230    5.927 S_000009
   5 P  -165.123  123.315  171.991   87.033 -153.571  -59.887   73.452   35.136   95.198   -8.374    0.331756   -1.337775   -0.632899   -0.796073   -1.488319   -1.658809   -1.881383   -0.691431   -1.212719   -9.039   -9.245   11.311 S_000009
   6 P  -165.123  123.315  171.991   87.033 -153.571  -59.887   73.452   35.136   95.198   -8.374    0.331756   -1.337775   -0.632899   -0.796073   -1.488319   -1.658809   -1.881383   -0.691431   -1.212719  -11.982  -11.721   16.843 S_000009
   7 P   -61.782 -140.498   56.795  140.224 -153.193 -144.278  165.784  -33.826  159.973  156.711    0.349592   -0.388033   -1.431578   -0.793415   -1.340736   -1.762595   -1.940106   -0.795494   -1.147865  -15.396  -13.431   22.035 S_000009
   8 P   119.802 -147.111 -144.526  109.569 -143.800  -81.732   76.992   10.507  113.777 -142.370    0.392724   -1.039526   -1.039210   -0.879472   -1.411159   -1.786625   -1.952807   -0.730573   -1.180027  -16.770  -16.250   27.915 S_000009
   9 P  -172.604  161.126  159.864  155.138 -101.607 -139.360  -48.863  -40.948  155.621   78.591    0.319081    0.026124   -1.484098   -0.731166   -0.944630   -1.986654   -1.887978   -0.700564   -1.211859  -18.744  -19.321   33.910 S_000009
  10 H   155.211 -166.168  175.723   88.635    0.000    0.000   60.909   38.707   86.532  -13.236    0.305355   -1.334933   -0.660951   -0.781220   -1.394258   -1.737460   -1.902408   -0.708806   -1.206505  -21.051  -22.578   39.925 S_000009
SCORE:     9.049                  9.049          0          0          2    S_000010
   1 H     0.000  170.252   55.279   82.434    0.000    0.000   69.377   37.307   94.565  -18.615    0.317771   -1.377227   -0.566348   -0.789210   -1.533819   -1.616268   -1.875531   -0.712655   -1.215582    3.794    0.984    0.238 S_000010
   2 N    63.321 -168.279   56.348  152.730 -126.047 -153.486  112.514  -39.094  155.743  -73.903    0.320322   -0.047558   -1.486259   -0.754109   -1.005823   -1.974668   -1.908947   -0.697996   -1.222185    3.566    2.850    1.539 S_000010
   3 P   179.099 -167.499  165.649  155.148 -107.586  148.241  103.768  -34.735  141.659   28.062    0.314041    0.107935   -1.489468   -0.823698   -0.701951   -2.120322   -1.901345   -0.710070   -1.203154   -1.059   -0.443    6.188 S_000010
   4 N   144.369 -164.771  174.597   85.862 -111.402  -77.490   66.933   34.932   89.928  -15.347    0.349145   -1.282307   -0.738465   -0.783001   -1.349281   -1.771280   -1.894652   -0.665989   -1.222817   -4.107    0.248   12.111 S_000010
   5 P   173.330 -176.176  173.161   89.236 -120.118 -113.526   66.601   30.578  105.566 -179.411    0.341486   -1.333597   -0.661409   -0.838980   -1.537240   -1.610372   -1.902227   -0.711169   -1.197381   -6.064   -2.597   17.942 S_000010
   6 P   163.328  133.174   67.642  136.998 -137.626 -154.012   89.421  -30.525  152.645   30.625    0.372295   -0.416181   -1.425075   -0.793600   -1.311181   -1.799090   -1.926431   -0.784884   -1.148790   -4.802   -6.690   23.859 S_000010
   7 P   -62.650  168.286   59.215   86.634 -174.187  -76.231   93.456   33.290   98.890  164.552    0.307403   -1.339352   -0.666994   -0.836463   -1.512993   -1.663933   -1.914600   -0.725711   -1.188220   -6.581   -9.829   29.321 S_000010
   8 P   -59.635 -160.120   48.664  147.679  -98.057 -148.024  -46.170  -37.674  158.172 -162.643    0.328942   -0.194641   -1.477977   -0.765558   -1.170944   -1.888938   -1.920786   -0.746690   -1.186433   -8.592  -12.812   34.389 S_000010
   9 N     0.000  -97.442  -83.281  133.878 -126.039  -52.106  141.248  -34.467  165.900  -93.665    0.341672   -0.451728   -1.418529   -0.802840   -1.420742   -1.668579   -1.935272   -0.725571   -1.190459  -10.703  -15.037   39.118 S_000010
  10 H   -65.281 -124.267   47.455  105.789    0.000    0.000  147.483  -18.156  130.572  179.906    0.437719   -0.226907   -1.443830   -0.820979   -0.803270   -2.110796   -1.924303   -0.676118   -1.233775  -10.466  -18.804   44.462 S_000010
