SEQUENCE: gaaag
SCORE:     score    rna_stub_coord_hack       N_WC      N_NWC       N_BS description
REMARK RNA 
SCORE:     0.001                  0.001          0          0          0    S_000001
   1 H     0.000  170.252   55.279   87.736 -110.880   69.029  112.201   34.323   98.772  -27.709    0.339381   -1.363343   -0.577957   -0.793598   -1.572092   -1.582146   -1.860850   -0.722034   -1.206541    3.794    0.984    0.238 S_000001
   2 P   -70.819  171.793   53.676   82.498 -141.460  -69.328   84.206   39.911   89.564  -23.888    0.317321   -1.350503   -0.614457   -0.745324   -1.428179   -1.705123   -1.853889   -0.662832   -1.245489    0.650    1.407   -2.253 S_000001
   3 N   -65.567   89.378  171.014   87.264  166.783   67.514  121.467   31.399  100.690  -84.018    0.327158   -1.337683   -0.664313   -0.852524   -1.522483   -1.628072   -1.924617   -0.732020   -1.175221   -2.967    3.173   -4.736 S_000001
   4 N   167.952 -167.959  154.203  145.211 -155.376 -167.633   19.536  -32.174  148.043  -55.599    0.332777   -0.133501   -1.484945   -0.828850   -0.980089   -2.013944   -1.953344   -0.695714   -1.205944   -9.553    4.265   -5.379 S_000001
   5 H   -65.573  156.518   63.368   72.625    0.000    0.000   72.984   42.654   95.401  179.883    0.262583   -1.472472   -0.339170   -0.773709   -1.682381   -1.425337   -1.773470   -0.694894   -1.248126  -13.569    6.891   -9.398 S_000001
SCORE:     0.000                  0.000          0          0          1    S_000002
   1 H     0.000  170.252   55.279  115.386 -110.876   62.778  106.720  -15.167  148.845    2.881    0.421442   -0.753672   -1.271996   -0.855893   -1.461097   -1.705731   -1.960090   -0.726764   -1.187763    3.794    0.984    0.238 S_000002
   2 P  -163.415 -164.775  171.520   87.292 -173.272  -90.210   95.538   33.873  101.998   69.427    0.333059   -1.348368   -0.630589   -0.813263   -1.521104   -1.634527   -1.885456   -0.693273   -1.220867    2.324    3.096   -4.381 S_000002
   3 N   -56.958  163.068   62.833   78.275 -158.338  -85.672   79.954   42.971   90.044  -18.604    0.294655   -1.424965   -0.469519   -0.729337   -1.548088   -1.583633   -1.860058   -0.766679   -1.201017   -2.769    5.557   -5.773 S_000002
   4 P   157.238  147.935   58.277   79.674   42.514   54.579   91.504   25.399  110.921  -15.363    0.388681   -1.298256   -0.708999   -0.835754   -1.573984   -1.591699   -1.889267   -0.715419   -1.204754   -7.814    8.949   -9.335 S_000002
   5 H   -51.013  174.962   41.518   83.337    0.000    0.000   68.371   33.224   99.348  -67.016    0.340906   -1.350560   -0.613725   -0.814820   -1.542914   -1.605854   -1.895768   -0.720406   -1.191664  -11.063   11.607   -9.787 S_000002
SCORE:     0.001                  0.001          0          0          1    S_000003
   1 H     0.000  170.252   55.279  115.386 -110.876   62.778  106.720  -15.167  148.845    2.881    0.421442   -0.753672   -1.271996   -0.855893   -1.461097   -1.705731   -1.960090   -0.726764   -1.187763    3.794    0.984    0.238 S_000003
   2 N  -175.547  106.994   64.412  108.286  -74.246  153.496   70.246    6.174  143.243   -4.259    0.401714   -1.157875   -0.931547   -0.941990   -1.614438   -1.504884   -1.915754   -0.648170   -1.219256    2.072    1.385   -4.649 S_000003
   3 P   -74.645  171.385   42.893   88.649 -141.986  -76.045   67.796   36.220   86.711   12.375    0.348750   -1.288044   -0.722590   -0.761360   -1.348121   -1.772898   -1.905762   -0.738985   -1.190803   -1.657    4.057   -8.139 S_000003
   4 P   -57.485  160.139   75.855  150.070 -129.358 -140.723  124.656  -40.385  156.749  145.069    0.321419   -0.067867   -1.491898   -0.742948   -1.064012   -1.946365   -1.896169   -0.757348   -1.185391   -5.298    8.569   -9.653 S_000003
   5 H   -65.999  178.099   44.322   77.862    0.000    0.000   83.339   41.719   87.747   85.382    0.289367   -1.403650   -0.492976   -0.757712   -1.541527   -1.602452   -1.848753   -0.715326   -1.221674  -11.268   11.775   -9.818 S_000003
SCORE:     0.001                  0.001          0          0          0    S_000004
   1 H     0.000  170.252   55.279   97.566 -102.174  124.771  144.163   31.662   92.309 -130.858    0.357173   -1.201627   -0.867549   -0.800290   -1.235560   -1.855941   -1.917371   -0.669415   -1.210627    3.794    0.984    0.238 S_000004
   2 P   -63.987 -127.413   38.478  136.445 -130.927  147.134 -176.802  -28.697  146.082   22.252    0.361039   -0.337232   -1.446057   -0.830536   -1.179977   -1.905281   -1.953352   -0.756888   -1.160135    2.778    4.017   -3.689 S_000004
   3 N    84.092 -157.396 -165.850   85.752 -149.458  -56.053  119.715   32.403   97.861  -70.101    0.343596   -1.331908   -0.663858   -0.815687   -1.508697   -1.648327   -1.893923   -0.713440   -1.204547   -3.342    4.649   -4.333 S_000004
   4 P  -137.451 -116.508   82.324  115.599  -56.458  114.006  114.169  -10.463  145.757   41.749    0.451858   -0.800576   -1.218438   -0.842049   -1.440186   -1.701131   -1.915161   -0.690671   -1.198736   -8.778    7.499   -7.404 S_000004
   5 H   -46.492  172.497   38.465   81.050    0.000    0.000   81.052   39.467   93.801  -18.742    0.288110   -1.386749   -0.540211   -0.789757   -1.515585   -1.610921   -1.857094   -0.688463   -1.223842  -12.411   10.321   -7.765 S_000004
SCORE:     0.003                  0.003          0          1          1    S_000005
   1 H     0.000  170.252   55.279   87.512  -28.764  -65.289   76.429   38.490   99.090  -53.442    0.279946   -1.414337   -0.493444   -0.811834   -1.604944   -1.545185   -1.835833   -0.671090   -1.256126    3.794    0.984    0.238 S_000005
   2 P   -66.547  174.793   52.090   80.331 -178.576  -66.944   87.446   36.302   96.128  -73.045    0.316283   -1.382911   -0.566529   -0.797357   -1.560730   -1.595491   -1.864356   -0.711206   -1.211385    1.204    0.095   -4.118 S_000005
   3 N   -82.271  172.114   71.616   80.521 -160.375  -99.196   70.829   44.016   88.946  179.870    0.249433   -1.421755   -0.466358   -0.764929   -1.531784   -1.596253   -1.827971   -0.670077   -1.241417   -4.250    0.923   -6.212 S_000005
   4 P   -76.171 -175.240   50.603   79.359 -153.704  -73.430   78.015   39.338   93.105 -150.197    0.298812   -1.412065   -0.486084   -0.782601   -1.590734   -1.554606   -1.858443   -0.728719   -1.210451  -10.620    1.863   -7.695 S_000005
   5 H   -60.314  159.464   60.024   81.653    0.000    0.000   68.005   37.605   94.299  -16.150    0.307856   -1.394845   -0.529823   -0.791471   -1.577753   -1.576766   -1.864847   -0.731578   -1.201891  -15.831    4.097   -6.229 S_000005
SCORE:     0.000                  0.000          0          0          2    S_000006
   1 H     0.000  170.252   55.279  139.617  -64.455  -57.871  122.140  -32.334  161.821   27.534    0.339228   -0.380930   -1.427342   -0.789282   -1.309719   -1.850957   -1.890868   -0.709111   -1.230885    3.794    0.984    0.238 S_000006
   2 N  -172.853 -176.879  154.982   85.334 -152.417  -63.053   65.917   37.285   95.556   72.588    0.310637   -1.342060   -0.627038   -0.796613   -1.444832   -1.678616   -1.872772   -0.654663   -1.228665    4.155    2.047   -5.446 S_000006
   3 P   133.672  116.324  174.939   85.959 -147.791  -72.484   76.620   37.073   93.583  177.523    0.326800   -1.349232   -0.605191   -0.775282   -1.479584   -1.652634   -1.864206   -0.707319   -1.206991    2.117    7.077   -9.705 S_000006
   4 P   -49.585  178.345   51.079   84.861 -148.937  -84.479   69.911   37.232   89.885  -16.889    0.311727   -1.352427   -0.630947   -0.797964   -1.454949   -1.681773   -1.889637   -0.691654   -1.213543   -0.494   12.324  -11.433 S_000006
   5 H   -65.230  155.437   72.159   83.715    0.000    0.000   76.674   40.346   88.438  -23.533    0.301012   -1.362223   -0.584132   -0.755246   -1.448300   -1.671103   -1.828442   -0.640396   -1.257781   -3.959   17.257  -11.562 S_000006
SCORE:     0.001                  0.001          0          0          1    S_000007
   1 H     0.000  170.252   55.279  139.617  -64.455  -57.871  122.140  -32.334  161.821   27.534    0.339228   -0.380930   -1.427342   -0.789282   -1.309719   -1.850957   -1.890868   -0.709111   -1.230885    3.794    0.984    0.238 S_000007
   2 P   153.593 -174.720  175.405   87.006 -138.710  -67.800   71.797   39.975   84.634  -27.176    0.310808   -1.344282   -0.636662   -0.756981   -1.396052   -1.728260   -1.883757   -0.705854   -1.219704    3.642    2.141   -5.117 S_000007
   3 P   152.638  133.371 -164.851   80.834 -154.970  -66.931  123.690   31.389  105.683  163.785    0.343562   -1.372884   -0.556790   -0.824956   -1.642144   -1.505629   -1.862930   -0.737757   -1.198496    0.920    7.374   -8.857 S_000007
   4 P   -70.474  166.006   56.342   85.209 -143.081  -59.307   86.528   34.394   96.079  -14.727    0.343486   -1.332666   -0.656594   -0.788910   -1.481912   -1.672270   -1.882104   -0.703552   -1.217303   -0.705   12.405  -11.643 S_000007
   5 H  -151.528 -103.560   42.625  102.133    0.000    0.000  132.500    4.196  122.158 -130.095    0.475714   -0.758282   -1.247063   -0.841144   -1.070645   -1.971757   -1.946103   -0.635058   -1.205327   -2.795   17.936   -8.385 S_000007
SCORE:     0.002                  0.002          0          0          2    S_000008
   1 H     0.000  170.252   55.279  140.769 -134.611  114.781  125.030  -26.222  158.879  114.873    0.414887   -0.264459   -1.431683   -0.791519   -1.028715   -1.944933   -1.940602   -0.699635   -1.208637    3.794    0.984    0.238 S_000008
   2 P   147.011  152.313  -27.524  111.097  176.634 -134.641   96.306   -3.846  138.519  -77.746    0.439891   -0.891834   -1.162123   -0.872332   -1.445207   -1.719682   -1.936057   -0.719981   -1.178645    7.118    3.538   -4.674 S_000008
   3 P   142.990 -157.333 -168.021   81.949 -149.012  -66.119   71.198   43.777   90.331  -21.089    0.268349   -1.386227   -0.533826   -0.747811   -1.438299   -1.663607   -1.829121   -0.660086   -1.293371    3.516    9.091   -5.482 S_000008
   4 P   -64.526  171.306   59.084   85.494 -157.090  -63.270  101.987   34.404   96.223   -8.382    0.330413   -1.350385   -0.619829   -0.807223   -1.521465   -1.629447   -1.893088   -0.722971   -1.201374    1.517   14.346   -7.714 S_000008
   5 H   -53.302  172.536   47.082   83.697    0.000    0.000   69.244   37.653   91.996 -170.074    0.317198   -1.370832   -0.577758   -0.779481   -1.517105   -1.632524   -1.881063   -0.747678   -1.189779   -1.106   16.941  -12.236 S_000008
SCORE:     0.001                  0.001          0          0          0    S_000009
   1 H     0.000  170.252   55.279  143.998 -111.961   93.881  140.739  -40.616  165.979  -92.866    0.320762   -0.270496   -1.455958   -0.737784   -1.310647   -1.735460   -1.901246   -0.727566   -1.200717    3.794    0.984    0.238 S_000009
   2 P   -67.174 -171.745   62.212  145.145 -155.997 -106.484 -147.320  -33.164  152.851  138.237    0.344482   -0.189857   -1.476480   -0.805669   -1.076453   -1.953110   -1.941820   -0.705229   -1.199961    4.881    4.580   -2.424 S_000009
   3 P   -58.446 -149.202   68.661  151.517  -94.388 -167.491  158.879  -36.566  157.616   66.657    0.314545   -0.058212   -1.465433   -0.758064   -0.951472   -2.024794   -1.934304   -0.600686   -1.266513    6.056   10.207   -5.963 S_000009
   4 P    72.576  149.770 -151.522  108.167 -165.266  169.559   84.077   20.341   90.404  -73.247    0.406527   -0.977007   -1.101295   -0.826894   -1.071262   -1.978590   -1.936669   -0.669848   -1.216556    3.873   15.992   -9.340 S_000009
   5 H   138.993 -168.161 -175.752  121.086    0.000    0.000   70.167    0.489  112.299  -19.857    0.431207   -0.700120   -1.287473   -0.853863   -1.079568   -2.011391   -1.951502   -0.694373   -1.204768   -2.826   18.229   -9.229 S_000009
SCORE:     0.002                  0.002          0          0          2    S_000010
   1 H     0.000  170.252   55.279   89.358 -155.769   48.243 -138.082   29.010  107.306  179.885    0.341872   -1.312478   -0.718923   -0.860774   -1.504972   -1.652609   -1.924509   -0.703205   -1.193399    3.794    0.984    0.238 S_000010
   2 N    49.768 -151.672  161.870   83.101  151.471  173.587   99.969   29.881  102.127  -91.551    0.358826   -1.325480   -0.669894   -0.825511   -1.546052   -1.616867   -1.897946   -0.737026   -1.188716    1.502   -1.203   -2.885 S_000010
   3 P   -53.982  175.499   58.101   69.370 -168.827  -83.451   78.681   38.769  106.876 -133.947    0.241743   -1.499270   -0.131829   -0.868124   -1.900732   -1.112730   -1.759431   -0.806190   -1.173860   -2.970    2.124   -6.296 S_000010
   4 N   179.905  172.930  176.245   83.787 -128.091  -62.899 -123.244   34.070   98.131  -19.586    0.338787   -1.347342   -0.629643   -0.801847   -1.519193   -1.636661   -1.884103   -0.711999   -1.207435   -8.858    5.187   -7.930 S_000010
   5 H   -81.002  169.185   64.739   87.715    0.000    0.000   59.938   34.230   98.513  -19.666    0.314063   -1.347659   -0.648820   -0.829081   -1.502677   -1.657833   -1.904879   -0.708478   -1.206782  -14.786    6.519   -9.424 S_000010
