SEQUENCE: gug
SCORE:     score    rna_stub_coord_hack       N_WC      N_NWC       N_BS description
REMARK RNA 
SCORE:     0.321                  0.321          0          0          0    S_000001
   1 H     0.000  170.252   55.279   84.268  156.695 -138.988  108.460   27.951  113.268   20.971    0.330433   -1.377741   -0.551040   -0.883136   -1.682740   -1.425504   -1.903037   -0.761115   -1.156916    3.794    0.984    0.238 S_000001
   2 N   144.964 -167.241 -176.627   82.062 -131.071 -116.321   74.668   39.805   90.993  -19.361    0.305749   -1.385472   -0.552507   -0.768295   -1.505902   -1.636970   -1.860204   -0.696993   -1.227574    8.994    2.510   -3.532 S_000001
   3 H   -77.661  164.905   70.454   78.377    0.000    0.000   73.204   39.522   94.469  -77.638    0.287481   -1.408030   -0.487894   -0.790853   -1.572690   -1.552795   -1.847321   -0.705975   -1.219688   14.091    3.603   -7.739 S_000001
SCORE:     0.338                  0.338          0          0          1    S_000002
   1 H     0.000  170.252   55.279   84.268  156.695 -138.988  108.460   27.951  113.268   20.971    0.330433   -1.377741   -0.551040   -0.883136   -1.682740   -1.425504   -1.903037   -0.761115   -1.156916    3.794    0.984    0.238 S_000002
   2 P   173.587 -178.965  167.252   86.770 -154.241  -66.892   71.209   38.137   90.850  -14.829    0.330521   -1.345863   -0.616675   -0.753773   -1.455994   -1.683559   -1.857163   -0.688204   -1.225260    8.832    2.383   -4.269 S_000002
   3 H   -62.410  173.109   56.122   82.708    0.000    0.000   81.429   35.708   95.055   75.505    0.329981   -1.362301   -0.602400   -0.790884   -1.523329   -1.629297   -1.881015   -0.721717   -1.206001   13.947    4.663   -6.476 S_000002
SCORE:     0.321                  0.321          0          0          0    S_000003
   1 H     0.000  170.252   55.279  114.230   78.866  128.603  172.359  -21.173  135.743   63.969    0.449978   -0.209630   -1.444951   -0.788586   -0.847298   -2.077216   -1.899702   -0.705859   -1.210367    3.794    0.984    0.238 S_000003
   2 N   143.574  160.531  175.408  133.205 -130.367  169.612   97.544  -22.321  142.008    7.097    0.425675   -0.198654   -1.451706   -0.814007   -0.856105   -2.063682   -1.926252   -0.650947   -1.223566   10.119    0.044   -2.960 S_000003
   3 H   -66.743  175.007   50.934   81.269    0.000    0.000   81.075   38.536   92.507  179.900    0.319252   -1.364499   -0.598358   -0.767654   -1.476168   -1.668538   -1.860744   -0.677713   -1.241169   15.237   -2.549   -0.540 S_000003
SCORE:     0.316                  0.316          0          0          0    S_000004
   1 H     0.000  170.252   55.279  114.230   78.866  128.603  172.359  -21.173  135.743   63.969    0.449978   -0.209630   -1.444951   -0.788586   -0.847298   -2.077216   -1.899702   -0.705859   -1.210367    3.794    0.984    0.238 S_000004
   2 P   175.869 -141.611  153.148   83.677 -166.053 -163.686   65.878   35.297   92.385 -141.507    0.340958   -1.323059   -0.677000   -0.782125   -1.436776   -1.707161   -1.884937   -0.705343   -1.216472    9.978    0.734   -3.213 S_000004
   3 H   -75.073 -169.864   51.770   86.695    0.000    0.000   86.608   34.901   98.451  -15.491    0.332775   -1.342326   -0.634043   -0.789868   -1.494092   -1.647106   -1.871613   -0.700486   -1.213249   16.203   -1.630   -1.932 S_000004
SCORE:     0.309                  0.309          0          0          0    S_000005
   1 H     0.000  170.252   55.279   80.163  138.639 -118.475   72.119   12.082  132.834  -67.239    0.349664   -1.324683   -0.710973   -0.978241   -1.791992   -1.314355   -1.862105   -0.703711   -1.204027    3.794    0.984    0.238 S_000005
   2 N   139.193  142.992  174.042  129.639 -160.591  177.693   83.114  -23.461  143.572  -60.403    0.420569   -0.186802   -1.460824   -0.813666   -0.865458   -2.064083   -1.926626   -0.665631   -1.218975    9.005    2.844   -3.333 S_000005
   3 H  -154.113 -133.455   32.978   80.052    0.000    0.000  115.291   36.864   90.502  -17.360    0.303499   -1.386315   -0.565596   -0.811273   -1.550619   -1.605078   -1.903119   -0.764514   -1.177851   15.528    2.938   -6.685 S_000005
SCORE:     0.311                  0.311          0          0          0    S_000006
   1 H     0.000  170.252   55.279   79.251 -171.802 -155.029   95.911   32.387   98.638   99.920    0.308774   -1.447739   -0.385611   -0.860992   -1.801897   -1.308818   -1.887082   -0.865558   -1.091390    3.794    0.984    0.238 S_000006
   2 N   157.972 -132.733  176.834  147.316 -147.664 -132.370   93.539  -35.585  157.310  132.932    0.334836   -0.174948   -1.481171   -0.790795   -1.105511   -1.925075   -1.933577   -0.714100   -1.197252    8.454    1.040   -4.832 S_000006
   3 H   -70.837 -176.280   49.468   82.636    0.000    0.000   80.742   35.539   93.033  179.961    0.331490   -1.350402   -0.627881   -0.797551   -1.488581   -1.655908   -1.887124   -0.694231   -1.217627   14.515    3.510   -6.673 S_000006
SCORE:     0.321                  0.321          0          0          1    S_000007
   1 H     0.000  170.252   55.279  114.230   78.866  128.603  172.359  -21.173  135.743   63.969    0.449978   -0.209630   -1.444951   -0.788586   -0.847298   -2.077216   -1.899702   -0.705859   -1.210367    3.794    0.984    0.238 S_000007
   2 P   172.221  170.024  171.796   84.129 -153.577  -72.042   72.192   39.656   89.017  -28.887    0.311251   -1.365201   -0.594033   -0.760653   -1.459103   -1.679404   -1.872372   -0.699463   -1.227364   10.083   -0.291   -2.871 S_000007
   3 H   -73.177  157.801   72.108   80.349    0.000    0.000   65.801   37.451   92.107  -72.588    0.330209   -1.367764   -0.569555   -0.771998   -1.505500   -1.615026   -1.868490   -0.722054   -1.205068   15.623   -1.746   -4.477 S_000007
SCORE:     0.338                  0.338          0          0          0    S_000008
   1 H     0.000  170.252   55.279   94.813   93.430  131.111  124.489  -24.295  141.742   51.832    0.459559   -0.249491   -1.426582   -0.751146   -0.978385   -2.013057   -1.889448   -0.621027   -1.254934    3.794    0.984    0.238 S_000008
   2 N   169.229  126.847  178.377   87.133 -143.249  -85.716   89.804   38.517   93.310 -158.020    0.269682   -1.385538   -0.576535   -0.818312   -1.523378   -1.638655   -1.875756   -0.700699   -1.216832    9.425   -0.339   -3.804 S_000008
   3 H   -56.737 -177.425   43.190   79.167    0.000    0.000   79.401   40.171   94.471  -17.834    0.294274   -1.411370   -0.492162   -0.777443   -1.569835   -1.574971   -1.840314   -0.688066   -1.235300   15.738   -1.426   -4.474 S_000008
SCORE:     0.319                  0.319          0          0          0    S_000009
   1 H     0.000  170.252   55.279   83.892   59.507  108.775  101.261   24.986  109.850   52.859    0.395817   -1.228991   -0.815030   -0.834553   -1.432445   -1.710774   -1.900092   -0.650837   -1.226794    3.794    0.984    0.238 S_000009
   2 P   137.691 -152.221 -171.353   84.865 -165.651 -102.696   89.354   34.419   96.847  150.791    0.433833   -1.300227   -0.608032   -0.647940   -1.503833   -1.620771   -1.738059   -0.692005   -1.262378    8.854    1.047   -4.306 S_000009
   3 H   -80.984 -141.268   42.812   78.588    0.000    0.000   87.227   35.457  101.185  179.917    0.312383   -1.422667   -0.457665   -0.818616   -1.687055   -1.456265   -1.854093   -0.752389   -1.192536   15.613    1.181   -5.806 S_000009
SCORE:     0.309                  0.309          0          0          0    S_000010
   1 H     0.000  170.252   55.279   80.163  138.639 -118.475   72.119   12.082  132.834  -67.239    0.349664   -1.324683   -0.710973   -0.978241   -1.791992   -1.314355   -1.862105   -0.703711   -1.204027    3.794    0.984    0.238 S_000010
   2 N   139.193  142.992  174.042  129.639 -160.591  177.693   83.114  -23.461  143.572  -60.403    0.420569   -0.186802   -1.460824   -0.813666   -0.865458   -2.064083   -1.926626   -0.665631   -1.218975    9.005    2.844   -3.333 S_000010
   3 H   -84.330 -169.619   48.730   84.867    0.000    0.000   89.460   34.173   99.872  -74.379    0.336661   -1.353996   -0.616035   -0.801243   -1.539128   -1.624581   -1.876997   -0.708480   -1.213315   14.225    1.640   -7.444 S_000010
