SEQUENCE: gaaaaaaaag
SCORE:     score    rna_stub_coord_hack       N_WC      N_NWC       N_BS description
REMARK RNA 
SCORE:     0.528                  0.528          0          1          2    S_000001
   1 H     0.000  170.252   55.279  101.643    3.181  174.445   73.567   22.024  114.506  -29.477    0.389312   -1.192445   -0.874421   -0.853200   -1.418041   -1.730451   -1.900615   -0.609245   -1.260274    3.794    0.984    0.238 S_000001
   2 N  -176.254  137.497  168.550   81.717 -132.895  -59.292   72.443   35.635   96.831  -24.438    0.317162   -1.381236   -0.556771   -0.805344   -1.581183   -1.577185   -1.871131   -0.730026   -1.199217    8.319    3.954   -3.424 S_000001
   3 P   -58.058  179.059   46.464   80.010 -131.333  -81.029   68.536   37.661   94.392  -19.212    0.321657   -1.395666   -0.526824   -0.773619   -1.583195   -1.575794   -1.864960   -0.757472   -1.186922   11.155    8.720   -5.954 S_000001
   4 P   -59.809 -129.144   54.265  150.072  -89.880  178.588  169.207  -33.725  153.392   52.776    0.344401   -0.126133   -1.477143   -0.797352   -1.002056   -1.982670   -1.937984   -0.657325   -1.223011   10.091   15.194   -7.700 S_000001
   5 N   -45.558  173.575   34.678   82.259 -165.796  -64.563   88.194   35.798   93.095  -18.300    0.334242   -1.345878   -0.621512   -0.784612   -1.489812   -1.653398   -1.878596   -0.717435   -1.206709   10.809   21.436   -8.029 S_000001
   6 P   -57.076  159.557   74.072  122.522 -124.914  176.015  109.465  -27.926  161.760  179.896    0.363848   -0.671595   -1.324732   -0.846074   -1.563840   -1.540839   -1.910259   -0.713848   -1.195912   13.108   26.444   -7.392 S_000001
   7 N  -100.101  161.118   94.703   83.659 -149.203  -85.036   75.540   33.693  101.222 -108.719    0.343713   -1.358671   -0.604813   -0.794340   -1.555358   -1.597483   -1.858874   -0.701177   -1.216578   13.314   32.335   -9.730 S_000001
   8 P     0.000  134.199   61.202 -274.039  206.244  -68.565   88.066   34.931   97.291  209.931    0.336411   -1.345840   -0.632852   -0.795049   -1.497025   -1.652860   -1.880837   -0.695887   -1.219557   13.376   37.692  -10.429 S_000001
   9 N   -67.802  167.618   57.528   80.264 -147.345 -119.030   89.176   34.044  100.472  -18.559    0.326382   -1.369056   -0.585081   -0.818244   -1.566985   -1.581408   -1.859903   -0.690378   -1.223629   13.993   43.658  -10.057 S_000001
  10 H   -62.154 -179.542   50.176   88.652    0.000    0.000   77.715   38.034   96.610 -128.609    0.315586   -1.333037   -0.625062   -0.774389   -1.424099   -1.684974   -1.847225   -0.621153   -1.262081   15.158   50.165  -10.975 S_000001
SCORE:     0.448                  0.448          0          0          0    S_000002
   1 H     0.000  170.252   55.279  152.875  -87.011  122.343  178.676  -35.948  159.270   16.706    0.336248   -0.011748   -1.487098   -0.787439   -0.897665   -2.023239   -1.926723   -0.679638   -1.227332    3.794    0.984    0.238 S_000002
   2 P   -75.515  159.300   66.553   78.918 -164.801 -102.134   72.670   37.717   92.960   76.351    0.311854   -1.413087   -0.494506   -0.788938   -1.617870   -1.539085   -1.866826   -0.755681   -1.193985    7.429    3.935    0.735 S_000002
   3 P   -78.530  166.946   69.553   83.342 -157.845  -54.463   63.829   34.554   96.752   80.967    0.329787   -1.357808   -0.602468   -0.800862   -1.541338   -1.609593   -1.870082   -0.725400   -1.197724    9.858    9.708    1.774 S_000002
   4 N   -70.088 -168.791   59.124  145.389 -132.858  147.709  128.046  -32.808  150.801   26.119    0.334288   -0.170043   -1.477567   -0.820665   -1.040289   -1.964547   -1.944110   -0.688192   -1.197251   14.979   12.892    3.067 S_000002
   5 N   137.251 -155.716  174.946   86.157 -158.524  -62.955   96.365   33.608   97.563  179.935    0.337271   -1.339152   -0.646554   -0.807939   -1.506066   -1.646908   -1.891233   -0.710544   -1.206045   19.834   16.896    5.468 S_000002
   6 N   -86.101 -146.947   84.410  116.615 -111.045  -81.958  148.186   17.356  139.218   41.927    0.618211   -1.207173   -0.607644   -0.569733   -1.715988   -1.356945   -1.603560   -0.732375   -1.252748   24.818   19.970    8.640 S_000002
   7 P  -165.001  161.303 -173.575  133.891 -106.070  178.271  117.532  -28.074  146.438 -179.088    0.378253   -0.295046   -1.451292   -0.812423   -1.111908   -1.949506   -1.943126   -0.708633   -1.198702   27.518   26.386    7.986 S_000002
   8 P   -65.166  168.398   51.322   85.319 -124.804  -94.056  102.767   34.093   95.039  -16.095    0.306229   -1.375251   -0.591115   -0.846057   -1.565527   -1.588615   -1.924465   -0.759523   -1.163672   33.111   28.557    9.786 S_000002
   9 P  -178.223  151.540   45.446  156.746  -72.619  117.571  110.638  -39.397  156.765   43.976    0.302766    0.008952   -1.496780   -0.776777   -0.939384   -2.008089   -1.922043   -0.664073   -1.228970   35.607   31.652   15.765 S_000002
  10 H   129.784 -164.184   59.374   89.032    0.000    0.000   61.245   37.283   93.213  -17.437    0.319464   -1.312760   -0.684232   -0.781020   -1.372497   -1.736612   -1.879863   -0.643824   -1.239549   38.400   34.947   19.733 S_000002
SCORE:     0.713                  0.713          0          0          2    S_000003
   1 H     0.000  170.252   55.279  105.789 -118.613 -158.705  147.483  -18.156  130.572  179.906    0.437719   -0.226907   -1.443830   -0.820979   -0.803270   -2.110796   -1.924303   -0.676118   -1.233775    3.794    0.984    0.238 S_000003
   2 P   -55.990 -149.870  178.464   92.721 -150.508  -92.989  108.751   30.458  108.250  -11.244    0.349569   -1.311333   -0.685588   -0.835411   -1.489369   -1.635126   -1.899097   -0.672145   -1.203868    7.867    2.569   -4.849 S_000003
   3 N  -178.810  153.055  135.770  106.704 -138.327 -112.358  127.377   22.478   87.323  -11.418    0.409131   -0.973460   -1.098711   -0.809248   -1.028300   -2.013690   -1.923910   -0.665663   -1.225656   13.226    7.246   -4.973 S_000003
   4 N   -78.954 -176.784   61.336   87.681 -147.195  -83.007   71.814   30.943  101.684  179.910    0.352727   -1.325536   -0.675566   -0.822959   -1.517968   -1.637852   -1.905371   -0.719240   -1.197203   17.478   12.560   -5.956 S_000003
   5 P   -50.065  162.925   41.044   86.036 -174.050  -95.526   96.421   41.628   85.641  168.101    0.295915   -1.351354   -0.626568   -0.753107   -1.377440   -1.740563   -1.875987   -0.673550   -1.239580   18.443   18.450   -6.734 S_000003
   6 P   -82.678 -172.550   65.841   89.339 -115.406  -77.541   56.585   41.001   86.620 -120.095    0.277331   -1.384808   -0.555903   -0.770582   -1.488918   -1.649053   -1.888270   -0.759624   -1.181897   18.091   24.865   -7.802 S_000003
   7 P  -118.291   70.983  153.577  140.545 -140.730  -91.280   91.877  -34.876  157.492 -163.076    0.335873   -0.304070   -1.457801   -0.797149   -1.257287   -1.833013   -1.942989   -0.772473   -1.162934   15.704   30.288   -6.225 S_000003
   8 P  -133.435  121.623  159.513   84.107 -132.282  -83.506   67.169   34.547   94.201  -27.447    0.328492   -1.348144   -0.633645   -0.807308   -1.509568   -1.647897   -1.897709   -0.723428   -1.200444   15.520   36.574   -8.385 S_000003
   9 P   -62.641 -179.987   48.758   85.153 -163.011  -78.210   89.102   35.693   96.231   86.227    0.322831   -1.341523   -0.650086   -0.798449   -1.466579   -1.680467   -1.895002   -0.704355   -1.208901   16.749   42.348  -11.131 S_000003
  10 H    38.780 -142.515  -69.127   98.082    0.000    0.000   59.173   22.779   99.459   -1.861    0.383882   -1.170771   -0.893823   -0.821961   -1.391252   -1.773067   -1.916472   -0.726730   -1.191960   15.157   47.081  -12.804 S_000003
SCORE:     0.520                  0.520          0          0          2    S_000004
   1 H     0.000  170.252   55.279   87.841 -146.043  123.595  121.665   32.108  100.447  -24.167    0.344703   -1.326840   -0.648267   -0.825891   -1.505753   -1.625424   -1.890521   -0.682450   -1.207216    3.794    0.984    0.238 S_000004
   2 N    56.613  146.970 -178.051   85.504 -145.186  -66.330   60.609   38.607   86.936  -13.873    0.321538   -1.347694   -0.617923   -0.769038   -1.437190   -1.693820   -1.887200   -0.711703   -1.207763    4.201    2.623   -5.869 S_000004
   3 P  -166.924 -154.036  159.889   90.332 -178.658 -136.635   73.477   26.413  115.255    3.673    0.345049   -1.323606   -0.689620   -0.882069   -1.572952   -1.568229   -1.923026   -0.712384   -1.176451    5.789    8.979   -7.453 S_000004
   4 P   -57.453  164.272   54.441   82.303 -165.753  -81.004   92.847   39.731   93.205  -51.304    0.294590   -1.406111   -0.506351   -0.781939   -1.562559   -1.583179   -1.851915   -0.703320   -1.226567    6.275   13.369  -11.811 S_000004
   5 P   139.421   99.903  167.645   88.729 -152.217  -69.641   88.735   35.678   89.523  177.526    0.326064   -1.301859   -0.702283   -0.796219   -1.383460   -1.739469   -1.902064   -0.690550   -1.208633    6.715   20.096  -13.775 S_000004
   6 P  -174.693  125.315   70.626  100.770 -168.348 -125.431   59.244    6.694  142.590  165.496    0.406817   -1.171540   -0.911572   -0.936605   -1.632745   -1.491397   -1.901210   -0.662736   -1.210185    5.193   26.786  -12.874 S_000004
   7 N    75.333 -112.587 -103.567   83.319 -133.228  -70.034   70.651   38.057   91.892  -27.357    0.297241   -1.371875   -0.589221   -0.793104   -1.508048   -1.649260   -1.879308   -0.729667   -1.198404    6.499   31.362  -14.889 S_000004
   8 P    65.508  112.449   39.244   79.442 -141.085  -73.734   65.087   35.716   99.226  -20.873    0.320578   -1.401767   -0.527588   -0.805421   -1.618370   -1.545229   -1.872747   -0.739567   -1.204569    7.990   36.697  -16.728 S_000004
   9 P   -53.426  167.329   65.141  115.360 -113.777 -159.626   97.404   -5.403  134.937   56.068    0.427600   -0.829890   -1.204746   -0.881835   -1.388628   -1.769707   -1.954577   -0.702966   -1.187770    7.084   42.384  -18.588 S_000004
  10 H   -73.059  164.323   56.637   82.118    0.000    0.000   76.751   41.604   87.655  -18.367    0.297671   -1.371409   -0.600696   -0.744535   -1.422388   -1.706646   -1.863634   -0.694614   -1.227405    7.751   48.683  -20.313 S_000004
SCORE:     0.381                  0.381          0          0          1    S_000005
   1 H     0.000  170.252   55.279   86.807 -100.233  168.282  103.941   35.199   95.654  -20.743    0.317404   -1.315526   -0.708302   -0.817785   -1.398336   -1.735692   -1.906988   -0.659955   -1.232777    3.794    0.984    0.238 S_000005
   2 P   -66.903  177.154   68.594  154.905  -90.414  106.049  129.602  -32.928  146.335 -156.866    0.349527   -0.009473   -1.483216   -0.795625   -0.823784   -2.074911   -1.918789   -0.628138   -1.241841    5.493    3.811   -4.944 S_000005
   3 P   163.915 -172.598  170.232   84.847 -141.166  -71.216   90.576   34.994   93.637  174.357    0.365294   -1.314023   -0.663394   -0.753743   -1.442508   -1.688954   -1.869242   -0.701492   -1.217749    5.930    9.484   -5.287 S_000005
   4 P   -69.784  162.548   62.002   91.397 -145.690  -72.483   78.355   32.811   97.381  164.667    0.347280   -1.288130   -0.735306   -0.803723   -1.402344   -1.732983   -1.900358   -0.667297   -1.226122    6.774   15.417   -4.167 S_000005
   5 P   -41.081  179.412   57.447   85.305 -172.864 -148.373   92.323   34.015  106.069  -25.563    0.332729   -1.377383   -0.567630   -0.809555   -1.593071   -1.562310   -1.868016   -0.712493   -1.222822    8.011   20.520   -7.202 S_000005
   6 P   128.956 -167.652 -160.064   94.077 -138.076  -61.821   62.136   41.185   91.268  -28.351    0.283460   -1.304384   -0.747649   -0.765217   -1.247291   -1.847116   -1.908601   -0.603222   -1.274693    9.826   27.088   -8.068 S_000005
   7 N  -162.335 -115.976  123.191   89.015  175.258 -173.476   79.260   17.306  130.746  -80.581    0.379421   -1.301197   -0.739786   -0.920270   -1.669913   -1.460581   -1.919630   -0.732482   -1.173204    9.038   32.610  -11.645 S_000005
   8 P  -166.643  174.429   51.009   94.950   50.074  146.761  125.488   22.751  101.125   56.346    0.414021   -1.135603   -0.926472   -0.821686   -1.305862   -1.810625   -1.936201   -0.726949   -1.176513    7.130   39.306  -13.592 S_000005
   9 P   166.345  136.515  176.959   87.298 -141.961  -85.985   88.233   36.289   90.829  -13.741    0.336751   -1.319590   -0.670557   -0.773868   -1.420417   -1.716763   -1.889689   -0.708570   -1.210282    7.769   43.660  -18.763 S_000005
  10 H   -65.836 -155.783   36.552  106.675    0.000    0.000   73.875   20.493   98.012   -3.206    0.391333   -1.035160   -1.046139   -0.832395   -1.186452   -1.927535   -1.929672   -0.653857   -1.225260    6.832   50.082  -20.640 S_000005
SCORE:     0.466                  0.466          0          0          1    S_000006
   1 H     0.000  170.252   55.279   92.468   27.791 -116.327  112.696   25.907  120.152  179.931    0.361897   -1.285614   -0.741846   -0.865780   -1.508047   -1.623178   -1.871816   -0.589997   -1.268402    3.794    0.984    0.238 S_000006
   2 P  -127.098 -118.371 -175.896   81.208  178.526  -67.112   87.047   27.341  111.615  177.088    0.350710   -1.380316   -0.536550   -0.864500   -1.712024   -1.401043   -1.876825   -0.710853   -1.179871    4.771    5.244   -3.581 S_000006
   3 P   -56.806  167.716   48.798   82.595 -142.002  -63.765   75.874   36.998   94.274  -19.541    0.324517   -1.360642   -0.601592   -0.784093   -1.495324   -1.649538   -1.875577   -0.701487   -1.218967    3.176   10.229   -5.225 S_000006
   4 P   -38.449  157.673   56.422   86.575 -149.404 -132.935  127.803   31.460   99.494  165.329    0.348234   -1.339664   -0.648897   -0.820908   -1.543872   -1.615460   -1.901210   -0.747956   -1.178941    5.543   15.186   -6.243 S_000006
   5 P   -73.784 -136.674   65.003   93.602   55.712  100.910  136.596   18.295  115.084  142.157    0.414781   -1.154956   -0.917319   -0.856962   -1.421293   -1.727181   -1.932139   -0.681515   -1.198908    6.486   21.819   -8.358 S_000006
   6 P   -61.485  172.776   56.944   86.906 -153.389 -117.159   65.060   32.671  101.167 -166.560    0.336310   -1.350716   -0.631465   -0.822328   -1.544625   -1.614423   -1.898988   -0.721388   -1.199581    5.746   26.176  -12.318 S_000006
   7 P   -58.833 -148.541  -52.595  157.427 -126.832 -148.442  -44.763  -42.415  161.288 -172.839    0.289174    0.057049   -1.493331   -0.752739   -0.939176   -1.992657   -1.909169   -0.662711   -1.231118    7.659   32.722  -12.293 S_000006
   8 P   173.194  135.693   63.814  119.262 -150.408 -146.040  100.980  -16.311  146.800  116.195    0.437013   -0.741573   -1.262646   -0.846761   -1.466427   -1.667656   -1.934875   -0.740817   -1.155727    4.921   39.431  -12.332 S_000006
   9 P   163.850  141.944   53.340  149.322 -136.992  169.639  100.626  -38.298  156.829  -94.857    0.307222   -0.158476   -1.484788   -0.790412   -1.140342   -1.903596   -1.933724   -0.753839   -1.176530    6.001   45.673  -16.050 S_000006
  10 H   -68.038 -178.807   52.623   83.795    0.000    0.000   77.002   37.551   92.719  179.928    0.319769   -1.365899   -0.593910   -0.779856   -1.500285   -1.649329   -1.877785   -0.711331   -1.217116    7.043   51.908  -16.297 S_000006
SCORE:     0.411                  0.411          0          1          3    S_000007
   1 H     0.000  170.252   55.279  104.187   59.126  -84.515  102.387    0.703  128.024   63.552    0.434013   -0.852580   -1.199555   -0.882272   -1.287893   -1.843406   -1.962427   -0.650993   -1.207471    3.794    0.984    0.238 S_000007
   2 P   -67.236  -69.075 -153.222   75.027 -174.504  -88.660  157.945   40.130  102.688  -15.792    0.275663   -1.457982   -0.342026   -0.800253   -1.719347   -1.397196   -1.772281   -0.700243   -1.246714    6.321    4.325   -2.913 S_000007
   3 P  -133.435  121.623  159.513   84.107 -132.282  -83.506   67.169   34.547   94.201  -27.447    0.328492   -1.348144   -0.633645   -0.807308   -1.509568   -1.647897   -1.897709   -0.723428   -1.200444    8.630   10.208   -3.155 S_000007
   4 P   -65.474  174.784   33.847  107.003 -136.710  -75.406   57.645   20.309   98.268   -0.970    0.386196   -1.036464   -1.047494   -0.837400   -1.196537   -1.930831   -1.927721   -0.669324   -1.211898   12.132   15.507   -1.941 S_000007
   5 N   -70.088 -168.791   59.124  145.389 -132.858  147.709  128.046  -32.808  150.801   26.119    0.334288   -0.170043   -1.477567   -0.820665   -1.040289   -1.964547   -1.944110   -0.688192   -1.197251   13.579   20.233   -6.301 S_000007
   6 P   -81.869 -144.417   42.355   83.716 -166.286  -95.356   78.680   36.718   93.538 -116.110    0.313485   -1.366131   -0.599344   -0.801145   -1.509007   -1.642587   -1.888563   -0.710248   -1.211298   16.065   25.828   -7.632 S_000007
   7 P   149.773 -156.144  176.474   82.777 -155.799  -84.417   85.097   38.273   91.188  109.933    0.325799   -1.359624   -0.601698   -0.762572   -1.475146   -1.669392   -1.863222   -0.693642   -1.226962   14.810   32.238   -8.162 S_000007
   8 P   -38.449  157.673   56.422   86.575 -149.404 -132.935  127.803   31.460   99.494  165.329    0.348234   -1.339664   -0.648897   -0.820908   -1.543872   -1.615460   -1.901210   -0.747956   -1.178941   15.853   37.557  -10.107 S_000007
   9 P  -127.098 -118.371 -175.896   81.208  178.526  -67.112   87.047   27.341  111.615  177.088    0.350710   -1.380316   -0.536550   -0.864500   -1.712024   -1.401043   -1.876825   -0.710853   -1.179871   14.844   44.756  -11.251 S_000007
  10 H   -63.653 -177.278   48.070   81.644    0.000    0.000   79.416   38.898   91.360  -21.546    0.302913   -1.367112   -0.584650   -0.781641   -1.473232   -1.653308   -1.862249   -0.685926   -1.217611   15.140   50.246  -13.166 S_000007
SCORE:     0.263                  0.263          0          0          1    S_000008
   1 H     0.000  170.252   55.279  125.364  -68.361  102.839  121.622  -11.330  157.561   18.152    0.409062   -0.835566   -1.214715   -0.914311   -1.467259   -1.617021   -1.946189   -0.649225   -1.200841    3.794    0.984    0.238 S_000008
   2 P   164.357  159.365   60.226  155.732 -127.704  171.416  109.333  -39.352  157.983   71.282    0.316599   -0.047323   -1.489035   -0.763868   -1.016590   -1.968385   -1.910011   -0.701604   -1.218509    6.014    5.478   -1.399 S_000008
   3 P   -62.475 -176.348   69.107  119.999 -164.259 -105.060  105.218  -11.541  141.399  111.919    0.438325   -0.704415   -1.281096   -0.855996   -1.329138   -1.799881   -1.941660   -0.687316   -1.191323    8.011   11.172    0.403 S_000008
   4 P   -84.025  166.594   73.067   79.911 -179.348 -123.417   89.779   35.188   98.120  -15.624    0.325054   -1.374806   -0.576496   -0.804974   -1.563205   -1.591934   -1.872365   -0.723717   -1.206138   10.469   17.079    1.031 S_000008
   5 N   -47.535  172.790   67.590  142.326 -100.631  -81.857  109.334  -31.437  154.764   28.166    0.322476   -0.381813   -1.444901   -0.859491   -1.295024   -1.830431   -1.953831   -0.688434   -1.204352   12.047   23.013    0.592 S_000008
   6 N   -54.905 -179.787   52.984  131.374 -128.896  154.073  112.781  -21.146  143.722   17.580    0.415467   -0.432599   -1.404669   -0.834394   -1.156775   -1.922437   -1.939965   -0.702808   -1.188959   16.498   27.628   -0.199 S_000008
   7 P   147.134 -168.848  174.551   84.578 -147.110  -72.890   70.254   33.977   96.687  -24.297    0.349584   -1.331002   -0.659733   -0.788648   -1.484050   -1.669911   -1.886169   -0.707459   -1.211906   19.305   33.770   -1.596 S_000008
   8 P  -109.609  164.248   51.953  147.304 -152.795 -151.908  158.553  -38.656  160.522  120.154    0.316857   -0.192056   -1.481277   -0.771103   -1.186620   -1.869355   -1.927277   -0.754323   -1.183567   21.922   39.663   -2.588 S_000008
   9 N   -26.065 -130.630  172.007  146.335 -141.275 -135.325   80.380  -33.279  151.090  147.354    0.335607   -0.153277   -1.484134   -0.814503   -1.030406   -1.984215   -1.942102   -0.701556   -1.201120   27.136   43.157   -2.062 S_000008
  10 H   -58.457  170.753   51.598   77.098    0.000    0.000   75.946   39.057   96.678  179.902    0.320572   -1.393711   -0.511648   -0.753765   -1.566904   -1.579764   -1.834274   -0.701951   -1.241378   29.669   48.789    0.265 S_000008
SCORE:     0.429                  0.429          0          0          4    S_000009
   1 H     0.000  170.252   55.279   90.661   85.965  -73.522  109.923  -28.204  148.584   24.958    0.433092   -0.285940   -1.435368   -0.751057   -1.107586   -1.935733   -1.890806   -0.673526   -1.221993    3.794    0.984    0.238 S_000009
   2 P  -104.055   86.844  168.780   82.130 -119.848  -68.983   61.467   39.168   87.620  176.564    0.316688   -1.351873   -0.625528   -0.762949   -1.427076   -1.705653   -1.879876   -0.700139   -1.217629    4.918    4.267   -1.960 S_000009
   3 P   -71.448  167.831   64.338   75.659 -152.634  -61.497   68.239   40.733   98.875  -28.946    0.268744   -1.468542   -0.294340   -0.795920   -1.760770   -1.349875   -1.796140   -0.762462   -1.201882    3.942   10.172   -3.770 S_000009
   4 P  -143.310   71.916  171.935  103.615 -167.532  -70.288   89.959   20.785   98.541  -79.188    0.395520   -1.072129   -0.997535   -0.849530   -1.236883   -1.870694   -1.949452   -0.731506   -1.161827    5.886   16.216   -4.525 S_000009
   5 P  -174.180  152.972 -160.333  104.826 -142.767  -78.703   76.242   19.884  101.194  179.947    0.387962   -1.086681   -0.991172   -0.843871   -1.294637   -1.855867   -1.944422   -0.700499   -1.202484    5.252   22.535   -6.873 S_000009
   6 P   -59.780  161.809   55.307   81.355 -159.043  -75.457   76.936   40.886   89.662  179.917    0.293182   -1.388151   -0.561783   -0.762139   -1.483353   -1.657226   -1.871862   -0.719843   -1.208424    3.924   27.488  -10.127 S_000009
   7 P   -58.856  156.150   68.705   80.855 -117.819  -60.855   79.132   37.821   97.252  -26.535    0.308354   -1.409875   -0.476236   -0.771264   -1.659750   -1.521804   -1.829559   -0.757680   -1.211739    3.808   33.189  -10.778 S_000009
   8 P   -66.965 -131.585   49.787  151.190 -114.989  172.495  107.035  -40.283  163.684   25.774    0.304640   -0.163820   -1.484370   -0.766383   -1.182307   -1.858363   -1.923227   -0.725694   -1.197365    7.414   38.713  -11.617 S_000009
   9 P   154.408 -167.309  177.533   85.213 -130.497  -58.639   65.374   37.930   89.645  -25.428    0.314460   -1.365339   -0.594367   -0.782285   -1.489040   -1.654516   -1.884229   -0.716751   -1.205193    9.015   44.822  -14.808 S_000009
  10 H   -61.462  172.201   53.246   80.388    0.000    0.000   79.319   39.263   89.982  179.904    0.314365   -1.380577   -0.560615   -0.766253   -1.508928   -1.641262   -1.870298   -0.720527   -1.216644    9.807   49.228  -18.836 S_000009
SCORE:     0.504                  0.504          0          0          2    S_000010
   1 H     0.000  170.252   55.279  138.442  -85.635   65.387  104.663  -30.645  149.089 -157.162    0.357365   -0.391015   -1.428158   -0.816095   -1.288377   -1.821831   -1.947070   -0.811395   -1.125176    3.794    0.984    0.238 S_000010
   2 N   162.014 -131.847   71.635  144.691  -74.220  157.849  117.210  -35.903  158.762 -158.797    0.307316   -0.219185   -1.475066   -0.808982   -1.162266   -1.890342   -1.953377   -0.714864   -1.198395    5.773    5.129   -1.554 S_000010
   3 P  -143.472  174.649   58.417   82.232 -153.133  -61.145  125.563   39.710   93.160  -24.504    0.301119   -1.392493   -0.540807   -0.773332   -1.524642   -1.621062   -1.856896   -0.689441   -1.235519    7.986   11.045   -1.481 S_000010
   4 P   173.330 -176.176  173.161   89.236 -120.118 -113.526   66.601   30.578  105.566 -179.411    0.341486   -1.333597   -0.661409   -0.838980   -1.537240   -1.610372   -1.902227   -0.711169   -1.197381   12.789   13.378    2.460 S_000010
   5 P  -113.771   74.531  170.819   86.101 -133.103  -53.873   72.890   38.065   87.014  172.662    0.333586   -1.327875   -0.661307   -0.756194   -1.393451   -1.726533   -1.885827   -0.705198   -1.209899   17.324   16.953    4.185 S_000010
   6 P  -154.050  145.148  124.520   89.904 -156.931 -129.437   98.571   22.752  116.377   53.243    0.366115   -1.304268   -0.738772   -0.890164   -1.596323   -1.568220   -1.925176   -0.727709   -1.180955   20.983   22.444    4.870 S_000010
   7 P   -97.476  136.006   69.320   83.889   39.835  156.241   87.400   28.852  110.560 -104.625    0.361857   -1.302046   -0.693470   -0.827090   -1.509085   -1.616184   -1.840760   -0.611610   -1.256937   24.534   27.620    5.089 S_000010
   8 P   166.486  139.876   53.252  145.942 -101.355  169.108  103.896  -34.445  158.535  -74.510    0.349719   -0.288780   -1.453373   -0.787472   -1.230993   -1.842958   -1.932425   -0.730983   -1.185530   28.077   33.362    4.658 S_000010
   9 P   -68.208  177.728   54.214   82.977 -144.031  -58.188   75.601   38.708   92.740 -146.626    0.316863   -1.362937   -0.595211   -0.766531   -1.471397   -1.665318   -1.857712   -0.672654   -1.239155   31.283   38.636    4.686 S_000010
  10 H   167.000 -158.654  157.752   81.945    0.000    0.000   65.862   37.952   89.110  -19.097    0.335255   -1.337089   -0.633212   -0.760676   -1.426370   -1.700359   -1.875272   -0.693484   -1.215342   35.062   40.976    9.332 S_000010
