SEQUENCE: gaag
SCORE:     score    rna_stub_coord_hack       N_WC      N_NWC       N_BS description
REMARK RNA 
SCORE:     0.046                  0.046          0          0          2    S_000001
   1 H     0.000  170.252   55.279  125.364  -68.361  102.839  121.622  -11.330  157.561   18.152    0.409062   -0.835566   -1.214715   -0.914311   -1.467259   -1.617021   -1.946189   -0.649225   -1.200841    3.794    0.984    0.238 S_000001
   2 P   165.278  167.371  175.594   83.822 -158.281  -75.127   89.459   36.330   91.172 -137.030    0.339110   -1.327173   -0.662258   -0.772025   -1.433257   -1.708364   -1.881501   -0.696938   -1.221572    6.189    5.455   -1.356 S_000001
   3 P  -170.283  161.190 -176.306  140.990 -163.860 -102.059  133.153  -32.306  149.951  165.152    0.350717   -0.168927   -1.477787   -0.803819   -1.029144   -1.981828   -1.933928   -0.657356   -1.225843    6.495   12.232   -2.427 S_000001
   4 H   -60.547  160.985   59.296   82.052    0.000    0.000   73.045   36.898   94.556  179.910    0.323673   -1.372094   -0.573020   -0.783464   -1.532488   -1.615278   -1.859523   -0.692238   -1.230257    7.774   17.771   -0.255 S_000001
SCORE:     0.034                  0.034          0          0          0    S_000002
   1 H     0.000  170.252   55.279  149.651  -76.396   99.515  113.723  -35.529  156.890 -160.674    0.329506   -0.150507   -1.479126   -0.792548   -1.070490   -1.944521   -1.924787   -0.667098   -1.217795    3.794    0.984    0.238 S_000002
   2 P   171.747  153.395  159.041  148.712 -150.900 -143.856  163.298  -31.676  141.216  -34.261    0.335662   -0.099384   -1.482186   -0.823846   -0.920479   -2.044532   -1.934389   -0.708140   -1.198506    6.799    5.105   -0.445 S_000002
   3 N   140.409 -177.058  166.147  127.764  -83.121 -100.912  123.489  -20.721  136.478  -80.143    0.432444   -0.202361   -1.451235   -0.814471   -0.824471   -2.084192   -1.921199   -0.667198   -1.221491    7.812   11.939    1.519 S_000002
   4 H   -67.734  168.114   61.276   88.060    0.000    0.000   69.128   36.630   93.203  -15.255    0.328746   -1.344799   -0.628349   -0.782127   -1.465095   -1.672374   -1.880600   -0.690307   -1.221865   11.318   17.494    2.315 S_000002
SCORE:     0.061                  0.061          0          0          1    S_000003
   1 H     0.000  170.252   55.279  149.651  -76.396   99.515  113.723  -35.529  156.890 -160.674    0.329506   -0.150507   -1.479126   -0.792548   -1.070490   -1.944521   -1.924787   -0.667098   -1.217795    3.794    0.984    0.238 S_000003
   2 N   -56.958  163.068   62.833   78.275 -158.338  -85.672   79.954   42.971   90.044  -18.604    0.294655   -1.424965   -0.469519   -0.729337   -1.548088   -1.583633   -1.860058   -0.766679   -1.201017    6.230    4.001    1.157 S_000003
   3 P  -166.924 -154.036  159.889   90.332 -178.658 -136.635   73.477   26.413  115.255    3.673    0.345049   -1.323606   -0.689620   -0.882069   -1.572952   -1.568229   -1.923026   -0.712384   -1.176451    8.581   10.488    0.910 S_000003
   4 H   155.014  179.194   46.308   95.972    0.000    0.000   67.135   27.448  100.510  -23.450    0.363407   -1.203451   -0.851702   -0.810389   -1.362687   -1.792135   -1.888702   -0.644082   -1.239746   10.238   17.097    2.736 S_000003
SCORE:     0.060                  0.060          0          0          1    S_000004
   1 H     0.000  170.252   55.279  127.136  -52.626   44.243  154.204   -8.465  138.710   17.604    0.428365   -0.837053   -1.212904   -0.890568   -1.439527   -1.699717   -2.006484   -0.813610   -1.094998    3.794    0.984    0.238 S_000004
   2 P  -167.200 -131.423  135.280   86.839 -158.875  -75.765  140.250   35.968   93.284  179.910    0.320765   -1.347235   -0.643969   -0.800359   -1.472294   -1.679922   -1.904488   -0.726813   -1.197436    4.499    5.243   -0.530 S_000004
   3 P  -147.435  127.997  166.630   86.010 -149.849  -52.650   54.071   32.987   94.972  179.900    0.337657   -1.321837   -0.696632   -0.821902   -1.464736   -1.697730   -1.911618   -0.702420   -1.208143    4.564   11.874   -0.786 S_000004
   4 H   -63.867  176.974   53.595   84.650    0.000    0.000   87.915   37.508   93.833  179.922    0.309763   -1.364798   -0.600790   -0.788612   -1.488575   -1.648452   -1.870235   -0.697146   -1.215788    5.026   17.615    0.630 S_000004
SCORE:     0.043                  0.043          0          0          0    S_000005
   1 H     0.000  170.252   55.279  161.757  -66.839  111.462 -167.992  -38.167  156.599   55.379    0.320669    0.018341   -1.485625   -0.769154   -0.898656   -2.016642   -1.916486   -0.651479   -1.240639    3.794    0.984    0.238 S_000005
   2 P   -93.154 -157.444   54.300  150.377 -112.935 -160.796  105.347  -36.726  152.260  155.081    0.325182   -0.066179   -1.488565   -0.782637   -0.984831   -1.998773   -1.922659   -0.698395   -1.211700    7.384    4.033    1.552 S_000005
   3 P  -177.185 -173.566  155.371  145.456  -98.754  179.352  138.838  -24.197  141.689  170.602    0.366879   -0.185448   -1.467973   -0.847005   -0.869502   -2.069646   -1.938630   -0.653402   -1.218242   10.677   10.528    1.476 S_000005
   4 H   -83.342 -141.633   69.919   86.285    0.000    0.000   77.222   39.340   87.009  -23.421    0.315655   -1.346867   -0.639677   -0.754866   -1.416188   -1.721955   -1.862765   -0.682107   -1.237529   11.328   15.904    5.179 S_000005
SCORE:     0.036                  0.036          0          0          1    S_000006
   1 H     0.000  170.252   55.279  161.757  -66.839  111.462 -167.992  -38.167  156.599   55.379    0.320669    0.018341   -1.485625   -0.769154   -0.898656   -2.016642   -1.916486   -0.651479   -1.240639    3.794    0.984    0.238 S_000006
   2 P  -154.050  145.148  124.520   89.904 -156.931 -129.437   98.571   22.752  116.377   53.243    0.366115   -1.304268   -0.738772   -0.890164   -1.596323   -1.568220   -1.925176   -0.727709   -1.180955    7.176    4.118    1.455 S_000006
   3 P  -158.951 -177.382  165.165   83.505 -166.970  -49.803   88.312   28.748  117.649  -22.000    0.343573   -1.375312   -0.575177   -0.864358   -1.654732   -1.472597   -1.841770   -0.676251   -1.224860    9.412   10.646    3.680 S_000006
   4 H   165.311 -170.699  170.200   86.893    0.000    0.000   65.419   33.694   98.153 -138.067    0.332044   -1.319918   -0.676744   -0.820032   -1.454562   -1.682937   -1.900788   -0.676239   -1.223951   12.476   15.553    6.356 S_000006
SCORE:     0.048                  0.048          0          0          0    S_000007
   1 H     0.000  170.252   55.279  161.757  -66.839  111.462 -167.992  -38.167  156.599   55.379    0.320669    0.018341   -1.485625   -0.769154   -0.898656   -2.016642   -1.916486   -0.651479   -1.240639    3.794    0.984    0.238 S_000007
   2 P   -91.489 -171.862   60.190  151.408 -141.915  146.948  126.268  -35.959  150.845  170.483    0.328252   -0.054211   -1.490136   -0.790867   -0.952189   -2.007261   -1.913874   -0.676102   -1.216425    7.307    3.779    1.823 S_000007
   3 P   164.423 -126.231  176.251   91.863 -148.152  -95.447   90.726   36.141   94.787  -18.747    0.308216   -1.335123   -0.633984   -0.806988   -1.469271   -1.673926   -1.899392   -0.725780   -1.196649    9.911    9.848    3.906 S_000007
   4 H   -75.133 -165.295   51.975   88.569    0.000    0.000   75.538   29.749  100.958   85.658    0.363407   -1.316935   -0.679696   -0.823891   -1.528542   -1.625821   -1.901531   -0.728286   -1.189840   10.847   15.895    6.861 S_000007
SCORE:     0.051                  0.051          0          0          0    S_000008
   1 H     0.000  170.252   55.279   80.170   54.114  -86.506  108.055   16.588  132.750   48.428    0.392913   -1.311998   -0.707451   -0.906668   -1.705736   -1.403430   -1.850515   -0.693175   -1.212312    3.794    0.984    0.238 S_000008
   2 P   -57.485  160.139   75.855  150.070 -129.358 -140.723  124.656  -40.385  156.749  145.069    0.321419   -0.067867   -1.491898   -0.742948   -1.064012   -1.946365   -1.896169   -0.757348   -1.185391    2.423    4.070   -2.228 S_000008
   3 P  -160.249  166.068  171.487   91.115 -136.630 -101.713   76.539   34.876   95.142  175.357    0.323572   -1.335492   -0.650661   -0.813480   -1.473315   -1.673547   -1.901744   -0.711585   -1.198626   -1.117   10.418   -2.517 S_000008
   4 H   -68.787  171.179   58.661   80.400    0.000    0.000   73.944   40.446   99.377  -16.865    0.277290   -1.441372   -0.363376   -0.789644   -1.694455   -1.430869   -1.785341   -0.692450   -1.247942   -6.216   14.314   -4.051 S_000008
SCORE:     0.039                  0.039          0          0          0    S_000009
   1 H     0.000  170.252   55.279  142.931  -75.820   88.785  112.985  -35.541  163.500  163.304    0.343809   -0.330575   -1.443600   -0.780712   -1.300349   -1.779332   -1.930073   -0.715539   -1.214816    3.794    0.984    0.238 S_000009
   2 N   167.952 -167.959  154.203  145.211 -155.376 -167.633   19.536  -32.174  148.043  -55.599    0.332777   -0.133501   -1.484945   -0.828850   -0.980089   -2.013944   -1.953344   -0.695714   -1.205944    6.738    5.163   -0.576 S_000009
   3 P    66.130  155.881  -61.655  144.963 -144.838 -142.478 -172.796  -32.612  150.588   99.950    0.350612   -0.202099   -1.471910   -0.803603   -1.079357   -1.943498   -1.930262   -0.705946   -1.190799    8.236   11.314    2.108 S_000009
   4 H   -71.179  179.791   61.013   73.013    0.000    0.000   91.411   41.552   94.585 -129.173    0.260231   -1.451582   -0.360386   -0.796301   -1.676956   -1.441990   -1.829509   -0.752326   -1.196165    7.979   18.071    2.235 S_000009
SCORE:     0.035                  0.035          0          0          0    S_000010
   1 H     0.000  170.252   55.279  147.596  -79.151  101.112  118.517  -38.468  159.970   24.099    0.318394   -0.214798   -1.472424   -0.770277   -1.212812   -1.853728   -1.929645   -0.757727   -1.186783    3.794    0.984    0.238 S_000010
   2 P   160.815  105.099   88.582   92.840 -161.979 -164.996   83.120   14.294  126.435  -66.900    0.405061   -1.212048   -0.841187   -0.889406   -1.604759   -1.561045   -1.922890   -0.729780   -1.183130    6.413    5.061   -1.832 S_000010
   3 P   145.559 -147.661 -179.920   89.636 -147.948 -121.251  142.316   19.265  124.361   72.826    0.378876   -1.314939   -0.680925   -0.895597   -1.696331   -1.431095   -1.862822   -0.708039   -1.208086    8.067   11.618   -0.134 S_000010
   4 H   -64.503  176.079   59.392   83.075    0.000    0.000   70.673   39.273   92.312  -18.348    0.310705   -1.373495   -0.584247   -0.765400   -1.479458   -1.659360   -1.878021   -0.720153   -1.209613   11.323   17.361    0.598 S_000010
