SEQUENCE: gaaaaaaaaag
SCORE:     score    rna_stub_coord_hack       N_WC      N_NWC       N_BS description
REMARK RNA 
SCORE:     5.831                  5.831          0          0          1    S_000001
   1 H     0.000  170.252   55.279   79.414 -156.677  -72.190   72.525   41.370   92.176  -21.944    0.285261   -1.420320   -0.467796   -0.768994   -1.574863   -1.564005   -1.841097   -0.703729   -1.226632    3.794    0.984    0.238 S_000001
   2 N   100.573 -109.586   49.581  146.346  -95.287 -155.091  143.086  -37.208  157.480  170.604    0.328143   -0.218813   -1.468479   -0.774247   -1.193025   -1.865174   -1.924833   -0.742809   -1.183404    6.908   -2.471   -1.117 S_000001
   3 N   -49.303  160.019   48.041   88.508 -172.863 -157.115   88.072   36.247   88.736   99.747    0.331482   -1.312270   -0.701339   -0.783995   -1.389509   -1.749307   -1.911306   -0.723235   -1.200304    5.864   -2.394    5.337 S_000001
   4 P   -71.469  164.786   65.614   76.843 -165.502  -79.511   76.883   36.849   98.060  -26.393    0.307986   -1.423218   -0.434660   -0.801756   -1.682586   -1.452009   -1.860870   -0.794021   -1.165970    4.826   -6.947    9.752 S_000001
   5 P   -77.852  174.106   60.364   85.695 -171.662 -102.994   92.865   37.618   91.226  -95.911    0.304612   -1.348555   -0.634563   -0.789831   -1.469263   -1.700595   -1.900645   -0.744972   -1.198293    3.940  -10.772   14.573 S_000001
   6 N   -69.991  169.279   58.558   82.211 -138.496  -72.128   86.319   36.703   98.343  -20.311    0.319682   -1.403358   -0.500299   -0.792621   -1.618429   -1.528650   -1.843282   -0.720826   -1.212732    3.417  -14.048   19.835 S_000001
   7 P   -55.002 -122.462   77.729   98.964   67.451  134.511  140.163  -20.484  145.397   64.960    0.441436   -0.559352   -1.351141   -0.802300   -1.318087   -1.817548   -1.926555   -0.722009   -1.195924    1.929  -14.527   26.258 S_000001
   8 P   -91.489 -171.862   60.190  151.408 -141.915  146.948  126.268  -35.959  150.845  170.483    0.328252   -0.054211   -1.490136   -0.790867   -0.952189   -2.007261   -1.913874   -0.676102   -1.216425   -0.633  -19.344   30.359 S_000001
   9 P   132.201 -170.136  172.043   82.935 -174.144  -99.458  113.946   35.506  102.658  -57.807    0.296716   -1.397482   -0.505598   -0.833698   -1.628991   -1.513709   -1.843882   -0.692077   -1.232421   -2.460  -22.079   36.322 S_000001
  10 P   168.992 -156.630  174.212   86.705 -137.197 -119.664  108.197   33.640   99.366  -15.229    0.329923   -1.352776   -0.624135   -0.819988   -1.531632   -1.621327   -1.886817   -0.697388   -1.214338   -5.633  -24.559   41.694 S_000001
  11 H   -52.548  170.820   33.490  135.068    0.000    0.000  131.540  -33.858  161.495  157.960    0.306469   -0.533968   -1.383756   -0.843944   -1.513494   -1.610017   -1.954044   -0.780358   -1.168795   -9.117  -25.509   47.180 S_000001
SCORE:     5.116                  5.116          0          0          2    S_000002
   1 H     0.000  170.252   55.279   83.915    0.000    0.000   73.626   36.540  105.618  -21.651    0.355910   -1.339504   -0.617623   -0.720772   -1.473719   -1.638756   -1.827270   -0.648230   -1.225599    3.794    0.984    0.238 S_000002
   2 P     4.352 -138.163  168.560   86.654 -118.907  -60.706   36.211   32.063   96.508  -20.363    0.352445   -1.314101   -0.684984   -0.812480   -1.483349   -1.672940   -1.904282   -0.714478   -1.202019    2.321    1.917    0.851 S_000002
   3 P  -104.992   88.618  177.754   82.417 -121.886  -80.657   64.057   38.551   91.501 -164.432    0.313053   -1.384569   -0.554767   -0.771836   -1.535574   -1.621459   -1.870118   -0.731888   -1.211532    0.537   -1.212    5.328 S_000002
   4 N  -172.853 -176.879  154.982   85.334 -152.417  -63.053   65.917   37.285   95.556   72.588    0.310637   -1.342060   -0.627038   -0.796613   -1.444832   -1.678616   -1.872772   -0.654663   -1.228665   -1.827   -3.477   11.454 S_000002
   5 N  -113.350 -111.411  167.475   84.702 -143.828  -56.326   71.787   37.497   90.739  -18.313    0.313563   -1.356055   -0.622734   -0.790878   -1.464630   -1.678770   -1.889294   -0.698923   -1.216238   -2.053   -7.942   16.825 S_000002
   6 P   -81.969  -86.821 -174.157   75.787 -159.050 -146.501 -176.174   43.715   78.097  179.915    0.307460   -1.373554   -0.609335   -0.719837   -1.311569   -1.716845   -1.872270   -0.619467   -1.275353   -5.216  -10.466   22.123 S_000002
   7 P    62.159  178.988 -170.619  149.965 -103.312 -145.757  126.991  -39.736  164.357  173.689    0.323159   -0.192725   -1.473024   -0.749767   -1.208730   -1.842314   -1.917217   -0.720585   -1.212069   -4.491  -12.193   28.435 S_000002
   8 P   146.274  156.591  179.483   77.635 -152.028  -72.001   75.273   42.982   89.249  178.900    0.287995   -1.419009   -0.477197   -0.735693   -1.550269   -1.599261   -1.819279   -0.700629   -1.234007   -7.060  -14.731   34.793 S_000002
   9 P   -53.426  167.329   65.141  115.360 -113.777 -159.626   97.404   -5.403  134.937   56.068    0.427600   -0.829890   -1.204746   -0.881835   -1.388628   -1.769707   -1.954577   -0.702966   -1.187770   -9.151  -17.728   39.457 S_000002
  10 P   150.796 -161.910  178.356   86.097 -139.863  -62.292   43.499   34.285   97.369  -16.376    0.353702   -1.328244   -0.654287   -0.777898   -1.480747   -1.669247   -1.872892   -0.706980   -1.209412  -11.323  -22.529   44.396 S_000002
  11 H   -63.130  177.635   53.313   76.254    0.000    0.000   77.113   38.935   94.527  -45.907    0.309521   -1.390159   -0.537819   -0.777898   -1.531856   -1.606124   -1.856107   -0.687633   -1.229035  -14.480  -26.774   47.526 S_000002
SCORE:     5.983                  5.983          0          0          1    S_000003
   1 H     0.000  170.252   55.279   78.652 -154.281  -78.165   74.754   39.683   91.210  -22.649    0.297410   -1.412049   -0.482435   -0.775642   -1.591359   -1.554913   -1.866665   -0.757392   -1.192518    3.794    0.984    0.238 S_000003
   2 N   100.573 -109.586   49.581  146.346  -95.287 -155.091  143.086  -37.208  157.480  170.604    0.328143   -0.218813   -1.468479   -0.774247   -1.193025   -1.865174   -1.924833   -0.742809   -1.183404    7.127   -2.345   -1.292 S_000003
   3 P  -147.435  127.997  166.630   86.010 -149.849  -52.650   54.071   32.987   94.972  179.900    0.337657   -1.321837   -0.696632   -0.821902   -1.464736   -1.697730   -1.911618   -0.702420   -1.208143    5.997   -4.063    5.052 S_000003
   4 P   -67.601  173.259   58.690  157.464 -135.211 -147.785  162.259  -40.470  165.113 -137.280    0.315507    0.031025   -1.496384   -0.749112   -0.932260   -1.997702   -1.908468   -0.713312   -1.224472    5.935   -6.837   10.268 S_000003
   5 N  -107.644  175.426   82.093   87.681 -132.813 -122.073   86.572   32.723   97.857  -95.521    0.410239   -1.228386   -0.684488   -0.690658   -1.412545   -1.699422   -1.794320   -0.657205   -1.253733    4.956   -7.022   17.189 S_000003
   6 P   -60.599  162.009   59.939  140.771 -155.496 -143.261  171.462  -38.712  164.591  -23.422    0.312444   -0.271307   -1.489031   -0.770005   -1.280109   -1.824124   -1.924378   -0.767040   -1.192114    3.802   -9.155   23.260 S_000003
   7 P   -69.091 -164.344   47.405   72.669 -178.899  -77.664   99.639   35.323  110.427  144.508    0.265600   -1.491886   -0.205332   -0.886056   -1.892923   -1.136971   -1.797970   -0.816137   -1.156657    1.848  -10.217   29.733 S_000003
   8 N  -117.854 -102.240 -117.969  115.194   78.997  108.940   97.414  -19.741  133.201 -133.198    0.443422   -0.188394   -1.449994   -0.808692   -0.783501   -2.105495   -1.909666   -0.677610   -1.218393    0.669  -15.310   34.323 S_000003
   9 N  -100.101  161.118   94.703   83.659 -149.203  -85.036   75.540   33.693  101.222 -108.719    0.343713   -1.358671   -0.604813   -0.794340   -1.555358   -1.597483   -1.858874   -0.701177   -1.216578   -2.707  -17.205   39.394 S_000003
  10 P  -111.694   90.416  162.275   83.530 -131.818  -71.832   54.082   37.679   89.061  -25.101    0.339703   -1.326763   -0.648139   -0.752360   -1.421267   -1.715751   -1.872971   -0.699424   -1.222344   -4.534  -20.873   43.655 S_000003
  11 H   -74.225 -172.927   53.720   78.765    0.000    0.000   77.190   41.119   88.614  -22.146    0.294578   -1.406014   -0.486385   -0.762883   -1.543707   -1.579653   -1.858112   -0.737562   -1.204084   -4.121  -23.880   49.466 S_000003
SCORE:     5.602                  5.602          0          1          2    S_000004
   1 H     0.000  170.252   55.279   77.518 -157.443  -63.722   71.510   36.246   96.279  -20.975    0.332733   -1.386782   -0.539716   -0.783597   -1.572661   -1.562519   -1.855155   -0.722486   -1.211898    3.794    0.984    0.238 S_000004
   2 P    56.997  141.467  174.123   80.575 -103.273  -88.607   57.043   40.106   87.095  179.918    0.320610   -1.353906   -0.610358   -0.746012   -1.413618   -1.698311   -1.855282   -0.678927   -1.232778    7.029   -3.306   -1.996 S_000004
   3 P  -177.185 -173.566  155.371  145.456  -98.754  179.352  138.838  -24.197  141.689  170.602    0.366879   -0.185448   -1.467973   -0.847005   -0.869502   -2.069646   -1.938630   -0.653402   -1.218242    6.270   -5.729    4.437 S_000004
   4 N    61.844  176.013  -67.983  100.599 -158.689  -42.701   84.761   33.455   86.817  -15.590    0.355862   -1.133523   -0.944353   -0.775593   -1.057890   -1.944675   -1.903301   -0.633672   -1.231375    6.930   -8.681   10.491 S_000004
   5 N   -60.115  155.339   58.082   89.736 -129.307  160.239   81.126   38.574   94.454   56.149    0.437996   -1.294192   -0.673637   -0.612968   -1.375721   -1.770767   -1.681008   -0.516692   -1.308642    4.859  -10.774   14.855 S_000004
   6 P   117.558 -174.043  177.588   86.198 -134.649  -59.596   61.080   31.436   97.436  -24.467    0.367554   -1.291924   -0.717441   -0.792932   -1.451540   -1.697316   -1.890236   -0.709509   -1.209641    2.123  -15.404   19.104 S_000004
   7 P   171.747  153.395  159.041  148.712 -150.900 -143.856  163.298  -31.676  141.216  -34.261    0.335662   -0.099384   -1.482186   -0.823846   -0.920479   -2.044532   -1.934389   -0.708140   -1.198506   -0.703  -16.899   25.120 S_000004
   8 P   -66.371  171.824   53.159   81.077 -151.909 -102.406   86.215   41.126   96.105 -173.389    0.275647   -1.408164   -0.479324   -0.784061   -1.547730   -1.569097   -1.827258   -0.651702   -1.250026   -0.940  -19.635   31.118 S_000004
   9 P   -39.399  168.770   55.356  142.140 -142.741  175.589  120.987  -35.450  159.437  -98.096    0.330665   -0.302125   -1.453233   -0.794861   -1.264725   -1.819140   -1.936530   -0.724980   -1.198310   -2.104  -21.156   37.012 S_000004
  10 P   153.178 -153.207 -178.631   82.668 -139.550  -73.249   64.126   35.520   95.260  -16.961    0.322942   -1.357707   -0.586556   -0.789863   -1.548629   -1.610887   -1.878842   -0.729786   -1.203609   -3.274  -23.680   43.546 S_000004
  11 H   -47.200  160.905   54.054   82.762    0.000    0.000   66.423   35.257   98.137  179.901    0.322872   -1.392525   -0.543185   -0.807335   -1.603653   -1.554183   -1.875783   -0.737290   -1.199213   -3.734  -25.305   49.192 S_000004
SCORE:     5.751                  5.751          0          0          2    S_000005
   1 H     0.000  170.252   55.279   81.801  179.208   51.891   79.991   40.374   91.278  -73.315    0.272764   -1.404080   -0.530305   -0.796586   -1.524016   -1.612260   -1.880140   -0.705264   -1.214433    3.794    0.984    0.238 S_000005
   2 P   -47.728  -96.810  176.569   91.434  163.111   21.139  -43.063   42.609   82.788  -74.471    0.292457   -1.299943   -0.724516   -0.738439   -1.201880   -1.826658   -1.896440   -0.635960   -1.245380    5.084   -3.452   -1.840 S_000005
   3 P   142.544 -157.660  173.092   85.374 -123.104  -81.917   64.767   36.586   87.722  133.333    0.352495   -1.281592   -0.730813   -0.752846   -1.327217   -1.787262   -1.878978   -0.671597   -1.222844    3.748   -5.149    3.831 S_000005
   4 N   -70.422 -176.803   54.287   79.161 -164.802 -103.413   88.590   39.012   94.519 -103.099    0.284657   -1.432273   -0.440008   -0.804927   -1.647512   -1.494854   -1.868363   -0.764982   -1.183614    1.454   -5.948   10.003 S_000005
   5 P   -65.382  159.754   62.279   80.489 -139.922  -94.578   66.585   43.189   86.455  -23.681    0.279604   -1.391728   -0.517392   -0.752146   -1.460091   -1.642769   -1.848934   -0.670317   -1.239244   -0.953   -8.280   15.108 S_000005
   6 P  -105.308   88.428  173.781   81.703 -135.206  -62.142   59.644   38.098   90.763   74.845    0.339308   -1.347252   -0.616241   -0.748066   -1.455875   -1.684281   -1.862059   -0.700408   -1.227937   -3.495  -11.088   19.599 S_000005
   7 P  -133.749 -135.407  144.310  130.845 -116.303 -178.649  121.579  -35.275  165.934  163.039    0.368044   -0.566274   -1.363413   -0.770648   -1.563835   -1.500435   -1.902733   -0.799223   -1.154475   -4.469  -14.337   25.589 S_000005
   8 P    90.227 -127.081 -150.713   82.253 -129.424  -73.849  -50.286   33.603   97.534  -21.932    0.334435   -1.349293   -0.630402   -0.817321   -1.524796   -1.630139   -1.895620   -0.723409   -1.203148   -6.418  -15.907   31.317 S_000005
   9 N   -75.476  167.351   68.042   72.164 -141.243  -86.102   76.953   47.247   90.589  -21.090    0.197622   -1.482414   -0.305353   -0.774018   -1.657218   -1.463291   -1.812717   -0.703234   -1.238293   -9.548  -17.317   36.645 S_000005
  10 P  -133.749 -135.407  144.310  130.845 -116.303 -178.649  121.579  -35.275  165.934  163.039    0.368044   -0.566274   -1.363413   -0.770648   -1.563835   -1.500435   -1.902733   -0.799223   -1.154475   -9.174  -22.196   41.841 S_000005
  11 H   146.321 -150.048  172.451   80.579    0.000    0.000   68.484   36.923   91.238  -21.354    0.329571   -1.338954   -0.642669   -0.777640   -1.440879   -1.691078   -1.864272   -0.665635   -1.227309  -10.163  -26.659   47.238 S_000005
SCORE:     6.150                  6.150          0          0          1    S_000006
   1 H     0.000  170.252   55.279   78.909 -105.113  -51.770   63.835   37.807   95.947  -23.350    0.312565   -1.385198   -0.543112   -0.784609   -1.546331   -1.592438   -1.859234   -0.710924   -1.217245    3.794    0.984    0.238 S_000006
   2 P     0.000  170.458 -157.632 -273.044  226.152  -58.477   64.284   39.360   87.689  -17.617    0.312724   -1.334714   -0.672475   -0.761586   -1.372229   -1.755110   -1.885529   -0.698014   -1.218003    4.247   -3.569   -2.396 S_000006
   3 P  -110.003  -95.178 -170.804   85.262 -152.851  -73.112   64.455   36.565   94.655  -23.735    0.333988   -1.354956   -0.605888   -0.774081   -1.501600   -1.649669   -1.863825   -0.691328   -1.230508    4.305   -6.068    4.055 S_000006
   4 N   159.691 -170.590 -174.109   88.343 -146.100  -64.645   64.868   37.125   98.321   81.301    0.318687   -1.369463   -0.573472   -0.783925   -1.523176   -1.616361   -1.852265   -0.662433   -1.260222    3.391  -10.341    9.060 S_000006
   5 P   -82.645 -177.969   72.751  145.260 -157.503 -148.229  111.875  -38.545  157.429  -12.075    0.322205   -0.223436   -1.480851   -0.764697   -1.222995   -1.851784   -1.919902   -0.771160   -1.168755    0.895  -13.900   13.754 S_000006
   6 P   -70.392 -168.786   67.400  152.714  -79.917 -130.447  140.795  -39.652  156.097   50.861    0.325405   -0.132539   -1.474602   -0.745567   -1.130274   -1.890448   -1.904953   -0.748656   -1.182195   -3.601  -16.736   18.001 S_000006
   7 P   136.091 -155.062 -174.957   86.112 -149.015  164.446   79.341   36.163   91.586  -11.052    0.350342   -1.312825   -0.679406   -0.762117   -1.404980   -1.724639   -1.869948   -0.666744   -1.230244   -4.304  -21.209   23.129 S_000006
   8 N   116.652 -120.299 -166.532   83.340 -100.624 -107.523   46.228   39.220   89.655  -23.998    0.322294   -1.359161   -0.601360   -0.755425   -1.453999   -1.682435   -1.865651   -0.692554   -1.228649   -6.186  -21.978   29.140 S_000006
   9 P  -154.050  145.148  124.520   89.904 -156.931 -129.437   98.571   22.752  116.377   53.243    0.366115   -1.304268   -0.738772   -0.890164   -1.596323   -1.568220   -1.925176   -0.727709   -1.180955   -7.529  -21.171   36.071 S_000006
  10 P  -155.750 -115.552   64.915  142.797  -75.199 -161.519  134.335  -30.416  148.772   15.690    0.355492   -0.286024   -1.455352   -0.816259   -1.146805   -1.922901   -1.942280   -0.723543   -1.186094   -7.061  -21.834   43.270 S_000006
  11 H   -74.330  146.184   65.662   82.409    0.000    0.000   61.533   38.959   95.276 -158.494    0.303321   -1.395973   -0.513933   -0.779589   -1.561605   -1.579329   -1.848067   -0.699568   -1.228601   -7.364  -26.652   47.448 S_000006
SCORE:     5.944                  5.944          0          1          1    S_000007
   1 H     0.000  170.252   55.279   71.830    0.000    0.000   79.141   38.789   97.135  179.919    0.302066   -1.407842   -0.510832   -0.787683   -1.571380   -1.570566   -1.828152   -0.669578   -1.246409    3.794    0.984    0.238 S_000007
   2 N    30.868 -120.066  169.636   83.794 -168.750  -74.349  111.391   35.183   96.403 -152.609    0.326293   -1.356749   -0.613451   -0.800568   -1.521734   -1.634229   -1.885032   -0.716011   -1.208655    2.971    1.395    1.079 S_000007
   3 P   -67.780  169.566   55.337   80.106 -165.258 -116.086   78.433   41.613   92.114  -21.510    0.293408   -1.394096   -0.536144   -0.752705   -1.493140   -1.640821   -1.832884   -0.655131   -1.253745    1.166   -0.675    6.333 S_000007
   4 P   -67.780  169.566   55.337   80.106 -165.258 -116.086   78.433   41.613   92.114  -21.510    0.293408   -1.394096   -0.536144   -0.752705   -1.493140   -1.640821   -1.832884   -0.655131   -1.253745   -0.453   -2.766   12.147 S_000007
   5 P   -77.852  174.106   60.364   85.695 -171.662 -102.994   92.865   37.618   91.226  -95.911    0.304612   -1.348555   -0.634563   -0.789831   -1.469263   -1.700595   -1.900645   -0.744972   -1.198293   -0.844   -4.624   18.413 S_000007
   6 P  -110.090  157.003   54.289   96.030  -98.323 -120.834  126.335   26.005  101.867  -17.015    0.366085   -1.215632   -0.853779   -0.840673   -1.395618   -1.775253   -1.932869   -0.704297   -1.198273   -0.816   -6.920   24.466 S_000007
   7 P   -56.377 -139.427   58.680  145.687 -127.315  127.606  162.004  -34.987  152.433 -179.314    0.327571   -0.126288   -1.487744   -0.803627   -1.029147   -1.978669   -1.936922   -0.713511   -1.197318   -3.699  -12.404   27.592 S_000007
   8 P   140.004 -161.511  172.648   87.535 -135.875 -127.774  -63.089   27.673  113.365  -21.649    0.351703   -1.359808   -0.617725   -0.860422   -1.647064   -1.511100   -1.888219   -0.728269   -1.197425   -2.539  -15.027   33.366 S_000007
   9 N  -161.449  -80.375 -167.755   89.297 -150.159  165.209  -87.153   31.046  106.885   18.642    0.339296   -1.337064   -0.665664   -0.840118   -1.530120   -1.624557   -1.899377   -0.689110   -1.219184    0.659  -18.208   38.745 S_000007
  10 P   173.215 -145.070   63.717  153.655 -149.052 -165.262  144.445  -38.152  153.790  -22.152    0.324100   -0.007402   -1.484541   -0.764111   -0.935316   -2.017312   -1.914311   -0.680225   -1.231184   -0.209  -18.779   45.826 S_000007
  11 H  -158.045  170.860   52.868   84.724    0.000    0.000   56.562   38.086   89.888   75.327    0.314612   -1.350919   -0.625777   -0.780601   -1.449581   -1.693080   -1.883894   -0.693072   -1.228279   -2.594  -23.920   50.246 S_000007
SCORE:     6.084                  6.084          0          1          2    S_000008
   1 H     0.000  170.252   55.279   84.969 -149.324  -65.488   75.104   35.338   97.060  -15.001    0.330746   -1.362607   -0.592107   -0.796055   -1.537185   -1.613540   -1.879060   -0.717650   -1.209826    3.794    0.984    0.238 S_000008
   2 N    51.635  124.708 -177.414  148.096  -91.256  -71.581  125.991  -33.713  151.639  176.834    0.357095   -0.255535   -1.459522   -0.777668   -1.170581   -1.890148   -1.922320   -0.708726   -1.203449    6.064   -3.592   -2.224 S_000008
   3 P   -33.390  139.255   61.813  118.151 -129.280  171.883  103.768   -0.194  134.967    3.271    0.419238   -0.898866   -1.176938   -0.918863   -1.358164   -1.770009   -1.979291   -0.672376   -1.177622    4.728   -5.837    2.464 S_000008
   4 P   149.773 -156.144  176.474   82.777 -155.799  -84.417   85.097   38.273   91.188  109.933    0.325799   -1.359624   -0.601698   -0.762572   -1.475146   -1.669392   -1.863222   -0.693642   -1.226962    3.368   -8.276    8.949 S_000008
   5 P  -147.370  132.427  163.030   85.740 -133.620  -84.078   67.702   34.176   93.870  -15.107    0.344463   -1.309014   -0.688719   -0.791759   -1.433451   -1.704701   -1.888885   -0.699291   -1.211989    2.681  -11.897   14.603 S_000008
   6 P   149.014 -155.242 -178.126   84.779 -102.452 -121.172   63.331   34.511  100.273 -173.612    0.341870   -1.354035   -0.615372   -0.789933   -1.534865   -1.629441   -1.860365   -0.683078   -1.232961    1.329  -14.635   20.407 S_000008
   7 N   169.350  136.230   47.876  145.976 -103.546  158.996  112.526  -36.585  158.537  -90.836    0.326479   -0.230834   -1.472102   -0.783993   -1.195518   -1.870158   -1.928823   -0.746647   -1.180885   -2.930  -18.445   24.860 S_000008
   8 P   -67.829  144.764   69.700   80.953 -144.141  -81.379   76.829   39.830   90.065 -166.579    0.286953   -1.402798   -0.507191   -0.786793   -1.558134   -1.584335   -1.865174   -0.738951   -1.196106   -5.705  -20.854   29.013 S_000008
   9 N   -77.784  164.329   71.539   85.791 -150.630  -64.501   94.223   37.999   93.995  -22.205    0.307552   -1.355102   -0.617155   -0.780426   -1.445879   -1.662773   -1.836742   -0.643100   -1.247618   -8.985  -23.315   33.820 S_000008
  10 N  -113.350 -111.411  167.475   84.702 -143.828  -56.326   71.787   37.497   90.739  -18.313    0.313563   -1.356055   -0.622734   -0.790878   -1.464630   -1.678770   -1.889294   -0.698923   -1.216238  -10.258  -22.792   40.686 S_000008
  11 H   -64.605  159.930   54.415   81.365    0.000    0.000   75.912   39.273   90.702  179.918    0.315548   -1.376360   -0.574374   -0.761607   -1.499701   -1.656929   -1.871549   -0.720709   -1.220584  -12.966  -23.226   45.732 S_000008
SCORE:     5.952                  5.952          0          0          1    S_000009
   1 H     0.000  170.252   55.279   83.834 -145.557  -51.597   75.133   36.561   92.684  -22.286    0.323770   -1.351789   -0.620388   -0.784544   -1.480685   -1.658720   -1.879229   -0.698025   -1.217586    3.794    0.984    0.238 S_000009
   2 P    65.493  -91.324  150.846   77.231 -171.329  -83.012   81.493   40.160   92.026  179.945    0.392547   -1.360019   -0.571583   -0.639662   -1.480701   -1.660921   -1.761089   -0.709918   -1.286012    5.634   -2.198   -0.642 S_000009
   3 N   -66.757 -176.582   50.771   82.308 -152.544  -76.700   82.516   40.239   89.979  166.922    0.305481   -1.371671   -0.572407   -0.760028   -1.466193   -1.662491   -1.853213   -0.668365   -1.239576    5.925   -4.764    4.998 S_000009
   4 N  -173.124   78.055  146.836   78.999 -161.137  -61.152  -76.373   37.422   95.813    9.915    0.312401   -1.397380   -0.528472   -0.795907   -1.576124   -1.573417   -1.876411   -0.738611   -1.195916    2.381   -7.999    9.954 S_000009
   5 P  -165.123  123.315  171.991   87.033 -153.571  -59.887   73.452   35.136   95.198   -8.374    0.331756   -1.337775   -0.632899   -0.796073   -1.488319   -1.658809   -1.881383   -0.691431   -1.212719   -0.517  -11.133   15.115 S_000009
   6 P   -71.272 -165.358   63.166   79.259 -151.959  -65.462   64.481   43.986   85.865  -23.149    0.255102   -1.426742   -0.465540   -0.769045   -1.543497   -1.607920   -1.852651   -0.706254   -1.229931   -2.728  -15.076   19.548 S_000009
   7 P   -63.205  171.353   54.703   80.508 -166.947 -112.593   87.404   39.529   93.956  -19.361    0.312179   -1.391493   -0.527466   -0.762039   -1.531548   -1.601004   -1.844492   -0.705140   -1.217484   -4.388  -16.395   25.161 S_000009
   8 P   160.815  105.099   88.582   92.840 -161.979 -164.996   83.120   14.294  126.435  -66.900    0.405061   -1.212048   -0.841187   -0.889406   -1.604759   -1.561045   -1.922890   -0.729780   -1.183130   -8.109  -15.567   31.286 S_000009
   9 N   -93.948  176.500   62.637   82.734 -136.841  -72.373   70.115   40.185   88.960  -18.208    0.323496   -1.364620   -0.591111   -0.740234   -1.445692   -1.682370   -1.856939   -0.687862   -1.228963   -7.012  -15.138   37.966 S_000009
  10 P  -170.283  161.190 -176.306  140.990 -163.860 -102.059  133.153  -32.306  149.951  165.152    0.350717   -0.168927   -1.477787   -0.803819   -1.029144   -1.981828   -1.933928   -0.657356   -1.225843   -8.104  -19.268   43.424 S_000009
  11 H   -52.386  161.645   55.765   84.119    0.000    0.000   81.012   33.550   97.717  -19.825    0.339970   -1.348846   -0.631465   -0.808506   -1.529453   -1.631595   -1.894519   -0.727416   -1.197641  -11.446  -21.013   48.126 S_000009
SCORE:     5.889                  5.889          0          1          2    S_000010
   1 H     0.000  170.252   55.279   73.606    0.000    0.000   82.124   47.283   83.211  -66.065    0.211910   -1.448389   -0.400781   -0.773135   -1.533278   -1.582677   -1.869843   -0.720695   -1.217359    3.794    0.984    0.238 S_000010
   2 N  -132.092  178.412  -64.725   88.093 -178.861 -150.135  125.428   36.299   90.701  -27.665    0.315486   -1.341291   -0.660602   -0.806516   -1.443260   -1.703059   -1.911210   -0.712626   -1.203993    1.880    3.566    0.460 S_000010
   3 P   179.820 -143.727  142.769   86.515 -135.487  -69.630   55.695   27.873  103.685  -20.135    0.383125   -1.254649   -0.787744   -0.810853   -1.432803   -1.722782   -1.892272   -0.684756   -1.215503    4.512    0.931    6.501 S_000010
   4 N   -74.064 -177.704   48.749  150.340 -154.485  153.392  131.849  -33.312  147.447  168.918    0.335143   -0.069542   -1.482537   -0.803152   -0.912200   -2.037999   -1.931248   -0.636521   -1.234597    3.193   -0.861   12.553 S_000010
   5 P   167.467  152.113   37.001  107.343   26.756  146.493  101.753    0.211  130.902  -17.824    0.459191   -0.884210   -1.156855   -0.842492   -1.363111   -1.792416   -1.922249   -0.684850   -1.200488    1.526   -4.293   18.445 S_000010
   6 P   -61.782 -140.498   56.795  140.224 -153.193 -144.278  165.784  -33.826  159.973  156.711    0.349592   -0.388033   -1.431578   -0.793415   -1.340736   -1.762595   -1.940106   -0.795494   -1.147865    2.878   -3.327   24.528 S_000010
   7 N   175.955  162.698   52.686  156.851  -87.871  145.742  108.849  -43.567  155.528  -50.089    0.284062    0.107216   -1.494132   -0.739501   -0.895252   -2.027086   -1.878627   -0.742814   -1.196508    3.304   -8.718   29.450 S_000010
   8 P   153.109 -158.615  171.108   84.708 -138.125  -69.612   57.715   37.635   93.652  -13.792    0.321789   -1.360366   -0.593188   -0.773049   -1.495954   -1.649786   -1.864180   -0.695157   -1.223989    2.833  -11.055   35.603 S_000010
   9 P  -127.098 -118.371 -175.896   81.208  178.526  -67.112   87.047   27.341  111.615  177.088    0.350710   -1.380316   -0.536550   -0.864500   -1.712024   -1.401043   -1.876825   -0.710853   -1.179871   -0.528  -13.431   41.288 S_000010
  10 N   156.962  178.579 -167.811   86.349 -135.605  -64.893   63.481   36.418   95.976  -16.102    0.331241   -1.345785   -0.616987   -0.767103   -1.488494   -1.651697   -1.841209   -0.691712   -1.226263   -3.144  -14.748   47.010 S_000010
  11 H   -64.618 -171.665   43.912   79.784    0.000    0.000   83.013   36.705   92.599  -24.187    0.327845   -1.391018   -0.526839   -0.780963   -1.593094   -1.561928   -1.878504   -0.772792   -1.180668   -6.554  -16.535   52.084 S_000010
