SEQUENCE: gaaaaaaag
SCORE:     score    rna_stub_coord_hack       N_WC      N_NWC       N_BS description
REMARK RNA 
SCORE:     7.248                  7.248          0          0          1    S_000001
   1 H     0.000  170.252   55.279   86.893 -151.709  -73.458   65.419   33.694   98.153 -138.067    0.332044   -1.319918   -0.676744   -0.820032   -1.454562   -1.682937   -1.900788   -0.676239   -1.223951    3.794    0.984    0.238 S_000001
   2 P  -133.538  108.400  170.756   84.154 -127.305  -74.185   72.974   35.950   92.479   89.929    0.344062   -1.330407   -0.648063   -0.770795   -1.450555   -1.685258   -1.883026   -0.708824   -1.211451    8.614   -0.576   -3.624 S_000001
   3 P   -73.688  154.833   59.185  146.485 -111.162  175.140  119.829  -32.346  150.459   20.864    0.348829   -0.220202   -1.465450   -0.808985   -1.098138   -1.929436   -1.939839   -0.717382   -1.183677   13.898   -0.632   -6.750 S_000001
   4 P   164.357  159.365   60.226  155.732 -127.704  171.416  109.333  -39.352  157.983   71.282    0.316599   -0.047323   -1.489035   -0.763868   -1.016590   -1.968385   -1.910011   -0.701604   -1.218509   20.500   -1.470   -8.968 S_000001
   5 P   178.953  121.420   60.039  137.761  -89.783  162.171   95.568  -36.201  164.047  -85.504    0.329547   -0.376318   -1.443259   -0.795164   -1.365299   -1.724089   -1.935867   -0.737984   -1.183291   26.817   -3.712   -8.472 S_000001
   6 P   164.423 -126.231  176.251   91.863 -148.152  -95.447   90.726   36.141   94.787  -18.747    0.308216   -1.335123   -0.633984   -0.806988   -1.469271   -1.673926   -1.899392   -0.725780   -1.196649   33.438   -2.407   -9.794 S_000001
   7 P  -172.604  161.126  159.864  155.138 -101.607 -139.360  -48.863  -40.948  155.621   78.591    0.319081    0.026124   -1.484098   -0.731166   -0.944630   -1.986654   -1.887978   -0.700564   -1.211859   40.556   -2.337   -9.924 S_000001
   8 P  -122.416 -162.247   61.004   85.592  169.934  -92.697  103.631   24.647  122.983  -18.284    0.346302   -1.353110   -0.620505   -0.901832   -1.671700   -1.453064   -1.868023   -0.683506   -1.222104   47.564   -3.283  -11.517 S_000001
   9 H   -50.817 -173.566   37.599   78.378    0.000    0.000   97.580   34.753   96.484  -72.785    0.327818   -1.398629   -0.514377   -0.806617   -1.640658   -1.513266   -1.888002   -0.794474   -1.155692   53.061   -5.396  -11.173 S_000001
SCORE:     6.923                  6.923          0          1          1    S_000002
   1 H     0.000  170.252   55.279   83.038 -158.960  -68.498   89.457   36.820   95.911  179.936    0.323614   -1.367655   -0.590170   -0.784408   -1.518111   -1.633405   -1.872211   -0.704786   -1.221704    3.794    0.984    0.238 S_000002
   2 P  -126.179  138.940  177.602  128.870 -175.447  -84.014   96.666  -24.675  144.399   34.291    0.429508   -0.180220   -1.458434   -0.791134   -0.883354   -2.050890   -1.911737   -0.664996   -1.226029    8.871   -0.992   -2.958 S_000002
   3 N  -149.034  -81.925  172.404  146.046 -150.679 -107.126  111.344  -35.048  155.162  147.404    0.332662   -0.192882   -1.475955   -0.792373   -1.116447   -1.928530   -1.935508   -0.712398   -1.199196   15.492   -0.846   -4.867 S_000002
   4 P   -67.811 -157.369   46.332   84.383 -161.577  -66.799   84.699   35.919   98.183 -173.992    0.326370   -1.362959   -0.598423   -0.793148   -1.523906   -1.629415   -1.875492   -0.700750   -1.221905   21.035   -0.922   -8.887 S_000002
   5 N  -175.101 -147.674  159.572  141.718  176.133  146.872   62.364  -31.811 -103.226   76.911    0.331832   -0.177856   -1.485199   -0.843536   -1.029654   -1.962328   -1.977627   -0.691472   -1.204184   27.434   -0.286   -7.338 S_000002
   6 P   -82.522 -173.901   50.300  139.055 -115.199  179.062  149.082  -32.367  151.652  165.711    0.349502   -0.343881   -1.444356   -0.804139   -1.257945   -1.837809   -1.936483   -0.771964   -1.159998   33.992    0.170   -8.320 S_000002
   7 P    68.538  167.213 -173.924   83.974 -172.672  -89.084  109.402   36.411   93.428  -17.431    0.327762   -1.350952   -0.618290   -0.783060   -1.493810   -1.662168   -1.884309   -0.717844   -1.208533   40.854    0.620   -8.367 S_000002
   8 P   -67.601  173.259   58.690  157.464 -135.211 -147.785  162.259  -40.470  165.113 -137.280    0.315507    0.031025   -1.496384   -0.749112   -0.932260   -1.997702   -1.908468   -0.713312   -1.224472   46.794    1.916   -7.829 S_000002
   9 H  -152.324 -130.096  129.870   77.863    0.000    0.000   46.461   39.835   92.454  -27.049    0.318071   -1.388710   -0.513870   -0.751434   -1.542961   -1.598360   -1.837109   -0.706906   -1.218019   53.764    3.311   -9.795 S_000002
SCORE:     7.038                  7.038          0          0          2    S_000003
   1 H     0.000  170.252   55.279   84.444 -140.848  -65.923   73.554   38.757   91.600 -171.033    0.313567   -1.356744   -0.609615   -0.772506   -1.452904   -1.683999   -1.872895   -0.676324   -1.236235    3.794    0.984    0.238 S_000003
   2 N    53.210 -143.365  -37.819  125.943  152.637  168.395  105.225  -25.236  145.260   70.869    0.417236   -0.166805   -1.445975   -0.799684   -0.878923   -2.043016   -1.907019   -0.665964   -1.226820    7.053   -2.711   -1.628 S_000003
   3 N  -173.868 -178.616  179.685   86.902 -146.045  -72.431   81.778   39.756   88.577  -12.629    0.302540   -1.355778   -0.621490   -0.770300   -1.422934   -1.707921   -1.886028   -0.702878   -1.216575   13.762   -0.434   -3.315 S_000003
   4 N   -77.784  164.329   71.539   85.791 -150.630  -64.501   94.223   37.999   93.995  -22.205    0.307552   -1.355102   -0.617155   -0.780426   -1.445879   -1.662773   -1.836742   -0.643100   -1.247618   19.207    1.903   -5.105 S_000003
   5 P   171.747  153.395  159.041  148.712 -150.900 -143.856  163.298  -31.676  141.216  -34.261    0.335662   -0.099384   -1.482186   -0.823846   -0.920479   -2.044532   -1.934389   -0.708140   -1.198506   25.777    0.110   -5.896 S_000003
   6 P  -147.370  132.427  163.030   85.740 -133.620  -84.078   67.702   34.176   93.870  -15.107    0.344463   -1.309014   -0.688719   -0.791759   -1.433451   -1.704701   -1.888885   -0.699291   -1.211989   32.623   -0.234   -5.141 S_000003
   7 P   171.747  153.395  159.041  148.712 -150.900 -143.856  163.298  -31.676  141.216  -34.261    0.335662   -0.099384   -1.482186   -0.823846   -0.920479   -2.044532   -1.934389   -0.708140   -1.198506   39.583   -0.194   -6.534 S_000003
   8 N  -178.810  153.055  135.770  106.704 -138.327 -112.358  127.377   22.478   87.323  -11.418    0.409131   -0.973460   -1.098711   -0.809248   -1.028300   -2.013690   -1.923910   -0.665663   -1.225656   46.770    0.782   -7.226 S_000003
   9 H   -71.063  178.588   54.640   83.458    0.000    0.000   68.130   36.345   94.114  179.896    0.320868   -1.369652   -0.578808   -0.793722   -1.537420   -1.613913   -1.885762   -0.730167   -1.202215   53.426    1.970   -7.407 S_000003
SCORE:     7.077                  7.077          0          0          2    S_000004
   1 H     0.000  170.252   55.279   81.208 -151.617  -70.250   78.772   39.529   92.510  179.927    0.314860   -1.365937   -0.577622   -0.760938   -1.469419   -1.660425   -1.855521   -0.664143   -1.243873    3.794    0.984    0.238 S_000004
   2 P    69.537 -166.181  -60.499  152.696 -139.655  158.838  154.890  -32.143  140.928  -13.715    0.328084    0.063193   -1.486397   -0.834860   -0.705153   -2.117327   -1.914333   -0.684411   -1.210267    7.594   -2.729   -1.810 S_000004
   3 P  -157.150  169.410  110.578  104.111 -131.679  -77.715   57.371   22.137   94.012   10.621    0.396541   -1.070534   -1.015764   -0.815080   -1.217123   -1.916786   -1.923891   -0.676323   -1.227813   13.902   -0.799   -3.450 S_000004
   4 P   -81.721 -156.700   62.298  148.639  -77.374  142.643  112.599  -36.051  162.843   46.326    0.335602   -0.273429   -1.460309   -0.784915   -1.237226   -1.821172   -1.930647   -0.728990   -1.189010   20.603   -1.561   -4.636 S_000004
   5 P   147.134 -168.848  174.551   84.578 -147.110  -72.890   70.254   33.977   96.687  -24.297    0.349584   -1.331002   -0.659733   -0.788648   -1.484050   -1.669911   -1.886169   -0.707459   -1.211906   27.064   -1.249   -5.005 S_000004
   6 P  -173.910 -150.992  149.500  127.998 -128.911 -142.558   91.482   -6.193  136.127   15.787    0.408280   -0.788743   -1.262842   -0.923571   -1.317920   -1.806812   -1.984235   -0.740556   -1.116661   33.481    0.019   -6.667 S_000004
   7 P   -61.485  172.776   56.944   86.906 -153.389 -117.159   65.060   32.671  101.167 -166.560    0.336310   -1.350716   -0.631465   -0.822328   -1.544625   -1.614423   -1.898988   -0.721388   -1.199581   39.842   -1.102   -8.402 S_000004
   8 P  -166.924 -154.036  159.889   90.332 -178.658 -136.635   73.477   26.413  115.255    3.673    0.345049   -1.323606   -0.689620   -0.882069   -1.572952   -1.568229   -1.923026   -0.712384   -1.176451   46.542    1.270   -9.551 S_000004
   9 H   -67.858  168.955   59.807   78.697    0.000    0.000   76.779   44.965   89.315  166.666    0.247401   -1.433203   -0.427650   -0.758417   -1.535191   -1.564311   -1.831822   -0.656662   -1.249015   52.675    1.213   -7.819 S_000004
SCORE:     7.036                  7.036          0          0          0    S_000005
   1 H     0.000  170.252   55.279   78.018 -153.276  -67.499   69.212   41.569   90.867  -59.296    0.294183   -1.424068   -0.436102   -0.750150   -1.608083   -1.532040   -1.828726   -0.733249   -1.218968    3.794    0.984    0.238 S_000005
   2 P  -132.578  112.156  159.719   83.112 -139.596  -55.743   63.268   39.050   85.758 -170.047    0.307700   -1.343453   -0.643900   -0.775243   -1.385486   -1.708759   -1.884896   -0.676455   -1.222422    8.460   -0.681   -3.657 S_000005
   3 P  -145.987  156.330 -171.280   97.698 -150.657  -84.135   71.724   29.301   97.426  177.190    0.377424   -1.188179   -0.884020   -0.797503   -1.265138   -1.847696   -1.920332   -0.677393   -1.214796   14.156   -2.300   -6.591 S_000005
   4 P  -163.415 -164.775  171.520   87.292 -173.272  -90.210   95.538   33.873  101.998   69.427    0.333059   -1.348368   -0.630589   -0.813263   -1.521104   -1.634527   -1.885456   -0.693273   -1.220867   20.536   -1.738   -9.332 S_000005
   5 P  -160.249  166.068  171.487   91.115 -136.630 -101.713   76.539   34.876   95.142  175.357    0.323572   -1.335492   -0.650661   -0.813480   -1.473315   -1.673547   -1.901744   -0.711585   -1.198626   27.332   -1.641  -10.010 S_000005
   6 N   167.952 -167.959  154.203  145.211 -155.376 -167.633   19.536  -32.174  148.043  -55.599    0.332777   -0.133501   -1.484945   -0.828850   -0.980089   -2.013944   -1.953344   -0.695714   -1.205944   34.293   -0.575  -10.504 S_000005
   7 N   -76.580 -179.645   54.826   81.176 -147.884  -68.895   79.540   37.985   91.755  -15.483    0.305530   -1.394901   -0.524777   -0.790237   -1.570955   -1.576219   -1.869454   -0.738934   -1.196888   40.864   -1.183   -9.536 S_000005
   8 P   -51.945 -133.499   39.493  143.104 -114.173 -168.664  -35.984  -37.648  166.838  157.097    0.340684   -0.325833   -1.446437   -0.760707   -1.332948   -1.745621   -1.922286   -0.762681   -1.175341   47.007   -1.132  -11.594 S_000005
   9 H     0.000 -178.228   61.472 -274.863    0.000    0.000   66.711   35.578   96.155  179.914    0.321293   -1.363005   -0.604351   -0.804460   -1.524436   -1.629942   -1.889645   -0.715296   -1.205909   52.895    1.342  -12.630 S_000005
SCORE:     6.786                  6.786          0          1          0    S_000006
   1 H     0.000  170.252   55.279   73.271 -158.699  -61.986   76.325   45.620   86.224  -23.509    0.272005   -1.440711   -0.375549   -0.726074   -1.582186   -1.530547   -1.828391   -0.715527   -1.205604    3.794    0.984    0.238 S_000006
   2 P   -60.047  171.003   59.872  136.864  -95.432  147.564  119.223  -31.971  158.999   16.550    0.359025   -0.323656   -1.446134   -0.808931   -1.227191   -1.844747   -1.951779   -0.702825   -1.202525    8.532   -1.421   -2.188 S_000006
   3 P   152.594  176.327  171.244   91.237 -151.427  -73.024   82.556   36.730   87.095   -0.293    0.324489   -1.292433   -0.740995   -0.782053   -1.325054   -1.790390   -1.912036   -0.712281   -1.201892   14.946   -1.483   -3.776 S_000006
   4 N  -117.928  163.085  140.542   74.750 -128.345  -67.509   60.349   40.402   87.581  -19.436    0.267559   -1.415088   -0.468029   -0.794021   -1.570377   -1.532371   -1.895780   -0.772226   -1.165552   21.281   -0.442   -5.128 S_000006
   5 P  -133.749 -135.407  144.310  130.845 -116.303 -178.649  121.579  -35.275  165.934  163.039    0.368044   -0.566274   -1.363413   -0.770648   -1.563835   -1.500435   -1.902733   -0.799223   -1.154475   27.050    0.439   -8.849 S_000006
   6 P  -158.951 -177.382  165.165   83.505 -166.970  -49.803   88.312   28.748  117.649  -22.000    0.343573   -1.375312   -0.575177   -0.864358   -1.654732   -1.472597   -1.841770   -0.676251   -1.224860   33.997    0.472  -10.146 S_000006
   7 P   140.004 -161.511  172.648   87.535 -135.875 -127.774  -63.089   27.673  113.365  -21.649    0.351703   -1.359808   -0.617725   -0.860422   -1.647064   -1.511100   -1.888219   -0.728269   -1.197425   39.756    1.986  -11.065 S_000006
   8 P   163.328  133.174   67.642  136.998 -137.626 -154.012   89.421  -30.525  152.645   30.625    0.372295   -0.416181   -1.425075   -0.793600   -1.311181   -1.799090   -1.926431   -0.784884   -1.148790   46.296    5.274  -11.723 S_000006
   9 H    -1.474  131.046   15.607   78.581    0.000    0.000   82.591   38.117   93.535  179.902    0.305847   -1.391400   -0.536617   -0.788626   -1.547807   -1.587040   -1.869820   -0.727250   -1.205555   51.905    3.764  -13.705 S_000006
SCORE:     6.529                  6.529          0          1          0    S_000007
   1 H     0.000  170.252   55.279   79.013 -152.599  -65.935   70.375   39.428   95.260  179.906    0.312017   -1.388787   -0.537661   -0.762372   -1.534747   -1.616359   -1.832997   -0.668318   -1.261140    3.794    0.984    0.238 S_000007
   2 P   -53.263  -84.013  179.931  121.234 -143.667 -130.098   47.916  -25.284  165.035  136.041    0.390724   -0.706993   -1.308555   -0.850770   -1.556537   -1.535396   -1.919063   -0.699958   -1.200243    8.189   -0.276   -3.872 S_000007
   3 P  -122.416 -162.247   61.004   85.592  169.934  -92.697  103.631   24.647  122.983  -18.284    0.346302   -1.353110   -0.620505   -0.901832   -1.671700   -1.453064   -1.868023   -0.683506   -1.222104   15.235   -0.238   -5.712 S_000007
   4 N  -161.912  144.831  163.138   87.020 -163.361  -72.898   66.879   36.893   92.007  -14.838    0.313333   -1.374187   -0.573869   -0.796398   -1.534179   -1.616031   -1.894495   -0.762736   -1.174099   21.624    1.271   -4.747 S_000007
   5 P   -84.025  166.594   73.067   79.911 -179.348 -123.417   89.779   35.188   98.120  -15.624    0.325054   -1.374806   -0.576496   -0.804974   -1.563205   -1.591934   -1.872365   -0.723717   -1.206138   27.685    0.798   -5.412 S_000007
   6 P  -166.924 -154.036  159.889   90.332 -178.658 -136.635   73.477   26.413  115.255    3.673    0.345049   -1.323606   -0.689620   -0.882069   -1.572952   -1.568229   -1.923026   -0.712384   -1.176451   34.583    0.960   -6.778 S_000007
   7 N   162.851 -174.181  174.872   89.117 -135.686  -80.471   74.982   34.691   91.621  -18.571    0.348335   -1.303500   -0.710850   -0.781973   -1.406205   -1.739385   -1.894539   -0.695738   -1.212818   41.374   -0.897   -7.092 S_000007
   8 P  -154.050  145.148  124.520   89.904 -156.931 -129.437   98.571   22.752  116.377   53.243    0.366115   -1.304268   -0.738772   -0.890164   -1.596323   -1.568220   -1.925176   -0.727709   -1.180955   48.123   -1.848   -8.405 S_000007
   9 H   -58.527  172.026   51.594   83.308    0.000    0.000   73.697   34.301   97.134 -111.762    0.328477   -1.362391   -0.592753   -0.808278   -1.554636   -1.594654   -1.880527   -0.727099   -1.192453   54.532   -2.568   -9.162 S_000007
SCORE:     7.203                  7.203          0          1          1    S_000008
   1 H     0.000  170.252   55.279   83.071 -161.763  -72.592   69.055   39.359   88.914  165.465    0.299557   -1.369669   -0.598973   -0.785461   -1.464600   -1.684701   -1.863395   -0.665772   -1.239037    3.794    0.984    0.238 S_000008
   2 P  -163.415 -164.775  171.520   87.292 -173.272  -90.210   95.538   33.873  101.998   69.427    0.333059   -1.348368   -0.630589   -0.813263   -1.521104   -1.634527   -1.885456   -0.693273   -1.220867    8.466   -2.445   -3.288 S_000008
   3 N   -47.009 -156.943   43.129  136.535 -108.297 -129.744  -43.653  -37.484  173.233  179.919    0.311316   -0.514768   -1.402360   -0.821301   -1.538355   -1.515089   -1.920402   -0.777227   -1.165554   14.410   -4.254   -3.967 S_000008
   4 P   -70.392 -168.786   67.400  152.714  -79.917 -130.447  140.795  -39.652  156.097   50.861    0.325405   -0.132539   -1.474602   -0.745567   -1.130274   -1.890448   -1.904953   -0.748656   -1.182195   20.769   -4.416   -6.869 S_000008
   5 N  -161.912  144.831  163.138   87.020 -163.361  -72.898   66.879   36.893   92.007  -14.838    0.313333   -1.374187   -0.573869   -0.796398   -1.534179   -1.616031   -1.894495   -0.762736   -1.174099   27.229   -1.898   -8.209 S_000008
   6 N  -107.644  175.426   82.093   87.681 -132.813 -122.073   86.572   32.723   97.857  -95.521    0.410239   -1.228386   -0.684488   -0.690658   -1.412545   -1.699422   -1.794320   -0.657205   -1.253733   33.584   -1.157   -9.273 S_000008
   7 P   -71.409  163.072   88.916  129.689 -115.676 -168.510  103.969  -27.373  151.463 -158.189    0.375027   -0.488612   -1.399569   -0.832328   -1.348614   -1.777614   -1.951482   -0.749221   -1.158968   39.884    0.899   -9.196 S_000008
   8 P   -60.599  162.009   59.939  140.771 -155.496 -143.261  171.462  -38.712  164.591  -23.422    0.312444   -0.271307   -1.489031   -0.770005   -1.280109   -1.824124   -1.924378   -0.767040   -1.192114   45.876    1.227  -11.358 S_000008
   9 H    39.140  174.333   42.405   86.401    0.000    0.000   70.385   36.760   87.216   23.553    0.318018   -1.339803   -0.653015   -0.793515   -1.441346   -1.701347   -1.883895   -0.689782   -1.202365   51.877    2.945  -13.115 S_000008
SCORE:     7.044                  7.044          0          0          2    S_000009
   1 H     0.000  170.252   55.279   81.359 -164.426  -87.446   82.245   36.030   95.871  -21.711    0.341296   -1.359447   -0.583124   -0.770008   -1.533917   -1.615938   -1.850759   -0.704986   -1.226758    3.794    0.984    0.238 S_000009
   2 P   -53.426  167.329   65.141  115.360 -113.777 -159.626   97.404   -5.403  134.937   56.068    0.427600   -0.829890   -1.204746   -0.881835   -1.388628   -1.769707   -1.954577   -0.702966   -1.187770    9.050    0.033   -2.418 S_000009
   3 P   113.859 -157.373  166.833   71.640   73.351  110.096  121.651   31.198  118.310   25.286    0.331742   -1.404823   -0.591194   -0.843167   -1.723746   -1.574003   -1.808621   -0.718128   -1.220275   14.871   -0.701   -6.162 S_000009
   4 P   -61.782 -140.498   56.795  140.224 -153.193 -144.278  165.784  -33.826  159.973  156.711    0.349592   -0.388033   -1.431578   -0.793415   -1.340736   -1.762595   -1.940106   -0.795494   -1.147865   20.270   -2.408   -8.872 S_000009
   5 P   -81.278  160.451   36.664  147.765 -122.676  177.149  127.911  -37.756  158.866   25.568    0.322436   -0.173818   -1.479190   -0.776279   -1.147026   -1.895369   -1.926609   -0.725853   -1.194474   26.615   -1.115   -8.010 S_000009
   6 N   167.952 -167.959  154.203  145.211 -155.376 -167.633   19.536  -32.174  148.043  -55.599    0.332777   -0.133501   -1.484945   -0.828850   -0.980089   -2.013944   -1.953344   -0.695714   -1.205944   33.294    1.206   -9.139 S_000009
   7 P   153.593 -174.720  175.405   87.006 -138.710  -67.800   71.797   39.975   84.634  -27.176    0.310808   -1.344282   -0.636662   -0.756981   -1.396052   -1.728260   -1.883757   -0.705854   -1.219704   40.463    1.663   -9.990 S_000009
   8 N   -74.739 -167.085   66.450  144.617 -154.188  130.603   94.184  -30.442  149.273  141.657    0.359128   -0.249561   -1.457071   -0.807965   -1.095051   -1.938301   -1.936686   -0.718207   -1.184371   46.602    2.740  -11.985 S_000009
   9 H   -85.131 -174.618   53.072   85.637    0.000    0.000   80.640   38.701   88.197   89.938    0.321367   -1.338571   -0.639234   -0.760147   -1.416919   -1.715575   -1.877354   -0.690191   -1.230595   52.313    3.871  -10.100 S_000009
SCORE:     7.119                  7.119          0          2          1    S_000010
   1 H     0.000  170.252   55.279   85.324 -167.135  -71.029   65.152   36.193   98.758  151.054    0.325009   -1.366448   -0.588606   -0.788724   -1.531494   -1.621846   -1.867806   -0.696257   -1.232994    3.794    0.984    0.238 S_000010
   2 N   -97.944  144.143  116.364  107.390 -146.299  170.116   62.722   -5.024  141.666   18.042    0.428033   -0.968284   -1.110263   -0.900109   -1.566329   -1.597061   -1.953408   -0.750813   -1.156653    9.035   -0.416   -1.990 S_000010
   3 P   137.238 -162.011  170.414   77.083 -119.762  -84.658   73.087   41.820   87.462 -160.497    0.298464   -1.398778   -0.505636   -0.747356   -1.513239   -1.613197   -1.841912   -0.717065   -1.217667   15.659    1.378   -3.411 S_000010
   4 P   -37.209  158.180   62.639   73.432 -158.795  -93.024   71.889   33.997  108.807 -123.590    0.299943   -1.469358   -0.287135   -0.855516   -1.856762   -1.216778   -1.809701   -0.815795   -1.158669   21.683    1.673   -2.840 S_000010
   5 P   -91.489 -171.862   60.190  151.408 -141.915  146.948  126.268  -35.959  150.845  170.483    0.328252   -0.054211   -1.490136   -0.790867   -0.952189   -2.007261   -1.913874   -0.676102   -1.216425   28.420    1.279   -2.944 S_000010
   6 P   -67.174 -171.745   62.212  145.145 -155.997 -106.484 -147.320  -33.164  152.851  138.237    0.344482   -0.189857   -1.476480   -0.805669   -1.076453   -1.953110   -1.941820   -0.705229   -1.199961   34.282    1.704   -4.428 S_000010
   7 P   -56.713  169.563   63.733  130.198 -145.747 -165.607  105.706  -22.591  147.628  165.119    0.387195   -0.481632   -1.393214   -0.841539   -1.246218   -1.866122   -1.947955   -0.671518   -1.217400   40.552    1.335   -5.176 S_000010
   8 P   152.375  142.031   64.415  148.128 -115.647  144.438   99.872  -37.298  156.734  -84.147    0.331499   -0.157245   -1.479366   -0.767945   -1.115352   -1.917667   -1.916635   -0.734444   -1.191645   47.651    1.867   -6.924 S_000010
   9 H   -49.576  147.400   53.290   80.533    0.000    0.000   69.842   40.813   87.763   73.049    0.301626   -1.379668   -0.562079   -0.754710   -1.473076   -1.658089   -1.866400   -0.722640   -1.209713   52.908    2.189   -7.575 S_000010
