SEQUENCE: gag
SCORE:     score    rna_stub_coord_hack       N_WC      N_NWC       N_BS description
REMARK RNA 
SCORE:     0.113                  0.113          0          0          0    S_000001
   1 H     0.000  170.252   55.279   82.709  115.592   42.878   77.083   40.643   75.212  172.936    0.312475   -1.278399   -0.769692   -0.749900   -1.194079   -1.861632   -1.912582   -0.745055   -1.193715    3.794    0.984    0.238 S_000001
   2 P   -60.812 -146.102   71.756  156.668  -78.282 -169.333  154.499  -36.879  159.613   62.580    0.318603   -0.121311   -1.484608   -0.802024   -1.070048   -1.952590   -1.947726   -0.665159   -1.220540    8.185   -1.979   -0.238 S_000001
   3 H   140.736 -143.252 -165.087   80.932    0.000    0.000   59.627   37.128   93.667  179.931    0.349984   -1.358299   -0.588498   -0.751326   -1.496822   -1.635958   -1.843695   -0.699606   -1.221350   13.848   -1.985    3.798 S_000001
SCORE:     0.110                  0.110          0          0          1    S_000002
   1 H     0.000  170.252   55.279   82.709  115.592   42.878   77.083   40.643   75.212  172.936    0.312475   -1.278399   -0.769692   -0.749900   -1.194079   -1.861632   -1.912582   -0.745055   -1.193715    3.794    0.984    0.238 S_000002
   2 P  -145.987  156.330 -171.280   97.698 -150.657  -84.135   71.724   29.301   97.426  177.190    0.377424   -1.188179   -0.884020   -0.797503   -1.265138   -1.847696   -1.920332   -0.677393   -1.214796    8.522   -2.054   -0.603 S_000002
   3 H   174.624 -135.160  145.148   86.886    0.000    0.000   55.787   31.714   96.400  -22.722    0.353572   -1.288836   -0.734869   -0.809866   -1.430771   -1.721791   -1.904990   -0.708801   -1.207597   14.086   -3.336    2.830 S_000002
SCORE:     0.117                  0.117          0          0          0    S_000003
   1 H     0.000  170.252   55.279   64.347   94.636   54.887   82.573   48.675   79.500 -172.082    0.236494   -1.446499   -0.384645   -0.709941   -1.538041   -1.581840   -1.824535   -0.742910   -1.216769    3.794    0.984    0.238 S_000003
   2 P   -81.969  -86.821 -174.157   75.787 -159.050 -146.501 -176.174   43.715   78.097  179.915    0.307460   -1.373554   -0.609335   -0.719837   -1.311569   -1.716845   -1.872270   -0.619467   -1.275353    8.689    1.285   -0.907 S_000003
   3 H   -85.523  168.428   34.113  111.608    0.000    0.000  169.948   15.088   98.505  -15.019    0.408183   -0.942549   -1.117151   -0.843750   -1.148617   -1.952209   -1.942486   -0.686329   -1.205485   14.246   -2.146    0.401 S_000003
SCORE:     0.113                  0.113          0          0          1    S_000004
   1 H     0.000  170.252   55.279   77.998  165.448  -24.180   96.823   39.824   86.801  -82.969    0.293418   -1.390990   -0.543270   -0.790005   -1.503094   -1.624688   -1.883304   -0.719786   -1.205506    3.794    0.984    0.238 S_000004
   2 P   -61.653  158.780  111.392  131.953 -117.165 -124.089  113.393  -34.124  172.369  170.567    0.367177   -0.534770   -1.378991   -0.795747   -1.498249   -1.528004   -1.900206   -0.681102   -1.220799    7.862   -1.429    0.058 S_000004
   3 H   149.645 -171.389  167.773   92.646    0.000    0.000   68.507   38.173   78.743  -25.508    0.345255   -1.238670   -0.814517   -0.745773   -1.164638   -1.877016   -1.904538   -0.720105   -1.198041   14.454   -2.543    2.684 S_000004
SCORE:     0.116                  0.116          0          0          0    S_000005
   1 H     0.000  170.252   55.279   79.346  178.004  -77.671   88.583   38.160   94.913  -71.734    0.306672   -1.417741   -0.457570   -0.786316   -1.636105   -1.499876   -1.844700   -0.745495   -1.194232    3.794    0.984    0.238 S_000005
   2 P    95.862 -150.045 -177.753  145.463 -163.746 -130.631  132.028  -25.964  134.716  -54.064    0.372792   -0.139680   -1.476267   -0.836576   -0.849905   -2.078892   -1.921957   -0.718372   -1.188673    8.695   -0.887   -0.897 S_000005
   3 H   -70.311  174.542   51.448   84.612    0.000    0.000   86.757   40.096   90.086  -22.445    0.298708   -1.379209   -0.572854   -0.769022   -1.483461   -1.662647   -1.871194   -0.699376   -1.227501   13.974   -0.779    3.014 S_000005
SCORE:     0.117                  0.117          0          0          0    S_000006
   1 H     0.000  170.252   55.279   75.004 -176.596  -67.060   97.203   36.453   98.243  -74.175    0.317633   -1.433700   -0.432904   -0.799551   -1.704739   -1.446481   -1.872883   -0.812151   -1.145252    3.794    0.984    0.238 S_000006
   2 P    61.624 -141.782 -174.413  146.420 -158.775 -155.643  149.108  -35.909  158.099  -48.095    0.343332   -0.217723   -1.469254   -0.774158   -1.168908   -1.890695   -1.927117   -0.730541   -1.197048    8.240   -0.761   -0.693 S_000006
   3 H   -69.714  170.711   60.171   72.600    0.000    0.000   67.111   45.237   87.573  179.903    0.258514   -1.457749   -0.379801   -0.745595   -1.608653   -1.527009   -1.858079   -0.761358   -1.197858   14.197   -0.731    2.023 S_000006
SCORE:     0.119                  0.119          0          0          0    S_000007
   1 H     0.000  170.252   55.279   92.806   61.511   19.411  146.953    6.793  131.621 -110.100    0.435793   -1.127796   -0.934629   -0.873161   -1.609943   -1.562353   -1.924958   -0.752337   -1.174484    3.794    0.984    0.238 S_000007
   2 P    51.708  166.016  165.802  144.117 -158.911  172.559 -116.298  -36.379  164.491  -35.030    0.332415   -0.279857   -1.462557   -0.789069   -1.253212   -1.810639   -1.936782   -0.713043   -1.201460    7.958    0.089    1.501 S_000007
   3 H   -67.054  168.296   56.153   80.039    0.000    0.000   76.755   39.714   94.404  -18.968    0.290659   -1.414520   -0.477283   -0.787188   -1.591140   -1.549846   -1.830110   -0.688404   -1.231471   13.682   -1.688    3.454 S_000007
SCORE:     0.117                  0.117          0          0          0    S_000008
   1 H     0.000  170.252   55.279   70.484  179.048  -66.751   90.685   42.524   98.454  -80.011    0.246552   -1.493106   -0.170218   -0.797395   -1.846513   -1.231854   -1.762534   -0.796037   -1.194551    3.794    0.984    0.238 S_000008
   2 P    66.688 -144.704 -163.902  148.105 -139.268 -155.489  -41.230  -37.998  156.482 -171.186    0.307073   -0.167585   -1.483056   -0.788817   -1.141272   -1.898846   -1.932231   -0.728804   -1.188714    8.335   -0.488   -0.765 S_000008
   3 H   139.507 -153.347 -165.326   78.763    0.000    0.000   58.157   36.232   98.043  -23.266    0.318409   -1.380173   -0.564149   -0.798541   -1.556782   -1.592353   -1.856398   -0.698778   -1.229185   14.039   -1.196    3.339 S_000008
SCORE:     0.113                  0.113          0          0          0    S_000009
   1 H     0.000  170.252   55.279  106.170   75.955   -1.312  164.441   -3.140  135.043 -170.108    0.445626   -0.858437   -1.186027   -0.869478   -1.382080   -1.770539   -1.947288   -0.687305   -1.199117    3.794    0.984    0.238 S_000009
   2 P   139.901 -101.394 -178.561  141.920 -123.942 -144.089   80.191  -30.931  156.102   31.126    0.358691   -0.354753   -1.434289   -0.818117   -1.244867   -1.828128   -1.948415   -0.714488   -1.176518    8.006   -1.070    1.150 S_000009
   3 H   -56.573  166.956   53.274   86.001    0.000    0.000   75.241   36.769   94.186  -19.810    0.322227   -1.357035   -0.606566   -0.786571   -1.493839   -1.650179   -1.875918   -0.693721   -1.223571    9.416   -6.543    4.585 S_000009
SCORE:     0.107                  0.107          0          0          0    S_000010
   1 H     0.000  170.252   55.279   78.970  169.543  -66.063   83.601   37.588   94.199  -58.582    0.307541   -1.376375   -0.572227   -0.797780   -1.531618   -1.631889   -1.860504   -0.682157   -1.237147    3.794    0.984    0.238 S_000010
   2 P    95.862 -150.045 -177.753  145.463 -163.746 -130.631  132.028  -25.964  134.716  -54.064    0.372792   -0.139680   -1.476267   -0.836576   -0.849905   -2.078892   -1.921957   -0.718372   -1.188673    8.472   -0.994   -0.403 S_000010
   3 H   -77.797  149.493   88.438   72.921    0.000    0.000   65.145   41.312   95.915  -20.854    0.255444   -1.472171   -0.342892   -0.800189   -1.701652   -1.405511   -1.795901   -0.705060   -1.233161   12.802   -0.845    4.080 S_000010
