SEQUENCE: gaaaaaaaag
SCORE:     score    rna_stub_coord_hack       N_WC      N_NWC       N_BS description
REMARK RNA 
SCORE:    12.619                 12.619          0          0          0    S_000001
   1 H     0.000  170.252   55.279   84.655 -163.856   81.128   91.868   36.369   88.214  165.962    0.332667   -1.318381   -0.698889   -0.781687   -1.395274   -1.747622   -1.898688   -0.695480   -1.220662    3.794    0.984    0.238 S_000001
   2 P    68.538  167.213 -173.924   83.974 -172.672  -89.084  109.402   36.411   93.428  -17.431    0.327762   -1.350952   -0.618290   -0.783060   -1.493810   -1.662168   -1.884309   -0.717844   -1.208533    1.985   -0.188   -5.301 S_000001
   3 N   167.952 -167.959  154.203  145.211 -155.376 -167.633   19.536  -32.174  148.043  -55.599    0.332777   -0.133501   -1.484945   -0.828850   -0.980089   -2.013944   -1.953344   -0.695714   -1.205944   -1.960    1.297  -10.507 S_000001
   4 P   147.134 -168.848  174.551   84.578 -147.110  -72.890   70.254   33.977   96.687  -24.297    0.349584   -1.331002   -0.659733   -0.788648   -1.484050   -1.669911   -1.886169   -0.707459   -1.211906   -7.678    0.103  -14.670 S_000001
   5 N  -174.783  120.716  177.399  150.472 -127.479 -150.643  -46.738  -38.379  156.036  172.165    0.295515   -0.075973   -1.493365   -0.801078   -1.032701   -1.963612   -1.942754   -0.690149   -1.211052  -13.841    0.009  -17.925 S_000001
   6 P   -76.171 -175.240   50.603   79.359 -153.704  -73.430   78.015   39.338   93.105 -150.197    0.298812   -1.412065   -0.486084   -0.782601   -1.590734   -1.554606   -1.858443   -0.728719   -1.210451  -17.353   -0.346  -23.801 S_000001
   7 P   -82.065 -169.133  159.105  130.152 -118.962 -131.679  102.280  -28.889  151.726  167.282    0.365724   -0.408328   -1.424356   -0.816562   -1.273284   -1.838067   -1.942577   -0.701107   -1.207967  -22.036    2.243  -27.586 S_000001
   8 P    97.873 -130.195 -151.056   83.286 -141.425  -66.756   82.171   38.371   90.585  159.835    0.327039   -1.349192   -0.598687   -0.756801   -1.456800   -1.662317   -1.850497   -0.666026   -1.241665  -25.002    2.783  -33.128 S_000001
   9 P   -67.799 -146.390   61.351  138.077 -111.780  179.539  136.456  -32.975  164.412   24.654    0.345876   -0.486313   -1.408181   -0.813296   -1.436410   -1.666158   -1.937060   -0.759364   -1.169281  -28.213    4.853  -38.558 S_000001
  10 H   -74.289 -178.065   69.153   82.739    0.000    0.000   69.016   30.254  111.334    3.861    0.318612   -1.421526   -0.461016   -0.876046   -1.758185   -1.363154   -1.883664   -0.795118   -1.152642  -32.882    4.906  -43.012 S_000001
SCORE:    12.735                 12.735          0          0          2    S_000002
   1 H     0.000  170.252   55.279   79.011 -127.919   66.492   96.752   38.713   89.207  -19.425    0.305027   -1.395099   -0.538150   -0.780689   -1.554209   -1.604851   -1.892459   -0.788691   -1.175966    3.794    0.984    0.238 S_000002
   2 N   154.001 -151.352 -179.891   82.407 -120.265  -97.432   73.456   36.108   93.428  -28.641    0.344713   -1.332998   -0.644622   -0.766566   -1.453473   -1.682803   -1.865678   -0.702813   -1.218244    0.694    0.750   -4.348 S_000002
   3 N   -89.818 -167.844   59.639  153.827 -136.181  139.150  132.646  -37.935  153.424  148.810    0.316975    0.019676   -1.487882   -0.777948   -0.895329   -2.038770   -1.920246   -0.652799   -1.237878   -4.220   -0.910   -9.076 S_000002
   4 N    47.692  107.597   62.787   75.832   99.765   58.270   92.800   34.984   99.650  -96.101    0.338555   -1.364795   -0.612639   -0.792586   -1.532168   -1.630432   -1.878706   -0.715376   -1.215413   -7.866   -2.194  -14.108 S_000002
   5 P   166.978  176.904  177.152   84.171 -133.729  -88.107   85.510   32.221   98.769  169.890    0.360736   -1.323192   -0.665088   -0.794830   -1.503909   -1.648578   -1.883310   -0.724059   -1.201750  -11.782   -5.480  -18.002 S_000002
   6 P  -127.098 -118.371 -175.896   81.208  178.526  -67.112   87.047   27.341  111.615  177.088    0.350710   -1.380316   -0.536550   -0.864500   -1.712024   -1.401043   -1.876825   -0.710853   -1.179871  -17.178   -5.396  -22.718 S_000002
   7 P   166.978  176.904  177.152   84.171 -133.729  -88.107   85.510   32.221   98.769  169.890    0.360736   -1.323192   -0.665088   -0.794830   -1.503909   -1.648578   -1.883310   -0.724059   -1.201750  -22.050   -6.141  -26.941 S_000002
   8 P   -59.558 -176.941   36.665   81.662 -175.085  -81.462   90.073   33.761   97.456  161.531    0.327447   -1.350587   -0.634773   -0.825277   -1.512573   -1.632960   -1.897416   -0.704879   -1.194098  -27.345   -6.624  -30.792 S_000002
   9 P   -36.918 -153.877   53.859  147.355 -138.787 -139.139  153.593  -34.813  154.010  100.837    0.332148   -0.170995   -1.476134   -0.798376   -1.082609   -1.936969   -1.934460   -0.703444   -1.197882  -31.399   -5.711  -35.147 S_000002
  10 H   -62.208  166.060   61.748   86.247    0.000    0.000   73.175   46.393   89.717  175.954    0.348945   -1.374399   -0.543246   -0.626245   -1.338625   -1.702422   -1.842817   -0.694144   -1.221941  -35.555   -5.776  -40.238 S_000002
SCORE:    13.202                 13.202          0          1          2    S_000003
   1 H     0.000  170.252   55.279  142.881  -79.610 -143.703  124.282  -36.549  159.926   28.453    0.324692   -0.296193   -1.457534   -0.787971   -1.276574   -1.807930   -1.936831   -0.747233   -1.180213    3.794    0.984    0.238 S_000003
   2 P   179.820 -143.727  142.769   86.515 -135.487  -69.630   55.695   27.873  103.685  -20.135    0.383125   -1.254649   -0.787744   -0.810853   -1.432803   -1.722782   -1.892272   -0.684756   -1.215503    8.500    0.927   -5.044 S_000003
   3 P   -83.459 -169.228   58.253   83.358   52.826  125.135  129.335   18.604  127.801   57.716    0.383809   -1.280962   -0.739637   -0.899868   -1.635654   -1.494238   -1.869344   -0.658307   -1.238128    8.672    2.525  -11.479 S_000003
   4 N   167.952 -167.959  154.203  145.211 -155.376 -167.633   19.536  -32.174  148.043  -55.599    0.332777   -0.133501   -1.484945   -0.828850   -0.980089   -2.013944   -1.953344   -0.695714   -1.205944    9.359    6.285  -17.228 S_000003
   5 N   -96.944 -118.522  -60.053   95.328 -169.007  -65.789  -56.173   25.207   99.159  -68.654    0.390123   -1.172867   -0.899301   -0.826723   -1.327873   -1.819425   -1.929240   -0.701191   -1.205209    9.575    7.747  -24.170 S_000003
   6 N   -54.846  168.319   55.099   88.569 -157.038  -99.261   90.833   30.172  103.661  179.907    0.367701   -1.292969   -0.730351   -0.800342   -1.476327   -1.692529   -1.878263   -0.683268   -1.229139   10.370   11.402  -28.416 S_000003
   7 P   171.747  153.395  159.041  148.712 -150.900 -143.856  163.298  -31.676  141.216  -34.261    0.335662   -0.099384   -1.482186   -0.823846   -0.920479   -2.044532   -1.934389   -0.708140   -1.198506   10.230   17.074  -32.750 S_000003
   8 N   -82.271  172.114   71.616   80.521 -160.375  -99.196   70.829   44.016   88.946  179.870    0.249433   -1.421755   -0.466358   -0.764929   -1.531784   -1.596253   -1.827971   -0.670077   -1.241417   10.566   20.429  -38.566 S_000003
   9 P  -173.910 -150.992  149.500  127.998 -128.911 -142.558   91.482   -6.193  136.127   15.787    0.408280   -0.788743   -1.262842   -0.923571   -1.317920   -1.806812   -1.984235   -0.740556   -1.116661    9.358   25.465  -43.216 S_000003
  10 H   -70.638  179.216   55.055   82.102    0.000    0.000   77.924   39.381   90.950  179.918    0.310579   -1.373156   -0.565581   -0.766380   -1.490445   -1.644082   -1.859846   -0.686751   -1.234575    7.766   28.903  -48.879 S_000003
SCORE:    12.617                 12.617          0          0          0    S_000004
   1 H     0.000  170.252   55.279  140.769 -134.611  114.781  125.030  -26.222  158.879  114.873    0.414887   -0.264459   -1.431683   -0.791519   -1.028715   -1.944933   -1.940602   -0.699635   -1.208637    3.794    0.984    0.238 S_000004
   2 P  -133.749 -135.407  144.310  130.845 -116.303 -178.649  121.579  -35.275  165.934  163.039    0.368044   -0.566274   -1.363413   -0.770648   -1.563835   -1.500435   -1.902733   -0.799223   -1.154475    6.973    3.270   -4.946 S_000004
   3 P   105.521  156.804  148.628  159.247 -128.125 -110.056   82.304  -40.995  149.473 -171.489    0.270028    0.135892   -1.494581   -0.790297   -0.798343   -2.074916   -1.911233   -0.674598   -1.221385    6.302    8.003  -10.283 S_000004
   4 P  -171.138 -159.674  155.788   87.190 -128.050 -166.775   84.303   35.145   89.823 -155.916    0.321597   -1.298553   -0.720453   -0.812913   -1.374949   -1.752188   -1.910608   -0.679834   -1.214896    9.489   11.827  -15.504 S_000004
   5 N   119.074  135.852   60.717  141.820 -154.841  107.505  125.278  -27.904  155.082  149.517    0.403495   -0.184609   -1.465379   -0.800275   -0.959079   -1.996619   -1.928522   -0.720662   -1.193543    8.862   15.299  -21.922 S_000004
   6 P   102.711  150.219 -166.898   83.141 -124.488  -71.574   78.083   39.889   89.669  -18.409    0.298935   -1.385993   -0.543083   -0.774643   -1.511183   -1.627544   -1.857032   -0.685755   -1.232354   11.831   20.999  -23.594 S_000004
   7 N   166.417 -156.689  162.873   86.483 -106.467  -81.902   61.475   36.237   84.579 -172.819    0.349934   -1.244415   -0.797356   -0.765578   -1.234940   -1.848206   -1.909593   -0.707790   -1.205054   11.834   24.652  -29.013 S_000004
   8 P  -112.908   84.497  170.464   87.540 -125.413  -77.907   63.669   39.166   84.620  -18.286    0.329033   -1.302810   -0.708279   -0.747225   -1.310337   -1.791840   -1.895668   -0.719297   -1.206481   10.117   26.878  -34.449 S_000004
   9 P  -154.050  145.148  124.520   89.904 -156.931 -129.437   98.571   22.752  116.377   53.243    0.366115   -1.304268   -0.738772   -0.890164   -1.596323   -1.568220   -1.925176   -0.727709   -1.180955    9.491   31.082  -39.926 S_000004
  10 H   -65.900  178.391   58.119   76.053    0.000    0.000   72.838   40.032   95.928  179.900    0.280875   -1.445803   -0.395481   -0.796071   -1.674283   -1.460282   -1.833391   -0.736125   -1.210769    8.528   35.446  -44.829 S_000004
SCORE:    12.163                 12.163          0          0          1    S_000005
   1 H     0.000  170.252   55.279   94.448 -128.696   74.712  -43.359   27.430  103.185  -20.217    0.351600   -1.257597   -0.793124   -0.857860   -1.430422   -1.714364   -1.948010   -0.731096   -1.179049    3.794    0.984    0.238 S_000005
   2 P   -67.601  173.259   58.690  157.464 -135.211 -147.785  162.259  -40.470  165.113 -137.280    0.315507    0.031025   -1.496384   -0.749112   -0.932260   -1.997702   -1.908468   -0.713312   -1.224472    0.956    0.997   -3.246 S_000005
   3 P   149.773 -156.144  176.474   82.777 -155.799  -84.417   85.097   38.273   91.188  109.933    0.325799   -1.359624   -0.601698   -0.762572   -1.475146   -1.669392   -1.863222   -0.693642   -1.226962   -3.762    2.760   -8.338 S_000005
   4 P    66.130  155.881  -61.655  144.963 -144.838 -142.478 -172.796  -32.612  150.588   99.950    0.350612   -0.202099   -1.471910   -0.803603   -1.079357   -1.943498   -1.930262   -0.705946   -1.190799   -6.001    4.782  -13.765 S_000005
   5 P   -63.250  175.683   65.794  149.949 -131.110 -149.590  116.670  -46.360  165.701  151.659    0.291047   -0.023190   -1.497427   -0.685692   -1.116595   -1.889345   -1.874813   -0.741826   -1.205416   -9.413    6.038  -19.341 S_000005
   6 P  -166.924 -154.036  159.889   90.332 -178.658 -136.635   73.477   26.413  115.255    3.673    0.345049   -1.323606   -0.689620   -0.882069   -1.572952   -1.568229   -1.923026   -0.712384   -1.176451  -13.752    6.287  -25.286 S_000005
   7 P   139.421   99.903  167.645   88.729 -152.217  -69.641   88.735   35.678   89.523  177.526    0.326064   -1.301859   -0.702283   -0.796219   -1.383460   -1.739469   -1.902064   -0.690550   -1.208633  -18.885    8.512  -29.864 S_000005
   8 N   154.453 -138.292  168.142   87.170  -91.684 -131.245   70.959   30.507  104.033  -13.126    0.352127   -1.329675   -0.667614   -0.827063   -1.539136   -1.622829   -1.893458   -0.701079   -1.209808  -21.030    9.379  -35.634 S_000005
   9 P   -56.713  169.563   63.733  130.198 -145.747 -165.607  105.706  -22.591  147.628  165.119    0.387195   -0.481632   -1.393214   -0.841539   -1.246218   -1.866122   -1.947955   -0.671518   -1.217400  -22.946   10.050  -42.084 S_000005
  10 H   -66.622  172.053   54.678   81.079    0.000    0.000   78.803   42.672   89.186  -28.706    0.309577   -1.395135   -0.525115   -0.712522   -1.498227   -1.648213   -1.815419   -0.697011   -1.238098  -26.459   10.969  -47.496 S_000005
SCORE:    12.914                 12.914          0          0          1    S_000006
   1 H     0.000  170.252   55.279   89.900 -134.214   89.339  155.905   35.258   93.116  -16.928    0.334438   -1.322279   -0.672807   -0.792056   -1.435230   -1.700804   -1.896486   -0.699970   -1.208139    3.794    0.984    0.238 S_000006
   2 P   152.804  179.450  178.912   87.198 -154.572  -78.725   73.493   37.836   90.078  169.479    0.323288   -1.361977   -0.597100   -0.768408   -1.488119   -1.654360   -1.884994   -0.739724   -1.191211    1.781    1.497   -5.412 S_000006
   3 P  -128.384  113.180  162.852   86.269 -121.412  -87.458   58.577   34.811   87.922  -17.940    0.354485   -1.288841   -0.734645   -0.775911   -1.359654   -1.760900   -1.893358   -0.695028   -1.213425   -2.647    1.074   -9.895 S_000006
   4 N   163.087  146.437  171.423   86.530 -122.756  -89.393   58.024   30.220  107.185   -5.480    0.342559   -1.360757   -0.605786   -0.843709   -1.609006   -1.540115   -1.865051   -0.695465   -1.212078   -7.329   -0.674  -14.980 S_000006
   5 P   164.719  138.825   51.610  150.951 -107.830  169.464  112.009  -38.147  157.146  -49.999    0.320580   -0.126346   -1.483354   -0.773408   -1.094210   -1.927220   -1.922725   -0.726119   -1.194230   -7.985   -0.875  -22.117 S_000006
   6 P   161.096 -117.308 -175.607   79.389   90.284   60.680   91.397   32.771  101.995  116.120    0.352162   -1.329053   -0.682398   -0.805728   -1.480286   -1.673040   -1.896360   -0.695966   -1.213859  -13.395    0.166  -26.371 S_000006
   7 N   164.114 -143.850   48.568  121.062    5.595  170.457   90.622  -18.307  133.516  126.945    0.445744   -0.234249   -1.436375   -0.807219   -0.810477   -2.072995   -1.923504   -0.649086   -1.229001  -18.036   -0.046  -30.964 S_000006
   8 P   -56.602  169.819   59.880  148.016 -135.011  178.478  120.148  -32.889  143.708  -19.080    0.344597   -0.101549   -1.481717   -0.800183   -0.950280   -2.028627   -1.919452   -0.736545   -1.187799  -20.955    3.824  -35.301 S_000006
   9 P   161.654 -159.092  171.013   84.543 -126.618  -54.084   61.531   37.151   92.130  -16.633    0.323967   -1.352421   -0.604691   -0.779216   -1.486332   -1.656893   -1.874092   -0.698570   -1.221323  -25.570    5.799  -40.429 S_000006
  10 H   -43.595  155.028   52.984   75.294    0.000    0.000   70.308   38.727   95.751  -22.863    0.311397   -1.407690   -0.496665   -0.776931   -1.583158   -1.554402   -1.849711   -0.725831   -1.214891  -27.801    5.250  -45.379 S_000006
SCORE:    13.535                 13.535          0          0          0    S_000007
   1 H     0.000  170.252   55.279  160.943 -147.872  126.672 -163.562  -35.919  142.549  165.837    0.305951    0.237954   -1.475077   -0.819944   -0.542147   -2.158843   -1.883029   -0.652155   -1.236148    3.794    0.984    0.238 S_000007
   2 N  -148.162  164.915  118.385  145.355 -109.323 -178.043  158.161  -25.949  134.973  153.436    0.357113   -0.162484   -1.477571   -0.854725   -0.883260   -2.080780   -1.943630   -0.688761   -1.201220    8.392    3.081   -3.573 S_000007
   3 P  -173.910 -150.992  149.500  127.998 -128.911 -142.558   91.482   -6.193  136.127   15.787    0.408280   -0.788743   -1.262842   -0.923571   -1.317920   -1.806812   -1.984235   -0.740556   -1.116661   11.330    7.792   -8.140 S_000007
   4 P   -39.386  143.183   66.348  128.814 -146.508  -87.217   73.642  -27.279  153.460   14.549    0.385538   -0.533763   -1.385414   -0.820177   -1.402552   -1.735938   -1.940365   -0.748786   -1.168511   13.661   12.435  -11.534 S_000007
   5 P   -68.233  177.052   56.656   79.919 -144.714  -69.292   75.857   41.215   91.257 -141.775    0.282637   -1.415107   -0.476650   -0.771154   -1.567239   -1.569631   -1.854192   -0.720929   -1.211766   17.359   15.281  -16.003 S_000007
   6 P   -56.728 -135.352   55.393  149.224 -123.136 -178.792  170.161  -35.689  154.774   66.233    0.315626   -0.082044   -1.489922   -0.809591   -0.984964   -1.998443   -1.944815   -0.676804   -1.231013   17.784   18.108  -21.916 S_000007
   7 P   -81.248  -79.124  -92.533   88.944 -152.100  -67.094  117.492   30.846  100.925  -15.253    0.333938   -1.334217   -0.674318   -0.849778   -1.523527   -1.630599   -1.925251   -0.726065   -1.180197   21.510   22.177  -24.395 S_000007
   8 P   158.826 -169.008  173.563   83.353 -105.114  -66.588   66.987   35.570   92.210  -13.365    0.345282   -1.310374   -0.699179   -0.777224   -1.402515   -1.739380   -1.888738   -0.689545   -1.219446   24.674   27.003  -27.499 S_000007
   9 P   -67.799 -146.390   61.351  138.077 -111.780  179.539  136.456  -32.975  164.412   24.654    0.345876   -0.486313   -1.408181   -0.813296   -1.436410   -1.666158   -1.937060   -0.759364   -1.169281   25.232   30.407  -33.160 S_000007
  10 H   -62.269  177.177   47.213   72.001    0.000    0.000   85.809   47.246   81.132  179.901    0.254193   -1.412400   -0.493052   -0.719140   -1.437049   -1.680603   -1.830053   -0.650128   -1.271455   26.665   34.792  -37.532 S_000007
SCORE:    13.251                 13.251          0          0          0    S_000008
   1 H     0.000  170.252   55.279  129.183  -59.824 -134.789  124.006  -22.764  155.078  123.510    0.396802   -0.470087   -1.391613   -0.845171   -1.236091   -1.853645   -1.943051   -0.649404   -1.220917    3.794    0.984    0.238 S_000008
   2 P   -58.833 -148.541  -52.595  157.427 -126.832 -148.442  -44.763  -42.415  161.288 -172.839    0.289174    0.057049   -1.493331   -0.752739   -0.939176   -1.992657   -1.909169   -0.662711   -1.231118    8.688    1.637   -4.476 S_000008
   3 P   168.992 -156.630  174.212   86.705 -137.197 -119.664  108.197   33.640   99.366  -15.229    0.329923   -1.352776   -0.624135   -0.819988   -1.531632   -1.621327   -1.886817   -0.697388   -1.214338    8.527    2.664  -11.694 S_000008
   4 P  -130.788 -163.391   60.253  137.194  -84.478  178.278  164.096  -28.816  150.256   14.607    0.370898   -0.357755   -1.431390   -0.817294   -1.207939   -1.869509   -1.942881   -0.701390   -1.197150    7.512    6.233  -17.980 S_000008
   5 P   -56.602  169.819   59.880  148.016 -135.011  178.478  120.148  -32.889  143.708  -19.080    0.344597   -0.101549   -1.481717   -0.800183   -0.950280   -2.028627   -1.919452   -0.736545   -1.187799    5.392    8.174  -23.566 S_000008
   6 P   -63.532  158.625   51.715   78.892 -143.412  -74.445   72.647   40.384   93.732  -24.064    0.289655   -1.418623   -0.460332   -0.776352   -1.599459   -1.540979   -1.835501   -0.705025   -1.228632    5.762   11.198  -28.908 S_000008
   7 P  -133.749 -135.407  144.310  130.845 -116.303 -178.649  121.579  -35.275  165.934  163.039    0.368044   -0.566274   -1.363413   -0.770648   -1.563835   -1.500435   -1.902733   -0.799223   -1.154475    3.016   16.502  -32.610 S_000008
   8 P   140.004 -161.511  172.648   87.535 -135.875 -127.774  -63.089   27.673  113.365  -21.649    0.351703   -1.359808   -0.617725   -0.860422   -1.647064   -1.511100   -1.888219   -0.728269   -1.197425    0.796   20.850  -37.747 S_000008
   9 N   175.955  162.698   52.686  156.851  -87.871  145.742  108.849  -43.567  155.528  -50.089    0.284062    0.107216   -1.494132   -0.739501   -0.895252   -2.027086   -1.878627   -0.742814   -1.196508    1.187   25.655  -43.283 S_000008
  10 H   -62.220  166.084   58.864   78.848    0.000    0.000   69.709   42.701   88.788  -20.494    0.284358   -1.414544   -0.496056   -0.751514   -1.520882   -1.614300   -1.857902   -0.729038   -1.209250    0.824   28.353  -48.038 S_000008
SCORE:    11.706                 11.706          0          0          1    S_000009
   1 H     0.000  170.252   55.279  145.726 -150.795  121.278  149.400  -38.180  161.115  128.328    0.316445   -0.203518   -1.476993   -0.778904   -1.192472   -1.862922   -1.932964   -0.736934   -1.190189    3.794    0.984    0.238 S_000009
   2 P   -56.713  169.563   63.733  130.198 -145.747 -165.607  105.706  -22.591  147.628  165.119    0.387195   -0.481632   -1.393214   -0.841539   -1.246218   -1.866122   -1.947955   -0.671518   -1.217400    6.647    3.721   -3.578 S_000009
   3 N   157.145 -163.917  174.973   85.284 -142.049  -62.916   56.069   36.462   95.226  -12.466    0.332555   -1.353240   -0.602362   -0.777665   -1.501272   -1.643383   -1.863406   -0.688084   -1.230329    7.729    7.987   -9.310 S_000009
   4 P  -133.749 -135.407  144.310  130.845 -116.303 -178.649  121.579  -35.275  165.934  163.039    0.368044   -0.566274   -1.363413   -0.770648   -1.563835   -1.500435   -1.902733   -0.799223   -1.154475   10.246    9.709  -15.508 S_000009
   5 N  -175.892  156.188  156.478   83.886 -138.147  -59.561   62.396   30.267  100.304  -18.903    0.356262   -1.310652   -0.690545   -0.814152   -1.515858   -1.645970   -1.890391   -0.720789   -1.206949   12.975   14.424  -19.866 S_000009
   6 P   -62.475 -176.348   69.107  119.999 -164.259 -105.060  105.218  -11.541  141.399  111.919    0.438325   -0.704415   -1.281096   -0.855996   -1.329138   -1.799881   -1.941660   -0.687316   -1.191323   15.085   18.381  -24.134 S_000009
   7 P  -160.249  166.068  171.487   91.115 -136.630 -101.713   76.539   34.876   95.142  175.357    0.323572   -1.335492   -0.650661   -0.813480   -1.473315   -1.673547   -1.901744   -0.711585   -1.198626   16.734   21.700  -30.119 S_000009
   8 N   167.952 -167.959  154.203  145.211 -155.376 -167.633   19.536  -32.174  148.043  -55.599    0.332777   -0.133501   -1.484945   -0.828850   -0.980089   -2.013944   -1.953344   -0.695714   -1.205944   18.250   26.191  -35.351 S_000009
   9 P   144.301 -177.457  168.047  118.394  -83.727 -174.250   12.230  -18.258  135.328  -56.346    0.460209   -0.247345   -1.424070   -0.790326   -0.836688   -2.081905   -1.909305   -0.651561   -1.235348   19.948   28.708  -41.890 S_000009
  10 H   -65.344 -173.018   48.844   81.914    0.000    0.000   78.158   35.194   97.011  -62.256    0.325523   -1.348928   -0.622743   -0.796903   -1.503190   -1.639810   -1.865411   -0.689710   -1.218111   22.393   33.439  -45.652 S_000009
SCORE:    13.111                 13.111          0          0          1    S_000010
   1 H     0.000  170.252   55.279  115.386 -110.876   62.778  106.720  -15.167  148.845    2.881    0.421442   -0.753672   -1.271996   -0.855893   -1.461097   -1.705731   -1.960090   -0.726764   -1.187763    3.794    0.984    0.238 S_000010
   2 P  -172.604  161.126  159.864  155.138 -101.607 -139.360  -48.863  -40.948  155.621   78.591    0.319081    0.026124   -1.484098   -0.731166   -0.944630   -1.986654   -1.887978   -0.700564   -1.211859    1.946    2.569   -4.265 S_000010
   3 N   110.156 -126.462  169.527   82.352 -106.437  -93.620   41.726   33.012   99.776  -22.121    0.350217   -1.336391   -0.649061   -0.802589   -1.515498   -1.645310   -1.888690   -0.707400   -1.211162   -2.249    5.108   -8.487 S_000010
   4 N  -161.912  144.831  163.138   87.020 -163.361  -72.898   66.879   36.893   92.007  -14.838    0.313333   -1.374187   -0.573869   -0.796398   -1.534179   -1.616031   -1.894495   -0.762736   -1.174099   -3.232    6.091  -15.430 S_000010
   5 P   -51.366  159.456   57.860   97.555  162.044 -150.575  116.893   13.664  118.090  -85.317    0.420194   -1.081106   -1.003611   -0.869052   -1.395608   -1.775530   -1.933883   -0.679967   -1.200976   -4.205    8.016  -20.638 S_000010
   6 P   171.747  153.395  159.041  148.712 -150.900 -143.856  163.298  -31.676  141.216  -34.261    0.335662   -0.099384   -1.482186   -0.823846   -0.920479   -2.044532   -1.934389   -0.708140   -1.198506   -6.357   10.961  -26.793 S_000010
   7 P  -130.788 -163.391   60.253  137.194  -84.478  178.278  164.096  -28.816  150.256   14.607    0.370898   -0.357755   -1.431390   -0.817294   -1.207939   -1.869509   -1.942881   -0.701390   -1.197150  -10.046   14.228  -32.165 S_000010
   8 N  -173.868 -178.616  179.685   86.902 -146.045  -72.431   81.778   39.756   88.577  -12.629    0.302540   -1.355778   -0.621490   -0.770300   -1.422934   -1.707921   -1.886028   -0.702878   -1.216575  -11.142   17.971  -37.915 S_000010
   9 P   -59.635 -160.120   48.664  147.679  -98.057 -148.024  -46.170  -37.674  158.172 -162.643    0.328942   -0.194641   -1.477977   -0.765558   -1.170944   -1.888938   -1.920786   -0.746690   -1.186433  -12.949   18.879  -44.074 S_000010
  10 H   -74.965 -168.509   46.106   82.166    0.000    0.000   87.550   37.008   92.271 -140.088    0.329641   -1.354943   -0.607957   -0.773179   -1.491174   -1.657754   -1.873455   -0.707747   -1.215686  -14.801   18.513  -50.737 S_000010
