SEQUENCE: gaag
SCORE:     score    rna_stub_coord_hack       N_WC      N_NWC       N_BS description
REMARK RNA 
SCORE:     0.000                  0.000          0          0          2    S_000001
   1 H     0.000  170.252   55.279   91.024 -143.625  -65.691   59.692   33.343   93.123  -15.632    0.345075   -1.267966   -0.766238   -0.804245   -1.343142   -1.774336   -1.910189   -0.667519   -1.216486    3.794    0.984    0.238 S_000001
   2 P   -63.184  173.925   50.451   82.380 -136.608  -63.002   87.993   39.558   90.300  -25.160    0.311739   -1.379347   -0.558919   -0.761556   -1.503204   -1.640579   -1.863653   -0.708894   -1.221439    7.984   -2.510   -2.525 S_000001
   3 P   102.711  150.219 -166.898   83.141 -124.488  -71.574   78.083   39.889   89.669  -18.409    0.298935   -1.385993   -0.543083   -0.774643   -1.511183   -1.627544   -1.857032   -0.685755   -1.232354    5.764   -6.804   -6.758 S_000001
   4 H   -64.943  170.333   51.726   79.664    0.000    0.000   83.866   39.165   94.231  -21.990    0.309601   -1.398060   -0.513571   -0.768867   -1.559249   -1.580781   -1.848559   -0.711554   -1.221001   -0.167   -8.281   -8.127 S_000001
SCORE:     0.000                  0.000          0          1          0    S_000002
   1 H     0.000  170.252   55.279   97.281 -141.691  -62.334   73.012   36.908   83.018  -15.613    0.305015   -1.179916   -0.921057   -0.798905   -1.066324   -1.968585   -1.932705   -0.638308   -1.240127    3.794    0.984    0.238 S_000002
   2 N   -62.073  163.808   57.464   85.550 -111.970  -98.809   89.006   31.517  104.171 -167.342    0.343515   -1.321429   -0.677456   -0.820934   -1.514610   -1.654160   -1.878842   -0.689249   -1.219983    7.582   -2.824   -2.195 S_000002
   3 N    81.810   96.399  179.737  138.491 -124.187  -94.581  129.145  -33.210  159.316 -113.260    0.341602   -0.402280   -1.434480   -0.812094   -1.345353   -1.762200   -1.942816   -0.721506   -1.192058    6.091   -5.447   -7.658 S_000002
   4 H    72.672  153.211  -56.621   94.751    0.000    0.000   87.909   36.657   82.245  -18.947    0.342701   -1.207034   -0.863654   -0.765139   -1.130487   -1.909080   -1.915445   -0.689710   -1.217357   -0.020   -7.740   -7.973 S_000002
SCORE:     0.000                  0.000          0          1          3    S_000003
   1 H     0.000  170.252   55.279   80.755 -144.754  -69.806   78.010   41.708   88.061   81.708    0.293330   -1.394964   -0.532297   -0.754405   -1.497268   -1.642378   -1.861810   -0.711549   -1.221815    3.794    0.984    0.238 S_000003
   2 N   -68.304  168.400   50.843   89.668 -133.894  -59.002   64.392   33.907   93.247 -165.193    0.344934   -1.287117   -0.741800   -0.799048   -1.371714   -1.756838   -1.909073   -0.684002   -1.214626    8.231   -1.972   -2.787 S_000003
   3 N   142.531 -133.070  155.122   84.070 -126.958  -78.167   53.380   33.395   92.183 -154.433    0.362469   -1.276649   -0.753847   -0.780352   -1.371336   -1.768302   -1.906329   -0.706404   -1.209605    5.584   -6.579   -5.027 S_000003
   4 H    88.319 -138.200 -175.208   84.022    0.000    0.000   68.196   38.278   90.724  179.953    0.317321   -1.360610   -0.604141   -0.775723   -1.471010   -1.672385   -1.873342   -0.694094   -1.224605    0.086   -5.974   -5.243 S_000003
SCORE:     0.000                  0.000          0          1          1    S_000004
   1 H     0.000  170.252   55.279   74.747 -148.556  -70.073   69.357   48.569   86.286  -26.590    0.196265   -1.468698   -0.309185   -0.748199   -1.606257   -1.478875   -1.834474   -0.753445   -1.195312    3.794    0.984    0.238 S_000004
   2 P   -86.480  174.019   56.533   79.185 -126.893  -58.180   91.418   38.105   94.917  104.696    0.307537   -1.384691   -0.528512   -0.785358   -1.552465   -1.581587   -1.843358   -0.690830   -1.230699    8.382   -1.707   -3.276 S_000004
   3 P   152.281 -128.576  155.097   78.342 -101.360  -85.750   51.733   41.691   87.019  -24.073    0.316920   -1.375164   -0.560843   -0.727991   -1.441913   -1.667321   -1.839657   -0.685701   -1.232711    5.460   -6.627   -4.290 S_000004
   4 H   138.496 -120.442 -172.955   94.099    0.000    0.000   64.564   33.066   91.692   -6.057    0.339412   -1.241269   -0.819105   -0.800588   -1.301489   -1.831254   -1.923245   -0.703228   -1.206201    0.137   -5.766   -6.352 S_000004
SCORE:     0.000                  0.000          0          1          1    S_000005
   1 H     0.000  170.252   55.279   75.501 -155.098  -90.753   70.414   43.648   95.446  -15.197    0.255772   -1.461465   -0.265883   -0.768426   -1.708716   -1.361761   -1.764409   -0.712760   -1.225231    3.794    0.984    0.238 S_000005
   2 N  -109.886 -129.265   62.732   88.811 -131.117  -45.538   80.153   32.543   99.791  -20.156    0.342176   -1.323424   -0.682681   -0.815631   -1.485458   -1.672608   -1.900712   -0.697135   -1.215463    8.045   -1.213   -5.077 S_000005
   3 N   -68.946  148.676   66.715   83.002 -130.330  -74.414   74.353   37.642   91.882  171.636    0.331430   -1.358297   -0.592655   -0.757591   -1.495325   -1.647272   -1.856637   -0.720502   -1.215164    5.645   -5.844   -6.631 S_000005
   4 H   -77.506  107.788  105.216   88.574    0.000    0.000   63.142   35.453   96.257  178.629    0.312007   -1.364087   -0.600989   -0.810437   -1.532903   -1.620376   -1.883496   -0.715651   -1.204431    2.020   -9.367   -4.685 S_000005
SCORE:     0.000                  0.000          0          0          1    S_000006
   1 H     0.000  170.252   55.279   77.254 -137.644  -81.002   75.076   39.730   94.894 -133.081    0.306734   -1.394654   -0.520710   -0.767268   -1.527790   -1.593100   -1.836734   -0.681918   -1.234133    3.794    0.984    0.238 S_000006
   2 P   -64.533  170.844   60.914   86.507 -129.932  -54.461   80.218   37.964   89.677  -21.384    0.311299   -1.359395   -0.591235   -0.781734   -1.485987   -1.650667   -1.879747   -0.719734   -1.204882    8.152   -1.672   -3.517 S_000006
   3 P    83.922  155.779  172.347  150.835 -109.404 -100.633  -46.095  -39.295  159.270 -110.432    0.315190   -0.142798   -1.487833   -0.765905   -1.137976   -1.900967   -1.919913   -0.741333   -1.190146    5.806   -6.025   -6.888 S_000006
   4 H   -29.061  156.029   36.590   84.635    0.000    0.000   78.898   34.947   99.555  -14.435    0.334759   -1.346501   -0.646966   -0.792792   -1.494527   -1.668780   -1.869579   -0.677409   -1.232157    0.969   -9.211   -4.549 S_000006
SCORE:     0.000                  0.000          0          0          2    S_000007
   1 H     0.000  170.252   55.279   84.740 -122.522  -89.365   66.274   43.590   85.235  -38.611    0.337713   -1.357229   -0.574725   -0.676070   -1.381226   -1.714119   -1.814257   -0.701470   -1.231915    3.794    0.984    0.238 S_000007
   2 P   -77.961  163.148   61.685   79.807 -146.345  -59.791   83.240   41.515   93.386  -20.105    0.270983   -1.415149   -0.505105   -0.780760   -1.538312   -1.602782   -1.858587   -0.699130   -1.223004    7.706   -1.803   -4.185 S_000007
   3 P    35.573  116.470  -23.666  139.298 -151.338  -91.792   77.356  -24.168  140.510   25.007    0.377779   -0.336987   -1.435574   -0.829905   -1.084118   -1.979720   -1.949045   -0.693654   -1.207906    5.650   -6.417   -5.285 S_000007
   4 H    37.878 -124.060  -79.901   84.003    0.000    0.000   73.805   38.429   91.516 -172.886    0.292987   -1.377473   -0.571069   -0.801879   -1.500271   -1.630683   -1.882968   -0.703567   -1.209856    0.373   -6.386   -5.080 S_000007
SCORE:     0.000                  0.000          0          1          1    S_000008
   1 H     0.000  170.252   55.279   76.399 -139.915  -79.278   74.910   42.047   93.243  -18.100    0.284119   -1.430933   -0.446283   -0.763284   -1.585446   -1.550476   -1.837867   -0.717834   -1.219213    3.794    0.984    0.238 S_000008
   2 P   -71.424  168.976   57.320   89.335 -124.606  -45.024  112.748   35.722   95.784 -146.824    0.321948   -1.358429   -0.603829   -0.798420   -1.516090   -1.629012   -1.886872   -0.711993   -1.211306    8.215   -1.616   -3.482 S_000008
   3 N   116.652 -120.299 -166.532   83.340 -100.624 -107.523   46.228   39.220   89.655  -23.998    0.322294   -1.359161   -0.601360   -0.755425   -1.453999   -1.682435   -1.865651   -0.692554   -1.228649    5.202   -5.003   -4.939 S_000008
   4 H   -65.359  169.585   58.745   81.794    0.000    0.000   76.112   40.999   90.689  166.673    0.295149   -1.400461   -0.516104   -0.762456   -1.526617   -1.613208   -1.852798   -0.700262   -1.229713   -0.386   -8.737   -5.133 S_000008
SCORE:     0.000                  0.000          0          0          1    S_000009
   1 H     0.000  170.252   55.279   81.756 -143.460  -73.317   73.235   38.345   93.063  -23.425    0.310401   -1.365436   -0.578171   -0.781388   -1.479572   -1.635547   -1.866978   -0.677528   -1.227092    3.794    0.984    0.238 S_000009
   2 N   -56.125  175.788   40.973   70.770 -167.339   53.843   88.362   40.983   97.210  -25.881    0.269140   -1.452622   -0.358526   -0.790581   -1.693418   -1.428921   -1.815830   -0.747915   -1.203749    8.258   -1.931   -2.896 S_000009
   3 N   -54.846  168.319   55.099   88.569 -157.038  -99.261   90.833   30.172  103.661  179.907    0.367701   -1.292969   -0.730351   -0.800342   -1.476327   -1.692529   -1.878263   -0.683268   -1.229139    4.317   -4.224   -4.817 S_000009
   4 H   -66.138 -177.614   55.617   79.783    0.000    0.000   75.380   39.238   95.928  -28.899    0.296437   -1.405454   -0.515398   -0.787362   -1.557487   -1.582122   -1.867254   -0.713635   -1.216812   -1.034   -7.738   -6.063 S_000009
SCORE:     0.000                  0.000          0          0          1    S_000010
   1 H     0.000  170.252   55.279   84.964 -123.736  -79.801   64.572   38.791   84.834  172.068    0.299939   -1.362285   -0.590583   -0.784606   -1.473117   -1.661472   -1.889435   -0.750024   -1.178485    3.794    0.984    0.238 S_000010
   2 P   -65.668  172.619   54.952   81.720 -135.107  -51.539   72.863   37.812   95.588  -24.489    0.313044   -1.385856   -0.549992   -0.783816   -1.536373   -1.596150   -1.865406   -0.707963   -1.211808    7.454   -2.366   -3.847 S_000010
   3 N   151.462 -161.244   63.330   96.396   22.477   33.764   97.703   14.584  120.527  170.759    0.427260   -1.119249   -0.944739   -0.850783   -1.452398   -1.715347   -1.910450   -0.672036   -1.218677    3.676   -5.911   -7.175 S_000010
   4 H   -64.013  166.356   48.759   82.422    0.000    0.000   75.205   41.760   84.800  -23.103    0.322338   -1.333332   -0.649650   -0.719438   -1.333212   -1.763541   -1.856724   -0.640111   -1.263020    2.719   -8.429   -8.332 S_000010
