SEQUENCE: gag
SCORE:     score    rna_stub_coord_hack       N_WC      N_NWC       N_BS description
REMARK RNA 
SCORE:     3.528                  3.528          0          0          0    S_000001
   1 H     0.000  170.252   55.279  147.773  -80.780   82.351  119.547  -39.466  165.125  -94.727    0.316830   -0.217121   -1.479019   -0.763449   -1.233270   -1.829391   -1.922029   -0.734600   -1.196846    3.794    0.984    0.238 S_000001
   2 P  -170.283  161.190 -176.306  140.990 -163.860 -102.059  133.153  -32.306  149.951  165.152    0.350717   -0.168927   -1.477787   -0.803819   -1.029144   -1.981828   -1.933928   -0.657356   -1.225843    5.475    5.192   -1.022 S_000001
   3 H   -61.036  179.038   52.554   83.316    0.000    0.000   78.490   37.661   93.862  172.049    0.312588   -1.372350   -0.575920   -0.787799   -1.513758   -1.629186   -1.878234   -0.707834   -1.215008    4.055   11.181    0.639 S_000001
SCORE:     3.485                  3.485          0          0          0    S_000002
   1 H     0.000  170.252   55.279  147.773  -80.780   82.351  119.547  -39.466  165.125  -94.727    0.316830   -0.217121   -1.479019   -0.763449   -1.233270   -1.829391   -1.922029   -0.734600   -1.196846    3.794    0.984    0.238 S_000002
   2 P  -172.604  161.126  159.864  155.138 -101.607 -139.360  -48.863  -40.948  155.621   78.591    0.319081    0.026124   -1.484098   -0.731166   -0.944630   -1.986654   -1.887978   -0.700564   -1.211859    5.517    5.203   -1.032 S_000002
   3 H   -81.415 -169.043   50.707   83.755    0.000    0.000   68.146   37.312   93.147  -16.494    0.320355   -1.365917   -0.594977   -0.781842   -1.504904   -1.646963   -1.878881   -0.713018   -1.215799    3.014   11.754   -0.701 S_000002
SCORE:     3.433                  3.433          0          0          0    S_000003
   1 H     0.000  170.252   55.279  138.442  -85.635   65.387  104.663  -30.645  149.089 -157.162    0.357365   -0.391015   -1.428158   -0.816095   -1.288377   -1.821831   -1.947070   -0.811395   -1.125176    3.794    0.984    0.238 S_000003
   2 P   171.747  153.395  159.041  148.712 -150.900 -143.856  163.298  -31.676  141.216  -34.261    0.335662   -0.099384   -1.482186   -0.823846   -0.920479   -2.044532   -1.934389   -0.708140   -1.198506    4.109    4.890   -2.404 S_000003
   3 H   143.748 -139.553 -174.251   85.360    0.000    0.000   77.895   38.200   83.758  -16.666    0.270456   -1.334387   -0.658280   -0.835488   -1.400253   -1.729182   -1.929764   -0.693585   -1.184257    1.571   11.273   -2.583 S_000003
SCORE:     3.433                  3.433          0          0          0    S_000004
   1 H     0.000  170.252   55.279  138.442  -85.635   65.387  104.663  -30.645  149.089 -157.162    0.357365   -0.391015   -1.428158   -0.816095   -1.288377   -1.821831   -1.947070   -0.811395   -1.125176    3.794    0.984    0.238 S_000004
   2 P   171.747  153.395  159.041  148.712 -150.900 -143.856  163.298  -31.676  141.216  -34.261    0.335662   -0.099384   -1.482186   -0.823846   -0.920479   -2.044532   -1.934389   -0.708140   -1.198506    4.109    4.890   -2.404 S_000004
   3 H   -67.733 -177.284   55.683   81.970    0.000    0.000   74.997   37.958   93.846  -18.007    0.313998   -1.383912   -0.554958   -0.782515   -1.536197   -1.610383   -1.873271   -0.720171   -1.210440   -0.294    9.893   -3.389 S_000004
SCORE:     3.433                  3.433          0          0          0    S_000005
   1 H     0.000  170.252   55.279  138.442  -85.635   65.387  104.663  -30.645  149.089 -157.162    0.357365   -0.391015   -1.428158   -0.816095   -1.288377   -1.821831   -1.947070   -0.811395   -1.125176    3.794    0.984    0.238 S_000005
   2 P   171.747  153.395  159.041  148.712 -150.900 -143.856  163.298  -31.676  141.216  -34.261    0.335662   -0.099384   -1.482186   -0.823846   -0.920479   -2.044532   -1.934389   -0.708140   -1.198506    4.109    4.890   -2.404 S_000005
   3 H   -67.739  171.648   50.299   80.634    0.000    0.000   75.783   38.180   90.353  179.884    0.318099   -1.366393   -0.581044   -0.772165   -1.504868   -1.648461   -1.874647   -0.714511   -1.217597   -0.280    9.771   -3.148 S_000005
SCORE:     3.485                  3.485          0          0          0    S_000006
   1 H     0.000  170.252   55.279  147.773  -80.780   82.351  119.547  -39.466  165.125  -94.727    0.316830   -0.217121   -1.479019   -0.763449   -1.233270   -1.829391   -1.922029   -0.734600   -1.196846    3.794    0.984    0.238 S_000006
   2 P  -172.604  161.126  159.864  155.138 -101.607 -139.360  -48.863  -40.948  155.621   78.591    0.319081    0.026124   -1.484098   -0.731166   -0.944630   -1.986654   -1.887978   -0.700564   -1.211859    5.517    5.203   -1.032 S_000006
   3 H  -168.770 -168.540   54.508   83.618    0.000    0.000   59.837   36.116   92.585  179.888    0.316687   -1.351229   -0.617103   -0.804636   -1.489890   -1.653203   -1.891597   -0.707277   -1.208179    3.345   12.106   -2.039 S_000006
SCORE:     3.433                  3.433          0          0          0    S_000007
   1 H     0.000  170.252   55.279  138.442  -85.635   65.387  104.663  -30.645  149.089 -157.162    0.357365   -0.391015   -1.428158   -0.816095   -1.288377   -1.821831   -1.947070   -0.811395   -1.125176    3.794    0.984    0.238 S_000007
   2 P   171.747  153.395  159.041  148.712 -150.900 -143.856  163.298  -31.676  141.216  -34.261    0.335662   -0.099384   -1.482186   -0.823846   -0.920479   -2.044532   -1.934389   -0.708140   -1.198506    4.109    4.890   -2.404 S_000007
   3 H   -67.496  172.720   60.654   83.919    0.000    0.000   72.741   38.191   93.825  -16.235    0.306744   -1.369572   -0.593020   -0.783700   -1.492485   -1.654112   -1.884328   -0.713999   -1.211563   -0.281    9.784   -3.166 S_000007
SCORE:     3.433                  3.433          0          0          0    S_000008
   1 H     0.000  170.252   55.279  138.442  -85.635   65.387  104.663  -30.645  149.089 -157.162    0.357365   -0.391015   -1.428158   -0.816095   -1.288377   -1.821831   -1.947070   -0.811395   -1.125176    3.794    0.984    0.238 S_000008
   2 P   171.747  153.395  159.041  148.712 -150.900 -143.856  163.298  -31.676  141.216  -34.261    0.335662   -0.099384   -1.482186   -0.823846   -0.920479   -2.044532   -1.934389   -0.708140   -1.198506    4.109    4.890   -2.404 S_000008
   3 H   -62.748  166.929   60.909   80.935    0.000    0.000   77.074   39.689   92.513  -26.144    0.301473   -1.399432   -0.510789   -0.775533   -1.549893   -1.587764   -1.857067   -0.705728   -1.217639   -0.245    9.693   -2.967 S_000008
SCORE:     3.433                  3.433          0          0          0    S_000009
   1 H     0.000  170.252   55.279  138.442  -85.635   65.387  104.663  -30.645  149.089 -157.162    0.357365   -0.391015   -1.428158   -0.816095   -1.288377   -1.821831   -1.947070   -0.811395   -1.125176    3.794    0.984    0.238 S_000009
   2 P   171.747  153.395  159.041  148.712 -150.900 -143.856  163.298  -31.676  141.216  -34.261    0.335662   -0.099384   -1.482186   -0.823846   -0.920479   -2.044532   -1.934389   -0.708140   -1.198506    4.109    4.890   -2.404 S_000009
   3 H   -70.445 -176.199   53.942   82.103    0.000    0.000   87.797   41.018   92.482  -15.926    0.308847   -1.417245   -0.453896   -0.758895   -1.589565   -1.556885   -1.871170   -0.742511   -1.221914   -0.293    9.926   -3.454 S_000009
SCORE:     3.433                  3.433          0          0          0    S_000010
   1 H     0.000  170.252   55.279  138.442  -85.635   65.387  104.663  -30.645  149.089 -157.162    0.357365   -0.391015   -1.428158   -0.816095   -1.288377   -1.821831   -1.947070   -0.811395   -1.125176    3.794    0.984    0.238 S_000010
   2 P   171.747  153.395  159.041  148.712 -150.900 -143.856  163.298  -31.676  141.216  -34.261    0.335662   -0.099384   -1.482186   -0.823846   -0.920479   -2.044532   -1.934389   -0.708140   -1.198506    4.109    4.890   -2.404 S_000010
   3 H   135.318 -148.265 -176.541   82.760    0.000    0.000   62.025   34.422   97.766  179.905    0.332336   -1.359647   -0.592019   -0.807457   -1.544222   -1.596893   -1.873941   -0.712784   -1.203359    1.381   11.192   -2.526 S_000010
