SEQUENCE: gaaaaaaaaaaaaaaaaaag
SCORE:     score    rna_stub_coord_hack       N_WC      N_NWC       N_BS description
REMARK RNA 
SCORE:     0.001                  0.001          0          1          3    S_000001
   1 H     0.000  170.252   55.279   85.275 -151.839  -72.812   76.359   37.653   90.721  -26.379    0.318764   -1.354057   -0.621956   -0.780203   -1.463565   -1.680913   -1.882389   -0.701769   -1.218447    3.794    0.984    0.238 S_000001
   2 N   -80.125  145.012   44.363  127.156 -113.905  100.651   98.526  -20.508  155.698    8.766    0.414532   -0.652845   -1.309618   -0.847211   -1.425044   -1.685311   -1.944175   -0.713514   -1.182618    8.589   -1.238   -2.239 S_000001
   3 P   -65.206  153.713   60.293   90.546 -127.291  -34.156   69.544   39.506   85.279  -27.215    0.311672   -1.309026   -0.707882   -0.764050   -1.310879   -1.795521   -1.896738   -0.663826   -1.238664   11.202   -1.472   -5.590 S_000001
   4 P    99.468  167.363   68.321   92.314 -147.059  -52.847   58.908   34.704   92.346 -172.655    0.330110   -1.292270   -0.730168   -0.803575   -1.375559   -1.757269   -1.909280   -0.674677   -1.229360   14.021   -5.953   -7.673 S_000001
   5 P   -65.949  165.928   57.545   90.398 -166.267  -50.404   75.793   30.604  104.976  179.952    0.352068   -1.325725   -0.662501   -0.814842   -1.533041   -1.609864   -1.857827   -0.662493   -1.212054   19.450   -4.850   -6.005 S_000001
   6 N   -54.087 -135.779   52.898  145.450 -101.908  -62.505  157.579  -31.095  147.246   22.324    0.343324   -0.179091   -1.476723   -0.824205   -1.015411   -1.988225   -1.941976   -0.690244   -1.196709   23.829   -0.596   -6.426 S_000001
   7 P   -75.630  174.115   54.249   81.519 -147.765  177.573   81.663   47.381   88.277  -87.910    0.252385   -1.422771   -0.497680   -0.703087   -1.452437   -1.672061   -1.787753   -0.635905   -1.281529   27.873   -0.382   -1.715 S_000001
   8 P   166.208  171.107  168.100   89.568 -104.393  -86.392   45.697   33.438   93.162 -161.712    0.357128   -1.259897   -0.761589   -0.792863   -1.337984   -1.778989   -1.911502   -0.684963   -1.213865   34.634   -2.815   -1.077 S_000001
   9 P   -55.858  161.433   52.488   82.488 -147.420  -81.527   84.816   37.940   93.831  169.350    0.318791   -1.367417   -0.589627   -0.776804   -1.490881   -1.646946   -1.863246   -0.682579   -1.231930   39.446   -6.789   -0.218 S_000001
  10 N   -36.645 -169.862  148.400   84.954   59.837  110.260   33.415   32.147   96.803   39.609    0.346179   -1.228184   -0.819008   -0.813022   -1.288577   -1.815815   -1.917984   -0.641970   -1.225784   41.280  -12.266    2.164 S_000001
  11 N   -61.125  162.417   55.473  143.397  -82.835   74.602  -49.959  -32.982  154.764   17.745    0.342432   -0.275485   -1.463558   -0.811524   -1.184793   -1.888475   -1.947995   -0.747381   -1.174105   45.415  -13.950    6.380 S_000001
  12 N   117.966 -173.592  118.593  150.335 -115.481  -57.401   79.650  -39.688  153.391  146.746    0.291009   -0.077640   -1.493281   -0.788973   -1.063108   -1.951344   -1.930410   -0.748414   -1.179186   46.045  -18.630    6.268 S_000001
  13 P   -55.289  154.913   56.598   88.631 -119.185  -62.138  121.614   29.509  109.900 -143.188    0.350788   -1.335864   -0.655121   -0.844851   -1.560950   -1.587730   -1.878187   -0.663371   -1.233930   51.307  -18.800    4.240 S_000001
  14 P   -69.778  164.272   61.963   92.911 -136.760  -57.793  117.592   33.650   95.796  -14.782    0.341192   -1.266054   -0.755624   -0.808567   -1.340584   -1.770525   -1.905355   -0.631220   -1.238810   55.930  -21.344    7.219 S_000001
  15 P   -62.475 -176.348   69.107  119.999 -164.259 -105.060  105.218  -11.541  141.399  111.919    0.438325   -0.704415   -1.281096   -0.855996   -1.329138   -1.799881   -1.941660   -0.687316   -1.191323   55.787  -26.761   10.167 S_000001
  16 P   -50.574  173.745   54.361   84.853 -128.688  -57.238   76.736   34.017   97.773  -27.621    0.343576   -1.337155   -0.645135   -0.797682   -1.495222   -1.652638   -1.882957   -0.695703   -1.216210   53.739  -32.293   12.156 S_000001
  17 P   141.904  -96.556  179.074   81.583   75.912   88.653   92.316   37.790   87.142 -147.623    0.331403   -1.309958   -0.701033   -0.762590   -1.355494   -1.768586   -1.896276   -0.719120   -1.209297   57.074  -35.926   10.355 S_000001
  18 N  -122.733  141.870  172.629   89.309 -106.078 -114.128   69.985   33.990   89.229  -18.810    0.370373   -1.303663   -0.694334   -0.761512   -1.438136   -1.715946   -1.918878   -0.803264   -1.149429   59.470  -35.039    5.247 S_000001
  19 N   -63.512  176.441   53.695   85.469 -140.480  -71.488   82.111   35.615   99.886  -18.886    0.325370   -1.357377   -0.591187   -0.791968   -1.523941   -1.610235   -1.871738   -0.707544   -1.218536   58.669  -28.538    3.345 S_000001
  20 H   -59.841  170.108   58.475   80.492    0.000    0.000   77.757   36.232   95.507  -17.879    0.329969   -1.386298   -0.554815   -0.787205   -1.579312   -1.588986   -1.874543   -0.741671   -1.195951   54.637  -25.106    0.254 S_000001
SCORE:     0.001                  0.001          0          1          2    S_000002
   1 H     0.000  170.252   55.279  104.017 -153.897  -99.881   81.280   33.909   79.924  -98.134    0.350932   -1.063416   -1.036672   -0.790247   -0.894890   -2.040105   -1.929682   -0.648659   -1.240619    3.794    0.984    0.238 S_000002
   2 P    53.557 -170.749 -165.976   91.543  -76.582  164.215   49.640   30.618  118.045  -36.532    0.327301   -1.370233   -0.605907   -0.854826   -1.604365   -1.538420   -1.841234   -0.632407   -1.268538    8.806   -1.804   -1.768 S_000002
   3 N    50.231 -139.906 -173.261   80.563 -128.761  -68.167  125.099   40.597   90.771  -27.306    0.328087   -1.376643   -0.551463   -0.736952   -1.470401   -1.647732   -1.861345   -0.717428   -1.217537   10.408   -7.050   -4.014 S_000002
   4 P   -77.354  167.006   74.925   82.497 -107.475  -96.772   93.841   30.780  104.490  179.904    0.357601   -1.349486   -0.610470   -0.814314   -1.600676   -1.564277   -1.876602   -0.743037   -1.197352   15.138  -11.141   -4.437 S_000002
   5 N   -81.792 -148.291   46.686  119.905   78.600  -60.748  131.941  -26.304  143.641   69.385    0.386073   -0.305058   -1.449661   -0.814654   -1.086546   -1.969062   -1.934267   -0.685365   -1.208645   18.282  -16.469   -1.032 S_000002
   6 P    73.203  128.654   74.024   50.304   81.516   83.462  -40.015   43.713   88.925    8.770    0.286690   -1.498930   -0.237580   -0.766659   -1.743310   -1.352957   -1.824364   -0.820889   -1.137680   21.505  -17.320    1.210 S_000002
   7 P    66.479 -161.222   38.991  137.093 -145.049   62.571  -78.820  -35.887  172.385 -165.553    0.329103   -0.520451   -1.404153   -0.807200   -1.523105   -1.572516   -1.944749   -0.825828   -1.129437   26.722  -16.318   -2.072 S_000002
   8 N   -69.434  175.739   56.727   85.995 -144.846  -74.864   76.419   37.153   93.796  -20.020    0.315270   -1.360741   -0.609345   -0.791223   -1.490971   -1.660686   -1.884609   -0.703133   -1.220351   23.739  -19.823   -0.584 S_000002
   9 P  -148.728 -116.881   58.068   87.438 -167.775  -65.385   57.677   32.893   98.886  179.951    0.338302   -1.322866   -0.678002   -0.816518   -1.476509   -1.670116   -1.896935   -0.683211   -1.220557   22.589  -26.284    1.670 S_000002
  10 N   -67.247  168.877   49.850   77.735 -168.033  -14.596   91.321   36.487   98.070  -16.035    0.315587   -1.393599   -0.533322   -0.804895   -1.580949   -1.562084   -1.864728   -0.714041   -1.213477   27.347  -29.623    1.733 S_000002
  11 N    76.983  117.733 -176.512   84.812 -145.794  -58.245   60.934   36.078   94.321 -163.913    0.327493   -1.353570   -0.617417   -0.791165   -1.491185   -1.650495   -1.877360   -0.699345   -1.215167   31.907  -26.112    0.600 S_000002
  12 P    50.145  146.905   70.571   84.467 -145.419   46.068   84.443   35.762   95.607  -17.947    0.348362   -1.369902   -0.545930   -0.759347   -1.571441   -1.562507   -1.851868   -0.752867   -1.188427   30.069  -21.095   -1.299 S_000002
  13 N   155.698 -147.514  169.931   83.393 -124.401  -88.271   60.605   36.805   93.611  -23.064    0.324225   -1.355591   -0.614213   -0.787839   -1.484943   -1.661573   -1.879896   -0.700877   -1.213843   35.190  -20.443    1.106 S_000002
  14 N   -58.731 -178.729   47.638   79.459 -149.573  -69.857   69.310   32.555  104.358 -149.176    0.334270   -1.398978   -0.516667   -0.822572   -1.678555   -1.476718   -1.867122   -0.767301   -1.178808   40.832  -20.911    4.466 S_000002
  15 N    73.384  175.817   57.678  132.609 -117.072  -40.239  156.904  -24.268  148.691    0.213    0.426302   -0.214921   -1.450439   -0.797455   -0.921991   -2.028119   -1.928164   -0.683611   -1.219465   46.379  -19.991    2.460 S_000002
  16 N   -40.279  156.991   56.281   78.839 -145.486  -73.342   76.094   37.975  103.778  -23.488    0.329039   -1.410208   -0.493534   -0.779270   -1.581939   -1.539014   -1.832767   -0.666932   -1.241900   47.025  -21.717    7.236 S_000002
  17 P   148.493  136.755   61.220  103.286   -4.113   58.212   69.032   20.572  119.225  179.894    0.381855   -1.150790   -0.930987   -0.875678   -1.362301   -1.773666   -1.933988   -0.591421   -1.255582   44.732  -26.331   11.999 S_000002
  18 P  -114.633  119.192  174.248   83.368  179.073   33.138  171.599   34.537   97.936  -67.883    0.325029   -1.370073   -0.590987   -0.812964   -1.561388   -1.598620   -1.891570   -0.738476   -1.192347   45.015  -28.786   12.393 S_000002
  19 P    87.937 -149.873 -124.325   91.050 -117.286  -63.583   75.426   38.943   80.326  179.910    0.359195   -1.170429   -0.915136   -0.736321   -0.969886   -1.969119   -1.898685   -0.631342   -1.246461   45.215  -33.194    9.692 S_000002
  20 H   -68.931 -178.387   48.985   78.129    0.000    0.000   79.882   42.534   88.763  125.112    0.282893   -1.421077   -0.466756   -0.754649   -1.559043   -1.582519   -1.840925   -0.714076   -1.227333   45.195  -38.793    6.742 S_000002
SCORE:     0.001                  0.001          0          2          4    S_000003
   1 H     0.000  170.252   55.279   82.324 -161.216  -75.677   80.703   37.221   95.346 -141.701    0.322696   -1.367637   -0.586756   -0.780520   -1.513145   -1.636282   -1.862067   -0.683786   -1.238010    3.794    0.984    0.238 S_000003
   2 P   -55.954  168.380   28.099  102.954   72.289  -30.992  102.651  -23.434  142.519   20.626    0.453449   -0.226885   -1.438596   -0.767870   -0.925096   -2.039993   -1.898278   -0.701655   -1.211989    8.893   -0.848   -2.115 S_000003
   3 P   -74.518  173.483   56.930   84.803 -125.028  -50.973   91.378   35.264   94.635  -17.924    0.332893   -1.343939   -0.640141   -0.792961   -1.486998   -1.666314   -1.887304   -0.706202   -1.215472   11.405    0.781   -0.966 S_000003
   4 N    77.959  137.199   46.208   84.002 -128.851  -83.311   93.125   33.907  102.069 -166.680    0.337654   -1.356445   -0.616446   -0.807281   -1.537112   -1.617357   -1.878010   -0.698771   -1.217794   15.786   -2.404    1.227 S_000003
   5 P   167.223 -130.441 -178.374   82.295 -142.978  -73.235   69.197   37.374   94.578 -156.510    0.324684   -1.371068   -0.577949   -0.778213   -1.514777   -1.627160   -1.863633   -0.699814   -1.218037   19.042    0.363    6.121 S_000003
   6 N   -67.802  167.618   57.528   80.264 -147.345 -119.030   89.176   34.044  100.472  -18.559    0.326382   -1.369056   -0.585081   -0.818244   -1.566985   -1.581408   -1.859903   -0.690378   -1.223629   23.089    4.014    9.020 S_000003
   7 P    76.353 -172.829   53.723   84.131 -141.015  -62.855   62.213   38.128   91.859 -168.404    0.323387   -1.346171   -0.628539   -0.769546   -1.438634   -1.695385   -1.872326   -0.671179   -1.239258   25.192    9.326   12.154 S_000003
   8 N   -50.638 -178.442   54.553   81.558 -155.382  -85.346  102.058   35.982  100.920   -5.265    0.301054   -1.416715   -0.465015   -0.822229   -1.666998   -1.472046   -1.857637   -0.733540   -1.204472   31.114    8.050   12.636 S_000003
   9 P   148.493  136.755   61.220  103.286   -4.113   58.212   69.032   20.572  119.225  179.894    0.381855   -1.150790   -0.930987   -0.875678   -1.362301   -1.773666   -1.933988   -0.591421   -1.255582   36.661    3.881   11.159 S_000003
  10 P   -40.503  150.596   53.337   80.652 -173.107 -101.513  139.815   36.784   98.378  165.737    0.294469   -1.412191   -0.472815   -0.828236   -1.636645   -1.498712   -1.856417   -0.715954   -1.206861   39.095    2.443    9.501 S_000003
  11 P   -65.117 -145.957  148.397   84.297 -110.906  -71.275   54.478   36.987   89.464  -24.481    0.334520   -1.317403   -0.679350   -0.771397   -1.390426   -1.733463   -1.891243   -0.699029   -1.211696   39.286    0.105    3.281 S_000003
  12 N    66.131 -167.606  178.921   86.202  177.645   70.659  -20.507   27.667  116.493  -85.992    0.342081   -1.347629   -0.639210   -0.882049   -1.617369   -1.541260   -1.906908   -0.717038   -1.189360   34.681    1.123   -0.020 S_000003
  13 P   160.815  105.099   88.582   92.840 -161.979 -164.996   83.120   14.294  126.435  -66.900    0.405061   -1.212048   -0.841187   -0.889406   -1.604759   -1.561045   -1.922890   -0.729780   -1.183130   31.541   -4.266    2.389 S_000003
  14 P    76.931 -176.116 -144.625  109.484 -143.389  -51.744   96.477   11.859  107.081    9.238    0.422171   -0.948593   -1.118178   -0.840206   -1.234230   -1.920165   -1.940984   -0.694246   -1.211260   31.423   -9.524    6.499 S_000003
  15 P   -55.764  168.718   42.281   81.270 -105.306  -84.347   86.053   34.191   96.943  -83.185    0.341564   -1.365117   -0.592891   -0.798027   -1.559326   -1.595602   -1.887095   -0.740748   -1.189791   31.075  -15.240    6.314 S_000003
  16 P   -63.434 -170.261   42.468   84.085 -164.916  -75.697  105.175   33.900   96.467  167.006    0.336275   -1.336986   -0.646421   -0.808664   -1.487335   -1.646679   -1.879484   -0.681855   -1.203485   35.805  -19.701    4.797 S_000003
  17 P   179.099 -167.499  165.649  155.148 -107.586  148.241  103.768  -34.735  141.659   28.062    0.314041    0.107935   -1.489468   -0.823698   -0.701951   -2.120322   -1.901345   -0.710070   -1.203154   42.424  -19.810    5.908 S_000003
  18 P   108.722 -115.981 -170.480  141.893 -141.258    2.794   90.284  -32.887  155.139  137.670    0.346696   -0.296438   -1.459775   -0.805430   -1.208367   -1.872763   -1.944976   -0.737206   -1.184963   47.557  -20.586    2.742 S_000003
  19 P   -55.820  166.608   41.266   84.722 -132.031  -89.348   95.700   36.355   87.707  -22.472    0.335940   -1.316561   -0.683188   -0.775690   -1.401148   -1.728045   -1.888828   -0.705908   -1.211378   52.159  -21.751    2.819 S_000003
  20 H   -93.729 -171.225   63.684   81.006    0.000    0.000   73.409   42.153   87.910  -18.708    0.294925   -1.405403   -0.489232   -0.743248   -1.536319   -1.602158   -1.841968   -0.712714   -1.229635   57.106  -26.508    1.911 S_000003
SCORE:     0.000                  0.000          0          0          4    S_000004
   1 H     0.000  170.252   55.279   85.118 -124.500  -80.647   59.425   40.369   81.404   -1.034    0.329138   -1.281547   -0.725140   -0.731794   -1.240520   -1.820632   -1.878912   -0.661476   -1.230647    3.794    0.984    0.238 S_000004
   2 N   157.145 -163.917  174.973   85.284 -142.049  -62.916   56.069   36.462   95.226  -12.466    0.332555   -1.353240   -0.602362   -0.777665   -1.501272   -1.643383   -1.863406   -0.688084   -1.230329    5.872   -3.446   -4.290 S_000004
   3 P   -62.213  153.687   54.043   84.361  125.052  -65.838  108.890   36.280   85.741  163.314    0.285636   -1.295160   -0.736409   -0.865443   -1.297329   -1.774047   -1.957023   -0.642063   -1.203586    5.648   -8.810   -6.267 S_000004
   4 N  -105.560 -158.633   58.653  146.399  -91.567  104.815  121.681  -35.867  155.344   90.371    0.331721   -0.159949   -1.484449   -0.789228   -1.093255   -1.944854   -1.935409   -0.691019   -1.218103    6.710  -14.103   -5.096 S_000004
   5 P   -63.430 -171.680  -69.046   82.175 -154.739  -72.434   70.358   33.567  106.148 -170.555    0.325472   -1.385107   -0.557248   -0.830694   -1.604126   -1.540189   -1.863344   -0.700707   -1.213492    9.850  -17.135   -6.151 S_000004
   6 N   -77.217  175.523   54.485   81.731 -168.619  -59.349   73.294   41.127   88.595 -170.075    0.284217   -1.400531   -0.517593   -0.769748   -1.528073   -1.615664   -1.867697   -0.716410   -1.216853   15.181  -18.869   -3.328 S_000004
   7 P   147.011  152.313  -27.524  111.097  176.634 -134.641   96.306   -3.846  138.519  -77.746    0.439891   -0.891834   -1.162123   -0.872332   -1.445207   -1.719682   -1.936057   -0.719981   -1.178645   19.700  -15.792    0.507 S_000004
   8 N   -20.528  117.962   60.081  102.107 -118.313 -102.766  -26.147   31.160   95.805  -60.891    0.356072   -1.158241   -0.928144   -0.810893   -1.149945   -1.910655   -1.939211   -0.658815   -1.216937   24.161  -14.902   -1.784 S_000004
   9 N   -69.516 -174.210   53.641   84.447 -155.470  -84.512   86.074   37.141   93.587  179.876    0.320599   -1.360529   -0.605612   -0.783958   -1.492646   -1.655184   -1.878417   -0.702970   -1.219756   30.732  -13.444   -3.143 S_000004
  10 P   -60.574 -172.664   50.775   82.912 -148.540  -71.235   75.469   34.595   97.902 -172.706    0.330042   -1.364633   -0.596187   -0.805802   -1.550494   -1.605609   -1.887672   -0.736607   -1.193900   36.258  -14.710   -6.125 S_000004
  11 N   -68.694 -135.602 -176.968   92.298 -131.081  -66.534   55.873   42.441   87.306  -71.774    0.328454   -1.312986   -0.713558   -0.719502   -1.221758   -1.830486   -1.886807   -0.624780   -1.298142   39.565  -17.911  -11.009 S_000004
  12 P   110.731 -168.846  162.684   98.950  -62.493   81.308   78.386    9.437  140.958   -8.903    0.382150   -1.257673   -0.799096   -0.952191   -1.714031   -1.377614   -1.895548   -0.699491   -1.201805   45.425  -16.610  -11.882 S_000004
  13 P  -178.572  130.213   61.778  101.876 -167.646  146.972   76.147   -0.862  142.530  156.288    0.426359   -1.060408   -1.025340   -0.909399   -1.619543   -1.534752   -1.947194   -0.746292   -1.158507   47.242  -17.137   -7.951 S_000004
  14 P   -52.700  147.582   56.506   82.410 -157.469  -70.695   80.469   38.791   91.133 -118.610    0.307206   -1.383427   -0.564514   -0.780737   -1.513493   -1.634425   -1.882666   -0.728858   -1.202440   52.350  -19.256   -6.488 S_000004
  15 P   -47.346  176.379   51.351   79.055 -173.509 -118.383   80.508   36.074   97.726 -142.917    0.325644   -1.385201   -0.543069   -0.791972   -1.583275   -1.568525   -1.862350   -0.736123   -1.202374   56.848  -21.754   -3.529 S_000004
  16 P   -35.215  165.128   36.558   82.303  178.727  -54.471   72.916   34.582   97.619  -75.563    0.332769   -1.361725   -0.597779   -0.805626   -1.537464   -1.604310   -1.872698   -0.687958   -1.215048   62.209  -22.839   -1.095 S_000004
  17 N    34.366  152.256 -168.768  109.494 -139.854  -72.299   93.670   12.959  104.291 -134.734    0.407763   -0.933913   -1.143585   -0.857361   -1.174868   -1.958150   -1.945325   -0.677663   -1.211565   64.404  -26.094    2.354 S_000004
  18 P   158.780  146.818   53.347  150.678  -78.672   42.949  100.962  -39.204  159.034  -72.959    0.313215   -0.125148   -1.488136   -0.772354   -1.116222   -1.915155   -1.921913   -0.737707   -1.187346   58.554  -27.079    6.046 S_000004
  19 N   176.412  153.851   46.266   87.770 -142.678  -91.831   82.725   35.614   90.796 -140.099    0.339308   -1.281537   -0.755797   -0.785709   -1.323484   -1.797172   -1.911673   -0.674896   -1.226274   56.356  -23.234    5.634 S_000004
  20 H   -61.976  163.667   59.572   79.956    0.000    0.000   70.459   42.406   90.074 -168.181    0.283316   -1.414803   -0.464617   -0.751647   -1.559563   -1.576586   -1.835236   -0.709262   -1.229144   54.277  -25.472    0.139 S_000004
SCORE:     0.001                  0.001          0          0          5    S_000005
   1 H     0.000  170.252   55.279  117.599 -148.086  -73.847  107.658   -0.448  122.040  -89.371    0.409329   -0.794061   -1.237345   -0.874736   -1.244603   -1.918345   -1.965055   -0.697966   -1.199508    3.794    0.984    0.238 S_000005
   2 N   121.953  136.167   61.392   79.519 -153.796  -56.709   90.563   39.002  101.052   -1.582    0.284160   -1.408370   -0.526655   -0.792897   -1.564564   -1.582991   -1.831863   -0.668793   -1.244023    7.131   -3.315   -3.934 S_000005
   3 P  -112.695  134.502  165.073   88.714 -112.228 -169.048 -119.275   21.442  123.447   15.514    0.350072   -1.348813   -0.668568   -0.923382   -1.690440   -1.446275   -1.877090   -0.689608   -1.206340   11.689   -6.746   -2.183 S_000005
   4 N    76.258 -179.701  177.603  148.350 -103.608  -85.361   42.004  -32.910  144.229  178.893    0.346401   -0.089160   -1.482494   -0.800593   -0.935956   -2.038211   -1.916936   -0.748185   -1.180112   12.508  -13.491   -3.384 S_000005
   5 N   -62.206  172.407   49.770   81.745 -152.313  -75.154   82.816   38.615   91.071  179.903    0.305320   -1.392952   -0.535794   -0.782814   -1.552596   -1.600629   -1.876073   -0.730320   -1.207059   16.807  -17.568   -6.026 S_000005
   6 N   -46.565 -130.429   58.045   84.437 -145.939  148.912 -106.915   31.336  105.848  -16.084    0.346028   -1.357590   -0.612425   -0.827891   -1.589786   -1.572636   -1.890669   -0.727604   -1.199264   22.201  -20.955   -5.193 S_000005
   7 N   -64.603  168.495   56.624   83.495 -148.644  -65.020   77.676   43.810   91.441  -27.624    0.266547   -1.397273   -0.511028   -0.749278   -1.472208   -1.642450   -1.796986   -0.597077   -1.279203   18.460  -24.294   -8.310 S_000005
   8 P   -57.839  177.898   50.304   85.623 -139.190  -52.860  100.220   32.420  101.845  -28.312    0.323539   -1.359032   -0.600931   -0.840145   -1.573973   -1.572662   -1.887735   -0.712455   -1.200658   15.415  -28.981  -10.685 S_000005
   9 P   -68.405 -156.651   41.293   82.190 -146.833  -77.675  101.103   37.222   93.975  164.896    0.298601   -1.401857   -0.510740   -0.812925   -1.602525   -1.551462   -1.894370   -0.769945   -1.176197   14.255  -35.002   -8.908 S_000005
  10 N   155.031  150.968   62.269   86.097 -133.268  -69.833   63.060   35.352   96.922  -15.237    0.328625   -1.357092   -0.610329   -0.798982   -1.513975   -1.631626   -1.881679   -0.705926   -1.212697   10.661  -37.184   -3.308 S_000005
  11 P   -56.095  176.944   45.895   82.995 -131.124  -66.300   79.600   34.272   99.216  -25.634    0.328647   -1.361712   -0.583904   -0.808820   -1.555055   -1.581842   -1.878796   -0.712137   -1.201557   14.940  -41.181   -1.223 S_000005
  12 N   -82.217 -170.488   61.468   91.861  -35.643   72.723   77.966   21.709  127.829  -11.457    0.364219   -1.322231   -0.696308   -0.905344   -1.642520   -1.489579   -1.823622   -0.602902   -1.275969   21.276  -41.983   -2.789 S_000005
  13 P    82.609  160.121   46.856  140.813 -141.863   67.645  103.049  -34.219  156.974   -4.514    0.333473   -0.327255   -1.466036   -0.805263   -1.269299   -1.834145   -1.936768   -0.756142   -1.166011   24.156  -45.351   -1.328 S_000005
  14 N  -140.295  169.355   50.594   81.448 -142.880  -52.893   61.003   39.512   90.934 -144.619    0.306375   -1.389294   -0.533524   -0.769185   -1.530896   -1.610886   -1.860642   -0.712870   -1.219710   22.211  -45.211   -6.528 S_000005
  15 P   101.545 -166.544 -165.818  126.065 -162.988  -99.544   98.876  -15.674  141.015 -159.461    0.397392   -0.610821   -1.338979   -0.860837   -1.287097   -1.866209   -1.963161   -0.695831   -1.206560   27.611  -46.728   -7.645 S_000005
  16 P  -166.924 -154.036  159.889   90.332 -178.658 -136.635   73.477   26.413  115.255    3.673    0.345049   -1.323606   -0.689620   -0.882069   -1.572952   -1.568229   -1.923026   -0.712384   -1.176451   33.911  -46.282   -4.628 S_000005
  17 P   156.353 -133.222  164.035   85.022 -132.078  -70.133   56.405   35.699   92.955  -23.381    0.337490   -1.334670   -0.638481   -0.784103   -1.465449   -1.671942   -1.879859   -0.693833   -1.214504   39.636  -43.928   -2.156 S_000005
  18 P   -65.047  167.580   53.774   85.147 -121.538  -60.683  100.499   32.219  100.317  -22.237    0.349805   -1.310332   -0.686822   -0.814977   -1.468817   -1.674470   -1.889716   -0.672933   -1.228841   42.614  -41.613    2.726 S_000005
  19 N   -23.732  161.087  174.712   83.859 -113.221 -104.065   88.538   36.409   99.071  170.718    0.307986   -1.385900   -0.549559   -0.811254   -1.562662   -1.576397   -1.867310   -0.703044   -1.213529   43.340  -45.119    6.974 S_000005
  20 H   -61.400 -176.671   45.012   76.281    0.000    0.000   83.054   40.459   93.827  -72.722    0.290081   -1.434450   -0.430381   -0.776674   -1.635596   -1.508303   -1.837932   -0.736654   -1.210243   37.361  -44.214   10.097 S_000005
SCORE:     0.000                  0.000          0          0          3    S_000006
   1 H     0.000  170.252   55.279   86.651 -158.842  -70.407   77.017   34.732   95.162  179.934    0.334961   -1.331157   -0.664585   -0.795608   -1.468217   -1.686163   -1.889276   -0.698382   -1.216709    3.794    0.984    0.238 S_000006
   2 P  -115.592   84.146  168.141   84.273 -145.206  -76.931   59.630   37.254   87.328  179.897    0.336002   -1.320977   -0.673449   -0.766332   -1.394336   -1.731604   -1.888981   -0.705901   -1.209775    8.535    0.255   -2.986 S_000006
   3 P   -64.656 -161.533   24.391   76.319 -156.850   17.333  151.827   33.973  104.544  -14.987    0.318449   -1.440983   -0.395888   -0.834557   -1.772802   -1.358821   -1.851249   -0.803404   -1.155935   14.192    3.015   -4.902 S_000006
   4 N    33.120  124.576   31.707  101.080 -152.026  -29.935  118.329    4.628  137.222   16.804    0.409946   -1.176751   -0.895140   -0.929403   -1.685204   -1.433026   -1.930486   -0.758333   -1.142550   13.833   -1.718   -5.780 S_000006
   5 P   -70.777  163.044   54.113   84.943 -120.025  -58.788   86.148   38.256   90.693  -26.246    0.325465   -1.347315   -0.648078   -0.763477   -1.427366   -1.717257   -1.886236   -0.730243   -1.201516   15.524   -5.763   -8.919 S_000006
   6 P  -155.846 -176.023  167.675  152.016  -77.335  130.468  134.206  -38.186  167.308   11.340    0.312679   -0.230949   -1.472549   -0.791625   -1.227869   -1.821903   -1.942174   -0.724228   -1.197676   22.041   -6.518  -10.052 S_000006
   7 N    27.483 -109.185  -97.371  153.070    0.000    0.000 -167.736  -22.155  133.483  178.162    0.372349   -0.144058   -1.475556   -0.882367   -0.771653   -2.103867   -1.941497   -0.723174   -1.178925   23.429   -3.266  -12.298 S_000006
   8 P   161.096 -117.308 -175.607   79.389   90.284   60.680   91.397   32.771  101.995  116.120    0.352162   -1.329053   -0.682398   -0.805728   -1.480286   -1.673040   -1.896360   -0.695966   -1.213859   22.169   -3.612   -9.092 S_000006
   9 N   -62.659  172.702   54.989   80.796 -145.710  -69.888   78.575   39.480   91.476  179.896    0.315756   -1.375101   -0.570302   -0.759389   -1.485157   -1.649177   -1.848380   -0.671809   -1.239480   23.488   -3.178   -3.947 S_000006
  10 P   157.278 -175.483  178.629   85.426 -138.452  -53.300   63.895   32.085  103.738 -157.781    0.347715   -1.344365   -0.622039   -0.811413   -1.555694   -1.594049   -1.873769   -0.702627   -1.211519   28.162   -4.786    0.507 S_000006
  11 P    55.198 -135.935  -63.314  129.823 -138.133 -122.026  -50.037  -24.590  146.871 -177.812    0.430171   -0.232990   -1.446075   -0.790036   -0.956098   -2.016309   -1.909673   -0.700146   -1.206941   29.809   -8.898    2.569 S_000006
  12 P    75.788  167.457  -42.389  145.026 -133.506  170.012   82.841  -30.165  146.058  -20.062    0.362107   -0.210771   -1.463815   -0.810727   -1.041823   -1.979678   -1.932850   -0.690416   -1.200546   31.712  -13.129    7.548 S_000006
  13 P   178.096 -170.380   62.576   70.028 -141.664  -50.857 -178.827   44.744   82.996 -126.521    0.296027   -1.420532   -0.462592   -0.699506   -1.538887   -1.614050   -1.816920   -0.743320   -1.236570   30.404  -12.598   14.531 S_000006
  14 P   -65.770 -172.018   64.310   89.681 -149.281  -57.944   71.438   30.434   95.374  -14.787    0.367996   -1.279828   -0.720805   -0.797081   -1.460458   -1.688124   -1.890711   -0.730527   -1.190582   32.258  -17.995   16.776 S_000006
  15 P   -61.334 -162.050   56.056   81.784 -146.096  -56.681   82.493   38.448   94.497  -17.191    0.315034   -1.386312   -0.544630   -0.772985   -1.543459   -1.608902   -1.856647   -0.708984   -1.222803   35.982  -22.989   16.059 S_000006
  16 P   -97.131 -117.355  -92.297   86.891 -138.333  -58.699   78.711   39.153   85.152  -25.972    0.298121   -1.347758   -0.633560   -0.787384   -1.411577   -1.712441   -1.901604   -0.703882   -1.211004   42.453  -24.739   17.602 S_000006
  17 P   -67.217 -170.110   68.095  105.234 -141.959  -57.629   72.695   17.368  103.810   -1.636    0.404580   -1.042199   -1.030663   -0.831996   -1.275900   -1.875073   -1.918837   -0.661383   -1.226410   47.181  -23.043   13.786 S_000006
  18 N   -68.694 -135.602 -176.968   92.298 -131.081  -66.534   55.873   42.441   87.306  -71.774    0.328454   -1.312986   -0.713558   -0.719502   -1.221758   -1.830486   -1.886807   -0.624780   -1.298142   48.625  -20.805    7.753 S_000006
  19 P   -61.283 -177.230   55.326   84.035 -148.774  -51.011   71.164   36.592   96.846  159.384    0.317777   -1.382439   -0.557563   -0.794701   -1.560432   -1.592568   -1.865193   -0.705978   -1.219850   52.013  -23.243    3.027 S_000006
  20 H   -96.466  132.226  129.332   94.348    0.000    0.000   44.237   23.423  119.969  -88.328    0.358144   -1.267988   -0.783779   -0.892646   -1.501196   -1.623457   -1.907838   -0.626007   -1.237803   56.390  -26.607    1.993 S_000006
SCORE:     0.000                  0.000          0          1          1    S_000007
   1 H     0.000  170.252   55.279   84.192 -148.173  -64.105   67.321   35.208   95.366  -18.374    0.320217   -1.353395   -0.599086   -0.803680   -1.522477   -1.613867   -1.877233   -0.712387   -1.209245    3.794    0.984    0.238 S_000007
   2 P   -75.347 -114.806  -80.781   84.602 -114.416  -94.693   74.710   32.844   99.204  178.968    0.333108   -1.347221   -0.648367   -0.826579   -1.521097   -1.633978   -1.901715   -0.720224   -1.186630    8.096   -1.734   -4.193 S_000007
   3 N  -176.288  132.700   54.557   87.690 -171.042  -63.535   41.913   31.743  102.456  -64.224    0.343141   -1.337100   -0.651065   -0.824014   -1.533939   -1.622649   -1.893601   -0.706961   -1.207599    7.010   -8.707   -3.031 S_000007
   4 N   -84.698  177.546   65.525   77.374 -140.536  -89.044   99.698   36.632  105.158  -95.042    0.266747   -1.420851   -0.454751   -0.858307   -1.653777   -1.466762   -1.821859   -0.644336   -1.254158    9.739  -13.172   -6.137 S_000007
   5 N   -93.633 -150.591   47.016   84.603 -143.496 -107.397   81.004   36.658   92.578  -14.149    0.329100   -1.349049   -0.617606   -0.783307   -1.477251   -1.663021   -1.870198   -0.678987   -1.228136   14.848  -15.334  -10.479 S_000007
   6 N   -40.263 -159.342   27.343  139.299 -122.708   69.061  -49.864  -36.865  161.774   22.448    0.325064   -0.407979   -1.433924   -0.787132   -1.417898   -1.696897   -1.933286   -0.815692   -1.136108   21.200  -13.734  -11.436 S_000007
   7 P   -64.588  168.633   56.379   81.684 -155.175  -73.709   98.230   42.266   92.687  173.067    0.277168   -1.399008   -0.521523   -0.759063   -1.508496   -1.637734   -1.811929   -0.641808   -1.253484   21.494  -15.983   -7.912 S_000007
   8 P   170.298 -148.552   56.639   84.851 -136.886  -81.081   70.794   37.301   93.178 -112.848    0.319612   -1.356688   -0.610698   -0.782896   -1.480753   -1.662725   -1.879620   -0.700623   -1.218259   24.112  -19.839   -3.292 S_000007
   9 P  -107.553   94.017  159.811   80.200 -113.932  -66.218   51.551   35.791   98.328  -20.041    0.332026   -1.375208   -0.546709   -0.788726   -1.560121   -1.561548   -1.862246   -0.719458   -1.204166   28.951  -21.131   -6.457 S_000007
  10 P    35.535  109.260   59.851   92.512  -94.759  157.025   89.931  -14.391  153.550   15.984    0.351705   -1.275563   -0.769746   -0.969770   -2.037185   -0.798024   -1.881155   -0.988903   -0.953486   31.504  -22.715  -10.421 S_000007
  11 P   -59.751  168.619   48.849   82.938 -146.309  -87.641   86.530   38.505   90.414  179.909    0.317167   -1.362033   -0.596010   -0.769891   -1.469235   -1.661336   -1.868791   -0.687808   -1.225659   32.067  -28.330  -11.749 S_000007
  12 N   152.009 -139.234   57.101   99.879    5.546  166.972   79.654   24.897  109.800   39.683    0.378818   -1.212424   -0.844741   -0.849528   -1.397805   -1.740243   -1.936123   -0.674557   -1.206956   36.335  -33.130  -12.205 S_000007
  13 N   -78.584  177.853   58.269   85.353 -159.048  -61.539   78.933   35.632   92.156  164.650    0.340521   -1.332776   -0.656602   -0.776072   -1.458627   -1.689912   -1.887203   -0.711151   -1.216673   40.423  -31.650  -17.080 S_000007
  14 N    25.083  167.218  -68.769   93.884  155.348  145.482   67.519   32.820   86.561  179.952    0.349497   -1.187284   -0.901785   -0.809981   -1.162841   -1.906199   -1.947949   -0.708939   -1.197505   45.148  -28.907  -16.965 S_000007
  15 N   -76.301  169.964   68.251   83.899 -161.169  -50.950   81.136   33.306   97.223  179.901    0.341563   -1.333808   -0.655988   -0.804321   -1.503070   -1.654075   -1.893888   -0.725195   -1.202327   48.578  -31.124  -11.802 S_000007
  16 N  -153.652  128.755  161.424  143.921 -153.217   56.773  160.808  -31.314  148.153  -37.264    0.343393   -0.225622   -1.472310   -0.819705   -1.084813   -1.967872   -1.945594   -0.715949   -1.195315   53.558  -31.975   -7.784 S_000007
  17 P   -66.507  167.161   50.876   83.037 -143.536  -58.501   76.492   41.761   85.768  -15.443    0.287594   -1.396638   -0.525383   -0.758415   -1.502775   -1.633489   -1.875849   -0.739157   -1.202003   55.237  -29.310   -4.178 S_000007
  18 P   122.021 -135.817  170.990   78.027   72.975  -54.619  103.318   32.626   95.875  -66.099    0.349443   -1.284422   -0.745638   -0.811506   -1.390037   -1.743935   -1.907437   -0.676870   -1.215804   54.966  -30.099    1.259 S_000007
  19 N  -155.994  158.984 -101.654  152.779    0.000    0.000  119.379  -39.110  157.818  179.883    0.365095   -0.069919   -1.470633   -0.710831   -1.041316   -1.932917   -1.877346   -0.684549   -1.220860   54.681  -26.658    3.985 S_000007
  20 H   -58.569  175.091   49.152   81.126    0.000    0.000   82.542   37.971   92.611  -74.410    0.325655   -1.363125   -0.582809   -0.769947   -1.489464   -1.642149   -1.862879   -0.701338   -1.220590   53.147  -27.637    2.482 S_000007
SCORE:     0.000                  0.000          0          2          5    S_000008
   1 H     0.000  170.252   55.279   80.729 -149.532  -83.728   72.929   51.301   81.774 -167.878    0.227244   -1.444515   -0.380155   -0.662497   -1.506291   -1.603840   -1.818701   -0.778678   -1.199667    3.794    0.984    0.238 S_000008
   2 P   -47.728  -96.810  176.569   91.434  163.111   21.139  -43.063   42.609   82.788  -74.471    0.292457   -1.299943   -0.724516   -0.738439   -1.201880   -1.826658   -1.896440   -0.635960   -1.245380    8.157    0.230   -4.280 S_000008
   3 N   -88.069  -47.561 -101.951  177.147 -158.246   64.909  153.989  -44.433  138.698  -22.026    0.200030    0.633404   -1.374637   -0.825448   -0.137373   -2.220278   -1.771447   -0.624090   -1.281226   12.059    3.352   -6.282 S_000008
   4 P   132.201 -170.136  172.043   82.935 -174.144  -99.458  113.946   35.506  102.658  -57.807    0.296716   -1.397482   -0.505598   -0.833698   -1.628991   -1.513709   -1.843882   -0.692077   -1.232421   18.017    3.110   -5.637 S_000008
   5 P   -65.833  158.642   63.517   82.044 -139.335  -59.511   69.033   39.302   98.489  -21.913    0.301070   -1.405106   -0.475743   -0.778129   -1.579558   -1.535637   -1.810911   -0.656474   -1.240103   22.818    2.840   -2.180 S_000008
   6 P  -160.735  100.475  166.098   97.494 -163.393  -34.671 -110.841   11.829  136.337   95.290    0.410971   -1.179243   -0.881078   -0.901230   -1.567988   -1.552099   -1.903237   -0.668675   -1.192323   28.421   -0.256   -0.106 S_000008
   7 P   -57.428  157.932   50.065   83.369 -133.827  -52.712   90.245   37.020   93.439    8.966    0.309294   -1.367409   -0.587895   -0.795350   -1.511392   -1.628308   -1.881303   -0.718425   -1.204400   30.709   -3.869    2.731 S_000008
   8 P   -60.428 -156.393   49.064   81.548 -157.760 -109.948  104.152   39.170   88.406  167.000    0.309498   -1.366252   -0.593440   -0.769650   -1.466437   -1.669517   -1.876267   -0.701514   -1.220855   32.518   -9.799    1.548 S_000008
   9 P   -24.592  125.672   52.825   76.792 -132.127  -72.573   57.242   36.879  102.025  -23.154    0.312121   -1.388461   -0.544051   -0.805917   -1.558219   -1.580912   -1.850646   -0.666422   -1.246052   35.304  -14.344    0.885 S_000008
  10 P   157.238  147.935   58.277   79.674   42.514   54.579   91.504   25.399  110.921  -15.363    0.388681   -1.298256   -0.708999   -0.835754   -1.573984   -1.591699   -1.889267   -0.715419   -1.204754   41.268  -17.034   -1.532 S_000008
  11 P     0.000 -142.662   60.586 -274.262  234.020  -82.970   57.243   38.807   89.241  -18.761    0.311768   -1.346862   -0.644071   -0.774566   -1.415029   -1.720445   -1.888736   -0.688518   -1.227139   43.434  -19.223   -3.838 S_000008
  12 P   -72.419 -173.226   52.421   83.127 -137.793  -44.853  101.151   40.092   87.343  -16.974    0.286320   -1.371324   -0.605570   -0.786954   -1.440549   -1.693089   -1.893013   -0.695931   -1.216947   44.066  -20.299    2.740 S_000008
  13 P   -55.609  147.384   49.449  142.267    0.000    0.000   89.311  -34.688  154.409   22.855    0.356105   -0.211063   -1.472091   -0.773123   -1.133157   -1.908630   -1.920873   -0.726192   -1.187573   44.645  -16.096    5.771 S_000008
  14 P   155.560  161.070 -178.457   84.276 -122.408  -98.195   69.445   34.862   99.023  -17.493    0.336436   -1.355400   -0.607953   -0.795993   -1.522882   -1.622071   -1.870210   -0.689281   -1.222321   47.216  -17.788    7.467 S_000008
  15 P   -53.012  168.416   61.750   89.272 -120.908  -60.195   56.553   36.970   85.535   67.735    0.330959   -1.289187   -0.730994   -0.772958   -1.326987   -1.789356   -1.901963   -0.688729   -1.219139   51.492  -21.581   10.542 S_000008
  16 P   -60.611  167.440   22.876  105.266 -146.902  -69.450   77.363   23.907   97.071  178.396    0.368809   -1.104022   -0.970402   -0.833675   -1.239883   -1.878970   -1.940153   -0.674935   -1.213706   57.464  -21.711   10.347 S_000008
  17 P   167.673  141.774   57.190   86.138 -144.481  -62.120   71.523   33.844   97.232   83.128    0.338088   -1.335029   -0.656236   -0.806511   -1.489496   -1.662586   -1.895625   -0.702056   -1.213088   60.064  -15.768    7.783 S_000008
  18 P   105.404 -151.499 -129.307  107.609 -106.000  -31.035   89.966    6.056  125.048    0.521    0.437137   -0.989555   -1.076117   -0.869504   -1.405892   -1.760342   -1.942016   -0.689222   -1.199238   59.851  -18.739    3.002 S_000008
  19 P    38.062  178.333 -102.088  119.795   18.826   19.350   97.201   11.936  108.561  116.066    0.396208   -0.606144   -1.344587   -0.861354   -0.678081   -2.241991   -1.910509   -0.618596   -1.261725   56.671  -22.000    1.793 S_000008
  20 H   -58.707   80.715  161.751   83.160    0.000    0.000   92.520   37.951   89.889  -26.740    0.320110   -1.357739   -0.616374   -0.774973   -1.466990   -1.679939   -1.893140   -0.732924   -1.204119   57.066  -22.490    2.342 S_000008
SCORE:     0.001                  0.001          0          2          3    S_000009
   1 H     0.000  170.252   55.279   87.703 -150.704  -64.198   76.327   34.908   97.413  130.398    0.335588   -1.331470   -0.649864   -0.791828   -1.471936   -1.670707   -1.874026   -0.679261   -1.230831    3.794    0.984    0.238 S_000009
   2 N   -66.357 -103.620  147.467   87.655  165.407   24.026  169.021   22.730 -139.800  100.168    0.378939   -1.308348   -0.685856   -0.876617   -1.631489   -1.509043   -1.895382   -0.712426   -1.195761    8.370   -1.280   -3.903 S_000009
   3 P   -56.791  177.354   40.256  115.622 -137.975  -29.598  139.101   -4.699  127.978   73.106    0.434207   -0.796441   -1.221408   -0.855712   -1.329577   -1.818973   -1.936965   -0.701536   -1.191423   10.717    2.789   -5.943 S_000009
   4 N   -65.298  160.441   56.521   79.021 -138.346  -75.712   85.864   41.421   92.465  -25.988    0.289686   -1.413815   -0.462854   -0.756057   -1.574065   -1.555562   -1.819364   -0.696408   -1.234118   14.778    5.503   -3.903 S_000009
   5 P   -56.377 -139.427   58.680  145.687 -127.315  127.606  162.004  -34.987  152.433 -179.314    0.327571   -0.126288   -1.487744   -0.803627   -1.029147   -1.978669   -1.936922   -0.713511   -1.197318   21.021    5.172   -1.613 S_000009
   6 N   154.353  160.932   58.820   85.812 -139.241  -65.581   80.347   36.413   90.677  -26.501    0.327557   -1.325683   -0.674232   -0.784713   -1.414691   -1.716618   -1.887061   -0.680927   -1.221595   24.456    9.857    1.312 S_000009
   7 P   -65.442  165.396   55.942   85.457 -151.574  -65.189   88.474   33.916   96.107  173.615    0.332789   -1.346920   -0.630515   -0.813072   -1.518855   -1.635468   -1.898817   -0.723155   -1.195136   23.514    7.636    6.835 S_000009
   8 N   -82.881  157.594   65.052   88.528  -96.996  -99.407   99.369   33.106  105.179  179.912    0.312424   -1.379238   -0.570568   -0.842815   -1.600647   -1.543379   -1.835866   -0.653654   -1.253665   20.433    3.325    9.623 S_000009
   9 P   -61.061  169.946   54.747   89.392 -131.296  -84.490  121.262   37.202   90.444 -136.159    0.329983   -1.301770   -0.703361   -0.772941   -1.353167   -1.763032   -1.881437   -0.644353   -1.244623   19.155   -3.111    8.760 S_000009
  10 P  -172.604  161.126  159.864  155.138 -101.607 -139.360  -48.863  -40.948  155.621   78.591    0.319081    0.026124   -1.484098   -0.731166   -0.944630   -1.986654   -1.887978   -0.700564   -1.211859   23.518   -8.670    9.050 S_000009
  11 N   -69.678  178.031   59.279   82.037 -145.046  -72.781   87.500   37.818   97.118  -13.655    0.310665   -1.397150   -0.518609   -0.787153   -1.577891   -1.565682   -1.839102   -0.688719   -1.231740   26.978  -14.452    7.714 S_000009
  12 P  -129.716 -162.904   83.966  150.805  -71.694   76.041  148.888  -35.179  144.064   17.545    0.342521   -0.045078   -1.486433   -0.772549   -0.918628   -2.033162   -1.894813   -0.698692   -1.204207   28.870  -19.920   11.506 S_000009
  13 P   -62.797  165.352   55.017   85.051 -147.626  -67.649  106.214   36.820   94.127 -167.644    0.322061   -1.359134   -0.609855   -0.787742   -1.492803   -1.655291   -1.879088   -0.699214   -1.221499   29.695  -22.725    9.991 S_000009
  14 N  -150.854  104.365   71.957   90.172 -147.326  -93.096  -40.937   32.199 -163.647  -22.990    0.341628   -1.307978   -0.715736   -0.826895   -1.430177   -1.692582   -1.919625   -0.678033   -1.224095   29.622  -28.768    7.248 S_000009
  15 P   -67.822 -155.003   54.723   87.859 -126.392 -136.767   74.130   33.407   94.768  160.292    0.343782   -1.342878   -0.622562   -0.803553   -1.526027   -1.615998   -1.895839   -0.731749   -1.187466   34.384  -30.528    2.724 S_000009
  16 P   -35.654  153.474   31.169   85.573 -151.527  -82.940   97.410   41.197   86.414  172.650    0.290609   -1.376838   -0.561301   -0.762865   -1.462801   -1.663565   -1.877343   -0.721697   -1.205164   39.844  -33.771    2.104 S_000009
  17 N   -70.975 -163.579   68.602   82.955 -149.310  -62.038   75.059   38.997   94.149  -28.045    0.304613   -1.388713   -0.549169   -0.779660   -1.524145   -1.618096   -1.864917   -0.704440   -1.217402   46.052  -35.238    3.924 S_000009
  18 N    40.215 -173.029  159.688   86.700  177.012   12.481  -70.548   32.991   96.748  -68.313    0.342357   -1.314166   -0.695822   -0.810986   -1.454941   -1.693408   -1.905043   -0.702145   -1.207433   49.432  -34.214    8.192 S_000009
  19 P   -60.913  175.797   51.853   80.646 -144.844  -63.758   72.936   41.600   90.005  -25.903    0.287231   -1.387344   -0.552873   -0.758085   -1.477765   -1.659077   -1.865646   -0.712473   -1.212723   52.490  -31.524    5.137 S_000009
  20 H   114.098 -154.031 -173.306   81.378    0.000    0.000   80.190   39.780   91.895  179.928    0.323693   -1.381988   -0.547368   -0.741869   -1.515750   -1.632559   -1.840682   -0.700765   -1.232914   52.305  -27.365    1.086 S_000009
SCORE:     0.000                  0.000          0          2          9    S_000010
   1 H     0.000  170.252   55.279   84.392 -148.503  -55.801   65.543   36.743   99.161  -29.792    0.311558   -1.396061   -0.503392   -0.805118   -1.594108   -1.529211   -1.829716   -0.672908   -1.236427    3.794    0.984    0.238 S_000010
   2 P   -66.903  177.154   68.594  154.905  -90.414  106.049  129.602  -32.928  146.335 -156.866    0.349527   -0.009473   -1.483216   -0.795625   -0.823784   -2.074911   -1.918789   -0.628138   -1.241841    7.888   -2.612   -2.325 S_000010
   3 P   145.834  169.864  160.515  116.771 -150.825  -95.969  116.851    6.639  112.778  -49.780    0.428419   -0.827735   -1.201961   -0.850477   -1.142936   -1.957796   -1.955336   -0.681649   -1.210816   13.412   -3.518   -1.283 S_000010
   4 P   -49.025  149.557   47.078   82.750 -145.271  -69.033   88.614   38.480   94.073   -6.167    0.306466   -1.371193   -0.549439   -0.777829   -1.517522   -1.609426   -1.852501   -0.692208   -1.216353   17.830   -3.188    2.590 S_000010
   5 P   -68.171 -177.260   51.540   80.723 -147.870  -59.791   85.454   33.177  101.611  -29.716    0.347848   -1.358223   -0.588002   -0.797638   -1.573447   -1.571523   -1.862360   -0.726460   -1.201317   21.583   -6.838    6.150 S_000010
   6 P  -128.478 -136.876   69.678   87.194 -121.595  -59.944   94.113   38.927   85.296  -23.024    0.305851   -1.343589   -0.646018   -0.781399   -1.401377   -1.721634   -1.892065   -0.684518   -1.222601   25.984  -11.737    4.136 S_000010
   7 N   -97.549 -164.762   59.336   91.871 -127.586   65.078   90.914   37.315   92.975  -36.597    0.285018   -1.322097   -0.711474   -0.821387   -1.365643   -1.762337   -1.927077   -0.644062   -1.248514   28.199   -9.039   -1.511 S_000010
   8 N    73.336 -145.930   65.716   88.624 -152.466  -52.250   72.039   37.863   91.546  -26.175    0.307990   -1.365377   -0.595801   -0.788332   -1.491624   -1.654147   -1.885184   -0.710447   -1.213321   31.717   -9.252    0.722 S_000010
   9 N  -112.916   73.047  155.670   92.860 -171.372  -82.453   65.163   35.655   85.492  -66.299    0.336241   -1.240374   -0.823639   -0.780957   -1.230774   -1.863275   -1.920568   -0.732246   -1.190282   28.743  -13.989    0.545 S_000010
  10 P    90.227 -127.081 -150.713   82.253 -129.424  -73.849  -50.286   33.603   97.534  -21.932    0.334435   -1.349293   -0.630402   -0.817321   -1.524796   -1.630139   -1.895620   -0.723409   -1.203148   29.998  -17.612    3.808 S_000010
  11 P  -107.319   79.099  167.292   84.070 -130.682  -74.105   62.042   40.406   88.517  -22.237    0.311118   -1.368851   -0.595316   -0.752790   -1.440159   -1.688069   -1.879994   -0.727387   -1.201946   33.203  -20.064    8.028 S_000010
  12 N   -81.316  128.849  -62.977  104.199    0.000    0.000  115.448   14.451  126.296    2.343    0.400229   -1.198706   -0.865478   -0.896682   -1.565163   -1.587764   -1.922783   -0.686259   -1.202852   38.465  -21.924    9.589 S_000010
  13 P   -76.775 -172.540   52.697   82.351 -147.786  -73.375   79.760   38.606   91.071 -178.036    0.314681   -1.375413   -0.571004   -0.772499   -1.504580   -1.638739   -1.869649   -0.710280   -1.218284   38.113  -22.930   12.165 S_000010
  14 P   -89.926  162.424   48.524   95.700 -152.156  -70.690   61.372   27.395  100.879   -9.168    0.340916   -1.237245   -0.813497   -0.840085   -1.422176   -1.741347   -1.918020   -0.686012   -1.211431   40.318  -23.644   18.013 S_000010
  15 P    55.198 -135.935  -63.314  129.823 -138.133 -122.026  -50.037  -24.590  146.871 -177.812    0.430171   -0.232990   -1.446075   -0.790036   -0.956098   -2.016309   -1.909673   -0.700146   -1.206941   45.393  -23.035   18.047 S_000010
  16 N   165.557  162.353   60.734   89.270 -138.279  -68.325   70.837   34.730   94.271  -13.163    0.352500   -1.304370   -0.703958   -0.773357   -1.412889   -1.731682   -1.872583   -0.671026   -1.236639   51.498  -24.717   21.733 S_000010
  17 P   -46.703  163.775   47.373   77.866 -140.571  -81.760   88.254   41.818   86.316  -24.233    0.299915   -1.399051   -0.512536   -0.744304   -1.507177   -1.618128   -1.851271   -0.730034   -1.211345   54.605  -27.513   17.616 S_000010
  18 P   -54.787  176.698   48.945   86.897 -164.498  -78.214   82.729   34.612   92.213  173.704    0.325572   -1.325097   -0.665891   -0.802741   -1.461187   -1.681164   -1.892083   -0.706656   -1.205985   55.505  -29.230   11.602 S_000010
  19 P   -75.329 -176.435   52.104   85.359 -138.934  -80.729   82.325   33.426   97.849  -21.373    0.343478   -1.334072   -0.655134   -0.804879   -1.496527   -1.654728   -1.894558   -0.709774   -1.206926   55.055  -29.323    5.287 S_000010
  20 H   101.555 -106.903 -173.274   89.251    0.000    0.000   43.455   34.470   91.187  169.831    0.349908   -1.276242   -0.742302   -0.777665   -1.355610   -1.766737   -1.889875   -0.688223   -1.217891   52.570  -25.686    2.830 S_000010
