SEQUENCE: gug
SCORE:     score    rna_stub_coord_hack       N_WC      N_NWC       N_BS description
REMARK RNA 
SCORE:     0.074                  0.074          0          0          0    S_000001
   1 H     0.000  170.252   55.279  134.600 -118.684  -27.201  114.011  -21.444  147.509   11.369    0.428700   -0.462523   -1.384120   -0.829049   -1.202586   -1.862737   -1.937559   -0.679380   -1.194235    3.794    0.984    0.238 S_000001
   2 N   157.972 -132.733  176.834  147.316 -147.664 -132.370   93.539  -35.585  157.310  132.932    0.334836   -0.174948   -1.481171   -0.790795   -1.105511   -1.925075   -1.933577   -0.714100   -1.197252    3.001   -0.236   -4.909 S_000001
   3 H   -56.064  168.304   57.259   76.174    0.000    0.000   60.922   40.168   96.980  179.937    0.287141   -1.421428   -0.516707   -0.785853   -1.564575   -1.600098   -1.859304   -0.648337   -1.270899   -2.901   -0.826   -7.578 S_000001
SCORE:     0.075                  0.075          0          0          0    S_000002
   1 H     0.000  170.252   55.279   86.771 -126.188  -19.048   92.029   31.338  101.708  -15.240    0.338422   -1.359656   -0.606643   -0.833231   -1.590892   -1.560265   -1.896153   -0.751303   -1.174090    3.794    0.984    0.238 S_000002
   2 N   157.972 -132.733  176.834  147.316 -147.664 -132.370   93.539  -35.585  157.310  132.932    0.334836   -0.174948   -1.481171   -0.790795   -1.105511   -1.925075   -1.933577   -0.714100   -1.197252    2.013   -2.740   -3.200 S_000002
   3 H   -72.320  176.678   55.419   86.661    0.000    0.000   67.869   37.325   89.325 -169.397    0.308740   -1.358744   -0.593171   -0.793266   -1.496520   -1.643622   -1.887908   -0.728360   -1.193809   -3.173   -6.908   -2.182 S_000002
SCORE:     0.075                  0.075          0          0          0    S_000003
   1 H     0.000  170.252   55.279   86.771 -126.188  -19.048   92.029   31.338  101.708  -15.240    0.338422   -1.359656   -0.606643   -0.833231   -1.590892   -1.560265   -1.896153   -0.751303   -1.174090    3.794    0.984    0.238 S_000003
   2 N   157.972 -132.733  176.834  147.316 -147.664 -132.370   93.539  -35.585  157.310  132.932    0.334836   -0.174948   -1.481171   -0.790795   -1.105511   -1.925075   -1.933577   -0.714100   -1.197252    2.013   -2.740   -3.200 S_000003
   3 H   -71.737 -159.148   43.936   88.990    0.000    0.000   80.355   36.107   91.853  -12.604    0.304221   -1.358373   -0.587989   -0.818239   -1.515965   -1.618747   -1.892082   -0.729789   -1.184230   -3.053   -7.427   -2.404 S_000003
SCORE:     0.093                  0.093          0          0          0    S_000004
   1 H     0.000  170.252   55.279  139.953 -102.573  -51.440  133.398  -40.048  163.308  166.308    0.288186   -0.285356   -1.465299   -0.814555   -1.330075   -1.705689   -1.936156   -0.635672   -1.228567    3.794    0.984    0.238 S_000004
   2 N   157.972 -132.733  176.834  147.316 -147.664 -132.370   93.539  -35.585  157.310  132.932    0.334836   -0.174948   -1.481171   -0.790795   -1.105511   -1.925075   -1.933577   -0.714100   -1.197252    3.565   -0.023   -5.180 S_000004
   3 H   -48.858  140.456   73.010   80.806    0.000    0.000   75.166   38.827   91.086  179.919    0.310983   -1.379691   -0.567474   -0.771471   -1.514825   -1.639847   -1.864569   -0.700399   -1.231690   -1.684   -0.922   -7.959 S_000004
SCORE:     0.082                  0.082          0          0          0    S_000005
   1 H     0.000  170.252   55.279   82.537  -96.657  -51.868   66.033   36.181   89.463  -22.902    0.344875   -1.324643   -0.670602   -0.771113   -1.416543   -1.710575   -1.887192   -0.707791   -1.212273    3.794    0.984    0.238 S_000005
   2 N   157.972 -132.733  176.834  147.316 -147.664 -132.370   93.539  -35.585  157.310  132.932    0.334836   -0.174948   -1.481171   -0.790795   -1.105511   -1.925075   -1.933577   -0.714100   -1.197252    1.775   -2.600   -3.292 S_000005
   3 H   161.744  169.106  173.623   81.606    0.000    0.000   69.278   41.729   83.309  179.914    0.274289   -1.404907   -0.553146   -0.778332   -1.483589   -1.658768   -1.881511   -0.748940   -1.193772   -3.459   -7.701   -3.506 S_000005
SCORE:     0.106                  0.106          0          0          0    S_000006
   1 H     0.000  170.252   55.279  151.226  -94.055  -19.049   81.060  -32.087  141.248 -124.772    0.345654    0.002973   -1.485773   -0.809317   -0.789450   -2.109197   -1.913442   -0.661924   -1.228602    3.794    0.984    0.238 S_000006
   2 P   -56.337  171.902   59.214  132.651 -176.879 -139.628  114.415  -28.222  156.440  -49.404    0.406967   -0.204281   -1.462177   -0.786864   -0.988477   -1.975335   -1.922560   -0.680038   -1.219327    3.340    0.115   -4.419 S_000006
   3 H   159.478 -165.426  169.801   80.976    0.000    0.000   65.466   41.508   82.817  179.913    0.316096   -1.333974   -0.650581   -0.732610   -1.339060   -1.764013   -1.868813   -0.666942   -1.236975   -0.540    1.703  -10.030 S_000006
SCORE:     0.106                  0.106          0          0          0    S_000007
   1 H     0.000  170.252   55.279   87.557 -117.669  -37.939   51.936   35.979   88.170 -167.432    0.349981   -1.261347   -0.770600   -0.765418   -1.283818   -1.818580   -1.899800   -0.680481   -1.212872    3.794    0.984    0.238 S_000007
   2 N   157.972 -132.733  176.834  147.316 -147.664 -132.370   93.539  -35.585  157.310  132.932    0.334836   -0.174948   -1.481171   -0.790795   -1.105511   -1.925075   -1.933577   -0.714100   -1.197252    2.392   -2.974   -3.317 S_000007
   3 H   -68.020 -175.302   57.360   83.195    0.000    0.000   81.876   35.075   99.225  165.199    0.350620   -1.340756   -0.634769   -0.764857   -1.501905   -1.658746   -1.850069   -0.678555   -1.241990   -1.842   -8.191   -2.360 S_000007
SCORE:     0.106                  0.106          0          0          0    S_000008
   1 H     0.000  170.252   55.279  151.226  -94.055  -19.049   81.060  -32.087  141.248 -124.772    0.345654    0.002973   -1.485773   -0.809317   -0.789450   -2.109197   -1.913442   -0.661924   -1.228602    3.794    0.984    0.238 S_000008
   2 P   -56.337  171.902   59.214  132.651 -176.879 -139.628  114.415  -28.222  156.440  -49.404    0.406967   -0.204281   -1.462177   -0.786864   -0.988477   -1.975335   -1.922560   -0.680038   -1.219327    3.340    0.115   -4.419 S_000008
   3 H   -65.065  167.973   50.957   79.135    0.000    0.000   77.815   41.259   90.715  179.933    0.301254   -1.399637   -0.511146   -0.748049   -1.527805   -1.610578   -1.839499   -0.698625   -1.234881   -0.473   -0.308   -9.490 S_000008
SCORE:     0.108                  0.108          0          0          0    S_000009
   1 H     0.000  170.252   55.279  121.451 -119.213  -23.893  130.975  -17.964  148.634  112.333    0.394088   -0.667800   -1.317514   -0.885196   -1.400416   -1.744772   -1.965543   -0.728317   -1.160505    3.794    0.984    0.238 S_000009
   2 P   152.146 -138.456  173.644   82.419  178.588  -64.420   44.660   35.949   96.323 -164.477    0.329583   -1.352007   -0.620312   -0.786574   -1.502439   -1.657000   -1.880065   -0.726057   -1.209461    2.382   -0.890   -4.471 S_000009
   3 H   -45.298  179.554   45.385   76.555    0.000    0.000   76.194   37.552   95.948  -21.275    0.288798   -1.427224   -0.439070   -0.817810   -1.671096   -1.469874   -1.875158   -0.790695   -1.157845   -2.553   -2.906   -5.976 S_000009
SCORE:     0.081                  0.081          0          0          0    S_000010
   1 H     0.000  170.252   55.279   89.825 -120.790  -28.608   68.904   21.657  114.062  -19.005    0.377024   -1.269873   -0.761229   -0.871602   -1.588107   -1.592187   -1.923696   -0.749276   -1.172628    3.794    0.984    0.238 S_000010
   2 N   157.972 -132.733  176.834  147.316 -147.664 -132.370   93.539  -35.585  157.310  132.932    0.334836   -0.174948   -1.481171   -0.790795   -1.105511   -1.925075   -1.933577   -0.714100   -1.197252    2.126   -2.699   -3.349 S_000010
   3 H   153.240 -144.964 -172.695   84.553    0.000    0.000   55.202   34.581   99.587  179.899    0.333948   -1.356466   -0.614408   -0.798642   -1.538909   -1.630352   -1.881917   -0.717475   -1.213325   -3.692   -6.364   -4.517 S_000010
