SEQUENCE: gaaaaaaaag
SCORE:     score    rna_stub_coord_hack       N_WC      N_NWC       N_BS description
REMARK RNA 
SCORE:    19.279                 19.279          0          1          2    S_000001
   1 H     0.000  170.252   55.279   79.791 -132.582 -166.392   70.813   36.287   96.360  -19.990    0.316936   -1.410601   -0.480778   -0.795741   -1.651336   -1.496708   -1.863860   -0.774311   -1.176148    3.794    0.984    0.238 S_000001
   2 P   173.330 -176.176  173.161   89.236 -120.118 -113.526   66.601   30.578  105.566 -179.411    0.341486   -1.333597   -0.661409   -0.838980   -1.537240   -1.610372   -1.902227   -0.711169   -1.197381    6.269    1.027   -6.618 S_000001
   3 P   168.992 -156.630  174.212   86.705 -137.197 -119.664  108.197   33.640   99.366  -15.229    0.329923   -1.352776   -0.624135   -0.819988   -1.531632   -1.621327   -1.886817   -0.697388   -1.214338    5.766   -0.753  -13.479 S_000001
   4 P   171.747  153.395  159.041  148.712 -150.900 -143.856  163.298  -31.676  141.216  -34.261    0.335662   -0.099384   -1.482186   -0.823846   -0.920479   -2.044532   -1.934389   -0.708140   -1.198506    3.034   -2.901  -19.930 S_000001
   5 P   -55.089  173.538   51.274   86.239 -171.549  -67.592   83.245   32.949   95.914  -70.659    0.342672   -1.321830   -0.669514   -0.812806   -1.480409   -1.664521   -1.893787   -0.695884   -1.209959    1.469   -2.459  -26.266 S_000001
   6 P   -63.250  175.683   65.794  149.949 -131.110 -149.590  116.670  -46.360  165.701  151.659    0.291047   -0.023190   -1.497427   -0.685692   -1.116595   -1.889345   -1.874813   -0.741826   -1.205416    0.604   -3.221  -32.012 S_000001
   7 P  -150.263  137.150  162.005   85.519 -143.757  -61.655   64.628   39.702   84.506   99.951    0.295141   -1.332554   -0.685537   -0.782837   -1.333764   -1.762805   -1.900101   -0.686617   -1.207950    1.293   -3.553  -38.904 S_000001
   8 N   159.691 -170.590 -174.109   88.343 -146.100  -64.645   64.868   37.125   98.321   81.301    0.318687   -1.369463   -0.573472   -0.783925   -1.523176   -1.616361   -1.852265   -0.662433   -1.260222    0.814   -3.839  -45.398 S_000001
   9 N   -47.009 -156.943   43.129  136.535 -108.297 -129.744  -43.653  -37.484  173.233  179.919    0.311316   -0.514768   -1.402360   -0.821301   -1.538355   -1.515089   -1.920402   -0.777227   -1.165554    0.341   -5.900  -51.298 S_000001
  10 H     0.000 -178.210   59.668 -275.225    0.000    0.000   68.560   38.180   89.550   75.585    0.328757   -1.339754   -0.642416   -0.747637   -1.427966   -1.702592   -1.882845   -0.702930   -1.205800   -1.720   -5.610  -57.605 S_000001
SCORE:    18.878                 18.878          0          0          2    S_000002
   1 H     0.000  170.252   55.279   82.994  -55.660 -137.621   53.019   34.286   95.117  -21.085    0.336096   -1.337245   -0.654011   -0.799981   -1.490636   -1.667558   -1.888778   -0.718645   -1.208817    3.794    0.984    0.238 S_000002
   2 P   161.023  139.121   55.500  153.727 -123.271  175.609   98.961  -39.837  160.777  -92.184    0.316133   -0.114002   -1.485065   -0.754793   -1.110128   -1.910535   -1.913633   -0.713393   -1.208659    3.845    1.563   -6.649 S_000002
   3 P  -170.283  161.190 -176.306  140.990 -163.860 -102.059  133.153  -32.306  149.951  165.152    0.350717   -0.168927   -1.477787   -0.803819   -1.029144   -1.981828   -1.933928   -0.657356   -1.225843    4.791    0.018  -13.342 S_000002
   4 P   -68.794  170.262   51.869   85.590 -138.113  -70.733  103.681   39.525   90.839  -14.931    0.319911   -1.382931   -0.570700   -0.756805   -1.491032   -1.650659   -1.844495   -0.673620   -1.264005    4.036    0.990  -19.537 S_000002
   5 P  -147.370  132.427  163.030   85.740 -133.620  -84.078   67.702   34.176   93.870  -15.107    0.344463   -1.309014   -0.688719   -0.791759   -1.433451   -1.704701   -1.888885   -0.699291   -1.211989    3.737   -2.140  -25.498 S_000002
   6 P   -83.701 -126.382  174.367   82.597 -141.195  -77.743   85.333   36.881   96.270  174.334    0.315541   -1.381866   -0.574896   -0.795241   -1.544139   -1.617953   -1.869527   -0.718731   -1.207762    1.927   -4.917  -31.708 S_000002
   7 P  -128.384  113.180  162.852   86.269 -121.412  -87.458   58.577   34.811   87.922  -17.940    0.354485   -1.288841   -0.734645   -0.775911   -1.359654   -1.760900   -1.893358   -0.695028   -1.213425    2.779   -4.421  -38.050 S_000002
   8 P   163.328  133.174   67.642  136.998 -137.626 -154.012   89.421  -30.525  152.645   30.625    0.372295   -0.416181   -1.425075   -0.793600   -1.311181   -1.799090   -1.926431   -0.784884   -1.148790    5.278   -3.082  -44.618 S_000002
   9 N  -148.162  164.915  118.385  145.355 -109.323 -178.043  158.161  -25.949  134.973  153.436    0.357113   -0.162484   -1.477571   -0.854725   -0.883260   -2.080780   -1.943630   -0.688761   -1.201220    4.598   -5.031  -51.452 S_000002
  10 H    86.644 -118.013  176.623   87.243    0.000    0.000  114.156   33.553   97.763  -20.113    0.344709   -1.323345   -0.677295   -0.799864   -1.468815   -1.681229   -1.891158   -0.692049   -1.221750    6.154   -6.189  -57.243 S_000002
SCORE:    18.884                 18.884          0          1          1    S_000003
   1 H     0.000  170.252   55.279   83.938  -91.538 -118.587   57.798   35.120   91.832  -14.600    0.347511   -1.344615   -0.614786   -0.778096   -1.502583   -1.634902   -1.871686   -0.711170   -1.203481    3.794    0.984    0.238 S_000003
   2 P  -160.249  166.068  171.487   91.115 -136.630 -101.713   76.539   34.876   95.142  175.357    0.323572   -1.335492   -0.650661   -0.813480   -1.473315   -1.673547   -1.901744   -0.711585   -1.198626    5.478   -0.600   -6.570 S_000003
   3 P  -166.924 -154.036  159.889   90.332 -178.658 -136.635   73.477   26.413  115.255    3.673    0.345049   -1.323606   -0.689620   -0.882069   -1.572952   -1.568229   -1.923026   -0.712384   -1.176451    4.892    0.196  -13.641 S_000003
   4 N   159.691 -170.590 -174.109   88.343 -146.100  -64.645   64.868   37.125   98.321   81.301    0.318687   -1.369463   -0.573472   -0.783925   -1.523176   -1.616361   -1.852265   -0.662433   -1.260222    5.955    1.083  -20.508 S_000003
   5 P   -51.366  159.456   57.860   97.555  162.044 -150.575  116.893   13.664  118.090  -85.317    0.420194   -1.081106   -1.003611   -0.869052   -1.395608   -1.775530   -1.933883   -0.679967   -1.200976    6.983    0.127  -26.045 S_000003
   6 P   164.582 -172.155 -177.961   81.839 -121.188  -67.685   55.563   37.901   94.530  -40.595    0.329303   -1.376646   -0.558737   -0.763218   -1.531940   -1.616400   -1.853665   -0.704182   -1.225149    9.230   -1.594  -32.419 S_000003
   7 P  -145.272  107.505  161.174   94.670  147.437  143.710   84.320   28.447   90.169 -113.690    0.361024   -1.094483   -0.996074   -0.845065   -1.073377   -1.943138   -1.954076   -0.689021   -1.181845    9.463   -3.511  -38.772 S_000003
   8 P   -59.635 -160.120   48.664  147.679  -98.057 -148.024  -46.170  -37.674  158.172 -162.643    0.328942   -0.194641   -1.477977   -0.765558   -1.170944   -1.888938   -1.920786   -0.746690   -1.186433    6.423   -3.681  -44.838 S_000003
   9 P    66.688 -144.704 -163.902  148.105 -139.268 -155.489  -41.230  -37.998  156.482 -171.186    0.307073   -0.167585   -1.483056   -0.788817   -1.141272   -1.898846   -1.932231   -0.728804   -1.188714    6.378   -5.108  -51.163 S_000003
  10 H   -64.162  179.894   51.549   79.093    0.000    0.000   78.961   39.754   95.698 -136.473    0.291540   -1.416025   -0.467562   -0.785039   -1.596033   -1.537660   -1.843474   -0.707425   -1.223287    4.678   -4.770  -57.606 S_000003
SCORE:    19.353                 19.353          0          0          1    S_000004
   1 H     0.000  170.252   55.279   85.097  -91.014 -146.040   97.290   40.484   89.809  -23.773    0.279206   -1.383583   -0.546356   -0.786233   -1.496460   -1.637570   -1.903040   -0.737319   -1.205325    3.794    0.984    0.238 S_000004
   2 N   -50.833  172.709   53.505   77.541 -154.240  -76.321   71.938   40.219   93.667  179.906    0.286837   -1.431751   -0.437548   -0.785138   -1.631484   -1.513637   -1.842638   -0.738993   -1.207657    6.971    1.017   -5.688 S_000004
   3 P  -177.185 -173.566  155.371  145.456  -98.754  179.352  138.838  -24.197  141.689  170.602    0.366879   -0.185448   -1.467973   -0.847005   -0.869502   -2.069646   -1.938630   -0.653402   -1.218242    5.348    0.811  -12.323 S_000004
   4 P    88.446  152.233 -177.309   99.607 -163.833  -94.509  109.798   24.470  101.567  -63.346    0.357266   -1.161357   -0.924890   -0.846544   -1.335259   -1.840463   -1.925885   -0.663645   -1.234091    5.769    0.301  -19.355 S_000004
   5 P   179.099 -167.499  165.649  155.148 -107.586  148.241  103.768  -34.735  141.659   28.062    0.314041    0.107935   -1.489468   -0.823698   -0.701951   -2.120322   -1.901345   -0.710070   -1.203154    4.651   -1.282  -25.983 S_000004
   6 P   128.583 -135.584  175.948   84.475 -126.990  -62.960   51.772   37.776   92.020  -21.581    0.320841   -1.349244   -0.634712   -0.778431   -1.443855   -1.696508   -1.885445   -0.693710   -1.222567    6.924   -0.316  -31.989 S_000004
   7 N   124.186   93.998    9.785  137.904 -159.067  160.088   89.953  -36.158  161.442   31.070    0.323702   -0.286103   -1.466193   -0.797403   -1.258219   -1.829089   -1.952232   -0.757296   -1.174424    5.833   -0.910  -38.482 S_000004
   8 P    97.044 -159.469  179.707  155.744  -97.613 -167.920  -41.320  -40.876  161.823 -176.176    0.303889   -0.071282   -1.489084   -0.757469   -1.076729   -1.923939   -1.915183   -0.715022   -1.208509    7.893   -0.242  -44.665 S_000004
   9 P   132.201 -170.136  172.043   82.935 -174.144  -99.458  113.946   35.506  102.658  -57.807    0.296716   -1.397482   -0.505598   -0.833698   -1.628991   -1.513709   -1.843882   -0.692077   -1.232421    9.390   -1.882  -51.439 S_000004
  10 H   -70.833  171.859   67.512   80.895    0.000    0.000   60.281   36.194   94.173  179.919    0.303672   -1.385349   -0.556349   -0.817892   -1.568176   -1.583215   -1.890944   -0.744567   -1.186279   12.407   -3.702  -56.547 S_000004
SCORE:    19.772                 19.772          0          0          2    S_000005
   1 H     0.000  170.252   55.279   87.005 -139.225 -178.501   55.760   33.747   99.080  -48.627    0.326486   -1.352318   -0.625592   -0.817834   -1.530331   -1.622185   -1.888038   -0.709290   -1.204933    3.794    0.984    0.238 S_000005
   2 P   -62.721 -173.367   37.813   82.363 -174.023  -60.548   82.666   32.870   95.630  -75.330    0.332475   -1.372230   -0.578554   -0.824355   -1.600567   -1.556819   -1.911352   -0.793627   -1.148762    5.671    2.944   -5.666 S_000005
   3 P  -166.898   57.415  164.201   84.573 -140.977  -65.616   66.700   35.291   96.775  -22.631    0.321818   -1.367659   -0.593412   -0.810656   -1.539393   -1.613780   -1.888899   -0.719215   -1.201128    5.433    1.288  -12.084 S_000005
   4 P   -84.822  165.539   77.007   82.023 -144.893 -140.751   72.666   34.410  106.707  -90.371    0.361923   -1.369970   -0.578431   -0.767639   -1.551615   -1.568297   -1.785777   -0.612471   -1.270672    4.926    0.981  -18.284 S_000005
   5 P   -67.601  173.259   58.690  157.464 -135.211 -147.785  162.259  -40.470  165.113 -137.280    0.315507    0.031025   -1.496384   -0.749112   -0.932260   -1.997702   -1.908468   -0.713312   -1.224472    4.989   -0.639  -24.746 S_000005
   6 P   -65.076 -178.561   50.890   82.033  172.301  -98.139   97.082   37.385   96.141 -153.256    0.273990   -1.386814   -0.568385   -0.828927   -1.551060   -1.613081   -1.894165   -0.701245   -1.211693    4.626   -0.569  -31.484 S_000005
   7 P   168.992 -156.630  174.212   86.705 -137.197 -119.664  108.197   33.640   99.366  -15.229    0.329923   -1.352776   -0.624135   -0.819988   -1.531632   -1.621327   -1.886817   -0.697388   -1.214338    5.127   -1.752  -37.883 S_000005
   8 P   138.654 -155.499 -178.803   84.573 -157.267  -66.638   83.895   40.356   83.626  124.921    0.305788   -1.350020   -0.635906   -0.759551   -1.396016   -1.733941   -1.894166   -0.717771   -1.217153    5.913   -2.240  -44.710 S_000005
   9 P   -82.534 -147.865   56.470  137.591  -66.592 -145.303  136.505  -29.777  155.494    9.743    0.357452   -0.356921   -1.433932   -0.813930   -1.221796   -1.863159   -1.940128   -0.684621   -1.212727    7.666   -1.075  -51.038 S_000005
  10 H     0.000 -178.219   68.587   80.278    0.000    0.000   74.624   44.446   84.924  -18.291    0.273391   -1.418086   -0.504582   -0.731140   -1.491576   -1.643613   -1.846080   -0.744725   -1.198913   10.963   -2.825  -56.566 S_000005
SCORE:    19.518                 19.518          0          0          2    S_000006
   1 H     0.000  170.252   55.279  145.726 -150.795  121.278  149.400  -38.180  161.115  128.328    0.316445   -0.203518   -1.476993   -0.778904   -1.192472   -1.862922   -1.932964   -0.736934   -1.190189    3.794    0.984    0.238 S_000006
   2 P   152.638  133.371 -164.851   80.834 -154.970  -66.931  123.690   31.389  105.683  163.785    0.343562   -1.372884   -0.556790   -0.824956   -1.642144   -1.505629   -1.862930   -0.737757   -1.198496    7.660    2.305   -5.139 S_000006
   3 P   153.593 -174.720  175.405   87.006 -138.710  -67.800   71.797   39.975   84.634  -27.176    0.310808   -1.344282   -0.636662   -0.756981   -1.396052   -1.728260   -1.883757   -0.705854   -1.219704   11.137    2.789  -10.675 S_000006
   4 P  -148.588  133.443  138.027   85.064 -127.867  -81.381   73.376   37.219   95.049  -13.856    0.320946   -1.350869   -0.610637   -0.781786   -1.471736   -1.659254   -1.868671   -0.699104   -1.208886   16.282    3.995  -14.832 S_000006
   5 P   -82.065 -169.133  159.105  130.152 -118.962 -131.679  102.280  -28.889  151.726  167.282    0.365724   -0.408328   -1.424356   -0.816562   -1.273284   -1.838067   -1.942577   -0.701107   -1.207967   22.312    6.046  -17.186 S_000006
   6 P   133.231  -95.622  152.652   89.513  169.105 -133.943   80.474   17.341  127.879  -87.358    0.354101   -1.299334   -0.738039   -0.953084   -1.657539   -1.453322   -1.935477   -0.715656   -1.158521   25.569    7.837  -22.227 S_000006
   7 P   -56.781  170.414   53.556   83.718 -153.090  -82.343   96.498   40.849   84.822 -112.564    0.307267   -1.355750   -0.617232   -0.748354   -1.410914   -1.722072   -1.877339   -0.707083   -1.221037   30.468    8.827  -25.847 S_000006
   8 N  -148.022  144.508 -177.617   93.488 -141.099  -71.036   13.511   23.881  123.218   -7.754    0.352280   -1.397577   -0.511532   -0.899902   -1.787483   -1.297851   -1.871512   -0.779200   -1.153331   35.390    7.820  -30.444 S_000006
   9 P  -170.283  161.190 -176.306  140.990 -163.860 -102.059  133.153  -32.306  149.951  165.152    0.350717   -0.168927   -1.477787   -0.803819   -1.029144   -1.981828   -1.933928   -0.657356   -1.225843   39.615    8.435  -35.875 S_000006
  10 H  -137.745   79.149  173.673   88.717    0.000    0.000   56.768   35.383   88.996  -12.202    0.348120   -1.282853   -0.741984   -0.775243   -1.338912   -1.778095   -1.903835   -0.703480   -1.206306   45.234    9.994  -38.514 S_000006
SCORE:    19.355                 19.355          0          1          1    S_000007
   1 H     0.000  170.252   55.279   79.282 -130.816  -78.954   74.029   40.755   92.883  -18.333    0.286699   -1.415784   -0.485758   -0.773709   -1.569464   -1.572785   -1.864135   -0.740057   -1.201678    3.794    0.984    0.238 S_000007
   2 P   -76.895 -164.654   71.604   92.651  -84.299 -131.025  119.644   25.707  115.823  -31.061    0.354520   -1.344994   -0.645012   -0.874538   -1.648450   -1.508874   -1.879933   -0.703937   -1.215280    7.589   -2.148   -4.393 S_000007
   3 N   167.952 -167.959  154.203  145.211 -155.376 -167.633   19.536  -32.174  148.043  -55.599    0.332777   -0.133501   -1.484945   -0.828850   -0.980089   -2.013944   -1.953344   -0.695714   -1.205944    6.494   -1.184  -11.371 S_000007
   4 N  -175.101 -147.674  159.572  141.718  176.133  146.872   62.364  -31.811 -103.226   76.911    0.331832   -0.177856   -1.485199   -0.843536   -1.029654   -1.962328   -1.977627   -0.691472   -1.204184    4.534   -0.595  -18.375 S_000007
   5 N  -170.154 -138.183  118.076   92.402 -133.538  -92.167   64.458   33.153   97.043  -20.446    0.343406   -1.273560   -0.766499   -0.792396   -1.375208   -1.775615   -1.917643   -0.724415   -1.199633    4.542   -0.297  -25.631 S_000007
   6 P  -167.703 -174.030 -172.706  150.262  -82.754  -98.128  162.319  -37.418  153.934  -96.537    0.341290   -0.123580   -1.479847   -0.753212   -1.075808   -1.949425   -1.900641   -0.697829   -1.213259    0.331   -2.445  -30.930 S_000007
   7 P   -61.782 -140.498   56.795  140.224 -153.193 -144.278  165.784  -33.826  159.973  156.711    0.349592   -0.388033   -1.431578   -0.793415   -1.340736   -1.762595   -1.940106   -0.795494   -1.147865   -1.544   -2.949  -37.501 S_000007
   8 P   171.747  153.395  159.041  148.712 -150.900 -143.856  163.298  -31.676  141.216  -34.261    0.335662   -0.099384   -1.482186   -0.823846   -0.920479   -2.044532   -1.934389   -0.708140   -1.198506    1.156   -4.260  -44.178 S_000007
   9 P  -154.050  145.148  124.520   89.904 -156.931 -129.437   98.571   22.752  116.377   53.243    0.366115   -1.304268   -0.738772   -0.890164   -1.596323   -1.568220   -1.925176   -0.727709   -1.180955    1.798   -6.834  -50.732 S_000007
  10 H   -63.079  167.048   55.312   79.928    0.000    0.000   79.914   40.737   89.584 -170.816    0.305895   -1.392165   -0.522866   -0.752800   -1.516782   -1.616587   -1.851404   -0.702240   -1.230533    2.447  -10.755  -55.819 S_000007
SCORE:    19.442                 19.442          0          0          3    S_000008
   1 H     0.000  170.252   55.279   88.312  -85.548 -112.783  124.877   32.446   94.070 -104.009    0.353816   -1.265844   -0.772148   -0.796331   -1.365841   -1.770922   -1.898179   -0.679044   -1.224010    3.794    0.984    0.238 S_000008
   2 P   -82.522 -173.901   50.300  139.055 -115.199  179.062  149.082  -32.367  151.652  165.711    0.349502   -0.343881   -1.444356   -0.804139   -1.257945   -1.837809   -1.936483   -0.771964   -1.159998    6.045   -0.652   -6.149 S_000008
   3 P   147.134 -168.848  174.551   84.578 -147.110  -72.890   70.254   33.977   96.687  -24.297    0.349584   -1.331002   -0.659733   -0.788648   -1.484050   -1.669911   -1.886169   -0.707459   -1.211906    5.120   -1.260  -13.184 S_000008
   4 N     0.000  172.529   46.705 -224.118  207.242  179.205  148.966  -29.080  158.819  -19.114    0.380377   -0.446779   -1.400362   -0.814079   -1.322168   -1.752573   -1.949733   -0.675138   -1.201495    3.883   -2.829  -18.558 S_000008
   5 P  -167.200 -131.423  135.280   86.839 -158.875  -75.765  140.250   35.968   93.284  179.910    0.320765   -1.347235   -0.643969   -0.800359   -1.472294   -1.679922   -1.904488   -0.726813   -1.197436    5.589   -3.702  -25.601 S_000008
   6 P   -60.344 -173.657   65.712  145.218 -100.727 -121.965  126.478  -33.280  154.493   38.328    0.340229   -0.267868   -1.461197   -0.814660   -1.183651   -1.885493   -1.946255   -0.733197   -1.181534    5.236   -3.711  -31.845 S_000008
   7 N  -117.928  163.085  140.542   74.750 -128.345  -67.509   60.349   40.402   87.581  -19.436    0.267559   -1.415088   -0.468029   -0.794021   -1.570377   -1.532371   -1.895780   -0.772226   -1.165552    5.579   -2.743  -38.815 S_000008
   8 P   -58.195 -173.700   65.002   87.502  141.529  -88.269  128.525   31.270   99.276   43.092    0.359309   -1.274219   -0.763328   -0.807371   -1.398220   -1.741787   -1.903605   -0.672719   -1.223619    7.478   -3.074  -44.859 S_000008
   9 P  -178.202  137.711  175.039   87.326 -100.817 -124.463   72.525   37.168   89.000 -168.297    0.333828   -1.301826   -0.705042   -0.771433   -1.348062   -1.762967   -1.894852   -0.676530   -1.222789    7.798   -2.741  -51.153 S_000008
  10 H   -67.441  164.636   57.114   78.303    0.000    0.000   70.125   45.237   96.858  179.928    0.275057   -1.421739   -0.482116   -0.720561   -1.483413   -1.627501   -1.777537   -0.594590   -1.285507    8.604   -4.413  -57.647 S_000008
SCORE:    19.214                 19.214          0          0          1    S_000009
   1 H     0.000  170.252   55.279   84.743 -151.056 -166.854   87.969   36.320   93.426   89.934    0.333756   -1.343673   -0.620670   -0.779520   -1.478548   -1.661965   -1.875906   -0.697176   -1.217314    3.794    0.984    0.238 S_000009
   2 P   -68.171 -177.260   51.540   80.723 -147.870  -59.791   85.454   33.177  101.611  -29.716    0.347848   -1.358223   -0.588002   -0.797638   -1.573447   -1.571523   -1.862360   -0.726460   -1.201317    6.227    2.615   -5.713 S_000009
   3 P  -145.272  107.505  161.174   94.670  147.437  143.710   84.320   28.447   90.169 -113.690    0.361024   -1.094483   -0.996074   -0.845065   -1.073377   -1.943138   -1.954076   -0.689021   -1.181845    7.820    0.710  -11.700 S_000009
   4 N  -101.804 -141.217   46.280  139.389 -152.109  -96.041  110.080  -32.941  154.987   28.395    0.339852   -0.337384   -1.450950   -0.813470   -1.261391   -1.836027   -1.953472   -0.775771   -1.155458    7.500   -2.366  -18.234 S_000009
   5 P  -117.356   78.766  152.289   84.543 -132.316  -68.848   62.158   37.698   90.344  -15.581    0.322935   -1.348605   -0.622837   -0.774808   -1.454441   -1.682579   -1.885989   -0.714108   -1.208428    7.080   -1.815  -24.201 S_000009
   6 P  -144.314   99.076  172.862   89.752 -150.115  -50.909   73.012   38.269   87.558  -13.823    0.314845   -1.336581   -0.649747   -0.775354   -1.407816   -1.716305   -1.897506   -0.723584   -1.198856    6.419   -3.648  -30.503 S_000009
   7 N  -149.034  -81.925  172.404  146.046 -150.679 -107.126  111.344  -35.048  155.162  147.404    0.332662   -0.192882   -1.475955   -0.792373   -1.116447   -1.928530   -1.935508   -0.712398   -1.199196    5.684   -3.899  -37.192 S_000009
   8 P   146.274  156.591  179.483   77.635 -152.028  -72.001   75.273   42.982   89.249  178.900    0.287995   -1.419009   -0.477197   -0.735693   -1.550269   -1.599261   -1.819279   -0.700629   -1.234007    5.001   -2.906  -44.278 S_000009
   9 P   171.747  153.395  159.041  148.712 -150.900 -143.856  163.298  -31.676  141.216  -34.261    0.335662   -0.099384   -1.482186   -0.823846   -0.920479   -2.044532   -1.934389   -0.708140   -1.198506    6.302   -3.712  -51.037 S_000009
  10 H   -44.306 -141.839   52.687   79.154    0.000    0.000   81.332   45.823   83.096   73.863    0.285412   -1.415601   -0.502984   -0.701511   -1.447247   -1.658118   -1.821760   -0.729245   -1.209123    5.586   -2.777  -57.585 S_000009
SCORE:    19.817                 19.817          0          0          1    S_000010
   1 H     0.000  170.252   55.279   86.870 -139.996  134.758   99.256   35.358   94.512   42.324    0.315035   -1.350153   -0.643266   -0.816996   -1.483295   -1.668253   -1.897443   -0.688974   -1.213469    3.794    0.984    0.238 S_000010
   2 P  -167.200 -131.423  135.280   86.839 -158.875  -75.765  140.250   35.968   93.284  179.910    0.320765   -1.347235   -0.643969   -0.800359   -1.472294   -1.679922   -1.904488   -0.726813   -1.197436    4.356    1.609   -6.644 S_000010
   3 P   -62.475 -176.348   69.107  119.999 -164.259 -105.060  105.218  -11.541  141.399  111.919    0.438325   -0.704415   -1.281096   -0.855996   -1.329138   -1.799881   -1.941660   -0.687316   -1.191323    5.735    1.796  -12.726 S_000010
   4 P  -162.813  120.226  175.866   82.361 -130.482  -83.501   71.938   31.791  101.509  168.496    0.369909   -1.323004   -0.659604   -0.788295   -1.515888   -1.636180   -1.860290   -0.702304   -1.215513    7.318    1.678  -19.495 S_000010
   5 P   -81.278  160.451   36.664  147.765 -122.676  177.149  127.911  -37.756  158.866   25.568    0.322436   -0.173818   -1.479190   -0.776279   -1.147026   -1.895369   -1.926609   -0.725853   -1.194474    7.328    2.315  -25.881 S_000010
   6 N   -50.833  172.709   53.505   77.541 -154.240  -76.321   71.938   40.219   93.667  179.906    0.286837   -1.431751   -0.437548   -0.785138   -1.631484   -1.513637   -1.842638   -0.738993   -1.207657    9.791    2.992  -31.583 S_000010
   7 P  -148.588  133.443  138.027   85.064 -127.867  -81.381   73.376   37.219   95.049  -13.856    0.320946   -1.350869   -0.610637   -0.781786   -1.471736   -1.659254   -1.868671   -0.699104   -1.208886    9.452    1.687  -38.160 S_000010
   8 N  -139.048  166.464  170.340   86.512 -154.158  -65.732   70.175   34.223   96.956   10.890    0.341865   -1.327089   -0.657684   -0.792520   -1.472840   -1.667874   -1.873415   -0.684865   -1.220649   11.024   -0.637  -44.509 S_000010
   9 P   -82.522 -173.901   50.300  139.055 -115.199  179.062  149.082  -32.367  151.652  165.711    0.349502   -0.343881   -1.444356   -0.804139   -1.257945   -1.837809   -1.936483   -0.771964   -1.159998   12.341   -1.740  -50.677 S_000010
  10 H   -65.740 -179.743   47.343   77.960    0.000    0.000   79.592   38.231   92.342  179.906    0.305005   -1.408367   -0.500451   -0.788631   -1.601681   -1.554472   -1.870686   -0.753322   -1.190477   13.908   -2.681  -56.800 S_000010
