SEQUENCE: gug
SCORE:     score    rna_stub_coord_hack       N_WC      N_NWC       N_BS description
REMARK RNA 
SCORE:     0.359                  0.359          0          0          1    S_000001
   1 H     0.000  170.252   55.279  133.755  108.231  -49.715  109.907  -30.244  144.609  -10.374    0.331417   -0.126768   -1.496289   -0.854359   -0.930007   -2.053132   -1.956414   -0.700840   -1.196935    3.794    0.984    0.238 S_000001
   2 N    89.315  -95.506  178.592   82.415 -104.632 -129.778   70.262   40.486   88.384  -24.546    0.312559   -1.370773   -0.581020   -0.748556   -1.460224   -1.679102   -1.861107   -0.696253   -1.231055    4.914   -1.034    1.842 S_000001
   3 H   -65.320  169.017   62.642   74.185    0.000    0.000   77.709   44.941   90.052  -17.965    0.247217   -1.460790   -0.352471   -0.761798   -1.652404   -1.496566   -1.845964   -0.765168   -1.211788    3.000   -3.793    7.738 S_000001
SCORE:     0.323                  0.323          0          0          1    S_000002
   1 H     0.000  170.252   55.279  106.170   75.955   -1.312  164.441   -3.140  135.043 -170.108    0.445626   -0.858437   -1.186027   -0.869478   -1.382080   -1.770539   -1.947288   -0.687305   -1.199117    3.794    0.984    0.238 S_000002
   2 N    58.277 -151.244  158.979  150.802 -114.127 -148.814   95.409  -39.725  158.341  130.196    0.314937   -0.069719   -1.489981   -0.758045   -1.053502   -1.959519   -1.916471   -0.732321   -1.203787    6.119   -0.509    2.201 S_000002
   3 H    82.158 -114.802 -178.003   86.101    0.000    0.000   62.945   42.788   82.920 -171.203    0.318051   -1.368101   -0.576740   -0.710844   -1.412458   -1.707020   -1.854678   -0.762711   -1.185593    3.290   -3.942    6.258 S_000002
SCORE:     0.367                  0.367          0          0          0    S_000003
   1 H     0.000  170.252   55.279   76.957   95.878   61.778   72.136   34.991  101.811  -96.283    0.339986   -1.358360   -0.621097   -0.791747   -1.517666   -1.640441   -1.877559   -0.707182   -1.218615    3.794    0.984    0.238 S_000003
   2 N  -127.302   72.257  167.591  149.800 -170.589 -107.902   94.660  -30.727  135.973  179.926    0.337053    0.007614   -1.488770   -0.836733   -0.751249   -2.114322   -1.906673   -0.735483   -1.188105    7.945    0.017    0.158 S_000003
   3 H   140.092 -152.714 -171.221   84.449    0.000    0.000   63.180   36.072   96.677 -151.319    0.332647   -1.355983   -0.575287   -0.783726   -1.517198   -1.601107   -1.858193   -0.696878   -1.216692    9.891   -2.689    5.718 S_000003
SCORE:     0.380                  0.380          0          0          0    S_000004
   1 H     0.000  170.252   55.279   70.540   74.914   61.744   75.178   42.760   84.801  -91.553    0.306202   -1.388741   -0.548784   -0.722814   -1.460183   -1.675279   -1.856944   -0.720615   -1.220916    3.794    0.984    0.238 S_000004
   2 N  -127.302   72.257  167.591  149.800 -170.589 -107.902   94.660  -30.727  135.973  179.926    0.337053    0.007614   -1.488770   -0.836733   -0.751249   -2.114322   -1.906673   -0.735483   -1.188105    7.579    1.462    0.321 S_000004
   3 H   -74.295  174.104   61.564   77.575    0.000    0.000   69.333   38.296   96.607  179.901    0.320217   -1.367956   -0.573837   -0.754060   -1.505554   -1.627290   -1.814691   -0.641581   -1.272618    7.793    0.766    6.676 S_000004
SCORE:     0.324                  0.324          0          0          0    S_000005
   1 H     0.000  170.252   55.279  106.170   75.955   -1.312  164.441   -3.140  135.043 -170.108    0.445626   -0.858437   -1.186027   -0.869478   -1.382080   -1.770539   -1.947288   -0.687305   -1.199117    3.794    0.984    0.238 S_000005
   2 N    68.457  142.763   53.379  144.816  -83.520  178.821  132.366  -35.593  156.383  179.937    0.333347   -0.207740   -1.470244   -0.792424   -1.145056   -1.881341   -1.934756   -0.668793   -1.213163    7.821   -0.576    2.007 S_000005
   3 H   149.710 -154.489 -177.934   84.955    0.000    0.000   64.950   37.349   91.608  179.874    0.332711   -1.349814   -0.621136   -0.765649   -1.470431   -1.678259   -1.874613   -0.707404   -1.221573    7.316   -1.863    8.877 S_000005
SCORE:     0.270                  0.270          0          0          0    S_000006
   1 H     0.000  170.252   55.279  106.170   75.955   -1.312  164.441   -3.140  135.043 -170.108    0.445626   -0.858437   -1.186027   -0.869478   -1.382080   -1.770539   -1.947288   -0.687305   -1.199117    3.794    0.984    0.238 S_000006
   2 P    64.102  148.500   95.274  132.186 -150.743 -141.351   95.554  -26.176  153.136  -48.460    0.431660   -0.233787   -1.446716   -0.773604   -0.990224   -1.991786   -1.912832   -0.698710   -1.214556    7.625   -0.614    2.077 S_000006
   3 H   -76.819 -178.645   65.773   82.928    0.000    0.000   67.249   40.180   91.385  -16.383    0.298505   -1.384934   -0.555498   -0.767137   -1.493938   -1.640098   -1.872277   -0.719496   -1.210646    8.358   -3.692    8.094 S_000006
SCORE:     0.323                  0.323          0          0          0    S_000007
   1 H     0.000  170.252   55.279  106.170   75.955   -1.312  164.441   -3.140  135.043 -170.108    0.445626   -0.858437   -1.186027   -0.869478   -1.382080   -1.770539   -1.947288   -0.687305   -1.199117    3.794    0.984    0.238 S_000007
   2 N    58.277 -151.244  158.979  150.802 -114.127 -148.814   95.409  -39.725  158.341  130.196    0.314937   -0.069719   -1.489981   -0.758045   -1.053502   -1.959519   -1.916471   -0.732321   -1.203787    6.119   -0.509    2.201 S_000007
   3 H    68.905 -179.635  -73.400   84.142    0.000    0.000   71.596   32.871  102.403 -170.023    0.315915   -1.365892   -0.593354   -0.852691   -1.570499   -1.572099   -1.895844   -0.700296   -1.200886    3.868   -4.721    7.169 S_000007
SCORE:     0.369                  0.369          0          0          0    S_000008
   1 H     0.000  170.252   55.279  106.170   75.955   -1.312  164.441   -3.140  135.043 -170.108    0.445626   -0.858437   -1.186027   -0.869478   -1.382080   -1.770539   -1.947288   -0.687305   -1.199117    3.794    0.984    0.238 S_000008
   2 N    64.146  125.702   73.893  100.686 -154.447 -113.649   96.468   20.515  121.195 -142.097    0.366148   -1.265508   -0.784977   -0.904500   -1.563434   -1.583977   -1.927890   -0.692465   -1.193960    8.012   -0.740    1.700 S_000008
   3 H   169.953 -177.446  165.044   80.557    0.000    0.000   60.631   39.650   87.926 -144.337    0.307627   -1.370856   -0.581438   -0.768142   -1.469300   -1.665148   -1.866150   -0.701772   -1.221587    8.904   -0.912    8.786 S_000008
SCORE:     0.334                  0.334          0          1          0    S_000009
   1 H     0.000  170.252   55.279  106.170   75.955   -1.312  164.441   -3.140  135.043 -170.108    0.445626   -0.858437   -1.186027   -0.869478   -1.382080   -1.770539   -1.947288   -0.687305   -1.199117    3.794    0.984    0.238 S_000009
   2 N     0.000 -178.212 -177.636  145.148 -156.870  170.450   72.644  -34.013  157.366  165.584    0.342377   -0.269499   -1.464558   -0.796500   -1.194041   -1.873929   -1.942602   -0.741488   -1.178969    6.024    0.050    2.479 S_000009
   3 H   -62.357  176.618   50.596   81.879    0.000    0.000   80.877   37.962   94.528  179.914    0.312238   -1.385927   -0.550100   -0.784959   -1.542698   -1.605893   -1.864835   -0.706928   -1.220623    7.777   -4.652    6.365 S_000009
SCORE:     0.338                  0.338          0          0          0    S_000010
   1 H     0.000  170.252   55.279   92.806   61.511   19.411  146.953    6.793  131.621 -110.100    0.435793   -1.127796   -0.934629   -0.873161   -1.609943   -1.562353   -1.924958   -0.752337   -1.174484    3.794    0.984    0.238 S_000010
   2 P    68.875  159.521   56.867  135.541 -142.119  171.156  111.131  -23.225  146.617  -27.717    0.409739   -0.451860   -1.377460   -0.783505   -1.222332   -1.877542   -1.938633   -0.708512   -1.171597    8.329    0.335    1.373 S_000010
   3 H   -63.657  176.274   52.500   81.286    0.000    0.000   72.903   34.848   97.655  179.911    0.339244   -1.358578   -0.608033   -0.789826   -1.526840   -1.619103   -1.861786   -0.691647   -1.220371    8.941   -3.561    6.275 S_000010
