SEQUENCE: gaaaaaag
SCORE:     score    rna_stub_coord_hack       N_WC      N_NWC       N_BS description
REMARK RNA 
SCORE:    19.652                 19.652          0          0          2    S_000001
   1 H     0.000  170.252   55.279   77.105 -107.172 -128.933   77.224   41.238   92.381  -87.750    0.267865   -1.415821   -0.499784   -0.787791   -1.531169   -1.583235   -1.820715   -0.644566   -1.247275    3.794    0.984    0.238 S_000001
   2 P  -173.910 -150.992  149.500  127.998 -128.911 -142.558   91.482   -6.193  136.127   15.787    0.408280   -0.788743   -1.262842   -0.923571   -1.317920   -1.806812   -1.984235   -0.740556   -1.116661    5.594   -1.491   -6.330 S_000001
   3 P   145.178 -156.034 -172.353   84.988 -133.611  -72.916   57.863   38.515   89.648  -30.107    0.312455   -1.350548   -0.616806   -0.776444   -1.446986   -1.689238   -1.877180   -0.694361   -1.217785    5.753   -5.061  -12.499 S_000001
   4 N   -60.793  171.558   61.962   89.409 -158.232  -99.016   75.344   33.310   97.241 -167.829    0.337877   -1.332470   -0.657891   -0.811917   -1.496742   -1.656441   -1.904852   -0.725438   -1.193617    4.681   -8.562  -17.534 S_000001
   5 N  -149.449  161.904  169.889   81.813 -145.400  -65.994  120.751   29.215  116.975    7.240    0.321253   -1.415703   -0.497345   -0.892978   -1.732380   -1.385977   -1.824266   -0.691127   -1.230135    1.940  -11.438  -23.275 S_000001
   6 P   -59.635 -160.120   48.664  147.679  -98.057 -148.024  -46.170  -37.674  158.172 -162.643    0.328942   -0.194641   -1.477977   -0.765558   -1.170944   -1.888938   -1.920786   -0.746690   -1.186433    0.318  -14.466  -28.683 S_000001
   7 P  -163.415 -164.775  171.520   87.292 -173.272  -90.210   95.538   33.873  101.998   69.427    0.333059   -1.348368   -0.630589   -0.813263   -1.521104   -1.634527   -1.885456   -0.693273   -1.220867    0.214  -16.002  -35.802 S_000001
   8 H   -32.887  156.714   35.474   82.003    0.000    0.000   77.042   44.382   87.129  -35.298    0.218949   -1.428322   -0.493264   -0.786326   -1.515153   -1.620126   -1.869487   -0.663726   -1.252863   -1.436  -17.792  -40.768 S_000001
SCORE:    20.342                 20.342          0          0          2    S_000002
   1 H     0.000  170.252   55.279   82.689 -137.692  -73.146   77.167   36.187   97.341 -155.564    0.329900   -1.357314   -0.592263   -0.782767   -1.512816   -1.623228   -1.861937   -0.695163   -1.221366    3.794    0.984    0.238 S_000002
   2 P  -155.146 -150.820  117.921   86.113 -130.582 -148.643   67.544   32.888  102.779 -102.425    0.346919   -1.363914   -0.563645   -0.802385   -1.605565   -1.541881   -1.842961   -0.706156   -1.218029    6.677   -3.274   -4.354 S_000002
   3 N  -117.854 -102.240 -117.969  115.194   78.997  108.940   97.414  -19.741  133.201 -133.198    0.443422   -0.188394   -1.449994   -0.808692   -0.783501   -2.105495   -1.909666   -0.677610   -1.218393    5.670   -5.349  -11.155 S_000002
   4 P   -71.469  164.786   65.614   76.843 -165.502  -79.511   76.883   36.849   98.060  -26.393    0.307986   -1.423218   -0.434660   -0.801756   -1.682586   -1.452009   -1.860870   -0.794021   -1.165970    5.677   -8.918  -16.382 S_000002
   5 P  -160.249  166.068  171.487   91.115 -136.630 -101.713   76.539   34.876   95.142  175.357    0.323572   -1.335492   -0.650661   -0.813480   -1.473315   -1.673547   -1.901744   -0.711585   -1.198626    3.080  -11.863  -21.951 S_000002
   6 P   -57.485  160.139   75.855  150.070 -129.358 -140.723  124.656  -40.385  156.749  145.069    0.321419   -0.067867   -1.491898   -0.742948   -1.064012   -1.946365   -1.896169   -0.757348   -1.185391    2.091  -13.656  -27.950 S_000002
   7 P   168.992 -156.630  174.212   86.705 -137.197 -119.664  108.197   33.640   99.366  -15.229    0.329923   -1.352776   -0.624135   -0.819988   -1.531632   -1.621327   -1.886817   -0.697388   -1.214338   -0.046  -16.761  -34.174 S_000002
   8 H   167.945 -146.537  165.459   82.145    0.000    0.000   57.067   35.906   92.814  -14.192    0.335693   -1.345375   -0.629163   -0.790529   -1.468783   -1.661682   -1.882478   -0.695054   -1.212840   -1.660  -18.027  -40.947 S_000002
SCORE:    19.318                 19.318          0          0          0    S_000003
   1 H     0.000  170.252   55.279   87.110 -107.790  -85.523   43.169   34.660   94.713  -20.002    0.331909   -1.300443   -0.707811   -0.803560   -1.393525   -1.728745   -1.898970   -0.671548   -1.214023    3.794    0.984    0.238 S_000003
   2 P   166.345  136.515  176.959   87.298 -141.961  -85.985   88.233   36.289   90.829  -13.741    0.336751   -1.319590   -0.670557   -0.773868   -1.420417   -1.716763   -1.889689   -0.708570   -1.210282    5.340   -2.102   -5.927 S_000003
   3 P  -127.098 -118.371 -175.896   81.208  178.526  -67.112   87.047   27.341  111.615  177.088    0.350710   -1.380316   -0.536550   -0.864500   -1.712024   -1.401043   -1.876825   -0.710853   -1.179871    2.671   -4.574  -12.095 S_000003
   4 P  -176.305  137.307  171.043   85.565 -130.646 -105.768   74.681   34.485   99.287   -2.152    0.332425   -1.340365   -0.638706   -0.805513   -1.489131   -1.649123   -1.873865   -0.673556   -1.222220    1.994   -8.064  -17.697 S_000003
   5 N  -102.288 -114.811  152.099  152.073  -94.878  153.513  109.832  -37.104  159.441   32.450    0.319886   -0.166689   -1.482528   -0.788521   -1.122043   -1.900878   -1.935757   -0.712507   -1.193642    2.689   -9.846  -24.667 S_000003
   6 P   132.201 -170.136  172.043   82.935 -174.144  -99.458  113.946   35.506  102.658  -57.807    0.296716   -1.397482   -0.505598   -0.833698   -1.628991   -1.513709   -1.843882   -0.692077   -1.232421    2.195  -12.832  -30.651 S_000003
   7 P   173.330 -176.176  173.161   89.236 -120.118 -113.526   66.601   30.578  105.566 -179.411    0.341486   -1.333597   -0.661409   -0.838980   -1.537240   -1.610372   -1.902227   -0.711169   -1.197381    0.473  -16.509  -36.180 S_000003
   8 H   -62.835  174.686   50.921   78.341    0.000    0.000   80.178   40.398   92.844   83.470    0.293562   -1.415308   -0.472784   -0.773422   -1.585923   -1.556592   -1.841431   -0.714723   -1.226663   -0.756  -20.846  -41.219 S_000003
SCORE:    19.275                 19.275          0          0          1    S_000004
   1 H     0.000  170.252   55.279  149.265 -105.507 -109.708  123.466  -37.827  159.880   29.480    0.318869   -0.201506   -1.467988   -0.783983   -1.185261   -1.856227   -1.926584   -0.711568   -1.199346    3.794    0.984    0.238 S_000004
   2 N   101.183  179.395 -136.007   88.364 -113.672 -109.671   76.548   31.386   96.188  179.898    0.376241   -1.268439   -0.751079   -0.780356   -1.411094   -1.739953   -1.889926   -0.708547   -1.214104    7.498   -1.963   -4.630 S_000004
   3 N  -148.162  164.915  118.385  145.355 -109.323 -178.043  158.161  -25.949  134.973  153.436    0.357113   -0.162484   -1.477571   -0.854725   -0.883260   -2.080780   -1.943630   -0.688761   -1.201220    9.495   -0.140  -11.300 S_000004
   4 P   149.773 -156.144  176.474   82.777 -155.799  -84.417   85.097   38.273   91.188  109.933    0.325799   -1.359624   -0.601698   -0.762572   -1.475146   -1.669392   -1.863222   -0.693642   -1.226962   11.609    1.144  -17.964 S_000004
   5 P   171.747  153.395  159.041  148.712 -150.900 -143.856  163.298  -31.676  141.216  -34.261    0.335662   -0.099384   -1.482186   -0.823846   -0.920479   -2.044532   -1.934389   -0.708140   -1.198506   13.631    3.410  -24.301 S_000004
   6 P   171.747  153.395  159.041  148.712 -150.900 -143.856  163.298  -31.676  141.216  -34.261    0.335662   -0.099384   -1.482186   -0.823846   -0.920479   -2.044532   -1.934389   -0.708140   -1.198506   16.554    4.280  -30.961 S_000004
   7 N   155.698 -147.514  169.931   83.393 -124.401  -88.271   60.605   36.805   93.611  -23.064    0.324225   -1.355591   -0.614213   -0.787839   -1.484943   -1.661573   -1.879896   -0.700877   -1.213843   20.260    3.657  -36.944 S_000004
   8 H   -58.542  168.693   56.129   81.003    0.000    0.000   72.342   40.710   91.687  179.898    0.306617   -1.390208   -0.541012   -0.751871   -1.495841   -1.631195   -1.866068   -0.718108   -1.213167   22.115    2.340  -42.947 S_000004
SCORE:    20.098                 20.098          0          0          2    S_000005
   1 H     0.000  170.252   55.279   87.001 -102.077  -67.804   40.890   32.795   98.178  -25.132    0.335433   -1.332337   -0.667551   -0.823146   -1.498926   -1.659485   -1.908743   -0.716444   -1.196730    3.794    0.984    0.238 S_000005
   2 N  -174.783  120.716  177.399  150.472 -127.479 -150.643  -46.738  -38.379  156.036  172.165    0.295515   -0.075973   -1.493365   -0.801078   -1.032701   -1.963612   -1.942754   -0.690149   -1.211052    4.875   -2.144   -5.725 S_000005
   3 P    92.901 -147.043 -122.609   84.543 -131.229  -69.103 -101.055   36.744   95.108  179.849    0.310222   -1.355942   -0.628641   -0.803630   -1.468885   -1.668756   -1.896713   -0.695758   -1.208248    6.790   -5.032  -11.335 S_000005
   4 P   132.201 -170.136  172.043   82.935 -174.144  -99.458  113.946   35.506  102.658  -57.807    0.296716   -1.397482   -0.505598   -0.833698   -1.628991   -1.513709   -1.843882   -0.692077   -1.232421    6.903   -7.002  -17.365 S_000005
   5 P  -177.185 -173.566  155.371  145.456  -98.754  179.352  138.838  -24.197  141.689  170.602    0.366879   -0.185448   -1.467973   -0.847005   -0.869502   -2.069646   -1.938630   -0.653402   -1.218242    5.152  -10.461  -23.056 S_000005
   6 P   133.672  116.324  174.939   85.959 -147.791  -72.484   76.620   37.073   93.583  177.523    0.326800   -1.349232   -0.605191   -0.775282   -1.479584   -1.652634   -1.864206   -0.707319   -1.206991    5.633  -12.647  -29.681 S_000005
   7 P  -170.283  161.190 -176.306  140.990 -163.860 -102.059  133.153  -32.306  149.951  165.152    0.350717   -0.168927   -1.477787   -0.803819   -1.029144   -1.981828   -1.933928   -0.657356   -1.225843    3.943  -14.359  -36.150 S_000005
   8 H   -84.982  174.754   68.943   76.584    0.000    0.000   73.166   38.033   99.219  179.924    0.287630   -1.457734   -0.343748   -0.804732   -1.760998   -1.357408   -1.832388   -0.801238   -1.166949    5.246  -15.245  -42.500 S_000005
SCORE:    20.513                 20.513          0          0          1    S_000006
   1 H     0.000  170.252   55.279   79.399 -127.550  151.691   75.517   41.675   94.425 -138.291    0.277732   -1.443491   -0.357346   -0.769813   -1.684748   -1.444825   -1.819317   -0.750634   -1.193273    3.794    0.984    0.238 S_000006
   2 N  -149.034  -81.925  172.404  146.046 -150.679 -107.126  111.344  -35.048  155.162  147.404    0.332662   -0.192882   -1.475955   -0.792373   -1.116447   -1.928530   -1.935508   -0.712398   -1.199196    3.741    0.289   -6.588 S_000006
   3 P  -173.910 -150.992  149.500  127.998 -128.911 -142.558   91.482   -6.193  136.127   15.787    0.408280   -0.788743   -1.262842   -0.923571   -1.317920   -1.806812   -1.984235   -0.740556   -1.116661    0.768   -2.210  -12.520 S_000006
   4 P  -145.272  107.505  161.174   94.670  147.437  143.710   84.320   28.447   90.169 -113.690    0.361024   -1.094483   -0.996074   -0.845065   -1.073377   -1.943138   -1.954076   -0.689021   -1.181845   -0.803   -5.451  -18.088 S_000006
   5 P   -79.168 -124.694   51.623  146.123 -125.783 -149.640  160.856  -38.016  162.276  139.327    0.324545   -0.269269   -1.465500   -0.773459   -1.272864   -1.808773   -1.927933   -0.748816   -1.185459    0.114   -6.227  -24.982 S_000006
   6 P   -51.366  159.456   57.860   97.555  162.044 -150.575  116.893   13.664  118.090  -85.317    0.420194   -1.081106   -1.003611   -0.869052   -1.395608   -1.775530   -1.933883   -0.679967   -1.200976   -0.251  -10.241  -30.033 S_000006
   7 P  -122.416 -162.247   61.004   85.592  169.934  -92.697  103.631   24.647  122.983  -18.284    0.346302   -1.353110   -0.620505   -0.901832   -1.671700   -1.453064   -1.868023   -0.683506   -1.222104   -3.341  -12.844  -35.863 S_000006
   8 H   -68.913  176.190   49.661   82.016    0.000    0.000   82.414   39.741   86.391 -147.463    0.296644   -1.369041   -0.601300   -0.776187   -1.458670   -1.688004   -1.886228   -0.717735   -1.206096   -4.203  -15.764  -40.966 S_000006
SCORE:    20.203                 20.203          0          0          1    S_000007
   1 H     0.000  170.252   55.279   81.280 -122.899 -120.423   62.614   37.692  101.104   95.736    0.316752   -1.396189   -0.520784   -0.776702   -1.569403   -1.557374   -1.796471   -0.636995   -1.262668    3.794    0.984    0.238 S_000007
   2 P   155.560  161.070 -178.457   84.276 -122.408  -98.195   69.445   34.862   99.023  -17.493    0.336436   -1.355400   -0.607953   -0.795993   -1.522882   -1.622071   -1.870210   -0.689281   -1.222321    6.790   -1.261   -6.057 S_000007
   3 P  -127.098 -118.371 -175.896   81.208  178.526  -67.112   87.047   27.341  111.615  177.088    0.350710   -1.380316   -0.536550   -0.864500   -1.712024   -1.401043   -1.876825   -0.710853   -1.179871    4.659   -4.987  -11.837 S_000007
   4 N   -95.425 -155.406   77.947   78.499 -154.163 -122.653  107.035   36.958  102.556  165.680    0.427752   -1.322176   -0.584372   -0.619659   -1.490434   -1.618431   -1.705002   -0.657488   -1.286959    4.173   -9.018  -16.848 S_000007
   5 P  -167.631  177.125   63.936  148.721 -114.320  176.453   96.592  -39.276  160.663  -80.184    0.315889   -0.217056   -1.474414   -0.766409   -1.232285   -1.836424   -1.924195   -0.750433   -1.184996    4.965  -10.705  -23.845 S_000007
   6 P  -172.604  161.126  159.864  155.138 -101.607 -139.360  -48.863  -40.948  155.621   78.591    0.319081    0.026124   -1.484098   -0.731166   -0.944630   -1.986654   -1.887978   -0.700564   -1.211859    2.414  -13.544  -29.611 S_000007
   7 N   166.900 -125.791  168.740   83.559  155.815 -110.429  119.759   26.754  113.535   87.626    0.341949   -1.356067   -0.621349   -0.881304   -1.648353   -1.494448   -1.881160   -0.698552   -1.204189    0.418  -13.549  -36.325 S_000007
   8 H   -68.904  177.396   52.235   80.492    0.000    0.000   76.586   41.060   90.617  -18.335    0.291360   -1.404166   -0.510258   -0.765039   -1.535987   -1.607667   -1.846688   -0.696846   -1.232629    0.178  -16.178  -41.692 S_000007
SCORE:    19.973                 19.973          0          0          1    S_000008
   1 H     0.000  170.252   55.279   83.468 -118.865  -75.839   56.904   37.553   88.074  -18.263    0.343660   -1.308802   -0.694345   -0.751321   -1.365594   -1.760920   -1.875602   -0.682307   -1.224364    3.794    0.984    0.238 S_000008
   2 P   179.384  109.463 -179.306   83.839 -158.740  -52.055  120.779   32.850   99.335   19.855    0.340501   -1.350176   -0.625714   -0.813365   -1.547777   -1.612043   -1.885995   -0.722023   -1.202003    5.933   -1.970   -5.744 S_000008
   3 P  -178.202  137.711  175.039   87.326 -100.817 -124.463   72.525   37.168   89.000 -168.297    0.333828   -1.301826   -0.705042   -0.771433   -1.348062   -1.762967   -1.894852   -0.676530   -1.222789    6.300   -4.541  -11.939 S_000008
   4 P   -82.645 -177.969   72.751  145.260 -157.503 -148.229  111.875  -38.545  157.429  -12.075    0.322205   -0.223436   -1.480851   -0.764697   -1.222995   -1.851784   -1.919902   -0.771160   -1.168755    3.771   -5.665  -18.377 S_000008
   5 P   161.921 -139.165  171.084  140.378 -102.348  161.473  147.689  -28.420  150.366   21.418    0.399046   -0.297674   -1.438023   -0.785233   -1.122437   -1.922316   -1.917220   -0.695077   -1.203103    0.006   -9.226  -23.153 S_000008
   6 P   140.004 -161.511  172.648   87.535 -135.875 -127.774  -63.089   27.673  113.365  -21.649    0.351703   -1.359808   -0.617725   -0.860422   -1.647064   -1.511100   -1.888219   -0.728269   -1.197425   -0.331  -12.298  -29.273 S_000008
   7 P   153.942 -172.175  173.008   81.922 -159.435  -59.843   75.194   37.416   97.393 -160.084    0.313845   -1.393835   -0.529876   -0.789306   -1.579149   -1.575655   -1.852855   -0.709064   -1.225200   -1.515  -13.735  -36.246 S_000008
   8 H   -52.488  148.249   70.237   80.843    0.000    0.000   73.128   38.667   96.804  -15.773    0.298441   -1.415188   -0.481941   -0.790247   -1.608537   -1.536843   -1.845094   -0.715001   -1.223282   -1.554  -16.554  -40.722 S_000008
SCORE:    19.668                 19.668          0          0          1    S_000009
   1 H     0.000  170.252   55.279  117.530  -85.654 -119.414   90.857  -21.730  157.146  179.924    0.433090   -0.850326   -1.196075   -0.834025   -1.681618   -1.402867   -1.860812   -0.751472   -1.182116    3.794    0.984    0.238 S_000009
   2 P  -177.185 -173.566  155.371  145.456  -98.754  179.352  138.838  -24.197  141.689  170.602    0.366879   -0.185448   -1.467973   -0.847005   -0.869502   -2.069646   -1.938630   -0.653402   -1.218242    6.675    0.012   -6.204 S_000009
   3 N   102.646 -106.782 -177.883   86.385 -116.647 -103.702   49.278   41.604   82.327  -17.386    0.316437   -1.325925   -0.688483   -0.726073   -1.305038   -1.800455   -1.875543   -0.711621   -1.216310    8.767   -1.430  -11.887 S_000009
   4 P   -65.923  160.124   60.919   85.240 -155.143  -68.599   91.007   37.126   94.061  171.174    0.324744   -1.353363   -0.615947   -0.781827   -1.473397   -1.666346   -1.875603   -0.691726   -1.222132   10.094   -4.006  -17.755 S_000009
   5 P   -69.693 -143.761   50.370  150.420  -78.698 -150.737  140.088  -37.905  153.286   50.926    0.331221   -0.051799   -1.488140   -0.758613   -0.986425   -1.980140   -1.897163   -0.697524   -1.206139    9.531   -3.851  -24.335 S_000009
   6 P  -154.050  145.148  124.520   89.904 -156.931 -129.437   98.571   22.752  116.377   53.243    0.366115   -1.304268   -0.738772   -0.890164   -1.596323   -1.568220   -1.925176   -0.727709   -1.180955   11.194   -3.958  -31.036 S_000009
   7 N   167.952 -167.959  154.203  145.211 -155.376 -167.633   19.536  -32.174  148.043  -55.599    0.332777   -0.133501   -1.484945   -0.828850   -0.980089   -2.013944   -1.953344   -0.695714   -1.205944   13.353   -5.562  -37.684 S_000009
   8 H   173.034 -155.098  157.594   81.108    0.000    0.000   53.206   37.371   91.609 -171.870    0.334098   -1.355850   -0.602760   -0.764158   -1.492556   -1.660942   -1.873528   -0.719829   -1.213629   13.453   -6.501  -44.877 S_000009
SCORE:    19.960                 19.960          0          0          0    S_000010
   1 H     0.000  170.252   55.279  161.512  -81.759  -85.756  154.603  -37.759  145.563   37.571    0.297776    0.194194   -1.478649   -0.801934   -0.644735   -2.127446   -1.890737   -0.674871   -1.227519    3.794    0.984    0.238 S_000010
   2 P  -150.263  137.150  162.005   85.519 -143.757  -61.655   64.628   39.702   84.506   99.951    0.295141   -1.332554   -0.685537   -0.782837   -1.333764   -1.762805   -1.900101   -0.686617   -1.207950    8.417   -0.176   -4.584 S_000010
   3 P  -170.257 -176.118  168.457  154.693  -96.790  -77.772  166.626  -41.004  158.432  -92.486    0.301209   -0.017468   -1.492097   -0.757842   -1.009016   -1.965277   -1.908312   -0.715882   -1.203518   11.961    0.830  -10.214 S_000010
   4 P  -110.003  -95.178 -170.804   85.262 -152.851  -73.112   64.455   36.565   94.655  -23.735    0.333988   -1.354956   -0.605888   -0.774081   -1.501600   -1.649669   -1.863825   -0.691328   -1.230508   16.925    0.782  -14.874 S_000010
   5 P   171.747  153.395  159.041  148.712 -150.900 -143.856  163.298  -31.676  141.216  -34.261    0.335662   -0.099384   -1.482186   -0.823846   -0.920479   -2.044532   -1.934389   -0.708140   -1.198506   21.086    1.575  -20.368 S_000010
   6 N   -59.816 -174.061   46.082   87.339 -165.219  -59.963  114.665   34.902   91.901  157.217    0.342573   -1.265403   -0.776900   -0.788314   -1.306802   -1.810456   -1.902482   -0.661360   -1.232565   26.865    1.190  -23.745 S_000010
   7 N  -173.124   78.055  146.836   78.999 -161.137  -61.152  -76.373   37.422   95.813    9.915    0.312401   -1.397380   -0.528472   -0.795907   -1.576124   -1.573417   -1.876411   -0.738611   -1.195916   29.852    2.258  -29.710 S_000010
   8 H   -61.732  174.321   57.113   77.233    0.000    0.000   74.979   41.765   89.471  -24.706    0.287195   -1.421414   -0.430202   -0.759049   -1.600247   -1.529456   -1.838681   -0.747691   -1.201153   34.198    3.183  -33.558 S_000010
