SEQUENCE: gaaaaaaaaaaaaaaaaaag
SCORE:     score    rna_stub_coord_hack       N_WC      N_NWC       N_BS description
REMARK RNA 
SCORE:     0.000                  0.000          0          2          4    S_000001
   1 H     0.000  170.252   55.279   80.617 -159.375  -65.863   75.631   38.182   95.788   74.584    0.314809   -1.382521   -0.555451   -0.778288   -1.529862   -1.614164   -1.849802   -0.680129   -1.237275    3.794    0.984    0.238 S_000001
   2 P   -59.153  154.300   62.114   77.656 -139.687  -64.006   73.691   41.047   95.460  -22.186    0.279198   -1.434894   -0.405623   -0.779690   -1.642057   -1.488197   -1.814026   -0.703503   -1.233349    8.494   -1.311   -1.673 S_000001
   3 P   162.358 -137.367  157.213   78.445 -140.815  -49.025   52.444   41.132   93.823  -18.465    0.288438   -1.429150   -0.441673   -0.766852   -1.612766   -1.531688   -1.853046   -0.758586   -1.196304    9.087   -7.029   -4.113 S_000001
   4 P   -93.303 -131.164    8.389  145.236  -83.184   89.501  135.639  -39.421  159.339 -174.704    0.322057   -0.164722   -1.479902   -0.756719   -1.169255   -1.876282   -1.916118   -0.764537   -1.176115    5.534  -11.302   -7.916 S_000001
   5 N   -65.885  179.186   58.771   83.236 -150.739  -63.620   73.131   38.270   89.453  -17.356    0.311461   -1.359593   -0.592937   -0.777521   -1.474766   -1.654120   -1.863051   -0.696733   -1.214462    6.805  -14.882   -8.968 S_000001
   6 P   -68.233  177.052   56.656   79.919 -144.714  -69.292   75.857   41.215   91.257 -141.775    0.282637   -1.415107   -0.476650   -0.771154   -1.567239   -1.569631   -1.854192   -0.720929   -1.211766    9.713  -19.892  -10.972 S_000001
   7 P   -48.109 -121.606   21.896   96.504   78.254  -68.659  172.200  -19.158  129.334   23.478    0.466725   -0.226351   -1.432447   -0.775932   -0.827123   -2.092713   -1.874866   -0.727985   -1.201843   12.968  -23.205  -15.428 S_000001
   8 P   -78.449  171.504   60.458   79.590 -152.405  -60.379   82.115   45.104   88.979  -29.460    0.273500   -1.388046   -0.529091   -0.715886   -1.428021   -1.676153   -1.777914   -0.583638   -1.287043   13.148  -26.733  -13.431 S_000001
   9 P   -65.047  167.580   53.774   85.147 -121.538  -60.683  100.499   32.219  100.317  -22.237    0.349805   -1.310332   -0.686822   -0.814977   -1.468817   -1.674470   -1.889716   -0.672933   -1.228841   10.955  -31.863  -15.278 S_000001
  10 P   -62.799  161.465   64.227   79.498 -128.124  -51.154   79.951   39.976   93.308  -30.637    0.295571   -1.394160   -0.504102   -0.775162   -1.542212   -1.581915   -1.843546   -0.695561   -1.229352   12.064  -34.446  -20.476 S_000001
  11 N    54.524 -171.521  -83.344  152.720 -163.226   10.109 -109.999  -40.474  165.811  150.723    0.308250   -0.049866   -1.491947   -0.759746   -1.036683   -1.919831   -1.928484   -0.658445   -1.225110   17.333  -34.372  -21.589 S_000001
  12 N   164.114 -143.850   48.568  121.062    5.595  170.457   90.622  -18.307  133.516  126.945    0.445744   -0.234249   -1.436375   -0.807219   -0.810477   -2.072995   -1.923504   -0.649086   -1.229001   20.861  -38.907  -20.102 S_000001
  13 P  -147.454 -171.370   60.190   88.435 -148.699  104.152  -53.967   24.266  119.273  -15.222    0.367616   -1.321773   -0.686895   -0.881515   -1.617025   -1.536016   -1.869948   -0.654861   -1.237495   20.723  -45.227  -22.386 S_000001
  14 P   161.873 -172.070   52.619   89.664 -147.167  -71.177   81.546   31.697   97.668  178.464    0.362878   -1.273686   -0.753588   -0.801358   -1.399967   -1.744432   -1.906182   -0.685976   -1.215563   26.967  -43.587  -22.686 S_000001
  15 P    49.313 -151.729  164.654   84.515 -108.750  -77.490  -39.331   31.411  107.363  -13.636    0.331154   -1.383594   -0.555825   -0.846325   -1.645416   -1.502483   -1.849238   -0.685525   -1.228908   27.224  -44.570  -17.320 S_000001
  16 P   -68.892 -173.222   51.256   81.030 -136.928  -62.674   75.514   38.969   92.926  178.519    0.312806   -1.387323   -0.533764   -0.769393   -1.539694   -1.604214   -1.856145   -0.707197   -1.222891   23.684  -39.134  -16.104 S_000001
  17 N   -75.541 -157.365   49.680   83.401   59.542  -41.567   93.575   27.846  104.987  -52.245    0.386570   -1.249454   -0.795151   -0.817297   -1.409776   -1.727096   -1.907916   -0.681414   -1.205878   19.007  -36.687  -20.052 S_000001
  18 N     0.000  179.570  -66.125 -204.216  250.841  109.710  115.597  -38.337  161.500  -42.906    0.326264   -0.121841   -1.482574   -0.771862   -1.094249   -1.910904   -1.930633   -0.680643   -1.216068   19.129  -34.231  -19.311 S_000001
  19 P    69.041 -157.524   52.960   86.650 -170.629 -157.315   98.193   34.041   94.493 -157.907    0.329107   -1.341598   -0.649775   -0.820683   -1.491354   -1.657995   -1.916124   -0.736527   -1.179858   18.266  -30.058  -16.532 S_000001
  20 H   -59.391  161.748   58.890   77.650    0.000    0.000   70.172   41.080   94.179  -23.062    0.298067   -1.421851   -0.458806   -0.757497   -1.592108   -1.551115   -1.822339   -0.704433   -1.234177   22.314  -33.491  -13.144 S_000001
SCORE:     0.000                  0.000          0          1          4    S_000002
   1 H     0.000  170.252   55.279   78.129 -151.362  -70.105   79.882   42.534   88.763  125.112    0.282893   -1.421077   -0.466756   -0.754649   -1.559043   -1.582519   -1.840925   -0.714076   -1.227333    3.794    0.984    0.238 S_000002
   2 P   -73.784 -136.674   65.003   93.602   55.712  100.910  136.596   18.295  115.084  142.157    0.414781   -1.154956   -0.917319   -0.856962   -1.421293   -1.727181   -1.932139   -0.681515   -1.198908    8.366   -1.522   -4.021 S_000002
   3 P   -67.501  135.575   67.445   85.552  179.880  111.801   92.536   34.662   96.856 -165.393    0.326613   -1.346746   -0.625781   -0.807594   -1.502777   -1.635754   -1.877550   -0.685592   -1.217801    9.932   -3.529   -8.958 S_000002
   4 P   159.206 -143.526  165.585   86.440 -102.836  -96.790   73.696   38.503   85.932  -17.299    0.319648   -1.323090   -0.681179   -0.768786   -1.364715   -1.753998   -1.897515   -0.700136   -1.214736   16.385   -5.312  -10.572 S_000002
   5 P   -61.335  158.584   53.176   84.522 -157.624  -68.829   91.227   42.603   88.881  163.860    0.269171   -1.390867   -0.527818   -0.767437   -1.490879   -1.655576   -1.807935   -0.625359   -1.264450   21.891   -7.278  -13.284 S_000002
   6 P   -57.739  138.195   55.407   82.842 -138.241  -78.443   61.838   34.333  105.745 -165.470    0.345898   -1.366373   -0.570499   -0.786540   -1.562086   -1.563201   -1.794366   -0.607798   -1.275975   23.685  -10.842  -16.756 S_000002
   7 P  -109.262   88.349  166.970   83.859 -138.987  -65.973   58.939   33.360   96.071  179.884    0.351261   -1.321286   -0.667970   -0.790772   -1.481709   -1.670206   -1.882775   -0.720551   -1.203499   22.819  -15.525  -20.235 S_000002
   8 N   -40.935  145.393   51.402   82.016 -130.315  -62.014   77.299   35.208   96.449  -22.493    0.331972   -1.354817   -0.613441   -0.796226   -1.515505   -1.634903   -1.873564   -0.704613   -1.215662   22.854  -20.944  -20.484 S_000002
   9 N   -61.330 -170.950   48.402   82.435 -139.494  -61.554   67.672   34.041  100.076  -24.195    0.337516   -1.360730   -0.582627   -0.797348   -1.566965   -1.579077   -1.863565   -0.725689   -1.201709   19.228  -25.326  -23.230 S_000002
  10 N  -169.887 -104.246   -7.195  151.066    0.000    0.000   95.536  -32.056  141.303 -146.628    0.317506    0.036714   -1.488578   -0.837753   -0.735244   -2.118171   -1.920351   -0.707357   -1.204182   21.098  -26.225  -29.380 S_000002
  11 P   165.515  146.900   47.098  148.513 -127.551 -153.506  114.540  -36.600  156.852  -91.538    0.333410   -0.162449   -1.480231   -0.776970   -1.108433   -1.919857   -1.924897   -0.716644   -1.199755   23.492  -28.236  -31.177 S_000002
  12 N  -167.755  171.343   59.542   83.456 -131.178 -158.921  143.583   35.195   98.858 -146.451    0.319901   -1.394426   -0.525670   -0.811459   -1.615088   -1.531388   -1.879972   -0.754332   -1.182612   19.742  -34.395  -32.166 S_000002
  13 N  -171.895  169.459   67.969   88.469 -130.947  -73.187  163.847   36.830   89.894  -32.732    0.319847   -1.349486   -0.626705   -0.790181   -1.472627   -1.676087   -1.906174   -0.753990   -1.178407   14.188  -35.711  -27.679 S_000002
  14 P    87.233 -174.579   57.388  153.138 -107.516  -67.821  105.185  -39.413  156.437 -144.414    0.321720   -0.058802   -1.486151   -0.754700   -1.032504   -1.963126   -1.904479   -0.713940   -1.210441   15.072  -41.690  -27.203 S_000002
  15 P    65.620 -171.802  157.882   93.575 -125.602  -12.706  146.606   18.044  118.714  -16.173    0.373967   -1.238706   -0.819052   -0.902353   -1.583146   -1.598565   -1.939304   -0.728423   -1.180677    9.722  -40.184  -28.453 S_000002
  16 N  -162.752  145.904   61.952  133.020  -66.904   56.872  124.559  -24.066  147.476   40.164    0.416480   -0.412536   -1.410536   -0.810029   -1.187413   -1.888945   -1.926524   -0.709844   -1.185619   11.590  -37.168  -23.607 S_000002
  17 N   -61.705  165.982   52.527   83.553 -126.283  -86.540   65.571   35.784   92.977  -29.325    0.324169   -1.360179   -0.583191   -0.793307   -1.522887   -1.601479   -1.874537   -0.724487   -1.196435   12.737  -34.553  -23.438 S_000002
  18 P   159.206 -143.526  165.585   86.440 -102.836  -96.790   73.696   38.503   85.932  -17.299    0.319648   -1.323090   -0.681179   -0.768786   -1.364715   -1.753998   -1.897515   -0.700136   -1.214736   17.119  -30.506  -20.701 S_000002
  19 P    36.037 -174.263 -172.618  103.754 -112.156  -71.814   48.646   28.278   87.337  -13.837    0.391348   -1.030383   -1.052248   -0.798470   -0.978695   -2.011887   -1.927181   -0.699892   -1.202169   22.028  -30.535  -16.800 S_000002
  20 H   -60.764 -166.912   41.990   81.990    0.000    0.000   78.148   35.987   96.087  179.946    0.331361   -1.358044   -0.594947   -0.782766   -1.512995   -1.620579   -1.860387   -0.687981   -1.223017   20.429  -34.354  -11.765 S_000002
SCORE:     0.000                  0.000          0          2          4    S_000003
   1 H     0.000  170.252   55.279   83.914 -159.389  -64.873   73.673   37.032   95.389  -18.324    0.313107   -1.406017   -0.507123   -0.790387   -1.613937   -1.538011   -1.849643   -0.741179   -1.192805    3.794    0.984    0.238 S_000003
   2 P  -147.370  132.427  163.030   85.740 -133.620  -84.078   67.702   34.176   93.870  -15.107    0.344463   -1.309014   -0.688719   -0.791759   -1.433451   -1.704701   -1.888885   -0.699291   -1.211989    8.788   -1.326   -3.298 S_000003
   3 P    82.088  108.117    0.353  116.028 -158.738  -65.796   81.065   -1.319  126.044 -143.021    0.413829   -0.869149   -1.184663   -0.869504   -1.374044   -1.816255   -1.953091   -0.720784   -1.190332   12.470   -5.135   -6.751 S_000003
   4 N    61.957  135.444   49.063   88.123 -134.602  -63.935  103.939   34.318   95.086  -16.148    0.342577   -1.286383   -0.733014   -0.787263   -1.373978   -1.750447   -1.873859   -0.642969   -1.239093   11.121   -4.266  -12.437 S_000003
   5 P   -69.715  173.036   57.573   83.744 -157.991  -61.043   88.830   38.147   87.368  -21.653    0.321164   -1.351447   -0.611825   -0.768984   -1.450395   -1.671378   -1.878129   -0.723587   -1.202100   12.137   -6.912  -17.943 S_000003
   6 P   -64.446  160.398   64.943   83.262 -150.923  -75.224   75.718   39.644   89.706  -15.406    0.302626   -1.382999   -0.567450   -0.771426   -1.494469   -1.647122   -1.888483   -0.744503   -1.197779   16.465   -8.654  -21.203 S_000003
   7 P   -82.534 -147.865   56.470  137.591  -66.592 -145.303  136.505  -29.777  155.494    9.743    0.357452   -0.356921   -1.433932   -0.813930   -1.221796   -1.863159   -1.940128   -0.684621   -1.212727   22.730  -10.953  -22.532 S_000003
   8 N    52.147  140.224  -71.987  143.391 -148.631  164.118  -53.466  -31.843  149.895   28.097    0.353589   -0.241031   -1.466154   -0.805205   -1.117014   -1.939107   -1.937029   -0.729794   -1.184213   25.183  -16.526  -25.289 S_000003
   9 P   155.767  179.614   56.815   89.611 -127.480  -81.081   71.214   33.837   95.512 -161.139    0.348836   -1.303867   -0.695871   -0.792868   -1.431683   -1.711598   -1.888827   -0.692769   -1.212092   26.394  -17.129  -32.281 S_000003
  10 P   -43.113  151.472 -172.177   71.221 -126.848  -65.373   77.920   46.649   85.199 -146.975    0.299252   -1.424435   -0.433567   -0.664305   -1.521145   -1.603510   -1.785015   -0.702893   -1.256471   30.305  -21.495  -31.686 S_000003
  11 P   -56.188  163.714   49.164   85.437 -144.796  -53.581  104.526   33.858   99.661  -20.476    0.335467   -1.339545   -0.641058   -0.801470   -1.498188   -1.635653   -1.848847   -0.651421   -1.244578   35.359  -21.180  -34.825 S_000003
  12 P   176.923  129.128   55.724   86.336 -123.343  -91.422   59.038   36.019   97.561  -13.852    0.323895   -1.358038   -0.600743   -0.797063   -1.515421   -1.636417   -1.880014   -0.704865   -1.216577   36.736  -23.439  -41.123 S_000003
  13 N   -36.737 -165.233   40.678   93.655 -136.695  -85.236   64.266   35.191   93.836  -20.313    0.311856   -1.234142   -0.854184   -0.793171   -1.217686   -1.869068   -1.905253   -0.591772   -1.275652   37.252  -29.823  -39.700 S_000003
  14 P   -67.095  165.048   54.376   81.159 -154.871  -59.194   95.219   45.426   83.314  173.982    0.256228   -1.390904   -0.561692   -0.735769   -1.401796   -1.718110   -1.869619   -0.719426   -1.210647   34.195  -34.754  -37.169 S_000003
  15 N   -73.196  136.998   46.603   81.891 -146.858  -80.296   79.249   37.847   95.945 -174.021    0.313496   -1.382932   -0.544628   -0.782904   -1.546778   -1.597823   -1.860614   -0.692946   -1.223395   31.496  -36.062  -32.726 S_000003
  16 N    61.434  128.292   55.186   83.579 -145.003  -38.164  -80.488   28.293  115.961  -16.219    0.324908   -1.419606   -0.433698   -0.883037   -1.805760   -1.290407   -1.845624   -0.785533   -1.175065   31.446  -30.673  -29.896 S_000003
  17 P   -65.568  177.309   44.549   86.222 -152.799  -61.951   90.622   40.068   85.002  179.921    0.332995   -1.337295   -0.639844   -0.727416   -1.369311   -1.721158   -1.865746   -0.716335   -1.197855   29.360  -28.072  -25.216 S_000003
  18 P  -133.435  121.623  159.513   84.107 -132.282  -83.506   67.169   34.547   94.201  -27.447    0.328492   -1.348144   -0.633645   -0.807308   -1.509568   -1.647897   -1.897709   -0.723428   -1.200444   25.685  -28.696  -20.124 S_000003
  19 N   149.680 -120.953  161.027   88.335 -165.507  -58.437   52.668   35.819   92.283  -17.447    0.314198   -1.344911   -0.645277   -0.811251   -1.465267   -1.676079   -1.910228   -0.712480   -1.201335   21.611  -30.605  -15.957 S_000003
  20 H   -61.602  118.262   74.641   70.484    0.000    0.000   90.685   42.524   98.454  -80.011    0.246552   -1.493106   -0.170218   -0.797395   -1.846513   -1.231854   -1.762534   -0.796037   -1.194551   18.688  -34.130  -16.804 S_000003
SCORE:     0.001                  0.001          0          2         10    S_000004
   1 H     0.000  170.252   55.279   82.307 -176.317  101.277   84.797   37.630   93.704  -18.206    0.304531   -1.375568   -0.584496   -0.804164   -1.502700   -1.636900   -1.880925   -0.691600   -1.219566    3.794    0.984    0.238 S_000004
   2 P    17.241  -95.135  -86.167  100.629 -151.972  -58.317   74.172   33.012   87.480  -20.330    0.326508   -1.164887   -0.919465   -0.825301   -1.115234   -1.914034   -1.945986   -0.654711   -1.217856    2.061   -0.339   -3.267 S_000004
   3 N   -66.624  173.732   51.914   82.031 -144.626  -79.853   88.017   37.386   93.560   89.949    0.326863   -1.360239   -0.598758   -0.770568   -1.495734   -1.651595   -1.863481   -0.692540   -1.228225   -2.713   -3.741   -4.412 S_000004
   4 P   -65.055  177.396   54.570   86.015 -104.938  -70.020   81.669   36.544   92.667  -16.324    0.320189   -1.353715   -0.625052   -0.793337   -1.480789   -1.667126   -1.890836   -0.707838   -1.212754   -6.792   -6.084   -8.705 S_000004
   5 N   -61.800  151.250   59.309   81.376 -151.979  -74.545   88.900   34.603  102.580   -8.879    0.328853   -1.411663   -0.478834   -0.807455   -1.679108   -1.467555   -1.848086   -0.753218   -1.193413   -5.140   -8.252  -13.937 S_000004
   6 P  -140.438 -175.306  179.579  154.217 -109.255   44.257  -56.658  -38.710  152.418  157.342    0.319078   -0.002883   -1.489452   -0.767485   -0.943078   -2.009986   -1.903740   -0.719866   -1.199514    0.849  -10.006  -16.794 S_000004
   7 N   -59.964  174.181   51.300   78.076 -147.008  -66.896   78.213   38.858   95.574  175.041    0.306015   -1.413525   -0.474367   -0.781479   -1.609272   -1.534729   -1.839391   -0.718061   -1.220914   -1.367  -10.480  -19.934 S_000004
   8 P  -101.927  146.383   56.829   97.566 -129.139  -65.505   60.556   30.020   93.245 -136.786    0.342834   -1.229296   -0.826127   -0.812648   -1.356082   -1.796528   -1.915797   -0.688746   -1.215375   -5.150   -9.545  -24.675 S_000004
   9 P   152.576  170.296   68.430   89.434 -133.077  -72.642   73.055   27.896  100.714  179.944    0.388248   -1.246097   -0.786930   -0.801166   -1.419905   -1.719690   -1.903846   -0.707060   -1.202876   -4.101   -3.000  -25.527 S_000004
  10 P   -77.048  173.371   62.037   83.310 -142.118  -62.581   79.298   38.775   88.041  -29.177    0.317945   -1.365582   -0.598687   -0.759182   -1.473368   -1.666393   -1.868846   -0.709108   -1.214635   -3.813   -2.122  -19.187 S_000004
  11 P   -65.923  160.124   60.919   85.240 -155.143  -68.599   91.007   37.126   94.061  171.174    0.324744   -1.353363   -0.615947   -0.781827   -1.473397   -1.666346   -1.875603   -0.691726   -1.222132   -5.479   -5.328  -14.556 S_000004
  12 N   -70.600  168.821   59.288   90.938 -158.614  -67.393   86.146   32.762   98.466   -6.972    0.342766   -1.291336   -0.720780   -0.807046   -1.420580   -1.718085   -1.895235   -0.672698   -1.224387   -7.993  -10.604  -13.006 S_000004
  13 P   -66.371  171.824   53.159   81.077 -151.909 -102.406   86.215   41.126   96.105 -173.389    0.275647   -1.408164   -0.479324   -0.784061   -1.547730   -1.569097   -1.827258   -0.651702   -1.250026   -9.088  -16.162  -14.972 S_000004
  14 N   -73.735 -169.010   53.850   91.628 -165.481  -82.950  104.585   32.152   97.825 -125.001    0.349956   -1.271522   -0.756479   -0.811765   -1.378867   -1.748103   -1.902631   -0.650871   -1.230306   -8.373  -22.595  -16.931 S_000004
  15 P  -167.200 -131.423  135.280   86.839 -158.875  -75.765  140.250   35.968   93.284  179.910    0.320765   -1.347235   -0.643969   -0.800359   -1.472294   -1.679922   -1.904488   -0.726813   -1.197436   -3.435  -27.184  -17.744 S_000004
  16 N   -66.247 -162.221   42.623   85.395 -172.862  -83.391  109.607   31.892   96.356  -67.037    0.361456   -1.297285   -0.714693   -0.799200   -1.446982   -1.700414   -1.889700   -0.697914   -1.214421    2.700  -28.954  -18.680 S_000004
  17 N    72.843  153.090  -70.654  145.450 -124.760  102.276  -63.122  -41.622  164.070   19.666    0.305505   -0.165593   -1.485790   -0.749937   -1.208547   -1.823795   -1.915397   -0.728004   -1.191338    8.433  -28.897  -16.507 S_000004
  18 P  -139.980 -163.444   50.082   84.908 -114.203 -105.641   71.482   33.357   95.830  -28.193    0.347303   -1.323641   -0.676413   -0.798013   -1.474280   -1.677035   -1.882442   -0.699057   -1.210817   10.426  -34.483  -16.322 S_000004
  19 P   -67.226  165.233   40.472   82.139 -139.781  -65.472   63.391   32.945   96.408 -140.885    0.348358   -1.356064   -0.605445   -0.802291   -1.565766   -1.590196   -1.894600   -0.771130   -1.166501   16.575  -36.963  -15.828 S_000004
  20 H   -83.865  174.473   81.243   75.839    0.000    0.000   79.022   37.086  100.680  -28.401    0.271368   -1.433361   -0.434523   -0.848053   -1.668795   -1.449112   -1.860372   -0.724574   -1.199359   21.985  -33.628  -15.899 S_000004
SCORE:     0.000                  0.000          0          3          3    S_000005
   1 H     0.000  170.252   55.279   83.992 -161.384  -71.463   65.285   41.683   86.956   75.233    0.299629   -1.375743   -0.577047   -0.744334   -1.443058   -1.687013   -1.854503   -0.675585   -1.242346    3.794    0.984    0.238 S_000005
   2 N   -52.708  168.958   47.953   83.938 -151.452  -67.606   78.841   40.169   90.227  179.882    0.308900   -1.370525   -0.578658   -0.756303   -1.467046   -1.670766   -1.854864   -0.675175   -1.241251    8.793   -1.154   -1.862 S_000005
   3 N   -67.902  174.186   50.759   84.795 -149.911  -81.352   74.229   34.092   94.982   83.657    0.339592   -1.325800   -0.671229   -0.801312   -1.462785   -1.682192   -1.893509   -0.699400   -1.210896   12.094   -5.975   -3.712 S_000005
   4 P   -34.990  162.079   46.184   86.993 -130.976  -82.139   51.703   34.775   93.378  -13.314    0.336114   -1.326017   -0.661864   -0.795280   -1.461362   -1.684902   -1.902190   -0.725073   -1.197161   11.887  -11.537   -5.489 S_000005
   5 P   -30.646 -157.721   55.466   84.682 -156.119 -129.699   72.904   38.557   89.379 -145.507    0.321206   -1.346325   -0.628632   -0.763408   -1.434737   -1.701738   -1.873327   -0.689439   -1.228734    9.963  -16.321   -9.282 S_000005
   6 P   -88.983 -179.922   55.120   84.881 -148.078  -77.488   76.575   33.221   98.805 -116.637    0.338175   -1.353456   -0.616711   -0.812747   -1.549247   -1.607619   -1.896520   -0.735960   -1.191247   12.932  -22.401  -10.369 S_000005
   7 N   -38.194  147.996   57.443   79.618    0.000    0.000  157.173   38.368   90.412  -23.827    0.320933   -1.344658   -0.638566   -0.769663   -1.427734   -1.711240   -1.879687   -0.684609   -1.232144   13.926  -26.116  -14.396 S_000005
   8 P   -55.706  167.181   55.335   86.001 -140.880  -76.690   89.349   36.314   94.866 -158.495    0.324859   -1.341224   -0.644538   -0.791725   -1.457768   -1.686844   -1.879733   -0.672779   -1.234344   14.210  -25.847  -12.245 S_000005
   9 P   -42.585 -172.617   52.702   85.476 -135.475  -43.629   67.201   36.022   96.471  -27.054    0.328846   -1.361422   -0.600025   -0.788174   -1.519140   -1.632392   -1.875031   -0.707186   -1.218551   13.471  -27.442   -6.223 S_000005
  10 P   -64.640  173.026   50.312   82.772 -140.655  -74.224   86.108   39.960   87.465  179.901    0.304411   -1.370919   -0.587104   -0.766703   -1.462867   -1.676701   -1.878643   -0.713457   -1.213982   16.112  -31.392   -2.927 S_000005
  11 N    71.758 -101.563  -83.961   87.122  160.149 -115.383  108.797   10.055  138.006  -82.910    0.384928   -1.288352   -0.756665   -0.958503   -1.755582   -1.334276   -1.912227   -0.754504   -1.146306   19.620  -33.836   -4.340 S_000005
  12 N   138.422  119.523   56.676   84.853   53.786  138.605   49.003    8.551  136.662   65.599    0.436521   -1.202607   -0.821644   -0.877003   -1.690398   -1.422836   -1.825804   -0.688787   -1.208249   17.807  -40.234   -2.327 S_000005
  13 P   -67.939 -122.563   55.486  157.282  -81.031   75.145   75.090  -38.223  145.395 -143.056    0.297354    0.080271   -1.489296   -0.796978   -0.817338   -2.074761   -1.891106   -0.750544   -1.183827   12.779  -42.925    0.551 S_000005
  14 P   159.326  176.160   54.497   82.571 -121.285  -88.555   50.806   39.332   94.934   90.420    0.305249   -1.367077   -0.558572   -0.774375   -1.487904   -1.636947   -1.847741   -0.646602   -1.243903   13.251  -44.247    5.225 S_000005
  15 N    28.230  116.858  -64.042   86.086 -177.369  -76.523   33.822   29.660  101.355  -60.184    0.357288   -1.295361   -0.727268   -0.825279   -1.487446   -1.683047   -1.903784   -0.710823   -1.208443    8.471  -41.727    3.942 S_000005
  16 P  -166.011 -159.063  128.305   80.104 -136.390  -71.750   75.750   37.773   93.790 -141.032    0.351027   -1.346655   -0.604635   -0.739441   -1.461259   -1.663017   -1.841043   -0.683062   -1.234951    8.676  -41.741   -2.719 S_000005
  17 P   -92.210  108.159  113.439   82.875 -150.173  -72.997   62.140   34.061   99.295   -5.264    0.331797   -1.377528   -0.560394   -0.809139   -1.601080   -1.556637   -1.879864   -0.744515   -1.191840   11.096  -40.443   -7.639 S_000005
  18 N   -50.593 -176.925   38.410   81.918  178.801  114.459   90.256   36.750   90.891  -13.928    0.317358   -1.362723   -0.582033   -0.797696   -1.512049   -1.624104   -1.890073   -0.731863   -1.197754   13.020  -35.161  -10.180 S_000005
  19 P  -100.381 -176.230   60.596   81.637 -121.003   64.327   98.858   40.649   86.288  -27.399    0.295042   -1.369184   -0.595867   -0.761867   -1.442636   -1.690214   -1.871293   -0.714774   -1.210602   17.457  -37.295  -14.367 S_000005
  20 H   158.562 -137.523  166.523   77.169    0.000    0.000   53.092   40.041   85.092  -20.276    0.323980   -1.366710   -0.577069   -0.746806   -1.457788   -1.668719   -1.863725   -0.704622   -1.215075   20.297  -32.999  -12.632 S_000005
SCORE:     0.000                  0.000          0          2          9    S_000006
   1 H     0.000  170.252   55.279   79.439 -145.744  -80.736   73.468   36.959   96.138  179.909    0.307343   -1.389478   -0.537551   -0.800402   -1.572752   -1.572462   -1.868766   -0.726715   -1.206250    3.794    0.984    0.238 S_000006
   2 P   -67.897  120.534   54.658   84.332 -122.680  -68.428  115.747   32.331   97.635  179.876    0.366004   -1.301775   -0.710094   -0.782151   -1.447511   -1.697017   -1.871199   -0.679974   -1.225448    8.267   -0.616   -2.303 S_000006
   3 P   -49.997  178.205   28.294  106.721 -137.915  -67.053   77.955   12.848  106.965  176.053    0.411592   -1.020850   -1.057369   -0.849101   -1.333901   -1.850006   -1.938166   -0.726649   -1.187630    9.558   -6.364   -0.416 S_000006
   4 N   -78.328 -134.060   69.119   92.752 -132.987  -90.620  105.933   27.515  104.340 -151.075    0.368106   -1.268867   -0.746307   -0.820909   -1.492280   -1.671797   -1.886334   -0.688348   -1.207524    6.509  -12.136   -2.391 S_000006
   5 N  -144.816 -142.524   64.420   90.209 -114.753 -100.943   92.819   23.930  104.837  168.580    0.403930   -1.229171   -0.803368   -0.821443   -1.473585   -1.686161   -1.903570   -0.714185   -1.199616   10.148  -16.640   -6.555 S_000006
   6 N     0.000 -178.228   64.213   91.408  -80.071  117.486  116.615   28.077  111.437  -24.359    0.361517   -1.313796   -0.703932   -0.843609   -1.525879   -1.614327   -1.903978   -0.695604   -1.202225   14.634  -12.873   -9.114 S_000006
   7 P   -59.523  166.277   46.665   81.650 -144.994  -58.370   66.155   41.416   91.029  -17.653    0.261869   -1.411378   -0.507054   -0.793494   -1.533492   -1.603717   -1.849622   -0.671110   -1.235829   13.648  -15.401  -12.843 S_000006
   8 P   159.697 -155.601  161.953   85.826 -112.317  -75.690   46.402   34.054   99.280  -20.689    0.337680   -1.337818   -0.641734   -0.805999   -1.494516   -1.648816   -1.887534   -0.685536   -1.218862   15.387  -20.730  -15.768 S_000006
   9 P   -67.125  166.937   52.469   81.956 -156.377  -69.854   88.626   38.467   92.090  -80.712    0.327135   -1.356584   -0.612673   -0.759794   -1.455306   -1.681926   -1.860422   -0.669720   -1.243398   20.153  -24.851  -16.159 S_000006
  10 P   -77.003 -130.496   58.681  153.380 -160.194 -149.045  161.544  -39.022  156.297  -39.242    0.316476   -0.024525   -1.487912   -0.765274   -0.977427   -1.988477   -1.914724   -0.683487   -1.222441   24.224  -28.611  -12.302 S_000006
  11 P  -103.550 -161.819   71.771   88.978 -140.990  -74.416   81.501   36.772   89.818  -18.928    0.317653   -1.323018   -0.687579   -0.787935   -1.400269   -1.735253   -1.904271   -0.710968   -1.204524   26.508  -33.969   -8.193 S_000006
  12 N   165.101  164.415   55.346   86.797 -128.016  -86.447   76.547   35.951   93.088  -11.902    0.345309   -1.314783   -0.690275   -0.766239   -1.404325   -1.728318   -1.877513   -0.688246   -1.222250   22.821  -39.128   -5.419 S_000006
  13 N   -72.084  173.719   49.589   82.971 -140.854  -69.682   77.682   36.332   92.335  -16.189    0.328549   -1.354470   -0.614827   -0.782884   -1.494328   -1.651672   -1.878584   -0.702786   -1.212133   21.959  -35.799    0.174 S_000006
  14 N   -61.330 -170.950   48.402   82.435 -139.494  -61.554   67.672   34.041  100.076  -24.195    0.337516   -1.360730   -0.582627   -0.797348   -1.566965   -1.579077   -1.863565   -0.725689   -1.201709   24.745  -30.616    2.650 S_000006
  15 P   -66.006  171.298   53.385   79.862 -139.349  -55.815   76.657   43.251   85.927  179.882    0.289046   -1.374564   -0.602931   -0.738469   -1.387543   -1.735811   -1.856647   -0.640288   -1.267805   27.158  -25.503    0.453 S_000006
  16 P   -48.285  171.723   57.646   85.102 -138.024  -71.884  111.509   37.286   93.785 -173.380    0.308532   -1.370654   -0.592003   -0.800356   -1.506840   -1.642396   -1.883633   -0.701577   -1.219307   27.133  -23.616   -5.028 S_000006
  17 N  -140.295  169.355   50.594   81.448 -142.880  -52.893   61.003   39.512   90.934 -144.619    0.306375   -1.389294   -0.533524   -0.769185   -1.530896   -1.610886   -1.860642   -0.712870   -1.219710   23.629  -21.124  -10.335 S_000006
  18 N   176.876  125.656   49.790   86.091 -142.933  -63.929   67.317   38.654   92.854  -25.910    0.311864   -1.349061   -0.625274   -0.773360   -1.429484   -1.693346   -1.869230   -0.663257   -1.235488   18.225  -24.899   -8.534 S_000006
  19 P   -66.965 -131.585   49.787  151.190 -114.989  172.495  107.035  -40.283  163.684   25.774    0.304640   -0.163820   -1.484370   -0.766383   -1.182307   -1.858363   -1.923227   -0.725694   -1.197365   19.116  -29.579  -13.186 S_000006
  20 H    50.058  177.337   52.795   85.154    0.000    0.000   63.276   37.653   89.533  -18.388    0.328600   -1.322134   -0.679347   -0.768426   -1.386851   -1.743654   -1.880446   -0.675699   -1.235794   20.835  -35.078  -16.351 S_000006
SCORE:     0.000                  0.000          0          5          5    S_000007
   1 H     0.000  170.252   55.279   83.806 -151.917  -68.145   72.433   36.816   94.016 -149.122    0.321789   -1.357667   -0.603087   -0.786154   -1.492745   -1.644730   -1.872506   -0.695768   -1.219272    3.794    0.984    0.238 S_000007
   2 N   160.785  154.517   46.971   84.598 -135.988  -83.665   57.155   38.750   83.887  -16.762    0.306018   -1.344943   -0.645385   -0.786228   -1.405089   -1.719574   -1.905302   -0.708677   -1.202617    7.817   -2.850   -3.812 S_000007
   3 P   -75.716 -172.979   52.954   85.243 -152.512  -46.281  100.386   40.235   89.905  120.050    0.304979   -1.378811   -0.560044   -0.760940   -1.476528   -1.644786   -1.859507   -0.675690   -1.229058   11.550   -4.758    1.404 S_000007
   4 P   -80.720  148.978   51.759   81.631 -140.569  -94.178   67.425   33.742   94.385 -105.717    0.341049   -1.352600   -0.619596   -0.802547   -1.531652   -1.615396   -1.889151   -0.733136   -1.195382   12.708   -2.088    6.091 S_000007
   5 P   -85.268  152.074   70.975   84.610 -142.706  -77.573   72.864   29.216  109.707  -16.752    0.376058   -1.305035   -0.699795   -0.806800   -1.506586   -1.631935   -1.863328   -0.661592   -1.236621   11.883    3.832    8.299 S_000007
   6 N   -54.588  132.477  -58.151  147.396 -110.598  -86.899  177.269  -22.992  127.026  179.890    0.372152   -0.081763   -1.482773   -0.864995   -0.698989   -2.138314   -1.917180   -0.704360   -1.202141   10.742    8.807    6.411 S_000007
   7 N   -65.298  160.441   56.521   79.021 -138.346  -75.712   85.864   41.421   92.465  -25.988    0.289686   -1.413815   -0.462854   -0.756057   -1.574065   -1.555562   -1.819364   -0.696408   -1.234118   13.761    4.216    3.183 S_000007
   8 P   -67.392 -174.514   52.254   83.240 -141.991  -55.645   71.357   38.282   93.899 -160.463    0.323044   -1.351699   -0.612729   -0.765724   -1.454586   -1.679714   -1.860605   -0.669955   -1.242497   13.319   -2.212    2.381 S_000007
   9 N   159.978 -157.094  164.681   89.108    0.000    0.000   79.491   36.904   88.265  -12.637    0.324140   -1.308313   -0.706385   -0.785472   -1.362264   -1.760388   -1.906744   -0.691494   -1.215302    7.406   -4.378    2.477 S_000007
  10 P  -113.771   74.531  170.819   86.101 -133.103  -53.873   72.890   38.065   87.014  172.662    0.333586   -1.327875   -0.661307   -0.756194   -1.393451   -1.726533   -1.885827   -0.705198   -1.209899    7.959   -5.260   -0.039 S_000007
  11 P    46.108  143.416  -40.953   95.490 -153.692  -62.130   68.724   32.321   94.800  179.915    0.357794   -1.214497   -0.850720   -0.797570   -1.252072   -1.854555   -1.910786   -0.614084   -1.255940   12.949   -5.365   -2.322 S_000007
  12 P  -145.987  156.330 -171.280   97.698 -150.657  -84.135   71.724   29.301   97.426  177.190    0.377424   -1.188179   -0.884020   -0.797503   -1.265138   -1.847696   -1.920332   -0.677393   -1.214796   17.295  -10.168   -3.708 S_000007
  13 N   -63.765  175.762   49.301   82.195 -139.268  -76.255   80.024   38.140   96.809  -16.973    0.310832   -1.380775   -0.554869   -0.785152   -1.526966   -1.613265   -1.844664   -0.661005   -1.242320   23.282  -11.973   -4.662 S_000007
  14 P  -102.895  109.601  144.528   82.736 -132.922  -60.474   59.754   37.644   88.094  -15.825    0.329322   -1.357321   -0.594912   -0.767979   -1.499265   -1.661184   -1.892368   -0.763309   -1.185445   27.511  -15.226   -7.175 S_000007
  15 P   -54.164  143.522   46.545   82.357 -143.465  -86.544   71.879   38.490   91.203  162.367    0.314785   -1.367550   -0.587897   -0.773659   -1.487570   -1.656478   -1.880174   -0.719499   -1.208319   30.954  -19.428   -6.788 S_000007
  16 N   -97.882 -146.927   54.031  112.093   98.474 -107.054  176.448  -19.867  131.423   55.916    0.451797   -0.162717   -1.450996   -0.796636   -0.749221   -2.117024   -1.899862   -0.656788   -1.232684   31.439  -25.955   -9.427 S_000007
  17 P   -68.883  174.660   56.618   85.364 -136.985  -14.681   93.428   36.437   94.327  -21.217    0.325582   -1.344664   -0.640428   -0.789076   -1.461584   -1.683304   -1.884139   -0.686736   -1.225674   34.040  -30.449  -10.105 S_000007
  18 P   149.773 -156.144  176.474   82.777 -155.799  -84.417   85.097   38.273   91.188  109.933    0.325799   -1.359624   -0.601698   -0.762572   -1.475146   -1.669392   -1.863222   -0.693642   -1.226962   29.199  -32.959  -11.330 S_000007
  19 P   -63.223 -172.027   45.938   82.673 -152.658  -78.152  100.288   35.890   95.310  161.276    0.328988   -1.369437   -0.570914   -0.787933   -1.551507   -1.597226   -1.876308   -0.739375   -1.192524   22.774  -33.219  -11.567 S_000007
  20 H    81.844  110.186  158.489   89.206    0.000    0.000   64.718   40.861   84.134  -35.156    0.304388   -1.342073   -0.635379   -0.740677   -1.377844   -1.728243   -1.879233   -0.725730   -1.201151   19.369  -33.251  -16.871 S_000007
SCORE:     0.000                  0.000          0          1          6    S_000008
   1 H     0.000  170.252   55.279   79.582 -153.136  -71.868   79.709   39.739   93.077  179.905    0.302179   -1.397240   -0.521997   -0.772275   -1.542713   -1.601521   -1.851350   -0.695862   -1.230188    3.794    0.984    0.238 S_000008
   2 N    48.797  173.568   51.960  155.185    0.000    0.000  155.606  -40.918  159.689   29.511    0.304896   -0.001878   -1.484542   -0.751846   -0.985813   -1.976861   -1.910735   -0.659935   -1.242592    7.765   -2.645   -1.925 S_000008
   3 P  -134.426 -134.950   40.165  100.637 -139.957  -45.233   82.283   18.027  109.237   13.538    0.398787   -1.161684   -0.902139   -0.830878   -1.478596   -1.718231   -1.904266   -0.728531   -1.194065    7.085   -5.585    0.350 S_000008
   4 P   -82.745 -178.852   61.136   86.572 -148.178  -78.703   93.229   35.273   90.178 -115.758    0.353832   -1.300130   -0.710190   -0.764674   -1.390572   -1.744074   -1.880540   -0.710386   -1.210492    7.941   -9.939   -3.872 S_000008
   5 N  -120.680   77.050  178.407   82.567 -171.493  -63.211  -66.965   32.784  103.248  -74.213    0.340466   -1.378188   -0.552816   -0.815238   -1.627788   -1.526797   -1.868061   -0.734013   -1.200504   10.817  -13.349   -7.950 S_000008
   6 P   -53.906  158.017   48.631   82.669 -134.121  -75.536  101.107   36.689   94.232 -140.561    0.311880   -1.349065   -0.615755   -0.799518   -1.476795   -1.657318   -1.872287   -0.677903   -1.230067    8.748  -17.528  -10.641 S_000008
   7 P   -63.434 -170.261   42.468   84.085 -164.916  -75.697  105.175   33.900   96.467  167.006    0.336275   -1.336986   -0.646421   -0.808664   -1.487335   -1.646679   -1.879484   -0.681855   -1.203485    8.430  -20.559  -16.412 S_000008
   8 N   -67.169  161.225   63.810   83.588 -157.020  -64.111   81.939   40.328   88.519  179.886    0.302660   -1.381377   -0.552110   -0.760867   -1.495045   -1.643346   -1.861502   -0.699822   -1.227710   10.623  -22.706  -21.387 S_000008
   9 P   -75.441 -176.257   49.889   84.480 -150.015  -58.181   78.350   36.529   95.850  179.883    0.320243   -1.366292   -0.591817   -0.792166   -1.519666   -1.630118   -1.874778   -0.703794   -1.220096   14.860  -22.179  -25.954 S_000008
  10 N   -50.362  159.375   51.935   82.319 -146.640  -66.723   84.588   37.989   92.527  -13.971    0.322657   -1.383116   -0.549158   -0.769235   -1.545874   -1.606888   -1.866005   -0.732815   -1.205108   20.253  -20.815  -25.857 S_000008
  11 P   -52.839 -177.890  173.171   81.618 -125.368  -75.807   71.882   38.120   92.209  -23.691    0.311955   -1.371838   -0.582527   -0.783486   -1.501299   -1.644852   -1.874525   -0.707241   -1.217623   25.219  -20.366  -22.301 S_000008
  12 P  -119.284  157.178   46.997   92.026 -137.608  -67.466   67.465   35.900   88.474  -16.490    0.344827   -1.285765   -0.745577   -0.766701   -1.340055   -1.791157   -1.892833   -0.727122   -1.193645   27.039  -14.258  -20.285 S_000008
  13 N   -70.461  163.448  -65.883  158.242 -105.932  -67.474  104.919  -40.072  151.163  119.209    0.302666    0.080121   -1.488786   -0.768394   -0.858711   -2.043665   -1.893245   -0.712965   -1.205326   33.080  -14.693  -20.900 S_000008
  14 P  -103.705  169.953   80.520   84.963 -124.738  -58.975   83.197   39.468   91.240  157.845    0.362486   -1.333783   -0.641634   -0.698149   -1.390356   -1.723136   -1.813186   -0.651936   -1.250517   30.030  -19.545  -17.803 S_000008
  15 N   154.070  144.380   54.970   91.893 -130.904 -113.952   64.614   37.472   84.107  -27.547    0.333431   -1.267412   -0.765079   -0.767505   -1.257969   -1.827461   -1.905197   -0.667457   -1.227764   25.669  -22.752  -21.885 S_000008
  16 N   124.840 -136.733   68.865   87.975 -153.577   71.116  112.785   33.112   99.612  -24.917    0.343913   -1.332654   -0.658032   -0.806470   -1.507305   -1.657727   -1.890254   -0.704525   -1.221168   20.710  -18.724  -20.965 S_000008
  17 N   -61.967  162.204   54.039   81.891 -104.319 -131.542   76.251   38.356   91.559  -16.040    0.314129   -1.382675   -0.551507   -0.773840   -1.527779   -1.608949   -1.860838   -0.714414   -1.205447   24.714  -21.067  -19.863 S_000008
  18 N  -155.654 -129.136   76.648   97.596  -49.066 -177.815  -94.247    9.751  148.419   -8.843    0.418769   -1.248740   -0.792584   -0.892266   -1.699584   -1.373859   -1.879263   -0.738288   -1.170552   27.449  -27.216  -17.249 S_000008
  19 N  -113.899  147.252   69.531   75.972 -150.155  -63.263   67.762   38.956   98.850  178.546    0.258300   -1.448710   -0.351219   -0.834014   -1.724356   -1.386119   -1.862347   -0.783092   -1.175846   24.696  -32.563  -15.312 S_000008
  20 H     0.000 -152.767   64.804   84.886    0.000    0.000   77.256   43.060   84.377  179.929    0.275955   -1.368579   -0.629312   -0.745720   -1.402268   -1.772637   -1.870519   -0.744497   -1.212620   20.848  -35.179  -12.113 S_000008
SCORE:     0.000                  0.000          0          1          3    S_000009
   1 H     0.000  170.252   55.279   83.745 -115.787  -97.686   70.766   35.543   95.637  -17.979    0.334481   -1.327632   -0.670880   -0.785145   -1.438034   -1.699842   -1.862811   -0.658854   -1.238916    3.794    0.984    0.238 S_000009
   2 N    94.297 -161.509   44.607   79.454   71.734  154.504  124.839  -27.465  143.263  159.946    0.456885   -0.253791   -1.425996   -0.728404   -1.054585   -1.969449   -1.884297   -0.700686   -1.216607    6.446   -2.984   -3.958 S_000009
   3 P  -109.801   72.989  177.027   85.113  -93.016  162.633   53.265   30.685  105.031  -24.132    0.321673   -1.366700   -0.605529   -0.853367   -1.613433   -1.543095   -1.877127   -0.697612   -1.212811   11.154   -2.918   -0.600 S_000009
   4 P    74.942  118.269  168.180   82.391 -142.061 -104.240  149.208   38.204   96.020  -24.598    0.277928   -1.412544   -0.509062   -0.826909   -1.589840   -1.561552   -1.883316   -0.717633   -1.210033   15.781   -7.143   -3.372 S_000009
   5 P   179.255 -135.065  172.800   92.097  -85.253 -110.016   72.445   16.446  126.691   -9.809    0.394445   -1.251474   -0.774943   -0.886338   -1.638097   -1.508116   -1.898612   -0.716384   -1.191581   21.809   -7.098   -6.844 S_000009
   6 N   -99.982   90.414  178.165   79.258   61.125  -12.791 -176.796   22.742  121.002   66.007    0.383838   -1.345626   -0.637861   -0.867577   -1.703201   -1.447027   -1.872833   -0.741444   -1.193861   27.629   -6.958   -8.446 S_000009
   7 N   -65.309  151.557   44.611   82.631 -134.076  -70.731   66.001   39.313   89.523  -25.139    0.309750   -1.391249   -0.525538   -0.769792   -1.540882   -1.599927   -1.878686   -0.757246   -1.186280   25.579   -7.938   -9.304 S_000009
   8 P   -75.716 -172.979   52.954   85.243 -152.512  -46.281  100.386   40.235   89.905  120.050    0.304979   -1.378811   -0.560044   -0.760940   -1.476528   -1.644786   -1.859507   -0.675690   -1.229058   22.671  -11.443  -14.003 S_000009
   9 P   131.422  171.174   64.762  133.202  -58.360   25.679   97.764  -17.183  144.358   -3.386    0.454059   -0.505345   -1.358025   -0.798178   -1.172001   -1.894976   -1.911877   -0.656754   -1.217952   25.187  -17.186  -14.613 S_000009
  10 N  -168.417  165.968   52.487  108.358 -139.257  -68.676   55.262   14.029  105.434    3.464    0.414594   -0.976942   -1.096985   -0.842919   -1.231126   -1.916798   -1.940749   -0.681644   -1.215490   25.979  -16.972  -10.725 S_000009
  11 P  -116.943   87.117  165.784   84.174 -136.954  -66.572   68.530   39.787   85.511  167.236    0.309170   -1.355702   -0.612589   -0.762140   -1.425812   -1.697764   -1.885733   -0.713548   -1.207527   21.664  -20.934   -9.481 S_000009
  12 P   -69.338 -177.531   44.120   86.202 -153.588  -47.595   98.509   31.490  104.176  168.809    0.344847   -1.328345   -0.646178   -0.821081   -1.527477   -1.609445   -1.870446   -0.668034   -1.228159   16.303  -22.927   -6.712 S_000009
  13 P   -55.990 -149.870  178.464   92.721 -150.508  -92.989  108.751   30.458  108.250  -11.244    0.349569   -1.311333   -0.685588   -0.835411   -1.489369   -1.635126   -1.899097   -0.672145   -1.203868   11.665  -26.188   -9.095 S_000009
  14 P  -103.472   98.786 -177.976  146.518  -66.203   75.097  139.526  -35.205  153.255   24.166    0.333305   -0.175448   -1.479153   -0.793391   -1.097127   -1.932613   -1.929937   -0.720863   -1.190851    7.656  -23.851  -12.609 S_000009
  15 N    91.918 -148.308 -113.734   91.678  163.689 -116.485 -118.554   20.916  110.673  179.930    0.387818   -1.203840   -0.861141   -0.861732   -1.471335   -1.704839   -1.928026   -0.709921   -1.191390   10.927  -26.240  -13.077 S_000009
  16 N    67.758 -117.472   43.864  140.105  -81.665   30.821  119.411  -32.372  155.690   14.079    0.354926   -0.389046   -1.433451   -0.794721   -1.314593   -1.801327   -1.931892   -0.796518   -1.144546   10.428  -27.024   -8.524 S_000009
  17 P   179.112  133.241   27.957  123.193  -36.027  100.318  106.135  -12.835  138.581  -46.898    0.430908   -0.661897   -1.296909   -0.849751   -1.300813   -1.825109   -1.940070   -0.716376   -1.176362   10.744  -29.276  -12.620 S_000009
  18 P   -73.824  139.493   51.077   96.154 -123.809  -59.886   58.511   22.665  103.336  -29.358    0.392506   -1.170904   -0.892493   -0.823372   -1.396774   -1.778482   -1.909335   -0.692280   -1.214719   12.516  -31.637  -15.165 S_000009
  19 P   107.811  166.723   57.050  148.912 -108.939  -68.535 -103.066  -37.373  171.004   20.031    0.326025   -0.295776   -1.455349   -0.784885   -1.288672   -1.766291   -1.931055   -0.727577   -1.194615   15.713  -36.926  -14.497 S_000009
  20 H   -66.605 -173.384   49.695   83.087    0.000    0.000   80.543   36.441   96.293 -157.886    0.311935   -1.393423   -0.522551   -0.806405   -1.598179   -1.551968   -1.880221   -0.745799   -1.191179   20.848  -33.609  -16.512 S_000009
SCORE:     0.000                  0.000          0          1          7    S_000010
   1 H     0.000  170.252   55.279   81.116 -138.173  -87.266   71.491   42.243   87.524  -17.662    0.295945   -1.393712   -0.545521   -0.742701   -1.472867   -1.661015   -1.866924   -0.732996   -1.206405    3.794    0.984    0.238 S_000010
   2 P    49.585  168.438   57.598  145.765  -88.762  -71.693  132.128  -32.978  151.392 -155.065    0.344691   -0.125530   -1.482307   -0.805181   -0.984040   -1.994520   -1.938698   -0.644594   -1.233586    7.544   -2.750   -2.910 S_000010
   3 P    41.812  139.901  178.646   79.785   78.517  -37.992   54.067   32.953  102.419   52.175    0.374200   -1.336541   -0.614581   -0.785494   -1.549560   -1.622549   -1.824862   -0.677186   -1.229793   10.885    1.424   -2.393 S_000010
   4 N  -113.543  164.555   46.466   88.916 -138.836  -66.737   69.315   35.393   90.362  -18.494    0.330539   -1.315070   -0.697920   -0.795672   -1.409500   -1.731357   -1.915245   -0.727493   -1.193523   10.724    1.320    1.372 S_000010
   5 N   126.880 -131.531   61.542  100.320  -19.793 -178.913   88.428   13.838  123.484  -16.596    0.405521   -1.164500   -0.916349   -0.893892   -1.515909   -1.645893   -1.944251   -0.703429   -1.189443   15.086    4.792    0.565 S_000010
   6 N  -155.994  158.984 -101.654  152.779    0.000    0.000  119.379  -39.110  157.818  179.883    0.365095   -0.069919   -1.470633   -0.710831   -1.041316   -1.932917   -1.877346   -0.684549   -1.220860   13.309    6.615   -5.561 S_000010
   7 P   -48.285  171.723   57.646   85.102 -138.024  -71.884  111.509   37.286   93.785 -173.380    0.308532   -1.370654   -0.592003   -0.800356   -1.506840   -1.642396   -1.883633   -0.701577   -1.219307   11.510    5.997   -4.468 S_000010
   8 P   -59.328  148.858 -148.208   73.235 -146.887  -51.992   85.106   44.390   90.013 -153.391    0.252020   -1.452973   -0.362463   -0.763426   -1.631570   -1.492112   -1.809472   -0.726092   -1.217156    5.891    5.048   -3.543 S_000010
   9 P   -71.986  178.416   51.723   79.709 -150.425  -66.874   76.402   40.119   90.657 -166.331    0.305613   -1.392144   -0.531057   -0.761249   -1.526323   -1.617710   -1.858808   -0.720261   -1.218635    3.808    9.773   -0.393 S_000010
  10 P   175.292 -152.802   52.365  101.644 -149.365  -69.029   65.573   24.201   95.375 -150.034    0.381975   -1.098182   -0.994240   -0.813950   -1.217139   -1.910444   -1.921580   -0.673165   -1.221135    3.198    9.921    6.156 S_000010
  11 P   149.014 -155.242 -178.126   84.779 -102.452 -121.172   63.331   34.511  100.273 -173.612    0.341870   -1.354035   -0.615372   -0.789933   -1.534865   -1.629441   -1.860365   -0.683078   -1.232961    1.405    4.529    3.363 S_000010
  12 P   -71.884  173.493   58.716   87.970 -112.810  -97.256  108.210   34.175   96.216  -92.497    0.321392   -1.336820   -0.648699   -0.821886   -1.484559   -1.655003   -1.897028   -0.690126   -1.205009    0.384   -1.559    0.355 S_000010
  13 P    68.582  167.534   63.385   81.107 -128.250  -49.625   78.233   44.515   80.014  -19.866    0.229018   -1.418764   -0.511403   -0.773883   -1.495139   -1.646929   -1.863604   -0.731804   -1.205497    5.398   -4.622   -2.386 S_000010
  14 N   -65.567   89.378  171.014   87.264  166.783   67.514  121.467   31.399  100.690  -84.018    0.327158   -1.337683   -0.664313   -0.852524   -1.522483   -1.628072   -1.924617   -0.732020   -1.175221    5.218   -8.712   -4.285 S_000010
  15 N   -70.422 -176.803   54.287   79.161 -164.802 -103.413   88.590   39.012   94.519 -103.099    0.284657   -1.432273   -0.440008   -0.804927   -1.647512   -1.494854   -1.868363   -0.764982   -1.183614    6.495  -13.724   -6.851 S_000010
  16 P  -144.314   99.076  172.862   89.752 -150.115  -50.909   73.012   38.269   87.558  -13.823    0.314845   -1.336581   -0.649747   -0.775354   -1.407816   -1.716305   -1.897506   -0.723584   -1.198856   10.739  -18.767   -6.989 S_000010
  17 P   -62.677  164.339   51.371   81.076 -145.881  -91.021   82.893   39.488   95.808  154.229    0.302569   -1.406111   -0.460178   -0.776246   -1.589005   -1.524058   -1.813028   -0.673620   -1.240354   13.261  -23.585   -5.392 S_000010
  18 P   -57.451  166.072   51.014   81.767 -149.065  -73.092   88.128   39.239   92.800  165.041    0.308057   -1.383179   -0.559181   -0.770640   -1.508010   -1.632559   -1.860221   -0.691144   -1.228328   15.208  -29.429   -6.413 S_000010
  19 P   -83.383  178.995   58.450   83.328 -148.736  -83.655   87.924   39.272   93.838 -166.979    0.302996   -1.364929   -0.599303   -0.776440   -1.458865   -1.677619   -1.861487   -0.663780   -1.250561   17.247  -33.962  -10.521 S_000010
  20 H    84.609  -97.867 -177.613   85.838    0.000    0.000   62.573   38.712   95.903  179.928    0.340365   -1.352849   -0.603896   -0.736924   -1.447362   -1.669987   -1.803448   -0.610385   -1.273601   17.646  -33.609  -15.125 S_000010
