SEQUENCE: gaaaaaaaag
SCORE:     score    rna_stub_coord_hack       N_WC      N_NWC       N_BS description
REMARK RNA 
SCORE:    69.650                 69.650          0          0          1    S_000001
   1 H     0.000  170.252   55.279  124.572 -146.021  -43.314   77.443   28.651   79.984 -106.858    0.357375   -0.696561   -1.315930   -0.844613   -0.347250   -2.186102   -1.933476   -0.468571   -1.312431    3.794    0.984    0.238 S_000001
   2 N    61.168 -173.764 -155.208   82.252 -145.200  -63.629  -65.528   28.117  114.565  -10.825    0.339620   -1.380465   -0.566465   -0.883701   -1.674981   -1.454385   -1.810892   -0.640079   -1.249476    4.592   -3.507   -2.527 S_000001
   3 N   -95.425 -155.406   77.947   78.499 -154.163 -122.653  107.035   36.958  102.556  165.680    0.427752   -1.322176   -0.584372   -0.619659   -1.490434   -1.618431   -1.705002   -0.657488   -1.286959   -0.359   -7.754   -4.240 S_000001
   4 P   163.328  133.174   67.642  136.998 -137.626 -154.012   89.421  -30.525  152.645   30.625    0.372295   -0.416181   -1.425075   -0.793600   -1.311181   -1.799090   -1.926431   -0.784884   -1.148790   -5.741   -8.687   -9.107 S_000001
   5 N   167.952 -167.959  154.203  145.211 -155.376 -167.633   19.536  -32.174  148.043  -55.599    0.332777   -0.133501   -1.484945   -0.828850   -0.980089   -2.013944   -1.953344   -0.695714   -1.205944   -9.781  -14.473  -11.016 S_000001
   6 N  -148.162  164.915  118.385  145.355 -109.323 -178.043  158.161  -25.949  134.973  153.436    0.357113   -0.162484   -1.477571   -0.854725   -0.883260   -2.080780   -1.943630   -0.688761   -1.201220  -14.298  -18.873  -14.224 S_000001
   7 P   119.802 -147.111 -144.526  109.569 -143.800  -81.732   76.992   10.507  113.777 -142.370    0.392724   -1.039526   -1.039210   -0.879472   -1.411159   -1.786625   -1.952807   -0.730573   -1.180027  -18.740  -21.696  -18.605 S_000001
   8 N  -178.810  153.055  135.770  106.704 -138.327 -112.358  127.377   22.478   87.323  -11.418    0.409131   -0.973460   -1.098711   -0.809248   -1.028300   -2.013690   -1.923910   -0.665663   -1.225656  -24.376  -23.418  -22.470 S_000001
   9 P  -165.123  123.315  171.991   87.033 -153.571  -59.887   73.452   35.136   95.198   -8.374    0.331756   -1.337775   -0.632899   -0.796073   -1.488319   -1.658809   -1.881383   -0.691431   -1.212719  -29.970  -26.744  -25.343 S_000001
  10 H   -88.487  172.257   78.003   79.011    0.000    0.000   69.554   38.232   95.623  -30.500    0.311339   -1.384740   -0.545782   -0.783405   -1.529354   -1.600561   -1.860242   -0.704681   -1.220308  -35.290  -28.710  -27.836 S_000001
SCORE:    69.157                 69.157          0          0          3    S_000002
   1 H     0.000  170.252   55.279   85.480 -101.323  -53.309   64.899   36.520   93.222  -83.768    0.328607   -1.312658   -0.689372   -0.775351   -1.393651   -1.734296   -1.873920   -0.668557   -1.236260    3.794    0.984    0.238 S_000002
   2 P   101.545 -166.544 -165.818  126.065 -162.988  -99.544   98.876  -15.674  141.015 -159.461    0.397392   -0.610821   -1.338979   -0.860837   -1.287097   -1.866209   -1.963161   -0.695831   -1.206560    2.837   -3.226   -3.013 S_000002
   3 P   -75.644  168.083   67.814   90.941 -157.060 -127.340   91.236   30.922  102.656 -145.099    0.354641   -1.319354   -0.665360   -0.807874   -1.528183   -1.625955   -1.881488   -0.703515   -1.213541    0.942   -9.273   -3.019 S_000002
   4 P   171.747  153.395  159.041  148.712 -150.900 -143.856  163.298  -31.676  141.216  -34.261    0.335662   -0.099384   -1.482186   -0.823846   -0.920479   -2.044532   -1.934389   -0.708140   -1.198506   -2.683  -15.562   -3.619 S_000002
   5 P   164.423 -126.231  176.251   91.863 -148.152  -95.447   90.726   36.141   94.787  -18.747    0.308216   -1.335123   -0.633984   -0.806988   -1.469271   -1.673926   -1.899392   -0.725780   -1.196649   -4.985  -22.128   -2.779 S_000002
   6 N  -162.335 -115.976  123.191   89.015  175.258 -173.476   79.260   17.306  130.746  -80.581    0.379421   -1.301197   -0.739786   -0.920270   -1.669913   -1.460581   -1.919630   -0.732482   -1.173204   -8.578  -27.959   -1.419 S_000002
   7 P  -122.416 -162.247   61.004   85.592  169.934  -92.697  103.631   24.647  122.983  -18.284    0.346302   -1.353110   -0.620505   -0.901832   -1.671700   -1.453064   -1.868023   -0.683506   -1.222104  -12.186  -33.917   -3.259 S_000002
   8 P  -136.198 -122.857 -158.492  106.180 -124.887  -76.026   74.874   19.311  100.658  168.675    0.405981   -1.001253   -1.074308   -0.820525   -1.157218   -1.951689   -1.924168   -0.645988   -1.229494  -17.542  -38.028   -1.906 S_000002
   9 P   -71.409  163.072   88.916  129.689 -115.676 -168.510  103.969  -27.373  151.463 -158.189    0.375027   -0.488612   -1.399569   -0.832328   -1.348614   -1.777614   -1.951482   -0.749221   -1.158968  -21.184  -42.997   -3.138 S_000002
  10 H   -47.200  160.905   54.054   82.762    0.000    0.000   66.423   35.257   98.137  179.901    0.322872   -1.392525   -0.543185   -0.807335   -1.603653   -1.554183   -1.875783   -0.737290   -1.199213  -25.692  -47.345   -2.110 S_000002
SCORE:    68.227                 68.227          0          0          1    S_000003
   1 H     0.000  170.252   55.279   81.003 -159.439  -20.907   72.725   37.832   96.483  -20.185    0.307758   -1.403003   -0.519543   -0.783099   -1.588731   -1.562658   -1.842107   -0.707584   -1.218127    3.794    0.984    0.238 S_000003
   2 P    95.862 -150.045 -177.753  145.463 -163.746 -130.631  132.028  -25.964  134.716  -54.064    0.372792   -0.139680   -1.476267   -0.836576   -0.849905   -2.078892   -1.921957   -0.718372   -1.188673    4.649   -3.646   -1.359 S_000003
   3 P   139.421   99.903  167.645   88.729 -152.217  -69.641   88.735   35.678   89.523  177.526    0.326064   -1.301859   -0.702283   -0.796219   -1.383460   -1.739469   -1.902064   -0.690550   -1.208633    2.546  -10.117    1.189 S_000003
   4 P  -133.435  121.623  159.513   84.107 -132.282  -83.506   67.169   34.547   94.201  -27.447    0.328492   -1.348144   -0.633645   -0.807308   -1.509568   -1.647897   -1.897709   -0.723428   -1.200444   -1.315  -15.077    2.371 S_000003
   5 P  -166.924 -154.036  159.889   90.332 -178.658 -136.635   73.477   26.413  115.255    3.673    0.345049   -1.323606   -0.689620   -0.882069   -1.572952   -1.568229   -1.923026   -0.712384   -1.176451   -5.470  -20.409    3.962 S_000003
   6 P  -166.924 -154.036  159.889   90.332 -178.658 -136.635   73.477   26.413  115.255    3.673    0.345049   -1.323606   -0.689620   -0.882069   -1.572952   -1.568229   -1.923026   -0.712384   -1.176451   -9.091  -26.521    4.592 S_000003
   7 P   149.773 -156.144  176.474   82.777 -155.799  -84.417   85.097   38.273   91.188  109.933    0.325799   -1.359624   -0.601698   -0.762572   -1.475146   -1.669392   -1.863222   -0.693642   -1.226962  -11.515  -32.738    3.288 S_000003
   8 N  -162.335 -115.976  123.191   89.015  175.258 -173.476   79.260   17.306  130.746  -80.581    0.379421   -1.301197   -0.739786   -0.920270   -1.669913   -1.460581   -1.919630   -0.732482   -1.173204  -12.461  -39.485    4.196 S_000003
   9 N   167.952 -167.959  154.203  145.211 -155.376 -167.633   19.536  -32.174  148.043  -55.599    0.332777   -0.133501   -1.484945   -0.828850   -0.980089   -2.013944   -1.953344   -0.695714   -1.205944  -15.173  -46.021    5.445 S_000003
  10 H   -68.483 -176.719   51.361   86.162    0.000    0.000   91.205   33.617   99.514  -72.391    0.331265   -1.346443   -0.647111   -0.820350   -1.509078   -1.647167   -1.895720   -0.699805   -1.214104  -18.285  -51.692    3.954 S_000003
SCORE:    69.299                 69.299          0          0          0    S_000004
   1 H     0.000  170.252   55.279   83.441 -138.234  -65.960   72.363   42.915   86.864  -26.378    0.299535   -1.395706   -0.519758   -0.722235   -1.500857   -1.649095   -1.840603   -0.716108   -1.227544    3.794    0.984    0.238 S_000004
   2 P   133.231  -95.622  152.652   89.513  169.105 -133.943   80.474   17.341  127.879  -87.358    0.354101   -1.299334   -0.738039   -0.953084   -1.657539   -1.453322   -1.935477   -0.715656   -1.158521    4.731   -3.468   -2.378 S_000004
   3 P  -178.202  137.711  175.039   87.326 -100.817 -124.463   72.525   37.168   89.000 -168.297    0.333828   -1.301826   -0.705042   -0.771433   -1.348062   -1.762967   -1.894852   -0.676530   -1.222789    4.719  -10.545   -2.190 S_000004
   4 P   149.773 -156.144  176.474   82.777 -155.799  -84.417   85.097   38.273   91.188  109.933    0.325799   -1.359624   -0.601698   -0.762572   -1.475146   -1.669392   -1.863222   -0.693642   -1.226962    1.082  -16.511   -2.779 S_000004
   5 N   -50.936  170.693   59.456  140.138 -123.590 -165.720  102.147  -28.824  146.926   74.808    0.372909   -0.320183   -1.444597   -0.805892   -1.158175   -1.918373   -1.937237   -0.739376   -1.178972   -1.801  -21.842   -2.352 S_000004
   6 N   167.952 -167.959  154.203  145.211 -155.376 -167.633   19.536  -32.174  148.043  -55.599    0.332777   -0.133501   -1.484945   -0.828850   -0.980089   -2.013944   -1.953344   -0.695714   -1.205944   -5.150  -28.296   -2.019 S_000004
   7 P   163.915 -172.598  170.232   84.847 -141.166  -71.216   90.576   34.994   93.637  174.357    0.365294   -1.314023   -0.663394   -0.753743   -1.442508   -1.688954   -1.869242   -0.701492   -1.217749   -7.130  -35.236   -1.227 S_000004
   8 P   -93.154 -157.444   54.300  150.377 -112.935 -160.796  105.347  -36.726  152.260  155.081    0.325182   -0.066179   -1.488565   -0.782637   -0.984831   -1.998773   -1.922659   -0.698395   -1.211700  -10.222  -41.215   -0.153 S_000004
   9 P  -177.185 -173.566  155.371  145.456  -98.754  179.352  138.838  -24.197  141.689  170.602    0.366879   -0.185448   -1.467973   -0.847005   -0.869502   -2.069646   -1.938630   -0.653402   -1.218242  -15.931  -45.609    0.916 S_000004
  10 H   -74.416  169.608   65.402   87.512    0.000    0.000   76.429   38.490   99.090  -53.442    0.279946   -1.414337   -0.493444   -0.811834   -1.604944   -1.545185   -1.835833   -0.671090   -1.256126  -17.902  -51.003    3.574 S_000004
SCORE:    71.114                 71.114          0          0          1    S_000005
   1 H     0.000  170.252   55.279   99.875 -125.670  -47.314  -59.901   23.917  106.443  -44.508    0.368683   -1.205108   -0.840364   -0.842539   -1.444282   -1.735537   -1.936547   -0.715670   -1.190816    3.794    0.984    0.238 S_000005
   2 N    48.320 -175.266 -174.572  139.899  -85.359  -82.172  -18.014  -30.842  144.287   39.325    0.345593   -0.211979   -1.463859   -0.822015   -1.053382   -1.958648   -1.937095   -0.744573   -1.159363    4.394   -3.503   -2.530 S_000005
   3 P   -97.972 -152.339   81.706  124.769 -146.581  162.724  125.829  -16.565  146.909   34.182    0.440902   -0.620888   -1.321854   -0.837849   -1.312903   -1.792966   -1.931445   -0.672971   -1.201510   -1.444   -6.831   -1.437 S_000005
   4 P  -173.910 -150.992  149.500  127.998 -128.911 -142.558   91.482   -6.193  136.127   15.787    0.408280   -0.788743   -1.262842   -0.923571   -1.317920   -1.806812   -1.984235   -0.740556   -1.116661   -6.805  -10.911   -3.885 S_000005
   5 P    -9.791  151.275   56.495  145.205 -149.476  178.681  133.718  -34.285  155.187  132.770    0.343879   -0.234485   -1.467538   -0.792884   -1.158169   -1.902504   -1.934198   -0.737152   -1.185132  -11.758  -14.796   -4.920 S_000005
   6 N   159.691 -170.590 -174.109   88.343 -146.100  -64.645   64.868   37.125   98.321   81.301    0.318687   -1.369463   -0.573472   -0.783925   -1.523176   -1.616361   -1.852265   -0.662433   -1.260222  -16.710  -20.006   -4.431 S_000005
   7 P   145.834  169.864  160.515  116.771 -150.825  -95.969  116.851    6.639  112.778  -49.780    0.428419   -0.827735   -1.201961   -0.850477   -1.142936   -1.957796   -1.955336   -0.681649   -1.210816  -20.394  -25.477   -5.333 S_000005
   8 P  -134.330  101.066  176.060   86.439 -116.418  -82.329   46.998   35.258   98.130 -155.832    0.325169   -1.363182   -0.594694   -0.805606   -1.532304   -1.613124   -1.891886   -0.730772   -1.190888  -24.557  -29.919   -7.571 S_000005
   9 P  -172.604  161.126  159.864  155.138 -101.607 -139.360  -48.863  -40.948  155.621   78.591    0.319081    0.026124   -1.484098   -0.731166   -0.944630   -1.986654   -1.887978   -0.700564   -1.211859  -27.249  -36.186   -9.250 S_000005
  10 H   -64.571  166.170   66.640   78.773    0.000    0.000   66.286   36.503   99.739  -21.693    0.318384   -1.382035   -0.564803   -0.800043   -1.546418   -1.596930   -1.854494   -0.681400   -1.228409  -31.225  -41.510  -10.343 S_000005
SCORE:    69.203                 69.203          0          0          0    S_000006
   1 H     0.000  170.252   55.279   81.935 -135.920  -56.492   62.032   37.758   93.267  -41.156    0.322652   -1.370730   -0.579332   -0.773865   -1.511244   -1.636154   -1.862593   -0.705278   -1.223043    3.794    0.984    0.238 S_000006
   2 P    75.543  143.079 -173.965   79.820 -149.586  -83.394  142.471   35.166  105.724   89.437    0.315909   -1.418544   -0.465537   -0.820805   -1.676714   -1.460143   -1.808956   -0.689573   -1.240935    5.035   -3.928   -2.946 S_000006
   3 P   171.747  153.395  159.041  148.712 -150.900 -143.856  163.298  -31.676  141.216  -34.261    0.335662   -0.099384   -1.482186   -0.823846   -0.920479   -2.044532   -1.934389   -0.708140   -1.198506    1.223   -9.657   -1.402 S_000006
   4 N  -129.028 -163.582   48.553  135.468 -141.911 -174.848  157.057  -27.178  160.516  155.765    0.423310   -0.241784   -1.447837   -0.777242   -1.015377   -1.948135   -1.915235   -0.727216   -1.192394   -1.830  -16.263   -1.136 S_000006
   5 P   -54.889  139.233   36.892   90.391   37.341  135.742   85.013   19.892  117.144   67.261    0.412877   -1.175371   -0.885076   -0.835558   -1.442456   -1.718088   -1.891858   -0.642092   -1.240027   -3.176  -21.770    0.423 S_000006
   6 P   145.559 -147.661 -179.920   89.636 -147.948 -121.251  142.316   19.265  124.361   72.826    0.378876   -1.314939   -0.680925   -0.895597   -1.696331   -1.431095   -1.862822   -0.708039   -1.208086   -5.169  -27.574    3.265 S_000006
   7 P   -87.787  177.868   72.488  125.142 -164.828 -151.898  111.548  -19.213  150.164  -29.735    0.411216   -0.574601   -1.357123   -0.857597   -1.302692   -1.814919   -1.954673   -0.693383   -1.189634   -8.460  -33.584    3.398 S_000006
   8 P   165.278  167.371  175.594   83.822 -158.281  -75.127   89.459   36.330   91.172 -137.030    0.339110   -1.327173   -0.662258   -0.772025   -1.433257   -1.708364   -1.881501   -0.696938   -1.221572  -12.534  -39.588    4.077 S_000006
   9 P  -177.185 -173.566  155.371  145.456  -98.754  179.352  138.838  -24.197  141.689  170.602    0.366879   -0.185448   -1.467973   -0.847005   -0.869502   -2.069646   -1.938630   -0.653402   -1.218242  -16.453  -44.963    5.474 S_000006
  10 H   -72.296  179.831   55.922   81.899    0.000    0.000   72.703   36.756   97.218  179.908    0.317609   -1.371033   -0.590445   -0.791350   -1.510782   -1.623577   -1.861947   -0.683688   -1.222071  -17.611  -51.073    3.930 S_000006
SCORE:    68.852                 68.852          0          0          0    S_000007
   1 H     0.000  170.252   55.279   84.552 -124.301  -73.075   60.076   37.682   91.610  -23.435    0.338927   -1.330091   -0.662072   -0.754475   -1.414190   -1.729392   -1.872428   -0.688047   -1.228916    3.794    0.984    0.238 S_000007
   2 N    90.922  114.471  169.536   85.610 -136.875 -104.260  119.770   29.348  109.939  -14.490    0.338656   -1.376598   -0.581222   -0.858928   -1.661063   -1.497632   -1.883181   -0.729109   -1.201704    4.442   -3.474   -4.194 S_000007
   3 P   152.804  179.450  178.912   87.198 -154.572  -78.725   73.493   37.836   90.078  169.479    0.323288   -1.361977   -0.597100   -0.768408   -1.488119   -1.654360   -1.884994   -0.739724   -1.191211    1.377   -9.747   -2.956 S_000007
   4 P  -154.110  177.465  163.988   84.786   25.390 -179.014   86.764   31.051  102.698   25.124    0.355035   -1.299002   -0.698685   -0.820070   -1.469196   -1.668745   -1.888201   -0.662177   -1.225535   -0.141  -16.202   -1.067 S_000007
   5 P   -82.065 -169.133  159.105  130.152 -118.962 -131.679  102.280  -28.889  151.726  167.282    0.365724   -0.408328   -1.424356   -0.816562   -1.273284   -1.838067   -1.942577   -0.701107   -1.207967   -5.921  -19.525   -0.073 S_000007
   6 N   167.952 -167.959  154.203  145.211 -155.376 -167.633   19.536  -32.174  148.043  -55.599    0.332777   -0.133501   -1.484945   -0.828850   -0.980089   -2.013944   -1.953344   -0.695714   -1.205944   -9.545  -25.849   -0.152 S_000007
   7 P  -172.604  161.126  159.864  155.138 -101.607 -139.360  -48.863  -40.948  155.621   78.591    0.319081    0.026124   -1.484098   -0.731166   -0.944630   -1.986654   -1.887978   -0.700564   -1.211859  -13.754  -31.685    0.310 S_000007
   8 P   142.990 -157.333 -168.021   81.949 -149.012  -66.119   71.198   43.777   90.331  -21.089    0.268349   -1.386227   -0.533826   -0.747811   -1.438299   -1.663607   -1.829121   -0.660086   -1.293371  -17.174  -37.649    2.076 S_000007
   9 P   171.747  153.395  159.041  148.712 -150.900 -143.856  163.298  -31.676  141.216  -34.261    0.335662   -0.099384   -1.482186   -0.823846   -0.920479   -2.044532   -1.934389   -0.708140   -1.198506  -18.465  -44.189    3.773 S_000007
  10 H   -78.620 -176.024   51.150   81.261    0.000    0.000   79.477   38.962   92.852  179.922    0.308511   -1.396384   -0.523165   -0.773960   -1.558577   -1.591514   -1.857721   -0.717648   -1.218350  -21.993  -50.035    4.144 S_000007
SCORE:    69.779                 69.779          0          1          0    S_000008
   1 H     0.000  170.252   55.279   81.003 -159.439  -20.907   72.725   37.832   96.483  -20.185    0.307758   -1.403003   -0.519543   -0.783099   -1.588731   -1.562658   -1.842107   -0.707584   -1.218127    3.794    0.984    0.238 S_000008
   2 P    51.708  166.016  165.802  144.117 -158.911  172.559 -116.298  -36.379  164.491  -35.030    0.332415   -0.279857   -1.462557   -0.789069   -1.253212   -1.810639   -1.936782   -0.713043   -1.201460    4.844   -3.811   -1.524 S_000008
   3 P   144.301 -177.457  168.047  118.394  -83.727 -174.250   12.230  -18.258  135.328  -56.346    0.460209   -0.247345   -1.424070   -0.790326   -0.836688   -2.081905   -1.909305   -0.651561   -1.235348    1.971  -10.289   -0.529 S_000008
   4 P    90.227 -127.081 -150.713   82.253 -129.424  -73.849  -50.286   33.603   97.534  -21.932    0.334435   -1.349293   -0.630402   -0.817321   -1.524796   -1.630139   -1.895620   -0.723409   -1.203148   -1.632  -15.508    0.153 S_000008
   5 N  -148.162  164.915  118.385  145.355 -109.323 -178.043  158.161  -25.949  134.973  153.436    0.357113   -0.162484   -1.477571   -0.854725   -0.883260   -2.080780   -1.943630   -0.688761   -1.201220   -5.561  -20.967    1.642 S_000008
   6 P   153.942 -172.175  173.008   81.922 -159.435  -59.843   75.194   37.416   97.393 -160.084    0.313845   -1.393835   -0.529876   -0.789306   -1.579149   -1.575655   -1.852855   -0.709064   -1.225200   -8.534  -27.389    2.678 S_000008
   7 P   171.747  153.395  159.041  148.712 -150.900 -143.856  163.298  -31.676  141.216  -34.261    0.335662   -0.099384   -1.482186   -0.823846   -0.920479   -2.044532   -1.934389   -0.708140   -1.198506  -11.516  -33.098    4.750 S_000008
   8 N   -50.936  170.693   59.456  140.138 -123.590 -165.720  102.147  -28.824  146.926   74.808    0.372909   -0.320183   -1.444597   -0.805892   -1.158175   -1.918373   -1.937237   -0.739376   -1.178972  -12.131  -39.531    4.248 S_000008
   9 P   133.992  160.295  154.383   88.688 -110.457  -97.079   71.687   34.022   99.635  -33.240    0.328740   -1.355103   -0.611440   -0.811012   -1.542987   -1.613729   -1.888129   -0.724295   -1.207346  -14.462  -46.363    3.168 S_000008
  10 H   -99.117 -154.757   55.139   85.617    0.000    0.000   78.548   40.717   84.806  -16.221    0.311424   -1.330717   -0.660334   -0.744437   -1.351746   -1.764096   -1.883157   -0.693214   -1.232144  -16.818  -52.131    6.630 S_000008
SCORE:    68.060                 68.060          0          0          2    S_000009
   1 H     0.000  170.252   55.279   85.499 -134.441   60.986   89.035   30.460  110.491  166.627    0.343743   -1.365989   -0.577470   -0.837147   -1.619984   -1.505176   -1.853176   -0.690739   -1.223613    3.794    0.984    0.238 S_000009
   2 P  -141.103   93.426  169.495   91.069 -150.020  -92.359   62.089   37.264   87.277  136.929    0.317046   -1.318105   -0.686127   -0.788078   -1.384274   -1.745631   -1.907231   -0.711992   -1.202040    2.045   -2.271   -2.927 S_000009
   3 P   165.278  167.371  175.594   83.822 -158.281  -75.127   89.459   36.330   91.172 -137.030    0.339110   -1.327173   -0.662258   -0.772025   -1.433257   -1.708364   -1.881501   -0.696938   -1.221572   -0.866   -8.638   -3.849 S_000009
   4 P   171.747  153.395  159.041  148.712 -150.900 -143.856  163.298  -31.676  141.216  -34.261    0.335662   -0.099384   -1.482186   -0.823846   -0.920479   -2.044532   -1.934389   -0.708140   -1.198506   -4.632  -14.287   -5.219 S_000009
   5 P   -82.645 -177.969   72.751  145.260 -157.503 -148.229  111.875  -38.545  157.429  -12.075    0.322205   -0.223436   -1.480851   -0.764697   -1.222995   -1.851784   -1.919902   -0.771160   -1.168755   -7.132  -20.581   -4.203 S_000009
   6 N   153.892 -141.795  167.120   90.150 -140.999 -172.900  120.377   29.336   99.989 -144.515    0.391187   -1.231714   -0.791754   -0.780320   -1.371883   -1.747462   -1.876007   -0.673329   -1.208973  -11.575  -25.725   -2.611 S_000009
   7 P  -173.910 -150.992  149.500  127.998 -128.911 -142.558   91.482   -6.193  136.127   15.787    0.408280   -0.788743   -1.262842   -0.923571   -1.317920   -1.806812   -1.984235   -0.740556   -1.116661  -15.097  -32.116   -2.642 S_000009
   8 P   -82.645 -177.969   72.751  145.260 -157.503 -148.229  111.875  -38.545  157.429  -12.075    0.322205   -0.223436   -1.480851   -0.764697   -1.222995   -1.851784   -1.919902   -0.771160   -1.168755  -17.067  -38.749   -2.782 S_000009
   9 N   153.892 -141.795  167.120   90.150 -140.999 -172.900  120.377   29.336   99.989 -144.515    0.391187   -1.231714   -0.791754   -0.780320   -1.371883   -1.747462   -1.876007   -0.673329   -1.208973  -21.025  -44.432   -3.666 S_000009
  10 H   -64.227 -175.924   52.756   86.026    0.000    0.000   81.065   37.800   93.467 -143.959    0.317652   -1.340902   -0.647029   -0.760425   -1.451534   -1.709371   -1.867992   -0.740581   -1.206251  -21.391  -50.869   -4.867 S_000009
SCORE:    70.051                 70.051          0          0          1    S_000010
   1 H     0.000  170.252   55.279   85.495 -161.311   31.012  105.864   36.888   92.212  -17.939    0.321922   -1.338545   -0.641644   -0.786956   -1.442624   -1.689946   -1.886306   -0.691978   -1.220651    3.794    0.984    0.238 S_000010
   2 N  -166.894  112.389   43.425  139.144  -93.797  169.401  110.119  -36.534  157.292  -64.107    0.358303   -0.428822   -1.410188   -0.754876   -1.434866   -1.649973   -1.895696   -0.801075   -1.141606    4.817   -3.840   -3.089 S_000010
   3 N   155.698 -147.514  169.931   83.393 -124.401  -88.271   60.605   36.805   93.611  -23.064    0.324225   -1.355591   -0.614213   -0.787839   -1.484943   -1.661573   -1.879896   -0.700877   -1.213843    1.604   -9.531   -0.682 S_000010
   4 P  -100.510   88.518  170.841   87.333 -137.107  -63.353   57.655   35.933   89.207  103.677    0.346612   -1.293854   -0.721841   -0.771160   -1.358195   -1.767997   -1.901990   -0.707743   -1.210484   -1.497  -14.499   -0.490 S_000010
   5 P   152.594  176.327  171.244   91.237 -151.427  -73.024   82.556   36.730   87.095   -0.293    0.324489   -1.292433   -0.740995   -0.782053   -1.325054   -1.790390   -1.912036   -0.712281   -1.201892   -3.425  -20.826   -0.412 S_000010
   6 N  -174.783  120.716  177.399  150.472 -127.479 -150.643  -46.738  -38.379  156.036  172.165    0.295515   -0.075973   -1.493365   -0.801078   -1.032701   -1.963612   -1.942754   -0.690149   -1.211052   -7.505  -26.342    0.721 S_000010
   7 N   137.587 -170.533 -171.519   94.799 -145.911  -66.460   70.720   36.799   89.486  -16.397    0.343215   -1.223738   -0.846956   -0.763254   -1.164451   -1.899283   -1.893385   -0.551026   -1.273253  -10.277  -32.999    0.800 S_000010
   8 P  -145.987  156.330 -171.280   97.698 -150.657  -84.135   71.724   29.301   97.426  177.190    0.377424   -1.188179   -0.884020   -0.797503   -1.265138   -1.847696   -1.920332   -0.677393   -1.214796  -14.122  -38.508    0.973 S_000010
   9 N  -178.810  153.055  135.770  106.704 -138.327 -112.358  127.377   22.478   87.323  -11.418    0.409131   -0.973460   -1.098711   -0.809248   -1.028300   -2.013690   -1.923910   -0.665663   -1.225656  -15.189  -45.466    0.921 S_000010
  10 H  -158.965 -158.706   39.912  112.185    0.000    0.000   73.730    5.146  115.877 -118.267    0.416862   -0.913177   -1.149692   -0.865489   -1.315497   -1.866933   -1.956665   -0.724517   -1.188217  -19.243  -51.492    0.753 S_000010
