SEQUENCE: gaag
SCORE:     score    rna_stub_coord_hack       N_WC      N_NWC       N_BS description
REMARK RNA 
SCORE:     0.000                  0.000          0          0          2    S_000001
   1 H     0.000  170.252   55.279   80.760 -134.067  -82.104   65.058   38.650   89.836  179.921    0.326413   -1.362699   -0.594049   -0.759394   -1.463702   -1.660362   -1.855885   -0.691103   -1.226878    3.794    0.984    0.238 S_000001
   2 N   -62.514 -170.401   56.256  142.682 -145.274  -62.141  145.846  -37.380  164.743  -21.181    0.318091   -0.284380   -1.461165   -0.785874   -1.272551   -1.791883   -1.938188   -0.736907   -1.183468    7.996   -1.825   -4.002 S_000001
   3 P   142.544 -157.660  173.092   85.374 -123.104  -81.917   64.767   36.586   87.722  133.333    0.352495   -1.281592   -0.730813   -0.752846   -1.327217   -1.787262   -1.878978   -0.671597   -1.222844    5.462   -4.761   -8.832 S_000001
   4 H   -61.493  168.652   58.051   79.743    0.000    0.000   71.958   44.588   91.331  158.491    0.311628   -1.423496   -0.471538   -0.697961   -1.466706   -1.595614   -1.833862   -0.708448   -1.227261    0.721   -4.953  -13.076 S_000001
SCORE:     0.000                  0.000          0          0          1    S_000002
   1 H     0.000  170.252   55.279  145.417 -144.532  116.412  132.454  -32.610  150.095   68.898    0.349184   -0.203073   -1.468992   -0.800924   -1.082135   -1.954170   -1.936541   -0.709874   -1.197653    3.794    0.984    0.238 S_000002
   2 N   -52.085  170.609   39.622   78.302 -121.549 -101.557   96.879   33.069  106.388  179.934    0.330637   -1.393652   -0.515065   -0.824770   -1.658284   -1.483845   -1.858554   -0.735900   -1.201855    6.361    3.944   -3.338 S_000002
   3 P   -84.921 -160.153   51.151   92.872 -157.793  -72.495   83.982   31.841   95.808  175.113    0.352351   -1.257996   -0.785862   -0.800994   -1.351278   -1.767175   -1.885316   -0.636366   -1.231518    8.998    4.135   -9.892 S_000002
   4 H   -71.047 -177.568   58.511   83.288    0.000    0.000   72.883   37.815   98.272  -14.939    0.311557   -1.384195   -0.558362   -0.784356   -1.539320   -1.610624   -1.857519   -0.690215   -1.230582   12.774    0.692  -13.553 S_000002
SCORE:     0.000                  0.000          0          0          2    S_000003
   1 H     0.000  170.252   55.279   74.540 -122.578  -90.087   55.227   45.008   92.383  -24.640    0.283691   -1.440052   -0.349885   -0.725133   -1.602085   -1.491868   -1.818324   -0.690281   -1.215223    3.794    0.984    0.238 S_000003
   2 P   -57.341  176.141   51.876   78.930 -133.114  -73.240   71.663   38.465   94.908 -166.962    0.319594   -1.386615   -0.534691   -0.768336   -1.536818   -1.591383   -1.848431   -0.710705   -1.216225    7.497   -1.821   -4.363 S_000003
   3 P   -92.939 -157.251   72.273   80.702 -138.658  -71.406  120.550   26.572  119.653  -25.007    0.381744   -1.367359   -0.535897   -0.834388   -1.694051   -1.378889   -1.727162   -0.611294   -1.272815    6.113   -5.792   -9.786 S_000003
   4 H   -48.676  178.303   40.022   84.496    0.000    0.000   92.905   34.131   93.289  -15.700    0.354906   -1.316415   -0.679069   -0.784325   -1.450359   -1.697253   -1.896395   -0.711054   -1.202619    1.128   -6.963  -13.211 S_000003
SCORE:     0.000                  0.000          0          1          0    S_000004
   1 H     0.000  170.252   55.279   79.245 -136.859  -83.798   75.988   37.678   98.317  -21.238    0.312116   -1.405560   -0.486657   -0.785144   -1.614187   -1.526707   -1.828725   -0.703176   -1.226723    3.794    0.984    0.238 S_000004
   2 N   -90.775 -163.585   72.522   87.490 -113.809  -75.396   65.930   33.085   96.152  -27.383    0.360245   -1.272723   -0.760358   -0.782142   -1.364481   -1.764018   -1.878038   -0.651244   -1.239447    7.876   -1.810   -4.571 S_000004
   3 P   -57.607 -172.368   53.997   82.949 -157.709  -52.982   72.299   41.337   87.695  -25.485    0.268434   -1.412080   -0.508668   -0.791431   -1.535625   -1.609198   -1.898394   -0.760343   -1.181237    5.868   -5.325   -9.646 S_000004
   4 H   -69.887  179.204   52.583   76.487    0.000    0.000   76.382   34.707  106.570 -124.684    0.305021   -1.450419   -0.371909   -0.841059   -1.775438   -1.337399   -1.826288   -0.766228   -1.186860    1.120   -6.039  -13.197 S_000004
SCORE:     0.000                  0.000          0          0          2    S_000005
   1 H     0.000  170.252   55.279   77.287 -145.771  -69.280   78.267   41.219   94.465  -23.555    0.285152   -1.423441   -0.450212   -0.770582   -1.596491   -1.542970   -1.825654   -0.697313   -1.237585    3.794    0.984    0.238 S_000005
   2 P   -91.355 -129.305   64.075   83.904 -154.623  -57.090   64.497   38.490   98.611  -19.968    0.287779   -1.381565   -0.571186   -0.792844   -1.511176   -1.622631   -1.851064   -0.645906   -1.247434    7.742   -2.075   -4.575 S_000005
   3 P   -68.787  174.719   55.238   82.725 -133.558  -73.368   72.798   43.660   86.861  -22.364    0.279862   -1.407827   -0.486117   -0.742735   -1.515273   -1.626156   -1.841534   -0.675250   -1.251973    6.327   -4.952   -9.612 S_000005
   4 H   -73.246 -178.760   62.704   78.254    0.000    0.000   74.238   37.619   95.700  -16.983    0.315008   -1.372705   -0.603759   -0.789295   -1.484329   -1.653510   -1.847960   -0.647025   -1.252752    1.209   -6.469  -13.300 S_000005
SCORE:     0.000                  0.000          0          0          0    S_000006
   1 H     0.000  170.252   55.279   82.797 -101.523 -153.428   48.012   40.989   89.590  -17.109    0.288558   -1.388796   -0.554960   -0.769014   -1.486908   -1.654342   -1.873897   -0.716761   -1.211536    3.794    0.984    0.238 S_000006
   2 P   -66.860  176.765   55.193   85.869 -146.730  -98.752   70.335   34.852   93.820 -120.170    0.340465   -1.319448   -0.682438   -0.788911   -1.438981   -1.708476   -1.894840   -0.695840   -1.218266    6.649    1.773   -5.821 S_000006
   3 P    72.576  149.770 -151.522  108.167 -165.266  169.559   84.077   20.341   90.404  -73.247    0.406527   -0.977007   -1.101295   -0.826894   -1.071262   -1.978590   -1.936669   -0.669848   -1.216556    5.710    0.037  -12.063 S_000006
   4 H   -72.396 -178.831   44.904   80.515    0.000    0.000   73.135   41.162   88.030  179.947    0.310930   -1.377487   -0.562276   -0.739320   -1.469303   -1.667646   -1.849485   -0.690452   -1.236334    0.775   -4.208  -12.345 S_000006
SCORE:     0.000                  0.000          0          0          1    S_000007
   1 H     0.000  170.252   55.279   81.619 -107.595 -131.056   25.940   34.404   98.923  -22.685    0.336088   -1.355777   -0.613055   -0.799507   -1.534124   -1.621965   -1.877085   -0.716690   -1.212367    3.794    0.984    0.238 S_000007
   2 P   -60.913  175.797   51.853   80.646 -144.844  -63.758   72.936   41.600   90.005  -25.903    0.287231   -1.387344   -0.552873   -0.758085   -1.477765   -1.659077   -1.865646   -0.712473   -1.212723    7.186    0.332   -5.644 S_000007
   3 P   -64.797 -175.289   44.035   84.975 -160.035  -37.610   83.247   38.335   92.166  -26.329    0.317623   -1.371088   -0.563803   -0.769446   -1.513879   -1.627426   -1.873520   -0.735267   -1.203115    6.692   -2.503  -11.197 S_000007
   4 H   -57.080  175.753   57.514   82.870    0.000    0.000   71.252   36.256   95.252 -125.360    0.328385   -1.374351   -0.574986   -0.783867   -1.552720   -1.609597   -1.875606   -0.735692   -1.201799    3.241   -6.642  -12.467 S_000007
SCORE:     0.000                  0.000          0          0          1    S_000008
   1 H     0.000  170.252   55.279   77.711 -122.703  -69.433   81.922   34.623   99.529  -28.452    0.324517   -1.396027   -0.525475   -0.813771   -1.626187   -1.521480   -1.871426   -0.747912   -1.191853    3.794    0.984    0.238 S_000008
   2 P   -58.826 -165.893   58.796   98.240 -141.450  -55.124   70.415   22.952  106.240  147.744    0.378578   -1.231334   -0.805319   -0.824864   -1.528804   -1.681478   -1.907297   -0.757965   -1.183552    6.940   -2.780   -3.994 S_000008
   3 P   -68.787  174.719   55.238   82.725 -133.558  -73.368   72.798   43.660   86.861  -22.364    0.279862   -1.407827   -0.486117   -0.742735   -1.515273   -1.626156   -1.841534   -0.675250   -1.251973    5.086   -5.962   -8.776 S_000008
   4 H  -135.579 -153.497   69.653   83.187    0.000    0.000   79.136   33.948   91.362 -160.069    0.351604   -1.329591   -0.630957   -0.792127   -1.491829   -1.636910   -1.903468   -0.774054   -1.178711    1.024   -4.015  -14.097 S_000008
SCORE:     0.000                  0.000          0          0          1    S_000009
   1 H     0.000  170.252   55.279   80.217 -144.329  -77.280   78.355   41.355   86.650  179.903    0.306288   -1.384362   -0.537199   -0.744600   -1.489080   -1.644644   -1.867953   -0.735422   -1.209429    3.794    0.984    0.238 S_000009
   2 N   -87.903 -125.335   44.670  141.873 -123.654  -86.345  123.932  -36.122  159.315 -143.963    0.330034   -0.305085   -1.465419   -0.787118   -1.274973   -1.807379   -1.929600   -0.759253   -1.167495    7.816   -1.651   -4.841 S_000009
   3 P   -23.618  158.172   57.378   88.590 -134.052  -48.991   60.230   36.725   91.370  -18.630    0.324588   -1.326773   -0.673873   -0.785782   -1.413716   -1.724459   -1.894203   -0.686453   -1.224472    4.342   -4.694   -8.667 S_000009
   4 H   -76.698  173.334   57.496   81.947    0.000    0.000   83.614   38.791   92.550  -28.541    0.322965   -1.369058   -0.581138   -0.758154   -1.489504   -1.652926   -1.854868   -0.685576   -1.238633    0.683   -3.773  -13.360 S_000009
SCORE:     0.000                  0.000          0          0          2    S_000010
   1 H     0.000  170.252   55.279   79.668 -143.068  -68.260   74.430   39.312   93.522  -22.562    0.307239   -1.403231   -0.497406   -0.772917   -1.572296   -1.567081   -1.849711   -0.712935   -1.222670    3.794    0.984    0.238 S_000010
   2 P   -96.950 -160.750   52.147   82.306  -94.125 -141.778   77.680   37.718   96.411  -23.891    0.319197   -1.343307   -0.647681   -0.780134   -1.428880   -1.708572   -1.865943   -0.643241   -1.254701    7.847   -2.445   -3.962 S_000010
   3 N   -65.634  164.281   58.789   78.630 -150.365  -61.563   84.326   39.714   94.571  -19.178    0.296957   -1.423485   -0.449884   -0.778644   -1.627291   -1.521178   -1.840869   -0.734188   -1.214816    6.513   -4.904  -10.069 S_000010
   4 H    40.961 -174.449  -63.462  104.159    0.000    0.000   76.858   33.436   82.158  -26.571    0.348093   -1.114422   -0.974044   -0.799888   -1.007598   -1.977014   -1.931672   -0.648154   -1.224675    2.021   -6.803  -12.698 S_000010
