SEQUENCE: gaaag
SCORE:     score    rna_stub_coord_hack       N_WC      N_NWC       N_BS description
REMARK RNA 
SCORE:     0.321                  0.321          0          0          0    S_000001
   1 H     0.000  170.252   55.279   80.232 -164.277  -73.626   91.194   38.146   93.571   77.794    0.318641   -1.378452   -0.558411   -0.776222   -1.527442   -1.621325   -1.871830   -0.724584   -1.207175    3.794    0.984    0.238 S_000001
   2 P    51.708  166.016  165.802  144.117 -158.911  172.559 -116.298  -36.379  164.491  -35.030    0.332415   -0.279857   -1.462557   -0.789069   -1.253212   -1.810639   -1.936782   -0.713043   -1.201460    8.234   -2.220   -1.645 S_000001
   3 N   172.456 -130.437  158.420   78.660 -135.778  -75.363   57.224   32.947   95.764   77.415    0.211288   -1.387525   -0.692491   -1.040100   -1.517440   -1.711301   -2.027997   -0.661007   -1.207277   12.096   -7.590    1.088 S_000001
   4 P   -61.782 -140.498   56.795  140.224 -153.193 -144.278  165.784  -33.826  159.973  156.711    0.349592   -0.388033   -1.431578   -0.793415   -1.340736   -1.762595   -1.940106   -0.795494   -1.147865   15.548  -11.826    5.008 S_000001
   5 H     0.000 -178.198   57.190 -268.395    0.000    0.000   70.443   35.802   90.138  -10.259    0.354334   -1.297015   -0.696435   -0.762611   -1.374605   -1.734281   -1.880976   -0.681491   -1.218072   17.484  -16.057    9.365 S_000001
SCORE:     0.330                  0.330          0          0          0    S_000002
   1 H     0.000  170.252   55.279   80.204 -157.551  -67.199   86.996   38.591   94.729   74.880    0.306376   -1.401708   -0.510225   -0.782270   -1.578565   -1.570616   -1.852496   -0.713941   -1.218403    3.794    0.984    0.238 S_000002
   2 P    95.862 -150.045 -177.753  145.463 -163.746 -130.631  132.028  -25.964  134.716  -54.064    0.372792   -0.139680   -1.476267   -0.836576   -0.849905   -2.078892   -1.921957   -0.718372   -1.188673    7.456   -2.762   -1.507 S_000002
   3 N   146.424 -163.784  178.255   85.620 -137.294  -67.317   67.440   39.752   87.784 -119.038    0.297106   -1.364557   -0.602477   -0.780092   -1.442511   -1.687950   -1.884111   -0.692719   -1.217120   10.755   -7.041    2.860 S_000002
   4 P  -160.735  100.475  166.098   97.494 -163.393  -34.671 -110.841   11.829  136.337   95.290    0.410971   -1.179243   -0.881078   -0.901230   -1.567988   -1.552099   -1.903237   -0.668675   -1.192323   12.383  -12.135    7.058 S_000002
   5 H   -56.003  160.962   51.653   79.691    0.000    0.000   74.274   40.416   89.419  -28.255    0.303078   -1.392236   -0.529661   -0.760386   -1.519945   -1.619818   -1.855908   -0.708529   -1.222647   13.350  -14.049   11.774 S_000002
SCORE:     0.325                  0.325          0          0          0    S_000003
   1 H     0.000  170.252   55.279   81.885 -155.187  -68.754   73.182   37.212   93.151  179.896    0.323503   -1.378694   -0.558629   -0.772383   -1.551901   -1.602400   -1.862614   -0.732023   -1.206599    3.794    0.984    0.238 S_000003
   2 N   108.508 -176.322  149.924  149.884 -141.669  -82.151   91.714  -37.590  153.199   -4.148    0.314158   -0.097371   -1.491985   -0.784798   -1.043807   -1.970423   -1.924289   -0.726976   -1.191690    7.544   -3.157   -2.369 S_000003
   3 N  -149.449  161.904  169.889   81.813 -145.400  -65.994  120.751   29.215  116.975    7.240    0.321253   -1.415703   -0.497345   -0.892978   -1.732380   -1.385977   -1.824266   -0.691127   -1.230135    9.308   -8.309    1.947 S_000003
   4 N  -117.928  163.085  140.542   74.750 -128.345  -67.509   60.349   40.402   87.581  -19.436    0.267559   -1.415088   -0.468029   -0.794021   -1.570377   -1.532371   -1.895780   -0.772226   -1.165552   11.537  -12.982    5.911 S_000003
   5 H   172.045 -131.305  151.483   79.638    0.000    0.000   51.153   42.757   93.450  -19.191    0.252467   -1.425611   -0.447698   -0.794813   -1.538556   -1.554886   -1.880053   -0.702080   -1.220096   12.643  -19.093    7.154 S_000003
SCORE:     0.226                  0.226          0          0          0    S_000004
   1 H     0.000  170.252   55.279   80.804 -156.336  -57.457   77.535   39.182   93.432  -28.928    0.305572   -1.391142   -0.498189   -0.770353   -1.556387   -1.559554   -1.843686   -0.714187   -1.209755    3.794    0.984    0.238 S_000004
   2 P    61.624 -141.782 -174.413  146.420 -158.775 -155.643  149.108  -35.909  158.099  -48.095    0.343332   -0.217723   -1.469254   -0.774158   -1.168908   -1.890695   -1.927117   -0.730541   -1.197048    7.196   -2.443   -0.960 S_000004
   3 P   152.638  133.371 -164.851   80.834 -154.970  -66.931  123.690   31.389  105.683  163.785    0.343562   -1.372884   -0.556790   -0.824956   -1.642144   -1.505629   -1.862930   -0.737757   -1.198496   11.327   -7.379    2.612 S_000004
   4 P  -166.924 -154.036  159.889   90.332 -178.658 -136.635   73.477   26.413  115.255    3.673    0.345049   -1.323606   -0.689620   -0.882069   -1.572952   -1.568229   -1.923026   -0.712384   -1.176451   12.925  -12.613    6.525 S_000004
   5 H   -74.293 -160.245   48.189   79.417    0.000    0.000   61.019   33.693  103.745  -27.617    0.321101   -1.398838   -0.518941   -0.828489   -1.646012   -1.495338   -1.857816   -0.729092   -1.203855   15.819  -18.675    7.637 S_000004
SCORE:     0.312                  0.312          0          0          0    S_000005
   1 H     0.000  170.252   55.279   79.092 -162.868  -57.586   75.061   41.656   91.110  -25.737    0.287264   -1.421967   -0.451705   -0.761942   -1.584451   -1.551049   -1.829257   -0.710095   -1.225096    3.794    0.984    0.238 S_000005
   2 N    27.886 -159.018 -143.960  108.278 -134.928  -61.370   65.398   18.124   99.614  -14.794    0.410804   -0.963572   -1.115211   -0.827072   -1.110644   -1.983657   -1.931590   -0.650288   -1.228146    7.968   -1.898   -1.063 S_000005
   3 P  -144.314   99.076  172.862   89.752 -150.115  -50.909   73.012   38.269   87.558  -13.823    0.314845   -1.336581   -0.649747   -0.775354   -1.407816   -1.716305   -1.897506   -0.723584   -1.198856    9.967   -7.134    2.277 S_000005
   4 P   171.747  153.395  159.041  148.712 -150.900 -143.856  163.298  -31.676  141.216  -34.261    0.335662   -0.099384   -1.482186   -0.823846   -0.920479   -2.044532   -1.934389   -0.708140   -1.198506   12.185  -12.212    6.052 S_000005
   5 H   -80.910 -167.423   48.633   83.302    0.000    0.000   65.902   39.323   88.009  -28.916    0.306481   -1.360634   -0.603346   -0.771190   -1.452127   -1.684063   -1.876714   -0.693746   -1.227455   16.527  -15.594   10.278 S_000005
SCORE:     0.351                  0.351          0          1          0    S_000006
   1 H     0.000  170.252   55.279   79.994 -148.243  -71.487   83.027   39.623   91.954 -150.629    0.312013   -1.393557   -0.532345   -0.764502   -1.524790   -1.608285   -1.843577   -0.689184   -1.228508    3.794    0.984    0.238 S_000006
   2 P    45.205  167.654  174.627   81.412 -142.457  -56.847   61.187   35.959   95.493  -15.376    0.334922   -1.357937   -0.603141   -0.781257   -1.517178   -1.636837   -1.869798   -0.704005   -1.221320    7.419   -2.938   -2.082 S_000006
   3 P   -60.812 -146.102   71.756  156.668  -78.282 -169.333  154.499  -36.879  159.613   62.580    0.318603   -0.121311   -1.484608   -0.802024   -1.070048   -1.952590   -1.947726   -0.665159   -1.220540    9.807   -6.753    2.513 S_000006
   4 P   152.375  142.031   64.415  148.128 -115.647  144.438   99.872  -37.298  156.734  -84.147    0.331499   -0.157245   -1.479366   -0.767945   -1.115352   -1.917667   -1.916635   -0.734444   -1.191645   12.254  -12.618    5.421 S_000006
   5 H   -95.201  177.940   71.634   72.641    0.000    0.000   68.385   46.523   85.045  159.897    0.257847   -1.440239   -0.379122   -0.720411   -1.557368   -1.537058   -1.801866   -0.704385   -1.234664   13.160  -17.894    7.859 S_000006
SCORE:     0.299                  0.299          0          0          0    S_000007
   1 H     0.000  170.252   55.279   78.731 -165.529  -64.864   72.863   47.574   82.415  -23.083    0.230649   -1.454156   -0.423306   -0.732610   -1.548762   -1.608432   -1.818667   -0.716547   -1.225917    3.794    0.984    0.238 S_000007
   2 N    58.305 -156.520  177.661  125.379  -93.616 -122.123  -35.657  -23.126  151.514   27.618    0.381839   -0.636695   -1.336911   -0.858038   -1.454398   -1.694217   -1.949944   -0.726811   -1.180765    8.043   -1.848   -1.053 S_000007
   3 P   173.194  135.693   63.814  119.262 -150.408 -146.040  100.980  -16.311  146.800  116.195    0.437013   -0.741573   -1.262646   -0.846761   -1.466427   -1.667656   -1.934875   -0.740817   -1.155727   10.200   -8.199    1.519 S_000007
   4 P   166.333  138.365   55.118  155.106 -121.207  176.665  100.537  -39.471  163.515  -78.552    0.339397   -0.011283   -1.487644   -0.733583   -0.968631   -1.983361   -1.893865   -0.720697   -1.225198   11.788  -11.345    7.947 S_000007
   5 H   116.750 -114.443  171.036   85.498    0.000    0.000   61.835   36.401   93.990  -22.803    0.322197   -1.355768   -0.614498   -0.793136   -1.493687   -1.654439   -1.882743   -0.698685   -1.218235   13.509  -17.444    9.131 S_000007
SCORE:     0.256                  0.256          0          0          2    S_000008
   1 H     0.000  170.252   55.279   86.464 -160.173  -75.702   71.246   35.898   97.760 -116.612    0.329391   -1.356150   -0.612457   -0.788285   -1.505004   -1.642426   -1.875009   -0.697298   -1.227042    3.794    0.984    0.238 S_000008
   2 P    86.187  176.497  162.816   95.258 -128.578 -117.535  -52.178   27.444   99.200   12.823    0.388719   -1.230343   -0.824624   -0.823622   -1.392439   -1.771391   -1.937739   -0.733944   -1.183498    8.081   -2.705   -2.043 S_000008
   3 N   167.952 -167.959  154.203  145.211 -155.376 -167.633   19.536  -32.174  148.043  -55.599    0.332777   -0.133501   -1.484945   -0.828850   -0.980089   -2.013944   -1.953344   -0.695714   -1.205944    9.023   -9.085    1.179 S_000008
   4 P   138.275 -159.615 -170.410   75.004 -145.366  -68.236   62.058   40.630   97.171  178.676    0.268294   -1.443452   -0.403226   -0.793807   -1.677579   -1.480927   -1.819617   -0.725120   -1.219220   11.907  -14.255    4.994 S_000008
   5 H   -58.413  168.195   56.278   77.918    0.000    0.000   79.895   39.361   94.415  179.933    0.286560   -1.413843   -0.477516   -0.794047   -1.592253   -1.539668   -1.855970   -0.729460   -1.204434   15.097  -18.058    8.365 S_000008
SCORE:     0.293                  0.293          0          0          1    S_000009
   1 H     0.000  170.252   55.279   77.571 -145.596  -74.446   85.644   40.950   90.489  177.690    0.290849   -1.427422   -0.437306   -0.766542   -1.616257   -1.523674   -1.841531   -0.743619   -1.206053    3.794    0.984    0.238 S_000009
   2 P    95.862 -150.045 -177.753  145.463 -163.746 -130.631  132.028  -25.964  134.716  -54.064    0.372792   -0.139680   -1.476267   -0.836576   -0.849905   -2.078892   -1.921957   -0.718372   -1.188673    7.259   -2.915   -2.079 S_000009
   3 N   157.145 -163.917  174.973   85.284 -142.049  -62.916   56.069   36.462   95.226  -12.466    0.332555   -1.353240   -0.602362   -0.777665   -1.501272   -1.643383   -1.863406   -0.688084   -1.230329   11.154   -7.610    1.423 S_000009
   4 N  -139.048  166.464  170.340   86.512 -154.158  -65.732   70.175   34.223   96.956   10.890    0.341865   -1.327089   -0.657684   -0.792520   -1.472840   -1.667874   -1.873415   -0.684865   -1.220649   12.754  -12.332    5.879 S_000009
   5 H   -53.893  169.562   59.121   80.868    0.000    0.000   73.867   36.816   96.677  179.899    0.327031   -1.385132   -0.548334   -0.779563   -1.566373   -1.585185   -1.860415   -0.723068   -1.210338   14.273  -15.093   10.818 S_000009
SCORE:     0.299                  0.299          0          0          0    S_000010
   1 H     0.000  170.252   55.279   80.290 -160.909  -58.032   79.912   41.642   88.275 -145.367    0.261237   -1.403237   -0.503802   -0.788952   -1.519527   -1.601123   -1.858539   -0.698589   -1.214918    3.794    0.984    0.238 S_000010
   2 P    57.480 -158.222  177.639   83.988 -167.491 -112.705  147.518   34.084  101.076  -21.261    0.329310   -1.365774   -0.595955   -0.819119   -1.554870   -1.597779   -1.887754   -0.714223   -1.202531    7.536   -2.455   -1.061 S_000010
   3 N  -175.892  156.188  156.478   83.886 -138.147  -59.561   62.396   30.267  100.304  -18.903    0.356262   -1.310652   -0.690545   -0.814152   -1.515858   -1.645970   -1.890391   -0.720789   -1.206949    9.440   -8.694    1.777 S_000010
   4 P   -60.812 -146.102   71.756  156.668  -78.282 -169.333  154.499  -36.879  159.613   62.580    0.318603   -0.121311   -1.484608   -0.802024   -1.070048   -1.952590   -1.947726   -0.665159   -1.220540   11.991  -13.156    5.735 S_000010
   5 H   -68.090  168.389   60.196   77.412    0.000    0.000   79.543   40.978   96.659 -111.780    0.300750   -1.373556   -0.442434   -0.740344   -1.585994   -1.541333   -1.806045   -0.695993   -1.242655   14.732  -17.876    9.283 S_000010
