SEQUENCE: gaaaaaag
SCORE:     score    rna_stub_coord_hack       N_WC      N_NWC       N_BS description
REMARK RNA 
SCORE:    20.460                 20.460          0          0          0    S_000001
   1 H     0.000  170.252   55.279   88.339 -124.004  -65.300   73.150   33.112   96.891  -76.562    0.345513   -1.316680   -0.685258   -0.801083   -1.468214   -1.684497   -1.891877   -0.698463   -1.211323    3.794    0.984    0.238 S_000001
   2 P    69.223  137.261 -175.088   86.986 -153.397 -110.460  143.572   33.683   97.732  -12.707    0.328359   -1.339808   -0.647494   -0.818559   -1.502873   -1.648205   -1.897238   -0.709099   -1.201121    4.450   -3.657   -3.430 S_000001
   3 P   -66.879  175.877   42.777  106.507 -169.227 -102.279   95.320   12.598  112.221 -152.708    0.411186   -1.049045   -1.027559   -0.849382   -1.387630   -1.805285   -1.938393   -0.717014   -1.198510   -0.464   -7.959   -4.018 S_000001
   4 P  -154.050  145.148  124.520   89.904 -156.931 -129.437   98.571   22.752  116.377   53.243    0.366115   -1.304268   -0.738772   -0.890164   -1.596323   -1.568220   -1.925176   -0.727709   -1.180955   -4.423  -13.491   -2.993 S_000001
   5 P  -166.924 -154.036  159.889   90.332 -178.658 -136.635   73.477   26.413  115.255    3.673    0.345049   -1.323606   -0.689620   -0.882069   -1.572952   -1.568229   -1.923026   -0.712384   -1.176451   -7.554  -19.997   -2.337 S_000001
   6 N   159.691 -170.590 -174.109   88.343 -146.100  -64.645   64.868   37.125   98.321   81.301    0.318687   -1.369463   -0.573472   -0.783925   -1.523176   -1.616361   -1.852265   -0.662433   -1.260222  -12.272  -25.065   -1.277 S_000001
   7 N   -93.151  156.237   83.711  115.227 -100.682  -92.558  -43.960  -19.963  152.335   21.708    0.401465   -0.840407   -1.217404   -0.868006   -1.645031   -1.486037   -1.916411   -0.759894   -1.163407  -16.597  -29.411   -1.484 S_000001
   8 H   -60.569 -170.057   43.735   83.264    0.000    0.000   77.889   33.198   97.492  179.918    0.342443   -1.350624   -0.622012   -0.806608   -1.544236   -1.613299   -1.888569   -0.752265   -1.172551  -18.415  -35.720   -3.046 S_000001
SCORE:    20.595                 20.595          0          0          1    S_000002
   1 H     0.000  170.252   55.279   85.860 -107.084  -47.259   58.437   38.077   88.771  -25.779    0.322875   -1.331851   -0.659282   -0.772038   -1.400385   -1.727929   -1.890976   -0.690502   -1.220295    3.794    0.984    0.238 S_000002
   2 P    74.240 -128.552 -161.187   83.237 -118.534  -95.836   73.351   48.189   83.011  -22.390    0.235106   -1.426428   -0.474475   -0.716910   -1.454230   -1.665172   -1.827346   -0.670866   -1.245725    3.627   -2.985   -1.746 S_000002
   3 P   171.747  153.395  159.041  148.712 -150.900 -143.856  163.298  -31.676  141.216  -34.261    0.335662   -0.099384   -1.482186   -0.823846   -0.920479   -2.044532   -1.934389   -0.708140   -1.198506   -1.419   -8.081   -1.251 S_000002
   4 P   165.278  167.371  175.594   83.822 -158.281  -75.127   89.459   36.330   91.172 -137.030    0.339110   -1.327173   -0.662258   -0.772025   -1.433257   -1.708364   -1.881501   -0.696938   -1.221572   -6.127  -13.555    0.001 S_000002
   5 N   -93.151  156.237   83.711  115.227 -100.682  -92.558  -43.960  -19.963  152.335   21.708    0.401465   -0.840407   -1.217404   -0.868006   -1.645031   -1.486037   -1.916411   -0.759894   -1.163407   -9.624  -18.598    0.359 S_000002
   6 P   -67.799 -146.390   61.351  138.077 -111.780  179.539  136.456  -32.975  164.412   24.654    0.345876   -0.486313   -1.408181   -0.813296   -1.436410   -1.666158   -1.937060   -0.759364   -1.169281  -14.588  -22.706    2.903 S_000002
   7 P   145.834  169.864  160.515  116.771 -150.825  -95.969  116.851    6.639  112.778  -49.780    0.428419   -0.827735   -1.201961   -0.850477   -1.142936   -1.957796   -1.955336   -0.681649   -1.210816  -18.344  -28.723    2.053 S_000002
   8 H   129.737 -118.028 -168.882   83.795    0.000    0.000   69.662   38.682   89.935  -17.851    0.319790   -1.352604   -0.619055   -0.765077   -1.443044   -1.692210   -1.869070   -0.690534   -1.222107  -23.271  -31.757    0.901 S_000002
SCORE:    20.613                 20.613          0          1          0    S_000003
   1 H     0.000  170.252   55.279  153.803  -91.620  -83.735  161.142  -31.947  148.104   21.387    0.354720   -0.105111   -1.489691   -0.806707   -0.932709   -2.015144   -1.932281   -0.626446   -1.223873    3.794    0.984    0.238 S_000003
   2 P    77.269  138.707 -176.754   83.529 -135.002  -80.780   76.280   35.098   97.800 -179.992    0.332705   -1.373676   -0.568196   -0.799547   -1.567696   -1.582950   -1.877266   -0.738444   -1.189583    5.566   -0.031   -5.508 S_000003
   3 N  -175.101 -147.674  159.572  141.718  176.133  146.872   62.364  -31.811 -103.226   76.911    0.331832   -0.177856   -1.485199   -0.843536   -1.029654   -1.962328   -1.977627   -0.691472   -1.204184   -0.109   -1.293   -9.072 S_000003
   4 N   172.456 -130.437  158.420   78.660 -135.778  -75.363   57.224   32.947   95.764   77.415    0.211288   -1.387525   -0.692491   -1.040100   -1.517440   -1.711301   -2.027997   -0.661007   -1.207277   -4.696   -3.597  -14.023 S_000003
   5 P  -103.910  110.620  164.774   91.062 -117.397  -84.000   88.986   25.438  103.844  178.506    0.411128   -1.208434   -0.824016   -0.798741   -1.398278   -1.727761   -1.891952   -0.677546   -1.211275   -8.346   -6.023  -18.046 S_000003
   6 P   -82.645 -177.969   72.751  145.260 -157.503 -148.229  111.875  -38.545  157.429  -12.075    0.322205   -0.223436   -1.480851   -0.764697   -1.222995   -1.851784   -1.919902   -0.771160   -1.168755  -11.759   -6.377  -23.858 S_000003
   7 P  -171.683  150.567  158.405   86.589 -114.846 -110.635  130.117   15.638  130.615   37.393    0.367847   -1.318887   -0.687781   -0.936999   -1.752471   -1.366717   -1.880904   -0.733340   -1.188375  -16.300   -8.158  -29.184 S_000003
   8 H   -72.511 -168.786   48.557   80.597    0.000    0.000   77.717   38.738   92.873  179.922    0.309850   -1.392374   -0.533653   -0.776386   -1.548729   -1.599491   -1.859680   -0.712329   -1.219933  -21.704   -7.535  -33.562 S_000003
SCORE:    20.421                 20.421          0          1          1    S_000004
   1 H     0.000  170.252   55.279   80.052 -158.798   -8.000  115.291   36.864   90.502  -17.360    0.303499   -1.386315   -0.565596   -0.811273   -1.550619   -1.605078   -1.903119   -0.764514   -1.177851    3.794    0.984    0.238 S_000004
   2 N   137.251 -155.716  174.946   86.157 -158.524  -62.955   96.365   33.608   97.563  179.935    0.337271   -1.339152   -0.646554   -0.807939   -1.506066   -1.646908   -1.891233   -0.710544   -1.206045    3.971   -3.953   -2.426 S_000004
   3 P  -154.050  145.148  124.520   89.904 -156.931 -129.437   98.571   22.752  116.377   53.243    0.366115   -1.304268   -0.738772   -0.890164   -1.596323   -1.568220   -1.925176   -0.727709   -1.180955    1.306   -9.978   -3.228 S_000004
   4 P   -67.601  173.259   58.690  157.464 -135.211 -147.785  162.259  -40.470  165.113 -137.280    0.315507    0.031025   -1.496384   -0.749112   -0.932260   -1.997702   -1.908468   -0.713312   -1.224472   -1.072  -16.104   -3.534 S_000004
   5 P   165.278  167.371  175.594   83.822 -158.281  -75.127   89.459   36.330   91.172 -137.030    0.339110   -1.327173   -0.662258   -0.772025   -1.433257   -1.708364   -1.881501   -0.696938   -1.221572   -5.009  -22.234   -2.529 S_000004
   6 N   -57.380  151.110   57.385   88.433 -160.417 -148.338   69.450   35.017   95.596  -46.719    0.335047   -1.310783   -0.706439   -0.795816   -1.405901   -1.735772   -1.898067   -0.670696   -1.232076   -7.220  -27.271   -1.323 S_000004
   7 P   167.223 -130.441 -178.374   82.295 -142.978  -73.235   69.197   37.374   94.578 -156.510    0.324684   -1.371068   -0.577949   -0.778213   -1.514777   -1.627160   -1.863633   -0.699814   -1.218037  -11.368  -32.611    0.611 S_000004
   8 H   -92.153  173.746   82.161   67.166    0.000    0.000   74.211   46.050   83.309  179.921    0.153687   -1.507154   -0.168719   -0.826063   -1.827363   -1.268387   -1.833112   -0.817288   -1.184318  -15.268  -37.197    3.086 S_000004
SCORE:    20.302                 20.302          0          0          0    S_000005
   1 H     0.000  170.252   55.279  146.036 -109.321  -39.846  130.470  -38.281  161.872  -93.384    0.313157   -0.222373   -1.476087   -0.781889   -1.217398   -1.845066   -1.936522   -0.739788   -1.192451    3.794    0.984    0.238 S_000005
   2 P    82.833 -160.785 -175.900  111.331 -115.087  -79.232   74.698   14.592   98.478   -8.178    0.421818   -0.873490   -1.181530   -0.840347   -1.030777   -2.018167   -1.947038   -0.652441   -1.224938    3.298   -0.830   -4.322 S_000005
   3 P  -129.531  162.365 -170.947  146.290 -102.693  -73.583  156.322  -35.704  160.930   36.935    0.334189   -0.285360   -1.457161   -0.789793   -1.248901   -1.826812   -1.938493   -0.748766   -1.186666   -2.607    0.618   -7.457 S_000005
   4 P  -172.604  161.126  159.864  155.138 -101.607 -139.360  -48.863  -40.948  155.621   78.591    0.319081    0.026124   -1.484098   -0.731166   -0.944630   -1.986654   -1.887978   -0.700564   -1.211859   -5.949   -1.966  -12.816 S_000005
   5 P  -177.185 -173.566  155.371  145.456  -98.754  179.352  138.838  -24.197  141.689  170.602    0.366879   -0.185448   -1.467973   -0.847005   -0.869502   -2.069646   -1.938630   -0.653402   -1.218242   -9.524   -4.791  -18.524 S_000005
   6 P   107.645  177.113 -151.446  121.171 -147.326  -97.859   90.040   -9.304  132.582 -149.400    0.420710   -0.720589   -1.277335   -0.858548   -1.316539   -1.850888   -1.956492   -0.719478   -1.189242  -13.853   -5.876  -23.940 S_000005
   7 P  -167.631  177.125   63.936  148.721 -114.320  176.453   96.592  -39.276  160.663  -80.184    0.315889   -0.217056   -1.474414   -0.766409   -1.232285   -1.836424   -1.924195   -0.750433   -1.184996  -19.410   -6.804  -28.299 S_000005
   8 H   -69.847  175.323   38.322  149.380    0.000    0.000  175.930  -36.454  154.251   25.197    0.331118   -0.144209   -1.487061   -0.787269   -1.088343   -1.950830   -1.929779   -0.735438   -1.179621  -22.285   -9.700  -33.129 S_000005
SCORE:    19.930                 19.930          0          0          1    S_000006
   1 H     0.000  170.252   55.279   89.825 -120.790  -28.608   68.904   21.657  114.062  -19.005    0.377024   -1.269873   -0.761229   -0.871602   -1.588107   -1.592187   -1.923696   -0.749276   -1.172628    3.794    0.984    0.238 S_000006
   2 N   167.952 -167.959  154.203  145.211 -155.376 -167.633   19.536  -32.174  148.043  -55.599    0.332777   -0.133501   -1.484945   -0.828850   -0.980089   -2.013944   -1.953344   -0.695714   -1.205944    2.840   -3.305   -3.694 S_000006
   3 P   107.645  177.113 -151.446  121.171 -147.326  -97.859   90.040   -9.304  132.582 -149.400    0.420710   -0.720589   -1.277335   -0.858548   -1.316539   -1.850888   -1.956492   -0.719478   -1.189242   -0.280   -9.557   -4.553 S_000006
   4 P   165.278  167.371  175.594   83.822 -158.281  -75.127   89.459   36.330   91.172 -137.030    0.339110   -1.327173   -0.662258   -0.772025   -1.433257   -1.708364   -1.881501   -0.696938   -1.221572   -4.554  -15.188   -5.434 S_000006
   5 P  -177.185 -173.566  155.371  145.456  -98.754  179.352  138.838  -24.197  141.689  170.602    0.366879   -0.185448   -1.467973   -0.847005   -0.869502   -2.069646   -1.938630   -0.653402   -1.218242   -9.709  -19.614   -5.652 S_000006
   6 P  -175.081  177.888   61.143  152.701 -105.799  170.478  100.743  -40.258  159.966  -51.450    0.305816   -0.136048   -1.487621   -0.761982   -1.147414   -1.893800   -1.920368   -0.739943   -1.195843  -12.533  -26.021   -5.322 S_000006
   7 N   -68.837  174.715   51.133   81.061 -162.613  -71.280   84.400   40.755   89.176 -149.960    0.293516   -1.393260   -0.535075   -0.766935   -1.512773   -1.631448   -1.853552   -0.689680   -1.233802  -14.711  -31.609   -3.809 S_000006
   8 H   -65.413  176.066   52.753   83.696    0.000    0.000   73.972   40.051   90.917    7.575    0.301526   -1.365379   -0.608732   -0.765397   -1.433753   -1.693563   -1.878886   -0.692920   -1.222862  -18.233  -36.429   -2.770 S_000006
SCORE:    20.852                 20.852          0          0          2    S_000007
   1 H     0.000  170.252   55.279   89.640 -128.296  -79.616   57.118   33.447   87.030  -14.311    0.355200   -1.264276   -0.770597   -0.787698   -1.340463   -1.783654   -1.898993   -0.705681   -1.204317    3.794    0.984    0.238 S_000007
   2 N    63.672  125.664  169.826  150.328  -81.931  -85.971  171.389  -39.483  158.674   36.291    0.307785   -0.115470   -1.485703   -0.769506   -1.105823   -1.918468   -1.921551   -0.730786   -1.196075    5.338   -3.553   -3.489 S_000007
   3 P   -50.353 -155.642   49.514  144.140 -116.281 -177.136  152.040  -34.900  163.032   29.821    0.343286   -0.324128   -1.448346   -0.793398   -1.280886   -1.793255   -1.940277   -0.746673   -1.179096    3.125   -8.925   -0.380 S_000007
   4 N   153.892 -141.795  167.120   90.150 -140.999 -172.900  120.377   29.336   99.989 -144.515    0.391187   -1.231714   -0.791754   -0.780320   -1.371883   -1.747462   -1.876007   -0.673329   -1.208973   -1.688  -14.066    0.478 S_000007
   5 P   133.992  160.295  154.383   88.688 -110.457  -97.079   71.687   34.022   99.635  -33.240    0.328740   -1.355103   -0.611440   -0.811012   -1.542987   -1.613729   -1.888129   -0.724295   -1.207346   -4.098  -20.724   -1.235 S_000007
   6 P   -79.126  166.307   77.723  150.834  -98.890  160.827  125.960  -31.518  155.489   23.132    0.310030   -0.076579   -1.483199   -0.874991   -0.901705   -2.090662   -1.955273   -0.672872   -1.209360   -8.550  -25.674   -0.581 S_000007
   7 N   167.952 -167.959  154.203  145.211 -155.376 -167.633   19.536  -32.174  148.043  -55.599    0.332777   -0.133501   -1.484945   -0.828850   -0.980089   -2.013944   -1.953344   -0.695714   -1.205944  -11.849  -31.696   -0.304 S_000007
   8 H     0.000 -139.799   70.912 -285.199    0.000    0.000   83.058   45.485   82.701  179.907    0.223823   -1.454682   -0.401666   -0.798229   -1.574832   -1.567522   -1.905421   -0.771537   -1.194882  -11.142  -37.632   -1.063 S_000007
SCORE:    19.921                 19.921          0          0          0    S_000008
   1 H     0.000  170.252   55.279   83.796 -135.086  -65.718   63.312   38.482   87.374  -17.971    0.319960   -1.338616   -0.643478   -0.770964   -1.411574   -1.717828   -1.883245   -0.691094   -1.218189    3.794    0.984    0.238 S_000008
   2 P    83.922  155.779  172.347  150.835 -109.404 -100.633  -46.095  -39.295  159.270 -110.432    0.315190   -0.142798   -1.487833   -0.765905   -1.137976   -1.900967   -1.919913   -0.741333   -1.190146    5.742   -3.815   -3.168 S_000008
   3 P   171.747  153.395  159.041  148.712 -150.900 -143.856  163.298  -31.676  141.216  -34.261    0.335662   -0.099384   -1.482186   -0.823846   -0.920479   -2.044532   -1.934389   -0.708140   -1.198506    3.480  -10.577   -2.206 S_000008
   4 P   161.015 -145.128  158.127   79.216  -94.426  -93.495   49.634   37.679   93.583  -20.037    0.323283   -1.361838   -0.601174   -0.777774   -1.480730   -1.657931   -1.871711   -0.703038   -1.220363    1.313  -16.851    0.309 S_000008
   5 P  -107.827   88.551  161.850   87.760 -119.121  -87.161   59.177   35.817   89.406  -26.893    0.352008   -1.281211   -0.731976   -0.755603   -1.340545   -1.770651   -1.876912   -0.690033   -1.213694   -2.583  -21.369    1.664 S_000008
   6 P  -154.050  145.148  124.520   89.904 -156.931 -129.437   98.571   22.752  116.377   53.243    0.366115   -1.304268   -0.738772   -0.890164   -1.596323   -1.568220   -1.925176   -0.727709   -1.180955   -5.564  -27.720    1.864 S_000008
   7 P  -173.910 -150.992  149.500  127.998 -128.911 -142.558   91.482   -6.193  136.127   15.787    0.408280   -0.788743   -1.262842   -0.923571   -1.317920   -1.806812   -1.984235   -0.740556   -1.116661   -9.915  -33.402    2.730 S_000008
   8 H   -66.820  167.158   59.834   78.429    0.000    0.000   70.594   43.987   84.472  -23.045    0.242244   -1.458173   -0.393756   -0.789370   -1.620158   -1.527482   -1.866966   -0.735366   -1.207358  -12.568  -39.386    3.925 S_000008
SCORE:    20.690                 20.690          0          0          1    S_000009
   1 H     0.000  170.252   55.279   86.008 -113.159  -86.182   51.097   39.521   87.479  -24.934    0.316244   -1.343269   -0.624871   -0.759836   -1.407923   -1.710545   -1.883923   -0.692544   -1.220522    3.794    0.984    0.238 S_000009
   2 P    75.543  143.079 -173.965   79.820 -149.586  -83.394  142.471   35.166  105.724   89.437    0.315909   -1.418544   -0.465537   -0.820805   -1.676714   -1.460143   -1.808956   -0.689573   -1.240935    4.926   -3.385   -4.254 S_000009
   3 P  -172.604  161.126  159.864  155.138 -101.607 -139.360  -48.863  -40.948  155.621   78.591    0.319081    0.026124   -1.484098   -0.731166   -0.944630   -1.986654   -1.887978   -0.700564   -1.211859    1.952   -9.708   -3.711 S_000009
   4 P   -87.787  177.868   72.488  125.142 -164.828 -151.898  111.548  -19.213  150.164  -29.735    0.411216   -0.574601   -1.357123   -0.857597   -1.302692   -1.814919   -1.954673   -0.693383   -1.189634   -0.698  -15.927   -5.392 S_000009
   5 P   173.475 -163.583  161.717   83.523 -116.671  -57.910   53.753   34.422   95.716  -23.714    0.341921   -1.318554   -0.688607   -0.795294   -1.440444   -1.709689   -1.896681   -0.684275   -1.220526   -4.843  -21.771   -6.315 S_000009
   6 P   -60.097 -146.945   70.140  151.229  -90.777 -175.526  161.181  -30.121  151.629   72.288    0.397053   -0.211454   -1.442957   -0.761754   -1.043461   -1.970860   -1.893172   -0.716125   -1.225162   -9.242  -25.823   -3.867 S_000009
   7 P   -82.645 -177.969   72.751  145.260 -157.503 -148.229  111.875  -38.545  157.429  -12.075    0.322205   -0.223436   -1.480851   -0.764697   -1.222995   -1.851784   -1.919902   -0.771160   -1.168755  -13.087  -30.812   -2.040 S_000009
   8 H   -63.237 -132.485   54.964   90.813    0.000    0.000   75.981   32.972   92.520   61.033    0.345156   -1.272042   -0.735890   -0.804925   -1.373124   -1.734125   -1.914551   -0.689312   -1.207615  -15.348  -37.055   -0.400 S_000009
SCORE:    20.146                 20.146          0          0          0    S_000010
   1 H     0.000  170.252   55.279   95.662 -150.167   34.471   93.787   25.332   99.292   -9.090    0.346311   -1.277092   -0.752252   -0.850992   -1.564322   -1.649863   -1.923760   -0.800213   -1.148291    3.794    0.984    0.238 S_000010
   2 P   -79.126  166.307   77.723  150.834  -98.890  160.827  125.960  -31.518  155.489   23.132    0.310030   -0.076579   -1.483199   -0.874991   -0.901705   -2.090662   -1.955273   -0.672872   -1.209360    2.357   -2.633   -2.644 S_000010
   3 P  -173.910 -150.992  149.500  127.998 -128.911 -142.558   91.482   -6.193  136.127   15.787    0.408280   -0.788743   -1.262842   -0.923571   -1.317920   -1.806812   -1.984235   -0.740556   -1.116661   -1.421   -8.419   -2.594 S_000010
   4 P   105.521  156.804  148.628  159.247 -128.125 -110.056   82.304  -40.995  149.473 -171.489    0.270028    0.135892   -1.494581   -0.790297   -0.798343   -2.074916   -1.911233   -0.674598   -1.221385   -3.950  -15.131   -1.584 S_000010
   5 P   -61.825  177.435   45.955   80.707  173.723  -86.409   86.252   37.610   95.498   89.948    0.299124   -1.422839   -0.416341   -0.803765   -1.680273   -1.444527   -1.850835   -0.775121   -1.172278   -8.831  -19.552   -2.964 S_000010
   6 P  -156.241 -172.309  170.358   90.579 -122.463  -73.511   97.000   24.621  116.504  -13.486    0.341843   -1.336481   -0.672589   -0.910049   -1.622569   -1.515204   -1.903182   -0.698196   -1.184257  -12.409  -24.374   -5.841 S_000010
   7 P  -145.272  107.505  161.174   94.670  147.437  143.710   84.320   28.447   90.169 -113.690    0.361024   -1.094483   -0.996074   -0.845065   -1.073377   -1.943138   -1.954076   -0.689021   -1.181845  -15.416  -30.173   -7.294 S_000010
   8 H   -54.720  173.880   52.143   84.969    0.000    0.000   75.104   35.338   97.060  -15.001    0.330746   -1.362607   -0.592107   -0.796055   -1.537185   -1.613540   -1.879060   -0.717650   -1.209826  -14.862  -36.625   -6.316 S_000010
