SEQUENCE: gaaaaaaag
SCORE:     score    rna_stub_coord_hack       N_WC      N_NWC       N_BS description
REMARK RNA 
SCORE:    18.277                 18.277          0          0          0    S_000001
   1 H     0.000  170.252   55.279   83.370 -155.559  -67.809   77.425   38.152   93.498  -21.915    0.317445   -1.373451   -0.573257   -0.772193   -1.513298   -1.634242   -1.869966   -0.714322   -1.220107    3.794    0.984    0.238 S_000001
   2 P    79.057  128.321 -169.506  101.025 -146.041  -90.200  144.908   20.979  109.190    1.259    0.367048   -1.182553   -0.882388   -0.857444   -1.454775   -1.738317   -1.918327   -0.689438   -1.214043    6.794   -3.546   -2.792 S_000001
   3 P  -130.788 -163.391   60.253  137.194  -84.478  178.278  164.096  -28.816  150.256   14.607    0.370898   -0.357755   -1.431390   -0.817294   -1.207939   -1.869509   -1.942881   -0.701390   -1.197150    5.183  -10.370   -1.761 S_000001
   4 N   167.952 -167.959  154.203  145.211 -155.376 -167.633   19.536  -32.174  148.043  -55.599    0.332777   -0.133501   -1.484945   -0.828850   -0.980089   -2.013944   -1.953344   -0.695714   -1.205944    3.248  -15.679    2.425 S_000001
   5 P  -154.050  145.148  124.520   89.904 -156.931 -129.437   98.571   22.752  116.377   53.243    0.366115   -1.304268   -0.738772   -0.890164   -1.596323   -1.568220   -1.925176   -0.727709   -1.180955    0.967  -22.067    3.981 S_000001
   6 N  -175.101 -147.674  159.572  141.718  176.133  146.872   62.364  -31.811 -103.226   76.911    0.331832   -0.177856   -1.485199   -0.843536   -1.029654   -1.962328   -1.977627   -0.691472   -1.204184   -1.205  -28.788    5.339 S_000001
   7 P   -71.884  173.493   58.716   87.970 -112.810  -97.256  108.210   34.175   96.216  -92.497    0.321392   -1.336820   -0.648699   -0.821886   -1.484559   -1.655003   -1.897028   -0.690126   -1.205009   -5.460  -33.567    5.318 S_000001
   8 P   -70.392 -168.786   67.400  152.714  -79.917 -130.447  140.795  -39.652  156.097   50.861    0.325405   -0.132539   -1.474602   -0.745567   -1.130274   -1.890448   -1.904953   -0.748656   -1.182195   -6.930  -39.924    7.520 S_000001
   9 H   -64.239  174.532   59.004   83.883    0.000    0.000   79.998   36.221   95.456  179.926    0.336210   -1.350646   -0.610328   -0.771707   -1.501723   -1.647441   -1.869144   -0.704878   -1.218274   -6.912  -45.346   11.671 S_000001
SCORE:    18.515                 18.515          0          0          2    S_000002
   1 H     0.000  170.252   55.279   83.264 -158.735  -56.482   77.889   33.198   97.492  179.918    0.342443   -1.350624   -0.622012   -0.806608   -1.544236   -1.613299   -1.888569   -0.752265   -1.172551    3.794    0.984    0.238 S_000002
   2 P   133.231  -95.622  152.652   89.513  169.105 -133.943   80.474   17.341  127.879  -87.358    0.354101   -1.299334   -0.738039   -0.953084   -1.657539   -1.453322   -1.935477   -0.715656   -1.158521    5.468   -3.454   -1.912 S_000002
   3 P   146.274  156.591  179.483   77.635 -152.028  -72.001   75.273   42.982   89.249  178.900    0.287995   -1.419009   -0.477197   -0.735693   -1.550269   -1.599261   -1.819279   -0.700629   -1.234007    5.825  -10.229   -0.014 S_000002
   4 P   -60.344 -173.657   65.712  145.218 -100.727 -121.965  126.478  -33.280  154.493   38.328    0.340229   -0.267868   -1.461197   -0.814660   -1.183651   -1.885493   -1.946255   -0.733197   -1.181534    5.398  -16.029    2.358 S_000002
   5 P   -59.347  161.623   51.607   80.190 -170.441  -65.066   89.200   38.630   92.719 -158.302    0.311554   -1.387160   -0.544923   -0.779211   -1.535255   -1.612601   -1.861566   -0.705947   -1.218822    3.252  -21.675    5.179 S_000002
   6 P  -136.102  103.272  168.974   85.473 -128.309  -79.232   63.030   36.383   91.833 -170.126    0.322483   -1.346531   -0.624388   -0.787074   -1.484827   -1.666329   -1.892459   -0.741690   -1.189660    0.826  -27.266    5.889 S_000002
   7 P  -127.098 -118.371 -175.896   81.208  178.526  -67.112   87.047   27.341  111.615  177.088    0.350710   -1.380316   -0.536550   -0.864500   -1.712024   -1.401043   -1.876825   -0.710853   -1.179871   -1.420  -33.970    6.183 S_000002
   8 P  -173.910 -150.992  149.500  127.998 -128.911 -142.558   91.482   -6.193  136.127   15.787    0.408280   -0.788743   -1.262842   -0.923571   -1.317920   -1.806812   -1.984235   -0.740556   -1.116661   -3.903  -39.928    6.735 S_000002
   9 H   -61.461  168.399   48.372   78.761    0.000    0.000   74.970   43.086   89.505  -20.889    0.275798   -1.422550   -0.449614   -0.752309   -1.559804   -1.568126   -1.833766   -0.701193   -1.236562   -7.670  -45.021    4.749 S_000002
SCORE:    17.373                 17.373          0          1          1    S_000003
   1 H     0.000  170.252   55.279   73.713 -155.904  -69.514   73.732   43.552   85.335  -16.211    0.232275   -1.443405   -0.368124   -0.816178   -1.617784   -1.496656   -1.919996   -0.742479   -1.170527    3.794    0.984    0.238 S_000003
   2 P    77.269  138.707 -176.754   83.529 -135.002  -80.780   76.280   35.098   97.800 -179.992    0.332705   -1.373676   -0.568196   -0.799547   -1.567696   -1.582950   -1.877266   -0.738444   -1.189583    7.259   -3.280   -2.668 S_000003
   3 N   -89.818 -167.844   59.639  153.827 -136.181  139.150  132.646  -37.935  153.424  148.810    0.316975    0.019676   -1.487882   -0.777948   -0.895329   -2.038770   -1.920246   -0.652799   -1.237878    7.366   -9.582   -0.037 S_000003
   4 N  -178.810  153.055  135.770  106.704 -138.327 -112.358  127.377   22.478   87.323  -11.418    0.409131   -0.973460   -1.098711   -0.809248   -1.028300   -2.013690   -1.923910   -0.665663   -1.225656    5.423  -15.425    2.195 S_000003
   5 P  -166.924 -154.036  159.889   90.332 -178.658 -136.635   73.477   26.413  115.255    3.673    0.345049   -1.323606   -0.689620   -0.882069   -1.572952   -1.568229   -1.923026   -0.712384   -1.176451    4.076  -22.201    4.312 S_000003
   6 N  -162.335 -115.976  123.191   89.015  175.258 -173.476   79.260   17.306  130.746  -80.581    0.379421   -1.301197   -0.739786   -0.920270   -1.669913   -1.460581   -1.919630   -0.732482   -1.173204    2.032  -28.766    6.092 S_000003
   7 N   140.751   78.375  147.908   85.219 -139.919 -122.587   67.224   27.161  117.339 -128.645    0.327420   -1.390343   -0.558417   -0.896324   -1.706978   -1.419161   -1.868152   -0.719232   -1.199857    0.805  -33.868   10.985 S_000003
   8 P   176.702  160.643  167.668   85.335 -126.737  -66.967   55.542   33.327  101.410  -11.198    0.361856   -1.350232   -0.600435   -0.780133   -1.563066   -1.595816   -1.858907   -0.707637   -1.223511    1.392  -40.824   13.185 S_000003
   9 H   -69.029 -170.521   53.341   80.251    0.000    0.000   84.185   37.013   95.692  179.916    0.309955   -1.399791   -0.516191   -0.797382   -1.602537   -1.551783   -1.870093   -0.738186   -1.203449   -0.325  -46.875   14.744 S_000003
SCORE:    17.934                 17.934          0          0          2    S_000004
   1 H     0.000  170.252   55.279   83.075 -140.447  -68.595   70.673   39.273   92.312  -18.348    0.310705   -1.373495   -0.584247   -0.765400   -1.479458   -1.659360   -1.878021   -0.720153   -1.209613    3.794    0.984    0.238 S_000004
   2 P   133.231  -95.622  152.652   89.513  169.105 -133.943   80.474   17.341  127.879  -87.358    0.354101   -1.299334   -0.738039   -0.953084   -1.657539   -1.453322   -1.935477   -0.715656   -1.158521    5.035   -3.473   -2.346 S_000004
   3 N    56.904  146.090  -76.919  156.695 -160.150 -173.923  104.986  -34.562  143.238  -23.564    0.324447    0.078710   -1.492600   -0.805727   -0.735040   -2.115119   -1.911687   -0.631310   -1.242141    5.275   -9.203    0.074 S_000004
   4 P  -154.050  145.148  124.520   89.904 -156.931 -129.437   98.571   22.752  116.377   53.243    0.366115   -1.304268   -0.738772   -0.890164   -1.596323   -1.568220   -1.925176   -0.727709   -1.180955    3.451  -15.846    0.881 S_000004
   5 P   165.278  167.371  175.594   83.822 -158.281  -75.127   89.459   36.330   91.172 -137.030    0.339110   -1.327173   -0.662258   -0.772025   -1.433257   -1.708364   -1.881501   -0.696938   -1.221572    1.491  -22.841    1.078 S_000004
   6 P  -106.427 -150.371   67.800  101.915 -164.105 -132.115  143.722    4.794  140.423 -177.700    0.395829   -1.112845   -0.988243   -0.950577   -1.566238   -1.557481   -1.924126   -0.650360   -1.211135   -0.658  -29.344    1.839 S_000004
   7 N  -148.162  164.915  118.385  145.355 -109.323 -178.043  158.161  -25.949  134.973  153.436    0.357113   -0.162484   -1.477571   -0.854725   -0.883260   -2.080780   -1.943630   -0.688761   -1.201220   -3.426  -34.744    5.536 S_000004
   8 P    80.085 -145.979 -145.278   81.968 -120.481  -60.636   76.672   33.305  102.906  162.359    0.330724   -1.367273   -0.575246   -0.819559   -1.585950   -1.557890   -1.872959   -0.718764   -1.203724   -5.626  -40.729    6.473 S_000004
   9 H   -76.229  174.699   55.185   80.553    0.000    0.000   77.323   41.607   93.453  163.659    0.275167   -1.417335   -0.444604   -0.778773   -1.580266   -1.542300   -1.828455   -0.694794   -1.231056   -6.003  -46.719    8.227 S_000004
SCORE:    18.279                 18.279          0          1          2    S_000005
   1 H     0.000  170.252   55.279   74.594 -152.968  -65.016   71.272   46.394   86.232  -31.467    0.268507   -1.409476   -0.383934   -0.704261   -1.536008   -1.543431   -1.813935   -0.703603   -1.231883    3.794    0.984    0.238 S_000005
   2 P    63.863  170.499 -162.304   85.760 -147.363  -81.315   65.810   29.848  104.922 -151.108    0.338907   -1.330560   -0.663150   -0.847186   -1.560852   -1.608844   -1.905270   -0.724145   -1.196623    7.380   -3.044   -2.015 S_000005
   3 P  -127.098 -118.371 -175.896   81.208  178.526  -67.112   87.047   27.341  111.615  177.088    0.350710   -1.380316   -0.536550   -0.864500   -1.712024   -1.401043   -1.876825   -0.710853   -1.179871    6.843   -9.570    0.789 S_000005
   4 P   152.152 -163.414 -179.476   84.601 -123.902  -66.177 -118.488   34.496  101.644  -20.596    0.339854   -1.349021   -0.617645   -0.796396   -1.515504   -1.627416   -1.872576   -0.688085   -1.219292    6.742  -15.144    3.535 S_000005
   5 N   -89.818 -167.844   59.639  153.827 -136.181  139.150  132.646  -37.935  153.424  148.810    0.316975    0.019676   -1.487882   -0.777948   -0.895329   -2.038770   -1.920246   -0.652799   -1.237878    4.557  -21.265    4.999 S_000005
   6 P  -173.910 -150.992  149.500  127.998 -128.911 -142.558   91.482   -6.193  136.127   15.787    0.408280   -0.788743   -1.262842   -0.923571   -1.317920   -1.806812   -1.984235   -0.740556   -1.116661    3.169  -27.946    5.775 S_000005
   7 P   145.834  169.864  160.515  116.771 -150.825  -95.969  116.851    6.639  112.778  -49.780    0.428419   -0.827735   -1.201961   -0.850477   -1.142936   -1.957796   -1.955336   -0.681649   -1.210816    2.934  -35.027    7.691 S_000005
   8 N  -122.329  136.115  121.785  113.623 -151.287  -53.450  124.898   33.717   72.191  -22.279    0.339534   -0.923367   -1.171127   -0.812548   -0.604958   -2.106668   -1.917397   -0.669884   -1.231306    1.995  -41.342    9.202 S_000005
   9 H   -69.373 -175.205   55.247   83.204    0.000    0.000   90.650   40.051   89.672  -42.212    0.268325   -1.390991   -0.565377   -0.798563   -1.508011   -1.648345   -1.882545   -0.704296   -1.215466   -2.472  -45.499    9.547 S_000005
SCORE:    17.809                 17.809          0          0          1    S_000006
   1 H     0.000  170.252   55.279   86.207 -150.934  -64.846   69.535   36.224   90.766  179.918    0.338341   -1.320992   -0.659799   -0.770896   -1.431216   -1.703507   -1.874303   -0.682822   -1.230231    3.794    0.984    0.238 S_000006
   2 P   173.215 -145.070   63.717  153.655 -149.052 -165.262  144.445  -38.152  153.790  -22.152    0.324100   -0.007402   -1.484541   -0.764111   -0.935316   -2.017312   -1.914311   -0.680225   -1.231184    6.772   -3.624   -3.214 S_000006
   3 P  -150.263  137.150  162.005   85.519 -143.757  -61.655   64.628   39.702   84.506   99.951    0.295141   -1.332554   -0.685537   -0.782837   -1.333764   -1.762805   -1.900101   -0.686617   -1.207950    5.382  -10.259   -2.287 S_000006
   4 N  -173.868 -178.616  179.685   86.902 -146.045  -72.431   81.778   39.756   88.577  -12.629    0.302540   -1.355778   -0.621490   -0.770300   -1.422934   -1.707921   -1.886028   -0.702878   -1.216575    3.387  -16.671   -1.907 S_000006
   5 P  -177.185 -173.566  155.371  145.456  -98.754  179.352  138.838  -24.197  141.689  170.602    0.366879   -0.185448   -1.467973   -0.847005   -0.869502   -2.069646   -1.938630   -0.653402   -1.218242    0.488  -22.767   -0.918 S_000006
   6 P  -167.631  177.125   63.936  148.721 -114.320  176.453   96.592  -39.276  160.663  -80.184    0.315889   -0.217056   -1.474414   -0.766409   -1.232285   -1.836424   -1.924195   -0.750433   -1.184996    0.401  -29.530    0.769 S_000006
   7 N  -175.101 -147.674  159.572  141.718  176.133  146.872   62.364  -31.811 -103.226   76.911    0.331832   -0.177856   -1.485199   -0.843536   -1.029654   -1.962328   -1.977627   -0.691472   -1.204184   -1.786  -35.545    3.995 S_000006
   8 P  -178.202  137.711  175.039   87.326 -100.817 -124.463   72.525   37.168   89.000 -168.297    0.333828   -1.301826   -0.705042   -0.771433   -1.348062   -1.762967   -1.894852   -0.676530   -1.222789   -2.662  -42.550    3.936 S_000006
   9 H   -82.481  120.155   97.900   84.024    0.000    0.000   65.000   34.962   98.541  151.886    0.315543   -1.392670   -0.525906   -0.813705   -1.627998   -1.529524   -1.886966   -0.769696   -1.177478   -6.735  -46.900    2.256 S_000006
SCORE:    18.440                 18.440          0          0          0    S_000007
   1 H     0.000  170.252   55.279 -283.835  209.222  -68.604   64.737   44.417   88.606  202.981    0.289465   -1.382869   -0.416539   -0.709271   -1.541222   -1.563345   -1.811118   -0.717571   -1.224553    3.794    0.984    0.238 S_000007
   2 P   153.445 -147.409   76.168  150.324 -119.233  -95.386  144.681  -33.141  149.663 -120.113    0.351810   -0.073217   -1.482457   -0.796549   -0.919435   -2.029856   -1.928421   -0.654059   -1.232255    7.013   -3.457   -2.841 S_000007
   3 P   -60.428 -156.393   49.064   81.548 -157.760 -109.948  104.152   39.170   88.406  167.000    0.309498   -1.366252   -0.593440   -0.769650   -1.466437   -1.669517   -1.876267   -0.701514   -1.220855    5.597   -7.481    2.546 S_000007
   4 P  -166.924 -154.036  159.889   90.332 -178.658 -136.635   73.477   26.413  115.255    3.673    0.345049   -1.323606   -0.689620   -0.882069   -1.572952   -1.568229   -1.923026   -0.712384   -1.176451    3.392  -14.209    3.327 S_000007
   5 P   171.747  153.395  159.041  148.712 -150.900 -143.856  163.298  -31.676  141.216  -34.261    0.335662   -0.099384   -1.482186   -0.823846   -0.920479   -2.044532   -1.934389   -0.708140   -1.198506    3.421  -21.250    4.806 S_000007
   6 N   163.087  146.437  171.423   86.530 -122.756  -89.393   58.024   30.220  107.185   -5.480    0.342559   -1.360757   -0.605786   -0.843709   -1.609006   -1.540115   -1.865051   -0.695465   -1.212078    4.734  -28.121    7.064 S_000007
   7 P   178.953  121.420   60.039  137.761  -89.783  162.171   95.568  -36.201  164.047  -85.504    0.329547   -0.376318   -1.443259   -0.795164   -1.365299   -1.724089   -1.935867   -0.737984   -1.183291    2.209  -34.722    8.077 S_000007
   8 P    66.688 -144.704 -163.902  148.105 -139.268 -155.489  -41.230  -37.998  156.482 -171.186    0.307073   -0.167585   -1.483056   -0.788817   -1.141272   -1.898846   -1.932231   -0.728804   -1.188714    2.632  -40.627    9.471 S_000007
   9 H    60.624  149.568   42.153   85.056    0.000    0.000   63.912   38.956   85.312  -24.679    0.326867   -1.317953   -0.684770   -0.753534   -1.342211   -1.760055   -1.889273   -0.688097   -1.218558    2.066  -47.300    7.738 S_000007
SCORE:    17.782                 17.782          0          0          0    S_000008
   1 H     0.000  170.252   55.279   80.876 -149.619  -51.275   64.344   35.036   99.205  -16.956    0.314967   -1.411494   -0.480685   -0.814747   -1.677829   -1.477897   -1.877535   -0.796379   -1.162414    3.794    0.984    0.238 S_000008
   2 N    58.305 -156.520  177.661  125.379  -93.616 -122.123  -35.657  -23.126  151.514   27.618    0.381839   -0.636695   -1.336911   -0.858038   -1.454398   -1.694217   -1.949944   -0.726811   -1.180765    6.608   -3.104   -1.277 S_000008
   3 P  -177.185 -173.566  155.371  145.456  -98.754  179.352  138.838  -24.197  141.689  170.602    0.366879   -0.185448   -1.467973   -0.847005   -0.869502   -2.069646   -1.938630   -0.653402   -1.218242    5.065   -9.612    1.396 S_000008
   4 P   149.773 -156.144  176.474   82.777 -155.799  -84.417   85.097   38.273   91.188  109.933    0.325799   -1.359624   -0.601698   -0.762572   -1.475146   -1.669392   -1.863222   -0.693642   -1.226962    4.588  -16.343    3.487 S_000008
   5 P  -127.098 -118.371 -175.896   81.208  178.526  -67.112   87.047   27.341  111.615  177.088    0.350710   -1.380316   -0.536550   -0.864500   -1.712024   -1.401043   -1.876825   -0.710853   -1.179871    4.527  -23.469    3.602 S_000008
   6 P   -63.250  175.683   65.794  149.949 -131.110 -149.590  116.670  -46.360  165.701  151.659    0.291047   -0.023190   -1.497427   -0.685692   -1.116595   -1.889345   -1.874813   -0.741826   -1.205416    2.678  -28.641    5.123 S_000008
   7 P   108.246 -153.137  175.954  125.504  -78.386 -151.910  157.518  -34.516  169.390  179.923    0.351862   -0.530561   -1.392292   -0.793275   -1.516755   -1.590027   -1.910937   -0.740572   -1.194142    1.137  -35.221    4.364 S_000008
   8 P   171.747  153.395  159.041  148.712 -150.900 -143.856  163.298  -31.676  141.216  -34.261    0.335662   -0.099384   -1.482186   -0.823846   -0.920479   -2.044532   -1.934389   -0.708140   -1.198506   -0.744  -42.029    5.125 S_000008
   9 H   -69.654 -161.645   44.864   85.867    0.000    0.000   79.802   35.043   93.406  179.920    0.345893   -1.306929   -0.688906   -0.774472   -1.416736   -1.715688   -1.884212   -0.691531   -1.220660   -4.850  -47.552    5.297 S_000008
SCORE:    17.428                 17.428          0          0          1    S_000009
   1 H     0.000  170.252   55.279   84.010 -153.856   28.042   89.531   34.200   99.777  179.906    0.336027   -1.352389   -0.615504   -0.801939   -1.529978   -1.620268   -1.873903   -0.695206   -1.218673    3.794    0.984    0.238 S_000009
   2 P   -61.653  158.780  111.392  131.953 -117.165 -124.089  113.393  -34.124  172.369  170.567    0.367177   -0.534770   -1.378991   -0.795747   -1.498249   -1.528004   -1.900206   -0.681102   -1.220799    2.818   -3.031   -1.692 S_000009
   3 P  -125.086  145.493   69.963   84.203 -158.058 -123.195  168.515   36.291   95.165  143.628    0.305273   -1.413075   -0.506265   -0.815956   -1.633501   -1.528120   -1.891014   -0.787768   -1.165172    0.576   -9.162    0.604 S_000009
   4 P   -56.713  169.563   63.733  130.198 -145.747 -165.607  105.706  -22.591  147.628  165.119    0.387195   -0.481632   -1.393214   -0.841539   -1.246218   -1.866122   -1.947955   -0.671518   -1.217400   -0.892  -15.394    0.874 S_000009
   5 P   158.515 -168.689  175.032   87.481 -141.368  -57.572   68.996   36.853   89.568  -47.452    0.330227   -1.321880   -0.669347   -0.773457   -1.410689   -1.720635   -1.883577   -0.692040   -1.217422   -2.053  -22.522    1.522 S_000009
   6 P   -60.812 -146.102   71.756  156.668  -78.282 -169.333  154.499  -36.879  159.613   62.580    0.318603   -0.121311   -1.484608   -0.802024   -1.070048   -1.952590   -1.947726   -0.665159   -1.220540   -3.117  -28.827    0.696 S_000009
   7 P   171.747  153.395  159.041  148.712 -150.900 -143.856  163.298  -31.676  141.216  -34.261    0.335662   -0.099384   -1.482186   -0.823846   -0.920479   -2.044532   -1.934389   -0.708140   -1.198506   -4.969  -35.401    2.053 S_000009
   8 P   150.289 -142.448  133.577   89.355 -103.188  179.977   97.284   30.157   96.865 -162.454    0.379903   -1.248324   -0.775638   -0.787042   -1.386477   -1.741667   -1.882380   -0.673185   -1.220651   -7.453  -41.878    2.736 S_000009
   9 H   -64.278 -175.724   47.964   77.578    0.000    0.000   78.410   40.388   92.364  179.940    0.299744   -1.416452   -0.463116   -0.764029   -1.597976   -1.545693   -1.838267   -0.726986   -1.213745   -9.995  -46.732    6.062 S_000009
SCORE:    18.129                 18.129          0          2          0    S_000010
   1 H     0.000  170.252   55.279   86.695 -163.008   46.095   86.608   34.901   98.451  -15.491    0.332775   -1.342326   -0.634043   -0.789868   -1.494092   -1.647106   -1.871613   -0.700486   -1.213249    3.794    0.984    0.238 S_000010
   2 P   -61.236 -144.081   67.298  141.205  -83.161  175.647  156.045  -26.613  152.071   69.787    0.411481   -0.165229   -1.462398   -0.796345   -0.904956   -2.034850   -1.928766   -0.649169   -1.234321    3.299   -3.486   -2.853 S_000010
   3 P   -63.205  171.353   54.703   80.508 -166.947 -112.593   87.404   39.529   93.956  -19.361    0.312179   -1.391493   -0.527466   -0.762039   -1.531548   -1.601004   -1.844492   -0.705140   -1.217484    2.854   -9.695   -2.286 S_000010
   4 P   -56.602  169.819   59.880  148.016 -135.011  178.478  120.148  -32.889  143.708  -19.080    0.344597   -0.101549   -1.481717   -0.800183   -0.950280   -2.028627   -1.919452   -0.736545   -1.187799    1.343  -14.427    1.502 S_000010
   5 P   101.545 -166.544 -165.818  126.065 -162.988  -99.544   98.876  -15.674  141.015 -159.461    0.397392   -0.610821   -1.338979   -0.860837   -1.287097   -1.866209   -1.963161   -0.695831   -1.206560   -0.943  -20.236    4.263 S_000010
   6 N  -173.868 -178.616  179.685   86.902 -146.045  -72.431   81.778   39.756   88.577  -12.629    0.302540   -1.355778   -0.621490   -0.770300   -1.422934   -1.707921   -1.886028   -0.702878   -1.216575   -3.499  -26.744    4.878 S_000010
   7 P   171.747  153.395  159.041  148.712 -150.900 -143.856  163.298  -31.676  141.216  -34.261    0.335662   -0.099384   -1.482186   -0.823846   -0.920479   -2.044532   -1.934389   -0.708140   -1.198506   -5.712  -33.190    6.274 S_000010
   8 P  -150.263  137.150  162.005   85.519 -143.757  -61.655   64.628   39.702   84.506   99.951    0.295141   -1.332554   -0.685537   -0.782837   -1.333764   -1.762805   -1.900101   -0.686617   -1.207950   -8.988  -39.340    6.116 S_000010
   9 H   -75.230 -176.562   43.600   75.751    0.000    0.000   80.175   34.966  104.983   34.908    0.311767   -1.439528   -0.405880   -0.828273   -1.744411   -1.385675   -1.832429   -0.760155   -1.194838  -12.730  -44.432    6.002 S_000010
