SEQUENCE: gug
SCORE:     score    rna_stub_coord_hack       N_WC      N_NWC       N_BS description
REMARK RNA 
SCORE:     0.001                  0.001          0          0          0    S_000001
   1 H     0.000  170.252   55.279   87.016 -137.535   16.408   48.629   32.569  100.627  -15.072    0.339692   -1.325801   -0.674473   -0.819538   -1.489408   -1.662393   -1.904433   -0.709991   -1.197992    3.794    0.984    0.238 S_000001
   2 N   135.824  167.742   49.888  137.024 -100.236  -79.278  138.410  -33.375  158.078 -119.474    0.348344   -0.309400   -1.461794   -0.802843   -1.231831   -1.844744   -1.938261   -0.705735   -1.208087    1.820   -2.640   -3.674 S_000001
   3 H   -83.617 -108.333  156.193   81.927    0.000    0.000   32.500   33.810   92.823  -19.307    0.326629   -1.350519   -0.618961   -0.825642   -1.524284   -1.618521   -1.930878   -0.789081   -1.134919   -2.805   -2.522    1.414 S_000001
SCORE:     0.000                  0.000          0          0          0    S_000002
   1 H     0.000  170.252   55.279  109.791  -86.031  -28.716   97.324   -4.072  154.605    3.658    0.432992   -1.060617   -0.993306   -0.892079   -1.672394   -1.421786   -1.913007   -0.735767   -1.171156    3.794    0.984    0.238 S_000002
   2 N    91.905  153.732   66.080  131.070  -96.910   96.367  108.748  -42.752  163.266  -71.311    0.115082   -0.194500   -1.485573   -0.898699   -1.221584   -1.858081   -1.977738   -0.617446   -1.208491    1.220    0.198   -3.852 S_000002
   3 H   -57.644  154.489   54.536   82.546    0.000    0.000   74.013   33.851   96.911  179.928    0.321583   -1.369813   -0.590646   -0.825583   -1.567400   -1.583395   -1.891554   -0.732984   -1.192437   -1.764    1.529   -1.677 S_000002
SCORE:     0.000                  0.000          0          0          0    S_000003
   1 H     0.000  170.252   55.279   85.341 -165.704   44.991   90.069   34.382   93.752  -15.417    0.325803   -1.358149   -0.611152   -0.807437   -1.536041   -1.613853   -1.901541   -0.753835   -1.171795    3.794    0.984    0.238 S_000003
   2 P    70.078 -164.488   41.260  140.722 -112.331  169.407  117.487  -35.284  155.824   23.806    0.336397   -0.329856   -1.451014   -0.787119   -1.295402   -1.805917   -1.931413   -0.779512   -1.158217    1.889   -2.080   -3.363 S_000003
   3 H   -70.175  164.797   65.706   79.036    0.000    0.000   70.491   43.383   90.626 -165.701    0.261243   -1.420376   -0.467608   -0.762265   -1.532168   -1.585658   -1.843486   -0.702470   -1.219549   -3.435   -2.867   -0.547 S_000003
SCORE:     0.001                  0.001          0          0          1    S_000004
   1 H     0.000  170.252   55.279   78.871 -146.371   43.447   76.281   39.355   94.278  -28.989    0.297543   -1.429518   -0.426871   -0.784502   -1.653169   -1.488580   -1.850331   -0.755000   -1.194868    3.794    0.984    0.238 S_000004
   2 N    77.393  169.243   53.824  146.923  -92.622  -83.966  131.283  -34.721  156.699   19.524    0.348120   -0.192652   -1.469167   -0.779811   -1.111190   -1.925065   -1.924326   -0.703191   -1.207354    1.035   -1.574   -3.460 S_000004
   3 H   -60.033 -178.677   49.889   84.525    0.000    0.000   82.989   37.164   91.732  -27.618    0.336402   -1.354056   -0.601247   -0.764855   -1.488175   -1.652392   -1.877082   -0.723395   -1.206330   -0.616   -4.356    2.196 S_000004
SCORE:     0.001                  0.001          0          0          0    S_000005
   1 H     0.000  170.252   55.279  134.600 -118.684  -27.201  114.011  -21.444  147.509   11.369    0.428700   -0.462523   -1.384120   -0.829049   -1.202586   -1.862737   -1.937559   -0.679380   -1.194235    3.794    0.984    0.238 S_000005
   2 N    70.981 -173.784  175.967   85.575 -167.423   49.785   -8.933   31.051  109.291  -17.091    0.341531   -1.356486   -0.614966   -0.839042   -1.585310   -1.568353   -1.887177   -0.710527   -1.205855    2.783   -1.230   -4.005 S_000005
   3 H   168.254  177.755  176.637   87.917    0.000    0.000   63.522   37.294   81.759  -28.116    0.350771   -1.237056   -0.803365   -0.747710   -1.202310   -1.866905   -1.902792   -0.723591   -1.200802   -2.089    1.978   -1.751 S_000005
SCORE:     0.001                  0.001          0          0          0    S_000006
   1 H     0.000  170.252   55.279   81.003 -159.439  -20.907   72.725   37.832   96.483  -20.185    0.307758   -1.403003   -0.519543   -0.783099   -1.588731   -1.562658   -1.842107   -0.707584   -1.218127    3.794    0.984    0.238 S_000006
   2 P    85.021  -87.182  108.039   87.288 -175.978 -113.147   53.944   12.432  140.770   40.924    0.376134   -1.358121   -0.622620   -0.961805   -1.850014   -1.203567   -1.898936   -0.817271   -1.113601    3.861   -2.413   -0.908 S_000006
   3 H   157.530 -176.907  171.020   76.056    0.000    0.000   65.228   38.440   86.933   20.452    0.315522   -1.358727   -0.620140   -0.776148   -1.449777   -1.688532   -1.894995   -0.732686   -1.195236   -2.068   -2.713    2.575 S_000006
SCORE:     0.001                  0.001          0          0          0    S_000007
   1 H     0.000  170.252   55.279   86.451 -113.942   96.973   67.088   36.827   94.965  179.912    0.306394   -1.361306   -0.617183   -0.809291   -1.491809   -1.666110   -1.890910   -0.679437   -1.240249    3.794    0.984    0.238 S_000007
   2 P  -114.889   84.931  174.464  135.780  -79.141  170.214   76.655  -17.323  127.940  166.803    0.387730   -0.310350   -1.452105   -0.872202   -0.893536   -2.082986   -1.929347   -0.792507   -1.145707    1.217    1.088   -2.229 S_000007
   3 H   -84.202  178.927   56.052   76.604    0.000    0.000   77.420   40.481   92.930  179.907    0.274925   -1.431634   -0.417245   -0.789693   -1.642217   -1.490398   -1.862683   -0.781393   -1.178260   -0.365   -3.082    2.163 S_000007
SCORE:     0.001                  0.001          0          1          0    S_000008
   1 H     0.000  170.252   55.279   95.662 -150.167   34.471   93.787   25.332   99.292   -9.090    0.346311   -1.277092   -0.752252   -0.850992   -1.564322   -1.649863   -1.923760   -0.800213   -1.148291    3.794    0.984    0.238 S_000008
   2 N   -18.047 -121.920  174.970   88.539 -123.426  137.045   46.826   34.622  101.573  -28.205    0.331156   -1.347296   -0.635010   -0.806580   -1.498648   -1.648272   -1.881207   -0.677534   -1.224475    2.976   -2.704   -1.996 S_000008
   3 H   -47.874  169.345   67.179  138.442    0.000    0.000  104.663  -30.645  149.089 -157.162    0.357365   -0.391015   -1.428158   -0.816095   -1.288377   -1.821831   -1.947070   -0.811395   -1.125176   -2.040   -0.925   -3.076 S_000008
SCORE:     0.002                  0.002          0          0          0    S_000009
   1 H     0.000  170.252   55.279  141.164  -80.259  -37.392  116.352  -34.097  154.296  -99.654    0.328838   -0.229349   -1.465648   -0.814512   -1.147046   -1.900567   -1.949233   -0.704975   -1.195727    3.794    0.984    0.238 S_000009
   2 N    91.905  153.732   66.080  131.070  -96.910   96.367  108.748  -42.752  163.266  -71.311    0.115082   -0.194500   -1.485573   -0.898699   -1.221584   -1.858081   -1.977738   -0.617446   -1.208491    2.935    1.932   -4.564 S_000009
   3 H  -135.968   86.912  156.323   84.910    0.000    0.000   60.950   32.402   96.181  -24.326    0.369411   -1.302864   -0.699508   -0.782610   -1.459820   -1.695288   -1.894865   -0.722038   -1.200321    0.252    1.577   -1.810 S_000009
SCORE:     0.000                  0.000          0          0          0    S_000010
   1 H     0.000  170.252   55.279  109.791  -86.031  -28.716   97.324   -4.072  154.605    3.658    0.432992   -1.060617   -0.993306   -0.892079   -1.672394   -1.421786   -1.913007   -0.735767   -1.171156    3.794    0.984    0.238 S_000010
   2 N    91.905  153.732   66.080  131.070  -96.910   96.367  108.748  -42.752  163.266  -71.311    0.115082   -0.194500   -1.485573   -0.898699   -1.221584   -1.858081   -1.977738   -0.617446   -1.208491    1.220    0.198   -3.852 S_000010
   3 H   -63.687  167.342   56.761   82.474    0.000    0.000   74.843   35.421   95.689  179.887    0.332588   -1.362352   -0.597217   -0.790586   -1.534230   -1.619988   -1.879795   -0.720754   -1.209615   -1.725    1.486   -1.268 S_000010
