SEQUENCE: gaaaaaaag
SCORE:     score    rna_stub_coord_hack       N_WC      N_NWC       N_BS description
REMARK RNA 
SCORE:    17.753                 17.753          0          0          0    S_000001
   1 H     0.000  170.252   55.279   76.470 -145.485  -67.126   69.167   40.622   88.751  175.527    0.300401   -1.418042   -0.455729   -0.766333   -1.593308   -1.543164   -1.856649   -0.765259   -1.194610    3.794    0.984    0.238 S_000001
   2 N  -148.162  164.915  118.385  145.355 -109.323 -178.043  158.161  -25.949  134.973  153.436    0.357113   -0.162484   -1.477571   -0.854725   -0.883260   -2.080780   -1.943630   -0.688761   -1.201220    7.868   -2.482   -3.913 S_000001
   3 P   160.373   83.471  174.358  110.126 -145.014  -77.450   88.830   10.256  109.650 -140.438    0.415602   -0.968774   -1.094113   -0.852791   -1.300122   -1.860583   -1.949436   -0.711604   -1.193646   12.178   -5.020   -8.326 S_000001
   4 N  -175.101 -147.674  159.572  141.718  176.133  146.872   62.364  -31.811 -103.226   76.911    0.331832   -0.177856   -1.485199   -0.843536   -1.029654   -1.962328   -1.977627   -0.691472   -1.204184   15.623   -7.914  -13.398 S_000001
   5 P   107.645  177.113 -151.446  121.171 -147.326  -97.859   90.040   -9.304  132.582 -149.400    0.420710   -0.720589   -1.277335   -0.858548   -1.316539   -1.850888   -1.956492   -0.719478   -1.189242   20.359   -8.617  -18.451 S_000001
   6 P   -50.484 -176.503   35.125  140.764 -157.779 -130.731   88.154  -32.121  150.570 -155.790    0.351864   -0.261336   -1.460342   -0.801800   -1.148146   -1.917020   -1.938761   -0.729367   -1.186107   24.529   -8.491  -23.406 S_000001
   7 N   -82.271  172.114   71.616   80.521 -160.375  -99.196   70.829   44.016   88.946  179.870    0.249433   -1.421755   -0.466358   -0.764929   -1.531784   -1.596253   -1.827971   -0.670077   -1.241417   29.991   -8.069  -27.235 S_000001
   8 P   -60.519 -150.721   69.014  155.654  -81.600 -163.057  158.185  -44.635  163.664   97.265    0.258206   -0.039368   -1.494873   -0.750175   -1.106028   -1.909076   -1.907704   -0.770525   -1.183420   35.358   -8.926  -31.123 S_000001
   9 H   -53.711  175.435   49.363   80.074    0.000    0.000   71.461   40.539   88.735  -21.966    0.289969   -1.412877   -0.486565   -0.773617   -1.570378   -1.571828   -1.866518   -0.748770   -1.194270   40.013  -10.092  -35.663 S_000001
SCORE:    17.966                 17.966          0          0          3    S_000002
   1 H     0.000  170.252   55.279   80.492 -149.891  -67.925   76.586   41.060   90.617  -18.335    0.291360   -1.404166   -0.510258   -0.765039   -1.535987   -1.607667   -1.846688   -0.696846   -1.232629    3.794    0.984    0.238 S_000002
   2 P   177.366  142.836 -177.540   86.392   81.924   89.658  106.666   34.383   91.374   35.384    0.329518   -1.203568   -0.872590   -0.818960   -1.153720   -1.885512   -1.932817   -0.607425   -1.234970    7.916   -2.423   -4.164 S_000002
   3 P   164.357  159.365   60.226  155.732 -127.704  171.416  109.333  -39.352  157.983   71.282    0.316599   -0.047323   -1.489035   -0.763868   -1.016590   -1.968385   -1.910011   -0.701604   -1.218509   12.967   -3.874   -8.299 S_000002
   4 N   -54.846  168.319   55.099   88.569 -157.038  -99.261   90.833   30.172  103.661  179.907    0.367701   -1.292969   -0.730351   -0.800342   -1.476327   -1.692529   -1.878263   -0.683268   -1.229139   17.394   -7.196  -10.938 S_000002
   5 P  -172.604  161.126  159.864  155.138 -101.607 -139.360  -48.863  -40.948  155.621   78.591    0.319081    0.026124   -1.484098   -0.731166   -0.944630   -1.986654   -1.887978   -0.700564   -1.211859   21.265   -9.659  -16.347 S_000002
   6 P   -67.956  168.331   55.391   83.761 -166.271  -88.764   84.671   36.505   92.600   74.859    0.322126   -1.360899   -0.611922   -0.791937   -1.496214   -1.650486   -1.886389   -0.719701   -1.204340   26.572  -11.875  -19.921 S_000002
   7 P  -170.283  161.190 -176.306  140.990 -163.860 -102.059  133.153  -32.306  149.951  165.152    0.350717   -0.168927   -1.477787   -0.803819   -1.029144   -1.981828   -1.933928   -0.657356   -1.225843   30.568  -12.329  -25.559 S_000002
   8 P   152.804  179.450  178.912   87.198 -154.572  -78.725   73.493   37.836   90.078  169.479    0.323288   -1.361977   -0.597100   -0.768408   -1.488119   -1.654360   -1.884994   -0.739724   -1.191211   34.608  -14.508  -30.728 S_000002
   9 H   -49.734  150.686   61.338   78.332    0.000    0.000   69.203   37.428   93.092  -24.012    0.330521   -1.376498   -0.575054   -0.770252   -1.522917   -1.624455   -1.862501   -0.728419   -1.209176   36.604  -17.484  -35.098 S_000002
SCORE:    17.514                 17.514          0          0          1    S_000003
   1 H     0.000  170.252   55.279   84.888 -161.256  -64.909   89.564   35.914   95.004  179.950    0.328991   -1.345734   -0.620234   -0.787918   -1.490052   -1.653722   -1.880059   -0.696300   -1.221804    3.794    0.984    0.238 S_000003
   2 P  -145.272  107.505  161.174   94.670  147.437  143.710   84.320   28.447   90.169 -113.690    0.361024   -1.094483   -0.996074   -0.845065   -1.073377   -1.943138   -1.954076   -0.689021   -1.181845    8.777   -0.707   -3.446 S_000003
   3 N  -173.868 -178.616  179.685   86.902 -146.045  -72.431   81.778   39.756   88.577  -12.629    0.302540   -1.355778   -0.621490   -0.770300   -1.422934   -1.707921   -1.886028   -0.702878   -1.216575   12.793   -1.152   -9.554 S_000003
   4 P  -168.621  177.343  175.673   83.981 -130.698  -83.103   86.287   37.126   93.825 -173.520    0.326691   -1.360752   -0.612108   -0.780568   -1.486223   -1.663273   -1.874036   -0.699277   -1.219705   17.754   -2.144  -14.209 S_000003
   5 N   -56.447  161.867   71.832  154.148 -109.816  -92.178  128.922  -38.278  154.303 -154.039    0.326604   -0.049147   -1.486557   -0.759318   -0.992584   -1.984304   -1.907809   -0.697240   -1.218033   22.212   -2.921  -18.439 S_000003
   6 P  -170.257 -176.118  168.457  154.693  -96.790  -77.772  166.626  -41.004  158.432  -92.486    0.301209   -0.017468   -1.492097   -0.757842   -1.009016   -1.965277   -1.908312   -0.715882   -1.203518   28.381   -5.042  -21.101 S_000003
   7 N   -49.303  160.019   48.041   88.508 -172.863 -157.115   88.072   36.247   88.736   99.747    0.331482   -1.312270   -0.701339   -0.783995   -1.389509   -1.749307   -1.911306   -0.723235   -1.200304   31.802   -8.063  -25.072 S_000003
   8 P  -177.185 -173.566  155.371  145.456  -98.754  179.352  138.838  -24.197  141.689  170.602    0.366879   -0.185448   -1.467973   -0.847005   -0.869502   -2.069646   -1.938630   -0.653402   -1.218242   36.933   -8.886  -30.122 S_000003
   9 H   -96.252 -158.869  -67.514   85.099    0.000    0.000   59.649   39.723   85.229  -27.326    0.314924   -1.349096   -0.625008   -0.757409   -1.411971   -1.712329   -1.886058   -0.711616   -1.208309   43.419  -10.049  -31.198 S_000003
SCORE:    17.818                 17.818          0          0          2    S_000004
   1 H     0.000  170.252   55.279   78.300 -148.118  -77.657   62.969   36.100   99.447  179.903    0.329491   -1.400960   -0.511238   -0.782086   -1.627738   -1.530737   -1.835948   -0.726096   -1.220030    3.794    0.984    0.238 S_000004
   2 P  -165.123  123.315  171.991   87.033 -153.571  -59.887   73.452   35.136   95.198   -8.374    0.331756   -1.337775   -0.632899   -0.796073   -1.488319   -1.658809   -1.881383   -0.691431   -1.212719    8.037   -1.295   -4.736 S_000004
   3 N  -149.449  161.904  169.889   81.813 -145.400  -65.994  120.751   29.215  116.975    7.240    0.321253   -1.415703   -0.497345   -0.892978   -1.732380   -1.385977   -1.824266   -0.691127   -1.230135   12.248   -3.380   -9.430 S_000004
   4 P   -63.250  175.683   65.794  149.949 -131.110 -149.590  116.670  -46.360  165.701  151.659    0.291047   -0.023190   -1.497427   -0.685692   -1.116595   -1.889345   -1.874813   -0.741826   -1.205416   16.966   -4.882  -13.051 S_000004
   5 N   -83.571 -175.496   53.249   84.137 -167.476  -73.922   82.797   40.624   90.455  164.759    0.307024   -1.367571   -0.574014   -0.747859   -1.461360   -1.670763   -1.846933   -0.663528   -1.250260   22.426   -8.043  -15.863 S_000004
   6 N  -117.928  163.085  140.542   74.750 -128.345  -67.509   60.349   40.402   87.581  -19.436    0.267559   -1.415088   -0.468029   -0.794021   -1.570377   -1.532371   -1.895780   -0.772226   -1.165552   26.216  -10.246  -20.532 S_000004
   7 N  -174.783  120.716  177.399  150.472 -127.479 -150.643  -46.738  -38.379  156.036  172.165    0.295515   -0.075973   -1.493365   -0.801078   -1.032701   -1.963612   -1.942754   -0.690149   -1.211052   30.425  -11.243  -25.965 S_000004
   8 P   158.515 -168.689  175.032   87.481 -141.368  -57.572   68.996   36.853   89.568  -47.452    0.330227   -1.321880   -0.669347   -0.773457   -1.410689   -1.720635   -1.883577   -0.692040   -1.217422   36.231  -11.874  -30.336 S_000004
   9 H   -66.823 -170.754   47.766   82.721    0.000    0.000   78.753   37.527   89.978   -3.744    0.303892   -1.376634   -0.550761   -0.794697   -1.534263   -1.592733   -1.882175   -0.736436   -1.187122   39.971  -11.592  -35.358 S_000004
SCORE:    17.973                 17.973          0          0          1    S_000005
   1 H     0.000  170.252   55.279   83.744 -142.948 -102.091   81.470   31.424  101.716  179.920    0.358881   -1.315188   -0.676791   -0.804297   -1.494581   -1.643307   -1.880857   -0.694704   -1.211132    3.794    0.984    0.238 S_000005
   2 P   -87.787  177.868   72.488  125.142 -164.828 -151.898  111.548  -19.213  150.164  -29.735    0.411216   -0.574601   -1.357123   -0.857597   -1.302692   -1.814919   -1.954673   -0.693383   -1.189634    8.558   -0.429   -4.405 S_000005
   3 N   -56.918  161.492   44.075   85.026 -114.246 -136.960  103.269   36.882   93.766 -134.936    0.317400   -1.374502   -0.569619   -0.792818   -1.534408   -1.610320   -1.871816   -0.705946   -1.213383   13.506   -1.405   -8.181 S_000005
   4 P    -9.791  151.275   56.495  145.205 -149.476  178.681  133.718  -34.285  155.187  132.770    0.343879   -0.234485   -1.467538   -0.792884   -1.158169   -1.902504   -1.934198   -0.737152   -1.185132   16.842   -4.309  -12.885 S_000005
   5 P   153.942 -172.175  173.008   81.922 -159.435  -59.843   75.194   37.416   97.393 -160.084    0.313845   -1.393835   -0.529876   -0.789306   -1.579149   -1.575655   -1.852855   -0.709064   -1.225200   21.051   -6.103  -18.432 S_000005
   6 N  -175.101 -147.674  159.572  141.718  176.133  146.872   62.364  -31.811 -103.226   76.911    0.331832   -0.177856   -1.485199   -0.843536   -1.029654   -1.962328   -1.977627   -0.691472   -1.204184   23.476   -9.548  -23.453 S_000005
   7 P  -172.604  161.126  159.864  155.138 -101.607 -139.360  -48.863  -40.948  155.621   78.591    0.319081    0.026124   -1.484098   -0.731166   -0.944630   -1.986654   -1.887978   -0.700564   -1.211859   27.831  -13.178  -27.754 S_000005
   8 N  -148.162  164.915  118.385  145.355 -109.323 -178.043  158.161  -25.949  134.973  153.436    0.357113   -0.162484   -1.477571   -0.854725   -0.883260   -2.080780   -1.943630   -0.688761   -1.201220   32.810  -13.709  -32.899 S_000005
   9 H    49.296 -164.037 -178.625   82.978    0.000    0.000   65.296   34.986   96.376  -11.209    0.354651   -1.338554   -0.595573   -0.768055   -1.522254   -1.618337   -1.842274   -0.693768   -1.226325   38.361  -13.964  -36.198 S_000005
SCORE:    17.921                 17.921          0          0          1    S_000006
   1 H     0.000  170.252   55.279   80.522 -178.456  -81.479   79.159   36.231   97.998  -71.186    0.306751   -1.408325   -0.489338   -0.810264   -1.642269   -1.505996   -1.877467   -0.764652   -1.176766    3.794    0.984    0.238 S_000006
   2 P  -168.839  121.189 -176.246   84.421 -162.310  -96.356  108.244   34.304  106.356  -23.636    0.327894   -1.391748   -0.518664   -0.809234   -1.631897   -1.506085   -1.823324   -0.679514   -1.237292    9.092    0.267   -3.876 S_000006
   3 P   138.934 -178.509  166.657   87.364 -105.103  -97.274   86.292   35.291   93.547  -22.000    0.327190   -1.331925   -0.669818   -0.802767   -1.448495   -1.699073   -1.903473   -0.702710   -1.210831   13.693    1.343   -8.702 S_000006
   4 P   -36.918 -153.877   53.859  147.355 -138.787 -139.139  153.593  -34.813  154.010  100.837    0.332148   -0.170995   -1.476134   -0.798376   -1.082609   -1.936969   -1.934460   -0.703444   -1.197882   19.784   -0.158  -11.065 S_000006
   5 P   173.330 -176.176  173.161   89.236 -120.118 -113.526   66.601   30.578  105.566 -179.411    0.341486   -1.333597   -0.661409   -0.838980   -1.537240   -1.610372   -1.902227   -0.711169   -1.197381   23.736   -3.956  -15.936 S_000006
   6 P   -33.122 -159.568  151.000  146.506 -145.092 -142.672   79.190  -33.668  154.217 -117.811    0.333818   -0.171529   -1.475823   -0.812366   -1.061031   -1.950460   -1.939960   -0.691146   -1.196381   26.916   -5.464  -21.667 S_000006
   7 P   161.921 -139.165  171.084  140.378 -102.348  161.473  147.689  -28.420  150.366   21.418    0.399046   -0.297674   -1.438023   -0.785233   -1.122437   -1.922316   -1.917220   -0.695077   -1.203103   33.212   -5.354  -24.926 S_000006
   8 P   149.495 -135.797  167.032   86.743 -108.161  -81.449   71.453   34.047   92.137  -22.276    0.350716   -1.289435   -0.730369   -0.790982   -1.380310   -1.748501   -1.906301   -0.691683   -1.208440   37.492   -6.259  -30.197 S_000006
   9 H   -66.391 -166.916   48.210   82.075    0.000    0.000   73.726   37.087   92.378  -19.499    0.319182   -1.356616   -0.610552   -0.784859   -1.475976   -1.652418   -1.876674   -0.695659   -1.214960   43.009   -8.497  -33.267 S_000006
SCORE:    18.045                 18.045          0          1          1    S_000007
   1 H     0.000  170.252   55.279   83.983 -120.768  -75.121   64.383   35.554   90.231  -24.345    0.359187   -1.312968   -0.685887   -0.753839   -1.421856   -1.724721   -1.873278   -0.730837   -1.205689    3.794    0.984    0.238 S_000007
   2 P  -143.310   71.916  171.935  103.615 -167.532  -70.288   89.959   20.785   98.541  -79.188    0.395520   -1.072129   -0.997535   -0.849530   -1.236883   -1.870694   -1.949452   -0.731506   -1.161827    6.684   -0.780   -5.370 S_000007
   3 P  -173.910 -150.992  149.500  127.998 -128.911 -142.558   91.482   -6.193  136.127   15.787    0.408280   -0.788743   -1.262842   -0.923571   -1.317920   -1.806812   -1.984235   -0.740556   -1.116661   10.953   -1.431  -10.404 S_000007
   4 N   -60.793  171.558   61.962   89.409 -158.232  -99.016   75.344   33.310   97.241 -167.829    0.337877   -1.332470   -0.657891   -0.811917   -1.496742   -1.656441   -1.904852   -0.725438   -1.193617   16.889   -2.312  -13.316 S_000007
   5 P   -68.290  165.624   53.091  148.683 -120.580  175.250  113.124  -37.907  158.220 -145.963    0.336084   -0.197418   -1.472562   -0.755729   -1.177993   -1.869278   -1.909839   -0.730576   -1.194448   22.122   -2.270  -16.784 S_000007
   6 N   146.424 -163.784  178.255   85.620 -137.294  -67.317   67.440   39.752   87.784 -119.038    0.297106   -1.364557   -0.602477   -0.780092   -1.442511   -1.687950   -1.884111   -0.692719   -1.217120   27.940   -3.931  -20.465 S_000007
   7 N   -89.818 -167.844   59.639  153.827 -136.181  139.150  132.646  -37.935  153.424  148.810    0.316975    0.019676   -1.487882   -0.777948   -0.895329   -2.038770   -1.920246   -0.652799   -1.237878   32.642   -5.264  -24.990 S_000007
   8 N   137.251 -155.716  174.946   86.157 -158.524  -62.955   96.365   33.608   97.563  179.935    0.337271   -1.339152   -0.646554   -0.807939   -1.506066   -1.646908   -1.891233   -0.710544   -1.206045   37.105   -6.663  -29.704 S_000007
   9 H   -37.532 -142.334    5.345  105.619    0.000    0.000   89.841   21.009  102.497 -169.253    0.380177   -1.075758   -1.007353   -0.837850   -1.253188   -1.890365   -1.935884   -0.662912   -1.223848   41.778   -9.224  -32.626 S_000007
SCORE:    17.272                 17.272          0          0          1    S_000008
   1 H     0.000  170.252   55.279   83.180 -145.089  -81.614   78.617   37.384   96.542 -112.993    0.315431   -1.379983   -0.562328   -0.786361   -1.539103   -1.609240   -1.856124   -0.690557   -1.228442    3.794    0.984    0.238 S_000008
   2 N  -149.449  161.904  169.889   81.813 -145.400  -65.994  120.751   29.215  116.975    7.240    0.321253   -1.415703   -0.497345   -0.892978   -1.732380   -1.385977   -1.824266   -0.691127   -1.230135    8.248   -1.818   -4.267 S_000008
   3 P  -136.188  147.408  170.784   84.536 -136.102  -73.016   76.513   39.583   86.659  179.914    0.336335   -1.326095   -0.664039   -0.729869   -1.374732   -1.758977   -1.869372   -0.707693   -1.223661   12.808   -3.646   -8.658 S_000008
   4 P   179.255 -135.065  172.800   92.097  -85.253 -110.016   72.445   16.446  126.691   -9.809    0.394445   -1.251474   -0.774943   -0.886338   -1.638097   -1.508116   -1.898612   -0.716384   -1.191581   16.539   -4.784  -13.959 S_000008
   5 P  -172.604  161.126  159.864  155.138 -101.607 -139.360  -48.863  -40.948  155.621   78.591    0.319081    0.026124   -1.484098   -0.731166   -0.944630   -1.986654   -1.887978   -0.700564   -1.211859   21.450   -3.234  -18.856 S_000008
   6 N   -63.732 -162.617   46.504  124.474 -120.474 -178.619 -178.378  -29.312  162.193   14.820    0.348343   -0.717314   -1.310076   -0.851077   -1.636973   -1.469691   -1.923582   -0.796213   -1.146708   26.484   -2.652  -23.595 S_000008
   7 P    66.688 -144.704 -163.902  148.105 -139.268 -155.489  -41.230  -37.998  156.482 -171.186    0.307073   -0.167585   -1.483056   -0.788817   -1.141272   -1.898846   -1.932231   -0.728804   -1.188714   31.850   -4.787  -25.981 S_000008
   8 N   167.952 -167.959  154.203  145.211 -155.376 -167.633   19.536  -32.174  148.043  -55.599    0.332777   -0.133501   -1.484945   -0.828850   -0.980089   -2.013944   -1.953344   -0.695714   -1.205944   36.673   -6.360  -31.240 S_000008
   9 H   -61.859  177.938   57.220   85.074    0.000    0.000   77.711   35.702   96.603   -7.206    0.313793   -1.371314   -0.574125   -0.804610   -1.549136   -1.590663   -1.875672   -0.720275   -1.195233   38.825   -9.225  -36.702 S_000008
SCORE:    17.581                 17.581          0          1          1    S_000009
   1 H     0.000  170.252   55.279   78.715 -145.128  -78.228   60.927   40.934   95.292 -169.039    0.246940   -1.440980   -0.393482   -0.814008   -1.655115   -1.464642   -1.851393   -0.747929   -1.191504    3.794    0.984    0.238 S_000009
   2 N   -53.025 -171.133   66.197  118.744 -156.076 -125.935  159.063  -14.860  157.092  113.222    0.397896   -0.937453   -1.149838   -0.931285   -1.661409   -1.425729   -1.958412   -0.783663   -1.114398    8.445   -1.480   -3.363 S_000009
   3 N  -161.912  144.831  163.138   87.020 -163.361  -72.898   66.879   36.893   92.007  -14.838    0.313333   -1.374187   -0.573869   -0.796398   -1.534179   -1.616031   -1.894495   -0.762736   -1.174099   13.345   -2.838   -8.368 S_000009
   4 P   -93.154 -157.444   54.300  150.377 -112.935 -160.796  105.347  -36.726  152.260  155.081    0.325182   -0.066179   -1.488565   -0.782637   -0.984831   -1.998773   -1.922659   -0.698395   -1.211700   18.799   -3.115  -12.217 S_000009
   5 P   166.486  139.876   53.252  145.942 -101.355  169.108  103.896  -34.445  158.535  -74.510    0.349719   -0.288780   -1.453373   -0.787472   -1.230993   -1.842958   -1.932425   -0.730983   -1.185530   23.286   -3.750  -17.777 S_000009
   6 P   -59.780  161.809   55.307   81.355 -159.043  -75.457   76.936   40.886   89.662  179.917    0.293182   -1.388151   -0.561783   -0.762139   -1.483353   -1.657226   -1.871862   -0.719843   -1.208424   28.100   -5.270  -21.036 S_000009
   7 P   171.747  153.395  159.041  148.712 -150.900 -143.856  163.298  -31.676  141.216  -34.261    0.335662   -0.099384   -1.482186   -0.823846   -0.920479   -2.044532   -1.934389   -0.708140   -1.198506   31.717   -9.107  -25.524 S_000009
   8 P   -82.522 -173.901   50.300  139.055 -115.199  179.062  149.082  -32.367  151.652  165.711    0.349502   -0.343881   -1.444356   -0.804139   -1.257945   -1.837809   -1.936483   -0.771964   -1.159998   36.986  -10.831  -29.615 S_000009
   9 H   -74.413 -169.154   48.217   83.038    0.000    0.000   89.457   36.820   95.911  179.936    0.323614   -1.367655   -0.590170   -0.784408   -1.518111   -1.633405   -1.872211   -0.704786   -1.221704   40.691  -12.360  -34.747 S_000009
SCORE:    17.642                 17.642          0          0          1    S_000010
   1 H     0.000  170.252   55.279   80.469 -148.470  -84.700   79.351   38.612   89.372  179.897    0.293856   -1.391126   -0.539942   -0.793750   -1.535763   -1.595816   -1.874789   -0.728906   -1.198120    3.794    0.984    0.238 S_000010
   2 P   179.384  109.463 -179.306   83.839 -158.740  -52.055  120.779   32.850   99.335   19.855    0.340501   -1.350176   -0.625714   -0.813365   -1.547777   -1.612043   -1.885995   -0.722023   -1.202003    7.702   -1.209   -5.242 S_000010
   3 P  -166.924 -154.036  159.889   90.332 -178.658 -136.635   73.477   26.413  115.255    3.673    0.345049   -1.323606   -0.689620   -0.882069   -1.572952   -1.568229   -1.923026   -0.712384   -1.176451   10.681   -4.568  -10.027 S_000010
   4 N   -47.867  150.666   51.128   81.697 -143.940  -95.822   82.937   38.460   93.183  179.959    0.304065   -1.390128   -0.545235   -0.788375   -1.541492   -1.607989   -1.863057   -0.697617   -1.227927   15.086   -4.133  -13.925 S_000010
   5 P  -173.910 -150.992  149.500  127.998 -128.911 -142.558   91.482   -6.193  136.127   15.787    0.408280   -0.788743   -1.262842   -0.923571   -1.317920   -1.806812   -1.984235   -0.740556   -1.116661   20.348   -7.253  -17.350 S_000010
   6 P  -110.003  -95.178 -170.804   85.262 -152.851  -73.112   64.455   36.565   94.655  -23.735    0.333988   -1.354956   -0.605888   -0.774081   -1.501600   -1.649669   -1.863825   -0.691328   -1.230508   25.270  -10.122  -21.562 S_000010
   7 P  -172.604  161.126  159.864  155.138 -101.607 -139.360  -48.863  -40.948  155.621   78.591    0.319081    0.026124   -1.484098   -0.731166   -0.944630   -1.986654   -1.887978   -0.700564   -1.211859   31.009  -10.270  -25.369 S_000010
   8 P   -63.250  175.683   65.794  149.949 -131.110 -149.590  116.670  -46.360  165.701  151.659    0.291047   -0.023190   -1.497427   -0.685692   -1.116595   -1.889345   -1.874813   -0.741826   -1.205416   35.104  -11.610  -30.653 S_000010
   9 H   -58.569  175.091   49.152   81.126    0.000    0.000   82.542   37.971   92.611  -74.410    0.325655   -1.363125   -0.582809   -0.769947   -1.489464   -1.642149   -1.862879   -0.701338   -1.220590   39.464  -12.794  -35.538 S_000010
