SEQUENCE: gaaaaaaag
SCORE:     score    rna_stub_coord_hack       N_WC      N_NWC       N_BS description
REMARK RNA 
SCORE:     0.623                  0.623          0          0          1    S_000001
   1 H     0.000  170.252   55.279   99.366   37.004  115.204 -179.994    8.767  128.101 -143.062    0.435905   -1.062987   -1.004996   -0.859946   -1.463220   -1.693261   -1.899903   -0.657307   -1.218227    3.794    0.984    0.238 S_000001
   2 N  -149.034  -81.925  172.404  146.046 -150.679 -107.126  111.344  -35.048  155.162  147.404    0.332662   -0.192882   -1.475955   -0.792373   -1.116447   -1.928530   -1.935508   -0.712398   -1.199196    8.902    3.638   -1.527 S_000001
   3 P   -82.582  173.448   67.900   85.249 -128.015  -68.755   77.143   36.455   89.433  -20.170    0.351406   -1.314760   -0.665170   -0.755043   -1.403109   -1.706340   -1.873331   -0.703232   -1.212726   11.913    9.577   -1.157 S_000001
   4 P   -49.904 -161.740   59.194   85.592  129.704  -88.374  122.120   32.115   97.841   76.327    0.356260   -1.269117   -0.775810   -0.808706   -1.362092   -1.768378   -1.917049   -0.689970   -1.207354   15.895   12.700    2.778 S_000001
   5 P   -48.139 -145.633   44.317  148.371  -96.891 -132.460  141.018  -39.795  162.041   77.387    0.307884   -0.164170   -1.479693   -0.765235   -1.169540   -1.857988   -1.932427   -0.724342   -1.197904   17.216   17.777    4.226 S_000001
   6 P    69.147  168.508  -47.744  150.543 -148.343 -142.366  171.938  -32.034  145.911   71.933    0.339556   -0.069758   -1.491340   -0.820604   -0.887048   -2.048544   -1.926939   -0.666372   -1.215392   21.954   22.783    4.392 S_000001
   7 P   -60.599  162.009   59.939  140.771 -155.496 -143.261  171.462  -38.712  164.591  -23.422    0.312444   -0.271307   -1.489031   -0.770005   -1.280109   -1.824124   -1.924378   -0.767040   -1.192114   24.314   28.745    3.824 S_000001
   8 N  -150.854  104.365   71.957   90.172 -147.326  -93.096  -40.937   32.199 -163.647  -22.990    0.341628   -1.307978   -0.715736   -0.826895   -1.430177   -1.692582   -1.919625   -0.678033   -1.224095   26.907   34.948    4.044 S_000001
   9 H   -80.281 -151.220   57.207   92.779    0.000    0.000   92.981   31.970   99.590  -15.565    0.372541   -1.297502   -0.690904   -0.778425   -1.462968   -1.673524   -1.888689   -0.726608   -1.187614   33.442   36.499    5.797 S_000001
SCORE:     0.661                  0.661          0          1          1    S_000002
   1 H     0.000  170.252   55.279   92.929  -55.539   81.727   99.584   30.943  100.022  -15.140    0.343727   -1.299428   -0.720117   -0.832917   -1.458976   -1.688346   -1.910670   -0.676980   -1.221703    3.794    0.984    0.238 S_000002
   2 N    48.320 -175.266 -174.572  139.899  -85.359  -82.172  -18.014  -30.842  144.287   39.325    0.345593   -0.211979   -1.463859   -0.822015   -1.053382   -1.958648   -1.937095   -0.744573   -1.159363    5.032    4.833   -0.683 S_000002
   3 P  -112.908   84.497  170.464   87.540 -125.413  -77.907   63.669   39.166   84.620  -18.286    0.329033   -1.302810   -0.708279   -0.747225   -1.310337   -1.791840   -1.895668   -0.719297   -1.206481    8.619    9.735   -0.071 S_000002
   4 P   -65.613  177.747   49.643   82.535 -138.949  -76.989   88.339   38.751   90.744  -21.740    0.299216   -1.387200   -0.551162   -0.790822   -1.526820   -1.618596   -1.896200   -0.746779   -1.190461   11.186   15.400    1.692 S_000002
   5 N   -65.607  151.132   55.022  142.521 -123.938  150.369  128.204  -34.713  154.606  145.456    0.347972   -0.194171   -1.474977   -0.785965   -1.114012   -1.921431   -1.930939   -0.704817   -1.202440   15.347   19.259   -0.100 S_000002
   6 N    58.763 -174.463  -62.018   97.388 -147.848  -89.323   80.226   34.012   86.596  -17.451    0.349901   -1.182252   -0.896463   -0.790802   -1.135094   -1.913050   -1.924357   -0.656726   -1.220898   20.894   22.074   -0.137 S_000002
   7 P   -60.692  137.305   60.423   82.142  174.548 -127.899   66.398   30.869  119.096   64.253    0.303071   -1.400949   -0.528367   -0.886923   -1.662484   -1.444081   -1.855101   -0.683786   -1.208925   23.058   27.341    0.233 S_000002
   8 P  -133.749 -135.407  144.310  130.845 -116.303 -178.649  121.579  -35.275  165.934  163.039    0.368044   -0.566274   -1.363413   -0.770648   -1.563835   -1.500435   -1.902733   -0.799223   -1.154475   27.373   33.060    0.224 S_000002
   9 H  -143.441  115.188  149.951   86.379    0.000    0.000   61.448   39.604   86.567  -18.431    0.315192   -1.336737   -0.666313   -0.756004   -1.377306   -1.755145   -1.889950   -0.728205   -1.202409   27.950   38.439    3.155 S_000002
SCORE:     0.853                  0.853          0          1          1    S_000003
   1 H     0.000  170.252   55.279  101.643    3.181  174.445   73.567   22.024  114.506  -29.477    0.389312   -1.192445   -0.874421   -0.853200   -1.418041   -1.730451   -1.900615   -0.609245   -1.260274    3.794    0.984    0.238 S_000003
   2 P   -47.904 -135.864   65.942   86.636 -164.367  -51.281   82.048   37.391   92.027  -15.741    0.320440   -1.350179   -0.635327   -0.777874   -1.453748   -1.687163   -1.872537   -0.685553   -1.224712    8.778    2.778   -3.294 S_000003
   3 P  -104.055   86.844  168.780   82.130 -119.848  -68.983   61.467   39.168   87.620  176.564    0.316688   -1.351873   -0.625528   -0.762949   -1.427076   -1.705653   -1.879876   -0.700139   -1.217629   12.632    5.751   -1.453 S_000003
   4 N   -76.896  150.241   76.817   86.807 -138.199  -80.908   94.086   37.591   94.309  -19.363    0.303578   -1.365615   -0.591732   -0.796982   -1.496341   -1.643368   -1.872312   -0.689065   -1.224409   17.981    8.380   -2.452 S_000003
   5 P   -81.969  -86.821 -174.157   75.787 -159.050 -146.501 -176.174   43.715   78.097  179.915    0.307460   -1.373554   -0.609335   -0.719837   -1.311569   -1.716845   -1.872270   -0.619467   -1.275353   22.746   13.212   -1.680 S_000003
   6 N    27.886 -159.018 -143.960  108.278 -134.928  -61.370   65.398   18.124   99.614  -14.794    0.410804   -0.963572   -1.115211   -0.827072   -1.110644   -1.983657   -1.931590   -0.650288   -1.228146   23.733   19.287   -2.364 S_000003
   7 P   -36.918 -153.877   53.859  147.355 -138.787 -139.139  153.593  -34.813  154.010  100.837    0.332148   -0.170995   -1.476134   -0.798376   -1.082609   -1.936969   -1.934460   -0.703444   -1.197882   25.965   23.333    1.746 S_000003
   8 N  -178.810  153.055  135.770  106.704 -138.327 -112.358  127.377   22.478   87.323  -11.418    0.409131   -0.973460   -1.098711   -0.809248   -1.028300   -2.013690   -1.923910   -0.665663   -1.225656   29.190   29.349    4.358 S_000003
   9 H   -69.873 -178.678   58.167   81.019    0.000    0.000   61.650   38.071   99.675   89.932    0.281982   -1.424340   -0.458100   -0.825332   -1.642101   -1.503868   -1.839344   -0.703861   -1.225188   32.403   34.749    6.921 S_000003
SCORE:     0.529                  0.529          0          1          2    S_000004
   1 H     0.000  170.252   55.279  107.424  -29.806   85.115   89.870    4.565  132.258   -5.516    0.448234   -0.969604   -1.083568   -0.853255   -1.401633   -1.742796   -1.927752   -0.658219   -1.220029    3.794    0.984    0.238 S_000004
   2 P   153.593 -174.720  175.405   87.006 -138.710  -67.800   71.797   39.975   84.634  -27.176    0.310808   -1.344282   -0.636662   -0.756981   -1.396052   -1.728260   -1.883757   -0.705854   -1.219704    6.818    5.019   -0.094 S_000004
   3 P   -94.576  105.974  121.451   74.955 -111.862  -68.410   54.910   37.108   99.150  -18.882    0.322637   -1.416265   -0.437442   -0.782389   -1.669830   -1.462408   -1.840523   -0.772816   -1.188082    8.638   10.107    1.351 S_000004
   4 P   -38.449  157.673   56.422   86.575 -149.404 -132.935  127.803   31.460   99.494  165.329    0.348234   -1.339664   -0.648897   -0.820908   -1.543872   -1.615460   -1.901210   -0.747956   -1.178941   13.723   12.666    2.237 S_000004
   5 N   179.905  172.930  176.245   83.787 -128.091  -62.899 -123.244   34.070   98.131  -19.586    0.338787   -1.347342   -0.629643   -0.801847   -1.519193   -1.636661   -1.884103   -0.711999   -1.207435   19.142   17.555    2.564 S_000004
   6 P  -141.103   93.426  169.495   91.069 -150.020  -92.359   62.089   37.264   87.277  136.929    0.317046   -1.318105   -0.686127   -0.788078   -1.384274   -1.745631   -1.907231   -0.711992   -1.202040   22.141   23.306    2.794 S_000004
   7 N  -172.853 -176.879  154.982   85.334 -152.417  -63.053   65.917   37.285   95.556   72.588    0.310637   -1.342060   -0.627038   -0.796613   -1.444832   -1.678616   -1.872772   -0.654663   -1.228665   25.256   29.347    4.647 S_000004
   8 P   -39.132 -128.014  178.683  148.423 -128.491 -161.176   82.490  -39.164  159.768  138.907    0.324895   -0.118877   -1.481124   -0.753142   -1.105909   -1.924168   -1.915263   -0.709937   -1.216600   29.168   34.014    5.615 S_000004
   9 H   -65.035  178.034   60.025   82.646    0.000    0.000   79.198   36.958   91.687  179.880    0.333197   -1.372175   -0.583947   -0.764611   -1.528837   -1.625093   -1.869055   -0.750456   -1.192750   35.145   36.570    6.933 S_000004
SCORE:     0.669                  0.669          0          1          1    S_000005
   1 H     0.000  170.252   55.279  105.789 -118.613 -158.705  147.483  -18.156  130.572  179.906    0.437719   -0.226907   -1.443830   -0.820979   -0.803270   -2.110796   -1.924303   -0.676118   -1.233775    3.794    0.984    0.238 S_000005
   2 N   -26.065 -130.630  172.007  146.335 -141.275 -135.325   80.380  -33.279  151.090  147.354    0.335607   -0.153277   -1.484134   -0.814503   -1.030406   -1.984215   -1.942102   -0.701556   -1.201120    7.846    2.803   -4.188 S_000005
   3 N   164.751 -142.271  151.787   85.973  -99.346 -140.259   96.097   33.739   98.446  173.375    0.336136   -1.353440   -0.609263   -0.810911   -1.550770   -1.613277   -1.889372   -0.720823   -1.202388   12.313    8.337   -4.003 S_000005
   4 P   153.225  177.431 -179.940   97.784   66.501   44.852  109.436    5.066  129.737   59.413    0.439619   -1.013262   -1.045091   -0.866154   -1.467944   -1.702271   -1.930642   -0.694529   -1.201682   18.601   11.057   -1.563 S_000005
   5 N  -175.874  161.212   54.636   87.205   47.116  170.648  100.204   28.645  102.230   42.150    0.383630   -1.217538   -0.820527   -0.808416   -1.345399   -1.772667   -1.902996   -0.635288   -1.238545   21.463   15.446   -1.602 S_000005
   6 N  -171.625  176.925  158.044  144.184 -104.448  125.300   80.643  -31.826  152.153  147.036    0.340134   -0.217569   -1.475525   -0.826879   -1.082745   -1.944084   -1.953279   -0.688293   -1.198132   26.331   19.709    0.853 S_000005
   7 N   112.556   90.196 -160.967  110.809 -144.758  -85.702   67.601    6.368  113.936   74.378    0.429917   -0.909134   -1.134486   -0.826147   -1.303866   -1.884123   -1.907615   -0.678624   -1.228852   26.924   25.365    4.048 S_000005
   8 P   153.178 -153.207 -178.631   82.668 -139.550  -73.249   64.126   35.520   95.260  -16.961    0.322942   -1.357707   -0.586556   -0.789863   -1.548629   -1.610887   -1.878842   -0.729786   -1.203609   30.137   30.333    6.950 S_000005
   9 H   -54.788 -178.183   47.035   76.513    0.000    0.000   77.677   38.319   95.887  -22.062    0.314386   -1.403339   -0.499106   -0.779583   -1.586351   -1.553074   -1.845307   -0.722807   -1.213350   33.112   33.620   11.408 S_000005
SCORE:     0.780                  0.780          0          1          1    S_000006
   1 H     0.000  170.252   55.279  147.596  -79.151  101.112  118.517  -38.468  159.970   24.099    0.318394   -0.214798   -1.472424   -0.770277   -1.212812   -1.853728   -1.929645   -0.757727   -1.186783    3.794    0.984    0.238 S_000006
   2 N   153.680 -163.372   45.500   78.369 -169.647  -59.134   71.077   35.420  103.796  -18.435    0.269211   -1.460190   -0.331201   -0.868864   -1.808564   -1.298527   -1.854455   -0.816447   -1.146931    7.902    4.641   -0.365 S_000006
   3 P   -87.787  177.868   72.488  125.142 -164.828 -151.898  111.548  -19.213  150.164  -29.735    0.411216   -0.574601   -1.357123   -0.857597   -1.302692   -1.814919   -1.954673   -0.693383   -1.189634   10.991    4.661    4.883 S_000006
   4 P   -82.645 -177.969   72.751  145.260 -157.503 -148.229  111.875  -38.545  157.429  -12.075    0.322205   -0.223436   -1.480851   -0.764697   -1.222995   -1.851784   -1.919902   -0.771160   -1.168755   13.950    5.887   10.866 S_000006
   5 P   -82.522 -173.901   50.300  139.055 -115.199  179.062  149.082  -32.367  151.652  165.711    0.349502   -0.343881   -1.444356   -0.804139   -1.257945   -1.837809   -1.936483   -0.771964   -1.159998   16.576    7.921   16.867 S_000006
   6 P   -69.719 -178.222   57.364   86.071 -141.582  -75.304   87.540   39.943   91.070  179.926    0.309227   -1.362195   -0.589396   -0.744096   -1.460748   -1.669582   -1.852184   -0.710988   -1.210669   20.322    9.644   21.789 S_000006
   7 P  -111.694   90.416  162.275   83.530 -131.818  -71.832   54.082   37.679   89.061  -25.101    0.339703   -1.326763   -0.648139   -0.752360   -1.421267   -1.715751   -1.872971   -0.699424   -1.222344   25.408    9.096   24.761 S_000006
   8 P    99.172  116.489   65.284   79.288 -161.835  -76.475   87.134   39.721   97.467  164.119    0.287917   -1.435325   -0.425185   -0.785258   -1.657465   -1.488470   -1.819320   -0.729508   -1.218893   30.440    8.574   28.854 S_000006
   9 H   -76.164  157.063   75.770   77.968    0.000    0.000   67.979   40.258   92.619  179.907    0.291330   -1.429551   -0.451385   -0.772381   -1.619815   -1.524168   -1.849157   -0.756718   -1.196682   34.397   10.542   32.803 S_000006
SCORE:     0.758                  0.758          0          0          2    S_000007
   1 H     0.000  170.252   55.279   85.484 -157.418  -70.341   69.005   39.793   88.331  179.894    0.321329   -1.352811   -0.617662   -0.744831   -1.430757   -1.708827   -1.867285   -0.688411   -1.236771    3.794    0.984    0.238 S_000007
   2 P   -78.018   86.807 -174.010  102.879 -129.169  -86.833   72.509   15.321  107.219 -143.773    0.384202   -1.089260   -1.002685   -0.865873   -1.399535   -1.811456   -1.939000   -0.721433   -1.193995    8.128    0.141   -1.658 S_000007
   3 P  -133.538  108.400  170.756   84.154 -127.305  -74.185   72.974   35.950   92.479   89.929    0.344062   -1.330407   -0.648063   -0.770795   -1.450555   -1.685258   -1.883026   -0.708824   -1.211451   11.875    5.505   -0.812 S_000007
   4 P   -67.656  176.647   48.578   84.971 -139.261  -78.665  105.097   38.182   91.042  -15.532    0.311205   -1.343544   -0.648960   -0.783546   -1.423986   -1.719727   -1.889292   -0.689203   -1.226199   14.248   11.344    0.353 S_000007
   5 P  -115.592   84.146  168.141   84.273 -145.206  -76.931   59.630   37.254   87.328  179.897    0.336002   -1.320977   -0.673449   -0.766332   -1.394336   -1.731604   -1.888981   -0.705901   -1.209775   17.525   16.066   -1.423 S_000007
   6 N   -59.964  174.181   51.300   78.076 -147.008  -66.896   78.213   38.858   95.574  175.041    0.306015   -1.413525   -0.474367   -0.781479   -1.609272   -1.534729   -1.839391   -0.718061   -1.220914   19.293   21.840    0.115 S_000007
   7 P  -136.102  103.272  168.974   85.473 -128.309  -79.232   63.030   36.383   91.833 -170.126    0.322483   -1.346531   -0.624388   -0.787074   -1.484827   -1.666329   -1.892459   -0.741690   -1.189660   22.582   27.225   -0.823 S_000007
   8 P  -172.604  161.126  159.864  155.138 -101.607 -139.360  -48.863  -40.948  155.621   78.591    0.319081    0.026124   -1.484098   -0.731166   -0.944630   -1.986654   -1.887978   -0.700564   -1.211859   25.528   33.484   -1.991 S_000007
   9 H     0.000  144.145   29.627   80.113    0.000    0.000   80.079   50.459   75.385  179.880    0.204845   -1.408003   -0.508817   -0.710196   -1.351164   -1.718410   -1.868935   -0.721255   -1.213063   29.530   38.559   -2.410 S_000007
SCORE:     0.900                  0.900          0          1          1    S_000008
   1 H     0.000  170.252   55.279   80.413 -164.661  -71.979   75.475   39.165   94.155  179.935    0.303427   -1.410424   -0.478740   -0.777119   -1.597108   -1.541936   -1.847038   -0.724098   -1.216118    3.794    0.984    0.238 S_000008
   2 P  -105.308   88.428  173.781   81.703 -135.206  -62.142   59.644   38.098   90.763   74.845    0.339308   -1.347252   -0.616241   -0.748066   -1.455875   -1.684281   -1.862059   -0.700408   -1.227937    8.381    0.796   -2.732 S_000008
   3 P  -108.293   86.120  164.210   81.610 -145.592  -76.612   47.222   37.518   89.695  148.368    0.328533   -1.348579   -0.623677   -0.767902   -1.462259   -1.681907   -1.874942   -0.722851   -1.206062   12.331    4.620   -4.399 S_000008
   4 N  -148.162  164.915  118.385  145.355 -109.323 -178.043  158.161  -25.949  134.973  153.436    0.357113   -0.162484   -1.477571   -0.854725   -0.883260   -2.080780   -1.943630   -0.688761   -1.201220   14.952   10.976   -4.448 S_000008
   5 N  -173.868 -178.616  179.685   86.902 -146.045  -72.431   81.778   39.756   88.577  -12.629    0.302540   -1.355778   -0.621490   -0.770300   -1.422934   -1.707921   -1.886028   -0.702878   -1.216575   16.451   17.844   -3.446 S_000008
   6 N   -86.394  164.583   68.516   84.478 -108.187  -92.003  103.523   35.622   96.436 -165.782    0.316971   -1.338694   -0.646199   -0.802527   -1.470331   -1.674699   -1.881084   -0.674733   -1.233944   16.176   24.103   -3.976 S_000008
   7 P   -79.126  166.307   77.723  150.834  -98.890  160.827  125.960  -31.518  155.489   23.132    0.310030   -0.076579   -1.483199   -0.874991   -0.901705   -2.090662   -1.955273   -0.672872   -1.209360   19.557   28.951   -6.996 S_000008
   8 P   153.576 -137.498 -175.281   83.857 -102.787 -103.937   50.086   29.192  107.047  -14.087    0.360236   -1.330018   -0.656551   -0.827896   -1.577528   -1.591584   -1.886986   -0.727617   -1.202004   23.909   33.747   -9.267 S_000008
   9 H   -61.476  178.971   53.609   81.609    0.000    0.000   71.957   38.631   91.660  -24.337    0.319147   -1.366787   -0.574923   -0.765782   -1.483459   -1.638410   -1.857129   -0.701085   -1.216324   25.715   40.211  -10.155 S_000008
SCORE:     0.709                  0.709          0          0          3    S_000009
   1 H     0.000  170.252   55.279   86.852 -107.635  176.103   87.439   31.761  104.244 -100.344    0.326291   -1.355306   -0.625540   -0.845165   -1.564269   -1.588720   -1.889854   -0.698162   -1.211583    3.794    0.984    0.238 S_000009
   2 P   -70.140 -178.252 -174.889   87.531 -141.488  -70.677   74.551   35.887   94.715 -140.171    0.320121   -1.353595   -0.610748   -0.799696   -1.504072   -1.641408   -1.884592   -0.716403   -1.208048    5.626    3.449   -5.328 S_000009
   3 P   -60.344 -173.657   65.712  145.218 -100.727 -121.965  126.478  -33.280  154.493   38.328    0.340229   -0.267868   -1.461197   -0.814660   -1.183651   -1.885493   -1.946255   -0.733197   -1.181534    7.131    9.556   -6.204 S_000009
   4 P   176.702  160.643  167.668   85.335 -126.737  -66.967   55.542   33.327  101.410  -11.198    0.361856   -1.350232   -0.600435   -0.780133   -1.563066   -1.595816   -1.858907   -0.707637   -1.223511    9.509   16.303   -4.909 S_000009
   5 P  -145.987  156.330 -171.280   97.698 -150.657  -84.135   71.724   29.301   97.426  177.190    0.377424   -1.188179   -0.884020   -0.797503   -1.265138   -1.847696   -1.920332   -0.677393   -1.214796   14.134   20.427   -2.175 S_000009
   6 P  -136.188  147.408  170.784   84.536 -136.102  -73.016   76.513   39.583   86.659  179.914    0.336335   -1.326095   -0.664039   -0.729869   -1.374732   -1.758977   -1.869372   -0.707693   -1.223661   17.246   26.383   -1.696 S_000009
   7 N   -76.580 -179.645   54.826   81.176 -147.884  -68.895   79.540   37.985   91.755  -15.483    0.305530   -1.394901   -0.524777   -0.790237   -1.570955   -1.576219   -1.869454   -0.738934   -1.196888   18.828   32.674   -1.858 S_000009
   8 N     0.000  175.754   77.473   90.532 -145.585  -64.987   98.835   28.259  100.053  -12.099    0.366154   -1.294676   -0.728503   -0.814336   -1.526712   -1.663550   -1.898950   -0.764273   -1.169856   23.862   35.299   -2.185 S_000009
   9 H   -71.005  167.660   63.365   80.170    0.000    0.000   73.452   39.737   94.272  -16.001    0.294969   -1.404462   -0.506808   -0.779210   -1.550622   -1.576648   -1.836425   -0.678162   -1.233163   27.352   40.260   -2.460 S_000009
SCORE:     0.751                  0.751          0          1          1    S_000010
   1 H     0.000  170.252   55.279   84.268  156.695 -138.988  108.460   27.951  113.268   20.971    0.330433   -1.377741   -0.551040   -0.883136   -1.682740   -1.425504   -1.903037   -0.761115   -1.156916    3.794    0.984    0.238 S_000010
   2 P    41.686 -144.792  168.887  141.293 -114.473  158.897 -101.812  -35.048  170.096   18.533    0.343617   -0.475854   -1.407441   -0.794643   -1.457063   -1.624313   -1.923096   -0.752845   -1.178408    7.249    3.635   -3.084 S_000010
   3 P    59.205 -169.774  169.994   82.204   80.460  167.001   74.794  -29.020  150.381   20.416    0.452785   -0.303022   -1.415288   -0.717528   -1.153978   -1.907994   -1.882718   -0.714793   -1.216736   10.764    8.535   -4.870 S_000010
   4 N   -65.885  179.186   58.771   83.236 -150.739  -63.620   73.131   38.270   89.453  -17.356    0.311461   -1.359593   -0.592937   -0.777521   -1.474766   -1.654120   -1.863051   -0.696733   -1.214462   10.631   15.341   -5.620 S_000010
   5 P   -56.602  169.819   59.880  148.016 -135.011  178.478  120.148  -32.889  143.708  -19.080    0.344597   -0.101549   -1.481717   -0.800183   -0.950280   -2.028627   -1.919452   -0.736545   -1.187799   14.085   19.975   -4.479 S_000010
   6 N   -67.902  174.186   50.759   84.795 -149.911  -81.352   74.229   34.092   94.982   83.657    0.339592   -1.325800   -0.671229   -0.801312   -1.462785   -1.682192   -1.893509   -0.699400   -1.210896   15.746   25.533   -1.846 S_000010
   7 P   -61.782 -140.498   56.795  140.224 -153.193 -144.278  165.784  -33.826  159.973  156.711    0.349592   -0.388033   -1.431578   -0.793415   -1.340736   -1.762595   -1.940106   -0.795494   -1.147865   19.253   31.193   -1.134 S_000010
   8 P   -60.707  161.519   61.742   82.108 -140.892  -59.253   73.105   39.499   92.322   39.864    0.311295   -1.378461   -0.559460   -0.763657   -1.498917   -1.638658   -1.848836   -0.683304   -1.235899   22.241   36.816   -1.749 S_000010
   9 H   -70.753 -165.757   43.904   83.345    0.000    0.000   82.237   38.330   91.515  179.922    0.317917   -1.359610   -0.604264   -0.772070   -1.470122   -1.672271   -1.878676   -0.704401   -1.220933   26.228   40.585   -5.037 S_000010
