SEQUENCE: gug
SCORE:     score    rna_stub_coord_hack       N_WC      N_NWC       N_BS description
REMARK RNA 
SCORE:     0.077                  0.077          0          0          0    S_000001
   1 H     0.000  170.252   55.279   70.540   74.914   61.744   75.178   42.760   84.801  -91.553    0.306202   -1.388741   -0.548784   -0.722814   -1.460183   -1.675279   -1.856944   -0.720615   -1.220916    3.794    0.984    0.238 S_000001
   2 P   163.943 -128.251  156.993   88.697 -145.282 -110.730   75.887   26.507  113.970 -151.645    0.358278   -1.333610   -0.650743   -0.863818   -1.617939   -1.532382   -1.896931   -0.718209   -1.190022    9.167    0.421   -3.175 S_000001
   3 H   171.230  160.983  167.442   86.007    0.000    0.000   70.924   37.920   85.876  -18.282    0.331731   -1.309547   -0.705149   -0.764045   -1.341791   -1.771650   -1.897062   -0.674543   -1.231270   15.848    1.734   -5.681 S_000001
SCORE:     0.075                  0.075          0          0          0    S_000002
   1 H     0.000  170.252   55.279   82.526  157.531  -90.484   77.493   28.108  117.755  -78.501    0.345832   -1.369013   -0.609083   -0.862476   -1.646823   -1.502064   -1.857191   -0.685944   -1.225607    3.794    0.984    0.238 S_000002
   2 P   178.185 -141.779  162.057   89.493 -175.798 -165.522  102.817   12.026  135.815  -77.674    0.407427   -1.250929   -0.772444   -0.896323   -1.722154   -1.427814   -1.908611   -0.775532   -1.157236    9.692    0.313   -1.746 S_000002
   3 H   -33.245 -142.643   62.016  115.430    0.000    0.000   80.007   -0.449  121.827 -137.955    0.426934   -0.840081   -1.196910   -0.855112   -1.319132   -1.859528   -1.950699   -0.724408   -1.189317   14.638    2.933   -4.900 S_000002
SCORE:     0.092                  0.092          0          0          0    S_000003
   1 H     0.000  170.252   55.279   76.684  161.788 -104.128  113.360   34.151  108.107 -159.563    0.289103   -1.434689   -0.433754   -0.862167   -1.721140   -1.395645   -1.842928   -0.733402   -1.198369    3.794    0.984    0.238 S_000003
   2 P   158.599 -177.343 -178.225   82.737 -156.954  -66.334   57.138   35.858   96.594  179.899    0.325460   -1.373431   -0.570330   -0.792652   -1.559448   -1.597014   -1.871830   -0.730105   -1.205241    9.452    1.435   -2.942 S_000003
   3 H   -67.126 -171.425   48.448   80.377    0.000    0.000   80.883   38.891   91.476  179.932    0.312753   -1.387856   -0.544418   -0.770419   -1.537419   -1.616016   -1.867076   -0.725579   -1.209656   15.458    2.554   -4.324 S_000003
SCORE:     0.083                  0.083          0          0          1    S_000004
   1 H     0.000  170.252   55.279   81.406  163.384  -86.260  116.923   32.054  110.795 -166.582    0.320248   -1.420368   -0.464463   -0.842473   -1.735634   -1.397991   -1.846341   -0.757423   -1.198457    3.794    0.984    0.238 S_000004
   2 P   178.185 -141.779  162.057   89.493 -175.798 -165.522  102.817   12.026  135.815  -77.674    0.407427   -1.250929   -0.772444   -0.896323   -1.722154   -1.427814   -1.908611   -0.775532   -1.157236    9.600   -0.271   -1.916 S_000004
   3 H   -71.621 -170.449   47.076   85.650    0.000    0.000   75.674   47.518   89.275  179.932    0.280802   -1.442203   -0.485994   -0.678515   -1.427554   -1.642461   -1.812562   -0.651009   -1.279655   15.273    1.829   -4.892 S_000004
SCORE:     0.076                  0.076          0          0          0    S_000005
   1 H     0.000  170.252   55.279   93.236   79.717   87.136  122.246   13.080  119.095 -145.723    0.438199   -1.030553   -1.044921   -0.860522   -1.318961   -1.820557   -1.945806   -0.679700   -1.192172    3.794    0.984    0.238 S_000005
   2 P   175.869 -141.611  153.148   83.677 -166.053 -163.686   65.878   35.297   92.385 -141.507    0.340958   -1.323059   -0.677000   -0.782125   -1.436776   -1.707161   -1.884937   -0.705343   -1.216472    9.642   -0.320   -3.053 S_000005
   3 H   -75.353  164.473   69.006   75.183    0.000    0.000   77.373   44.969   89.502 -160.105    0.269892   -1.450135   -0.343855   -0.726293   -1.640326   -1.476976   -1.778511   -0.718688   -1.231693   15.475   -1.232   -0.436 S_000005
SCORE:     0.092                  0.092          0          0          0    S_000006
   1 H     0.000  170.252   55.279   76.684  161.788 -104.128  113.360   34.151  108.107 -159.563    0.289103   -1.434689   -0.433754   -0.862167   -1.721140   -1.395645   -1.842928   -0.733402   -1.198369    3.794    0.984    0.238 S_000006
   2 P   158.599 -177.343 -178.225   82.737 -156.954  -66.334   57.138   35.858   96.594  179.899    0.325460   -1.373431   -0.570330   -0.792652   -1.559448   -1.597014   -1.871830   -0.730105   -1.205241    9.452    1.435   -2.942 S_000006
   3 H   -76.254 -179.879   60.426   82.618    0.000    0.000   80.677   34.524   97.881  179.902    0.340292   -1.360998   -0.588979   -0.794333   -1.557722   -1.600658   -1.877759   -0.727947   -1.205968   15.444    2.555   -4.268 S_000006
SCORE:     0.092                  0.092          0          1          1    S_000007
   1 H     0.000  170.252   55.279   82.526  157.531  -90.484   77.493   28.108  117.755  -78.501    0.345832   -1.369013   -0.609083   -0.862476   -1.646823   -1.502064   -1.857191   -0.685944   -1.225607    3.794    0.984    0.238 S_000007
   2 P   160.333  179.950 -173.528   81.279 -146.857  -70.913   60.056   40.725   91.172  -20.972    0.299460   -1.390862   -0.550430   -0.757703   -1.500987   -1.645610   -1.851456   -0.686322   -1.234155    9.741    0.941   -1.931 S_000007
   3 H   -64.057  176.128   55.539   84.820    0.000    0.000   76.306   38.705   90.669  -24.156    0.302628   -1.367965   -0.594600   -0.782971   -1.477721   -1.663388   -1.889474   -0.730643   -1.195259   15.905    1.251   -2.607 S_000007
SCORE:     0.097                  0.097          0          0          0    S_000008
   1 H     0.000  170.252   55.279   76.957   95.878   61.778   72.136   34.991  101.811  -96.283    0.339986   -1.358360   -0.621097   -0.791747   -1.517666   -1.640441   -1.877559   -0.707182   -1.218615    3.794    0.984    0.238 S_000008
   2 N   157.871  103.035  174.353   91.716 -145.288  -70.655  139.257   26.834  108.620  171.074    0.373454   -1.311165   -0.689698   -0.815756   -1.586484   -1.586006   -1.864326   -0.705784   -1.211395    9.571    0.272   -1.785 S_000008
   3 H   -62.021  170.401   60.775   77.304    0.000    0.000   74.625   39.918   98.823  160.924    0.274722   -1.453891   -0.350569   -0.801783   -1.716207   -1.403073   -1.796898   -0.722141   -1.225088   15.668    0.601   -1.950 S_000008
SCORE:     0.075                  0.075          0          0          0    S_000009
   1 H     0.000  170.252   55.279   82.526  157.531  -90.484   77.493   28.108  117.755  -78.501    0.345832   -1.369013   -0.609083   -0.862476   -1.646823   -1.502064   -1.857191   -0.685944   -1.225607    3.794    0.984    0.238 S_000009
   2 P   178.185 -141.779  162.057   89.493 -175.798 -165.522  102.817   12.026  135.815  -77.674    0.407427   -1.250929   -0.772444   -0.896323   -1.722154   -1.427814   -1.908611   -0.775532   -1.157236    9.692    0.313   -1.746 S_000009
   3 H   -78.885 -162.433   54.894   87.725    0.000    0.000   73.314   36.909   91.367  -16.870    0.328136   -1.312417   -0.703821   -0.779286   -1.374142   -1.760146   -1.893837   -0.668202   -1.233316   15.346    2.650   -4.892 S_000009
SCORE:     0.099                  0.099          0          0          0    S_000010
   1 H     0.000  170.252   55.279   83.892   59.507  108.775  101.261   24.986  109.850   52.859    0.395817   -1.228991   -0.815030   -0.834553   -1.432445   -1.710774   -1.900092   -0.650837   -1.226794    3.794    0.984    0.238 S_000010
   2 P   -62.013 -173.223   58.214  149.892 -164.361 -139.623  119.488  -38.349  156.094  -38.852    0.318169   -0.086159   -1.490670   -0.770747   -1.044289   -1.962260   -1.919962   -0.717558   -1.204656    9.266   -0.143   -2.453 S_000010
   3 H  -109.341   91.334  167.369   87.001    0.000    0.000   40.890   32.795   98.178  -25.132    0.335433   -1.332337   -0.667551   -0.823146   -1.498926   -1.659485   -1.908743   -0.716444   -1.196730   15.030   -0.945   -2.621 S_000010
