SEQUENCE: gaaaag
SCORE:     score    rna_stub_coord_hack       N_WC      N_NWC       N_BS description
REMARK RNA 
SCORE:     0.018                  0.018          0          0          0    S_000001
   1 H     0.000  170.252   55.279  100.547   41.845  -32.535   90.374    9.692  124.390  179.909    0.456370   -0.991871   -1.067046   -0.836217   -1.335706   -1.804399   -1.897621   -0.605146   -1.248537    3.794    0.984    0.238 S_000001
   2 P    99.147  138.662   73.745   78.896 -141.850 -156.351   76.427   43.913   90.891 -157.367    0.259377   -1.448851   -0.380026   -0.756931   -1.635026   -1.504621   -1.811214   -0.718104   -1.234329    5.620    3.780    1.929 S_000001
   3 P  -167.631  177.125   63.936  148.721 -114.320  176.453   96.592  -39.276  160.663  -80.184    0.315889   -0.217056   -1.474414   -0.766409   -1.232285   -1.836424   -1.924195   -0.750433   -1.184996    0.413    2.434    6.856 S_000001
   4 P   107.645  177.113 -151.446  121.171 -147.326  -97.859   90.040   -9.304  132.582 -149.400    0.420710   -0.720589   -1.277335   -0.858548   -1.316539   -1.850888   -1.956492   -0.719478   -1.189242   -2.817    4.517   12.723 S_000001
   5 P   119.624  126.046  -48.596  170.708 -106.374  144.076  122.441  -37.455  141.853 -160.232    0.295128    0.379543   -1.446114   -0.810313   -0.365356   -2.191512   -1.868354   -0.575278   -1.280694   -6.505    8.299   17.447 S_000001
   6 H   154.234 -155.369 -176.578   83.084    0.000    0.000   57.104   35.520   97.708 -169.211    0.300640   -1.380096   -0.546577   -0.826401   -1.583676   -1.561069   -1.876606   -0.725810   -1.200134  -11.845    8.397   21.424 S_000001
SCORE:     0.027                  0.027          0          0          0    S_000002
   1 H     0.000  170.252   55.279  101.242    0.000    0.000   62.436   26.591   91.915    0.203    0.389855   -1.056246   -1.014912   -0.803308   -1.081730   -1.960013   -1.929018   -0.695992   -1.198302    3.794    0.984    0.238 S_000002
   2 P   -60.692  137.305   60.423   82.142  174.548 -127.899   66.398   30.869  119.096   64.253    0.303071   -1.400949   -0.528367   -0.886923   -1.662484   -1.444081   -1.855101   -0.683786   -1.208925    2.626    1.940    0.920 S_000002
   3 N   -71.597  162.145   64.787   84.045 -146.958  -82.863   91.175   39.003   93.974  179.912    0.305115   -1.384950   -0.555184   -0.774067   -1.521636   -1.624204   -1.881673   -0.752167   -1.195028   -2.154    4.587    3.791 S_000002
   4 P   171.747  153.395  159.041  148.712 -150.900 -143.856  163.298  -31.676  141.216  -34.261    0.335662   -0.099384   -1.482186   -0.823846   -0.920479   -2.044532   -1.934389   -0.708140   -1.198506   -5.323    6.755    9.713 S_000002
   5 P   -65.721  174.428   53.171   87.566 -122.657 -104.181   86.407   37.317   92.424  -29.200    0.318437   -1.338697   -0.651859   -0.783931   -1.435982   -1.710890   -1.881670   -0.665153   -1.242855  -10.228    7.246   14.140 S_000002
   6 H   -82.280  168.704   74.300   78.317    0.000    0.000   69.193   39.114   91.935  -31.130    0.301803   -1.408863   -0.482623   -0.783086   -1.580061   -1.541322   -1.855339   -0.732764   -1.196166  -12.373    9.401   20.190 S_000002
SCORE:     0.033                  0.033          0          0          1    S_000003
   1 H     0.000  170.252   55.279   79.645    0.000    0.000   78.056   37.564   95.080  -21.788    0.310819   -1.380481   -0.556628   -0.792154   -1.525303   -1.599243   -1.855303   -0.688813   -1.226645    3.794    0.984    0.238 S_000003
   2 P   167.467  152.113   37.001  107.343   26.756  146.493  101.753    0.211  130.902  -17.824    0.459191   -0.884210   -1.156855   -0.842492   -1.363111   -1.792416   -1.922249   -0.684850   -1.200488    2.336    4.229    0.252 S_000003
   3 P   -82.645 -177.969   72.751  145.260 -157.503 -148.229  111.875  -38.545  157.429  -12.075    0.322205   -0.223436   -1.480851   -0.764697   -1.222995   -1.851784   -1.919902   -0.771160   -1.168755    0.316    5.351    6.322 S_000003
   4 P   -76.189  126.415   70.784   78.346 -176.925  178.948  121.833   33.090  105.667  153.222    0.323848   -1.452992   -0.352529   -0.832486   -1.819289   -1.280788   -1.827199   -0.815599   -1.152722   -1.893    6.877   11.501 S_000003
   5 P  -102.542 -114.617  -77.582   90.612 -164.097  -63.755  124.119   32.598   95.359  -13.396    0.321179   -1.309093   -0.718853   -0.843106   -1.429442   -1.704272   -1.931268   -0.710650   -1.181189   -3.640   11.057   17.064 S_000003
   6 H   -63.700  176.544   55.625   85.020    0.000    0.000   72.656   36.937   94.814  -16.061    0.323945   -1.358272   -0.605226   -0.783076   -1.494716   -1.652849   -1.875287   -0.697613   -1.224309   -6.550   11.405   22.225 S_000003
SCORE:     0.051                  0.051          0          0          0    S_000004
   1 H     0.000  170.252   55.279   78.951    0.000    0.000   82.909   44.614   91.019  -25.933    0.243230   -1.461466   -0.396739   -0.778794   -1.619829   -1.544885   -1.799280   -0.673292   -1.264269    3.794    0.984    0.238 S_000004
   2 P   173.194  135.693   63.814  119.262 -150.408 -146.040  100.980  -16.311  146.800  116.195    0.437013   -0.741573   -1.262646   -0.846761   -1.466427   -1.667656   -1.934875   -0.740817   -1.155727    2.009    4.139   -0.120 S_000004
   3 P   -67.601  173.259   58.690  157.464 -135.211 -147.785  162.259  -40.470  165.113 -137.280    0.315507    0.031025   -1.496384   -0.749112   -0.932260   -1.997702   -1.908468   -0.713312   -1.224472   -0.925    6.740    5.217 S_000004
   4 P   161.654 -159.092  171.013   84.543 -126.618  -54.084   61.531   37.151   92.130  -16.633    0.323967   -1.352421   -0.604691   -0.779216   -1.486332   -1.656893   -1.874092   -0.698570   -1.221323   -4.320    7.276   11.606 S_000004
   5 P  -116.943   87.117  165.784   84.174 -136.954  -66.572   68.530   39.787   85.511  167.236    0.309170   -1.355702   -0.612589   -0.762140   -1.425812   -1.697764   -1.885733   -0.713548   -1.207527   -5.660    7.396   17.361 S_000004
   6 H    77.706 -168.096   52.226   82.348    0.000    0.000   66.265   42.848   84.303  -27.586    0.276784   -1.399299   -0.453450   -0.768763   -1.497507   -1.565826   -1.905596   -0.726636   -1.197759   -7.769    5.152   22.249 S_000004
SCORE:     0.015                  0.015          0          0          2    S_000005
   1 H     0.000  170.252   55.279   84.316    0.000    0.000   72.253   39.162   93.508  170.430    0.292043   -1.384872   -0.556648   -0.790720   -1.507006   -1.624769   -1.874518   -0.685737   -1.231216    3.794    0.984    0.238 S_000005
   2 P   154.785  148.880   62.755  143.221 -118.428  172.337   94.118  -32.342  157.772   32.106    0.346938   -0.351961   -1.445871   -0.812180   -1.268003   -1.828910   -1.947184   -0.738139   -1.184255    2.701    4.434    0.324 S_000005
   3 P   138.654 -155.499 -178.803   84.573 -157.267  -66.638   83.895   40.356   83.626  124.921    0.305788   -1.350020   -0.635906   -0.759551   -1.396016   -1.733941   -1.894166   -0.717771   -1.217153    0.230    6.545    6.503 S_000005
   4 P  -127.098 -118.371 -175.896   81.208  178.526  -67.112   87.047   27.341  111.615  177.088    0.350710   -1.380316   -0.536550   -0.864500   -1.712024   -1.401043   -1.876825   -0.710853   -1.179871   -1.583    7.716   13.148 S_000005
   5 P   -59.877 -163.513   46.794   83.574 -154.397  -62.449   90.524   38.548   90.962  179.923    0.316545   -1.361264   -0.592943   -0.769752   -1.473469   -1.661109   -1.872775   -0.703285   -1.217992   -5.338    7.342   17.770 S_000005
   6 H   -68.456  174.092   54.999   75.646    0.000    0.000   77.224   45.687   87.374  -29.451    0.235695   -1.429752   -0.358869   -0.791052   -1.552785   -1.527771   -1.875543   -0.654152   -1.219090   -7.702    9.273   22.979 S_000005
SCORE:     0.038                  0.038          0          0          0    S_000006
   1 H     0.000  170.252   55.279   85.314    0.000    0.000   58.738   37.749   86.904  -16.947    0.321003   -1.301198   -0.716307   -0.779124   -1.329235   -1.782732   -1.902365   -0.676082   -1.223343    3.794    0.984    0.238 S_000006
   2 P   166.333  138.365   55.118  155.106 -121.207  176.665  100.537  -39.471  163.515  -78.552    0.339397   -0.011283   -1.487644   -0.733583   -0.968631   -1.983361   -1.893865   -0.720697   -1.225198    2.413    4.376    0.022 S_000006
   3 P    88.446  152.233 -177.309   99.607 -163.833  -94.509  109.798   24.470  101.567  -63.346    0.357266   -1.161357   -0.924890   -0.846544   -1.335259   -1.840463   -1.925885   -0.663645   -1.234091   -1.947    5.553    5.482 S_000006
   4 P   -61.653  158.780  111.392  131.953 -117.165 -124.089  113.393  -34.124  172.369  170.567    0.367177   -0.534770   -1.378991   -0.795747   -1.498249   -1.528004   -1.900206   -0.681102   -1.220799   -5.370    6.272   10.331 S_000006
   5 P   -58.725  167.460   48.781   85.272 -141.504  -63.310   74.313   38.616   89.496   75.013    0.321302   -1.346272   -0.630579   -0.764061   -1.427332   -1.702673   -1.879135   -0.686685   -1.224661   -8.207    9.480   15.472 S_000006
   6 H    17.242  153.921   24.650   88.140    0.000    0.000   53.910   27.485  103.354  -31.682    0.370163   -1.272156   -0.753648   -0.829693   -1.486036   -1.680542   -1.906493   -0.717669   -1.197779   -8.651    7.243   20.443 S_000006
SCORE:     0.042                  0.042          0          0          1    S_000007
   1 H     0.000  170.252   55.279   78.288    0.000    0.000   75.388   45.699   85.074  -20.695    0.207104   -1.446644   -0.459879   -0.790780   -1.532608   -1.612994   -1.870361   -0.686617   -1.240029    3.794    0.984    0.238 S_000007
   2 P   -21.836 -133.217  170.749  150.760 -101.380  148.603   85.879  -35.796  157.468   18.461    0.335203   -0.167530   -1.474512   -0.789514   -1.103974   -1.927048   -1.929857   -0.698162   -1.203981    1.777    2.117    0.456 S_000007
   3 P    83.353 -158.279 -114.591   92.038 -125.519  -57.251   69.694   36.785   90.298  -16.537    0.354500   -1.183610   -0.874371   -0.739477   -1.113812   -1.936678   -1.886771   -0.560784   -1.300420   -2.217    4.480    4.536 S_000007
   4 P   -68.165  174.373   58.700   86.956 -136.013 -135.624   77.880   33.767   98.499 -116.102    0.332546   -1.330151   -0.670160   -0.812499   -1.477317   -1.676250   -1.901888   -0.696394   -1.214892   -4.520    6.793    9.696 S_000007
   5 N    58.613 -128.753 -143.587  112.838 -146.626 -165.066  132.608    4.919  123.114 -145.818    0.403241   -0.926770   -1.129895   -0.886065   -1.342956   -1.835181   -1.955315   -0.670969   -1.215761   -6.200    7.755   15.273 S_000007
   6 H   -72.442  172.778   69.172   84.392    0.000    0.000   65.543   36.743   99.161  -29.792    0.311558   -1.396061   -0.503392   -0.805118   -1.594108   -1.529211   -1.829716   -0.672908   -1.236427   -6.512   11.068   20.935 S_000007
SCORE:     0.016                  0.016          0          0          0    S_000008
   1 H     0.000  170.252   55.279   81.910    0.000    0.000   45.465   34.946   93.919  -27.772    0.339722   -1.318578   -0.683397   -0.792633   -1.431083   -1.711038   -1.900247   -0.701583   -1.211430    3.794    0.984    0.238 S_000008
   2 P   -51.366  159.456   57.860   97.555  162.044 -150.575  116.893   13.664  118.090  -85.317    0.420194   -1.081106   -1.003611   -0.869052   -1.395608   -1.775530   -1.933883   -0.679967   -1.200976    2.509    2.238    1.125 S_000008
   3 P   151.188 -149.945  166.728   83.016 -116.753  -83.742   71.525   36.275   88.911  -14.365    0.346896   -1.311639   -0.689927   -0.767421   -1.393740   -1.738849   -1.889779   -0.692785   -1.215212   -2.282    4.734    5.024 S_000008
   4 P   -60.599  162.009   59.939  140.771 -155.496 -143.261  171.462  -38.712  164.591  -23.422    0.312444   -0.271307   -1.489031   -0.770005   -1.280109   -1.824124   -1.924378   -0.767040   -1.192114   -4.313    6.426   10.743 S_000008
   5 P   177.366  142.836 -177.540   86.392   81.924   89.658  106.666   34.383   91.374   35.384    0.329518   -1.203568   -0.872590   -0.818960   -1.153720   -1.885512   -1.932817   -0.607425   -1.234970   -4.395    8.069   17.832 S_000008
   6 H  -106.369  164.037   52.862   99.424    0.000    0.000  166.469   29.045   94.580  -11.551    0.373934   -1.125295   -0.966009   -0.818590   -1.129655   -1.928865   -1.934545   -0.595214   -1.247668   -6.118    8.775   23.607 S_000008
SCORE:     0.007                  0.007          0          0          1    S_000009
   1 H     0.000  170.252   55.279   79.103    0.000    0.000   86.003   37.390   94.229  -17.397    0.324052   -1.360864   -0.602013   -0.777686   -1.491521   -1.656600   -1.869808   -0.692361   -1.228264    3.794    0.984    0.238 S_000009
   2 P    -9.791  151.275   56.495  145.205 -149.476  178.681  133.718  -34.285  155.187  132.770    0.343879   -0.234485   -1.467538   -0.792884   -1.158169   -1.902504   -1.934198   -0.737152   -1.185132    3.415    2.340    1.480 S_000009
   3 P   160.815  105.099   88.582   92.840 -161.979 -164.996   83.120   14.294  126.435  -66.900    0.405061   -1.212048   -0.841187   -0.889406   -1.604759   -1.561045   -1.922890   -0.729780   -1.183130   -1.931    4.303    5.722 S_000009
   4 N  -175.101 -147.674  159.572  141.718  176.133  146.872   62.364  -31.811 -103.226   76.911    0.331832   -0.177856   -1.485199   -0.843536   -1.029654   -1.962328   -1.977627   -0.691472   -1.204184   -4.739    4.978   12.406 S_000009
   5 P   -56.915  168.860   46.596   79.761 -148.639  -74.956   86.615   38.180   90.373  179.917    0.316291   -1.377895   -0.565224   -0.775194   -1.521984   -1.626456   -1.868462   -0.724064   -1.203137   -5.887    8.699   17.276 S_000009
   6 H   -53.614  173.897   46.650   78.732    0.000    0.000   74.971   39.837   86.241 -162.127    0.311832   -1.401697   -0.498053   -0.757572   -1.572933   -1.580727   -1.866542   -0.774003   -1.182061   -8.513   11.044   22.270 S_000009
SCORE:     0.034                  0.034          0          0          0    S_000010
   1 H     0.000  170.252   55.279   79.889    0.000    0.000   86.341   40.486   91.627  -15.041    0.294966   -1.409149   -0.507274   -0.781028   -1.533334   -1.594889   -1.865394   -0.724947   -1.209029    3.794    0.984    0.238 S_000010
   2 P   161.921 -139.165  171.084  140.378 -102.348  161.473  147.689  -28.420  150.366   21.418    0.399046   -0.297674   -1.438023   -0.785233   -1.122437   -1.922316   -1.917220   -0.695077   -1.203103    3.915    4.291    0.869 S_000010
   3 P  -172.564  127.960  145.240   79.909 -123.423  -74.300   59.084   38.736   99.149    4.314    0.366888   -1.353799   -0.648101   -0.720295   -1.428243   -1.736393   -1.867590   -0.724777   -1.210854   -0.597    5.592    5.024 S_000010
   4 P   156.757 -162.758  169.525   85.477   88.309   70.721   98.460   24.669  112.096   50.338    0.374471   -1.259777   -0.773805   -0.849735   -1.500510   -1.649134   -1.912316   -0.692393   -1.208159   -4.022    8.085   10.012 S_000010
   5 P   148.676 -165.600 -170.434   82.795 -127.847  -99.219   77.270   36.905   94.303  -60.066    0.302431   -1.388814   -0.560459   -0.809846   -1.564362   -1.602826   -1.893046   -0.745849   -1.192433   -5.064   10.140   16.215 S_000010
   6 H   -51.196  167.425   55.466   85.609    0.000    0.000   73.012   34.707   93.535  -17.156    0.352860   -1.300592   -0.707103   -0.777618   -1.398849   -1.732771   -1.883086   -0.678876   -1.224564   -5.474    9.182   22.576 S_000010
