SEQUENCE: gaaaaaaaaag
SCORE:     score    rna_stub_coord_hack       N_WC      N_NWC       N_BS description
REMARK RNA 
SCORE:    35.364                 35.364          0          0          2    S_000001
   1 H     0.000  170.252   55.279  118.280   -3.470   59.059   95.447   -5.998  135.006    0.499    0.456303   -0.684320   -1.281992   -0.841266   -1.191528   -1.903350   -1.936028   -0.625306   -1.227653    3.794    0.984    0.238 S_000001
   2 N   144.461  141.430   15.055  121.976   59.508  138.960  135.446  -17.759  137.113   57.755    0.395163   -0.436400   -1.422259   -0.868116   -1.085522   -1.997279   -1.964247   -0.696062   -1.196181    6.686    4.031    1.913 S_000001
   3 P  -133.749 -135.407  144.310  130.845 -116.303 -178.649  121.579  -35.275  165.934  163.039    0.368044   -0.566274   -1.363413   -0.770648   -1.563835   -1.500435   -1.902733   -0.799223   -1.154475    5.334    4.652    8.648 S_000001
   4 P    68.538  167.213 -173.924   83.974 -172.672  -89.084  109.402   36.411   93.428  -17.431    0.327762   -1.350952   -0.618290   -0.783060   -1.493810   -1.662168   -1.884309   -0.717844   -1.208533    2.947    6.878   14.720 S_000001
   5 P  -170.283  161.190 -176.306  140.990 -163.860 -102.059  133.153  -32.306  149.951  165.152    0.350717   -0.168927   -1.477787   -0.803819   -1.029144   -1.981828   -1.933928   -0.657356   -1.225843    2.492   10.277   20.665 S_000001
   6 N   137.251 -155.716  174.946   86.157 -158.524  -62.955   96.365   33.608   97.563  179.935    0.337271   -1.339152   -0.646554   -0.807939   -1.506066   -1.646908   -1.891233   -0.710544   -1.206045    1.158   11.789   26.845 S_000001
   7 P  -178.202  137.711  175.039   87.326 -100.817 -124.463   72.525   37.168   89.000 -168.297    0.333828   -1.301826   -0.705042   -0.771433   -1.348062   -1.762967   -1.894852   -0.676530   -1.222789    2.355   11.253   33.545 S_000001
   8 P   -51.366  159.456   57.860   97.555  162.044 -150.575  116.893   13.664  118.090  -85.317    0.420194   -1.081106   -1.003611   -0.869052   -1.395608   -1.775530   -1.933883   -0.679967   -1.200976    3.200   13.091   39.834 S_000001
   9 N   140.751   78.375  147.908   85.219 -139.919 -122.587   67.224   27.161  117.339 -128.645    0.327420   -1.390343   -0.558417   -0.896324   -1.706978   -1.419161   -1.868152   -0.719232   -1.199857    4.926   16.923   45.504 S_000001
  10 P  -167.631  177.125   63.936  148.721 -114.320  176.453   96.592  -39.276  160.663  -80.184    0.315889   -0.217056   -1.474414   -0.766409   -1.232285   -1.836424   -1.924195   -0.750433   -1.184996    7.489   16.808   52.340 S_000001
  11 H   -48.510  171.148   40.272   78.783    0.000    0.000   84.781   35.098   98.414  -73.156    0.327040   -1.382077   -0.552469   -0.804983   -1.585615   -1.562186   -1.868730   -0.731368   -1.201267    9.960   19.274   57.489 S_000001
SCORE:    39.003                 39.003          0          0          1    S_000002
   1 H     0.000  170.252   55.279   83.157 -169.962  -66.376   80.762   33.965  101.670  179.951    0.333458   -1.370031   -0.581902   -0.810742   -1.572059   -1.576815   -1.867518   -0.698709   -1.221105    3.794    0.984    0.238 S_000002
   2 P   -64.236  174.831  179.485   84.771  -79.296 -164.766  -62.990   36.582   94.145 -109.423    0.329894   -1.332986   -0.643723   -0.780982   -1.443694   -1.690304   -1.881987   -0.685208   -1.222808    9.005   -0.864   -1.716 S_000002
   3 P   156.757 -162.758  169.525   85.477   88.309   70.721   98.460   24.669  112.096   50.338    0.374471   -1.259777   -0.773805   -0.849735   -1.500510   -1.649134   -1.912316   -0.692393   -1.208159   10.643    4.188    3.015 S_000002
   4 P   168.992 -156.630  174.212   86.705 -137.197 -119.664  108.197   33.640   99.366  -15.229    0.329923   -1.352776   -0.624135   -0.819988   -1.531632   -1.621327   -1.886817   -0.697388   -1.214338   11.958    9.039    7.371 S_000002
   5 P   -59.982  152.533   59.357   85.885 -150.844  -76.110   79.543   37.174   91.470  179.726    0.316158   -1.354895   -0.621466   -0.789632   -1.476825   -1.675081   -1.891255   -0.707095   -1.211401   16.310   11.343   11.366 S_000002
   6 P   171.747  153.395  159.041  148.712 -150.900 -143.856  163.298  -31.676  141.216  -34.261    0.335662   -0.099384   -1.482186   -0.823846   -0.920479   -2.044532   -1.934389   -0.708140   -1.198506   17.763   14.340   17.496 S_000002
   7 P  -154.050  145.148  124.520   89.904 -156.931 -129.437   98.571   22.752  116.377   53.243    0.366115   -1.304268   -0.738772   -0.890164   -1.596323   -1.568220   -1.925176   -0.727709   -1.180955   20.248   18.591   22.570 S_000002
   8 P   166.978  176.904  177.152   84.171 -133.729  -88.107   85.510   32.221   98.769  169.890    0.360736   -1.323192   -0.665088   -0.794830   -1.503909   -1.648578   -1.883310   -0.724059   -1.201750   22.846   22.752   27.889 S_000002
   9 N  -117.928  163.085  140.542   74.750 -128.345  -67.509   60.349   40.402   87.581  -19.436    0.267559   -1.415088   -0.468029   -0.794021   -1.570377   -1.532371   -1.895780   -0.772226   -1.165552   23.990   26.711   33.335 S_000002
  10 P   -53.426  167.329   65.141  115.360 -113.777 -159.626   97.404   -5.403  134.937   56.068    0.427600   -0.829890   -1.204746   -0.881835   -1.388628   -1.769707   -1.954577   -0.702966   -1.187770   24.265   30.867   37.687 S_000002
  11 H   -62.442 -177.521   45.331   78.194    0.000    0.000   68.859   37.221   94.408 -164.980    0.318529   -1.399940   -0.503658   -0.785211   -1.609242   -1.542979   -1.866035   -0.753789   -1.186460   25.791   34.750   42.914 S_000002
SCORE:    39.281                 39.281          0          0          2    S_000003
   1 H     0.000  170.252   55.279   86.153  172.168  -80.823   79.343   33.998  105.845 -103.515    0.341027   -1.350459   -0.612464   -0.798492   -1.526061   -1.609444   -1.848528   -0.651443   -1.254091    3.794    0.984    0.238 S_000003
   2 P   -50.810  157.396  179.641  144.210  -80.628 -115.554  103.136  -33.942  152.589 -155.647    0.337794   -0.135157   -1.478805   -0.801209   -1.019635   -1.984828   -1.938093   -0.666581   -1.225042    8.961    0.953   -0.892 S_000003
   3 P   -69.693 -143.761   50.370  150.420  -78.698 -150.737  140.088  -37.905  153.286   50.926    0.331221   -0.051799   -1.488140   -0.758613   -0.986425   -1.980140   -1.897163   -0.697524   -1.206139   10.419    4.684    4.818 S_000003
   4 P  -106.372   87.012  163.300   89.223 -126.155  -71.902   58.053   24.477  104.877  -76.828    0.377553   -1.257416   -0.781825   -0.846638   -1.515195   -1.669047   -1.911555   -0.731597   -1.183915   10.009    6.324   10.280 S_000003
   5 P   -61.124  164.474   53.999   82.543 -151.805  -89.692  102.053   36.544   94.460  -16.062    0.312189   -1.380366   -0.549723   -0.800758   -1.565740   -1.583436   -1.883817   -0.742767   -1.194307   11.492   10.342   14.671 S_000003
   6 P  -141.103   93.426  169.495   91.069 -150.020  -92.359   62.089   37.264   87.277  136.929    0.317046   -1.318105   -0.686127   -0.788078   -1.384274   -1.745631   -1.907231   -0.711992   -1.202040   13.926   12.497   20.353 S_000003
   7 P  -173.910 -150.992  149.500  127.998 -128.911 -142.558   91.482   -6.193  136.127   15.787    0.408280   -0.788743   -1.262842   -0.923571   -1.317920   -1.806812   -1.984235   -0.740556   -1.116661   17.242   16.015   25.355 S_000003
   8 P   105.521  156.804  148.628  159.247 -128.125 -110.056   82.304  -40.995  149.473 -171.489    0.270028    0.135892   -1.494581   -0.790297   -0.798343   -2.074916   -1.911233   -0.674598   -1.221385   19.272   19.452   31.399 S_000003
   9 P   -36.918 -153.877   53.859  147.355 -138.787 -139.139  153.593  -34.813  154.010  100.837    0.332148   -0.170995   -1.476134   -0.798376   -1.082609   -1.936969   -1.934460   -0.703444   -1.197882   17.754   23.610   36.451 S_000003
  10 P  -165.123  123.315  171.991   87.033 -153.571  -59.887   73.452   35.136   95.198   -8.374    0.331756   -1.337775   -0.632899   -0.796073   -1.488319   -1.658809   -1.881383   -0.691431   -1.212719   20.076   27.616   41.779 S_000003
  11 H   -32.514  148.923   57.974   80.438    0.000    0.000   57.293   33.842   98.037  179.945    0.349346   -1.349439   -0.617622   -0.791452   -1.530052   -1.617141   -1.867769   -0.712999   -1.211822   20.908   31.367   45.311 S_000003
SCORE:    36.913                 36.913          0          0          2    S_000004
   1 H     0.000  170.252   55.279   89.745  -55.937   70.722  102.091   31.939   98.326  -25.632    0.332645   -1.307577   -0.718299   -0.834966   -1.450364   -1.699832   -1.915154   -0.676919   -1.221665    3.794    0.984    0.238 S_000004
   2 N    38.576 -128.029  162.452  144.023 -112.117 -179.934   98.135  -33.893  155.529   33.016    0.341529   -0.304296   -1.446604   -0.793318   -1.233034   -1.834134   -1.932932   -0.716435   -1.188409    4.262    3.606    0.305 S_000004
   3 P   149.440  168.154  163.477   88.351 -118.967  -59.790   74.057   38.429   82.292  -21.094    0.345823   -1.268570   -0.756346   -0.736867   -1.241257   -1.824044   -1.884736   -0.678032   -1.217530    4.692    8.508    5.488 S_000004
   4 P   -61.236 -144.081   67.298  141.205  -83.161  175.647  156.045  -26.613  152.071   69.787    0.411481   -0.165229   -1.462398   -0.796345   -0.904956   -2.034850   -1.928766   -0.649169   -1.234321    7.915   11.695   10.185 S_000004
   5 P   167.467  152.113   37.001  107.343   26.756  146.493  101.753    0.211  130.902  -17.824    0.459191   -0.884210   -1.156855   -0.842492   -1.363111   -1.792416   -1.922249   -0.684850   -1.200488    8.512   16.967   14.458 S_000004
   6 P  -154.050  145.148  124.520   89.904 -156.931 -129.437   98.571   22.752  116.377   53.243    0.366115   -1.304268   -0.738772   -0.890164   -1.596323   -1.568220   -1.925176   -0.727709   -1.180955   11.290   19.584   19.633 S_000004
   7 N   157.145 -163.917  174.973   85.284 -142.049  -62.916   56.069   36.462   95.226  -12.466    0.332555   -1.353240   -0.602362   -0.777665   -1.501272   -1.643383   -1.863406   -0.688084   -1.230329   12.532   23.691   25.264 S_000004
   8 P   -59.635 -160.120   48.664  147.679  -98.057 -148.024  -46.170  -37.674  158.172 -162.643    0.328942   -0.194641   -1.477977   -0.765558   -1.170944   -1.888938   -1.920786   -0.746690   -1.186433   15.484   26.471   30.198 S_000004
   9 P   -56.216  173.996   51.442   88.216 -177.968  -81.302   89.840   33.180   94.605  -66.941    0.343357   -1.302622   -0.719313   -0.810031   -1.420597   -1.722724   -1.924577   -0.727126   -1.191358   18.988   30.287   34.494 S_000004
  10 P  -144.903  127.221 -177.876   83.037 -138.999  -74.859   73.756   32.146   98.685  179.949    0.361076   -1.325429   -0.666502   -0.795029   -1.507480   -1.648622   -1.876021   -0.717484   -1.203681   20.258   33.960   39.625 S_000004
  11 H   172.217  178.703  170.052  148.488    0.000    0.000  116.294  -41.368  164.123  113.301    0.304157   -0.032415   -1.479560   -0.745385   -1.033427   -1.939282   -1.916115   -0.665939   -1.240515   21.045   36.719   45.859 S_000004
SCORE:    39.472                 39.472          0          1          1    S_000005
   1 H     0.000  170.252   55.279   83.362  161.300  -70.928  114.330   33.615  108.642 -157.745    0.308422   -1.392637   -0.538137   -0.849983   -1.612972   -1.512021   -1.877597   -0.707014   -1.201991    3.794    0.984    0.238 S_000005
   2 P   -16.273 -123.292  179.040   90.406 -137.508  -61.088   44.990   34.831   88.653 -137.963    0.374210   -1.236601   -0.795169   -0.746231   -1.271489   -1.836790   -1.895535   -0.695294   -1.219190    8.559    2.016   -1.194 S_000005
   3 P  -148.588  133.443  138.027   85.064 -127.867  -81.381   73.376   37.219   95.049  -13.856    0.320946   -1.350869   -0.610637   -0.781786   -1.471736   -1.659254   -1.868671   -0.699104   -1.208886   10.429    6.466    3.383 S_000005
   4 N   -89.818 -167.844   59.639  153.827 -136.181  139.150  132.646  -37.935  153.424  148.810    0.316975    0.019676   -1.487882   -0.777948   -0.895329   -2.038770   -1.920246   -0.652799   -1.237878   10.227   11.955    7.488 S_000005
   5 N   169.350  136.230   47.876  145.976 -103.546  158.996  112.526  -36.585  158.537  -90.836    0.326479   -0.230834   -1.472102   -0.783993   -1.195518   -1.870158   -1.928823   -0.746647   -1.180885   10.206   15.449   13.082 S_000005
   6 P   119.802 -147.111 -144.526  109.569 -143.800  -81.732   76.992   10.507  113.777 -142.370    0.392724   -1.039526   -1.039210   -0.879472   -1.411159   -1.786625   -1.952807   -0.730573   -1.180027   14.695   19.326   16.022 S_000005
   7 P   -50.353 -155.642   49.514  144.140 -116.281 -177.136  152.040  -34.900  163.032   29.821    0.343286   -0.324128   -1.448346   -0.793398   -1.280886   -1.793255   -1.940277   -0.746673   -1.179096   17.704   22.594   20.819 S_000005
   8 N   145.215 -123.261  174.675   85.487 -129.367 -105.326   61.689   34.708   94.693  -16.002    0.341282   -1.320596   -0.682879   -0.791461   -1.438928   -1.705229   -1.892384   -0.688770   -1.219794   18.242   26.723   26.348 S_000005
   9 P   157.283  117.575   61.637  102.545 -144.909 -101.288   49.078    1.206  144.959  -45.153    0.414000   -1.177168   -0.894640   -0.932983   -1.740955   -1.362626   -1.913239   -0.770355   -1.135750   16.919   29.626   32.880 S_000005
  10 N   -56.242  153.978   73.770  143.307  -64.114 -150.572   93.283  -33.396  151.190  -50.064    0.346664   -0.307654   -1.452388   -0.793983   -1.232638   -1.858935   -1.934948   -0.784899   -1.156824   20.285   32.683   37.010 S_000005
  11 H   161.034 -140.546  147.890   87.801    0.000    0.000   76.249   33.683  102.671   32.988    0.318035   -1.345685   -0.638511   -0.829089   -1.508034   -1.631284   -1.881762   -0.657957   -1.235352   22.535   36.760   42.071 S_000005
SCORE:    38.551                 38.551          0          0          2    S_000006
   1 H     0.000  170.252   55.279   81.406  163.384  -86.260  116.923   32.054  110.795 -166.582    0.320248   -1.420368   -0.464463   -0.842473   -1.735634   -1.397991   -1.846341   -0.757423   -1.198457    3.794    0.984    0.238 S_000006
   2 N    30.868 -120.066  169.636   83.794 -168.750  -74.349  111.391   35.183   96.403 -152.609    0.326293   -1.356749   -0.613451   -0.800568   -1.521734   -1.634229   -1.885032   -0.716011   -1.208655    7.917    2.150   -0.802 S_000006
   3 P   179.384  109.463 -179.306   83.839 -158.740  -52.055  120.779   32.850   99.335   19.855    0.340501   -1.350176   -0.625714   -0.813365   -1.547777   -1.612043   -1.885995   -0.722023   -1.202003   10.723    5.285    4.673 S_000006
   4 P   153.576 -137.498 -175.281   83.857 -102.787 -103.937   50.086   29.192  107.047  -14.087    0.360236   -1.330018   -0.656551   -0.827896   -1.577528   -1.591584   -1.886986   -0.727617   -1.202004   11.276    9.083    9.268 S_000006
   5 P  -177.185 -173.566  155.371  145.456  -98.754  179.352  138.838  -24.197  141.689  170.602    0.366879   -0.185448   -1.467973   -0.847005   -0.869502   -2.069646   -1.938630   -0.653402   -1.218242   11.381   12.498   15.498 S_000006
   6 N   -52.298 -179.483   41.866  151.873  165.958  -99.232  161.382  -43.032  160.179  136.597    0.230404    0.081389   -1.515945   -0.794201   -0.904542   -2.051846   -1.928084   -0.685337   -1.225456   11.942   17.463   19.390 S_000006
   7 N  -173.868 -178.616  179.685   86.902 -146.045  -72.431   81.778   39.756   88.577  -12.629    0.302540   -1.355778   -0.621490   -0.770300   -1.422934   -1.707921   -1.886028   -0.702878   -1.216575   11.735   20.546   25.279 S_000006
   8 P   -77.003 -130.496   58.681  153.380 -160.194 -149.045  161.544  -39.022  156.297  -39.242    0.316476   -0.024525   -1.487912   -0.765274   -0.977427   -1.988477   -1.914724   -0.683487   -1.222441   11.192   24.488   30.843 S_000006
   9 P   164.719  138.825   51.610  150.951 -107.830  169.464  112.009  -38.147  157.146  -49.999    0.320580   -0.126346   -1.483354   -0.773408   -1.094210   -1.927220   -1.922725   -0.726119   -1.194230   13.730   29.632   35.398 S_000006
  10 P   -60.692  137.305   60.423   82.142  174.548 -127.899   66.398   30.869  119.096   64.253    0.303071   -1.400949   -0.528367   -0.886923   -1.662484   -1.444081   -1.855101   -0.683786   -1.208925   13.519   32.832   40.060 S_000006
  11 H   -72.743  164.131   67.245   76.051    0.000    0.000   74.305   37.945   96.602  -18.880    0.331574   -1.388968   -0.535597   -0.762443   -1.548264   -1.585032   -1.823102   -0.678341   -1.244517   16.099   37.225   43.627 S_000006
SCORE:    39.249                 39.249          0          0          0    S_000007
   1 H     0.000  170.252   55.279  125.364  -68.361  102.839  121.622  -11.330  157.561   18.152    0.409062   -0.835566   -1.214715   -0.914311   -1.467259   -1.617021   -1.946189   -0.649225   -1.200841    3.794    0.984    0.238 S_000007
   2 N   -60.378  137.497  167.509  112.852 -138.899  -82.105  107.799    7.352  113.721  162.309    0.426725   -0.867986   -1.180791   -0.856062   -1.186767   -1.931054   -1.949290   -0.642883   -1.227052    6.074    3.933    0.627 S_000007
   3 P   -41.081  179.412   57.447   85.305 -172.864 -148.373   92.323   34.015  106.069  -25.563    0.332729   -1.377383   -0.567630   -0.809555   -1.593071   -1.562310   -1.868016   -0.712493   -1.222822    5.461    7.015    6.033 S_000007
   4 P   -91.570 -178.362   63.845   85.939 -140.648  -87.392   91.471   49.262   83.743  -23.974    0.266933   -1.394876   -0.545805   -0.662010   -1.321655   -1.737451   -1.817843   -0.656239   -1.249642    6.964    6.246   12.653 S_000007
   5 N  -166.894  112.389   43.425  139.144  -93.797  169.401  110.119  -36.534  157.292  -64.107    0.358303   -0.428822   -1.410188   -0.754876   -1.434866   -1.649973   -1.895696   -0.801075   -1.141606    4.316    6.207   19.144 S_000007
   6 P   145.559 -147.661 -179.920   89.636 -147.948 -121.251  142.316   19.265  124.361   72.826    0.378876   -1.314939   -0.680925   -0.895597   -1.696331   -1.431095   -1.862822   -0.708039   -1.208086    6.963    8.534   25.100 S_000007
   7 N  -148.162  164.915  118.385  145.355 -109.323 -178.043  158.161  -25.949  134.973  153.436    0.357113   -0.162484   -1.477571   -0.854725   -0.883260   -2.080780   -1.943630   -0.688761   -1.201220    6.568   11.663   31.534 S_000007
   8 N   164.467  163.990  179.885   84.697 -120.782  -70.569   36.074   33.699   98.267  -26.234    0.344251   -1.341532   -0.641023   -0.799238   -1.514677   -1.645367   -1.887856   -0.716253   -1.209084    4.764   13.886   38.035 S_000007
   9 P   -39.132 -128.014  178.683  148.423 -128.491 -161.176   82.490  -39.164  159.768  138.907    0.324895   -0.118877   -1.481124   -0.753142   -1.105909   -1.924168   -1.915263   -0.709937   -1.216600    2.416   18.104   42.293 S_000007
  10 P  -171.138 -159.674  155.788   87.190 -128.050 -166.775   84.303   35.145   89.823 -155.916    0.321597   -1.298553   -0.720453   -0.812913   -1.374949   -1.752188   -1.910608   -0.679834   -1.214896    0.655   19.444   49.281 S_000007
  11 H   150.353 -149.985 -178.229   83.856    0.000    0.000   57.526   38.438   89.901   89.726    0.316117   -1.360203   -0.600605   -0.773579   -1.473137   -1.671922   -1.879612   -0.711745   -1.214664    3.069   20.418   55.937 S_000007
SCORE:    34.333                 34.333          0          0          0    S_000008
   1 H     0.000  170.252   55.279   92.806   61.511   19.411  146.953    6.793  131.621 -110.100    0.435793   -1.127796   -0.934629   -0.873161   -1.609943   -1.562353   -1.924958   -0.752337   -1.174484    3.794    0.984    0.238 S_000008
   2 P  -143.310   71.916  171.935  103.615 -167.532  -70.288   89.959   20.785   98.541  -79.188    0.395520   -1.072129   -0.997535   -0.849530   -1.236883   -1.870694   -1.949452   -0.731506   -1.161827    6.034    3.264    1.231 S_000008
   3 P   140.004 -161.511  172.648   87.535 -135.875 -127.774  -63.089   27.673  113.365  -21.649    0.351703   -1.359808   -0.617725   -0.860422   -1.647064   -1.511100   -1.888219   -0.728269   -1.197425    5.199    6.888    6.221 S_000008
   4 P   178.363  159.803  161.213   89.497 -120.228  -82.484   60.039   35.920   90.861  -15.525    0.335843   -1.293218   -0.723787   -0.781309   -1.358486   -1.768889   -1.909203   -0.706088   -1.208672    5.591   10.604   12.533 S_000008
   5 N   144.461  141.430   15.055  121.976   59.508  138.960  135.446  -17.759  137.113   57.755    0.395163   -0.436400   -1.422259   -0.868116   -1.085522   -1.997279   -1.964247   -0.696062   -1.196181    9.513   11.870   18.225 S_000008
   6 P  -170.283  161.190 -176.306  140.990 -163.860 -102.059  133.153  -32.306  149.951  165.152    0.350717   -0.168927   -1.477787   -0.803819   -1.029144   -1.981828   -1.933928   -0.657356   -1.225843    8.193   15.025   24.248 S_000008
   7 P   166.495  172.404  174.231   87.746 -132.714  -66.796   66.289   35.684   95.741  -22.140    0.317062   -1.318123   -0.699594   -0.783392   -1.426334   -1.729960   -1.879184   -0.700135   -1.218640    8.292   18.743   30.206 S_000008
   8 P  -162.813  120.226  175.866   82.361 -130.482  -83.501   71.938   31.791  101.509  168.496    0.369909   -1.323004   -0.659604   -0.788295   -1.515888   -1.636180   -1.860290   -0.702304   -1.215513   10.234   21.315   36.251 S_000008
   9 P  -166.924 -154.036  159.889   90.332 -178.658 -136.635   73.477   26.413  115.255    3.673    0.345049   -1.323606   -0.689620   -0.882069   -1.572952   -1.568229   -1.923026   -0.712384   -1.176451   14.289   23.184   41.567 S_000008
  10 P   171.747  153.395  159.041  148.712 -150.900 -143.856  163.298  -31.676  141.216  -34.261    0.335662   -0.099384   -1.482186   -0.823846   -0.920479   -2.044532   -1.934389   -0.708140   -1.198506   17.689   26.655   46.874 S_000008
  11 H   -64.389  166.102   56.635   79.854    0.000    0.000   78.229   43.655   89.356    5.320    0.231876   -1.451293   -0.421421   -0.794012   -1.610729   -1.545471   -1.854309   -0.704672   -1.207262   18.507   31.708   50.890 S_000008
SCORE:    39.036                 39.036          0          0          1    S_000009
   1 H     0.000  170.252   55.279   83.253 -159.637  -72.663   69.428   38.627   96.405  179.911    0.303306   -1.375747   -0.561884   -0.783908   -1.516351   -1.631018   -1.857186   -0.665154   -1.245855    3.794    0.984    0.238 S_000009
   2 N    65.916 -125.028   25.904  142.412 -132.731 -126.350   95.755  -32.084  150.156  179.506    0.343439   -0.320420   -1.453537   -0.812342   -1.223622   -1.874628   -1.949576   -0.753582   -1.172510    7.715   -1.589   -0.874 S_000009
   3 N  -139.048  166.464  170.340   86.512 -154.158  -65.732   70.175   34.223   96.956   10.890    0.341865   -1.327089   -0.657684   -0.792520   -1.472840   -1.667874   -1.873415   -0.684865   -1.220649   10.264    3.678    3.291 S_000009
   4 P   166.978  176.904  177.152   84.171 -133.729  -88.107   85.510   32.221   98.769  169.890    0.360736   -1.323192   -0.665088   -0.794830   -1.503909   -1.648578   -1.883310   -0.724059   -1.201750   11.564    8.005    8.241 S_000009
   5 N   -74.064 -177.704   48.749  150.340 -154.485  153.392  131.849  -33.312  147.447  168.918    0.335143   -0.069542   -1.482537   -0.803152   -0.912200   -2.037999   -1.931248   -0.636521   -1.234597   12.294   12.679   12.960 S_000009
   6 P   164.719  138.825   51.610  150.951 -107.830  169.464  112.009  -38.147  157.146  -49.999    0.320580   -0.126346   -1.483354   -0.773408   -1.094210   -1.927220   -1.922725   -0.726119   -1.194230   11.275   16.451   18.779 S_000009
   7 N   -50.936  170.693   59.456  140.138 -123.590 -165.720  102.147  -28.824  146.926   74.808    0.372909   -0.320183   -1.444597   -0.805892   -1.158175   -1.918373   -1.937237   -0.739376   -1.178972   13.389   18.371   24.156 S_000009
   8 P  -175.081  177.888   61.143  152.701 -105.799  170.478  100.743  -40.258  159.966  -51.450    0.305816   -0.136048   -1.487621   -0.761982   -1.147414   -1.893800   -1.920368   -0.739943   -1.195843   12.575   22.747   29.876 S_000009
   9 P   146.615 -167.000 -169.815   82.470 -132.725  -70.289   71.708   40.712   88.644   81.510    0.299093   -1.387817   -0.540911   -0.761575   -1.502633   -1.637962   -1.858264   -0.706118   -1.223254   14.966   25.630   35.801 S_000009
  10 N  -148.162  164.915  118.385  145.355 -109.323 -178.043  158.161  -25.949  134.973  153.436    0.357113   -0.162484   -1.477571   -0.854725   -0.883260   -2.080780   -1.943630   -0.688761   -1.201220   17.809   30.216   40.008 S_000009
  11 H   -62.465  174.674   52.907   77.964    0.000    0.000   76.002   39.688   94.343  179.933    0.299083   -1.414666   -0.480123   -0.777645   -1.589630   -1.552520   -1.844335   -0.710574   -1.223551   19.213   32.823   45.657 S_000009
SCORE:    39.283                 39.283          0          0          1    S_000010
   1 H     0.000  170.252   55.279   78.378 -170.268  -74.140   97.580   34.753   96.484  -72.785    0.327818   -1.398629   -0.514377   -0.806617   -1.640658   -1.513266   -1.888002   -0.794474   -1.155692    3.794    0.984    0.238 S_000010
   2 N   -37.987  132.853  155.700   88.867 -122.801  160.895 -120.951   31.782   91.930   33.356    0.348884   -1.284276   -0.743392   -0.811356   -1.417925   -1.729206   -1.915017   -0.729358   -1.188982    8.353   -0.301   -0.987 S_000010
   3 P    83.922  155.779  172.347  150.835 -109.404 -100.633  -46.095  -39.295  159.270 -110.432    0.315190   -0.142798   -1.487833   -0.765905   -1.137976   -1.900967   -1.919913   -0.741333   -1.190146    9.080    5.407    2.812 S_000010
   4 N  -148.022  144.508 -177.617   93.488 -141.099  -71.036   13.511   23.881  123.218   -7.754    0.352280   -1.397577   -0.511532   -0.899902   -1.787483   -1.297851   -1.871512   -0.779200   -1.153331   10.726    9.286    8.477 S_000010
   5 P   -57.485  160.139   75.855  150.070 -129.358 -140.723  124.656  -40.385  156.749  145.069    0.321419   -0.067867   -1.491898   -0.742948   -1.064012   -1.946365   -1.896169   -0.757348   -1.185391   11.553   13.425   12.636 S_000010
   6 P   -84.041  159.860   79.292   87.904 -121.213  -68.601   65.167   31.864   92.860  -14.179    0.380417   -1.282692   -0.726011   -0.774293   -1.421205   -1.711094   -1.890984   -0.745601   -1.182490   13.507   15.324   18.723 S_000010
   7 P  -126.250  106.011  168.977   85.439 -139.330  -69.420   50.139   35.086   94.746  179.888    0.323314   -1.344139   -0.631905   -0.807581   -1.496027   -1.655632   -1.891815   -0.714598   -1.199423   15.116   19.559   23.172 S_000010
   8 P   171.747  153.395  159.041  148.712 -150.900 -143.856  163.298  -31.676  141.216  -34.261    0.335662   -0.099384   -1.482186   -0.823846   -0.920479   -2.044532   -1.934389   -0.708140   -1.198506   16.630   23.601   28.601 S_000010
   9 P  -171.138 -159.674  155.788   87.190 -128.050 -166.775   84.303   35.145   89.823 -155.916    0.321597   -1.298553   -0.720453   -0.812913   -1.374949   -1.752188   -1.910608   -0.679834   -1.214896   20.178   27.574   33.620 S_000010
  10 P   157.623 -160.717 -173.530   81.732 -126.986  -78.095   55.873   33.182   99.599  179.890    0.356342   -1.333174   -0.647864   -0.788987   -1.511153   -1.645318   -1.868281   -0.712487   -1.211563   20.225   31.025   39.977 S_000010
  11 H     0.000 -178.229  172.925 -258.724    0.000    0.000   50.487   30.728   87.755  -12.344    0.383364   -1.123232   -0.956091   -0.776807   -1.107426   -1.942299   -1.915515   -0.721064   -1.194323   19.866   34.814   44.627 S_000010
