SEQUENCE: gaaaaaag
SCORE:     score    rna_stub_coord_hack       N_WC      N_NWC       N_BS description
REMARK RNA 
SCORE:     3.983                  3.983          0          0          2    S_000001
   1 H     0.000  170.252   55.279   81.716   71.058 -123.020  -86.154   19.777  126.077   56.991    0.403706   -1.293854   -0.717686   -0.863554   -1.653827   -1.494945   -1.872725   -0.711320   -1.211975    3.794    0.984    0.238 S_000001
   2 N   140.751   78.375  147.908   85.219 -139.919 -122.587   67.224   27.161  117.339 -128.645    0.327420   -1.390343   -0.558417   -0.896324   -1.706978   -1.419161   -1.868152   -0.719232   -1.199857    7.063    4.742   -2.670 S_000001
   3 P   167.223 -130.441 -178.374   82.295 -142.978  -73.235   69.197   37.374   94.578 -156.510    0.324684   -1.371068   -0.577949   -0.778213   -1.514777   -1.627160   -1.863633   -0.699814   -1.218037    8.939   11.439   -2.226 S_000001
   4 P   -56.781  170.414   53.556   83.718 -153.090  -82.343   96.498   40.849   84.822 -112.564    0.307267   -1.355750   -0.617232   -0.748354   -1.410914   -1.722072   -1.877339   -0.707083   -1.221037   10.417   17.259   -3.356 S_000001
   5 P  -136.188  147.408  170.784   84.536 -136.102  -73.016   76.513   39.583   86.659  179.914    0.336335   -1.326095   -0.664039   -0.729869   -1.374732   -1.758977   -1.869372   -0.707693   -1.223661    9.782   23.925   -3.653 S_000001
   6 N  -148.162  164.915  118.385  145.355 -109.323 -178.043  158.161  -25.949  134.973  153.436    0.357113   -0.162484   -1.477571   -0.854725   -0.883260   -2.080780   -1.943630   -0.688761   -1.201220   10.855   30.711   -3.660 S_000001
   7 P   154.408 -167.309  177.533   85.213 -130.497  -58.639   65.374   37.930   89.645  -25.428    0.314460   -1.365339   -0.594367   -0.782285   -1.489040   -1.654516   -1.884229   -0.716751   -1.205193   10.979   37.743   -4.934 S_000001
   8 H   -64.513 -177.184   58.707   82.139    0.000    0.000   78.924   37.180   95.754  179.926    0.320664   -1.380712   -0.561479   -0.784557   -1.542410   -1.605480   -1.865835   -0.711615   -1.216734   10.719   43.887   -4.053 S_000001
SCORE:     4.667                  4.667          0          0          1    S_000002
   1 H     0.000  170.252   55.279  152.866  -83.040  124.351  127.521  -41.294  164.030   17.731    0.251126   -0.016197   -1.508144   -0.813186   -1.015222   -1.993826   -1.935398   -0.731056   -1.203750    3.794    0.984    0.238 S_000002
   2 P    61.624 -141.782 -174.413  146.420 -158.775 -155.643  149.108  -35.909  158.099  -48.095    0.343332   -0.217723   -1.469254   -0.774158   -1.168908   -1.890695   -1.927117   -0.730541   -1.197048    8.569    2.526    1.015 S_000002
   3 N   156.962  178.579 -167.811   86.349 -135.605  -64.893   63.481   36.418   95.976  -16.102    0.331241   -1.345785   -0.616987   -0.767103   -1.488494   -1.651697   -1.841209   -0.691712   -1.226263   12.660    5.028    6.473 S_000002
   4 N  -148.162  164.915  118.385  145.355 -109.323 -178.043  158.161  -25.949  134.973  153.436    0.357113   -0.162484   -1.477571   -0.854725   -0.883260   -2.080780   -1.943630   -0.688761   -1.201220   17.856    6.354   10.606 S_000002
   5 P  -163.415 -164.775  171.520   87.292 -173.272  -90.210   95.538   33.873  101.998   69.427    0.333059   -1.348368   -0.630589   -0.813263   -1.521104   -1.634527   -1.885456   -0.693273   -1.220867   22.280    7.950   15.972 S_000002
   6 P   -64.446  160.398   64.943   83.262 -150.923  -75.224   75.718   39.644   89.706  -15.406    0.302626   -1.382999   -0.567450   -0.771426   -1.494469   -1.647122   -1.888483   -0.744503   -1.197779   23.564   11.219   20.651 S_000002
   7 P   -60.812 -146.102   71.756  156.668  -78.282 -169.333  154.499  -36.879  159.613   62.580    0.318603   -0.121311   -1.484608   -0.802024   -1.070048   -1.952590   -1.947726   -0.665159   -1.220540   26.633   13.261   26.117 S_000002
   8 H   -59.777 -138.833  174.415   84.086    0.000    0.000   69.272   46.546   76.901  -23.213    0.254114   -1.416055   -0.500062   -0.739485   -1.405402   -1.663358   -1.913583   -0.753041   -1.182079   28.054   14.966   32.192 S_000002
SCORE:     5.080                  5.080          0          0          1    S_000003
   1 H     0.000  170.252   55.279  142.931  -75.820   88.785  112.985  -35.541  163.500  163.304    0.343809   -0.330575   -1.443600   -0.780712   -1.300349   -1.779332   -1.930073   -0.715539   -1.214816    3.794    0.984    0.238 S_000003
   2 N   170.343  175.085   54.160  146.594 -133.919 -111.753  115.086  -36.230  158.721  170.984    0.326462   -0.208124   -1.474965   -0.794421   -1.162409   -1.887781   -1.940970   -0.734600   -1.182132    6.308    5.270   -0.680 S_000003
   3 P   -56.759  170.515   54.671  114.805 -155.382  159.290  123.691   -1.306  140.222  179.908    0.469807   -1.020056   -0.995642   -0.866204   -1.585957   -1.500034   -1.857832   -0.652045   -1.218328    7.577    7.360    5.428 S_000003
   4 P   145.559 -147.661 -179.920   89.636 -147.948 -121.251  142.316   19.265  124.361   72.826    0.378876   -1.314939   -0.680925   -0.895597   -1.696331   -1.431095   -1.862822   -0.708039   -1.208086   10.253   11.525   10.282 S_000003
   5 P   -57.468  174.374   40.120   83.905 -147.664 -125.871  133.362   34.192   96.156  -26.181    0.339472   -1.331381   -0.651976   -0.796526   -1.485394   -1.663568   -1.884844   -0.709772   -1.207425   12.374   17.193   12.825 S_000003
   6 N   172.456 -130.437  158.420   78.660 -135.778  -75.363   57.224   32.947   95.764   77.415    0.211288   -1.387525   -0.692491   -1.040100   -1.517440   -1.711301   -2.027997   -0.661007   -1.207277   16.732   19.882   17.635 S_000003
   7 P  -126.545  103.340  172.353   84.494 -124.870  -74.097   46.298   37.057   94.038  -17.464    0.328095   -1.349179   -0.624880   -0.778365   -1.465128   -1.675774   -1.878650   -0.694264   -1.217005   20.445   21.227   22.597 S_000003
   8 H   -70.416  173.558   58.603   83.114    0.000    0.000   78.064   35.058   96.153  179.900    0.331215   -1.368703   -0.590445   -0.796044   -1.555225   -1.607036   -1.886322   -0.739088   -1.198775   24.332   24.046   26.830 S_000003
SCORE:     4.831                  4.831          0          0          2    S_000004
   1 H     0.000  170.252   55.279  107.424  -29.806   85.115   89.870    4.565  132.258   -5.516    0.448234   -0.969604   -1.083568   -0.853255   -1.401633   -1.742796   -1.927752   -0.658219   -1.220029    3.794    0.984    0.238 S_000004
   2 P   156.757 -162.758  169.525   85.477   88.309   70.721   98.460   24.669  112.096   50.338    0.374471   -1.259777   -0.773805   -0.849735   -1.500510   -1.649134   -1.912316   -0.692393   -1.208159    7.012    4.948   -0.218 S_000004
   3 N   -62.344  163.196   48.508   90.165 -154.569  -88.869   89.709   37.475   83.131 -106.279    0.334910   -1.274379   -0.764083   -0.762517   -1.272554   -1.827051   -1.907783   -0.705855   -1.212298   10.792    8.819    0.795 S_000004
   4 P  -167.200 -131.423  135.280   86.839 -158.875  -75.765  140.250   35.968   93.284  179.910    0.320765   -1.347235   -0.643969   -0.800359   -1.472294   -1.679922   -1.904488   -0.726813   -1.197436   12.944   14.216    4.515 S_000004
   5 P  -145.987  156.330 -171.280   97.698 -150.657  -84.135   71.724   29.301   97.426  177.190    0.377424   -1.188179   -0.884020   -0.797503   -1.265138   -1.847696   -1.920332   -0.677393   -1.214796   11.926   20.022    7.760 S_000004
   6 P   -60.344 -173.657   65.712  145.218 -100.727 -121.965  126.478  -33.280  154.493   38.328    0.340229   -0.267868   -1.461197   -0.814660   -1.183651   -1.885493   -1.946255   -0.733197   -1.181534   13.399   26.244    8.500 S_000004
   7 P   -63.611  170.084   56.145   76.975 -179.268  -81.011   98.837   42.082   87.254 -150.074    0.293244   -1.407913   -0.501182   -0.746606   -1.520998   -1.607649   -1.843831   -0.728113   -1.206557   15.723   32.192   10.798 S_000004
   8 H     0.000 -178.230   64.001   83.100    0.000    0.000   71.279   38.067   93.093  -26.987    0.326719   -1.359517   -0.598690   -0.762371   -1.477794   -1.659482   -1.856267   -0.680443   -1.233799   18.408   36.497   12.861 S_000004
SCORE:     4.945                  4.945          0          2          0    S_000005
   1 H     0.000  170.252   55.279  154.316  -87.383  121.204  109.599  -38.659  154.891 -122.446    0.319178   -0.048777   -1.489550   -0.765467   -1.002175   -1.985105   -1.911969   -0.716839   -1.204007    3.794    0.984    0.238 S_000005
   2 P   162.405  164.491   55.811  149.239 -101.009 -105.206   95.403  -35.065  154.783  -77.146    0.335481   -0.185033   -1.472257   -0.798017   -1.111367   -1.922192   -1.938309   -0.720612   -1.188728    8.487    4.416   -0.765 S_000005
   3 P  -108.612   82.361  164.622   80.710 -149.634  -77.891   66.544   45.928   79.058 -144.411    0.271092   -1.401766   -0.525612   -0.716757   -1.413861   -1.684661   -1.860211   -0.722050   -1.213026   11.780    6.296    3.988 S_000005
   4 P   152.804  179.450  178.912   87.198 -154.572  -78.725   73.493   37.836   90.078  169.479    0.323288   -1.361977   -0.597100   -0.768408   -1.488119   -1.654360   -1.884994   -0.739724   -1.191211   13.671   10.477    8.952 S_000005
   5 P   157.640 -167.900  179.349   80.448 -111.969  -84.009 -123.640   32.443  113.227   92.207    0.323035   -1.406967   -0.501770   -0.850370   -1.681582   -1.456367   -1.812779   -0.666700   -1.250646   14.977   12.149   15.265 S_000005
   6 P  -143.310   71.916  171.935  103.615 -167.532  -70.288   89.959   20.785   98.541  -79.188    0.395520   -1.072129   -0.997535   -0.849530   -1.236883   -1.870694   -1.949452   -0.731506   -1.161827   18.594   13.419   20.594 S_000005
   7 P  -171.138 -159.674  155.788   87.190 -128.050 -166.775   84.303   35.145   89.823 -155.916    0.321597   -1.298553   -0.720453   -0.812913   -1.374949   -1.752188   -1.910608   -0.679834   -1.214896   21.293   16.488   25.869 S_000005
   8 H   113.914 -170.420 -122.660   98.551    0.000    0.000   69.632   33.681   85.465  -65.421    0.353692   -1.112040   -0.990782   -0.787396   -0.993091   -1.995222   -1.929672   -0.655938   -1.227222   24.771   20.997   30.021 S_000005
SCORE:     3.914                  3.914          0          0          0    S_000006
   1 H     0.000  170.252   55.279   81.716   71.058 -123.020  -86.154   19.777  126.077   56.991    0.403706   -1.293854   -0.717686   -0.863554   -1.653827   -1.494945   -1.872725   -0.711320   -1.211975    3.794    0.984    0.238 S_000006
   2 N   145.215 -123.261  174.675   85.487 -129.367 -105.326   61.689   34.708   94.693  -16.002    0.341282   -1.320596   -0.682879   -0.791461   -1.438928   -1.705229   -1.892384   -0.688770   -1.219794    4.641    5.089   -1.672 S_000006
   3 P   107.645  177.113 -151.446  121.171 -147.326  -97.859   90.040   -9.304  132.582 -149.400    0.420710   -0.720589   -1.277335   -0.858548   -1.316539   -1.850888   -1.956492   -0.719478   -1.189242    5.679   11.590    0.147 S_000006
   4 P  -174.180  152.972 -160.333  104.826 -142.767  -78.703   76.242   19.884  101.194  179.947    0.387962   -1.086681   -0.991172   -0.843871   -1.294637   -1.855867   -1.944422   -0.700499   -1.202484    8.257   17.539    3.165 S_000006
   5 P   -56.728 -135.352   55.393  149.224 -123.136 -178.792  170.161  -35.689  154.774   66.233    0.315626   -0.082044   -1.489922   -0.809591   -0.984964   -1.998443   -1.944815   -0.676804   -1.231013   10.214   23.917    3.339 S_000006
   6 P   -71.383  151.973   48.207  147.060 -131.753 -161.855  100.068  -36.188  155.861   33.256    0.337325   -0.228092   -1.466943   -0.778700   -1.188977   -1.879295   -1.928081   -0.757037   -1.174951   10.100   29.944    2.345 S_000006
   7 P   145.834  169.864  160.515  116.771 -150.825  -95.969  116.851    6.639  112.778  -49.780    0.428419   -0.827735   -1.201961   -0.850477   -1.142936   -1.957796   -1.955336   -0.681649   -1.210816   11.182   37.084    1.206 S_000006
   8 H    60.081 -156.196   59.449   91.019    0.000    0.000   62.835   37.553   90.070  -24.834    0.306948   -1.326064   -0.674942   -0.784327   -1.402310   -1.731073   -1.897713   -0.716404   -1.198207   14.281   42.087    1.247 S_000006
SCORE:     4.451                  4.451          0          0          1    S_000007
   1 H     0.000  170.252   55.279  112.114  -50.233  100.032  142.152    7.620  134.238  -12.482    0.408427   -1.051404   -1.049250   -0.920999   -1.432612   -1.708802   -1.954475   -0.622872   -1.227042    3.794    0.984    0.238 S_000007
   2 P   161.023  139.121   55.500  153.727 -123.271  175.609   98.961  -39.837  160.777  -92.184    0.316133   -0.114002   -1.485065   -0.754793   -1.110128   -1.910535   -1.913633   -0.713393   -1.208659    5.413    5.551   -1.174 S_000007
   3 P   -61.396  165.590   56.805   81.777 -138.101  -62.108   73.682   35.285   96.698  -16.485    0.335607   -1.363617   -0.597715   -0.786645   -1.536877   -1.615958   -1.871636   -0.712254   -1.212350    6.134   11.033    1.590 S_000007
   4 P  -126.250  106.011  168.977   85.439 -139.330  -69.420   50.139   35.086   94.746  179.888    0.323314   -1.344139   -0.631905   -0.807581   -1.496027   -1.655632   -1.891815   -0.714598   -1.199423    9.336   15.617    4.298 S_000007
   5 N  -173.868 -178.616  179.685   86.902 -146.045  -72.431   81.778   39.756   88.577  -12.629    0.302540   -1.355778   -0.621490   -0.770300   -1.422934   -1.707921   -1.886028   -0.702878   -1.216575   12.115   21.145    7.187 S_000007
   6 N   -50.936  170.693   59.456  140.138 -123.590 -165.720  102.147  -28.824  146.926   74.808    0.372909   -0.320183   -1.444597   -0.805892   -1.158175   -1.918373   -1.937237   -0.739376   -1.178972   14.089   25.674   10.630 S_000007
   7 P   138.275 -159.615 -170.410   75.004 -145.366  -68.236   62.058   40.630   97.171  178.676    0.268294   -1.443452   -0.403226   -0.793807   -1.677579   -1.480927   -1.819617   -0.725120   -1.219220   16.947   30.539   14.988 S_000007
   8 H   -48.915 -153.871   77.019   94.320    0.000    0.000  166.476   36.254   88.549  100.396    0.339231   -1.251645   -0.798192   -0.773293   -1.243557   -1.843985   -1.906063   -0.640557   -1.243557   19.419   35.129   18.645 S_000007
SCORE:     4.483                  4.483          0          0          1    S_000008
   1 H     0.000  170.252   55.279  107.424  -29.806   85.115   89.870    4.565  132.258   -5.516    0.448234   -0.969604   -1.083568   -0.853255   -1.401633   -1.742796   -1.927752   -0.658219   -1.220029    3.794    0.984    0.238 S_000008
   2 P   -50.026  164.051   56.647   86.456 -165.167  -73.084   72.749   32.732  100.789  179.956    0.351802   -1.323262   -0.671139   -0.798592   -1.489253   -1.661162   -1.878861   -0.683349   -1.227476    6.415    3.537    1.275 S_000008
   3 P  -127.098 -118.371 -175.896   81.208  178.526  -67.112   87.047   27.341  111.615  177.088    0.350710   -1.380316   -0.536550   -0.864500   -1.712024   -1.401043   -1.876825   -0.710853   -1.179871    7.073   10.419    2.396 S_000008
   4 P  -127.098 -118.371 -175.896   81.208  178.526  -67.112   87.047   27.341  111.615  177.088    0.350710   -1.380316   -0.536550   -0.864500   -1.712024   -1.401043   -1.876825   -0.710853   -1.179871    9.597   16.296    4.812 S_000008
   5 P   -75.216  176.172   49.760   82.386 -150.161  -71.431   72.184   39.476   87.284  179.899    0.318363   -1.390793   -0.542612   -0.752299   -1.527452   -1.617175   -1.858017   -0.745096   -1.193818   10.483   22.055    4.371 S_000008
   6 P  -177.185 -173.566  155.371  145.456  -98.754  179.352  138.838  -24.197  141.689  170.602    0.366879   -0.185448   -1.467973   -0.847005   -0.869502   -2.069646   -1.938630   -0.653402   -1.218242   14.409   26.389    7.837 S_000008
   7 P   153.178 -153.207 -178.631   82.668 -139.550  -73.249   64.126   35.520   95.260  -16.961    0.322942   -1.357707   -0.586556   -0.789863   -1.548629   -1.610887   -1.878842   -0.729786   -1.203609   16.596   31.622   12.058 S_000008
   8 H   -60.201  172.238   58.268   80.177    0.000    0.000   74.477   39.465   93.255  179.930    0.306890   -1.395281   -0.519618   -0.768376   -1.548661   -1.593975   -1.848134   -0.704132   -1.227975   18.855   36.448   15.228 S_000008
SCORE:     4.802                  4.802          0          0          2    S_000009
   1 H     0.000  170.252   55.279  161.757  -66.839  111.462 -167.992  -38.167  156.599   55.379    0.320669    0.018341   -1.485625   -0.769154   -0.898656   -2.016642   -1.916486   -0.651479   -1.240639    3.794    0.984    0.238 S_000009
   2 P   -83.658  130.175  100.647   84.995 -158.634  -80.335   65.804   35.361   98.976  179.953    0.320117   -1.365309   -0.591347   -0.804373   -1.535642   -1.606324   -1.875016   -0.706360   -1.215362    6.545    2.594    2.307 S_000009
   3 N   162.851 -174.181  174.872   89.117 -135.686  -80.471   74.982   34.691   91.621  -18.571    0.348335   -1.303500   -0.710850   -0.781973   -1.406205   -1.739385   -1.894539   -0.695738   -1.212818    9.742    5.525    7.477 S_000009
   4 P  -126.545  103.340  172.353   84.494 -124.870  -74.097   46.298   37.057   94.038  -17.464    0.328095   -1.349179   -0.624880   -0.778365   -1.465128   -1.675774   -1.878650   -0.694264   -1.217005   12.908    8.294   12.274 S_000009
   5 P   165.278  167.371  175.594   83.822 -158.281  -75.127   89.459   36.330   91.172 -137.030    0.339110   -1.327173   -0.662258   -0.772025   -1.433257   -1.708364   -1.881501   -0.696938   -1.221572   15.591   12.188   17.271 S_000009
   6 P   -76.189  126.415   70.784   78.346 -176.925  178.948  121.833   33.090  105.667  153.222    0.323848   -1.452992   -0.352529   -0.832486   -1.819289   -1.280788   -1.827199   -0.815599   -1.152722   17.850   14.432   21.622 S_000009
   7 P   164.488 -114.005 -156.984   84.693 -175.807  -69.979   51.748   34.903   98.384  -74.143    0.334074   -1.360844   -0.599996   -0.791179   -1.546085   -1.615586   -1.873725   -0.716463   -1.216816   22.031   15.612   27.033 S_000009
   8 H   154.234 -155.369 -176.578   83.084    0.000    0.000   57.104   35.520   97.708 -169.211    0.300640   -1.380096   -0.546577   -0.826401   -1.583676   -1.561069   -1.876606   -0.725810   -1.200134   23.873   16.256   32.967 S_000009
SCORE:     4.905                  4.905          0          0          0    S_000010
   1 H     0.000  170.252   55.279   86.852 -107.635  176.103   87.439   31.761  104.244 -100.344    0.326291   -1.355306   -0.625540   -0.845165   -1.564269   -1.588720   -1.889854   -0.698162   -1.211583    3.794    0.984    0.238 S_000010
   2 N   -49.472  -88.884  175.337   86.908 -130.665  -74.138   13.687   36.364   90.449  -28.267    0.357975   -1.283854   -0.723235   -0.748126   -1.339232   -1.775410   -1.884268   -0.687980   -1.229894    4.068    3.587   -4.459 S_000010
   3 P  -165.123  123.315  171.991   87.033 -153.571  -59.887   73.452   35.136   95.198   -8.374    0.331756   -1.337775   -0.632899   -0.796073   -1.488319   -1.658809   -1.881383   -0.691431   -1.212719    5.257   10.426   -4.267 S_000010
   4 P   -69.882  165.446   60.222   86.104 -128.004  -82.169   84.021   35.477   98.756  -31.086    0.314494   -1.362649   -0.596743   -0.816157   -1.524127   -1.617855   -1.865768   -0.672498   -1.225963    5.429   16.298   -4.313 S_000010
   5 P   -56.319 -151.350   51.272  140.020 -100.337 -154.876  160.165  -35.102  161.015   16.344    0.335371   -0.379745   -1.442838   -0.794508   -1.350681   -1.755183   -1.937257   -0.765789   -1.169927    6.937   21.913   -0.945 S_000010
   6 P   -73.688  154.833   59.185  146.485 -111.162  175.140  119.829  -32.346  150.459   20.864    0.348829   -0.220202   -1.465450   -0.808985   -1.098138   -1.929436   -1.939839   -0.717382   -1.183677    9.479   27.713    0.617 S_000010
   7 N  -175.101 -147.674  159.572  141.718  176.133  146.872   62.364  -31.811 -103.226   76.911    0.331832   -0.177856   -1.485199   -0.843536   -1.029654   -1.962328   -1.977627   -0.691472   -1.204184   11.614   34.360    2.124 S_000010
   8 H     0.000 -178.221   71.099   81.699    0.000    0.000   68.060   40.993   89.434  179.933    0.318557   -1.365792   -0.566410   -0.739183   -1.449566   -1.673357   -1.840515   -0.664969   -1.243430   10.309   38.981    6.019 S_000010
