SEQUENCE: gag
SCORE:     score    rna_stub_coord_hack       N_WC      N_NWC       N_BS description
REMARK RNA 
SCORE:     0.161                  0.161          0          0          0    S_000001
   1 H     0.000  170.252   55.279   77.751    0.000    0.000   87.440   39.467   93.418  -19.243    0.297477   -1.403787   -0.503875   -0.780735   -1.574709   -1.579968   -1.851387   -0.709489   -1.221455    3.794    0.984    0.238 S_000001
   2 N   -26.065 -130.630  172.007  146.335 -141.275 -135.325   80.380  -33.279  151.090  147.354    0.335607   -0.153277   -1.484134   -0.814503   -1.030406   -1.984215   -1.942102   -0.701556   -1.201120    1.686    2.157    0.354 S_000001
   3 H   -57.167 -178.262   49.323   80.276    0.000    0.000   79.601   36.725   91.443  -22.014    0.328770   -1.375972   -0.568028   -0.781645   -1.546980   -1.610541   -1.880069   -0.747038   -1.190040   -3.945    2.322    4.003 S_000001
SCORE:     0.161                  0.161          0          0          0    S_000002
   1 H     0.000  170.252   55.279   80.773    0.000    0.000   80.504   36.661   97.353  -28.880    0.326674   -1.375303   -0.575670   -0.784962   -1.534126   -1.612778   -1.864387   -0.691521   -1.226917    3.794    0.984    0.238 S_000002
   2 N   -26.065 -130.630  172.007  146.335 -141.275 -135.325   80.380  -33.279  151.090  147.354    0.335607   -0.153277   -1.484134   -0.814503   -1.030406   -1.984215   -1.942102   -0.701556   -1.201120    1.723    2.224    0.313 S_000002
   3 H   -65.166  178.858   53.040   79.285    0.000    0.000   72.911   37.668   94.024  179.888    0.325613   -1.383252   -0.548821   -0.766671   -1.552064   -1.598614   -1.855929   -0.720292   -1.214260   -4.014    2.492    3.841 S_000002
SCORE:     0.161                  0.161          0          0          0    S_000003
   1 H     0.000  170.252   55.279   75.408    0.000    0.000   84.229   35.810  101.466  -25.102    0.318040   -1.387357   -0.539377   -0.812161   -1.577601   -1.557249   -1.852099   -0.663217   -1.237834    3.794    0.984    0.238 S_000003
   2 N   -26.065 -130.630  172.007  146.335 -141.275 -135.325   80.380  -33.279  151.090  147.354    0.335607   -0.153277   -1.484134   -0.814503   -1.030406   -1.984215   -1.942102   -0.701556   -1.201120    1.660    2.105    0.388 S_000003
   3 H   -68.456  174.092   54.999   75.646    0.000    0.000   77.224   45.687   87.374  -29.451    0.235695   -1.429752   -0.358869   -0.791052   -1.552785   -1.527771   -1.875543   -0.654152   -1.219090   -3.870    2.209    4.184 S_000003
SCORE:     0.161                  0.161          0          0          0    S_000004
   1 H     0.000  170.252   55.279   72.670    0.000    0.000   79.949   39.919   94.739  179.909    0.295080   -1.418555   -0.468161   -0.779909   -1.601439   -1.544974   -1.844543   -0.718787   -1.223699    3.794    0.984    0.238 S_000004
   2 N   -26.065 -130.630  172.007  146.335 -141.275 -135.325   80.380  -33.279  151.090  147.354    0.335607   -0.153277   -1.484134   -0.814503   -1.030406   -1.984215   -1.942102   -0.701556   -1.201120    1.633    2.044    0.430 S_000004
   3 H   -57.483  169.066   58.923   78.338    0.000    0.000   71.109   36.851   96.815 -124.010    0.301569   -1.434090   -0.419929   -0.808383   -1.705903   -1.433509   -1.862781   -0.798040   -1.164810   -3.828    2.021    4.087 S_000004
SCORE:     0.161                  0.161          0          0          0    S_000005
   1 H     0.000  170.252   55.279   84.749    0.000    0.000   73.556   36.572   94.454  -24.619    0.322244   -1.367907   -0.588776   -0.790313   -1.523258   -1.628539   -1.880686   -0.717115   -1.211287    3.794    0.984    0.238 S_000005
   2 N   -26.065 -130.630  172.007  146.335 -141.275 -135.325   80.380  -33.279  151.090  147.354    0.335607   -0.153277   -1.484134   -0.814503   -1.030406   -1.984215   -1.942102   -0.701556   -1.201120    1.776    2.311    0.263 S_000005
   3 H   -80.285 -116.466  -59.801  108.612    0.000    0.000  133.528  -10.650  150.066  156.359    0.423647   -0.971133   -1.093253   -0.884222   -1.669948   -1.465739   -1.948449   -0.822690   -1.112158   -3.339    2.503    5.087 S_000005
SCORE:     0.161                  0.161          0          0          0    S_000006
   1 H     0.000  170.252   55.279   72.330    0.000    0.000   77.786   42.367   91.280  179.890    0.297911   -1.437778   -0.420377   -0.740066   -1.583428   -1.513118   -1.844684   -0.739981   -1.172033    3.794    0.984    0.238 S_000006
   2 N   -26.065 -130.630  172.007  146.335 -141.275 -135.325   80.380  -33.279  151.090  147.354    0.335607   -0.153277   -1.484134   -0.814503   -1.030406   -1.984215   -1.942102   -0.701556   -1.201120    1.630    2.037    0.436 S_000006
   3 H   -51.398  164.931   50.951   82.333    0.000    0.000   72.334   42.621   90.436  179.912    0.297933   -1.392033   -0.559209   -0.726730   -1.462337   -1.677242   -1.822890   -0.669539   -1.238826   -3.838    1.940    3.918 S_000006
SCORE:     0.161                  0.161          0          0          0    S_000007
   1 H     0.000  170.252   55.279   75.408    0.000    0.000   84.229   35.810  101.466  -25.102    0.318040   -1.387357   -0.539377   -0.812161   -1.577601   -1.557249   -1.852099   -0.663217   -1.237834    3.794    0.984    0.238 S_000007
   2 N   -26.065 -130.630  172.007  146.335 -141.275 -135.325   80.380  -33.279  151.090  147.354    0.335607   -0.153277   -1.484134   -0.814503   -1.030406   -1.984215   -1.942102   -0.701556   -1.201120    1.660    2.105    0.388 S_000007
   3 H   -73.236  169.866   53.385   78.719    0.000    0.000   72.235   41.404   85.544  -27.200    0.313423   -1.380486   -0.559632   -0.735585   -1.458837   -1.663564   -1.853421   -0.716209   -1.220895   -3.860    2.234    4.164 S_000007
SCORE:     0.161                  0.161          0          0          0    S_000008
   1 H     0.000  170.252   55.279   75.229    0.000    0.000   84.810   32.692  104.524  -25.139    0.329248   -1.393905   -0.539369   -0.835819   -1.640832   -1.503517   -1.867428   -0.723047   -1.202862    3.794    0.984    0.238 S_000008
   2 N   -26.065 -130.630  172.007  146.335 -141.275 -135.325   80.380  -33.279  151.090  147.354    0.335607   -0.153277   -1.484134   -0.814503   -1.030406   -1.984215   -1.942102   -0.701556   -1.201120    1.658    2.101    0.391 S_000008
   3 H   157.125 -172.322  176.321   82.770    0.000    0.000   63.712   38.766   89.294 -158.506    0.313847   -1.364370   -0.604040   -0.772309   -1.468084   -1.679250   -1.878958   -0.706952   -1.215017   -3.837    0.359    4.789 S_000008
SCORE:     0.161                  0.161          0          0          0    S_000009
   1 H     0.000  170.252   55.279   78.554    0.000    0.000   86.817   43.655   88.646  178.507    0.268904   -1.429920   -0.443335   -0.754686   -1.576995   -1.579565   -1.864155   -0.753530   -1.200287    3.794    0.984    0.238 S_000009
   2 N   -26.065 -130.630  172.007  146.335 -141.275 -135.325   80.380  -33.279  151.090  147.354    0.335607   -0.153277   -1.484134   -0.814503   -1.030406   -1.984215   -1.942102   -0.701556   -1.201120    1.696    2.175    0.343 S_000009
   3 H   -68.548  177.990   57.578   82.772    0.000    0.000   76.459   36.355   95.910  179.883    0.321772   -1.373938   -0.563970   -0.790976   -1.550581   -1.595274   -1.872891   -0.726866   -1.202390   -3.953    2.367    4.043 S_000009
SCORE:     0.161                  0.161          0          0          0    S_000010
   1 H     0.000  170.252   55.279   75.829    0.000    0.000   87.940   39.003   91.870  -28.341    0.300376   -1.408869   -0.491865   -0.790018   -1.579418   -1.554942   -1.860438   -0.719068   -1.209566    3.794    0.984    0.238 S_000010
   2 N   -26.065 -130.630  172.007  146.335 -141.275 -135.325   80.380  -33.279  151.090  147.354    0.335607   -0.153277   -1.484134   -0.814503   -1.030406   -1.984215   -1.942102   -0.701556   -1.201120    1.665    2.114    0.382 S_000010
   3 H   161.069 -155.855  164.124   82.986    0.000    0.000   67.391   39.560   84.686  -26.629    0.322344   -1.333814   -0.645882   -0.754009   -1.385227   -1.738018   -1.882886   -0.700325   -1.218292   -3.819    0.106    4.551 S_000010
