SEQUENCE: gaaaag
SCORE:     score    rna_stub_coord_hack       N_WC      N_NWC       N_BS description
REMARK RNA 
SCORE:     0.046                  0.046          0          0          0    S_000001
   1 H     0.000  170.252   55.279   83.297 -144.343  160.445   78.503   39.283   95.023   81.799    0.316714   -1.392168   -0.491746   -0.756767   -1.562392   -1.556137   -1.823230   -0.678003   -1.241170    3.794    0.984    0.238 S_000001
   2 P   -82.065 -169.133  159.105  130.152 -118.962 -131.679  102.280  -28.889  151.726  167.282    0.365724   -0.408328   -1.424356   -0.816562   -1.273284   -1.838067   -1.942577   -0.701107   -1.207967    3.825    2.450   -6.039 S_000001
   3 P   -82.645 -177.969   72.751  145.260 -157.503 -148.229  111.875  -38.545  157.429  -12.075    0.322205   -0.223436   -1.480851   -0.764697   -1.222995   -1.851784   -1.919902   -0.771160   -1.168755    0.669    7.691   -9.409 S_000001
   4 P  -172.604  161.126  159.864  155.138 -101.607 -139.360  -48.863  -40.948  155.621   78.591    0.319081    0.026124   -1.484098   -0.731166   -0.944630   -1.986654   -1.887978   -0.700564   -1.211859   -3.514   12.937  -12.180 S_000001
   5 N   -54.846  168.319   55.099   88.569 -157.038  -99.261   90.833   30.172  103.661  179.907    0.367701   -1.292969   -0.730351   -0.800342   -1.476327   -1.692529   -1.878263   -0.683268   -1.229139   -5.924   17.668  -16.290 S_000001
   6 H   -52.067  170.744   49.440   83.200    0.000    0.000   85.085   39.835   93.800  -12.717    0.299869   -1.389862   -0.527310   -0.787380   -1.513891   -1.613732   -1.891942   -0.729496   -1.191641   -7.139   23.073  -19.146 S_000001
SCORE:     0.084                  0.084          0          0          0    S_000002
   1 H     0.000  170.252   55.279   80.473  -87.934  128.409   83.779   35.459  102.154  -20.454    0.315479   -1.388952   -0.551611   -0.809410   -1.594693   -1.566320   -1.851244   -0.705091   -1.223117    3.794    0.984    0.238 S_000002
   2 N   -57.380  151.110   57.385   88.433 -160.417 -148.338   69.450   35.017   95.596  -46.719    0.335047   -1.310783   -0.706439   -0.795816   -1.405901   -1.735772   -1.898067   -0.670696   -1.232076    4.040    4.492   -3.043 S_000002
   3 N   -56.030  169.653   47.713   83.840 -162.761  -72.304   78.552   38.143   95.775  169.901    0.320785   -1.357758   -0.585424   -0.767879   -1.488866   -1.650087   -1.829011   -0.639253   -1.253482    0.121    9.392   -4.489 S_000002
   4 P  -154.050  145.148  124.520   89.904 -156.931 -129.437   98.571   22.752  116.377   53.243    0.366115   -1.304268   -0.738772   -0.890164   -1.596323   -1.568220   -1.925176   -0.727709   -1.180955   -3.152   14.010   -8.063 S_000002
   5 N   -65.626 -178.812   45.419   83.243 -155.697 -101.046   90.153   35.749   93.593  -20.891    0.327144   -1.347053   -0.628578   -0.798375   -1.480378   -1.659015   -1.888567   -0.706468   -1.201677   -6.662   18.702  -11.235 S_000002
   6 H   -59.038  178.066   43.914   78.582    0.000    0.000   87.246   39.460   93.139  -17.247    0.309489   -1.395580   -0.525802   -0.766823   -1.544710   -1.601752   -1.849418   -0.701178   -1.227106   -8.283   23.115  -15.620 S_000002
SCORE:     0.079                  0.079          0          0          0    S_000003
   1 H     0.000  170.252   55.279  154.316  -87.383  121.204  109.599  -38.659  154.891 -122.446    0.319178   -0.048777   -1.489550   -0.765467   -1.002175   -1.985105   -1.911969   -0.716839   -1.204007    3.794    0.984    0.238 S_000003
   2 P   151.662 -137.715  175.507   81.969 -118.435  -83.967   52.655   33.159   95.284  179.921    0.334731   -1.343047   -0.663849   -0.811778   -1.510047   -1.655492   -1.877990   -0.700603   -1.213749    9.445    3.212   -0.649 S_000003
   3 P  -143.310   71.916  171.935  103.615 -167.532  -70.288   89.959   20.785   98.541  -79.188    0.395520   -1.072129   -0.997535   -0.849530   -1.236883   -1.870694   -1.949452   -0.731506   -1.161827   12.849    8.586   -2.309 S_000003
   4 P   171.188  139.895   48.031  148.786  -89.987  157.411  108.795  -40.286  159.861  -88.670    0.317071   -0.125468   -1.481393   -0.752069   -1.134183   -1.879603   -1.914641   -0.711556   -1.203747   14.825   15.156   -2.008 S_000003
   5 P   -87.787  177.868   72.488  125.142 -164.828 -151.898  111.548  -19.213  150.164  -29.735    0.411216   -0.574601   -1.357123   -0.857597   -1.302692   -1.814919   -1.954673   -0.693383   -1.189634   17.807   19.609    0.655 S_000003
   6 H   -56.643  167.817   56.216   81.069    0.000    0.000   71.286   39.765   92.230 -157.663    0.295274   -1.401751   -0.507239   -0.780650   -1.557889   -1.586070   -1.859497   -0.715133   -1.217425   21.287   24.974    0.552 S_000003
SCORE:     0.055                  0.055          0          1          1    S_000004
   1 H     0.000  170.252   55.279  111.608 -121.686 -179.210  169.948   15.088   98.505  -15.019    0.408183   -0.942549   -1.117151   -0.843750   -1.148617   -1.952209   -1.942486   -0.686329   -1.205485    3.794    0.984    0.238 S_000004
   2 P   -61.653  158.780  111.392  131.953 -117.165 -124.089  113.393  -34.124  172.369  170.567    0.367177   -0.534770   -1.378991   -0.795747   -1.498249   -1.528004   -1.900206   -0.681102   -1.220799    8.067    3.193   -3.640 S_000004
   3 P   146.274  156.591  179.483   77.635 -152.028  -72.001   75.273   42.982   89.249  178.900    0.287995   -1.419009   -0.477197   -0.735693   -1.550269   -1.599261   -1.819279   -0.700629   -1.234007   10.201    9.466   -6.765 S_000004
   4 P  -168.839  121.189 -176.246   84.421 -162.310  -96.356  108.244   34.304  106.356  -23.636    0.327894   -1.391748   -0.518664   -0.809234   -1.631897   -1.506085   -1.823324   -0.679514   -1.237292    9.176   15.781   -9.327 S_000004
   5 P   142.990 -157.333 -168.021   81.949 -149.012  -66.119   71.198   43.777   90.331  -21.089    0.268349   -1.386227   -0.533826   -0.747811   -1.438299   -1.663607   -1.829121   -0.660086   -1.293371    8.060   22.170  -10.165 S_000004
   6 H   -64.723  170.488   50.403   83.482    0.000    0.000   79.840   35.055   95.888  179.936    0.324432   -1.361289   -0.596395   -0.804357   -1.536737   -1.610819   -1.886703   -0.730802   -1.192954    9.148   27.979  -11.412 S_000004
SCORE:     0.073                  0.073          0          1          0    S_000005
   1 H     0.000  170.252   55.279  125.364  -68.361  102.839  121.622  -11.330  157.561   18.152    0.409062   -0.835566   -1.214715   -0.914311   -1.467259   -1.617021   -1.946189   -0.649225   -1.200841    3.794    0.984    0.238 S_000005
   2 N   156.206 -167.738 -170.879   84.580 -144.625  -58.211   59.260   35.291  101.679  -13.494    0.327934   -1.371793   -0.583068   -0.794657   -1.553461   -1.596619   -1.845835   -0.684503   -1.254648    6.915    5.231   -1.358 S_000005
   3 P   -91.489 -171.862   60.190  151.408 -141.915  146.948  126.268  -35.959  150.845  170.483    0.328252   -0.054211   -1.490136   -0.790867   -0.952189   -2.007261   -1.913874   -0.676102   -1.216425    8.635   11.332   -2.683 S_000005
   4 P   159.823  148.259   52.017  152.619 -102.582  109.362  112.660  -38.468  158.199  -72.316    0.321336   -0.089259   -1.486939   -0.771327   -1.054341   -1.949287   -1.923012   -0.700543   -1.208381    9.572   17.829   -4.750 S_000005
   5 N   155.984  129.455   79.768   93.588  -83.968 -166.768   62.626   23.626  120.512  -19.503    0.362015   -1.338364   -0.658325   -0.883865   -1.663477   -1.483905   -1.890962   -0.718614   -1.199752   13.180   22.312   -5.655 S_000005
   6 H   -63.348 -179.867   52.575   85.532    0.000    0.000   74.359   36.037   94.341  -15.100    0.332349   -1.345534   -0.622667   -0.781518   -1.490383   -1.660473   -1.879262   -0.704985   -1.218436   13.120   28.630   -7.577 S_000005
SCORE:     0.056                  0.056          0          0          2    S_000006
   1 H     0.000  170.252   55.279  129.920  -89.730  161.173  106.829  -23.592  148.587   23.507    0.397664   -0.478955   -1.397150   -0.829252   -1.262510   -1.848788   -1.941557   -0.677969   -1.207351    3.794    0.984    0.238 S_000006
   2 N  -161.912  144.831  163.138   87.020 -163.361  -72.898   66.879   36.893   92.007  -14.838    0.313333   -1.374187   -0.573869   -0.796398   -1.534179   -1.616031   -1.894495   -0.762736   -1.174099    8.035    4.361   -2.839 S_000006
   3 P  -166.898   57.415  164.201   84.573 -140.977  -65.616   66.700   35.291   96.775  -22.631    0.321818   -1.367659   -0.593412   -0.810656   -1.539393   -1.613780   -1.888899   -0.719215   -1.201128    8.540   10.560   -5.452 S_000006
   4 P   -75.644  168.083   67.814   90.941 -157.060 -127.340   91.236   30.922  102.656 -145.099    0.354641   -1.319354   -0.665360   -0.807874   -1.528183   -1.625955   -1.881488   -0.703515   -1.213541    8.499   16.553   -6.912 S_000006
   5 N   146.424 -163.784  178.255   85.620 -137.294  -67.317   67.440   39.752   87.784 -119.038    0.297106   -1.364557   -0.602477   -0.780092   -1.442511   -1.687950   -1.884111   -0.692719   -1.217120   10.398   23.257   -7.355 S_000006
   6 H   -67.373 -177.250   47.945   80.080    0.000    0.000   81.482   38.365   94.372  -21.571    0.311206   -1.396313   -0.527145   -0.780049   -1.566922   -1.587716   -1.855516   -0.711698   -1.219824   13.044   28.742   -5.555 S_000006
SCORE:     0.050                  0.050          0          0          1    S_000007
   1 H     0.000  170.252   55.279   92.929  -55.539   81.727   99.584   30.943  100.022  -15.140    0.343727   -1.299428   -0.720117   -0.832917   -1.458976   -1.688346   -1.910670   -0.676980   -1.221703    3.794    0.984    0.238 S_000007
   2 P  -166.011 -159.063  128.305   80.104 -136.390  -71.750   75.750   37.773   93.790 -141.032    0.351027   -1.346655   -0.604635   -0.739441   -1.461259   -1.663017   -1.841043   -0.683062   -1.234951    3.657    5.371   -1.871 S_000007
   3 P  -136.188  147.408  170.784   84.536 -136.102  -73.016   76.513   39.583   86.659  179.914    0.336335   -1.326095   -0.664039   -0.729869   -1.374732   -1.758977   -1.869372   -0.707693   -1.223661    2.932   10.976   -5.472 S_000007
   4 P   -68.680  169.651   59.758   76.906 -168.263  -72.640   94.690   42.931   87.237 -104.066    0.287431   -1.404180   -0.511350   -0.742934   -1.486376   -1.628986   -1.834658   -0.682669   -1.236519    1.932   16.720   -7.751 S_000007
   5 N   -74.739 -167.085   66.450  144.617 -154.188  130.603   94.184  -30.442  149.273  141.657    0.359128   -0.249561   -1.457071   -0.807965   -1.095051   -1.938301   -1.936686   -0.718207   -1.184371    1.412   21.330  -12.076 S_000007
   6 H  -105.747  164.057   92.120   74.597    0.000    0.000   74.191   46.573   82.450    1.348    0.229685   -1.474969   -0.303167   -0.752601   -1.638330   -1.447596   -1.853043   -0.714100   -1.213808   -0.987   26.762  -12.917 S_000007
SCORE:     0.078                  0.078          0          0          1    S_000008
   1 H     0.000  170.252   55.279  152.866  -83.040  124.351  127.521  -41.294  164.030   17.731    0.251126   -0.016197   -1.508144   -0.813186   -1.015222   -1.993826   -1.935398   -0.731056   -1.203750    3.794    0.984    0.238 S_000008
   2 P   145.834  169.864  160.515  116.771 -150.825  -95.969  116.851    6.639  112.778  -49.780    0.428419   -0.827735   -1.201961   -0.850477   -1.142936   -1.957796   -1.955336   -0.681649   -1.210816    8.928    4.078   -0.613 S_000008
   3 P   -73.802 -136.212   65.188   84.008   34.117   86.999  130.805   32.048   98.562  116.671    0.355706   -1.305993   -0.699935   -0.802109   -1.466333   -1.686197   -1.887904   -0.697291   -1.216880   13.899    8.919   -0.395 S_000008
   4 P   152.804  179.450  178.912   87.198 -154.572  -78.725   73.493   37.836   90.078  169.479    0.323288   -1.361977   -0.597100   -0.768408   -1.488119   -1.654360   -1.884994   -0.739724   -1.191211   15.993   14.583   -0.408 S_000008
   5 P   -54.794  151.466   64.817   83.496 -143.116  -88.971   76.419   39.764   84.925  179.941    0.312143   -1.366714   -0.574989   -0.754137   -1.462611   -1.651341   -1.862058   -0.728834   -1.200287   19.005   19.067    1.444 S_000008
   6 H   -76.725  165.627   70.591   80.531    0.000    0.000   67.529   42.258   88.898  128.850    0.312719   -1.422073   -0.457527   -0.721086   -1.552919   -1.555558   -1.841042   -0.772129   -1.192168   21.748   24.872    1.619 S_000008
SCORE:     0.081                  0.081          0          0          0    S_000009
   1 H     0.000  170.252   55.279  154.316  -87.383  121.204  109.599  -38.659  154.891 -122.446    0.319178   -0.048777   -1.489550   -0.765467   -1.002175   -1.985105   -1.911969   -0.716839   -1.204007    3.794    0.984    0.238 S_000009
   2 N   140.409 -177.058  166.147  127.764  -83.121 -100.912  123.489  -20.721  136.478  -80.143    0.432444   -0.202361   -1.451235   -0.814471   -0.824471   -2.084192   -1.921199   -0.667198   -1.221491    9.040    3.868   -0.516 S_000009
   3 P   -95.146   79.922  165.186   85.014 -119.295 -153.663   66.114   33.739  100.683 -136.022    0.328777   -1.360527   -0.608919   -0.817938   -1.549218   -1.603974   -1.889720   -0.716707   -1.202847   13.255    7.894   -1.046 S_000009
   4 P   150.796 -161.910  178.356   86.097 -139.863  -62.292   43.499   34.285   97.369  -16.376    0.353702   -1.328244   -0.654287   -0.777898   -1.480747   -1.669247   -1.872892   -0.706980   -1.209412   14.817   14.619    1.110 S_000009
   5 P   -60.599  162.009   59.939  140.771 -155.496 -143.261  171.462  -38.712  164.591  -23.422    0.312444   -0.271307   -1.489031   -0.770005   -1.280109   -1.824124   -1.924378   -0.767040   -1.192114   17.795   19.470    2.504 S_000009
   6 H   -71.047 -177.568   58.511   83.288    0.000    0.000   72.883   37.815   98.272  -14.939    0.311557   -1.384195   -0.558362   -0.784356   -1.539320   -1.610624   -1.857519   -0.690215   -1.230582   23.184   22.675    4.979 S_000009
SCORE:     0.076                  0.076          0          0          1    S_000010
   1 H     0.000  170.252   55.279   81.482  -48.128 -174.127   63.568   46.657   79.128  -32.250    0.227007   -1.432377   -0.376966   -0.720364   -1.599067   -1.521959   -1.779063   -0.662959   -1.248677    3.794    0.984    0.238 S_000010
   2 P   -75.329 -176.435   52.104   85.359 -138.934  -80.729   82.325   33.426   97.849  -21.373    0.343478   -1.334072   -0.655134   -0.804879   -1.496527   -1.654728   -1.894558   -0.709774   -1.206926    6.058    3.046   -5.569 S_000010
   3 P   -69.693 -143.761   50.370  150.420  -78.698 -150.737  140.088  -37.905  153.286   50.926    0.331221   -0.051799   -1.488140   -0.758613   -0.986425   -1.980140   -1.897163   -0.697524   -1.206139    2.528    6.188  -10.504 S_000010
   4 P   165.278  167.371  175.594   83.822 -158.281  -75.127   89.459   36.330   91.172 -137.030    0.339110   -1.327173   -0.662258   -0.772025   -1.433257   -1.708364   -1.881501   -0.696938   -1.221572   -1.594   11.716  -12.455 S_000010
   5 P  -163.415 -164.775  171.520   87.292 -173.272  -90.210   95.538   33.873  101.998   69.427    0.333059   -1.348368   -0.630589   -0.813263   -1.521104   -1.634527   -1.885456   -0.693273   -1.220867   -3.756   18.104  -13.550 S_000010
   6 H   127.419 -157.733 -157.088   85.353    0.000    0.000   70.635   34.182   97.551  100.659    0.350802   -1.344512   -0.617918   -0.780196   -1.522963   -1.622785   -1.863968   -0.704656   -1.218089   -7.628   22.864  -14.221 S_000010
