SEQUENCE: gaaaaaaaaaaaaaaaaaag
SCORE:     score       N_WC      N_NWC       N_BS description
REMARK RNA 
SCORE:     0.000          0          0          8    S_000001
   1 L     0.000  170.252   55.279   81.182 -140.041    0.000   75.188   35.870   94.965 -180.000    0.331356   -1.357739   -0.603747   -0.787309   -1.514475   -1.634258   -1.874843   -0.719530   -1.210405    3.794    0.984    0.238 S_000001
   2 N     0.000  179.570  -66.125 -204.216  250.841  109.710  115.597  -38.337  161.500  -42.906    0.326264   -0.121841   -1.482574   -0.771862   -1.094249   -1.910904   -1.930633   -0.680643   -1.216068    3.235   -3.255   -1.304 S_000001
   3 P   -52.485  146.199   63.914   78.605 -108.011  -71.991   69.785   36.823   95.734  -21.851    0.335851   -1.366891   -0.578094   -0.766108   -1.528329   -1.619564   -1.854667   -0.717590   -1.215597    4.996   -6.795   -3.024 S_000001
   4 P  -134.426 -134.950   40.165  100.637 -139.957  -45.233   82.283   18.027  109.237   13.538    0.398787   -1.161684   -0.902139   -0.830878   -1.478596   -1.718231   -1.904266   -0.728531   -1.194065    5.143   -9.881   -9.114 S_000001
   5 P   -68.214  159.822   59.043   83.277 -134.591  -62.604   89.041   38.993   92.159   20.076    0.317689   -1.365678   -0.582794   -0.761969   -1.479854   -1.657885   -1.853734   -0.680958   -1.238096   -0.335   -8.964   -8.333 S_000001
   6 P   -68.510  159.345   59.814   81.446 -173.282  -74.227   86.123   39.029   90.798  175.484    0.294340   -1.389053   -0.522920   -0.789198   -1.543455   -1.589271   -1.874338   -0.738238   -1.192882   -3.075   -6.119   -3.903 S_000001
   7 N   -51.839  175.740   47.864   73.280 -154.566  -70.061   79.163   36.367   92.995  -22.428    0.283816   -1.435373   -0.496822   -0.803919   -1.687349   -1.498190   -1.864400   -0.715414   -1.176631   -2.649   -3.425    1.213 S_000001
   8 P   -77.003 -130.496   58.681  153.380 -160.194 -149.045  161.544  -39.022  156.297  -39.242    0.316476   -0.024525   -1.487912   -0.765274   -0.977427   -1.988477   -1.914724   -0.683487   -1.222441   -1.710    1.683    5.552 S_000001
   9 P  -111.522   94.767  166.561   88.583 -129.711  -69.749   53.107   35.310   91.797   40.431    0.335079   -1.293233   -0.731708   -0.793233   -1.356348   -1.764013   -1.908404   -0.671971   -1.221885   -2.278    6.131    9.331 S_000001
  10 N   158.329  161.439   56.109   89.088 -133.114  -58.905   70.695   38.871   91.857  -23.230    0.335556   -1.282346   -0.740833   -0.737829   -1.279726   -1.824947   -1.878100   -0.653753   -1.247066   -3.405    9.410   15.241 S_000001
  11 P   154.761  172.033 -179.426   83.223 -124.464  -57.712   60.433   35.786   94.790 -136.230    0.334551   -1.346547   -0.625568   -0.783587   -1.492060   -1.659338   -1.876081   -0.702613   -1.217613    3.069    8.346   14.543 S_000001
  12 P   -56.377 -139.427   58.680  145.687 -127.315  127.606  162.004  -34.987  152.433 -179.314    0.327571   -0.126288   -1.487744   -0.803627   -1.029147   -1.978669   -1.936922   -0.713511   -1.197318    7.895    5.727   11.118 S_000001
  13 N   -70.237  165.795   39.228   92.179 -128.642  -62.411   65.561   36.284   87.785  -25.555    0.324910   -1.282808   -0.753824   -0.789736   -1.318073   -1.804007   -1.887555   -0.651527   -1.224239   12.853    4.910   12.755 S_000001
  14 P   -78.455  174.011   58.666   89.836 -133.944  -46.314   95.544   34.108   94.149  179.939    0.330598   -1.314820   -0.689503   -0.812521   -1.432998   -1.700185   -1.914116   -0.696280   -1.209948   18.803    4.192   10.850 S_000001
  15 P   -57.907 -169.891   30.400   87.052 -167.581  -38.715   97.175   35.710   90.472  175.562    0.300502   -1.354879   -0.615073   -0.820353   -1.496211   -1.632391   -1.915451   -0.762168   -1.135085   20.196    6.697    5.555 S_000001
  16 L   -60.259  170.285   55.558   81.182 -139.955    0.000   75.129   35.858   94.910 -180.000    0.332096   -1.358119   -0.604254   -0.787142   -1.514354   -1.634735   -1.875104   -0.719618   -1.209841   18.107   11.227    3.444 S_000001
  17 P   -63.792  151.337   64.936   83.297 -117.482  -69.683   82.895   37.368   99.133  179.911    0.304627   -1.392684   -0.557573   -0.799053   -1.544560   -1.594264   -1.830741   -0.657003   -1.244296   18.585   14.349    6.724 S_000001
  18 N     0.000 -143.540  -45.121 -208.883  216.002  172.687   88.324  -31.663  138.346  -10.108    0.321477    0.013290   -1.502199   -0.843234   -0.763940   -2.131852   -1.904381   -0.749701   -1.193037   22.878   16.694   10.042 S_000001
  19 P   -89.726 -143.626  -96.139   85.893 -158.948  -46.789   78.765   34.741   93.295  -15.282    0.324075   -1.360258   -0.609857   -0.806683   -1.536347   -1.621330   -1.895649   -0.751318   -1.185912   24.128   21.805   14.373 S_000001
  20 H   -71.420 -178.863   53.824  153.803    0.000    0.000  161.142  -31.947  148.104   21.387    0.354720   -0.105111   -1.489691   -0.806707   -0.932709   -2.015144   -1.932281   -0.626446   -1.223873   25.612   22.037   20.103 S_000001
SCORE:     0.000          0          1          1    S_000002
   1 L     0.000  170.252   55.279   81.182 -140.041    0.000   75.188   35.870   94.965 -180.000    0.331356   -1.357739   -0.603747   -0.787309   -1.514475   -1.634258   -1.874843   -0.719530   -1.210405    3.794    0.984    0.238 S_000002
   2 P  -102.206  104.044  177.543   84.918 -159.296 -123.397   89.660   37.394   91.577    3.421    0.315398   -1.361384   -0.611624   -0.789758   -1.479457   -1.664147   -1.886766   -0.708525   -1.210084    5.230   -3.093   -1.368 S_000002
   3 N   -68.783  178.342   68.061  156.374  -91.217   90.988  118.210  -39.025  158.626   23.183    0.320137   -0.031076   -1.490643   -0.761438   -0.985977   -1.984114   -1.924811   -0.642834   -1.250309   11.316   -4.388    0.885 S_000002
   4 P   157.545  172.727   57.683   81.892 -122.049  -78.920   57.546   36.625   93.335   79.506    0.316588   -1.372631   -0.566013   -0.794962   -1.544699   -1.604085   -1.859099   -0.704839   -1.213252   15.198   -0.799    1.617 S_000002
   5 N  -162.752  145.904   61.952  133.020  -66.904   56.872  124.559  -24.066  147.476   40.164    0.416480   -0.412536   -1.410536   -0.810029   -1.187413   -1.888945   -1.926524   -0.709844   -1.185619   12.189    0.469    7.799 S_000002
   6 P    74.240 -128.552 -161.187   83.237 -118.534  -95.836   73.351   48.189   83.011  -22.390    0.235106   -1.426428   -0.474475   -0.716910   -1.454230   -1.665172   -1.827346   -0.670866   -1.245725   12.480    0.078   10.607 S_000002
   7 N    56.099 -120.227 -142.582  139.159 -104.004  -56.446  140.172  -32.809  153.276   17.793    0.363346   -0.264891   -1.459458   -0.785804   -1.168291   -1.898221   -1.924809   -0.743875   -1.177358   16.162    0.612   14.621 S_000002
   8 N   -76.973 -157.510  176.700   85.843 -114.258  -95.371   94.070   30.421  105.690  163.585    0.356190   -1.348443   -0.621475   -0.817010   -1.589570   -1.562671   -1.870523   -0.726362   -1.193977   18.970    4.332   19.049 S_000002
   9 N   -95.259  132.546   50.581   77.017 -149.001 -139.254   94.890   36.818   99.509 -152.154    0.365238   -1.345863   -0.582466   -0.732304   -1.515025   -1.637609   -1.816053   -0.683551   -1.217767   21.504   10.175   18.733 S_000002
  10 P   -66.771  176.965   51.449   82.228 -139.053  -68.208   86.038   37.185   96.534  -27.950    0.314273   -1.395159   -0.519665   -0.791922   -1.586839   -1.557881   -1.858989   -0.719816   -1.211578   27.301   13.490   18.933 S_000002
  11 P   -69.673  166.597   42.960   86.385 -132.354  -79.059   74.182   35.684   92.958 -166.356    0.332919   -1.326955   -0.661810   -0.792831   -1.435708   -1.695754   -1.893469   -0.693193   -1.210537   32.891   13.559   21.453 S_000002
  12 N     0.000  -97.442  -83.281  133.878 -126.039  -52.106  141.248  -34.467  165.900  -93.665    0.341672   -0.451728   -1.418529   -0.802840   -1.420742   -1.668579   -1.935272   -0.725571   -1.190459   35.652   11.220   25.475 S_000002
  13 P   -82.079  152.542   79.092   83.554 -118.566  -43.498   68.861   36.803   93.278 -160.015    0.322262   -1.366079   -0.589592   -0.783786   -1.517514   -1.630998   -1.871995   -0.711388   -1.214472   36.975    7.779   29.984 S_000002
  14 N    97.031  102.683   50.208  112.716  -26.295   98.286  104.954   -2.599  145.219   26.419    0.405622   -0.988054   -1.101971   -0.933326   -1.533189   -1.608845   -1.962097   -0.677572   -1.194877   37.920    2.368   27.944 S_000002
  15 P   -64.241  167.327   55.046   84.024 -137.850  -64.312   74.856   37.579   86.481  -22.061    0.324298   -1.336083   -0.648319   -0.776109   -1.415661   -1.703609   -1.883757   -0.696366   -1.216049   39.118    1.096   23.995 S_000002
  16 P   157.212  158.215   51.402   82.720 -125.847  -67.709   58.657   35.210   95.720  -24.222    0.329316   -1.367392   -0.592213   -0.797191   -1.547388   -1.610664   -1.889382   -0.740600   -1.190351   36.226    1.580   17.843 S_000002
  17 P   -16.854 -114.071  163.363   89.114  -84.476 -116.562    7.355   35.059   90.560  -25.836    0.358426   -1.293463   -0.706701   -0.765290   -1.389567   -1.742062   -1.900893   -0.720818   -1.199703   38.202   -3.782   16.315 S_000002
  18 N   -64.306 -176.426 -164.285   82.733 -164.071  -69.833  150.000   36.169   94.529 -127.396    0.326983   -1.379006   -0.574100   -0.790101   -1.557432   -1.607684   -1.876861   -0.739799   -1.196556   41.139   -2.548   10.226 S_000002
  19 L   -60.259  170.285   55.558   81.182 -139.955    0.000   75.129   35.858   94.910  180.000    0.332096   -1.358119   -0.604254   -0.787142   -1.514354   -1.634735   -1.875104   -0.719618   -1.209841   41.365   -4.149    4.584 S_000002
  20 H   -64.981  178.981   47.605   79.426    0.000    0.000   77.627   38.253   91.218  179.892    0.318626   -1.377880   -0.560136   -0.769790   -1.525281   -1.621439   -1.866258   -0.717680   -1.215066   44.862   -7.897    4.461 S_000002
SCORE:     0.000          0          1          4    S_000003
   1 H     0.000  170.252   55.279   82.925 -140.098  -77.001   68.672   31.659   99.685  179.895    0.361530   -1.337976   -0.636340   -0.800753   -1.553766   -1.609153   -1.874406   -0.734165   -1.198093    3.794    0.984    0.238 S_000003
   2 P    87.120 -156.439  142.786   89.346  -91.341  -63.104   78.594   29.381  105.570  -16.190    0.353520   -1.305685   -0.698711   -0.842694   -1.500995   -1.637441   -1.904341   -0.669260   -1.213882    7.115   -3.051   -2.330 S_000003
   3 N   -75.551  148.565 -176.602   78.228 -168.936  -75.552   79.276   35.068   95.364   10.531    0.308625   -1.405336   -0.478338   -0.830356   -1.662242   -1.478005   -1.915260   -0.830697   -1.109238    5.631   -5.424    2.759 S_000003
   4 P   -70.393  169.432   55.137   78.555 -168.080  -72.931   84.288   36.806   95.694  -29.804    0.325878   -1.386753   -0.544886   -0.782324   -1.570752   -1.582109   -1.859991   -0.736421   -1.204953    8.949   -4.544    7.640 S_000003
   5 L   -60.259  170.285   55.558   81.182 -139.955    0.000   75.129   35.858   94.910  180.000    0.332096   -1.358119   -0.604254   -0.787142   -1.514354   -1.634735   -1.875104   -0.719618   -1.209841    9.806   -4.034   13.409 S_000003
   6 P   -64.446  160.398   64.943   83.262 -150.923  -75.224   75.718   39.644   89.706  -15.406    0.302626   -1.382999   -0.567450   -0.771426   -1.494469   -1.647122   -1.888483   -0.744503   -1.197779    8.092   -8.154   15.049 S_000003
   7 P    68.582  167.534   63.385   81.107 -128.250  -49.625   78.233   44.515   80.014  -19.866    0.229018   -1.418764   -0.511403   -0.773883   -1.495139   -1.646929   -1.863604   -0.731804   -1.205497    8.609  -14.052   13.694 S_000003
   8 P   -75.806 -175.513   51.772   82.436 -143.895  -64.831   86.600   34.439   94.606  -17.081    0.342890   -1.340238   -0.642713   -0.791486   -1.495812   -1.656863   -1.883558   -0.711681   -1.210144    2.798  -15.786   12.456 S_000003
   9 P   117.921 -171.232 -170.219   78.447   62.606 -102.701 -118.770   27.957  112.135   40.702    0.364920   -1.300278   -0.718655   -0.842664   -1.512712   -1.638495   -1.894109   -0.671317   -1.222019   -1.433  -12.624   15.629 S_000003
  10 P   101.752 -175.985  164.754   99.867 -140.002  -76.758  -47.051   19.810  100.812 -117.097    0.419885   -1.076911   -1.001370   -0.809340   -1.285710   -1.878225   -1.935095   -0.772886   -1.164892   -4.573  -11.768   12.612 S_000003
  11 N     0.000  -97.442  -83.281  133.878 -126.039  -52.106  141.248  -34.467  165.900  -93.665    0.341672   -0.451728   -1.418529   -0.802840   -1.420742   -1.668579   -1.935272   -0.725571   -1.190459   -5.323  -14.175    7.941 S_000003
  12 P  -108.008   79.779  169.411   82.909 -122.883  -80.750   61.728   37.628   90.541   75.007    0.335830   -1.339165   -0.641039   -0.760320   -1.437941   -1.705533   -1.876376   -0.697542   -1.222814   -5.960  -16.636    2.887 S_000003
  13 N    11.156 -141.468   52.800   89.309 -170.418  -42.402   69.358   37.551   89.144  -21.400    0.305058   -1.317450   -0.697273   -0.801137   -1.360217   -1.755413   -1.903377   -0.668606   -1.221850   -6.327  -16.461   -3.024 S_000003
  14 P   -67.766  154.680   47.443   89.278   77.696  -65.680  108.733  -19.362  148.589   50.573    0.445285   -0.698685   -1.285088   -0.816309   -1.474644   -1.672117   -1.912294   -0.737744   -1.178039   -9.919  -15.396   -6.646 S_000003
  15 P   -75.796 -178.635   44.222  130.094 -110.062  -74.291  155.033  -28.666  152.784   50.895    0.366237   -0.528599   -1.389663   -0.824345   -1.419278   -1.722584   -1.945147   -0.813102   -1.123055   -9.235  -12.932   -9.867 S_000003
  16 P   108.246 -153.137  175.954  125.504  -78.386 -151.910  157.518  -34.516  169.390  179.923    0.351862   -0.530561   -1.392292   -0.793275   -1.516755   -1.590027   -1.910937   -0.740572   -1.194142   -8.811  -16.237  -14.650 S_000003
  17 P   -64.893  172.190   57.790   95.803 -134.061  -79.845   79.118   29.141   99.872   -8.487    0.370764   -1.223680   -0.815833   -0.800709   -1.363485   -1.776568   -1.911791   -0.697072   -1.204142   -9.578  -21.137  -19.196 S_000003
  18 P   -62.512  179.697   53.656   81.358 -142.477  -74.422   76.718   40.683   91.367  -22.791    0.288786   -1.409978   -0.488984   -0.772096   -1.564653   -1.577172   -1.871863   -0.752679   -1.195601  -12.458  -22.149  -24.879 S_000003
  19 P  -144.903  127.221 -177.876   83.037 -138.999  -74.859   73.756   32.146   98.685  179.949    0.361076   -1.325429   -0.666502   -0.795029   -1.507480   -1.648622   -1.876021   -0.717484   -1.203681  -14.584  -19.408  -30.619 S_000003
  20 H   -58.744  171.910   60.472   85.499    0.000    0.000   89.035   30.460  110.491  166.627    0.343743   -1.365989   -0.577470   -0.837147   -1.619984   -1.505176   -1.853176   -0.690739   -1.223613  -16.207  -18.837  -36.584 S_000003
SCORE:     0.000          0          1          7    S_000004
   1 H     0.000  170.252   55.279   85.021 -160.214  -65.229   71.674   40.494   91.573  179.933    0.283125   -1.377655   -0.553657   -0.781286   -1.475214   -1.640539   -1.857379   -0.672674   -1.224848    3.794    0.984    0.238 S_000004
   2 L   -60.259  170.285   55.558   81.182 -139.955    0.000   75.129   35.858   94.910  180.000    0.332096   -1.358119   -0.604254   -0.787142   -1.514354   -1.634735   -1.875104   -0.719618   -1.209841    8.645   -1.567   -1.829 S_000004
   3 P   107.811  166.723   57.050  148.912 -108.939  -68.535 -103.066  -37.373  171.004   20.031    0.326025   -0.295776   -1.455349   -0.784885   -1.288672   -1.766291   -1.931055   -0.727577   -1.194615    6.191   -4.479   -5.876 S_000004
   4 N   -75.991 -132.025   67.897  132.001    0.000    0.000  158.093  -29.449  156.540  179.874    0.369208   -0.476073   -1.405772   -0.824545   -1.369181   -1.745492   -1.945517   -0.722912   -1.186684    2.695   -6.059   -0.271 S_000004
   5 P   -66.097 -177.463   40.995   87.959 -151.228  -63.393   81.554   39.501   89.579  -19.635    0.294531   -1.353392   -0.608861   -0.781290   -1.434334   -1.690228   -1.875181   -0.677792   -1.226488    4.300   -8.060   -0.486 S_000004
   6 P   -62.056  164.514   60.152   85.609 -136.009  -55.618   71.896   33.978   96.387 -171.671    0.337195   -1.332229   -0.667663   -0.803432   -1.476167   -1.674944   -1.889279   -0.693236   -1.218071    8.734  -10.349    2.560 S_000004
   7 P   -54.537  177.294   48.123   86.075 -128.165  -88.837   92.215   30.598  100.118   74.705    0.379772   -1.286396   -0.727023   -0.787057   -1.457802   -1.697498   -1.876001   -0.696077   -1.218709    9.869  -10.974    8.377 S_000004
   8 N    30.868 -120.066  169.636   83.794 -168.750  -74.349  111.391   35.183   96.403 -152.609    0.326293   -1.356749   -0.613451   -0.800568   -1.521734   -1.634229   -1.885032   -0.716011   -1.208655    8.278  -12.948   13.235 S_000004
   9 N   -80.125  145.012   44.363  127.156 -113.905  100.651   98.526  -20.508  155.698    8.766    0.414532   -0.652845   -1.309618   -0.847211   -1.425044   -1.685311   -1.944175   -0.713514   -1.182618    5.959  -10.447   17.715 S_000004
  10 P   -67.579  173.179   60.448   85.324 -138.232  -68.995   70.371   34.383   95.562 -163.147    0.340592   -1.345379   -0.621302   -0.790791   -1.519126   -1.630694   -1.877207   -0.721662   -1.195812    2.258   -9.473   20.243 S_000004
  11 P  -147.370  132.427  163.030   85.740 -133.620  -84.078   67.702   34.176   93.870  -15.107    0.344463   -1.309014   -0.688719   -0.791759   -1.433451   -1.704701   -1.888885   -0.699291   -1.211989   -3.245   -6.426   22.614 S_000004
  12 P   158.352 -143.547   66.598   84.858 -165.717  -66.838   77.328   36.489   94.978  179.961    0.326840   -1.356864   -0.594604   -0.778938   -1.514515   -1.633375   -1.869972   -0.700487   -1.223247   -7.538   -2.224   25.180 S_000004
  13 P   -82.678 -172.550   65.841   89.339 -115.406  -77.541   56.585   41.001   86.620 -120.095    0.277331   -1.384808   -0.555903   -0.770582   -1.488918   -1.649053   -1.888270   -0.759624   -1.181897   -4.120   -1.124   30.377 S_000004
  14 P   136.320  120.618   66.351   86.589 -138.675  -81.786 -173.567   -0.217  148.305    3.285    0.352236   -1.367790   -0.633686   -1.021823   -1.981773   -0.911928   -1.832936   -0.864144   -1.095830    2.785   -0.951   30.211 S_000004
  15 P   -67.766  154.680   47.443   89.278   77.696  -65.680  108.733  -19.362  148.589   50.573    0.445285   -0.698685   -1.285088   -0.816309   -1.474644   -1.672117   -1.912294   -0.737744   -1.178039    7.015   -3.582   33.742 S_000004
  16 P    40.396  122.439 -159.914  110.665 -154.697  125.515  111.213    5.582  116.113    8.273    0.419009   -0.933137   -1.138930   -0.862205   -1.338251   -1.857713   -1.947906   -0.719739   -1.194396   10.048   -2.567   33.454 S_000004
  17 P   -65.427  173.567   51.498   78.202 -127.987 -117.047   92.460   42.562   93.059 -147.321    0.266393   -1.428398   -0.436667   -0.771698   -1.591389   -1.548982   -1.817469   -0.678790   -1.251633    6.413    0.328   36.800 S_000004
  18 P   -70.393  169.432   55.137   78.555 -168.080  -72.931   84.288   36.806   95.694  -29.804    0.325878   -1.386753   -0.544886   -0.782324   -1.570752   -1.582109   -1.859991   -0.736421   -1.204953    0.704    3.730   37.820 S_000004
  19 P    74.240 -128.552 -161.187   83.237 -118.534  -95.836   73.351   48.189   83.011  -22.390    0.235106   -1.426428   -0.474475   -0.716910   -1.454230   -1.665172   -1.827346   -0.670866   -1.245725   -1.221    7.886   39.362 S_000004
  20 H   -73.748 -174.418   50.753   83.662    0.000    0.000   66.145   39.606   89.051   11.212    0.319132   -1.346488   -0.631525   -0.752394   -1.408443   -1.717246   -1.871370   -0.679543   -1.231313   -0.521   12.794   44.079 S_000004
SCORE:     0.000          0          6          3    S_000005
   1 H     0.000  170.252   55.279   84.836 -166.928  -69.153   69.579   38.002   90.657  -75.822    0.320903   -1.353636   -0.610555   -0.773064   -1.461142   -1.672343   -1.871062   -0.680187   -1.232872    3.794    0.984    0.238 S_000005
   2 P   -63.535   95.481   85.469   88.841 -150.181  -57.354  -54.406   24.706   99.609  179.902    0.329390   -1.209504   -0.927432   -0.939801   -1.367193   -1.851764   -1.998097   -0.742961   -1.132920    7.966    0.172   -0.921 S_000005
   3 P   -46.385  160.207   45.282   85.940 -166.320  -43.411  104.769   30.871  101.737   26.040    0.341720   -1.324718   -0.673154   -0.842946   -1.518672   -1.637544   -1.898440   -0.683097   -1.213141    9.322   -2.599    3.665 S_000005
   4 P   -41.999  159.181   54.991   87.045 -148.363   65.286   63.502   27.766  112.122   38.651    0.354719   -1.333542   -0.654819   -0.855312   -1.584421   -1.552905   -1.903681   -0.696612   -1.197406    7.876   -7.326    4.937 S_000005
   5 P   -61.092 -179.951   54.774   87.431 -151.537  -67.067   74.859   34.761   92.151  172.102    0.355010   -1.300572   -0.702868   -0.767815   -1.402723   -1.725477   -1.876416   -0.700471   -1.211628   12.062   -9.195    6.679 S_000005
   6 P   -73.926  172.099   56.582   88.506 -115.169  -68.389  111.422   37.930   96.142  163.273    0.298268   -1.362359   -0.620068   -0.804185   -1.464241   -1.681290   -1.871428   -0.631441   -1.259937   16.836  -11.720    9.622 S_000005
   7 P   -66.852  171.023   62.760   87.706 -129.298  -54.605   97.315   35.833   90.571  -25.287    0.329891   -1.317092   -0.684710   -0.788164   -1.409595   -1.719861   -1.892647   -0.683408   -1.224210   16.666  -16.839   13.195 S_000005
   8 P   -62.071  176.417   58.129   82.536 -123.284  -60.412   85.387   38.648   93.033  -26.535    0.302038   -1.398713   -0.521840   -0.787945   -1.563230   -1.583976   -1.870383   -0.724102   -1.209530   13.770  -21.907   11.712 S_000005
   9 N     0.000 -178.209  -77.973  172.775 -179.770 -103.721  -56.297  -46.900  158.839  173.027    0.206742    0.470201   -1.420427   -0.770569   -0.440451   -2.151081   -1.868845   -0.629590   -1.254853   14.656  -24.594    6.795 S_000005
  10 P   -68.680  169.651   59.758   76.906 -168.263  -72.640   94.690   42.931   87.237 -104.066    0.287431   -1.404180   -0.511350   -0.742934   -1.486376   -1.628986   -1.834658   -0.682669   -1.236519   14.922  -21.664    1.440 S_000005
  11 P   -50.061  160.230   50.587   82.504 -143.945  -74.901   87.000   38.995   90.334  179.928    0.311057   -1.368968   -0.591024   -0.772243   -1.476613   -1.667323   -1.872089   -0.694958   -1.225045   14.494  -17.389   -2.097 S_000005
  12 N   -65.098  160.930   52.177  139.794  -88.485   73.776  105.620  -35.491  157.994   16.910    0.349688   -0.247683   -1.471799   -0.772404   -1.194215   -1.866553   -1.916472   -0.667577   -1.228906   14.964  -11.480   -3.304 S_000005
  13 N   -81.686 -157.880   46.578   85.116 -147.031  -75.786   68.506   41.420   86.164  -26.155    0.304591   -1.348412   -0.641640   -0.744870   -1.365489   -1.750464   -1.878531   -0.698388   -1.220833   13.834   -9.991   -7.073 S_000005
  14 N   -56.971  153.570   56.017   90.278 -176.240 -115.163   79.715   39.462   95.358 -126.721    0.314034   -1.294961   -0.734265   -0.728566   -1.323899   -1.826231   -1.853260   -0.638490   -1.263668   12.339   -6.726  -11.649 S_000005
  15 P   171.291  169.959 -177.613   82.893 -112.981  -64.064 -160.215   35.096   98.446  -22.460    0.350190   -1.337119   -0.626357   -0.775003   -1.494760   -1.653337   -1.869839   -0.693031   -1.224570    9.345   -1.947  -15.845 S_000005
  16 P   138.275 -159.615 -170.410   75.004 -145.366  -68.236   62.058   40.630   97.171  178.676    0.268294   -1.443452   -0.403226   -0.793807   -1.677579   -1.480927   -1.819617   -0.725120   -1.219220    7.890    3.905  -15.472 S_000005
  17 P   -49.575  177.089   54.582  134.828  -53.517  119.743  136.873  -22.623  139.781    1.577    0.415113   -0.181629   -1.458622   -0.824429   -0.837216   -2.070052   -1.926492   -0.677612   -1.207316    5.947    8.801  -12.490 S_000005
  18 L   -60.259  170.285   55.558   81.182 -139.955    0.000   75.129   35.858   94.910 -180.000    0.332096   -1.358119   -0.604254   -0.787142   -1.514354   -1.634735   -1.875104   -0.719618   -1.209841    1.416    9.892  -11.354 S_000005
  19 N   -84.742  177.797   70.350   82.653 -136.714  -57.804   70.982   39.671   90.069  -20.427    0.309577   -1.370043   -0.570695   -0.761946   -1.472084   -1.648956   -1.859332   -0.690313   -1.226058   -0.368   14.683  -12.925 S_000005
  20 H   -75.230 -176.562   43.600   75.751    0.000    0.000   80.175   34.966  104.983   34.908    0.311767   -1.439528   -0.405880   -0.828273   -1.744411   -1.385675   -1.832429   -0.760155   -1.194838    1.100   19.152  -17.109 S_000005
SCORE:     0.000          0          0          8    S_000006
   1 H     0.000  170.252   55.279   80.809 -153.459  -72.751   78.453   39.333   93.924  179.924    0.300958   -1.398877   -0.518361   -0.778866   -1.556316   -1.591675   -1.848804   -0.699271   -1.230930    3.794    0.984    0.238 S_000006
   2 P   138.275 -159.615 -170.410   75.004 -145.366  -68.236   62.058   40.630   97.171  178.676    0.268294   -1.443452   -0.403226   -0.793807   -1.677579   -1.480927   -1.819617   -0.725120   -1.219220    7.515   -3.170   -2.685 S_000006
   3 P   -95.533  165.997   54.038   96.785  -84.003  -76.666  148.118    6.640  137.783   49.783    0.412782   -1.190402   -0.848919   -0.903784   -1.707347   -1.428134   -1.911292   -0.760328   -1.171467   10.663   -8.541   -3.968 S_000006
   4 P   -56.781  170.414   53.556   83.718 -153.090  -82.343   96.498   40.849   84.822 -112.564    0.307267   -1.355750   -0.617232   -0.748354   -1.410914   -1.722072   -1.877339   -0.707083   -1.221037    6.345  -12.825   -4.966 S_000006
   5 N   130.112   95.322  172.754   90.106   56.912  145.328  104.661    8.381  132.866   62.578    0.456949   -1.143678   -0.910033   -0.837173   -1.613303   -1.559636   -1.911375   -0.786802   -1.156642    2.770  -13.580  -10.901 S_000006
   6 P   -72.097  158.848   63.735   82.879 -133.103  -69.162   77.628   40.181   91.854   81.759    0.333790   -1.337989   -0.634426   -0.713263   -1.396514   -1.723596   -1.845914   -0.693609   -1.237355    3.062  -10.633  -16.789 S_000006
   7 P   -70.815 -177.377   58.392   86.433 -143.680  -64.848   73.572   34.801   98.775 -157.138    0.327234   -1.321647   -0.655508   -0.800198   -1.457058   -1.672948   -1.877778   -0.673110   -1.228574    7.586   -9.428  -21.190 S_000006
   8 P  -101.183 -133.800   69.321   88.783 -151.343  -75.788   91.246   38.100   87.136  175.802    0.312021   -1.330681   -0.666803   -0.782179   -1.397085   -1.736224   -1.904224   -0.729661   -1.199290   13.663  -12.318  -22.864 S_000006
   9 P   -63.434 -170.261   42.468   84.085 -164.916  -75.697  105.175   33.900   96.467  167.006    0.336275   -1.336986   -0.646421   -0.808664   -1.487335   -1.646679   -1.879484   -0.681855   -1.203485   15.841  -18.186  -24.233 S_000006
  10 N   -57.102  170.585   53.553   82.634 -148.890  -64.795   69.390   35.294   95.781  179.910    0.332818   -1.363736   -0.591995   -0.791683   -1.540046   -1.611039   -1.877011   -0.721078   -1.206279   15.592  -24.042  -24.967 S_000006
  11 N   -31.799 -168.236   42.130  131.609    0.000    0.000  145.421  -26.756  157.940 -130.079    0.367278   -0.446042   -1.409681   -0.847306   -1.281121   -1.819821   -1.969522   -0.663036   -1.214912   12.442  -29.095  -24.481 S_000006
  12 P   -57.862  178.827   51.658   83.689 -121.103  -66.828   68.775   38.628   94.484   68.551    0.289463   -1.388236   -0.552080   -0.796416   -1.526298   -1.608596   -1.875662   -0.711966   -1.215577   14.362  -28.417  -23.186 S_000006
  13 P   -68.417 -178.241   54.426   80.353 -135.213  -64.224   75.677   40.749   87.339  -32.036    0.253546   -1.463633   -0.398493   -0.815396   -1.682284   -1.472103   -1.870703   -0.774839   -1.181613   16.851  -29.351  -17.385 S_000006
  14 L   -60.259  170.285   55.558   81.182 -139.955    0.000   75.129   35.858   94.910 -180.000    0.332096   -1.358119   -0.604254   -0.787142   -1.514354   -1.634735   -1.875104   -0.719618   -1.209841   16.667  -34.233  -13.808 S_000006
  15 P   -85.268  152.074   70.975   84.610 -142.706  -77.573   72.864   29.216  109.707  -16.752    0.376058   -1.305035   -0.699795   -0.806800   -1.506586   -1.631935   -1.863328   -0.661592   -1.236621   16.440  -37.713  -17.226 S_000006
  16 P  -137.093  140.009   64.302   80.636 -156.631  -73.593   84.731   45.197   79.939  106.926    0.283105   -1.383931   -0.558966   -0.706646   -1.412003   -1.719489   -1.850819   -0.705633   -1.244564   18.034  -38.968  -23.610 S_000006
  17 N   -81.026  171.165  -25.273   92.674 -175.027  -38.071   98.360   44.411   66.464  -32.096    0.294213   -1.273319   -0.781983   -0.712093   -1.083224   -1.893539   -1.891754   -0.733336   -1.202299   18.666  -34.183  -27.570 S_000006
  18 P   -62.148  171.137   52.081   83.125 -136.325  -44.859   68.737   36.321   93.208  -38.306    0.312178   -1.392378   -0.513281   -0.804849   -1.603050   -1.536345   -1.884860   -0.770868   -1.165341   13.523  -32.682  -27.331 S_000006
  19 N   167.310 -173.748   52.316   84.488 -145.085  -69.169   72.818   35.472   95.376  179.912    0.319870   -1.359417   -0.608055   -0.805071   -1.518009   -1.629645   -1.878086   -0.714172   -1.196784    9.822  -33.961  -22.333 S_000006
  20 H   -66.616  169.295   62.687   84.499    0.000    0.000   72.407   34.900   99.541  -13.840    0.314737   -1.389661   -0.539148   -0.822094   -1.608425   -1.544047   -1.882616   -0.745045   -1.189996   12.710  -39.354  -22.375 S_000006
SCORE:     0.000          0          3          5    S_000007
   1 H     0.000  170.252   55.279   75.251 -149.541  -78.005   70.738   41.912   90.006 -147.281    0.277458   -1.443591   -0.388943   -0.769757   -1.648896   -1.483356   -1.839556   -0.760679   -1.195379    3.794    0.984    0.238 S_000007
   2 N   -87.011 -171.469   52.477   82.322 -137.849  -58.321   62.324   34.728  100.754  -26.253    0.333751   -1.386435   -0.558292   -0.799481   -1.603943   -1.566520   -1.876157   -0.746224   -1.199438    8.471   -1.398   -3.853 S_000007
   3 P   -60.210  165.037   40.485   79.517 -137.431  -84.998   74.377   41.665   83.740  179.887    0.308519   -1.376083   -0.571295   -0.738318   -1.441834   -1.681284   -1.860292   -0.715689   -1.220993    8.658   -7.000   -5.542 S_000007
   4 P   -64.223  164.721   49.908   81.934 -138.492  -72.435  121.928   33.868  104.933 -166.319    0.319982   -1.396609   -0.526300   -0.832103   -1.635849   -1.510230   -1.855097   -0.702204   -1.222576    4.885  -12.032   -5.502 S_000007
   5 P   -75.949  176.194   58.651   83.681 -120.448 -176.385   94.556   39.197   90.122 -141.902    0.303610   -1.387541   -0.544527   -0.776002   -1.525821   -1.616530   -1.871473   -0.725384   -1.208939   -1.320  -13.254   -4.488 S_000007
   6 L   -60.259  170.285   55.558   81.182 -139.955    0.000   75.129   35.858   94.910  180.000    0.332096   -1.358119   -0.604254   -0.787142   -1.514354   -1.634735   -1.875104   -0.719618   -1.209841   -6.505  -15.518   -7.378 S_000007
   7 P   -63.552 -174.380   48.657   81.093 -139.132  -53.886   81.559   35.687   94.861  179.932    0.325899   -1.371737   -0.576695   -0.797832   -1.551755   -1.601489   -1.878798   -0.725448   -1.203772   -8.988  -11.721   -9.965 S_000007
   8 P   -65.195  175.532   47.184   85.252 -102.081 -130.022   93.081   33.210  102.972 -142.202    0.325681   -1.382859   -0.542304   -0.829575   -1.626758   -1.519368   -1.870631   -0.722846   -1.203625   -7.616   -7.355  -13.846 S_000007
   9 N   -46.580  139.887 -162.825   88.670   14.542   52.132   74.450   39.916   82.530   19.037    0.296619   -1.314670   -0.719106   -0.775256   -1.298713   -1.807118   -1.917234   -0.724791   -1.200621   -5.675   -5.743  -19.633 S_000007
  10 N    27.886 -159.018 -143.960  108.278 -134.928  -61.370   65.398   18.124   99.614  -14.794    0.410804   -0.963572   -1.115211   -0.827072   -1.110644   -1.983657   -1.931590   -0.650288   -1.228146   -2.349   -6.879  -20.673 S_000007
  11 P   -58.738  158.312   62.857   87.020 -124.213  -55.800   94.052   31.028   99.491   18.381    0.362242   -1.295196   -0.707004   -0.802357   -1.473250   -1.681084   -1.889773   -0.712556   -1.203564    1.642   -6.926  -24.863 S_000007
  12 P   101.828 -173.169 -111.905   84.845 -158.848  -85.729   79.980   39.550   82.586  -27.741    0.315524   -1.316175   -0.698659   -0.758856   -1.322511   -1.784404   -1.889229   -0.685330   -1.229959    6.135   -3.357  -23.951 S_000007
  13 N   -65.159  177.828   55.690   78.144 -149.286  -65.816   76.588   39.452   95.168  -18.878    0.297469   -1.420786   -0.463665   -0.781239   -1.615510   -1.530208   -1.839204   -0.722865   -1.218805   10.989    0.634  -24.350 S_000007
  14 P   -54.117  145.582   64.052   83.474  114.409  -73.531   51.222   20.716  121.987  -83.804    0.379059   -1.250340   -0.799490   -0.891165   -1.534780   -1.608868   -1.894034   -0.642547   -1.223093   14.913    3.396  -21.755 S_000007
  15 P   -81.116  145.165   42.050   90.106 -125.749  -67.407   68.259   17.770  123.105   71.131    0.375894   -1.294279   -0.698874   -0.897157   -1.692372   -1.425811   -1.865978   -0.687513   -1.216193   15.324    7.567  -22.072 S_000007
  16 N  -103.277  154.143   48.062   93.033 -161.195  165.687   76.928   30.762   97.200   -9.455    0.352927   -1.287139   -0.727983   -0.829717   -1.435258   -1.694381   -1.917159   -0.692431   -1.193826    9.673    9.374  -19.738 S_000007
  17 P    64.149  177.532 -178.116   83.579 -143.535  -69.167   99.675   37.943   93.663  -20.950    0.311423   -1.377025   -0.568188   -0.785051   -1.518831   -1.624082   -1.866180   -0.698485   -1.221914    6.133    9.147  -14.177 S_000007
  18 P   -80.206  159.319  -68.296   86.971 -163.529  -84.622   92.701   31.629   96.280  -18.171    0.341588   -1.315851   -0.676601   -0.820093   -1.503091   -1.652227   -1.910891   -0.743802   -1.183926    0.771   11.123  -12.008 S_000007
  19 P   -47.728  -96.810  176.569   91.434  163.111   21.139  -43.063   42.609   82.788  -74.471    0.292457   -1.299943   -0.724516   -0.738439   -1.201880   -1.826658   -1.896440   -0.635960   -1.245380    3.472   16.574  -13.252 S_000007
  20 H   -63.794 -179.096   51.149   78.194    0.000    0.000   77.196   40.135   91.446 -168.011    0.296702   -1.415891   -0.483023   -0.773991   -1.584819   -1.564446   -1.856872   -0.730076   -1.211458    0.298   18.588  -16.871 S_000007
SCORE:     0.000          0          2          7    S_000008
   1 H     0.000  170.252   55.279   78.407 -127.445   42.562   78.871   39.646   90.279  179.906    0.296400   -1.405130   -0.499263   -0.779220   -1.561122   -1.569028   -1.863886   -0.747265   -1.189293    3.794    0.984    0.238 S_000008
   2 P  -120.301 -135.770   67.997   90.295 -140.997  -75.011   71.945   35.660   89.364   -6.250    0.341799   -1.300115   -0.705465   -0.779275   -1.384142   -1.747677   -1.895091   -0.676843   -1.228774    1.142   -2.158   -3.791 S_000008
   3 P   -37.254  176.086  -82.662   81.674 -163.147  -20.171  -78.746   30.425  110.389   46.894    0.315986   -1.404317   -0.513863   -0.875687   -1.707781   -1.431674   -1.866842   -0.730064   -1.208522   -0.711   -1.636   -9.540 S_000008
   4 N   162.064  166.387   51.889   80.553 -145.235  -51.562   82.770   38.249   94.047  -22.246    0.315297   -1.394808   -0.521665   -0.777075   -1.567586   -1.578469   -1.858420   -0.724044   -1.210801   -3.896    3.247   -7.164 S_000008
   5 P   -57.453  164.272   54.441   82.303 -165.753  -81.004   92.847   39.731   93.205  -51.304    0.294590   -1.406111   -0.506351   -0.781939   -1.562559   -1.583179   -1.851915   -0.703320   -1.226567   -8.079   -0.359   -8.369 S_000008
   6 N   -30.645  161.918   50.576  145.264  167.401  -97.795  130.765  -37.341  160.066  -48.470    0.309718   -0.199904   -1.478244   -0.793205   -1.172229   -1.893487   -1.942970   -0.738240   -1.191718  -10.716   -3.732  -11.986 S_000008
   7 N   153.680 -163.372   45.500   78.369 -169.647  -59.134   71.077   35.420  103.796  -18.435    0.269211   -1.460190   -0.331201   -0.868864   -1.808564   -1.298527   -1.854455   -0.816447   -1.146931   -8.846   -7.110  -17.027 S_000008
   8 P    38.525  145.468   37.908   88.372  -94.888  -46.500  141.079   36.905   93.226  -23.397    0.320721   -1.314764   -0.698838   -0.783417   -1.380050   -1.750172   -1.871905   -0.632256   -1.252237   -5.207   -3.095  -16.852 S_000008
   9 P    47.805 -146.455  -58.644  117.790  163.346  106.886  121.602   10.881  104.472  -98.982    0.398313   -0.748519   -1.281934   -0.917835   -0.876359   -2.058073   -1.988921   -0.697551   -1.171766   -1.759   -4.189  -13.788 S_000008
  10 P    69.223  137.261 -175.088   86.986 -153.397 -110.460  143.572   33.683   97.732  -12.707    0.328359   -1.339808   -0.647494   -0.818559   -1.502873   -1.648205   -1.897238   -0.709099   -1.201121    4.798   -5.928  -14.782 S_000008
  11 P    35.535  109.260   59.851   92.512  -94.759  157.025   89.931  -14.391  153.550   15.984    0.351705   -1.275563   -0.769746   -0.969770   -2.037185   -0.798024   -1.881155   -0.988903   -0.953486    9.739   -4.622  -17.465 S_000008
  12 N   -59.914  171.867   50.935   79.721 -167.342  -48.812   84.523   40.017   89.126  -23.085    0.314104   -1.370695   -0.583520   -0.751580   -1.468158   -1.673825   -1.852464   -0.680062   -1.240663   14.666   -7.135  -15.646 S_000008
  13 P   -73.451  176.311   59.570   76.404 -161.974  -67.332   78.037   40.310   97.587  179.915    0.275510   -1.460723   -0.337049   -0.797069   -1.726086   -1.394872   -1.824348   -0.759369   -1.196484   19.771   -8.167  -13.079 S_000008
  14 P    32.001  171.924  178.949  150.535 -102.372  -67.388  -46.044  -40.569  164.626   67.380    0.313589   -0.155079   -1.479708   -0.747582   -1.174491   -1.858855   -1.917951   -0.737656   -1.193427   24.778   -5.832  -12.482 S_000008
  15 P   -74.467 -177.551   65.794   89.512 -138.562  -67.576   78.100   36.978  106.430  -18.767    0.290690   -1.339582   -0.649334   -0.822726   -1.418233   -1.685680   -1.785867   -0.483495   -1.318633   24.810   -3.906  -18.588 S_000008
  16 N   161.904 -148.688   56.139   86.720 -158.652  -77.133   61.719   31.564  102.535  -15.572    0.342092   -1.339287   -0.645704   -0.827232   -1.540558   -1.611813   -1.890392   -0.710624   -1.201767   20.964    1.066  -19.778 S_000008
  17 P   -82.543  138.483   55.588   81.034 -136.534  -55.886   84.313   40.699   92.353 -146.160    0.290882   -1.399501   -0.531463   -0.764462   -1.527991   -1.622434   -1.845174   -0.695576   -1.230965   16.742   -0.521  -16.248 S_000008
  18 P  -115.592   84.146  168.141   84.273 -145.206  -76.931   59.630   37.254   87.328  179.897    0.336002   -1.320977   -0.673449   -0.766332   -1.394336   -1.731604   -1.888981   -0.705901   -1.209775   13.341   -5.243  -16.758 S_000008
  19 P   -57.502  177.873   60.462   88.332 -163.080  -64.261   60.200   32.120  105.141  -11.928    0.351213   -1.340408   -0.618034   -0.807162   -1.561746   -1.596868   -1.839070   -0.658537   -1.245627    7.499   -7.342  -17.579 S_000008
  20 H   -58.687  176.832   49.248   76.497    0.000    0.000   78.477   41.860   92.369  -22.011    0.291716   -1.417736   -0.466004   -0.763737   -1.532377   -1.562302   -1.819324   -0.627873   -1.272033    3.257  -10.614  -20.063 S_000008
SCORE:     0.000          0          2          3    S_000009
   1 H     0.000  170.252   55.279   84.872 -160.206  -62.888   80.856   39.649   86.674  174.833    0.286062   -1.366365   -0.598830   -0.791861   -1.448078   -1.679147   -1.889344   -0.690901   -1.220717    3.794    0.984    0.238 S_000009
   2 P    46.108  143.416  -40.953   95.490 -153.692  -62.130   68.724   32.321   94.800  179.915    0.357794   -1.214497   -0.850720   -0.797570   -1.252072   -1.854555   -1.910786   -0.614084   -1.255940    7.022   -3.238   -1.627 S_000009
   3 P  -172.564  127.960  145.240   79.909 -123.423  -74.300   59.084   38.736   99.149    4.314    0.366888   -1.353799   -0.648101   -0.720295   -1.428243   -1.736393   -1.867590   -0.724777   -1.210854    7.154   -7.538   -6.925 S_000009
   4 N   -43.979  -58.589 -145.538   70.395  -70.874 -114.917 -125.503   32.908  112.159   78.641    0.123875   -1.488183   -0.667030   -1.150928   -1.705940   -1.699438   -2.029670   -0.696788   -1.207325    6.093  -10.804  -11.547 S_000009
   5 P   -50.484 -176.503   35.125  140.764 -157.779 -130.731   88.154  -32.121  150.570 -155.790    0.351864   -0.261336   -1.460342   -0.801800   -1.148146   -1.917020   -1.938761   -0.729367   -1.186107    3.985  -16.843  -13.630 S_000009
   6 P   -68.338  170.612   64.134   87.636 -152.947  -66.450   76.285   32.839  100.870  172.211    0.328230   -1.319513   -0.695583   -0.834792   -1.452263   -1.685035   -1.899194   -0.647183   -1.231771    2.007  -23.040  -12.910 S_000009
   7 P  -175.952  175.232   46.162  145.560  -48.344   88.128   94.526  -35.309  158.440  -15.296    0.329954   -0.252066   -1.470414   -0.803968   -1.200041   -1.863478   -1.938131   -0.729140   -1.182188   -0.478  -27.688   -8.650 S_000009
   8 N   151.461 -148.712  151.593   82.814   48.531  -75.123   67.454   25.852  107.198   40.803    0.380322   -1.264931   -0.766267   -0.844105   -1.489648   -1.667177   -1.915551   -0.697301   -1.199561   -1.394  -31.247   -4.987 S_000009
   9 P   -64.346  156.826   56.685   86.556 -129.430  -32.357  106.417   37.665   89.924  169.445    0.324224   -1.348557   -0.640067   -0.773064   -1.443557   -1.699289   -1.882536   -0.702131   -1.213453   -4.403  -28.846   -4.902 S_000009
  10 P   -67.226  165.233   40.472   82.139 -139.781  -65.472   63.391   32.945   96.408 -140.885    0.348358   -1.356064   -0.605445   -0.802291   -1.565766   -1.590196   -1.894600   -0.771130   -1.166501   -5.391  -29.851  -10.166 S_000009
  11 N   -91.354 -179.254   67.521   81.804 -135.609  -77.108   77.533   39.120   93.230  -27.701    0.284563   -1.379414   -0.566203   -0.801062   -1.499830   -1.638541   -1.865850   -0.670106   -1.237566   -6.438  -35.901  -12.318 S_000009
  12 P  -107.827   88.551  161.850   87.760 -119.121  -87.161   59.177   35.817   89.406  -26.893    0.352008   -1.281211   -0.731976   -0.755603   -1.340545   -1.770651   -1.876912   -0.690033   -1.213694   -9.012  -41.168  -11.911 S_000009
  13 N  -174.192 -171.337   62.212   87.906  179.525  -26.943 -174.264   20.894  125.864  179.946    0.366863   -1.329575   -0.689164   -0.909567   -1.676721   -1.470501   -1.888240   -0.700969   -1.208948  -11.435  -47.720  -12.200 S_000009
  14 P   -74.289  168.079   58.371   89.035 -116.196  -61.147  113.333   36.058   95.804  -42.388    0.312583   -1.356341   -0.625891   -0.807567   -1.490738   -1.658170   -1.880554   -0.674604   -1.229282   -7.773  -50.078   -9.230 S_000009
  15 P   -69.100  166.789   60.987   85.575 -126.914  -76.933   76.801   35.484   93.476  -26.212    0.363551   -1.322575   -0.636810   -0.740290   -1.471245   -1.666578   -1.861899   -0.725658   -1.205625   -4.057  -48.039   -4.885 S_000009
  16 N   -64.674  148.723   46.678   83.160 -145.982  -60.268   71.546   37.666   91.951  146.252    0.318263   -1.360509   -0.602313   -0.780348   -1.483605   -1.659174   -1.878440   -0.705180   -1.214030   -4.848  -44.621   -0.043 S_000009
  17 P   159.206 -143.526  165.585   86.440 -102.836  -96.790   73.696   38.503   85.932  -17.299    0.319648   -1.323090   -0.681179   -0.768786   -1.364715   -1.753998   -1.897515   -0.700136   -1.214736  -10.956  -45.013    1.075 S_000009
  18 P   173.931  162.928   45.081   81.125 -154.551  -64.539  100.976   39.976   87.646  175.483    0.298386   -1.376380   -0.565677   -0.773460   -1.482151   -1.652829   -1.871891   -0.724143   -1.204102  -16.645  -48.597    3.357 S_000009
  19 L   -60.259  170.285   55.558   81.182 -139.955    0.000   75.129   35.858   94.910  180.000    0.332096   -1.358119   -0.604254   -0.787142   -1.514354   -1.634735   -1.875104   -0.719618   -1.209841  -18.930  -51.755   -1.087 S_000009
  20 H   -62.535  160.443   51.895   81.605    0.000    0.000   73.129   34.921   97.577 -128.621    0.332709   -1.375424   -0.570407   -0.798621   -1.579015   -1.584336   -1.882368   -0.746376   -1.192711  -16.392  -50.034   -4.695 S_000009
SCORE:     0.000          0          2          6    S_000010
   1 H     0.000  170.252   55.279   82.437 -161.361  -61.526   59.771   35.073   94.048   50.692    0.339349   -1.318756   -0.671624   -0.781918   -1.446538   -1.700059   -1.854062   -0.657669   -1.236035    3.794    0.984    0.238 S_000010
   2 N   -57.968  162.807   57.886   81.197 -137.538  -78.147   82.561   39.732   91.750 -164.999    0.300514   -1.397446   -0.520660   -0.778030   -1.540557   -1.601365   -1.869464   -0.716166   -1.213782    8.480   -1.571   -1.567 S_000010
   3 P  -126.179  138.940  177.602  128.870 -175.447  -84.014   96.666  -24.675  144.399   34.291    0.429508   -0.180220   -1.458434   -0.791134   -0.883354   -2.050890   -1.911737   -0.664996   -1.226029   12.180   -6.357   -4.190 S_000010
   4 P   163.060  132.245 -161.466  110.745 -144.173  -28.975 -105.897    5.313  117.311   -1.995    0.425692   -0.918184   -1.141300   -0.855130   -1.323701   -1.861567   -1.948829   -0.706399   -1.204921   17.380  -10.967   -3.821 S_000010
   5 P   -78.439 -166.713   55.136   86.522 -168.736 -103.721   79.008   36.959   90.662 -112.237    0.321968   -1.339346   -0.649363   -0.787948   -1.435039   -1.699090   -1.891627   -0.688926   -1.217574   21.186  -14.800   -6.407 S_000010
   6 P   161.023  139.121   55.500  153.727 -123.271  175.609   98.961  -39.837  160.777  -92.184    0.316133   -0.114002   -1.485065   -0.754793   -1.110128   -1.910535   -1.913633   -0.713393   -1.208659   26.668  -16.818  -10.514 S_000010
   7 N   154.414  162.136   54.908   93.147 -137.894  -77.752   74.454   34.663   98.444  -16.017    0.324586   -1.252190   -0.795906   -0.782259   -1.309955   -1.823611   -1.880263   -0.623626   -1.248561   28.083  -22.391  -14.730 S_000010
   8 P   -57.646 -146.257   57.461  143.472  -87.641  148.006  147.470  -36.073  161.191  121.537    0.352333   -0.200749   -1.470710   -0.763103   -1.148224   -1.890004   -1.921681   -0.697456   -1.207183   34.048  -24.730  -12.876 S_000010
   9 N    44.815 -172.274  -72.224  148.232 -143.126   83.898  -72.096  -37.412  157.893  -29.034    0.325726   -0.182396   -1.480221   -0.776200   -1.150426   -1.895330   -1.928571   -0.734834   -1.186239   39.088  -27.982  -12.917 S_000010
  10 P  -165.024 -155.266  136.054   81.376 -104.484  -94.369   64.762   33.808  107.848  -21.208    0.310791   -1.373408   -0.561351   -0.838189   -1.578186   -1.541730   -1.861688   -0.678259   -1.227178   36.848  -31.231  -17.738 S_000010
  11 P  -113.430 -178.481   93.314   98.217 -122.031  -87.433   51.316   24.931   97.192 -142.698    0.391907   -1.136006   -0.947615   -0.794818   -1.285980   -1.877296   -1.897678   -0.672689   -1.234082   36.207  -36.757  -22.010 S_000010
  12 P   -64.695  171.183   51.077   83.515 -169.305  -55.331   84.280   35.461   96.184  -27.015    0.324831   -1.371714   -0.564630   -0.798636   -1.568166   -1.584736   -1.868356   -0.724691   -1.195528   39.672  -41.994  -23.701 S_000010
  13 P   161.015 -145.128  158.127   79.216  -94.426  -93.495   49.634   37.679   93.583  -20.037    0.323283   -1.361838   -0.601174   -0.777774   -1.480730   -1.657931   -1.871711   -0.703038   -1.220363   44.384  -44.157  -20.358 S_000010
  14 N   -60.026  167.912   55.409   78.176 -150.105  -80.780   73.112   35.904   98.600  179.903    0.318451   -1.411578   -0.476721   -0.803755   -1.658801   -1.487891   -1.864421   -0.764922   -1.184369   47.148  -45.464  -14.614 S_000010
  15 P   -72.142 -176.609   55.725   82.005 -150.765  -28.426   77.641   37.081   89.625  -20.119    0.342693   -1.343238   -0.627455   -0.759038   -1.454743   -1.677395   -1.869470   -0.717364   -1.212372   46.585  -48.371   -8.849 S_000010
  16 P   -89.726 -143.626  -96.139   85.893 -158.948  -46.789   78.765   34.741   93.295  -15.282    0.324075   -1.360258   -0.609857   -0.806683   -1.536347   -1.621330   -1.895649   -0.751318   -1.185912   41.685  -52.059   -7.179 S_000010
  17 P   -55.002 -122.462   77.729   98.964   67.451  134.511  140.163  -20.484  145.397   64.960    0.441436   -0.559352   -1.351141   -0.802300   -1.318087   -1.817548   -1.926555   -0.722009   -1.195924   36.258  -49.621   -8.881 S_000010
  18 P   -63.682  173.323   57.094   81.698 -142.726  -58.641   72.649   40.360   92.521  -23.260    0.294781   -1.397687   -0.505482   -0.767370   -1.544290   -1.589110   -1.847865   -0.713815   -1.215841   32.711  -50.188  -14.487 S_000010
  19 N   -54.903  154.776   61.317   90.389 -153.454  -67.690   78.209   41.098   98.703 -174.010    0.315812   -1.364555   -0.607771   -0.715135   -1.401968   -1.680572   -1.883353   -0.728056   -1.226265   28.220  -53.041  -16.186 S_000010
  20 H   -77.998  149.295   72.147   87.203    0.000    0.000   74.517   35.766   92.471  151.750    0.324259   -1.333654   -0.643688   -0.796690   -1.459678   -1.676544   -1.884086   -0.699201   -1.210550   25.609  -58.201  -15.778 S_000010
