SEQUENCE: gag
SCORE:     score    rna_stub_coord_hack       N_WC      N_NWC       N_BS description
REMARK RNA 
SCORE:     4.164                  4.164          0          0          0    S_000001
   1 H     0.000  170.252   55.279   87.801   13.535   59.397   76.249   33.683  102.671   32.988    0.318035   -1.345685   -0.638511   -0.829089   -1.508034   -1.631284   -1.881762   -0.657957   -1.235352    3.794    0.984    0.238 S_000001
   2 P  -173.910 -150.992  149.500  127.998 -128.911 -142.558   91.482   -6.193  136.127   15.787    0.408280   -0.788743   -1.262842   -0.923571   -1.317920   -1.806812   -1.984235   -0.740556   -1.116661    7.657    4.165    0.200 S_000001
   3 H   -59.764  173.045   46.436   81.830    0.000    0.000   72.825   37.470   95.439 -148.308    0.318709   -1.368879   -0.586302   -0.782270   -1.507662   -1.637985   -1.865533   -0.688297   -1.231688   11.524    8.327    3.719 S_000001
SCORE:     4.164                  4.164          0          0          0    S_000002
   1 H     0.000  170.252   55.279   87.801   13.535   59.397   76.249   33.683  102.671   32.988    0.318035   -1.345685   -0.638511   -0.829089   -1.508034   -1.631284   -1.881762   -0.657957   -1.235352    3.794    0.984    0.238 S_000002
   2 P  -173.910 -150.992  149.500  127.998 -128.911 -142.558   91.482   -6.193  136.127   15.787    0.408280   -0.788743   -1.262842   -0.923571   -1.317920   -1.806812   -1.984235   -0.740556   -1.116661    7.657    4.165    0.200 S_000002
   3 H   -61.120  174.392   54.812   82.916    0.000    0.000   74.385   40.145   93.203  179.919    0.297221   -1.389905   -0.541938   -0.772989   -1.511138   -1.629219   -1.863622   -0.690317   -1.235704   11.495    8.362    3.751 S_000002
SCORE:     4.086                  4.086          0          0          0    S_000003
   1 H     0.000  170.252   55.279   90.661   85.965  -73.522  109.923  -28.204  148.584   24.958    0.433092   -0.285940   -1.435368   -0.751057   -1.107586   -1.935733   -1.890806   -0.673526   -1.221993    3.794    0.984    0.238 S_000003
   2 P   171.747  153.395  159.041  148.712 -150.900 -143.856  163.298  -31.676  141.216  -34.261    0.335662   -0.099384   -1.482186   -0.823846   -0.920479   -2.044532   -1.934389   -0.708140   -1.198506    7.103    4.798   -0.249 S_000003
   3 H     0.000 -178.226  177.225 -226.437    0.000    0.000  -49.119  -25.902  153.573    6.815    0.420038   -0.184380   -1.457552   -0.793207   -0.915508   -2.025986   -1.927417   -0.661105   -1.232694    7.338   10.961    1.431 S_000003
SCORE:     4.086                  4.086          0          0          0    S_000004
   1 H     0.000  170.252   55.279   90.661   85.965  -73.522  109.923  -28.204  148.584   24.958    0.433092   -0.285940   -1.435368   -0.751057   -1.107586   -1.935733   -1.890806   -0.673526   -1.221993    3.794    0.984    0.238 S_000004
   2 P   171.747  153.395  159.041  148.712 -150.900 -143.856  163.298  -31.676  141.216  -34.261    0.335662   -0.099384   -1.482186   -0.823846   -0.920479   -2.044532   -1.934389   -0.708140   -1.198506    7.103    4.798   -0.249 S_000004
   3 H   -84.527 -172.346   55.986   75.215    0.000    0.000   66.445   40.761   98.584  179.898    0.295515   -1.432216   -0.435955   -0.766887   -1.607814   -1.512562   -1.806565   -0.680900   -1.243794    8.387   11.541    0.654 S_000004
SCORE:     4.102                  4.102          0          0          0    S_000005
   1 H     0.000  170.252   55.279   98.991    2.976   69.291   94.845   22.812  114.805   28.322    0.379725   -1.201446   -0.867416   -0.868505   -1.412348   -1.734341   -1.919642   -0.619040   -1.241313    3.794    0.984    0.238 S_000005
   2 P  -173.910 -150.992  149.500  127.998 -128.911 -142.558   91.482   -6.193  136.127   15.787    0.408280   -0.788743   -1.262842   -0.923571   -1.317920   -1.806812   -1.984235   -0.740556   -1.116661    7.739    4.189    0.493 S_000005
   3 H   -55.703  169.443   48.520   79.668    0.000    0.000   74.430   39.312   93.522  -22.562    0.307239   -1.403231   -0.497406   -0.772917   -1.572296   -1.567081   -1.849711   -0.712935   -1.222670   11.493    8.255    4.129 S_000005
SCORE:     4.086                  4.086          0          0          0    S_000006
   1 H     0.000  170.252   55.279   90.661   85.965  -73.522  109.923  -28.204  148.584   24.958    0.433092   -0.285940   -1.435368   -0.751057   -1.107586   -1.935733   -1.890806   -0.673526   -1.221993    3.794    0.984    0.238 S_000006
   2 P   171.747  153.395  159.041  148.712 -150.900 -143.856  163.298  -31.676  141.216  -34.261    0.335662   -0.099384   -1.482186   -0.823846   -0.920479   -2.044532   -1.934389   -0.708140   -1.198506    7.103    4.798   -0.249 S_000006
   3 H   -61.224  163.211   58.756   73.358    0.000    0.000   71.129   41.497   91.476  -23.362    0.234780   -1.489283   -0.366452   -0.849380   -1.703885   -1.460332   -1.821412   -0.687199   -1.233296    7.507   11.138    0.820 S_000006
SCORE:     4.086                  4.086          0          0          0    S_000007
   1 H     0.000  170.252   55.279   90.661   85.965  -73.522  109.923  -28.204  148.584   24.958    0.433092   -0.285940   -1.435368   -0.751057   -1.107586   -1.935733   -1.890806   -0.673526   -1.221993    3.794    0.984    0.238 S_000007
   2 P   171.747  153.395  159.041  148.712 -150.900 -143.856  163.298  -31.676  141.216  -34.261    0.335662   -0.099384   -1.482186   -0.823846   -0.920479   -2.044532   -1.934389   -0.708140   -1.198506    7.103    4.798   -0.249 S_000007
   3 H   -51.196  167.425   55.466   85.609    0.000    0.000   73.012   34.707   93.535  -17.156    0.352860   -1.300592   -0.707103   -0.777618   -1.398849   -1.732771   -1.883086   -0.678876   -1.224564    7.477   11.123    0.923 S_000007
SCORE:     4.102                  4.102          0          0          0    S_000008
   1 H     0.000  170.252   55.279   98.991    2.976   69.291   94.845   22.812  114.805   28.322    0.379725   -1.201446   -0.867416   -0.868505   -1.412348   -1.734341   -1.919642   -0.619040   -1.241313    3.794    0.984    0.238 S_000008
   2 P  -173.910 -150.992  149.500  127.998 -128.911 -142.558   91.482   -6.193  136.127   15.787    0.408280   -0.788743   -1.262842   -0.923571   -1.317920   -1.806812   -1.984235   -0.740556   -1.116661    7.739    4.189    0.493 S_000008
   3 H    51.541 -164.604  -56.267   83.790    0.000    0.000   68.966   37.757   90.126  -17.587    0.328852   -1.336414   -0.654305   -0.769357   -1.410333   -1.714283   -1.875064   -0.670003   -1.228846   11.987    8.494    3.029 S_000008
SCORE:     4.102                  4.102          0          0          0    S_000009
   1 H     0.000  170.252   55.279   98.991    2.976   69.291   94.845   22.812  114.805   28.322    0.379725   -1.201446   -0.867416   -0.868505   -1.412348   -1.734341   -1.919642   -0.619040   -1.241313    3.794    0.984    0.238 S_000009
   2 P  -173.910 -150.992  149.500  127.998 -128.911 -142.558   91.482   -6.193  136.127   15.787    0.408280   -0.788743   -1.262842   -0.923571   -1.317920   -1.806812   -1.984235   -0.740556   -1.116661    7.739    4.189    0.493 S_000009
   3 H   -62.046  170.066   58.105   79.645    0.000    0.000   78.056   37.564   95.080  -21.788    0.310819   -1.380481   -0.556628   -0.792154   -1.525303   -1.599243   -1.855303   -0.688813   -1.226645   11.419    8.310    4.216 S_000009
SCORE:     4.086                  4.086          0          0          0    S_000010
   1 H     0.000  170.252   55.279   90.661   85.965  -73.522  109.923  -28.204  148.584   24.958    0.433092   -0.285940   -1.435368   -0.751057   -1.107586   -1.935733   -1.890806   -0.673526   -1.221993    3.794    0.984    0.238 S_000010
   2 P   171.747  153.395  159.041  148.712 -150.900 -143.856  163.298  -31.676  141.216  -34.261    0.335662   -0.099384   -1.482186   -0.823846   -0.920479   -2.044532   -1.934389   -0.708140   -1.198506    7.103    4.798   -0.249 S_000010
   3 H    61.316 -153.168  -95.860  100.819    0.000    0.000   85.228   35.538   81.137  -26.256    0.327671   -1.056959   -1.057357   -0.803691   -0.827813   -2.063609   -1.933037   -0.593776   -1.251128    7.272   10.630    2.020 S_000010
