SEQUENCE: gaaaaaaaaaaaaaaaaaag
SCORE:     score    rna_stub_coord_hack       N_WC      N_NWC       N_BS description
REMARK RNA 
SCORE:     0.925                  0.925          0          1          2    S_000001
   1 H     0.000  170.252   55.279   76.509 -159.508  -73.112   81.526   37.167   95.682 -141.022    0.290384   -1.452428   -0.346386   -0.815710   -1.770665   -1.349166   -1.861626   -0.845717   -1.125418    3.794    0.984    0.238 S_000001
   2 N    58.763 -174.463  -62.018   97.388 -147.848  -89.323   80.226   34.012   86.596  -17.451    0.349901   -1.182252   -0.896463   -0.790802   -1.135094   -1.913050   -1.924357   -0.656726   -1.220898    8.193   -2.075   -1.757 S_000001
   3 P   -75.644  168.083   67.814   90.941 -157.060 -127.340   91.236   30.922  102.656 -145.099    0.354641   -1.319354   -0.665360   -0.807874   -1.528183   -1.625955   -1.881488   -0.703515   -1.213541   12.979   -4.168   -5.469 S_000001
   4 N   -75.476  167.351   68.042   72.164 -141.243  -86.102   76.953   47.247   90.589  -21.090    0.197622   -1.482414   -0.305353   -0.774018   -1.657218   -1.463291   -1.812717   -0.703234   -1.238293   17.694   -5.916   -9.671 S_000001
   5 P   -61.236 -144.081   67.298  141.205  -83.161  175.647  156.045  -26.613  152.071   69.787    0.411481   -0.165229   -1.462398   -0.796345   -0.904956   -2.034850   -1.928766   -0.649169   -1.234321   20.429   -8.817  -15.152 S_000001
   6 N   -89.172  152.408   45.538   81.035 -145.774  -84.313   94.015   40.688   98.507  171.841    0.281388   -1.431555   -0.503524   -0.786123   -1.541682   -1.575240   -1.822655   -0.603390   -1.261952   24.215   -9.569  -19.873 S_000001
   7 N    16.277  126.629   54.518   88.693 -116.855 -121.330   99.743   30.155  106.176  -18.945    0.342106   -1.357056   -0.612697   -0.844231   -1.609174   -1.551483   -1.889438   -0.721962   -1.200343   23.620  -10.064  -25.255 S_000001
   8 N   -69.186  167.106   67.549   76.295 -155.234  -62.457   74.072   46.055   89.020 -173.423    0.241006   -1.445814   -0.420835   -0.742580   -1.559410   -1.577205   -1.828053   -0.714214   -1.235623   24.879  -11.185  -31.788 S_000001
   9 N   -68.757 -172.662   57.144  151.309  -92.544   85.144  113.510  -36.814  152.892  179.891    0.323239   -0.099673   -1.480055   -0.780704   -1.029764   -1.969534   -1.925267   -0.708313   -1.205813   26.688   -9.507  -37.508 S_000001
  10 P   164.344 -174.447  169.230   87.267  -85.510 -142.850   47.716   36.293   89.985 -102.058    0.320310   -1.324589   -0.687336   -0.797024   -1.409651   -1.732008   -1.902623   -0.697059   -1.211855   26.656  -12.195  -42.026 S_000001
  11 P   145.559 -147.661 -179.920   89.636 -147.948 -121.251  142.316   19.265  124.361   72.826    0.378876   -1.314939   -0.680925   -0.895597   -1.696331   -1.431095   -1.862822   -0.708039   -1.208086   29.925  -16.302  -46.623 S_000001
  12 P   147.134 -168.848  174.551   84.578 -147.110  -72.890   70.254   33.977   96.687  -24.297    0.349584   -1.331002   -0.659733   -0.788648   -1.484050   -1.669911   -1.886169   -0.707459   -1.211906   34.163  -19.481  -51.280 S_000001
  13 P   168.935  130.259   53.295  151.687 -105.787  158.269   99.642  -39.457  164.899  -78.284    0.311456   -0.213025   -1.473525   -0.773267   -1.229982   -1.822240   -1.928139   -0.719157   -1.203908   37.977  -20.284  -57.142 S_000001
  14 P   -62.389  169.783   55.647   81.886 -145.430  -63.931   76.636   39.200   91.314  179.918    0.323472   -1.360034   -0.587600   -0.748773   -1.465039   -1.662758   -1.845720   -0.670117   -1.239275   39.406  -22.105  -62.521 S_000001
  15 N   -11.279 -164.847   57.922   88.067 -113.774  -91.414   91.031   33.164  105.276   -9.064    0.325481   -1.376055   -0.564151   -0.829711   -1.599160   -1.539674   -1.853167   -0.678057   -1.231848   38.613  -24.083  -67.922 S_000001
  16 P     0.000 -152.994   51.630 -220.124  260.010  176.036  106.635  -26.301  149.684   18.468    0.414289   -0.182498   -1.456633   -0.794019   -0.920794   -2.021590   -1.920453   -0.691033   -1.208312   39.372  -21.691  -73.687 S_000001
  17 P   -49.805 -179.338   53.666   75.225 -167.869  -83.164   83.533   35.741  101.767  -29.149    0.303752   -1.459877   -0.336373   -0.821984   -1.807150   -1.313018   -1.855208   -0.850698   -1.128122   41.209  -24.037  -79.198 S_000001
  18 P   -39.386  143.183   66.348  128.814 -146.508  -87.217   73.642  -27.279  153.460   14.549    0.385538   -0.533763   -1.385414   -0.820177   -1.402552   -1.735938   -1.940365   -0.748786   -1.168511   41.661  -27.714  -82.976 S_000001
  19 N   -56.323  174.082   48.088   84.541 -167.213 -103.451   96.804   35.162   95.241  174.082    0.329159   -1.345000   -0.641416   -0.804535   -1.483201   -1.666557   -1.894831   -0.706109   -1.209019   45.553  -30.097  -87.332 S_000001
  20 H   -54.602 -176.070   43.473   78.459    0.000    0.000   91.783   35.619   98.887  -22.337    0.296733   -1.413755   -0.507500   -0.838853   -1.634605   -1.515704   -1.887831   -0.752825   -1.172634   48.964  -33.194  -91.700 S_000001
SCORE:     0.696                  0.696          0          2          3    S_000002
   1 H     0.000  170.252   55.279   82.813 -139.477  -82.530   59.520   38.703   89.672 -140.492    0.319712   -1.352579   -0.614595   -0.765726   -1.444378   -1.687857   -1.868442   -0.678778   -1.230683    3.794    0.984    0.238 S_000002
   2 N     0.000  171.232   42.686 -281.925  192.812  -78.577   86.482   40.522   92.770  -22.371    0.299951   -1.405806   -0.497248   -0.762065   -1.558197   -1.585696   -1.837149   -0.698760   -1.236191    7.943   -2.214   -2.557 S_000002
   3 N   -69.076  176.689   52.985    2.898  137.543   79.082   97.910   29.520   98.793  179.916    0.400313   -1.215579   -0.827639   -0.773483   -1.333450   -1.799685   -1.887395   -0.654539   -1.242200   12.844   -3.906   -5.833 S_000002
   4 P   -84.921 -160.153   51.151   92.872 -157.793  -72.495   83.982   31.841   95.808  175.113    0.352351   -1.257996   -0.785862   -0.800994   -1.351278   -1.767175   -1.885316   -0.636366   -1.231518   13.417   -6.074  -11.825 S_000002
   5 P   -60.812 -146.102   71.756  156.668  -78.282 -169.333  154.499  -36.879  159.613   62.580    0.318603   -0.121311   -1.484608   -0.802024   -1.070048   -1.952590   -1.947726   -0.665159   -1.220540   14.923   -5.529  -18.127 S_000002
   6 P   -56.216  173.996   51.442   88.216 -177.968  -81.302   89.840   33.180   94.605  -66.941    0.343357   -1.302622   -0.719313   -0.810031   -1.420597   -1.722724   -1.924577   -0.727126   -1.191358   16.695   -5.792  -24.399 S_000002
   7 P   -60.210  165.037   40.485   79.517 -137.431  -84.998   74.377   41.665   83.740  179.887    0.308519   -1.376083   -0.571295   -0.738318   -1.441834   -1.681284   -1.860292   -0.715689   -1.220993   17.976   -7.315  -29.751 S_000002
   8 P  -103.910  110.620  164.774   91.062 -117.397  -84.000   88.986   25.438  103.844  178.506    0.411128   -1.208434   -0.824016   -0.798741   -1.398278   -1.727761   -1.891952   -0.677546   -1.211275   21.640   -9.287  -34.103 S_000002
   9 P   -99.143  177.713   79.058   85.411 -148.231  -83.969   82.472   35.608   97.203  179.907    0.332057   -1.343698   -0.639068   -0.785888   -1.460087   -1.653040   -1.871584   -0.626858   -1.259185   23.189  -11.218  -40.460 S_000002
  10 N   -51.070  174.700   50.713   86.012 -140.867  -75.544   79.767   32.147   96.067  -20.526    0.345165   -1.316076   -0.681692   -0.808525   -1.491229   -1.665222   -1.899014   -0.733087   -1.193423   26.892  -14.530  -44.196 S_000002
  11 P   -45.877  171.997   75.861  114.066  -86.988  127.298  114.576   -5.946  151.499   12.917    0.390667   -1.089589   -1.018092   -0.963554   -1.699214   -1.376075   -1.908622   -0.717401   -1.162452   30.467  -19.377  -45.066 S_000002
  12 N   163.815 -164.479  163.460   86.090 -126.178  -77.063   69.324   37.584   88.006  -19.591    0.327025   -1.324864   -0.670087   -0.774636   -1.394663   -1.733976   -1.894762   -0.701587   -1.211359   34.707  -19.452  -49.596 S_000002
  13 P   140.004 -161.511  172.648   87.535 -135.875 -127.774  -63.089   27.673  113.365  -21.649    0.351703   -1.359808   -0.617725   -0.860422   -1.647064   -1.511100   -1.888219   -0.728269   -1.197425   37.514  -21.398  -55.032 S_000002
  14 P  -175.081  177.888   61.143  152.701 -105.799  170.478  100.743  -40.258  159.966  -51.450    0.305816   -0.136048   -1.487621   -0.761982   -1.147414   -1.893800   -1.920368   -0.739943   -1.195843   38.779  -25.491  -60.980 S_000002
  15 P   -60.074  100.904   95.123   80.600 -168.699  -58.665   64.075   33.455  100.282   76.754    0.326731   -1.385062   -0.546528   -0.819864   -1.626463   -1.526260   -1.877180   -0.758618   -1.182090   41.798  -27.709  -64.191 S_000002
  16 N  -174.783  120.716  177.399  150.472 -127.479 -150.643  -46.738  -38.379  156.036  172.165    0.295515   -0.075973   -1.493365   -0.801078   -1.032701   -1.963612   -1.942754   -0.690149   -1.211052   46.270  -27.399  -69.191 S_000002
  17 N    52.147  140.224  -71.987  143.391 -148.631  164.118  -53.466  -31.843  149.895   28.097    0.353589   -0.241031   -1.466154   -0.805205   -1.117014   -1.939107   -1.937029   -0.729794   -1.184213   50.055  -25.474  -74.581 S_000002
  18 N   -96.944 -118.522  -60.053   95.328 -169.007  -65.789  -56.173   25.207   99.159  -68.654    0.390123   -1.172867   -0.899301   -0.826723   -1.327873   -1.819425   -1.929240   -0.701191   -1.205209   49.591  -29.013  -80.399 S_000002
  19 N   124.186   93.998    9.785  137.904 -159.067  160.088   89.953  -36.158  161.442   31.070    0.323702   -0.286103   -1.466193   -0.797403   -1.258219   -1.829089   -1.952232   -0.757296   -1.174424   53.505  -28.386  -85.891 S_000002
  20 H   -52.386  161.645   55.765   84.119    0.000    0.000   81.012   33.550   97.717  -19.825    0.339970   -1.348846   -0.631465   -0.808506   -1.529453   -1.631595   -1.894519   -0.727416   -1.197641   54.783  -32.048  -90.492 S_000002
SCORE:     0.583                  0.583          0          1          5    S_000003
   1 H     0.000  170.252   55.279   81.250 -152.098  -72.237   77.894   44.450   83.958  179.885    0.284966   -1.417327   -0.496848   -0.719518   -1.489462   -1.634103   -1.830766   -0.714343   -1.221500    3.794    0.984    0.238 S_000003
   2 P  -113.430 -178.481   93.314   98.217 -122.031  -87.433   51.316   24.931   97.192 -142.698    0.391907   -1.136006   -0.947615   -0.794818   -1.285980   -1.877296   -1.897678   -0.672689   -1.234082    8.503   -1.904   -3.543 S_000003
   3 P   -79.935 -110.906   87.017  144.773  -53.661 -147.164  171.200  -40.986  158.896   19.122    0.306407   -0.194610   -1.474750   -0.741624   -1.230459   -1.840193   -1.901831   -0.793111   -1.157033   10.340   -6.243   -8.719 S_000003
   4 P  -128.384  113.180  162.852   86.269 -121.412  -87.458   58.577   34.811   87.922  -17.940    0.354485   -1.288841   -0.734645   -0.775911   -1.359654   -1.760900   -1.893358   -0.695028   -1.213425   13.898   -7.907  -13.727 S_000003
   5 N   -55.272  162.536   44.326   81.148 -147.631  -71.462   84.117   44.399   83.688  -20.955    0.268248   -1.391684   -0.551481   -0.747485   -1.413434   -1.695279   -1.883644   -0.718810   -1.212769   16.091  -12.061  -17.925 S_000003
   6 P  -113.771   74.531  170.819   86.101 -133.103  -53.873   72.890   38.065   87.014  172.662    0.333586   -1.327875   -0.661307   -0.756194   -1.393451   -1.726533   -1.885827   -0.705198   -1.209899   20.094  -15.727  -20.060 S_000003
   7 P   138.275 -159.615 -170.410   75.004 -145.366  -68.236   62.058   40.630   97.171  178.676    0.268294   -1.443452   -0.403226   -0.793807   -1.677579   -1.480927   -1.819617   -0.725120   -1.219220   24.486  -17.826  -23.578 S_000003
   8 P  -109.262   88.349  166.970   83.859 -138.987  -65.973   58.939   33.360   96.071  179.884    0.351261   -1.321286   -0.667970   -0.790772   -1.481709   -1.670206   -1.882775   -0.720551   -1.203499   28.749  -18.870  -27.298 S_000003
   9 P   -54.813 -177.529   51.711   88.867 -146.665  -84.196   81.010   40.973   83.203  -23.502    0.315786   -1.319153   -0.681072   -0.734657   -1.315505   -1.785794   -1.870032   -0.664536   -1.238022   30.478  -19.400  -33.220 S_000003
  10 P   -80.314 -173.596   56.882   86.088 -167.618  -79.046   89.256   37.208   91.369  179.912    0.323518   -1.351255   -0.627853   -0.778187   -1.467451   -1.680747   -1.893103   -0.725796   -1.204031   34.862  -20.370  -38.138 S_000003
  11 P  -107.827   88.551  161.850   87.760 -119.121  -87.161   59.177   35.817   89.406  -26.893    0.352008   -1.281211   -0.731976   -0.755603   -1.340545   -1.770651   -1.876912   -0.690033   -1.213694   39.040  -21.923  -41.464 S_000003
  12 N  -161.912  144.831  163.138   87.020 -163.361  -72.898   66.879   36.893   92.007  -14.838    0.313333   -1.374187   -0.573869   -0.796398   -1.534179   -1.616031   -1.894495   -0.762736   -1.174099   42.408  -23.866  -47.359 S_000003
  13 N   -54.164  -63.717 -126.403   85.745 -115.260  -53.630   54.726   36.348   94.211  -23.289    0.322881   -1.348328   -0.641328   -0.796389   -1.466702   -1.684666   -1.897520   -0.712848   -1.207082   43.481  -27.072  -52.088 S_000003
  14 P   -61.589  174.919   54.301   83.164 -148.884 -114.815   81.421   38.116   93.490 -174.133    0.311029   -1.376950   -0.562607   -0.784301   -1.519572   -1.621959   -1.872301   -0.709334   -1.214773   42.782  -27.215  -58.008 S_000003
  15 P   -60.519 -150.721   69.014  155.654  -81.600 -163.057  158.185  -44.635  163.664   97.265    0.258206   -0.039368   -1.494873   -0.750175   -1.106028   -1.909076   -1.907704   -0.770525   -1.183420   44.012  -25.823  -64.606 S_000003
  16 P   -84.282  173.509   67.304   79.726 -161.623  -72.219   83.806   39.709   89.194  -24.372    0.317543   -1.371292   -0.583558   -0.752345   -1.459653   -1.660192   -1.838323   -0.672066   -1.238103   46.049  -25.864  -70.977 S_000003
  17 P  -115.802   88.982  168.765   83.267 -120.469  -58.675   55.685   38.344   89.811  -17.856    0.324559   -1.352439   -0.614358   -0.764675   -1.452518   -1.683192   -1.880395   -0.712341   -1.211516   46.957  -28.179  -76.199 S_000003
  18 N   -74.064 -177.704   48.749  150.340 -154.485  153.392  131.849  -33.312  147.447  168.918    0.335143   -0.069542   -1.482537   -0.803152   -0.912200   -2.037999   -1.931248   -0.636521   -1.234597   47.438  -29.025  -82.422 S_000003
  19 P   108.246 -153.137  175.954  125.504  -78.386 -151.910  157.518  -34.516  169.390  179.923    0.351862   -0.530561   -1.392292   -0.793275   -1.516755   -1.590027   -1.910937   -0.740572   -1.194142   49.362  -29.614  -88.642 S_000003
  20 H   -59.407 -167.853   42.176   82.046    0.000    0.000   77.598   35.846   92.017  -73.102    0.318716   -1.354932   -0.615006   -0.800825   -1.503530   -1.644127   -1.894255   -0.731389   -1.190797   49.677  -30.247  -95.403 S_000003
SCORE:     0.680                  0.680          0          2          4    S_000004
   1 H     0.000  170.252   55.279   77.518 -153.663  -68.011   76.224   39.617   92.694  179.897    0.294565   -1.413365   -0.466640   -0.785206   -1.596236   -1.536530   -1.858581   -0.742039   -1.200174    3.794    0.984    0.238 S_000004
   2 N   -73.802  171.379   50.821   85.141  -89.818 -160.306  100.484   34.500  100.043   20.034    0.326292   -1.370764   -0.583657   -0.816921   -1.561655   -1.590200   -1.871886   -0.695272   -1.218830    8.568   -1.532   -2.670 S_000004
   3 P   -57.485  160.139   75.855  150.070 -129.358 -140.723  124.656  -40.385  156.749  145.069    0.321419   -0.067867   -1.491898   -0.742948   -1.064012   -1.946365   -1.896169   -0.757348   -1.185391   11.465   -4.163   -7.875 S_000004
   4 P   -64.446  160.398   64.943   83.262 -150.923  -75.224   75.718   39.644   89.706  -15.406    0.302626   -1.382999   -0.567450   -0.771426   -1.494469   -1.647122   -1.888483   -0.744503   -1.197779   14.332   -7.210  -12.916 S_000004
   5 P  -165.123  123.315  171.991   87.033 -153.571  -59.887   73.452   35.136   95.198   -8.374    0.331756   -1.337775   -0.632899   -0.796073   -1.488319   -1.658809   -1.881383   -0.691431   -1.212719   17.001   -8.027  -19.215 S_000004
   6 N   -84.263 -166.406   49.960   86.886 -170.170  -64.250   68.444   35.150   92.055  -72.550    0.337560   -1.337429   -0.636850   -0.788906   -1.485206   -1.663358   -1.888532   -0.724273   -1.194978   19.569   -9.416  -24.963 S_000004
   7 P  -145.272  107.505  161.174   94.670  147.437  143.710   84.320   28.447   90.169 -113.690    0.361024   -1.094483   -0.996074   -0.845065   -1.073377   -1.943138   -1.954076   -0.689021   -1.181845   20.031   -8.673  -31.228 S_000004
   8 P  -106.179  169.734   88.640   87.854 -141.474  -79.258   65.683   31.930   96.441   -4.081    0.372309   -1.284424   -0.724690   -0.777056   -1.437418   -1.717149   -1.880518   -0.716526   -1.208986   21.486   -5.536  -37.177 S_000004
   9 P   -64.882 -168.243   40.328   82.456 -172.395  -65.534   93.327   30.800  105.510  -72.056    0.340724   -1.375252   -0.563315   -0.834893   -1.650746   -1.502271   -1.883856   -0.768006   -1.171307   24.864   -3.695  -42.496 S_000004
  10 P   -62.792  177.096   62.427   87.072 -111.269  -96.998   58.794   32.285   97.059  179.912    0.334952   -1.276693   -0.773654   -0.831025   -1.377791   -1.773170   -1.928494   -0.669650   -1.227726   29.228   -4.122  -46.356 S_000004
  11 P   -60.707  161.519   61.742   82.108 -140.892  -59.253   73.105   39.499   92.322   39.864    0.311295   -1.378461   -0.559460   -0.763657   -1.498917   -1.638658   -1.848836   -0.683304   -1.235899   33.159   -7.364  -50.353 S_000004
  12 P   -62.626 -122.615   63.857  147.459 -150.655 -139.352   84.773  -34.014  151.727  144.612    0.349059   -0.165544   -1.477897   -0.787161   -1.059061   -1.954585   -1.923151   -0.725931   -1.189707   33.752  -12.995  -53.689 S_000004
  13 P   -71.777  165.613   61.201   85.489 -149.064  -60.309   80.250   41.908   86.036  -22.259    0.294339   -1.364845   -0.585142   -0.742408   -1.418300   -1.693362   -1.832212   -0.628050   -1.256233   34.303  -17.181  -58.706 S_000004
  14 P   -73.784 -136.674   65.003   93.602   55.712  100.910  136.596   18.295  115.084  142.157    0.414781   -1.154956   -0.917319   -0.856962   -1.421293   -1.727181   -1.932139   -0.681515   -1.198908   33.184  -18.719  -65.071 S_000004
  15 N    81.524  167.594 -172.374   89.270 -133.659  -66.310   66.082   40.920   93.405   61.847    0.456697   -1.239699   -0.779631   -0.562289   -1.127827   -1.850313   -1.734501   -0.497673   -1.277144   34.956  -20.414  -71.249 S_000004
  16 P   173.330 -176.176  173.161   89.236 -120.118 -113.526   66.601   30.578  105.566 -179.411    0.341486   -1.333597   -0.661409   -0.838980   -1.537240   -1.610372   -1.902227   -0.711169   -1.197381   40.262  -22.261  -74.923 S_000004
  17 P  -119.464   88.323  161.754   89.100 -132.685  -65.934   58.494   35.313   83.955   60.290    0.358458   -1.250811   -0.782860   -0.763766   -1.275202   -1.822336   -1.912556   -0.754868   -1.176177   43.989  -25.761  -78.511 S_000004
  18 N   -72.822 -179.384   51.467   87.322 -171.326  -70.538  109.497   33.928   90.468 -171.167    0.328257   -1.324310   -0.657781   -0.806422   -1.480613   -1.662978   -1.885701   -0.733327   -1.182842   46.081  -28.907  -83.641 S_000004
  19 P  -103.391 -125.637  101.157  105.870  -69.302  113.943  131.551    1.218  140.159    0.330    0.433315   -1.023716   -1.047488   -0.884846   -1.541958   -1.622889   -1.923878   -0.703422   -1.192220   51.285  -32.461  -86.387 S_000004
  20 H   -54.663  172.194   45.769   73.200    0.000    0.000   84.725   41.252   95.632  179.941    0.276490   -1.461062   -0.328087   -0.781000   -1.721605   -1.401229   -1.807208   -0.754117   -1.206704   52.051  -31.841  -90.819 S_000004
SCORE:     0.585                  0.585          0          0          2    S_000005
   1 H     0.000  170.252   55.279   79.396 -154.938  -69.860   70.761   42.130   91.129   82.696    0.270588   -1.429249   -0.450620   -0.776176   -1.577572   -1.554092   -1.833801   -0.678070   -1.240678    3.794    0.984    0.238 S_000005
   2 P  -166.898   57.415  164.201   84.573 -140.977  -65.616   66.700   35.291   96.775  -22.631    0.321818   -1.367659   -0.593412   -0.810656   -1.539393   -1.613780   -1.888899   -0.719215   -1.201128    7.265   -0.962   -5.225 S_000005
   3 P   -78.868  167.798   83.401   76.627 -155.813  -94.543  100.575   38.523   98.136  -30.394    0.299144   -1.414359   -0.476200   -0.789731   -1.615623   -1.527673   -1.849175   -0.734743   -1.210590   10.887   -1.912  -10.165 S_000005
   4 N   -68.246 -179.265   60.610   82.394 -166.940 -101.879   80.724   34.938   96.446 -174.394    0.326881   -1.364842   -0.584319   -0.805091   -1.547696   -1.595186   -1.878234   -0.725880   -1.199119   15.206   -2.913  -14.905 S_000005
   5 N   -64.167 -175.945   48.495   80.782 -146.041  -72.429   78.341   40.737   90.180  -18.966    0.289552   -1.408552   -0.491212   -0.772855   -1.557366   -1.581207   -1.853961   -0.717212   -1.217435   18.994   -4.745  -19.767 S_000005
   6 P  -118.291   70.983  153.577  140.545 -140.730  -91.280   91.877  -34.876  157.492 -163.076    0.335873   -0.304070   -1.457801   -0.797149   -1.257287   -1.833013   -1.942989   -0.772473   -1.162934   21.702   -8.753  -23.250 S_000005
   7 P   -64.241  167.327   55.046   84.024 -137.850  -64.312   74.856   37.579   86.481  -22.061    0.324298   -1.336083   -0.648319   -0.776109   -1.415661   -1.703609   -1.883757   -0.696366   -1.216049   25.156   -8.022  -28.557 S_000005
   8 P   -50.847 -153.930   49.120   93.007 -134.396  -62.558   72.344   30.808   96.809  -12.055    0.364542   -1.208167   -0.854661   -0.810682   -1.263426   -1.833937   -1.914873   -0.629747   -1.230242   30.015  -10.818  -31.609 S_000005
   9 P  -107.319   79.099  167.292   84.070 -130.682  -74.105   62.042   40.406   88.517  -22.237    0.311118   -1.368851   -0.595316   -0.752790   -1.440159   -1.688069   -1.879994   -0.727387   -1.201946   31.577  -14.380  -35.790 S_000005
  10 P   -44.067  -93.854  -72.998   87.904 -154.285  -52.623   77.301   37.883   88.868 -140.081    0.305565   -1.330008   -0.674111   -0.793830   -1.383983   -1.733151   -1.899652   -0.682674   -1.218751   35.814  -16.116  -40.086 S_000005
  11 N   -80.912  170.295   74.913   92.230 -101.676  160.129   85.912   22.565  113.402   32.264    0.354236   -1.285593   -0.749840   -0.887328   -1.592901   -1.586659   -1.888613   -0.668587   -1.229021   38.683  -19.374  -44.187 S_000005
  12 N    46.737 -117.645 -175.329   80.206  176.772  134.992   87.923   32.681  111.378 -102.094    0.326151   -1.414270   -0.482742   -0.840773   -1.698270   -1.435873   -1.803426   -0.676447   -1.247636   40.053  -20.594  -49.152 S_000005
  13 N  -129.028 -163.582   48.553  135.468 -141.911 -174.848  157.057  -27.178  160.516  155.765    0.423310   -0.241784   -1.447837   -0.777242   -1.015377   -1.948135   -1.915235   -0.727216   -1.192394   43.690  -24.442  -53.801 S_000005
  14 P   150.354 -146.572  169.813   81.943  -99.941  -57.011   67.265   40.084   86.450  179.907    0.323070   -1.350975   -0.619399   -0.742144   -1.408226   -1.708882   -1.860861   -0.699578   -1.221563   45.096  -26.236  -60.511 S_000005
  15 N   -66.357 -103.620  147.467   87.655  165.407   24.026  169.021   22.730 -139.800  100.168    0.378939   -1.308348   -0.685856   -0.876617   -1.631489   -1.509043   -1.895382   -0.712426   -1.195761   44.740  -24.349  -66.712 S_000005
  16 N   -78.088 -169.127   52.805   81.057 -142.609 -120.995   86.193   38.423   92.055  -98.351    0.324361   -1.377004   -0.563956   -0.764392   -1.516951   -1.630569   -1.851348   -0.704557   -1.226574   48.408  -26.263  -70.408 S_000005
  17 N   -63.104  165.908   56.429   86.709 -129.412  -72.668   87.067   38.549   94.742  177.152    0.305989   -1.373677   -0.590682   -0.781510   -1.492864   -1.658446   -1.882267   -0.678585   -1.224153   51.287  -27.097  -76.214 S_000005
  18 N   -70.443 -167.722   51.755   93.173  123.329  -97.835  101.915   28.273  100.650 -112.099    0.350732   -1.173409   -0.879789   -0.854740   -1.245858   -1.819409   -1.953517   -0.676129   -1.177028   51.265  -31.072  -81.481 S_000005
  19 P   -57.468  174.374   40.120   83.905 -147.664 -125.871  133.362   34.192   96.156  -26.181    0.339472   -1.331381   -0.651976   -0.796526   -1.485394   -1.663568   -1.884844   -0.709772   -1.207425   53.212  -32.540  -85.974 S_000005
  20 H   145.620 -126.682  178.397   85.139    0.000    0.000   77.806   37.927   89.794   74.882    0.326101   -1.340088   -0.633840   -0.761279   -1.437779   -1.695933   -1.867917   -0.685527   -1.222805   55.001  -37.817  -89.600 S_000005
SCORE:     0.340                  0.340          0          0          8    S_000006
   1 H     0.000  170.252   55.279   81.476 -137.175  -79.916   68.405   40.401   92.616  -18.142    0.293517   -1.374691   -0.551926   -0.770269   -1.484556   -1.643765   -1.841108   -0.651285   -1.253264    3.794    0.984    0.238 S_000006
   2 P   -73.847 -172.675   51.622   85.905 -156.098  -81.336   76.263   35.508   98.143  -27.581    0.332018   -1.355026   -0.610011   -0.790228   -1.512986   -1.634457   -1.872778   -0.694498   -1.224222    8.082   -1.876   -3.934 S_000006
   3 P  -144.314   99.076  172.862   89.752 -150.115  -50.909   73.012   38.269   87.558  -13.823    0.314845   -1.336581   -0.649747   -0.775354   -1.407816   -1.716305   -1.897506   -0.723584   -1.198856    9.284   -5.206   -9.449 S_000006
   4 P   -74.718  174.550   68.778   86.554 -160.097  -64.551   77.837   37.386   94.862   77.513    0.289507   -1.420006   -0.456741   -0.812673   -1.652985   -1.482152   -1.872063   -0.778938   -1.158607   12.178   -7.922  -13.922 S_000006
   5 P  -171.342  168.218 -177.050   87.311  -84.230 -114.202   63.224   41.296   74.437  -87.240    0.302913   -1.243305   -0.805832   -0.748005   -1.110376   -1.898660   -1.898916   -0.629267   -1.250356   12.537  -13.314  -17.942 S_000006
   6 P  -117.356   78.766  152.289   84.543 -132.316  -68.848   62.158   37.698   90.344  -15.581    0.322935   -1.348605   -0.622837   -0.774808   -1.454441   -1.682579   -1.885989   -0.714108   -1.208428   15.686  -15.232  -22.871 S_000006
   7 P   -60.574 -172.664   50.775   82.912 -148.540  -71.235   75.469   34.595   97.902 -172.706    0.330042   -1.364633   -0.596187   -0.805802   -1.550494   -1.605609   -1.887672   -0.736607   -1.193900   20.039  -18.068  -26.586 S_000006
   8 P  -111.694   90.416  162.275   83.530 -131.818  -71.832   54.082   37.679   89.061  -25.101    0.339703   -1.326763   -0.648139   -0.752360   -1.421267   -1.715751   -1.872971   -0.699424   -1.222344   22.927  -19.255  -31.497 S_000006
   9 P   158.715 -157.769  167.512   84.007 -113.599  -54.249   62.886   34.119   94.129  -18.044    0.366858   -1.293815   -0.718613   -0.767897   -1.400038   -1.741159   -1.887798   -0.684380   -1.222260   25.827  -22.335  -36.435 S_000006
  10 N   -83.561 -109.951   52.123   89.696   62.353   96.576  132.032   11.854  121.501 -154.801    0.461381   -1.126816   -0.928218   -0.821883   -1.529521   -1.656095   -1.872458   -0.694448   -1.222584   25.520  -22.652  -43.122 S_000006
  11 P   145.178 -156.034 -172.353   84.988 -133.611  -72.916   57.863   38.515   89.648  -30.107    0.312455   -1.350548   -0.616806   -0.776444   -1.446986   -1.689238   -1.877180   -0.694361   -1.217785   29.899  -21.733  -48.140 S_000006
  12 P   -64.533  170.844   60.914   86.507 -129.932  -54.461   80.218   37.964   89.677  -21.384    0.311299   -1.359395   -0.591235   -0.781734   -1.485987   -1.650667   -1.879747   -0.719734   -1.204882   33.004  -21.881  -53.562 S_000006
  13 N   -63.732 -162.617   46.504  124.474 -120.474 -178.619 -178.378  -29.312  162.193   14.820    0.348343   -0.717314   -1.310076   -0.851077   -1.636973   -1.469691   -1.923582   -0.796213   -1.146708   34.878  -26.771  -57.093 S_000006
  14 N   -64.407  171.224   66.061   82.107 -145.316  -61.264   78.387   39.577   93.439  -18.075    0.345117   -1.383312   -0.572153   -0.716838   -1.504920   -1.653750   -1.861118   -0.746823   -1.205093   36.913  -30.088  -62.104 S_000006
  15 N  -120.680   77.050  178.407   82.567 -171.493  -63.211  -66.965   32.784  103.248  -74.213    0.340466   -1.378188   -0.552816   -0.815238   -1.627788   -1.526797   -1.868061   -0.734013   -1.200504   38.142  -30.858  -67.872 S_000006
  16 P   -54.813 -177.529   51.711   88.867 -146.665  -84.196   81.010   40.973   83.203  -23.502    0.315786   -1.319153   -0.681072   -0.734657   -1.315505   -1.785794   -1.870032   -0.664536   -1.238022   43.231  -31.776  -70.549 S_000006
  17 P  -170.283  161.190 -176.306  140.990 -163.860 -102.059  133.153  -32.306  149.951  165.152    0.350717   -0.168927   -1.477787   -0.803819   -1.029144   -1.981828   -1.933928   -0.657356   -1.225843   47.371  -32.642  -76.158 S_000006
  18 P   163.915 -172.598  170.232   84.847 -141.166  -71.216   90.576   34.994   93.637  174.357    0.365294   -1.314023   -0.663394   -0.753743   -1.442508   -1.688954   -1.869242   -0.701492   -1.217749   51.216  -34.948  -81.424 S_000006
  19 P   -34.990  162.079   46.184   86.993 -130.976  -82.139   51.703   34.775   93.378  -13.314    0.336114   -1.326017   -0.661864   -0.795280   -1.461362   -1.684902   -1.902190   -0.725073   -1.197161   52.042  -36.911  -86.789 S_000006
  20 H   -57.045  176.440   58.687  146.249    0.000    0.000  112.151  -28.956  153.973   21.274    0.362028   -0.375291   -1.432591   -0.845013   -1.234572   -1.836933   -1.958088   -0.662607   -1.203757   52.719  -35.917  -93.081 S_000006
SCORE:     0.405                  0.405          0          0          3    S_000007
   1 H     0.000  170.252   55.279   82.906 -155.668  -72.100   77.511   36.645   95.951  179.909    0.316318   -1.349932   -0.628393   -0.800004   -1.463469   -1.669713   -1.864872   -0.637154   -1.250594    3.794    0.984    0.238 S_000007
   2 N  -175.873  129.154  170.686   86.137  -93.504 -119.198   62.975   34.945   90.884  -14.670    0.336428   -1.307129   -0.709811   -0.796257   -1.399775   -1.739041   -1.905209   -0.694020   -1.212799    8.410   -1.655   -4.203 S_000007
   3 N   -75.551  148.565 -176.602   78.228 -168.936  -75.552   79.276   35.068   95.364   10.531    0.308625   -1.405336   -0.478338   -0.830356   -1.662242   -1.478005   -1.915260   -0.830697   -1.109238   10.575   -3.902  -10.004 S_000007
   4 N   164.114 -143.850   48.568  121.062    5.595  170.457   90.622  -18.307  133.516  126.945    0.445744   -0.234249   -1.436375   -0.807219   -0.810477   -2.072995   -1.923504   -0.649086   -1.229001   15.189   -2.816  -14.288 S_000007
   5 P   -57.519  171.467   48.331   84.569 -168.035  -71.033   87.249   37.623   90.022  -24.500    0.304261   -1.363961   -0.596293   -0.796667   -1.493143   -1.651198   -1.889374   -0.717125   -1.203509   13.772   -5.966  -19.808 S_000007
   6 N   160.146  156.670 -170.992   82.057 -114.083  -62.798  129.978   36.854  103.634  173.695    0.298107   -1.411685   -0.493681   -0.817174   -1.623318   -1.519820   -1.825245   -0.666513   -1.249983   14.454   -4.621  -26.429 S_000007
   7 P   -91.429   70.841 -175.288   85.041 -164.229  -60.206   68.160   39.339   89.568  -17.648    0.312246   -1.367566   -0.582509   -0.760614   -1.478627   -1.661346   -1.866341   -0.708583   -1.219544   15.690   -2.768  -31.343 S_000007
   8 P   -69.004 -137.010   48.533  151.329  -98.541  -82.342  172.178  -35.017  157.028   41.556    0.332146   -0.105610   -1.488308   -0.791952   -0.996466   -1.983395   -1.940063   -0.649540   -1.239668   16.240   -6.037  -36.891 S_000007
   9 P   -56.319 -151.350   51.272  140.020 -100.337 -154.876  160.165  -35.102  161.015   16.344    0.335371   -0.379745   -1.442838   -0.794508   -1.350681   -1.755183   -1.937257   -0.765789   -1.169927   21.348   -6.322  -41.227 S_000007
  10 P   161.921 -139.165  171.084  140.378 -102.348  161.473  147.689  -28.420  150.366   21.418    0.399046   -0.297674   -1.438023   -0.785233   -1.122437   -1.922316   -1.917220   -0.695077   -1.203103   24.930  -11.326  -44.834 S_000007
  11 N   140.751   78.375  147.908   85.219 -139.919 -122.587   67.224   27.161  117.339 -128.645    0.327420   -1.390343   -0.558417   -0.896324   -1.706978   -1.419161   -1.868152   -0.719232   -1.199857   28.471  -12.866  -50.202 S_000007
  12 N   -54.409 -168.325   53.680   83.533 -143.544  -94.580   99.563   34.657  104.370  -18.675    0.312657   -1.405043   -0.506281   -0.827846   -1.647719   -1.499077   -1.862607   -0.724054   -1.209262   30.114  -15.701  -56.133 S_000007
  13 P   -49.236  145.481   49.956   82.705 -158.930  -79.709   85.499   37.644   93.837  174.783    0.324365   -1.369412   -0.571027   -0.773738   -1.515546   -1.624954   -1.860618   -0.700096   -1.220462   32.862  -19.633  -59.527 S_000007
  14 P    99.172  116.489   65.284   79.288 -161.835  -76.475   87.134   39.721   97.467  164.119    0.287917   -1.435325   -0.425185   -0.785258   -1.657465   -1.488470   -1.819320   -0.729508   -1.218893   39.258  -21.235  -60.304 S_000007
  15 N   -64.135 -174.869   49.063   88.511 -146.276  -76.050   75.219   36.573   92.086  179.921    0.341585   -1.291059   -0.733264   -0.762387   -1.336716   -1.784052   -1.885767   -0.675890   -1.225956   44.105  -21.834  -64.206 S_000007
  16 N   -60.864  178.312   55.388   77.674 -157.365  -76.738   69.006   33.639  105.003  179.937    0.327491   -1.402657   -0.498358   -0.822615   -1.667900   -1.473187   -1.864183   -0.753979   -1.192160   46.509  -24.268  -69.472 S_000007
  17 P   -60.519 -150.721   69.014  155.654  -81.600 -163.057  158.185  -44.635  163.664   97.265    0.258206   -0.039368   -1.494873   -0.750175   -1.106028   -1.909076   -1.907704   -0.770525   -1.183420   46.947  -26.280  -75.655 S_000007
  18 P   -77.852  174.106   60.364   85.695 -171.662 -102.994   92.865   37.618   91.226  -95.911    0.304612   -1.348555   -0.634563   -0.789831   -1.469263   -1.700595   -1.900645   -0.744972   -1.198293   48.401  -28.327  -81.833 S_000007
  19 P  -177.185 -173.566  155.371  145.456  -98.754  179.352  138.838  -24.197  141.689  170.602    0.366879   -0.185448   -1.467973   -0.847005   -0.869502   -2.069646   -1.938630   -0.653402   -1.218242   52.689  -29.901  -87.063 S_000007
  20 H   -73.611  175.139   58.009   81.369    0.000    0.000   78.182   37.792   96.574  -20.281    0.313885   -1.395351   -0.523898   -0.784942   -1.574020   -1.573116   -1.852775   -0.707600   -1.221358   53.739  -34.035  -91.804 S_000007
SCORE:     0.765                  0.765          0          2          6    S_000008
   1 H     0.000  170.252   55.279   82.353 -127.096  -74.655   67.591   39.650   91.135  179.922    0.297908   -1.389240   -0.544085   -0.778283   -1.519654   -1.624270   -1.868181   -0.713053   -1.215908    3.794    0.984    0.238 S_000008
   2 N   -68.246 -179.265   60.610   82.394 -166.940 -101.879   80.724   34.938   96.446 -174.394    0.326881   -1.364842   -0.584319   -0.805091   -1.547696   -1.595186   -1.878234   -0.725880   -1.199119    7.426   -2.499   -3.839 S_000008
   3 P   -77.003 -130.496   58.681  153.380 -160.194 -149.045  161.544  -39.022  156.297  -39.242    0.316476   -0.024525   -1.487912   -0.765274   -0.977427   -1.988477   -1.914724   -0.683487   -1.222441    9.499   -5.402   -9.748 S_000008
   4 P   -56.034  161.579   56.223   84.482 -128.677  -79.335   90.492   35.125  100.412  -23.097    0.338583   -1.353110   -0.597230   -0.783968   -1.523546   -1.610833   -1.854498   -0.685776   -1.222421   10.094   -7.804  -15.567 S_000008
   5 N  -108.501  109.143  136.134   75.216 -161.641  -65.319   58.354   43.308   94.704  -30.216    0.228707   -1.468780   -0.337643   -0.800482   -1.688991   -1.439407   -1.819122   -0.728875   -1.218763    9.104   -8.901  -21.499 S_000008
   6 P  -107.827   88.551  161.850   87.760 -119.121  -87.161   59.177   35.817   89.406  -26.893    0.352008   -1.281211   -0.731976   -0.755603   -1.340545   -1.770651   -1.876912   -0.690033   -1.213694   10.484  -11.967  -25.862 S_000008
   7 P  -171.138 -159.674  155.788   87.190 -128.050 -166.775   84.303   35.145   89.823 -155.916    0.321597   -1.298553   -0.720453   -0.812913   -1.374949   -1.752188   -1.910608   -0.679834   -1.214896   13.377  -16.292  -30.469 S_000008
   8 N   -76.896  150.241   76.817   86.807 -138.199  -80.908   94.086   37.591   94.309  -19.363    0.303578   -1.365615   -0.591732   -0.796982   -1.496341   -1.643368   -1.872312   -0.689065   -1.224409   17.493  -17.195  -35.104 S_000008
   9 N   -68.246 -179.265   60.610   82.394 -166.940 -101.879   80.724   34.938   96.446 -174.394    0.326881   -1.364842   -0.584319   -0.805091   -1.547696   -1.595186   -1.878234   -0.725880   -1.199119   20.787  -19.017  -40.409 S_000008
  10 P     0.000  179.637   66.473 -270.310  238.275  -62.314   58.584   34.547   92.855  -16.178    0.343080   -1.288690   -0.744181   -0.785718   -1.373090   -1.772290   -1.906435   -0.718463   -1.200811   23.051  -20.899  -45.544 S_000008
  11 P   -91.429   70.841 -175.288   85.041 -164.229  -60.206   68.160   39.339   89.568  -17.648    0.312246   -1.367566   -0.582509   -0.760614   -1.478627   -1.661346   -1.866341   -0.708583   -1.219544   27.160  -19.752  -48.779 S_000008
  12 P   -70.642 -175.760   46.462   84.669 -152.373  -69.865   78.769   34.994   94.263  179.921    0.344019   -1.325574   -0.665322   -0.781482   -1.454383   -1.690533   -1.883891   -0.693469   -1.220838   30.673  -23.887  -51.526 S_000008
  13 P   -59.460  162.855   53.617   86.731 -144.329  -62.473  106.453   34.687   97.187 -120.102    0.334783   -1.323840   -0.686234   -0.800597   -1.441717   -1.709216   -1.897218   -0.683381   -1.223364   33.696  -25.068  -56.419 S_000008
  14 N   -71.495 -154.645   49.396  143.200 -103.143  134.931   89.197  -31.078  147.743   17.693    0.356258   -0.216162   -1.477697   -0.810350   -1.067115   -1.975109   -1.939291   -0.723192   -1.187561   36.516  -22.102  -61.526 S_000008
  15 N   -75.476  167.351   68.042   72.164 -141.243  -86.102   76.953   47.247   90.589  -21.090    0.197622   -1.482414   -0.305353   -0.774018   -1.657218   -1.463291   -1.812717   -0.703234   -1.238293   37.661  -22.523  -66.655 S_000008
  16 N  -100.101  161.118   94.703   83.659 -149.203  -85.036   75.540   33.693  101.222 -108.719    0.343713   -1.358671   -0.604813   -0.794340   -1.555358   -1.597483   -1.858874   -0.701177   -1.216578   40.024  -25.240  -72.161 S_000008
  17 P    69.147  168.508  -47.744  150.543 -148.343 -142.366  171.938  -32.034  145.911   71.933    0.339556   -0.069758   -1.491340   -0.820604   -0.887048   -2.048544   -1.926939   -0.666372   -1.215392   43.788  -24.338  -77.035 S_000008
  18 P   -72.139  174.669   52.370   80.115 -152.845  -38.898   91.542   43.092   83.998  179.892    0.281820   -1.375124   -0.592406   -0.732579   -1.438080   -1.730776   -1.861219   -0.744398   -1.194775   46.649  -24.843  -83.064 S_000008
  19 N  -117.252  -74.183  140.485   84.716 -144.821  -76.008   13.468   24.897  118.664  -13.755    0.372164   -1.347498   -0.631108   -0.865522   -1.676429   -1.482480   -1.895861   -0.756792   -1.174839   51.562  -28.850  -85.413 S_000008
  20 H     0.000  146.220   97.773   87.653    0.000    0.000   55.085   39.801   87.157  -21.261    0.354009   -1.299404   -0.699135   -0.708876   -1.294355   -1.787125   -1.882263   -0.735562   -1.203296   52.330  -32.347  -89.582 S_000008
SCORE:     0.616                  0.616          0          1          2    S_000009
   1 H     0.000  170.252   55.279   79.911 -136.229  -82.267   72.357   42.794   85.984 -153.406    0.274666   -1.398235   -0.506957   -0.761734   -1.480941   -1.622530   -1.853891   -0.681453   -1.232639    3.794    0.984    0.238 S_000009
   2 P   165.278  167.371  175.594   83.822 -158.281  -75.127   89.459   36.330   91.172 -137.030    0.339110   -1.327173   -0.662258   -0.772025   -1.433257   -1.708364   -1.881501   -0.696938   -1.221572    7.147   -2.828   -4.580 S_000009
   3 N   -85.964 -113.653   62.414  142.138  -86.936 -103.000  116.137  -34.352  159.104 -164.804    0.345062   -0.312323   -1.455876   -0.790686   -1.253060   -1.825101   -1.931456   -0.752238   -1.171991    9.359   -6.671   -9.860 S_000009
   4 P  -107.866   68.213 -177.478   92.507  178.851 -126.218   53.752   12.940  124.481  179.936    0.403280   -1.213331   -0.840573   -0.896300   -1.639774   -1.541638   -1.933684   -0.770846   -1.153039    8.042   -7.417  -15.640 S_000009
   5 P  -172.604  161.126  159.864  155.138 -101.607 -139.360  -48.863  -40.948  155.621   78.591    0.319081    0.026124   -1.484098   -0.731166   -0.944630   -1.986654   -1.887978   -0.700564   -1.211859   12.640  -11.464  -19.166 S_000009
   6 N   163.815 -164.479  163.460   86.090 -126.178  -77.063   69.324   37.584   88.006  -19.591    0.327025   -1.324864   -0.670087   -0.774636   -1.394663   -1.733976   -1.894762   -0.701587   -1.211359   18.012  -15.151  -22.327 S_000009
   7 P   -47.271  167.924   48.721   82.870 -137.028  -83.823   68.229   35.526   92.826  -18.398    0.330038   -1.348377   -0.627416   -0.793350   -1.492371   -1.654229   -1.886487   -0.714137   -1.206542   21.131  -17.096  -27.252 S_000009
   8 P   -71.383  151.973   48.207  147.060 -131.753 -161.855  100.068  -36.188  155.861   33.256    0.337325   -0.228092   -1.466943   -0.778700   -1.188977   -1.879295   -1.928081   -0.757037   -1.174951   22.859  -16.365  -33.095 S_000009
   9 P   -95.146   79.922  165.186   85.014 -119.295 -153.663   66.114   33.739  100.683 -136.022    0.328777   -1.360527   -0.608919   -0.817938   -1.549218   -1.603974   -1.889720   -0.716707   -1.202847   22.325  -16.907  -38.238 S_000009
  10 P   -74.144  169.868   61.577   85.061 -157.158  -74.081   93.178   35.089   96.163  171.425    0.326061   -1.349200   -0.628011   -0.803871   -1.503557   -1.649898   -1.887529   -0.710372   -1.209437   27.933  -19.973  -40.193 S_000009
  11 P   -53.906  158.017   48.631   82.669 -134.121  -75.536  101.107   36.689   94.232 -140.561    0.311880   -1.349065   -0.615755   -0.799518   -1.476795   -1.657318   -1.872287   -0.677903   -1.230067   31.659  -23.050  -43.275 S_000009
  12 P   -60.812 -146.102   71.756  156.668  -78.282 -169.333  154.499  -36.879  159.613   62.580    0.318603   -0.121311   -1.484608   -0.802024   -1.070048   -1.952590   -1.947726   -0.665159   -1.220540   32.903  -25.867  -49.225 S_000009
  13 N    73.145 -111.462 -166.635   81.468 -156.473  174.282  118.419   32.587  110.722 -141.370    0.327937   -1.411974   -0.483336   -0.839182   -1.696949   -1.434816   -1.806072   -0.680132   -1.243362   35.277  -26.641  -54.683 S_000009
  14 P   159.697 -155.601  161.953   85.826 -112.317  -75.690   46.402   34.054   99.280  -20.689    0.337680   -1.337818   -0.641734   -0.805999   -1.494516   -1.648816   -1.887534   -0.685536   -1.218862   38.027  -29.674  -60.538 S_000009
  15 P   -79.338 -144.091   57.390  141.898  -74.866  123.273  128.429  -30.900  147.015  148.359    0.350921   -0.266263   -1.460476   -0.821355   -1.130717   -1.925254   -1.945746   -0.752240   -1.166716   41.032  -29.366  -66.714 S_000009
  16 N   171.798  174.072   53.041   81.956 -170.541  -91.157   89.305   36.221   94.083  179.958    0.321521   -1.376082   -0.557010   -0.795027   -1.563719   -1.589102   -1.879723   -0.742346   -1.197467   43.737  -32.008  -71.198 S_000009
  17 P   -28.662 -166.113   46.037   74.652 -170.323  -76.350  102.614   32.179  109.934 -145.993    0.302736   -1.464200   -0.326920   -0.868115   -1.856749   -1.228412   -1.852363   -0.847111   -1.129310   43.735  -31.835  -77.217 S_000009
  18 P  -110.003  -95.178 -170.804   85.262 -152.851  -73.112   64.455   36.565   94.655  -23.735    0.333988   -1.354956   -0.605888   -0.774081   -1.501600   -1.649669   -1.863825   -0.691328   -1.230508   47.406  -29.419  -82.635 S_000009
  19 P   -53.282  164.801   53.886   83.620 -116.605  -76.228  107.440   34.526  100.031   22.791    0.327154   -1.376869   -0.574986   -0.814601   -1.574474   -1.579918   -1.876841   -0.715277   -1.210081   50.401  -28.378  -87.595 S_000009
  20 H   -70.359  174.586   54.333   80.077    0.000    0.000   82.178   40.383   90.665   99.924    0.300997   -1.404342   -0.492934   -0.761967   -1.557109   -1.575545   -1.838233   -0.704280   -1.221280   54.676  -31.236  -91.501 S_000009
SCORE:     0.707                  0.707          0          0          3    S_000010
   1 H     0.000  170.252   55.279   78.320 -141.663  -77.896   64.880   39.422   92.606    2.558    0.321484   -1.390604   -0.528614   -0.751081   -1.536859   -1.602478   -1.834175   -0.710414   -1.224234    3.794    0.984    0.238 S_000010
   2 N  -149.449  161.904  169.889   81.813 -145.400  -65.994  120.751   29.215  116.975    7.240    0.321253   -1.415703   -0.497345   -0.892978   -1.732380   -1.385977   -1.824266   -0.691127   -1.230135    7.904   -2.088   -4.384 S_000010
   3 P   -67.780  169.566   55.337   80.106 -165.258 -116.086   78.433   41.613   92.114  -21.510    0.293408   -1.394096   -0.536144   -0.752705   -1.493140   -1.640821   -1.832884   -0.655131   -1.253745   12.052   -4.683   -7.999 S_000010
   4 N   -76.518  163.233   69.119   80.579 -176.675  163.957   82.460   32.121  101.500  -66.735    0.346098   -1.357445   -0.601080   -0.814351   -1.585503   -1.571812   -1.875614   -0.734017   -1.198388   15.934   -7.209  -12.369 S_000010
   5 P   167.223 -130.441 -178.374   82.295 -142.978  -73.235   69.197   37.374   94.578 -156.510    0.324684   -1.371068   -0.577949   -0.778213   -1.514777   -1.627160   -1.863633   -0.699814   -1.218037   18.126   -8.283  -19.017 S_000010
   6 P   171.747  153.395  159.041  148.712 -150.900 -143.856  163.298  -31.676  141.216  -34.261    0.335662   -0.099384   -1.482186   -0.823846   -0.920479   -2.044532   -1.934389   -0.708140   -1.198506   19.841  -10.032  -25.546 S_000010
   7 P   -56.294  173.848   49.881   82.241 -158.581  -94.826   76.852   32.150  103.015  -20.636    0.359922   -1.347564   -0.611379   -0.794299   -1.569381   -1.584587   -1.860731   -0.723054   -1.207390   23.462   -9.781  -31.002 S_000010
   8 N  -178.810  153.055  135.770  106.704 -138.327 -112.358  127.377   22.478   87.323  -11.418    0.409131   -0.973460   -1.098711   -0.809248   -1.028300   -2.013690   -1.923910   -0.665663   -1.225656   25.294  -11.748  -37.548 S_000010
   9 P   -40.735  158.388   61.965  150.549 -130.286  129.292  136.883  -36.855  151.084 -172.033    0.324339   -0.006862   -1.489584   -0.784017   -0.909806   -2.041001   -1.917190   -0.686223   -1.220788   28.845  -13.095  -42.543 S_000010
  10 N   -76.580 -179.645   54.826   81.176 -147.884  -68.895   79.540   37.985   91.755  -15.483    0.305530   -1.394901   -0.524777   -0.790237   -1.570955   -1.576219   -1.869454   -0.738934   -1.196888   29.307  -11.111  -47.762 S_000010
  11 P   -50.126  162.703   51.337   83.621 -144.524  -60.909   78.381   39.703   91.204  -15.798    0.315049   -1.376707   -0.569623   -0.760824   -1.487583   -1.657707   -1.845480   -0.663575   -1.251443   30.831  -10.139  -53.283 S_000010
  12 P   -69.882  165.446   60.222   86.104 -128.004  -82.169   84.021   35.477   98.756  -31.086    0.314494   -1.362649   -0.596743   -0.816157   -1.524127   -1.617855   -1.865768   -0.672498   -1.225963   34.970  -11.662  -57.304 S_000010
  13 P  -109.264   96.810 -179.224   92.000 -141.924  -60.605   93.275   28.408  101.169  179.782    0.366282   -1.252837   -0.792965   -0.834175   -1.405190   -1.732276   -1.922684   -0.678041   -1.203733   38.552  -15.447  -60.379 S_000010
  14 N   -57.974  171.320   50.360   86.572 -130.439  -69.976   82.517   32.554   97.352  161.707    0.348374   -1.309755   -0.687083   -0.801627   -1.475173   -1.681361   -1.888529   -0.711114   -1.206775   43.751  -16.595  -63.043 S_000010
  15 P  -147.370  132.427  163.030   85.740 -133.620  -84.078   67.702   34.176   93.870  -15.107    0.344463   -1.309014   -0.688719   -0.791759   -1.433451   -1.704701   -1.888885   -0.699291   -1.211989   46.334  -20.176  -68.154 S_000010
  16 N  -147.391  126.628  158.117   94.605 -114.502  -61.873   69.191   34.361   87.002  -14.674    0.390200   -1.189439   -0.867308   -0.743308   -1.152310   -1.891721   -1.905651   -0.712791   -1.204914   49.660  -22.485  -73.682 S_000010
  17 N   154.001 -151.352 -179.891   82.407 -120.265  -97.432   73.456   36.108   93.428  -28.641    0.344713   -1.332998   -0.644622   -0.766566   -1.453473   -1.682803   -1.865678   -0.702813   -1.218244   48.780  -24.532  -79.337 S_000010
  18 P     0.000 -178.219   75.956   85.948 -153.931  -66.939   64.844   32.024  101.186  115.390    0.349566   -1.340413   -0.647850   -0.814083   -1.539582   -1.627224   -1.897325   -0.720404   -1.207388   45.477  -26.315  -84.433 S_000010
  19 N   -60.558  170.853   49.203   82.299 -116.163 -127.446   85.340   33.076  100.157 -144.458    0.343700   -1.351779   -0.613674   -0.811066   -1.550168   -1.603582   -1.879033   -0.718110   -1.200928   45.107  -28.901  -89.795 S_000010
  20 H   -61.718  164.776   54.360   81.551    0.000    0.000   76.102   41.592   86.413   -5.231    0.301742   -1.384820   -0.541076   -0.744139   -1.485987   -1.651828   -1.855797   -0.703535   -1.226757   47.448  -31.983  -95.244 S_000010
