SEQUENCE: gaaaaaag
SCORE:     score    rna_stub_coord_hack       N_WC      N_NWC       N_BS description
REMARK RNA 
SCORE:     4.880                  4.880          0          0          1    S_000001
   1 H     0.000  170.252   55.279  137.596    0.000    0.000  103.584  -31.422  156.961   21.904    0.360961   -0.439786   -1.408519   -0.800461   -1.358923   -1.748345   -1.941145   -0.762944   -1.173218    3.794    0.984    0.238 S_000001
   2 P   139.901 -101.394 -178.561  141.920 -123.942 -144.089   80.191  -30.931  156.102   31.126    0.358691   -0.354753   -1.434289   -0.818117   -1.244867   -1.828128   -1.948415   -0.714488   -1.176518    5.313    2.141    2.750 S_000001
   3 N  -176.254  137.497  168.550   81.717 -132.895  -59.292   72.443   35.635   96.831  -24.438    0.317162   -1.381236   -0.556771   -0.805344   -1.581183   -1.577185   -1.871131   -0.730026   -1.199217    2.222    2.305    9.251 S_000001
   4 P  -106.372   87.012  163.300   89.223 -126.155  -71.902   58.053   24.477  104.877  -76.828    0.377553   -1.257416   -0.781825   -0.846638   -1.515195   -1.669047   -1.911555   -0.731597   -1.183915   -1.550    3.141   13.421 S_000001
   5 P  -170.283  161.190 -176.306  140.990 -163.860 -102.059  133.153  -32.306  149.951  165.152    0.350717   -0.168927   -1.477787   -0.803819   -1.029144   -1.981828   -1.933928   -0.657356   -1.225843   -6.408    2.527   18.312 S_000001
   6 N   160.380  178.006 -175.911   81.427 -138.097  -68.862   64.237   40.356   94.732  168.924    0.345587   -1.380057   -0.526857   -0.712433   -1.520110   -1.625664   -1.795151   -0.681104   -1.268351  -10.151    1.128   24.017 S_000001
   7 P  -136.198 -122.857 -158.492  106.180 -124.887  -76.026   74.874   19.311  100.658  168.675    0.405981   -1.001253   -1.074308   -0.820525   -1.157218   -1.951689   -1.924168   -0.645988   -1.229494  -14.825    2.661   28.949 S_000001
   8 H   -64.456  174.640   49.847   78.960    0.000    0.000   80.350   40.551   91.753  179.913    0.296649   -1.415565   -0.469344   -0.766495   -1.590287   -1.556545   -1.842024   -0.718401   -1.220050  -17.725    2.372   34.634 S_000001
SCORE:     4.588                  4.588          0          0          1    S_000002
   1 H     0.000  170.252   55.279   81.732    0.000    0.000   89.667   34.984  101.780  -16.324    0.283029   -1.369334   -0.619090   -0.856399   -1.529682   -1.631601   -1.905725   -0.659650   -1.236151    3.794    0.984    0.238 S_000002
   2 P    11.216  152.230 -153.627  128.666 -154.016  -70.100  -24.281  -19.193  146.398  -19.178    0.402235   -0.569185   -1.356302   -0.844027   -1.298698   -1.840380   -1.957451   -0.703226   -1.203073    3.713    2.649    1.550 S_000002
   3 P  -160.249  166.068  171.487   91.115 -136.630 -101.713   76.539   34.876   95.142  175.357    0.323572   -1.335492   -0.650661   -0.813480   -1.473315   -1.673547   -1.901744   -0.711585   -1.198626    5.275    1.130    8.003 S_000002
   4 P   -71.409  163.072   88.916  129.689 -115.676 -168.510  103.969  -27.373  151.463 -158.189    0.375027   -0.488612   -1.399569   -0.832328   -1.348614   -1.777614   -1.951482   -0.749221   -1.158968    5.896    1.294   14.473 S_000002
   5 P  -173.910 -150.992  149.500  127.998 -128.911 -142.558   91.482   -6.193  136.127   15.787    0.408280   -0.788743   -1.262842   -0.923571   -1.317920   -1.806812   -1.984235   -0.740556   -1.116661    5.787    3.076   21.525 S_000002
   6 N    45.634 -134.029 -164.399  137.803 -122.118  173.451  -21.822  -30.700  156.331   23.556    0.359790   -0.417386   -1.424002   -0.813134   -1.319686   -1.793473   -1.949241   -0.771476   -1.162127    5.459    3.750   27.529 S_000002
   7 P   -68.583  174.560   57.210   78.473 -146.553  -72.768   83.682   44.038   88.634 -137.919    0.273398   -1.417862   -0.476246   -0.739505   -1.517283   -1.609492   -1.842702   -0.717526   -1.219324    3.348    4.538   33.381 S_000002
   8 H  -169.805   84.616  153.693   85.231    0.000    0.000   69.880   36.649   87.151  -30.722    0.343734   -1.312374   -0.685591   -0.761397   -1.389819   -1.734938   -1.881376   -0.714207   -1.208708    5.428    7.213   39.368 S_000002
SCORE:     4.903                  4.903          0          0          0    S_000003
   1 H     0.000  170.252   55.279   85.753    0.000    0.000   76.343   33.109  103.092  179.880    0.330254   -1.397363   -0.518591   -0.828826   -1.654994   -1.488445   -1.859717   -0.723117   -1.201267    3.794    0.984    0.238 S_000003
   2 P  -178.712  172.109   34.668  103.435 -150.193  -73.190   65.219   20.910   96.830  179.910    0.382456   -1.107863   -0.977810   -0.846100   -1.309624   -1.855453   -1.947663   -0.721109   -1.192959    2.671    4.207    0.580 S_000003
   3 N   -63.732 -162.617   46.504  124.474 -120.474 -178.619 -178.378  -29.312  162.193   14.820    0.348343   -0.717314   -1.310076   -0.851077   -1.636973   -1.469691   -1.923582   -0.796213   -1.146708    2.508    2.018    6.674 S_000003
   4 P   113.859 -157.373  166.833   71.640   73.351  110.096  121.651   31.198  118.310   25.286    0.331742   -1.404823   -0.591194   -0.843167   -1.723746   -1.574003   -1.808621   -0.718128   -1.220275    4.445    0.681   13.134 S_000003
   5 N  -178.810  153.055  135.770  106.704 -138.327 -112.358  127.377   22.478   87.323  -11.418    0.409131   -0.973460   -1.098711   -0.809248   -1.028300   -2.013690   -1.923910   -0.665663   -1.225656    5.979   -0.664   19.556 S_000003
   6 P  -163.415 -164.775  171.520   87.292 -173.272  -90.210   95.538   33.873  101.998   69.427    0.333059   -1.348368   -0.630589   -0.813263   -1.521104   -1.634527   -1.885456   -0.693273   -1.220867    7.787   -0.630   26.583 S_000003
   7 N  -174.783  120.716  177.399  150.472 -127.479 -150.643  -46.738  -38.379  156.036  172.165    0.295515   -0.075973   -1.493365   -0.801078   -1.032701   -1.963612   -1.942754   -0.690149   -1.211052    7.322   -0.818   33.488 S_000003
   8 H   -63.690  179.165   64.238   77.844    0.000    0.000   74.623   37.369   97.964  -19.035    0.289588   -1.408778   -0.506443   -0.819982   -1.601036   -1.541499   -1.867755   -0.718949   -1.207329    3.272   -1.625   38.796 S_000003
SCORE:     4.770                  4.770          0          1          2    S_000004
   1 H     0.000  170.252   55.279   76.540    0.000    0.000   71.008   37.823   97.630  -24.009    0.309522   -1.395014   -0.521813   -0.792749   -1.566639   -1.569553   -1.848805   -0.686814   -1.230629    3.794    0.984    0.238 S_000004
   2 P    61.624 -141.782 -174.413  146.420 -158.775 -155.643  149.108  -35.909  158.099  -48.095    0.343332   -0.217723   -1.469254   -0.774158   -1.168908   -1.890695   -1.927117   -0.730541   -1.197048    3.567    2.226    1.457 S_000004
   3 N   -77.108 -171.866   61.317   90.812 -143.904  -89.830   64.856   31.271  102.146  -15.260    0.350160   -1.298444   -0.722435   -0.822697   -1.444803   -1.692876   -1.894240   -0.655055   -1.226986    0.667    3.318    7.523 S_000004
   4 P   -45.155  171.297   50.009  127.136 -162.964 -104.257  127.752  -25.217  158.077 -150.094    0.438166   -0.263066   -1.437777   -0.776346   -1.009467   -1.975085   -1.925620   -0.691715   -1.221366    0.484    4.602   13.615 S_000004
   5 P  -179.293  130.146  140.124   79.152 -109.669 -101.744   49.690   30.942  107.568  -23.635    0.368515   -1.349301   -0.601626   -0.802370   -1.594846   -1.554049   -1.845816   -0.700267   -1.223266    2.282    5.658   20.426 S_000004
   6 P   -56.853  171.990  171.780   85.911 -152.063  -67.001   77.782   35.994   96.437   -4.313    0.328345   -1.349517   -0.609707   -0.788269   -1.498151   -1.642523   -1.865818   -0.680563   -1.230927    6.415    5.993   25.608 S_000004
   7 N  -175.101 -147.674  159.572  141.718  176.133  146.872   62.364  -31.811 -103.226   76.911    0.331832   -0.177856   -1.485199   -0.843536   -1.029654   -1.962328   -1.977627   -0.691472   -1.204184    6.082    7.897   31.970 S_000004
   8 H   -64.405  172.198   52.106   81.034    0.000    0.000   65.474   41.530   89.761  -69.485    0.286242   -1.397874   -0.510807   -0.767214   -1.515664   -1.616590   -1.851184   -0.687014   -1.233551    6.784    7.177   38.219 S_000004
SCORE:     4.597                  4.597          0          0          3    S_000005
   1 H     0.000  170.252   55.279   78.266    0.000    0.000   88.821   37.869   94.242  -19.678    0.309035   -1.368383   -0.594036   -0.790551   -1.490327   -1.651375   -1.861820   -0.656565   -1.244096    3.794    0.984    0.238 S_000005
   2 P    45.205  167.654  174.627   81.412 -142.457  -56.847   61.187   35.959   95.493  -15.376    0.334922   -1.357937   -0.603141   -0.781257   -1.517178   -1.636837   -1.869798   -0.704005   -1.221320    3.653    3.119    1.456 S_000005
   3 P  -170.283  161.190 -176.306  140.990 -163.860 -102.059  133.153  -32.306  149.951  165.152    0.350717   -0.168927   -1.477787   -0.803819   -1.029144   -1.981828   -1.933928   -0.657356   -1.225843    5.432    1.841    7.822 S_000005
   4 P   179.384  109.463 -179.306   83.839 -158.740  -52.055  120.779   32.850   99.335   19.855    0.340501   -1.350176   -0.625714   -0.813365   -1.547777   -1.612043   -1.885995   -0.722023   -1.202003    5.458    1.783   14.919 S_000005
   5 P  -170.283  161.190 -176.306  140.990 -163.860 -102.059  133.153  -32.306  149.951  165.152    0.350717   -0.168927   -1.477787   -0.803819   -1.029144   -1.981828   -1.933928   -0.657356   -1.225843    6.136    1.750   21.505 S_000005
   6 P  -168.839  121.189 -176.246   84.421 -162.310  -96.356  108.244   34.304  106.356  -23.636    0.327894   -1.391748   -0.518664   -0.809234   -1.631897   -1.506085   -1.823324   -0.679514   -1.237292    4.062    2.955   28.090 S_000005
   7 N  -101.402 -150.753   62.856   86.361 -163.029  -62.932   90.121   38.776   87.696  179.930    0.312905   -1.356489   -0.611945   -0.769121   -1.452450   -1.684228   -1.888672   -0.724279   -1.208917    2.535    7.640   33.073 S_000005
   8 H   -49.991  159.898   49.917   76.610    0.000    0.000   76.870   40.994   93.266  -29.397    0.298493   -1.403262   -0.506106   -0.760775   -1.527850   -1.599155   -1.838562   -0.688873   -1.236820    1.515    7.798   38.477 S_000005
SCORE:     4.228                  4.228          0          0          1    S_000006
   1 H     0.000  170.252   55.279   82.268    0.000    0.000   84.560   40.809   90.339  -25.432    0.289159   -1.412264   -0.492780   -0.772959   -1.555175   -1.582023   -1.852563   -0.704138   -1.220798    3.794    0.984    0.238 S_000006
   2 P    70.071  166.627   76.481  149.942 -116.503 -179.608  101.181  -39.177  161.116   29.099    0.300194   -0.164801   -1.482018   -0.777516   -1.159843   -1.889954   -1.931766   -0.730120   -1.194241    3.771    3.532    1.396 S_000006
   3 P  -173.910 -150.992  149.500  127.998 -128.911 -142.558   91.482   -6.193  136.127   15.787    0.408280   -0.788743   -1.262842   -0.923571   -1.317920   -1.806812   -1.984235   -0.740556   -1.116661    1.427    3.119    8.195 S_000006
   4 P   -39.399  168.770   55.356  142.140 -142.741  175.589  120.987  -35.450  159.437  -98.096    0.330665   -0.302125   -1.453233   -0.794861   -1.264725   -1.819140   -1.936530   -0.724980   -1.198310   -0.355    3.819   14.455 S_000006
   5 N   145.215 -123.261  174.675   85.487 -129.367 -105.326   61.689   34.708   94.693  -16.002    0.341282   -1.320596   -0.682879   -0.791461   -1.438928   -1.705229   -1.892384   -0.688770   -1.219794   -1.357    5.075   21.129 S_000006
   6 P   168.992 -156.630  174.212   86.705 -137.197 -119.664  108.197   33.640   99.366  -15.229    0.329923   -1.352776   -0.624135   -0.819988   -1.531632   -1.621327   -1.886817   -0.697388   -1.214338   -1.255    5.405   28.153 S_000006
   7 N   -86.705  167.309   74.242   87.627 -149.140  -73.791   80.295   37.058   96.871 -115.350    0.315974   -1.340662   -0.649786   -0.789407   -1.426108   -1.691068   -1.861317   -0.633761   -1.239274   -1.363    7.054   34.724 S_000006
   8 H   -28.447 -156.617   65.815   84.657    0.000    0.000   69.120   33.204  100.077  179.891    0.341937   -1.346258   -0.625300   -0.805510   -1.539289   -1.617943   -1.877314   -0.709738   -1.217708    0.167    6.367   40.629 S_000006
SCORE:     4.736                  4.736          0          3          0    S_000007
   1 H     0.000  170.252   55.279   77.858    0.000    0.000   80.569   36.220   98.130  -23.485    0.324107   -1.382119   -0.561241   -0.794949   -1.558256   -1.589542   -1.861926   -0.699626   -1.220709    3.794    0.984    0.238 S_000007
   2 P    74.240 -128.552 -161.187   83.237 -118.534  -95.836   73.351   48.189   83.011  -22.390    0.235106   -1.426428   -0.474475   -0.716910   -1.454230   -1.665172   -1.827346   -0.670866   -1.245725    3.950    2.165    1.448 S_000007
   3 P   -32.848  142.969   54.184  116.775 -137.644 -166.419  104.672   -9.627  141.274   13.748    0.435272   -0.776691   -1.242502   -0.870906   -1.392523   -1.757466   -1.951387   -0.704083   -1.182785    4.583    3.936    7.088 S_000007
   4 P   -71.383  151.973   48.207  147.060 -131.753 -161.855  100.068  -36.188  155.861   33.256    0.337325   -0.228092   -1.466943   -0.778700   -1.188977   -1.879295   -1.928081   -0.757037   -1.174951    4.182    4.792   13.268 S_000007
   5 N   153.892 -141.795  167.120   90.150 -140.999 -172.900  120.377   29.336   99.989 -144.515    0.391187   -1.231714   -0.791754   -0.780320   -1.371883   -1.747462   -1.876007   -0.673329   -1.208973    6.265    4.804   20.082 S_000007
   6 P    89.781 -178.885  175.219  140.023 -113.525  -86.651  125.936  -29.763  145.297   42.695    0.361226   -0.247789   -1.455288   -0.810444   -1.079188   -1.951630   -1.936185   -0.695753   -1.196885    5.715    5.228   26.952 S_000007
   7 P  -128.384  113.180  162.852   86.269 -121.412  -87.458   58.577   34.811   87.922  -17.940    0.354485   -1.288841   -0.734645   -0.775911   -1.359654   -1.760900   -1.893358   -0.695028   -1.213425    6.761    2.975   33.054 S_000007
   8 H    66.431 -156.217 -103.568  101.076    0.000    0.000   77.744  -16.493  125.453  -61.058    0.473721   -0.211382   -1.430503   -0.780725   -0.741873   -2.124318   -1.892715   -0.662454   -1.238219    7.657    0.746   38.514 S_000007
SCORE:     4.549                  4.549          0          0          1    S_000008
   1 H     0.000  170.252   55.279   70.540   74.914   61.744   75.178   42.760   84.801  -91.553    0.306202   -1.388741   -0.548784   -0.722814   -1.460183   -1.675279   -1.856944   -0.720615   -1.220916    3.794    0.984    0.238 S_000008
   2 P  -105.308   88.428  173.781   81.703 -135.206  -62.142   59.644   38.098   90.763   74.845    0.339308   -1.347252   -0.616241   -0.748066   -1.455875   -1.684281   -1.862059   -0.700408   -1.227937    7.386    0.383    0.347 S_000008
   3 P  -106.753   81.001  166.774   92.346 -110.951  -97.926   50.088   27.744  104.841  -21.962    0.355504   -1.279075   -0.759183   -0.851401   -1.466038   -1.677671   -1.919593   -0.681647   -1.199849    8.313    1.050    5.921 S_000008
   4 P  -154.050  145.148  124.520   89.904 -156.931 -129.437   98.571   22.752  116.377   53.243    0.366115   -1.304268   -0.738772   -0.890164   -1.596323   -1.568220   -1.925176   -0.727709   -1.180955    6.997    2.668   12.694 S_000008
   5 P  -154.050  145.148  124.520   89.904 -156.931 -129.437   98.571   22.752  116.377   53.243    0.366115   -1.304268   -0.738772   -0.890164   -1.596323   -1.568220   -1.925176   -0.727709   -1.180955    7.097    5.632   19.111 S_000008
   6 P   139.421   99.903  167.645   88.729 -152.217  -69.641   88.735   35.678   89.523  177.526    0.326064   -1.301859   -0.702283   -0.796219   -1.383460   -1.739469   -1.902064   -0.690550   -1.208633    7.663    7.078   26.220 S_000008
   7 P  -172.604  161.126  159.864  155.138 -101.607 -139.360  -48.863  -40.948  155.621   78.591    0.319081    0.026124   -1.484098   -0.731166   -0.944630   -1.986654   -1.887978   -0.700564   -1.211859    5.872    7.514   32.822 S_000008
   8 H   145.508 -131.633  178.448   83.753    0.000    0.000   66.346   41.183   82.627   67.352    0.303568   -1.360092   -0.592065   -0.748112   -1.400065   -1.682937   -1.874148   -0.711034   -1.214326    3.959    8.462   39.360 S_000008
SCORE:     4.770                  4.770          0          1          0    S_000009
   1 H     0.000  170.252   55.279   80.225    0.000    0.000   85.333   37.983   96.683  -21.982    0.257453   -1.396585   -0.518757   -0.875682   -1.555976   -1.581687   -1.930985   -0.657502   -1.207963    3.794    0.984    0.238 S_000009
   2 N   170.343  175.085   54.160  146.594 -133.919 -111.753  115.086  -36.230  158.721  170.984    0.326462   -0.208124   -1.474965   -0.794421   -1.162409   -1.887781   -1.940970   -0.734600   -1.182132    2.724    4.224    0.616 S_000009
   3 N   -54.905 -179.787   52.984  131.374 -128.896  154.073  112.781  -21.146  143.722   17.580    0.415467   -0.432599   -1.404669   -0.834394   -1.156775   -1.922437   -1.939965   -0.702808   -1.188959    2.490    3.173    7.210 S_000009
   4 P    83.922  155.779  172.347  150.835 -109.404 -100.633  -46.095  -39.295  159.270 -110.432    0.315190   -0.142798   -1.487833   -0.765905   -1.137976   -1.900967   -1.919913   -0.741333   -1.190146    1.575    4.865   13.766 S_000009
   5 N  -161.912  144.831  163.138   87.020 -163.361  -72.898   66.879   36.893   92.007  -14.838    0.313333   -1.374187   -0.573869   -0.796398   -1.534179   -1.616031   -1.894495   -0.762736   -1.174099    0.918    3.600   20.761 S_000009
   6 N   -61.967  162.204   54.039   81.891 -104.319 -131.542   76.251   38.356   91.559  -16.040    0.314129   -1.382675   -0.551507   -0.773840   -1.527779   -1.608949   -1.860838   -0.714414   -1.205447   -0.753    3.044   26.280 S_000009
   7 P  -133.749 -135.407  144.310  130.845 -116.303 -178.649  121.579  -35.275  165.934  163.039    0.368044   -0.566274   -1.363413   -0.770648   -1.563835   -1.500435   -1.902733   -0.799223   -1.154475    2.152    2.674   32.952 S_000009
   8 H   -63.899  147.522   74.688   73.658    0.000    0.000   79.384   39.999   92.605   73.104    0.303554   -1.426845   -0.449162   -0.771215   -1.603823   -1.517055   -1.838262   -0.732525   -1.203343    2.814    1.957   38.905 S_000009
SCORE:     4.929                  4.929          0          0          2    S_000010
   1 H     0.000  170.252   55.279   74.884    0.000    0.000   88.219   38.522   95.790  -29.944    0.311372   -1.410143   -0.489063   -0.778546   -1.603505   -1.546159   -1.854762   -0.735499   -1.207969    3.794    0.984    0.238 S_000010
   2 P    62.159  178.988 -170.619  149.965 -103.312 -145.757  126.991  -39.736  164.357  173.689    0.323159   -0.192725   -1.473024   -0.749767   -1.208730   -1.842314   -1.917217   -0.720585   -1.212069    3.560    3.186    1.395 S_000010
   3 N     0.000 -178.209  -77.973  172.775 -179.770 -103.721  -56.297  -46.900  158.839  173.027    0.206742    0.470201   -1.420427   -0.770569   -0.440451   -2.151081   -1.868845   -0.629590   -1.254853    3.307    6.574    7.121 S_000010
   4 P  -150.263  137.150  162.005   85.519 -143.757  -61.655   64.628   39.702   84.506   99.951    0.295141   -1.332554   -0.685537   -0.782837   -1.333764   -1.762805   -1.900101   -0.686617   -1.207950    4.476    7.070   13.715 S_000010
   5 P   -68.333 -177.306   50.226   82.332 -154.318  -71.278   86.948   38.956   89.726  179.924    0.318016   -1.366924   -0.587718   -0.763452   -1.479298   -1.663983   -1.869296   -0.705279   -1.222335    4.585    6.749   19.945 S_000010
   6 P   -58.446 -149.202   68.661  151.517  -94.388 -167.491  158.879  -36.566  157.616   66.657    0.314545   -0.058212   -1.465433   -0.758064   -0.951472   -2.024794   -1.934304   -0.600686   -1.266513    7.889    5.564   25.385 S_000010
   7 P   131.323 -172.365 -165.198   81.904 -159.485  -53.476   75.696   37.026   95.554   71.890    0.344578   -1.372737   -0.555252   -0.748434   -1.556579   -1.599391   -1.832656   -0.719597   -1.222243   10.116    6.379   32.108 S_000010
   8 H   -74.174 -172.871   51.537   83.690    0.000    0.000   81.234   38.074   94.460  179.965    0.293760   -1.381519   -0.556260   -0.810098   -1.529048   -1.617375   -1.889254   -0.704569   -1.218971   11.839    7.380   37.904 S_000010
