SEQUENCE: gaaaag
SCORE:     score    rna_stub_coord_hack       N_WC      N_NWC       N_BS description
REMARK RNA 
SCORE:     0.000                  0.000          0          1          1    S_000001
   1 H     0.000  170.252   55.279  109.791  -86.031  -28.716   97.324   -4.072  154.605    3.658    0.432992   -1.060617   -0.993306   -0.892079   -1.672394   -1.421786   -1.913007   -0.735767   -1.171156    3.794    0.984    0.238 S_000001
   2 N   -50.638 -178.442   54.553   81.558 -155.382  -85.346  102.058   35.982  100.920   -5.265    0.301054   -1.416715   -0.465015   -0.822229   -1.666998   -1.472046   -1.857637   -0.733540   -1.204472    2.373   -1.669   -3.776 S_000001
   3 N  -139.731 -177.144  125.804   82.958 -139.997  -71.260   56.165   36.114   96.130  -19.199    0.367749   -1.337066   -0.623212   -0.737978   -1.433341   -1.631644   -1.889073   -0.682326   -1.236236   -0.604   -2.152  -10.025 S_000001
   4 P   -61.230  169.273   48.161   85.220 -132.897  -93.019   83.256   36.167   92.719 -163.947    0.323940   -1.330687   -0.670608   -0.791810   -1.440298   -1.717266   -1.892519   -0.693002   -1.227518   -4.132   -0.168  -14.628 S_000001
   5 P   -84.041  159.860   79.292   87.904 -121.213  -68.601   65.167   31.864   92.860  -14.179    0.380417   -1.282692   -0.726011   -0.774293   -1.421205   -1.711094   -1.890984   -0.745601   -1.182490   -5.529    4.614  -18.841 S_000001
   6 H    46.204  -81.172  -91.186   82.162    0.000    0.000   74.892   36.369   91.731 -167.104    0.305443   -1.383734   -0.547918   -0.814913   -1.565376   -1.576295   -1.892556   -0.752179   -1.170798   -4.151    8.483  -19.057 S_000001
SCORE:     0.000                  0.000          0          0          0    S_000002
   1 H     0.000  170.252   55.279   90.941 -151.306   71.013   68.901   30.446  102.888 -101.134    0.358833   -1.317359   -0.669579   -0.815547   -1.521498   -1.621194   -1.894205   -0.717362   -1.194970    3.794    0.984    0.238 S_000002
   2 P   -53.240  141.072   55.503   83.381 -124.231  -71.770   91.665   32.006  101.622  179.892    0.337978   -1.372784   -0.580536   -0.828395   -1.612062   -1.542978   -1.889674   -0.747661   -1.181277    1.347   -0.101   -3.068 S_000002
   3 P  -154.110  177.465  163.988   84.786   25.390 -179.014   86.764   31.051  102.698   25.124    0.355035   -1.299002   -0.698685   -0.820070   -1.469196   -1.668745   -1.888201   -0.662177   -1.225535   -0.753   -0.443   -9.610 S_000002
   4 N   -68.783  178.342   68.061  156.374  -91.217   90.988  118.210  -39.025  158.626   23.183    0.320137   -0.031076   -1.490643   -0.761438   -0.985977   -1.984114   -1.924811   -0.642834   -1.250309   -5.754   -2.911  -13.275 S_000002
   5 P   -73.299 -153.922   37.561  134.376 -117.922  179.990  135.214  -32.500  159.044 -172.187    0.341690   -0.483427   -1.410623   -0.819998   -1.428805   -1.692496   -1.939475   -0.755895   -1.172241   -6.792   -1.382  -17.281 S_000002
   6 H   -67.186  175.979   54.685   83.960    0.000    0.000   77.300   35.289   97.937  -25.491    0.325299   -1.375378   -0.575114   -0.805426   -1.563458   -1.593888   -1.876673   -0.717144   -1.210807   -6.643    4.108  -20.531 S_000002
SCORE:     0.000                  0.000          0          0          2    S_000003
   1 H     0.000  170.252   55.279   94.665  -27.662 -147.423   90.938   23.838  118.877  -12.943    0.358233   -1.295787   -0.728342   -0.888519   -1.571352   -1.575401   -1.880319   -0.633861   -1.245132    3.794    0.984    0.238 S_000003
   2 P   -53.289  163.320   45.076   78.150 -174.071  -61.893   90.092   39.465   92.706  166.443    0.298194   -1.415504   -0.477601   -0.783338   -1.596720   -1.547714   -1.859577   -0.735076   -1.204421    6.106    1.393   -5.858 S_000003
   3 P   -69.715  173.036   57.573   83.744 -157.991  -61.043   88.830   38.147   87.368  -21.653    0.321164   -1.351447   -0.611825   -0.768984   -1.450395   -1.671378   -1.878129   -0.723587   -1.202100    5.203    2.795  -11.392 S_000003
   4 P   -69.100  166.789   60.987   85.575 -126.914  -76.933   76.801   35.484   93.476  -26.212    0.363551   -1.322575   -0.636810   -0.740290   -1.471245   -1.666578   -1.861899   -0.725658   -1.205625    1.328    2.832  -15.788 S_000003
   5 P  -158.744  158.047 -175.507  148.978  -76.951  133.761  -47.948  -37.980  158.656 -136.222    0.323669   -0.148436   -1.482406   -0.773508   -1.119796   -1.911136   -1.926811   -0.720780   -1.200019   -4.648    5.842  -17.703 S_000003
   6 H    51.566 -175.598   44.269   84.412    0.000    0.000   93.402   37.937   87.229  -24.911    0.306129   -1.350614   -0.639263   -0.795298   -1.409901   -1.684567   -1.894362   -0.690661   -1.202120   -9.002    2.326  -19.135 S_000003
SCORE:     0.000                  0.000          0          0          4    S_000004
   1 H     0.000  170.252   55.279   86.217 -107.620  -85.121   69.157   39.499   87.944  -22.140    0.313936   -1.335682   -0.672312   -0.761809   -1.364464   -1.755598   -1.891121   -0.704324   -1.211451    3.794    0.984    0.238 S_000004
   2 P   -70.099 -172.909   56.434   90.372 -144.642  -48.405   76.619   37.106   92.933  -34.752    0.313838   -1.339604   -0.644329   -0.786120   -1.449467   -1.696858   -1.892538   -0.711078   -1.212341    6.540   -2.307   -4.932 S_000004
   3 N  -102.288 -143.824   53.417   86.741 -176.192  -81.738   80.621   35.145   97.012  -68.645    0.333433   -1.349776   -0.628302   -0.797330   -1.498401   -1.650388   -1.882874   -0.694807   -1.220680    2.733   -4.585   -9.942 S_000004
   4 N  -173.868 -178.616  179.685   86.902 -146.045  -72.431   81.778   39.756   88.577  -12.629    0.302540   -1.355778   -0.621490   -0.770300   -1.422934   -1.707921   -1.886028   -0.702878   -1.216575   -2.745   -2.751  -13.381 S_000004
   5 P   -65.833 -178.924   58.139   84.653 -130.977  -57.294   79.409   36.953   92.971  -20.652    0.319491   -1.350776   -0.634649   -0.790624   -1.461319   -1.683866   -1.887372   -0.684012   -1.227198   -8.265   -2.070  -16.390 S_000004
   6 H   -67.421  178.379   56.261   80.079    0.000    0.000   74.295   38.263   93.021 -152.100    0.318014   -1.390423   -0.528426   -0.767072   -1.566932   -1.586187   -1.852706   -0.726761   -1.215549  -11.287    2.902  -18.393 S_000004
SCORE:     0.000                  0.000          0          0          1    S_000005
   1 H     0.000  170.252   55.279   85.676 -125.985  -74.574   64.187   33.963   92.629  -22.351    0.356939   -1.310108   -0.685300   -0.781659   -1.439429   -1.698524   -1.889666   -0.715746   -1.205654    3.794    0.984    0.238 S_000005
   2 N  -119.159 -128.524   59.713   84.192 -163.416  -74.583   76.732   37.638   91.643  -15.524    0.327677   -1.341485   -0.642548   -0.769994   -1.432892   -1.702299   -1.874881   -0.677260   -1.234426    6.065   -2.689   -5.331 S_000005
   3 P    82.088  108.117    0.353  116.028 -158.738  -65.796   81.065   -1.319  126.044 -143.021    0.413829   -0.869149   -1.184663   -0.869504   -1.374044   -1.816255   -1.953091   -0.720784   -1.190332    0.586   -4.534   -7.662 S_000005
   4 N  -105.560 -158.633   58.653  146.399  -91.567  104.815  121.681  -35.867  155.344   90.371    0.331721   -0.159949   -1.484449   -0.789228   -1.093255   -1.944854   -1.935409   -0.691019   -1.218103   -3.881   -1.748  -11.837 S_000005
   5 P    35.573  116.470  -23.666  139.298 -151.338  -91.792   77.356  -24.168  140.510   25.007    0.377779   -0.336987   -1.435574   -0.829905   -1.084118   -1.979720   -1.949045   -0.693654   -1.207906   -8.281    0.130  -14.301 S_000005
   6 H   -70.990 -179.416   50.494   81.138    0.000    0.000   84.701   36.177   96.030   -5.713    0.317029   -1.401866   -0.481678   -0.798448   -1.645182   -1.499425   -1.856190   -0.757211   -1.186299  -10.786    2.915  -19.657 S_000005
SCORE:     0.001                  0.001          0          0          1    S_000006
   1 H     0.000  170.252   55.279  113.831  -94.256  -61.497  108.560  -36.322  160.992   14.457    0.291174   -0.919178   -1.172061   -0.794497   -1.953435   -1.090345   -1.926116   -1.199418   -0.671265    3.794    0.984    0.238 S_000006
   2 P   -56.268  161.119   61.016   77.844 -167.355   55.369   92.406   38.267   91.528  -24.397    0.310151   -1.407313   -0.490022   -0.776906   -1.601009   -1.536080   -1.851531   -0.764212   -1.185388    4.729   -2.540   -4.218 S_000006
   3 N   -77.846 -175.290   55.105   84.238 -147.017  -67.917   86.449   38.708   89.258  -18.259    0.323103   -1.359895   -0.603751   -0.759868   -1.464042   -1.676630   -1.874408   -0.705348   -1.218439    2.136    0.811   -7.649 S_000006
   4 P  -116.095   78.928  160.153   89.968 -114.340  -64.114   62.535   38.413   87.794  -16.870    0.305082   -1.270661   -0.792789   -0.775425   -1.260837   -1.882235   -1.886885   -0.675496   -1.247486   -0.580    3.710  -11.980 S_000006
   5 N   164.467  163.990  179.885   84.697 -120.782  -70.569   36.074   33.699   98.267  -26.234    0.344251   -1.341532   -0.641023   -0.799238   -1.514677   -1.645367   -1.887856   -0.716253   -1.209084   -2.393    8.067  -16.725 S_000006
   6 H   -82.513 -162.401   51.250   84.575    0.000    0.000   85.959   36.341   94.578  -25.067    0.310464   -1.352478   -0.622428   -0.804960   -1.482033   -1.657316   -1.882056   -0.681356   -1.219492   -1.636   10.289  -23.029 S_000006
SCORE:     0.000                  0.000          0          1          0    S_000007
   1 H     0.000  170.252   55.279  106.429 -105.159  121.110  148.097   19.351   93.612 -146.922    0.402316   -0.992845   -1.094546   -0.830578   -1.130609   -1.969974   -1.927567   -0.677797   -1.212852    3.794    0.984    0.238 S_000007
   2 N   -63.846  165.988   55.584   80.442 -150.752  -83.560   79.318   38.280   95.916  174.765    0.302786   -1.409936   -0.490491   -0.793349   -1.604580   -1.543837   -1.854498   -0.719089   -1.216381    4.381    4.699   -2.835 S_000007
   3 P   153.930  177.445 -139.408  110.409 -122.383  -57.748 -119.369   13.045  105.704  -13.098    0.438341   -0.883489   -1.160116   -0.818966   -1.098820   -1.990414   -1.927190   -0.649360   -1.232549    4.565    8.368   -8.612 S_000007
   4 P   -68.583  174.560   57.210   78.473 -146.553  -72.768   83.682   44.038   88.634 -137.919    0.273398   -1.417862   -0.476246   -0.739505   -1.517283   -1.609492   -1.842702   -0.717526   -1.219324    3.439   10.028  -14.396 S_000007
   5 N   -78.017  176.745   52.989   83.231 -125.383 -136.381   89.349   39.211   88.312 -173.416    0.314224   -1.351951   -0.617369   -0.765357   -1.433040   -1.698826   -1.877253   -0.684658   -1.230427    0.467    8.151  -19.722 S_000007
   6 H    40.584  177.291  -58.338   89.770    0.000    0.000   90.165   37.115   82.408  -71.463    0.333904   -1.236699   -0.823119   -0.773156   -1.186074   -1.879510   -1.913331   -0.658925   -1.230458   -4.886    5.344  -22.566 S_000007
SCORE:     0.000                  0.000          0          0          1    S_000008
   1 H     0.000  170.252   55.279   87.129 -129.779   56.768   66.650   34.879   95.678  -17.539    0.332178   -1.340273   -0.636403   -0.797482   -1.496395   -1.658890   -1.882796   -0.702467   -1.217915    3.794    0.984    0.238 S_000008
   2 P   -63.982 -168.837   46.088   80.671 -148.468  -57.266   76.874   40.887   82.654  179.340    0.296835   -1.376350   -0.571860   -0.761999   -1.447446   -1.663790   -1.874346   -0.731076   -1.194265    0.830   -0.916   -2.820 S_000008
   3 P    53.260 -156.711  -70.832  101.124  174.935  -86.647  127.664   39.124   73.199 -115.342    0.315238   -1.084078   -1.018786   -0.771366   -0.795549   -2.048683   -1.919607   -0.617186   -1.254678   -1.575   -0.497   -7.514 S_000008
   4 P    55.791 -154.210  -79.625  110.398 -137.216  -38.665   75.819   28.932   86.198  -12.210    0.360556   -1.008663   -1.086247   -0.837149   -0.905054   -2.040815   -1.953069   -0.615965   -1.236816   -5.795    0.370  -10.423 S_000008
   5 P   -67.357  167.196   57.146   85.473 -131.355  -77.624   76.640   36.261   91.558  157.854    0.327971   -1.350155   -0.609861   -0.784687   -1.491310   -1.644472   -1.875149   -0.701900   -1.211607   -8.743    2.455  -14.727 S_000008
   6 H   -79.861 -166.133   50.312   73.960    0.000    0.000   80.967   45.316   85.615  159.715    0.257616   -1.457508   -0.311834   -0.737240   -1.672801   -1.450554   -1.809816   -0.776919   -1.190531   -8.670    2.642  -21.475 S_000008
SCORE:     0.001                  0.001          0          0          2    S_000009
   1 H     0.000  170.252   55.279  131.423  -46.459 -132.759  120.131  -20.861  149.493 -175.188    0.411169   -0.479976   -1.379335   -0.833138   -1.205921   -1.859265   -1.942644   -0.641400   -1.223291    3.794    0.984    0.238 S_000009
   2 N    91.971 -172.714  176.965   91.644  -82.640  -74.094   95.560   26.033  115.004  -16.133    0.352738   -1.331932   -0.672950   -0.874494   -1.609787   -1.547795   -1.890247   -0.687458   -1.219079    6.655    1.381   -5.590 S_000009
   3 P   -99.199  125.637 -179.762   83.640  -90.679  -87.968   64.615   29.263  105.895  110.664    0.352009   -1.326372   -0.671473   -0.835522   -1.567296   -1.611758   -1.895083   -0.726387   -1.202761    2.696    1.431  -10.168 S_000009
   4 N   -64.339  161.339   54.598   77.701 -151.569  176.249 -106.313   36.001  100.385  -44.332    0.326619   -1.388076   -0.538637   -0.793066   -1.586111   -1.560407   -1.853954   -0.718771   -1.215020    1.170    3.570  -15.959 S_000009
   5 P   -57.256  168.787   55.290   81.832 -146.750  -58.175   74.756   38.562   93.414  -26.202    0.309230   -1.385757   -0.545924   -0.779935   -1.535009   -1.610617   -1.863933   -0.708053   -1.219700    4.055    7.783  -19.587 S_000009
   6 H   -67.192  172.036   53.995   82.732    0.000    0.000   76.143   38.482   94.408  153.634    0.304708   -1.383494   -0.563115   -0.780613   -1.525063   -1.624557   -1.866063   -0.709941   -1.215470    4.614   12.991  -22.498 S_000009
SCORE:     0.000                  0.000          0          1          0    S_000010
   1 H     0.000  170.252   55.279   86.451 -113.942   96.973   67.088   36.827   94.965  179.912    0.306394   -1.361306   -0.617183   -0.809291   -1.491809   -1.666110   -1.890910   -0.679437   -1.240249    3.794    0.984    0.238 S_000010
   2 N  -149.449  161.904  169.889   81.813 -145.400  -65.994  120.751   29.215  116.975    7.240    0.321253   -1.415703   -0.497345   -0.892978   -1.732380   -1.385977   -1.824266   -0.691127   -1.230135    0.976    2.212   -4.044 S_000010
   3 P   -64.985  157.588   60.350   79.410 -118.392  -86.007   74.910   35.411   98.119  168.403    0.318909   -1.400857   -0.531610   -0.811209   -1.613411   -1.540957   -1.863513   -0.721061   -1.208884   -4.272    3.592   -6.215 S_000010
   4 N    36.770 -113.114 -135.414  148.881  -85.299  -53.600  138.084  -33.438  145.828   17.126    0.331964   -0.115448   -1.486456   -0.811339   -0.981315   -2.015860   -1.925726   -0.690133   -1.206143   -6.615    4.601  -10.867 S_000010
   5 P   -81.235  177.686   68.814   79.896 -132.679  -67.992   75.767   35.739  101.423  -13.839    0.316377   -1.396665   -0.524264   -0.812331   -1.606158   -1.539772   -1.829489   -0.665338   -1.246931   -6.467    4.102  -16.793 S_000010
   6 H    89.728  -99.886 -161.439   85.629    0.000    0.000   71.861   38.366   90.595  179.924    0.314093   -1.355299   -0.618916   -0.767249   -1.458234   -1.682874   -1.888723   -0.748296   -1.191485   -8.209    0.017  -17.538 S_000010
