SEQUENCE: gaaaaaaaag
SCORE:     score    rna_stub_coord_hack       N_WC      N_NWC       N_BS description
REMARK RNA 
SCORE:    44.758                 44.758          0          0          2    S_000001
   1 H     0.000  170.252   55.279   80.114 -173.986  -59.591   84.176   39.921   97.140  -26.586    0.297491   -1.408783   -0.470905   -0.768950   -1.597368   -1.546575   -1.812975   -0.674212   -1.254333    3.794    0.984    0.238 S_000001
   2 P     4.352 -138.163  168.560   86.654 -118.907  -60.706   36.211   32.063   96.508  -20.363    0.352445   -1.314101   -0.684984   -0.812480   -1.483349   -1.672940   -1.904282   -0.714478   -1.202019    8.567   -0.396   -1.018 S_000001
   3 P  -126.545  103.340  172.353   84.494 -124.870  -74.097   46.298   37.057   94.038  -17.464    0.328095   -1.349179   -0.624880   -0.778365   -1.465128   -1.675774   -1.878650   -0.694264   -1.217005   10.684    0.694    4.769 S_000001
   4 P  -173.910 -150.992  149.500  127.998 -128.911 -142.558   91.482   -6.193  136.127   15.787    0.408280   -0.788743   -1.262842   -0.923571   -1.317920   -1.806812   -1.984235   -0.740556   -1.116661   11.897    1.578   11.323 S_000001
   5 P   -61.485  172.776   56.944   86.906 -153.389 -117.159   65.060   32.671  101.167 -166.560    0.336310   -1.350716   -0.631465   -0.822328   -1.544625   -1.614423   -1.898988   -0.721388   -1.199581   13.054    4.553   17.199 S_000001
   6 N  -175.101 -147.674  159.572  141.718  176.133  146.872   62.364  -31.811 -103.226   76.911    0.331832   -0.177856   -1.485199   -0.843536   -1.029654   -1.962328   -1.977627   -0.691472   -1.204184   13.753    4.247   24.292 S_000001
   7 P  -141.438 -173.059   59.783   86.819   64.242  123.802  129.505   17.004  123.499   57.036    0.418770   -1.172726   -0.880056   -0.860914   -1.479592   -1.655423   -1.888016   -0.619308   -1.243832   16.165    4.386   30.983 S_000001
   8 P  -173.910 -150.992  149.500  127.998 -128.911 -142.558   91.482   -6.193  136.127   15.787    0.408280   -0.788743   -1.262842   -0.923571   -1.317920   -1.806812   -1.984235   -0.740556   -1.116661   16.016    6.725   37.570 S_000001
   9 N   170.628 -165.875 -168.095   88.100 -146.025  -69.701   74.281   42.570   86.157  -18.932    0.269820   -1.368058   -0.613320   -0.764958   -1.393175   -1.735747   -1.891381   -0.711959   -1.210295   17.766    7.591   44.626 S_000001
  10 H   163.841 -173.880  176.076   89.405    0.000    0.000   66.522   35.317   89.722 -148.585    0.338870   -1.286112   -0.718525   -0.791022   -1.350749   -1.750048   -1.903945   -0.666231   -1.212213   21.174    7.762   50.374 S_000001
SCORE:    42.972                 42.972          0          0          3    S_000002
   1 H     0.000  170.252   55.279  113.581   92.249  -54.576  141.974  -25.861  140.708   51.693    0.382093   -0.375366   -1.438906   -0.832179   -1.172444   -1.918177   -1.927813   -0.756018   -1.137279    3.794    0.984    0.238 S_000002
   2 P   163.850  141.944   53.340  149.322 -136.992  169.639  100.626  -38.298  156.829  -94.857    0.307222   -0.158476   -1.484788   -0.790412   -1.140342   -1.903596   -1.933724   -0.753839   -1.176530    8.221    2.593    2.006 S_000002
   3 N  -156.867  110.215 -178.694   83.001 -125.031  -85.767   63.480   35.303   94.446  -15.749    0.334787   -1.336847   -0.646589   -0.789555   -1.475273   -1.675352   -1.872685   -0.695674   -1.220194    8.520    3.328    8.266 S_000002
   4 P  -173.910 -150.992  149.500  127.998 -128.911 -142.558   91.482   -6.193  136.127   15.787    0.408280   -0.788743   -1.262842   -0.923571   -1.317920   -1.806812   -1.984235   -0.740556   -1.116661    7.348    1.335   14.754 S_000002
   5 N  -175.101 -147.674  159.572  141.718  176.133  146.872   62.364  -31.811 -103.226   76.911    0.331832   -0.177856   -1.485199   -0.843536   -1.029654   -1.962328   -1.977627   -0.691472   -1.204184    5.263    0.872   21.761 S_000002
   6 P   130.441 -169.255 -175.534   87.529 -139.396  -73.339   76.666   42.343   79.788  -27.856    0.303737   -1.327853   -0.673674   -0.727966   -1.301955   -1.792160   -1.883888   -0.708212   -1.221319    5.399   -0.014   28.694 S_000002
   7 P  -131.963  111.649  148.854   88.026 -136.731  -70.473   74.180   34.837   90.415  169.627    0.331994   -1.285485   -0.749691   -0.802246   -1.347360   -1.777932   -1.920759   -0.695904   -1.206415    5.349   -0.543   35.119 S_000002
   8 N  -174.783  120.716  177.399  150.472 -127.479 -150.643  -46.738  -38.379  156.036  172.165    0.295515   -0.075973   -1.493365   -0.801078   -1.032701   -1.963612   -1.942754   -0.690149   -1.211052    5.846   -1.099   42.054 S_000002
   9 P   156.353 -133.222  164.035   85.022 -132.078  -70.133   56.405   35.699   92.955  -23.381    0.337490   -1.334670   -0.638481   -0.784103   -1.465449   -1.671942   -1.879859   -0.693833   -1.214504    5.593   -2.624   48.963 S_000002
  10 H   -72.507  157.492   73.421   77.688    0.000    0.000   58.599   39.775   91.989  -22.149    0.301837   -1.392391   -0.532504   -0.773987   -1.521144   -1.610884   -1.848601   -0.691866   -1.228228    5.408   -1.026   54.833 S_000002
SCORE:    43.907                 43.907          0          1          1    S_000003
   1 H     0.000  170.252   55.279   76.254    0.000    0.000   77.113   38.935   94.527  -45.907    0.309521   -1.390159   -0.537819   -0.777898   -1.531856   -1.606124   -1.856107   -0.687633   -1.229035    3.794    0.984    0.238 S_000003
   2 P    99.465 -106.430  178.007   84.696 -144.329  -62.812   66.804   41.249   85.722 -142.610    0.302748   -1.361835   -0.618904   -0.748603   -1.405431   -1.726472   -1.875966   -0.714622   -1.213284    4.775    2.584    1.207 S_000003
   3 P   -42.794  174.839   55.906   93.281 -145.888 -140.016  117.938   28.490  120.487  103.438    0.333015   -1.351528   -0.643539   -0.874456   -1.586900   -1.542299   -1.882350   -0.678418   -1.212105    8.100    3.706    5.925 S_000003
   4 P   119.802 -147.111 -144.526  109.569 -143.800  -81.732   76.992   10.507  113.777 -142.370    0.392724   -1.039526   -1.039210   -0.879472   -1.411159   -1.786625   -1.952807   -0.730573   -1.180027   11.227    5.923   11.419 S_000003
   5 P   -76.439 -155.686   76.097   98.708  168.544 -113.341  126.301    2.278  141.133  172.074    0.410529   -1.103526   -0.968395   -0.933240   -1.621578   -1.502075   -1.924475   -0.687537   -1.196092   14.716    7.009   17.156 S_000003
   6 N  -178.810  153.055  135.770  106.704 -138.327 -112.358  127.377   22.478   87.323  -11.418    0.409131   -0.973460   -1.098711   -0.809248   -1.028300   -2.013690   -1.923910   -0.665663   -1.225656   17.061    7.270   23.641 S_000003
   7 P  -144.903  127.221 -177.876   83.037 -138.999  -74.859   73.756   32.146   98.685  179.949    0.361076   -1.325429   -0.666502   -0.795029   -1.507480   -1.648622   -1.876021   -0.717484   -1.203681   20.117    8.416   29.740 S_000003
   8 N   167.952 -167.959  154.203  145.211 -155.376 -167.633   19.536  -32.174  148.043  -55.599    0.332777   -0.133501   -1.484945   -0.828850   -0.980089   -2.013944   -1.953344   -0.695714   -1.205944   20.908   10.030   36.233 S_000003
   9 P   179.255 -135.065  172.800   92.097  -85.253 -110.016   72.445   16.446  126.691   -9.809    0.394445   -1.251474   -0.774943   -0.886338   -1.638097   -1.508116   -1.898612   -0.716384   -1.191581   24.724   11.374   42.240 S_000003
  10 H  -163.197 -166.024   52.073   76.887    0.000    0.000   67.539   38.188  101.515  -18.377    0.303137   -1.438788   -0.396074   -0.794133   -1.693754   -1.427931   -1.815688   -0.732387   -1.217724   23.623   13.743   48.785 S_000003
SCORE:    43.035                 43.035          0          0          1    S_000004
   1 H     0.000  170.252   55.279   73.606    0.000    0.000   82.124   47.283   83.211  -66.065    0.211910   -1.448389   -0.400781   -0.773135   -1.533278   -1.582677   -1.869843   -0.720695   -1.217359    3.794    0.984    0.238 S_000004
   2 P    54.897  114.810 -176.118   89.087 -127.389 -121.341  116.230   20.389  126.500   17.806    0.361788   -1.368244   -0.600732   -0.917700   -1.769895   -1.345613   -1.864720   -0.741612   -1.186574    4.577    3.914    0.779 S_000004
   3 P   105.521  156.804  148.628  159.247 -128.125 -110.056   82.304  -40.995  149.473 -171.489    0.270028    0.135892   -1.494581   -0.790297   -0.798343   -2.074916   -1.911233   -0.674598   -1.221385   10.148    4.553    5.186 S_000004
   4 P  -172.564  127.960  145.240   79.909 -123.423  -74.300   59.084   38.736   99.149    4.314    0.366888   -1.353799   -0.648101   -0.720295   -1.428243   -1.736393   -1.867590   -0.724777   -1.210854   13.141    7.172   11.186 S_000004
   5 P  -133.435  121.623  159.513   84.107 -132.282  -83.506   67.169   34.547   94.201  -27.447    0.328492   -1.348144   -0.633645   -0.807308   -1.509568   -1.647897   -1.897709   -0.723428   -1.200444   13.953    9.382   17.349 S_000004
   6 P    69.147  168.508  -47.744  150.543 -148.343 -142.366  171.938  -32.034  145.911   71.933    0.339556   -0.069758   -1.491340   -0.820604   -0.887048   -2.048544   -1.926939   -0.666372   -1.215392   14.373   12.374   22.838 S_000004
   7 P   171.747  153.395  159.041  148.712 -150.900 -143.856  163.298  -31.676  141.216  -34.261    0.335662   -0.099384   -1.482186   -0.823846   -0.920479   -2.044532   -1.934389   -0.708140   -1.198506   15.465   13.089   30.052 S_000004
   8 P   171.747  153.395  159.041  148.712 -150.900 -143.856  163.298  -31.676  141.216  -34.261    0.335662   -0.099384   -1.482186   -0.823846   -0.920479   -2.044532   -1.934389   -0.708140   -1.198506   17.972   14.509   36.787 S_000004
   9 P   136.091 -155.062 -174.957   86.112 -149.015  164.446   79.341   36.163   91.586  -11.052    0.350342   -1.312825   -0.679406   -0.762117   -1.404980   -1.724639   -1.869948   -0.666744   -1.230244   21.038   17.544   42.233 S_000004
  10 H   -67.914  173.712   59.496   82.492    0.000    0.000   71.137   37.694   91.082  179.906    0.318103   -1.373683   -0.580224   -0.773928   -1.521096   -1.633864   -1.877637   -0.736478   -1.200714   23.621   14.933   47.277 S_000004
SCORE:    45.507                 45.507          0          0          1    S_000005
   1 H     0.000  170.252   55.279  107.424  -29.806   85.115   89.870    4.565  132.258   -5.516    0.448234   -0.969604   -1.083568   -0.853255   -1.401633   -1.742796   -1.927752   -0.658219   -1.220029    3.794    0.984    0.238 S_000005
   2 P   -52.839 -177.890  173.171   81.618 -125.368  -75.807   71.882   38.120   92.209  -23.691    0.311955   -1.371838   -0.582527   -0.783486   -1.501299   -1.644852   -1.874525   -0.707241   -1.217623    6.068    3.880    1.265 S_000005
   3 P  -147.370  132.427  163.030   85.740 -133.620  -84.078   67.702   34.176   93.870  -15.107    0.344463   -1.309014   -0.688719   -0.791759   -1.433451   -1.704701   -1.888885   -0.699291   -1.211989    5.580    2.750    7.976 S_000005
   4 N  -139.048  166.464  170.340   86.512 -154.158  -65.732   70.175   34.223   96.956   10.890    0.341865   -1.327089   -0.657684   -0.792520   -1.472840   -1.667874   -1.873415   -0.684865   -1.220649    5.291    0.602   14.588 S_000005
   5 P   -63.250  175.683   65.794  149.949 -131.110 -149.590  116.670  -46.360  165.701  151.659    0.291047   -0.023190   -1.497427   -0.685692   -1.116595   -1.889345   -1.874813   -0.741826   -1.205416    5.777   -0.269   20.558 S_000005
   6 P   -66.371  171.824   53.159   81.077 -151.909 -102.406   86.215   41.126   96.105 -173.389    0.275647   -1.408164   -0.479324   -0.784061   -1.547730   -1.569097   -1.827258   -0.651702   -1.250026    4.048   -0.339   26.990 S_000005
   7 N  -161.449  -80.375 -167.755   89.297 -150.159  165.209  -87.153   31.046  106.885   18.642    0.339296   -1.337064   -0.665664   -0.840118   -1.530120   -1.624557   -1.899377   -0.689110   -1.219184    6.623   -3.476   32.588 S_000005
   8 P   155.560  161.070 -178.457   84.276 -122.408  -98.195   69.445   34.862   99.023  -17.493    0.336436   -1.355400   -0.607953   -0.795993   -1.522882   -1.622071   -1.870210   -0.689281   -1.222321    3.356   -4.507   38.869 S_000005
   9 P  -154.050  145.148  124.520   89.904 -156.931 -129.437   98.571   22.752  116.377   53.243    0.366115   -1.304268   -0.738772   -0.890164   -1.596323   -1.568220   -1.925176   -0.727709   -1.180955    3.167   -4.085   45.952 S_000005
  10 H   156.549 -153.843  173.897   84.497    0.000    0.000   46.117   37.282   91.780  -14.545    0.320658   -1.360156   -0.611237   -0.783254   -1.486346   -1.664669   -1.881278   -0.706939   -1.214241    2.498   -4.768   52.885 S_000005
SCORE:    43.460                 43.460          0          0          2    S_000006
   1 H     0.000  170.252   55.279   72.490  174.678  -71.718   81.971   38.968  101.083  -76.905    0.256706   -1.478288   -0.246837   -0.841577   -1.823230   -1.262417   -1.834095   -0.818996   -1.153296    3.794    0.984    0.238 S_000006
   2 N    30.868 -120.066  169.636   83.794 -168.750  -74.349  111.391   35.183   96.403 -152.609    0.326293   -1.356749   -0.613451   -0.800568   -1.521734   -1.634229   -1.885032   -0.716011   -1.208655    8.060    1.163   -0.922 S_000006
   3 N  -162.335 -115.976  123.191   89.015  175.258 -173.476   79.260   17.306  130.746  -80.581    0.379421   -1.301197   -0.739786   -0.920270   -1.669913   -1.460581   -1.919630   -0.732482   -1.173204    9.830    3.529    5.138 S_000006
   4 P   165.278  167.371  175.594   83.822 -158.281  -75.127   89.459   36.330   91.172 -137.030    0.339110   -1.327173   -0.662258   -0.772025   -1.433257   -1.708364   -1.881501   -0.696938   -1.221572   12.630    4.258   11.801 S_000006
   5 P   145.559 -147.661 -179.920   89.636 -147.948 -121.251  142.316   19.265  124.361   72.826    0.378876   -1.314939   -0.680925   -0.895597   -1.696331   -1.431095   -1.862822   -0.708039   -1.208086   14.216    6.360   17.454 S_000006
   6 P   -58.139 -157.673   47.097  137.273 -121.019 -162.787  123.042  -30.005  146.949   90.282    0.362862   -0.328184   -1.452129   -0.810759   -1.192878   -1.901264   -1.935428   -0.771670   -1.158457   17.422    8.665   23.016 S_000006
   7 N   167.952 -167.959  154.203  145.211 -155.376 -167.633   19.536  -32.174  148.043  -55.599    0.332777   -0.133501   -1.484945   -0.828850   -0.980089   -2.013944   -1.953344   -0.695714   -1.205944   18.449    8.174   30.216 S_000006
   8 P   105.521  156.804  148.628  159.247 -128.125 -110.056   82.304  -40.995  149.473 -171.489    0.270028    0.135892   -1.494581   -0.790297   -0.798343   -2.074916   -1.911233   -0.674598   -1.221385   20.436    8.740   37.109 S_000006
   9 P  -165.123  123.315  171.991   87.033 -153.571  -59.887   73.452   35.136   95.198   -8.374    0.331756   -1.337775   -0.632899   -0.796073   -1.488319   -1.658809   -1.881383   -0.691431   -1.212719   23.271   12.154   42.681 S_000006
  10 H   -44.734  171.240   43.479   82.899    0.000    0.000   85.242   36.478   95.037  -28.827    0.330702   -1.350686   -0.606015   -0.781294   -1.481612   -1.640128   -1.864349   -0.684934   -1.223029   26.144   14.261   47.156 S_000006
SCORE:    46.134                 46.134          0          0          2    S_000007
   1 H     0.000  170.252   55.279  103.315 -166.574  -57.536   91.379   36.803   80.852  138.874    0.347218   -1.083875   -1.004480   -0.748662   -0.881779   -2.034146   -1.894837   -0.537410   -1.291932    3.794    0.984    0.238 S_000007
   2 P     0.000 -172.040  175.965   87.228 -137.561  -38.763   59.522   35.140   96.606  -17.399    0.313954   -1.344260   -0.648129   -0.809583   -1.493948   -1.672674   -1.889135   -0.696665   -1.216963    7.747   -2.570   -0.577 S_000007
   3 P   -97.972 -152.339   81.706  124.769 -146.581  162.724  125.829  -16.565  146.909   34.182    0.440902   -0.620888   -1.321854   -0.837849   -1.312903   -1.792966   -1.931445   -0.672971   -1.201510    9.169   -2.520    5.731 S_000007
   4 P   139.421   99.903  167.645   88.729 -152.217  -69.641   88.735   35.678   89.523  177.526    0.326064   -1.301859   -0.702283   -0.796219   -1.383460   -1.739469   -1.902064   -0.690550   -1.208633    8.049   -4.740   12.415 S_000007
   5 P   166.345  136.515  176.959   87.298 -141.961  -85.985   88.233   36.289   90.829  -13.741    0.336751   -1.319590   -0.670557   -0.773868   -1.420417   -1.716763   -1.889689   -0.708570   -1.210282    6.948   -5.437   19.273 S_000007
   6 N   167.952 -167.959  154.203  145.211 -155.376 -167.633   19.536  -32.174  148.043  -55.599    0.332777   -0.133501   -1.484945   -0.828850   -0.980089   -2.013944   -1.953344   -0.695714   -1.205944    8.216   -5.462   26.029 S_000007
   7 N   -68.246 -179.265   60.610   82.394 -166.940 -101.879   80.724   34.938   96.446 -174.394    0.326881   -1.364842   -0.584319   -0.805091   -1.547696   -1.595186   -1.878234   -0.725880   -1.199119    7.672   -7.322   32.347 S_000007
   8 P  -177.185 -173.566  155.371  145.456  -98.754  179.352  138.838  -24.197  141.689  170.602    0.366879   -0.185448   -1.467973   -0.847005   -0.869502   -2.069646   -1.938630   -0.653402   -1.218242    8.880   -7.591   39.218 S_000007
   9 N   142.531 -133.070  155.122   84.070 -126.958  -78.167   53.380   33.395   92.183 -154.433    0.362469   -1.276649   -0.753847   -0.780352   -1.371336   -1.768302   -1.906329   -0.706404   -1.209605    8.400   -8.297   46.091 S_000007
  10 H   -70.109  174.267   59.423   81.581    0.000    0.000   77.351   39.798   91.614  154.643    0.304383   -1.371332   -0.548270   -0.765922   -1.503527   -1.637118   -1.820546   -0.663513   -1.219402   11.068   -9.052   51.924 S_000007
SCORE:    43.346                 43.346          0          1          2    S_000008
   1 H     0.000  170.252   55.279   77.545    0.000    0.000   55.013   36.006   95.442  -17.572    0.330367   -1.365524   -0.598136   -0.790655   -1.521988   -1.630675   -1.880096   -0.708880   -1.214961    3.794    0.984    0.238 S_000008
   2 N     0.000 -178.209  -77.973  172.775 -179.770 -103.721  -56.297  -46.900  158.839  173.027    0.206742    0.470201   -1.420427   -0.770569   -0.440451   -2.151081   -1.868845   -0.629590   -1.254853    2.851    2.406    1.342 S_000008
   3 P  -173.910 -150.992  149.500  127.998 -128.911 -142.558   91.482   -6.193  136.127   15.787    0.408280   -0.788743   -1.262842   -0.923571   -1.317920   -1.806812   -1.984235   -0.740556   -1.116661    4.881    4.116    7.616 S_000008
   4 P  -163.415 -164.775  171.520   87.292 -173.272  -90.210   95.538   33.873  101.998   69.427    0.333059   -1.348368   -0.630589   -0.813263   -1.521104   -1.634527   -1.885456   -0.693273   -1.220867    7.655    5.102   14.368 S_000008
   5 P  -141.884 -153.218   68.457  142.369  -78.259 -147.876  139.504  -33.072  154.475   16.775    0.336963   -0.296650   -1.449887   -0.804312   -1.209831   -1.869476   -1.932761   -0.730949   -1.184057    9.055    5.092   21.153 S_000008
   6 N  -161.912  144.831  163.138   87.020 -163.361  -72.898   66.879   36.893   92.007  -14.838    0.313333   -1.374187   -0.573869   -0.796398   -1.534179   -1.616031   -1.894495   -0.762736   -1.174099   11.656    8.091   26.880 S_000008
   7 P   -97.972 -152.339   81.706  124.769 -146.581  162.724  125.829  -16.565  146.909   34.182    0.440902   -0.620888   -1.321854   -0.837849   -1.312903   -1.792966   -1.931445   -0.672971   -1.201510   13.356    8.925   33.374 S_000008
   8 P    75.543  143.079 -173.965   79.820 -149.586  -83.394  142.471   35.166  105.724   89.437    0.315909   -1.418544   -0.465537   -0.820805   -1.676714   -1.460143   -1.808956   -0.689573   -1.240935   13.949    8.217   40.271 S_000008
   9 P   178.953  121.420   60.039  137.761  -89.783  162.171   95.568  -36.201  164.047  -85.504    0.329547   -0.376318   -1.443259   -0.795164   -1.365299   -1.724089   -1.935867   -0.737984   -1.183291   16.023   12.345   45.638 S_000008
  10 H   -67.878  177.202   53.108   83.114    0.000    0.000   75.832   47.321   89.718   83.494    0.264306   -1.397348   -0.547689   -0.676375   -1.358392   -1.688295   -1.854668   -0.617029   -1.305863   17.887   14.206   51.030 S_000008
SCORE:    42.434                 42.434          0          0          1    S_000009
   1 H     0.000  170.252   55.279   79.889    0.000    0.000   86.341   40.486   91.627  -15.041    0.294966   -1.409149   -0.507274   -0.781028   -1.533334   -1.594889   -1.865394   -0.724947   -1.209029    3.794    0.984    0.238 S_000009
   2 N    56.613  146.970 -178.051   85.504 -145.186  -66.330   60.609   38.607   86.936  -13.873    0.321538   -1.347694   -0.617923   -0.769038   -1.437190   -1.693820   -1.887200   -0.711703   -1.207763    4.052    3.646    1.289 S_000009
   3 P  -168.621  177.343  175.673   83.981 -130.698  -83.103   86.287   37.126   93.825 -173.520    0.326691   -1.360752   -0.612108   -0.780568   -1.486223   -1.663273   -1.874036   -0.699277   -1.219705    6.914    4.267    7.432 S_000009
   4 P  -166.924 -154.036  159.889   90.332 -178.658 -136.635   73.477   26.413  115.255    3.673    0.345049   -1.323606   -0.689620   -0.882069   -1.572952   -1.568229   -1.923026   -0.712384   -1.176451   11.281    3.603   12.781 S_000009
   5 P  -163.415 -164.775  171.520   87.292 -173.272  -90.210   95.538   33.873  101.998   69.427    0.333059   -1.348368   -0.630589   -0.813263   -1.521104   -1.634527   -1.885456   -0.693273   -1.220867   14.851    3.934   18.967 S_000009
   6 P  -133.749 -135.407  144.310  130.845 -116.303 -178.649  121.579  -35.275  165.934  163.039    0.368044   -0.566274   -1.363413   -0.770648   -1.563835   -1.500435   -1.902733   -0.799223   -1.154475   17.553    5.490   25.247 S_000009
   7 P    88.446  152.233 -177.309   99.607 -163.833  -94.509  109.798   24.470  101.567  -63.346    0.357266   -1.161357   -0.924890   -0.846544   -1.335259   -1.840463   -1.925885   -0.663645   -1.234091   18.222    7.863   31.918 S_000009
   8 N   -63.044  163.225   52.892   91.812 -143.850 -123.175  109.117   33.283  100.187  177.198    0.344071   -1.312399   -0.675643   -0.802394   -1.462053   -1.676116   -1.876228   -0.649763   -1.233711   19.235   10.346   37.365 S_000009
   9 N   167.952 -167.959  154.203  145.211 -155.376 -167.633   19.536  -32.174  148.043  -55.599    0.332777   -0.133501   -1.484945   -0.828850   -0.980089   -2.013944   -1.953344   -0.695714   -1.205944   22.154   10.670   43.947 S_000009
  10 H   -67.235  176.835   52.597   81.661    0.000    0.000   83.948   38.508   93.388  179.889    0.314084   -1.375063   -0.572899   -0.774218   -1.502078   -1.637347   -1.860570   -0.686391   -1.231960   22.862   12.370   50.242 S_000009
SCORE:    46.147                 46.147          0          0          2    S_000010
   1 H     0.000  170.252   55.279   82.781 -153.301  -64.066   76.505   38.148   89.549 -141.713    0.315349   -1.343606   -0.631691   -0.782640   -1.422668   -1.695569   -1.881300   -0.673335   -1.231979    3.794    0.984    0.238 S_000010
   2 P   -44.848  126.179  174.289  148.674 -161.531  122.920  -49.739  -34.091  151.167 -102.358    0.345597   -0.148126   -1.471902   -0.791845   -1.040532   -1.963327   -1.927119   -0.695506   -1.202177    7.690   -1.630   -1.087 S_000010
   3 P   153.942 -172.175  173.008   81.922 -159.435  -59.843   75.194   37.416   97.393 -160.084    0.313845   -1.393835   -0.529876   -0.789306   -1.579149   -1.575655   -1.852855   -0.709064   -1.225200    8.785    1.074    5.081 S_000010
   4 P   166.495  172.404  174.231   87.746 -132.714  -66.796   66.289   35.684   95.741  -22.140    0.317062   -1.318123   -0.699594   -0.783392   -1.426334   -1.729960   -1.879184   -0.700135   -1.218640    9.163    2.592   11.538 S_000010
   5 P   -84.822  165.539   77.007   82.023 -144.893 -140.751   72.666   34.410  106.707  -90.371    0.361923   -1.369970   -0.578431   -0.767639   -1.551615   -1.568297   -1.785777   -0.612471   -1.270672    9.540    1.783   17.763 S_000010
   6 P  -172.604  161.126  159.864  155.138 -101.607 -139.360  -48.863  -40.948  155.621   78.591    0.319081    0.026124   -1.484098   -0.731166   -0.944630   -1.986654   -1.887978   -0.700564   -1.211859   12.561    1.543   24.397 S_000010
   7 N  -148.162  164.915  118.385  145.355 -109.323 -178.043  158.161  -25.949  134.973  153.436    0.357113   -0.162484   -1.477571   -0.854725   -0.883260   -2.080780   -1.943630   -0.688761   -1.201220   14.620    3.692   30.931 S_000010
   8 N   162.014 -131.847   71.635  144.691  -74.220  157.849  117.210  -35.903  158.762 -158.797    0.307316   -0.219185   -1.475066   -0.808982   -1.162266   -1.890342   -1.953377   -0.714864   -1.198395   16.453    6.295   37.267 S_000010
   9 N   167.952 -167.959  154.203  145.211 -155.376 -167.633   19.536  -32.174  148.043  -55.599    0.332777   -0.133501   -1.484945   -0.828850   -0.980089   -2.013944   -1.953344   -0.695714   -1.205944   20.796    7.449   42.266 S_000010
  10 H   160.940 -167.597  174.910   84.280    0.000    0.000   69.268   37.204   91.890  -24.884    0.303169   -1.357568   -0.583629   -0.795767   -1.510315   -1.630851   -1.885353   -0.725987   -1.199570   23.700    9.170   48.666 S_000010
