SEQUENCE: gag
SCORE:     score    rna_stub_coord_hack       N_WC      N_NWC       N_BS description
REMARK RNA 
SCORE:     0.291                  0.291          0          0          0    S_000001
   1 H     0.000  170.252   55.279  106.429 -105.159  121.110  148.097   19.351   93.612 -146.922    0.402316   -0.992845   -1.094546   -0.830578   -1.130609   -1.969974   -1.927567   -0.677797   -1.212852    3.794    0.984    0.238 S_000001
   2 N  -178.810  153.055  135.770  106.704 -138.327 -112.358  127.377   22.478   87.323  -11.418    0.409131   -0.973460   -1.098711   -0.809248   -1.028300   -2.013690   -1.923910   -0.665663   -1.225656    3.931    4.344   -4.528 S_000001
   3 H   -63.339  175.945   56.380   81.442    0.000    0.000   74.860   39.081   95.436  -14.250    0.301193   -1.397667   -0.499804   -0.783286   -1.568178   -1.566617   -1.834303   -0.680007   -1.235587    2.457    9.527   -8.460 S_000001
SCORE:     0.270                  0.270          0          0          0    S_000002
   1 H     0.000  170.252   55.279  150.815 -123.457  115.338  125.628  -37.111  150.109  -17.944    0.324328   -0.074255   -1.490728   -0.780046   -1.005898   -1.997502   -1.915763   -0.733806   -1.204333    3.794    0.984    0.238 S_000002
   2 N   167.952 -167.959  154.203  145.211 -155.376 -167.633   19.536  -32.174  148.043  -55.599    0.332777   -0.133501   -1.484945   -0.828850   -0.980089   -2.013944   -1.953344   -0.695714   -1.205944    8.271    3.968   -3.018 S_000002
   3 H   -56.268  172.434   54.747   80.396    0.000    0.000   73.807   39.858   90.685  -16.700    0.295312   -1.401722   -0.502807   -0.778269   -1.559148   -1.581737   -1.862328   -0.725030   -1.210432    9.770   10.065   -4.431 S_000002
SCORE:     0.289                  0.289          0          0          0    S_000003
   1 H     0.000  170.252   55.279  144.385 -109.337  112.991  -73.802  -32.402  156.232 -119.182    0.348551   -0.227698   -1.471990   -0.810843   -1.109237   -1.929138   -1.944353   -0.689825   -1.205996    3.794    0.984    0.238 S_000003
   2 N  -175.101 -147.674  159.572  141.718  176.133  146.872   62.364  -31.811 -103.226   76.911    0.331832   -0.177856   -1.485199   -0.843536   -1.029654   -1.962328   -1.977627   -0.691472   -1.204184    7.906    4.355   -2.946 S_000003
   3 H   -90.629  177.668   67.138   76.808    0.000    0.000   75.116   41.197   94.908  -26.939    0.318021   -1.398925   -0.504019   -0.729484   -1.527228   -1.599035   -1.804937   -0.679810   -1.241295    7.546   10.429   -5.548 S_000003
SCORE:     0.295                  0.295          0          0          0    S_000004
   1 H     0.000  170.252   55.279  150.815 -123.457  115.338  125.628  -37.111  150.109  -17.944    0.324328   -0.074255   -1.490728   -0.780046   -1.005898   -1.997502   -1.915763   -0.733806   -1.204333    3.794    0.984    0.238 S_000004
   2 N  -175.101 -147.674  159.572  141.718  176.133  146.872   62.364  -31.811 -103.226   76.911    0.331832   -0.177856   -1.485199   -0.843536   -1.029654   -1.962328   -1.977627   -0.691472   -1.204184    8.441    3.751   -3.200 S_000004
   3 H   -67.677 -177.997   51.195   87.439    0.000    0.000   81.367   31.628   98.757  -17.304    0.346114   -1.322279   -0.679322   -0.822145   -1.500797   -1.653712   -1.907702   -0.717069   -1.193258    8.654    9.263   -6.589 S_000004
SCORE:     0.270                  0.270          0          0          0    S_000005
   1 H     0.000  170.252   55.279  150.815 -123.457  115.338  125.628  -37.111  150.109  -17.944    0.324328   -0.074255   -1.490728   -0.780046   -1.005898   -1.997502   -1.915763   -0.733806   -1.204333    3.794    0.984    0.238 S_000005
   2 N   167.952 -167.959  154.203  145.211 -155.376 -167.633   19.536  -32.174  148.043  -55.599    0.332777   -0.133501   -1.484945   -0.828850   -0.980089   -2.013944   -1.953344   -0.695714   -1.205944    8.271    3.968   -3.018 S_000005
   3 H  -139.595 -173.257   57.761   80.597    0.000    0.000   79.218   40.520   93.201  179.912    0.306134   -1.392999   -0.509322   -0.752876   -1.531533   -1.596420   -1.828089   -0.684658   -1.229009   10.842   10.195   -5.561 S_000005
SCORE:     0.293                  0.293          0          0          0    S_000006
   1 H     0.000  170.252   55.279   97.566 -102.174  124.771  144.163   31.662   92.309 -130.858    0.357173   -1.201627   -0.867549   -0.800290   -1.235560   -1.855941   -1.917371   -0.669415   -1.210627    3.794    0.984    0.238 S_000006
   2 P  -173.910 -150.992  149.500  127.998 -128.911 -142.558   91.482   -6.193  136.127   15.787    0.408280   -0.788743   -1.262842   -0.923571   -1.317920   -1.806812   -1.984235   -0.740556   -1.116661    4.474    4.040   -5.254 S_000006
   3 H    58.744  142.659   39.958   81.878    0.000    0.000   68.497   38.621   90.537  179.914    0.317701   -1.357647   -0.607775   -0.770069   -1.458242   -1.680857   -1.871137   -0.686935   -1.229068    4.144    7.798  -11.027 S_000006
SCORE:     0.294                  0.294          0          0          0    S_000007
   1 H     0.000  170.252   55.279  144.385 -109.337  112.991  -73.802  -32.402  156.232 -119.182    0.348551   -0.227698   -1.471990   -0.810843   -1.109237   -1.929138   -1.944353   -0.689825   -1.205996    3.794    0.984    0.238 S_000007
   2 N  -178.810  153.055  135.770  106.704 -138.327 -112.358  127.377   22.478   87.323  -11.418    0.409131   -0.973460   -1.098711   -0.809248   -1.028300   -2.013690   -1.923910   -0.665663   -1.225656    6.651    4.749   -3.021 S_000007
   3 H   -73.611  175.139   58.009   81.369    0.000    0.000   78.182   37.792   96.574  -20.281    0.313885   -1.395351   -0.523898   -0.784942   -1.574020   -1.573116   -1.852775   -0.707600   -1.221358    8.229   10.737   -5.685 S_000007
SCORE:     0.269                  0.269          0          0          0    S_000008
   1 H     0.000  170.252   55.279  144.385 -109.337  112.991  -73.802  -32.402  156.232 -119.182    0.348551   -0.227698   -1.471990   -0.810843   -1.109237   -1.929138   -1.944353   -0.689825   -1.205996    3.794    0.984    0.238 S_000008
   2 P  -173.910 -150.992  149.500  127.998 -128.911 -142.558   91.482   -6.193  136.127   15.787    0.408280   -0.788743   -1.262842   -0.923571   -1.317920   -1.806812   -1.984235   -0.740556   -1.116661    7.826    4.412   -2.939 S_000008
   3 H   -74.903  178.574   55.002   75.789    0.000    0.000   77.076   44.576   90.044  179.879    0.254852   -1.441749   -0.429039   -0.758333   -1.560122   -1.566381   -1.843407   -0.711087   -1.224128   10.120   10.513   -4.998 S_000008
SCORE:     0.312                  0.312          0          0          0    S_000009
   1 H     0.000  170.252   55.279  144.385 -109.337  112.991  -73.802  -32.402  156.232 -119.182    0.348551   -0.227698   -1.471990   -0.810843   -1.109237   -1.929138   -1.944353   -0.689825   -1.205996    3.794    0.984    0.238 S_000009
   2 P   168.992 -156.630  174.212   86.705 -137.197 -119.664  108.197   33.640   99.366  -15.229    0.329923   -1.352776   -0.624135   -0.819988   -1.531632   -1.621327   -1.886817   -0.697388   -1.214338    7.970    4.389   -2.687 S_000009
   3 H   -52.715  159.646   47.816   76.646    0.000    0.000   68.347   34.346  102.364  179.889    0.342815   -1.385502   -0.498552   -0.795733   -1.649708   -1.495444   -1.858198   -0.754848   -1.193943    8.910   10.259   -5.092 S_000009
SCORE:     0.270                  0.270          0          0          0    S_000010
   1 H     0.000  170.252   55.279  150.815 -123.457  115.338  125.628  -37.111  150.109  -17.944    0.324328   -0.074255   -1.490728   -0.780046   -1.005898   -1.997502   -1.915763   -0.733806   -1.204333    3.794    0.984    0.238 S_000010
   2 N   167.952 -167.959  154.203  145.211 -155.376 -167.633   19.536  -32.174  148.043  -55.599    0.332777   -0.133501   -1.484945   -0.828850   -0.980089   -2.013944   -1.953344   -0.695714   -1.205944    8.271    3.968   -3.018 S_000010
   3 H   -58.580 -168.304   45.125   83.465    0.000    0.000   94.789   38.801   92.574   -8.717    0.317451   -1.374930   -0.558480   -0.759159   -1.519964   -1.628557   -1.852335   -0.710550   -1.221840    9.792   10.128   -4.935 S_000010
