SEQUENCE: gg
SCORE:     score    rna_stub_coord_hack       N_WC      N_NWC       N_BS description
REMARK RNA 
SCORE:     0.005                  0.005          0          0          0    S_000001
   1 H     0.000  170.252   55.279   92.468   27.791 -116.327  112.696   25.907  120.152  179.931    0.361897   -1.285614   -0.741846   -0.865780   -1.508047   -1.623178   -1.871816   -0.589997   -1.268402    3.794    0.984    0.238 S_000001
   2 H   165.311 -170.699  170.200   86.893    0.000    0.000   65.419   33.694   98.153 -138.067    0.332044   -1.319918   -0.676744   -0.820032   -1.454562   -1.682937   -1.900788   -0.676239   -1.223951    3.458    4.910   -3.604 S_000001
SCORE:     0.005                  0.005          0          0          0    S_000002
   1 H     0.000  170.252   55.279   92.468   27.791 -116.327  112.696   25.907  120.152  179.931    0.361897   -1.285614   -0.741846   -0.865780   -1.508047   -1.623178   -1.871816   -0.589997   -1.268402    3.794    0.984    0.238 S_000002
   2 H   -71.714  168.015   80.597   79.522    0.000    0.000   80.113   35.504   97.200  -23.633    0.312836   -1.407008   -0.486777   -0.811737   -1.646013   -1.486019   -1.872420   -0.770594   -1.168245    3.648    3.429   -4.907 S_000002
SCORE:     0.005                  0.005          0          0          0    S_000003
   1 H     0.000  170.252   55.279   92.468   27.791 -116.327  112.696   25.907  120.152  179.931    0.361897   -1.285614   -0.741846   -0.865780   -1.508047   -1.623178   -1.871816   -0.589997   -1.268402    3.794    0.984    0.238 S_000003
   2 H   -80.799  171.047   65.268   86.306    0.000    0.000   67.767   37.965   92.153  -23.362    0.329843   -1.338753   -0.657456   -0.765523   -1.419759   -1.729359   -1.864186   -0.667710   -1.238324    3.800    3.603   -4.927 S_000003
SCORE:     0.005                  0.005          0          0          0    S_000004
   1 H     0.000  170.252   55.279   92.468   27.791 -116.327  112.696   25.907  120.152  179.931    0.361897   -1.285614   -0.741846   -0.865780   -1.508047   -1.623178   -1.871816   -0.589997   -1.268402    3.794    0.984    0.238 S_000004
   2 H   -65.268  166.412   55.446   83.375    0.000    0.000   81.265   41.475   86.124  168.637    0.293617   -1.367552   -0.575038   -0.754413   -1.433951   -1.679917   -1.854369   -0.679171   -1.228634    3.538    3.330   -4.871 S_000004
SCORE:     0.005                  0.005          0          0          0    S_000005
   1 H     0.000  170.252   55.279   92.468   27.791 -116.327  112.696   25.907  120.152  179.931    0.361897   -1.285614   -0.741846   -0.865780   -1.508047   -1.623178   -1.871816   -0.589997   -1.268402    3.794    0.984    0.238 S_000005
   2 H   -68.909 -172.213   56.458   83.550    0.000    0.000   77.549   38.190   92.197 -165.637    0.317645   -1.368135   -0.587222   -0.773003   -1.492475   -1.648869   -1.871607   -0.703262   -1.220792    3.922    3.765   -4.918 S_000005
SCORE:     0.005                  0.005          0          0          0    S_000006
   1 H     0.000  170.252   55.279   92.468   27.791 -116.327  112.696   25.907  120.152  179.931    0.361897   -1.285614   -0.741846   -0.865780   -1.508047   -1.623178   -1.871816   -0.589997   -1.268402    3.794    0.984    0.238 S_000006
   2 H   -71.623 -178.125   50.033   80.999    0.000    0.000   86.245   39.401   91.378  -18.978    0.304337   -1.383907   -0.550721   -0.775330   -1.514726   -1.630140   -1.864575   -0.704011   -1.223697    3.845    3.703   -4.913 S_000006
SCORE:     0.005                  0.005          0          0          0    S_000007
   1 H     0.000  170.252   55.279   92.468   27.791 -116.327  112.696   25.907  120.152  179.931    0.361897   -1.285614   -0.741846   -0.865780   -1.508047   -1.623178   -1.871816   -0.589997   -1.268402    3.794    0.984    0.238 S_000007
   2 H   -92.898  163.295   73.188   87.996    0.000    0.000   74.113   36.164  101.785  -16.107    0.316242   -1.362419   -0.591264   -0.800222   -1.517003   -1.619903   -1.868159   -0.673812   -1.243219    3.889    3.589   -4.963 S_000007
SCORE:     0.005                  0.005          0          0          0    S_000008
   1 H     0.000  170.252   55.279   92.468   27.791 -116.327  112.696   25.907  120.152  179.931    0.361897   -1.285614   -0.741846   -0.865780   -1.508047   -1.623178   -1.871816   -0.589997   -1.268402    3.794    0.984    0.238 S_000008
   2 H   -44.261  163.256   51.987   73.357    0.000    0.000   57.821   39.969   97.796  179.892    0.293025   -1.439261   -0.387906   -0.780782   -1.675928   -1.450917   -1.807164   -0.710279   -1.225635    3.179    3.135   -4.670 S_000008
SCORE:     0.005                  0.005          0          0          0    S_000009
   1 H     0.000  170.252   55.279   92.468   27.791 -116.327  112.696   25.907  120.152  179.931    0.361897   -1.285614   -0.741846   -0.865780   -1.508047   -1.623178   -1.871816   -0.589997   -1.268402    3.794    0.984    0.238 S_000009
   2 H   -68.248 -170.218   51.573   83.166    0.000    0.000   80.700   40.043   90.804  -24.369    0.300413   -1.363981   -0.591311   -0.770698   -1.446040   -1.680817   -1.860998   -0.655350   -1.247154    3.953    3.786   -4.920 S_000009
SCORE:     0.005                  0.005          0          0          0    S_000010
   1 H     0.000  170.252   55.279   92.468   27.791 -116.327  112.696   25.907  120.152  179.931    0.361897   -1.285614   -0.741846   -0.865780   -1.508047   -1.623178   -1.871816   -0.589997   -1.268402    3.794    0.984    0.238 S_000010
   2 H   -88.516  166.093 -168.760   88.491    0.000    0.000   76.211   42.408   82.852 -155.034    0.287086   -1.297515   -0.750243   -0.745381   -1.223281   -1.876340   -1.880882   -0.663314   -1.232982    3.850    3.593   -4.948 S_000010
