SEQUENCE: gaaaaaaaaag
SCORE:     score    rna_stub_coord_hack       N_WC      N_NWC       N_BS description
REMARK RNA 
SCORE:    33.520                 33.520          0          0          1    S_000001
   1 H     0.000  170.252   55.279   86.571 -105.433 -106.671   50.637   35.173   91.305  -23.565    0.349673   -1.302549   -0.694668   -0.774398   -1.399511   -1.724972   -1.884015   -0.682898   -1.218744    3.794    0.984    0.238 S_000001
   2 P   157.640 -167.900  179.349   80.448 -111.969  -84.009 -123.640   32.443  113.227   92.207    0.323035   -1.406967   -0.501770   -0.850370   -1.681582   -1.456367   -1.812779   -0.666700   -1.250646    5.597   -2.379   -5.621 S_000001
   3 N  -175.101 -147.674  159.572  141.718  176.133  146.872   62.364  -31.811 -103.226   76.911    0.331832   -0.177856   -1.485199   -0.843536   -1.029654   -1.962328   -1.977627   -0.691472   -1.204184    1.792   -5.100  -10.496 S_000001
   4 N   167.952 -167.959  154.203  145.211 -155.376 -167.633   19.536  -32.174  148.043  -55.599    0.332777   -0.133501   -1.484945   -0.828850   -0.980089   -2.013944   -1.953344   -0.695714   -1.205944   -1.658   -8.938  -15.500 S_000001
   5 P   168.992 -156.630  174.212   86.705 -137.197 -119.664  108.197   33.640   99.366  -15.229    0.329923   -1.352776   -0.624135   -0.819988   -1.531632   -1.621327   -1.886817   -0.697388   -1.214338   -2.984  -13.275  -21.139 S_000001
   6 P   113.859 -157.373  166.833   71.640   73.351  110.096  121.651   31.198  118.310   25.286    0.331742   -1.404823   -0.591194   -0.843167   -1.723746   -1.574003   -1.808621   -0.718128   -1.220275   -4.710  -16.943  -26.451 S_000001
   7 P   128.956 -167.652 -160.064   94.077 -138.076  -61.821   62.136   41.185   91.268  -28.351    0.283460   -1.304384   -0.747649   -0.765217   -1.247291   -1.847116   -1.908601   -0.603222   -1.274693   -6.859  -22.568  -29.933 S_000001
   8 P  -147.370  132.427  163.030   85.740 -133.620  -84.078   67.702   34.176   93.870  -15.107    0.344463   -1.309014   -0.688719   -0.791759   -1.433451   -1.704701   -1.888885   -0.699291   -1.211989   -9.290  -26.251  -34.897 S_000001
   9 P  -150.263  137.150  162.005   85.519 -143.757  -61.655   64.628   39.702   84.506   99.951    0.295141   -1.332554   -0.685537   -0.782837   -1.333764   -1.762805   -1.900101   -0.686617   -1.207950  -10.877  -29.861  -40.588 S_000001
  10 P   -56.319 -151.350   51.272  140.020 -100.337 -154.876  160.165  -35.102  161.015   16.344    0.335371   -0.379745   -1.442838   -0.794508   -1.350681   -1.755183   -1.937257   -0.765789   -1.169927  -12.399  -33.454  -45.659 S_000001
  11 H   -76.931 -171.792   60.355   81.212    0.000    0.000   99.550   30.214  105.940  -16.531    0.327225   -1.373980   -0.577758   -0.856947   -1.644909   -1.504880   -1.864563   -0.709987   -1.209464  -11.906  -36.753  -51.651 S_000001
SCORE:    36.076                 36.076          0          0          3    S_000002
   1 H     0.000  170.252   55.279   95.727 -123.826  -76.973   65.183   23.959   99.712  -25.124    0.382233   -1.190586   -0.873815   -0.826190   -1.400775   -1.769514   -1.919444   -0.711850   -1.202223    3.794    0.984    0.238 S_000002
   2 P   155.560  161.070 -178.457   84.276 -122.408  -98.195   69.445   34.862   99.023  -17.493    0.336436   -1.355400   -0.607953   -0.795993   -1.522882   -1.622071   -1.870210   -0.689281   -1.222321    6.124   -3.004   -4.916 S_000002
   3 P   -65.617  168.459   54.472   87.480 -148.739  -71.699   74.615   37.457   91.354  179.876    0.319097   -1.326297   -0.685710   -0.786985   -1.379460   -1.742060   -1.898575   -0.673731   -1.233099    6.132   -6.327  -10.604 S_000002
   4 P  -147.435  127.997  166.630   86.010 -149.849  -52.650   54.071   32.987   94.972  179.900    0.337657   -1.321837   -0.696632   -0.821902   -1.464736   -1.697730   -1.911618   -0.702420   -1.208143    2.520   -9.589  -15.179 S_000002
   5 N  -174.783  120.716  177.399  150.472 -127.479 -150.643  -46.738  -38.379  156.036  172.165    0.295515   -0.075973   -1.493365   -0.801078   -1.032701   -1.963612   -1.942754   -0.690149   -1.211052   -0.819  -12.917  -20.045 S_000002
   6 N   -62.927  176.055   51.261   83.346 -158.775  -62.326   95.107   35.088   94.957 -152.079    0.335913   -1.339435   -0.654253   -0.792064   -1.478523   -1.681467   -1.891045   -0.702893   -1.222271   -0.637  -16.562  -25.652 S_000002
   7 N   -47.535  172.790   67.590  142.326 -100.631  -81.857  109.334  -31.437  154.764   28.166    0.322476   -0.381813   -1.444901   -0.859491   -1.295024   -1.830431   -1.953831   -0.688434   -1.204352   -2.916  -18.945  -30.362 S_000002
   8 P  -126.250  106.011  168.977   85.439 -139.330  -69.420   50.139   35.086   94.746  179.888    0.323314   -1.344139   -0.631905   -0.807581   -1.496027   -1.655632   -1.891815   -0.714598   -1.199423   -5.396  -20.476  -36.142 S_000002
   9 P  -171.138 -159.674  155.788   87.190 -128.050 -166.775   84.303   35.145   89.823 -155.916    0.321597   -1.298553   -0.720453   -0.812913   -1.374949   -1.752188   -1.910608   -0.679834   -1.214896   -7.496  -22.485  -42.253 S_000002
  10 P  -173.910 -150.992  149.500  127.998 -128.911 -142.558   91.482   -6.193  136.127   15.787    0.408280   -0.788743   -1.262842   -0.923571   -1.317920   -1.806812   -1.984235   -0.740556   -1.116661   -8.870  -26.988  -47.844 S_000002
  11 H   -62.920 -168.667   50.002   90.545    0.000    0.000   78.369   31.435   96.887  179.936    0.361616   -1.269465   -0.756919   -0.808487   -1.390276   -1.740559   -1.918852   -0.674142   -1.224917  -11.033  -31.809  -52.212 S_000002
SCORE:    34.195                 34.195          0          0          2    S_000003
   1 H     0.000  170.252   55.279  138.932  -92.146  -67.032  107.898  -23.640  145.378  -61.943    0.398813   -0.440148   -1.416483   -0.849636   -1.225006   -1.898401   -1.974164   -0.712333   -1.174153    3.794    0.984    0.238 S_000003
   2 P   -68.583  174.560   57.210   78.473 -146.553  -72.768   83.682   44.038   88.634 -137.919    0.273398   -1.417862   -0.476246   -0.739505   -1.517283   -1.609492   -1.842702   -0.717526   -1.219324    5.768   -1.676   -4.983 S_000003
   3 P   -69.535 -123.961   66.297  148.563  -83.573 -178.087  173.736  -37.717  156.726   88.565    0.326696   -0.105538   -1.465270   -0.758278   -1.051396   -1.937277   -1.936227   -0.700889   -1.187016    5.748   -0.332  -11.616 S_000003
   4 P   -79.126  166.307   77.723  150.834  -98.890  160.827  125.960  -31.518  155.489   23.132    0.310030   -0.076579   -1.483199   -0.874991   -0.901705   -2.090662   -1.955273   -0.672872   -1.209360    7.544   -0.024  -17.715 S_000003
   5 P    83.617  160.551  176.606   83.500 -159.341  -57.713   74.222   37.339   97.146  -10.021    0.332289   -1.373751   -0.560492   -0.765511   -1.542821   -1.611805   -1.854567   -0.709532   -1.227594    7.129   -0.519  -24.488 S_000003
   6 N  -174.783  120.716  177.399  150.472 -127.479 -150.643  -46.738  -38.379  156.036  172.165    0.295515   -0.075973   -1.493365   -0.801078   -1.032701   -1.963612   -1.942754   -0.690149   -1.211052    9.128    0.127  -30.932 S_000003
   7 P  -100.812  151.523   50.649   90.626 -158.155 -143.704  102.750   30.378   96.904   26.377    0.354334   -1.280429   -0.768735   -0.818259   -1.407454   -1.719481   -1.919097   -0.715270   -1.181877    8.535   -2.283  -37.067 S_000003
   8 N  -175.101 -147.674  159.572  141.718  176.133  146.872   62.364  -31.811 -103.226   76.911    0.331832   -0.177856   -1.485199   -0.843536   -1.029654   -1.962328   -1.977627   -0.691472   -1.204184    9.548   -1.647  -44.219 S_000003
   9 N   140.751   78.375  147.908   85.219 -139.919 -122.587   67.224   27.161  117.339 -128.645    0.327420   -1.390343   -0.558417   -0.896324   -1.706978   -1.419161   -1.868152   -0.719232   -1.199857   10.701   -1.061  -51.262 S_000003
  10 P   149.773 -156.144  176.474   82.777 -155.799  -84.417   85.097   38.273   91.188  109.933    0.325799   -1.359624   -0.601698   -0.762572   -1.475146   -1.669392   -1.863222   -0.693642   -1.226962   10.367   -1.136  -58.264 S_000003
  11 H  -165.137  134.087  158.001   85.216    0.000    0.000   70.882   37.193   88.507  -16.305    0.329917   -1.318154   -0.694548   -0.773416   -1.382096   -1.754346   -1.894877   -0.694668   -1.216995   10.439   -1.717  -65.183 S_000003
SCORE:    33.732                 33.732          0          0          2    S_000004
   1 H     0.000  170.252   55.279   86.952 -105.014  -95.825   61.804   38.231   88.406  -16.501    0.342484   -1.318574   -0.689148   -0.738833   -1.374667   -1.764365   -1.869002   -0.723908   -1.204618    3.794    0.984    0.238 S_000004
   2 N   153.892 -141.795  167.120   90.150 -140.999 -172.900  120.377   29.336   99.989 -144.515    0.391187   -1.231714   -0.791754   -0.780320   -1.371883   -1.747462   -1.876007   -0.673329   -1.208973    4.746   -3.014   -4.816 S_000004
   3 P   153.593 -174.720  175.405   87.006 -138.710  -67.800   71.797   39.975   84.634  -27.176    0.310808   -1.344282   -0.636662   -0.756981   -1.396052   -1.728260   -1.883757   -0.705854   -1.219704    4.748   -6.084  -11.367 S_000004
   4 P  -154.050  145.148  124.520   89.904 -156.931 -129.437   98.571   22.752  116.377   53.243    0.366115   -1.304268   -0.738772   -0.890164   -1.596323   -1.568220   -1.925176   -0.727709   -1.180955    3.342   -9.458  -17.102 S_000004
   5 P   168.992 -156.630  174.212   86.705 -137.197 -119.664  108.197   33.640   99.366  -15.229    0.329923   -1.352776   -0.624135   -0.819988   -1.531632   -1.621327   -1.886817   -0.697388   -1.214338    2.269  -14.502  -22.009 S_000004
   6 P   -68.290  165.624   53.091  148.683 -120.580  175.250  113.124  -37.907  158.220 -145.963    0.336084   -0.197418   -1.472562   -0.755729   -1.177993   -1.869278   -1.909839   -0.730576   -1.194448    0.440  -17.974  -27.323 S_000004
   7 P  -102.406 -166.243   25.602  149.414 -129.707 -175.148   90.395  -38.815  161.000   21.044    0.320198   -0.168655   -1.478454   -0.768921   -1.159934   -1.866854   -1.930844   -0.727877   -1.191024   -1.356  -20.625  -33.228 S_000004
   8 P   -45.090  141.602   45.288   85.435 -156.140  -69.723   71.853   31.904   99.314  171.456    0.338547   -1.343997   -0.634306   -0.834536   -1.545702   -1.608338   -1.918789   -0.753695   -1.167966   -2.692  -23.622  -38.206 S_000004
   9 P  -160.249  166.068  171.487   91.115 -136.630 -101.713   76.539   34.876   95.142  175.357    0.323572   -1.335492   -0.650661   -0.813480   -1.473315   -1.673547   -1.901744   -0.711585   -1.198626   -3.250  -29.130  -42.142 S_000004
  10 N  -139.048  166.464  170.340   86.512 -154.158  -65.732   70.175   34.223   96.956   10.890    0.341865   -1.327089   -0.657684   -0.792520   -1.472840   -1.667874   -1.873415   -0.684865   -1.220649   -4.837  -33.688  -47.338 S_000004
  11 H   -57.368  166.712   53.508   81.385    0.000    0.000   74.669   40.410   94.347   -6.106    0.309953   -1.398631   -0.487678   -0.745498   -1.561463   -1.570139   -1.812904   -0.680467   -1.245116   -5.241  -36.916  -52.192 S_000004
SCORE:    35.685                 35.685          0          0          4    S_000005
   1 H     0.000  170.252   55.279   90.107 -110.577  -83.180   65.781   38.032   78.846  -17.818    0.324552   -1.234956   -0.836533   -0.775952   -1.150778   -1.901400   -1.920141   -0.690984   -1.210435    3.794    0.984    0.238 S_000005
   2 P   166.978  176.904  177.152   84.171 -133.729  -88.107   85.510   32.221   98.769  169.890    0.360736   -1.323192   -0.665088   -0.794830   -1.503909   -1.648578   -1.883310   -0.724059   -1.201750    5.307   -2.870   -5.253 S_000005
   3 P  -127.098 -118.371 -175.896   81.208  178.526  -67.112   87.047   27.341  111.615  177.088    0.350710   -1.380316   -0.536550   -0.864500   -1.712024   -1.401043   -1.876825   -0.710853   -1.179871    3.218   -5.398  -11.625 S_000005
   4 P  -160.249  166.068  171.487   91.115 -136.630 -101.713   76.539   34.876   95.142  175.357    0.323572   -1.335492   -0.650661   -0.813480   -1.473315   -1.673547   -1.901744   -0.711585   -1.198626    1.319   -9.116  -16.621 S_000005
   5 P   164.423 -126.231  176.251   91.863 -148.152  -95.447   90.726   36.141   94.787  -18.747    0.308216   -1.335123   -0.633984   -0.806988   -1.469271   -1.673926   -1.899392   -0.725780   -1.196649   -0.199  -12.807  -21.982 S_000005
   6 P  -166.924 -154.036  159.889   90.332 -178.658 -136.635   73.477   26.413  115.255    3.673    0.345049   -1.323606   -0.689620   -0.882069   -1.572952   -1.568229   -1.923026   -0.712384   -1.176451   -1.235  -15.115  -28.564 S_000005
   7 N   -71.861 -162.868   47.562   79.563 -146.440  -76.705   84.499   38.786   94.223 -172.309    0.302450   -1.411636   -0.484748   -0.784571   -1.600036   -1.542712   -1.860982   -0.744499   -1.196660   -5.033  -17.600  -33.574 S_000005
   8 P  -136.198 -122.857 -158.492  106.180 -124.887  -76.026   74.874   19.311  100.658  168.675    0.405981   -1.001253   -1.074308   -0.820525   -1.157218   -1.951689   -1.924168   -0.645988   -1.229494   -2.651  -20.633  -39.474 S_000005
   9 N   -66.444  163.612   54.826   83.429 -139.833  -78.991   75.625   42.439   91.174  -25.595    0.302207   -1.373079   -0.586265   -0.725999   -1.428450   -1.708858   -1.840276   -0.676964   -1.250252   -2.818  -23.219  -45.152 S_000005
  10 P  -144.314   99.076  172.862   89.752 -150.115  -50.909   73.012   38.269   87.558  -13.823    0.314845   -1.336581   -0.649747   -0.775354   -1.407816   -1.716305   -1.897506   -0.723584   -1.198856   -5.900  -27.339  -49.346 S_000005
  11 H   -63.771  163.391   65.040   84.059    0.000    0.000   82.616   34.721   98.025  -17.738    0.334495   -1.337279   -0.639014   -0.797694   -1.483095   -1.653064   -1.878522   -0.686729   -1.221557   -6.869  -31.118  -53.453 S_000005
SCORE:    34.842                 34.842          0          0          3    S_000006
   1 H     0.000  170.252   55.279  155.009  -79.291 -117.662  120.248  -38.884  156.814   34.280    0.311631   -0.076641   -1.487680   -0.770383   -1.043022   -1.962842   -1.924497   -0.720337   -1.208561    3.794    0.984    0.238 S_000006
   2 P   139.181 -136.431  171.720   84.853 -110.627  -81.965   64.909   34.940   94.393  -23.006    0.336137   -1.334359   -0.659025   -0.794489   -1.468635   -1.683215   -1.893128   -0.704560   -1.210936    7.134   -0.099   -5.165 S_000006
   3 P   -61.236 -144.081   67.298  141.205  -83.161  175.647  156.045  -26.613  152.071   69.787    0.411481   -0.165229   -1.462398   -0.796345   -0.904956   -2.034850   -1.928766   -0.649169   -1.234321    7.582    1.961  -11.638 S_000006
   4 P  -125.086  145.493   69.963   84.203 -158.058 -123.195  168.515   36.291   95.165  143.628    0.305273   -1.413075   -0.506265   -0.815956   -1.633501   -1.528120   -1.891014   -0.787768   -1.165172    9.333    1.779  -17.566 S_000006
   5 N   -61.695  152.409   74.707   76.443  166.201  -96.008   94.216   32.350  103.163  -93.592    0.312484   -1.386557   -0.499598   -0.841241   -1.686511   -1.452035   -1.876640   -0.778145   -1.166335   11.107    1.424  -23.460 S_000006
   6 P  -178.996  117.297 -174.714   86.489 -136.718  -72.287   77.953   35.660   94.291  -31.727    0.346791   -1.321652   -0.661451   -0.764915   -1.442410   -1.694848   -1.854917   -0.677260   -1.231639   13.044   -0.489  -29.690 S_000006
   7 P  -166.924 -154.036  159.889   90.332 -178.658 -136.635   73.477   26.413  115.255    3.673    0.345049   -1.323606   -0.689620   -0.882069   -1.572952   -1.568229   -1.923026   -0.712384   -1.176451   14.468   -0.270  -36.346 S_000006
   8 N  -173.868 -178.616  179.685   86.902 -146.045  -72.431   81.778   39.756   88.577  -12.629    0.302540   -1.355778   -0.621490   -0.770300   -1.422934   -1.707921   -1.886028   -0.702878   -1.216575   16.633   -1.763  -42.981 S_000006
   9 N   170.628 -165.875 -168.095   88.100 -146.025  -69.701   74.281   42.570   86.157  -18.932    0.269820   -1.368058   -0.613320   -0.764958   -1.393175   -1.735747   -1.891381   -0.711959   -1.210295   18.199   -1.964  -49.495 S_000006
  10 N  -139.731 -177.144  125.804   82.958 -139.997  -71.260   56.165   36.114   96.130  -19.199    0.367749   -1.337066   -0.623212   -0.737978   -1.433341   -1.631644   -1.889073   -0.682326   -1.236236   19.527   -1.842  -56.193 S_000006
  11 H   -82.575  177.329   80.686   87.405    0.000    0.000   90.251   32.267  102.781 -169.633    0.344735   -1.298234   -0.710402   -0.813707   -1.441791   -1.699023   -1.874181   -0.638154   -1.245745   20.473    1.080  -61.878 S_000006
SCORE:    35.415                 35.415          0          1          0    S_000007
   1 H     0.000  170.252   55.279   81.142 -121.265 -102.671   86.513   37.057  102.781  -24.486    0.310797   -1.405311   -0.498327   -0.787256   -1.624314   -1.527163   -1.837749   -0.723403   -1.220012    3.794    0.984    0.238 S_000007
   2 P   -61.660  175.220   51.711   81.820 -139.411  -68.832   70.271   37.704   90.434  -21.016    0.320123   -1.371324   -0.596011   -0.775969   -1.504055   -1.652879   -1.886608   -0.733927   -1.203476    7.745   -1.147   -4.718 S_000007
   3 P  -176.305  137.307  171.043   85.565 -130.646 -105.768   74.681   34.485   99.287   -2.152    0.332425   -1.340365   -0.638706   -0.805513   -1.489131   -1.649123   -1.873865   -0.673556   -1.222220    6.460   -4.936  -10.404 S_000007
   4 N   167.952 -167.959  154.203  145.211 -155.376 -167.633   19.536  -32.174  148.043  -55.599    0.332777   -0.133501   -1.484945   -0.828850   -0.980089   -2.013944   -1.953344   -0.695714   -1.205944    3.045   -7.886  -15.895 S_000007
   5 P   149.773 -156.144  176.474   82.777 -155.799  -84.417   85.097   38.273   91.188  109.933    0.325799   -1.359624   -0.601698   -0.762572   -1.475146   -1.669392   -1.863222   -0.693642   -1.226962    1.043  -12.796  -20.630 S_000007
   6 P   -87.787  177.868   72.488  125.142 -164.828 -151.898  111.548  -19.213  150.164  -29.735    0.411216   -0.574601   -1.357123   -0.857597   -1.302692   -1.814919   -1.954673   -0.693383   -1.189634    0.020  -17.339  -25.219 S_000007
   7 P  -147.370  132.427  163.030   85.740 -133.620  -84.078   67.702   34.176   93.870  -15.107    0.344463   -1.309014   -0.688719   -0.791759   -1.433451   -1.704701   -1.888885   -0.699291   -1.211989   -1.269  -21.883  -30.198 S_000007
   8 N   175.955  162.698   52.686  156.851  -87.871  145.742  108.849  -43.567  155.528  -50.089    0.284062    0.107216   -1.494132   -0.739501   -0.895252   -2.027086   -1.878627   -0.742814   -1.196508   -4.148  -25.630  -35.449 S_000007
   9 P   163.328  133.174   67.642  136.998 -137.626 -154.012   89.421  -30.525  152.645   30.625    0.372295   -0.416181   -1.425075   -0.793600   -1.311181   -1.799090   -1.926431   -0.784884   -1.148790   -4.256  -30.619  -39.166 S_000007
  10 P  -163.415 -164.775  171.520   87.292 -173.272  -90.210   95.538   33.873  101.998   69.427    0.333059   -1.348368   -0.630589   -0.813263   -1.521104   -1.634527   -1.885456   -0.693273   -1.220867   -7.737  -32.341  -45.404 S_000007
  11 H   -89.040 -170.179   63.353   83.279    0.000    0.000   86.968   39.822   87.163 -140.887    0.302321   -1.358886   -0.598339   -0.766622   -1.432233   -1.676078   -1.864205   -0.678701   -1.228872  -10.757  -36.337  -49.645 S_000007
SCORE:    34.947                 34.947          0          1          1    S_000008
   1 H     0.000  170.252   55.279   84.648 -113.288  -93.276   48.519   36.462   96.379  -18.588    0.322847   -1.358958   -0.610149   -0.791572   -1.499255   -1.650396   -1.878750   -0.695793   -1.221552    3.794    0.984    0.238 S_000008
   2 P   149.014 -155.242 -178.126   84.779 -102.452 -121.172   63.331   34.511  100.273 -173.612    0.341870   -1.354035   -0.615372   -0.789933   -1.534865   -1.629441   -1.860365   -0.683078   -1.232961    5.478   -3.192   -4.646 S_000008
   3 N   170.628 -165.875 -168.095   88.100 -146.025  -69.701   74.281   42.570   86.157  -18.932    0.269820   -1.368058   -0.613320   -0.764958   -1.393175   -1.735747   -1.891381   -0.711959   -1.210295    3.517   -6.390  -10.765 S_000008
   4 P   -56.713  169.563   63.733  130.198 -145.747 -165.607  105.706  -22.591  147.628  165.119    0.387195   -0.481632   -1.393214   -0.841539   -1.246218   -1.866122   -1.947955   -0.671518   -1.217400    1.383   -8.774  -15.863 S_000008
   5 P   153.942 -172.175  173.008   81.922 -159.435  -59.843   75.194   37.416   97.393 -160.084    0.313845   -1.393835   -0.529876   -0.789306   -1.579149   -1.575655   -1.852855   -0.709064   -1.225200   -1.592  -11.842  -21.716 S_000008
   6 N  -122.733  141.870  172.629   89.309 -106.078 -114.128   69.985   33.990   89.229  -18.810    0.370373   -1.303663   -0.694334   -0.761512   -1.438136   -1.715946   -1.918878   -0.803264   -1.149429   -4.583  -14.783  -26.260 S_000008
   7 P    97.044 -159.469  179.707  155.744  -97.613 -167.920  -41.320  -40.876  161.823 -176.176    0.303889   -0.071282   -1.489084   -0.757469   -1.076729   -1.923939   -1.915183   -0.715022   -1.208509   -5.211  -18.979  -31.294 S_000008
   8 P   161.023  139.121   55.500  153.727 -123.271  175.609   98.961  -39.837  160.777  -92.184    0.316133   -0.114002   -1.485065   -0.754793   -1.110128   -1.910535   -1.913633   -0.713393   -1.208659   -6.065  -23.598  -36.559 S_000008
   9 P  -172.604  161.126  159.864  155.138 -101.607 -139.360  -48.863  -40.948  155.621   78.591    0.319081    0.026124   -1.484098   -0.731166   -0.944630   -1.986654   -1.887978   -0.700564   -1.211859   -8.282  -29.540  -39.406 S_000008
  10 P   -66.879  175.877   42.777  106.507 -169.227 -102.279   95.320   12.598  112.221 -152.708    0.411186   -1.049045   -1.027559   -0.849382   -1.387630   -1.805285   -1.938393   -0.717014   -1.198510   -8.884  -33.985  -44.566 S_000008
  11 H   -72.283 -179.486   52.509   78.969    0.000    0.000   72.979   40.384   93.236  179.916    0.296145   -1.407979   -0.495932   -0.769830   -1.561847   -1.581818   -1.839880   -0.692658   -1.236542  -11.141  -37.398  -49.539 S_000008
SCORE:    33.710                 33.710          0          0          3    S_000009
   1 H     0.000  170.252   55.279   79.768 -139.940  -69.911   69.152   45.143   87.021  -23.237    0.234126   -1.429821   -0.468541   -0.765833   -1.518090   -1.614064   -1.867008   -0.723550   -1.216917    3.794    0.984    0.238 S_000009
   2 N   140.751   78.375  147.908   85.219 -139.919 -122.587   67.224   27.161  117.339 -128.645    0.327420   -1.390343   -0.558417   -0.896324   -1.706978   -1.419161   -1.868152   -0.719232   -1.199857    5.534   -2.764   -5.208 S_000009
   3 P   166.333  138.365   55.118  155.106 -121.207  176.665  100.537  -39.471  163.515  -78.552    0.339397   -0.011283   -1.487644   -0.733583   -0.968631   -1.983361   -1.893865   -0.720697   -1.225198    4.210   -9.551   -7.671 S_000009
   4 P   178.953  121.420   60.039  137.761  -89.783  162.171   95.568  -36.201  164.047  -85.504    0.329547   -0.376318   -1.443259   -0.795164   -1.365299   -1.724089   -1.935867   -0.737984   -1.183291    3.411  -13.584  -13.005 S_000009
   5 P  -163.415 -164.775  171.520   87.292 -173.272  -90.210   95.538   33.873  101.998   69.427    0.333059   -1.348368   -0.630589   -0.813263   -1.521104   -1.634527   -1.885456   -0.693273   -1.220867    1.342  -18.848  -16.739 S_000009
   6 P  -173.910 -150.992  149.500  127.998 -128.911 -142.558   91.482   -6.193  136.127   15.787    0.408280   -0.788743   -1.262842   -0.923571   -1.317920   -1.806812   -1.984235   -0.740556   -1.116661    0.765  -22.804  -22.196 S_000009
   7 N  -175.101 -147.674  159.572  141.718  176.133  146.872   62.364  -31.811 -103.226   76.911    0.331832   -0.177856   -1.485199   -0.843536   -1.029654   -1.962328   -1.977627   -0.691472   -1.204184   -0.813  -27.631  -27.474 S_000009
   8 N   156.962  178.579 -167.811   86.349 -135.605  -64.893   63.481   36.418   95.976  -16.102    0.331241   -1.345785   -0.616987   -0.767103   -1.488494   -1.651697   -1.841209   -0.691712   -1.226263   -0.668  -33.181  -32.047 S_000009
   9 P   178.363  159.803  161.213   89.497 -120.228  -82.484   60.039   35.920   90.861  -15.525    0.335843   -1.293218   -0.723787   -0.781309   -1.358486   -1.768889   -1.909203   -0.706088   -1.208672   -1.986  -37.199  -37.440 S_000009
  10 P  -126.179  138.940  177.602  128.870 -175.447  -84.014   96.666  -24.675  144.399   34.291    0.429508   -0.180220   -1.458434   -0.791134   -0.883354   -2.050890   -1.911737   -0.664996   -1.226029   -5.357  -40.111  -42.445 S_000009
  11 H   -65.955  173.350   65.378   76.815    0.000    0.000   76.575   42.710   87.638  169.926    0.271277   -1.423863   -0.455915   -0.766735   -1.541644   -1.561324   -1.851388   -0.716147   -1.206438   -7.230  -45.315  -44.749 S_000009
SCORE:    35.209                 35.209          0          1          1    S_000010
   1 H     0.000  170.252   55.279   84.904 -118.245  -54.621   57.775   42.529   79.556  -21.073    0.347157   -1.309264   -0.690301   -0.694912   -1.224234   -1.802487   -1.879631   -0.710117   -1.214655    3.794    0.984    0.238 S_000010
   2 P   -93.154 -157.444   54.300  150.377 -112.935 -160.796  105.347  -36.726  152.260  155.081    0.325182   -0.066179   -1.488565   -0.782637   -0.984831   -1.998773   -1.922659   -0.698395   -1.211700    5.585   -3.376   -4.355 S_000010
   3 P  -167.631  177.125   63.936  148.721 -114.320  176.453   96.592  -39.276  160.663  -80.184    0.315889   -0.217056   -1.474414   -0.766409   -1.232285   -1.836424   -1.924195   -0.750433   -1.184996    4.450   -7.733  -10.012 S_000010
   4 P   -66.371  171.824   53.159   81.077 -151.909 -102.406   86.215   41.126   96.105 -173.389    0.275647   -1.408164   -0.479324   -0.784061   -1.547730   -1.569097   -1.827258   -0.651702   -1.250026    2.511  -12.078  -14.099 S_000010
   5 N   -56.971  153.570   56.017   90.278 -176.240 -115.163   79.715   39.462   95.358 -126.721    0.314034   -1.294961   -0.734265   -0.728566   -1.323899   -1.826231   -1.853260   -0.638490   -1.263668    0.425  -14.575  -19.228 S_000010
   6 P  -170.257 -176.118  168.457  154.693  -96.790  -77.772  166.626  -41.004  158.432  -92.486    0.301209   -0.017468   -1.492097   -0.757842   -1.009016   -1.965277   -1.908312   -0.715882   -1.203518   -2.758  -18.273  -24.270 S_000010
   7 P   -67.236  -69.075 -153.222   75.027 -174.504  -88.660  157.945   40.130  102.688  -15.792    0.275663   -1.457982   -0.342026   -0.800253   -1.719347   -1.397196   -1.772281   -0.700243   -1.246714   -4.559  -21.537  -29.453 S_000010
   8 P   156.514 -176.414  170.719   82.712 -127.414  -75.307   65.799   40.084   89.848  -23.980    0.315304   -1.369360   -0.582570   -0.750143   -1.465773   -1.674744   -1.866737   -0.719037   -1.215051   -6.261  -24.841  -34.982 S_000010
   9 P   -60.812 -146.102   71.756  156.668  -78.282 -169.333  154.499  -36.879  159.613   62.580    0.318603   -0.121311   -1.484608   -0.802024   -1.070048   -1.952590   -1.947726   -0.665159   -1.220540   -7.761  -30.071  -38.922 S_000010
  10 P   153.942 -172.175  173.008   81.922 -159.435  -59.843   75.194   37.416   97.393 -160.084    0.313845   -1.393835   -0.529876   -0.789306   -1.579149   -1.575655   -1.852855   -0.709064   -1.225200  -10.491  -33.735  -44.358 S_000010
  11 H   -59.047  151.158   52.085   79.905    0.000    0.000   76.202   40.040   90.692  -20.903    0.299190   -1.398657   -0.518302   -0.770902   -1.541326   -1.601302   -1.861700   -0.717987   -1.216182  -13.083  -36.451  -48.266 S_000010
