SEQUENCE: gaaaaaaag
SCORE:     score    rna_stub_coord_hack       N_WC      N_NWC       N_BS description
REMARK RNA 
SCORE:    18.253                 18.253          0          0          1    S_000001
   1 H     0.000  170.252   55.279   85.697 -145.977  107.726  100.542   32.105  101.023  -23.170    0.326698   -1.355686   -0.636283   -0.833155   -1.567963   -1.610874   -1.852016   -0.670067   -1.229568    3.794    0.984    0.238 S_000001
   2 P   105.521  156.804  148.628  159.247 -128.125 -110.056   82.304  -40.995  149.473 -171.489    0.270028    0.135892   -1.494581   -0.790297   -0.798343   -2.074916   -1.911233   -0.674598   -1.221385    2.807    1.449   -6.149 S_000001
   3 P  -172.604  161.126  159.864  155.138 -101.607 -139.360  -48.863  -40.948  155.621   78.591    0.319081    0.026124   -1.484098   -0.731166   -0.944630   -1.986654   -1.887978   -0.700564   -1.211859    0.239    6.022  -11.184 S_000001
   4 N   -57.380  151.110   57.385   88.433 -160.417 -148.338   69.450   35.017   95.596  -46.719    0.335047   -1.310783   -0.706439   -0.795816   -1.405901   -1.735772   -1.898067   -0.670696   -1.232076   -3.162   10.328  -14.697 S_000001
   5 P   149.014 -155.242 -178.126   84.779 -102.452 -121.172   63.331   34.511  100.273 -173.612    0.341870   -1.354035   -0.615372   -0.789933   -1.534865   -1.629441   -1.860365   -0.683078   -1.232961   -7.069   13.326  -19.704 S_000001
   6 P   154.785  148.880   62.755  143.221 -118.428  172.337   94.118  -32.342  157.772   32.106    0.346938   -0.351961   -1.445871   -0.812180   -1.268003   -1.828910   -1.947184   -0.738139   -1.184255   -9.427   13.542  -26.582 S_000001
   7 P   -74.542  146.819   78.900   74.344 -160.835  -73.494   77.061   41.869   95.739  111.628    0.253664   -1.470333   -0.301226   -0.800546   -1.735808   -1.379261   -1.808842   -0.755634   -1.201736  -10.936   15.355  -31.967 S_000001
   8 P   166.495  172.404  174.231   87.746 -132.714  -66.796   66.289   35.684   95.741  -22.140    0.317062   -1.318123   -0.699594   -0.783392   -1.426334   -1.729960   -1.879184   -0.700135   -1.218640  -12.988   18.102  -37.815 S_000001
   9 H  -172.044 -164.411   34.318   95.244    0.000    0.000   89.371   27.482   95.281   -2.868    0.348108   -1.225528   -0.830907   -0.825875   -1.405592   -1.768292   -1.908152   -0.715258   -1.201982  -15.915   23.277  -40.980 S_000001
SCORE:    18.029                 18.029          0          0          2    S_000002
   1 H     0.000  170.252   55.279  111.608 -121.686 -179.210  169.948   15.088   98.505  -15.019    0.408183   -0.942549   -1.117151   -0.843750   -1.148617   -1.952209   -1.942486   -0.686329   -1.205485    3.794    0.984    0.238 S_000002
   2 P   -67.799 -146.390   61.351  138.077 -111.780  179.539  136.456  -32.975  164.412   24.654    0.345876   -0.486313   -1.408181   -0.813296   -1.436410   -1.666158   -1.937060   -0.759364   -1.169281    7.243    3.435   -4.747 S_000002
   3 P   145.178 -156.034 -172.353   84.988 -133.611  -72.916   57.863   38.515   89.648  -30.107    0.312455   -1.350548   -0.616806   -0.776444   -1.446986   -1.689238   -1.877180   -0.694361   -1.217785    5.516    7.787  -10.048 S_000002
   4 P  -172.604  161.126  159.864  155.138 -101.607 -139.360  -48.863  -40.948  155.621   78.591    0.319081    0.026124   -1.484098   -0.731166   -0.944630   -1.986654   -1.887978   -0.700564   -1.211859    1.756   11.734  -14.347 S_000002
   5 N   -50.936  170.693   59.456  140.138 -123.590 -165.720  102.147  -28.824  146.926   74.808    0.372909   -0.320183   -1.444597   -0.805892   -1.158175   -1.918373   -1.937237   -0.739376   -1.178972   -0.374   14.966  -19.843 S_000002
   6 N   -69.670  160.873   66.501   88.981 -138.258  -76.991   79.238   32.079   99.177 -120.779    0.369318   -1.281801   -0.741719   -0.767060   -1.436027   -1.740475   -1.874410   -0.716528   -1.213426   -1.122   18.178  -25.345 S_000002
   7 P  -170.283  161.190 -176.306  140.990 -163.860 -102.059  133.153  -32.306  149.951  165.152    0.350717   -0.168927   -1.477787   -0.803819   -1.029144   -1.981828   -1.933928   -0.657356   -1.225843   -1.074   24.201  -28.873 S_000002
   8 P  -163.415 -164.775  171.520   87.292 -173.272  -90.210   95.538   33.873  101.998   69.427    0.333059   -1.348368   -0.630589   -0.813263   -1.521104   -1.634527   -1.885456   -0.693273   -1.220867   -2.506   30.150  -32.355 S_000002
   9 H   -93.983   82.199  165.113  100.251    0.000    0.000   75.951    8.707  126.594 -135.308    0.415308   -1.097873   -0.978481   -0.892714   -1.522449   -1.657989   -1.948792   -0.735702   -1.165265   -6.295   32.390  -35.082 S_000002
SCORE:    17.614                 17.614          0          0          2    S_000003
   1 H     0.000  170.252   55.279  144.385 -109.337  112.991  -73.802  -32.402  156.232 -119.182    0.348551   -0.227698   -1.471990   -0.810843   -1.109237   -1.929138   -1.944353   -0.689825   -1.205996    3.794    0.984    0.238 S_000003
   2 P   149.773 -156.144  176.474   82.777 -155.799  -84.417   85.097   38.273   91.188  109.933    0.325799   -1.359624   -0.601698   -0.762572   -1.475146   -1.669392   -1.863222   -0.693642   -1.226962    8.171    4.280   -2.357 S_000003
   3 P  -172.604  161.126  159.864  155.138 -101.607 -139.360  -48.863  -40.948  155.621   78.591    0.319081    0.026124   -1.484098   -0.731166   -0.944630   -1.986654   -1.887978   -0.700564   -1.211859   11.894    9.568   -4.981 S_000003
   4 P   -82.522 -173.901   50.300  139.055 -115.199  179.062  149.082  -32.367  151.652  165.711    0.349502   -0.343881   -1.444356   -0.804139   -1.257945   -1.837809   -1.936483   -0.771964   -1.159998   14.793   15.902   -5.654 S_000003
   5 P   105.521  156.804  148.628  159.247 -128.125 -110.056   82.304  -40.995  149.473 -171.489    0.270028    0.135892   -1.494581   -0.790297   -0.798343   -2.074916   -1.911233   -0.674598   -1.221385   15.267   22.437   -8.505 S_000003
   6 N   -64.666  170.101   59.365   84.831 -156.516  -73.054   89.534   36.387   93.987   74.453    0.326289   -1.352386   -0.608939   -0.785652   -1.486099   -1.641581   -1.869676   -0.689371   -1.214770   18.851   27.990   -9.326 S_000003
   7 P   -93.154 -157.444   54.300  150.377 -112.935 -160.796  105.347  -36.726  152.260  155.081    0.325182   -0.066179   -1.488565   -0.782637   -0.984831   -1.998773   -1.922659   -0.698395   -1.211700   22.877   32.013  -12.944 S_000003
   8 N  -161.912  144.831  163.138   87.020 -163.361  -72.898   66.879   36.893   92.007  -14.838    0.313333   -1.374187   -0.573869   -0.796398   -1.534179   -1.616031   -1.894495   -0.762736   -1.174099   26.393   35.500  -17.847 S_000003
   9 H   150.466 -151.425  179.985   83.993    0.000    0.000   51.332   38.039   91.962  -25.590    0.329010   -1.354781   -0.617871   -0.761999   -1.461025   -1.682292   -1.868409   -0.699908   -1.221336   29.646   39.024  -21.919 S_000003
SCORE:    17.329                 17.329          0          2          1    S_000004
   1 H     0.000  170.252   55.279   97.566 -102.174  124.771  144.163   31.662   92.309 -130.858    0.357173   -1.201627   -0.867549   -0.800290   -1.235560   -1.855941   -1.917371   -0.669415   -1.210627    3.794    0.984    0.238 S_000004
   2 P   -56.294  173.848   49.881   82.241 -158.581  -94.826   76.852   32.150  103.015  -20.636    0.359922   -1.347564   -0.611379   -0.794299   -1.569381   -1.584587   -1.860731   -0.723054   -1.207390    4.039    4.635   -3.160 S_000004
   3 P  -166.924 -154.036  159.889   90.332 -178.658 -136.635   73.477   26.413  115.255    3.673    0.345049   -1.323606   -0.689620   -0.882069   -1.572952   -1.568229   -1.923026   -0.712384   -1.176451    1.863    7.911   -8.938 S_000004
   4 P  -166.924 -154.036  159.889   90.332 -178.658 -136.635   73.477   26.413  115.255    3.673    0.345049   -1.323606   -0.689620   -0.882069   -1.572952   -1.568229   -1.923026   -0.712384   -1.176451   -0.857   12.591  -13.582 S_000004
   5 P   -58.058  179.059   46.464   80.010 -131.333  -81.029   68.536   37.661   94.392  -19.212    0.321657   -1.395666   -0.526824   -0.773619   -1.583195   -1.575794   -1.864960   -0.757472   -1.186922   -5.436   16.930  -14.826 S_000004
   6 P  -154.050  145.148  124.520   89.904 -156.931 -129.437   98.571   22.752  116.377   53.243    0.366115   -1.304268   -0.738772   -0.890164   -1.596323   -1.568220   -1.925176   -0.727709   -1.180955   -8.179   20.379  -20.210 S_000004
   7 P   171.747  153.395  159.041  148.712 -150.900 -143.856  163.298  -31.676  141.216  -34.261    0.335662   -0.099384   -1.482186   -0.823846   -0.920479   -2.044532   -1.934389   -0.708140   -1.198506   -9.839   23.674  -26.498 S_000004
   8 N  -175.101 -147.674  159.572  141.718  176.133  146.872   62.364  -31.811 -103.226   76.911    0.331832   -0.177856   -1.485199   -0.843536   -1.029654   -1.962328   -1.977627   -0.691472   -1.204184  -12.769   27.303  -32.094 S_000004
   9 H   161.719 -151.792  147.222   91.370    0.000    0.000   65.216   34.670   83.338  -25.716    0.347138   -1.220242   -0.839443   -0.787564   -1.213714   -1.873679   -1.927671   -0.694410   -1.214730  -17.155   29.421  -37.279 S_000004
SCORE:    16.851                 16.851          0          1          1    S_000005
   1 H     0.000  170.252   55.279  109.934  -99.530  161.120   63.719   -1.708  137.509    1.742    0.405221   -0.983529   -1.109782   -0.924254   -1.509244   -1.636521   -1.945783   -0.669334   -1.187942    3.794    0.984    0.238 S_000005
   2 P  -162.813  120.226  175.866   82.361 -130.482  -83.501   71.938   31.791  101.509  168.496    0.369909   -1.323004   -0.659604   -0.788295   -1.515888   -1.636180   -1.860290   -0.702304   -1.215513    5.672    4.389   -4.336 S_000005
   3 P   -62.650  168.286   59.215   86.634 -174.187  -76.231   93.456   33.290   98.890  164.552    0.307403   -1.339352   -0.666994   -0.836463   -1.512993   -1.663933   -1.914600   -0.725711   -1.188220    3.934    9.273   -8.016 S_000005
   4 P  -162.813  120.226  175.866   82.361 -130.482  -83.501   71.938   31.791  101.509  168.496    0.369909   -1.323004   -0.659604   -0.788295   -1.515888   -1.636180   -1.860290   -0.702304   -1.215513    3.104   13.519  -13.102 S_000005
   5 P   -67.601  173.259   58.690  157.464 -135.211 -147.785  162.259  -40.470  165.113 -137.280    0.315507    0.031025   -1.496384   -0.749112   -0.932260   -1.997702   -1.908468   -0.713312   -1.224472    1.337   17.666  -17.749 S_000005
   6 N  -175.101 -147.674  159.572  141.718  176.133  146.872   62.364  -31.811 -103.226   76.911    0.331832   -0.177856   -1.485199   -0.843536   -1.029654   -1.962328   -1.977627   -0.691472   -1.204184    2.598   21.281  -24.000 S_000005
   7 N  -178.810  153.055  135.770  106.704 -138.327 -112.358  127.377   22.478   87.323  -11.418    0.409131   -0.973460   -1.098711   -0.809248   -1.028300   -2.013690   -1.923910   -0.665663   -1.225656    2.307   26.323  -29.026 S_000005
   8 P  -166.924 -154.036  159.889   90.332 -178.658 -136.635   73.477   26.413  115.255    3.673    0.345049   -1.323606   -0.689620   -0.882069   -1.572952   -1.568229   -1.923026   -0.712384   -1.176451    3.610   31.693  -33.681 S_000005
   9 H   -54.217  170.675   54.707   80.239    0.000    0.000   72.926   38.582   91.491 -124.067    0.314139   -1.384267   -0.548334   -0.771316   -1.535594   -1.614078   -1.868523   -0.732642   -1.200469    1.471   36.195  -37.505 S_000005
SCORE:    17.429                 17.429          0          0          1    S_000006
   1 H     0.000  170.252   55.279  146.100 -103.669  136.596  125.287  -33.215  149.861   27.393    0.347681   -0.154867   -1.476106   -0.792534   -1.026337   -1.975406   -1.926482   -0.693728   -1.204662    3.794    0.984    0.238 S_000006
   2 P  -172.604  161.126  159.864  155.138 -101.607 -139.360  -48.863  -40.948  155.621   78.591    0.319081    0.026124   -1.484098   -0.731166   -0.944630   -1.986654   -1.887978   -0.700564   -1.211859    8.218    4.404   -2.282 S_000006
   3 P   105.521  156.804  148.628  159.247 -128.125 -110.056   82.304  -40.995  149.473 -171.489    0.270028    0.135892   -1.494581   -0.790297   -0.798343   -2.074916   -1.911233   -0.674598   -1.221385   10.402   10.773   -4.817 S_000006
   4 N  -161.912  144.831  163.138   87.020 -163.361  -72.898   66.879   36.893   92.007  -14.838    0.313333   -1.374187   -0.573869   -0.796398   -1.534179   -1.616031   -1.894495   -0.762736   -1.174099   14.933   15.371   -7.987 S_000006
   5 N  -149.034  -81.925  172.404  146.046 -150.679 -107.126  111.344  -35.048  155.162  147.404    0.332662   -0.192882   -1.475955   -0.792373   -1.116447   -1.928530   -1.935508   -0.712398   -1.199196   18.352   19.207  -12.557 S_000006
   6 P   157.623 -160.717 -173.530   81.732 -126.986  -78.095   55.873   33.182   99.599  179.890    0.356342   -1.333174   -0.647864   -0.788987   -1.511153   -1.645318   -1.868281   -0.712487   -1.211563   20.410   22.566  -18.251 S_000006
   7 N   154.453 -138.292  168.142   87.170  -91.684 -131.245   70.959   30.507  104.033  -13.126    0.352127   -1.329675   -0.667614   -0.827063   -1.539136   -1.622829   -1.893458   -0.701079   -1.209808   21.705   28.118  -20.950 S_000006
   8 N   169.350  136.230   47.876  145.976 -103.546  158.996  112.526  -36.585  158.537  -90.836    0.326479   -0.230834   -1.472102   -0.783993   -1.195518   -1.870158   -1.928823   -0.746647   -1.180885   25.771   33.776  -22.687 S_000006
   9 H   157.394 -177.321 -172.963   82.444    0.000    0.000   64.832   36.328   93.038  179.908    0.333299   -1.350966   -0.622680   -0.776338   -1.486724   -1.660686   -1.879683   -0.708916   -1.218917   27.171   40.462  -23.228 S_000006
SCORE:    17.983                 17.983          0          0          0    S_000007
   1 H     0.000  170.252   55.279   81.987  -89.155 -176.608   86.770   38.922   86.810  -27.731    0.332781   -1.336172   -0.650507   -0.749627   -1.388707   -1.726450   -1.870547   -0.691044   -1.224011    3.794    0.984    0.238 S_000007
   2 P  -174.180  152.972 -160.333  104.826 -142.767  -78.703   76.242   19.884  101.194  179.947    0.387962   -1.086681   -0.991172   -0.843871   -1.294637   -1.855867   -1.944422   -0.700499   -1.202484    4.736    2.781   -6.287 S_000007
   3 P   153.930  177.445 -139.408  110.409 -122.383  -57.748 -119.369   13.045  105.704  -13.098    0.438341   -0.883489   -1.160116   -0.818966   -1.098820   -1.990414   -1.927190   -0.649360   -1.232549    1.574    6.377  -11.138 S_000007
   4 P   -37.209  158.180   62.639   73.432 -158.795  -93.024   71.889   33.997  108.807 -123.590    0.299943   -1.469358   -0.287135   -0.855516   -1.856762   -1.216778   -1.809701   -0.815795   -1.158669   -2.683    8.761  -13.757 S_000007
   5 P  -145.987  156.330 -171.280   97.698 -150.657  -84.135   71.724   29.301   97.426  177.190    0.377424   -1.188179   -0.884020   -0.797503   -1.265138   -1.847696   -1.920332   -0.677393   -1.214796   -7.995   12.174  -16.500 S_000007
   6 P   171.747  153.395  159.041  148.712 -150.900 -143.856  163.298  -31.676  141.216  -34.261    0.335662   -0.099384   -1.482186   -0.823846   -0.920479   -2.044532   -1.934389   -0.708140   -1.198506  -11.171   15.535  -21.826 S_000007
   7 P  -154.050  145.148  124.520   89.904 -156.931 -129.437   98.571   22.752  116.377   53.243    0.366115   -1.304268   -0.738772   -0.890164   -1.596323   -1.568220   -1.925176   -0.727709   -1.180955  -14.689   17.155  -27.742 S_000007
   8 P  -156.241 -172.309  170.358   90.579 -122.463  -73.511   97.000   24.621  116.504  -13.486    0.341843   -1.336481   -0.672589   -0.910049   -1.622569   -1.515204   -1.903182   -0.698196   -1.184257  -17.904   19.258  -33.901 S_000007
   9 H   -59.922  167.262   50.941   80.189    0.000    0.000   78.202   41.226   85.601  -22.533    0.279841   -1.423186   -0.480773   -0.776933   -1.561408   -1.569521   -1.903042   -0.803245   -1.134150  -21.134   22.136  -38.349 S_000007
SCORE:    17.360                 17.360          0          2          1    S_000008
   1 H     0.000  170.252   55.279  106.429 -105.159  121.110  148.097   19.351   93.612 -146.922    0.402316   -0.992845   -1.094546   -0.830578   -1.130609   -1.969974   -1.927567   -0.677797   -1.212852    3.794    0.984    0.238 S_000008
   2 P  -173.910 -150.992  149.500  127.998 -128.911 -142.558   91.482   -6.193  136.127   15.787    0.408280   -0.788743   -1.262842   -0.923571   -1.317920   -1.806812   -1.984235   -0.740556   -1.116661    5.069    4.252   -4.971 S_000008
   3 N   -54.846  168.319   55.099   88.569 -157.038  -99.261   90.833   30.172  103.661  179.907    0.367701   -1.292969   -0.730351   -0.800342   -1.476327   -1.692529   -1.878263   -0.683268   -1.229139    4.954    9.689   -8.716 S_000008
   4 N  -175.101 -147.674  159.572  141.718  176.133  146.872   62.364  -31.811 -103.226   76.911    0.331832   -0.177856   -1.485199   -0.843536   -1.029654   -1.962328   -1.977627   -0.691472   -1.204184    2.890   13.254  -14.328 S_000008
   5 N   137.587 -170.533 -171.519   94.799 -145.911  -66.460   70.720   36.799   89.486  -16.397    0.343215   -1.223738   -0.846956   -0.763254   -1.164451   -1.899283   -1.893385   -0.551026   -1.273253    2.485   18.346  -19.190 S_000008
   6 P  -110.003  -95.178 -170.804   85.262 -152.851  -73.112   64.455   36.565   94.655  -23.735    0.333988   -1.354956   -0.605888   -0.774081   -1.501600   -1.649669   -1.863825   -0.691328   -1.230508    2.105   22.088  -25.089 S_000008
   7 P   -65.164  159.033   56.810   79.800 -159.071  -77.247   85.040   40.664   89.496 -159.428    0.299393   -1.406838   -0.495298   -0.762935   -1.553094   -1.584933   -1.849401   -0.714334   -1.216870    2.151   25.804  -29.675 S_000008
   8 P  -150.263  137.150  162.005   85.519 -143.757  -61.655   64.628   39.702   84.506   99.951    0.295141   -1.332554   -0.685537   -0.782837   -1.333764   -1.762805   -1.900101   -0.686617   -1.207950   -0.370   30.459  -33.803 S_000008
   9 H  -123.143 -131.808   74.688   78.384    0.000    0.000   77.393   42.054   85.105  179.885    0.288665   -1.373276   -0.617332   -0.762748   -1.388360   -1.733218   -1.900585   -0.727315   -1.209307   -3.501   35.559  -37.312 S_000008
SCORE:    17.857                 17.857          0          0          2    S_000009
   1 H     0.000  170.252   55.279  143.998 -111.961   93.881  140.739  -40.616  165.979  -92.866    0.320762   -0.270496   -1.455958   -0.737784   -1.310647   -1.735460   -1.901246   -0.727566   -1.200717    3.794    0.984    0.238 S_000009
   2 P  -167.631  177.125   63.936  148.721 -114.320  176.453   96.592  -39.276  160.663  -80.184    0.315889   -0.217056   -1.474414   -0.766409   -1.232285   -1.836424   -1.924195   -0.750433   -1.184996    5.856    4.709   -3.325 S_000009
   3 N   -70.422 -176.803   54.287   79.161 -164.802 -103.413   88.590   39.012   94.519 -103.099    0.284657   -1.432273   -0.440008   -0.804927   -1.647512   -1.494854   -1.868363   -0.764982   -1.183614    7.281   10.737   -4.892 S_000009
   4 P    69.147  168.508  -47.744  150.543 -148.343 -142.366  171.938  -32.034  145.911   71.933    0.339556   -0.069758   -1.491340   -0.820604   -0.887048   -2.048544   -1.926939   -0.666372   -1.215392   10.508   15.527   -7.425 S_000009
   5 P   -81.278  160.451   36.664  147.765 -122.676  177.149  127.911  -37.756  158.866   25.568    0.322436   -0.173818   -1.479190   -0.776279   -1.147026   -1.895369   -1.926609   -0.725853   -1.194474   12.742   19.791  -11.884 S_000009
   6 N   167.952 -167.959  154.203  145.211 -155.376 -167.633   19.536  -32.174  148.043  -55.599    0.332777   -0.133501   -1.484945   -0.828850   -0.980089   -2.013944   -1.953344   -0.695714   -1.205944   16.794   24.660  -15.222 S_000009
   7 P   153.576 -137.498 -175.281   83.857 -102.787 -103.937   50.086   29.192  107.047  -14.087    0.360236   -1.330018   -0.656551   -0.827896   -1.577528   -1.591584   -1.886986   -0.727617   -1.202004   19.508   30.613  -17.767 S_000009
   8 P   -66.973  173.475   68.286  137.907  -77.343  141.002  117.624  -17.512  137.272    4.519    0.452995   -0.419113   -1.378158   -0.806682   -1.063678   -1.954233   -1.924759   -0.651630   -1.215380   22.324   35.435  -21.558 S_000009
   9 H   -64.225 -171.222   49.712   82.750    0.000    0.000   78.447   34.666   95.479  179.932    0.334021   -1.358464   -0.607438   -0.801043   -1.535563   -1.621076   -1.889220   -0.731797   -1.198170   22.066   40.716  -22.935 S_000009
SCORE:    18.198                 18.198          0          0          1    S_000010
   1 H     0.000  170.252   55.279  143.998 -111.961   93.881  140.739  -40.616  165.979  -92.866    0.320762   -0.270496   -1.455958   -0.737784   -1.310647   -1.735460   -1.901246   -0.727566   -1.200717    3.794    0.984    0.238 S_000010
   2 N   119.887   79.721  132.489   73.154 -135.174  -61.233   48.289   33.688  104.034 -179.989    0.364999   -1.376903   -0.550844   -0.773139   -1.611566   -1.538537   -1.834826   -0.728621   -1.217049    7.404    3.450   -4.197 S_000010
   3 P   177.366  142.836 -177.540   86.392   81.924   89.658  106.666   34.383   91.374   35.384    0.329518   -1.203568   -0.872590   -0.818960   -1.153720   -1.885512   -1.932817   -0.607425   -1.234970    8.719    9.937   -6.062 S_000010
   4 P   166.978  176.904  177.152   84.171 -133.729  -88.107   85.510   32.221   98.769  169.890    0.360736   -1.323192   -0.665088   -0.794830   -1.503909   -1.648578   -1.883310   -0.724059   -1.201750   11.471   15.660   -8.428 S_000010
   5 N   -59.501  158.604   63.741   86.195 -156.084  -62.362   84.395   35.534   99.867  179.902    0.322481   -1.356714   -0.617614   -0.802618   -1.505540   -1.641093   -1.875207   -0.682200   -1.230966   13.900   19.555  -12.613 S_000010
   6 P   -42.489 -157.035   61.311   92.872 -173.953  -90.066  120.056   30.407  102.579  174.241    0.355073   -1.282086   -0.741721   -0.824240   -1.437098   -1.706504   -1.905884   -0.669571   -1.222303   18.184   23.635  -14.062 S_000010
   7 N  -148.162  164.915  118.385  145.355 -109.323 -178.043  158.161  -25.949  134.973  153.436    0.357113   -0.162484   -1.477571   -0.854725   -0.883260   -2.080780   -1.943630   -0.688761   -1.201220   21.565   28.301  -17.589 S_000010
   8 P   148.676 -165.600 -170.434   82.795 -127.847  -99.219   77.270   36.905   94.303  -60.066    0.302431   -1.388814   -0.560459   -0.809846   -1.564362   -1.602826   -1.893046   -0.745849   -1.192433   25.519   33.984  -19.294 S_000010
   9 H   162.513 -167.807  172.381   81.299    0.000    0.000   61.548   38.934   89.808  -27.617    0.322958   -1.363528   -0.582314   -0.751056   -1.483400   -1.654727   -1.850353   -0.691242   -1.219953   28.155   38.793  -23.654 S_000010
