SEQUENCE: uuuuuu
SCORE:     score    chainbreak       N_WC      N_NWC       N_BS description
REMARK RNA 
SCORE:     0.000         0.000          0          0          2    S_000001
   1 H     0.000  170.307   52.195   83.451 -131.986  -81.967   86.311   37.727   94.790  -26.702    0.312122   -1.361745   -0.589197   -0.781188   -1.493089   -1.641303   -1.870497   -0.702963   -1.216626    0.987    5.231    6.832 S_000001
   2 P   -92.945 -170.724   59.023   85.726 -138.675  -66.383   86.302   32.610  101.952  -17.922    0.350055   -1.320657   -0.660155   -0.800796   -1.492683   -1.645146   -1.866205   -0.671945   -1.229127    4.854    1.886    2.277 S_000001
   3 P   -61.336  166.601   46.685   82.566 -162.547  -68.520  101.949   40.022   84.634  152.019    0.285449   -1.410020   -0.492935   -0.787035   -1.577677   -1.574705   -1.897195   -0.806798   -1.151784    3.542   -3.398   -0.299 S_000001
   4 N    86.802 -124.440  108.672  105.361 -132.832  -50.963  144.613  -20.900  170.588  179.916    0.396749   -1.019492   -1.080518   -0.896669   -1.825239   -1.152297   -1.903377   -0.828591   -1.137600   -0.147   -6.236    1.089 S_000001
   5 N    37.423 -138.372 -135.688   80.688    0.000    0.000  100.963   27.161  115.119 -103.263    0.348499   -1.369560   -0.594310   -0.869676   -1.679725   -1.473025   -1.856905   -0.697475   -1.222418    3.740   -3.867    3.174 S_000001
   6 L   -60.259  170.307   52.195   80.528    0.000    0.000   81.836   35.393   97.005  180.000    0.331846   -1.365243   -0.588383   -0.793245   -1.542584   -1.609912   -1.872906   -0.724655   -1.207562    1.606   -3.982    4.007 S_000001
SCORE:     0.000         0.000          0          1          4    S_000002
   1 H     0.000  170.307   52.195   85.464 -155.800  -73.798   83.458   37.009   94.252  -15.905    0.321431   -1.357888   -0.610793   -0.784562   -1.489216   -1.659364   -1.878103   -0.697179   -1.223897    0.987    5.231    6.832 S_000002
   2 L   -60.259  170.307   52.195   80.528 -139.966    0.000   81.836   35.393   97.005  180.000    0.331846   -1.365243   -0.588383   -0.793245   -1.542584   -1.609912   -1.872906   -0.724655   -1.207562    5.914    2.725    4.434 S_000002
   3 N   166.611  168.098   54.064   81.643 -123.729  -81.578   91.530   36.781   94.313  147.979    0.314316   -1.378616   -0.557155   -0.796875   -1.548952   -1.593702   -1.879240   -0.735680   -1.196507    3.442   -1.455    0.956 S_000002
   4 P   -87.954 -155.505   56.990   89.058 -161.816  -61.608   88.657   36.844   97.799 -133.395    0.331723   -1.297798   -0.702478   -0.768394   -1.355969   -1.751332   -1.845314   -0.563808   -1.284796   -1.498    1.456    4.882 S_000002
   5 N   162.511 -159.788  171.046   86.461 -127.075  -64.162   65.576   36.427   98.776  -54.164    0.324359   -1.339605   -0.647260   -0.775811   -1.442143   -1.671765   -1.849667   -0.646597   -1.238609   -0.032    6.787    8.116 S_000002
   6 H   -59.611  159.201   62.299   83.932    0.000    0.000   75.705   37.861   91.709  179.920    0.320836   -1.361856   -0.605321   -0.771492   -1.484104   -1.665186   -1.872882   -0.701652   -1.225964    4.135   10.440   10.124 S_000002
SCORE:     0.000         0.000          0          0          2    S_000003
   1 H     0.000  170.307   52.195   82.918 -157.610  -73.989   77.041   38.807   95.025  179.921    0.310825   -1.376033   -0.556493   -0.764948   -1.515279   -1.620095   -1.840807   -0.678043   -1.242299    0.987    5.231    6.832 S_000003
   2 P   -48.749 -163.504   46.080  143.892 -146.297  171.505  156.154  -35.021  157.223  129.734    0.330077   -0.226654   -1.472525   -0.804761   -1.162937   -1.894363   -1.942480   -0.740040   -1.171959    6.052    2.976    3.969 S_000003
   3 P    93.933  -94.373  179.019   83.233  158.602  -93.751   48.506   32.785  108.785  128.009    0.325349   -1.382023   -0.557455   -0.832751   -1.622261   -1.526893   -1.872278   -0.720112   -1.207467   10.797    0.781    1.814 S_000003
   4 P   -40.107  167.051   42.850   79.109 -160.160  -51.167   74.371   38.477   93.182 -170.362    0.307811   -1.400274   -0.495376   -0.780590   -1.584715   -1.548983   -1.860296   -0.745470   -1.199653   14.902    1.108    5.159 S_000003
   5 N    37.537   95.676  179.398  120.999 -118.153  -50.422    8.357  -20.607  155.506 -166.086    0.456549   -0.769839   -1.218741   -0.809191   -1.578803   -1.506291   -1.911848   -0.756093   -1.182592   16.184   -2.652    7.819 S_000003
   6 L   -60.259  170.307   52.195   80.528    0.000    0.000   81.836   35.393   97.005  180.000    0.331846   -1.365243   -0.588383   -0.793245   -1.542584   -1.609912   -1.872906   -0.724655   -1.207562   10.833   -2.919   10.088 S_000003
SCORE:     0.000         0.000          0          0          3    S_000004
   1 H     0.000  170.307   52.195   78.246 -178.407  -68.532   81.719   38.997   95.636  -75.899    0.308795   -1.420403   -0.458227   -0.772919   -1.630571   -1.517800   -1.843477   -0.744777   -1.209235    0.987    5.231    6.832 S_000004
   2 P   169.375 -152.049  167.828  103.565  -95.029  -32.027   74.245   19.356  122.146  -26.623    0.348559   -1.210568   -0.885833   -0.938666   -1.459695   -1.679935   -1.964905   -0.653529   -1.192777    5.930    1.985    4.486 S_000004
   3 N   -80.099 -177.461   52.644   86.473 -152.402  -56.755   82.848   42.231   86.137  -18.401    0.300441   -1.390091   -0.589704   -0.729265   -1.451539   -1.706360   -1.848471   -0.735128   -1.204755    6.500   -1.726    0.367 S_000004
   4 P   -63.468  171.004   53.381   80.011 -163.118  -66.632   92.140   39.855   92.312  179.928    0.306252   -1.395563   -0.515599   -0.765475   -1.544076   -1.596903   -1.851512   -0.709508   -1.221587    3.805   -0.785   -4.759 S_000004
   5 P   -47.763 -164.987   45.985   86.447 -155.449  -68.365   65.505   36.116   95.228   -2.059    0.309437   -1.340193   -0.623974   -0.817814   -1.464835   -1.660811   -1.901774   -0.682808   -1.210252    0.754    2.734   -8.634 S_000004
   6 H   -61.340  164.922   56.580   85.875    0.000    0.000   99.678   37.410   92.580 -116.657    0.318315   -1.343556   -0.634653   -0.785782   -1.444925   -1.691987   -1.876435   -0.668943   -1.233534   -0.327    7.022  -12.502 S_000004
SCORE:     0.000         0.000          0          1          1    S_000005
   1 H     0.000  170.307   52.195   83.390 -160.179  -67.801   80.352   35.387   97.162   26.093    0.333184   -1.358695   -0.599801   -0.793858   -1.524424   -1.622815   -1.876366   -0.707000   -1.218144    0.987    5.231    6.832 S_000005
   2 P   -76.709 -155.762   47.346   81.510 -150.117  -72.879   90.473   36.994   91.805  179.881    0.325667   -1.362852   -0.605141   -0.784780   -1.490403   -1.651215   -1.877660   -0.700735   -1.218501    6.023    2.562    3.646 S_000005
   3 N   116.952  172.526   72.208  152.661  -85.733  -55.007  136.545  -39.709  160.460   19.814    0.310523   -0.062549   -1.487667   -0.766170   -1.042747   -1.946530   -1.924846   -0.689595   -1.217766    5.821   -2.587   -0.292 S_000005
   4 P  -156.856 -173.884   55.193  149.822 -105.089  163.813  103.174  -35.651  156.279   22.093    0.326424   -0.158148   -1.484703   -0.801938   -1.087301   -1.942344   -1.945946   -0.697980   -1.199434    5.996   -4.815    5.479 S_000005
   5 N  -135.885 -150.616   67.763   84.088 -154.740  -63.720   78.092   41.198   94.290  -17.530    0.299069   -1.392291   -0.532113   -0.755527   -1.495836   -1.630799   -1.818765   -0.642876   -1.290402    2.059   -3.950   10.979 S_000005
   6 H   -54.470  150.727   42.786   83.728    0.000    0.000   68.127   36.400   96.516  -26.140    0.324976   -1.367160   -0.586089   -0.790408   -1.527010   -1.623872   -1.877984   -0.715291   -1.212129   -1.410   -0.409   13.302 S_000005
SCORE:     0.000         0.000          0          0          0    S_000006
   1 H     0.000  170.307   52.195   88.256 -176.693  -57.021   73.402   31.950  101.638  179.915    0.346143   -1.325229   -0.681397   -0.818517   -1.496872   -1.660455   -1.906334   -0.708910   -1.202678    0.987    5.231    6.832 S_000006
   2 P   -46.686  174.134   49.103  147.015 -112.011  160.599  113.504  -35.292  156.714  -96.688    0.369319   -0.084058   -1.475159   -0.744983   -0.976929   -1.990022   -1.904528   -0.700864   -1.228009    5.847    2.919    5.948 S_000006
   3 P   164.911  153.169   44.860  143.868  -96.813   93.667  103.807  -34.909  154.297  -86.918    0.377368   -0.219779   -1.461787   -0.747038   -1.151266   -1.890637   -1.900698   -0.701420   -1.206789   12.611    2.609    6.364 S_000006
   4 N    49.522  118.184  161.642   88.077 -110.601 -111.676   60.225   36.648   89.414  -17.735    0.323436   -1.306486   -0.721152   -0.793606   -1.354281   -1.774383   -1.922019   -0.712409   -1.201916   17.698    1.267    7.441 S_000006
   5 L   -60.259  170.307   52.195   80.528 -139.966    0.000   81.836   35.393   97.005  180.000    0.331846   -1.365243   -0.588383   -0.793245   -1.542584   -1.609912   -1.872906   -0.724655   -1.207562   22.457    5.999    7.293 S_000006
   6 H   -80.309 -171.082   49.941   80.444    0.000    0.000   81.028   39.792   92.014  179.899    0.303426   -1.394386   -0.529373   -0.767015   -1.536815   -1.609764   -1.849695   -0.698960   -1.232399   20.140    9.190    3.478 S_000006
SCORE:     0.000         0.000          0          0          1    S_000007
   1 H     0.000  170.307   52.195   89.001 -145.867 -149.208   97.603   35.125   96.606 -102.958    0.324718   -1.361927   -0.583062   -0.792024   -1.550218   -1.591824   -1.876951   -0.768069   -1.169124    0.987    5.231    6.832 S_000007
   2 P   -69.487  170.963   61.144  117.251  -80.541   57.446   88.807   -7.745  145.681   -2.597    0.440687   -0.786864   -1.231531   -0.863143   -1.372823   -1.776781   -1.945011   -0.676035   -1.206625    4.833    6.151    1.530 S_000007
   3 P   -45.689  148.506   50.102   77.037 -133.373  -89.890   87.334   39.932   92.948 -151.117    0.303567   -1.400705   -0.515763   -0.767418   -1.543639   -1.594706   -1.853091   -0.721059   -1.215708    2.712    7.833    1.378 S_000007
   4 P   -65.766 -169.983   48.814  130.271 -123.811   88.262  134.564  -24.931  148.784   13.266    0.419895   -0.221941   -1.453162   -0.799906   -0.947004   -2.021559   -1.924838   -0.695794   -1.209358   -2.864   11.553    0.968 S_000007
   5 N   -92.597 -168.099   64.087   81.842 -128.666 -129.797   87.552   34.541   95.767  -21.366    0.346235   -1.331658   -0.659265   -0.790430   -1.472745   -1.680394   -1.879523   -0.696929   -1.220765   -6.645    8.083    0.851 S_000007
   6 H  -179.521 -153.722  157.082   81.012    0.000    0.000   65.286   37.350   91.863  -17.092    0.348194   -1.339772   -0.628299   -0.749837   -1.444637   -1.683241   -1.860784   -0.705334   -1.219121  -12.104    4.896   -2.762 S_000007
SCORE:     0.000         0.000          0          1          2    S_000008
   1 H     0.000  170.307   52.195   81.724 -146.889  -73.850   79.612   42.443   90.013  -23.610    0.308671   -1.400604   -0.510202   -0.721654   -1.506087   -1.625493   -1.839382   -0.723269   -1.219216    0.987    5.231    6.832 S_000008
   2 N   159.265 -160.915  171.265   90.421 -127.513  -64.441   72.528   36.483   90.480  -86.625    0.309276   -1.302454   -0.743035   -0.795213   -1.347299   -1.785066   -1.913790   -0.717431   -1.190883    4.346    0.706    3.438 S_000008
   3 L   -60.259  170.307   52.195   80.528 -139.966    0.000   81.836   35.393   97.005  180.000    0.331846   -1.365243   -0.588383   -0.793245   -1.542584   -1.609912   -1.872906   -0.724655   -1.207562    4.719   -5.175    1.902 S_000008
   4 N    78.651 -107.849  -99.490   86.534 -168.566  -66.341  117.924   35.599   90.846  -14.437    0.319711   -1.335154   -0.644530   -0.809945   -1.452561   -1.671578   -1.903949   -0.702403   -1.203110    2.519   -3.781   -0.329 S_000008
   5 P    72.424  137.650   56.831  148.603  -93.510  -48.101  117.072  -38.416  160.114  -79.511    0.317692   -0.137799   -1.481880   -0.772003   -1.111652   -1.907681   -1.926795   -0.703655   -1.211673   -2.131   -0.216    1.163 S_000008
   6 H   -66.305  165.929   64.644   81.634    0.000    0.000   97.234   34.652  100.778  -52.426    0.320800   -1.399180   -0.521185   -0.810446   -1.636692   -1.513597   -1.852689   -0.740700   -1.201325   -1.490   -0.903    6.681 S_000008
SCORE:     0.000         0.000          0          0          1    S_000009
   1 L     0.000  170.307   52.195   80.528 -139.966    0.000   81.836   35.393   97.005  180.000    0.331846   -1.365243   -0.588383   -0.793245   -1.542584   -1.609912   -1.872906   -0.724655   -1.207562    0.987    5.231    6.832 S_000009
   2 P   -90.092  177.940   39.540  104.323 -148.497  -60.615   64.462   19.730   97.462   -6.498    0.376156   -1.090894   -0.996908   -0.853714   -1.297512   -1.852221   -1.939954   -0.709556   -1.189719    1.287    0.227    4.777 S_000009
   3 N   -46.495  177.300   36.634   82.995 -146.118  -64.467   82.887   37.902   92.700 -154.086    0.314776   -1.348477   -0.628206   -0.790359   -1.464172   -1.710628   -1.889120   -0.681013   -1.237128   -4.163   -1.805    3.866 S_000009
   4 N   -89.234  152.007   44.993  124.147  -69.034  -91.673   76.855  -14.275  154.354  158.939    0.433293   -0.649464   -1.302672   -0.845182   -1.308420   -1.804722   -1.934131   -0.666331   -1.208524   -9.319   -0.990    0.868 S_000009
   5 N   159.265 -160.915  171.265   90.421 -127.513  -64.441   72.528   36.483   90.480  -86.625    0.309276   -1.302454   -0.743035   -0.795213   -1.347299   -1.785066   -1.913790   -0.717431   -1.190883   -9.078    1.045   -5.060 S_000009
   6 H    74.518 -119.459 -169.179   78.974    0.000    0.000   68.381   50.264   88.231  179.912    0.329342   -1.427734   -0.442459   -0.572235   -1.412833   -1.638807   -1.759363   -0.699092   -1.227468   -7.081   -1.715   -8.401 S_000009
SCORE:     0.000         0.000          0          1          1    S_000010
   1 H     0.000  170.307   52.195   87.973 -149.044  -74.554   77.805   33.924   94.050   -3.570    0.353751   -1.300644   -0.687096   -0.782577   -1.428492   -1.699246   -1.885049   -0.704817   -1.208370    0.987    5.231    6.832 S_000010
   2 L   -60.259  170.307   52.195   80.528 -139.966    0.000   81.836   35.393   97.005  180.000    0.331846   -1.365243   -0.588383   -0.793245   -1.542584   -1.609912   -1.872906   -0.724655   -1.207562    5.694    2.329    4.239 S_000010
   3 P   -68.808 -170.497   50.041   87.130 -146.576  -88.635  101.089   30.383   96.156   69.902    0.353148   -1.280593   -0.738199   -0.828457   -1.440842   -1.706161   -1.894749   -0.659980   -1.230964    3.231   -1.821    1.917 S_000010
   4 N   -91.516 -173.695   79.761  139.365  -93.494  -66.849  113.752  -36.930  155.002   24.362    0.356828   -0.264138   -1.449060   -0.734494   -1.240422   -1.823257   -1.884857   -0.739833   -1.190925   -0.122   -5.241   -2.905 S_000010
   5 N  -103.396  126.007  -85.494  167.181 -129.753  -69.517   41.482  -24.391  126.589 -169.279    0.324242    0.316385   -1.452517   -0.925325   -0.149527   -2.202136   -1.852637   -0.624642   -1.250379    0.140   -5.876   -8.916 S_000010
   6 H    66.257  119.235   12.842   84.860    0.000    0.000   76.978   27.738  112.795   -8.716    0.338313   -1.374319   -0.571322   -0.873654   -1.683968   -1.451848   -1.883665   -0.748322   -1.179183   -4.221   -2.623   -6.646 S_000010
