SEQUENCE: gaag
SCORE:     score    rna_stub_coord_hack       N_WC      N_NWC       N_BS description
REMARK RNA 
SCORE:     0.107                  0.107          0          0          0    S_000001
   1 H     0.000  170.252   55.279  139.617  -64.455  -57.871  122.140  -32.334  161.821   27.534    0.339228   -0.380930   -1.427342   -0.789282   -1.309719   -1.850957   -1.890868   -0.709111   -1.230885    3.794    0.984    0.238 S_000001
   2 P    11.216  152.230 -153.627  128.666 -154.016  -70.100  -24.281  -19.193  146.398  -19.178    0.402235   -0.569185   -1.356302   -0.844027   -1.298698   -1.840380   -1.957451   -0.703226   -1.203073    3.039    0.719   -4.277 S_000001
   3 P   171.747  153.395  159.041  148.712 -150.900 -143.856  163.298  -31.676  141.216  -34.261    0.335662   -0.099384   -1.482186   -0.823846   -0.920479   -2.044532   -1.934389   -0.708140   -1.198506   -3.194   -2.237   -4.452 S_000001
   4 H   161.604 -106.432   97.284  112.114    0.000    0.000  142.152    7.620  134.238  -12.482    0.408427   -1.051404   -1.049250   -0.920999   -1.432612   -1.708802   -1.954475   -0.622872   -1.227042   -7.550   -7.411   -5.446 S_000001
SCORE:     0.146                  0.146          0          1          0    S_000002
   1 H     0.000  170.252   55.279   83.725 -140.361  -66.337   63.026   38.759   95.308 -128.393    0.306579   -1.381368   -0.558680   -0.774948   -1.521567   -1.625266   -1.846257   -0.677503   -1.242273    3.794    0.984    0.238 S_000002
   2 P    55.935  112.834 -172.771   89.541 -142.585  -97.057  122.527   16.214  128.832   73.631    0.385647   -1.319909   -0.693821   -0.914965   -1.740362   -1.385587   -1.871473   -0.725763   -1.192104    5.235   -3.661   -2.582 S_000002
   3 N  -161.912  144.831  163.138   87.020 -163.361  -72.898   66.879   36.893   92.007  -14.838    0.313333   -1.374187   -0.573869   -0.796398   -1.534179   -1.616031   -1.894495   -0.762736   -1.174099    1.195   -8.065    1.243 S_000002
   4 H   -59.091  166.974   50.439   76.398    0.000    0.000   78.162   40.055   94.468  179.908    0.298683   -1.428555   -0.428933   -0.770817   -1.638134   -1.500089   -1.824898   -0.726167   -1.218234   -2.764  -12.103    2.749 S_000002
SCORE:     0.149                  0.149          0          0          1    S_000003
   1 H     0.000  170.252   55.279   87.917 -127.054  -63.435   63.522   37.294   81.759  -28.116    0.350771   -1.237056   -0.803365   -0.747710   -1.202310   -1.866905   -1.902792   -0.723591   -1.200802    3.794    0.984    0.238 S_000003
   2 P    48.639  156.272 -170.560   85.694 -126.024  -63.331   68.576   30.457  102.847 -168.633    0.324381   -1.341426   -0.639750   -0.853060   -1.574700   -1.586288   -1.909903   -0.747184   -1.176719    5.151   -3.714   -2.743 S_000003
   3 N  -174.783  120.716  177.399  150.472 -127.479 -150.643  -46.738  -38.379  156.036  172.165    0.295515   -0.075973   -1.493365   -0.801078   -1.032701   -1.963612   -1.942754   -0.690149   -1.211052    2.097   -7.860    1.845 S_000003
   4 H   -75.289 -160.327   48.758  120.360    0.000    0.000  125.023  -24.360  149.928  150.296    0.429705   -0.218499   -1.441488   -0.784290   -0.930746   -2.032190   -1.934787   -0.629918   -1.264334   -2.468  -12.819    3.511 S_000003
SCORE:     0.134                  0.134          0          0          1    S_000004
   1 H     0.000  170.252   55.279   80.052 -158.798   -8.000  115.291   36.864   90.502  -17.360    0.303499   -1.386315   -0.565596   -0.811273   -1.550619   -1.605078   -1.903119   -0.764514   -1.177851    3.794    0.984    0.238 S_000004
   2 P    57.480 -158.222  177.639   83.988 -167.491 -112.705  147.518   34.084  101.076  -21.261    0.329310   -1.365774   -0.595955   -0.819119   -1.554870   -1.597779   -1.887754   -0.714223   -1.202531    4.288   -3.457   -1.084 S_000004
   3 N  -172.853 -176.879  154.982   85.334 -152.417  -63.053   65.917   37.285   95.556   72.588    0.310637   -1.342060   -0.627038   -0.796613   -1.444832   -1.678616   -1.872772   -0.654663   -1.228665    0.625   -9.215    0.803 S_000004
   4 H   -69.117  173.920   58.402   80.345    0.000    0.000   71.534   41.015   92.396  -30.680    0.299554   -1.380595   -0.562573   -0.756462   -1.467966   -1.662281   -1.835812   -0.641960   -1.259241   -1.184  -13.942    4.150 S_000004
SCORE:     0.101                  0.101          0          0          0    S_000005
   1 H     0.000  170.252   55.279   75.435 -128.706  -53.162   63.127   39.934   93.462  -21.407    0.312116   -1.409775   -0.480509   -0.761494   -1.575172   -1.557673   -1.841936   -0.724957   -1.213695    3.794    0.984    0.238 S_000005
   2 P    99.465 -106.430  178.007   84.696 -144.329  -62.812   66.804   41.249   85.722 -142.610    0.302748   -1.361835   -0.618904   -0.748603   -1.405431   -1.726472   -1.875966   -0.714622   -1.213284    4.476   -3.115   -1.280 S_000005
   3 P  -172.604  161.126  159.864  155.138 -101.607 -139.360  -48.863  -40.948  155.621   78.591    0.319081    0.026124   -1.484098   -0.731166   -0.944630   -1.986654   -1.887978   -0.700564   -1.211859    1.386   -8.272    1.914 S_000005
   4 H  -142.983  105.561  149.649  133.755    0.000    0.000  109.907  -30.244  144.609  -10.374    0.331417   -0.126768   -1.496289   -0.854359   -0.930007   -2.053132   -1.956414   -0.700840   -1.196935    0.539  -12.295    7.030 S_000005
SCORE:     0.088                  0.088          0          0          0    S_000006
   1 H     0.000  170.252   55.279  143.035 -121.625  -43.733  108.425  -34.623  155.139   24.309    0.327227   -0.242082   -1.475964   -0.811943   -1.173587   -1.894268   -1.945042   -0.751556   -1.170554    3.794    0.984    0.238 S_000006
   2 N   108.508 -176.322  149.924  149.884 -141.669  -82.151   91.714  -37.590  153.199   -4.148    0.314158   -0.097371   -1.491985   -0.784798   -1.043807   -1.970423   -1.924289   -0.726976   -1.191690    3.920   -1.662   -4.769 S_000006
   3 P  -170.283  161.190 -176.306  140.990 -163.860 -102.059  133.153  -32.306  149.951  165.152    0.350717   -0.168927   -1.477787   -0.803819   -1.029144   -1.981828   -1.933928   -0.657356   -1.225843   -2.659   -3.469   -6.445 S_000006
   4 H   -67.496  172.720   60.654   83.919    0.000    0.000   72.741   38.191   93.825  -16.235    0.306744   -1.369572   -0.593020   -0.783700   -1.492485   -1.654112   -1.884328   -0.713999   -1.211563   -8.446   -5.753   -5.208 S_000006
SCORE:     0.105                  0.105          0          1          0    S_000007
   1 H     0.000  170.252   55.279   80.052 -158.798   -8.000  115.291   36.864   90.502  -17.360    0.303499   -1.386315   -0.565596   -0.811273   -1.550619   -1.605078   -1.903119   -0.764514   -1.177851    3.794    0.984    0.238 S_000007
   2 P    61.624 -141.782 -174.413  146.420 -158.775 -155.643  149.108  -35.909  158.099  -48.095    0.343332   -0.217723   -1.469254   -0.774158   -1.168908   -1.890695   -1.927117   -0.730541   -1.197048    4.244   -3.186   -0.861 S_000007
   3 P   175.092 -102.372 -175.903   92.378 -139.805  -55.656  -27.979   21.886  117.369    2.866    0.348707   -1.360588   -0.670816   -0.921158   -1.749262   -1.487993   -1.905244   -0.758322   -1.157865    1.734   -7.905    3.690 S_000007
   4 H  -155.081  148.813  146.022   88.590    0.000    0.000   60.994   35.254   88.201  -22.456    0.341670   -1.294167   -0.736211   -0.788730   -1.354563   -1.768936   -1.916285   -0.702456   -1.209098   -1.400  -12.383    7.500 S_000007
SCORE:     0.126                  0.126          0          0          0    S_000008
   1 H     0.000  170.252   55.279   85.341 -165.704   44.991   90.069   34.382   93.752  -15.417    0.325803   -1.358149   -0.611152   -0.807437   -1.536041   -1.613853   -1.901541   -0.753835   -1.171795    3.794    0.984    0.238 S_000008
   2 P   -33.122 -159.568  151.000  146.506 -145.092 -142.672   79.190  -33.668  154.217 -117.811    0.333818   -0.171529   -1.475823   -0.812366   -1.061031   -1.950460   -1.939960   -0.691146   -1.196381    2.887   -3.175   -2.370 S_000008
   3 P   128.117 -166.032 -161.321   92.406 -136.225  -61.884   63.110   41.031   87.902  -22.327    0.260237   -1.335023   -0.702115   -0.796889   -1.321722   -1.803111   -1.925782   -0.646661   -1.246176    0.369   -9.158    0.320 S_000008
   4 H    73.270   99.872 -175.110   81.787    0.000    0.000   63.210   39.221   91.877  -18.425    0.311342   -1.374177   -0.581924   -0.767776   -1.494856   -1.666009   -1.869302   -0.712976   -1.224038    1.083  -11.988    5.281 S_000008
SCORE:     0.101                  0.101          0          0          0    S_000009
   1 H     0.000  170.252   55.279  151.226  -94.055  -19.049   81.060  -32.087  141.248 -124.772    0.345654    0.002973   -1.485773   -0.809317   -0.789450   -2.109197   -1.913442   -0.661924   -1.228602    3.794    0.984    0.238 S_000009
   2 P    61.624 -141.782 -174.413  146.420 -158.775 -155.643  149.108  -35.909  158.099  -48.095    0.343332   -0.217723   -1.469254   -0.774158   -1.168908   -1.890695   -1.927117   -0.730541   -1.197048    2.722    0.807   -3.319 S_000009
   3 P   154.785  148.880   62.755  143.221 -118.428  172.337   94.118  -32.342  157.772   32.106    0.346938   -0.351961   -1.445871   -0.812180   -1.268003   -1.828910   -1.947184   -0.738139   -1.184255   -3.975    0.529   -6.330 S_000009
   4 H   -68.200  166.310   58.938   81.010    0.000    0.000   83.921   38.414   93.710  -72.975    0.307635   -1.392227   -0.541660   -0.783966   -1.547719   -1.602799   -1.862096   -0.710527   -1.218296   -9.060   -2.171   -8.502 S_000009
SCORE:     0.140                  0.140          0          0          1    S_000010
   1 H     0.000  170.252   55.279   82.853 -127.059  -75.173   58.992   32.256  101.075  -25.078    0.357281   -1.345246   -0.614587   -0.800699   -1.559583   -1.591399   -1.870660   -0.727137   -1.199513    3.794    0.984    0.238 S_000010
   2 P    64.177   97.866 -178.075   82.626 -146.334  -68.360   75.960   40.173   88.739 -173.698    0.303958   -1.374682   -0.578639   -0.764957   -1.468170   -1.670665   -1.871656   -0.701487   -1.223753    4.435   -3.496   -3.138 S_000010
   3 N  -174.783  120.716  177.399  150.472 -127.479 -150.643  -46.738  -38.379  156.036  172.165    0.295515   -0.075973   -1.493365   -0.801078   -1.032701   -1.963612   -1.942754   -0.690149   -1.211052    1.882   -8.461    0.978 S_000010
   4 H   -63.101  179.146   50.571   76.876    0.000    0.000   79.341   36.562  102.431  -18.950    0.301728   -1.440249   -0.398014   -0.817338   -1.726970   -1.404167   -1.832931   -0.756337   -1.197970   -3.442  -11.637    3.576 S_000010
