SEQUENCE: gaaaaaaag
SCORE:     score    rna_stub_coord_hack       N_WC      N_NWC       N_BS description
REMARK RNA 
SCORE:     0.563                  0.563          0          0          0    S_000001
   1 H     0.000  170.252   55.279   94.751 -156.955  -63.885   87.909   36.657   82.245  -18.947    0.342701   -1.207034   -0.863654   -0.765139   -1.130487   -1.909080   -1.915445   -0.689710   -1.217357    3.794    0.984    0.238 S_000001
   2 N    72.777  152.958   42.398  144.047 -127.566  143.787  162.248  -29.028  147.985   42.309    0.362590   -0.190379   -1.469450   -0.819125   -0.987677   -2.010081   -1.940729   -0.628984   -1.240960    6.865   -3.594   -2.218 S_000001
   3 N   167.952 -167.959  154.203  145.211 -155.376 -167.633   19.536  -32.174  148.043  -55.599    0.332777   -0.133501   -1.484945   -0.828850   -0.980089   -2.013944   -1.953344   -0.695714   -1.205944   11.087   -6.875    1.962 S_000001
   4 N   160.146  156.670 -170.992   82.057 -114.083  -62.798  129.978   36.854  103.634  173.695    0.298107   -1.411685   -0.493681   -0.817174   -1.623318   -1.519820   -1.825245   -0.666513   -1.249983   13.052  -10.988    7.677 S_000001
   5 P   -58.195 -173.700   65.002   87.502  141.529  -88.269  128.525   31.270   99.276   43.092    0.359309   -1.274219   -0.763328   -0.807371   -1.398220   -1.741787   -1.903605   -0.672719   -1.223619   17.197  -13.720   11.501 S_000001
   6 P   -58.237  178.985   40.885   83.969 -157.026  -61.925   87.242   31.330   95.523  -18.591    0.361657   -1.332458   -0.649760   -0.795890   -1.547032   -1.614865   -1.885099   -0.773792   -1.168488   18.630  -16.866   15.531 S_000001
   7 P  -126.179  138.940  177.602  128.870 -175.447  -84.014   96.666  -24.675  144.399   34.291    0.429508   -0.180220   -1.458434   -0.791134   -0.883354   -2.050890   -1.911737   -0.664996   -1.226029   21.809  -21.841   17.614 S_000001
   8 P   155.560  161.070 -178.457   84.276 -122.408  -98.195   69.445   34.862   99.023  -17.493    0.336436   -1.355400   -0.607953   -0.795993   -1.522882   -1.622071   -1.870210   -0.689281   -1.222321   21.921  -28.414   19.329 S_000001
   9 H   -68.390  178.646   52.160   83.552    0.000    0.000   73.043   35.094   95.984  179.902    0.336453   -1.350112   -0.623358   -0.791391   -1.508357   -1.645501   -1.880333   -0.707437   -1.213598   23.117  -34.445   22.087 S_000001
SCORE:     0.562                  0.562          0          0          0    S_000002
   1 H     0.000  170.252   55.279   76.207 -148.055  -64.021   81.210   41.321   89.116 -159.508    0.296871   -1.419480   -0.456853   -0.758949   -1.567010   -1.546217   -1.845312   -0.739726   -1.199500    3.794    0.984    0.238 S_000002
   2 N   145.773  172.405   39.018   87.136  116.771   81.107  123.723  -30.437  146.821  179.897    0.433154   -0.185975   -1.439908   -0.728072   -1.023386   -1.978354   -1.882722   -0.691857   -1.223552    7.142   -3.425   -3.391 S_000002
   3 P   146.615 -167.000 -169.815   82.470 -132.725  -70.289   71.708   40.712   88.644   81.510    0.299093   -1.387817   -0.540911   -0.761575   -1.502633   -1.637962   -1.858264   -0.706118   -1.223254   10.460   -3.490    2.730 S_000002
   4 P   -41.221 -170.897   61.729   83.324 -155.282  -64.710   75.018   38.591   92.149  179.464    0.318509   -1.363544   -0.597664   -0.766451   -1.471509   -1.665608   -1.862521   -0.682661   -1.233100   14.031   -4.160    7.799 S_000002
   5 P  -176.305  137.307  171.043   85.565 -130.646 -105.768   74.681   34.485   99.287   -2.152    0.332425   -1.340365   -0.638706   -0.805513   -1.489131   -1.649123   -1.873865   -0.673556   -1.222220   19.362   -6.991   11.044 S_000002
   6 P   152.375  142.031   64.415  148.128 -115.647  144.438   99.872  -37.298  156.734  -84.147    0.331499   -0.157245   -1.479366   -0.767945   -1.115352   -1.917667   -1.916635   -0.734444   -1.191645   25.704  -10.426   12.094 S_000002
   7 P  -173.910 -150.992  149.500  127.998 -128.911 -142.558   91.482   -6.193  136.127   15.787    0.408280   -0.788743   -1.262842   -0.923571   -1.317920   -1.806812   -1.984235   -0.740556   -1.116661   29.394  -14.527   16.027 S_000002
   8 N   175.955  162.698   52.686  156.851  -87.871  145.742  108.849  -43.567  155.528  -50.089    0.284062    0.107216   -1.494132   -0.739501   -0.895252   -2.027086   -1.878627   -0.742814   -1.196508   32.159  -20.751   18.775 S_000002
   9 H    85.063  176.975   50.382   88.231    0.000    0.000   48.584   38.507   85.518 -132.748    0.326776   -1.293001   -0.728814   -0.761786   -1.296852   -1.806515   -1.901237   -0.698627   -1.213540   36.788  -24.710   20.759 S_000002
SCORE:     0.628                  0.628          0          0          2    S_000003
   1 H     0.000  170.252   55.279   77.006 -162.493  -72.742   65.437   46.499   90.208  179.869    0.217015   -1.459681   -0.426209   -0.761465   -1.579812   -1.593259   -1.802944   -0.692827   -1.242518    3.794    0.984    0.238 S_000003
   2 P    62.279 -130.008 -162.248   77.049 -150.054  -46.426   96.936   38.607   98.741 -145.886    0.309107   -1.417401   -0.460497   -0.778115   -1.628124   -1.512325   -1.800025   -0.681054   -1.251645    7.987   -1.193   -1.028 S_000003
   3 P   -68.507  174.275   47.700   82.289 -140.309 -133.125   78.364   42.547   88.148  168.279    0.336063   -1.372691   -0.567201   -0.685355   -1.433233   -1.687619   -1.815471   -0.701219   -1.237733   11.074   -3.413    3.401 S_000003
   4 P  -126.179  138.940  177.602  128.870 -175.447  -84.014   96.666  -24.675  144.399   34.291    0.429508   -0.180220   -1.458434   -0.791134   -0.883354   -2.050890   -1.911737   -0.664996   -1.226029   14.082   -8.382    6.876 S_000003
   5 P  -170.614  171.306  161.607   77.746 -114.502  -71.913   54.684   36.491   93.399  130.410    0.335231   -1.349746   -0.596634   -0.776451   -1.492991   -1.635436   -1.852206   -0.684802   -1.215519   19.463  -10.965   10.078 S_000003
   6 N  -166.894  112.389   43.425  139.144  -93.797  169.401  110.119  -36.534  157.292  -64.107    0.358303   -0.428822   -1.410188   -0.754876   -1.434866   -1.649973   -1.895696   -0.801075   -1.141606   24.832  -15.198   10.956 S_000003
   7 P   101.545 -166.544 -165.818  126.065 -162.988  -99.544   98.876  -15.674  141.015 -159.461    0.397392   -0.610821   -1.338979   -0.860837   -1.287097   -1.866209   -1.963161   -0.695831   -1.206560   27.360  -18.770   16.105 S_000003
   8 N   -50.235  165.000   42.481   85.494 -169.291  -81.228  136.938   35.785   93.671  176.304    0.340408   -1.309340   -0.691579   -0.779654   -1.394478   -1.728634   -1.883409   -0.656694   -1.231337   31.721  -20.850   19.748 S_000003
   9 H   -76.164  157.063   75.770   77.968    0.000    0.000   67.979   40.258   92.619  179.907    0.291330   -1.429551   -0.451385   -0.772381   -1.619815   -1.524168   -1.849157   -0.756718   -1.196682   35.639  -21.311   24.106 S_000003
SCORE:     0.642                  0.642          0          0          2    S_000004
   1 H     0.000  170.252   55.279   80.119 -150.313  -70.510   72.330   40.048   94.262  -31.715    0.289277   -1.421635   -0.454800   -0.780365   -1.611269   -1.527371   -1.839812   -0.725764   -1.217689    3.794    0.984    0.238 S_000004
   2 N    38.576 -128.029  162.452  144.023 -112.117 -179.934   98.135  -33.893  155.529   33.016    0.341529   -0.304296   -1.446604   -0.793318   -1.233034   -1.834134   -1.932932   -0.716435   -1.188409    7.896   -1.444   -1.437 S_000004
   3 P   154.408 -167.309  177.533   85.213 -130.497  -58.639   65.374   37.930   89.645  -25.428    0.314460   -1.365339   -0.594367   -0.782285   -1.489040   -1.654516   -1.884229   -0.716751   -1.205193   13.409   -4.382    2.018 S_000004
   4 P  -136.188  147.408  170.784   84.536 -136.102  -73.016   76.513   39.583   86.659  179.914    0.336335   -1.326095   -0.664039   -0.729869   -1.374732   -1.758977   -1.869372   -0.707693   -1.223661   16.826   -8.097    6.188 S_000004
   5 P  -160.735  100.475  166.098   97.494 -163.393  -34.671 -110.841   11.829  136.337   95.290    0.410971   -1.179243   -0.881078   -0.901230   -1.567988   -1.552099   -1.903237   -0.668675   -1.192323   21.468  -12.647    8.325 S_000004
   6 N   -72.611 -175.292   47.588   80.293 -166.756  -91.353  111.062   42.270   81.066  179.938    0.325671   -1.339765   -0.646182   -0.704063   -1.347885   -1.772405   -1.865620   -0.708321   -1.234725   25.773  -14.951   11.448 S_000004
   7 P   -57.483  154.983   59.850   79.268 -121.099 -137.632   69.762   42.189   89.103  -77.614    0.305757   -1.414829   -0.439548   -0.728015   -1.574660   -1.542179   -1.824099   -0.738259   -1.208033   29.155  -17.351   15.491 S_000004
   8 P   -52.323  144.216   48.940   84.764 -159.489  -51.005  113.037   38.026   89.069  179.914    0.313970   -1.333925   -0.658706   -0.782534   -1.406070   -1.726894   -1.891791   -0.676847   -1.232235   32.653  -20.693   19.533 S_000004
   9 H   167.276 -166.891  173.250   84.105    0.000    0.000   57.083   37.087   92.062  -23.115    0.321910   -1.357529   -0.612988   -0.784342   -1.483096   -1.662261   -1.882208   -0.703800   -1.215765   30.672  -24.379   24.379 S_000004
SCORE:     0.575                  0.575          0          1          2    S_000005
   1 H     0.000  170.252   55.279  105.352 -133.109  -87.647   61.183   11.996  110.334   11.252    0.410119   -1.055409   -1.012790   -0.853011   -1.409802   -1.773230   -1.929215   -0.728321   -1.185254    3.794    0.984    0.238 S_000005
   2 N    49.639 -159.440  159.788  144.876 -102.544  -63.295  105.017  -30.863  142.775   18.845    0.336435   -0.117476   -1.491101   -0.838819   -0.928304   -2.039333   -1.942887   -0.708650   -1.190227    7.510   -2.794   -2.456 S_000005
   3 P   -58.446 -149.202   68.661  151.517  -94.388 -167.491  158.879  -36.566  157.616   66.657    0.314545   -0.058212   -1.465433   -0.758064   -0.951472   -2.024794   -1.934304   -0.600686   -1.266513    7.469   -7.446    2.032 S_000005
   4 P   156.757 -162.758  169.525   85.477   88.309   70.721   98.460   24.669  112.096   50.338    0.374471   -1.259777   -0.773805   -0.849735   -1.500510   -1.649134   -1.912316   -0.692393   -1.208159    8.910  -13.618    5.385 S_000005
   5 P    43.877 -163.863  -80.627   84.363 -150.733  -29.717  -97.991   33.342  101.145  -24.545    0.329969   -1.369232   -0.585465   -0.819999   -1.585092   -1.571911   -1.890673   -0.735415   -1.194460   10.450  -19.088    6.791 S_000005
   6 P   -81.248  -79.124  -92.533   88.944 -152.100  -67.094  117.492   30.846  100.925  -15.253    0.333938   -1.334217   -0.674318   -0.849778   -1.523527   -1.630599   -1.925251   -0.726065   -1.180197    9.484  -23.828   10.881 S_000005
   7 N   -50.235  165.000   42.481   85.494 -169.291  -81.228  136.938   35.785   93.671  176.304    0.340408   -1.309340   -0.691579   -0.779654   -1.394478   -1.728634   -1.883409   -0.656694   -1.231337   10.601  -27.412   15.280 S_000005
   8 P  -172.604  161.126  159.864  155.138 -101.607 -139.360  -48.863  -40.948  155.621   78.591    0.319081    0.026124   -1.484098   -0.731166   -0.944630   -1.986654   -1.887978   -0.700564   -1.211859   13.796  -32.665   18.268 S_000005
   9 H   -66.162  167.471   54.557   78.776    0.000    0.000   78.339   43.191   93.442  179.896    0.246435   -1.427444   -0.484189   -0.789402   -1.532755   -1.606907   -1.851383   -0.666423   -1.263128   14.456  -38.914   20.747 S_000005
SCORE:     0.521                  0.521          0          1          2    S_000006
   1 H     0.000  170.252   55.279   82.027 -163.566  -73.267   74.665   37.394   99.392  179.916    0.323289   -1.385255   -0.546127   -0.774985   -1.558564   -1.591235   -1.851359   -0.704475   -1.231375    3.794    0.984    0.238 S_000006
   2 P   156.757 -162.758  169.525   85.477   88.309   70.721   98.460   24.669  112.096   50.338    0.374471   -1.259777   -0.773805   -0.849735   -1.500510   -1.649134   -1.912316   -0.692393   -1.208159    8.252   -2.706   -2.687 S_000006
   3 P   -49.805 -179.338   53.666   75.225 -167.869  -83.164   83.533   35.741  101.767  -29.149    0.303752   -1.459877   -0.336373   -0.821984   -1.807150   -1.313018   -1.855208   -0.850698   -1.128122   11.261   -7.326   -1.713 S_000006
   4 P   -57.485  160.139   75.855  150.070 -129.358 -140.723  124.656  -40.385  156.749  145.069    0.321419   -0.067867   -1.491898   -0.742948   -1.064012   -1.946365   -1.896169   -0.757348   -1.185391   14.774   -9.956    2.040 S_000006
   5 P   -71.448  167.831   64.338   75.659 -152.634  -61.497   68.239   40.733   98.875  -28.946    0.268744   -1.468542   -0.294340   -0.795920   -1.760770   -1.349875   -1.796140   -0.762462   -1.201882   17.818  -15.440    4.380 S_000006
   6 N  -174.783  120.716  177.399  150.472 -127.479 -150.643  -46.738  -38.379  156.036  172.165    0.295515   -0.075973   -1.493365   -0.801078   -1.032701   -1.963612   -1.942754   -0.690149   -1.211052   22.078  -18.287    8.925 S_000006
   7 N  -178.810  153.055  135.770  106.704 -138.327 -112.358  127.377   22.478   87.323  -11.418    0.409131   -0.973460   -1.098711   -0.809248   -1.028300   -2.013690   -1.923910   -0.665663   -1.225656   23.837  -23.279   13.900 S_000006
   8 P   139.421   99.903  167.645   88.729 -152.217  -69.641   88.735   35.678   89.523  177.526    0.326064   -1.301859   -0.702283   -0.796219   -1.383460   -1.739469   -1.902064   -0.690550   -1.208633   26.750  -26.056   19.889 S_000006
   9 H   -50.943  174.838   51.619   85.575    0.000    0.000   79.096   32.681   98.179 -170.055    0.356951   -1.313331   -0.678278   -0.789660   -1.481144   -1.672286   -1.887713   -0.722279   -1.203048   30.136  -27.504   24.615 S_000006
SCORE:     0.585                  0.585          0          0          2    S_000007
   1 H     0.000  170.252   55.279   76.210 -164.841  -64.744   82.226   41.167   92.561  -20.480    0.284693   -1.439037   -0.400496   -0.774486   -1.650313   -1.487804   -1.842896   -0.758600   -1.196609    3.794    0.984    0.238 S_000007
   2 P   -67.017  113.540   57.454   83.644  179.358  -79.834  106.501   42.419   84.814  -76.465    0.302066   -1.367597   -0.584918   -0.727394   -1.419377   -1.706315   -1.851894   -0.680266   -1.246100    8.159   -0.137   -1.279 S_000007
   3 N   -71.861 -162.868   47.562   79.563 -146.440  -76.705   84.499   38.786   94.223 -172.309    0.302450   -1.411636   -0.484748   -0.784571   -1.600036   -1.542712   -1.860982   -0.744499   -1.196660   12.334   -2.278    2.883 S_000007
   4 P  -107.482   87.708  170.289   85.388 -143.551  -50.124   59.353   32.890   97.715  -10.667    0.345255   -1.322462   -0.672137   -0.806763   -1.487796   -1.668591   -1.895264   -0.707545   -1.212270   15.548   -6.252    5.554 S_000007
   5 P  -150.263  137.150  162.005   85.519 -143.757  -61.655   64.628   39.702   84.506   99.951    0.295141   -1.332554   -0.685537   -0.782837   -1.333764   -1.762805   -1.900101   -0.686617   -1.207950   20.769   -8.015    9.041 S_000007
   6 P   178.363  159.803  161.213   89.497 -120.228  -82.484   60.039   35.920   90.861  -15.525    0.335843   -1.293218   -0.723787   -0.781309   -1.358486   -1.768889   -1.909203   -0.706088   -1.208672   25.353  -10.435   13.456 S_000007
   7 P   -56.713  169.563   63.733  130.198 -145.747 -165.607  105.706  -22.591  147.628  165.119    0.387195   -0.481632   -1.393214   -0.841539   -1.246218   -1.866122   -1.947955   -0.671518   -1.217400   27.783  -14.361   17.819 S_000007
   8 N   154.001 -151.352 -179.891   82.407 -120.265  -97.432   73.456   36.108   93.428  -28.641    0.344713   -1.332998   -0.644622   -0.766566   -1.453473   -1.682803   -1.865678   -0.702813   -1.218244   29.838  -19.553   22.278 S_000007
   9 H  -170.244  131.383  165.435   90.056    0.000    0.000   76.066   29.020   90.863  -13.154    0.410567   -1.224086   -0.810124   -0.766087   -1.359641   -1.768725   -1.883837   -0.721782   -1.191835   34.087  -24.657   24.933 S_000007
SCORE:     0.555                  0.555          0          1          1    S_000008
   1 H     0.000  170.252   55.279   76.341 -159.475  -61.972   79.694   41.709   91.478  179.920    0.269315   -1.448962   -0.384745   -0.782214   -1.663289   -1.475451   -1.841557   -0.756933   -1.199945    3.794    0.984    0.238 S_000008
   2 P    95.878 -115.821 -117.553   82.515 -117.974  -73.910   64.840   42.306   78.463  116.316    0.272736   -1.374226   -0.593964   -0.768652   -1.391737   -1.698045   -1.888917   -0.718649   -1.193880    6.751   -2.516   -0.904 S_000008
   3 P   -39.132 -128.014  178.683  148.423 -128.491 -161.176   82.490  -39.164  159.768  138.907    0.324895   -0.118877   -1.481124   -0.753142   -1.105909   -1.924168   -1.915263   -0.709937   -1.216600   12.577   -5.236   -0.091 S_000008
   4 N  -148.162  164.915  118.385  145.355 -109.323 -178.043  158.161  -25.949  134.973  153.436    0.357113   -0.162484   -1.477571   -0.854725   -0.883260   -2.080780   -1.943630   -0.688761   -1.201220   16.936   -9.759    3.172 S_000008
   5 P   125.768 -105.306  169.753   81.145 -100.725  -81.504   40.903   36.400   94.734 -131.059    0.364933   -1.321374   -0.642232   -0.736759   -1.442847   -1.689817   -1.849248   -0.675936   -1.222871   21.641  -13.639    5.547 S_000008
   6 P  -158.923 -141.446  162.702  100.700  -88.184  158.351   73.887   18.166  127.401   -7.377    0.357610   -1.274184   -0.786321   -0.944763   -1.598443   -1.534767   -1.925618   -0.663363   -1.197355   22.790  -17.808   10.690 S_000008
   7 P   164.488 -114.005 -156.984   84.693 -175.807  -69.979   51.748   34.903   98.384  -74.143    0.334074   -1.360844   -0.599996   -0.791179   -1.546085   -1.615586   -1.873725   -0.716463   -1.216816   27.004  -22.027   13.967 S_000008
   8 P  -171.510 -160.167  156.136   84.046 -119.410  -63.365   59.822   34.711   91.749  -11.706    0.354001   -1.299992   -0.690561   -0.773980   -1.410272   -1.715421   -1.888472   -0.697992   -1.212238   31.404  -24.968   17.898 S_000008
   9 H   -87.885  168.859   77.714   80.929    0.000    0.000   78.725   38.928   92.087   90.959    0.324362   -1.357591   -0.606784   -0.760874   -1.443315   -1.680515   -1.850395   -0.657247   -1.245019   36.488  -28.568   19.045 S_000008
SCORE:     0.478                  0.478          0          0          1    S_000009
   1 H     0.000  170.252   55.279   83.688 -163.987  -68.521   73.405   32.909  100.478 -170.046    0.334692   -1.376312   -0.568899   -0.818586   -1.616279   -1.547479   -1.892462   -0.766870   -1.173971    3.794    0.984    0.238 S_000009
   2 P    57.480 -158.222  177.639   83.988 -167.491 -112.705  147.518   34.084  101.076  -21.261    0.329310   -1.365774   -0.595955   -0.819119   -1.554870   -1.597779   -1.887754   -0.714223   -1.202531    8.081   -1.954   -1.085 S_000009
   3 P    69.147  168.508  -47.744  150.543 -148.343 -142.366  171.938  -32.034  145.911   71.933    0.339556   -0.069758   -1.491340   -0.820604   -0.887048   -2.048544   -1.926939   -0.666372   -1.215392   11.932   -5.978    2.016 S_000009
   4 P   152.375  142.031   64.415  148.128 -115.647  144.438   99.872  -37.298  156.734  -84.147    0.331499   -0.157245   -1.479366   -0.767945   -1.115352   -1.917667   -1.916635   -0.734444   -1.191645   14.160  -12.774    3.835 S_000009
   5 N   101.183  179.395 -136.007   88.364 -113.672 -109.671   76.548   31.386   96.188  179.898    0.376241   -1.268439   -0.751079   -0.780356   -1.411094   -1.739953   -1.889926   -0.708547   -1.214104   17.866  -17.323    6.716 S_000009
   6 N  -107.644  175.426   82.093   87.681 -132.813 -122.073   86.572   32.723   97.857  -95.521    0.410239   -1.228386   -0.684488   -0.690658   -1.412545   -1.699422   -1.794320   -0.657205   -1.253733   20.727  -19.083   12.932 S_000009
   7 P    70.071  166.627   76.481  149.942 -116.503 -179.608  101.181  -39.177  161.116   29.099    0.300194   -0.164801   -1.482018   -0.777516   -1.159843   -1.889954   -1.931766   -0.730120   -1.194241   26.282  -18.489   16.794 S_000009
   8 P   156.514 -176.414  170.719   82.712 -127.414  -75.307   65.799   40.084   89.848  -23.980    0.315304   -1.369360   -0.582570   -0.750143   -1.465773   -1.674744   -1.866737   -0.719037   -1.215051   29.810  -22.864   21.233 S_000009
   9 H   -62.718  175.453   49.453   77.242    0.000    0.000   83.680   41.458   89.030 -149.086    0.300802   -1.407640   -0.484381   -0.747724   -1.550803   -1.585171   -1.838165   -0.709424   -1.228227   31.600  -27.437   25.282 S_000009
SCORE:     0.440                  0.440          0          0          1    S_000010
   1 H     0.000  170.252   55.279   79.831 -152.275  -73.731   81.367   45.697   85.294  164.323    0.198219   -1.460666   -0.368897   -0.804056   -1.628090   -1.522667   -1.889065   -0.790213   -1.178794    3.794    0.984    0.238 S_000010
   2 N    28.522 -133.984  170.841   89.647 -178.292 -175.648   87.955   26.597  110.152  -77.130    0.353862   -1.310972   -0.717046   -0.871814   -1.546508   -1.610084   -1.925550   -0.717008   -1.183902    8.230   -1.127   -1.695 S_000010
   3 N    56.904  146.090  -76.919  156.695 -160.150 -173.923  104.986  -34.562  143.238  -23.564    0.324447    0.078710   -1.492600   -0.805727   -0.735040   -2.115119   -1.911687   -0.631310   -1.242141   12.285   -5.788    0.874 S_000010
   4 P    90.227 -127.081 -150.713   82.253 -129.424  -73.849  -50.286   33.603   97.534  -21.932    0.334435   -1.349293   -0.630402   -0.817321   -1.524796   -1.630139   -1.895620   -0.723409   -1.203148   16.324   -9.350    3.545 S_000010
   5 P   -58.139 -157.673   47.097  137.273 -121.019 -162.787  123.042  -30.005  146.949   90.282    0.362862   -0.328184   -1.452129   -0.810759   -1.192878   -1.901264   -1.935428   -0.771670   -1.158457   20.763  -14.065    4.792 S_000010
   6 P   -67.267  167.131   48.228   81.926 -148.552  -81.901   79.023   32.484  102.032 -120.115    0.349917   -1.351684   -0.609945   -0.804741   -1.572321   -1.591491   -1.875193   -0.733824   -1.202812   24.657  -18.623    7.360 S_000010
   7 N  -173.868 -178.616  179.685   86.902 -146.045  -72.431   81.778   39.756   88.577  -12.629    0.302540   -1.355778   -0.621490   -0.770300   -1.422934   -1.707921   -1.886028   -0.702878   -1.216575   28.543  -20.191   12.906 S_000010
   8 N  -174.783  120.716  177.399  150.472 -127.479 -150.643  -46.738  -38.379  156.036  172.165    0.295515   -0.075973   -1.493365   -0.801078   -1.032701   -1.963612   -1.942754   -0.690149   -1.211052   31.528  -22.292   18.845 S_000010
   9 H   -67.194 -177.770   37.573   76.125    0.000    0.000   82.347   39.831   94.796  -17.870    0.297949   -1.414614   -0.471344   -0.775718   -1.586866   -1.540761   -1.838910   -0.718612   -1.213867   34.433  -27.247   22.436 S_000010
