SEQUENCE: gaaaaaag
SCORE:     score    rna_stub_coord_hack       N_WC      N_NWC       N_BS description
REMARK RNA 
SCORE:     0.260                  0.260          0          1          1    S_000001
   1 H     0.000  170.252   55.279   76.952 -144.939  -75.862   69.438   40.843   92.619  -23.013    0.288794   -1.432837   -0.426919   -0.774425   -1.633564   -1.514415   -1.841578   -0.741862   -1.213594    3.794    0.984    0.238 S_000001
   2 P   137.238 -162.011  170.414   77.083 -119.762  -84.658   73.087   41.820   87.462 -160.497    0.298464   -1.398778   -0.505636   -0.747356   -1.513239   -1.613197   -1.841912   -0.717065   -1.217667    7.174   -3.292   -3.096 S_000001
   3 P  -179.293  130.146  140.124   79.152 -109.669 -101.744   49.690   30.942  107.568  -23.635    0.368515   -1.349301   -0.601626   -0.802370   -1.594846   -1.554049   -1.845816   -0.700267   -1.223266    6.611   -9.893   -5.658 S_000001
   4 P  -158.951 -177.382  165.165   83.505 -166.970  -49.803   88.312   28.748  117.649  -22.000    0.343573   -1.375312   -0.575177   -0.864358   -1.654732   -1.472597   -1.841770   -0.676251   -1.224860    2.228  -15.519   -4.886 S_000001
   5 P   -78.868  167.798   83.401   76.627 -155.813  -94.543  100.575   38.523   98.136  -30.394    0.299144   -1.414359   -0.476200   -0.789731   -1.615623   -1.527673   -1.849175   -0.734743   -1.210590   -0.617  -20.128   -2.994 S_000001
   6 P  -150.263  137.150  162.005   85.519 -143.757  -61.655   64.628   39.702   84.506   99.951    0.295141   -1.332554   -0.685537   -0.782837   -1.333764   -1.762805   -1.900101   -0.686617   -1.207950   -4.005  -25.688   -0.790 S_000001
   7 N  -149.449  161.904  169.889   81.813 -145.400  -65.994  120.751   29.215  116.975    7.240    0.321253   -1.415703   -0.497345   -0.892978   -1.732380   -1.385977   -1.824266   -0.691127   -1.230135   -7.284  -31.033    1.596 S_000001
   8 H   -69.460  173.393   57.409   75.784    0.000    0.000   72.989   46.849   85.680  179.879    0.240636   -1.445169   -0.417080   -0.738510   -1.525000   -1.583774   -1.831792   -0.695979   -1.232024   -9.512  -36.110    4.291 S_000001
SCORE:     0.224                  0.224          0          0          1    S_000002
   1 H     0.000  170.252   55.279   90.941 -151.306   71.013   68.901   30.446  102.888 -101.134    0.358833   -1.317359   -0.669579   -0.815547   -1.521498   -1.621194   -1.894205   -0.717362   -1.194970    3.794    0.984    0.238 S_000002
   2 P  -107.835   71.747 -178.613   91.382 -121.513  -50.179   48.726   37.184   87.401  -24.471    0.318148   -1.314045   -0.691793   -0.789955   -1.371271   -1.748297   -1.913015   -0.708175   -1.202782    2.654   -1.941   -2.315 S_000002
   3 P   -82.452  165.219   49.925   89.089 -153.628 -169.820  129.314   36.571   91.588 -173.755    0.329137   -1.311955   -0.693513   -0.781257   -1.382682   -1.740888   -1.890437   -0.665389   -1.232810   -0.722   -6.878   -2.210 S_000002
   4 P    97.044 -159.469  179.707  155.744  -97.613 -167.920  -41.320  -40.876  161.823 -176.176    0.303889   -0.071282   -1.489084   -0.757469   -1.076729   -1.923939   -1.915183   -0.715022   -1.208509   -3.796  -12.129   -4.934 S_000002
   5 P    62.159  178.988 -170.619  149.965 -103.312 -145.757  126.991  -39.736  164.357  173.689    0.323159   -0.192725   -1.473024   -0.749767   -1.208730   -1.842314   -1.917217   -0.720585   -1.212069   -7.596  -17.819   -4.889 S_000002
   6 N  -108.501  109.143  136.134   75.216 -161.641  -65.319   58.354   43.308   94.704  -30.216    0.228707   -1.468780   -0.337643   -0.800482   -1.688991   -1.439407   -1.819122   -0.728875   -1.218763  -10.538  -23.175   -5.068 S_000002
   7 P   145.178 -156.034 -172.353   84.988 -133.611  -72.916   57.863   38.515   89.648  -30.107    0.312455   -1.350548   -0.616806   -0.776444   -1.446986   -1.689238   -1.877180   -0.694361   -1.217785  -12.316  -28.832   -3.247 S_000002
   8 H   -61.376 -179.632   42.567   79.011    0.000    0.000   96.752   38.713   89.207  -19.425    0.305027   -1.395099   -0.538150   -0.780689   -1.554209   -1.604851   -1.892459   -0.788691   -1.175966  -15.349  -33.351    0.043 S_000002
SCORE:     0.207                  0.207          0          0          0    S_000003
   1 H     0.000  170.252   55.279   84.290 -163.771   76.391   74.715   37.011   93.125  -19.889    0.318711   -1.355255   -0.620119   -0.792462   -1.472860   -1.668958   -1.891293   -0.701027   -1.212296    3.794    0.984    0.238 S_000003
   2 N   -70.088 -168.791   59.124  145.389 -132.858  147.709  128.046  -32.808  150.801   26.119    0.334288   -0.170043   -1.477567   -0.820665   -1.040289   -1.964547   -1.944110   -0.688192   -1.197251    1.914   -2.141   -3.936 S_000003
   3 P   171.747  153.395  159.041  148.712 -150.900 -143.856  163.298  -31.676  141.216  -34.261    0.335662   -0.099384   -1.482186   -0.823846   -0.920479   -2.044532   -1.934389   -0.708140   -1.198506    0.336   -8.609   -4.864 S_000003
   4 P    62.159  178.988 -170.619  149.965 -103.312 -145.757  126.991  -39.736  164.357  173.689    0.323159   -0.192725   -1.473024   -0.749767   -1.208730   -1.842314   -1.917217   -0.720585   -1.212069   -2.668  -14.093   -2.615 S_000003
   5 N  -161.912  144.831  163.138   87.020 -163.361  -72.898   66.879   36.893   92.007  -14.838    0.313333   -1.374187   -0.573869   -0.796398   -1.534179   -1.616031   -1.894495   -0.762736   -1.174099   -7.241  -19.425   -1.731 S_000003
   6 N   -81.412  176.694   64.713   87.263  -90.161 -120.338   89.673   35.184   92.036  -16.310    0.332421   -1.297934   -0.703252   -0.796061   -1.387787   -1.735223   -1.891872   -0.665526   -1.232771   -9.428  -25.032   -0.057 S_000003
   7 P   147.011  152.313  -27.524  111.097  176.634 -134.641   96.306   -3.846  138.519  -77.746    0.439891   -0.891834   -1.162123   -0.872332   -1.445207   -1.719682   -1.936057   -0.719981   -1.178645  -11.354  -30.696   -4.011 S_000003
   8 H   151.000 -124.790  179.327   86.348    0.000    0.000   47.805   32.358   96.443   63.335    0.358476   -1.292506   -0.723518   -0.795513   -1.427605   -1.716520   -1.889419   -0.686639   -1.218482  -13.245  -36.541   -2.111 S_000003
SCORE:     0.181                  0.181          0          0          1    S_000004
   1 H     0.000  170.252   55.279   91.122 -130.597  -55.536  159.975   36.371   91.073  -26.790    0.322196   -1.333120   -0.652645   -0.786151   -1.449094   -1.695465   -1.892321   -0.710743   -1.205638    3.794    0.984    0.238 S_000004
   2 P   143.361 -150.300   51.763   79.177   68.490  113.535  128.741   32.821   96.971   32.397    0.380672   -1.267187   -0.764324   -0.765680   -1.361877   -1.770372   -1.884707   -0.670365   -1.234705    4.576   -3.768   -3.250 S_000004
   3 P  -178.202  137.711  175.039   87.326 -100.817 -124.463   72.525   37.168   89.000 -168.297    0.333828   -1.301826   -0.705042   -0.771433   -1.348062   -1.762967   -1.894852   -0.676530   -1.222789    1.095   -7.663    0.740 S_000004
   4 P   105.521  156.804  148.628  159.247 -128.125 -110.056   82.304  -40.995  149.473 -171.489    0.270028    0.135892   -1.494581   -0.790297   -0.798343   -2.074916   -1.911233   -0.674598   -1.221385   -2.212  -13.733   -0.846 S_000004
   5 P  -110.003  -95.178 -170.804   85.262 -152.851  -73.112   64.455   36.565   94.655  -23.735    0.333988   -1.354956   -0.605888   -0.774081   -1.501600   -1.649669   -1.863825   -0.691328   -1.230508   -7.656  -18.299   -0.053 S_000004
   6 P   -69.100  166.789   60.987   85.575 -126.914  -76.933   76.801   35.484   93.476  -26.212    0.363551   -1.322575   -0.636810   -0.740290   -1.471245   -1.666578   -1.861899   -0.725658   -1.205625  -12.077  -22.472    0.026 S_000004
   7 P   -56.319 -151.350   51.272  140.020 -100.337 -154.876  160.165  -35.102  161.015   16.344    0.335371   -0.379745   -1.442838   -0.794508   -1.350681   -1.755183   -1.937257   -0.765789   -1.169927  -14.048  -28.333   -2.459 S_000004
   8 H   -67.472  168.147   59.439   79.812    0.000    0.000   72.341   39.451   94.774  -18.768    0.291187   -1.416330   -0.472726   -0.785731   -1.597741   -1.534653   -1.836666   -0.703288   -1.222124  -16.162  -34.636   -2.853 S_000004
SCORE:     0.273                  0.273          0          0          0    S_000005
   1 H     0.000  170.252   55.279   77.819 -126.656  -71.843   89.161   39.692   93.828  -31.582    0.312518   -1.393476   -0.514075   -0.761711   -1.536276   -1.588883   -1.833529   -0.690074   -1.232657    3.794    0.984    0.238 S_000005
   2 P   133.231  -95.622  152.652   89.513  169.105 -133.943   80.474   17.341  127.879  -87.358    0.354101   -1.299334   -0.738039   -0.953084   -1.657539   -1.453322   -1.935477   -0.715656   -1.158521    4.413   -3.481   -2.492 S_000005
   3 N   179.905  172.930  176.245   83.787 -128.091  -62.899 -123.244   34.070   98.131  -19.586    0.338787   -1.347342   -0.629643   -0.801847   -1.519193   -1.636661   -1.884103   -0.711999   -1.207435    4.304  -10.451   -1.618 S_000005
   4 P  -154.050  145.148  124.520   89.904 -156.931 -129.437   98.571   22.752  116.377   53.243    0.366115   -1.304268   -0.738772   -0.890164   -1.596323   -1.568220   -1.925176   -0.727709   -1.180955    2.236  -16.791   -0.537 S_000005
   5 P   -56.766  167.243   55.456   87.939 -121.283  -94.683   95.747   35.350   95.630  -97.118    0.330499   -1.337839   -0.654494   -0.796210   -1.464599   -1.681845   -1.887905   -0.689236   -1.218666    0.422  -22.861    0.433 S_000005
   6 N   144.461  141.430   15.055  121.976   59.508  138.960  135.446  -17.759  137.113   57.755    0.395163   -0.436400   -1.422259   -0.868116   -1.085522   -1.997279   -1.964247   -0.696062   -1.196181   -5.183  -26.085    3.512 S_000005
   7 P   -57.826 -133.076   56.158  149.114 -133.146 -129.050  173.582  -38.935  149.380   81.360    0.323357   -0.155953   -1.475697   -0.748668   -1.138336   -1.884735   -1.900474   -0.754213   -1.175144   -6.323  -32.427    4.454 S_000005
   8 H   -70.069 -165.007   58.132  141.323    0.000    0.000  115.830  -34.658  155.664 -115.310    0.342848   -0.356542   -1.439837   -0.787878   -1.318043   -1.786449   -1.932492   -0.796233   -1.147381  -12.571  -35.495    4.575 S_000005
SCORE:     0.286                  0.286          0          0          2    S_000006
   1 H     0.000  170.252   55.279  134.600 -118.684  -27.201  114.011  -21.444  147.509   11.369    0.428700   -0.462523   -1.384120   -0.829049   -1.202586   -1.862737   -1.937559   -0.679380   -1.194235    3.794    0.984    0.238 S_000006
   2 P   161.023  139.121   55.500  153.727 -123.271  175.609   98.961  -39.837  160.777  -92.184    0.316133   -0.114002   -1.485065   -0.754793   -1.110128   -1.910535   -1.913633   -0.713393   -1.208659    4.500   -1.415   -5.552 S_000006
   3 P   171.188  139.895   48.031  148.786  -89.987  157.411  108.795  -40.286  159.861  -88.670    0.317071   -0.125468   -1.481393   -0.752069   -1.134183   -1.879603   -1.914641   -0.711556   -1.203747    0.025   -5.355   -9.115 S_000006
   4 P   -56.602  169.819   59.880  148.016 -135.011  178.478  120.148  -32.889  143.708  -19.080    0.344597   -0.101549   -1.481717   -0.800183   -0.950280   -2.028627   -1.919452   -0.736545   -1.187799   -2.274   -7.919  -13.800 S_000006
   5 P   -86.165 -174.264   59.636   91.856 -163.323  -71.038   91.176   35.891   91.893  -15.140    0.322189   -1.335184   -0.647413   -0.797362   -1.454764   -1.680549   -1.898036   -0.707161   -1.201487   -7.973   -9.437  -16.812 S_000006
   6 P   -83.459 -169.228   58.253   83.358   52.826  125.135  129.335   18.604  127.801   57.716    0.383809   -1.280962   -0.739637   -0.899868   -1.635654   -1.494238   -1.869344   -0.658307   -1.238128  -12.769  -12.938  -19.312 S_000006
   7 N   -67.229  171.008   55.165   82.086 -141.872  -66.852   61.846   37.905   89.691  -19.447    0.304683   -1.380533   -0.556703   -0.789229   -1.535846   -1.609615   -1.885027   -0.754389   -1.186746  -16.625  -17.825  -20.777 S_000006
   8 H   -59.742  165.585   57.021   80.810    0.000    0.000   70.000   39.621   96.969  163.335    0.293834   -1.414897   -0.472810   -0.781453   -1.598544   -1.541613   -1.841784   -0.710309   -1.230426  -22.426  -19.078  -21.473 S_000006
SCORE:     0.151                  0.151          0          0          1    S_000007
   1 H     0.000  170.252   55.279   78.975 -138.612  -48.859   70.419   42.731   93.945  -19.847    0.280181   -1.404851   -0.513909   -0.750475   -1.507075   -1.634901   -1.822972   -0.646168   -1.264207    3.794    0.984    0.238 S_000007
   2 P    68.981  175.387  168.856  142.980  -82.454  -82.503  162.419  -28.730  156.357 -160.111    0.402000   -0.164512   -1.468217   -0.792751   -0.949632   -2.001678   -1.928498   -0.665385   -1.221902    5.431   -3.848   -2.075 S_000007
   3 N  -174.783  120.716  177.399  150.472 -127.479 -150.643  -46.738  -38.379  156.036  172.165    0.295515   -0.075973   -1.493365   -0.801078   -1.032701   -1.963612   -1.942754   -0.690149   -1.211052    1.571   -9.158   -0.297 S_000007
   4 N    56.904  146.090  -76.919  156.695 -160.150 -173.923  104.986  -34.562  143.238  -23.564    0.324447    0.078710   -1.492600   -0.805727   -0.735040   -2.115119   -1.911687   -0.631310   -1.242141   -2.005  -15.016    0.584 S_000007
   5 P   154.785  148.880   62.755  143.221 -118.428  172.337   94.118  -32.342  157.772   32.106    0.346938   -0.351961   -1.445871   -0.812180   -1.268003   -1.828910   -1.947184   -0.738139   -1.184255   -5.491  -20.530   -2.721 S_000007
   6 P   -67.940  168.346   56.461   87.904 -142.921  -64.914   71.987   37.630   90.285  -27.655    0.325927   -1.327360   -0.670948   -0.768002   -1.400594   -1.731593   -1.886582   -0.689868   -1.228497   -8.166  -26.076   -3.162 S_000007
   7 P  -166.924 -154.036  159.889   90.332 -178.658 -136.635   73.477   26.413  115.255    3.673    0.345049   -1.323606   -0.689620   -0.882069   -1.572952   -1.568229   -1.923026   -0.712384   -1.176451  -10.578  -30.733    1.044 S_000007
   8 H   -54.076  166.870   48.237   84.648    0.000    0.000   96.262   35.441  101.760  -17.380    0.312084   -1.391730   -0.542679   -0.820620   -1.597415   -1.557445   -1.868356   -0.704614   -1.220252  -12.322  -36.625    2.030 S_000007
SCORE:     0.286                  0.286          0          0          2    S_000008
   1 H     0.000  170.252   55.279   82.165 -114.240  -80.014   67.472   33.249   97.254 -150.659    0.367365   -1.304566   -0.690834   -0.777015   -1.450315   -1.699501   -1.881715   -0.683198   -1.224794    3.794    0.984    0.238 S_000008
   2 N   149.680 -120.953  161.027   88.335 -165.507  -58.437   52.668   35.819   92.283  -17.447    0.314198   -1.344911   -0.645277   -0.811251   -1.465267   -1.676079   -1.910228   -0.712480   -1.201335    4.247   -3.507   -3.657 S_000008
   3 P   -40.210  149.240   56.877   82.022 -152.097 -104.543   82.884   31.427  101.865   65.435    0.316666   -1.389813   -0.520045   -0.850368   -1.682453   -1.456156   -1.889898   -0.787244   -1.151878    1.821   -7.859   -2.523 S_000008
   4 P  -170.257 -176.118  168.457  154.693  -96.790  -77.772  166.626  -41.004  158.432  -92.486    0.301209   -0.017468   -1.492097   -0.757842   -1.009016   -1.965277   -1.908312   -0.715882   -1.203518   -2.766  -13.151   -1.133 S_000008
   5 N  -139.048  166.464  170.340   86.512 -154.158  -65.732   70.175   34.223   96.956   10.890    0.341865   -1.327089   -0.657684   -0.792520   -1.472840   -1.667874   -1.873415   -0.684865   -1.220649   -6.042  -19.101   -1.220 S_000008
   6 P   -65.076 -178.561   50.890   82.033  172.301  -98.139   97.082   37.385   96.141 -153.256    0.273990   -1.386814   -0.568385   -0.828927   -1.551060   -1.613081   -1.894165   -0.701245   -1.211693   -9.392  -24.242   -1.763 S_000008
   7 P   -57.067  174.647   50.566   89.830 -117.747 -101.314   55.371   35.398   94.588  -96.429    0.318043   -1.330818   -0.653818   -0.805253   -1.462011   -1.682729   -1.897098   -0.708669   -1.197153  -12.951  -28.881   -2.485 S_000008
   8 H   135.219  136.295   33.122   75.254    0.000    0.000   69.248   41.191   88.488  -24.976    0.292501   -1.421073   -0.471334   -0.763448   -1.568685   -1.561302   -1.846568   -0.738048   -1.205081  -13.374  -35.510    0.220 S_000008
SCORE:     0.284                  0.284          0          0          1    S_000009
   1 H     0.000  170.252   55.279   87.016 -137.535   16.408   48.629   32.569  100.627  -15.072    0.339692   -1.325801   -0.674473   -0.819538   -1.489408   -1.662393   -1.904433   -0.709991   -1.197992    3.794    0.984    0.238 S_000009
   2 P   -33.390  139.255   61.813  118.151 -129.280  171.883  103.768   -0.194  134.967    3.271    0.419238   -0.898866   -1.176938   -0.918863   -1.358164   -1.770009   -1.979291   -0.672376   -1.177622    2.136   -2.012   -1.357 S_000009
   3 P   -97.131 -117.355  -92.297   86.891 -138.333  -58.699   78.711   39.153   85.152  -25.972    0.298121   -1.347758   -0.633560   -0.787384   -1.411577   -1.712441   -1.901604   -0.703882   -1.211004    1.334   -8.645   -0.577 S_000009
   4 P  -122.048   97.641  145.340   80.852 -179.582  -82.000   66.072   37.765   87.897 -167.348    0.313917   -1.371369   -0.559325   -0.781959   -1.527492   -1.614138   -1.894911   -0.777845   -1.173631   -2.662  -12.709    1.457 S_000009
   5 P   -73.784 -136.674   65.003   93.602   55.712  100.910  136.596   18.295  115.084  142.157    0.414781   -1.154956   -0.917319   -0.856962   -1.421293   -1.727181   -1.932139   -0.681515   -1.198908   -5.798  -18.316    0.131 S_000009
   6 P  -136.198 -122.857 -158.492  106.180 -124.887  -76.026   74.874   19.311  100.658  168.675    0.405981   -1.001253   -1.074308   -0.820525   -1.157218   -1.951689   -1.924168   -0.645988   -1.229494  -10.183  -22.558   -1.881 S_000009
   7 P  -108.162   78.726  175.001   88.398 -111.320  -92.701   50.575   37.117   89.136  -18.087    0.315431   -1.329948   -0.643325   -0.789771   -1.419163   -1.689123   -1.893195   -0.708335   -1.201721  -12.073  -28.118   -2.418 S_000009
   8 H   -62.760  165.129   61.731   83.363    0.000    0.000   81.061   35.126   98.408  -10.301    0.319911   -1.393089   -0.524829   -0.807583   -1.623014   -1.530099   -1.879863   -0.760985   -1.183839  -16.431  -32.908   -1.907 S_000009
SCORE:     0.297                  0.297          0          0          2    S_000010
   1 H     0.000  170.252   55.279   78.642 -152.582  -68.467   82.615   40.127   95.285  154.883    0.285238   -1.417599   -0.472434   -0.788962   -1.589366   -1.551105   -1.833132   -0.680310   -1.247695    3.794    0.984    0.238 S_000010
   2 N    80.755  100.817 -146.281   79.574 -166.836  -59.976  -99.145   32.485  111.238  135.279    0.343983   -1.410018   -0.458038   -0.806503   -1.732172   -1.403512   -1.794572   -0.727297   -1.232419    6.048   -3.623   -3.051 S_000010
   3 P  -133.536  -56.253 -115.896   96.210 -157.407  -66.730   78.599   36.781   88.261 -141.338    0.365904   -1.248440   -0.785723   -0.708924   -1.271154   -1.845670   -1.868309   -0.679824   -1.245802    1.137   -8.085   -1.508 S_000010
   4 P   152.594  176.327  171.244   91.237 -151.427  -73.024   82.556   36.730   87.095   -0.293    0.324489   -1.292433   -0.740995   -0.782053   -1.325054   -1.790390   -1.912036   -0.712281   -1.201892   -0.492  -13.688    1.631 S_000010
   5 P   179.099 -167.499  165.649  155.148 -107.586  148.241  103.768  -34.735  141.659   28.062    0.314041    0.107935   -1.489468   -0.823698   -0.701951   -2.120322   -1.901345   -0.710070   -1.203154   -2.733  -20.051    1.148 S_000010
   6 P  -167.200 -131.423  135.280   86.839 -158.875  -75.765  140.250   35.968   93.284  179.910    0.320765   -1.347235   -0.643969   -0.800359   -1.472294   -1.679922   -1.904488   -0.726813   -1.197436   -7.849  -24.380    2.514 S_000010
   7 P   -41.673  158.170   55.044   81.767 -165.899  -73.505  104.570   36.703   96.941  -18.394    0.318990   -1.393408   -0.532538   -0.792524   -1.589009   -1.566850   -1.859866   -0.724221   -1.211334  -11.396  -28.739    2.901 S_000010
   8 H    -2.744  131.955  -39.299   89.596    0.000    0.000   80.319   35.372   92.899 -160.067    0.335347   -1.285655   -0.743213   -0.787790   -1.342608   -1.776836   -1.889237   -0.623103   -1.258574  -12.372  -33.328    1.227 S_000010
