SEQUENCE: gug
SCORE:     score    rna_stub_coord_hack       N_WC      N_NWC       N_BS description
REMARK RNA 
SCORE:     0.001                  0.001          0          0          0    S_000001
   1 H     0.000  170.252   55.279   86.162 -127.966   73.638   91.205   33.617   99.514  -72.391    0.331265   -1.346443   -0.647111   -0.820350   -1.509078   -1.647167   -1.895720   -0.699805   -1.214104    3.794    0.984    0.238 S_000001
   2 N   162.222 -128.004   60.105   78.331   70.188  -82.393  142.804   37.912   86.656  -49.591    0.348684   -1.253579   -0.795711   -0.742951   -1.219002   -1.869246   -1.883574   -0.629632   -1.263105    1.681    1.721   -5.079 S_000001
   3 H   -55.130  157.400   54.891   82.251    0.000    0.000   77.705   39.525   91.916  139.384    0.292273   -1.407621   -0.494404   -0.787073   -1.578038   -1.567340   -1.859353   -0.716828   -1.214373    2.135   -0.356   -8.330 S_000001
SCORE:     0.000                  0.000          0          0          0    S_000002
   1 H     0.000  170.252   55.279   87.663  -62.481 -155.526   70.948   27.843  106.191  -22.786    0.337819   -1.278965   -0.798703   -0.878501   -1.440128   -1.723774   -1.943724   -0.679767   -1.213073    3.794    0.984    0.238 S_000002
   2 P   -77.734 -168.719   36.495  100.213 -135.032  -43.080   78.192   19.762  104.159  -11.778    0.374859   -1.161740   -0.904147   -0.864694   -1.423801   -1.735570   -1.922392   -0.672174   -1.208635    6.158    2.256   -6.023 S_000002
   3 H   -77.729 -175.927   61.311   83.764    0.000    0.000   64.818   38.464   90.937  -18.959    0.298862   -1.378876   -0.562362   -0.791526   -1.511768   -1.622078   -1.862790   -0.691589   -1.221763    1.789    0.463   -9.866 S_000002
SCORE:     0.000                  0.000          0          0          0    S_000003
   1 H     0.000  170.252   55.279   87.001 -128.494  127.117   88.600   30.749  103.886  -14.953    0.352883   -1.318732   -0.683013   -0.826536   -1.515610   -1.649703   -1.902752   -0.708693   -1.206017    3.794    0.984    0.238 S_000003
   2 P    51.370 -164.283  -68.496  101.824 -113.607  -58.991  103.896   32.037   87.316 -171.233    0.351700   -1.109702   -0.989986   -0.812538   -1.027268   -1.982179   -1.939056   -0.627141   -1.236408    3.775    3.659   -4.632 S_000003
   3 H   127.910 -132.169 -173.124   86.246    0.000    0.000   59.840   40.181   85.603  -17.222    0.319040   -1.329547   -0.677852   -0.746951   -1.342471   -1.773495   -1.885558   -0.711651   -1.210809    4.338    1.621   -9.537 S_000003
SCORE:     0.000                  0.000          0          0          0    S_000004
   1 H     0.000  170.252   55.279   92.518  175.202  130.171   79.027   22.122  110.319 -170.078    0.393774   -1.223585   -0.842438   -0.855515   -1.471195   -1.695897   -1.945869   -0.743696   -1.155831    3.794    0.984    0.238 S_000004
   2 N  -158.201  112.489   69.086   83.089  178.621   78.529   56.323   40.425   90.521  -30.055    0.306851   -1.377263   -0.569268   -0.754124   -1.477849   -1.663636   -1.854070   -0.683476   -1.239207    4.171   -1.183   -5.895 S_000004
   3 H   -62.171  175.035   51.559   81.589    0.000    0.000   71.531   40.062   87.975  -17.803    0.301556   -1.373273   -0.586521   -0.769696   -1.464205   -1.678326   -1.878368   -0.701639   -1.222132    3.441    4.285   -6.709 S_000004
SCORE:     0.001                  0.001          0          0          0    S_000005
   1 H     0.000  170.252   55.279  123.459  -70.418  -81.655   89.731   -5.186  142.759    3.307    0.419311   -0.849941   -1.199275   -0.912542   -1.389925   -1.728152   -1.972751   -0.646647   -1.200629    3.794    0.984    0.238 S_000005
   2 N   -59.971 -131.059   44.541   87.709 -177.008  -16.255  174.390   34.696   83.076  147.427    0.347949   -1.289265   -0.725956   -0.780325   -1.373966   -1.751230   -1.891583   -0.703847   -1.207090    6.109    0.135   -5.840 S_000005
   3 H   -43.247  167.961   55.069  149.062    0.000    0.000  139.450  -39.741  154.860  179.898    0.330303   -0.085549   -1.484393   -0.729323   -1.068220   -1.950864   -1.885372   -0.747330   -1.191002    4.722    3.832   -8.749 S_000005
SCORE:     0.000                  0.000          0          0          0    S_000006
   1 H     0.000  170.252   55.279   92.518  175.202  130.171   79.027   22.122  110.319 -170.078    0.393774   -1.223585   -0.842438   -0.855515   -1.471195   -1.695897   -1.945869   -0.743696   -1.155831    3.794    0.984    0.238 S_000006
   2 N  -158.201  112.489   69.086   83.089  178.621   78.529   56.323   40.425   90.521  -30.055    0.306851   -1.377263   -0.569268   -0.754124   -1.477849   -1.663636   -1.854070   -0.683476   -1.239207    4.171   -1.183   -5.895 S_000006
   3 H   149.915 -158.846  173.297   87.129    0.000    0.000   54.733   31.548   98.970  -14.601    0.367221   -1.302415   -0.705875   -0.790248   -1.475975   -1.688808   -1.893428   -0.720366   -1.204224    3.729    4.718   -8.770 S_000006
SCORE:     0.000                  0.000          0          0          1    S_000007
   1 H     0.000  170.252   55.279   79.043  176.287   99.226   93.184   39.477   89.275  179.894    0.296875   -1.366390   -0.611195   -0.783914   -1.444521   -1.692752   -1.881119   -0.698023   -1.218675    3.794    0.984    0.238 S_000007
   2 P  -165.332  177.743   46.697   81.424 -148.905  -66.302   58.459   35.849   96.504  179.921    0.332352   -1.373574   -0.559961   -0.783750   -1.569943   -1.586933   -1.867970   -0.734195   -1.204088    3.502   -2.154   -5.794 S_000007
   3 H   -57.712  174.760   54.320   82.805    0.000    0.000   84.929   36.960   99.438  179.900    0.307626   -1.390288   -0.548557   -0.804160   -1.561458   -1.584969   -1.857550   -0.688347   -1.231575   -0.667    0.740   -9.072 S_000007
SCORE:     0.000                  0.000          0          0          0    S_000008
   1 H     0.000  170.252   55.279   80.616 -143.215  141.626   94.886   36.493  100.325  -24.459    0.303910   -1.415829   -0.478200   -0.816304   -1.645344   -1.497457   -1.855539   -0.725155   -1.208018    3.794    0.984    0.238 S_000008
   2 N  -163.963  107.040   42.433   94.168  -26.004   66.535   49.959   20.247  124.435  -20.662    0.372879   -1.269818   -0.782555   -0.900599   -1.578542   -1.579674   -1.922301   -0.680489   -1.209422    2.123    0.570   -5.648 S_000008
   3 H   162.147 -145.885  166.489   84.488    0.000    0.000   53.983   34.857   92.615  -15.435    0.343954   -1.316832   -0.684166   -0.786746   -1.433636   -1.711732   -1.894072   -0.705777   -1.208188    0.876    0.650  -10.220 S_000008
SCORE:     0.001                  0.001          0          0          0    S_000009
   1 H     0.000  170.252   55.279   86.792 -176.490  162.873  107.258   32.566   90.568 -160.138    0.346328   -1.300704   -0.708402   -0.808148   -1.442891   -1.702860   -1.905997   -0.739589   -1.175532    3.794    0.984    0.238 S_000009
   2 N   -41.325 -168.814   25.997  148.360  -68.138   90.462  105.873  -35.081  148.356   23.504    0.329909   -0.112053   -1.486190   -0.794585   -1.009300   -1.986702   -1.930308   -0.713461   -1.196538    4.519    2.132   -5.992 S_000009
   3 H   -45.328 -177.093   38.906   82.375    0.000    0.000   77.991   35.680   95.064  -21.604    0.336057   -1.365146   -0.581424   -0.781836   -1.543209   -1.605612   -1.865874   -0.726139   -1.194191    1.279    3.700   -7.164 S_000009
SCORE:     0.000                  0.000          0          0          0    S_000010
   1 H     0.000  170.252   55.279   80.616 -143.215  141.626   94.886   36.493  100.325  -24.459    0.303910   -1.415829   -0.478200   -0.816304   -1.645344   -1.497457   -1.855539   -0.725155   -1.208018    3.794    0.984    0.238 S_000010
   2 N  -163.963  107.040   42.433   94.168  -26.004   66.535   49.959   20.247  124.435  -20.662    0.372879   -1.269818   -0.782555   -0.900599   -1.578542   -1.579674   -1.922301   -0.680489   -1.209422    2.123    0.570   -5.648 S_000010
   3 H   -61.718  169.985   61.282   79.577    0.000    0.000   72.010   37.882   99.568  179.945    0.293221   -1.430194   -0.441121   -0.810378   -1.664111   -1.477807   -1.843959   -0.730953   -1.211346    1.193   -0.784   -8.361 S_000010
