SEQUENCE: gag
SCORE:     score    rna_stub_coord_hack       N_WC      N_NWC       N_BS description
REMARK RNA 
SCORE:     0.004                  0.004          0          0          0    S_000001
   1 H     0.000  170.252   55.279   84.742   47.682  156.409   90.668   23.417  114.731   48.390    0.393292   -1.270721   -0.763133   -0.846788   -1.544506   -1.620699   -1.895692   -0.688337   -1.216659    3.794    0.984    0.238 S_000001
   2 P   105.521  156.804  148.628  159.247 -128.125 -110.056   82.304  -40.995  149.473 -171.489    0.270028    0.135892   -1.494581   -0.790297   -0.798343   -2.074916   -1.911233   -0.674598   -1.221385    7.280    3.183   -5.238 S_000001
   3 H   -59.908  164.294   67.810   77.688    0.000    0.000   69.189   40.890   92.926  179.901    0.289970   -1.427727   -0.450717   -0.767411   -1.610622   -1.537708   -1.837244   -0.726506   -1.221004    8.779    3.754  -11.586 S_000001
SCORE:     0.010                  0.010          0          0          0    S_000002
   1 H     0.000  170.252   55.279   84.406 -127.990 -163.282   96.871   34.642   98.709  -22.514    0.325484   -1.373318   -0.581378   -0.809171   -1.570275   -1.588335   -1.880764   -0.726232   -1.200195    3.794    0.984    0.238 S_000002
   2 P   -56.602  169.819   59.880  148.016 -135.011  178.478  120.148  -32.889  143.708  -19.080    0.344597   -0.101549   -1.481717   -0.800183   -0.950280   -2.028627   -1.919452   -0.736545   -1.187799    6.747    2.522   -5.330 S_000002
   3 H     0.000  178.352   59.486   82.867    0.000    0.000   70.711   41.607   86.474  -30.961    0.304528   -1.378343   -0.558222   -0.738711   -1.463586   -1.667193   -1.846868   -0.692336   -1.233742    9.600    5.718   -9.935 S_000002
SCORE:     0.008                  0.008          0          0          0    S_000003
   1 H     0.000  170.252   55.279  140.397 -115.604  150.680   94.126  -32.827  157.032 -109.762    0.352770   -0.373633   -1.428317   -0.797543   -1.308570   -1.798190   -1.936711   -0.780564   -1.151648    3.794    0.984    0.238 S_000003
   2 P   105.521  156.804  148.628  159.247 -128.125 -110.056   82.304  -40.995  149.473 -171.489    0.270028    0.135892   -1.494581   -0.790297   -0.798343   -2.074916   -1.911233   -0.674598   -1.221385    9.405    2.780   -3.211 S_000003
   3 H   -56.769  159.858   54.975   81.793    0.000    0.000   84.588   35.312   97.611  -73.400    0.322375   -1.396479   -0.495595   -0.800525   -1.638697   -1.496244   -1.861308   -0.762778   -1.180330   15.152    5.577   -2.272 S_000003
SCORE:     0.006                  0.006          0          0          0    S_000004
   1 H     0.000  170.252   55.279   79.399 -127.550  151.691   75.517   41.675   94.425 -138.291    0.277732   -1.443491   -0.357346   -0.769813   -1.684748   -1.444825   -1.819317   -0.750634   -1.193273    3.794    0.984    0.238 S_000004
   2 P   105.521  156.804  148.628  159.247 -128.125 -110.056   82.304  -40.995  149.473 -171.489    0.270028    0.135892   -1.494581   -0.790297   -0.798343   -2.074916   -1.911233   -0.674598   -1.221385    4.573    2.120   -6.525 S_000004
   3 H  -109.682 -171.234   73.947   82.569    0.000    0.000   58.746   39.581   93.473  -26.208    0.303568   -1.397048   -0.531180   -0.769704   -1.547031   -1.610703   -1.864793   -0.721043   -1.222983    6.598    6.488  -11.831 S_000004
SCORE:     0.007                  0.007          0          0          0    S_000005
   1 H     0.000  170.252   55.279  109.934  -99.530  161.120   63.719   -1.708  137.509    1.742    0.405221   -0.983529   -1.109782   -0.924254   -1.509244   -1.636521   -1.945783   -0.669334   -1.187942    3.794    0.984    0.238 S_000005
   2 P   101.545 -166.544 -165.818  126.065 -162.988  -99.544   98.876  -15.674  141.015 -159.461    0.397392   -0.610821   -1.338979   -0.860837   -1.287097   -1.866209   -1.963161   -0.695831   -1.206560    8.087    2.888   -4.466 S_000005
   3 H   -62.357  175.801   52.329   81.457    0.000    0.000   65.829   38.566   91.331  -27.079    0.311206   -1.370853   -0.559650   -0.779445   -1.492089   -1.619134   -1.868501   -0.696590   -1.214877   12.959    6.182   -6.806 S_000005
SCORE:     0.008                  0.008          0          0          0    S_000006
   1 H     0.000  170.252   55.279   79.399 -127.550  151.691   75.517   41.675   94.425 -138.291    0.277732   -1.443491   -0.357346   -0.769813   -1.684748   -1.444825   -1.819317   -0.750634   -1.193273    3.794    0.984    0.238 S_000006
   2 P    62.159  178.988 -170.619  149.965 -103.312 -145.757  126.991  -39.736  164.357  173.689    0.323159   -0.192725   -1.473024   -0.749767   -1.208730   -1.842314   -1.917217   -0.720585   -1.212069    4.931    2.985   -5.704 S_000006
   3 H   172.217  178.703  170.052  148.488    0.000    0.000  116.294  -41.368  164.123  113.301    0.304157   -0.032415   -1.479560   -0.745385   -1.033427   -1.939282   -1.916115   -0.665939   -1.240515    7.550    5.603  -12.003 S_000006
SCORE:     0.009                  0.009          0          0          0    S_000007
   1 H     0.000  170.252   55.279   81.987  -89.155 -176.608   86.770   38.922   86.810  -27.731    0.332781   -1.336172   -0.650507   -0.749627   -1.388707   -1.726450   -1.870547   -0.691044   -1.224011    3.794    0.984    0.238 S_000007
   2 P   -60.599  162.009   59.939  140.771 -155.496 -143.261  171.462  -38.712  164.591  -23.422    0.312444   -0.271307   -1.489031   -0.770005   -1.280109   -1.824124   -1.924378   -0.767040   -1.192114    6.262    2.909   -5.234 S_000007
   3 H   -68.010  175.615   54.760   78.911    0.000    0.000   72.992   40.088   92.448  -22.608    0.302035   -1.406925   -0.493033   -0.765869   -1.570233   -1.574411   -1.849258   -0.722561   -1.217154    8.998    5.560  -10.667 S_000007
SCORE:     0.008                  0.008          0          0          0    S_000008
   1 H     0.000  170.252   55.279   81.987  -89.155 -176.608   86.770   38.922   86.810  -27.731    0.332781   -1.336172   -0.650507   -0.749627   -1.388707   -1.726450   -1.870547   -0.691044   -1.224011    3.794    0.984    0.238 S_000008
   2 P   163.328  133.174   67.642  136.998 -137.626 -154.012   89.421  -30.525  152.645   30.625    0.372295   -0.416181   -1.425075   -0.793600   -1.311181   -1.799090   -1.926431   -0.784884   -1.148790    4.275    2.540   -6.414 S_000008
   3 H   -69.063  170.678   60.704   80.660    0.000    0.000   66.546   35.847   98.855  179.904    0.332183   -1.382683   -0.548892   -0.782372   -1.582818   -1.569158   -1.842635   -0.704615   -1.226954    6.471    6.193  -11.473 S_000008
SCORE:     0.004                  0.004          0          0          0    S_000009
   1 H     0.000  170.252   55.279   84.742   47.682  156.409   90.668   23.417  114.731   48.390    0.393292   -1.270721   -0.763133   -0.846788   -1.544506   -1.620699   -1.895692   -0.688337   -1.216659    3.794    0.984    0.238 S_000009
   2 P   105.521  156.804  148.628  159.247 -128.125 -110.056   82.304  -40.995  149.473 -171.489    0.270028    0.135892   -1.494581   -0.790297   -0.798343   -2.074916   -1.911233   -0.674598   -1.221385    7.280    3.183   -5.238 S_000009
   3 H   -54.867  160.634   64.802   77.100    0.000    0.000   75.836   36.191   99.706  -28.202    0.314344   -1.408474   -0.485895   -0.804156   -1.641379   -1.501363   -1.854323   -0.742947   -1.204263    8.706    3.606  -11.524 S_000009
SCORE:     0.006                  0.006          0          0          0    S_000010
   1 H     0.000  170.252   55.279   90.632 -168.675  158.504  157.940   32.235  100.946  -25.438    0.343224   -1.304794   -0.701015   -0.813256   -1.460688   -1.689000   -1.897826   -0.686474   -1.211924    3.794    0.984    0.238 S_000010
   2 P   105.521  156.804  148.628  159.247 -128.125 -110.056   82.304  -40.995  149.473 -171.489    0.270028    0.135892   -1.494581   -0.790297   -0.798343   -2.074916   -1.911233   -0.674598   -1.221385    6.573    1.812   -6.263 S_000010
   3 H   167.794 -174.474  171.856   85.742    0.000    0.000   61.105   37.314   88.361  -14.258    0.339828   -1.317054   -0.675509   -0.758743   -1.388657   -1.734214   -1.881308   -0.692692   -1.219142   10.160    6.772  -10.029 S_000010
