SEQUENCE: gaaaaaaaaag
SCORE:     score    rna_stub_coord_hack       N_WC      N_NWC       N_BS description
REMARK RNA 
SCORE:     9.903                  9.903          0          0          1    S_000001
   1 H     0.000  170.252   55.279   87.732 -168.636  -66.905   96.651   22.415  116.544  -70.520    0.384961   -1.287677   -0.722548   -0.858294   -1.612460   -1.556271   -1.902560   -0.738392   -1.185361    3.794    0.984    0.238 S_000001
   2 N    30.868 -120.066  169.636   83.794 -168.750  -74.349  111.391   35.183   96.403 -152.609    0.326293   -1.356749   -0.613451   -0.800568   -1.521734   -1.634229   -1.885032   -0.716011   -1.208655    8.088   -0.635   -0.567 S_000001
   3 N   -98.041 -137.837  155.725  158.717  -99.849  162.372  109.093  -41.754  160.788   52.267    0.289315   -0.001541   -1.489878   -0.763911   -1.005286   -1.960819   -1.921518   -0.690989   -1.218223   11.528   -1.344    5.298 S_000001
   4 P   137.238 -162.011  170.414   77.083 -119.762  -84.658   73.087   41.820   87.462 -160.497    0.298464   -1.398778   -0.505636   -0.747356   -1.513239   -1.613197   -1.841912   -0.717065   -1.217667   16.139    1.071    9.753 S_000001
   5 N    62.681  135.807   67.958   89.627  179.857  -85.365   62.981   31.111  101.872  179.962    0.350237   -1.328130   -0.653988   -0.820676   -1.531210   -1.614427   -1.897782   -0.728315   -1.193311   21.339   -0.293   12.807 S_000001
   6 P  -172.604  161.126  159.864  155.138 -101.607 -139.360  -48.863  -40.948  155.621   78.591    0.319081    0.026124   -1.484098   -0.731166   -0.944630   -1.986654   -1.887978   -0.700564   -1.211859   25.577   -0.463   18.057 S_000001
   7 P   -68.196  154.673   61.092   83.475 -145.281  -61.503   89.604   40.640   89.789  -18.267    0.288933   -1.356054   -0.610669   -0.770218   -1.407620   -1.701451   -1.844313   -0.617865   -1.248176   29.750   -3.444   22.223 S_000001
   8 P   -59.635 -160.120   48.664  147.679  -98.057 -148.024  -46.170  -37.674  158.172 -162.643    0.328942   -0.194641   -1.477977   -0.765558   -1.170944   -1.888938   -1.920786   -0.746690   -1.186433   33.756   -2.624   27.078 S_000001
   9 P   -81.969  -86.821 -174.157   75.787 -159.050 -146.501 -176.174   43.715   78.097  179.915    0.307460   -1.373554   -0.609335   -0.719837   -1.311569   -1.716845   -1.872270   -0.619467   -1.275353   37.502   -3.734   32.206 S_000001
  10 N   166.900 -125.791  168.740   83.559  155.815 -110.429  119.759   26.754  113.535   87.626    0.341949   -1.356067   -0.621349   -0.881304   -1.648353   -1.494448   -1.881160   -0.698552   -1.204189   42.915   -3.148   36.606 S_000001
  11 H   -36.173 -160.464   72.006   87.471    0.000    0.000   77.858   39.127   88.888  179.939    0.307595   -1.338485   -0.638738   -0.772425   -1.400676   -1.716864   -1.872888   -0.643780   -1.254950   44.118   -2.992   42.372 S_000001
SCORE:     9.351                  9.351          0          0          1    S_000002
   1 H     0.000  170.252   55.279   81.138 -174.508  -63.561   84.161   36.356   91.959  -74.420    0.334586   -1.355710   -0.619643   -0.775161   -1.496762   -1.659836   -1.875799   -0.718844   -1.208735    3.794    0.984    0.238 S_000002
   2 N    70.215  179.448   56.549  150.123 -105.063 -125.390  125.761  -36.381  151.662  179.883    0.330983   -0.084544   -1.483624   -0.778603   -1.002426   -1.991443   -1.919982   -0.706375   -1.208698    8.243   -2.158   -1.100 S_000002
   3 P   -87.787  177.868   72.488  125.142 -164.828 -151.898  111.548  -19.213  150.164  -29.735    0.411216   -0.574601   -1.357123   -0.857597   -1.302692   -1.814919   -1.954673   -0.693383   -1.189634   13.635   -0.049    2.841 S_000002
   4 P   160.815  105.099   88.582   92.840 -161.979 -164.996   83.120   14.294  126.435  -66.900    0.405061   -1.212048   -0.841187   -0.889406   -1.604759   -1.561045   -1.922890   -0.729780   -1.183130   16.991    1.797    9.021 S_000002
   5 P    83.922  155.779  172.347  150.835 -109.404 -100.633  -46.095  -39.295  159.270 -110.432    0.315190   -0.142798   -1.487833   -0.765905   -1.137976   -1.900967   -1.919913   -0.741333   -1.190146   22.484    3.978   12.785 S_000002
   6 P  -128.384  113.180  162.852   86.269 -121.412  -87.458   58.577   34.811   87.922  -17.940    0.354485   -1.288841   -0.734645   -0.775911   -1.359654   -1.760900   -1.893358   -0.695028   -1.213425   26.226    3.932   18.281 S_000002
   7 P   -84.822  165.539   77.007   82.023 -144.893 -140.751   72.666   34.410  106.707  -90.371    0.361923   -1.369970   -0.578431   -0.767639   -1.551615   -1.568297   -1.785777   -0.612471   -1.270672   31.143    5.063   22.546 S_000002
   8 P   -39.386  143.183   66.348  128.814 -146.508  -87.217   73.642  -27.279  153.460   14.549    0.385538   -0.533763   -1.385414   -0.820177   -1.402552   -1.735938   -1.940365   -0.748786   -1.168511   36.294    5.784   25.686 S_000002
   9 P  -148.588  133.443  138.027   85.064 -127.867  -81.381   73.376   37.219   95.049  -13.856    0.320946   -1.350869   -0.610637   -0.781786   -1.471736   -1.659254   -1.868671   -0.699104   -1.208886   41.307    5.646   30.360 S_000002
  10 N  -108.501  109.143  136.134   75.216 -161.641  -65.319   58.354   43.308   94.704  -30.216    0.228707   -1.468780   -0.337643   -0.800482   -1.688991   -1.439407   -1.819122   -0.728875   -1.218763   45.468    5.097   34.836 S_000002
  11 H    29.138 -146.124   51.597   87.214    0.000    0.000   60.676   35.529   94.123 -145.071    0.330698   -1.325256   -0.673151   -0.795533   -1.431462   -1.705340   -1.899932   -0.700239   -1.210081   45.587    5.730   40.006 S_000002
SCORE:     9.943                  9.943          0          0          1    S_000003
   1 H     0.000  170.252   55.279   86.280  178.204  -70.369   84.242   34.352   91.671  -72.700    0.339441   -1.296617   -0.725065   -0.797585   -1.389215   -1.745870   -1.900980   -0.693082   -1.216579    3.794    0.984    0.238 S_000003
   2 N   -33.093 -130.852 -175.461   87.133 -152.771  -88.202 -124.391   29.404  112.805  179.945    0.355746   -1.339156   -0.638775   -0.836279   -1.583109   -1.569312   -1.879897   -0.694869   -1.218100    9.177    0.643   -1.782 S_000003
   3 P   -99.409 -138.065   58.850   78.274   41.151  135.708  147.046   23.496  124.132 -120.642    0.344839   -1.399023   -0.493459   -0.930887   -1.771306   -1.260873   -1.803696   -0.640982   -1.242939   14.338    2.522    2.679 S_000003
   4 N  -102.288 -114.811  152.099  152.073  -94.878  153.513  109.832  -37.104  159.441   32.450    0.319886   -0.166689   -1.482528   -0.788521   -1.122043   -1.900878   -1.935757   -0.712507   -1.193642   17.114    2.070    8.328 S_000003
   5 P   105.521  156.804  148.628  159.247 -128.125 -110.056   82.304  -40.995  149.473 -171.489    0.270028    0.135892   -1.494581   -0.790297   -0.798343   -2.074916   -1.911233   -0.674598   -1.221385   20.639    2.096   14.112 S_000003
   6 P  -147.370  132.427  163.030   85.740 -133.620  -84.078   67.702   34.176   93.870  -15.107    0.344463   -1.309014   -0.688719   -0.791759   -1.433451   -1.704701   -1.888885   -0.699291   -1.211989   23.774   -0.463   19.834 S_000003
   7 N   -66.760 -177.247   50.787   84.555 -151.138  -65.751   96.827   33.792   93.801  179.930    0.364329   -1.298432   -0.710348   -0.770296   -1.417551   -1.723714   -1.876311   -0.697963   -1.222169   25.925   -1.678   25.933 S_000003
   8 P   -58.446 -149.202   68.661  151.517  -94.388 -167.491  158.879  -36.566  157.616   66.657    0.314545   -0.058212   -1.465433   -0.758064   -0.951472   -2.024794   -1.934304   -0.600686   -1.266513   31.224   -2.033   29.573 S_000003
   9 P   -71.617  157.032   66.557   80.833 -143.877  -88.145   67.587   37.515  102.109  -74.646    0.311079   -1.406898   -0.483161   -0.792464   -1.614623   -1.519919   -1.809753   -0.665594   -1.247376   35.910   -2.859   33.854 S_000003
  10 N   -65.607  151.132   55.022  142.521 -123.938  150.369  128.204  -34.713  154.606  145.456    0.347972   -0.194171   -1.474977   -0.785965   -1.114012   -1.921431   -1.930939   -0.704817   -1.202440   39.334   -3.148   38.834 S_000003
  11 H   -69.576 -174.829   51.238   84.888    0.000    0.000   76.511   36.179   95.979  179.951    0.321919   -1.358389   -0.613646   -0.796109   -1.501683   -1.649752   -1.879558   -0.692305   -1.225035   43.777   -4.723   42.462 S_000003
SCORE:     9.849                  9.849          0          0          1    S_000004
   1 H     0.000  170.252   55.279   84.717 -166.393  -54.574   66.625   31.525   99.510  -12.357    0.336094   -1.341745   -0.628477   -0.825584   -1.561786   -1.589871   -1.893854   -0.735469   -1.190516    3.794    0.984    0.238 S_000004
   2 P   -33.122 -159.568  151.000  146.506 -145.092 -142.672   79.190  -33.668  154.217 -117.811    0.333818   -0.171529   -1.475823   -0.812366   -1.061031   -1.950460   -1.939960   -0.691146   -1.196381    8.595   -1.624   -1.485 S_000004
   3 P  -176.305  137.307  171.043   85.565 -130.646 -105.768   74.681   34.485   99.287   -2.152    0.332425   -1.340365   -0.638706   -0.805513   -1.489131   -1.649123   -1.873865   -0.673556   -1.222220   14.573   -3.094    2.303 S_000004
   4 P   -57.483  154.983   59.850   79.268 -121.099 -137.632   69.762   42.189   89.103  -77.614    0.305757   -1.414829   -0.439548   -0.728015   -1.574660   -1.542179   -1.824099   -0.738259   -1.208033   17.962   -4.648    7.427 S_000004
   5 P   149.773 -156.144  176.474   82.777 -155.799  -84.417   85.097   38.273   91.188  109.933    0.325799   -1.359624   -0.601698   -0.762572   -1.475146   -1.669392   -1.863222   -0.693642   -1.226962   21.905   -2.416   12.960 S_000004
   6 P   -63.250  175.683   65.794  149.949 -131.110 -149.590  116.670  -46.360  165.701  151.659    0.291047   -0.023190   -1.497427   -0.685692   -1.116595   -1.889345   -1.874813   -0.741826   -1.205416   25.788   -0.881   17.635 S_000004
   7 P   165.278  167.371  175.594   83.822 -158.281  -75.127   89.459   36.330   91.172 -137.030    0.339110   -1.327173   -0.662258   -0.772025   -1.433257   -1.708364   -1.881501   -0.696938   -1.221572   31.098    1.137   22.302 S_000004
   8 N  -174.783  120.716  177.399  150.472 -127.479 -150.643  -46.738  -38.379  156.036  172.165    0.295515   -0.075973   -1.493365   -0.801078   -1.032701   -1.963612   -1.942754   -0.690149   -1.211052   34.524    3.040   28.020 S_000004
   9 N   -66.675  147.257   64.635   83.861 -157.358  -75.046   89.223   38.510   94.318  172.285    0.324146   -1.378783   -0.542854   -0.758383   -1.534932   -1.606453   -1.835930   -0.693329   -1.230252   36.735    1.276   33.669 S_000004
  10 P   -57.339  159.421   49.942   82.964 -153.476 -129.513   81.831   39.448   88.867 -156.439    0.319742   -1.376296   -0.562992   -0.752316   -1.494447   -1.639681   -1.860906   -0.720321   -1.216097   40.423    0.680   38.107 S_000004
  11 H   -82.178 -165.428   53.598   83.281    0.000    0.000   72.106   37.954   90.652 -117.759    0.342432   -1.347988   -0.600142   -0.746419   -1.466831   -1.663055   -1.852498   -0.686791   -1.232263   43.795    0.969   44.194 S_000004
SCORE:    10.180                 10.180          0          1          0    S_000005
   1 H     0.000  170.252   55.279   79.036 -161.546  -75.731   70.491   43.383   90.626 -165.701    0.261243   -1.420376   -0.467608   -0.762265   -1.532168   -1.585658   -1.843486   -0.702470   -1.219549    3.794    0.984    0.238 S_000005
   2 N   155.428  157.268   59.224   89.828 -145.250  -55.070   74.627   35.757   92.501  -24.512    0.340837   -1.302382   -0.708854   -0.780761   -1.370890   -1.744255   -1.894628   -0.673378   -1.227032    8.521   -2.147   -3.643 S_000005
   3 P  -162.813  120.226  175.866   82.361 -130.482  -83.501   71.938   31.791  101.509  168.496    0.369909   -1.323004   -0.659604   -0.788295   -1.515888   -1.636180   -1.860290   -0.702304   -1.215513   12.572   -2.535    1.684 S_000005
   4 P   166.333  138.365   55.118  155.106 -121.207  176.665  100.537  -39.471  163.515  -78.552    0.339397   -0.011283   -1.487644   -0.733583   -0.968631   -1.983361   -1.893865   -0.720697   -1.225198   15.103   -3.769    8.238 S_000005
   5 N  -175.101 -147.674  159.572  141.718  176.133  146.872   62.364  -31.811 -103.226   76.911    0.331832   -0.177856   -1.485199   -0.843536   -1.029654   -1.962328   -1.977627   -0.691472   -1.204184   21.379   -2.708   11.590 S_000005
   6 P   148.676 -165.600 -170.434   82.795 -127.847  -99.219   77.270   36.905   94.303  -60.066    0.302431   -1.388814   -0.560459   -0.809846   -1.564362   -1.602826   -1.893046   -0.745849   -1.192433   25.585   -2.142   17.270 S_000005
   7 N  -148.162  164.915  118.385  145.355 -109.323 -178.043  158.161  -25.949  134.973  153.436    0.357113   -0.162484   -1.477571   -0.854725   -0.883260   -2.080780   -1.943630   -0.688761   -1.201220   30.163    0.451   22.091 S_000005
   8 P    68.538  167.213 -173.924   83.974 -172.672  -89.084  109.402   36.411   93.428  -17.431    0.327762   -1.350952   -0.618290   -0.783060   -1.493810   -1.662168   -1.884309   -0.717844   -1.208533   33.970    1.763   27.698 S_000005
   9 P   179.384  109.463 -179.306   83.839 -158.740  -52.055  120.779   32.850   99.335   19.855    0.340501   -1.350176   -0.625714   -0.813365   -1.547777   -1.612043   -1.885995   -0.722023   -1.202003   39.647    0.941   31.661 S_000005
  10 P  -147.435  127.997  166.630   86.010 -149.849  -52.650   54.071   32.987   94.972  179.900    0.337657   -1.321837   -0.696632   -0.821902   -1.464736   -1.697730   -1.911618   -0.702420   -1.208143   45.277   -0.122   34.507 S_000005
  11 H   109.504 -130.610  176.011   85.224    0.000    0.000   59.637   37.670   88.451  -14.736    0.331181   -1.327980   -0.659854   -0.766407   -1.408130   -1.725800   -1.884359   -0.696916   -1.219881   48.531    0.434   38.427 S_000005
SCORE:    10.127                 10.127          0          2          2    S_000006
   1 H     0.000  170.252   55.279   82.577 -154.541  -80.455   74.136   37.513  102.625  179.922    0.301745   -1.393398   -0.537790   -0.793823   -1.561664   -1.572721   -1.828057   -0.645736   -1.257904    3.794    0.984    0.238 S_000006
   2 N     0.000 -178.222 -177.298 -274.263  241.322  -64.590   55.313   36.986   93.123  -17.473    0.323018   -1.356134   -0.609112   -0.784259   -1.486730   -1.657312   -1.879952   -0.700803   -1.218633    8.597   -1.383   -2.063 S_000006
   3 N   -97.944  144.143  116.364  107.390 -146.299  170.116   62.722   -5.024  141.666   18.042    0.428033   -0.968284   -1.110263   -0.900109   -1.566329   -1.597061   -1.953408   -0.750813   -1.156653   12.416   -0.996    2.754 S_000006
   4 P  -141.884 -153.218   68.457  142.369  -78.259 -147.876  139.504  -33.072  154.475   16.775    0.336963   -0.296650   -1.449887   -0.804312   -1.209831   -1.869476   -1.932761   -0.730949   -1.184057   16.619   -3.221    8.123 S_000006
   5 N    58.613 -128.753 -143.587  112.838 -146.626 -165.066  132.608    4.919  123.114 -145.818    0.403241   -0.926770   -1.129895   -0.886065   -1.342956   -1.835181   -1.955315   -0.670969   -1.215761   21.441   -1.495   11.661 S_000006
   6 P    66.130  155.881  -61.655  144.963 -144.838 -142.478 -172.796  -32.612  150.588   99.950    0.350612   -0.202099   -1.471910   -0.803603   -1.079357   -1.943498   -1.930262   -0.705946   -1.190799   26.916   -1.530   15.892 S_000006
   7 P   164.357  159.365   60.226  155.732 -127.704  171.416  109.333  -39.352  157.983   71.282    0.316599   -0.047323   -1.489035   -0.763868   -1.016590   -1.968385   -1.910011   -0.701604   -1.218509   29.315    0.381   22.576 S_000006
   8 P   -77.650  150.409   52.151   82.655 -151.599  -87.320   72.365   36.570   92.996 -116.728    0.321708   -1.356398   -0.600438   -0.793777   -1.494361   -1.639970   -1.886227   -0.704962   -1.208511   33.162    0.898   27.087 S_000006
   9 N   -54.905 -179.787   52.984  131.374 -128.896  154.073  112.781  -21.146  143.722   17.580    0.415467   -0.432599   -1.404669   -0.834394   -1.156775   -1.922437   -1.939965   -0.702808   -1.188959   37.643   -0.142   31.436 S_000006
  10 P   137.952 -129.549  173.478   85.962 -134.617  -67.549   69.087   34.846   93.316 -174.890    0.352949   -1.292816   -0.703114   -0.776366   -1.392571   -1.735000   -1.885086   -0.678844   -1.226078   42.192    0.248   36.314 S_000006
  11 H   116.288 -132.790 -171.988   84.537    0.000    0.000   51.687   36.799   92.968  -18.821    0.330235   -1.358941   -0.606900   -0.777602   -1.498823   -1.653883   -1.873880   -0.703044   -1.220070   47.022   -1.632   38.165 S_000006
SCORE:    10.447                 10.447          0          0          3    S_000007
   1 H     0.000  170.252   55.279   79.645    0.000    0.000   78.056   37.564   95.080  -21.788    0.310819   -1.380481   -0.556628   -0.792154   -1.525303   -1.599243   -1.855303   -0.688813   -1.226645    3.794    0.984    0.238 S_000007
   2 P    95.509  173.563  169.932   85.212 -177.881   50.781  109.143   38.784   84.878 -112.788    0.313110   -1.352908   -0.619906   -0.769120   -1.443137   -1.693681   -1.889094   -0.721112   -1.209296    3.609    3.798    1.223 S_000007
   3 P  -171.138 -159.674  155.788   87.190 -128.050 -166.775   84.303   35.145   89.823 -155.916    0.321597   -1.298553   -0.720453   -0.812913   -1.374949   -1.752188   -1.910608   -0.679834   -1.214896    8.874    4.813    4.825 S_000007
   4 P   150.796 -161.910  178.356   86.097 -139.863  -62.292   43.499   34.285   97.369  -16.376    0.353702   -1.328244   -0.654287   -0.777898   -1.480747   -1.669247   -1.872892   -0.706980   -1.209412   12.034    4.109   11.264 S_000007
   5 N  -175.547  106.994   64.412  108.286  -74.246  153.496   70.246    6.174  143.243   -4.259    0.401714   -1.157875   -0.931547   -0.941990   -1.614438   -1.504884   -1.915754   -0.648170   -1.219256   14.810    5.648   17.392 S_000007
   6 P   -55.935  124.537   73.254   81.326 -164.904  -60.920   83.395   39.028   94.166  167.120    0.299158   -1.411126   -0.484256   -0.785230   -1.596045   -1.546450   -1.854806   -0.732660   -1.206181   18.513    6.169   21.021 S_000007
   7 P  -171.138 -159.674  155.788   87.190 -128.050 -166.775   84.303   35.145   89.823 -155.916    0.321597   -1.298553   -0.720453   -0.812913   -1.374949   -1.752188   -1.910608   -0.679834   -1.214896   23.953    5.920   24.752 S_000007
   8 P    62.159  178.988 -170.619  149.965 -103.312 -145.757  126.991  -39.736  164.357  173.689    0.323159   -0.192725   -1.473024   -0.749767   -1.208730   -1.842314   -1.917217   -0.720585   -1.212069   28.210    6.485   30.003 S_000007
   9 P   -82.645 -177.969   72.751  145.260 -157.503 -148.229  111.875  -38.545  157.429  -12.075    0.322205   -0.223436   -1.480851   -0.764697   -1.222995   -1.851784   -1.919902   -0.771160   -1.168755   32.747    6.114   35.229 S_000007
  10 N   156.206 -167.738 -170.879   84.580 -144.625  -58.211   59.260   35.291  101.679  -13.494    0.327934   -1.371793   -0.583068   -0.794657   -1.553461   -1.596619   -1.845835   -0.684503   -1.254648   38.627    4.872   39.165 S_000007
  11 H   -53.934  165.473   53.603   78.639    0.000    0.000   72.446   42.959   92.979  -32.040    0.277441   -1.445850   -0.352551   -0.747943   -1.675157   -1.459836   -1.817346   -0.762894   -1.201197   43.386    2.802   41.655 S_000007
SCORE:    10.024                 10.024          0          0          0    S_000008
   1 H     0.000  170.252   55.279   84.493 -162.763  -62.270   67.224   37.699   90.363 -172.076    0.315869   -1.366299   -0.586096   -0.776768   -1.509862   -1.642325   -1.882528   -0.736016   -1.202256    3.794    0.984    0.238 S_000008
   2 N   -37.990  163.048  116.213  122.568 -115.505 -174.244  163.830  -31.679  174.331  167.562    0.344945   -0.631474   -1.349273   -0.848585   -1.582038   -1.508015   -1.957747   -0.765967   -1.172506    8.311   -1.700   -1.218 S_000008
   3 P   105.521  156.804  148.628  159.247 -128.125 -110.056   82.304  -40.995  149.473 -171.489    0.270028    0.135892   -1.494581   -0.790297   -0.798343   -2.074916   -1.911233   -0.674598   -1.221385   14.624   -0.835    2.118 S_000008
   4 P   -73.802 -136.212   65.188   84.008   34.117   86.999  130.805   32.048   98.562  116.671    0.355706   -1.305993   -0.699935   -0.802109   -1.466333   -1.686197   -1.887904   -0.697291   -1.216880   20.446   -2.509    5.789 S_000008
   5 N   170.628 -165.875 -168.095   88.100 -146.025  -69.701   74.281   42.570   86.157  -18.932    0.269820   -1.368058   -0.613320   -0.764958   -1.393175   -1.735747   -1.891381   -0.711959   -1.210295   24.801   -1.084    9.759 S_000008
   6 N   167.952 -167.959  154.203  145.211 -155.376 -167.633   19.536  -32.174  148.043  -55.599    0.332777   -0.133501   -1.484945   -0.828850   -0.980089   -2.013944   -1.953344   -0.695714   -1.205944   26.760   -1.404   16.121 S_000008
   7 P   -68.290  165.624   53.091  148.683 -120.580  175.250  113.124  -37.907  158.220 -145.963    0.336084   -0.197418   -1.472562   -0.755729   -1.177993   -1.869278   -1.909839   -0.730576   -1.194448   31.179   -0.701   20.719 S_000008
   8 P   161.654 -159.092  171.013   84.543 -126.618  -54.084   61.531   37.151   92.130  -16.633    0.323967   -1.352421   -0.604691   -0.779216   -1.486332   -1.656893   -1.874092   -0.698570   -1.221323   36.366   -0.139   25.576 S_000008
   9 P   -36.918 -153.877   53.859  147.355 -138.787 -139.139  153.593  -34.813  154.010  100.837    0.332148   -0.170995   -1.476134   -0.798376   -1.082609   -1.936969   -1.934460   -0.703444   -1.197882   39.056    1.186   30.872 S_000008
  10 N   169.350  136.230   47.876  145.976 -103.546  158.996  112.526  -36.585  158.537  -90.836    0.326479   -0.230834   -1.472102   -0.783993   -1.195518   -1.870158   -1.928823   -0.746647   -1.180885   43.290    0.280   36.779 S_000008
  11 H   -67.542  158.226   61.116   80.517    0.000    0.000   90.529   40.122   87.735  -19.955    0.316089   -1.385990   -0.544376   -0.746052   -1.510623   -1.630513   -1.854375   -0.739505   -1.201902   45.766    0.973   41.921 S_000008
SCORE:    10.120                 10.120          0          0          0    S_000009
   1 H     0.000  170.252   55.279   81.010 -175.462  -69.911   83.921   38.414   93.710  -72.975    0.307635   -1.392227   -0.541660   -0.783966   -1.547719   -1.602799   -1.862096   -0.710527   -1.218296    3.794    0.984    0.238 S_000009
   2 N   110.888  139.910   67.841   80.616 -174.951 -160.740   45.486   41.742   89.525  151.354    0.265210   -1.437992   -0.434212   -0.787086   -1.613045   -1.531493   -1.866842   -0.755859   -1.195896    8.628   -2.366   -2.663 S_000009
   3 P  -173.910 -150.992  149.500  127.998 -128.911 -142.558   91.482   -6.193  136.127   15.787    0.408280   -0.788743   -1.262842   -0.923571   -1.317920   -1.806812   -1.984235   -0.740556   -1.116661   13.260   -3.610    2.750 S_000009
   4 N   -78.017  176.745   52.989   83.231 -125.383 -136.381   89.349   39.211   88.312 -173.416    0.314224   -1.351951   -0.617369   -0.765357   -1.433040   -1.698826   -1.877253   -0.684658   -1.230427   17.010   -6.126    7.882 S_000009
   5 P    97.044 -159.469  179.707  155.744  -97.613 -167.920  -41.320  -40.876  161.823 -176.176    0.303889   -0.071282   -1.489084   -0.757469   -1.076729   -1.923939   -1.915183   -0.715022   -1.208509   20.697   -4.311   13.256 S_000009
   6 N  -129.028 -163.582   48.553  135.468 -141.911 -174.848  157.057  -27.178  160.516  155.765    0.423310   -0.241784   -1.447837   -0.777242   -1.015377   -1.948135   -1.915235   -0.727216   -1.192394   24.089   -3.608   19.398 S_000009
   7 N   -43.535  118.819   65.152   76.041 -141.018  -78.315   69.568   44.720   89.587  179.912    0.269162   -1.464497   -0.354288   -0.739781   -1.645168   -1.489204   -1.873605   -0.839715   -1.149237   27.165   -2.091   23.679 S_000009
   8 N  -148.162  164.915  118.385  145.355 -109.323 -178.043  158.161  -25.949  134.973  153.436    0.357113   -0.162484   -1.477571   -0.854725   -0.883260   -2.080780   -1.943630   -0.688761   -1.201220   32.396   -1.065   28.085 S_000009
   9 P  -160.249  166.068  171.487   91.115 -136.630 -101.713   76.539   34.876   95.142  175.357    0.323572   -1.335492   -0.650661   -0.813480   -1.473315   -1.673547   -1.901744   -0.711585   -1.198626   36.703   -1.253   33.499 S_000009
  10 P    97.044 -159.469  179.707  155.744  -97.613 -167.920  -41.320  -40.876  161.823 -176.176    0.303889   -0.071282   -1.489084   -0.757469   -1.076729   -1.923939   -1.915183   -0.715022   -1.208509   38.953    0.072   39.295 S_000009
  11 H   -69.691 -174.450   56.907   83.367    0.000    0.000   78.338   38.990   93.338  -20.853    0.313853   -1.369152   -0.590395   -0.765335   -1.479359   -1.664465   -1.863503   -0.686610   -1.235365   41.152   -1.163   45.437 S_000009
SCORE:     9.911                  9.911          0          0          0    S_000010
   1 H     0.000  170.252   55.279   69.556  172.193  -54.770   80.204   44.678   92.099  -71.828    0.209268   -1.476412   -0.319615   -0.813337   -1.661099   -1.442447   -1.827089   -0.694816   -1.227437    3.794    0.984    0.238 S_000010
   2 P   -73.688  154.833   59.185  146.485 -111.162  175.140  119.829  -32.346  150.459   20.864    0.348829   -0.220202   -1.465450   -0.808985   -1.098138   -1.929436   -1.939839   -0.717382   -1.183677    8.737    0.451   -1.168 S_000010
   3 P   161.023  139.121   55.500  153.727 -123.271  175.609   98.961  -39.837  160.777  -92.184    0.316133   -0.114002   -1.485065   -0.754793   -1.110128   -1.910535   -1.913633   -0.713393   -1.208659   15.649    0.699   -0.550 S_000010
   4 P   151.188 -149.945  166.728   83.016 -116.753  -83.742   71.525   36.275   88.911  -14.365    0.346896   -1.311639   -0.689927   -0.767421   -1.393740   -1.738849   -1.889779   -0.692785   -1.215212   20.273    3.477    4.018 S_000010
   5 P  -126.250  106.011  168.977   85.439 -139.330  -69.420   50.139   35.086   94.746  179.888    0.323314   -1.344139   -0.631905   -0.807581   -1.496027   -1.655632   -1.891815   -0.714598   -1.199423   24.296    4.374    9.025 S_000010
   6 P   178.953  121.420   60.039  137.761  -89.783  162.171   95.568  -36.201  164.047  -85.504    0.329547   -0.376318   -1.443259   -0.795164   -1.365299   -1.724089   -1.935867   -0.737984   -1.183291   29.909    4.170   13.198 S_000010
   7 P  -173.910 -150.992  149.500  127.998 -128.911 -142.558   91.482   -6.193  136.127   15.787    0.408280   -0.788743   -1.262842   -0.923571   -1.317920   -1.806812   -1.984235   -0.740556   -1.116661   33.677    7.832   17.641 S_000010
   8 N   -56.242  153.978   73.770  143.307  -64.114 -150.572   93.283  -33.396  151.190  -50.064    0.346664   -0.307654   -1.452388   -0.793983   -1.232638   -1.858935   -1.934948   -0.784899   -1.156824   37.824    9.809   22.118 S_000010
   9 N   -56.958  163.068   62.833   78.275 -158.338  -85.672   79.954   42.971   90.044  -18.604    0.294655   -1.424965   -0.469519   -0.729337   -1.548088   -1.583633   -1.860058   -0.766679   -1.201017   42.907   11.408   26.078 S_000010
  10 P   161.921 -139.165  171.084  140.378 -102.348  161.473  147.689  -28.420  150.366   21.418    0.399046   -0.297674   -1.438023   -0.785233   -1.122437   -1.922316   -1.917220   -0.695077   -1.203103   47.879    8.605   29.189 S_000010
  11 H   -64.623  176.053   48.495   78.041    0.000    0.000   80.975   32.724  105.971 -170.041    0.324151   -1.417025   -0.463753   -0.834370   -1.718944   -1.411549   -1.833947   -0.742481   -1.201851   50.849   10.516   34.018 S_000010
