SEQUENCE: gug
SCORE:     score    rna_stub_coord_hack       N_WC      N_NWC       N_BS description
REMARK RNA 
SCORE:     0.194                  0.194          0          1          0    S_000001
   1 H     0.000  170.252   55.279  127.022    0.000    0.000  120.272  -28.141  164.873 -109.437    0.366655   -0.637975   -1.321161   -0.848850   -1.543918   -1.564061   -1.904722   -0.692959   -1.215477    3.794    0.984    0.238 S_000001
   2 P   -55.709  158.450  174.873   86.170 -167.873  -61.165   67.351   35.968   94.793 -160.099    0.331594   -1.348467   -0.622729   -0.786513   -1.489990   -1.658368   -1.887246   -0.718949   -1.208133    2.764    2.556    0.987 S_000001
   3 H   -95.037 -163.260   57.651   86.315    0.000    0.000   69.487   36.288   95.442  179.899    0.325006   -1.351129   -0.620260   -0.790367   -1.486167   -1.658521   -1.876942   -0.687235   -1.228412   -3.406    2.111    2.869 S_000001
SCORE:     0.194                  0.194          0          0          0    S_000002
   1 H     0.000  170.252   55.279   73.889    0.000    0.000   85.202   38.003   94.294  179.906    0.324558   -1.362284   -0.601968   -0.769579   -1.477639   -1.663404   -1.861990   -0.672933   -1.241372    3.794    0.984    0.238 S_000002
   2 P   -55.709  158.450  174.873   86.170 -167.873  -61.165   67.351   35.968   94.793 -160.099    0.331594   -1.348467   -0.622729   -0.786513   -1.489990   -1.658368   -1.887246   -0.718949   -1.208133    2.420    2.172    1.131 S_000002
   3 H   -78.355  173.623   60.313   80.276    0.000    0.000   80.949   39.195   89.054  -28.981    0.303292   -1.390400   -0.526576   -0.780120   -1.537650   -1.598091   -1.869613   -0.723854   -1.204623   -0.237    1.072    6.359 S_000002
SCORE:     0.194                  0.194          0          1          0    S_000003
   1 H     0.000  170.252   55.279   76.435    0.000    0.000   74.974   48.469   80.568  179.910    0.218071   -1.458131   -0.367419   -0.733342   -1.546656   -1.548629   -1.846276   -0.735563   -1.207591    3.794    0.984    0.238 S_000003
   2 P   -55.709  158.450  174.873   86.170 -167.873  -61.165   67.351   35.968   94.793 -160.099    0.331594   -1.348467   -0.622729   -0.786513   -1.489990   -1.658368   -1.887246   -0.718949   -1.208133    2.429    2.193    1.116 S_000003
   3 H   -71.492  173.726   48.158   82.693    0.000    0.000   70.047   36.676   92.621  -22.549    0.322379   -1.373864   -0.573371   -0.787059   -1.545501   -1.615635   -1.883003   -0.745675   -1.198332   -0.362    1.164    6.202 S_000003
SCORE:     0.190                  0.190          0          0          0    S_000004
   1 H     0.000  170.252   55.279  127.136  -52.626   44.243  154.204   -8.465  138.710   17.604    0.428365   -0.837053   -1.212904   -0.890568   -1.439527   -1.699717   -2.006484   -0.813610   -1.094998    3.794    0.984    0.238 S_000004
   2 N   -58.646 -136.867  165.496   86.935 -125.346  -88.002   76.209   31.581   97.007  -10.818    0.364527   -1.301897   -0.704869   -0.801748   -1.468383   -1.689487   -1.901901   -0.714305   -1.203015    2.457    3.715   -0.739 S_000004
   3 H   -55.053  176.791   48.229   83.106    0.000    0.000   81.083   35.255   96.000  -67.371    0.326995   -1.341258   -0.643154   -0.804048   -1.477176   -1.669630   -1.894905   -0.695508   -1.215071   -3.885    3.496    0.635 S_000004
SCORE:     0.194                  0.194          0          0          0    S_000005
   1 H     0.000  170.252   55.279   82.268    0.000    0.000   84.560   40.809   90.339  -25.432    0.289159   -1.412264   -0.492780   -0.772959   -1.555175   -1.582023   -1.852563   -0.704138   -1.220798    3.794    0.984    0.238 S_000005
   2 P   -55.709  158.450  174.873   86.170 -167.873  -61.165   67.351   35.968   94.793 -160.099    0.331594   -1.348467   -0.622729   -0.786513   -1.489990   -1.658368   -1.887246   -0.718949   -1.208133    2.452    2.240    1.085 S_000005
   3 H   -43.800 -163.079   63.258   90.341    0.000    0.000   54.473   36.051   87.832  -24.596    0.334450   -1.296505   -0.726090   -0.782551   -1.353780   -1.769918   -1.908684   -0.704375   -1.210037   -0.660    1.080    5.965 S_000005
SCORE:     0.194                  0.194          0          0          0    S_000006
   1 H     0.000  170.252   55.279   75.229    0.000    0.000   84.810   32.692  104.524  -25.139    0.329248   -1.393905   -0.539369   -0.835819   -1.640832   -1.503517   -1.867428   -0.723047   -1.202862    3.794    0.984    0.238 S_000006
   2 P   -55.709  158.450  174.873   86.170 -167.873  -61.165   67.351   35.968   94.793 -160.099    0.331594   -1.348467   -0.622729   -0.786513   -1.489990   -1.658368   -1.887246   -0.718949   -1.208133    2.425    2.183    1.123 S_000006
   3 H   168.254  177.755  176.637   87.917    0.000    0.000   63.522   37.294   81.759  -28.116    0.350771   -1.237056   -0.803365   -0.747710   -1.202310   -1.866905   -1.902792   -0.723591   -1.200802   -1.900    0.643    5.830 S_000006
SCORE:     0.194                  0.194          0          0          0    S_000007
   1 H     0.000  170.252   55.279   73.889    0.000    0.000   85.202   38.003   94.294  179.906    0.324558   -1.362284   -0.601968   -0.769579   -1.477639   -1.663404   -1.861990   -0.672933   -1.241372    3.794    0.984    0.238 S_000007
   2 P   -55.709  158.450  174.873   86.170 -167.873  -61.165   67.351   35.968   94.793 -160.099    0.331594   -1.348467   -0.622729   -0.786513   -1.489990   -1.658368   -1.887246   -0.718949   -1.208133    2.420    2.172    1.131 S_000007
   3 H   167.951 -169.122  170.902   83.825    0.000    0.000   59.140   36.651   96.046  -18.383    0.305434   -1.385407   -0.562517   -0.808813   -1.544532   -1.589594   -1.876296   -0.702368   -1.211501   -1.972    0.798    5.698 S_000007
SCORE:     0.194                  0.194          0          0          1    S_000008
   1 H     0.000  170.252   55.279   70.818    0.000    0.000   82.175   38.203   96.060  -25.628    0.302775   -1.426520   -0.431591   -0.795970   -1.667974   -1.477409   -1.858561   -0.762801   -1.190651    3.794    0.984    0.238 S_000008
   2 P   -55.709  158.450  174.873   86.170 -167.873  -61.165   67.351   35.968   94.793 -160.099    0.331594   -1.348467   -0.622729   -0.786513   -1.489990   -1.658368   -1.887246   -0.718949   -1.208133    2.412    2.148    1.149 S_000008
   3 H   153.463 -152.604 -179.461   84.033    0.000    0.000   58.451   36.405   96.503  -21.744    0.322883   -1.367332   -0.594503   -0.793235   -1.519745   -1.632095   -1.872868   -0.697041   -1.219996   -1.968    1.122    5.409 S_000008
SCORE:     0.194                  0.194          0          0          1    S_000009
   1 H     0.000  170.252   55.279   78.554    0.000    0.000   86.817   43.655   88.646  178.507    0.268904   -1.429920   -0.443335   -0.754686   -1.576995   -1.579565   -1.864155   -0.753530   -1.200287    3.794    0.984    0.238 S_000009
   2 P   -55.709  158.450  174.873   86.170 -167.873  -61.165   67.351   35.968   94.793 -160.099    0.331594   -1.348467   -0.622729   -0.786513   -1.489990   -1.658368   -1.887246   -0.718949   -1.208133    2.437    2.210    1.104 S_000009
   3 H   -59.065  170.859   54.061   81.186    0.000    0.000   75.221   38.567   92.801 -150.111    0.312489   -1.384770   -0.548435   -0.775369   -1.530952   -1.612318   -1.865604   -0.712001   -1.217152   -0.410    1.404    5.983 S_000009
SCORE:     0.194                  0.194          0          0          0    S_000010
   1 H     0.000  170.252   55.279 -140.542    0.000    0.000 -102.528   36.505 -150.845  179.953    0.244974   -0.234462    1.463758   -0.875193   -1.203075    1.896484   -1.994603   -0.748168    1.168483    3.794    0.984    0.238 S_000010
   2 P   -55.709  158.450  174.873   86.170 -167.873  -61.165   67.351   35.968   94.793 -160.099    0.331594   -1.348467   -0.622729   -0.786513   -1.489990   -1.658368   -1.887246   -0.718949   -1.208133    3.439    2.507    1.522 S_000010
   3 H   -53.886  157.864   71.583   81.801    0.000    0.000   77.686   34.869  102.092 -170.054    0.315908   -1.408240   -0.477271   -0.816278   -1.672689   -1.468636   -1.860721   -0.761276   -1.189826    0.419    6.956    0.932 S_000010
