SEQUENCE: gaaaaag
SCORE:     score    rna_stub_coord_hack       N_WC      N_NWC       N_BS description
REMARK RNA 
SCORE:     8.880                  8.880          0          0          0    S_000001
   1 H     0.000  170.252   55.279   86.771 -126.188  -19.048   92.029   31.338  101.708  -15.240    0.338422   -1.359656   -0.606643   -0.833231   -1.590892   -1.560265   -1.896153   -0.751303   -1.174090    3.794    0.984    0.238 S_000001
   2 N    34.366  152.256 -168.768  109.494 -139.854  -72.299   93.670   12.959  104.291 -134.734    0.407763   -0.933913   -1.143585   -0.857361   -1.174868   -1.958150   -1.945325   -0.677663   -1.211565    2.436   -2.900   -1.993 S_000001
   3 P  -121.268   96.255  160.858   84.068 -129.224  -75.533   52.974   39.319   83.507  163.622    0.314545   -1.331005   -0.665243   -0.765492   -1.368406   -1.749613   -1.901059   -0.720680   -1.199163   -2.803   -4.938    0.500 S_000001
   4 P   171.747  153.395  159.041  148.712 -150.900 -143.856  163.298  -31.676  141.216  -34.261    0.335662   -0.099384   -1.482186   -0.823846   -0.920479   -2.044532   -1.934389   -0.708140   -1.198506   -8.749   -7.775    2.875 S_000001
   5 N   -68.246 -179.265   60.610   82.394 -166.940 -101.879   80.724   34.938   96.446 -174.394    0.326881   -1.364842   -0.584319   -0.805091   -1.547696   -1.595186   -1.878234   -0.725880   -1.199119  -13.867  -12.064    3.609 S_000001
   6 P   -57.242  171.948   53.624   93.966 -149.841 -103.001  106.732   28.910  100.177 -153.013    0.366142   -1.233384   -0.826011   -0.830207   -1.353338   -1.778621   -1.926226   -0.664622   -1.214413  -19.429  -14.718    4.222 S_000001
   7 H   -66.206  167.390   67.133   74.844    0.000    0.000   78.812   39.213   95.629  179.935    0.293400   -1.436948   -0.409787   -0.790320   -1.666435   -1.460730   -1.840695   -0.758997   -1.192066  -24.859  -17.664    5.951 S_000001
SCORE:     9.064                  9.064          0          1          2    S_000002
   1 H     0.000  170.252   55.279  115.386 -110.876   62.778  106.720  -15.167  148.845    2.881    0.421442   -0.753672   -1.271996   -0.855893   -1.461097   -1.705731   -1.960090   -0.726764   -1.187763    3.794    0.984    0.238 S_000002
   2 P  -106.372   87.012  163.300   89.223 -126.155  -71.902   58.053   24.477  104.877  -76.828    0.377553   -1.257416   -0.781825   -0.846638   -1.515195   -1.669047   -1.911555   -0.731597   -1.183915    1.930    0.728   -2.399 S_000002
   3 N   -82.271  172.114   71.616   80.521 -160.375  -99.196   70.829   44.016   88.946  179.870    0.249433   -1.421755   -0.466358   -0.764929   -1.531784   -1.596253   -1.827971   -0.670077   -1.241417   -4.340   -0.732   -2.835 S_000002
   4 P   -39.399  168.770   55.356  142.140 -142.741  175.589  120.987  -35.450  159.437  -98.096    0.330665   -0.302125   -1.453233   -0.794861   -1.264725   -1.819140   -1.936530   -0.724980   -1.198310  -10.314   -0.665   -3.857 S_000002
   5 P   119.802 -147.111 -144.526  109.569 -143.800  -81.732   76.992   10.507  113.777 -142.370    0.392724   -1.039526   -1.039210   -0.879472   -1.411159   -1.786625   -1.952807   -0.730573   -1.180027  -17.053   -0.294   -3.732 S_000002
   6 N   160.380  178.006 -175.911   81.427 -138.097  -68.862   64.237   40.356   94.732  168.924    0.345587   -1.380057   -0.526857   -0.712433   -1.520110   -1.625664   -1.795151   -0.681104   -1.268351  -23.923   -0.437   -3.340 S_000002
   7 H   -65.849 -179.203   51.254   81.557    0.000    0.000   74.989   35.804   96.641  179.894    0.344147   -1.369942   -0.554093   -0.764345   -1.567465   -1.573833   -1.853967   -0.741015   -1.198244  -30.140   -0.441   -4.515 S_000002
SCORE:     9.016                  9.016          0          0          2    S_000003
   1 H     0.000  170.252   55.279  121.451 -119.213  -23.893  130.975  -17.964  148.634  112.333    0.394088   -0.667800   -1.317514   -0.885196   -1.400416   -1.744772   -1.965543   -0.728317   -1.160505    3.794    0.984    0.238 S_000003
   2 P   101.752 -175.985  164.754   99.867 -140.002  -76.758  -47.051   19.810  100.812 -117.097    0.419885   -1.076911   -1.001370   -0.809340   -1.285710   -1.878225   -1.935095   -0.772886   -1.164892    2.429   -1.470   -4.103 S_000003
   3 N   162.851 -174.181  174.872   89.117 -135.686  -80.471   74.982   34.691   91.621  -18.571    0.348335   -1.303500   -0.710850   -0.781973   -1.406205   -1.739385   -1.894539   -0.695738   -1.212818   -4.330   -1.073   -4.395 S_000003
   4 P  -113.048   87.793  161.757   80.761 -150.133  -80.079   56.362   38.461   90.815  179.915    0.317095   -1.375276   -0.571081   -0.772358   -1.505567   -1.636408   -1.873034   -0.714132   -1.212907  -10.320   -0.607   -4.646 S_000003
   5 P  -170.614  171.306  161.607   77.746 -114.502  -71.913   54.684   36.491   93.399  130.410    0.335231   -1.349746   -0.596634   -0.776451   -1.492991   -1.635436   -1.852206   -0.684802   -1.215519  -16.740   -3.122   -5.533 S_000003
   6 N  -149.449  161.904  169.889   81.813 -145.400  -65.994  120.751   29.215  116.975    7.240    0.321253   -1.415703   -0.497345   -0.892978   -1.732380   -1.385977   -1.824266   -0.691127   -1.230135  -23.521   -2.470   -4.932 S_000003
   7 H   -75.289 -160.327   48.758  120.360    0.000    0.000  125.023  -24.360  149.928  150.296    0.429705   -0.218499   -1.441488   -0.784290   -0.930746   -2.032190   -1.934787   -0.629918   -1.264334  -30.034   -1.710   -4.581 S_000003
SCORE:     8.739                  8.739          0          0          1    S_000004
   1 H     0.000  170.252   55.279  134.600 -118.684  -27.201  114.011  -21.444  147.509   11.369    0.428700   -0.462523   -1.384120   -0.829049   -1.202586   -1.862737   -1.937559   -0.679380   -1.194235    3.794    0.984    0.238 S_000004
   2 P    92.790 -131.652 -169.726   85.409 -153.264  -70.781   60.740   30.905  110.617   -3.839    0.360602   -1.345547   -0.609216   -0.812863   -1.584897   -1.561908   -1.862424   -0.686320   -1.225134    2.598   -0.870   -3.356 S_000004
   3 N   -72.611 -175.292   47.588   80.293 -166.756  -91.353  111.062   42.270   81.066  179.938    0.325671   -1.339765   -0.646182   -0.704063   -1.347885   -1.772405   -1.865620   -0.708321   -1.234725   -3.347   -2.536   -4.872 S_000004
   4 P   171.747  153.395  159.041  148.712 -150.900 -143.856  163.298  -31.676  141.216  -34.261    0.335662   -0.099384   -1.482186   -0.823846   -0.920479   -2.044532   -1.934389   -0.708140   -1.198506   -9.675   -0.912   -7.394 S_000004
   5 P   153.576 -137.498 -175.281   83.857 -102.787 -103.937   50.086   29.192  107.047  -14.087    0.360236   -1.330018   -0.656551   -0.827896   -1.577528   -1.591584   -1.886986   -0.727617   -1.202004  -16.593   -0.137   -7.192 S_000004
   6 P  -133.435  121.623  159.513   84.107 -132.282  -83.506   67.169   34.547   94.201  -27.447    0.328492   -1.348144   -0.633645   -0.807308   -1.509568   -1.647897   -1.897709   -0.723428   -1.200444  -23.048    0.382   -9.226 S_000004
   7 H    47.137  172.082   54.225   83.537    0.000    0.000   60.788   38.707   87.298  -19.126    0.315600   -1.368376   -0.594479   -0.769140   -1.480492   -1.666214   -1.883932   -0.729124   -1.203670  -28.805    1.033  -11.114 S_000004
SCORE:     8.810                  8.810          0          0          1    S_000005
   1 H     0.000  170.252   55.279  139.617  -64.455  -57.871  122.140  -32.334  161.821   27.534    0.339228   -0.380930   -1.427342   -0.789282   -1.309719   -1.850957   -1.890868   -0.709111   -1.230885    3.794    0.984    0.238 S_000005
   2 P    92.790 -131.652 -169.726   85.409 -153.264  -70.781   60.740   30.905  110.617   -3.839    0.360602   -1.345547   -0.609216   -0.812863   -1.584897   -1.561908   -1.862424   -0.686320   -1.225134    2.831    0.858   -3.842 S_000005
   3 P   152.804  179.450  178.912   87.198 -154.572  -78.725   73.493   37.836   90.078  169.479    0.323288   -1.361977   -0.597100   -0.768408   -1.488119   -1.654360   -1.884994   -0.739724   -1.191211   -3.589    1.490   -5.501 S_000005
   4 N  -174.783  120.716  177.399  150.472 -127.479 -150.643  -46.738  -38.379  156.036  172.165    0.295515   -0.075973   -1.493365   -0.801078   -1.032701   -1.963612   -1.942754   -0.690149   -1.211052  -10.411    2.750   -6.282 S_000005
   5 P  -104.993  127.762   90.615   79.264 -133.815  -75.470   56.583   38.260   94.324  -26.479    0.301404   -1.426043   -0.432946   -0.785314   -1.672634   -1.473623   -1.854459   -0.791924   -1.170323  -14.999    2.449  -10.548 S_000005
   6 P  -178.202  137.711  175.039   87.326 -100.817 -124.463   72.525   37.168   89.000 -168.297    0.333828   -1.301826   -0.705042   -0.771433   -1.348062   -1.762967   -1.894852   -0.676530   -1.222789  -21.656    1.716  -12.691 S_000005
   7 H   -94.743 -147.088   54.127   80.717    0.000    0.000   88.386   39.849   89.748  130.695    0.302682   -1.412248   -0.481910   -0.767414   -1.592181   -1.558995   -1.864599   -0.773772   -1.183152  -27.041    5.863  -15.044 S_000005
SCORE:     8.761                  8.761          0          0          1    S_000006
   1 H     0.000  170.252   55.279  105.479  -70.748  -50.373  109.237    8.065  139.448  -20.886    0.394751   -1.167533   -0.930065   -0.938030   -1.599286   -1.540678   -1.920623   -0.668067   -1.209345    3.794    0.984    0.238 S_000006
   2 P    62.159  178.988 -170.619  149.965 -103.312 -145.757  126.991  -39.736  164.357  173.689    0.323159   -0.192725   -1.473024   -0.749767   -1.208730   -1.842314   -1.917217   -0.720585   -1.212069    1.552   -0.795   -3.519 S_000006
   3 N   167.952 -167.959  154.203  145.211 -155.376 -167.633   19.536  -32.174  148.043  -55.599    0.332777   -0.133501   -1.484945   -0.828850   -0.980089   -2.013944   -1.953344   -0.695714   -1.205944   -5.653   -1.506   -4.324 S_000006
   4 P  -178.516  158.447   72.087  115.473  -89.182  116.027   81.421   -8.948  145.287    5.631    0.436888   -0.843457   -1.200527   -0.869876   -1.469310   -1.688934   -1.948108   -0.724424   -1.179181  -12.601   -2.519   -6.056 S_000006
   5 P   139.901 -101.394 -178.561  141.920 -123.942 -144.089   80.191  -30.931  156.102   31.126    0.358691   -0.354753   -1.434289   -0.818117   -1.244867   -1.828128   -1.948415   -0.714488   -1.176518  -18.363   -3.635   -4.977 S_000006
   6 P   133.089  -91.281 -152.976   84.085 -138.164  -70.632   61.393   34.995   97.498  -23.917    0.340580   -1.359055   -0.600237   -0.787833   -1.539140   -1.620150   -1.869950   -0.710070   -1.214992  -24.693   -4.082   -4.751 S_000006
   7 H   -70.311  174.542   51.448   84.612    0.000    0.000   86.757   40.096   90.086  -22.445    0.298708   -1.379209   -0.572854   -0.769022   -1.483461   -1.662647   -1.871194   -0.699376   -1.227501  -30.178   -7.063   -3.861 S_000006
SCORE:     8.624                  8.624          0          0          0    S_000007
   1 H     0.000  170.252   55.279  109.791  -86.031  -28.716   97.324   -4.072  154.605    3.658    0.432992   -1.060617   -0.993306   -0.892079   -1.672394   -1.421786   -1.913007   -0.735767   -1.171156    3.794    0.984    0.238 S_000007
   2 P   164.357  159.365   60.226  155.732 -127.704  171.416  109.333  -39.352  157.983   71.282    0.316599   -0.047323   -1.489035   -0.763868   -1.016590   -1.968385   -1.910011   -0.701604   -1.218509    1.845   -0.343   -4.873 S_000007
   3 P  -141.884 -153.218   68.457  142.369  -78.259 -147.876  139.504  -33.072  154.475   16.775    0.336963   -0.296650   -1.449887   -0.804312   -1.209831   -1.869476   -1.932761   -0.730949   -1.184057   -4.724   -2.870   -5.690 S_000007
   4 N  -139.048  166.464  170.340   86.512 -154.158  -65.732   70.175   34.223   96.956   10.890    0.341865   -1.327089   -0.657684   -0.792520   -1.472840   -1.667874   -1.873415   -0.684865   -1.220649  -11.097   -5.158   -3.818 S_000007
   5 N   167.952 -167.959  154.203  145.211 -155.376 -167.633   19.536  -32.174  148.043  -55.599    0.332777   -0.133501   -1.484945   -0.828850   -0.980089   -2.013944   -1.953344   -0.695714   -1.205944  -17.679   -4.974   -3.446 S_000007
   6 P   -47.346  176.379   51.351   79.055 -173.509 -118.383   80.508   36.074   97.726 -142.917    0.325644   -1.385201   -0.543069   -0.791972   -1.583275   -1.568525   -1.862350   -0.736123   -1.202374  -23.123   -7.386   -1.031 S_000007
   7 H   -67.525  170.211   63.607   83.253    0.000    0.000   69.428   38.627   96.405  179.911    0.303306   -1.375747   -0.561884   -0.783908   -1.516351   -1.631018   -1.857186   -0.665154   -1.245855  -28.696   -9.932   -2.584 S_000007
SCORE:     8.731                  8.731          0          0          1    S_000008
   1 H     0.000  170.252   55.279   81.801  179.208   51.891   79.991   40.374   91.278  -73.315    0.272764   -1.404080   -0.530305   -0.796586   -1.524016   -1.612260   -1.880140   -0.705264   -1.214433    3.794    0.984    0.238 S_000008
   2 N    56.934 -178.628   57.725   94.628   50.935  147.073   96.798   22.691  103.535   53.375    0.421820   -1.117502   -0.945682   -0.809555   -1.279508   -1.836961   -1.925424   -0.679122   -1.211046    2.629   -2.742   -3.685 S_000008
   3 P  -177.185 -173.566  155.371  145.456  -98.754  179.352  138.838  -24.197  141.689  170.602    0.366879   -0.185448   -1.467973   -0.847005   -0.869502   -2.069646   -1.938630   -0.653402   -1.218242   -2.825   -4.996    0.026 S_000008
   4 P   164.488 -114.005 -156.984   84.693 -175.807  -69.979   51.748   34.903   98.384  -74.143    0.334074   -1.360844   -0.599996   -0.791179   -1.546085   -1.615586   -1.873725   -0.716463   -1.216816   -8.520   -8.688    1.662 S_000008
   5 P   148.018 -159.875 -170.615   87.549 -119.792 -112.836  138.540   18.188  129.368 -128.410    0.355368   -1.375549   -0.603355   -0.943437   -1.797650   -1.296900   -1.849026   -0.736252   -1.191218  -13.806  -11.384    3.518 S_000008
   6 P  -127.098 -118.371 -175.896   81.208  178.526  -67.112   87.047   27.341  111.615  177.088    0.350710   -1.380316   -0.536550   -0.864500   -1.712024   -1.401043   -1.876825   -0.710853   -1.179871  -18.736  -15.957    6.264 S_000008
   7 H   161.744  169.106  173.623   81.606    0.000    0.000   69.278   41.729   83.309  179.914    0.274289   -1.404907   -0.553146   -0.778332   -1.483589   -1.658768   -1.881511   -0.748940   -1.193772  -23.243  -20.035    8.653 S_000008
SCORE:     8.860                  8.860          0          0          0    S_000009
   1 H     0.000  170.252   55.279   89.825 -120.790  -28.608   68.904   21.657  114.062  -19.005    0.377024   -1.269873   -0.761229   -0.871602   -1.588107   -1.592187   -1.923696   -0.749276   -1.172628    3.794    0.984    0.238 S_000009
   2 P    64.933  133.624  179.362  114.853 -147.588  -66.485   65.255    5.699  113.431 -141.561    0.425503   -0.843776   -1.193064   -0.854915   -1.190691   -1.934985   -1.953380   -0.669601   -1.216070    2.104   -2.669   -3.014 S_000009
   3 N  -148.162  164.915  118.385  145.355 -109.323 -178.043  158.161  -25.949  134.973  153.436    0.357113   -0.162484   -1.477571   -0.854725   -0.883260   -2.080780   -1.943630   -0.688761   -1.201220   -3.429   -5.672   -0.569 S_000009
   4 P   156.238 -179.304  175.189   84.171 -131.747  -78.081   61.660   33.664   96.247  -22.960    0.339854   -1.342789   -0.627972   -0.797072   -1.523909   -1.623702   -1.875191   -0.725767   -1.201238   -8.324  -10.391    1.659 S_000009
   5 P  -128.384  113.180  162.852   86.269 -121.412  -87.458   58.577   34.811   87.922  -17.940    0.354485   -1.288841   -0.734645   -0.775911   -1.359654   -1.760900   -1.893358   -0.695028   -1.213425  -14.140  -12.962    2.879 S_000009
   6 P   -82.452  165.219   49.925   89.089 -153.628 -169.820  129.314   36.571   91.588 -173.755    0.329137   -1.311955   -0.693513   -0.781257   -1.382682   -1.740888   -1.890437   -0.665389   -1.232810  -20.157  -15.608    2.563 S_000009
   7 H   -72.088  178.561   54.897   78.809    0.000    0.000   67.488   38.637   91.117  -20.318    0.302868   -1.395762   -0.533298   -0.784980   -1.553049   -1.595122   -1.866037   -0.736298   -1.202180  -26.546  -14.194    3.432 S_000009
SCORE:     8.820                  8.820          0          0          2    S_000010
   1 H     0.000  170.252   55.279  139.617  -64.455  -57.871  122.140  -32.334  161.821   27.534    0.339228   -0.380930   -1.427342   -0.789282   -1.309719   -1.850957   -1.890868   -0.709111   -1.230885    3.794    0.984    0.238 S_000010
   2 P   133.089  -91.281 -152.976   84.085 -138.164  -70.632   61.393   34.995   97.498  -23.917    0.340580   -1.359055   -0.600237   -0.787833   -1.539140   -1.620150   -1.869950   -0.710070   -1.214992    2.805    2.349   -3.173 S_000010
   3 P  -172.604  161.126  159.864  155.138 -101.607 -139.360  -48.863  -40.948  155.621   78.591    0.319081    0.026124   -1.484098   -0.731166   -0.944630   -1.986654   -1.887978   -0.700564   -1.211859   -2.635    4.064   -7.078 S_000010
   4 N  -175.101 -147.674  159.572  141.718  176.133  146.872   62.364  -31.811 -103.226   76.911    0.331832   -0.177856   -1.485199   -0.843536   -1.029654   -1.962328   -1.977627   -0.691472   -1.204184   -8.499    5.534  -11.075 S_000010
   5 N   -78.148  163.513   69.443   88.804 -156.671  -62.464   79.260   40.480   91.247  -28.111    0.304998   -1.358229   -0.589224   -0.746293   -1.421493   -1.665944   -1.803507   -0.599895   -1.264723  -14.694    5.159  -12.144 S_000010
   6 P   -73.021 -168.944   63.934  109.817 -100.284 -175.663  105.445    2.276  130.434   42.354    0.436818   -0.951423   -1.103579   -0.872356   -1.418547   -1.735442   -1.939658   -0.678185   -1.204604  -20.561    6.932  -13.647 S_000010
   7 H   -77.694 -172.375   56.028   79.829    0.000    0.000   72.627   36.542   96.347  179.909    0.319348   -1.407239   -0.506806   -0.789382   -1.633998   -1.534945   -1.860458   -0.754867   -1.199136  -26.952    5.451  -14.070 S_000010
