SEQUENCE: gaaaaaag
SCORE:     score    rna_stub_coord_hack       N_WC      N_NWC       N_BS description
REMARK RNA 
SCORE:     4.337                  4.337          0          0          1    S_000001
   1 H     0.000  170.252   55.279   90.056 -129.767  -91.456   76.066   29.020   90.863  -13.154    0.410567   -1.224086   -0.810124   -0.766087   -1.359641   -1.768725   -1.883837   -0.721782   -1.191835    3.794    0.984    0.238 S_000001
   2 P  -106.372   87.012  163.300   89.223 -126.155  -71.902   58.053   24.477  104.877  -76.828    0.377553   -1.257416   -0.781825   -0.846638   -1.515195   -1.669047   -1.911555   -0.731597   -1.183915    8.026    0.160   -3.864 S_000001
   3 P   168.992 -156.630  174.212   86.705 -137.197 -119.664  108.197   33.640   99.366  -15.229    0.329923   -1.352776   -0.624135   -0.819988   -1.531632   -1.621327   -1.886817   -0.697388   -1.214338   13.184   -0.588   -7.873 S_000001
   4 P  -136.198 -122.857 -158.492  106.180 -124.887  -76.026   74.874   19.311  100.658  168.675    0.405981   -1.001253   -1.074308   -0.820525   -1.157218   -1.951689   -1.924168   -0.645988   -1.229494   17.586   -1.249  -13.702 S_000001
   5 P  -179.630  115.281   62.224  122.274 -131.448 -164.064   84.287  -17.095  153.564  143.373    0.421273   -0.734637   -1.265427   -0.864863   -1.468550   -1.653260   -1.954534   -0.733221   -1.166445   24.186   -0.149  -15.872 S_000001
   6 P   163.328  133.174   67.642  136.998 -137.626 -154.012   89.421  -30.525  152.645   30.625    0.372295   -0.416181   -1.425075   -0.793600   -1.311181   -1.799090   -1.926431   -0.784884   -1.148790   26.753    2.507  -22.074 S_000001
   7 P  -122.416 -162.247   61.004   85.592  169.934  -92.697  103.631   24.647  122.983  -18.284    0.346302   -1.353110   -0.620505   -0.901832   -1.671700   -1.453064   -1.868023   -0.683506   -1.222104   32.680    3.124  -26.193 S_000001
   8 H   -60.730  178.569   48.787   85.108    0.000    0.000   81.294   37.903   94.054  -27.391    0.297301   -1.373725   -0.576101   -0.803543   -1.510315   -1.633178   -1.868764   -0.665821   -1.259300   37.831    2.431  -28.965 S_000001
SCORE:     4.058                  4.058          0          0          1    S_000002
   1 H     0.000  170.252   55.279   81.210 -150.676  -72.679   79.485   39.308   91.256  179.926    0.303320   -1.397092   -0.521904   -0.777356   -1.550816   -1.595381   -1.867350   -0.719318   -1.211933    3.794    0.984    0.238 S_000002
   2 P   -48.362 -138.714   47.609  152.380  -88.917 -177.987  171.006  -35.024  152.837   87.827    0.347667   -0.025107   -1.487899   -0.775774   -0.891828   -2.041377   -1.911015   -0.683667   -1.225064    8.602   -1.145   -3.472 S_000002
   3 P  -109.609  164.248   51.953  147.304 -152.795 -151.908  158.553  -38.656  160.522  120.154    0.316857   -0.192056   -1.481277   -0.771103   -1.186620   -1.869355   -1.927277   -0.754323   -1.183567   13.955   -0.612   -7.089 S_000002
   4 P  -172.604  161.126  159.864  155.138 -101.607 -139.360  -48.863  -40.948  155.621   78.591    0.319081    0.026124   -1.484098   -0.731166   -0.944630   -1.986654   -1.887978   -0.700564   -1.211859   18.838   -0.917  -12.456 S_000002
   5 N   145.215 -123.261  174.675   85.487 -129.367 -105.326   61.689   34.708   94.693  -16.002    0.341282   -1.320596   -0.682879   -0.791461   -1.438928   -1.705229   -1.892384   -0.688770   -1.219794   23.422   -0.033  -17.380 S_000002
   6 N  -139.048  166.464  170.340   86.512 -154.158  -65.732   70.175   34.223   96.956   10.890    0.341865   -1.327089   -0.657684   -0.792520   -1.472840   -1.667874   -1.873415   -0.684865   -1.220649   27.913    2.364  -22.378 S_000002
   7 N   -54.650  146.909   70.557   88.961 -120.220 -141.988  120.105   29.231  100.782  163.010    0.373629   -1.275456   -0.752130   -0.804737   -1.460341   -1.705715   -1.895368   -0.705989   -1.210188   31.060    3.321  -26.703 S_000002
   8 H   153.215 -174.657  178.314   82.481    0.000    0.000   68.732   39.226   87.272  -18.288    0.317200   -1.355703   -0.611757   -0.764041   -1.433769   -1.690191   -1.869279   -0.680383   -1.221839   36.079    4.967  -31.738 S_000002
SCORE:     4.106                  4.106          0          0          1    S_000003
   1 H     0.000  170.252   55.279   81.997 -146.949  -85.414   71.996   38.318   95.596  -21.421    0.315301   -1.373630   -0.570944   -0.770656   -1.510839   -1.631876   -1.857537   -0.682079   -1.243691    3.794    0.984    0.238 S_000003
   2 P   -58.446 -149.202   68.661  151.517  -94.388 -167.491  158.879  -36.566  157.616   66.657    0.314545   -0.058212   -1.465433   -0.758064   -0.951472   -2.024794   -1.934304   -0.600686   -1.266513    8.567   -0.904   -4.034 S_000003
   3 P   -69.458  158.822   61.541   82.705 -145.460  -70.884   65.168   37.818   91.879  -26.959    0.343096   -1.335895   -0.636594   -0.746477   -1.429321   -1.698832   -1.849906   -0.677563   -1.237067   13.323   -1.689   -8.270 S_000003
   4 P   -60.519 -150.721   69.014  155.654  -81.600 -163.057  158.185  -44.635  163.664   97.265    0.258206   -0.039368   -1.494873   -0.750175   -1.106028   -1.909076   -1.907704   -0.770525   -1.183420   17.090    0.046  -13.347 S_000003
   5 P   168.992 -156.630  174.212   86.705 -137.197 -119.664  108.197   33.640   99.366  -15.229    0.329923   -1.352776   -0.624135   -0.819988   -1.531632   -1.621327   -1.886817   -0.697388   -1.214338   23.031    1.873  -16.854 S_000003
   6 P   164.719  138.825   51.610  150.951 -107.830  169.464  112.009  -38.147  157.146  -49.999    0.320580   -0.126346   -1.483354   -0.773408   -1.094210   -1.927220   -1.922725   -0.726119   -1.194230   29.194   -0.551  -20.025 S_000003
   7 P  -173.910 -150.992  149.500  127.998 -128.911 -142.558   91.482   -6.193  136.127   15.787    0.408280   -0.788743   -1.262842   -0.923571   -1.317920   -1.806812   -1.984235   -0.740556   -1.116661   34.050    1.256  -24.825 S_000003
   8 H   -77.622  157.178   80.748   82.704    0.000    0.000   72.369   33.057  101.820 -105.843    0.332959   -1.353468   -0.613276   -0.817439   -1.553129   -1.597738   -1.871378   -0.697261   -1.220612   39.394    1.391  -28.662 S_000003
SCORE:     4.160                  4.160          0          0          2    S_000004
   1 H     0.000  170.252   55.279   74.834 -166.205  -74.990   78.076   42.470   94.034  179.917    0.271369   -1.453108   -0.353650   -0.765888   -1.677997   -1.450231   -1.809636   -0.743214   -1.218106    3.794    0.984    0.238 S_000004
   2 P   -58.446 -149.202   68.661  151.517  -94.388 -167.491  158.879  -36.566  157.616   66.657    0.314545   -0.058212   -1.465433   -0.758064   -0.951472   -2.024794   -1.934304   -0.600686   -1.266513    8.970   -0.216   -3.306 S_000004
   3 P    83.353 -158.279 -114.591   92.038 -125.519  -57.251   69.694   36.785   90.298  -16.537    0.354500   -1.183610   -0.874371   -0.739477   -1.113812   -1.936678   -1.886771   -0.560784   -1.300420   13.623   -0.433   -8.181 S_000004
   4 P  -172.604  161.126  159.864  155.138 -101.607 -139.360  -48.863  -40.948  155.621   78.591    0.319081    0.026124   -1.484098   -0.731166   -0.944630   -1.986654   -1.887978   -0.700564   -1.211859   16.686    3.094  -13.007 S_000004
   5 P   171.747  153.395  159.041  148.712 -150.900 -143.856  163.298  -31.676  141.216  -34.261    0.335662   -0.099384   -1.482186   -0.823846   -0.920479   -2.044532   -1.934389   -0.708140   -1.198506   20.705    5.869  -18.403 S_000004
   6 P  -133.749 -135.407  144.310  130.845 -116.303 -178.649  121.579  -35.275  165.934  163.039    0.368044   -0.566274   -1.363413   -0.770648   -1.563835   -1.500435   -1.902733   -0.799223   -1.154475   25.634    8.026  -23.462 S_000004
   7 P  -141.438 -173.059   59.783   86.819   64.242  123.802  129.505   17.004  123.499   57.036    0.418770   -1.172726   -0.880056   -0.860914   -1.479592   -1.655423   -1.888016   -0.619308   -1.243832   30.594    6.538  -28.183 S_000004
   8 H   -67.372  178.802   47.369   79.493    0.000    0.000   75.342   39.369   93.698  179.950    0.301921   -1.400718   -0.505358   -0.774792   -1.569933   -1.577516   -1.845629   -0.709430   -1.226020   36.185    8.411  -30.994 S_000004
SCORE:     4.275                  4.275          0          0          3    S_000005
   1 H     0.000  170.252   55.279   79.218 -161.906  -75.848   72.122   38.040   97.495  179.921    0.310640   -1.399589   -0.518197   -0.785332   -1.577835   -1.569881   -1.838665   -0.689617   -1.237073    3.794    0.984    0.238 S_000005
   2 P  -145.272  107.505  161.174   94.670  147.437  143.710   84.320   28.447   90.169 -113.690    0.361024   -1.094483   -0.996074   -0.845065   -1.073377   -1.943138   -1.954076   -0.689021   -1.181845    8.583   -0.029   -4.052 S_000005
   3 P   160.373   83.471  174.358  110.126 -145.014  -77.450   88.830   10.256  109.650 -140.438    0.415602   -0.968774   -1.094113   -0.852791   -1.300122   -1.860583   -1.949436   -0.711604   -1.193646   13.091   -0.009   -9.575 S_000005
   4 P   -75.644  168.083   67.814   90.941 -157.060 -127.340   91.236   30.922  102.656 -145.099    0.354641   -1.319354   -0.665360   -0.807874   -1.528183   -1.625955   -1.881488   -0.703515   -1.213541   18.106    0.165  -13.384 S_000005
   5 N   172.456 -130.437  158.420   78.660 -135.778  -75.363   57.224   32.947   95.764   77.415    0.211288   -1.387525   -0.692491   -1.040100   -1.517440   -1.711301   -2.027997   -0.661007   -1.207277   21.761    1.663  -19.144 S_000005
   6 P  -111.694   90.416  162.275   83.530 -131.818  -71.832   54.082   37.679   89.061  -25.101    0.339703   -1.326763   -0.648139   -0.752360   -1.421267   -1.715751   -1.872971   -0.699424   -1.222344   24.156    3.081  -24.416 S_000005
   7 N  -156.867  110.215 -178.694   83.001 -125.031  -85.767   63.480   35.303   94.446  -15.749    0.334787   -1.336847   -0.646589   -0.789555   -1.475273   -1.675352   -1.872685   -0.695674   -1.220194   28.546    3.138  -29.634 S_000005
   8 H   -41.022  167.115   39.386   79.845    0.000    0.000   78.242   35.914   96.556 -150.132    0.329169   -1.368880   -0.587913   -0.788353   -1.538984   -1.616701   -1.868977   -0.718331   -1.214788   33.323    4.043  -33.516 S_000005
SCORE:     4.477                  4.477          0          1          0    S_000006
   1 H     0.000  170.252   55.279   78.732 -155.196  -69.154   74.971   39.837   86.241 -162.127    0.311832   -1.401697   -0.498053   -0.757572   -1.572933   -1.580727   -1.866542   -0.774003   -1.182061    3.794    0.984    0.238 S_000006
   2 P   -79.935 -110.906   87.017  144.773  -53.661 -147.164  171.200  -40.986  158.896   19.122    0.306407   -0.194610   -1.474750   -0.741624   -1.230459   -1.840193   -1.901831   -0.793111   -1.157033    8.254   -1.185   -4.414 S_000006
   3 P  -172.604  161.126  159.864  155.138 -101.607 -139.360  -48.863  -40.948  155.621   78.591    0.319081    0.026124   -1.484098   -0.731166   -0.944630   -1.986654   -1.887978   -0.700564   -1.211859   12.896    1.275   -8.987 S_000006
   4 P   -40.735  158.388   61.965  150.549 -130.286  129.292  136.883  -36.855  151.084 -172.033    0.324339   -0.006862   -1.489584   -0.784017   -0.909806   -2.041001   -1.917190   -0.686223   -1.220788   17.626    3.222  -13.109 S_000006
   5 N   172.456 -130.437  158.420   78.660 -135.778  -75.363   57.224   32.947   95.764   77.415    0.211288   -1.387525   -0.692491   -1.040100   -1.517440   -1.711301   -2.027997   -0.661007   -1.207277   20.638    3.912  -19.075 S_000006
   6 P   -83.884  142.556   77.118   79.789  -98.368 -115.149   87.282   34.208   99.879  179.919    0.330020   -1.375572   -0.575593   -0.809311   -1.582616   -1.573757   -1.878448   -0.736575   -1.200016   23.509    4.400  -24.358 S_000006
   7 P   -26.073 -133.487  175.348  148.183 -105.196  172.498   87.609  -34.450  152.955  142.439    0.341256   -0.150125   -1.469813   -0.796322   -1.054308   -1.959486   -1.938921   -0.693496   -1.204238   28.556    3.721  -28.616 S_000006
   8 H   -75.371  176.882   54.153   79.620    0.000    0.000   80.028   41.587   93.642  179.882    0.274739   -1.401930   -0.520377   -0.774084   -1.507331   -1.618220   -1.844169   -0.660512   -1.243117   34.245    3.267  -31.227 S_000006
SCORE:     4.114                  4.114          0          0          1    S_000007
   1 H     0.000  170.252   55.279   83.290 -152.181  -70.329   60.737   36.194   94.970  179.927    0.320235   -1.372477   -0.581610   -0.793671   -1.542001   -1.612105   -1.876582   -0.726543   -1.203736    3.794    0.984    0.238 S_000007
   2 N   -51.950 -158.681   68.343  149.159  -85.796 -116.840  101.826  -35.872  154.688   25.035    0.333848   -0.134222   -1.479415   -0.782706   -1.057561   -1.956975   -1.927337   -0.689260   -1.215309    8.643   -1.559   -2.943 S_000007
   3 P   171.747  153.395  159.041  148.712 -150.900 -143.856  163.298  -31.676  141.216  -34.261    0.335662   -0.099384   -1.482186   -0.823846   -0.920479   -2.044532   -1.934389   -0.708140   -1.198506   13.564   -0.497   -8.022 S_000007
   4 P   142.990 -157.333 -168.021   81.949 -149.012  -66.119   71.198   43.777   90.331  -21.089    0.268349   -1.386227   -0.533826   -0.747811   -1.438299   -1.663607   -1.829121   -0.660086   -1.293371   17.607    0.573  -13.677 S_000007
   5 P   -59.635 -160.120   48.664  147.679  -98.057 -148.024  -46.170  -37.674  158.172 -162.643    0.328942   -0.194641   -1.477977   -0.765558   -1.170944   -1.888938   -1.920786   -0.746690   -1.186433   20.662    1.370  -19.222 S_000007
   6 N  -139.731 -177.144  125.804   82.958 -139.997  -71.260   56.165   36.114   96.130  -19.199    0.367749   -1.337066   -0.623212   -0.737978   -1.433341   -1.631644   -1.889073   -0.682326   -1.236236   25.596    2.872  -24.244 S_000007
   7 P   -53.263  -84.013  179.931  121.234 -143.667 -130.098   47.916  -25.284  165.035  136.041    0.390724   -0.706993   -1.308555   -0.850770   -1.556537   -1.535396   -1.919063   -0.699958   -1.200243   31.068    2.262  -27.253 S_000007
   8 H   149.179 -171.158  177.392   83.032    0.000    0.000   63.243   38.045   89.897   -9.362    0.325536   -1.358419   -0.604127   -0.759476   -1.478322   -1.664179   -1.856996   -0.694525   -1.223489   34.501    3.076  -33.492 S_000007
SCORE:     4.273                  4.273          0          0          1    S_000008
   1 H     0.000  170.252   55.279   80.017 -143.263  -88.364   62.320   40.477   92.089  179.917    0.273763   -1.392966   -0.538487   -0.792664   -1.502696   -1.621945   -1.874424   -0.695033   -1.219231    3.794    0.984    0.238 S_000008
   2 P   -60.344 -173.657   65.712  145.218 -100.727 -121.965  126.478  -33.280  154.493   38.328    0.340229   -0.267868   -1.461197   -0.814660   -1.183651   -1.885493   -1.946255   -0.733197   -1.181534    8.508   -1.060   -3.818 S_000008
   3 P   -77.003 -130.496   58.681  153.380 -160.194 -149.045  161.544  -39.022  156.297  -39.242    0.316476   -0.024525   -1.487912   -0.765274   -0.977427   -1.988477   -1.914724   -0.683487   -1.222441   12.669   -2.431   -9.361 S_000008
   4 P   -53.182 -178.366   59.806  156.527  -94.573 -113.801  131.240  -40.278  159.566   37.763    0.314828   -0.035122   -1.489133   -0.749532   -1.016250   -1.963925   -1.909458   -0.679962   -1.228138   16.854   -0.506  -14.034 S_000008
   5 P   -79.126  166.307   77.723  150.834  -98.890  160.827  125.960  -31.518  155.489   23.132    0.310030   -0.076579   -1.483199   -0.874991   -0.901705   -2.090662   -1.955273   -0.672872   -1.209360   21.847    2.955  -17.110 S_000008
   6 N  -149.034  -81.925  172.404  146.046 -150.679 -107.126  111.344  -35.048  155.162  147.404    0.332662   -0.192882   -1.475955   -0.792373   -1.116447   -1.928530   -1.935508   -0.712398   -1.199196   26.323    4.984  -21.572 S_000008
   7 P   -70.392 -168.786   67.400  152.714  -79.917 -130.447  140.795  -39.652  156.097   50.861    0.325405   -0.132539   -1.474602   -0.745567   -1.130274   -1.890448   -1.904953   -0.748656   -1.182195   30.518    3.797  -26.757 S_000008
   8 H   -59.149  173.691   45.652   84.888    0.000    0.000   89.564   35.914   95.004  179.950    0.328991   -1.345734   -0.620234   -0.787918   -1.490052   -1.653722   -1.880059   -0.696300   -1.221804   34.004    4.286  -32.575 S_000008
SCORE:     4.380                  4.380          0          1          1    S_000009
   1 H     0.000  170.252   55.279   77.046 -169.538 -108.551   78.993   39.140   93.057 -120.356    0.309284   -1.420037   -0.463318   -0.771525   -1.622603   -1.526080   -1.853621   -0.754517   -1.192873    3.794    0.984    0.238 S_000009
   2 N    44.994 -140.443  -77.693   86.652 -153.969  -71.324  -90.491   35.782   92.566   77.413    0.325218   -1.320044   -0.689367   -0.797073   -1.410520   -1.725268   -1.851862   -0.640939   -1.261248    8.588    1.326   -2.420 S_000009
   3 P  -171.138 -159.674  155.788   87.190 -128.050 -166.775   84.303   35.145   89.823 -155.916    0.321597   -1.298553   -0.720453   -0.812913   -1.374949   -1.752188   -1.910608   -0.679834   -1.214896   14.128    1.374   -6.300 S_000009
   4 P   157.640 -167.900  179.349   80.448 -111.969  -84.009 -123.640   32.443  113.227   92.207    0.323035   -1.406967   -0.501770   -0.850370   -1.681582   -1.456367   -1.812779   -0.666700   -1.250646   18.375    2.066  -12.141 S_000009
   5 P   -33.122 -159.568  151.000  146.506 -145.092 -142.672   79.190  -33.668  154.217 -117.811    0.333818   -0.171529   -1.475823   -0.812366   -1.061031   -1.950460   -1.939960   -0.691146   -1.196381   21.094    0.614  -17.862 S_000009
   6 P   -81.278  160.451   36.664  147.765 -122.676  177.149  127.911  -37.756  158.866   25.568    0.322436   -0.173818   -1.479190   -0.776279   -1.147026   -1.895369   -1.926609   -0.725853   -1.194474   25.823    0.668  -22.434 S_000009
   7 P  -130.788 -163.391   60.253  137.194  -84.478  178.278  164.096  -28.816  150.256   14.607    0.370898   -0.357755   -1.431390   -0.817294   -1.207939   -1.869509   -1.942881   -0.701390   -1.197150   30.030    1.205  -27.997 S_000009
   8 H   -49.593  156.010   51.721   90.095    0.000    0.000   76.956   32.462  106.143  -33.812    0.328326   -1.346336   -0.630367   -0.833759   -1.534574   -1.603922   -1.859135   -0.634842   -1.254175   33.489    2.148  -33.027 S_000009
SCORE:     4.017                  4.017          0          0          0    S_000010
   1 H     0.000  170.252   55.279 -283.219  200.030 -118.454   82.972   37.304   93.308  -22.828    0.224321   -1.430271   -0.390075   -0.893825   -1.721364   -1.407359   -1.935677   -0.821403   -1.103674    3.794    0.984    0.238 S_000010
   2 P   -80.879 -179.862   79.559  111.255 -139.643  -76.480   76.250    4.777  118.477    2.534    0.430453   -0.952388   -1.110152   -0.846902   -1.385638   -1.801670   -1.930007   -0.732853   -1.182495    8.229    1.292   -4.800 S_000010
   3 P   -60.812 -146.102   71.756  156.668  -78.282 -169.333  154.499  -36.879  159.613   62.580    0.318603   -0.121311   -1.484608   -0.802024   -1.070048   -1.952590   -1.947726   -0.665159   -1.220540   12.036   -1.109   -9.741 S_000010
   4 N   -81.354  157.474   76.703   87.923 -144.122  -62.716   80.952   39.259   90.509  -15.613    0.289903   -1.371974   -0.584517   -0.770290   -1.504666   -1.657606   -1.880694   -0.789989   -1.159915   16.012   -2.980  -14.435 S_000010
   5 P  -150.263  137.150  162.005   85.519 -143.757  -61.655   64.628   39.702   84.506   99.951    0.295141   -1.332554   -0.685537   -0.782837   -1.333764   -1.762805   -1.900101   -0.686617   -1.207950   20.881   -1.926  -18.874 S_000010
   6 P  -172.604  161.126  159.864  155.138 -101.607 -139.360  -48.863  -40.948  155.621   78.591    0.319081    0.026124   -1.484098   -0.731166   -0.944630   -1.986654   -1.887978   -0.700564   -1.211859   25.380    0.068  -23.559 S_000010
   7 P   171.747  153.395  159.041  148.712 -150.900 -143.856  163.298  -31.676  141.216  -34.261    0.335662   -0.099384   -1.482186   -0.823846   -0.920479   -2.044532   -1.934389   -0.708140   -1.198506   29.561    0.921  -29.454 S_000010
   8 H  -170.252 -119.837  117.594   68.476    0.000    0.000   76.511   43.058   99.663   -2.102    0.192459   -1.496674   -0.127873   -0.864680   -1.826970   -1.189432   -1.775895   -0.745942   -1.211632   33.943    1.698  -35.157 S_000010
