SEQUENCE: gaaaaaaaag
SCORE:     score    rna_stub_coord_hack       N_WC      N_NWC       N_BS description
REMARK RNA 
SCORE:    19.168                 19.168          0          1          1    S_000001
   1 H     0.000  170.252   55.279   83.846 -145.086  -74.600   59.113   36.237   93.558  -14.346    0.338717   -1.348172   -0.620642   -0.773182   -1.493552   -1.664222   -1.881738   -0.721542   -1.210072    3.794    0.984    0.238 S_000001
   2 N  -112.619 -152.680   76.112   79.231 -160.789  -92.015   88.924   39.456   93.939  -19.536    0.278863   -1.415903   -0.498863   -0.800974   -1.583894   -1.566274   -1.868998   -0.724935   -1.205181    7.888   -2.378   -4.284 S_000001
   3 P   -49.585  178.345   51.079   84.861 -148.937  -84.479   69.911   37.232   89.885  -16.889    0.311727   -1.352427   -0.630947   -0.797964   -1.454949   -1.681773   -1.889637   -0.691654   -1.213543    8.972   -6.390   -8.883 S_000001
   4 N  -148.162  164.915  118.385  145.355 -109.323 -178.043  158.161  -25.949  134.973  153.436    0.357113   -0.162484   -1.477571   -0.854725   -0.883260   -2.080780   -1.943630   -0.688761   -1.201220    7.368  -10.132  -14.498 S_000001
   5 N  -172.853 -176.879  154.982   85.334 -152.417  -63.053   65.917   37.285   95.556   72.588    0.310637   -1.342060   -0.627038   -0.796613   -1.444832   -1.678616   -1.872772   -0.654663   -1.228665    7.078  -14.761  -19.881 S_000001
   6 P   -87.787  177.868   72.488  125.142 -164.828 -151.898  111.548  -19.213  150.164  -29.735    0.411216   -0.574601   -1.357123   -0.857597   -1.302692   -1.814919   -1.954673   -0.693383   -1.189634    6.427  -18.557  -24.893 S_000001
   7 P  -172.604  161.126  159.864  155.138 -101.607 -139.360  -48.863  -40.948  155.621   78.591    0.319081    0.026124   -1.484098   -0.731166   -0.944630   -1.986654   -1.887978   -0.700564   -1.211859    4.747  -23.145  -30.236 S_000001
   8 P   -63.770  162.820   59.792   86.728 -170.378  -57.595   78.677   33.679   98.019  -20.650    0.338943   -1.325992   -0.676086   -0.806270   -1.468737   -1.681064   -1.890348   -0.684987   -1.220719    5.139  -28.303  -34.480 S_000001
   9 P  -141.103   93.426  169.495   91.069 -150.020  -92.359   62.089   37.264   87.277  136.929    0.317046   -1.318105   -0.686127   -0.788078   -1.384274   -1.745631   -1.907231   -0.711992   -1.202040    5.398  -31.853  -39.508 S_000001
  10 H   -73.844  158.705   79.079   79.202    0.000    0.000   64.193   43.085   90.952 -159.933    0.276499   -1.428093   -0.439215   -0.754537   -1.565622   -1.555398   -1.832017   -0.707413   -1.220341    7.426  -37.220  -41.986 S_000001
SCORE:    18.924                 18.924          0          0          2    S_000002
   1 H     0.000  170.252   55.279   86.041 -129.326  -85.339   72.916   37.225   88.694 -140.099    0.332296   -1.330675   -0.646520   -0.761547   -1.431019   -1.698555   -1.882869   -0.731374   -1.198391    3.794    0.984    0.238 S_000002
   2 P   163.915 -172.598  170.232   84.847 -141.166  -71.216   90.576   34.994   93.637  174.357    0.365294   -1.314023   -0.663394   -0.753743   -1.442508   -1.688954   -1.869242   -0.701492   -1.217749    6.616   -3.116   -4.515 S_000002
   3 N  -113.350 -111.411  167.475   84.702 -143.828  -56.326   71.787   37.497   90.739  -18.313    0.313563   -1.356055   -0.622734   -0.790878   -1.464630   -1.678770   -1.889294   -0.698923   -1.216238    6.121   -8.025   -9.567 S_000002
   4 P  -177.185 -173.566  155.371  145.456  -98.754  179.352  138.838  -24.197  141.689  170.602    0.366879   -0.185448   -1.467973   -0.847005   -0.869502   -2.069646   -1.938630   -0.653402   -1.218242    8.530  -10.054  -15.392 S_000002
   5 N   -67.964 -179.167   56.598   86.223 -143.637  -81.444   74.148   30.307   99.098 -136.464    0.357924   -1.301402   -0.712341   -0.814651   -1.485871   -1.669999   -1.898973   -0.720302   -1.197312    6.954  -12.454  -21.103 S_000002
   6 P   -70.392 -168.786   67.400  152.714  -79.917 -130.447  140.795  -39.652  156.097   50.861    0.325405   -0.132539   -1.474602   -0.745567   -1.130274   -1.890448   -1.904953   -0.748656   -1.182195    7.812  -17.462  -25.345 S_000002
   7 P   -56.713  169.563   63.733  130.198 -145.747 -165.607  105.706  -22.591  147.628  165.119    0.387195   -0.481632   -1.393214   -0.841539   -1.246218   -1.866122   -1.947955   -0.671518   -1.217400    9.903  -23.148  -28.329 S_000002
   8 P  -154.050  145.148  124.520   89.904 -156.931 -129.437   98.571   22.752  116.377   53.243    0.366115   -1.304268   -0.738772   -0.890164   -1.596323   -1.568220   -1.925176   -0.727709   -1.180955   10.335  -27.881  -33.397 S_000002
   9 N  -175.101 -147.674  159.572  141.718  176.133  146.872   62.364  -31.811 -103.226   76.911    0.331832   -0.177856   -1.485199   -0.843536   -1.029654   -1.962328   -1.977627   -0.691472   -1.204184   10.951  -32.562  -38.822 S_000002
  10 H   -73.521  173.893   56.022   80.296    0.000    0.000   81.800   33.929   99.127  -26.712    0.325990   -1.382654   -0.567179   -0.822148   -1.593258   -1.557673   -1.891356   -0.738861   -1.183023    9.760  -34.730  -44.746 S_000002
SCORE:    19.628                 19.628          0          0          2    S_000003
   1 H     0.000  170.252   55.279   80.573 -136.132  -90.275   71.043   36.591   94.572  -29.919    0.330766   -1.362374   -0.595494   -0.779543   -1.510054   -1.635276   -1.867317   -0.711065   -1.216341    3.794    0.984    0.238 S_000003
   2 N   160.380  178.006 -175.911   81.427 -138.097  -68.862   64.237   40.356   94.732  168.924    0.345587   -1.380057   -0.526857   -0.712433   -1.520110   -1.625664   -1.795151   -0.681104   -1.268351    7.293   -2.701   -4.572 S_000003
   3 P   -54.787  176.698   48.945   86.897 -164.498  -78.214   82.729   34.612   92.213  173.704    0.325572   -1.325097   -0.665891   -0.802741   -1.461187   -1.681164   -1.892083   -0.706656   -1.205985    9.424   -7.118   -8.296 S_000003
   4 P   -66.965 -131.585   49.787  151.190 -114.989  172.495  107.035  -40.283  163.684   25.774    0.304640   -0.163820   -1.484370   -0.766383   -1.182307   -1.858363   -1.923227   -0.725694   -1.197365    9.616  -12.239  -12.504 S_000003
   5 P    92.790 -131.652 -169.726   85.409 -153.264  -70.781   60.740   30.905  110.617   -3.839    0.360602   -1.345547   -0.609216   -0.812863   -1.584897   -1.561908   -1.862424   -0.686320   -1.225134    9.571  -15.838  -17.650 S_000003
   6 P   -79.032 -158.237   50.574   91.914   23.964  156.276  145.910   14.005  127.267   50.946    0.418038   -1.167590   -0.888886   -0.871974   -1.538318   -1.623598   -1.889385   -0.652158   -1.234011    8.327  -21.054  -21.534 S_000003
   7 P   -57.485  160.139   75.855  150.070 -129.358 -140.723  124.656  -40.385  156.749  145.069    0.321419   -0.067867   -1.491898   -0.742948   -1.064012   -1.946365   -1.896169   -0.757348   -1.185391    8.412  -23.979  -27.277 S_000003
   8 P  -127.098 -118.371 -175.896   81.208  178.526  -67.112   87.047   27.341  111.615  177.088    0.350710   -1.380316   -0.536550   -0.864500   -1.712024   -1.401043   -1.876825   -0.710853   -1.179871    9.147  -29.579  -31.948 S_000003
   9 N  -149.034  -81.925  172.404  146.046 -150.679 -107.126  111.344  -35.048  155.162  147.404    0.332662   -0.192882   -1.475955   -0.792373   -1.116447   -1.928530   -1.935508   -0.712398   -1.199196    7.901  -33.456  -37.371 S_000003
  10 H   -65.925  178.774   53.131   79.406    0.000    0.000   74.425   37.917   94.440  179.912    0.309648   -1.396421   -0.513466   -0.784336   -1.579227   -1.559636   -1.852796   -0.716122   -1.215812    4.570  -36.486  -42.190 S_000003
SCORE:    18.856                 18.856          0          0          1    S_000004
   1 H     0.000  170.252   55.279   79.362 -104.347 -103.170   44.108   38.354   92.070  -23.914    0.328218   -1.366972   -0.583814   -0.760414   -1.493163   -1.651695   -1.857548   -0.705419   -1.220866    3.794    0.984    0.238 S_000004
   2 P   108.246 -153.137  175.954  125.504  -78.386 -151.910  157.518  -34.516  169.390  179.923    0.351862   -0.530561   -1.392292   -0.793275   -1.516755   -1.590027   -1.910937   -0.740572   -1.194142    5.672   -3.005   -4.384 S_000004
   3 P  -170.283  161.190 -176.306  140.990 -163.860 -102.059  133.153  -32.306  149.951  165.152    0.350717   -0.168927   -1.477787   -0.803819   -1.029144   -1.981828   -1.933928   -0.657356   -1.225843    5.899   -7.664   -9.718 S_000004
   4 P  -133.749 -135.407  144.310  130.845 -116.303 -178.649  121.579  -35.275  165.934  163.039    0.368044   -0.566274   -1.363413   -0.770648   -1.563835   -1.500435   -1.902733   -0.799223   -1.154475    6.827  -10.869  -16.066 S_000004
   5 P   101.545 -166.544 -165.818  126.065 -162.988  -99.544   98.876  -15.674  141.015 -159.461    0.397392   -0.610821   -1.338979   -0.860837   -1.287097   -1.866209   -1.963161   -0.695831   -1.206560    8.130  -15.345  -21.118 S_000004
   6 P  -166.898   57.415  164.201   84.573 -140.977  -65.616   66.700   35.291   96.775  -22.631    0.321818   -1.367659   -0.593412   -0.810656   -1.539393   -1.613780   -1.888899   -0.719215   -1.201128   10.040  -20.019  -25.701 S_000004
   7 P   -70.425 -177.843   49.898   79.552 -153.392  -69.514   78.923   40.640   90.311  169.411    0.311729   -1.380693   -0.549758   -0.744840   -1.491543   -1.645633   -1.839001   -0.676703   -1.244801   12.244  -24.864  -29.120 S_000004
   8 P  -145.272  107.505  161.174   94.670  147.437  143.710   84.320   28.447   90.169 -113.690    0.361024   -1.094483   -0.996074   -0.845065   -1.073377   -1.943138   -1.954076   -0.689021   -1.181845   11.363  -29.079  -34.030 S_000004
   9 N   164.751 -142.271  151.787   85.973  -99.346 -140.259   96.097   33.739   98.446  173.375    0.336136   -1.353440   -0.609263   -0.810911   -1.550770   -1.613277   -1.889372   -0.720823   -1.202388   12.431  -30.684  -40.919 S_000004
  10 H   -58.283  171.383   53.950   80.160    0.000    0.000   77.101   39.149   93.897  179.899    0.303533   -1.408557   -0.485853   -0.778164   -1.592034   -1.551450   -1.851502   -0.727380   -1.210833   13.467  -34.171  -46.616 S_000004
SCORE:    19.363                 19.363          0          0          2    S_000005
   1 H     0.000  170.252   55.279   82.765 -149.422  -74.413   72.067   40.002   86.441 -173.715    0.309841   -1.354007   -0.609730   -0.753160   -1.431540   -1.699759   -1.864000   -0.692550   -1.227714    3.794    0.984    0.238 S_000005
   2 P   157.623 -160.717 -173.530   81.732 -126.986  -78.095   55.873   33.182   99.599  179.890    0.356342   -1.333174   -0.647864   -0.788987   -1.511153   -1.645318   -1.868281   -0.712487   -1.211563    7.385   -3.258   -3.245 S_000005
   3 P  -157.949  139.177  162.823   82.323  -94.243  -59.903   64.255   41.562   82.949  -31.769    0.315708   -1.362731   -0.573381   -0.728610   -1.414170   -1.672630   -1.854827   -0.702499   -1.217455    9.992   -8.029   -7.575 S_000005
   4 N  -122.733  141.870  172.629   89.309 -106.078 -114.128   69.985   33.990   89.229  -18.810    0.370373   -1.303663   -0.694334   -0.761512   -1.438136   -1.715946   -1.918878   -0.803264   -1.149429    8.944  -11.264  -12.855 S_000005
   5 P    69.065  148.258   61.008  143.351 -152.468 -173.839  -36.031  -32.620  153.760  -38.466    0.355883   -0.282450   -1.458156   -0.797587   -1.187713   -1.889374   -1.939496   -0.751429   -1.176510    9.650  -13.091  -19.299 S_000005
   6 N   167.952 -167.959  154.203  145.211 -155.376 -167.633   19.536  -32.174  148.043  -55.599    0.332777   -0.133501   -1.484945   -0.828850   -0.980089   -2.013944   -1.953344   -0.695714   -1.205944   10.147  -18.135  -24.485 S_000005
   7 P   152.594  176.327  171.244   91.237 -151.427  -73.024   82.556   36.730   87.095   -0.293    0.324489   -1.292433   -0.740995   -0.782053   -1.325054   -1.790390   -1.912036   -0.712281   -1.201892    9.327  -22.007  -30.580 S_000005
   8 P  -160.249  166.068  171.487   91.115 -136.630 -101.713   76.539   34.876   95.142  175.357    0.323572   -1.335492   -0.650661   -0.813480   -1.473315   -1.673547   -1.901744   -0.711585   -1.198626    9.665  -24.992  -36.746 S_000005
   9 N   -75.477  156.926   72.364   80.894 -157.359  -87.532   69.255   38.320   96.246  179.897    0.302486   -1.402402   -0.527240   -0.787357   -1.573570   -1.582381   -1.859787   -0.718425   -1.211611    8.245  -28.300  -42.089 S_000005
  10 H   -71.870  169.442   71.466   79.763    0.000    0.000   65.639   40.142   92.433 -158.830    0.293513   -1.425698   -0.456379   -0.774224   -1.619391   -1.533570   -1.848548   -0.747232   -1.208594    8.046  -30.444  -47.982 S_000005
SCORE:    17.869                 17.869          0          0          3    S_000006
   1 H     0.000  170.252   55.279   80.349 -123.158  -82.127   65.801   37.451   92.107  -72.588    0.330209   -1.367764   -0.569555   -0.771998   -1.505500   -1.615026   -1.868490   -0.722054   -1.205068    3.794    0.984    0.238 S_000006
   2 P  -170.283  161.190 -176.306  140.990 -163.860 -102.059  133.153  -32.306  149.951  165.152    0.350717   -0.168927   -1.477787   -0.803819   -1.029144   -1.981828   -1.933928   -0.657356   -1.225843    6.536   -2.638   -5.139 S_000006
   3 N   163.815 -164.479  163.460   86.090 -126.178  -77.063   69.324   37.584   88.006  -19.591    0.327025   -1.324864   -0.670087   -0.774636   -1.394663   -1.733976   -1.894762   -0.701587   -1.211359    9.082   -7.253   -9.523 S_000006
   4 P  -174.180  152.972 -160.333  104.826 -142.767  -78.703   76.242   19.884  101.194  179.947    0.387962   -1.086681   -0.991172   -0.843871   -1.294637   -1.855867   -1.944422   -0.700499   -1.202484    8.445  -11.205  -15.276 S_000006
   5 P  -172.604  161.126  159.864  155.138 -101.607 -139.360  -48.863  -40.948  155.621   78.591    0.319081    0.026124   -1.484098   -0.731166   -0.944630   -1.986654   -1.887978   -0.700564   -1.211859    9.809  -14.140  -21.473 S_000006
   6 P  -166.924 -154.036  159.889   90.332 -178.658 -136.635   73.477   26.413  115.255    3.673    0.345049   -1.323606   -0.689620   -0.882069   -1.572952   -1.568229   -1.923026   -0.712384   -1.176451   11.474  -17.819  -27.543 S_000006
   7 N  -178.810  153.055  135.770  106.704 -138.327 -112.358  127.377   22.478   87.323  -11.418    0.409131   -0.973460   -1.098711   -0.809248   -1.028300   -2.013690   -1.923910   -0.665663   -1.225656   12.868  -23.730  -31.348 S_000006
   8 P   146.615 -167.000 -169.815   82.470 -132.725  -70.289   71.708   40.712   88.644   81.510    0.299093   -1.387817   -0.540911   -0.761575   -1.502633   -1.637962   -1.858264   -0.706118   -1.223254   12.750  -27.743  -37.089 S_000006
   9 P   -83.701 -126.382  174.367   82.597 -141.195  -77.743   85.333   36.881   96.270  174.334    0.315541   -1.381866   -0.574896   -0.795241   -1.544139   -1.617953   -1.869527   -0.718731   -1.207762   13.868  -29.887  -43.578 S_000006
  10 H   -64.259  168.631   59.391   79.503    0.000    0.000   76.611   41.557   93.394  -29.227    0.288979   -1.418143   -0.478810   -0.763670   -1.540885   -1.569843   -1.839977   -0.689600   -1.240273   13.170  -34.031  -48.180 S_000006
SCORE:    18.384                 18.384          0          0          0    S_000007
   1 H     0.000  170.252   55.279   80.798 -121.861 -114.448   65.920   45.027   82.379  -15.867    0.269513   -1.403181   -0.542315   -0.734678   -1.422219   -1.692167   -1.876602   -0.732687   -1.207175    3.794    0.984    0.238 S_000007
   2 P   166.495  172.404  174.231   87.746 -132.714  -66.796   66.289   35.684   95.741  -22.140    0.317062   -1.318123   -0.699594   -0.783392   -1.426334   -1.729960   -1.879184   -0.700135   -1.218640    6.786   -1.621   -5.858 S_000007
   3 P   -81.248  -79.124  -92.533   88.944 -152.100  -67.094  117.492   30.846  100.925  -15.253    0.333938   -1.334217   -0.674318   -0.849778   -1.523527   -1.630599   -1.925251   -0.726065   -1.180197    6.496   -4.146  -12.044 S_000007
   4 N   167.952 -167.959  154.203  145.211 -155.376 -167.633   19.536  -32.174  148.043  -55.599    0.332777   -0.133501   -1.484945   -0.828850   -0.980089   -2.013944   -1.953344   -0.695714   -1.205944    5.364   -9.603  -15.613 S_000007
   5 P   148.018 -159.875 -170.615   87.549 -119.792 -112.836  138.540   18.188  129.368 -128.410    0.355368   -1.375549   -0.603355   -0.943437   -1.797650   -1.296900   -1.849026   -0.736252   -1.191218    6.654  -13.622  -21.348 S_000007
   6 P  -172.604  161.126  159.864  155.138 -101.607 -139.360  -48.863  -40.948  155.621   78.591    0.319081    0.026124   -1.484098   -0.731166   -0.944630   -1.986654   -1.887978   -0.700564   -1.211859    6.259  -19.516  -25.604 S_000007
   7 P   163.328  133.174   67.642  136.998 -137.626 -154.012   89.421  -30.525  152.645   30.625    0.372295   -0.416181   -1.425075   -0.793600   -1.311181   -1.799090   -1.926431   -0.784884   -1.148790    3.675  -24.940  -29.618 S_000007
   8 P   -68.290  165.624   53.091  148.683 -120.580  175.250  113.124  -37.907  158.220 -145.963    0.336084   -0.197418   -1.472562   -0.755729   -1.177993   -1.869278   -1.909839   -0.730576   -1.194448    3.065  -28.857  -34.823 S_000007
   9 N   137.251 -155.716  174.946   86.157 -158.524  -62.955   96.365   33.608   97.563  179.935    0.337271   -1.339152   -0.646554   -0.807939   -1.506066   -1.646908   -1.891233   -0.710544   -1.206045    2.335  -32.750  -40.594 S_000007
  10 H  -159.203  124.060  159.948   80.777    0.000    0.000   71.577   35.879   92.701  -19.378    0.340024   -1.334501   -0.657265   -0.778491   -1.452932   -1.696337   -1.883365   -0.701248   -1.214796    1.754  -36.101  -46.329 S_000007
SCORE:    18.883                 18.883          0          0          1    S_000008
   1 H     0.000  170.252   55.279   79.605 -142.431  -67.214   78.666   40.673   91.755 -130.059    0.308829   -1.389945   -0.523568   -0.751246   -1.517680   -1.619286   -1.840995   -0.687560   -1.235613    3.794    0.984    0.238 S_000008
   2 P  -106.427 -150.371   67.800  101.915 -164.105 -132.115  143.722    4.794  140.423 -177.700    0.395829   -1.112845   -0.988243   -0.950577   -1.566238   -1.557481   -1.924126   -0.650360   -1.211135    7.533   -2.671   -4.248 S_000008
   3 N   153.892 -147.001  164.471   84.491  -94.077 -111.283   64.524   33.190   96.319  -19.555    0.355120   -1.318549   -0.682768   -0.791210   -1.468493   -1.683316   -1.890099   -0.710032   -1.206612    7.557   -7.444   -9.191 S_000008
   4 N  -108.501  109.143  136.134   75.216 -161.641  -65.319   58.354   43.308   94.704  -30.216    0.228707   -1.468780   -0.337643   -0.800482   -1.688991   -1.439407   -1.819122   -0.728875   -1.218763    6.166  -11.387  -13.988 S_000008
   5 P  -176.305  137.307  171.043   85.565 -130.646 -105.768   74.681   34.485   99.287   -2.152    0.332425   -1.340365   -0.638706   -0.805513   -1.489131   -1.649123   -1.873865   -0.673556   -1.222220    6.451  -16.215  -18.793 S_000008
   6 P   -82.645 -177.969   72.751  145.260 -157.503 -148.229  111.875  -38.545  157.429  -12.075    0.322205   -0.223436   -1.480851   -0.764697   -1.222995   -1.851784   -1.919902   -0.771160   -1.168755    6.146  -19.929  -24.602 S_000008
   7 N   -98.041 -137.837  155.725  158.717  -99.849  162.372  109.093  -41.754  160.788   52.267    0.289315   -0.001541   -1.489878   -0.763911   -1.005286   -1.960819   -1.921518   -0.690989   -1.218223    5.026  -24.367  -30.172 S_000008
   8 N    48.804 -165.698 -173.098  143.997 -101.633  -88.515  -51.099  -34.164  157.598   16.253    0.331545   -0.255957   -1.468049   -0.813687   -1.183627   -1.883524   -1.952821   -0.728523   -1.184855    5.051  -29.331  -33.910 S_000008
   9 P  -162.813  120.226  175.866   82.361 -130.482  -83.501   71.938   31.791  101.509  168.496    0.369909   -1.323004   -0.659604   -0.788295   -1.515888   -1.636180   -1.860290   -0.702304   -1.215513    2.788  -33.387  -39.097 S_000008
  10 H   -78.426 -155.341   47.071   84.797    0.000    0.000   81.577   32.226   99.812  -70.561    0.352778   -1.331238   -0.654880   -0.805797   -1.520340   -1.637836   -1.894306   -0.719390   -1.200209    3.498  -37.413  -44.652 S_000008
SCORE:    18.381                 18.381          0          0          1    S_000009
   1 H     0.000  170.252   55.279   81.469 -100.948  -99.873   48.407   39.179   86.691  -19.565    0.329869   -1.353413   -0.607637   -0.747793   -1.434210   -1.683419   -1.859127   -0.708409   -1.213785    3.794    0.984    0.238 S_000009
   2 P   145.559 -147.661 -179.920   89.636 -147.948 -121.251  142.316   19.265  124.361   72.826    0.378876   -1.314939   -0.680925   -0.895597   -1.696331   -1.431095   -1.862822   -0.708039   -1.208086    4.723   -3.036   -4.841 S_000009
   3 P   152.166 -142.339  171.440   87.047  -87.496 -132.632  108.226   39.621   80.726  -19.997    0.312492   -1.287510   -0.749116   -0.763759   -1.245728   -1.833892   -1.906626   -0.684201   -1.223246    4.027   -8.314   -9.148 S_000009
   4 N     0.000  172.529   46.705 -224.118  207.242  179.205  148.966  -29.080  158.819  -19.114    0.380377   -0.446779   -1.400362   -0.814079   -1.322168   -1.752573   -1.949733   -0.675138   -1.201495    1.714  -12.780  -13.507 S_000009
   5 P   -62.665  160.095   60.916   87.761 -155.381  -65.107   89.471   34.654   95.702  164.567    0.314428   -1.338077   -0.659034   -0.817132   -1.479765   -1.673408   -1.886225   -0.675591   -1.223030    3.307  -17.265  -17.478 S_000009
   6 N  -174.783  120.716  177.399  150.472 -127.479 -150.643  -46.738  -38.379  156.036  172.165    0.295515   -0.075973   -1.493365   -0.801078   -1.032701   -1.963612   -1.942754   -0.690149   -1.211052    4.763  -20.646  -23.276 S_000009
   7 N   167.952 -167.959  154.203  145.211 -155.376 -167.633   19.536  -32.174  148.043  -55.599    0.332777   -0.133501   -1.484945   -0.828850   -0.980089   -2.013944   -1.953344   -0.695714   -1.205944    7.851  -25.310  -28.000 S_000009
   8 P   140.069 -149.134 -176.442   84.310 -132.136  -74.545   60.793   36.577   91.645  -33.522    0.344958   -1.330067   -0.653628   -0.758551   -1.445446   -1.705309   -1.869122   -0.698642   -1.227160    9.144  -30.784  -32.114 S_000009
   9 P   171.747  153.395  159.041  148.712 -150.900 -143.856  163.298  -31.676  141.216  -34.261    0.335662   -0.099384   -1.482186   -0.823846   -0.920479   -2.044532   -1.934389   -0.708140   -1.198506    9.951  -34.752  -37.818 S_000009
  10 H   154.455 -148.369  168.367   83.265    0.000    0.000   63.833   34.520   91.980  -11.550    0.360463   -1.306174   -0.693891   -0.768177   -1.427909   -1.721304   -1.886699   -0.712933   -1.210397    8.166  -38.642  -43.434 S_000009
SCORE:    19.007                 19.007          0          0          2    S_000010
   1 H     0.000  170.252   55.279   84.424 -136.209  -82.178   76.367   40.166   89.844  -13.593    0.320922   -1.358851   -0.578022   -0.735430   -1.459864   -1.669111   -1.842510   -0.692497   -1.225869    3.794    0.984    0.238 S_000010
   2 P  -170.614  171.306  161.607   77.746 -114.502  -71.913   54.684   36.491   93.399  130.410    0.335231   -1.349746   -0.596634   -0.776451   -1.492991   -1.635436   -1.852206   -0.684802   -1.215519    7.421   -2.581   -4.602 S_000010
   3 P   -63.250  175.683   65.794  149.949 -131.110 -149.590  116.670  -46.360  165.701  151.659    0.291047   -0.023190   -1.497427   -0.685692   -1.116595   -1.889345   -1.874813   -0.741826   -1.205416    8.031   -7.055   -9.050 S_000010
   4 P   155.280  135.958 -178.035  104.997 -143.605  -53.089   64.985   37.244   82.297  -18.629    0.310561   -1.203717   -0.835451   -0.769342   -1.162931   -1.894190   -1.902863   -0.704842   -1.203253    7.196  -12.267  -14.157 S_000010
   5 P  -165.001  161.303 -173.575  133.891 -106.070  178.271  117.532  -28.074  146.438 -179.088    0.378253   -0.295046   -1.451292   -0.812423   -1.111908   -1.949506   -1.943126   -0.708633   -1.198702    4.979  -15.112  -19.766 S_000010
   6 P   179.820 -143.727  142.769   86.515 -135.487  -69.630   55.695   27.873  103.685  -20.135    0.383125   -1.254649   -0.787744   -0.810853   -1.432803   -1.722782   -1.892272   -0.684756   -1.215503    7.037  -20.517  -23.963 S_000010
   7 P   -39.132 -128.014  178.683  148.423 -128.491 -161.176   82.490  -39.164  159.768  138.907    0.324895   -0.118877   -1.481124   -0.753142   -1.105909   -1.924168   -1.915263   -0.709937   -1.216600    9.281  -23.387  -29.190 S_000010
   8 N   167.952 -167.959  154.203  145.211 -155.376 -167.633   19.536  -32.174  148.043  -55.599    0.332777   -0.133501   -1.484945   -0.828850   -0.980089   -2.013944   -1.953344   -0.695714   -1.205944    7.786  -28.097  -34.565 S_000010
   9 P   -91.489 -171.862   60.190  151.408 -141.915  146.948  126.268  -35.959  150.845  170.483    0.328252   -0.054211   -1.490136   -0.790867   -0.952189   -2.007261   -1.913874   -0.676102   -1.216425    7.729  -30.976  -40.812 S_000010
  10 H   -62.428  166.705   56.983   80.171    0.000    0.000   71.853   41.251   89.297  179.929    0.305800   -1.397301   -0.514812   -0.743234   -1.522557   -1.614996   -1.832574   -0.688356   -1.242826    6.486  -31.039  -46.479 S_000010
