SEQUENCE: gaaaaaaaaaag
SCORE:     score    rna_stub_coord_hack       N_WC      N_NWC       N_BS description
REMARK RNA 
SCORE:     0.634                  0.634          0          0          1    S_000001
   1 H     0.000  170.252   55.279   74.312 -159.351  -75.031   79.630   46.186   91.563  179.894    0.153491   -1.485163   -0.257935   -0.848630   -1.693202   -1.391510   -1.851550   -0.761174   -1.207979    3.794    0.984    0.238 S_000001
   2 P    52.835 -123.215 -169.052   83.625 -115.325  -75.085  124.149   39.961   88.658  -61.678    0.326402   -1.364730   -0.575956   -0.735553   -1.469083   -1.664894   -1.851141   -0.700655   -1.228662    8.016   -0.811   -1.250 S_000001
   3 P  -136.188  147.408  170.784   84.536 -136.102  -73.016   76.513   39.583   86.659  179.914    0.336335   -1.326095   -0.664039   -0.729869   -1.374732   -1.758977   -1.869372   -0.707693   -1.223661   11.343   -4.823    3.066 S_000001
   4 N   -54.879 -176.362   48.755   80.892 -146.117  -79.256   98.562   30.959  101.201  172.074    0.360066   -1.343044   -0.635732   -0.811339   -1.569431   -1.594592   -1.881984   -0.741707   -1.193703   15.179   -8.343    6.663 S_000001
   5 P  -105.308   88.428  173.781   81.703 -135.206  -62.142   59.644   38.098   90.763   74.845    0.339308   -1.347252   -0.616241   -0.748066   -1.455875   -1.684281   -1.862059   -0.700408   -1.227937   18.631  -12.666    8.194 S_000001
   6 P   -38.449  157.673   56.422   86.575 -149.404 -132.935  127.803   31.460   99.494  165.329    0.348234   -1.339664   -0.648897   -0.820908   -1.543872   -1.615460   -1.901210   -0.747956   -1.178941   22.335  -14.624   11.905 S_000001
   7 P   -54.940  156.336   62.180   88.919 -105.612  -90.824   85.870   42.641   80.786  -23.801    0.288927   -1.312198   -0.692628   -0.741406   -1.268946   -1.820002   -1.881274   -0.642157   -1.251965   26.750  -15.873   16.228 S_000001
   8 N  -108.501  109.143  136.134   75.216 -161.641  -65.319   58.354   43.308   94.704  -30.216    0.228707   -1.468780   -0.337643   -0.800482   -1.688991   -1.439407   -1.819122   -0.728875   -1.218763   32.138  -18.175   18.509 S_000001
   9 N   170.628 -165.875 -168.095   88.100 -146.025  -69.701   74.281   42.570   86.157  -18.932    0.269820   -1.368058   -0.613320   -0.764958   -1.393175   -1.735747   -1.891381   -0.711959   -1.210295   35.878  -22.176   22.124 S_000001
  10 P   -57.483  154.983   59.850   79.268 -121.099 -137.632   69.762   42.189   89.103  -77.614    0.305757   -1.414829   -0.439548   -0.728015   -1.574660   -1.542179   -1.824099   -0.738259   -1.208033   37.637  -26.345   25.701 S_000001
  11 P   -57.020  159.483   55.990   84.446 -152.658  -73.231   81.318   38.830   90.001  179.943    0.310767   -1.363955   -0.599639   -0.773820   -1.467397   -1.673189   -1.889021   -0.724030   -1.203015   40.781  -30.487   29.691 S_000001
  12 H   178.471 -176.676  173.284   79.437    0.000    0.000   48.129   38.012   95.507  -20.944    0.304774   -1.390274   -0.539887   -0.792519   -1.550852   -1.592786   -1.864700   -0.712658   -1.219642   46.670  -33.723   30.773 S_000001
SCORE:     0.615                  0.615          0          0          3    S_000002
   1 H     0.000  170.252   55.279   82.484 -159.117  -72.986   65.141   37.880   92.837  179.923    0.318334   -1.371440   -0.568912   -0.774070   -1.524773   -1.628783   -1.861258   -0.705971   -1.223834    3.794    0.984    0.238 S_000002
   2 P    61.624 -141.782 -174.413  146.420 -158.775 -155.643  149.108  -35.909  158.099  -48.095    0.343332   -0.217723   -1.469254   -0.774158   -1.168908   -1.890695   -1.927117   -0.730541   -1.197048    7.996   -1.725   -1.157 S_000002
   3 P   -68.165  174.373   58.700   86.956 -136.013 -135.624   77.880   33.767   98.499 -116.102    0.332546   -1.330151   -0.670160   -0.812499   -1.477317   -1.676250   -1.901888   -0.696394   -1.214892   13.968   -3.611    0.867 S_000002
   4 P   166.495  172.404  174.231   87.746 -132.714  -66.796   66.289   35.684   95.741  -22.140    0.317062   -1.318123   -0.699594   -0.783392   -1.426334   -1.729960   -1.879184   -0.700135   -1.218640   18.308   -9.246    2.708 S_000002
   5 P   -48.770  168.829   54.670   86.526 -150.658  -75.306   81.995   35.762   95.534  179.945    0.329835   -1.340758   -0.641035   -0.793845   -1.468505   -1.674925   -1.886862   -0.690294   -1.220313   21.066  -13.569    5.777 S_000002
   6 P  -107.482   87.708  170.289   85.388 -143.551  -50.124   59.353   32.890   97.715  -10.667    0.345255   -1.322462   -0.672137   -0.806763   -1.487796   -1.668591   -1.895264   -0.707545   -1.212270   22.856  -17.755    9.231 S_000002
   7 P   -63.663 -177.845   46.955   82.472 -146.634  -68.950   80.835   36.748   94.387   -0.861    0.321600   -1.362469   -0.587085   -0.787738   -1.514650   -1.629258   -1.873712   -0.712179   -1.206499   27.290  -19.889   12.674 S_000002
   8 P  -106.362   66.395  169.689   87.884 -117.965  -87.727   57.786   36.344   89.807  179.934    0.333910   -1.300724   -0.722608   -0.778498   -1.355734   -1.769247   -1.910465   -0.718551   -1.202041   30.025  -23.416   16.096 S_000002
   9 P   -61.092 -179.951   54.774   87.431 -151.537  -67.067   74.859   34.761   92.151  172.102    0.355010   -1.300572   -0.702868   -0.767815   -1.402723   -1.725477   -1.876416   -0.700471   -1.211628   35.290  -25.413   19.540 S_000002
  10 P  -128.384  113.180  162.852   86.269 -121.412  -87.458   58.577   34.811   87.922  -17.940    0.354485   -1.288841   -0.734645   -0.775911   -1.359654   -1.760900   -1.893358   -0.695028   -1.213425   38.099  -29.288   23.542 S_000002
  11 P  -172.564  127.960  145.240   79.909 -123.423  -74.300   59.084   38.736   99.149    4.314    0.366888   -1.353799   -0.648101   -0.720295   -1.428243   -1.736393   -1.867590   -0.724777   -1.210854   42.476  -33.908   26.686 S_000002
  12 H    82.056 -132.231  179.963   83.835    0.000    0.000   80.047   40.404   87.773   -0.060    0.307097   -1.365306   -0.594353   -0.754094   -1.444186   -1.689009   -1.865857   -0.688450   -1.232812   43.432  -36.113   31.408 S_000002
SCORE:     0.532                  0.532          0          0          3    S_000003
   1 H     0.000  170.252   55.279   70.868 -163.725  -74.253   75.838   37.092   95.874  179.891    0.336282   -1.405810   -0.488782   -0.735561   -1.648885   -1.509856   -1.809943   -0.773768   -1.154550    3.794    0.984    0.238 S_000003
   2 P  -173.677 -178.976   34.277   80.242 -168.015 -110.757  160.627   37.213   95.572  116.250    0.298994   -1.405113   -0.533923   -0.807169   -1.597305   -1.575406   -1.856075   -0.725145   -1.201273    8.623   -1.823   -3.600 S_000003
   3 P   156.757 -162.758  169.525   85.477   88.309   70.721   98.460   24.669  112.096   50.338    0.374471   -1.259777   -0.773805   -0.849735   -1.500510   -1.649134   -1.912316   -0.692393   -1.208159   11.645   -5.250    1.467 S_000003
   4 N   -48.725  155.423   53.385   83.322 -138.448  -73.726  109.182   37.784   91.113  -17.550    0.325788   -1.344261   -0.635158   -0.772052   -1.439852   -1.699104   -1.878086   -0.685034   -1.231635   16.107   -5.521    4.610 S_000003
   5 P   -82.977  163.598   69.177   82.629 -159.761  -70.212   79.289   38.370   87.561  167.899    0.319264   -1.363465   -0.596303   -0.768813   -1.472471   -1.658587   -1.877937   -0.737559   -1.194105   21.340   -8.152    6.956 S_000003
   6 N     0.000 -178.223   56.670   81.700 -144.164  -65.204   79.257   41.777   87.305  -26.649    0.295388   -1.402667   -0.522451   -0.745991   -1.514221   -1.628561   -1.893046   -0.817016   -1.154483   22.700  -11.711   11.087 S_000003
   7 P   -63.250  175.683   65.794  149.949 -131.110 -149.590  116.670  -46.360  165.701  151.659    0.291047   -0.023190   -1.497427   -0.685692   -1.116595   -1.889345   -1.874813   -0.741826   -1.205416   26.910  -14.728   14.371 S_000003
   8 P  -148.588  133.443  138.027   85.064 -127.867  -81.381   73.376   37.219   95.049  -13.856    0.320946   -1.350869   -0.610637   -0.781786   -1.471736   -1.659254   -1.868671   -0.699104   -1.208886   30.589  -19.080   18.224 S_000003
   9 P   -80.879 -179.862   79.559  111.255 -139.643  -76.480   76.250    4.777  118.477    2.534    0.430453   -0.952388   -1.110152   -0.846902   -1.385638   -1.801670   -1.930007   -0.732853   -1.182495   34.249  -23.291   21.867 S_000003
  10 P   -67.400 -156.253   70.385   89.207 -165.347 -142.424  149.312   31.170   95.376  179.958    0.339723   -1.283862   -0.739249   -0.826225   -1.443552   -1.722588   -1.912729   -0.711481   -1.205233   40.116  -26.343   22.835 S_000003
  11 N   146.424 -163.784  178.255   85.620 -137.294  -67.317   67.440   39.752   87.784 -119.038    0.297106   -1.364557   -0.602477   -0.780092   -1.442511   -1.687950   -1.884111   -0.692719   -1.217120   44.913  -29.417   26.914 S_000003
  12 H   -60.728  175.684   54.776   81.321    0.000    0.000   73.775   37.734   94.674  -18.740    0.322273   -1.373694   -0.561279   -0.771865   -1.523485   -1.611325   -1.854710   -0.707246   -1.218681   50.527  -31.157   28.840 S_000003
SCORE:     0.622                  0.622          0          0          1    S_000004
   1 H     0.000  170.252   55.279   89.901 -164.307  -73.097   83.329   40.006   90.860 -161.041    0.290571   -1.333485   -0.668374   -0.780999   -1.353355   -1.756455   -1.897312   -0.665837   -1.232037    3.794    0.984    0.238 S_000004
   2 P  -147.936  152.684   56.617   83.963 -134.391  -59.853   66.127   38.162   91.364  -18.608    0.311443   -1.354772   -0.618567   -0.780318   -1.455572   -1.682086   -1.887158   -0.710034   -1.207289    9.146   -1.311   -2.978 S_000004
   3 P   -81.969  -86.821 -174.157   75.787 -159.050 -146.501 -176.174   43.715   78.097  179.915    0.307460   -1.373554   -0.609335   -0.719837   -1.311569   -1.716845   -1.872270   -0.619467   -1.275353   10.187   -6.788    0.756 S_000004
   4 N   -51.635  163.937   50.409   81.830 -146.710  -68.218   82.057   34.167  100.917  -12.724    0.321417   -1.394291   -0.523038   -0.817918   -1.641577   -1.511683   -1.877571   -0.761225   -1.184413   11.018   -7.668    6.980 S_000004
   5 P   -67.174 -171.745   62.212  145.145 -155.997 -106.484 -147.320  -33.164  152.851  138.237    0.344482   -0.189857   -1.476480   -0.805669   -1.076453   -1.953110   -1.941820   -0.705229   -1.199961   13.877  -10.171   12.096 S_000004
   6 P   -56.713  169.563   63.733  130.198 -145.747 -165.607  105.706  -22.591  147.628  165.119    0.387195   -0.481632   -1.393214   -0.841539   -1.246218   -1.866122   -1.947955   -0.671518   -1.217400   17.911  -14.576   14.180 S_000004
   7 P   147.134 -168.848  174.551   84.578 -147.110  -72.890   70.254   33.977   96.687  -24.297    0.349584   -1.331002   -0.659733   -0.788648   -1.484050   -1.669911   -1.886169   -0.707459   -1.211906   22.404  -19.671   16.568 S_000004
   8 P   -50.353 -155.642   49.514  144.140 -116.281 -177.136  152.040  -34.900  163.032   29.821    0.343286   -0.324128   -1.448346   -0.793398   -1.280886   -1.793255   -1.940277   -0.746673   -1.179096   26.870  -24.003   18.122 S_000004
   9 P   163.328  133.174   67.642  136.998 -137.626 -154.012   89.421  -30.525  152.645   30.625    0.372295   -0.416181   -1.425075   -0.793600   -1.311181   -1.799090   -1.926431   -0.784884   -1.148790   29.039  -29.155   22.367 S_000004
  10 P   -59.635 -160.120   48.664  147.679  -98.057 -148.024  -46.170  -37.674  158.172 -162.643    0.328942   -0.194641   -1.477977   -0.765558   -1.170944   -1.888938   -1.920786   -0.746690   -1.186433   31.589  -35.359   23.337 S_000004
  11 P  -147.370  132.427  163.030   85.740 -133.620  -84.078   67.702   34.176   93.870  -15.107    0.344463   -1.309014   -0.688719   -0.791759   -1.433451   -1.704701   -1.888885   -0.699291   -1.211989   35.706  -39.692   26.604 S_000004
  12 H    -2.723 -153.525  -72.110   81.567    0.000    0.000   81.697   30.246  117.754 -113.652    0.325081   -1.403786   -0.508720   -0.876344   -1.690380   -1.417013   -1.811549   -0.655264   -1.246510   37.318  -43.817   30.832 S_000004
SCORE:     0.642                  0.642          0          0          4    S_000005
   1 H     0.000  170.252   55.279   89.544 -160.662  -63.624   61.197   35.060   93.485  -11.373    0.339119   -1.303642   -0.703373   -0.785860   -1.400021   -1.731820   -1.878459   -0.655205   -1.239514    3.794    0.984    0.238 S_000005
   2 P    58.527 -133.606 -172.653   86.029 -158.385  -60.026   78.300   34.336   88.620  -13.117    0.363034   -1.264558   -0.760057   -0.770403   -1.334027   -1.791483   -1.912220   -0.717056   -1.201878    7.439   -2.088   -0.668 S_000005
   3 P   -79.285 -132.149   41.041  134.582  -45.598 -179.978  175.944  -25.854  151.298   27.948    0.416080   -0.224298   -1.453267   -0.795548   -0.968330   -2.002520   -1.928054   -0.687585   -1.214336    9.556   -6.407    3.937 S_000005
   4 P   -57.076  159.557   74.072  122.522 -124.914  176.015  109.465  -27.926  161.760  179.896    0.363848   -0.671595   -1.324732   -0.846074   -1.563840   -1.540839   -1.910259   -0.713848   -1.195912   11.238  -11.930    6.570 S_000005
   5 P  -167.631  177.125   63.936  148.721 -114.320  176.453   96.592  -39.276  160.663  -80.184    0.315889   -0.217056   -1.474414   -0.766409   -1.232285   -1.836424   -1.924195   -0.750433   -1.184996   15.734  -14.047   11.567 S_000005
   6 N   -83.859  145.770   70.247   81.849 -127.172  -85.969   53.125   28.826  109.250   63.051    0.360494   -1.342275   -0.634236   -0.832933   -1.606541   -1.555906   -1.873192   -0.716009   -1.209256   18.272  -16.505   16.378 S_000005
   7 P  -160.249  166.068  171.487   91.115 -136.630 -101.713   76.539   34.876   95.142  175.357    0.323572   -1.335492   -0.650661   -0.813480   -1.473315   -1.673547   -1.901744   -0.711585   -1.198626   21.285  -21.711   20.082 S_000005
   8 P   -65.923  160.124   60.919   85.240 -155.143  -68.599   91.007   37.126   94.061  171.174    0.324744   -1.353363   -0.615947   -0.781827   -1.473397   -1.666346   -1.875603   -0.691726   -1.222132   24.638  -25.333   24.170 S_000005
   9 P   -61.230  169.273   48.161   85.220 -132.897  -93.019   83.256   36.167   92.719 -163.947    0.323940   -1.330687   -0.670608   -0.791810   -1.440298   -1.717266   -1.892519   -0.693002   -1.227518   26.421  -30.787   25.759 S_000005
  10 P   -48.021 -149.357   60.660  147.001 -101.038  163.258  120.155  -32.034  151.049   18.396    0.355164   -0.210741   -1.459618   -0.797243   -1.078551   -1.944985   -1.922827   -0.653220   -1.225214   29.494  -36.611   24.432 S_000005
  11 P  -102.406 -166.243   25.602  149.414 -129.707 -175.148   90.395  -38.815  161.000   21.044    0.320198   -0.168655   -1.478454   -0.768921   -1.159934   -1.866854   -1.930844   -0.727877   -1.191024   31.001  -42.299   26.957 S_000005
  12 H   -62.476  176.200   51.570   82.063    0.000    0.000   79.806   38.392   93.042  -15.610    0.318372   -1.373765   -0.574732   -0.771436   -1.503569   -1.639699   -1.860142   -0.690022   -1.230916   32.836  -47.356   30.500 S_000005
SCORE:     0.750                  0.750          0          0          5    S_000006
   1 H     0.000  170.252   55.279   84.023 -148.856  -78.054   62.244   31.873  100.203  179.886    0.348873   -1.330041   -0.663591   -0.814498   -1.516021   -1.638982   -1.885431   -0.702291   -1.209947    3.794    0.984    0.238 S_000006
   2 P    64.149  177.532 -178.116   83.579 -143.535  -69.167   99.675   37.943   93.663  -20.950    0.311423   -1.377025   -0.568188   -0.785051   -1.518831   -1.624082   -1.866180   -0.698485   -1.221914    7.719   -2.796   -2.281 S_000006
   3 N   -52.702  172.923   49.702   84.169 -165.377 -100.510   95.305   35.324   96.911 -144.598    0.323649   -1.362952   -0.603981   -0.808138   -1.526598   -1.626536   -1.889159   -0.716986   -1.203713   10.229   -7.504    0.567 S_000006
   4 P   168.992 -156.630  174.212   86.705 -137.197 -119.664  108.197   33.640   99.366  -15.229    0.329923   -1.352776   -0.624135   -0.819988   -1.531632   -1.621327   -1.886817   -0.697388   -1.214338   11.376  -11.731    5.788 S_000006
   5 N    36.986 -130.733 -175.461  144.530  -93.434  162.034  104.936  -42.142  165.099  -84.275    0.308661   -0.225597   -1.465043   -0.731066   -1.295106   -1.781718   -1.891180   -0.772137   -1.170267   13.818  -15.310    9.722 S_000006
   6 P   -69.011 -179.587   61.676   84.733 -147.671  -51.314   90.548   38.978   90.647  -22.402    0.297355   -1.362058   -0.610868   -0.788062   -1.449348   -1.683885   -1.877935   -0.674824   -1.228791   16.937  -19.676   12.461 S_000006
   7 P   -61.653  158.780  111.392  131.953 -117.165 -124.089  113.393  -34.124  172.369  170.567    0.367177   -0.534770   -1.378991   -0.795747   -1.498249   -1.528004   -1.900206   -0.681102   -1.220799   19.141  -21.701   17.166 S_000006
   8 N   -65.885  179.186   58.771   83.236 -150.739  -63.620   73.131   38.270   89.453  -17.356    0.311461   -1.359593   -0.592937   -0.777521   -1.474766   -1.654120   -1.863051   -0.696733   -1.214462   24.228  -24.424   20.880 S_000006
   9 P  -107.482   87.708  170.289   85.388 -143.551  -50.124   59.353   32.890   97.715  -10.667    0.345255   -1.322462   -0.672137   -0.806763   -1.487796   -1.668591   -1.895264   -0.707545   -1.212270   27.220  -28.492   23.316 S_000006
  10 N  -139.731 -177.144  125.804   82.958 -139.997  -71.260   56.165   36.114   96.130  -19.199    0.367749   -1.337066   -0.623212   -0.737978   -1.433341   -1.631644   -1.889073   -0.682326   -1.236236   31.901  -30.984   27.225 S_000006
  11 N   -70.975 -163.579   68.602   82.955 -149.310  -62.038   75.059   38.997   94.149  -28.045    0.304613   -1.388713   -0.549169   -0.779660   -1.524145   -1.618096   -1.864917   -0.704440   -1.217402   34.284  -35.154   31.732 S_000006
  12 H   -65.834  162.516   63.978   81.535    0.000    0.000   63.954   42.436   92.091  147.011    0.276549   -1.420170   -0.445386   -0.760154   -1.574028   -1.554047   -1.828270   -0.700910   -1.235397   35.834  -40.635   33.073 S_000006
SCORE:     0.713                  0.713          0          1          1    S_000007
   1 H     0.000  170.252   55.279   86.940 -153.819  -78.659   76.782   35.432   93.436 -179.518    0.338900   -1.321158   -0.663443   -0.781806   -1.440260   -1.694181   -1.882857   -0.688371   -1.217218    3.794    0.984    0.238 S_000007
   2 N   126.407 -167.137   57.288  153.240  -96.160  139.863  105.648  -36.943  151.568   19.882    0.323694   -0.039825   -1.487999   -0.784030   -0.954972   -2.007803   -1.924663   -0.672720   -1.219938    7.820   -2.981   -2.655 S_000007
   3 N   145.215 -123.261  174.675   85.487 -129.367 -105.326   61.689   34.708   94.693  -16.002    0.341282   -1.320596   -0.682879   -0.791461   -1.438928   -1.705229   -1.892384   -0.688770   -1.219794   10.892   -7.388    0.977 S_000007
   4 P   160.815  105.099   88.582   92.840 -161.979 -164.996   83.120   14.294  126.435  -66.900    0.405061   -1.212048   -0.841187   -0.889406   -1.604759   -1.561045   -1.922890   -0.729780   -1.183130   11.443  -13.930    3.977 S_000007
   5 P   164.488 -114.005 -156.984   84.693 -175.807  -69.979   51.748   34.903   98.384  -74.143    0.334074   -1.360844   -0.599996   -0.791179   -1.546085   -1.615586   -1.873725   -0.716463   -1.216816   15.068  -18.907    7.236 S_000007
   6 P   169.387 -149.487  155.553   85.919 -111.634 -105.245   58.290   34.295   93.869 -174.200    0.347326   -1.316032   -0.673149   -0.786606   -1.451213   -1.690182   -1.888674   -0.697197   -1.209516   16.824  -24.601    9.519 S_000007
   7 P   168.992 -156.630  174.212   86.705 -137.197 -119.664  108.197   33.640   99.366  -15.229    0.329923   -1.352776   -0.624135   -0.819988   -1.531632   -1.621327   -1.886817   -0.697388   -1.214338   21.499  -28.552   12.892 S_000007
   8 P   152.166 -142.339  171.440   87.047  -87.496 -132.632  108.226   39.621   80.726  -19.997    0.312492   -1.287510   -0.749116   -0.763759   -1.245728   -1.833892   -1.906626   -0.684201   -1.223246   26.061  -30.861   17.503 S_000007
   9 N   -73.871  177.555   66.921  148.729  -57.207   94.144  128.950  -35.088  151.118 -115.411    0.321581   -0.090231   -1.485394   -0.802588   -0.979750   -2.002688   -1.935372   -0.670313   -1.221970   28.848  -33.040   23.435 S_000007
  10 P   -85.205  160.441   68.836   80.051 -126.691  -46.993   79.915   38.635   90.232  -22.740    0.316250   -1.384698   -0.533434   -0.770911   -1.536002   -1.595860   -1.873587   -0.749110   -1.194209   32.291  -34.652   23.331 S_000007
  11 P   152.767 -170.923  168.753   90.141 -153.461  -69.676   62.592   38.672   81.946  179.887    0.314527   -1.304140   -0.725198   -0.773885   -1.310461   -1.804102   -1.910749   -0.721999   -1.199298   35.292  -38.907   26.622 S_000007
  12 H   -81.803  168.896   66.443   74.557    0.000    0.000   75.909   36.579  100.830  179.928    0.337843   -1.333893   -0.618208   -0.739250   -1.462600   -1.636278   -1.847771   -0.644557   -1.231155   36.645  -41.032   32.290 S_000007
SCORE:     0.629                  0.629          0          0          6    S_000008
   1 H     0.000  170.252   55.279   81.110 -138.298  -68.627   62.667   39.526   91.502 -133.950    0.327011   -1.357033   -0.593917   -0.739275   -1.449859   -1.672806   -1.826102   -0.654837   -1.244108    3.794    0.984    0.238 S_000008
   2 P    66.646  157.153   35.698  124.239   -8.546 -135.078  127.982  -13.199  138.660    3.638    0.450539   -0.563762   -1.333537   -0.825943   -1.170102   -1.898312   -1.935705   -0.626120   -1.226024    6.262   -3.658   -2.737 S_000008
   3 N  -174.783  120.716  177.399  150.472 -127.479 -150.643  -46.738  -38.379  156.036  172.165    0.295515   -0.075973   -1.493365   -0.801078   -1.032701   -1.963612   -1.942754   -0.690149   -1.211052   11.441   -5.567    0.646 S_000008
   4 N   -83.859  145.770   70.247   81.849 -127.172  -85.969   53.125   28.826  109.250   63.051    0.360494   -1.342275   -0.634236   -0.832933   -1.606541   -1.555906   -1.873192   -0.716009   -1.209256   15.795  -10.027    2.063 S_000008
   5 P   -79.126  166.307   77.723  150.834  -98.890  160.827  125.960  -31.518  155.489   23.132    0.310030   -0.076579   -1.483199   -0.874991   -0.901705   -2.090662   -1.955273   -0.672872   -1.209360   19.681  -13.419    6.062 S_000008
   6 N   137.587 -170.533 -171.519   94.799 -145.911  -66.460   70.720   36.799   89.486  -16.397    0.343215   -1.223738   -0.846956   -0.763254   -1.164451   -1.899283   -1.893385   -0.551026   -1.273253   25.169  -15.579    9.541 S_000008
   7 N   -75.476  167.351   68.042   72.164 -141.243  -86.102   76.953   47.247   90.589  -21.090    0.197622   -1.482414   -0.305353   -0.774018   -1.657218   -1.463291   -1.812717   -0.703234   -1.238293   30.206  -17.482   12.475 S_000008
   8 P   -37.209  158.180   62.639   73.432 -158.795  -93.024   71.889   33.997  108.807 -123.590    0.299943   -1.469358   -0.287135   -0.855516   -1.856762   -1.216778   -1.809701   -0.815795   -1.158669   32.938  -20.052   17.086 S_000008
   9 N   -82.599  175.145   74.919   81.909 -154.495  -44.222   68.571   37.987   90.284   72.246    0.319192   -1.387072   -0.561855   -0.771656   -1.540760   -1.617683   -1.870380   -0.745456   -1.201598   36.349  -22.921   21.820 S_000008
  10 N   -70.134 -122.951   45.259  145.902 -161.667 -171.927  171.592  -29.237  145.130  -58.222    0.361392   -0.244021   -1.440161   -0.820842   -1.065751   -1.938745   -1.941641   -0.708015   -1.187291   36.828  -27.750   26.044 S_000008
  11 P   128.117 -166.032 -161.321   92.406 -136.225  -61.884   63.110   41.031   87.902  -22.327    0.260237   -1.335023   -0.702115   -0.796889   -1.321722   -1.803111   -1.925782   -0.646661   -1.246176   39.557  -33.347   29.228 S_000008
  12 H   -63.591  177.876   50.332   80.514    0.000    0.000   80.225   39.606   91.752  -62.016    0.311830   -1.391666   -0.529697   -0.761720   -1.536969   -1.609644   -1.849459   -0.705356   -1.226413   40.892  -39.040   31.187 S_000008
SCORE:     0.929                  0.929          0          1          1    S_000009
   1 H     0.000  170.252   55.279   74.398 -147.962  -65.644   76.151   39.004   96.729  -26.994    0.271558   -1.438529   -0.434313   -0.828030   -1.644730   -1.487486   -1.869127   -0.726711   -1.211230    3.794    0.984    0.238 S_000009
   2 P    69.065  148.258   61.008  143.351 -152.468 -173.839  -36.031  -32.620  153.760  -38.466    0.355883   -0.282450   -1.458156   -0.797587   -1.187713   -1.889374   -1.939496   -0.751429   -1.176510    6.708   -3.546   -2.507 S_000009
   3 P   -80.038  176.179   50.143  140.545 -121.983  142.556  107.539  -32.297  155.179 -171.391    0.337627   -0.341992   -1.448902   -0.822973   -1.251736   -1.833691   -1.956174   -0.751793   -1.167097   11.490   -7.661   -0.569 S_000009
   4 N   140.751   78.375  147.908   85.219 -139.919 -122.587   67.224   27.161  117.339 -128.645    0.327420   -1.390343   -0.558417   -0.896324   -1.706978   -1.419161   -1.868152   -0.719232   -1.199857   16.980   -8.659    3.102 S_000009
   5 N   -65.039  171.573   53.046   81.400 -143.585  -78.904   66.889   39.532   90.471  179.877    0.301777   -1.388685   -0.541789   -0.775771   -1.522205   -1.620210   -1.864067   -0.706234   -1.221271   23.216   -9.583    5.224 S_000009
   6 P   -71.862  163.400   58.750   85.820 -164.131  -74.692   86.996   37.612   90.279  171.537    0.317291   -1.346121   -0.618244   -0.768961   -1.461580   -1.668215   -1.868475   -0.705943   -1.210851   27.325  -11.844    9.304 S_000009
   7 N   -78.088 -169.127   52.805   81.057 -142.609 -120.995   86.193   38.423   92.055  -98.351    0.324361   -1.377004   -0.563956   -0.764392   -1.516951   -1.630569   -1.851348   -0.704557   -1.226574   28.900  -13.418   15.330 S_000009
   8 P   -60.519 -150.721   69.014  155.654  -81.600 -163.057  158.185  -44.635  163.664   97.265    0.258206   -0.039368   -1.494873   -0.750175   -1.106028   -1.909076   -1.907704   -0.770525   -1.183420   29.674  -18.366   20.079 S_000009
   9 P   168.935  130.259   53.295  151.687 -105.787  158.269   99.642  -39.457  164.899  -78.284    0.311456   -0.213025   -1.473525   -0.773267   -1.229982   -1.822240   -1.928139   -0.719157   -1.203908   33.394  -23.384   22.998 S_000009
  10 P   -38.358  157.674   36.001   84.787 -176.859 -116.281  129.979   19.252  124.883  177.810    0.354233   -1.369644   -0.587632   -0.939275   -1.791821   -1.306017   -1.871753   -0.748094   -1.168456   36.022  -26.492   27.098 S_000009
  11 N   -78.148  163.513   69.443   88.804 -156.671  -62.464   79.260   40.480   91.247  -28.111    0.304998   -1.358229   -0.589224   -0.746293   -1.421493   -1.665944   -1.803507   -0.599895   -1.264723   40.705  -30.462   28.322 S_000009
  12 H  -139.408 -136.138   59.371   85.106    0.000    0.000   58.105   37.664   89.198  -17.553    0.322455   -1.346544   -0.630299   -0.772929   -1.451199   -1.689893   -1.886280   -0.711882   -1.212150   42.746  -35.036   33.014 S_000009
SCORE:     0.634                  0.634          0          0          4    S_000010
   1 H     0.000  170.252   55.279   82.587 -167.912  -57.253   63.518   36.613   94.627 -171.731    0.302897   -1.389398   -0.554241   -0.816723   -1.570064   -1.591795   -1.903708   -0.757420   -1.181761    3.794    0.984    0.238 S_000010
   2 P   -39.554  137.235   62.127   79.613   77.253   73.504   99.888   36.017   95.297   33.445    0.338510   -1.343165   -0.645041   -0.777203   -1.466465   -1.681744   -1.876707   -0.693888   -1.226480    7.843   -1.454   -0.572 S_000010
   3 P   -75.470  164.180   57.792   85.305 -118.935  -51.256  111.548   36.687   95.754  -18.430    0.310664   -1.376173   -0.575227   -0.803986   -1.534017   -1.612190   -1.876980   -0.699923   -1.221234   10.019   -5.967    1.587 S_000010
   4 P  -101.668   85.863  163.401   88.209 -123.748 -140.327   72.051   28.072  104.138 -124.669    0.372023   -1.259642   -0.777270   -0.826687   -1.435383   -1.712109   -1.904205   -0.676946   -1.212812   14.276   -8.439    4.089 S_000010
   5 P  -179.293  130.146  140.124   79.152 -109.669 -101.744   49.690   30.942  107.568  -23.635    0.368515   -1.349301   -0.601626   -0.802370   -1.594846   -1.554049   -1.845816   -0.700267   -1.223266   16.812  -12.049    9.778 S_000010
   6 P   -62.650  168.286   59.215   86.634 -174.187  -76.231   93.456   33.290   98.890  164.552    0.307403   -1.339352   -0.666994   -0.836463   -1.512993   -1.663933   -1.914600   -0.725711   -1.188220   20.772  -15.520   13.812 S_000010
   7 P   -68.603  166.827   63.543   86.574 -135.796 -131.885   73.014   27.101  113.414  -11.973    0.368256   -1.296553   -0.706050   -0.843406   -1.527216   -1.605968   -1.861679   -0.637858   -1.237027   23.883  -19.877   16.124 S_000010
   8 N   144.461  141.430   15.055  121.976   59.508  138.960  135.446  -17.759  137.113   57.755    0.395163   -0.436400   -1.422259   -0.868116   -1.085522   -1.997279   -1.964247   -0.696062   -1.196181   29.584  -24.488   17.007 S_000010
   9 P    99.172  116.489   65.284   79.288 -161.835  -76.475   87.134   39.721   97.467  164.119    0.287917   -1.435325   -0.425185   -0.785258   -1.657465   -1.488470   -1.819320   -0.729508   -1.218893   30.932  -29.269   21.606 S_000010
  10 N   -50.936  170.693   59.456  140.138 -123.590 -165.720  102.147  -28.824  146.926   74.808    0.372909   -0.320183   -1.444597   -0.805892   -1.158175   -1.918373   -1.937237   -0.739376   -1.178972   33.843  -31.218   26.353 S_000010
  11 N   -47.867  150.666   51.128   81.697 -143.940  -95.822   82.937   38.460   93.183  179.959    0.304065   -1.390128   -0.545235   -0.788375   -1.541492   -1.607989   -1.863057   -0.697617   -1.227927   37.948  -34.372   29.805 S_000010
  12 H    48.236  177.576  -76.872  103.315    0.000    0.000   91.379   36.803   80.852  138.874    0.347218   -1.083875   -1.004480   -0.748662   -0.881779   -2.034146   -1.894837   -0.537410   -1.291932   41.311  -35.914   34.780 S_000010
