SEQUENCE: gaaaaaaaaaag
SCORE:     score    rna_stub_coord_hack       N_WC      N_NWC       N_BS description
REMARK RNA 
SCORE:    49.831                 49.831          0          1          1    S_000001
   1 H     0.000  170.252   55.279   78.311 -150.426  -73.855   75.517   43.241   89.175   77.110    0.265088   -1.422263   -0.486483   -0.765946   -1.526937   -1.611416   -1.861305   -0.709680   -1.223952    3.794    0.984    0.238 S_000001
   2 P   -60.047  171.003   59.872  136.864  -95.432  147.564  119.223  -31.971  158.999   16.550    0.359025   -0.323656   -1.446134   -0.808931   -1.227191   -1.844747   -1.951779   -0.702825   -1.202525    8.540   -1.432   -2.721 S_000001
   3 N   142.531 -133.070  155.122   84.070 -126.958  -78.167   53.380   33.395   92.183 -154.433    0.362469   -1.276649   -0.753847   -0.780352   -1.371336   -1.768302   -1.906329   -0.706404   -1.209605   14.534   -2.865   -5.064 S_000001
   4 N  -174.783  120.716  177.399  150.472 -127.479 -150.643  -46.738  -38.379  156.036  172.165    0.295515   -0.075973   -1.493365   -0.801078   -1.032701   -1.963612   -1.942754   -0.690149   -1.211052   19.411   -4.533   -9.856 S_000001
   5 N    58.613 -128.753 -143.587  112.838 -146.626 -165.066  132.608    4.919  123.114 -145.818    0.403241   -0.926770   -1.129895   -0.886065   -1.342956   -1.835181   -1.955315   -0.670969   -1.215761   24.829   -5.647  -12.184 S_000001
   6 P  -173.910 -150.992  149.500  127.998 -128.911 -142.558   91.482   -6.193  136.127   15.787    0.408280   -0.788743   -1.262842   -0.923571   -1.317920   -1.806812   -1.984235   -0.740556   -1.116661   31.962   -5.864  -13.809 S_000001
   7 P   -82.645 -177.969   72.751  145.260 -157.503 -148.229  111.875  -38.545  157.429  -12.075    0.322205   -0.223436   -1.480851   -0.764697   -1.222995   -1.851784   -1.919902   -0.771160   -1.168755   38.735   -4.855  -14.816 S_000001
   8 P   167.223 -130.441 -178.374   82.295 -142.978  -73.235   69.197   37.374   94.578 -156.510    0.324684   -1.371068   -0.577949   -0.778213   -1.514777   -1.627160   -1.863633   -0.699814   -1.218037   45.190   -5.570  -17.561 S_000001
   9 P    69.147  168.508  -47.744  150.543 -148.343 -142.366  171.938  -32.034  145.911   71.933    0.339556   -0.069758   -1.491340   -0.820604   -0.887048   -2.048544   -1.926939   -0.666372   -1.215392   49.546   -6.918  -21.576 S_000001
  10 P   171.747  153.395  159.041  148.712 -150.900 -143.856  163.298  -31.676  141.216  -34.261    0.335662   -0.099384   -1.482186   -0.823846   -0.920479   -2.044532   -1.934389   -0.708140   -1.198506   56.333   -7.687  -24.240 S_000001
  11 P  -173.910 -150.992  149.500  127.998 -128.911 -142.558   91.482   -6.193  136.127   15.787    0.408280   -0.788743   -1.262842   -0.923571   -1.317920   -1.806812   -1.984235   -0.740556   -1.116661   62.649   -9.592  -27.359 S_000001
  12 H   152.585 -159.349  178.783   84.976    0.000    0.000   55.558   34.016   97.339  -21.065    0.344470   -1.334783   -0.650428   -0.795781   -1.492062   -1.660018   -1.885551   -0.704491   -1.210912   68.860  -10.572  -30.878 S_000001
SCORE:    50.279                 50.279          0          0          0    S_000002
   1 H     0.000  170.252   55.279   72.793 -166.637  -58.837   87.605   41.293   95.976  113.874    0.268783   -1.450929   -0.370984   -0.790396   -1.660901   -1.444958   -1.810089   -0.716242   -1.218774    3.794    0.984    0.238 S_000002
   2 N  -148.022  144.508 -177.617   93.488 -141.099  -71.036   13.511   23.881  123.218   -7.754    0.352280   -1.397577   -0.511532   -0.899902   -1.787483   -1.297851   -1.871512   -0.779200   -1.153331    8.830   -1.192   -3.158 S_000002
   3 P   -97.972 -152.339   81.706  124.769 -146.581  162.724  125.829  -16.565  146.909   34.182    0.440902   -0.620888   -1.321854   -0.837849   -1.312903   -1.792966   -1.931445   -0.672971   -1.201510   14.555   -1.416   -6.974 S_000002
   4 P   113.859 -157.373  166.833   71.640   73.351  110.096  121.651   31.198  118.310   25.286    0.331742   -1.404823   -0.591194   -0.843167   -1.723746   -1.574003   -1.808621   -0.718128   -1.220275   19.772    0.090  -10.919 S_000002
   5 P   166.333  138.365   55.118  155.106 -121.207  176.665  100.537  -39.471  163.515  -78.552    0.339397   -0.011283   -1.487644   -0.733583   -0.968631   -1.983361   -1.893865   -0.720697   -1.225198   25.485    1.807  -14.010 S_000002
   6 N  -117.928  163.085  140.542   74.750 -128.345  -67.509   60.349   40.402   87.581  -19.436    0.267559   -1.415088   -0.468029   -0.794021   -1.570377   -1.532371   -1.895780   -0.772226   -1.165552   31.717    1.686  -15.904 S_000002
   7 P   160.815  105.099   88.582   92.840 -161.979 -164.996   83.120   14.294  126.435  -66.900    0.405061   -1.212048   -0.841187   -0.889406   -1.604759   -1.561045   -1.922890   -0.729780   -1.183130   35.620    2.880  -21.579 S_000002
   8 N   145.215 -123.261  174.675   85.487 -129.367 -105.326   61.689   34.708   94.693  -16.002    0.341282   -1.320596   -0.682879   -0.791461   -1.438928   -1.705229   -1.892384   -0.688770   -1.219794   41.410    1.912  -24.928 S_000002
   9 P  -166.924 -154.036  159.889   90.332 -178.658 -136.635   73.477   26.413  115.255    3.673    0.345049   -1.323606   -0.689620   -0.882069   -1.572952   -1.568229   -1.923026   -0.712384   -1.176451   48.135    1.958  -27.429 S_000002
  10 P   107.645  177.113 -151.446  121.171 -147.326  -97.859   90.040   -9.304  132.582 -149.400    0.420710   -0.720589   -1.277335   -0.858548   -1.316539   -1.850888   -1.956492   -0.719478   -1.189242   53.650    2.007  -31.285 S_000002
  11 P   -36.918 -153.877   53.859  147.355 -138.787 -139.139  153.593  -34.813  154.010  100.837    0.332148   -0.170995   -1.476134   -0.798376   -1.082609   -1.936969   -1.934460   -0.703444   -1.197882   58.534    2.900  -35.497 S_000002
  12 H   -36.866  140.566   81.577  103.344    0.000    0.000   80.973  -11.835  161.903 -164.830    0.383924   -1.070664   -1.029970   -0.949912   -1.799608   -1.303676   -1.963131   -0.844554   -1.101909   63.794    3.059  -38.549 S_000002
SCORE:    50.721                 50.721          0          1          3    S_000003
   1 H     0.000  170.252   55.279   82.078 -169.618  -94.398   78.980   37.518   97.312  -20.521    0.324525   -1.374403   -0.564867   -0.772115   -1.530914   -1.614951   -1.855376   -0.696653   -1.233382    3.794    0.984    0.238 S_000003
   2 N  -139.048  166.464  170.340   86.512 -154.158  -65.732   70.175   34.223   96.956   10.890    0.341865   -1.327089   -0.657684   -0.792520   -1.472840   -1.667874   -1.873415   -0.684865   -1.220649    9.211    0.141   -3.772 S_000003
   3 P   101.828 -173.169 -111.905   84.845 -158.848  -85.729   79.980   39.550   82.586  -27.741    0.315524   -1.316175   -0.698659   -0.758856   -1.322511   -1.784404   -1.889229   -0.685330   -1.229959   14.169   -0.887   -7.008 S_000003
   4 N   -62.344  163.196   48.508   90.165 -154.569  -88.869   89.709   37.475   83.131 -106.279    0.334910   -1.274379   -0.764083   -0.762517   -1.272554   -1.827051   -1.907783   -0.705855   -1.212298   19.829   -0.463   -9.054 S_000003
   5 P  -133.435  121.623  159.513   84.107 -132.282  -83.506   67.169   34.547   94.201  -27.447    0.328492   -1.348144   -0.633645   -0.807308   -1.509568   -1.647897   -1.897709   -0.723428   -1.200444   25.346   -1.816  -12.279 S_000003
   6 P   166.978  176.904  177.152   84.171 -133.729  -88.107   85.510   32.221   98.769  169.890    0.360736   -1.323192   -0.665088   -0.794830   -1.503909   -1.648578   -1.883310   -0.724059   -1.201750   31.247   -3.019  -15.765 S_000003
   7 P  -126.179  138.940  177.602  128.870 -175.447  -84.014   96.666  -24.675  144.399   34.291    0.429508   -0.180220   -1.458434   -0.791134   -0.883354   -2.050890   -1.911737   -0.664996   -1.226029   36.203   -4.031  -20.162 S_000003
   8 P   144.301 -177.457  168.047  118.394  -83.727 -174.250   12.230  -18.258  135.328  -56.346    0.460209   -0.247345   -1.424070   -0.790326   -0.836688   -2.081905   -1.909305   -0.651561   -1.235348   42.108   -5.409  -22.568 S_000003
   9 P   160.815  105.099   88.582   92.840 -161.979 -164.996   83.120   14.294  126.435  -66.900    0.405061   -1.212048   -0.841187   -0.889406   -1.604759   -1.561045   -1.922890   -0.729780   -1.183130   48.409   -3.863  -23.937 S_000003
  10 N  -139.048  166.464  170.340   86.512 -154.158  -65.732   70.175   34.223   96.956   10.890    0.341865   -1.327089   -0.657684   -0.792520   -1.472840   -1.667874   -1.873415   -0.684865   -1.220649   55.002   -4.488  -26.325 S_000003
  11 P  -173.910 -150.992  149.500  127.998 -128.911 -142.558   91.482   -6.193  136.127   15.787    0.408280   -0.788743   -1.262842   -0.923571   -1.317920   -1.806812   -1.984235   -0.740556   -1.116661   60.456   -6.492  -29.566 S_000003
  12 H   -51.381  175.289   41.301   84.128    0.000    0.000   62.269   37.316   95.463  -12.919    0.317063   -1.392460   -0.474228   -0.784602   -1.609051   -1.506409   -1.850962   -0.722411   -1.201694   66.943   -6.827  -31.041 S_000003
SCORE:    50.670                 50.670          0          0          2    S_000004
   1 H     0.000  170.252   55.279   85.288 -172.801  -63.386   79.322   35.221   93.986  175.456    0.334126   -1.333345   -0.651267   -0.789940   -1.471071   -1.679354   -1.888735   -0.707421   -1.209363    3.794    0.984    0.238 S_000004
   2 P  -136.198 -122.857 -158.492  106.180 -124.887  -76.026   74.874   19.311  100.658  168.675    0.405981   -1.001253   -1.074308   -0.820525   -1.157218   -1.951689   -1.924168   -0.645988   -1.229494    8.521   -2.391   -3.385 S_000004
   3 N   167.952 -167.959  154.203  145.211 -155.376 -167.633   19.536  -32.174  148.043  -55.599    0.332777   -0.133501   -1.484945   -0.828850   -0.980089   -2.013944   -1.953344   -0.695714   -1.205944   15.159   -2.057   -4.413 S_000004
   4 P   -55.303  158.055   50.661   82.714 -144.701 -111.664   85.639   35.427   93.108 -166.777    0.333319   -1.348083   -0.621133   -0.787900   -1.501158   -1.645961   -1.878927   -0.727073   -1.200928   20.376   -3.312   -7.582 S_000004
   5 P  -166.924 -154.036  159.889   90.332 -178.658 -136.635   73.477   26.413  115.255    3.673    0.345049   -1.323606   -0.689620   -0.882069   -1.572952   -1.568229   -1.923026   -0.712384   -1.176451   26.793   -1.700  -10.428 S_000004
   6 P   168.992 -156.630  174.212   86.705 -137.197 -119.664  108.197   33.640   99.366  -15.229    0.329923   -1.352776   -0.624135   -0.819988   -1.531632   -1.621327   -1.886817   -0.697388   -1.214338   33.266   -1.783  -13.038 S_000004
   7 P   163.328  133.174   67.642  136.998 -137.626 -154.012   89.421  -30.525  152.645   30.625    0.372295   -0.416181   -1.425075   -0.793600   -1.311181   -1.799090   -1.926431   -0.784884   -1.148790   40.488   -0.972  -14.071 S_000004
   8 N   -53.025 -171.133   66.197  118.744 -156.076 -125.935  159.063  -14.860  157.092  113.222    0.397896   -0.937453   -1.149838   -0.931285   -1.661409   -1.425729   -1.958412   -0.783663   -1.114398   46.391   -3.337  -16.107 S_000004
   9 P   157.623 -160.717 -173.530   81.732 -126.986  -78.095   55.873   33.182   99.599  179.890    0.356342   -1.333174   -0.647864   -0.788987   -1.511153   -1.645318   -1.868281   -0.712487   -1.211563   51.513   -4.544  -20.787 S_000004
  10 P   -61.653  158.780  111.392  131.953 -117.165 -124.089  113.393  -34.124  172.369  170.567    0.367177   -0.534770   -1.378991   -0.795747   -1.498249   -1.528004   -1.900206   -0.681102   -1.220799   55.290   -6.113  -25.366 S_000004
  11 N  -175.892  156.188  156.478   83.886 -138.147  -59.561   62.396   30.267  100.304  -18.903    0.356262   -1.310652   -0.690545   -0.814152   -1.515858   -1.645970   -1.890391   -0.720789   -1.206949   61.209   -8.630  -28.838 S_000004
  12 H   -69.361  167.142   60.805   79.571    0.000    0.000   77.422   44.621   90.324  174.256    0.247569   -1.414755   -0.444673   -0.744327   -1.542132   -1.575235   -1.832728   -0.676486   -1.222957   65.838   -9.080  -32.645 S_000004
SCORE:    49.688                 49.688          0          1          1    S_000005
   1 H     0.000  170.252   55.279   84.315 -166.690  -62.900   69.259   37.485   95.306  179.935    0.324435   -1.360301   -0.599965   -0.772310   -1.483943   -1.648482   -1.849940   -0.651006   -1.254183    3.794    0.984    0.238 S_000005
   2 N  -174.783  120.716  177.399  150.472 -127.479 -150.643  -46.738  -38.379  156.036  172.165    0.295515   -0.075973   -1.493365   -0.801078   -1.032701   -1.963612   -1.942754   -0.690149   -1.211052    8.818   -1.441   -3.596 S_000005
   3 N  -175.101 -147.674  159.572  141.718  176.133  146.872   62.364  -31.811 -103.226   76.911    0.331832   -0.177856   -1.485199   -0.843536   -1.029654   -1.962328   -1.977627   -0.691472   -1.204184   14.639   -1.839   -8.039 S_000005
   4 P   158.715 -157.769  167.512   84.007 -113.599  -54.249   62.886   34.119   94.129  -18.044    0.366858   -1.293815   -0.718613   -0.767897   -1.400038   -1.741159   -1.887798   -0.684380   -1.222260   20.698   -0.361  -11.463 S_000005
   5 P   171.747  153.395  159.041  148.712 -150.900 -143.856  163.298  -31.676  141.216  -34.261    0.335662   -0.099384   -1.482186   -0.823846   -0.920479   -2.044532   -1.934389   -0.708140   -1.198506   25.539   -3.615  -14.600 S_000005
   6 P   171.747  153.395  159.041  148.712 -150.900 -143.856  163.298  -31.676  141.216  -34.261    0.335662   -0.099384   -1.482186   -0.823846   -0.920479   -2.044532   -1.934389   -0.708140   -1.198506   31.308   -7.714  -16.490 S_000005
   7 P  -172.604  161.126  159.864  155.138 -101.607 -139.360  -48.863  -40.948  155.621   78.591    0.319081    0.026124   -1.484098   -0.731166   -0.944630   -1.986654   -1.887978   -0.700564   -1.211859   37.887  -10.108  -18.478 S_000005
   8 P   -71.093  137.843   52.232   85.064 -139.753 -152.810   87.407   40.287   89.995 -158.367    0.287583   -1.398634   -0.501776   -0.778461   -1.544700   -1.582723   -1.866127   -0.722760   -1.202541   44.126  -10.120  -19.733 S_000005
   9 P    -9.791  151.275   56.495  145.205 -149.476  178.681  133.718  -34.285  155.187  132.770    0.343879   -0.234485   -1.467538   -0.792884   -1.158169   -1.902504   -1.934198   -0.737152   -1.185132   49.912  -10.902  -22.103 S_000005
  10 P   158.515 -168.689  175.032   87.481 -141.368  -57.572   68.996   36.853   89.568  -47.452    0.330227   -1.321880   -0.669347   -0.773457   -1.410689   -1.720635   -1.883577   -0.692040   -1.217422   56.485   -9.563  -24.707 S_000005
  11 N  -139.048  166.464  170.340   86.512 -154.158  -65.732   70.175   34.223   96.956   10.890    0.341865   -1.327089   -0.657684   -0.792520   -1.472840   -1.667874   -1.873415   -0.684865   -1.220649   62.121   -9.603  -28.177 S_000005
  12 H   -64.453 -175.959   57.698   86.436    0.000    0.000   73.104   39.403   89.273 -140.052    0.314219   -1.332782   -0.665678   -0.759779   -1.375041   -1.750829   -1.875920   -0.651816   -1.250974   68.028  -10.289  -29.907 S_000005
SCORE:    48.904                 48.904          0          0          0    S_000006
   1 H     0.000  170.252   55.279   81.063 -167.975  -79.786   89.548   38.644   92.933  -23.709    0.320845   -1.363056   -0.578725   -0.766046   -1.479260   -1.647236   -1.856994   -0.687772   -1.231084    3.794    0.984    0.238 S_000006
   2 P   171.747  153.395  159.041  148.712 -150.900 -143.856  163.298  -31.676  141.216  -34.261    0.335662   -0.099384   -1.482186   -0.823846   -0.920479   -2.044532   -1.934389   -0.708140   -1.198506    9.022   -1.306   -3.624 S_000006
   3 P  -160.249  166.068  171.487   91.115 -136.630 -101.713   76.539   34.876   95.142  175.357    0.323572   -1.335492   -0.650661   -0.813480   -1.473315   -1.673547   -1.901744   -0.711585   -1.198626   15.712   -2.530   -6.104 S_000006
   4 P  -171.138 -159.674  155.788   87.190 -128.050 -166.775   84.303   35.145   89.823 -155.916    0.321597   -1.298553   -0.720453   -0.812913   -1.374949   -1.752188   -1.910608   -0.679834   -1.214896   21.011   -3.268  -10.826 S_000006
   5 P   143.462 -164.466  175.058   83.117  155.230   14.545   65.117   39.437   86.499  -87.359    0.308174   -1.353501   -0.624214   -0.770497   -1.423869   -1.708406   -1.889234   -0.708017   -1.212822   24.275   -2.808  -17.207 S_000006
   6 P   -63.250  175.683   65.794  149.949 -131.110 -149.590  116.670  -46.360  165.701  151.659    0.291047   -0.023190   -1.497427   -0.685692   -1.116595   -1.889345   -1.874813   -0.741826   -1.205416   28.571   -4.168  -19.465 S_000006
   7 P   153.593 -174.720  175.405   87.006 -138.710  -67.800   71.797   39.975   84.634  -27.176    0.310808   -1.344282   -0.636662   -0.756981   -1.396052   -1.728260   -1.883757   -0.705854   -1.219704   35.314   -5.895  -21.658 S_000006
   8 P   171.747  153.395  159.041  148.712 -150.900 -143.856  163.298  -31.676  141.216  -34.261    0.335662   -0.099384   -1.482186   -0.823846   -0.920479   -2.044532   -1.934389   -0.708140   -1.198506   40.666   -6.025  -26.039 S_000006
   9 P  -170.283  161.190 -176.306  140.990 -163.860 -102.059  133.153  -32.306  149.951  165.152    0.350717   -0.168927   -1.477787   -0.803819   -1.029144   -1.981828   -1.933928   -0.657356   -1.225843   46.193   -7.884  -30.376 S_000006
  10 P   178.363  159.803  161.213   89.497 -120.228  -82.484   60.039   35.920   90.861  -15.525    0.335843   -1.293218   -0.723787   -0.781309   -1.358486   -1.768889   -1.909203   -0.706088   -1.208672   52.210  -10.366  -33.167 S_000006
  11 N  -174.783  120.716  177.399  150.472 -127.479 -150.643  -46.738  -38.379  156.036  172.165    0.295515   -0.075973   -1.493365   -0.801078   -1.032701   -1.963612   -1.942754   -0.690149   -1.211052   58.142   -9.948  -36.970 S_000006
  12 H   -76.140 -174.114   52.599   82.640    0.000    0.000   88.181   41.061   88.256  179.876    0.303199   -1.357180   -0.620905   -0.744776   -1.400782   -1.719430   -1.872391   -0.694911   -1.236649   64.961  -10.599  -37.435 S_000006
SCORE:    49.275                 49.275          0          1          1    S_000007
   1 H     0.000  170.252   55.279   81.442 -151.746  -67.690   74.860   39.081   95.436  -14.250    0.301193   -1.397667   -0.499804   -0.783286   -1.568178   -1.566617   -1.834303   -0.680007   -1.235587    3.794    0.984    0.238 S_000007
   2 P  -145.987  156.330 -171.280   97.698 -150.657  -84.135   71.724   29.301   97.426  177.190    0.377424   -1.188179   -0.884020   -0.797503   -1.265138   -1.847696   -1.920332   -0.677393   -1.214796    8.385   -2.033   -3.598 S_000007
   3 P   171.747  153.395  159.041  148.712 -150.900 -143.856  163.298  -31.676  141.216  -34.261    0.335662   -0.099384   -1.482186   -0.823846   -0.920479   -2.044532   -1.934389   -0.708140   -1.198506   14.447   -2.339   -7.191 S_000007
   4 P   -61.782 -140.498   56.795  140.224 -153.193 -144.278  165.784  -33.826  159.973  156.711    0.349592   -0.388033   -1.431578   -0.793415   -1.340736   -1.762595   -1.940106   -0.795494   -1.147865   21.141   -2.509   -8.677 S_000007
   5 P   161.023  139.121   55.500  153.727 -123.271  175.609   98.961  -39.837  160.777  -92.184    0.316133   -0.114002   -1.485065   -0.754793   -1.110128   -1.910535   -1.913633   -0.713393   -1.208659   26.175    1.205  -12.538 S_000007
   6 P   -93.154 -157.444   54.300  150.377 -112.935 -160.796  105.347  -36.726  152.260  155.081    0.325182   -0.066179   -1.488565   -0.782637   -0.984831   -1.998773   -1.922659   -0.698395   -1.211700   32.473    1.874  -14.756 S_000007
   7 N  -172.853 -176.879  154.982   85.334 -152.417  -63.053   65.917   37.285   95.556   72.588    0.310637   -1.342060   -0.627038   -0.796613   -1.444832   -1.678616   -1.872772   -0.654663   -1.228665   38.426   -0.213  -18.363 S_000007
   8 P   -71.409  163.072   88.916  129.689 -115.676 -168.510  103.969  -27.373  151.463 -158.189    0.375027   -0.488612   -1.399569   -0.832328   -1.348614   -1.777614   -1.951482   -0.749221   -1.158968   43.261   -2.515  -20.858 S_000007
   9 P  -173.910 -150.992  149.500  127.998 -128.911 -142.558   91.482   -6.193  136.127   15.787    0.408280   -0.788743   -1.262842   -0.923571   -1.317920   -1.806812   -1.984235   -0.740556   -1.116661   49.962   -3.680  -23.435 S_000007
  10 P   119.802 -147.111 -144.526  109.569 -143.800  -81.732   76.992   10.507  113.777 -142.370    0.392724   -1.039526   -1.039210   -0.879472   -1.411159   -1.786625   -1.952807   -0.730573   -1.180027   55.749   -5.147  -26.722 S_000007
  11 N  -161.912  144.831  163.138   87.020 -163.361  -72.898   66.879   36.893   92.007  -14.838    0.313333   -1.374187   -0.573869   -0.796398   -1.534179   -1.616031   -1.894495   -0.762736   -1.174099   62.060   -6.455  -29.397 S_000007
  12 H   -63.862  169.734   51.975   85.473    0.000    0.000   73.380   34.447   97.732  179.945    0.344113   -1.336916   -0.639162   -0.788483   -1.494885   -1.653177   -1.874255   -0.688253   -1.223448   67.258   -9.078  -30.618 S_000007
SCORE:    51.283                 51.283          0          1          1    S_000008
   1 H     0.000  170.252   55.279   83.179 -156.808  -90.755   62.714   39.876   89.477  179.951    0.311094   -1.371397   -0.588234   -0.758652   -1.467915   -1.677715   -1.867446   -0.700371   -1.228629    3.794    0.984    0.238 S_000008
   2 P   -45.155  171.297   50.009  127.136 -162.964 -104.257  127.752  -25.217  158.077 -150.094    0.438166   -0.263066   -1.437777   -0.776346   -1.009467   -1.975085   -1.925620   -0.691715   -1.221366    8.977   -0.354   -2.680 S_000008
   3 P  -168.621  177.343  175.673   83.981 -130.698  -83.103   86.287   37.126   93.825 -173.520    0.326691   -1.360752   -0.612108   -0.780568   -1.486223   -1.663273   -1.874036   -0.699277   -1.219705   13.957   -4.420   -5.613 S_000008
   4 P  -119.464   88.323  161.754   89.100 -132.685  -65.934   58.494   35.313   83.955   60.290    0.358458   -1.250811   -0.782860   -0.763766   -1.275202   -1.822336   -1.912556   -0.754868   -1.176177   19.441   -5.923   -8.077 S_000008
   5 N  -174.783  120.716  177.399  150.472 -127.479 -150.643  -46.738  -38.379  156.036  172.165    0.295515   -0.075973   -1.493365   -0.801078   -1.032701   -1.963612   -1.942754   -0.690149   -1.211052   26.082   -6.840   -9.849 S_000008
   6 N   145.215 -123.261  174.675   85.487 -129.367 -105.326   61.689   34.708   94.693  -16.002    0.341282   -1.320596   -0.682879   -0.791461   -1.438928   -1.705229   -1.892384   -0.688770   -1.219794   32.781   -7.090  -11.391 S_000008
   7 P   -87.787  177.868   72.488  125.142 -164.828 -151.898  111.548  -19.213  150.164  -29.735    0.411216   -0.574601   -1.357123   -0.857597   -1.302692   -1.814919   -1.954673   -0.693383   -1.189634   39.419   -7.489  -13.226 S_000008
   8 P   -99.143  177.713   79.058   85.411 -148.231  -83.969   82.472   35.608   97.203  179.907    0.332057   -1.343698   -0.639068   -0.785888   -1.460087   -1.653040   -1.871584   -0.626858   -1.259185   46.025   -7.405  -15.124 S_000008
   9 P   -67.601  173.259   58.690  157.464 -135.211 -147.785  162.259  -40.470  165.113 -137.280    0.315507    0.031025   -1.496384   -0.749112   -0.932260   -1.997702   -1.908468   -0.713312   -1.224472   51.267   -8.120  -18.631 S_000008
  10 N   -89.818 -167.844   59.639  153.827 -136.181  139.150  132.646  -37.935  153.424  148.810    0.316975    0.019676   -1.487882   -0.777948   -0.895329   -2.038770   -1.920246   -0.652799   -1.237878   55.835  -11.229  -22.966 S_000008
  11 P   158.515 -168.689  175.032   87.481 -141.368  -57.572   68.996   36.853   89.568  -47.452    0.330227   -1.321880   -0.669347   -0.773457   -1.410689   -1.720635   -1.883577   -0.692040   -1.217422   61.727  -12.791  -25.932 S_000008
  12 H  -170.339 -170.899  169.070  151.495    0.000    0.000   93.460  -38.521  153.585    0.983    0.318622   -0.019420   -1.486677   -0.769174   -0.961218   -2.003525   -1.915492   -0.687311   -1.218248   66.709  -13.589  -30.278 S_000008
SCORE:    48.623                 48.623          0          1          1    S_000009
   1 H     0.000  170.252   55.279   80.256 -154.932  -74.106   74.528   37.760   93.760   -1.870    0.317007   -1.390705   -0.504511   -0.775210   -1.590090   -1.550758   -1.857765   -0.749155   -1.197035    3.794    0.984    0.238 S_000009
   2 P   -58.446 -149.202   68.661  151.517  -94.388 -167.491  158.879  -36.566  157.616   66.657    0.314545   -0.058212   -1.465433   -0.758064   -0.951472   -2.024794   -1.934304   -0.600686   -1.266513    8.756   -1.079   -3.416 S_000009
   3 N   170.628 -165.875 -168.095   88.100 -146.025  -69.701   74.281   42.570   86.157  -18.932    0.269820   -1.368058   -0.613320   -0.764958   -1.393175   -1.735747   -1.891381   -0.711959   -1.210295   13.956   -0.560   -8.356 S_000009
   4 P   -56.713  169.563   63.733  130.198 -145.747 -165.607  105.706  -22.591  147.628  165.119    0.387195   -0.481632   -1.393214   -0.841539   -1.246218   -1.866122   -1.947955   -0.671518   -1.217400   18.919    0.501  -11.593 S_000009
   5 P  -173.910 -150.992  149.500  127.998 -128.911 -142.558   91.482   -6.193  136.127   15.787    0.408280   -0.788743   -1.262842   -0.923571   -1.317920   -1.806812   -1.984235   -0.740556   -1.116661   24.794    1.962  -15.706 S_000009
   6 P  -172.604  161.126  159.864  155.138 -101.607 -139.360  -48.863  -40.948  155.621   78.591    0.319081    0.026124   -1.484098   -0.731166   -0.944630   -1.986654   -1.887978   -0.700564   -1.211859   31.135    2.529  -19.280 S_000009
   7 P  -173.910 -150.992  149.500  127.998 -128.911 -142.558   91.482   -6.193  136.127   15.787    0.408280   -0.788743   -1.262842   -0.923571   -1.317920   -1.806812   -1.984235   -0.740556   -1.116661   37.719    1.062  -21.974 S_000009
   8 P   -32.848  142.969   54.184  116.775 -137.644 -166.419  104.672   -9.627  141.274   13.748    0.435272   -0.776691   -1.242502   -0.870906   -1.392523   -1.757466   -1.951387   -0.704083   -1.182785   43.652    0.751  -23.766 S_000009
   9 P   157.278 -175.483  178.629   85.426 -138.452  -53.300   63.895   32.085  103.738 -157.781    0.347715   -1.344365   -0.622039   -0.811413   -1.555694   -1.594049   -1.873769   -0.702627   -1.211519   49.960   -0.212  -27.258 S_000009
  10 P   -40.354 -158.817   49.644  128.615 -179.467  167.792  161.168  -26.483  154.594   35.551    0.411607   -0.223169   -1.457199   -0.800461   -0.980869   -1.992723   -1.933841   -0.715384   -1.197698   55.534   -1.872  -28.917 S_000009
  11 P   107.645  177.113 -151.446  121.171 -147.326  -97.859   90.040   -9.304  132.582 -149.400    0.420710   -0.720589   -1.277335   -0.858548   -1.316539   -1.850888   -1.956492   -0.719478   -1.189242   60.893   -2.188  -33.369 S_000009
  12 H   -58.290  174.794   48.848   78.254    0.000    0.000   74.564   40.856   89.632  179.918    0.295594   -1.413100   -0.465151   -0.763628   -1.584372   -1.556951   -1.849228   -0.734883   -1.211870   66.000   -1.661  -37.253 S_000009
SCORE:    49.852                 49.852          0          0          3    S_000010
   1 H     0.000  170.252   55.279   81.424 -157.699  -77.094   85.541   44.058   84.043  134.389    0.253681   -1.421455   -0.433888   -0.760306   -1.559338   -1.565933   -1.851136   -0.739561   -1.204267    3.794    0.984    0.238 S_000010
   2 P  -107.319   79.099  167.292   84.070 -130.682  -74.105   62.042   40.406   88.517  -22.237    0.311118   -1.368851   -0.595316   -0.752790   -1.440159   -1.688069   -1.879994   -0.727387   -1.201946    8.192    0.782   -3.245 S_000010
   3 N   154.001 -151.352 -179.891   82.407 -120.265  -97.432   73.456   36.108   93.428  -28.641    0.344713   -1.332998   -0.644622   -0.766566   -1.453473   -1.682803   -1.865678   -0.702813   -1.218244   14.209    1.434   -5.353 S_000010
   4 P  -177.185 -173.566  155.371  145.456  -98.754  179.352  138.838  -24.197  141.689  170.602    0.366879   -0.185448   -1.467973   -0.847005   -0.869502   -2.069646   -1.938630   -0.653402   -1.218242   20.150   -0.618   -8.683 S_000010
   5 P   145.834  169.864  160.515  116.771 -150.825  -95.969  116.851    6.639  112.778  -49.780    0.428419   -0.827735   -1.201961   -0.850477   -1.142936   -1.957796   -1.955336   -0.681649   -1.210816   26.782   -1.221  -11.125 S_000010
   6 N  -117.928  163.085  140.542   74.750 -128.345  -67.509   60.349   40.402   87.581  -19.436    0.267559   -1.415088   -0.468029   -0.794021   -1.570377   -1.532371   -1.895780   -0.772226   -1.165552   33.271   -1.741  -13.033 S_000010
   7 P   -84.822  165.539   77.007   82.023 -144.893 -140.751   72.666   34.410  106.707  -90.371    0.361923   -1.369970   -0.578431   -0.767639   -1.551615   -1.568297   -1.785777   -0.612471   -1.270672   39.082   -2.347  -15.432 S_000010
   8 N   -66.591  165.753   56.797   85.562 -161.896  -76.278   94.575   36.251   93.959 -138.557    0.324781   -1.346386   -0.636738   -0.792548   -1.467221   -1.674955   -1.879475   -0.684363   -1.224418   44.851   -1.631  -18.458 S_000010
   9 P   171.747  153.395  159.041  148.712 -150.900 -143.856  163.298  -31.676  141.216  -34.261    0.335662   -0.099384   -1.482186   -0.823846   -0.920479   -2.044532   -1.934389   -0.708140   -1.198506   49.210   -2.183  -23.793 S_000010
  10 P  -172.604  161.126  159.864  155.138 -101.607 -139.360  -48.863  -40.948  155.621   78.591    0.319081    0.026124   -1.484098   -0.731166   -0.944630   -1.986654   -1.887978   -0.700564   -1.211859   55.032   -3.628  -27.913 S_000010
  11 P   161.921 -139.165  171.084  140.378 -102.348  161.473  147.689  -28.420  150.366   21.418    0.399046   -0.297674   -1.438023   -0.785233   -1.122437   -1.922316   -1.917220   -0.695077   -1.203103   60.549   -3.694  -32.342 S_000010
  12 H   -70.456 -175.146   55.865   84.956    0.000    0.000   75.674   34.838   95.542   -4.624    0.325977   -1.357110   -0.594526   -0.805314   -1.542115   -1.609269   -1.890255   -0.740456   -1.190365   66.226   -5.795  -32.775 S_000010
