SEQUENCE: gaaaaaaag
SCORE:     score    rna_stub_coord_hack       N_WC      N_NWC       N_BS description
REMARK RNA 
SCORE:    32.417                 32.417          0          0          0    S_000001
   1 H     0.000  170.252   55.279   79.251 -171.802 -155.029   95.911   32.387   98.638   99.920    0.308774   -1.447739   -0.385611   -0.860992   -1.801897   -1.308818   -1.887082   -0.865558   -1.091390    3.794    0.984    0.238 S_000001
   2 P    61.738 -132.075  178.564  106.189 -171.343 -102.760  121.990   -5.332  145.988 -167.146    0.426240   -0.987668   -1.091600   -0.899221   -1.598564   -1.560373   -1.950124   -0.758656   -1.156180    7.273    2.856   -3.862 S_000001
   3 N  -172.853 -176.879  154.982   85.334 -152.417  -63.053   65.917   37.285   95.556   72.588    0.310637   -1.342060   -0.627038   -0.796613   -1.444832   -1.678616   -1.872772   -0.654663   -1.228665   11.067    8.673   -4.382 S_000001
   4 P   -52.340  162.445   52.587   85.555 -148.520 -141.259   73.292   35.573   98.353  -25.072    0.330929   -1.363456   -0.593977   -0.795948   -1.529068   -1.619389   -1.853946   -0.675703   -1.243405   12.352   14.057   -3.049 S_000001
   5 P   -67.601  173.259   58.690  157.464 -135.211 -147.785  162.259  -40.470  165.113 -137.280    0.315507    0.031025   -1.496384   -0.749112   -0.932260   -1.997702   -1.908468   -0.713312   -1.224472   14.855   20.192   -2.588 S_000001
   6 P  -174.180  152.972 -160.333  104.826 -142.767  -78.703   76.242   19.884  101.194  179.947    0.387962   -1.086681   -0.991172   -0.843871   -1.294637   -1.855867   -1.944422   -0.700499   -1.202484   17.367   26.837   -1.091 S_000001
   7 N  -148.162  164.915  118.385  145.355 -109.323 -178.043  158.161  -25.949  134.973  153.436    0.357113   -0.162484   -1.477571   -0.854725   -0.883260   -2.080780   -1.943630   -0.688761   -1.201220   19.716   32.878   -3.489 S_000001
   8 P   152.767 -170.923  168.753   90.141 -153.461  -69.676   62.592   38.672   81.946  179.887    0.314527   -1.304140   -0.725198   -0.773885   -1.310461   -1.804102   -1.910749   -0.721999   -1.199298   21.649   39.678   -4.551 S_000001
   9 H   -58.883 -169.246   31.383  123.942    0.000    0.000  112.474  -23.589  154.654  167.384    0.386435   -0.679038   -1.312151   -0.836613   -1.522662   -1.652337   -1.947272   -0.791362   -1.157218   23.613   45.622   -5.067 S_000001
SCORE:    31.749                 31.749          0          0          1    S_000002
   1 H     0.000  170.252   55.279   81.406  163.384  -86.260  116.923   32.054  110.795 -166.582    0.320248   -1.420368   -0.464463   -0.842473   -1.735634   -1.397991   -1.846341   -0.757423   -1.198457    3.794    0.984    0.238 S_000002
   2 N   -26.065 -130.630  172.007  146.335 -141.275 -135.325   80.380  -33.279  151.090  147.354    0.335607   -0.153277   -1.484134   -0.814503   -1.030406   -1.984215   -1.942102   -0.701556   -1.201120    8.557    2.483   -2.248 S_000002
   3 P   -56.216  173.996   51.442   88.216 -177.968  -81.302   89.840   33.180   94.605  -66.941    0.343357   -1.302622   -0.719313   -0.810031   -1.420597   -1.722724   -1.924577   -0.727126   -1.191358   12.975    7.408   -2.515 S_000002
   4 P   171.747  153.395  159.041  148.712 -150.900 -143.856  163.298  -31.676  141.216  -34.261    0.335662   -0.099384   -1.482186   -0.823846   -0.920479   -2.044532   -1.934389   -0.708140   -1.198506   16.738   12.912   -1.171 S_000002
   5 P   167.223 -130.441 -178.374   82.295 -142.978  -73.235   69.197   37.374   94.578 -156.510    0.324684   -1.371068   -0.577949   -0.778213   -1.514777   -1.627160   -1.863633   -0.699814   -1.218037   19.322   19.371   -2.413 S_000002
   6 P   -82.522 -173.901   50.300  139.055 -115.199  179.062  149.082  -32.367  151.652  165.711    0.349502   -0.343881   -1.444356   -0.804139   -1.257945   -1.837809   -1.936483   -0.771964   -1.159998   21.148   25.557   -3.711 S_000002
   7 P  -166.924 -154.036  159.889   90.332 -178.658 -136.635   73.477   26.413  115.255    3.673    0.345049   -1.323606   -0.689620   -0.882069   -1.572952   -1.568229   -1.923026   -0.712384   -1.176451   23.818   32.203   -3.251 S_000002
   8 P   131.323 -172.365 -165.198   81.904 -159.485  -53.476   75.696   37.026   95.554   71.890    0.344578   -1.372737   -0.555252   -0.748434   -1.556579   -1.599391   -1.832656   -0.719597   -1.222243   26.719   37.756   -5.909 S_000002
   9 H   -47.877  167.816   47.709   82.607    0.000    0.000   85.429   33.679   97.404  -17.585    0.328720   -1.357603   -0.609485   -0.814650   -1.547843   -1.601786   -1.878427   -0.711849   -1.199348   26.796   42.907   -7.932 S_000002
SCORE:    32.382                 32.382          0          0          1    S_000003
   1 H     0.000  170.252   55.279   96.017  158.889  -87.729  123.712    5.242  137.062  139.504    0.419826   -1.118750   -0.955830   -0.906347   -1.606516   -1.551548   -1.939919   -0.735455   -1.169827    3.794    0.984    0.238 S_000003
   2 P  -102.951   94.708  139.051   82.373 -143.627  -67.420   77.324   37.698   90.597  -29.905    0.329429   -1.351602   -0.586646   -0.751218   -1.497786   -1.640382   -1.858130   -0.726784   -1.204141    8.256    2.600   -1.623 S_000003
   3 P   -58.446 -149.202   68.661  151.517  -94.388 -167.491  158.879  -36.566  157.616   66.657    0.314545   -0.058212   -1.465433   -0.758064   -0.951472   -2.024794   -1.934304   -0.600686   -1.266513   12.374    7.467   -0.292 S_000003
   4 N   -74.988  141.447   48.820  143.031  -93.554  -70.896  128.592  -34.837  152.827   21.242    0.337971   -0.211007   -1.469350   -0.798759   -1.141509   -1.907234   -1.933103   -0.723508   -1.187968   15.808   12.471    0.873 S_000003
   5 P   -57.826 -133.076   56.158  149.114 -133.146 -129.050  173.582  -38.935  149.380   81.360    0.323357   -0.155953   -1.475697   -0.748668   -1.138336   -1.884735   -1.900474   -0.754213   -1.175144   19.360   17.294   -1.876 S_000003
   6 P  -170.257 -176.118  168.457  154.693  -96.790  -77.772  166.626  -41.004  158.432  -92.486    0.301209   -0.017468   -1.492097   -0.757842   -1.009016   -1.965277   -1.908312   -0.715882   -1.203518   21.605   24.069   -0.170 S_000003
   7 P  -160.249  166.068  171.487   91.115 -136.630 -101.713   76.539   34.876   95.142  175.357    0.323572   -1.335492   -0.650661   -0.813480   -1.473315   -1.673547   -1.901744   -0.711585   -1.198626   26.339   28.642    1.642 S_000003
   8 P  -154.050  145.148  124.520   89.904 -156.931 -129.437   98.571   22.752  116.377   53.243    0.366115   -1.304268   -0.738772   -0.890164   -1.596323   -1.568220   -1.925176   -0.727709   -1.180955   30.557   34.337    1.762 S_000003
   9 H     0.000 -178.212 -150.982   87.684    0.000    0.000   65.680   34.480   94.919  -14.795    0.367593   -1.287976   -0.737405   -0.762699   -1.373425   -1.765877   -1.880239   -0.698405   -1.215983   33.584   39.842    2.078 S_000003
SCORE:    32.733                 32.733          0          0          1    S_000004
   1 H     0.000  170.252   55.279   92.249 -109.003  169.242  133.112   27.286  111.384  -11.414    0.354694   -1.333987   -0.655072   -0.858727   -1.603173   -1.550393   -1.895164   -0.716901   -1.195580    3.794    0.984    0.238 S_000004
   2 N   -80.783 -179.724  171.364  150.415 -105.293  -85.848  144.059  -41.493  160.580   18.623    0.335151   -0.050284   -1.486102   -0.714523   -1.063570   -1.925667   -1.885168   -0.721521   -1.203089    5.616    3.775   -5.084 S_000004
   3 P   -57.826 -133.076   56.158  149.114 -133.146 -129.050  173.582  -38.935  149.380   81.360    0.323357   -0.155953   -1.475697   -0.748668   -1.138336   -1.884735   -1.900474   -0.754213   -1.175144    5.780   10.572   -5.618 S_000004
   4 P  -148.588  133.443  138.027   85.064 -127.867  -81.381   73.376   37.219   95.049  -13.856    0.320946   -1.350869   -0.610637   -0.781786   -1.471736   -1.659254   -1.868671   -0.699104   -1.208886    9.737   16.324   -5.135 S_000004
   5 P  -154.050  145.148  124.520   89.904 -156.931 -129.437   98.571   22.752  116.377   53.243    0.366115   -1.304268   -0.738772   -0.890164   -1.596323   -1.568220   -1.925176   -0.727709   -1.180955   14.533   21.333   -4.475 S_000004
   6 P   171.747  153.395  159.041  148.712 -150.900 -143.856  163.298  -31.676  141.216  -34.261    0.335662   -0.099384   -1.482186   -0.823846   -0.920479   -2.044532   -1.934389   -0.708140   -1.198506   20.219   25.607   -2.878 S_000004
   7 N   162.851 -174.181  174.872   89.117 -135.686  -80.471   74.982   34.691   91.621  -18.571    0.348335   -1.303500   -0.710850   -0.781973   -1.406205   -1.739385   -1.894539   -0.695738   -1.212818   25.313   30.784   -2.609 S_000004
   8 P  -167.703 -174.030 -172.706  150.262  -82.754  -98.128  162.319  -37.418  153.934  -96.537    0.341290   -0.123580   -1.479847   -0.753212   -1.075808   -1.949425   -1.900641   -0.697829   -1.213259   29.626   35.571    0.048 S_000004
   9 H    56.608  142.627   61.623   92.249    0.000    0.000  133.112   27.286  111.384  -11.414    0.354694   -1.333987   -0.655072   -0.858727   -1.603173   -1.550393   -1.895164   -0.716901   -1.195580   35.547   37.051    0.470 S_000004
SCORE:    31.830                 31.830          0          0          1    S_000005
   1 H     0.000  170.252   55.279   82.526  157.531  -90.484   77.493   28.108  117.755  -78.501    0.345832   -1.369013   -0.609083   -0.862476   -1.646823   -1.502064   -1.857191   -0.685944   -1.225607    3.794    0.984    0.238 S_000005
   2 P   -70.140 -178.252 -174.889   87.531 -141.488  -70.677   74.551   35.887   94.715 -140.171    0.320121   -1.353595   -0.610748   -0.799696   -1.504072   -1.641408   -1.884592   -0.716403   -1.208048    8.940    2.490   -1.995 S_000005
   3 N   167.952 -167.959  154.203  145.211 -155.376 -167.633   19.536  -32.174  148.043  -55.599    0.332777   -0.133501   -1.484945   -0.828850   -0.980089   -2.013944   -1.953344   -0.695714   -1.205944   10.558    8.930   -2.736 S_000005
   4 P   155.280  135.958 -178.035  104.997 -143.605  -53.089   64.985   37.244   82.297  -18.629    0.310561   -1.203717   -0.835451   -0.769342   -1.162931   -1.894190   -1.902863   -0.704842   -1.203253   13.737   15.228   -4.698 S_000005
   5 P   -52.902 -179.430   55.756  131.991 -105.786  168.543  117.329  -23.333  147.020  164.868    0.436199   -0.310214   -1.426061   -0.789518   -1.035502   -1.975489   -1.915962   -0.738496   -1.194202   16.474   19.692   -7.450 S_000005
   6 P   152.594  176.327  171.244   91.237 -151.427  -73.024   82.556   36.730   87.095   -0.293    0.324489   -1.292433   -0.740995   -0.782053   -1.325054   -1.790390   -1.912036   -0.712281   -1.201892   19.677   25.813   -8.524 S_000005
   7 P  -147.435  127.997  166.630   86.010 -149.849  -52.650   54.071   32.987   94.972  179.900    0.337657   -1.321837   -0.696632   -0.821902   -1.464736   -1.697730   -1.911618   -0.702420   -1.208143   22.243   31.969   -8.347 S_000005
   8 P  -133.749 -135.407  144.310  130.845 -116.303 -178.649  121.579  -35.275  165.934  163.039    0.368044   -0.566274   -1.363413   -0.770648   -1.563835   -1.500435   -1.902733   -0.799223   -1.154475   24.601   38.326   -8.894 S_000005
   9 H   -68.893  172.947   53.679   76.009    0.000    0.000   75.989   42.257   93.813  -20.880    0.270402   -1.442644   -0.419145   -0.773138   -1.615957   -1.520591   -1.835511   -0.723994   -1.219542   29.726   41.883  -10.236 S_000005
SCORE:    30.650                 30.650          0          1          0    S_000006
   1 H     0.000  170.252   55.279   99.424  -82.580 -177.394  166.469   29.045   94.580  -11.551    0.373934   -1.125295   -0.966009   -0.818590   -1.129655   -1.928865   -1.934545   -0.595214   -1.247668    3.794    0.984    0.238 S_000006
   2 N  -112.916   73.047  155.670   92.860 -171.372  -82.453   65.163   35.655   85.492  -66.299    0.336241   -1.240374   -0.823639   -0.780957   -1.230774   -1.863275   -1.920568   -0.732246   -1.190282    6.113    3.957   -3.040 S_000006
   3 P   152.767 -170.923  168.753   90.141 -153.461  -69.676   62.592   38.672   81.946  179.887    0.314527   -1.304140   -0.725198   -0.773885   -1.310461   -1.804102   -1.910749   -0.721999   -1.199298    8.747    9.704   -1.312 S_000006
   4 P  -145.272  107.505  161.174   94.670  147.437  143.710   84.320   28.447   90.169 -113.690    0.361024   -1.094483   -0.996074   -0.845065   -1.073377   -1.943138   -1.954076   -0.689021   -1.181845   12.789   14.436    0.673 S_000006
   5 P   171.747  153.395  159.041  148.712 -150.900 -143.856  163.298  -31.676  141.216  -34.261    0.335662   -0.099384   -1.482186   -0.823846   -0.920479   -2.044532   -1.934389   -0.708140   -1.198506   15.720   21.131    1.127 S_000006
   6 P  -133.749 -135.407  144.310  130.845 -116.303 -178.649  121.579  -35.275  165.934  163.039    0.368044   -0.566274   -1.363413   -0.770648   -1.563835   -1.500435   -1.902733   -0.799223   -1.154475   19.585   27.417    0.821 S_000006
   7 P    88.446  152.233 -177.309   99.607 -163.833  -94.509  109.798   24.470  101.567  -63.346    0.357266   -1.161357   -0.924890   -0.846544   -1.335259   -1.840463   -1.925885   -0.663645   -1.234091   24.938   32.021   -0.026 S_000006
   8 P   171.747  153.395  159.041  148.712 -150.900 -143.856  163.298  -31.676  141.216  -34.261    0.335662   -0.099384   -1.482186   -0.823846   -0.920479   -2.044532   -1.934389   -0.708140   -1.198506   29.586   37.186    1.183 S_000006
   9 H   -77.344 -159.781   46.649   82.914    0.000    0.000   77.304   40.657   88.728  179.926    0.279636   -1.372729   -0.590675   -0.777939   -1.443311   -1.678016   -1.888012   -0.701757   -1.210358   35.533   40.809    1.027 S_000006
SCORE:    31.488                 31.488          0          0          0    S_000007
   1 H     0.000  170.252   55.279  143.197  -81.152  143.472  111.631  -27.348  155.745    8.388    0.371059   -0.446060   -1.412322   -0.844862   -1.288927   -1.796603   -1.963000   -0.689676   -1.200875    3.794    0.984    0.238 S_000007
   2 N   110.888  139.910   67.841   80.616 -174.951 -160.740   45.486   41.742   89.525  151.354    0.265210   -1.437992   -0.434212   -0.787086   -1.613045   -1.531493   -1.866842   -0.755859   -1.195896    9.269    3.589   -2.314 S_000007
   3 N   140.751   78.375  147.908   85.219 -139.919 -122.587   67.224   27.161  117.339 -128.645    0.327420   -1.390343   -0.558417   -0.896324   -1.706978   -1.419161   -1.868152   -0.719232   -1.199857   14.124    4.277    2.924 S_000007
   4 P   152.804  179.450  178.912   87.198 -154.572  -78.725   73.493   37.836   90.078  169.479    0.323288   -1.361977   -0.597100   -0.768408   -1.488119   -1.654360   -1.884994   -0.739724   -1.191211   19.277    7.532    6.800 S_000007
   5 P  -163.415 -164.775  171.520   87.292 -173.272  -90.210   95.538   33.873  101.998   69.427    0.333059   -1.348368   -0.630589   -0.813263   -1.521104   -1.634527   -1.885456   -0.693273   -1.220867   25.170    9.085   10.016 S_000007
   6 P  -171.683  150.567  158.405   86.589 -114.846 -110.635  130.117   15.638  130.615   37.393    0.367847   -1.318887   -0.687781   -0.936999   -1.752471   -1.366717   -1.880904   -0.733340   -1.188375   29.563   11.413   14.775 S_000007
   7 P   163.328  133.174   67.642  136.998 -137.626 -154.012   89.421  -30.525  152.645   30.625    0.372295   -0.416181   -1.425075   -0.793600   -1.311181   -1.799090   -1.926431   -0.784884   -1.148790   35.954   13.952   17.156 S_000007
   8 P   145.834  169.864  160.515  116.771 -150.825  -95.969  116.851    6.639  112.778  -49.780    0.428419   -0.827735   -1.201961   -0.850477   -1.142936   -1.957796   -1.955336   -0.681649   -1.210816   39.443   15.337   23.449 S_000007
   9 H   -62.826 -176.576   48.131   85.611    0.000    0.000   81.520   37.379   98.183  -13.480    0.334677   -1.357606   -0.571492   -0.759970   -1.502056   -1.615984   -1.836903   -0.663426   -1.241365   42.190   17.997   28.755 S_000007
SCORE:    31.342                 31.342          0          1          0    S_000008
   1 H     0.000  170.252   55.279  105.455  -42.841   88.486   82.003   -2.196  136.400 -152.234    0.430725   -0.994819   -1.075472   -0.890721   -1.561579   -1.604279   -1.946214   -0.753783   -1.158869    3.794    0.984    0.238 S_000008
   2 N   102.646 -106.782 -177.883   86.385 -116.647 -103.702   49.278   41.604   82.327  -17.386    0.316437   -1.325925   -0.688483   -0.726073   -1.305038   -1.800455   -1.875543   -0.711621   -1.216310    7.573    3.619   -0.837 S_000008
   3 P   -82.645 -177.969   72.751  145.260 -157.503 -148.229  111.875  -38.545  157.429  -12.075    0.322205   -0.223436   -1.480851   -0.764697   -1.222995   -1.851784   -1.919902   -0.771160   -1.168755   12.255    8.626    0.200 S_000008
   4 P  -150.263  137.150  162.005   85.519 -143.757  -61.655   64.628   39.702   84.506   99.951    0.295141   -1.332554   -0.685537   -0.782837   -1.333764   -1.762805   -1.900101   -0.686617   -1.207950   16.973   13.722    0.452 S_000008
   5 P   171.747  153.395  159.041  148.712 -150.900 -143.856  163.298  -31.676  141.216  -34.261    0.335662   -0.099384   -1.482186   -0.823846   -0.920479   -2.044532   -1.934389   -0.708140   -1.198506   20.979   19.254    0.837 S_000008
   6 N   -58.224  175.650   52.854   85.201 -141.975  -67.057   78.307   37.957   90.988  -21.444    0.318243   -1.350950   -0.622608   -0.775913   -1.452772   -1.685076   -1.875484   -0.699561   -1.211805   26.568   22.405    2.326 S_000008
   7 P   -60.519 -150.721   69.014  155.654  -81.600 -163.057  158.185  -44.635  163.664   97.265    0.258206   -0.039368   -1.494873   -0.750175   -1.106028   -1.909076   -1.907704   -0.770525   -1.183420   30.713   27.292    1.062 S_000008
   8 P   140.004 -161.511  172.648   87.535 -135.875 -127.774  -63.089   27.673  113.365  -21.649    0.351703   -1.359808   -0.617725   -0.860422   -1.647064   -1.511100   -1.888219   -0.728269   -1.197425   34.434   33.238    2.006 S_000008
   9 H   -60.631  172.724   51.905   83.278    0.000    0.000   76.917   33.636   99.814 -170.047    0.340148   -1.367137   -0.569443   -0.804406   -1.589026   -1.560324   -1.877784   -0.739417   -1.192511   39.479   37.053    4.128 S_000008
SCORE:    31.247                 31.247          0          0          1    S_000009
   1 H     0.000  170.252   55.279  112.114  -50.233  100.032  142.152    7.620  134.238  -12.482    0.408427   -1.051404   -1.049250   -0.920999   -1.432612   -1.708802   -1.954475   -0.622872   -1.227042    3.794    0.984    0.238 S_000009
   2 P    95.862 -150.045 -177.753  145.463 -163.746 -130.631  132.028  -25.964  134.716  -54.064    0.372792   -0.139680   -1.476267   -0.836576   -0.849905   -2.078892   -1.921957   -0.718372   -1.188673    7.566    4.266   -0.643 S_000009
   3 P   178.363  159.803  161.213   89.497 -120.228  -82.484   60.039   35.920   90.861  -15.525    0.335843   -1.293218   -0.723787   -0.781309   -1.358486   -1.768889   -1.909203   -0.706088   -1.208672   12.592    8.393    2.536 S_000009
   4 N   -50.936  170.693   59.456  140.138 -123.590 -165.720  102.147  -28.824  146.926   74.808    0.372909   -0.320183   -1.444597   -0.805892   -1.158175   -1.918373   -1.937237   -0.739376   -1.178972   18.062   11.078    4.213 S_000009
   5 P   165.278  167.371  175.594   83.822 -158.281  -75.127   89.459   36.330   91.172 -137.030    0.339110   -1.327173   -0.662258   -0.772025   -1.433257   -1.708364   -1.881501   -0.696938   -1.221572   24.233   14.570    5.815 S_000009
   6 P   -74.070 -162.683   58.938   85.949 -161.150  -82.318   74.400   34.114   95.367  172.296    0.339187   -1.326136   -0.677253   -0.801320   -1.456610   -1.686934   -1.897513   -0.697536   -1.214358   28.780   18.576    8.242 S_000009
   7 P  -170.283  161.190 -176.306  140.990 -163.860 -102.059  133.153  -32.306  149.951  165.152    0.350717   -0.168927   -1.477787   -0.803819   -1.029144   -1.981828   -1.933928   -0.657356   -1.225843   33.008   24.019    7.699 S_000009
   8 P  -127.098 -118.371 -175.896   81.208  178.526  -67.112   87.047   27.341  111.615  177.088    0.350710   -1.380316   -0.536550   -0.864500   -1.712024   -1.401043   -1.876825   -0.710853   -1.179871   38.106   29.078    8.240 S_000009
   9 H   -60.002 -164.293   44.589   83.312    0.000    0.000   68.155   34.293   93.222  179.901    0.344267   -1.319982   -0.692496   -0.793095   -1.441090   -1.709983   -1.893324   -0.705466   -1.205410   43.155   31.967    6.931 S_000009
SCORE:    32.775                 32.775          0          0          1    S_000010
   1 H     0.000  170.252   55.279   86.215 -165.809 -109.893   90.716   35.981   92.504 -119.556    0.326744   -1.335036   -0.661375   -0.794244   -1.444980   -1.700180   -1.898994   -0.699900   -1.214296    3.794    0.984    0.238 S_000010
   2 N   -26.065 -130.630  172.007  146.335 -141.275 -135.325   80.380  -33.279  151.090  147.354    0.335607   -0.153277   -1.484134   -0.814503   -1.030406   -1.984215   -1.942102   -0.701556   -1.201120    8.551    1.690   -3.698 S_000010
   3 P   153.109 -158.615  171.108   84.708 -138.125  -69.612   57.715   37.635   93.652  -13.792    0.321789   -1.360366   -0.593188   -0.773049   -1.495954   -1.649786   -1.864180   -0.695157   -1.223989   13.079    7.148   -4.486 S_000010
   4 P  -110.003  -95.178 -170.804   85.262 -152.851  -73.112   64.455   36.565   94.655  -23.735    0.333988   -1.354956   -0.605888   -0.774081   -1.501600   -1.649669   -1.863825   -0.691328   -1.230508   16.644   12.714   -2.145 S_000010
   5 P   -69.822 -167.738   53.385   83.852 -149.558  -86.369   84.902   32.043  100.771  179.899    0.337345   -1.373662   -0.575504   -0.827110   -1.622765   -1.540955   -1.887399   -0.751343   -1.185378   19.451   18.434   -1.097 S_000010
   6 P  -145.987  156.330 -171.280   97.698 -150.657  -84.135   71.724   29.301   97.426  177.190    0.377424   -1.188179   -0.884020   -0.797503   -1.265138   -1.847696   -1.920332   -0.677393   -1.214796   22.566   24.040   -3.649 S_000010
   7 N   -98.041 -137.837  155.725  158.717  -99.849  162.372  109.093  -41.754  160.788   52.267    0.289315   -0.001541   -1.489878   -0.763911   -1.005286   -1.960819   -1.921518   -0.690989   -1.218223   23.528   31.021   -3.454 S_000010
   8 P   108.246 -153.137  175.954  125.504  -78.386 -151.910  157.518  -34.516  169.390  179.923    0.351862   -0.530561   -1.392292   -0.793275   -1.516755   -1.590027   -1.910937   -0.740572   -1.194142   26.750   36.775   -3.790 S_000010
   9 H   -60.187  173.605   51.638   79.154    0.000    0.000   77.796   35.310   98.526  179.917    0.329149   -1.403341   -0.498975   -0.797145   -1.648858   -1.505200   -1.867613   -0.773162   -1.178955   31.328   41.533   -5.070 S_000010
