SEQUENCE: gaaaaaaag
SCORE:     score    rna_stub_coord_hack       N_WC      N_NWC       N_BS description
REMARK RNA 
SCORE:     4.193                  4.193          0          0          3    S_000001
   1 H     0.000  170.252   55.279   82.912 -145.751  -72.966   68.791   46.232   86.817  -21.706    0.258864   -1.438189   -0.476479   -0.719224   -1.480752   -1.625293   -1.830788   -0.694048   -1.269395    3.794    0.984    0.238 S_000001
   2 P    81.818  150.557 -178.642   84.467 -143.499  -62.198   74.953   35.144   94.284  -17.384    0.339822   -1.328184   -0.666139   -0.786283   -1.451700   -1.692830   -1.886022   -0.690284   -1.221423    6.841   -3.502   -3.000 S_000001
   3 N   -53.025 -171.133   66.197  118.744 -156.076 -125.935  159.063  -14.860  157.092  113.222    0.397896   -0.937453   -1.149838   -0.931285   -1.661409   -1.425729   -1.958412   -0.783663   -1.114398    7.647   -9.406   -1.391 S_000001
   4 N   -50.936  170.693   59.456  140.138 -123.590 -165.720  102.147  -28.824  146.926   74.808    0.372909   -0.320183   -1.444597   -0.805892   -1.158175   -1.918373   -1.937237   -0.739376   -1.178972    8.935  -15.527    0.025 S_000001
   5 N   167.952 -167.959  154.203  145.211 -155.376 -167.633   19.536  -32.174  148.043  -55.599    0.332777   -0.133501   -1.484945   -0.828850   -0.980089   -2.013944   -1.953344   -0.695714   -1.205944   10.337  -22.647    0.601 S_000001
   6 P   -61.674  174.433   50.498   81.794 -142.535  -75.804   70.952   36.576   93.824  174.323    0.319762   -1.371677   -0.578933   -0.789843   -1.528677   -1.611306   -1.870999   -0.714176   -1.201909   14.137  -27.815    1.584 S_000001
   7 P   -54.674 -176.812   56.845  105.666 -157.888  177.384   98.760   17.911  103.275  171.367    0.386334   -1.108155   -0.964022   -0.851708   -1.378330   -1.793508   -1.940299   -0.737263   -1.175895   15.274  -33.994    2.223 S_000001
   8 P   126.730 -151.156  169.406   82.722 -121.196  -64.617   48.446   37.045   90.033  -25.474    0.337254   -1.329663   -0.659057   -0.765699   -1.425641   -1.716399   -1.883528   -0.694052   -1.224653   17.737  -40.176    0.675 S_000001
   9 H   -78.950  178.215   64.926   76.162    0.000    0.000   73.088   37.973   98.595  -23.717    0.311875   -1.414877   -0.468378   -0.786254   -1.627034   -1.511468   -1.851244   -0.746858   -1.204171   17.884  -46.264    2.627 S_000001
SCORE:     4.199                  4.199          0          0          2    S_000002
   1 H     0.000  170.252   55.279   84.525 -142.701  -71.491   82.989   37.164   91.732  -27.618    0.336402   -1.354056   -0.601247   -0.764855   -1.488175   -1.652392   -1.877082   -0.723395   -1.206330    3.794    0.984    0.238 S_000002
   2 P   173.215 -145.070   63.717  153.655 -149.052 -165.262  144.445  -38.152  153.790  -22.152    0.324100   -0.007402   -1.484541   -0.764111   -0.935316   -2.017312   -1.914311   -0.680225   -1.231184    6.516   -3.588   -3.609 S_000002
   3 P   -63.250  175.683   65.794  149.949 -131.110 -149.590  116.670  -46.360  165.701  151.659    0.291047   -0.023190   -1.497427   -0.685692   -1.116595   -1.889345   -1.874813   -0.741826   -1.205416    6.375   -9.976   -2.236 S_000002
   4 P   -73.688  154.833   59.185  146.485 -111.162  175.140  119.829  -32.346  150.459   20.864    0.348829   -0.220202   -1.465450   -0.808985   -1.098138   -1.929436   -1.939839   -0.717382   -1.183677    7.178  -16.251   -0.888 S_000002
   5 P   164.423 -126.231  176.251   91.863 -148.152  -95.447   90.726   36.141   94.787  -18.747    0.308216   -1.335123   -0.633984   -0.806988   -1.469271   -1.673926   -1.899392   -0.725780   -1.196649    7.838  -22.998    1.071 S_000002
   6 P   -49.246  156.776   49.555   74.578 -147.011 -141.958   77.008   32.363  106.965 -146.555    0.334027   -1.386898   -0.508444   -0.844976   -1.667411   -1.476270   -1.846713   -0.717289   -1.212618    8.677  -28.435    3.575 S_000002
   7 P    81.100  178.424 -174.766  144.576  -76.838  133.544  107.840  -37.531  164.252  -61.548    0.320520   -0.303259   -1.462966   -0.780672   -1.298802   -1.782190   -1.927181   -0.721663   -1.205983   10.069  -35.041    4.537 S_000002
   8 N   164.114 -143.850   48.568  121.062    5.595  170.457   90.622  -18.307  133.516  126.945    0.445744   -0.234249   -1.436375   -0.807219   -0.810477   -2.072995   -1.923504   -0.649086   -1.229001   12.323  -40.901    3.376 S_000002
   9 H   -70.710 -177.561   58.370   83.990    0.000    0.000   75.407   38.183   93.555  -26.991    0.311099   -1.371446   -0.581845   -0.776967   -1.509372   -1.644951   -1.865112   -0.693794   -1.233661   13.244  -47.005    5.608 S_000002
SCORE:     4.120                  4.120          0          0          2    S_000003
   1 H     0.000  170.252   55.279   92.907 -161.462  -59.896   92.417   39.755   85.427  109.946    0.296096   -1.289344   -0.760668   -0.780815   -1.244198   -1.850874   -1.899254   -0.629740   -1.254723    3.794    0.984    0.238 S_000003
   2 N    91.971 -172.714  176.965   91.644  -82.640  -74.094   95.560   26.033  115.004  -16.133    0.352738   -1.331932   -0.672950   -0.874494   -1.609787   -1.547795   -1.890247   -0.687458   -1.219079    7.146   -3.356   -1.592 S_000003
   3 P   -55.002 -122.462   77.729   98.964   67.451  134.511  140.163  -20.484  145.397   64.960    0.441436   -0.559352   -1.351141   -0.802300   -1.318087   -1.817548   -1.926555   -0.722009   -1.195924    3.957   -9.048   -1.831 S_000003
   4 P   140.004 -161.511  172.648   87.535 -135.875 -127.774  -63.089   27.673  113.365  -21.649    0.351703   -1.359808   -0.617725   -0.860422   -1.647064   -1.511100   -1.888219   -0.728269   -1.197425    5.879  -15.597   -3.389 S_000003
   5 P  -158.951 -177.382  165.165   83.505 -166.970  -49.803   88.312   28.748  117.649  -22.000    0.343573   -1.375312   -0.575177   -0.864358   -1.654732   -1.472597   -1.841770   -0.676251   -1.224860    5.363  -22.809   -2.215 S_000003
   6 N  -175.892  156.188  156.478   83.886 -138.147  -59.561   62.396   30.267  100.304  -18.903    0.356262   -1.310652   -0.690545   -0.814152   -1.515858   -1.645970   -1.890391   -0.720789   -1.206949    5.173  -29.167   -0.551 S_000003
   7 P  -127.080   93.264 -171.275  103.043 -145.599  -68.794   72.022   24.237   98.054  162.081    0.368889   -1.139815   -0.938800   -0.834081   -1.303776   -1.854765   -1.930691   -0.681896   -1.218704    6.056  -34.905    1.495 S_000003
   8 P  -170.283  161.190 -176.306  140.990 -163.860 -102.059  133.153  -32.306  149.951  165.152    0.350717   -0.168927   -1.477787   -0.803819   -1.029144   -1.981828   -1.933928   -0.657356   -1.225843    5.591  -41.759    1.440 S_000003
   9 H   -64.464  173.292   49.545   82.657    0.000    0.000   77.145   40.859   86.986 -148.160    0.291089   -1.393126   -0.519766   -0.772419   -1.513885   -1.616420   -1.878339   -0.735970   -1.198732    8.124  -47.476    0.500 S_000003
SCORE:     4.252                  4.252          0          1          2    S_000004
   1 H     0.000  170.252   55.279   77.545 -150.506  -59.302   58.516   32.898   99.313  179.895    0.387998   -1.324673   -0.657253   -0.751971   -1.504317   -1.653251   -1.850477   -0.681652   -1.246749    3.794    0.984    0.238 S_000004
   2 N   137.251 -155.716  174.946   86.157 -158.524  -62.955   96.365   33.608   97.563  179.935    0.337271   -1.339152   -0.646554   -0.807939   -1.506066   -1.646908   -1.891233   -0.710544   -1.206045    6.609   -3.664   -2.443 S_000004
   3 P  -166.924 -154.036  159.889   90.332 -178.658 -136.635   73.477   26.413  115.255    3.673    0.345049   -1.323606   -0.689620   -0.882069   -1.572952   -1.568229   -1.923026   -0.712384   -1.176451    6.315  -10.327   -2.244 S_000004
   4 N  -178.810  153.055  135.770  106.704 -138.327 -112.358  127.377   22.478   87.323  -11.418    0.409131   -0.973460   -1.098711   -0.809248   -1.028300   -2.013690   -1.923910   -0.665663   -1.225656    8.299  -17.068   -0.835 S_000004
   5 P  -136.102  103.272  168.974   85.473 -128.309  -79.232   63.030   36.383   91.833 -170.126    0.322483   -1.346531   -0.624388   -0.787074   -1.484827   -1.666329   -1.892459   -0.741690   -1.189660    9.689  -23.440    0.237 S_000004
   6 P   -55.858  161.433   52.488   82.488 -147.420  -81.527   84.816   37.940   93.831  169.350    0.318791   -1.367417   -0.589627   -0.776804   -1.490881   -1.646946   -1.863246   -0.682579   -1.231930   11.794  -29.134   -0.678 S_000004
   7 P   -51.366  159.456   57.860   97.555  162.044 -150.575  116.893   13.664  118.090  -85.317    0.420194   -1.081106   -1.003611   -0.869052   -1.395608   -1.775530   -1.933883   -0.679967   -1.200976   12.806  -34.547    1.571 S_000004
   8 P   -57.519  171.467   48.331   84.569 -168.035  -71.033   87.249   37.623   90.022  -24.500    0.304261   -1.363961   -0.596293   -0.796667   -1.493143   -1.651198   -1.889374   -0.717125   -1.203509   15.092  -40.396    1.945 S_000004
   9 H   -66.680 -174.898   54.154   80.050    0.000    0.000   72.168   38.117   92.321  179.890    0.313078   -1.395634   -0.514835   -0.777611   -1.578815   -1.567284   -1.862971   -0.741019   -1.199264   18.117  -45.264    4.141 S_000004
SCORE:     4.333                  4.333          0          0          0    S_000005
   1 H     0.000  170.252   55.279  105.352 -133.109  -87.647   61.183   11.996  110.334   11.252    0.410119   -1.055409   -1.012790   -0.853011   -1.409802   -1.773230   -1.929215   -0.728321   -1.185254    3.794    0.984    0.238 S_000005
   2 P    69.223  137.261 -175.088   86.986 -153.397 -110.460  143.572   33.683   97.732  -12.707    0.328359   -1.339808   -0.647494   -0.818559   -1.502873   -1.648205   -1.897238   -0.709099   -1.201121    6.314   -3.340   -3.704 S_000005
   3 N  -117.854 -102.240 -117.969  115.194   78.997  108.940   97.414  -19.741  133.201 -133.198    0.443422   -0.188394   -1.449994   -0.808692   -0.783501   -2.105495   -1.909666   -0.677610   -1.218393    2.085   -9.195   -3.167 S_000005
   4 P   -35.654  153.474   31.169   85.573 -151.527  -82.940   97.410   41.197   86.414  172.650    0.290609   -1.376838   -0.561301   -0.762865   -1.462801   -1.663565   -1.877343   -0.721697   -1.205164    1.734  -15.265   -4.679 S_000005
   5 P   -39.132 -128.014  178.683  148.423 -128.491 -161.176   82.490  -39.164  159.768  138.907    0.324895   -0.118877   -1.481124   -0.753142   -1.105909   -1.924168   -1.915263   -0.709937   -1.216600    1.074  -21.393   -3.040 S_000005
   6 P  -177.185 -173.566  155.371  145.456  -98.754  179.352  138.838  -24.197  141.689  170.602    0.366879   -0.185448   -1.467973   -0.847005   -0.869502   -2.069646   -1.938630   -0.653402   -1.218242    1.503  -28.294   -5.414 S_000005
   7 P  -167.631  177.125   63.936  148.721 -114.320  176.453   96.592  -39.276  160.663  -80.184    0.315889   -0.217056   -1.474414   -0.766409   -1.232285   -1.836424   -1.924195   -0.750433   -1.184996    3.978  -34.728   -4.378 S_000005
   8 N   153.892 -141.795  167.120   90.150 -140.999 -172.900  120.377   29.336   99.989 -144.515    0.391187   -1.231714   -0.791754   -0.780320   -1.371883   -1.747462   -1.876007   -0.673329   -1.208973    3.862  -41.744   -5.102 S_000005
   9 H   -64.814 -172.179   55.927   84.193    0.000    0.000   76.211   36.049   98.175  -73.319    0.332340   -1.360431   -0.605722   -0.780345   -1.519075   -1.639742   -1.866794   -0.698721   -1.226591    8.416  -46.500   -5.396 S_000005
SCORE:     4.247                  4.247          0          2          3    S_000006
   1 H     0.000  170.252   55.279   80.623 -140.384  -75.342   80.700   39.232   89.792  179.892    0.321145   -1.369560   -0.576305   -0.755978   -1.480420   -1.652868   -1.860249   -0.691299   -1.225268    3.794    0.984    0.238 S_000006
   2 P   101.421 -124.458 -169.087   86.467 -134.086  -66.295   73.549   33.687   98.973  -16.577    0.338215   -1.343794   -0.627554   -0.804245   -1.520024   -1.624416   -1.883341   -0.704584   -1.209005    6.564   -3.014   -1.825 S_000006
   3 N   -53.025 -171.133   66.197  118.744 -156.076 -125.935  159.063  -14.860  157.092  113.222    0.397896   -0.937453   -1.149838   -0.931285   -1.661409   -1.425729   -1.958412   -0.783663   -1.114398    7.616   -8.903    0.108 S_000006
   4 P   -69.793  174.015   54.565   84.003 -142.688  -72.263   80.031   38.217   90.511  179.883    0.324558   -1.350344   -0.616845   -0.764513   -1.453012   -1.684013   -1.870919   -0.689653   -1.226150    9.087  -14.993    2.197 S_000006
   5 P   -58.446 -149.202   68.661  151.517  -94.388 -167.491  158.879  -36.566  157.616   66.657    0.314545   -0.058212   -1.465433   -0.758064   -0.951472   -2.024794   -1.934304   -0.600686   -1.266513    9.389  -21.428    0.878 S_000006
   6 N  -175.101 -147.674  159.572  141.718  176.133  146.872   62.364  -31.811 -103.226   76.911    0.331832   -0.177856   -1.485199   -0.843536   -1.029654   -1.962328   -1.977627   -0.691472   -1.204184   12.418  -27.949    1.008 S_000006
   7 P   153.178 -153.207 -178.631   82.668 -139.550  -73.249   64.126   35.520   95.260  -16.961    0.322942   -1.357707   -0.586556   -0.789863   -1.548629   -1.610887   -1.878842   -0.729786   -1.203609   13.177  -34.898    1.941 S_000006
   8 N   -55.590  163.901   57.077   97.283 -137.414  -65.050   47.708   33.921   83.843  -15.772    0.354290   -1.178172   -0.902507   -0.788045   -1.128329   -1.919447   -1.933320   -0.680181   -1.222148   13.422  -40.909    1.803 S_000006
   9 H   -47.567  173.725   48.903   78.931    0.000    0.000   71.976   37.328   96.036  176.552    0.303195   -1.396389   -0.521848   -0.803219   -1.579548   -1.559731   -1.874300   -0.736397   -1.193682   17.243  -45.018   -0.298 S_000006
SCORE:     4.063                  4.063          0          0          0    S_000007
   1 H     0.000  170.252   55.279   81.806 -127.617  -71.308   63.934   38.559   91.998  -27.016    0.313517   -1.388719   -0.538302   -0.774593   -1.551464   -1.606354   -1.874563   -0.747692   -1.194585    3.794    0.984    0.238 S_000007
   2 P   173.194  135.693   63.814  119.262 -150.408 -146.040  100.980  -16.311  146.800  116.195    0.437013   -0.741573   -1.262646   -0.846761   -1.466427   -1.667656   -1.934875   -0.740817   -1.155727    6.395   -2.756   -5.088 S_000007
   3 P   -70.642 -175.760   46.462   84.669 -152.373  -69.865   78.769   34.994   94.263  179.921    0.344019   -1.325574   -0.665322   -0.781482   -1.454383   -1.690533   -1.883891   -0.693469   -1.220838    9.752   -8.583   -5.876 S_000007
   4 P   -60.812 -146.102   71.756  156.668  -78.282 -169.333  154.499  -36.879  159.613   62.580    0.318603   -0.121311   -1.484608   -0.802024   -1.070048   -1.952590   -1.947726   -0.665159   -1.220540   13.335  -13.347   -3.224 S_000007
   5 P   138.654 -155.499 -178.803   84.573 -157.267  -66.638   83.895   40.356   83.626  124.921    0.305788   -1.350020   -0.635906   -0.759551   -1.396016   -1.733941   -1.894166   -0.717771   -1.217153   15.074  -19.830   -1.187 S_000007
   6 P  -170.257 -176.118  168.457  154.693  -96.790  -77.772  166.626  -41.004  158.432  -92.486    0.301209   -0.017468   -1.492097   -0.757842   -1.009016   -1.965277   -1.908312   -0.715882   -1.203518   14.913  -26.417    0.242 S_000007
   7 N  -161.912  144.831  163.138   87.020 -163.361  -72.898   66.879   36.893   92.007  -14.838    0.313333   -1.374187   -0.573869   -0.796398   -1.534179   -1.616031   -1.894495   -0.762736   -1.174099   15.715  -33.189    0.973 S_000007
   8 P  -172.604  161.126  159.864  155.138 -101.607 -139.360  -48.863  -40.948  155.621   78.591    0.319081    0.026124   -1.484098   -0.731166   -0.944630   -1.986654   -1.887978   -0.700564   -1.211859   16.838  -39.902    1.263 S_000007
   9 H   -76.119  175.115   61.636   87.433    0.000    0.000   80.215   34.922   92.306   81.914    0.334541   -1.327556   -0.671622   -0.795348   -1.447325   -1.692174   -1.898960   -0.699818   -1.213526   15.237  -46.582    1.645 S_000007
SCORE:     4.465                  4.465          0          0          0    S_000008
   1 H     0.000  170.252   55.279   78.834 -150.845  -68.309   70.748   40.076   90.545   14.371    0.307336   -1.403446   -0.495984   -0.759406   -1.565667   -1.578224   -1.844654   -0.723628   -1.220146    3.794    0.984    0.238 S_000008
   2 P   148.744  164.488  155.812   78.401 -116.145  -93.168  138.143   38.511   86.441 -171.231    0.349391   -1.359421   -0.597882   -0.742157   -1.451422   -1.664271   -1.843860   -0.693680   -1.250137    7.568   -3.100   -3.608 S_000008
   3 P   -51.696  147.794   39.941  140.316 -137.221 -120.332  120.974  -33.862  150.854   20.610    0.369298   -0.245871   -1.468292   -0.770662   -1.166093   -1.901613   -1.911278   -0.744960   -1.179318    8.813   -9.003   -4.660 S_000008
   4 N  -148.162  164.915  118.385  145.355 -109.323 -178.043  158.161  -25.949  134.973  153.436    0.357113   -0.162484   -1.477571   -0.854725   -0.883260   -2.080780   -1.943630   -0.688761   -1.201220    8.538  -15.415   -1.385 S_000008
   5 P  -171.683  150.567  158.405   86.589 -114.846 -110.635  130.117   15.638  130.615   37.393    0.367847   -1.318887   -0.687781   -0.936999   -1.752471   -1.366717   -1.880904   -0.733340   -1.188375   10.348  -21.579    1.050 S_000008
   6 P   -21.836 -133.217  170.749  150.760 -101.380  148.603   85.879  -35.796  157.468   18.461    0.335203   -0.167530   -1.474512   -0.789514   -1.103974   -1.927048   -1.929857   -0.698162   -1.203981   12.417  -27.613   -0.435 S_000008
   7 N   164.467  163.990  179.885   84.697 -120.782  -70.569   36.074   33.699   98.267  -26.234    0.344251   -1.341532   -0.641023   -0.799238   -1.514677   -1.645367   -1.887856   -0.716253   -1.209084   14.359  -33.683    1.128 S_000008
   8 P   -33.122 -159.568  151.000  146.506 -145.092 -142.672   79.190  -33.668  154.217 -117.811    0.333818   -0.171529   -1.475823   -0.812366   -1.061031   -1.950460   -1.939960   -0.691146   -1.196381   16.054  -38.745    4.460 S_000008
   9 H   -66.943  169.276   68.050   85.138    0.000    0.000   57.691   39.717   86.444 -154.311    0.287249   -1.379542   -0.593873   -0.788555   -1.474225   -1.677882   -1.901759   -0.738151   -1.201385   17.261  -45.205    5.088 S_000008
SCORE:     4.095                  4.095          0          0          1    S_000009
   1 H     0.000  170.252   55.279   82.105 -141.623  -64.361   68.224   41.018   93.407  -27.864    0.292455   -1.393213   -0.516588   -0.758546   -1.513665   -1.606008   -1.844108   -0.684756   -1.224144    3.794    0.984    0.238 S_000009
   2 P   164.488 -114.005 -156.984   84.693 -175.807  -69.979   51.748   34.903   98.384  -74.143    0.334074   -1.360844   -0.599996   -0.791179   -1.546085   -1.615586   -1.873725   -0.716463   -1.216816    5.278   -3.779   -3.275 S_000009
   3 P  -172.604  161.126  159.864  155.138 -101.607 -139.360  -48.863  -40.948  155.621   78.591    0.319081    0.026124   -1.484098   -0.731166   -0.944630   -1.986654   -1.887978   -0.700564   -1.211859    6.680  -10.267   -2.748 S_000009
   4 P  -173.910 -150.992  149.500  127.998 -128.911 -142.558   91.482   -6.193  136.127   15.787    0.408280   -0.788743   -1.262842   -0.923571   -1.317920   -1.806812   -1.984235   -0.740556   -1.116661    7.983  -17.166   -0.884 S_000009
   5 P   -64.526  171.306   59.084   85.494 -157.090  -63.270  101.987   34.404   96.223   -8.382    0.330413   -1.350385   -0.619829   -0.807223   -1.521465   -1.629447   -1.893088   -0.722971   -1.201374    8.910  -23.570    0.808 S_000009
   6 P   -53.182 -178.366   59.806  156.527  -94.573 -113.801  131.240  -40.278  159.566   37.763    0.314828   -0.035122   -1.489133   -0.749532   -1.016250   -1.963925   -1.909458   -0.679962   -1.228138   12.096  -28.528    1.788 S_000009
   7 P   -74.070 -162.683   58.938   85.949 -161.150  -82.318   74.400   34.114   95.367  172.296    0.339187   -1.326136   -0.677253   -0.801320   -1.456610   -1.686934   -1.897513   -0.697536   -1.214358   16.417  -33.679    3.810 S_000009
   8 P   -50.353 -155.642   49.514  144.140 -116.281 -177.136  152.040  -34.900  163.032   29.821    0.343286   -0.324128   -1.448346   -0.793398   -1.280886   -1.793255   -1.940277   -0.746673   -1.179096   16.902  -39.614    6.090 S_000009
   9 H   156.257 -145.856  175.507   88.122    0.000    0.000   69.202   36.375   83.839   78.437    0.349867   -1.255269   -0.786795   -0.760851   -1.257227   -1.839825   -1.906289   -0.711064   -1.208305   16.763  -46.737    6.103 S_000009
SCORE:     4.060                  4.060          0          0          1    S_000010
   1 H     0.000  170.252   55.279   83.693 -148.412  -72.911   61.456   30.177  104.177    0.033    0.366520   -1.322810   -0.653300   -0.810366   -1.552828   -1.605819   -1.884492   -0.727636   -1.201902    3.794    0.984    0.238 S_000010
   2 P   168.851  143.212   55.325  125.424 -126.095  136.089   98.203  -16.131  146.351    9.349    0.427935   -0.646727   -1.313571   -0.851985   -1.339061   -1.781991   -1.948486   -0.707909   -1.178759    7.852   -2.458   -4.307 S_000010
   3 P   -66.547  174.793   52.090   80.331 -178.576  -66.944   87.446   36.302   96.128  -73.045    0.316283   -1.382911   -0.566529   -0.797357   -1.560730   -1.595491   -1.864356   -0.711206   -1.211385    8.374   -7.984   -4.209 S_000010
   4 N  -149.449  161.904  169.889   81.813 -145.400  -65.994  120.751   29.215  116.975    7.240    0.321253   -1.415703   -0.497345   -0.892978   -1.732380   -1.385977   -1.824266   -0.691127   -1.230135    8.277  -14.418   -3.522 S_000010
   5 P   152.804  179.450  178.912   87.198 -154.572  -78.725   73.493   37.836   90.078  169.479    0.323288   -1.361977   -0.597100   -0.768408   -1.488119   -1.654360   -1.884994   -0.739724   -1.191211    8.566  -20.984   -2.705 S_000010
   6 N  -139.048  166.464  170.340   86.512 -154.158  -65.732   70.175   34.223   96.956   10.890    0.341865   -1.327089   -0.657684   -0.792520   -1.472840   -1.667874   -1.873415   -0.684865   -1.220649   10.363  -27.414   -1.449 S_000010
   7 P  -173.910 -150.992  149.500  127.998 -128.911 -142.558   91.482   -6.193  136.127   15.787    0.408280   -0.788743   -1.262842   -0.923571   -1.317920   -1.806812   -1.984235   -0.740556   -1.116661   11.701  -33.782   -0.062 S_000010
   8 P  -173.910 -150.992  149.500  127.998 -128.911 -142.558   91.482   -6.193  136.127   15.787    0.408280   -0.788743   -1.262842   -0.923571   -1.317920   -1.806812   -1.984235   -0.740556   -1.116661   13.835  -40.250    2.668 S_000010
   9 H   -38.235  136.722   52.102   75.435    0.000    0.000   63.127   39.934   93.462  -21.407    0.312116   -1.409775   -0.480509   -0.761494   -1.575172   -1.557673   -1.841936   -0.724957   -1.213695   16.001  -44.868    6.009 S_000010
