SEQUENCE: gug
SCORE:     score    rna_stub_coord_hack       N_WC      N_NWC       N_BS description
REMARK RNA 
SCORE:     0.028                  0.028          0          0          0    S_000001
   1 H     0.000  170.252   55.279  107.424  -29.806   85.115   89.870    4.565  132.258   -5.516    0.448234   -0.969604   -1.083568   -0.853255   -1.401633   -1.742796   -1.927752   -0.658219   -1.220029    3.794    0.984    0.238 S_000001
   2 N   139.193  142.992  174.042  129.639 -160.591  177.693   83.114  -23.461  143.572  -60.403    0.420569   -0.186802   -1.460824   -0.813666   -0.865458   -2.064083   -1.926626   -0.665631   -1.218975    6.151    5.355   -0.310 S_000001
   3 H   -72.593  171.312   64.966   79.801    0.000    0.000   73.253   35.618   96.961  177.212    0.330948   -1.381371   -0.545895   -0.788226   -1.586718   -1.563149   -1.855327   -0.737815   -1.199874    3.291   11.038   -1.247 S_000001
SCORE:     0.031                  0.031          0          0          0    S_000002
   1 H     0.000  170.252   55.279   89.745  -55.937   70.722  102.091   31.939   98.326  -25.632    0.332645   -1.307577   -0.718299   -0.834966   -1.450364   -1.699832   -1.915154   -0.676919   -1.221665    3.794    0.984    0.238 S_000002
   2 N   157.972 -132.733  176.834  147.316 -147.664 -132.370   93.539  -35.585  157.310  132.932    0.334836   -0.174948   -1.481171   -0.790795   -1.105511   -1.925075   -1.933577   -0.714100   -1.197252    4.099    5.229   -2.002 S_000002
   3 H    95.237 -135.116 -141.940   88.680    0.000    0.000   58.612   35.390   88.542 -170.575    0.345942   -1.279262   -0.746031   -0.775216   -1.335793   -1.783790   -1.896350   -0.674159   -1.225682    5.979   11.043   -2.797 S_000002
SCORE:     0.036                  0.036          0          0          0    S_000003
   1 H     0.000  170.252   55.279  105.455  -42.841   88.486   82.003   -2.196  136.400 -152.234    0.430725   -0.994819   -1.075472   -0.890721   -1.561579   -1.604279   -1.946214   -0.753783   -1.158869    3.794    0.984    0.238 S_000003
   2 P   156.176 -178.520 -177.365   80.042 -156.321  -66.831   78.856   39.798   92.148  179.869    0.309822   -1.391332   -0.530311   -0.761394   -1.534266   -1.614214   -1.845938   -0.701966   -1.230700    5.937    5.426   -0.819 S_000003
   3 H  -168.400  171.325 -179.669   81.890    0.000    0.000   71.033   37.867   94.575   81.315    0.317458   -1.377881   -0.564315   -0.780513   -1.523806   -1.620144   -1.866213   -0.708818   -1.217366    6.604   12.170   -0.887 S_000003
SCORE:     0.041                  0.041          0          0          0    S_000004
   1 H     0.000  170.252   55.279  107.424  -29.806   85.115   89.870    4.565  132.258   -5.516    0.448234   -0.969604   -1.083568   -0.853255   -1.401633   -1.742796   -1.927752   -0.658219   -1.220029    3.794    0.984    0.238 S_000004
   2 N   121.493  139.602 -124.374 -171.051  -98.046 -120.825   87.322  -49.959  155.858   63.372   -0.012652    0.917951   -1.214066   -0.991510    0.160564   -2.139127   -1.953480   -0.445052   -1.294223    6.493    5.315   -0.539 S_000004
   3 H   -87.028  170.028   85.091   74.557    0.000    0.000   61.942   39.168   96.565  -17.444    0.289373   -1.440581   -0.388999   -0.797187   -1.683554   -1.436262   -1.839147   -0.761762   -1.191711    6.074   12.214   -0.926 S_000004
SCORE:     0.038                  0.038          0          0          0    S_000005
   1 H     0.000  170.252   55.279  105.455  -42.841   88.486   82.003   -2.196  136.400 -152.234    0.430725   -0.994819   -1.075472   -0.890721   -1.561579   -1.604279   -1.946214   -0.753783   -1.158869    3.794    0.984    0.238 S_000005
   2 P   178.185 -141.779  162.057   89.493 -175.798 -165.522  102.817   12.026  135.815  -77.674    0.407427   -1.250929   -0.772444   -0.896323   -1.722154   -1.427814   -1.908611   -0.775532   -1.157236    6.186    5.417   -1.349 S_000005
   3 H   -71.986  175.236   69.706   84.620    0.000    0.000   77.303   33.384   99.794  -32.423    0.328949   -1.379989   -0.574304   -0.817270   -1.608911   -1.559066   -1.884019   -0.761887   -1.180889    3.398   10.838    1.119 S_000005
SCORE:     0.038                  0.038          0          0          0    S_000006
   1 H     0.000  170.252   55.279   89.745  -55.937   70.722  102.091   31.939   98.326  -25.632    0.332645   -1.307577   -0.718299   -0.834966   -1.450364   -1.699832   -1.915154   -0.676919   -1.221665    3.794    0.984    0.238 S_000006
   2 P   152.729 -107.896  175.596   84.499 -153.584 -104.052   55.707   25.727  124.891   -9.809    0.341296   -1.393321   -0.546540   -0.902456   -1.734448   -1.379532   -1.832316   -0.687590   -1.225901    4.571    5.062   -2.397 S_000006
   3 H    29.138 -146.124   51.597   87.214    0.000    0.000   60.676   35.529   94.123 -145.071    0.330698   -1.325256   -0.673151   -0.795533   -1.431462   -1.705340   -1.899932   -0.700239   -1.210081    5.666   10.751   -1.776 S_000006
SCORE:     0.035                  0.035          0          1          0    S_000007
   1 H     0.000  170.252   55.279  105.455  -42.841   88.486   82.003   -2.196  136.400 -152.234    0.430725   -0.994819   -1.075472   -0.890721   -1.561579   -1.604279   -1.946214   -0.753783   -1.158869    3.794    0.984    0.238 S_000007
   2 P   158.599 -177.343 -178.225   82.737 -156.954  -66.334   57.138   35.858   96.594  179.899    0.325460   -1.373431   -0.570330   -0.792652   -1.559448   -1.597014   -1.871830   -0.730105   -1.205241    5.925    5.429   -0.819 S_000007
   3 H   -74.155 -169.444   49.702   85.691    0.000    0.000   77.903   30.621  104.829 -170.044    0.352341   -1.349361   -0.617023   -0.822402   -1.591156   -1.563750   -1.875031   -0.718072   -1.200015    6.487   11.684    0.200 S_000007
SCORE:     0.028                  0.028          0          0          0    S_000008
   1 H     0.000  170.252   55.279  107.424  -29.806   85.115   89.870    4.565  132.258   -5.516    0.448234   -0.969604   -1.083568   -0.853255   -1.401633   -1.742796   -1.927752   -0.658219   -1.220029    3.794    0.984    0.238 S_000008
   2 N   139.193  142.992  174.042  129.639 -160.591  177.693   83.114  -23.461  143.572  -60.403    0.420569   -0.186802   -1.460824   -0.813666   -0.865458   -2.064083   -1.926626   -0.665631   -1.218975    6.151    5.355   -0.310 S_000008
   3 H   -71.793 -177.315   57.837   83.637    0.000    0.000   72.935   34.844   96.920  179.949    0.335967   -1.361721   -0.599146   -0.794026   -1.542699   -1.613261   -1.880138   -0.723029   -1.206946    3.396   11.209   -1.419 S_000008
SCORE:     0.028                  0.028          0          0          0    S_000009
   1 H     0.000  170.252   55.279  107.424  -29.806   85.115   89.870    4.565  132.258   -5.516    0.448234   -0.969604   -1.083568   -0.853255   -1.401633   -1.742796   -1.927752   -0.658219   -1.220029    3.794    0.984    0.238 S_000009
   2 N   139.193  142.992  174.042  129.639 -160.591  177.693   83.114  -23.461  143.572  -60.403    0.420569   -0.186802   -1.460824   -0.813666   -0.865458   -2.064083   -1.926626   -0.665631   -1.218975    6.151    5.355   -0.310 S_000009
   3 H   -65.925  178.774   53.131   79.406    0.000    0.000   74.425   37.917   94.440  179.912    0.309648   -1.396421   -0.513466   -0.784336   -1.579227   -1.559636   -1.852796   -0.716122   -1.215812    3.319   11.097   -1.279 S_000009
SCORE:     0.031                  0.031          0          0          0    S_000010
   1 H     0.000  170.252   55.279   89.745  -55.937   70.722  102.091   31.939   98.326  -25.632    0.332645   -1.307577   -0.718299   -0.834966   -1.450364   -1.699832   -1.915154   -0.676919   -1.221665    3.794    0.984    0.238 S_000010
   2 N   157.972 -132.733  176.834  147.316 -147.664 -132.370   93.539  -35.585  157.310  132.932    0.334836   -0.174948   -1.481171   -0.790795   -1.105511   -1.925075   -1.933577   -0.714100   -1.197252    4.099    5.229   -2.002 S_000010
   3 H     0.000 -178.196   64.150 -273.533    0.000    0.000   84.581   23.441  128.225  186.431    0.346377   -1.397525   -0.504767   -0.909710   -1.793857   -1.278378   -1.840472   -0.746939   -1.195860    6.096   11.278   -1.460 S_000010
