SEQUENCE: gaaaaag
SCORE:     score    rna_stub_coord_hack       N_WC      N_NWC       N_BS description
REMARK RNA 
SCORE:     2.509                  2.509          0          1          0    S_000001
   1 H     0.000  170.252   55.279  126.670 -173.694  145.886  156.100  -24.302  152.150  179.883    0.433314   -0.257487   -1.450898   -0.792229   -0.980397   -1.999858   -1.919398   -0.721512   -1.193845    3.794    0.984    0.238 S_000001
   2 P   166.333  138.365   55.118  155.106 -121.207  176.665  100.537  -39.471  163.515  -78.552    0.339397   -0.011283   -1.487644   -0.733583   -0.968631   -1.983361   -1.893865   -0.720697   -1.225198    7.591    1.270   -5.764 S_000001
   3 P   171.747  153.395  159.041  148.712 -150.900 -143.856  163.298  -31.676  141.216  -34.261    0.335662   -0.099384   -1.482186   -0.823846   -0.920479   -2.044532   -1.934389   -0.708140   -1.198506   10.007    5.854  -10.492 S_000001
   4 P   -99.143  177.713   79.058   85.411 -148.231  -83.969   82.472   35.608   97.203  179.907    0.332057   -1.343698   -0.639068   -0.785888   -1.460087   -1.653040   -1.871584   -0.626858   -1.259185   13.690    7.134  -16.222 S_000001
   5 N  -161.912  144.831  163.138   87.020 -163.361  -72.898   66.879   36.893   92.007  -14.838    0.313333   -1.374187   -0.573869   -0.796398   -1.534179   -1.616031   -1.894495   -0.762736   -1.174099   17.047   11.202  -20.784 S_000001
   6 P   -61.973  146.572   59.679   83.840 -126.171 -115.294   89.710   33.888   95.454 -133.440    0.325887   -1.344526   -0.638798   -0.819353   -1.512451   -1.643178   -1.897856   -0.720184   -1.199941   19.325   12.683  -25.553 S_000001
   7 H     0.000 -178.228   51.747   86.305    0.000    0.000   69.677   42.252   84.066  -22.568    0.294064   -1.394353   -0.563759   -0.747351   -1.494490   -1.703487   -1.860736   -0.734199   -1.237054   19.490   15.750  -31.261 S_000001
SCORE:     2.453                  2.453          0          0          0    S_000002
   1 H     0.000  170.252   55.279  150.921 -140.380  176.455   70.540  -30.654  135.402  -22.027    0.340796    0.020826   -1.487975   -0.832802   -0.730695   -2.120638   -1.889676   -0.752245   -1.179692    3.794    0.984    0.238 S_000002
   2 P   -80.879 -179.862   79.559  111.255 -139.643  -76.480   76.250    4.777  118.477    2.534    0.430453   -0.952388   -1.110152   -0.846902   -1.385638   -1.801670   -1.930007   -0.732853   -1.182495    9.805    2.277   -1.918 S_000002
   3 P   -58.139 -157.673   47.097  137.273 -121.019 -162.787  123.042  -30.005  146.949   90.282    0.362862   -0.328184   -1.452129   -0.810759   -1.192878   -1.901264   -1.935428   -0.771670   -1.158457   14.936    2.444   -6.033 S_000002
   4 P   171.747  153.395  159.041  148.712 -150.900 -143.856  163.298  -31.676  141.216  -34.261    0.335662   -0.099384   -1.482186   -0.823846   -0.920479   -2.044532   -1.934389   -0.708140   -1.198506   19.469    5.731  -10.590 S_000002
   5 N   167.952 -167.959  154.203  145.211 -155.376 -167.633   19.536  -32.174  148.043  -55.599    0.332777   -0.133501   -1.484945   -0.828850   -0.980089   -2.013944   -1.953344   -0.695714   -1.205944   25.192    8.461  -14.132 S_000002
   6 P   -67.780  169.566   55.337   80.106 -165.258 -116.086   78.433   41.613   92.114  -21.510    0.293408   -1.394096   -0.536144   -0.752705   -1.493140   -1.640821   -1.832884   -0.655131   -1.253745   31.474    9.276  -15.438 S_000002
   7 H  -129.237  179.405   56.195   87.560    0.000    0.000  158.646   36.897   88.038 -125.415    0.329822   -1.303768   -0.711473   -0.775942   -1.362568   -1.770398   -1.898087   -0.685482   -1.222903   37.384   12.552  -17.350 S_000002
SCORE:     2.522                  2.522          0          0          2    S_000003
   1 H     0.000  170.252   55.279  140.241 -114.012  169.971   78.712  -27.634  142.257   17.991    0.371066   -0.238140   -1.461480   -0.825148   -1.027649   -2.004729   -1.949131   -0.696504   -1.200339    3.794    0.984    0.238 S_000003
   2 P   -47.346  176.379   51.351   79.055 -173.509 -118.383   80.508   36.074   97.726 -142.917    0.325644   -1.385201   -0.543069   -0.791972   -1.583275   -1.568525   -1.862350   -0.736123   -1.202374    9.313    2.873   -1.647 S_000003
   3 N   145.215 -123.261  174.675   85.487 -129.367 -105.326   61.689   34.708   94.693  -16.002    0.341282   -1.320596   -0.682879   -0.791461   -1.438928   -1.705229   -1.892384   -0.688770   -1.219794   13.123    6.726   -4.824 S_000003
   4 P  -155.146 -150.820  117.921   86.113 -130.582 -148.643   67.544   32.888  102.779 -102.425    0.346919   -1.363914   -0.563645   -0.802385   -1.605565   -1.541881   -1.842961   -0.706156   -1.218029   18.286    9.493   -9.053 S_000003
   5 P   164.719  138.825   51.610  150.951 -107.830  169.464  112.009  -38.147  157.146  -49.999    0.320580   -0.126346   -1.483354   -0.773408   -1.094210   -1.927220   -1.922725   -0.726119   -1.194230   18.936   12.885  -15.501 S_000003
   6 P   153.178 -153.207 -178.631   82.668 -139.550  -73.249   64.126   35.520   95.260  -16.961    0.322942   -1.357707   -0.586556   -0.789863   -1.548629   -1.610887   -1.878842   -0.729786   -1.203609   23.429   16.603  -19.381 S_000003
   7 H   -32.887  156.714   35.474   82.003    0.000    0.000   77.042   44.382   87.129  -35.298    0.218949   -1.428322   -0.493264   -0.786326   -1.515153   -1.620126   -1.869487   -0.663726   -1.252863   27.351   19.617  -22.240 S_000003
SCORE:     2.487                  2.487          0          0          1    S_000004
   1 H     0.000  170.252   55.279   87.663  -62.481 -155.526   70.948   27.843  106.191  -22.786    0.337819   -1.278965   -0.798703   -0.878501   -1.440128   -1.723774   -1.943724   -0.679767   -1.213073    3.794    0.984    0.238 S_000004
   2 P   171.747  153.395  159.041  148.712 -150.900 -143.856  163.298  -31.676  141.216  -34.261    0.335662   -0.099384   -1.482186   -0.823846   -0.920479   -2.044532   -1.934389   -0.708140   -1.198506    5.053    2.262   -6.515 S_000004
   3 P  -125.086  145.493   69.963   84.203 -158.058 -123.195  168.515   36.291   95.165  143.628    0.305273   -1.413075   -0.506265   -0.815956   -1.633501   -1.528120   -1.891014   -0.787768   -1.165172    7.007    5.899  -11.875 S_000004
   4 P   -56.720 -155.543   47.716  141.244 -100.674  163.668 -174.879  -34.363  153.975   95.607    0.339976   -0.298078   -1.457780   -0.796881   -1.240437   -1.848814   -1.932678   -0.769924   -1.158519    9.180    7.380  -18.094 S_000004
   5 P   132.201 -170.136  172.043   82.935 -174.144  -99.458  113.946   35.506  102.658  -57.807    0.296716   -1.397482   -0.505598   -0.833698   -1.628991   -1.513709   -1.843882   -0.692077   -1.232421    7.921    9.247  -24.590 S_000004
   6 P   -99.143  177.713   79.058   85.411 -148.231  -83.969   82.472   35.608   97.203  179.907    0.332057   -1.343698   -0.639068   -0.785888   -1.460087   -1.653040   -1.871584   -0.626858   -1.259185    5.614   12.829  -29.593 S_000004
   7 H   -58.622 -176.693   38.754   82.033    0.000    0.000   86.460   40.540   87.586   -4.075    0.315618   -1.378515   -0.571958   -0.738683   -1.473766   -1.663613   -1.850929   -0.702940   -1.226457    5.684   15.225  -35.533 S_000004
SCORE:     2.526                  2.526          0          0          0    S_000005
   1 H     0.000  170.252   55.279  108.341 -154.455  144.859  154.862    7.887  130.719   18.703    0.420150   -1.104275   -0.981401   -0.908339   -1.517571   -1.622796   -1.953956   -0.705910   -1.160258    3.794    0.984    0.238 S_000005
   2 P   154.785  148.880   62.755  143.221 -118.428  172.337   94.118  -32.342  157.772   32.106    0.346938   -0.351961   -1.445871   -0.812180   -1.268003   -1.828910   -1.947184   -0.738139   -1.184255    6.061    1.999   -6.319 S_000005
   3 P   154.785  148.880   62.755  143.221 -118.428  172.337   94.118  -32.342  157.772   32.106    0.346938   -0.351961   -1.445871   -0.812180   -1.268003   -1.828910   -1.947184   -0.738139   -1.184255    8.960    6.933  -10.417 S_000005
   4 P  -100.812  151.523   50.649   90.626 -158.155 -143.704  102.750   30.378   96.904   26.377    0.354334   -1.280429   -0.768735   -0.818259   -1.407454   -1.719481   -1.919097   -0.715270   -1.181877   10.107   10.725  -15.059 S_000005
   5 N   -75.477  156.926   72.364   80.894 -157.359  -87.532   69.255   38.320   96.246  179.897    0.302486   -1.402402   -0.527240   -0.787357   -1.573570   -1.582381   -1.859787   -0.718425   -1.211611   10.142   14.995  -19.826 S_000005
   6 P   166.978  176.904  177.152   84.171 -133.729  -88.107   85.510   32.221   98.769  169.890    0.360736   -1.323192   -0.665088   -0.794830   -1.503909   -1.648578   -1.883310   -0.724059   -1.201750   11.211   17.768  -26.073 S_000005
   7 H   -50.676  166.337   46.857   76.968    0.000    0.000   66.616   34.077  100.057   98.652    0.337056   -1.369213   -0.574438   -0.799116   -1.582903   -1.571522   -1.837727   -0.700871   -1.224611   12.692   19.753  -31.827 S_000005
SCORE:     2.482                  2.482          0          0          1    S_000006
   1 H     0.000  170.252   55.279  121.485 -120.420  173.085   65.226  -10.827  133.687    4.567    0.431983   -0.754720   -1.247021   -0.854152   -1.396094   -1.769540   -1.938100   -0.768024   -1.141705    3.794    0.984    0.238 S_000006
   2 P  -154.050  145.148  124.520   89.904 -156.931 -129.437   98.571   22.752  116.377   53.243    0.366115   -1.304268   -0.738772   -0.890164   -1.596323   -1.568220   -1.925176   -0.727709   -1.180955    7.618    3.583   -4.425 S_000006
   3 N  -175.873  129.154  170.686   86.137  -93.504 -119.198   62.975   34.945   90.884  -14.670    0.336428   -1.307129   -0.709811   -0.796257   -1.399775   -1.739041   -1.905209   -0.694020   -1.212799    9.496    7.030  -10.455 S_000006
   4 N   110.888  139.910   67.841   80.616 -174.951 -160.740   45.486   41.742   89.525  151.354    0.265210   -1.437992   -0.434212   -0.787086   -1.613045   -1.531493   -1.866842   -0.755859   -1.195896   13.963    6.048  -15.789 S_000006
   5 P   164.307 -156.278 -179.739  140.352 -106.303  -67.596  103.271  -31.578  152.669  167.547    0.355031   -0.298246   -1.455062   -0.807014   -1.184763   -1.890310   -1.940458   -0.730965   -1.183142   15.719   10.775  -20.800 S_000006
   6 P  -126.250  106.011  168.977   85.439 -139.330  -69.420   50.139   35.086   94.746  179.888    0.323314   -1.344139   -0.631905   -0.807581   -1.496027   -1.655632   -1.891815   -0.714598   -1.199423   16.738   14.785  -25.606 S_000006
   7 H   -62.071 -178.135   47.136   82.126    0.000    0.000   72.950   35.097   94.106  179.897    0.342424   -1.352136   -0.617086   -0.784608   -1.517104   -1.640437   -1.884633   -0.726522   -1.202863   19.025   17.964  -30.550 S_000006
SCORE:     2.421                  2.421          0          0          0    S_000007
   1 H     0.000  170.252   55.279  131.423  -46.459 -132.759  120.131  -20.861  149.493 -175.188    0.411169   -0.479976   -1.379335   -0.833138   -1.205921   -1.859265   -1.942644   -0.641400   -1.223291    3.794    0.984    0.238 S_000007
   2 P  -166.898   57.415  164.201   84.573 -140.977  -65.616   66.700   35.291   96.775  -22.631    0.321818   -1.367659   -0.593412   -0.810656   -1.539393   -1.613780   -1.888899   -0.719215   -1.201128    7.958    3.791   -3.078 S_000007
   3 P   173.355  125.936  172.381   92.573 -126.321  -63.423   74.322   39.444   80.014  179.963    0.248303   -1.280816   -0.752540   -0.820131   -1.269836   -1.836540   -1.977263   -0.755674   -1.188652   11.212    9.116   -6.204 S_000007
   4 N  -148.162  164.915  118.385  145.355 -109.323 -178.043  158.161  -25.949  134.973  153.436    0.357113   -0.162484   -1.477571   -0.854725   -0.883260   -2.080780   -1.943630   -0.688761   -1.201220   14.464   11.772  -11.487 S_000007
   5 P  -173.910 -150.992  149.500  127.998 -128.911 -142.558   91.482   -6.193  136.127   15.787    0.408280   -0.788743   -1.262842   -0.923571   -1.317920   -1.806812   -1.984235   -0.740556   -1.116661   19.026   14.257  -16.457 S_000007
   6 N   -51.448  179.085   42.488   80.419 -171.672  -62.807   91.147   39.863   88.611  -75.343    0.308173   -1.378479   -0.565897   -0.763447   -1.487840   -1.651959   -1.866538   -0.704559   -1.220333   23.366   17.646  -20.260 S_000007
   7 H   -60.181 -174.406   38.417   80.297    0.000    0.000  103.977   35.990   94.762 -127.038    0.317785   -1.379122   -0.558925   -0.799129   -1.573416   -1.586265   -1.879305   -0.754303   -1.188881   25.731   20.817  -24.670 S_000007
SCORE:     2.573                  2.573          0          0          0    S_000008
   1 H     0.000  170.252   55.279  108.341 -154.455  144.859  154.862    7.887  130.719   18.703    0.420150   -1.104275   -0.981401   -0.908339   -1.517571   -1.622796   -1.953956   -0.705910   -1.160258    3.794    0.984    0.238 S_000008
   2 P   145.834  169.864  160.515  116.771 -150.825  -95.969  116.851    6.639  112.778  -49.780    0.428419   -0.827735   -1.201961   -0.850477   -1.142936   -1.957796   -1.955336   -0.681649   -1.210816    6.546    2.354   -6.055 S_000008
   3 N  -149.449  161.904  169.889   81.813 -145.400  -65.994  120.751   29.215  116.975    7.240    0.321253   -1.415703   -0.497345   -0.892978   -1.732380   -1.385977   -1.824266   -0.691127   -1.230135    9.485    5.067  -11.818 S_000008
   4 P   171.188  139.895   48.031  148.786  -89.987  157.411  108.795  -40.286  159.861  -88.670    0.317071   -0.125468   -1.481393   -0.752069   -1.134183   -1.879603   -1.914641   -0.711556   -1.203747   11.976    6.567  -18.125 S_000008
   5 P   -26.073 -133.487  175.348  148.183 -105.196  172.498   87.609  -34.450  152.955  142.439    0.341256   -0.150125   -1.469813   -0.796322   -1.054308   -1.959486   -1.938921   -0.693496   -1.204238   14.852    9.115  -21.907 S_000008
   6 N   154.453 -138.292  168.142   87.170  -91.684 -131.245   70.959   30.507  104.033  -13.126    0.352127   -1.329675   -0.667614   -0.827063   -1.539136   -1.622829   -1.893458   -0.701079   -1.209808   16.041   10.312  -28.699 S_000008
   7 H   -55.890  177.555   56.971   80.149    0.000    0.000   70.926   46.589   87.441  -30.082    0.268354   -1.416959   -0.473060   -0.700684   -1.483179   -1.643460   -1.784186   -0.629321   -1.287949   17.027   14.490  -34.009 S_000008
SCORE:     2.399                  2.399          0          0          1    S_000009
   1 H     0.000  170.252   55.279  147.201 -107.002 -175.315  151.382  -36.517  161.277  120.745    0.322861   -0.228269   -1.471234   -0.794458   -1.190388   -1.857478   -1.935643   -0.733549   -1.182365    3.794    0.984    0.238 S_000009
   2 P  -173.910 -150.992  149.500  127.998 -128.911 -142.558   91.482   -6.193  136.127   15.787    0.408280   -0.788743   -1.262842   -0.923571   -1.317920   -1.806812   -1.984235   -0.740556   -1.116661    9.982    1.132   -3.439 S_000009
   3 P   -91.489 -171.862   60.190  151.408 -141.915  146.948  126.268  -35.959  150.845  170.483    0.328252   -0.054211   -1.490136   -0.790867   -0.952189   -2.007261   -1.913874   -0.676102   -1.216425   16.137    2.924   -6.343 S_000009
   4 N   140.751   78.375  147.908   85.219 -139.919 -122.587   67.224   27.161  117.339 -128.645    0.327420   -1.390343   -0.558417   -0.896324   -1.706978   -1.419161   -1.868152   -0.719232   -1.199857   19.971    7.438   -9.916 S_000009
   5 N   -59.595  165.015   55.136   81.777 -146.347  -66.271   73.986   42.122   88.816   -1.158    0.280757   -1.399821   -0.529062   -0.759649   -1.498036   -1.641154   -1.865159   -0.719711   -1.214911   22.842   10.664  -14.804 S_000009
   6 P  -165.001  161.303 -173.575  133.891 -106.070  178.271  117.532  -28.074  146.438 -179.088    0.378253   -0.295046   -1.451292   -0.812423   -1.111908   -1.949506   -1.943126   -0.708633   -1.198702   28.630   13.807  -16.586 S_000009
   7 H   -68.240  174.287   54.928   76.554    0.000    0.000   79.477   42.823   90.205  -19.784    0.289059   -1.415091   -0.476634   -0.742489   -1.529620   -1.591911   -1.831115   -0.699316   -1.232265   29.027   17.572  -21.660 S_000009
SCORE:     2.415                  2.415          0          0          0    S_000010
   1 H     0.000  170.252   55.279  131.423  -46.459 -132.759  120.131  -20.861  149.493 -175.188    0.411169   -0.479976   -1.379335   -0.833138   -1.205921   -1.859265   -1.942644   -0.641400   -1.223291    3.794    0.984    0.238 S_000010
   2 P  -147.435  127.997  166.630   86.010 -149.849  -52.650   54.071   32.987   94.972  179.900    0.337657   -1.321837   -0.696632   -0.821902   -1.464736   -1.697730   -1.911618   -0.702420   -1.208143    8.685    2.372   -4.116 S_000010
   3 N  -178.810  153.055  135.770  106.704 -138.327 -112.358  127.377   22.478   87.323  -11.418    0.409131   -0.973460   -1.098711   -0.809248   -1.028300   -2.013690   -1.923910   -0.665663   -1.225656   12.984    5.920   -7.856 S_000010
   4 N   -89.818 -167.844   59.639  153.827 -136.181  139.150  132.646  -37.935  153.424  148.810    0.316975    0.019676   -1.487882   -0.777948   -0.895329   -2.038770   -1.920246   -0.652799   -1.237878   16.124    8.888  -13.419 S_000010
   5 P  -166.643  174.429   51.009   94.950   50.074  146.761  125.488   22.751  101.125   56.346    0.414021   -1.135603   -0.926472   -0.821686   -1.305862   -1.810625   -1.936201   -0.726949   -1.176513   19.086   13.554  -17.048 S_000010
   6 P   -66.547  174.793   52.090   80.331 -178.576  -66.944   87.446   36.302   96.128  -73.045    0.316283   -1.382911   -0.566529   -0.797357   -1.560730   -1.595491   -1.864356   -0.711206   -1.211385   22.868   13.666  -22.528 S_000010
   7 H   -56.441  171.606   50.661   81.398    0.000    0.000   72.000   36.688   95.355 -118.069    0.301982   -1.393550   -0.539231   -0.813351   -1.575564   -1.568694   -1.885894   -0.735363   -1.189732   25.620   15.636  -26.994 S_000010
