SEQUENCE: gaaaaaaaaaaaaaaaaaag
SCORE:     score    rna_stub_coord_hack       N_WC      N_NWC       N_BS description
REMARK RNA 
SCORE:     0.002                  0.002          0          0          2    S_000001
   1 H     0.000  170.252   55.279   82.024 -160.702  -64.823   73.646   39.452   91.178   75.198    0.309301   -1.383771   -0.558541   -0.766213   -1.509407   -1.637557   -1.858007   -0.696157   -1.230248    3.794    0.984    0.238 S_000001
   2 P   -64.331 -150.558   52.904  144.809 -107.638   90.082  110.199  -35.053  156.204  -57.929    0.334841   -0.231548   -1.470350   -0.798394   -1.168418   -1.884278   -1.937333   -0.730749   -1.183987    8.849   -1.388   -2.891 S_000001
   3 N   -40.857  175.808   40.153   82.998 -167.988  -62.395   92.395   36.129   96.113  -73.645    0.367150   -1.336970   -0.623706   -0.738418   -1.432173   -1.632032   -1.889665   -0.681448   -1.237451   11.524    1.727   -3.501 S_000001
   4 N   -93.483  -73.225  -64.108   72.003  109.882   59.697  -68.781   35.671   96.361   17.326    0.328689   -1.376708   -0.586543   -0.795681   -1.548410   -1.610147   -1.888974   -0.745361   -1.192105   12.663    7.743   -6.074 S_000001
   5 N   -70.415  159.679   68.122   87.829 -154.687  -76.572   82.920   29.865  103.268  174.161    0.346951   -1.296729   -0.714242   -0.837757   -1.482312   -1.665599   -1.896885   -0.674236   -1.215944   15.259   10.490   -9.901 S_000001
   6 P  -178.202  137.711  175.039   87.326 -100.817 -124.463   72.525   37.168   89.000 -168.297    0.333828   -1.301826   -0.705042   -0.771433   -1.348062   -1.762967   -1.894852   -0.676530   -1.222789   16.999   14.124  -15.596 S_000001
   7 P   179.099 -167.499  165.649  155.148 -107.586  148.241  103.768  -34.735  141.659   28.062    0.314041    0.107935   -1.489468   -0.823698   -0.701951   -2.120322   -1.901345   -0.710070   -1.203154   14.907   16.100  -22.229 S_000001
   8 P   -59.210  163.918   51.771   85.387 -163.074  -66.422   78.970   36.028   94.965 -159.463    0.323532   -1.349423   -0.627272   -0.794188   -1.479980   -1.658159   -1.885808   -0.704230   -1.212037   14.978   20.817  -25.168 S_000001
   9 P   -57.646 -146.257   57.461  143.472  -87.641  148.006  147.470  -36.073  161.191  121.537    0.352333   -0.200749   -1.470710   -0.763103   -1.148224   -1.890004   -1.921681   -0.697456   -1.207183   13.954   26.271  -28.232 S_000001
  10 P   -56.763 -178.814   37.600  144.348  -68.178  146.991  -53.367  -29.573  152.295   18.215    0.398263   -0.191723   -1.452376   -0.776915   -0.999073   -1.959398   -1.909015   -0.676578   -1.211178   16.114   31.402  -29.024 S_000001
  11 P   154.470  147.146   62.993   87.170 -121.914  -80.724   69.904   33.876   94.506  -24.090    0.344242   -1.300049   -0.709994   -0.792042   -1.412714   -1.719050   -1.891703   -0.691022   -1.213435   22.122   33.303  -28.710 S_000001
  12 P   178.374  129.701   52.361  143.985  -83.498  130.526   96.769  -33.752  155.368  -54.092    0.332207   -0.284888   -1.461262   -0.815500   -1.213238   -1.870668   -1.953210   -0.756321   -1.169935   22.638   39.109  -32.735 S_000001
  13 P    91.444 -171.973  -67.481  117.574  146.446  -70.939  127.224  -18.862  131.191  -80.249    0.443504   -0.169863   -1.456002   -0.807454   -0.733138   -2.128272   -1.899170   -0.677819   -1.226225   22.903   42.813  -37.447 S_000001
  14 P   -76.897  174.133   57.357   84.654 -140.600  -63.348   76.325   34.583   96.502  -13.756    0.323086   -1.359431   -0.597703   -0.812429   -1.550054   -1.610334   -1.893072   -0.740348   -1.193184   23.277   48.075  -37.377 S_000001
  15 P   119.624  126.046  -48.596  170.708 -106.374  144.076  122.441  -37.455  141.853 -160.232    0.295128    0.379543   -1.446114   -0.810313   -0.365356   -2.191512   -1.868354   -0.575278   -1.280694   19.800   52.420  -41.178 S_000001
  16 P  -104.244  143.906   58.914   92.671 -139.113 -163.073  109.382   33.641   97.988  172.886    0.342893   -1.296155   -0.710710   -0.801240   -1.411149   -1.720107   -1.885704   -0.639321   -1.241854   20.535   56.076  -44.929 S_000001
  17 P   128.583 -135.584  175.948   84.475 -126.990  -62.960   51.772   37.776   92.020  -21.581    0.320841   -1.349244   -0.634712   -0.778431   -1.443855   -1.696508   -1.885445   -0.693710   -1.222567   20.590   60.784  -49.817 S_000001
  18 P   -69.784  162.548   62.002   91.397 -145.690  -72.483   78.355   32.811   97.381  164.667    0.347280   -1.288130   -0.735306   -0.803723   -1.402344   -1.732983   -1.900358   -0.667297   -1.226122   17.700   63.427  -54.411 S_000001
  19 P   -50.480 -154.562   47.150  135.109  -85.077  -81.261   96.036  -30.025  149.974 -127.787    0.360418   -0.410177   -1.427420   -0.813508   -1.297809   -1.821330   -1.941434   -0.808124   -1.129744   11.871   65.515  -56.144 S_000001
  20 H   -81.549  166.120   76.462   84.364    0.000    0.000   78.115   32.979   94.945  -26.041    0.357352   -1.311766   -0.684452   -0.793071   -1.460201   -1.682305   -1.878214   -0.694421   -1.216869   10.708   71.488  -58.189 S_000001
SCORE:     0.003                  0.003          0          2          2    S_000002
   1 H     0.000  170.252   55.279   81.186 -161.871  -69.701   75.221   38.567   92.801 -150.111    0.312489   -1.384770   -0.548435   -0.775369   -1.530952   -1.612318   -1.865604   -0.712001   -1.217152    3.794    0.984    0.238 S_000002
   2 N   -73.877  155.896  178.503   93.909 -138.885  104.258   89.123   31.020  107.851   28.905    0.474091   -1.308259   -0.558636   -0.670100   -1.581052   -1.514351   -1.755298   -0.720511   -1.213264    8.796   -0.903   -1.981 S_000002
   3 N   -57.800  169.802   44.710   76.821 -138.666  -71.883   78.401   48.167   81.499  179.899    0.293869   -1.431352   -0.433693   -0.664788   -1.446800   -1.616961   -1.799734   -0.707094   -1.226678    7.642    3.968   -1.957 S_000002
   4 P   -54.674 -176.812   56.845  105.666 -157.888  177.384   98.760   17.911  103.275  171.367    0.386334   -1.108155   -0.964022   -0.851708   -1.378330   -1.793508   -1.940299   -0.737263   -1.175895    7.717   10.217   -1.253 S_000002
   5 P   150.289 -142.448  133.577   89.355 -103.188  179.977   97.284   30.157   96.865 -162.454    0.379903   -1.248324   -0.775638   -0.787042   -1.386477   -1.741667   -1.882380   -0.673185   -1.220651    8.449   16.969   -2.982 S_000002
   6 P   -61.348  151.815   63.090   79.410 -122.403  -88.243   68.605   35.430   94.558  179.918    0.367176   -1.329496   -0.658625   -0.747207   -1.450797   -1.685244   -1.827378   -0.668211   -1.237410   10.934   22.172   -4.959 S_000002
   7 P     0.000 -152.994   51.630 -220.124  260.010  176.036  106.635  -26.301  149.684   18.468    0.414289   -0.182498   -1.456633   -0.794019   -0.920794   -2.021590   -1.920453   -0.691033   -1.208312   15.204   26.670   -5.340 S_000002
   8 P   -83.383  171.974   60.128   86.492 -135.567  -50.388   86.354   37.697   91.215  -16.803    0.314245   -1.344227   -0.637544   -0.784807   -1.437518   -1.696674   -1.879535   -0.671012   -1.237740   15.604   31.511   -9.395 S_000002
   9 N   144.651 -175.697 -176.744  135.967 -111.050   87.498  103.938  -25.839  151.834   15.767    0.427612   -0.197223   -1.447165   -0.781915   -0.932163   -2.012577   -1.921703   -0.650311   -1.234248   16.912   30.459  -15.424 S_000002
  10 P   -64.241  167.327   55.046   84.024 -137.850  -64.312   74.856   37.579   86.481  -22.061    0.324298   -1.336083   -0.648319   -0.776109   -1.415661   -1.703609   -1.883757   -0.696366   -1.216049   14.588   32.836  -17.925 S_000002
  11 P   -65.166  168.398   51.322   85.319 -124.804  -94.056  102.767   34.093   95.039  -16.095    0.306229   -1.375251   -0.591115   -0.846057   -1.565527   -1.588615   -1.924465   -0.759523   -1.163672   12.306   36.261  -22.377 S_000002
  12 N    83.879  143.257   54.310   81.380 -155.397  -66.027   70.039   39.159   93.329  179.919    0.308987   -1.390005   -0.531239   -0.769297   -1.538271   -1.600562   -1.848813   -0.696405   -1.229374   12.889   34.600  -28.791 S_000002
  13 P   -57.792 -174.761   51.755   81.156 -144.718  -56.963   62.316   37.334   95.145  -17.561    0.320373   -1.383981   -0.547356   -0.783249   -1.555238   -1.593972   -1.862973   -0.712308   -1.218158   12.596   37.121  -34.369 S_000002
  14 P   -56.759  170.515   54.671  114.805 -155.382  159.290  123.691   -1.306  140.222  179.908    0.469807   -1.020056   -0.995642   -0.866204   -1.585957   -1.500034   -1.857832   -0.652045   -1.218328    9.815   41.244  -37.450 S_000002
  15 N   155.698 -147.514  169.931   83.393 -124.401  -88.271   60.605   36.805   93.611  -23.064    0.324225   -1.355591   -0.614213   -0.787839   -1.484943   -1.661573   -1.879896   -0.700877   -1.213843    7.896   46.423  -41.785 S_000002
  16 P   -56.319 -151.350   51.272  140.020 -100.337 -154.876  160.165  -35.102  161.015   16.344    0.335371   -0.379745   -1.442838   -0.794508   -1.350681   -1.755183   -1.937257   -0.765789   -1.169927    6.259   52.041  -45.227 S_000002
  17 P   -68.290  165.624   53.091  148.683 -120.580  175.250  113.124  -37.907  158.220 -145.963    0.336084   -0.197418   -1.472562   -0.755729   -1.177993   -1.869278   -1.909839   -0.730576   -1.194448    6.998   57.972  -48.106 S_000002
  18 N   -38.523  157.718   41.351   91.082 -138.266  -70.510  128.692   32.496   89.668  163.097    0.338311   -1.276530   -0.732138   -0.812783   -1.404120   -1.728859   -1.913458   -0.743158   -1.179361    6.538   63.326  -50.962 S_000002
  19 P   -59.635 -160.120   48.664  147.679  -98.057 -148.024  -46.170  -37.674  158.172 -162.643    0.328942   -0.194641   -1.477977   -0.765558   -1.170944   -1.888938   -1.920786   -0.746690   -1.186433    8.872   67.751  -55.125 S_000002
  20 H   -58.872 -179.733   49.555   84.534    0.000    0.000   90.092   34.395   96.433 -120.905    0.354405   -1.329392   -0.650469   -0.775168   -1.485679   -1.668510   -1.873738   -0.701331   -1.223173   11.654   71.212  -60.256 S_000002
SCORE:     0.004                  0.004          0          3          0    S_000003
   1 H     0.000  170.252   55.279   76.060 -165.348  -78.268   75.451   39.634   97.186  166.189    0.279807   -1.452085   -0.378161   -0.799746   -1.702342   -1.431318   -1.830848   -0.750792   -1.209675    3.794    0.984    0.238 S_000003
   2 P  -107.866   68.213 -177.478   92.507  178.851 -126.218   53.752   12.940  124.481  179.936    0.403280   -1.213331   -0.840573   -0.896300   -1.639774   -1.541638   -1.933684   -0.770846   -1.153039    7.796    1.347   -3.576 S_000003
   3 N   -50.936  170.693   59.456  140.138 -123.590 -165.720  102.147  -28.824  146.926   74.808    0.372909   -0.320183   -1.444597   -0.805892   -1.158175   -1.918373   -1.937237   -0.739376   -1.178972    6.439    6.223   -7.078 S_000003
   4 P   -49.997  178.205   28.294  106.721 -137.915  -67.053   77.955   12.848  106.965  176.053    0.411592   -1.020850   -1.057369   -0.849101   -1.333901   -1.850006   -1.938166   -0.726649   -1.187630    3.319   11.152   -9.984 S_000003
   5 P   -97.476  136.006   69.320   83.889   39.835  156.241   87.400   28.852  110.560 -104.625    0.361857   -1.302046   -0.693470   -0.827090   -1.509085   -1.616184   -1.840760   -0.611610   -1.256937    3.623   14.911  -14.660 S_000003
   6 P    22.576 -176.579   48.661   84.972 -150.929  -64.270   77.961   32.348  100.173  179.946    0.355592   -1.316000   -0.692777   -0.800193   -1.474702   -1.680878   -1.891094   -0.694808   -1.215935    6.710   17.906  -19.674 S_000003
   7 P   -22.026 -113.143  157.434  114.920  -67.612   93.094   67.455   -9.756  146.118   12.999    0.438286   -0.823746   -1.209146   -0.862381   -1.464653   -1.702089   -1.954929   -0.742878   -1.169919    9.603   22.895  -19.808 S_000003
   8 P    96.238 -163.845  160.772   96.997  -90.976  150.532  128.225    3.431  141.405    3.347    0.415546   -1.209078   -0.856694   -0.924130   -1.747826   -1.347543   -1.869134   -0.729192   -1.176064    8.269   27.527  -20.646 S_000003
   9 P   156.353 -133.222  164.035   85.022 -132.078  -70.133   56.405   35.699   92.955  -23.381    0.337490   -1.334670   -0.638481   -0.784103   -1.465449   -1.671942   -1.879859   -0.693833   -1.214504    5.020   32.839  -23.164 S_000003
  10 P   120.770 -138.599  -59.230   90.972 -150.396  -64.002   84.554   34.125   92.619  -25.001    0.338732   -1.284999   -0.749194   -0.802547   -1.362240   -1.768175   -1.914258   -0.689059   -1.214936    5.720   37.609  -26.230 S_000003
  11 P    74.942  118.269  168.180   82.391 -142.061 -104.240  149.208   38.204   96.020  -24.598    0.277928   -1.412544   -0.509062   -0.826909   -1.589840   -1.561552   -1.883316   -0.717633   -1.210033    1.892   42.265  -26.867 S_000003
  12 N   -68.964 -169.647   43.869   78.314 -148.977  -69.934  128.258   29.055  111.981  158.263    0.343564   -1.413952   -0.472926   -0.855659   -1.772762   -1.359256   -1.863914   -0.796998   -1.162322    1.260   44.372  -33.305 S_000003
  13 P   -60.812 -146.102   71.756  156.668  -78.282 -169.333  154.499  -36.879  159.613   62.580    0.318603   -0.121311   -1.484608   -0.802024   -1.070048   -1.952590   -1.947726   -0.665159   -1.220540    4.853   46.931  -38.150 S_000003
  14 N   -64.782  160.082   53.845   85.774 -123.682 -164.533  124.617   35.782   98.770  -15.962    0.336617   -1.352471   -0.602064   -0.782014   -1.513191   -1.633209   -1.862629   -0.683820   -1.232069    8.053   49.232  -43.226 S_000003
  15 P  -108.612   82.361  164.622   80.710 -149.634  -77.891   66.544   45.928   79.058 -144.411    0.271092   -1.401766   -0.525612   -0.716757   -1.413861   -1.684661   -1.860211   -0.722050   -1.213026    5.114   52.100  -46.740 S_000003
  16 N   163.815 -164.479  163.460   86.090 -126.178  -77.063   69.324   37.584   88.006  -19.591    0.327025   -1.324864   -0.670087   -0.774636   -1.394663   -1.733976   -1.894762   -0.701587   -1.211359    1.186   57.520  -46.825 S_000003
  17 P   153.134 -176.131 -168.283   83.492 -118.890  -66.177   67.461   38.394   89.625  -18.496    0.319998   -1.353212   -0.614840   -0.763246   -1.461117   -1.684625   -1.868510   -0.708740   -1.214862   -1.431   61.765  -51.321 S_000003
  18 P   -54.117  145.582   64.052   83.474  114.409  -73.531   51.222   20.716  121.987  -83.804    0.379059   -1.250340   -0.799490   -0.891165   -1.534780   -1.608868   -1.894034   -0.642547   -1.223093   -3.157   63.024  -56.543 S_000003
  19 P  -117.159  151.188   56.147   89.173 -138.629 -138.448  -54.265   25.374  118.923   -9.683    0.361797   -1.327248   -0.679746   -0.875146   -1.607003   -1.544372   -1.876244   -0.670630   -1.216470   -1.970   66.336  -59.972 S_000003
  20 H   -65.695  173.714   52.972   77.670    0.000    0.000   66.034   43.724   87.556  -16.369    0.267524   -1.422332   -0.479350   -0.757735   -1.515671   -1.609083   -1.867430   -0.726150   -1.209159    3.885   68.261  -62.584 S_000003
SCORE:     0.001                  0.001          0          0          4    S_000004
   1 H     0.000  170.252   55.279   84.419 -114.181 -149.175   83.385   32.140   99.401  -95.399    0.355088   -1.316747   -0.685165   -0.802189   -1.477891   -1.664175   -1.877875   -0.687420   -1.219163    3.794    0.984    0.238 S_000004
   2 P   -65.081 -168.427   54.312   81.384 -148.591  -63.192   79.532   36.911   96.943  -17.631    0.309231   -1.403158   -0.515955   -0.802174   -1.603107   -1.548702   -1.862719   -0.730726   -1.204259    6.812    1.712   -5.870 S_000004
   3 N   -65.167  142.018   53.132  151.811  -82.505  136.240  134.280  -38.784  160.864  -95.090    0.307312   -0.168895   -1.485394   -0.780615   -1.159778   -1.887649   -1.935954   -0.735561   -1.192714    6.701    0.351  -11.174 S_000004
   4 P   -26.073 -133.487  175.348  148.183 -105.196  172.498   87.609  -34.450  152.955  142.439    0.341256   -0.150125   -1.469813   -0.796322   -1.054308   -1.959486   -1.938921   -0.693496   -1.204238   10.469    0.448  -14.085 S_000004
   5 N    50.094 -142.716 -179.843   81.253 -136.400  -73.611   72.642   36.603   92.669  -18.627    0.341041   -1.350395   -0.617399   -0.766349   -1.474583   -1.655150   -1.865681   -0.694577   -1.216821   15.323    3.437  -15.988 S_000004
   6 P  -100.812  151.523   50.649   90.626 -158.155 -143.704  102.750   30.378   96.904   26.377    0.354334   -1.280429   -0.768735   -0.818259   -1.407454   -1.719481   -1.919097   -0.715270   -1.181877   17.143    9.272  -17.727 S_000004
   7 P   -60.692  137.305   60.423   82.142  174.548 -127.899   66.398   30.869  119.096   64.253    0.303071   -1.400949   -0.528367   -0.886923   -1.662484   -1.444081   -1.855101   -0.683786   -1.208925   16.505   15.116  -18.479 S_000004
   8 P   -83.726 -167.855   51.952  106.740 -166.399  -75.847   87.423    0.492  138.259 -164.698    0.395810   -1.058275   -1.021196   -0.900498   -1.612800   -1.573655   -1.945201   -0.743442   -1.184613   16.774   21.818  -18.891 S_000004
   9 P   178.363  159.803  161.213   89.497 -120.228  -82.484   60.039   35.920   90.861  -15.525    0.335843   -1.293218   -0.723787   -0.781309   -1.358486   -1.768889   -1.909203   -0.706088   -1.208672   15.885   26.861  -23.419 S_000004
  10 N   -56.971  153.570   56.017   90.278 -176.240 -115.163   79.715   39.462   95.358 -126.721    0.314034   -1.294961   -0.734265   -0.728566   -1.323899   -1.826231   -1.853260   -0.638490   -1.263668   15.058   29.650  -28.782 S_000004
  11 P    76.353 -172.829   53.723   84.131 -141.015  -62.855   62.213   38.128   91.859 -168.404    0.323387   -1.346171   -0.628539   -0.769546   -1.438634   -1.695385   -1.872326   -0.671179   -1.239258   15.082   30.216  -34.882 S_000004
  12 P   163.850  141.944   53.340  149.322 -136.992  169.639  100.626  -38.298  156.829  -94.857    0.307222   -0.158476   -1.484788   -0.790412   -1.140342   -1.903596   -1.933724   -0.753839   -1.176530   18.421   36.087  -33.411 S_000004
  13 P   -87.613 -177.455   77.255   77.811 -143.133  -59.204   68.301   32.540  109.852  100.417    0.337733   -1.396162   -0.506768   -0.821191   -1.668994   -1.460461   -1.849372   -0.732866   -1.204355   18.179   42.340  -35.128 S_000004
  14 N   156.962  178.579 -167.811   86.349 -135.605  -64.893   63.481   36.418   95.976  -16.102    0.331241   -1.345785   -0.616987   -0.767103   -1.488494   -1.651697   -1.841209   -0.691712   -1.226263   15.866   45.966  -40.097 S_000004
  15 P   -57.076  159.557   74.072  122.522 -124.914  176.015  109.465  -27.926  161.760  179.896    0.363848   -0.671595   -1.324732   -0.846074   -1.563840   -1.540839   -1.910259   -0.713848   -1.195912   14.474   47.769  -45.484 S_000004
  16 P   -73.688  154.833   59.185  146.485 -111.162  175.140  119.829  -32.346  150.459   20.864    0.348829   -0.220202   -1.465450   -0.808985   -1.098138   -1.929436   -1.939839   -0.717382   -1.183677   15.619   51.281  -50.316 S_000004
  17 P   -68.165  174.373   58.700   86.956 -136.013 -135.624   77.880   33.767   98.499 -116.102    0.332546   -1.330151   -0.670160   -0.812499   -1.477317   -1.676250   -1.901888   -0.696394   -1.214892   19.305   55.145  -53.615 S_000004
  18 P   159.206 -143.526  165.585   86.440 -102.836  -96.790   73.696   38.503   85.932  -17.299    0.319648   -1.323090   -0.681179   -0.768786   -1.364715   -1.753998   -1.897515   -0.700136   -1.214736   20.233   62.007  -55.152 S_000004
  19 N   -52.708  168.958   47.953   83.938 -151.452  -67.606   78.841   40.169   90.227  179.882    0.308900   -1.370525   -0.578658   -0.756303   -1.467046   -1.670766   -1.854864   -0.675175   -1.241251   18.430   67.852  -57.417 S_000004
  20 H   -63.978  153.086   70.788   72.959    0.000    0.000   65.715   44.755   90.640  -24.482    0.255806   -1.462929   -0.345310   -0.754615   -1.645734   -1.478096   -1.824837   -0.754808   -1.200783   13.829   70.801  -59.099 S_000004
SCORE:     0.001                  0.001          0          1          4    S_000005
   1 H     0.000  170.252   55.279   73.406 -178.640  -81.607   78.637   47.962   89.911  -71.311    0.212094   -1.469919   -0.322756   -0.746920   -1.609865   -1.493277   -1.797815   -0.688935   -1.244206    3.794    0.984    0.238 S_000005
   2 N   -86.101 -146.947   84.410  116.615 -111.045  -81.958  148.186   17.356  139.218   41.927    0.618211   -1.207173   -0.607644   -0.569733   -1.715988   -1.356945   -1.603560   -0.732375   -1.252748    9.093    0.456   -3.709 S_000005
   3 P   165.579   89.526 -171.325   84.050 -147.163  -69.785   67.304   36.208   94.540 -135.348    0.361118   -1.328650   -0.645734   -0.740027   -1.457116   -1.689364   -1.854223   -0.685873   -1.236119    9.599    0.948  -10.602 S_000005
   4 P   -52.902 -179.430   55.756  131.991 -105.786  168.543  117.329  -23.333  147.020  164.868    0.436199   -0.310214   -1.426061   -0.789518   -1.035502   -1.975489   -1.915962   -0.738496   -1.194202    8.528    3.658  -16.010 S_000005
   5 N   -55.512  176.761   57.395   82.803 -152.714  -73.426   85.339   36.300   97.522    3.111    0.328988   -1.360838   -0.603727   -0.786012   -1.508855   -1.640683   -1.869356   -0.690527   -1.225462    9.742    7.625  -20.503 S_000005
   6 P   -61.230  169.273   48.161   85.220 -132.897  -93.019   83.256   36.167   92.719 -163.947    0.323940   -1.330687   -0.670608   -0.791810   -1.440298   -1.717266   -1.892519   -0.693002   -1.227518   10.283   13.076  -23.062 S_000005
   7 N   -26.065 -130.630  172.007  146.335 -141.275 -135.325   80.380  -33.279  151.090  147.354    0.335607   -0.153277   -1.484134   -0.814503   -1.030406   -1.984215   -1.942102   -0.701556   -1.201120    8.424   19.066  -24.408 S_000005
   8 P   -78.266 -174.058   52.490   80.510 -136.195 -109.379   87.994   39.970   90.492 -147.682    0.294461   -1.403909   -0.514621   -0.776760   -1.554770   -1.596926   -1.867675   -0.730390   -1.208553    7.561   24.282  -28.856 S_000005
   9 P   -85.428  164.266   65.434   79.373 -145.635  -75.192   74.257   46.959   80.911  -24.658    0.279491   -1.409238   -0.504543   -0.691825   -1.412700   -1.674825   -1.844670   -0.720056   -1.221399    5.504   25.920  -35.012 S_000005
  10 P   -55.990 -149.870  178.464   92.721 -150.508  -92.989  108.751   30.458  108.250  -11.244    0.349569   -1.311333   -0.685588   -0.835411   -1.489369   -1.635126   -1.899097   -0.672145   -1.203868    6.387   25.473  -41.492 S_000005
  11 P   -61.864  168.385   58.325   83.854 -154.815  -94.162   82.525   37.197   95.852 -175.926    0.303655   -1.395818   -0.519820   -0.803462   -1.582061   -1.554381   -1.864894   -0.726094   -1.203389    7.872   29.323  -46.243 S_000005
  12 N   -66.085  173.227   55.840   82.100 -140.688  -68.077   74.820   38.886   92.189 -174.516    0.324506   -1.364427   -0.586293   -0.755625   -1.477179   -1.659867   -1.851878   -0.675986   -1.241338    7.999   33.475  -51.072 S_000005
  13 P   169.325  161.392 -175.284   84.523 -100.212  -81.202  118.511   24.115  115.587   25.203    0.383502   -1.317741   -0.672381   -0.839717   -1.641509   -1.517435   -1.868279   -0.734405   -1.194353    3.908   38.636  -53.045 S_000005
  14 P   -64.331 -150.558   52.904  144.809 -107.638   90.082  110.199  -35.053  156.204  -57.929    0.334841   -0.231548   -1.470350   -0.798394   -1.168418   -1.884278   -1.937333   -0.730749   -1.183987    0.941   44.524  -51.530 S_000005
  15 P   -89.417  149.706   68.462   88.365 -115.566  -71.185  102.845   33.484   94.793 -173.659    0.350467   -1.307295   -0.680464   -0.788753   -1.448338   -1.681739   -1.887145   -0.704591   -1.204785    1.283   47.014  -54.629 S_000005
  16 P    85.441 -148.073 -116.737   74.112  131.133   51.509   86.969   38.050   82.112  -13.919    0.253717   -1.385368   -0.669425   -0.894193   -1.393894   -1.724083   -1.956523   -0.641422   -1.244285   -0.802   51.904  -56.198 S_000005
  17 P   158.515 -168.689  175.032   87.481 -141.368  -57.572   68.996   36.853   89.568  -47.452    0.330227   -1.321880   -0.669347   -0.773457   -1.410689   -1.720635   -1.883577   -0.692040   -1.217422   -3.165   58.079  -56.082 S_000005
  18 N   -73.632  166.862   41.417   90.383 -120.510  -69.122   61.909   32.697   93.989  -16.273    0.363648   -1.240571   -0.816599   -0.791027   -1.291662   -1.820849   -1.911818   -0.661941   -1.230420   -4.813   63.824  -55.546 S_000005
  19 P   157.134  151.868   55.099  148.305  -93.795   73.313  106.409  -35.760  151.455 -106.803    0.334476   -0.106691   -1.485324   -0.786454   -1.020448   -1.980656   -1.921943   -0.714690   -1.197799   -3.118   67.117  -61.325 S_000005
  20 H   -55.366  154.032   62.127   80.283    0.000    0.000   76.083   40.893   91.702  179.944    0.291455   -1.413722   -0.486961   -0.766001   -1.570276   -1.579874   -1.845382   -0.713477   -1.230109   -3.293   65.308  -64.094 S_000005
SCORE:     0.012                  0.012          0          2          5    S_000006
   1 H     0.000  170.252   55.279   86.987 -135.828  -83.917   65.844   35.051   94.635  -27.273    0.339149   -1.329141   -0.658096   -0.791083   -1.456370   -1.682819   -1.895283   -0.702079   -1.209954    3.794    0.984    0.238 S_000006
   2 N    52.222 -163.463  -62.266  161.803  -90.473  -71.219   91.750  -39.101  147.555 -127.024    0.302930    0.186055   -1.482970   -0.781893   -0.689840   -2.116143   -1.876887   -0.691304   -1.222836    7.569   -2.616   -2.557 S_000006
   3 N   -78.386 -160.181   52.319   83.536 -154.397  -70.232   81.298   34.913   95.609  179.903    0.334271   -1.338450   -0.644530   -0.790987   -1.487953   -1.665150   -1.875206   -0.707192   -1.212484    9.680   -3.593   -8.707 S_000006
   4 P   -72.827  -95.844  178.295   84.306   27.900  101.332   51.599   26.429  113.670   67.671    0.253263   -1.280026   -0.829205   -0.997228   -1.520857   -1.785831   -1.991296   -0.635561   -1.253693   13.284    0.198  -12.817 S_000006
   5 P   -40.979  157.184   49.363   85.332 -134.190  -79.809  104.799   34.241   97.083  178.136    0.342164   -1.335468   -0.653565   -0.797836   -1.482981   -1.665745   -1.894261   -0.713613   -1.205253   15.401    3.420  -16.755 S_000006
   6 P   -62.213  153.687   54.043   84.361  125.052  -65.838  108.890   36.280   85.741  163.314    0.285636   -1.295160   -0.736409   -0.865443   -1.297329   -1.774047   -1.957023   -0.642063   -1.203586   15.485    9.160  -18.633 S_000006
   7 N   -54.905 -179.787   52.984  131.374 -128.896  154.073  112.781  -21.146  143.722   17.580    0.415467   -0.432599   -1.404669   -0.834394   -1.156775   -1.922437   -1.939965   -0.702808   -1.188959   17.179   11.753  -22.021 S_000006
   8 N   -50.626 -177.025   16.720  111.086 -145.187  -75.364   87.989   11.939  105.104 -146.490    0.419601   -0.906258   -1.152637   -0.849638   -1.153614   -1.958711   -1.949263   -0.667046   -1.217168   22.089   14.629  -23.667 S_000006
   9 N   -58.066  165.395   49.073   78.014 -144.269  -73.541   74.290   43.690   82.252  170.714    0.257146   -1.434255   -0.425080   -0.772382   -1.568242   -1.551464   -1.854347   -0.718385   -1.225801   25.164   18.162  -27.498 S_000006
  10 P   152.638  133.371 -164.851   80.834 -154.970  -66.931  123.690   31.389  105.683  163.785    0.343562   -1.372884   -0.556790   -0.824956   -1.642144   -1.505629   -1.862930   -0.737757   -1.198496   23.393   23.091  -32.207 S_000006
  11 P   -56.602  169.819   59.880  148.016 -135.011  178.478  120.148  -32.889  143.708  -19.080    0.344597   -0.101549   -1.481717   -0.800183   -0.950280   -2.028627   -1.919452   -0.736545   -1.187799   21.521   27.597  -35.516 S_000006
  12 P  -147.435  127.997  166.630   86.010 -149.849  -52.650   54.071   32.987   94.972  179.900    0.337657   -1.321837   -0.696632   -0.821902   -1.464736   -1.697730   -1.911618   -0.702420   -1.208143   21.669   32.565  -39.633 S_000006
  13 N   -84.263 -166.406   49.960   86.886 -170.170  -64.250   68.444   35.150   92.055  -72.550    0.337560   -1.337429   -0.636850   -0.788906   -1.485206   -1.663358   -1.888532   -0.724273   -1.194978   23.968   37.593  -42.812 S_000006
  14 P  -161.363 -120.131   35.688  125.972   75.159  -75.901  -80.808  -30.212  153.417 -117.559    0.354631   -0.326073   -1.454036   -0.826970   -1.190484   -1.878257   -1.957906   -0.723173   -1.176637   20.428   42.748  -45.142 S_000006
  15 N   -66.306 -177.289   45.423   85.030 -148.727  -62.795   79.657   38.653   89.975  -29.774    0.304319   -1.381694   -0.566204   -0.778945   -1.523948   -1.634612   -1.890368   -0.774570   -1.172409   18.291   46.373  -46.007 S_000006
  16 P     0.000 -152.994   51.630 -220.124  260.010  176.036  106.635  -26.301  149.684   18.468    0.414289   -0.182498   -1.456633   -0.794019   -0.920794   -2.021590   -1.920453   -0.691033   -1.208312   17.135   48.331  -51.180 S_000006
  17 N  -175.874  161.212   54.636   87.205   47.116  170.648  100.204   28.645  102.230   42.150    0.383630   -1.217538   -0.820527   -0.808416   -1.345399   -1.772667   -1.902996   -0.635288   -1.238545   19.434   54.634  -52.602 S_000006
  18 N  -173.868 -178.616  179.685   86.902 -146.045  -72.431   81.778   39.756   88.577  -12.629    0.302540   -1.355778   -0.621490   -0.770300   -1.422934   -1.707921   -1.886028   -0.702878   -1.216575   17.583   60.963  -54.671 S_000006
  19 P   -67.504  172.757   62.089   75.146 -164.961  -67.510   65.431   38.145  103.921  179.913    0.289977   -1.463237   -0.329419   -0.810320   -1.764396   -1.345906   -1.807084   -0.760320   -1.200641   17.387   67.072  -55.803 S_000006
  20 H   -50.884  147.252   47.447   79.519    0.000    0.000   77.025   37.881   92.359  -17.960    0.320660   -1.388139   -0.509462   -0.776717   -1.580502   -1.564315   -1.863562   -0.745232   -1.195305   16.856   72.154  -54.421 S_000006
SCORE:     0.009                  0.009          0          1          5    S_000007
   1 H     0.000  170.252   55.279   84.247 -131.528  -77.184   63.058   39.852   85.105  150.239    0.301242   -1.362195   -0.609672   -0.770954   -1.439111   -1.698415   -1.891993   -0.729206   -1.204874    3.794    0.984    0.238 S_000007
   2 N   -40.923 -151.396  162.690   84.566  -85.391  -57.081   87.022   31.016  111.238  -18.703    0.325111   -1.385349   -0.568189   -0.862977   -1.635191   -1.506092   -1.842728   -0.655998   -1.243749    7.884   -1.959   -3.839 S_000007
   3 P     0.000 -178.212  177.263 -273.808  237.786  -67.617   84.437   36.737   94.200  -25.987    0.316093   -1.359217   -0.613876   -0.796157   -1.490497   -1.657526   -1.885735   -0.696867   -1.219758   11.601    1.813   -3.088 S_000007
   4 N  -171.625  176.925  158.044  144.184 -104.448  125.300   80.643  -31.826  152.153  147.036    0.340134   -0.217569   -1.475525   -0.826879   -1.082745   -1.944084   -1.953279   -0.688293   -1.198132   13.520    2.456   -9.573 S_000007
   5 P   -58.873  172.311   50.589   82.173 -147.047  -53.048   82.577   38.852   90.887  -27.614    0.320001   -1.370271   -0.569162   -0.758812   -1.500152   -1.640574   -1.864313   -0.708960   -1.221986   13.987    6.906  -11.852 S_000007
   6 P   -36.918 -153.877   53.859  147.355 -138.787 -139.139  153.593  -34.813  154.010  100.837    0.332148   -0.170995   -1.476134   -0.798376   -1.082609   -1.936969   -1.934460   -0.703444   -1.197882   13.828   11.156  -16.066 S_000007
   7 P    53.639  135.444   35.209  110.985  179.136  160.468   85.176  -11.041  145.427  179.930    0.438625   -0.895792   -1.160863   -0.869790   -1.570352   -1.567488   -1.932309   -0.771260   -1.132050   11.116   15.026  -20.882 S_000007
   8 P   -60.254  163.628   47.086   82.525 -128.225  -75.787  115.506   33.280   98.606  -28.009    0.314092   -1.387474   -0.535912   -0.843329   -1.627245   -1.508855   -1.907258   -0.778805   -1.160190   15.155   18.845  -23.710 S_000007
   9 P   -62.650  168.286   59.215   86.634 -174.187  -76.231   93.456   33.290   98.890  164.552    0.307403   -1.339352   -0.666994   -0.836463   -1.512993   -1.663933   -1.914600   -0.725711   -1.188220   15.926   23.858  -27.380 S_000007
  10 P   -22.582 -160.705   50.536   81.405 -173.921  -55.662 -111.873   29.831  112.495  -80.910    0.333359   -1.418762   -0.447745   -0.855544   -1.776286   -1.338224   -1.845396   -0.778140   -1.177381   14.774   27.557  -31.636 S_000007
  11 N    96.333  178.158  153.212   81.388   77.881  -47.266   69.632   29.221  105.063  -71.323    0.373171   -1.254119   -0.780878   -0.823327   -1.394379   -1.733050   -1.916949   -0.678634   -1.204975   13.899   32.768  -34.127 S_000007
  12 P   -74.674 -156.599   57.995   88.273 -149.683  -62.713   62.240   33.191   95.934   -9.912    0.343962   -1.319717   -0.670915   -0.807269   -1.475795   -1.671594   -1.902144   -0.705349   -1.207561   15.764   36.275  -34.980 S_000007
  13 P   -84.720  175.729   57.208   80.472 -138.789  -62.694   70.800   39.979   91.906  179.891    0.298185   -1.374087   -0.589295   -0.767254   -1.474731   -1.678844   -1.847960   -0.681246   -1.235534   16.527   41.355  -38.587 S_000007
  14 P     0.000 -178.214   55.208   84.031 -147.741  -48.296   73.386   35.696   93.631  -19.999    0.333179   -1.351763   -0.615483   -0.787820   -1.505609   -1.647093   -1.884551   -0.718312   -1.208929   12.556   42.991  -42.305 S_000007
  15 N   -70.972  178.280   47.702   80.082  177.908  171.849   92.320   36.765   93.372  -60.956    0.316769   -1.394073   -0.534043   -0.788189   -1.591413   -1.566392   -1.873246   -0.762144   -1.186436    9.407   47.231  -45.097 S_000007
  16 P   -50.966  157.762   46.702   81.664 -147.238  -69.528   82.142   39.664   89.929   75.205    0.329835   -1.364248   -0.568440   -0.735568   -1.481060   -1.653908   -1.847596   -0.704928   -1.228911   11.176   51.761  -48.862 S_000007
  17 P   -56.319 -151.350   51.272  140.020 -100.337 -154.876  160.165  -35.102  161.015   16.344    0.335371   -0.379745   -1.442838   -0.794508   -1.350681   -1.755183   -1.937257   -0.765789   -1.169927   10.731   57.365  -52.072 S_000007
  18 P   -63.988  178.027   59.083   77.843 -163.445  -28.631   86.194   38.639   92.225 -170.762    0.288228   -1.410550   -0.496731   -0.805355   -1.589016   -1.552947   -1.865865   -0.733736   -1.199255   12.081   63.451  -54.604 S_000007
  19 P   -65.117 -145.957  148.397   84.297 -110.906  -71.275   54.478   36.987   89.464  -24.481    0.334520   -1.317403   -0.679350   -0.771397   -1.390426   -1.733463   -1.891243   -0.699029   -1.211696   15.903   68.038  -54.040 S_000007
  20 H   150.482 -144.404  173.911   89.640    0.000    0.000   57.118   33.447   87.030  -14.311    0.355200   -1.264276   -0.770597   -0.787698   -1.340463   -1.783654   -1.898993   -0.705681   -1.204317   15.124   71.470  -59.012 S_000007
SCORE:     0.006                  0.006          0          1          4    S_000008
   1 H     0.000  170.252   55.279   79.910 -149.164  -79.393   74.503   39.847   95.704  -21.516    0.298152   -1.396077   -0.519755   -0.777675   -1.537175   -1.600705   -1.843284   -0.668266   -1.251979    3.794    0.984    0.238 S_000008
   2 N   -82.156 -178.131   65.687   87.777 -117.567  153.003   78.574   44.022   78.089  -93.605    0.269456   -1.355165   -0.632535   -0.738511   -1.326739   -1.762801   -1.897296   -0.724995   -1.217472    8.609   -1.347   -3.538 S_000008
   3 P   -90.417 -170.106   68.442   78.065 -133.765  -67.904   84.808   37.587   94.385  -24.510    0.340560   -1.388860   -0.506766   -0.753098   -1.576547   -1.546486   -1.838666   -0.746711   -1.195026    9.208    0.635   -9.346 S_000008
   4 P     0.000 -152.994   51.630 -220.124  260.010  176.036  106.635  -26.301  149.684   18.468    0.414289   -0.182498   -1.456633   -0.794019   -0.920794   -2.021590   -1.920453   -0.691033   -1.208312    8.199   -0.082  -15.061 S_000008
   5 P   -67.601  173.259   58.690  157.464 -135.211 -147.785  162.259  -40.470  165.113 -137.280    0.315507    0.031025   -1.496384   -0.749112   -0.932260   -1.997702   -1.908468   -0.713312   -1.224472    9.858    3.581  -19.877 S_000008
   6 P   -62.721 -173.367   37.813   82.363 -174.023  -60.548   82.666   32.870   95.630  -75.330    0.332475   -1.372230   -0.578554   -0.824355   -1.600567   -1.556819   -1.911352   -0.793627   -1.148762   11.826    7.454  -25.076 S_000008
   7 P   -82.214  174.348   49.963   86.808 -140.273  -71.736   59.197   42.582   80.153 -149.737    0.299919   -1.324921   -0.671264   -0.721255   -1.312018   -1.797333   -1.866651   -0.731446   -1.202584   13.376   12.330  -28.073 S_000008
   8 N     0.000 -178.213   55.130 -271.432  245.917  -49.714 -126.317   34.115   98.205  -24.673    0.330208   -1.319785   -0.696752   -0.805629   -1.451527   -1.713707   -1.902520   -0.708037   -1.208424   10.727   17.510  -27.717 S_000008
   9 N  -148.162  164.915  118.385  145.355 -109.323 -178.043  158.161  -25.949  134.973  153.436    0.357113   -0.162484   -1.477571   -0.854725   -0.883260   -2.080780   -1.943630   -0.688761   -1.201220   14.295   22.833  -28.618 S_000008
  10 P   -70.161 -127.588   48.987  148.658 -122.605  168.924 -174.892  -38.043  159.797   99.056    0.316111   -0.139779   -1.482987   -0.776700   -1.106221   -1.917126   -1.927503   -0.703429   -1.211688   16.377   28.909  -28.705 S_000008
  11 N   -81.286  130.809   45.522   82.520 -130.548  -80.108   41.627   38.753   91.120   86.968    0.303080   -1.391161   -0.516009   -0.785002   -1.547871   -1.575079   -1.879291   -0.746314   -1.174710   14.591   33.344  -31.488 S_000008
  12 N  -122.733  141.870  172.629   89.309 -106.078 -114.128   69.985   33.990   89.229  -18.810    0.370373   -1.303663   -0.694334   -0.761512   -1.438136   -1.715946   -1.918878   -0.803264   -1.149429   16.626   38.636  -34.920 S_000008
  13 P   -74.345 -173.670   56.360   83.832 -145.297  -56.529   77.864   38.145   92.638  110.228    0.332714   -1.340221   -0.624585   -0.753204   -1.444822   -1.695362   -1.860423   -0.674077   -1.244718   13.969   44.325  -37.958 S_000008
  14 P  -126.250  106.011  168.977   85.439 -139.330  -69.420   50.139   35.086   94.746  179.888    0.323314   -1.344139   -0.631905   -0.807581   -1.496027   -1.655632   -1.891815   -0.714598   -1.199423   11.576   45.984  -43.319 S_000008
  15 P   -51.574  168.362   54.024   89.767 -155.620  -52.344   76.427   34.093   93.683  -17.480    0.349538   -1.280770   -0.747936   -0.787594   -1.359440   -1.765972   -1.899655   -0.666777   -1.230797   10.062   49.845  -47.654 S_000008
  16 P   -29.328 -161.002   50.302   72.159 -162.475  -75.464  106.174   34.537  108.580  161.416    0.242098   -1.496942   -0.132705   -0.926296   -1.947219   -1.027584   -1.880216   -0.927115   -1.032110   10.136   50.299  -53.395 S_000008
  17 P   -68.897 -116.299   52.925  143.748  -79.468  175.190   97.899  -36.297  154.808  -91.527    0.319020   -0.194579   -1.477703   -0.800104   -1.145796   -1.902478   -1.939060   -0.739064   -1.180909    8.859   54.429  -58.460 S_000008
  18 P   -57.739  138.195   55.407   82.842 -138.241  -78.443   61.838   34.333  105.745 -165.470    0.345898   -1.366373   -0.570499   -0.786540   -1.562086   -1.563201   -1.794366   -0.607798   -1.275975    8.280   59.576  -61.271 S_000008
  19 P   -56.425  172.487   46.059   86.363 -154.529  -60.549   93.201   36.319   90.994  179.914    0.324111   -1.322601   -0.657493   -0.791014   -1.425474   -1.700701   -1.893851   -0.685644   -1.216948    7.438   65.725  -61.982 S_000008
  20 H   -65.282  167.930   58.950   84.315    0.000    0.000   69.259   37.485   95.306  179.935    0.324435   -1.360301   -0.599965   -0.772310   -1.483943   -1.648482   -1.849940   -0.651006   -1.254183    6.288   70.501  -58.767 S_000008
SCORE:     0.006                  0.006          0          3          4    S_000009
   1 H     0.000  170.252   55.279   86.726 -166.030 -132.680   97.018   36.260   94.823  -16.069    0.324880   -1.352366   -0.622688   -0.790709   -1.487752   -1.661105   -1.884673   -0.704193   -1.215721    3.794    0.984    0.238 S_000009
   2 N   -11.279 -164.847   57.922   88.067 -113.774  -91.414   91.031   33.164  105.276   -9.064    0.325481   -1.376055   -0.564151   -0.829711   -1.599160   -1.539674   -1.853167   -0.678057   -1.231848    8.392    2.177   -3.848 S_000009
   3 N   -44.792  159.118 -174.604   88.660 -127.150  -84.030   41.691   37.228   87.616  143.772    0.332183   -1.300809   -0.711467   -0.771951   -1.342869   -1.770776   -1.903627   -0.697070   -1.212573    7.561    4.178   -9.704 S_000009
   4 N   -39.707  163.000   46.054  151.335  167.984  -96.417 -177.503  -43.191  146.275  142.331    0.271722    0.056936   -1.512867   -0.759098   -0.960268   -2.061957   -1.883136   -0.975512   -1.095978   12.197    5.832  -13.327 S_000009
   5 P   -73.688  154.833   59.185  146.485 -111.162  175.140  119.829  -32.346  150.459   20.864    0.348829   -0.220202   -1.465450   -0.808985   -1.098138   -1.929436   -1.939839   -0.717382   -1.183677   12.146   10.331  -16.704 S_000009
   6 P   -76.598  178.286   56.553   84.684 -140.442  -70.399   74.791   39.208   94.140  179.935    0.306287   -1.367643   -0.593163   -0.773367   -1.470753   -1.672062   -1.846237   -0.635321   -1.262110    8.873   14.110  -20.627 S_000009
   7 P   -67.189  168.647   54.549   84.408 -148.030  -52.086   96.604   33.655   95.218  -26.782    0.345319   -1.327216   -0.664880   -0.799516   -1.477050   -1.668751   -1.883369   -0.691434   -1.216049    8.193   19.500  -23.537 S_000009
   8 N     0.000 -168.480   51.023 -274.771  204.088  -73.180   70.844   36.272   96.950  179.957    0.324730   -1.360348   -0.596989   -0.791081   -1.510590   -1.631140   -1.868910   -0.686979   -1.226998    9.736   24.354  -21.509 S_000009
   9 P   -67.226  165.233   40.472   82.139 -139.781  -65.472   63.391   32.945   96.408 -140.885    0.348358   -1.356064   -0.605445   -0.802291   -1.565766   -1.590196   -1.894600   -0.771130   -1.166501    9.479   30.340  -21.197 S_000009
  10 P   172.339  126.791   60.504  112.721  -22.741  119.545   77.518   -8.846  148.288  154.093    0.416472   -0.832506   -1.208958   -0.890295   -1.447479   -1.700606   -1.951887   -0.663680   -1.215400   13.079   34.716  -25.274 S_000009
  11 N   163.792 -167.826  -59.657   80.617  166.910 -129.938   94.452   29.755  108.800  179.910    0.304620   -1.390965   -0.572475   -0.910687   -1.656308   -1.491022   -1.944240   -0.762619   -1.148834   17.635   36.892  -28.582 S_000009
  12 P   139.181 -136.431  171.720   84.853 -110.627  -81.965   64.909   34.940   94.393  -23.006    0.336137   -1.334359   -0.659025   -0.794489   -1.468635   -1.683215   -1.893128   -0.704560   -1.210936   17.991   42.725  -26.582 S_000009
  13 N   -60.417  169.006   52.934   84.310 -128.742  -54.067   79.599   35.702   93.844  179.900    0.332150   -1.343533   -0.632814   -0.788298   -1.479280   -1.662680   -1.879681   -0.703024   -1.216308   19.701   48.721  -27.940 S_000009
  14 N   -84.709   65.644 -179.077   86.353 -146.448  -58.243   75.054   38.573   87.511  -21.013    0.371123   -1.304304   -0.730032   -0.717847   -1.287288   -1.798051   -1.901587   -0.677127   -1.229343   18.450   52.508  -30.976 S_000009
  15 P   -61.450 -179.409   52.626   85.206 -146.936  -68.323   79.870   37.763   92.755 -175.892    0.317976   -1.349689   -0.623009   -0.781560   -1.452426   -1.683762   -1.886070   -0.689468   -1.221478   21.760   55.912  -34.755 S_000009
  16 N   -70.336  172.807   56.936  119.245 -155.070   97.163  157.312  -14.231  146.767  179.905    0.452069   -0.727442   -1.265203   -0.837978   -1.405420   -1.708642   -1.921003   -0.676906   -1.197786   21.778   59.465  -39.815 S_000009
  17 P  -148.728 -116.881   58.068   87.438 -167.775  -65.385   57.677   32.893   98.886  179.951    0.338302   -1.322866   -0.678002   -0.816518   -1.476509   -1.670116   -1.896935   -0.683211   -1.220557   21.582   66.085  -41.278 S_000009
  18 P   -63.682  173.323   57.094   81.698 -142.726  -58.641   72.649   40.360   92.521  -23.260    0.294781   -1.397687   -0.505482   -0.767370   -1.544290   -1.589110   -1.847865   -0.713815   -1.215841   21.801   69.310  -46.155 S_000009
  19 P   -69.004 -137.010   48.533  151.329  -98.541  -82.342  172.178  -35.017  157.028   41.556    0.332146   -0.105610   -1.488308   -0.791952   -0.996466   -1.983395   -1.940063   -0.649540   -1.239668   21.681   69.398  -52.755 S_000009
  20 H   -68.935  172.983   62.252   77.465    0.000    0.000   64.207   41.329   94.468  179.895    0.286046   -1.437793   -0.399432   -0.767944   -1.646366   -1.486720   -1.808597   -0.710488   -1.231863   16.191   70.169  -56.129 S_000009
SCORE:     0.005                  0.005          0          2          6    S_000010
   1 H     0.000  170.252   55.279   77.242 -155.167  -68.287   83.680   41.458   89.030 -149.086    0.300802   -1.407640   -0.484381   -0.747724   -1.550803   -1.585171   -1.838165   -0.709424   -1.228227    3.794    0.984    0.238 S_000010
   2 N   -75.612 -177.695   53.777   90.698 -133.342  103.311  100.655   33.268   96.532  175.884    0.345426   -1.301809   -0.720282   -0.805197   -1.420761   -1.726784   -1.906554   -0.689360   -1.217427    8.644   -1.513   -2.921 S_000010
   3 P   -33.122 -159.568  151.000  146.506 -145.092 -142.672   79.190  -33.668  154.217 -117.811    0.333818   -0.171529   -1.475823   -0.812366   -1.061031   -1.950460   -1.939960   -0.691146   -1.196381    6.877    0.142   -7.173 S_000010
   4 P   -56.287  157.548   62.199   83.097 -132.810  -61.841   74.643   37.517   95.324 -121.966    0.316703   -1.372796   -0.572743   -0.783493   -1.518469   -1.622056   -1.866947   -0.701175   -1.224849    3.263    5.048   -9.015 S_000010
   5 P   -79.285 -132.149   41.041  134.582  -45.598 -179.978  175.944  -25.854  151.298   27.948    0.416080   -0.224298   -1.453267   -0.795548   -0.968330   -2.002520   -1.928054   -0.687585   -1.214336   -0.422   10.434   -7.157 S_000010
   6 N  -112.619 -152.680   76.112   79.231 -160.789  -92.015   88.924   39.456   93.939  -19.536    0.278863   -1.415903   -0.498863   -0.800974   -1.583894   -1.566274   -1.868998   -0.724935   -1.205181   -1.631   16.964   -7.380 S_000010
   7 N   -64.225  171.455   46.330   81.122 -152.549  -86.307   86.570   43.447   77.770  -23.269    0.302381   -1.349736   -0.629260   -0.717227   -1.343351   -1.769537   -1.868410   -0.694227   -1.237302   -2.420   21.410  -11.677 S_000010
   8 P   -28.662 -166.113   46.037   74.652 -170.323  -76.350  102.614   32.179  109.934 -145.993    0.302736   -1.464200   -0.326920   -0.868115   -1.856749   -1.228412   -1.852363   -0.847111   -1.129310   -0.577   25.560  -15.902 S_000010
   9 N    77.959  137.199   46.208   84.002 -128.851  -83.311   93.125   33.907  102.069 -166.680    0.337654   -1.356445   -0.616446   -0.807281   -1.537112   -1.617357   -1.878010   -0.698771   -1.217794    1.364   27.203  -21.576 S_000010
  10 P   -66.647  171.631   69.910  147.064  -91.681  109.907  134.753  -35.740  157.177   23.942    0.318447   -0.102521   -1.492609   -0.808119   -1.018123   -2.002287   -1.924567   -0.738830   -1.198332   -0.613   32.392  -24.853 S_000010
  11 P   -52.003  159.252   42.965   84.961 -136.997  -67.635   55.838   33.927   96.945  -23.984    0.329090   -1.360283   -0.587857   -0.814008   -1.568011   -1.588698   -1.904881   -0.763943   -1.170441    1.773   34.372  -27.913 S_000010
  12 P   -68.281  178.742   48.517   81.366 -158.437  -46.087   79.799   40.355   92.379 -170.564    0.296710   -1.400850   -0.515352   -0.767651   -1.542980   -1.602633   -1.849170   -0.700165   -1.226445    4.381   38.838  -31.525 S_000010
  13 N  -115.206   94.387 -177.200   87.126 -118.504  -99.475   64.526   31.653  103.274  -23.240    0.329757   -1.356319   -0.619703   -0.839731   -1.570238   -1.578153   -1.898625   -0.720363   -1.194560    3.800   43.811  -33.912 S_000010
  14 N   -66.444  163.612   54.826   83.429 -139.833  -78.991   75.625   42.439   91.174  -25.595    0.302207   -1.373079   -0.586265   -0.725999   -1.428450   -1.708858   -1.840276   -0.676964   -1.250252    6.582   47.738  -38.362 S_000010
  15 N    84.375  146.666   55.410   85.369 -142.842  -69.355   62.280   33.624   96.713  179.907    0.342325   -1.341805   -0.640685   -0.802575   -1.516381   -1.643729   -1.894135   -0.733694   -1.195342    4.716   53.869  -39.111 S_000010
  16 P   -83.459 -169.228   58.253   83.358   52.826  125.135  129.335   18.604  127.801   57.716    0.383809   -1.280962   -0.739637   -0.899868   -1.635654   -1.494238   -1.869344   -0.658307   -1.238128    5.250   57.207  -44.773 S_000010
  17 N   -55.590  163.901   57.077   97.283 -137.414  -65.050   47.708   33.921   83.843  -15.772    0.354290   -1.178172   -0.902507   -0.788045   -1.128329   -1.919447   -1.933320   -0.680181   -1.222148    7.377   58.279  -50.659 S_000010
  18 N   -64.790  176.587   59.208  145.792  -87.601  -94.030  119.242  -28.468  150.965   26.425    0.400803   -0.153763   -1.462151   -0.794764   -0.931214   -2.014656   -1.926424   -0.696988   -1.216410    5.078   60.562  -55.947 S_000010
  19 P   -50.667  160.127   38.512   84.303  -91.757  -76.827  123.912   31.763   98.371   59.439    0.353940   -1.319765   -0.682347   -0.807293   -1.497625   -1.659654   -1.888319   -0.712741   -1.209243    1.165   64.922  -58.306 S_000010
  20 H   -71.516  173.209   55.872   83.215    0.000    0.000   72.226   36.437   93.422  179.891    0.330934   -1.351648   -0.609507   -0.779833   -1.492608   -1.649069   -1.872884   -0.697721   -1.225967    4.972   69.518  -60.574 S_000010
