SEQUENCE: gag
SCORE:     score    rna_stub_coord_hack       N_WC      N_NWC       N_BS description
REMARK RNA 
SCORE:     0.308                  0.308          0          0          0    S_000001
   1 H     0.000  170.252   55.279  151.226  -94.055  -19.049   81.060  -32.087  141.248 -124.772    0.345654    0.002973   -1.485773   -0.809317   -0.789450   -2.109197   -1.913442   -0.661924   -1.228602    3.794    0.984    0.238 S_000001
   2 P    66.688 -144.704 -163.902  148.105 -139.268 -155.489  -41.230  -37.998  156.482 -171.186    0.307073   -0.167585   -1.483056   -0.788817   -1.141272   -1.898846   -1.932231   -0.728804   -1.188714    2.707    0.968   -3.365 S_000001
   3 H   -71.410 -177.107   53.024   83.095    0.000    0.000   79.706   39.196   90.569  179.922    0.312409   -1.374362   -0.573494   -0.765295   -1.493271   -1.650211   -1.866225   -0.704636   -1.224215   -2.556   -0.030   -7.474 S_000001
SCORE:     0.302                  0.302          0          0          0    S_000002
   1 H     0.000  170.252   55.279  109.791  -86.031  -28.716   97.324   -4.072  154.605    3.658    0.432992   -1.060617   -0.993306   -0.892079   -1.672394   -1.421786   -1.913007   -0.735767   -1.171156    3.794    0.984    0.238 S_000002
   2 P    57.480 -158.222  177.639   83.988 -167.491 -112.705  147.518   34.084  101.076  -21.261    0.329310   -1.365774   -0.595955   -0.819119   -1.554870   -1.597779   -1.887754   -0.714223   -1.202531    1.692   -0.992   -2.726 S_000002
   3 H   137.999 -155.158 -175.950   84.430    0.000    0.000   70.781   36.775   88.939  -24.772    0.323011   -1.330303   -0.668731   -0.783833   -1.416556   -1.713867   -1.886204   -0.683024   -1.219123   -4.395   -3.343   -1.925 S_000002
SCORE:     0.284                  0.284          0          0          0    S_000003
   1 H     0.000  170.252   55.279   78.407 -127.445   42.562   78.871   39.646   90.279  179.906    0.296400   -1.405130   -0.499263   -0.779220   -1.561122   -1.569028   -1.863886   -0.747265   -1.189293    3.794    0.984    0.238 S_000003
   2 P   -33.122 -159.568  151.000  146.506 -145.092 -142.672   79.190  -33.668  154.217 -117.811    0.333818   -0.171529   -1.475823   -0.812366   -1.061031   -1.950460   -1.939960   -0.691146   -1.196381    1.195   -1.843   -1.725 S_000003
   3 H   -62.936  179.196   54.321   83.448    0.000    0.000   97.586   35.883  102.657  179.931    0.335485   -1.382908   -0.502587   -0.783131   -1.615207   -1.523522   -1.811853   -0.663256   -1.257401   -3.995   -5.279    0.736 S_000003
SCORE:     0.266                  0.266          0          0          0    S_000004
   1 H     0.000  170.252   55.279  109.791  -86.031  -28.716   97.324   -4.072  154.605    3.658    0.432992   -1.060617   -0.993306   -0.892079   -1.672394   -1.421786   -1.913007   -0.735767   -1.171156    3.794    0.984    0.238 S_000004
   2 P    95.862 -150.045 -177.753  145.463 -163.746 -130.631  132.028  -25.964  134.716  -54.064    0.372792   -0.139680   -1.476267   -0.836576   -0.849905   -2.078892   -1.921957   -0.718372   -1.188673    1.366   -0.388   -2.760 S_000004
   3 H   -63.304 -173.514   41.186   79.765    0.000    0.000   81.440   46.365   82.175  179.877    0.273400   -1.409659   -0.529256   -0.707146   -1.416057   -1.695765   -1.852567   -0.717945   -1.220882   -4.064   -4.206   -2.263 S_000004
SCORE:     0.302                  0.302          0          0          0    S_000005
   1 H     0.000  170.252   55.279  109.791  -86.031  -28.716   97.324   -4.072  154.605    3.658    0.432992   -1.060617   -0.993306   -0.892079   -1.672394   -1.421786   -1.913007   -0.735767   -1.171156    3.794    0.984    0.238 S_000005
   2 P    57.480 -158.222  177.639   83.988 -167.491 -112.705  147.518   34.084  101.076  -21.261    0.329310   -1.365774   -0.595955   -0.819119   -1.554870   -1.597779   -1.887754   -0.714223   -1.202531    1.692   -0.992   -2.726 S_000005
   3 H   -58.457  170.753   51.598   77.098    0.000    0.000   75.946   39.057   96.678  179.902    0.320572   -1.393711   -0.511648   -0.753765   -1.566904   -1.579764   -1.834274   -0.701951   -1.241378   -4.413   -2.088   -3.670 S_000005
SCORE:     0.329                  0.329          0          0          0    S_000006
   1 H     0.000  170.252   55.279  128.704  -80.277  -46.853   73.072  -22.115  147.384  153.722    0.436350   -0.216994   -1.445599   -0.800626   -0.877095   -2.052125   -1.932064   -0.620787   -1.249144    3.794    0.984    0.238 S_000006
   2 P    86.187  176.497  162.816   95.258 -128.578 -117.535  -52.178   27.444   99.200   12.823    0.388719   -1.230343   -0.824624   -0.823622   -1.392439   -1.771391   -1.937739   -0.733944   -1.183498    2.361    0.343   -4.482 S_000006
   3 H   -57.712  174.760   54.320   82.805    0.000    0.000   84.929   36.960   99.438  179.900    0.307626   -1.390288   -0.548557   -0.804160   -1.561458   -1.584969   -1.857550   -0.688347   -1.231575   -3.983    1.325   -6.402 S_000006
SCORE:     0.285                  0.285          0          0          0    S_000007
   1 H     0.000  170.252   55.279  109.791  -86.031  -28.716   97.324   -4.072  154.605    3.658    0.432992   -1.060617   -0.993306   -0.892079   -1.672394   -1.421786   -1.913007   -0.735767   -1.171156    3.794    0.984    0.238 S_000007
   2 P    51.708  166.016  165.802  144.117 -158.911  172.559 -116.298  -36.379  164.491  -35.030    0.332415   -0.279857   -1.462557   -0.789069   -1.253212   -1.810639   -1.936782   -0.713043   -1.201460    1.318   -0.421   -3.059 S_000007
   3 H   -64.635  178.412   52.253   81.748    0.000    0.000   75.005   38.599   94.591   74.299    0.316949   -1.367769   -0.586728   -0.771355   -1.488573   -1.659744   -1.861605   -0.673202   -1.246960   -4.872    1.161   -3.639 S_000007
SCORE:     0.276                  0.276          0          0          0    S_000008
   1 H     0.000  170.252   55.279   90.886 -117.730   39.793   69.010   31.818   99.175  -82.341    0.346327   -1.296448   -0.722906   -0.821484   -1.438485   -1.707425   -1.914878   -0.692589   -1.207688    3.794    0.984    0.238 S_000008
   2 P   -33.122 -159.568  151.000  146.506 -145.092 -142.672   79.190  -33.668  154.217 -117.811    0.333818   -0.171529   -1.475823   -0.812366   -1.061031   -1.950460   -1.939960   -0.691146   -1.196381    0.971   -0.868   -2.118 S_000008
   3 H   -58.311  161.526   63.911   79.712    0.000    0.000   73.784   38.275   97.421  162.596    0.293288   -1.425133   -0.458222   -0.803211   -1.643988   -1.504690   -1.859729   -0.747847   -1.204870   -4.811   -3.409   -0.866 S_000008
SCORE:     0.290                  0.290          0          0          0    S_000009
   1 H     0.000  170.252   55.279  142.644 -118.796   51.266   98.967  -32.755  153.811   20.655    0.348747   -0.250572   -1.465087   -0.804637   -1.147621   -1.910424   -1.943052   -0.723223   -1.190427    3.794    0.984    0.238 S_000009
   2 P   -82.065 -169.133  159.105  130.152 -118.962 -131.679  102.280  -28.889  151.726  167.282    0.365724   -0.408328   -1.424356   -0.816562   -1.273284   -1.838067   -1.942577   -0.701107   -1.207967    3.003    2.414   -4.127 S_000009
   3 H   -77.868 -162.281   41.955   76.956    0.000    0.000   79.195   38.870   90.500  -72.607    0.294776   -1.411246   -0.490707   -0.790303   -1.598554   -1.551034   -1.862971   -0.754060   -1.184069   -3.772    3.677   -5.671 S_000009
SCORE:     0.258                  0.258          0          0          0    S_000010
   1 H     0.000  170.252   55.279  151.226  -94.055  -19.049   81.060  -32.087  141.248 -124.772    0.345654    0.002973   -1.485773   -0.809317   -0.789450   -2.109197   -1.913442   -0.661924   -1.228602    3.794    0.984    0.238 S_000010
   2 P    95.862 -150.045 -177.753  145.463 -163.746 -130.631  132.028  -25.964  134.716  -54.064    0.372792   -0.139680   -1.476267   -0.836576   -0.849905   -2.078892   -1.921957   -0.718372   -1.188673    2.783    1.674   -3.583 S_000010
   3 H   -76.042  171.256   68.832   76.228    0.000    0.000   70.224   37.302   97.266  179.866    0.292563   -1.456734   -0.360284   -0.811025   -1.764117   -1.367532   -1.853089   -0.825578   -1.143882   -3.321    1.259   -5.987 S_000010
