SEQUENCE: gaaaaaaaaag
SCORE:     score    rna_stub_coord_hack       N_WC      N_NWC       N_BS description
REMARK RNA 
SCORE:     9.706                  9.706          0          0          3    S_000001
   1 H     0.000  170.252   55.279   83.948    0.000    0.000   81.596   39.688   90.474  -19.218    0.298219   -1.387644   -0.547043   -0.776237   -1.515656   -1.627463   -1.868323   -0.704848   -1.217588    3.794    0.984    0.238 S_000001
   2 P    70.071  166.627   76.481  149.942 -116.503 -179.608  101.181  -39.177  161.116   29.099    0.300194   -0.164801   -1.482018   -0.777516   -1.159843   -1.889954   -1.931766   -0.730120   -1.194241    3.796    3.517    1.429 S_000001
   3 P   152.804  179.450  178.912   87.198 -154.572  -78.725   73.493   37.836   90.078  169.479    0.323288   -1.361977   -0.597100   -0.768408   -1.488119   -1.654360   -1.884994   -0.739724   -1.191211    1.360    3.382    8.163 S_000001
   4 P   168.992 -156.630  174.212   86.705 -137.197 -119.664  108.197   33.640   99.366  -15.229    0.329923   -1.352776   -0.624135   -0.819988   -1.531632   -1.621327   -1.886817   -0.697388   -1.214338   -1.179    2.161   14.205 S_000001
   5 P   175.295  124.909   61.418  120.908  -93.706  116.523   76.905  -15.292  155.359  146.104    0.448900   -0.780725   -1.227077   -0.839724   -1.496699   -1.617935   -1.934428   -0.741466   -1.167765   -2.419    0.242   21.109 S_000001
   6 N    87.700  102.882  173.943   80.639  179.387  -89.021  123.363   29.771  111.733 -133.852    0.323181   -1.404937   -0.532147   -0.876017   -1.705443   -1.440654   -1.882991   -0.746613   -1.187129   -7.089   -0.712   25.207 S_000001
   7 P  -141.884 -153.218   68.457  142.369  -78.259 -147.876  139.504  -33.072  154.475   16.775    0.336963   -0.296650   -1.449887   -0.804312   -1.209831   -1.869476   -1.932761   -0.730949   -1.184057  -11.255    0.171   30.556 S_000001
   8 P  -174.180  152.972 -160.333  104.826 -142.767  -78.703   76.242   19.884  101.194  179.947    0.387962   -1.086681   -0.991172   -0.843871   -1.294637   -1.855867   -1.944422   -0.700499   -1.202484  -14.166   -2.277   36.525 S_000001
   9 P  -106.742  170.932   79.562   83.115 -141.770  -61.132   65.015   41.726   88.685 -150.747    0.292841   -1.369240   -0.581579   -0.753471   -1.434590   -1.696851   -1.849194   -0.647350   -1.252193  -18.180   -0.906   41.672 S_000001
  10 P   -65.117 -145.957  148.397   84.297 -110.906  -71.275   54.478   36.987   89.464  -24.481    0.334520   -1.317403   -0.679350   -0.771397   -1.390426   -1.733463   -1.891243   -0.699029   -1.211696  -17.280    1.034   47.855 S_000001
  11 H   -60.464  172.522   58.946   83.520    0.000    0.000   63.835   39.073   91.701  179.924    0.309722   -1.378196   -0.560867   -0.770130   -1.508263   -1.634280   -1.864729   -0.702938   -1.226104  -21.325    0.692   52.614 S_000001
SCORE:    10.735                 10.735          0          0          2    S_000002
   1 H     0.000  170.252   55.279   81.565 -154.342   -3.457   76.805   35.866   91.322 -140.087    0.328289   -1.364001   -0.590277   -0.789567   -1.528784   -1.616422   -1.884401   -0.755820   -1.183021    3.794    0.984    0.238 S_000002
   2 N   -23.732  161.087  174.712   83.859 -113.221 -104.065   88.538   36.409   99.071  170.718    0.307986   -1.385900   -0.549559   -0.811254   -1.562662   -1.576397   -1.867310   -0.703044   -1.213529    4.240   -3.394   -1.038 S_000002
   3 P   -76.439 -155.686   76.097   98.708  168.544 -113.341  126.301    2.278  141.133  172.074    0.410529   -1.103526   -0.968395   -0.933240   -1.621578   -1.502075   -1.924475   -0.687537   -1.196092    3.425   -3.893    5.951 S_000002
   4 P  -170.283  161.190 -176.306  140.990 -163.860 -102.059  133.153  -32.306  149.951  165.152    0.350717   -0.168927   -1.477787   -0.803819   -1.029144   -1.981828   -1.933928   -0.657356   -1.225843    1.774   -2.240   12.400 S_000002
   5 N  -149.449  161.904  169.889   81.813 -145.400  -65.994  120.751   29.215  116.975    7.240    0.321253   -1.415703   -0.497345   -0.892978   -1.732380   -1.385977   -1.824266   -0.691127   -1.230135   -0.985   -3.089   18.727 S_000002
   6 P   -83.726 -167.855   51.952  106.740 -166.399  -75.847   87.423    0.492  138.259 -164.698    0.395810   -1.058275   -1.021196   -0.900498   -1.612800   -1.573655   -1.945201   -0.743442   -1.184613   -4.195   -4.422   24.286 S_000002
   7 P   -59.635 -160.120   48.664  147.679  -98.057 -148.024  -46.170  -37.674  158.172 -162.643    0.328942   -0.194641   -1.477977   -0.765558   -1.170944   -1.888938   -1.920786   -0.746690   -1.186433   -5.128   -2.394   30.194 S_000002
   8 P   -61.092 -179.951   54.774   87.431 -151.537  -67.067   74.859   34.761   92.151  172.102    0.355010   -1.300572   -0.702868   -0.767815   -1.402723   -1.725477   -1.876416   -0.700471   -1.211628   -6.919    0.104   36.250 S_000002
   9 N   -53.025 -171.133   66.197  118.744 -156.076 -125.935  159.063  -14.860  157.092  113.222    0.397896   -0.937453   -1.149838   -0.931285   -1.661409   -1.425729   -1.958412   -0.783663   -1.114398  -11.314    0.437   40.579 S_000002
  10 P   177.366  142.836 -177.540   86.392   81.924   89.658  106.666   34.383   91.374   35.384    0.329518   -1.203568   -0.872590   -0.818960   -1.153720   -1.885512   -1.932817   -0.607425   -1.234970  -15.534   -0.261   46.451 S_000002
  11 H   -58.058  155.750   75.608   78.393    0.000    0.000   82.515   42.346   91.207  -79.707    0.288470   -1.428850   -0.436910   -0.745222   -1.602593   -1.545939   -1.807736   -0.707208   -1.239033  -18.393   -0.716   51.547 S_000002
SCORE:    11.471                 11.471          0          0          0    S_000003
   1 H     0.000  170.252   55.279   80.580 -135.904  -65.908   68.902   38.468   92.121  -17.901    0.322125   -1.379695   -0.573765   -0.765297   -1.516859   -1.642934   -1.866860   -0.715810   -1.224302    3.794    0.984    0.238 S_000003
   2 P    79.120 -127.503   70.279  150.769  -82.233 -111.138  104.013  -38.066  156.618 -153.292    0.315664   -0.107190   -1.488529   -0.778734   -1.066582   -1.947867   -1.925295   -0.703878   -1.212443    6.283   -2.951   -1.545 S_000003
   3 N   -75.477  156.926   72.364   80.894 -157.359  -87.532   69.255   38.320   96.246  179.897    0.302486   -1.402402   -0.527240   -0.787357   -1.573570   -1.582381   -1.859787   -0.718425   -1.211611    7.284   -1.322    4.811 S_000003
   4 N  -148.022  144.508 -177.617   93.488 -141.099  -71.036   13.511   23.881  123.218   -7.754    0.352280   -1.397577   -0.511532   -0.899902   -1.787483   -1.297851   -1.871512   -0.779200   -1.153331    5.664   -0.270   11.350 S_000003
   5 P   168.992 -156.630  174.212   86.705 -137.197 -119.664  108.197   33.640   99.366  -15.229    0.329923   -1.352776   -0.624135   -0.819988   -1.531632   -1.621327   -1.886817   -0.697388   -1.214338    4.090   -0.660   17.749 S_000003
   6 N  -175.101 -147.674  159.572  141.718  176.133  146.872   62.364  -31.811 -103.226   76.911    0.331832   -0.177856   -1.485199   -0.843536   -1.029654   -1.962328   -1.977627   -0.691472   -1.204184    1.776   -2.008   24.446 S_000003
   7 P  -102.406 -166.243   25.602  149.414 -129.707 -175.148   90.395  -38.815  161.000   21.044    0.320198   -0.168655   -1.478454   -0.768921   -1.159934   -1.866854   -1.930844   -0.727877   -1.191024    1.574   -2.787   31.305 S_000003
   8 P  -173.910 -150.992  149.500  127.998 -128.911 -142.558   91.482   -6.193  136.127   15.787    0.408280   -0.788743   -1.262842   -0.923571   -1.317920   -1.806812   -1.984235   -0.740556   -1.116661   -1.911   -2.199   37.660 S_000003
   9 P  -173.910 -150.992  149.500  127.998 -128.911 -142.558   91.482   -6.193  136.127   15.787    0.408280   -0.788743   -1.262842   -0.923571   -1.317920   -1.806812   -1.984235   -0.740556   -1.116661   -6.009   -2.745   43.722 S_000003
  10 N   -83.859  145.770   70.247   81.849 -127.172  -85.969   53.125   28.826  109.250   63.051    0.360494   -1.342275   -0.634236   -0.832933   -1.606541   -1.555906   -1.873192   -0.716009   -1.209256   -8.957   -2.342   49.433 S_000003
  11 H   154.422 -157.944 -175.015   81.276    0.000    0.000   60.748   38.705   95.125 -174.089    0.309933   -1.398045   -0.517336   -0.777511   -1.568281   -1.582023   -1.855721   -0.719787   -1.218251  -14.919   -4.230   51.742 S_000003
SCORE:    10.634                 10.634          0          1          1    S_000004
   1 H     0.000  170.252   55.279  113.898   11.561   52.393  127.184   -5.435  138.967   -7.831    0.452166   -0.760220   -1.239855   -0.852838   -1.284262   -1.825875   -1.941430   -0.646447   -1.216674    3.794    0.984    0.238 S_000004
   2 P  -102.206  104.044  177.543   84.918 -159.296 -123.397   89.660   37.394   91.577    3.421    0.315398   -1.361384   -0.611624   -0.789758   -1.479457   -1.664147   -1.886766   -0.708525   -1.210084    4.795    1.514    2.076 S_000004
   3 N   159.691 -170.590 -174.109   88.343 -146.100  -64.645   64.868   37.125   98.321   81.301    0.318687   -1.369463   -0.573472   -0.783925   -1.523176   -1.616361   -1.852265   -0.662433   -1.260222   -1.566    1.545    5.201 S_000004
   4 P   -95.159  161.480   47.812  112.409  174.736  154.463  -71.130  -19.461  170.054  -81.100    0.415201   -0.885345   -1.169585   -0.882371   -1.672561   -1.376524   -1.932323   -0.783884   -1.146065   -6.729    0.981    8.650 S_000004
   5 P   161.921 -139.165  171.084  140.378 -102.348  161.473  147.689  -28.420  150.366   21.418    0.399046   -0.297674   -1.438023   -0.785233   -1.122437   -1.922316   -1.917220   -0.695077   -1.203103  -10.045    1.730   14.846 S_000004
   6 P    68.538  167.213 -173.924   83.974 -172.672  -89.084  109.402   36.411   93.428  -17.431    0.327762   -1.350952   -0.618290   -0.783060   -1.493810   -1.662168   -1.884309   -0.717844   -1.208533  -15.331    4.405   17.918 S_000004
   7 N   -58.224  175.650   52.854   85.201 -141.975  -67.057   78.307   37.957   90.988  -21.444    0.318243   -1.350950   -0.622608   -0.775913   -1.452772   -1.685076   -1.875484   -0.699561   -1.211805  -19.811    6.840   21.168 S_000004
   8 P  -134.330  101.066  176.060   86.439 -116.418  -82.329   46.998   35.258   98.130 -155.832    0.325169   -1.363182   -0.594694   -0.805606   -1.532304   -1.613124   -1.891886   -0.730772   -1.190888  -25.244    7.018   24.496 S_000004
   9 P  -113.430 -178.481   93.314   98.217 -122.031  -87.433   51.316   24.931   97.192 -142.698    0.391907   -1.136006   -0.947615   -0.794818   -1.285980   -1.877296   -1.897678   -0.672689   -1.234082  -30.008    7.455   29.485 S_000004
  10 P   -48.362 -138.714   47.609  152.380  -88.917 -177.987  171.006  -35.024  152.837   87.827    0.347667   -0.025107   -1.487899   -0.775774   -0.891828   -2.041377   -1.911015   -0.683667   -1.225064  -34.047    3.886   33.525 S_000004
  11 H   -60.642  176.160   55.275   82.798    0.000    0.000   66.912   36.802   96.476  -15.187    0.318733   -1.390787   -0.518097   -0.788099   -1.596139   -1.551292   -1.866285   -0.741328   -1.194459  -37.791    2.369   38.478 S_000004
SCORE:    11.744                 11.744          0          0          0    S_000005
   1 H     0.000  170.252   55.279   75.784 -150.876  -70.319   72.989   46.849   85.680  179.879    0.240636   -1.445169   -0.417080   -0.738510   -1.525000   -1.583774   -1.831792   -0.695979   -1.232024    3.794    0.984    0.238 S_000005
   2 P    55.000   77.934 -161.687  109.405 -136.834 -121.810  155.448  -19.079  143.180 -112.843    0.488294   -0.315897   -1.399530   -0.741399   -0.957329   -2.029923   -1.898117   -0.636835   -1.264591    5.569   -3.258   -1.964 S_000005
   3 P  -106.427 -150.371   67.800  101.915 -164.105 -132.115  143.722    4.794  140.423 -177.700    0.395829   -1.112845   -0.988243   -0.950577   -1.566238   -1.557481   -1.924126   -0.650360   -1.211135    1.115   -5.683    3.255 S_000005
   4 P   -76.598  178.286   56.553   84.684 -140.442  -70.399   74.791   39.208   94.140  179.935    0.306287   -1.367643   -0.593163   -0.773367   -1.470753   -1.672062   -1.846237   -0.635321   -1.262110   -2.067   -4.811    9.058 S_000005
   5 P   -56.377 -139.427   58.680  145.687 -127.315  127.606  162.004  -34.987  152.433 -179.314    0.327571   -0.126288   -1.487744   -0.803627   -1.029147   -1.978669   -1.936922   -0.713511   -1.197318   -1.411   -4.135   15.580 S_000005
   6 P   102.711  150.219 -166.898   83.141 -124.488  -71.574   78.083   39.889   89.669  -18.409    0.298935   -1.385993   -0.543083   -0.774643   -1.511183   -1.627544   -1.857032   -0.685755   -1.232354   -5.038   -1.627   20.489 S_000005
   7 P  -177.185 -173.566  155.371  145.456  -98.754  179.352  138.838  -24.197  141.689  170.602    0.366879   -0.185448   -1.467973   -0.847005   -0.869502   -2.069646   -1.938630   -0.653402   -1.218242   -4.850   -0.116   27.110 S_000005
   8 P   173.194  135.693   63.814  119.262 -150.408 -146.040  100.980  -16.311  146.800  116.195    0.437013   -0.741573   -1.262646   -0.846761   -1.466427   -1.667656   -1.934875   -0.740817   -1.155727   -7.258    2.143   33.039 S_000005
   9 P  -170.283  161.190 -176.306  140.990 -163.860 -102.059  133.153  -32.306  149.951  165.152    0.350717   -0.168927   -1.477787   -0.803819   -1.029144   -1.981828   -1.933928   -0.657356   -1.225843  -11.101    0.355   38.940 S_000005
  10 P  -166.924 -154.036  159.889   90.332 -178.658 -136.635   73.477   26.413  115.255    3.673    0.345049   -1.323606   -0.689620   -0.882069   -1.572952   -1.568229   -1.923026   -0.712384   -1.176451  -14.723   -0.510   44.883 S_000005
  11 H   -76.161 -178.681   53.754   99.115    0.000    0.000   62.980   23.716   97.782 -135.642    0.394534   -1.157438   -0.907725   -0.810592   -1.350782   -1.811899   -1.912696   -0.699939   -1.211769  -18.743    1.894   49.570 S_000005
SCORE:    11.627                 11.627          0          0          1    S_000006
   1 H     0.000  170.252   55.279   85.480 -101.323  -53.309   64.899   36.520   93.222  -83.768    0.328607   -1.312658   -0.689372   -0.775351   -1.393651   -1.734296   -1.873920   -0.668557   -1.236260    3.794    0.984    0.238 S_000006
   2 P    55.000   77.934 -161.687  109.405 -136.834 -121.810  155.448  -19.079  143.180 -112.843    0.488294   -0.315897   -1.399530   -0.741399   -0.957329   -2.029923   -1.898117   -0.636835   -1.264591    1.830   -1.743   -2.358 S_000006
   3 N   170.628 -165.875 -168.095   88.100 -146.025  -69.701   74.281   42.570   86.157  -18.932    0.269820   -1.368058   -0.613320   -0.764958   -1.393175   -1.735747   -1.891381   -0.711959   -1.210295   -2.369   -1.315    3.508 S_000006
   4 P   178.374  129.701   52.361  143.985  -83.498  130.526   96.769  -33.752  155.368  -54.092    0.332207   -0.284888   -1.461262   -0.815500   -1.213238   -1.870668   -1.953210   -0.756321   -1.169935   -5.300    0.295    9.637 S_000006
   5 N   145.215 -123.261  174.675   85.487 -129.367 -105.326   61.689   34.708   94.693  -16.002    0.341282   -1.320596   -0.682879   -0.791461   -1.438928   -1.705229   -1.892384   -0.688770   -1.219794   -9.240   -1.310   14.268 S_000006
   6 N     0.000 -131.354  -80.478   98.620 -141.646  -84.428   44.124   36.066   80.463  -23.346    0.340675   -1.192140   -0.878965   -0.776694   -1.113717   -1.918851   -1.925273   -0.721406   -1.194790  -11.921   -1.194   19.820 S_000006
   7 P   -68.008  154.940   65.212   87.768 -147.090  -71.699   85.501   37.459   93.135  174.027    0.306739   -1.326519   -0.669725   -0.786012   -1.408465   -1.724862   -1.895654   -0.705912   -1.206952  -14.454   -2.391   25.262 S_000006
   8 N  -120.680   77.050  178.407   82.567 -171.493  -63.211  -66.965   32.784  103.248  -74.213    0.340466   -1.378188   -0.552816   -0.815238   -1.627788   -1.526797   -1.868061   -0.734013   -1.200504  -18.252   -4.190   29.561 S_000006
   9 P   173.355  125.936  172.381   92.573 -126.321  -63.423   74.322   39.444   80.014  179.963    0.248303   -1.280816   -0.752540   -0.820131   -1.269836   -1.836540   -1.977263   -0.755674   -1.188652  -19.841   -3.248   36.115 S_000006
  10 P   -50.353 -155.642   49.514  144.140 -116.281 -177.136  152.040  -34.900  163.032   29.821    0.343286   -0.324128   -1.448346   -0.793398   -1.280886   -1.793255   -1.940277   -0.746673   -1.179096  -23.208   -2.069   41.416 S_000006
  11 H   -81.405  157.145   82.966   72.632    0.000    0.000   67.326   43.240   90.254  -21.843    0.278598   -1.442851   -0.394721   -0.750554   -1.612201   -1.509079   -1.828424   -0.747746   -1.210459  -25.021   -0.932   47.300 S_000006
SCORE:    11.922                 11.922          0          0          2    S_000007
   1 H     0.000  170.252   55.279   84.125   54.650  -85.129  127.345   20.523  120.314   50.010    0.408514   -1.232229   -0.797209   -0.850495   -1.533007   -1.615950   -1.866653   -0.628188   -1.253373    3.794    0.984    0.238 S_000007
   2 N    67.264 -165.919 -163.120   95.483 -131.650  -61.901   64.622   38.145   89.563  -41.034    0.393502   -1.246199   -0.761922   -0.680612   -1.212799   -1.821786   -1.856794   -0.618110   -1.264835    2.953    4.291   -0.689 S_000007
   3 P   -50.065  162.925   41.044   86.036 -174.050  -95.526   96.421   41.628   85.641  168.101    0.295915   -1.351354   -0.626568   -0.753107   -1.377440   -1.740563   -1.875987   -0.673550   -1.239580   -0.358    6.248    3.659 S_000007
   4 P  -163.415 -164.775  171.520   87.292 -173.272  -90.210   95.538   33.873  101.998   69.427    0.333059   -1.348368   -0.630589   -0.813263   -1.521104   -1.634527   -1.885456   -0.693273   -1.220867   -3.078    5.574    9.949 S_000007
   5 P   158.715 -157.769  167.512   84.007 -113.599  -54.249   62.886   34.119   94.129  -18.044    0.366858   -1.293815   -0.718613   -0.767897   -1.400038   -1.741159   -1.887798   -0.684380   -1.222260   -7.033    4.185   14.969 S_000007
   6 P   -97.972 -152.339   81.706  124.769 -146.581  162.724  125.829  -16.565  146.909   34.182    0.440902   -0.620888   -1.321854   -0.837849   -1.312903   -1.792966   -1.931445   -0.672971   -1.201510   -6.673    1.579   21.031 S_000007
   7 N   153.892 -141.795  167.120   90.150 -140.999 -172.900  120.377   29.336   99.989 -144.515    0.391187   -1.231714   -0.791754   -0.780320   -1.371883   -1.747462   -1.876007   -0.673329   -1.208973   -7.137    0.441   27.916 S_000007
   8 N   -59.247 -177.591   49.031   81.627 -153.103  -71.441   76.358   46.888   84.242  -16.571    0.269589   -1.424781   -0.426133   -0.715781   -1.492728   -1.607720   -1.823090   -0.655934   -1.286112  -11.585    0.762   32.658 S_000007
   9 P   -60.599  162.009   59.939  140.771 -155.496 -143.261  171.462  -38.712  164.591  -23.422    0.312444   -0.271307   -1.489031   -0.770005   -1.280109   -1.824124   -1.924378   -0.767040   -1.192114  -13.996    2.200   37.827 S_000007
  10 P   -65.076 -178.561   50.890   82.033  172.301  -98.139   97.082   37.385   96.141 -153.256    0.273990   -1.386814   -0.568385   -0.828927   -1.551060   -1.613081   -1.894165   -0.701245   -1.211693  -16.146    0.728   43.977 S_000007
  11 H   -56.091  168.348   54.620   77.290    0.000    0.000   69.805   32.789  108.814  179.929    0.311042   -1.442314   -0.401557   -0.849561   -1.777386   -1.332557   -1.822558   -0.768625   -1.185706  -19.270    0.121   48.800 S_000007
SCORE:     9.566                  9.566          0          0          0    S_000008
   1 H     0.000  170.252   55.279   76.729    0.000    0.000   87.692   37.232   90.035  -20.466    0.283681   -1.457642   -0.400689   -0.823264   -1.716216   -1.404086   -1.892281   -0.846417   -1.031324    3.794    0.984    0.238 S_000008
   2 P   -26.073 -133.487  175.348  148.183 -105.196  172.498   87.609  -34.450  152.955  142.439    0.341256   -0.150125   -1.469813   -0.796322   -1.054308   -1.959486   -1.938921   -0.693496   -1.204238    1.703    2.168    0.423 S_000008
   3 N  -178.810  153.055  135.770  106.704 -138.327 -112.358  127.377   22.478   87.323  -11.418    0.409131   -0.973460   -1.098711   -0.809248   -1.028300   -2.013690   -1.923910   -0.665663   -1.225656   -1.086    4.545    6.138 S_000008
   4 P   -56.526  179.229   52.407   85.387 -152.072  -56.787   63.944   37.386   92.044  -19.047    0.320371   -1.355958   -0.610918   -0.784029   -1.481541   -1.669348   -1.888093   -0.709020   -1.214570   -3.126    8.019   11.435 S_000008
   5 P  -174.180  152.972 -160.333  104.826 -142.767  -78.703   76.242   19.884  101.194  179.947    0.387962   -1.086681   -0.991172   -0.843871   -1.294637   -1.855867   -1.944422   -0.700499   -1.202484   -5.578    6.890   17.610 S_000008
   6 P  -150.263  137.150  162.005   85.519 -143.757  -61.655   64.628   39.702   84.506   99.951    0.295141   -1.332554   -0.685537   -0.782837   -1.333764   -1.762805   -1.900101   -0.686617   -1.207950   -7.231    8.015   24.152 S_000008
   7 N   153.892 -141.795  167.120   90.150 -140.999 -172.900  120.377   29.336   99.989 -144.515    0.391187   -1.231714   -0.791754   -0.780320   -1.371883   -1.747462   -1.876007   -0.673329   -1.208973   -7.897    6.708   30.114 S_000008
   8 P   149.773 -156.144  176.474   82.777 -155.799  -84.417   85.097   38.273   91.188  109.933    0.325799   -1.359624   -0.601698   -0.762572   -1.475146   -1.669392   -1.863222   -0.693642   -1.226962   -8.925    5.401   37.058 S_000008
   9 P   -80.038  176.179   50.143  140.545 -121.983  142.556  107.539  -32.297  155.179 -171.391    0.337627   -0.341992   -1.448902   -0.822973   -1.251736   -1.833691   -1.956174   -0.751793   -1.167097  -10.570    4.771   43.252 S_000008
  10 P    89.781 -178.885  175.219  140.023 -113.525  -86.651  125.936  -29.763  145.297   42.695    0.361226   -0.247789   -1.455288   -0.810444   -1.079188   -1.951630   -1.936185   -0.695753   -1.196885  -12.379    4.627   49.420 S_000008
  11 H   -70.445 -176.199   53.942   82.103    0.000    0.000   87.797   41.018   92.482  -15.926    0.308847   -1.417245   -0.453896   -0.758895   -1.589565   -1.556885   -1.871170   -0.742511   -1.221914  -17.084    3.473   54.063 S_000008
SCORE:    11.433                 11.433          0          0          2    S_000009
   1 H     0.000  170.252   55.279   80.170   54.114  -86.506  108.055   16.588  132.750   48.428    0.392913   -1.311998   -0.707451   -0.906668   -1.705736   -1.403430   -1.850515   -0.693175   -1.212312    3.794    0.984    0.238 S_000009
   2 P   161.558 -178.930   54.126   90.474 -124.286  -98.455   68.389   24.886  108.323  -12.093    0.374412   -1.255666   -0.780673   -0.848840   -1.501434   -1.672309   -1.912602   -0.702492   -1.204886    3.827    5.359   -1.379 S_000009
   3 N  -161.912  144.831  163.138   87.020 -163.361  -72.898   66.879   36.893   92.007  -14.838    0.313333   -1.374187   -0.573869   -0.796398   -1.534179   -1.616031   -1.894495   -0.762736   -1.174099   -0.151    4.611    4.510 S_000009
   4 P   -60.812 -146.102   71.756  156.668  -78.282 -169.333  154.499  -36.879  159.613   62.580    0.318603   -0.121311   -1.484608   -0.802024   -1.070048   -1.952590   -1.947726   -0.665159   -1.220540   -3.289    5.186   10.114 S_000009
   5 P    66.688 -144.704 -163.902  148.105 -139.268 -155.489  -41.230  -37.998  156.482 -171.186    0.307073   -0.167585   -1.483056   -0.788817   -1.141272   -1.898846   -1.932231   -0.728804   -1.188714   -5.152    5.677   16.280 S_000009
   6 P   -57.220  154.866   50.293   82.444 -138.150  -58.525  103.963   33.874   97.711  179.899    0.327440   -1.378480   -0.554330   -0.814008   -1.606849   -1.543154   -1.888863   -0.773399   -1.168012   -9.485    5.181   20.848 S_000009
   7 P  -147.370  132.427  163.030   85.740 -133.620  -84.078   67.702   34.176   93.870  -15.107    0.344463   -1.309014   -0.688719   -0.791759   -1.433451   -1.704701   -1.888885   -0.699291   -1.211989  -10.583    3.679   27.184 S_000009
   8 P  -136.706  108.987  172.003   86.392 -119.400  -80.189   66.267   34.029   94.186 -167.157    0.341290   -1.319331   -0.667623   -0.795253   -1.455996   -1.672842   -1.885326   -0.702152   -1.204760  -12.889    3.346   33.378 S_000009
   9 P   -83.621  135.327   94.376   96.272 -124.911  -81.522   86.210   22.926  100.207 -171.537    0.399849   -1.182943   -0.881975   -0.801578   -1.420608   -1.770508   -1.900256   -0.746441   -1.186835  -16.150    4.164   38.440 S_000009
  10 N   -70.134 -122.951   45.259  145.902 -161.667 -171.927  171.592  -29.237  145.130  -58.222    0.361392   -0.244021   -1.440161   -0.820842   -1.065751   -1.938745   -1.941641   -0.708015   -1.187291  -18.062    3.515   45.049 S_000009
  11 H   -76.668 -171.347   63.311   82.684    0.000    0.000   74.305   43.501   88.700  -26.768    0.271632   -1.404982   -0.501643   -0.762700   -1.463650   -1.626245   -1.823305   -0.641651   -1.256991  -22.046    6.108   49.832 S_000009
SCORE:     9.664                  9.664          0          0          0    S_000010
   1 H     0.000  170.252   55.279   80.207    0.000    0.000   81.525   40.023   93.716 -177.837    0.314563   -1.398675   -0.539597   -0.740021   -1.523534   -1.609511   -1.852630   -0.709402   -1.242431    3.794    0.984    0.238 S_000010
   2 P    41.686 -144.792  168.887  141.293 -114.473  158.897 -101.812  -35.048  170.096   18.533    0.343617   -0.475854   -1.407441   -0.794643   -1.457063   -1.624313   -1.923096   -0.752845   -1.178408    3.157    2.034    1.374 S_000010
   3 N   102.646 -106.782 -177.883   86.385 -116.647 -103.702   49.278   41.604   82.327  -17.386    0.316437   -1.325925   -0.688483   -0.726073   -1.305038   -1.800455   -1.875543   -0.711621   -1.216310    0.681    2.708    6.815 S_000010
   4 N  -175.892  156.188  156.478   83.886 -138.147  -59.561   62.396   30.267  100.304  -18.903    0.356262   -1.310652   -0.690545   -0.814152   -1.515858   -1.645970   -1.890391   -0.720789   -1.206949   -2.532    3.541   13.241 S_000010
   5 P  -165.123  123.315  171.991   87.033 -153.571  -59.887   73.452   35.136   95.198   -8.374    0.331756   -1.337775   -0.632899   -0.796073   -1.488319   -1.658809   -1.881383   -0.691431   -1.212719   -2.930    3.383   20.019 S_000010
   6 N  -148.162  164.915  118.385  145.355 -109.323 -178.043  158.161  -25.949  134.973  153.436    0.357113   -0.162484   -1.477571   -0.854725   -0.883260   -2.080780   -1.943630   -0.688761   -1.201220   -3.425    2.804   26.618 S_000010
   7 P   -89.417  149.706   68.462   88.365 -115.566  -71.185  102.845   33.484   94.793 -173.659    0.350467   -1.307295   -0.680464   -0.788753   -1.448338   -1.681739   -1.887145   -0.704591   -1.204785   -7.038    2.308   31.588 S_000010
   8 P  -115.592   84.146  168.141   84.273 -145.206  -76.931   59.630   37.254   87.328  179.897    0.336002   -1.320977   -0.673449   -0.766332   -1.394336   -1.731604   -1.888981   -0.705901   -1.209775   -8.701    1.015   37.292 S_000010
   9 P  -176.305  137.307  171.043   85.565 -130.646 -105.768   74.681   34.485   99.287   -2.152    0.332425   -1.340365   -0.638706   -0.805513   -1.489131   -1.649123   -1.873865   -0.673556   -1.222220  -12.555    0.883   43.153 S_000010
  10 N   -73.735 -169.010   53.850   91.628 -165.481  -82.950  104.585   32.152   97.825 -125.001    0.349956   -1.271522   -0.756479   -0.811765   -1.378867   -1.748103   -1.902631   -0.650871   -1.230306  -14.735    2.051   49.616 S_000010
  11 H   -54.532  176.368   47.815   83.203    0.000    0.000   63.771   35.906   93.816   33.589    0.344244   -1.351096   -0.604233   -0.769818   -1.510396   -1.638069   -1.873373   -0.723481   -1.204914  -15.433    1.091   55.555 S_000010
