SEQUENCE: gaaaag
SCORE:     score    rna_stub_coord_hack       N_WC      N_NWC       N_BS description
REMARK RNA 
SCORE:     0.012                  0.012          0          1          1    S_000001
   1 H     0.000  170.252   55.279   83.004 -179.592  -70.830   86.055   33.877   97.651  -62.514    0.342936   -1.374226   -0.567069   -0.793044   -1.599973   -1.560077   -1.855928   -0.738773   -1.193142    3.794    0.984    0.238 S_000001
   2 P   -50.484 -176.503   35.125  140.764 -157.779 -130.731   88.154  -32.121  150.570 -155.790    0.351864   -0.261336   -1.460342   -0.801800   -1.148146   -1.917020   -1.938761   -0.729367   -1.186107    9.199    0.015   -1.497 S_000001
   3 P   161.023  139.121   55.500  153.727 -123.271  175.609   98.961  -39.837  160.777  -92.184    0.316133   -0.114002   -1.485065   -0.754793   -1.110128   -1.910535   -1.913633   -0.713393   -1.208659   15.332   -3.386   -3.624 S_000001
   4 P   -91.223  157.251   73.332   72.075 -149.353  -72.140   78.892   41.047   98.402  179.944    0.282415   -1.384874   -0.498529   -0.763903   -1.541221   -1.596249   -1.808982   -0.614830   -1.263068   20.837   -6.105   -2.733 S_000001
   5 P   -57.646 -146.257   57.461  143.472  -87.641  148.006  147.470  -36.073  161.191  121.537    0.352333   -0.200749   -1.470710   -0.763103   -1.148224   -1.890004   -1.921681   -0.697456   -1.207183   26.410   -8.729   -0.554 S_000001
   6 H    75.553 -167.078  -65.634  -71.778    0.000    0.000  -77.847  -48.458  -85.578  179.901    0.175694   -1.504261    0.174508   -0.786311   -1.748110    1.337792   -1.813368   -0.783876    1.182365   31.597  -12.139   -0.618 S_000001
SCORE:     0.005                  0.005          0          1          2    S_000002
   1 H     0.000  170.252   55.279   81.008 -148.643  -76.648   80.846   39.531   91.969  -15.733    0.297739   -1.396586   -0.512599   -0.778784   -1.554115   -1.587788   -1.862291   -0.723123   -1.213835    3.794    0.984    0.238 S_000002
   2 P   -40.735  158.388   61.965  150.549 -130.286  129.292  136.883  -36.855  151.084 -172.033    0.324339   -0.006862   -1.489584   -0.784017   -0.909806   -2.041001   -1.917190   -0.686223   -1.220788    8.350   -1.571   -2.198 S_000002
   3 P    93.120 -110.269  178.853   83.793  -96.253  -69.855   70.612   38.212   90.302  -97.276    0.312164   -1.358861   -0.607786   -0.780208   -1.462311   -1.669545   -1.873574   -0.680108   -1.228168   13.482   -2.938   -1.250 S_000002
   4 P  -147.370  132.427  163.030   85.740 -133.620  -84.078   67.702   34.176   93.870  -15.107    0.344463   -1.309014   -0.688719   -0.791759   -1.433451   -1.704701   -1.888885   -0.699291   -1.211989   19.157   -6.120    0.192 S_000002
   5 P  -166.924 -154.036  159.889   90.332 -178.658 -136.635   73.477   26.413  115.255    3.673    0.345049   -1.323606   -0.689620   -0.882069   -1.572952   -1.568229   -1.923026   -0.712384   -1.176451   25.118   -9.603   -0.633 S_000002
   6 H   -58.768  166.491   50.656   80.555    0.000    0.000   86.009   37.069   92.832  179.903    0.343890   -1.360234   -0.589050   -0.754378   -1.506379   -1.635405   -1.858326   -0.725190   -1.213822   30.505  -11.908    1.556 S_000002
SCORE:     0.006                  0.006          0          0          2    S_000003
   1 H     0.000  170.252   55.279   78.996 -151.831  -72.885   80.085   39.256   90.993  157.386    0.289806   -1.411657   -0.459761   -0.789061   -1.619978   -1.524584   -1.869590   -0.767493   -1.176790    3.794    0.984    0.238 S_000003
   2 P    69.537 -166.181  -60.499  152.696 -139.655  158.838  154.890  -32.143  140.928  -13.715    0.328084    0.063193   -1.486397   -0.834860   -0.705153   -2.117327   -1.914333   -0.684411   -1.210267    7.768   -2.552   -1.901 S_000003
   3 P    74.942  118.269  168.180   82.391 -142.061 -104.240  149.208   38.204   96.020  -24.598    0.277928   -1.412544   -0.509062   -0.826909   -1.589840   -1.561552   -1.883316   -0.717633   -1.210033   14.344   -2.518   -4.129 S_000003
   4 P   145.559 -147.661 -179.920   89.636 -147.948 -121.251  142.316   19.265  124.361   72.826    0.378876   -1.314939   -0.680925   -0.895597   -1.696331   -1.431095   -1.862822   -0.708039   -1.208086   20.160   -5.433   -2.599 S_000003
   5 P   -84.025  166.594   73.067   79.911 -179.348 -123.417   89.779   35.188   98.120  -15.624    0.325054   -1.374806   -0.576496   -0.804974   -1.563205   -1.591934   -1.872365   -0.723717   -1.206138   26.066   -8.516   -2.231 S_000003
   6 H   -50.037  175.951   38.884   78.133    0.000    0.000   98.415   40.706   94.821  -79.474    0.264701   -1.419983   -0.492801   -0.802617   -1.565290   -1.578343   -1.869953   -0.707035   -1.218781   30.540  -12.839   -2.095 S_000003
SCORE:     0.011                  0.011          0          0          1    S_000004
   1 H     0.000  170.252   55.279   78.783  168.879  -92.125   84.781   35.098   98.414  -73.156    0.327040   -1.382077   -0.552469   -0.804983   -1.585615   -1.562186   -1.868730   -0.731368   -1.201267    3.794    0.984    0.238 S_000004
   2 N   140.751   78.375  147.908   85.219 -139.919 -122.587   67.224   27.161  117.339 -128.645    0.327420   -1.390343   -0.558417   -0.896324   -1.706978   -1.419161   -1.868152   -0.719232   -1.199857    8.802   -0.764   -4.081 S_000004
   3 N  -175.260 -135.821  136.435   78.449 -104.089 -110.348   59.853   43.670   89.636  -19.355    0.297841   -1.413027   -0.429826   -0.719149   -1.549068   -1.556262   -1.833876   -0.723600   -1.219088   15.167   -3.968   -4.913 S_000004
   4 N   -96.040  106.137   98.068   69.828   18.490  144.424 -137.271   45.676   72.953  129.920    0.269892   -1.448357   -0.492480   -0.733032   -1.404794   -1.605357   -1.852935   -0.659449   -1.267127   20.831   -5.558   -3.179 S_000004
   5 P   -39.386  143.183   66.348  128.814 -146.508  -87.217   73.642  -27.279  153.460   14.549    0.385538   -0.533763   -1.385414   -0.820177   -1.402552   -1.735938   -1.940365   -0.748786   -1.168511   26.650   -7.266   -2.015 S_000004
   6 H   -72.494  178.957   54.836   77.741    0.000    0.000   72.681   40.491   90.511  179.917    0.312992   -1.406142   -0.498017   -0.743316   -1.566736   -1.587065   -1.825385   -0.714779   -1.228350   31.084  -10.858    1.157 S_000004
SCORE:     0.014                  0.014          0          0          0    S_000005
   1 H     0.000  170.252   55.279   79.414 -156.677  -72.190   72.525   41.370   92.176  -21.944    0.285261   -1.420320   -0.467796   -0.768994   -1.574863   -1.564005   -1.841097   -0.703729   -1.226632    3.794    0.984    0.238 S_000005
   2 P  -174.054  129.140   27.963  100.177   21.583  149.080  101.318   11.636  121.969 -140.077    0.435289   -1.077171   -0.981219   -0.851014   -1.442547   -1.718477   -1.926438   -0.697320   -1.193887    8.408   -1.507   -4.260 S_000005
   3 P   171.747  153.395  159.041  148.712 -150.900 -143.856  163.298  -31.676  141.216  -34.261    0.335662   -0.099384   -1.482186   -0.823846   -0.920479   -2.044532   -1.934389   -0.708140   -1.198506   14.073   -4.511   -2.625 S_000005
   4 P   163.328  133.174   67.642  136.998 -137.626 -154.012   89.421  -30.525  152.645   30.625    0.372295   -0.416181   -1.425075   -0.793600   -1.311181   -1.799090   -1.926431   -0.784884   -1.148790   20.617   -7.633   -3.757 S_000005
   5 P  -165.001  161.303 -173.575  133.891 -106.070  178.271  117.532  -28.074  146.438 -179.088    0.378253   -0.295046   -1.451292   -0.812423   -1.111908   -1.949506   -1.943126   -0.708633   -1.198702   27.644   -6.839   -2.298 S_000005
   6 H   -50.320  158.726   49.616   83.970    0.000    0.000   73.936   37.121   93.702  -30.224    0.320748   -1.360337   -0.576430   -0.780414   -1.513584   -1.621648   -1.876586   -0.727926   -1.203136   31.538  -11.303   -3.956 S_000005
SCORE:     0.015                  0.015          0          0          0    S_000006
   1 H     0.000  170.252   55.279   84.142 -175.824  -69.586   71.596   32.871  102.403 -170.023    0.315915   -1.365892   -0.593354   -0.852691   -1.570499   -1.572099   -1.895844   -0.700296   -1.200886    3.794    0.984    0.238 S_000006
   2 N  -178.810  153.055  135.770  106.704 -138.327 -112.358  127.377   22.478   87.323  -11.418    0.409131   -0.973460   -1.098711   -0.809248   -1.028300   -2.013690   -1.923910   -0.665663   -1.225656    9.295   -1.238   -2.867 S_000006
   3 N   -74.064 -177.704   48.749  150.340 -154.485  153.392  131.849  -33.312  147.447  168.918    0.335143   -0.069542   -1.482537   -0.803152   -0.912200   -2.037999   -1.931248   -0.636521   -1.234597   15.273   -4.309   -4.074 S_000006
   4 N    90.922  114.471  169.536   85.610 -136.875 -104.260  119.770   29.348  109.939  -14.490    0.338656   -1.376598   -0.581222   -0.858928   -1.661063   -1.497632   -1.883181   -0.729109   -1.201704   20.427   -9.035   -5.220 S_000006
   5 P    54.906  120.859   50.307   81.908 -160.243  -66.337   81.104   38.205   95.183  179.905    0.304420   -1.394552   -0.531504   -0.789166   -1.562381   -1.587727   -1.862853   -0.714224   -1.219502   26.190  -10.515   -3.212 S_000006
   6 H   -70.925  175.074   51.917   80.314    0.000    0.000   74.671   38.606   93.039  179.891    0.314933   -1.387473   -0.541997   -0.772991   -1.538104   -1.606837   -1.857618   -0.706703   -1.219860   31.042  -12.311   -0.041 S_000006
SCORE:     0.004                  0.004          0          1          0    S_000007
   1 H     0.000  170.252   55.279   77.005 -148.178  -66.321   68.234   43.349   92.805  179.934    0.275712   -1.446273   -0.344651   -0.740788   -1.666029   -1.450078   -1.785199   -0.736476   -1.212698    3.794    0.984    0.238 S_000007
   2 N   -56.242  153.978   73.770  143.307  -64.114 -150.572   93.283  -33.396  151.190  -50.064    0.346664   -0.307654   -1.452388   -0.793983   -1.232638   -1.858935   -1.934948   -0.784899   -1.156824    8.124   -1.804   -2.119 S_000007
   3 N   -53.025 -171.133   66.197  118.744 -156.076 -125.935  159.063  -14.860  157.092  113.222    0.397896   -0.937453   -1.149838   -0.931285   -1.661409   -1.425729   -1.958412   -0.783663   -1.114398   13.993   -5.148   -2.420 S_000007
   4 N   -64.699  147.592   42.708  144.326 -121.937  149.063  111.286  -33.988  149.157   16.091    0.337601   -0.166138   -1.474106   -0.798394   -1.061037   -1.963106   -1.929577   -0.720623   -1.192276   19.842   -6.519   -1.183 S_000007
   5 P   138.654 -155.499 -178.803   84.573 -157.267  -66.638   83.895   40.356   83.626  124.921    0.305788   -1.350020   -0.635906   -0.759551   -1.396016   -1.733941   -1.894166   -0.717771   -1.217153   26.116   -8.927   -1.208 S_000007
   6 H    54.690  118.193  179.115   83.299    0.000    0.000   63.579   36.522   97.810  -17.520    0.320850   -1.376637   -0.556032   -0.794586   -1.552938   -1.590993   -1.847776   -0.672696   -1.238098   31.208  -10.355   -3.274 S_000007
SCORE:     0.016                  0.016          0          0          1    S_000008
   1 H     0.000  170.252   55.279   81.863 -142.364  -67.255   76.245   39.578   90.438  -21.342    0.306475   -1.380506   -0.565926   -0.771319   -1.498682   -1.651221   -1.868744   -0.702511   -1.227058    3.794    0.984    0.238 S_000008
   2 P   -55.990 -149.870  178.464   92.721 -150.508  -92.989  108.751   30.458  108.250  -11.244    0.349569   -1.311333   -0.685588   -0.835411   -1.489369   -1.635126   -1.899097   -0.672145   -1.203868    8.104   -2.069   -3.525 S_000008
   3 P  -126.179  138.940  177.602  128.870 -175.447  -84.014   96.666  -24.675  144.399   34.291    0.429508   -0.180220   -1.458434   -0.791134   -0.883354   -2.050890   -1.911737   -0.664996   -1.226029   14.054   -4.473   -1.888 S_000008
   4 P   164.423 -126.231  176.251   91.863 -148.152  -95.447   90.726   36.141   94.787  -18.747    0.308216   -1.335123   -0.633984   -0.806988   -1.469271   -1.673926   -1.899392   -0.725780   -1.196649   19.271   -7.927   -1.214 S_000008
   5 N   -67.802  167.618   57.528   80.264 -147.345 -119.030   89.176   34.044  100.472  -18.559    0.326382   -1.369056   -0.585081   -0.818244   -1.566985   -1.581408   -1.859903   -0.690378   -1.223629   25.402   -9.168   -2.486 S_000008
   6 H   -60.015  173.857   51.308   80.154    0.000    0.000   79.415   35.035   99.174  -14.408    0.317313   -1.397908   -0.514197   -0.812039   -1.633120   -1.513976   -1.874562   -0.752455   -1.186682   31.437  -11.759   -2.801 S_000008
SCORE:     0.008                  0.008          0          0          1    S_000009
   1 H     0.000  170.252   55.279   76.743 -159.974  -71.649   73.143   42.368   88.505  -21.105    0.271872   -1.417179   -0.477426   -0.768224   -1.536981   -1.582993   -1.852331   -0.709048   -1.216603    3.794    0.984    0.238 S_000009
   2 P  -167.390 -149.332 -175.885   83.913  150.756  -95.707   89.836   13.877  138.649  -67.152    0.381778   -1.320424   -0.720395   -0.934930   -1.755559   -1.364770   -1.895981   -0.755930   -1.161822    8.028   -2.762   -3.439 S_000009
   3 P   -79.912 -171.943   62.586   86.663 -143.032  -73.853   81.642   42.365   89.963  -27.631    0.308807   -1.352888   -0.591053   -0.717944   -1.404096   -1.714903   -1.811804   -0.617355   -1.282968   13.824   -3.246   -2.045 S_000009
   4 P  -174.180  152.972 -160.333  104.826 -142.767  -78.703   76.242   19.884  101.194  179.947    0.387962   -1.086681   -0.991172   -0.843871   -1.294637   -1.855867   -1.944422   -0.700499   -1.202484   19.311   -7.484   -2.653 S_000009
   5 P   -60.812 -146.102   71.756  156.668  -78.282 -169.333  154.499  -36.879  159.613   62.580    0.318603   -0.121311   -1.484608   -0.802024   -1.070048   -1.952590   -1.947726   -0.665159   -1.220540   25.621   -9.696   -2.776 S_000009
   6 H   136.402 -121.335 -165.889  112.050    0.000    0.000   62.519    7.910  112.145 -121.889    0.427695   -0.876583   -1.182760   -0.854185   -1.191030   -1.946417   -1.949639   -0.656543   -1.227252   32.274   -8.780   -2.061 S_000009
SCORE:     0.012                  0.012          0          0          0    S_000010
   1 H     0.000  170.252   55.279   80.171 -144.138  -83.238   71.853   41.251   89.297  179.929    0.305800   -1.397301   -0.514812   -0.743234   -1.522557   -1.614996   -1.832574   -0.688356   -1.242826    3.794    0.984    0.238 S_000010
   2 P   161.023  139.121   55.500  153.727 -123.271  175.609   98.961  -39.837  160.777  -92.184    0.316133   -0.114002   -1.485065   -0.754793   -1.110128   -1.910535   -1.913633   -0.713393   -1.208659    7.585   -2.227   -4.867 S_000010
   3 P   128.117 -166.032 -161.321   92.406 -136.225  -61.884   63.110   41.031   87.902  -22.327    0.260237   -1.335023   -0.702115   -0.796889   -1.321722   -1.803111   -1.925782   -0.646661   -1.246176   14.160   -4.563   -5.487 S_000010
   4 P  -154.050  145.148  124.520   89.904 -156.931 -129.437   98.571   22.752  116.377   53.243    0.366115   -1.304268   -0.738772   -0.890164   -1.596323   -1.568220   -1.925176   -0.727709   -1.180955   20.264   -7.304   -4.704 S_000010
   5 P   -54.813 -177.529   51.711   88.867 -146.665  -84.196   81.010   40.973   83.203  -23.502    0.315786   -1.319153   -0.681072   -0.734657   -1.315505   -1.785794   -1.870032   -0.664536   -1.238022   26.217  -10.041   -4.014 S_000010
   6 H  -121.390  131.070   42.529   89.459    0.000    0.000  -14.568   27.785  110.437  -12.603    0.337322   -1.349895   -0.622363   -0.875721   -1.628627   -1.517894   -1.910998   -0.741382   -1.174994   31.481  -12.146   -0.938 S_000010
