SEQUENCE: gaag
SCORE:     score    rna_stub_coord_hack       N_WC      N_NWC       N_BS description
REMARK RNA 
SCORE:     0.001                  0.001          0          0          1    S_000001
   1 H     0.000  170.252   55.279  107.838 -136.857  -69.049   63.297   16.333  101.448   27.134    0.409947   -0.958254   -1.117788   -0.840627   -1.138764   -1.962413   -1.943237   -0.652217   -1.226983    3.794    0.984    0.238 S_000001
   2 P   171.747  153.395  159.041  148.712 -150.900 -143.856  163.298  -31.676  141.216  -34.261    0.335662   -0.099384   -1.482186   -0.823846   -0.920479   -2.044532   -1.934389   -0.708140   -1.198506    7.144   -3.015   -4.327 S_000001
   3 P  -176.305  137.307  171.043   85.565 -130.646 -105.768   74.681   34.485   99.287   -2.152    0.332425   -1.340365   -0.638706   -0.805513   -1.489131   -1.649123   -1.873865   -0.673556   -1.222220   11.307   -7.593   -8.052 S_000001
   4 H   104.930 -138.931 -159.755   95.899    0.000    0.000   65.966   34.998   87.108   -3.595    0.386190   -1.233989   -0.794819   -0.730725   -1.253034   -1.828682   -1.872624   -0.655139   -1.229836   14.446  -11.214  -11.926 S_000001
SCORE:     0.002                  0.002          0          1          1    S_000002
   1 H     0.000  170.252   55.279   88.970 -135.081  -74.180   64.124   35.491   93.379  179.926    0.339533   -1.304252   -0.709978   -0.781617   -1.385881   -1.744171   -1.892604   -0.688248   -1.216747    3.794    0.984    0.238 S_000002
   2 P  -170.283  161.190 -176.306  140.990 -163.860 -102.059  133.153  -32.306  149.951  165.152    0.350717   -0.168927   -1.477787   -0.803819   -1.029144   -1.981828   -1.933928   -0.657356   -1.225843    7.275   -2.764   -4.473 S_000002
   3 N   163.087  146.437  171.423   86.530 -122.756  -89.393   58.024   30.220  107.185   -5.480    0.342559   -1.360757   -0.605786   -0.843709   -1.609006   -1.540115   -1.865051   -0.695465   -1.212078   11.609   -7.098   -8.138 S_000002
   4 H     0.000  123.141  -38.666  100.480    0.000    0.000   62.931   32.904   79.089  -12.493    0.329356   -1.134193   -0.947602   -0.833011   -1.061428   -1.951112   -1.961702   -0.731960   -1.191497   12.560  -11.401  -11.310 S_000002
SCORE:     0.002                  0.002          0          0          0    S_000003
   1 H     0.000  170.252   55.279   79.812 -153.706  -64.780   73.183   39.375   93.319 -135.868    0.300599   -1.411520   -0.485110   -0.778065   -1.590188   -1.552529   -1.851199   -0.726722   -1.211851    3.794    0.984    0.238 S_000003
   2 P  -171.683  150.567  158.405   86.589 -114.846 -110.635  130.117   15.638  130.615   37.393    0.367847   -1.318887   -0.687781   -0.936999   -1.752471   -1.366717   -1.880904   -0.733340   -1.188375    8.189   -2.339   -3.771 S_000003
   3 P  -177.185 -173.566  155.371  145.456  -98.754  179.352  138.838  -24.197  141.689  170.602    0.366879   -0.185448   -1.467973   -0.847005   -0.869502   -2.069646   -1.938630   -0.653402   -1.218242   10.324   -6.941   -8.912 S_000003
   4 H   -76.140 -174.114   52.599   82.640    0.000    0.000   88.181   41.061   88.256  179.876    0.303199   -1.357180   -0.620905   -0.744776   -1.400782   -1.719430   -1.872391   -0.694911   -1.236649   14.594   -9.244  -13.186 S_000003
SCORE:     0.004                  0.004          0          1          1    S_000004
   1 H     0.000  170.252   55.279   85.868 -130.868  -74.956   55.596   37.742   88.632  148.655    0.325900   -1.318536   -0.681975   -0.769272   -1.377383   -1.745727   -1.884903   -0.676086   -1.224793    3.794    0.984    0.238 S_000004
   2 P   -87.787  177.868   72.488  125.142 -164.828 -151.898  111.548  -19.213  150.164  -29.735    0.411216   -0.574601   -1.357123   -0.857597   -1.302692   -1.814919   -1.954673   -0.693383   -1.189634    7.632   -2.425   -3.916 S_000004
   3 N  -173.868 -178.616  179.685   86.902 -146.045  -72.431   81.778   39.756   88.577  -12.629    0.302540   -1.355778   -0.621490   -0.770300   -1.422934   -1.707921   -1.886028   -0.702878   -1.216575   10.654   -7.360   -8.320 S_000004
   4 H   -82.166 -173.964   60.686   77.846    0.000    0.000   80.115   40.340   97.306  -21.172    0.300361   -1.408104   -0.490799   -0.767545   -1.555448   -1.571584   -1.839288   -0.684576   -1.232090   13.752  -11.025  -12.773 S_000004
SCORE:     0.000                  0.000          0          0          1    S_000005
   1 H     0.000  170.252   55.279   82.307 -128.256  -76.402   55.492   42.466   82.869  -20.010    0.292641   -1.369288   -0.575657   -0.742688   -1.421691   -1.699046   -1.873223   -0.714626   -1.213542    3.794    0.984    0.238 S_000005
   2 P   171.747  153.395  159.041  148.712 -150.900 -143.856  163.298  -31.676  141.216  -34.261    0.335662   -0.099384   -1.482186   -0.823846   -0.920479   -2.044532   -1.934389   -0.708140   -1.198506    6.553   -2.882   -4.920 S_000005
   3 P  -127.098 -118.371 -175.896   81.208  178.526  -67.112   87.047   27.341  111.615  177.088    0.350710   -1.380316   -0.536550   -0.864500   -1.712024   -1.401043   -1.876825   -0.710853   -1.179871    9.464   -7.507   -9.853 S_000005
   4 H   -65.268  166.412   55.446   83.375    0.000    0.000   81.265   41.475   86.124  168.637    0.293617   -1.367552   -0.575038   -0.754413   -1.433951   -1.679917   -1.854369   -0.679171   -1.228634   12.075  -11.654  -12.474 S_000005
SCORE:     0.003                  0.003          0          0          0    S_000006
   1 H     0.000  170.252   55.279  105.197 -134.408  -80.695   60.479   14.679  106.510  172.889    0.407262   -1.027809   -1.049041   -0.847082   -1.308699   -1.866198   -1.941394   -0.700283   -1.205313    3.794    0.984    0.238 S_000006
   2 N  -175.101 -147.674  159.572  141.718  176.133  146.872   62.364  -31.811 -103.226   76.911    0.331832   -0.177856   -1.485199   -0.843536   -1.029654   -1.962328   -1.977627   -0.691472   -1.204184    6.554   -3.182   -4.400 S_000006
   3 P  -127.098 -118.371 -175.896   81.208  178.526  -67.112   87.047   27.341  111.615  177.088    0.350710   -1.380316   -0.536550   -0.864500   -1.712024   -1.401043   -1.876825   -0.710853   -1.179871    9.637   -7.833   -9.072 S_000006
   4 H   -68.767  178.230   46.822   83.604    0.000    0.000   82.923   40.335   89.195  -27.480    0.279737   -1.389865   -0.539833   -0.796387   -1.508040   -1.634232   -1.878280   -0.690343   -1.223401   13.244  -11.407  -11.890 S_000006
SCORE:     0.004                  0.004          0          0          2    S_000007
   1 H     0.000  170.252   55.279   83.712 -144.575  -80.600   71.299   38.284   90.737 -143.848    0.320102   -1.352299   -0.601385   -0.769377   -1.457806   -1.664656   -1.875515   -0.709999   -1.208928    3.794    0.984    0.238 S_000007
   2 P  -166.924 -154.036  159.889   90.332 -178.658 -136.635   73.477   26.413  115.255    3.673    0.345049   -1.323606   -0.689620   -0.882069   -1.572952   -1.568229   -1.923026   -0.712384   -1.176451    7.404   -2.973   -4.124 S_000007
   3 P   165.579   89.526 -171.325   84.050 -147.163  -69.785   67.304   36.208   94.540 -135.348    0.361118   -1.328650   -0.645734   -0.740027   -1.457116   -1.689364   -1.854223   -0.685873   -1.236119   11.534   -5.633   -9.348 S_000007
   4 H   162.562 -154.558  172.013   82.657    0.000    0.000   56.482   36.741   94.543  -20.551    0.335034   -1.322778   -0.663331   -0.775902   -1.402956   -1.707932   -1.864922   -0.632165   -1.249635   14.124   -9.924  -13.485 S_000007
SCORE:     0.001                  0.001          0          0          0    S_000008
   1 H     0.000  170.252   55.279   85.505 -156.703  -65.583   70.862   33.901   97.915  -13.603    0.324837   -1.337368   -0.629065   -0.815961   -1.507677   -1.629039   -1.879460   -0.684860   -1.211073    3.794    0.984    0.238 S_000008
   2 N  -149.034  -81.925  172.404  146.046 -150.679 -107.126  111.344  -35.048  155.162  147.404    0.332662   -0.192882   -1.475955   -0.792373   -1.116447   -1.928530   -1.935508   -0.712398   -1.199196    6.721   -2.820   -4.633 S_000008
   3 P  -155.146 -150.820  117.921   86.113 -130.582 -148.643   67.544   32.888  102.779 -102.425    0.346919   -1.363914   -0.563645   -0.802385   -1.605565   -1.541881   -1.842961   -0.706156   -1.218029    8.681   -6.609  -10.425 S_000008
   4 H   -81.641 -159.492   57.448   82.136    0.000    0.000   66.959   39.839   89.155  179.905    0.312066   -1.372887   -0.571364   -0.756723   -1.480600   -1.657350   -1.864308   -0.705337   -1.223769   12.907  -11.366  -13.370 S_000008
SCORE:     0.001                  0.001          0          0          1    S_000009
   1 H     0.000  170.252   55.279   81.384 -142.256  -84.177   73.519   40.328   97.891  -12.700    0.267504   -1.427132   -0.464106   -0.791335   -1.582957   -1.519665   -1.831227   -0.631167   -1.223060    3.794    0.984    0.238 S_000009
   2 P   152.804  179.450  178.912   87.198 -154.572  -78.725   73.493   37.836   90.078  169.479    0.323288   -1.361977   -0.597100   -0.768408   -1.488119   -1.654360   -1.884994   -0.739724   -1.191211    7.499   -2.886   -4.044 S_000009
   3 N  -174.783  120.716  177.399  150.472 -127.479 -150.643  -46.738  -38.379  156.036  172.165    0.295515   -0.075973   -1.493365   -0.801078   -1.032701   -1.963612   -1.942754   -0.690149   -1.211052   10.149   -7.606   -8.453 S_000009
   4 H   -56.273 -168.683   51.236   86.096    0.000    0.000   70.165   35.677   92.911   75.125    0.324435   -1.343414   -0.658227   -0.802713   -1.459400   -1.690362   -1.901873   -0.714943   -1.203706   14.192   -8.795  -13.741 S_000009
SCORE:     0.002                  0.002          0          0          2    S_000010
   1 H     0.000  170.252   55.279   81.511 -135.809  -78.558   56.261   37.245   91.108  179.922    0.344531   -1.342480   -0.621481   -0.759232   -1.452144   -1.675975   -1.867084   -0.700273   -1.222679    3.794    0.984    0.238 S_000010
   2 P  -166.924 -154.036  159.889   90.332 -178.658 -136.635   73.477   26.413  115.255    3.673    0.345049   -1.323606   -0.689620   -0.882069   -1.572952   -1.568229   -1.923026   -0.712384   -1.176451    6.675   -3.238   -4.380 S_000010
   3 N   179.905  172.930  176.245   83.787 -128.091  -62.899 -123.244   34.070   98.131  -19.586    0.338787   -1.347342   -0.629643   -0.801847   -1.519193   -1.636661   -1.884103   -0.711999   -1.207435   11.192   -6.705   -8.699 S_000010
   4 H   -76.099  161.366   79.096   74.358    0.000    0.000   68.959   38.808   95.573  -31.907    0.313105   -1.424799   -0.438410   -0.774609   -1.643099   -1.490917   -1.843462   -0.764163   -1.192369   14.143  -10.699  -12.218 S_000010
