SEQUENCE: gaag
SCORE:     score    rna_stub_coord_hack       N_WC      N_NWC       N_BS description
REMARK RNA 
SCORE:     0.051                  0.051          0          0          0    S_000001
   1 H     0.000  170.252   55.279  127.136  -52.626   44.243  154.204   -8.465  138.710   17.604    0.428365   -0.837053   -1.212904   -0.890568   -1.439527   -1.699717   -2.006484   -0.813610   -1.094998    3.794    0.984    0.238 S_000001
   2 N   -74.064 -177.704   48.749  150.340 -154.485  153.392  131.849  -33.312  147.447  168.918    0.335143   -0.069542   -1.482537   -0.803152   -0.912200   -2.037999   -1.931248   -0.636521   -1.234597    2.706    3.733   -0.019 S_000001
   3 P   105.521  156.804  148.628  159.247 -128.125 -110.056   82.304  -40.995  149.473 -171.489    0.270028    0.135892   -1.494581   -0.790297   -0.798343   -2.074916   -1.911233   -0.674598   -1.221385   -1.234    9.572    0.133 S_000001
   4 H   -70.599 -177.031   51.330   83.756    0.000    0.000   77.874   36.561   92.324  -17.047    0.326876   -1.356908   -0.598556   -0.782786   -1.509297   -1.641936   -1.876546   -0.715241   -1.211939   -7.055   12.210    2.613 S_000001
SCORE:     0.037                  0.037          0          0          0    S_000002
   1 H     0.000  170.252   55.279   78.845    0.000    0.000   85.290   41.875   91.644  -17.012    0.277264   -1.409095   -0.512091   -0.761807   -1.539879   -1.621198   -1.864965   -0.727228   -1.216937    3.794    0.984    0.238 S_000002
   2 P  -170.283  161.190 -176.306  140.990 -163.860 -102.059  133.153  -32.306  149.951  165.152    0.350717   -0.168927   -1.477787   -0.803819   -1.029144   -1.981828   -1.933928   -0.657356   -1.225843    2.125    3.951    0.336 S_000002
   3 N  -174.783  120.716  177.399  150.472 -127.479 -150.643  -46.738  -38.379  156.036  172.165    0.295515   -0.075973   -1.493365   -0.801078   -1.032701   -1.963612   -1.942754   -0.690149   -1.211052   -3.242    7.269    3.512 S_000002
   4 H   -80.281 -151.220   57.207   92.779    0.000    0.000   92.981   31.970   99.590  -15.565    0.372541   -1.297502   -0.690904   -0.778425   -1.462968   -1.673524   -1.888689   -0.726608   -1.187614   -9.820    6.550    5.834 S_000002
SCORE:     0.041                  0.041          0          0          0    S_000003
   1 H     0.000  170.252   55.279   72.670    0.000    0.000   79.949   39.919   94.739  179.909    0.295080   -1.418555   -0.468161   -0.779909   -1.601439   -1.544974   -1.844543   -0.718787   -1.223699    3.794    0.984    0.238 S_000003
   2 P   -56.713  169.563   63.733  130.198 -145.747 -165.607  105.706  -22.591  147.628  165.119    0.387195   -0.481632   -1.393214   -0.841539   -1.246218   -1.866122   -1.947955   -0.671518   -1.217400    2.223    2.356    1.050 S_000003
   3 P  -166.924 -154.036  159.889   90.332 -178.658 -136.635   73.477   26.413  115.255    3.673    0.345049   -1.323606   -0.689620   -0.882069   -1.572952   -1.568229   -1.923026   -0.712384   -1.176451   -3.051    6.299    4.276 S_000003
   4 H   -94.657 -147.815  -76.996   86.966    0.000    0.000   68.682   38.285   86.455  -20.050    0.302660   -1.330484   -0.662597   -0.797200   -1.381987   -1.730445   -1.914309   -0.708117   -1.197767   -9.835    6.682    6.254 S_000003
SCORE:     0.041                  0.041          0          0          0    S_000004
   1 H     0.000  170.252   55.279   79.439    0.000    0.000   61.478   36.888   93.690  -22.040    0.322301   -1.355083   -0.616686   -0.788215   -1.479497   -1.663671   -1.882921   -0.695462   -1.219932    3.794    0.984    0.238 S_000004
   2 P   -56.713  169.563   63.733  130.198 -145.747 -165.607  105.706  -22.591  147.628  165.119    0.387195   -0.481632   -1.393214   -0.841539   -1.246218   -1.866122   -1.947955   -0.671518   -1.217400    2.268    2.428    1.009 S_000004
   3 P  -166.924 -154.036  159.889   90.332 -178.658 -136.635   73.477   26.413  115.255    3.673    0.345049   -1.323606   -0.689620   -0.882069   -1.572952   -1.568229   -1.923026   -0.712384   -1.176451   -2.941    6.594    4.056 S_000004
   4 H   156.892 -163.301 -163.224   84.552    0.000    0.000   60.076   37.682   91.610  -23.435    0.338927   -1.330091   -0.662072   -0.754475   -1.414190   -1.729392   -1.872428   -0.688047   -1.228916   -9.032    8.181    6.956 S_000004
SCORE:     0.062                  0.062          0          0          0    S_000005
   1 H     0.000  170.252   55.279   78.951    0.000    0.000   82.909   44.614   91.019  -25.933    0.243230   -1.461466   -0.396739   -0.778794   -1.619829   -1.544885   -1.799280   -0.673292   -1.264269    3.794    0.984    0.238 S_000005
   2 P  -167.703 -174.030 -172.706  150.262  -82.754  -98.128  162.319  -37.418  153.934  -96.537    0.341290   -0.123580   -1.479847   -0.753212   -1.075808   -1.949425   -1.900641   -0.697829   -1.213259    2.586    4.184    0.556 S_000005
   3 P   -58.446 -149.202   68.661  151.517  -94.388 -167.491  158.879  -36.566  157.616   66.657    0.314545   -0.058212   -1.465433   -0.758064   -0.951472   -2.024794   -1.934304   -0.600686   -1.266513   -3.321    7.126    2.283 S_000005
   4 H   -74.506 -172.567   51.736   80.499    0.000    0.000   75.374   41.770   88.664  -18.919    0.296234   -1.374939   -0.569280   -0.746309   -1.447265   -1.680471   -1.851825   -0.662249   -1.257273   -8.983    8.994    5.290 S_000005
SCORE:     0.053                  0.053          0          0          0    S_000006
   1 H     0.000  170.252   55.279   78.240    0.000    0.000   88.799   40.309   94.504   63.683    0.343840   -1.334451   -0.460631   -0.697339   -1.570274   -1.574408   -1.789893   -0.604886   -1.235949    3.794    0.984    0.238 S_000006
   2 P   -81.969  -86.821 -174.157   75.787 -159.050 -146.501 -176.174   43.715   78.097  179.915    0.307460   -1.373554   -0.609335   -0.719837   -1.311569   -1.716845   -1.872270   -0.619467   -1.275353    1.437    3.396   -1.228 S_000006
   3 P   149.773 -156.144  176.474   82.777 -155.799  -84.417   85.097   38.273   91.188  109.933    0.325799   -1.359624   -0.601698   -0.762572   -1.475146   -1.669392   -1.863222   -0.693642   -1.226962   -3.707    6.105    2.739 S_000006
   4 H   -64.429 -177.454   54.755   85.432    0.000    0.000   77.437   38.410   90.459  -18.783    0.320850   -1.355456   -0.609220   -0.767676   -1.456476   -1.676715   -1.873484   -0.695349   -1.222457   -7.950    9.599    5.977 S_000006
SCORE:     0.056                  0.056          0          0          0    S_000007
   1 H     0.000  170.252   55.279   78.167    0.000    0.000   84.455   38.330   96.005  -18.661    0.307848   -1.397549   -0.515312   -0.786145   -1.570452   -1.571846   -1.846967   -0.688746   -1.235540    3.794    0.984    0.238 S_000007
   2 P  -136.198 -122.857 -158.492  106.180 -124.887  -76.026   74.874   19.311  100.658  168.675    0.405981   -1.001253   -1.074308   -0.820525   -1.157218   -1.951689   -1.924168   -0.645988   -1.229494    2.699    4.710   -0.218 S_000007
   3 P  -133.749 -135.407  144.310  130.845 -116.303 -178.649  121.579  -35.275  165.934  163.039    0.368044   -0.566274   -1.363413   -0.770648   -1.563835   -1.500435   -1.902733   -0.799223   -1.154475   -3.473    6.368    2.651 S_000007
   4 H   -81.732 -173.977   57.623   82.149    0.000    0.000   77.248   41.817   87.420  -18.526    0.310937   -1.391596   -0.523999   -0.721438   -1.498453   -1.625774   -1.827780   -0.703474   -1.233033   -8.121   10.668    4.415 S_000007
SCORE:     0.051                  0.051          0          0          0    S_000008
   1 H     0.000  170.252   55.279   85.314    0.000    0.000   58.738   37.749   86.904  -16.947    0.321003   -1.301198   -0.716307   -0.779124   -1.329235   -1.782732   -1.902365   -0.676082   -1.223343    3.794    0.984    0.238 S_000008
   2 P   -56.602  169.819   59.880  148.016 -135.011  178.478  120.148  -32.889  143.708  -19.080    0.344597   -0.101549   -1.481717   -0.800183   -0.950280   -2.028627   -1.919452   -0.736545   -1.187799    2.312    2.494    0.978 S_000008
   3 P   168.992 -156.630  174.212   86.705 -137.197 -119.664  108.197   33.640   99.366  -15.229    0.329923   -1.352776   -0.624135   -0.819988   -1.531632   -1.621327   -1.886817   -0.697388   -1.214338   -2.261    6.491    4.846 S_000008
   4 H   -69.083  175.365   62.829   76.657    0.000    0.000   62.413   35.398  104.059   -6.892    0.306075   -1.449828   -0.366083   -0.821842   -1.783579   -1.342923   -1.837167   -0.807544   -1.166799   -8.365    8.054    7.245 S_000008
SCORE:     0.052                  0.052          0          0          0    S_000009
   1 H     0.000  170.252   55.279   77.459    0.000    0.000   82.806   38.403   94.472  -20.820    0.310064   -1.396062   -0.520953   -0.781177   -1.565484   -1.579192   -1.855705   -0.709133   -1.220933    3.794    0.984    0.238 S_000009
   2 P   -51.366  159.456   57.860   97.555  162.044 -150.575  116.893   13.664  118.090  -85.317    0.420194   -1.081106   -1.003611   -0.869052   -1.395608   -1.775530   -1.933883   -0.679967   -1.200976    2.493    2.207    1.146 S_000009
   3 P  -154.050  145.148  124.520   89.904 -156.931 -129.437   98.571   22.752  116.377   53.243    0.366115   -1.304268   -0.738772   -0.890164   -1.596323   -1.568220   -1.925176   -0.727709   -1.180955   -3.350    5.340    3.284 S_000009
   4 H   -90.772  163.014   80.263   82.230    0.000    0.000   67.925   33.128  100.345   74.417    0.353977   -1.337408   -0.639946   -0.789564   -1.520839   -1.632157   -1.869060   -0.711377   -1.211056   -8.885    8.770    4.563 S_000009
SCORE:     0.066                  0.066          0          0          0    S_000010
   1 H     0.000  170.252   55.279   81.901    0.000    0.000   68.658   42.190   88.788  179.888    0.314269   -1.385909   -0.531874   -0.718091   -1.485347   -1.649816   -1.843874   -0.706598   -1.237638    3.794    0.984    0.238 S_000010
   2 P   168.935  130.259   53.295  151.687 -105.787  158.269   99.642  -39.457  164.899  -78.284    0.311456   -0.213025   -1.473525   -0.773267   -1.229982   -1.822240   -1.928139   -0.719157   -1.203908    2.166    4.297   -0.212 S_000010
   3 P    95.862 -150.045 -177.753  145.463 -163.746 -130.631  132.028  -25.964  134.716  -54.064    0.372792   -0.139680   -1.476267   -0.836576   -0.849905   -2.078892   -1.921957   -0.718372   -1.188673   -2.556    6.344    3.566 S_000010
   4 H   -64.799 -177.392   49.943   80.546    0.000    0.000   61.397   38.500   91.146  -26.793    0.327500   -1.366172   -0.592027   -0.758034   -1.488217   -1.664244   -1.859882   -0.694289   -1.232352   -8.342    9.561    3.287 S_000010
