SEQUENCE: gug
SCORE:     score    rna_stub_coord_hack       N_WC      N_NWC       N_BS description
REMARK RNA 
SCORE:     0.213                  0.213          0          0          0    S_000001
   1 H     0.000  170.252   55.279  127.460  -29.346 -152.812  171.970  -31.870  154.269   11.669    0.334954   -0.528981   -1.384917   -0.815961   -1.457139   -1.640107   -1.913022   -0.729894   -1.184519    3.794    0.984    0.238 S_000001
   2 N   157.972 -132.733  176.834  147.316 -147.664 -132.370   93.539  -35.585  157.310  132.932    0.334836   -0.174948   -1.481171   -0.790795   -1.105511   -1.925075   -1.933577   -0.714100   -1.197252    6.713    3.084   -5.092 S_000001
   3 H   -64.742  156.369   64.249   81.092    0.000    0.000   77.032   41.308   88.496  179.883    0.297777   -1.392661   -0.528195   -0.752385   -1.506928   -1.631144   -1.849287   -0.696258   -1.234708    6.930    3.637  -11.445 S_000001
SCORE:     0.215                  0.215          0          0          0    S_000002
   1 H     0.000  170.252   55.279  129.183  -59.824 -134.789  124.006  -22.764  155.078  123.510    0.396802   -0.470087   -1.391613   -0.845171   -1.236091   -1.853645   -1.943051   -0.649404   -1.220917    3.794    0.984    0.238 S_000002
   2 N   139.193  142.992  174.042  129.639 -160.591  177.693   83.114  -23.461  143.572  -60.403    0.420569   -0.186802   -1.460824   -0.813666   -0.865458   -2.064083   -1.926626   -0.665631   -1.218975    7.289    2.383   -5.577 S_000002
   3 H   -75.383 -178.594   63.691   75.251    0.000    0.000   74.834   38.054   97.628  -23.361    0.289282   -1.458682   -0.330606   -0.803081   -1.769876   -1.342320   -1.837539   -0.822794   -1.150276    8.354    8.330   -8.182 S_000002
SCORE:     0.212                  0.212          0          0          0    S_000003
   1 H     0.000  170.252   55.279   81.544 -153.958   94.901  138.535   32.875  104.235 -105.975    0.332192   -1.388554   -0.543199   -0.831513   -1.629963   -1.513190   -1.854751   -0.702438   -1.218005    3.794    0.984    0.238 S_000003
   2 N   157.972 -132.733  176.834  147.316 -147.664 -132.370   93.539  -35.585  157.310  132.932    0.334836   -0.174948   -1.481171   -0.790795   -1.105511   -1.925075   -1.933577   -0.714100   -1.197252    2.625    0.708   -6.050 S_000003
   3 H   162.347 -167.333  178.731   79.367    0.000    0.000   61.969   40.849   91.763  -23.469    0.278927   -1.404942   -0.528081   -0.781029   -1.522276   -1.618093   -1.849849   -0.684317   -1.232995   -0.220    2.841  -12.320 S_000003
SCORE:     0.213                  0.213          0          0          0    S_000004
   1 H     0.000  170.252   55.279  127.460  -29.346 -152.812  171.970  -31.870  154.269   11.669    0.334954   -0.528981   -1.384917   -0.815961   -1.457139   -1.640107   -1.913022   -0.729894   -1.184519    3.794    0.984    0.238 S_000004
   2 N   157.972 -132.733  176.834  147.316 -147.664 -132.370   93.539  -35.585  157.310  132.932    0.334836   -0.174948   -1.481171   -0.790795   -1.105511   -1.925075   -1.933577   -0.714100   -1.197252    6.713    3.084   -5.092 S_000004
   3 H   -56.573  166.956   53.274   86.001    0.000    0.000   75.241   36.769   94.186  -19.810    0.322227   -1.357035   -0.606566   -0.786571   -1.493839   -1.650179   -1.875918   -0.693721   -1.223571    6.950    3.765  -11.540 S_000004
SCORE:     0.227                  0.227          0          0          0    S_000005
   1 H     0.000  170.252   55.279   89.900 -134.214   89.339  155.905   35.258   93.116  -16.928    0.334438   -1.322279   -0.672807   -0.792056   -1.435230   -1.700804   -1.896486   -0.699970   -1.208139    3.794    0.984    0.238 S_000005
   2 P   163.943 -128.251  156.993   88.697 -145.282 -110.730   75.887   26.507  113.970 -151.645    0.358278   -1.333610   -0.650743   -0.863818   -1.617939   -1.532382   -1.896931   -0.718209   -1.190022    2.672    2.027   -5.691 S_000005
   3 H   141.945 -160.238  161.770   88.314    0.000    0.000   93.472   35.462  101.249  -66.120    0.316147   -1.348419   -0.625898   -0.815885   -1.480146   -1.646242   -1.881209   -0.658803   -1.234264    1.338    3.971  -12.120 S_000005
SCORE:     0.216                  0.216          0          0          0    S_000006
   1 H     0.000  170.252   55.279   80.001 -137.131  124.205   91.783   37.837   97.494   78.412    0.314502   -1.390545   -0.517621   -0.786690   -1.558262   -1.562536   -1.861080   -0.710137   -1.211885    3.794    0.984    0.238 S_000006
   2 P   178.185 -141.779  162.057   89.493 -175.798 -165.522  102.817   12.026  135.815  -77.674    0.407427   -1.250929   -0.772444   -0.896323   -1.722154   -1.427814   -1.908611   -0.775532   -1.157236    3.231    1.649   -6.415 S_000006
   3 H   -72.661 -175.559   52.272   78.266    0.000    0.000   88.821   37.869   94.242  -19.678    0.309035   -1.368383   -0.594036   -0.790551   -1.490327   -1.651375   -1.861820   -0.656565   -1.244096   -2.217    0.858  -10.227 S_000006
SCORE:     0.221                  0.221          0          0          0    S_000007
   1 H     0.000  170.252   55.279   87.001 -128.494  127.117   88.600   30.749  103.886  -14.953    0.352883   -1.318732   -0.683013   -0.826536   -1.515610   -1.649703   -1.902752   -0.708693   -1.206017    3.794    0.984    0.238 S_000007
   2 P   178.185 -141.779  162.057   89.493 -175.798 -165.522  102.817   12.026  135.815  -77.674    0.407427   -1.250929   -0.772444   -0.896323   -1.722154   -1.427814   -1.908611   -0.775532   -1.157236    3.878    2.409   -6.272 S_000007
   3 H   -63.503  166.331   59.067   83.760    0.000    0.000   78.767   39.414   88.619  -14.787    0.301630   -1.385562   -0.559303   -0.777079   -1.511815   -1.638754   -1.874781   -0.720433   -1.212707   -1.318    3.629   -9.769 S_000007
SCORE:     0.216                  0.216          0          0          0    S_000008
   1 H     0.000  170.252   55.279   80.001 -137.131  124.205   91.783   37.837   97.494   78.412    0.314502   -1.390545   -0.517621   -0.786690   -1.558262   -1.562536   -1.861080   -0.710137   -1.211885    3.794    0.984    0.238 S_000008
   2 P   178.185 -141.779  162.057   89.493 -175.798 -165.522  102.817   12.026  135.815  -77.674    0.407427   -1.250929   -0.772444   -0.896323   -1.722154   -1.427814   -1.908611   -0.775532   -1.157236    3.231    1.649   -6.415 S_000008
   3 H   -55.650  159.672   62.979   78.232    0.000    0.000   59.284   37.749   95.458  -27.111    0.314127   -1.411672   -0.488467   -0.782764   -1.624256   -1.532923   -1.855015   -0.749858   -1.200112   -2.124    1.460   -9.582 S_000008
SCORE:     0.220                  0.220          0          0          0    S_000009
   1 H     0.000  170.252   55.279   82.994  -55.660 -137.621   53.019   34.286   95.117  -21.085    0.336096   -1.337245   -0.654011   -0.799981   -1.490636   -1.667558   -1.888778   -0.718645   -1.208817    3.794    0.984    0.238 S_000009
   2 P   175.869 -141.611  153.148   83.677 -166.053 -163.686   65.878   35.297   92.385 -141.507    0.340958   -1.323059   -0.677000   -0.782125   -1.436776   -1.707161   -1.884937   -0.705343   -1.216472    3.191    0.252   -6.443 S_000009
   3 H   -77.434  163.481   62.644   76.265    0.000    0.000   83.432   39.937   92.777  176.288    0.293345   -1.423257   -0.431968   -0.777356   -1.633057   -1.501303   -1.836246   -0.742454   -1.205181    2.690    3.639  -11.920 S_000009
SCORE:     0.212                  0.212          0          0          0    S_000010
   1 H     0.000  170.252   55.279   81.544 -153.958   94.901  138.535   32.875  104.235 -105.975    0.332192   -1.388554   -0.543199   -0.831513   -1.629963   -1.513190   -1.854751   -0.702438   -1.218005    3.794    0.984    0.238 S_000010
   2 N   157.972 -132.733  176.834  147.316 -147.664 -132.370   93.539  -35.585  157.310  132.932    0.334836   -0.174948   -1.481171   -0.790795   -1.105511   -1.925075   -1.933577   -0.714100   -1.197252    2.625    0.708   -6.050 S_000010
   3 H   -66.226  170.193   58.009   83.770    0.000    0.000   74.043   37.235   97.008  -27.243    0.314640   -1.381957   -0.547515   -0.792447   -1.552775   -1.592637   -1.858730   -0.695227   -1.221935   -0.880    3.839  -10.684 S_000010
