SEQUENCE: gug
SCORE:     score    rna_stub_coord_hack       N_WC      N_NWC       N_BS description
REMARK RNA 
SCORE:     0.211                  0.211          0          0          0    S_000001
   1 H     0.000  170.252   55.279  112.185 -156.436 -135.518   73.730    5.146  115.877 -118.267    0.416862   -0.913177   -1.149692   -0.865489   -1.315497   -1.866933   -1.956665   -0.724517   -1.188217    3.794    0.984    0.238 S_000001
   2 N   139.193  142.992  174.042  129.639 -160.591  177.693   83.114  -23.461  143.572  -60.403    0.420569   -0.186802   -1.460824   -0.813666   -0.865458   -2.064083   -1.926626   -0.665631   -1.218975    9.395   -0.429   -4.297 S_000001
   3 H   -63.676  168.214   46.652   76.820    0.000    0.000   82.662   40.285   92.619  166.963    0.300563   -1.421007   -0.449536   -0.765330   -1.611924   -1.527987   -1.835218   -0.733309   -1.210269   10.695   -1.127  -10.450 S_000001
SCORE:     0.211                  0.211          0          0          0    S_000002
   1 H     0.000  170.252   55.279   80.350 -111.314 -155.028   57.633   36.639   93.846  -23.935    0.328841   -1.364616   -0.596266   -0.780892   -1.519576   -1.641565   -1.875627   -0.717597   -1.214446    3.794    0.984    0.238 S_000002
   2 N   157.972 -132.733  176.834  147.316 -147.664 -132.370   93.539  -35.585  157.310  132.932    0.334836   -0.174948   -1.481171   -0.790795   -1.105511   -1.925075   -1.933577   -0.714100   -1.197252    6.361   -0.653   -6.176 S_000002
   3 H   -60.201  172.238   58.268   80.177    0.000    0.000   74.477   39.465   93.255  179.930    0.306890   -1.395281   -0.519618   -0.768376   -1.548661   -1.593975   -1.848134   -0.704132   -1.227975   11.020   -3.100  -10.132 S_000002
SCORE:     0.232                  0.232          0          0          0    S_000003
   1 H     0.000  170.252   55.279   78.003 -140.404 -128.149   61.770   36.763   97.258  -19.870    0.372156   -1.368451   -0.553334   -0.713184   -1.538206   -1.576650   -1.803146   -0.700772   -1.194098    3.794    0.984    0.238 S_000003
   2 N   166.635  160.533  173.997   84.453 -159.804  -61.151   65.206   37.595   92.353  179.922    0.318553   -1.359278   -0.608721   -0.780365   -1.480785   -1.665519   -1.881177   -0.705201   -1.218902    7.410   -0.360   -6.013 S_000003
   3 H   -73.571  171.163   58.391   77.357    0.000    0.000   76.663   44.553   87.975  179.890    0.263567   -1.446482   -0.403604   -0.751509   -1.601658   -1.549643   -1.856847   -0.786838   -1.180428   10.793   -1.358  -10.829 S_000003
SCORE:     0.218                  0.218          0          0          1    S_000004
   1 H     0.000  170.252   55.279   78.003 -140.404 -128.149   61.770   36.763   97.258  -19.870    0.372156   -1.368451   -0.553334   -0.713184   -1.538206   -1.576650   -1.803146   -0.700772   -1.194098    3.794    0.984    0.238 S_000004
   2 P   175.869 -141.611  153.148   83.677 -166.053 -163.686   65.878   35.297   92.385 -141.507    0.340958   -1.323059   -0.677000   -0.782125   -1.436776   -1.707161   -1.884937   -0.705343   -1.216472    7.648   -1.314   -5.351 S_000004
   3 H   -71.069 -175.316   49.994   81.327    0.000    0.000   78.927   38.993   92.290  179.910    0.311182   -1.377204   -0.562176   -0.771107   -1.506869   -1.635569   -1.865679   -0.702031   -1.225328    8.704   -1.357  -11.958 S_000004
SCORE:     0.211                  0.211          0          0          0    S_000005
   1 H     0.000  170.252   55.279   82.265 -151.470 -132.067   93.107   36.919   95.969  170.175    0.323491   -1.370408   -0.585641   -0.786852   -1.519243   -1.630731   -1.871193   -0.701063   -1.221061    3.794    0.984    0.238 S_000005
   2 N   139.193  142.992  174.042  129.639 -160.591  177.693   83.114  -23.461  143.572  -60.403    0.420569   -0.186802   -1.460824   -0.813666   -0.865458   -2.064083   -1.926626   -0.665631   -1.218975    7.914   -0.318   -5.710 S_000005
   3 H   170.068 -157.606  169.640   84.874    0.000    0.000   65.536   34.578   93.750  -24.515    0.342480   -1.317480   -0.675733   -0.792651   -1.441630   -1.696751   -1.892792   -0.698425   -1.209569    9.357   -2.635  -12.387 S_000005
SCORE:     0.220                  0.220          0          0          0    S_000006
   1 H     0.000  170.252   55.279   87.485 -109.596 -148.349   71.482   30.255  106.803  -72.521    0.335624   -1.356825   -0.604536   -0.841899   -1.613733   -1.539005   -1.851047   -0.672288   -1.232783    3.794    0.984    0.238 S_000006
   2 N   157.972 -132.733  176.834  147.316 -147.664 -132.370   93.539  -35.585  157.310  132.932    0.334836   -0.174948   -1.481171   -0.790795   -1.105511   -1.925075   -1.933577   -0.714100   -1.197252    6.601   -0.897   -5.977 S_000006
   3 H   -71.035  176.136   53.740   81.306    0.000    0.000   76.387   41.117   87.756   -5.417    0.308736   -1.374007   -0.568360   -0.744664   -1.458521   -1.673744   -1.852180   -0.682324   -1.240778   11.105   -4.108   -9.782 S_000006
SCORE:     0.214                  0.214          0          0          0    S_000007
   1 H     0.000  170.252   55.279   78.309 -132.499 -123.288   86.168   43.049   90.499  179.886    0.278007   -1.431707   -0.439132   -0.748382   -1.571584   -1.549999   -1.834552   -0.718233   -1.214356    3.794    0.984    0.238 S_000007
   2 P   178.185 -141.779  162.057   89.493 -175.798 -165.522  102.817   12.026  135.815  -77.674    0.407427   -1.250929   -0.772444   -0.896323   -1.722154   -1.427814   -1.908611   -0.775532   -1.157236    7.174   -1.756   -5.460 S_000007
   3 H   173.034 -155.098  157.594   81.108    0.000    0.000   53.206   37.371   91.609 -171.870    0.334098   -1.355850   -0.602760   -0.764158   -1.492556   -1.660942   -1.873528   -0.719829   -1.213629   10.238   -2.596  -11.894 S_000007
SCORE:     0.214                  0.214          0          0          0    S_000008
   1 H     0.000  170.252   55.279   80.379 -110.385 -150.520   82.010   38.644   93.960  -28.278    0.306539   -1.399631   -0.520190   -0.782726   -1.565638   -1.582195   -1.856082   -0.705911   -1.221237    3.794    0.984    0.238 S_000008
   2 N   157.972 -132.733  176.834  147.316 -147.664 -132.370   93.539  -35.585  157.310  132.932    0.334836   -0.174948   -1.481171   -0.790795   -1.105511   -1.925075   -1.933577   -0.714100   -1.197252    6.311   -0.915   -6.106 S_000008
   3 H   -80.147  163.477   62.112   90.903    0.000    0.000   61.731   33.350   97.823  -23.037    0.330008   -1.306771   -0.720159   -0.821413   -1.421110   -1.722769   -1.894137   -0.641099   -1.245504   10.880   -3.704   -9.988 S_000008
SCORE:     0.212                  0.212          0          0          0    S_000009
   1 H     0.000  170.252   55.279  100.251 -157.374 -132.434   75.951    8.707  126.594 -135.308    0.415308   -1.097873   -0.978481   -0.892714   -1.522449   -1.657989   -1.948792   -0.735702   -1.165265    3.794    0.984    0.238 S_000009
   2 N   139.193  142.992  174.042  129.639 -160.591  177.693   83.114  -23.461  143.572  -60.403    0.420569   -0.186802   -1.460824   -0.813666   -0.865458   -2.064083   -1.926626   -0.665631   -1.218975    8.992   -0.302   -4.767 S_000009
   3 H   -60.941 -179.436   43.089   75.560    0.000    0.000   92.007   33.855   99.746  -90.116    0.319730   -1.434427   -0.424461   -0.827160   -1.748066   -1.385743   -1.878253   -0.831539   -1.131118    9.777   -1.707  -11.022 S_000009
SCORE:     0.222                  0.222          0          0          1    S_000010
   1 H     0.000  170.252   55.279   83.936 -142.664 -123.167   90.052   36.341   91.369  179.930    0.328560   -1.348422   -0.613684   -0.782955   -1.481091   -1.647215   -1.879483   -0.725812   -1.195083    3.794    0.984    0.238 S_000010
   2 P   175.869 -141.611  153.148   83.677 -166.053 -163.686   65.878   35.297   92.385 -141.507    0.340958   -1.323059   -0.677000   -0.782125   -1.436776   -1.707161   -1.884937   -0.705343   -1.216472    7.966   -1.500   -4.979 S_000010
   3 H   -60.077 -174.014   47.992   82.714    0.000    0.000   77.870   38.430   89.967  179.886    0.299004   -1.362681   -0.610596   -0.788518   -1.466274   -1.674556   -1.890773   -0.707303   -1.206160    9.907   -1.404  -11.297 S_000010
