SEQUENCE: gaaag
SCORE:     score    rna_stub_coord_hack       N_WC      N_NWC       N_BS description
REMARK RNA 
SCORE:     0.001                  0.001          0          0          2    S_000001
   1 H     0.000  170.252   55.279   90.886 -117.730   39.793   69.010   31.818   99.175  -82.341    0.346327   -1.296448   -0.722906   -0.821484   -1.438485   -1.707425   -1.914878   -0.692589   -1.207688    3.794    0.984    0.238 S_000001
   2 P   131.342  177.075 -153.128   91.366 -117.333  -65.471   66.580   39.607   85.390 -163.994    0.329476   -1.251995   -0.785986   -0.736000   -1.186380   -1.871744   -1.894690   -0.614744   -1.262383    0.582    0.466   -3.683 S_000001
   3 P   -65.069 -179.536   55.538   81.223 -154.807  -68.690   72.688   32.178  104.314 -148.083    0.337061   -1.390715   -0.531064   -0.826318   -1.664171   -1.488472   -1.865995   -0.750652   -1.189295   -3.339    0.914   -8.605 S_000001
   4 P  -117.356   78.766  152.289   84.543 -132.316  -68.848   62.158   37.698   90.344  -15.581    0.322935   -1.348605   -0.622837   -0.774808   -1.454441   -1.682579   -1.885989   -0.714108   -1.208428   -4.990    1.196  -14.203 S_000001
   5 H   -65.230  155.437   72.159   83.715    0.000    0.000   76.674   40.346   88.438  -23.533    0.301012   -1.362223   -0.584132   -0.755246   -1.448300   -1.671103   -1.828442   -0.640396   -1.257781   -9.251    3.283  -17.790 S_000001
SCORE:     0.001                  0.001          0          0          1    S_000002
   1 H     0.000  170.252   55.279  148.488 -106.342   72.983  116.294  -41.368  164.123  113.301    0.304157   -0.032415   -1.479560   -0.745385   -1.033427   -1.939282   -1.916115   -0.665939   -1.240515    3.794    0.984    0.238 S_000002
   2 P   146.615 -167.000 -169.815   82.470 -132.725  -70.289   71.708   40.712   88.644   81.510    0.299093   -1.387817   -0.540911   -0.761575   -1.502633   -1.637962   -1.858264   -0.706118   -1.223254    5.944    4.881   -2.449 S_000002
   3 P   -79.879 -149.144   59.613   75.913 -135.617  -66.802 -177.800   42.726   72.535  -46.913    0.328581   -1.336696   -0.632034   -0.700590   -1.326005   -1.757941   -1.866641   -0.722284   -1.218509    7.251   10.367   -6.251 S_000002
   4 P  -116.943   87.117  165.784   84.174 -136.954  -66.572   68.530   39.787   85.511  167.236    0.309170   -1.355702   -0.612589   -0.762140   -1.425812   -1.697764   -1.885733   -0.713548   -1.207527    8.674   11.392  -11.986 S_000002
   5 H   -60.408  159.962   69.644   80.313    0.000    0.000   72.638   43.835   89.642  175.023    0.293250   -1.429598   -0.437412   -0.724146   -1.545354   -1.560137   -1.848162   -0.766166   -1.180997   10.107   15.044  -16.410 S_000002
SCORE:     0.002                  0.002          0          0          1    S_000003
   1 H     0.000  170.252   55.279   85.499 -134.441   60.986   89.035   30.460  110.491  166.627    0.343743   -1.365989   -0.577470   -0.837147   -1.619984   -1.505176   -1.853176   -0.690739   -1.223613    3.794    0.984    0.238 S_000003
   2 P   -62.985  155.973   47.188   98.298 -132.757  -87.072   69.613   21.546  105.462 -177.352    0.396100   -1.161997   -0.904870   -0.814331   -1.405569   -1.773853   -1.904805   -0.712454   -1.204010    0.895   -0.403   -2.379 S_000003
   3 N   -82.360  147.141   83.702   75.649 -135.365  -81.995   69.575   34.082  104.432  -17.349    0.316371   -1.422990   -0.441205   -0.834939   -1.712625   -1.411785   -1.847575   -0.756866   -1.190910   -3.863    0.200   -6.391 S_000003
   4 N  -173.124   78.055  146.836   78.999 -161.137  -61.152  -76.373   37.422   95.813    9.915    0.312401   -1.397380   -0.528472   -0.795907   -1.576124   -1.573417   -1.876411   -0.738611   -1.195916   -6.579    0.382  -12.762 S_000003
   5 H   -72.950  174.269   57.390   87.631    0.000    0.000   65.881   37.742   90.450  149.421    0.321689   -1.337719   -0.647107   -0.774921   -1.424536   -1.709065   -1.890527   -0.704535   -1.214413  -10.277    0.237  -17.484 S_000003
SCORE:     0.001                  0.001          0          0          3    S_000004
   1 H     0.000  170.252   55.279   88.554 -133.686   62.547  -56.473   27.429  110.344  -20.335    0.337088   -1.344814   -0.664614   -0.883478   -1.595798   -1.556803   -1.912368   -0.710499   -1.189445    3.794    0.984    0.238 S_000004
   2 P   133.672  116.324  174.939   85.959 -147.791  -72.484   76.620   37.073   93.583  177.523    0.326800   -1.349232   -0.605191   -0.775282   -1.479584   -1.652634   -1.864206   -0.707319   -1.206991    1.752   -0.578   -5.370 S_000004
   3 N   -52.702  172.923   49.702   84.169 -165.377 -100.510   95.305   35.324   96.911 -144.598    0.323649   -1.362952   -0.603981   -0.808138   -1.526598   -1.626536   -1.889159   -0.716986   -1.203713   -1.509   -1.283  -10.427 S_000004
   4 P   -64.542  166.932   49.250   85.723 -146.457  -52.721  108.194   38.093   91.856   84.779    0.317589   -1.349882   -0.626292   -0.775122   -1.449983   -1.693609   -1.881039   -0.693795   -1.223350   -4.991   -1.557  -15.535 S_000004
   5 H   -70.738  179.182   52.404   82.328    0.000    0.000   73.483   36.397   93.160  -29.853    0.327911   -1.347048   -0.628023   -0.780741   -1.472325   -1.663587   -1.877161   -0.703678   -1.218221   -9.696    1.762  -17.436 S_000004
SCORE:     0.002                  0.002          0          1          0    S_000005
   1 H     0.000  170.252   55.279  114.844 -127.645  142.681  157.865   -8.623  142.086    4.988    0.429522   -0.873960   -1.170300   -0.878817   -1.507883   -1.646647   -1.956431   -0.762273   -1.144670    3.794    0.984    0.238 S_000005
   2 P   -41.221 -170.897   61.729   83.324 -155.282  -64.710   75.018   38.591   92.149  179.464    0.318509   -1.363544   -0.597664   -0.766451   -1.471509   -1.665608   -1.862521   -0.682661   -1.233100    5.784    4.296   -3.896 S_000005
   3 N   -72.357 -151.472   49.780   81.174 -164.099  -71.322   83.142   35.143  102.721  162.584    0.332737   -1.394703   -0.512393   -0.793263   -1.627524   -1.514373   -1.837470   -0.709998   -1.217697    3.680    6.879   -9.516 S_000005
   4 P   -79.126  166.307   77.723  150.834  -98.890  160.827  125.960  -31.518  155.489   23.132    0.310030   -0.076579   -1.483199   -0.874991   -0.901705   -2.090662   -1.955273   -0.672872   -1.209360    0.626    6.953  -14.711 S_000005
   5 H   -97.494  134.869  114.924   80.980    0.000    0.000   68.302   38.968   93.332  179.880    0.301922   -1.409133   -0.483124   -0.778553   -1.594870   -1.540379   -1.857145   -0.743816   -1.193495    1.457    9.402  -19.526 S_000005
SCORE:     0.000                  0.000          0          0          1    S_000006
   1 H     0.000  170.252   55.279   89.900 -134.214   89.339  155.905   35.258   93.116  -16.928    0.334438   -1.322279   -0.672807   -0.792056   -1.435230   -1.700804   -1.896486   -0.699970   -1.208139    3.794    0.984    0.238 S_000006
   2 P   -51.574  168.362   54.024   89.767 -155.620  -52.344   76.427   34.093   93.683  -17.480    0.349538   -1.280770   -0.747936   -0.787594   -1.359440   -1.765972   -1.899655   -0.666777   -1.230797    1.172    1.574   -3.512 S_000006
   3 P  -136.188  147.408  170.784   84.536 -136.102  -73.016   76.513   39.583   86.659  179.914    0.336335   -1.326095   -0.664039   -0.729869   -1.374732   -1.758977   -1.869372   -0.707693   -1.223661   -1.849    2.172   -9.068 S_000006
   4 P   -79.951 -177.169   58.770   87.849  168.613  -30.615  103.792   35.558   95.913   -0.120    0.294995   -1.336398   -0.650766   -0.832877   -1.459073   -1.676656   -1.908383   -0.685715   -1.210299   -6.059    3.758  -13.830 S_000006
   5 H   161.034 -140.546  147.890   87.801    0.000    0.000   76.249   33.683  102.671   32.988    0.318035   -1.345685   -0.638511   -0.829089   -1.508034   -1.631284   -1.881762   -0.657957   -1.235352   -5.497    1.323  -19.202 S_000006
SCORE:     0.001                  0.001          0          0          1    S_000007
   1 H     0.000  170.252   55.279  124.091  -42.929 -109.786  116.376    1.476  135.974   12.384    0.430289   -0.818793   -1.215310   -0.896714   -1.208586   -1.862373   -1.958635   -0.540097   -1.257599    3.794    0.984    0.238 S_000007
   2 P   -84.041  159.860   79.292   87.904 -121.213  -68.601   65.167   31.864   92.860  -14.179    0.380417   -1.282692   -0.726011   -0.774293   -1.421205   -1.711094   -1.890984   -0.745601   -1.182490    6.494    1.073   -5.598 S_000007
   3 P   -42.813  172.564   62.689   86.654 -148.259  -81.416  105.254   26.297  108.865  157.759    0.382543   -1.281921   -0.730584   -0.825161   -1.531852   -1.632710   -1.887034   -0.710804   -1.206484    4.139    4.366  -10.088 S_000007
   4 P  -112.908   84.497  170.464   87.540 -125.413  -77.907   63.669   39.166   84.620  -18.286    0.329033   -1.302810   -0.708279   -0.747225   -1.310337   -1.791840   -1.895668   -0.719297   -1.206481    2.809    7.892  -14.625 S_000007
   5 H   -98.187 -171.246   56.700   83.874    0.000    0.000   72.842   41.179   89.547  -12.255    0.293278   -1.386874   -0.523424   -0.762099   -1.501941   -1.625010   -1.851420   -0.690597   -1.231183    1.074    9.661  -21.003 S_000007
SCORE:     0.000                  0.000          0          0          0    S_000008
   1 H     0.000  170.252   55.279  108.341 -154.455  144.859  154.862    7.887  130.719   18.703    0.420150   -1.104275   -0.981401   -0.908339   -1.517571   -1.622796   -1.953956   -0.705910   -1.160258    3.794    0.984    0.238 S_000008
   2 P   -40.354 -158.817   49.644  128.615 -179.467  167.792  161.168  -26.483  154.594   35.551    0.411607   -0.223169   -1.457199   -0.800461   -0.980869   -1.992723   -1.933841   -0.715384   -1.197698    4.906    3.113   -5.239 S_000008
   3 P    87.693 -124.524 -166.514  105.152 -163.034   93.959  107.621    9.743  133.912   13.249    0.414659   -1.101163   -0.970586   -0.901745   -1.478920   -1.638627   -1.913380   -0.601823   -1.211710    1.010    4.977   -9.191 S_000008
   4 P    66.130  155.881  -61.655  144.963 -144.838 -142.478 -172.796  -32.612  150.588   99.950    0.350612   -0.202099   -1.471910   -0.803603   -1.079357   -1.943498   -1.930262   -0.705946   -1.190799   -2.259    4.572  -14.442 S_000008
   5 H   -58.532  169.783   51.142   83.648    0.000    0.000   81.565   36.997   94.666  172.355    0.327952   -1.345857   -0.627394   -0.778081   -1.464089   -1.679221   -1.869601   -0.677050   -1.234830   -2.707    5.109  -20.961 S_000008
SCORE:     0.001                  0.001          0          0          0    S_000009
   1 H     0.000  170.252   55.279   73.207 -129.642  129.343   84.228   42.982  101.449  -27.611    0.214312   -1.460777   -0.312969   -0.825836   -1.703399   -1.409443   -1.774589   -0.650070   -1.257011    3.794    0.984    0.238 S_000009
   2 N  -177.273 -162.111  158.007   82.397 -111.875  -67.426   50.579   37.278   90.257 -117.389    0.341432   -1.326101   -0.655434   -0.760894   -1.414072   -1.715668   -1.876548   -0.690976   -1.223045    2.325    1.612   -6.177 S_000009
   3 N  -170.307  112.999  -95.177   98.190  109.664  109.088  -53.120  -22.458  146.151   43.704    0.458845   -0.235087   -1.444238   -0.774511   -0.913551   -2.044484   -1.902210   -0.692072   -1.217429    0.424   -1.367  -12.054 S_000009
   4 N  -149.449  161.904  169.889   81.813 -145.400  -65.994  120.751   29.215  116.975    7.240    0.321253   -1.415703   -0.497345   -0.892978   -1.732380   -1.385977   -1.824266   -0.691127   -1.230135   -6.487   -1.354  -12.608 S_000009
   5 H   -57.235  162.291   53.165   92.929    0.000    0.000   99.584   30.943  100.022  -15.140    0.343727   -1.299428   -0.720117   -0.832917   -1.458976   -1.688346   -1.910670   -0.676980   -1.221703  -11.919   -2.792  -14.239 S_000009
SCORE:     0.001                  0.001          0          0          2    S_000010
   1 H     0.000  170.252   55.279   80.616 -143.215  141.626   94.886   36.493  100.325  -24.459    0.303910   -1.415829   -0.478200   -0.816304   -1.645344   -1.497457   -1.855539   -0.725155   -1.208018    3.794    0.984    0.238 S_000010
   2 P   -67.799 -146.390   61.351  138.077 -111.780  179.539  136.456  -32.975  164.412   24.654    0.345876   -0.486313   -1.408181   -0.813296   -1.436410   -1.666158   -1.937060   -0.759364   -1.169281    2.265    1.627   -5.639 S_000010
   3 P  -104.993  127.762   90.615   79.264 -133.815  -75.470   56.583   38.260   94.324  -26.479    0.301404   -1.426043   -0.432946   -0.785314   -1.672634   -1.473623   -1.854459   -0.791924   -1.170323   -2.959    1.535   -8.211 S_000010
   4 P   -73.001  169.269   61.284   93.556 -159.125  -61.904   84.379   32.321   95.478  164.905    0.388662   -1.231341   -0.816391   -0.746769   -1.292620   -1.806062   -1.888191   -0.700272   -1.212954   -7.258    2.064  -12.846 S_000010
   5 H   -57.520  150.796   72.596   87.528    0.000    0.000   82.147   41.563   88.292  -19.562    0.298916   -1.357638   -0.597686   -0.741474   -1.411872   -1.704498   -1.833863   -0.623299   -1.271697   -7.450    0.518  -18.047 S_000010
