SEQUENCE: gug
SCORE:     score    rna_stub_coord_hack       N_WC      N_NWC       N_BS description
REMARK RNA 
SCORE:     0.082                  0.082          0          1          0    S_000001
   1 H     0.000  170.252   55.279  143.197  -81.152  143.472  111.631  -27.348  155.745    8.388    0.371059   -0.446060   -1.412322   -0.844862   -1.288927   -1.796603   -1.963000   -0.689676   -1.200875    3.794    0.984    0.238 S_000001
   2 P   172.221  170.024  171.796   84.129 -153.577  -72.042   72.192   39.656   89.017  -28.887    0.311251   -1.365201   -0.594033   -0.760653   -1.459103   -1.679404   -1.872372   -0.699463   -1.227364    8.958    4.118   -1.622 S_000001
   3 H   -62.622  170.398   50.256   83.745    0.000    0.000   81.947   35.748   93.825  -23.538    0.329221   -1.350555   -0.617210   -0.789610   -1.504155   -1.649358   -1.886940   -0.716054   -1.211082   12.764    8.792   -2.182 S_000001
SCORE:     0.088                  0.088          0          0          0    S_000002
   1 H     0.000  170.252   55.279   90.257   13.695 -172.138  100.147   36.829   95.262   23.973    0.314302   -1.335704   -0.661065   -0.793291   -1.427519   -1.706190   -1.882266   -0.650724   -1.248154    3.794    0.984    0.238 S_000002
   2 N   157.972 -132.733  176.834  147.316 -147.664 -132.370   93.539  -35.585  157.310  132.932    0.334836   -0.174948   -1.481171   -0.790795   -1.105511   -1.925075   -1.933577   -0.714100   -1.197252    4.771    3.766   -5.330 S_000002
   3 H   130.127 -143.121 -155.450   86.329    0.000    0.000   60.087   37.605   86.426  -30.490    0.297118   -1.352808   -0.613007   -0.806226   -1.455945   -1.662035   -1.908932   -0.733769   -1.181028    1.875    7.412  -10.143 S_000002
SCORE:     0.076                  0.076          0          0          0    S_000003
   1 H     0.000  170.252   55.279  127.460  -29.346 -152.812  171.970  -31.870  154.269   11.669    0.334954   -0.528981   -1.384917   -0.815961   -1.457139   -1.640107   -1.913022   -0.729894   -1.184519    3.794    0.984    0.238 S_000003
   2 N   139.193  142.992  174.042  129.639 -160.591  177.693   83.114  -23.461  143.572  -60.403    0.420569   -0.186802   -1.460824   -0.813666   -0.865458   -2.064083   -1.926626   -0.665631   -1.218975    7.777    3.812   -4.364 S_000003
   3 H    48.364  167.951   48.827   80.964    0.000    0.000   60.087   39.151   90.950  -21.249    0.301070   -1.400363   -0.522488   -0.781783   -1.557578   -1.593082   -1.875012   -0.743713   -1.199062   10.915    9.539   -5.289 S_000003
SCORE:     0.078                  0.078          0          0          0    S_000004
   1 H     0.000  170.252   55.279   81.482  -48.128 -174.127   63.568   46.657   79.128  -32.250    0.227007   -1.432377   -0.376966   -0.720364   -1.599067   -1.521959   -1.779063   -0.662959   -1.248677    3.794    0.984    0.238 S_000004
   2 N   139.193  142.992  174.042  129.639 -160.591  177.693   83.114  -23.461  143.572  -60.403    0.420569   -0.186802   -1.460824   -0.813666   -0.865458   -2.064083   -1.926626   -0.665631   -1.218975    4.298    2.930   -6.281 S_000004
   3 H   -52.094 -161.031   55.112   83.524    0.000    0.000   61.051   37.810   87.300  -20.269    0.314926   -1.338951   -0.640524   -0.781255   -1.421220   -1.696902   -1.886830   -0.696867   -1.215373    0.605    7.774   -8.576 S_000004
SCORE:     0.078                  0.078          0          0          0    S_000005
   1 H     0.000  170.252   55.279  152.866  -83.040  124.351  127.521  -41.294  164.030   17.731    0.251126   -0.016197   -1.508144   -0.813186   -1.015222   -1.993826   -1.935398   -0.731056   -1.203750    3.794    0.984    0.238 S_000005
   2 P   162.674 -163.177  159.428   82.571 -154.808  -93.860  101.117   34.024   98.651 -140.915    0.336743   -1.340740   -0.643676   -0.800614   -1.510057   -1.653203   -1.886811   -0.725183   -1.204588    9.163    3.809   -0.607 S_000005
   3 H   -67.819  177.429   51.226   78.269    0.000    0.000   83.995   41.162   89.942  -29.441    0.289023   -1.422596   -0.455369   -0.764365   -1.601356   -1.549811   -1.844836   -0.739238   -1.212845   13.495    8.578   -0.412 S_000005
SCORE:     0.078                  0.078          0          0          0    S_000006
   1 H     0.000  170.252   55.279  152.866  -83.040  124.351  127.521  -41.294  164.030   17.731    0.251126   -0.016197   -1.508144   -0.813186   -1.015222   -1.993826   -1.935398   -0.731056   -1.203750    3.794    0.984    0.238 S_000006
   2 P   162.674 -163.177  159.428   82.571 -154.808  -93.860  101.117   34.024   98.651 -140.915    0.336743   -1.340740   -0.643676   -0.800614   -1.510057   -1.653203   -1.886811   -0.725183   -1.204588    9.163    3.809   -0.607 S_000006
   3 H   -56.988  170.951   52.295   82.361    0.000    0.000   79.168   34.514   98.975  -11.463    0.334403   -1.367835   -0.589616   -0.802774   -1.563845   -1.600091   -1.881916   -0.727619   -1.205447   13.445    8.342   -0.169 S_000006
SCORE:     0.077                  0.077          0          0          0    S_000007
   1 H     0.000  170.252   55.279  143.197  -81.152  143.472  111.631  -27.348  155.745    8.388    0.371059   -0.446060   -1.412322   -0.844862   -1.288927   -1.796603   -1.963000   -0.689676   -1.200875    3.794    0.984    0.238 S_000007
   2 P   178.185 -141.779  162.057   89.493 -175.798 -165.522  102.817   12.026  135.815  -77.674    0.407427   -1.250929   -0.772444   -0.896323   -1.722154   -1.427814   -1.908611   -0.775532   -1.157236    9.391    3.416   -2.258 S_000007
   3 H   153.463 -152.604 -179.461   84.033    0.000    0.000   58.451   36.405   96.503  -21.744    0.322883   -1.367332   -0.594503   -0.793235   -1.519745   -1.632095   -1.872868   -0.697041   -1.219996   13.048    9.393   -2.279 S_000007
SCORE:     0.076                  0.076          0          0          0    S_000008
   1 H     0.000  170.252   55.279  127.460  -29.346 -152.812  171.970  -31.870  154.269   11.669    0.334954   -0.528981   -1.384917   -0.815961   -1.457139   -1.640107   -1.913022   -0.729894   -1.184519    3.794    0.984    0.238 S_000008
   2 N   139.193  142.992  174.042  129.639 -160.591  177.693   83.114  -23.461  143.572  -60.403    0.420569   -0.186802   -1.460824   -0.813666   -0.865458   -2.064083   -1.926626   -0.665631   -1.218975    7.777    3.812   -4.364 S_000008
   3 H   -65.506  171.986   53.508   81.081    0.000    0.000   80.341   39.310   92.335  170.657    0.299772   -1.400284   -0.516455   -0.780309   -1.553652   -1.585463   -1.855786   -0.710043   -1.221257    9.725    9.891   -4.053 S_000008
SCORE:     0.078                  0.078          0          0          0    S_000009
   1 H     0.000  170.252   55.279   81.482  -48.128 -174.127   63.568   46.657   79.128  -32.250    0.227007   -1.432377   -0.376966   -0.720364   -1.599067   -1.521959   -1.779063   -0.662959   -1.248677    3.794    0.984    0.238 S_000009
   2 N   139.193  142.992  174.042  129.639 -160.591  177.693   83.114  -23.461  143.572  -60.403    0.420569   -0.186802   -1.460824   -0.813666   -0.865458   -2.064083   -1.926626   -0.665631   -1.218975    4.298    2.930   -6.281 S_000009
   3 H   -63.810  170.696   52.303   80.167    0.000    0.000   79.224   39.664   91.018  179.941    0.309111   -1.396429   -0.509950   -0.763206   -1.556344   -1.588561   -1.854066   -0.724608   -1.216234    1.047    7.937   -8.479 S_000009
SCORE:     0.082                  0.082          0          0          0    S_000010
   1 H     0.000  170.252   55.279  154.316  -87.383  121.204  109.599  -38.659  154.891 -122.446    0.319178   -0.048777   -1.489550   -0.765467   -1.002175   -1.985105   -1.911969   -0.716839   -1.204007    3.794    0.984    0.238 S_000010
   2 N   171.907 -142.720  167.049   86.726 -165.883  -76.422   58.359   35.774   92.593  -22.203    0.331391   -1.326734   -0.672887   -0.790536   -1.430654   -1.708910   -1.900351   -0.704493   -1.210487    9.252    3.676   -0.920 S_000010
   3 H   -61.224  163.211   58.756   73.358    0.000    0.000   71.129   41.497   91.476  -23.362    0.234780   -1.489283   -0.366452   -0.849380   -1.703885   -1.460332   -1.821412   -0.687199   -1.233296   13.977    6.947   -0.028 S_000010
