SEQUENCE: gaag
SCORE:     score    rna_stub_coord_hack       N_WC      N_NWC       N_BS description
REMARK RNA 
SCORE:     0.597                  0.597          0          1          0    S_000001
   1 H     0.000  170.252   55.279  106.170   75.955   -1.312  164.441   -3.140  135.043 -170.108    0.445626   -0.858437   -1.186027   -0.869478   -1.382080   -1.770539   -1.947288   -0.687305   -1.199117    3.794    0.984    0.238 S_000001
   2 P  -179.483  121.682   70.368   91.800 -149.757 -126.294   81.671   20.316  123.160  -14.526    0.372007   -1.322424   -0.684680   -0.899497   -1.689724   -1.458033   -1.896820   -0.741500   -1.175807    7.590    2.143    2.277 S_000001
   3 P   -68.290  165.624   53.091  148.683 -120.580  175.250  113.124  -37.907  158.220 -145.963    0.336084   -0.197418   -1.472562   -0.755729   -1.177993   -1.869278   -1.909839   -0.730576   -1.194448    8.372    1.217    8.689 S_000001
   4 H   -40.395  166.850   35.957   70.818    0.000    0.000   82.175   38.203   96.060  -25.628    0.302775   -1.426520   -0.431591   -0.795970   -1.667974   -1.477409   -1.858561   -0.762801   -1.190651    9.582    2.256   14.642 S_000001
SCORE:     0.622                  0.622          0          0          1    S_000002
   1 H     0.000  170.252   55.279   77.993    0.000    0.000  118.360   31.591  107.462  -16.194    0.336269   -1.391770   -0.526220   -0.834643   -1.679830   -1.473646   -1.873166   -0.762242   -1.185250    3.794    0.984    0.238 S_000002
   2 P    69.861 -154.800  176.565   90.255 -134.226  -85.003  -59.508   26.661  109.626   24.109    0.364141   -1.322510   -0.685604   -0.856782   -1.585689   -1.579423   -1.906855   -0.730112   -1.179273    3.623    2.660    1.504 S_000002
   3 P  -172.604  161.126  159.864  155.138 -101.607 -139.360  -48.863  -40.948  155.621   78.591    0.319081    0.026124   -1.484098   -0.731166   -0.944630   -1.986654   -1.887978   -0.700564   -1.211859    6.455    4.395    7.751 S_000002
   4 H   -63.038  162.813   66.650   81.267    0.000    0.000   60.604   37.132   96.940  153.912    0.314941   -1.387761   -0.548724   -0.786954   -1.567000   -1.589843   -1.860925   -0.724286   -1.205337    7.689    4.909   14.306 S_000002
SCORE:     0.531                  0.531          0          0          1    S_000003
   1 H     0.000  170.252   55.279  106.170   75.955   -1.312  164.441   -3.140  135.043 -170.108    0.445626   -0.858437   -1.186027   -0.869478   -1.382080   -1.770539   -1.947288   -0.687305   -1.199117    3.794    0.984    0.238 S_000003
   2 P  -179.630  115.281   62.224  122.274 -131.448 -164.064   84.287  -17.095  153.564  143.373    0.421273   -0.734637   -1.265427   -0.864863   -1.468550   -1.653260   -1.954534   -0.733221   -1.166445    7.622    2.262    2.180 S_000003
   3 P   153.178 -153.207 -178.631   82.668 -139.550  -73.249   64.126   35.520   95.260  -16.961    0.322942   -1.357707   -0.586556   -0.789863   -1.548629   -1.610887   -1.878842   -0.729786   -1.203609    6.515    1.748    9.259 S_000003
   4 H   -51.818  153.330   57.741   78.453    0.000    0.000   65.556   43.217   87.854   69.199    0.296363   -1.413757   -0.484206   -0.728913   -1.524113   -1.611606   -1.841656   -0.739331   -1.204653    4.777    1.607   14.786 S_000003
SCORE:     0.623                  0.623          0          0          0    S_000004
   1 H     0.000  170.252   55.279  113.581   92.249  -54.576  141.974  -25.861  140.708   51.693    0.382093   -0.375366   -1.438906   -0.832179   -1.172444   -1.918177   -1.927813   -0.756018   -1.137279    3.794    0.984    0.238 S_000004
   2 N    48.320 -175.266 -174.572  139.899  -85.359  -82.172  -18.014  -30.842  144.287   39.325    0.345593   -0.211979   -1.463859   -0.822015   -1.053382   -1.958648   -1.937095   -0.744573   -1.159363    6.061    1.775    2.583 S_000004
   3 P  -111.694   90.416  162.275   83.530 -131.818  -71.832   54.082   37.679   89.061  -25.101    0.339703   -1.326763   -0.648139   -0.752360   -1.421267   -1.715751   -1.872971   -0.699424   -1.222344    4.876   -0.107    8.282 S_000004
   4 H   -52.821  179.067   43.868  111.047    0.000    0.000   66.474    7.195  116.522 -128.282    0.422988   -0.916983   -1.140113   -0.854247   -1.279206   -1.882701   -1.942042   -0.665026   -1.222083    2.767   -0.740   14.136 S_000004
SCORE:     0.543                  0.543          0          0          2    S_000005
   1 H     0.000  170.252   55.279  106.170   75.955   -1.312  164.441   -3.140  135.043 -170.108    0.445626   -0.858437   -1.186027   -0.869478   -1.382080   -1.770539   -1.947288   -0.687305   -1.199117    3.794    0.984    0.238 S_000005
   2 P   -57.485  160.139   75.855  150.070 -129.358 -140.723  124.656  -40.385  156.749  145.069    0.321419   -0.067867   -1.491898   -0.742948   -1.064012   -1.946365   -1.896169   -0.757348   -1.185391    5.814    0.570    2.529 S_000005
   3 P   -97.476  136.006   69.320   83.889   39.835  156.241   87.400   28.852  110.560 -104.625    0.361857   -1.302046   -0.693470   -0.827090   -1.509085   -1.616184   -1.840760   -0.611610   -1.256937    6.502   -0.766    8.755 S_000005
   4 H   -87.885  168.859   77.714   80.929    0.000    0.000   78.725   38.928   92.087   90.959    0.324362   -1.357591   -0.606784   -0.760874   -1.443315   -1.680515   -1.850395   -0.657247   -1.245019    7.878   -2.269   15.108 S_000005
SCORE:     0.556                  0.556          0          0          0    S_000006
   1 H     0.000  170.252   55.279   92.806   61.511   19.411  146.953    6.793  131.621 -110.100    0.435793   -1.127796   -0.934629   -0.873161   -1.609943   -1.562353   -1.924958   -0.752337   -1.174484    3.794    0.984    0.238 S_000006
   2 P  -179.630  115.281   62.224  122.274 -131.448 -164.064   84.287  -17.095  153.564  143.373    0.421273   -0.734637   -1.265427   -0.864863   -1.468550   -1.653260   -1.954534   -0.733221   -1.166445    7.384    2.956    1.627 S_000006
   3 N   137.587 -170.533 -171.519   94.799 -145.911  -66.460   70.720   36.799   89.486  -16.397    0.343215   -1.223738   -0.846956   -0.763254   -1.164451   -1.899283   -1.893385   -0.551026   -1.273253    8.373    2.040    8.691 S_000006
   4 H    80.993  112.629   72.286   82.138    0.000    0.000   62.942   37.351   95.116   80.347    0.309553   -1.406975   -0.487242   -0.788528   -1.632143   -1.524323   -1.869445   -0.773607   -1.181414    6.831   -1.194   13.706 S_000006
SCORE:     0.561                  0.561          0          0          0    S_000007
   1 H     0.000  170.252   55.279   92.806   61.511   19.411  146.953    6.793  131.621 -110.100    0.435793   -1.127796   -0.934629   -0.873161   -1.609943   -1.562353   -1.924958   -0.752337   -1.174484    3.794    0.984    0.238 S_000007
   2 P   -57.485  160.139   75.855  150.070 -129.358 -140.723  124.656  -40.385  156.749  145.069    0.321419   -0.067867   -1.491898   -0.742948   -1.064012   -1.946365   -1.896169   -0.757348   -1.185391    6.493    0.676    2.137 S_000007
   3 P   -68.603  166.827   63.543   86.574 -135.796 -131.885   73.014   27.101  113.414  -11.973    0.368256   -1.296553   -0.706050   -0.843406   -1.527216   -1.605968   -1.861679   -0.637858   -1.237027    9.571   -0.198    7.981 S_000007
   4 H  -134.468  118.732  150.896   86.722    0.000    0.000   73.292   39.184   85.006  179.890    0.310100   -1.331492   -0.667084   -0.769663   -1.369026   -1.745671   -1.896020   -0.694401   -1.217741    8.899    0.671   14.558 S_000007
SCORE:     0.541                  0.541          0          0          0    S_000008
   1 H     0.000  170.252   55.279  100.547   41.845  -32.535   90.374    9.692  124.390  179.909    0.456370   -0.991871   -1.067046   -0.836217   -1.335706   -1.804399   -1.897621   -0.605146   -1.248537    3.794    0.984    0.238 S_000008
   2 P    83.922  155.779  172.347  150.835 -109.404 -100.633  -46.095  -39.295  159.270 -110.432    0.315190   -0.142798   -1.487833   -0.765905   -1.137976   -1.900967   -1.919913   -0.741333   -1.190146    5.130    3.358    2.114 S_000008
   3 N  -175.101 -147.674  159.572  141.718  176.133  146.872   62.364  -31.811 -103.226   76.911    0.331832   -0.177856   -1.485199   -0.843536   -1.029654   -1.962328   -1.977627   -0.691472   -1.204184    7.102    2.403    8.733 S_000008
   4 H   -61.476  178.971   53.609   81.609    0.000    0.000   71.957   38.631   91.660  -24.337    0.319147   -1.366787   -0.574923   -0.765782   -1.483459   -1.638410   -1.857129   -0.701085   -1.216324    8.023    3.355   14.985 S_000008
SCORE:     0.647                  0.647          0          0          1    S_000009
   1 H     0.000  170.252   55.279   92.806   61.511   19.411  146.953    6.793  131.621 -110.100    0.435793   -1.127796   -0.934629   -0.873161   -1.609943   -1.562353   -1.924958   -0.752337   -1.174484    3.794    0.984    0.238 S_000009
   2 P   -26.073 -133.487  175.348  148.183 -105.196  172.498   87.609  -34.450  152.955  142.439    0.341256   -0.150125   -1.469813   -0.796322   -1.054308   -1.959486   -1.938921   -0.693496   -1.204238    6.045    1.512    2.155 S_000009
   3 N  -113.899  147.252   69.531   75.972 -150.155  -63.263   67.762   38.956   98.850  178.546    0.258300   -1.448710   -0.351219   -0.834014   -1.724356   -1.386119   -1.862347   -0.783092   -1.175846    8.846    1.492    7.569 S_000009
   4 H   -55.337 -173.769   48.087  146.036    0.000    0.000  130.470  -38.281  161.872  -93.384    0.313157   -0.222373   -1.476087   -0.781889   -1.217398   -1.845066   -1.936522   -0.739788   -1.192451    8.917    3.326   13.418 S_000009
SCORE:     0.632                  0.632          0          1          0    S_000010
   1 H     0.000  170.252   55.279   71.830    0.000    0.000   79.141   38.789   97.135  179.919    0.302066   -1.407842   -0.510832   -0.787683   -1.571380   -1.570566   -1.828152   -0.669578   -1.246409    3.794    0.984    0.238 S_000010
   2 N    53.192 -161.037  175.152  102.886 -106.983  -96.155  -42.520   11.420  118.697 -105.907    0.382850   -1.184632   -0.889493   -0.899824   -1.622114   -1.580014   -1.926318   -0.747705   -1.166649    3.376    2.591    1.437 S_000010
   3 P  -133.749 -135.407  144.310  130.845 -116.303 -178.649  121.579  -35.275  165.934  163.039    0.368044   -0.566274   -1.363413   -0.770648   -1.563835   -1.500435   -1.902733   -0.799223   -1.154475    8.114    4.201    6.488 S_000010
   4 H   -56.301  169.813   47.251   79.379    0.000    0.000   77.638   39.411   91.829  -89.751    0.313012   -1.386397   -0.542719   -0.762517   -1.526311   -1.621315   -1.852379   -0.705245   -1.227524   10.998    4.291   12.095 S_000010
