SEQUENCE: gaaaaaaaaaag
SCORE:     score    rna_stub_coord_hack       N_WC      N_NWC       N_BS description
REMARK RNA 
SCORE:     0.000                  0.000          0          0          1    S_000001
   1 H     0.000  170.252   55.279   85.261 -151.292  -61.450   75.814   33.407  104.574   71.790    0.335280   -1.350220   -0.574401   -0.805855   -1.577534   -1.563704   -1.777481   -0.612317   -1.264886    3.794    0.984    0.238 S_000001
   2 P  -102.206  104.044  177.543   84.918 -159.296 -123.397   89.660   37.394   91.577    3.421    0.315398   -1.361384   -0.611624   -0.789758   -1.479457   -1.664147   -1.886766   -0.708525   -1.210084    8.366   -0.853   -2.303 S_000001
   3 P   -59.738  159.981   47.437   79.933 -126.418 -100.442   71.169   47.139   83.697  179.874    0.292530   -1.401403   -0.516691   -0.672950   -1.390610   -1.688132   -1.833183   -0.708934   -1.225572   12.570    3.796   -2.179 S_000001
   4 P   -69.590 -157.897   49.285   82.335 -155.087  -71.292   82.030   34.378   98.114  179.913    0.335892   -1.357404   -0.617046   -0.800833   -1.530282   -1.623821   -1.881719   -0.713974   -1.208823   19.030    5.975   -3.558 S_000001
   5 P   -75.919 -135.821 -175.098   83.972 -150.764  -37.001  145.918   30.179  104.208  -24.330    0.355597   -1.335363   -0.656648   -0.828154   -1.558996   -1.606023   -1.886573   -0.716262   -1.208985   23.748    4.733   -8.213 S_000001
   6 P   -61.589  174.919   54.301   83.164 -148.884 -114.815   81.421   38.116   93.490 -174.133    0.311029   -1.376950   -0.562607   -0.784301   -1.519572   -1.621959   -1.872301   -0.709334   -1.214773   28.081    7.206  -10.799 S_000001
   7 N   -49.211  158.029   54.784   79.738 -142.526  -74.483   65.148   37.399  100.744  -10.051    0.259783   -1.425816   -0.443804   -0.858172   -1.653901   -1.468390   -1.836127   -0.659815   -1.240717   32.684   10.479  -13.420 S_000001
   8 N   -46.515  170.814   54.574   82.775 -156.347  161.350  147.795   44.886   73.334  179.916    0.288869   -1.314372   -0.708817   -0.706878   -1.220930   -1.864989   -1.869740   -0.700627   -1.238808   35.580   15.620  -14.730 S_000001
   9 N   -64.220  136.902   46.050   83.235 -143.382  -82.032   80.484   40.705   90.130  168.924    0.304454   -1.400362   -0.528132   -0.752720   -1.513361   -1.612763   -1.862207   -0.721498   -1.225293   41.159   15.688  -15.305 S_000001
  10 P  -177.064  149.176   51.206  146.042  -66.306   79.095   99.556  -33.560  151.802   23.378    0.336492   -0.174683   -1.482851   -0.813497   -1.065304   -1.960595   -1.943703   -0.705085   -1.193342   46.964   19.067  -17.462 S_000001
  11 P   128.956 -167.652 -160.064   94.077 -138.076  -61.821   62.136   41.185   91.268  -28.351    0.283460   -1.304384   -0.747649   -0.765217   -1.247291   -1.847116   -1.908601   -0.603222   -1.274693   50.465   22.193  -18.327 S_000001
  12 H   -69.062 -179.819   51.471   79.642    0.000    0.000   78.227   38.776   95.728  179.921    0.302270   -1.411216   -0.482042   -0.784046   -1.604415   -1.540360   -1.844360   -0.715104   -1.222544   55.012   26.440  -17.774 S_000001
SCORE:     0.003                  0.003          0          1          1    S_000002
   1 H     0.000  170.252   55.279   81.759 -153.933  -70.781   79.965   34.746   96.888  179.936    0.338839   -1.361391   -0.585940   -0.791437   -1.543247   -1.591273   -1.860732   -0.711605   -1.204809    3.794    0.984    0.238 S_000002
   2 P   -51.109 -127.115   52.301  149.405  -76.479 -103.106  139.378  -39.029  161.030  168.794    0.320446   -0.208368   -1.473864   -0.758573   -1.212175   -1.845690   -1.915978   -0.743680   -1.190785    8.660   -0.916   -3.521 S_000002
   3 N   -82.156 -178.131   65.687   87.777 -117.567  153.003   78.574   44.022   78.089  -93.605    0.269456   -1.355165   -0.632535   -0.738511   -1.326739   -1.762801   -1.897296   -0.724995   -1.217472   10.075    2.211   -9.403 S_000002
   4 P   -56.915  168.860   46.596   79.761 -148.639  -74.956   86.615   38.180   90.373  179.917    0.316291   -1.377895   -0.565224   -0.775194   -1.521984   -1.626456   -1.868462   -0.724064   -1.203137   15.589    3.394  -10.554 S_000002
   5 N   -82.360  147.141   83.702   75.649 -135.365  -81.995   69.575   34.082  104.432  -17.349    0.316371   -1.422990   -0.441205   -0.834939   -1.712625   -1.411785   -1.847575   -0.756866   -1.190910   21.237    5.300  -10.289 S_000002
   6 P   -75.806 -175.513   51.772   82.436 -143.895  -64.831   86.600   34.439   94.606  -17.081    0.342890   -1.340238   -0.642713   -0.791486   -1.495812   -1.656863   -1.883558   -0.711681   -1.210144   26.011    9.811  -11.315 S_000002
   7 P  -107.578   97.168 -177.271  143.643 -131.030  178.688  120.658  -32.430  152.932   29.109    0.352604   -0.297211   -1.456663   -0.800522   -1.199935   -1.879208   -1.940664   -0.747500   -1.176350   27.811   15.180  -10.381 S_000002
   8 P   157.537  170.229   51.306  115.354   61.088  -93.344  110.103  -19.342  135.551  -89.123    0.411108   -0.463930   -1.399791   -0.846018   -1.158210   -1.927864   -1.955994   -0.759332   -1.154332   34.421   15.688  -13.157 S_000002
   9 P  -167.703 -174.030 -172.706  150.262  -82.754  -98.128  162.319  -37.418  153.934  -96.537    0.341290   -0.123580   -1.479847   -0.753212   -1.075808   -1.949425   -1.900641   -0.697829   -1.213259   38.895   17.808  -14.254 S_000002
  10 P  -133.749 -135.407  144.310  130.845 -116.303 -178.649  121.579  -35.275  165.934  163.039    0.368044   -0.566274   -1.363413   -0.770648   -1.563835   -1.500435   -1.902733   -0.799223   -1.154475   42.854   22.821  -16.841 S_000002
  11 P    -0.581  132.255   50.625  107.247 -176.646  170.699  124.892    7.020  126.425  -60.564    0.400679   -1.003954   -1.089962   -0.934956   -1.370340   -1.757156   -1.991337   -0.706313   -1.146661   46.328   26.767  -20.142 S_000002
  12 H   -57.296  178.410   57.610   80.680    0.000    0.000   70.343   36.296   94.213  179.896    0.317038   -1.376282   -0.576876   -0.797957   -1.544638   -1.607643   -1.872085   -0.711644   -1.210037   52.584   26.124  -21.524 S_000002
SCORE:     0.003                  0.003          0          1          3    S_000003
   1 H     0.000  170.252   55.279   80.523 -165.921  -84.364   78.417   33.568   99.628  -64.802    0.331416   -1.392347   -0.515432   -0.819163   -1.650203   -1.495209   -1.883522   -0.783220   -1.157558    3.794    0.984    0.238 S_000003
   2 N   -80.783 -179.724  171.364  150.415 -105.293  -85.848  144.059  -41.493  160.580   18.623    0.335151   -0.050284   -1.486102   -0.714523   -1.063570   -1.925667   -1.885168   -0.721521   -1.203089    9.164   -0.109   -3.045 S_000003
   3 N   -74.064 -177.704   48.749  150.340 -154.485  153.392  131.849  -33.312  147.447  168.918    0.335143   -0.069542   -1.482537   -0.803152   -0.912200   -2.037999   -1.931248   -0.636521   -1.234597   14.605    3.677   -4.032 S_000003
   4 N   -87.266  142.757   60.009  137.536 -102.003  -64.567  123.849  -32.460  155.701   30.340    0.348745   -0.329097   -1.445197   -0.807810   -1.240602   -1.838404   -1.933058   -0.683642   -1.211014   19.625    6.411   -3.474 S_000003
   5 P  -160.249  166.068  171.487   91.115 -136.630 -101.713   76.539   34.876   95.142  175.357    0.323572   -1.335492   -0.650661   -0.813480   -1.473315   -1.673547   -1.901744   -0.711585   -1.198626   23.090   12.070   -3.994 S_000003
   6 N   -70.443 -167.722   51.755   93.173  123.329  -97.835  101.915   28.273  100.650 -112.099    0.350732   -1.173409   -0.879789   -0.854740   -1.245858   -1.819409   -1.953517   -0.676129   -1.177028   27.473   17.259   -4.898 S_000003
   7 P   -56.713  169.563   63.733  130.198 -145.747 -165.607  105.706  -22.591  147.628  165.119    0.387195   -0.481632   -1.393214   -0.841539   -1.246218   -1.866122   -1.947955   -0.671518   -1.217400   30.690   19.446   -8.061 S_000003
   8 P   -28.662 -166.113   46.037   74.652 -170.323  -76.350  102.614   32.179  109.934 -145.993    0.302736   -1.464200   -0.326920   -0.868115   -1.856749   -1.228412   -1.852363   -0.847111   -1.129310   33.287   21.001  -13.737 S_000003
   9 P   -74.059 -175.225   45.400   80.867 -157.526  -83.278   87.944   35.691   97.946  -27.364    0.327864   -1.388266   -0.542483   -0.798248   -1.591825   -1.563191   -1.872858   -0.739435   -1.198459   38.079   19.499  -17.442 S_000003
  10 N   -66.085  173.227   55.840   82.100 -140.688  -68.077   74.820   38.886   92.189 -174.516    0.324506   -1.364427   -0.586293   -0.755625   -1.477179   -1.659867   -1.851878   -0.675986   -1.241338   43.606   20.490  -20.129 S_000003
  11 N   -56.242  153.978   73.770  143.307  -64.114 -150.572   93.283  -33.396  151.190  -50.064    0.346664   -0.307654   -1.452388   -0.793983   -1.232638   -1.858935   -1.934948   -0.784899   -1.156824   47.700   24.491  -20.729 S_000003
  12 H   -65.087 -174.483   48.103   81.297    0.000    0.000   86.539   37.370   91.583  -17.548    0.320709   -1.353898   -0.620102   -0.779682   -1.466995   -1.671128   -1.875392   -0.691221   -1.221951   50.800   30.115  -22.954 S_000003
SCORE:     0.001                  0.001          0          1          2    S_000004
   1 H     0.000  170.252   55.279   81.544 -163.125  -67.904   74.352   37.555   97.479  179.936    0.324036   -1.364977   -0.600204   -0.773797   -1.491669   -1.653244   -1.857808   -0.666941   -1.246600    3.794    0.984    0.238 S_000004
   2 N   -56.987 -154.615   48.144   91.922 -159.097  137.619  107.998   34.067   96.763 -169.171    0.333592   -1.286895   -0.740909   -0.785795   -1.392999   -1.756566   -1.854054   -0.619662   -1.265584    8.979   -1.026   -2.691 S_000004
   3 N   140.871 -140.937   65.283   82.477 -154.632 -108.168  -75.900   28.453  116.597 -109.343    0.341394   -1.396742   -0.535581   -0.868297   -1.716905   -1.422424   -1.855431   -0.733783   -1.201077   10.473    2.041   -8.470 S_000004
   4 P   -82.645 -177.969   72.751  145.260 -157.503 -148.229  111.875  -38.545  157.429  -12.075    0.322205   -0.223436   -1.480851   -0.764697   -1.222995   -1.851784   -1.919902   -0.771160   -1.168755   16.918    4.045   -8.284 S_000004
   5 N   -89.818 -167.844   59.639  153.827 -136.181  139.150  132.646  -37.935  153.424  148.810    0.316975    0.019676   -1.487882   -0.777948   -0.895329   -2.038770   -1.920246   -0.652799   -1.237878   23.133    7.170   -7.724 S_000004
   6 P   101.797  -96.122 -172.534   81.515 -127.829  121.069   35.966   34.204  103.163  -14.520    0.331064   -1.354404   -0.599408   -0.806132   -1.545875   -1.603311   -1.866972   -0.699787   -1.221077   27.884   10.199   -7.534 S_000004
   7 P    58.230  129.620  -47.326  113.025 -171.629  -10.811  177.124  -11.110  150.794  171.898    0.433026   -0.850127   -1.193181   -0.878369   -1.511388   -1.625117   -1.954570   -0.743743   -1.158027   32.943   10.088  -11.231 S_000004
   8 P   -53.426  167.329   65.141  115.360 -113.777 -159.626   97.404   -5.403  134.937   56.068    0.427600   -0.829890   -1.204746   -0.881835   -1.388628   -1.769707   -1.954577   -0.702966   -1.187770   35.334   14.371  -12.014 S_000004
   9 N   -66.783  177.139   52.339   83.583 -152.725  -70.815   76.448   37.895   94.726  -25.926    0.301254   -1.386632   -0.561208   -0.798486   -1.540083   -1.617854   -1.874796   -0.710102   -1.220521   37.867   18.993  -16.099 S_000004
  10 P   -59.803  169.236   63.962   79.014 -139.997  -70.006   71.336   36.511  100.104  -24.536    0.348526   -1.388437   -0.484137   -0.749406   -1.644830   -1.516308   -1.861410   -0.773936   -1.170359   42.230   22.512  -18.228 S_000004
  11 P  -104.055   86.844  168.780   82.130 -119.848  -68.983   61.467   39.168   87.620  176.564    0.316688   -1.351873   -0.625528   -0.762949   -1.427076   -1.705653   -1.879876   -0.700139   -1.217629   47.033   25.298  -19.439 S_000004
  12 H   147.308 -118.532  173.028   85.813    0.000    0.000   61.314   38.543   89.655  -26.421    0.314254   -1.346061   -0.638633   -0.771912   -1.425412   -1.710046   -1.881802   -0.688387   -1.226678   51.937   28.257  -19.418 S_000004
SCORE:     0.008                  0.008          0          0          4    S_000005
   1 H     0.000  170.252   55.279   78.225 -155.975  -63.766   66.040   35.971  104.251  -14.142    0.294358   -1.443681   -0.378328   -0.826900   -1.755988   -1.365710   -1.821162   -0.764579   -1.195274    3.794    0.984    0.238 S_000005
   2 P   -37.448 -147.215   83.339  140.447 -114.221   81.634  103.259  -32.410  158.268 -136.836    0.362072   -0.381094   -1.427740   -0.792254   -1.311762   -1.801975   -1.933168   -0.730102   -1.199551    8.628   -1.318   -2.678 S_000005
   3 N  -175.260 -135.821  136.435   78.449 -104.089 -110.348   59.853   43.670   89.636  -19.355    0.297841   -1.413027   -0.429826   -0.719149   -1.549068   -1.556262   -1.833876   -0.723600   -1.219088   12.466    2.538   -0.632 S_000005
   4 P   -76.659  171.540   57.901   91.448 -169.958  -39.838  120.997   30.661  100.515  179.933    0.346775   -1.265247   -0.769800   -0.828698   -1.389877   -1.736163   -1.897067   -0.639770   -1.228523   16.178    8.239    0.044 S_000005
   5 P   160.815  105.099   88.582   92.840 -161.979 -164.996   83.120   14.294  126.435  -66.900    0.405061   -1.212048   -0.841187   -0.889406   -1.604759   -1.561045   -1.922890   -0.729780   -1.183130   20.361   11.416   -4.218 S_000005
   6 P    95.862 -150.045 -177.753  145.463 -163.746 -130.631  132.028  -25.964  134.716  -54.064    0.372792   -0.139680   -1.476267   -0.836576   -0.849905   -2.078892   -1.921957   -0.718372   -1.188673   25.726   10.997   -7.776 S_000005
   7 N   -89.416  179.770   68.063   86.948 -160.705  -68.806   84.356   31.217   98.619   75.126    0.351183   -1.297167   -0.716501   -0.815403   -1.463527   -1.692901   -1.895446   -0.696648   -1.212089   28.495   13.424  -13.497 S_000005
   8 P   -83.459 -169.228   58.253   83.358   52.826  125.135  129.335   18.604  127.801   57.716    0.383809   -1.280962   -0.739637   -0.899868   -1.635654   -1.494238   -1.869344   -0.658307   -1.238128   31.460   17.971  -16.975 S_000005
   9 P   -86.192  138.858   60.509   83.535 -127.710  -69.736   54.568   34.169   99.968  179.883    0.333598   -1.367578   -0.594574   -0.803675   -1.567377   -1.597132   -1.870634   -0.718786   -1.208460   35.222   22.556  -18.275 S_000005
  10 P    55.198 -135.935  -63.314  129.823 -138.133 -122.026  -50.037  -24.590  146.871 -177.812    0.430171   -0.232990   -1.446075   -0.790036   -0.956098   -2.016309   -1.909673   -0.700146   -1.206941   40.299   22.645  -19.654 S_000005
  11 N   -77.365 -176.338   58.391   74.765 -156.939  -70.647   91.071   44.888   87.462  179.939    0.248745   -1.459120   -0.342094   -0.753561   -1.660177   -1.477038   -1.817617   -0.771719   -1.193889   45.876   26.687  -20.001 S_000005
  12 H   -57.302  170.630   52.122   79.898    0.000    0.000   73.840   38.677   92.777 -154.201    0.310417   -1.389350   -0.547916   -0.777414   -1.543029   -1.618857   -1.857224   -0.709331   -1.228892   50.441   29.253  -22.820 S_000005
SCORE:     0.004                  0.004          0          0          2    S_000006
   1 H     0.000  170.252   55.279   81.398 -160.092  -61.462   73.290   43.891   85.395  179.916    0.278417   -1.401761   -0.496541   -0.733187   -1.491816   -1.630298   -1.829444   -0.682156   -1.239444    3.794    0.984    0.238 S_000006
   2 P   -39.132 -128.014  178.683  148.423 -128.491 -161.176   82.490  -39.164  159.768  138.907    0.324895   -0.118877   -1.481124   -0.753142   -1.105909   -1.924168   -1.915263   -0.709937   -1.216600    8.763   -0.946   -2.660 S_000006
   3 P    59.205 -169.774  169.994   82.204   80.460  167.001   74.794  -29.020  150.381   20.416    0.452785   -0.303022   -1.415288   -0.717528   -1.153978   -1.907994   -1.882718   -0.714793   -1.216736   15.361   -1.788   -2.750 S_000006
   4 P   -73.784 -136.674   65.003   93.602   55.712  100.910  136.596   18.295  115.084  142.157    0.414781   -1.154956   -0.917319   -0.856962   -1.421293   -1.727181   -1.932139   -0.681515   -1.198908   21.313    1.855   -3.047 S_000006
   5 P   -78.911 -169.149   58.439   85.144 -146.898  -77.052   83.771   36.354   94.736 -163.441    0.315298   -1.334718   -0.645427   -0.793959   -1.455317   -1.686336   -1.884541   -0.694172   -1.218709   27.320    1.755   -3.504 S_000006
   6 P   -38.449  157.673   56.422   86.575 -149.404 -132.935  127.803   31.460   99.494  165.329    0.348234   -1.339664   -0.648897   -0.820908   -1.543872   -1.615460   -1.901210   -0.747956   -1.178941   31.830    4.231   -6.089 S_000006
   7 P   148.018 -159.875 -170.615   87.549 -119.792 -112.836  138.540   18.188  129.368 -128.410    0.355368   -1.375549   -0.603355   -0.943437   -1.797650   -1.296900   -1.849026   -0.736252   -1.191218   36.605    8.035   -9.616 S_000006
   8 P   -57.736  162.553   56.638   83.821 -137.123  -71.445   97.002   38.295   92.172  -26.200    0.313925   -1.368669   -0.593257   -0.777445   -1.489117   -1.659305   -1.871371   -0.700179   -1.223607   40.938   12.316  -12.076 S_000006
   9 P   -69.060  158.001   50.963  152.118  -75.221   88.510  111.640  -39.002  155.518   20.782    0.327932    0.003917   -1.486927   -0.754277   -0.941824   -2.012803   -1.893463   -0.728977   -1.200165   41.734   16.652  -16.211 S_000006
  10 P   -92.939 -157.251   72.273   80.702 -138.658  -71.406  120.550   26.572  119.653  -25.007    0.381744   -1.367359   -0.535897   -0.834388   -1.694051   -1.378889   -1.727162   -0.611294   -1.272815   45.451   18.440  -17.740 S_000006
  11 P   -82.522 -173.901   50.300  139.055 -115.199  179.062  149.082  -32.367  151.652  165.711    0.349502   -0.343881   -1.444356   -0.804139   -1.257945   -1.837809   -1.936483   -0.771964   -1.159998   49.073   23.594  -19.642 S_000006
  12 H   -54.051  161.061   58.334   82.395    0.000    0.000   68.509   38.760  100.247  -28.862    0.283927   -1.405690   -0.477991   -0.806786   -1.592463   -1.532201   -1.800469   -0.639113   -1.266672   52.435   28.210  -21.995 S_000006
SCORE:     0.000                  0.000          0          0          3    S_000007
   1 H     0.000  170.252   55.279   80.688 -158.703  -66.207   85.382   38.050   92.022    0.915    0.311552   -1.364420   -0.595668   -0.785130   -1.479146   -1.655034   -1.866809   -0.684612   -1.229436    3.794    0.984    0.238 S_000007
   2 P   -45.877  171.997   75.861  114.066  -86.988  127.298  114.576   -5.946  151.499   12.917    0.390667   -1.089589   -1.018092   -0.963554   -1.699214   -1.376075   -1.908622   -0.717401   -1.162452    8.553   -1.510   -1.882 S_000007
   3 N   142.531 -133.070  155.122   84.070 -126.958  -78.167   53.380   33.395   92.183 -154.433    0.362469   -1.276649   -0.753847   -0.780352   -1.371336   -1.768302   -1.906329   -0.706404   -1.209605   14.336    0.741   -1.792 S_000007
   4 P   -81.625  174.445   64.623   86.591 -144.247  -78.552   92.499   41.182   89.419 -161.996    0.287730   -1.352342   -0.631047   -0.749493   -1.387051   -1.720470   -1.883960   -0.733275   -1.196339   20.621    2.267   -2.906 S_000007
   5 P   -57.826 -133.076   56.158  149.114 -133.146 -129.050  173.582  -38.935  149.380   81.360    0.323357   -0.155953   -1.475697   -0.748668   -1.138336   -1.884735   -1.900474   -0.754213   -1.175144   25.437    3.161   -7.447 S_000007
   6 N   -62.862  154.213   63.938   88.989 -137.440  -88.948   91.088   35.447   93.702 -167.246    0.316714   -1.335892   -0.681079   -0.814089   -1.432187   -1.705256   -1.907559   -0.685520   -1.208629   28.677    6.474  -11.921 S_000007
   7 P  -145.272  107.505  161.174   94.670  147.437  143.710   84.320   28.447   90.169 -113.690    0.361024   -1.094483   -0.996074   -0.845065   -1.073377   -1.943138   -1.954076   -0.689021   -1.181845   32.074   11.391  -15.056 S_000007
   8 N  -179.250 -166.013  129.781  120.122  -54.028 -107.369   80.057  -11.845  149.741   -1.105    0.430942   -0.816289   -1.205684   -0.865629   -1.484501   -1.648810   -1.947298   -0.719888   -1.183177   38.178   15.423  -15.349 S_000007
   9 P   -62.904  166.303   61.155   83.045 -140.996  151.430   75.827   36.729   95.233  -29.856    0.321163   -1.377233   -0.562799   -0.786456   -1.545210   -1.597135   -1.867334   -0.719722   -1.207132   43.245   17.005  -18.985 S_000007
  10 P   -42.463  142.372   16.407   81.670 -155.605  -42.658   78.682   41.412   90.893  -18.928    0.270200   -1.420898   -0.454158   -0.780857   -1.580289   -1.542502   -1.842933   -0.709188   -1.214955   45.270   22.125  -18.807 S_000007
  11 N   -82.217 -170.488   61.468   91.861  -35.643   72.723   77.966   21.709  127.829  -11.457    0.364219   -1.322231   -0.696308   -0.905344   -1.642520   -1.489579   -1.823622   -0.602902   -1.275969   49.185   25.247  -22.350 S_000007
  12 H   -59.339  163.790   55.791   84.904    0.000    0.000   86.757   33.503   95.148   14.660    0.342814   -1.326721   -0.664553   -0.800148   -1.482973   -1.665292   -1.882826   -0.705508   -1.214530   51.468   26.356  -20.363 S_000007
SCORE:     0.009                  0.009          0          0          3    S_000008
   1 H     0.000  170.252   55.279   81.034 -166.468  -73.964   77.296   33.955   98.282  -70.102    0.335520   -1.383082   -0.554584   -0.807405   -1.612634   -1.548433   -1.886547   -0.765657   -1.174489    3.794    0.984    0.238 S_000008
   2 P   -97.972 -152.339   81.706  124.769 -146.581  162.724  125.829  -16.565  146.909   34.182    0.440902   -0.620888   -1.321854   -0.837849   -1.312903   -1.792966   -1.931445   -0.672971   -1.201510    9.050   -1.103   -3.437 S_000008
   3 P   154.785  148.880   62.755  143.221 -118.428  172.337   94.118  -32.342  157.772   32.106    0.346938   -0.351961   -1.445871   -0.812180   -1.268003   -1.828910   -1.947184   -0.738139   -1.184255   13.048   -0.677   -9.306 S_000008
   4 P   -85.845 -173.829   66.091   90.964 -137.795  -65.309   92.922   30.799   99.106 -110.090    0.324885   -1.302303   -0.688496   -0.846349   -1.493855   -1.650884   -1.906788   -0.695019   -1.203080   18.602    0.005  -12.537 S_000008
   5 P   -26.073 -133.487  175.348  148.183 -105.196  172.498   87.609  -34.450  152.955  142.439    0.341256   -0.150125   -1.469813   -0.796322   -1.054308   -1.959486   -1.938921   -0.693496   -1.204238   24.671   -0.587  -12.819 S_000008
   6 P  -100.971 -171.432   67.283   73.815 -176.317  -49.864   82.082   37.286   99.775  -79.084    0.292707   -1.392228   -0.528397   -0.817774   -1.538532   -1.549750   -1.850415   -0.674671   -1.201409   30.398    2.175  -11.260 S_000008
   7 P   176.702  160.643  167.668   85.335 -126.737  -66.967   55.542   33.327  101.410  -11.198    0.361856   -1.350232   -0.600435   -0.780133   -1.563066   -1.595816   -1.858907   -0.707637   -1.223511   34.647    7.092  -11.115 S_000008
   8 P   -56.602  169.819   59.880  148.016 -135.011  178.478  120.148  -32.889  143.708  -19.080    0.344597   -0.101549   -1.481717   -0.800183   -0.950280   -2.028627   -1.919452   -0.736545   -1.187799   38.389   11.395  -13.255 S_000008
   9 P   -75.644  168.083   67.814   90.941 -157.060 -127.340   91.236   30.922  102.656 -145.099    0.354641   -1.319354   -0.665360   -0.807874   -1.528183   -1.625955   -1.881488   -0.703515   -1.213541   43.247   14.226  -16.187 S_000008
  10 N   -84.742  177.797   70.350   82.653 -136.714  -57.804   70.982   39.671   90.069  -20.427    0.309577   -1.370043   -0.570695   -0.761946   -1.472084   -1.648956   -1.859332   -0.690313   -1.226058   49.258   17.340  -16.515 S_000008
  11 P  -173.910 -150.992  149.500  127.998 -128.911 -142.558   91.482   -6.193  136.127   15.787    0.408280   -0.788743   -1.262842   -0.923571   -1.317920   -1.806812   -1.984235   -0.740556   -1.116661   49.924   23.408  -18.871 S_000008
  12 H   -57.045  176.440   58.687  146.249    0.000    0.000  112.151  -28.956  153.973   21.274    0.362028   -0.375291   -1.432591   -0.845013   -1.234572   -1.836933   -1.958088   -0.662607   -1.203757   49.787   28.344  -23.403 S_000008
SCORE:     0.005                  0.005          0          0          2    S_000009
   1 H     0.000  170.252   55.279   81.230 -146.254  -82.195   77.620   46.233   83.739  165.312    0.217841   -1.437723   -0.439517   -0.768457   -1.534952   -1.602620   -1.875162   -0.758887   -1.193582    3.794    0.984    0.238 S_000009
   2 P   -82.815  153.219 -166.878  117.179 -149.180  -84.204   93.151    1.190  118.412 -131.893    0.420038   -0.796520   -1.233401   -0.862214   -1.214512   -1.936467   -1.956311   -0.692664   -1.207404    8.593   -1.023   -3.110 S_000009
   3 P   164.574  152.761 -174.494   81.812 -103.967  -76.933  121.966   31.383  112.572   34.735    0.330090   -1.403752   -0.515238   -0.849725   -1.688938   -1.451198   -1.810759   -0.669229   -1.252216   15.128    1.589   -2.505 S_000009
   4 P   -87.787  177.868   72.488  125.142 -164.828 -151.898  111.548  -19.213  150.164  -29.735    0.411216   -0.574601   -1.357123   -0.857597   -1.302692   -1.814919   -1.954673   -0.693383   -1.189634   19.050    6.868   -3.287 S_000009
   5 P    18.115  -93.883  -91.943   92.639 -161.370  -46.168   80.161   35.135   80.995  -24.830    0.330511   -1.225348   -0.841529   -0.800850   -1.192778   -1.864267   -1.928822   -0.673553   -1.214146   22.488   10.365   -4.188 S_000009
   6 P   -62.148  171.137   52.081   83.125 -136.325  -44.859   68.737   36.321   93.208  -38.306    0.312178   -1.392378   -0.513281   -0.804849   -1.603050   -1.536345   -1.884860   -0.770868   -1.165341   27.663   12.066   -2.822 S_000009
   7 P  -126.250  106.011  168.977   85.439 -139.330  -69.420   50.139   35.086   94.746  179.888    0.323314   -1.344139   -0.631905   -0.807581   -1.496027   -1.655632   -1.891815   -0.714598   -1.199423   32.234   15.367   -4.886 S_000009
   8 N   -72.611 -175.292   47.588   80.293 -166.756  -91.353  111.062   42.270   81.066  179.938    0.325671   -1.339765   -0.646182   -0.704063   -1.347885   -1.772405   -1.865620   -0.708321   -1.234725   38.061   16.836   -7.211 S_000009
   9 P    91.444 -171.973  -67.481  117.574  146.446  -70.939  127.224  -18.862  131.191  -80.249    0.443504   -0.169863   -1.456002   -0.807454   -0.733138   -2.128272   -1.899170   -0.677819   -1.226225   41.216   20.389  -11.046 S_000009
  10 P   158.715 -157.769  167.512   84.007 -113.599  -54.249   62.886   34.119   94.129  -18.044    0.366858   -1.293815   -0.718613   -0.767897   -1.400038   -1.741159   -1.887798   -0.684380   -1.222260   44.792   21.542  -15.405 S_000009
  11 P   -71.402 -141.928   63.535   82.718   67.786   73.509  132.456   35.284   95.397   93.855    0.348648   -1.303481   -0.703772   -0.772592   -1.399824   -1.739786   -1.885514   -0.684769   -1.232715   47.362   25.875  -19.557 S_000009
  12 H   130.127 -143.121 -155.450   86.329    0.000    0.000   60.087   37.605   86.426  -30.490    0.297118   -1.352808   -0.613007   -0.806226   -1.455945   -1.662035   -1.908932   -0.733769   -1.181028   52.170   28.838  -22.435 S_000009
SCORE:     0.002                  0.002          0          0          2    S_000010
   1 H     0.000  170.252   55.279   79.689 -166.392  -62.855   79.421   41.491   88.626 -164.068    0.285450   -1.394817   -0.524831   -0.769603   -1.502879   -1.631990   -1.863205   -0.702155   -1.222761    3.794    0.984    0.238 S_000010
   2 P   -40.354 -158.817   49.644  128.615 -179.467  167.792  161.168  -26.483  154.594   35.551    0.411607   -0.223169   -1.457199   -0.800461   -0.980869   -1.992723   -1.933841   -0.715384   -1.197698    8.899   -0.983   -2.064 S_000010
   3 P  -119.208   84.530  161.618   87.762 -122.469  -33.090   50.040   37.346   88.669  -27.501    0.315087   -1.331671   -0.640743   -0.792923   -1.415851   -1.692835   -1.899896   -0.682109   -1.206945   12.048    2.089   -5.755 S_000010
   4 N  -175.101 -147.674  159.572  141.718  176.133  146.872   62.364  -31.811 -103.226   76.911    0.331832   -0.177856   -1.485199   -0.843536   -1.029654   -1.962328   -1.977627   -0.691472   -1.204184   16.249    4.749   -9.158 S_000010
   5 P   -59.925 -175.074   45.184   80.131 -165.579 -107.798  100.984   35.701   99.314 -161.501    0.321752   -1.389561   -0.541288   -0.809044   -1.586739   -1.560613   -1.868213   -0.717021   -1.208438   20.524    9.237  -10.896 S_000010
   6 P   -52.548  150.548   55.656   80.504 -142.930  -75.509   69.917   34.860  101.250  -15.174    0.332392   -1.386519   -0.543966   -0.798292   -1.596582   -1.543490   -1.834618   -0.689238   -1.227569   23.523   12.738  -14.505 S_000010
   7 P  -121.268   96.255  160.858   84.068 -129.224  -75.533   52.974   39.319   83.507  163.622    0.314545   -1.331005   -0.665243   -0.765492   -1.368406   -1.749613   -1.901059   -0.720680   -1.199163   27.865   15.991  -17.403 S_000010
   8 P   -77.138  -83.560  -80.628   83.675 -177.761  -62.493  110.043   37.581   92.298  -80.739    0.303137   -1.380284   -0.557754   -0.794344   -1.542181   -1.605678   -1.879562   -0.723173   -1.208133   31.035   19.637  -22.083 S_000010
   9 N   179.905  172.930  176.245   83.787 -128.091  -62.899 -123.244   34.070   98.131  -19.586    0.338787   -1.347342   -0.629643   -0.801847   -1.519193   -1.636661   -1.884103   -0.711999   -1.207435   36.710   21.144  -24.975 S_000010
  10 N   -70.616  173.743   51.548   67.941 -176.495  -74.737   79.686   40.871  102.564  -26.912    0.235210   -1.503420   -0.045209   -0.833665   -1.940076   -1.034935   -1.746237   -0.862638   -1.128479   41.722   23.922  -27.385 S_000010
  11 N  -119.833 -126.973   55.648  140.926 -164.481  125.712  148.449  -32.535  157.217 -150.068    0.349985   -0.334876   -1.449166   -0.810266   -1.250596   -1.834457   -1.953259   -0.750186   -1.177853   47.228   27.937  -26.256 S_000010
  12 H   -65.962  179.284   52.817   82.063    0.000    0.000   73.082   38.842   92.202  179.919    0.305888   -1.378160   -0.560769   -0.780286   -1.506326   -1.629082   -1.866301   -0.690139   -1.226123   51.998   26.761  -22.883 S_000010
