SEQUENCE: gag
SCORE:     score    rna_stub_coord_hack       N_WC      N_NWC       N_BS description
REMARK RNA 
SCORE:     2.321                  2.321          0          0          1    S_000001
   1 H     0.000  170.252   55.279   97.544  -93.995  -43.465   59.599   35.506   83.789  -20.169    0.381567   -1.140706   -0.930765   -0.735621   -1.018063   -1.954006   -1.894571   -0.694294   -1.210381    3.794    0.984    0.238 S_000001
   2 P   101.545 -166.544 -165.818  126.065 -162.988  -99.544   98.876  -15.674  141.015 -159.461    0.397392   -0.610821   -1.338979   -0.860837   -1.287097   -1.866209   -1.963161   -0.695831   -1.206560    1.884   -2.077   -3.265 S_000001
   3 H   149.915 -158.846  173.297   87.129    0.000    0.000   54.733   31.548   98.970  -14.601    0.367221   -1.302415   -0.705875   -0.790248   -1.475975   -1.688808   -1.893428   -0.720366   -1.204224   -3.664   -5.746   -2.899 S_000001
SCORE:     2.304                  2.304          0          1          0    S_000002
   1 H     0.000  170.252   55.279   86.771 -126.188  -19.048   92.029   31.338  101.708  -15.240    0.338422   -1.359656   -0.606643   -0.833231   -1.590892   -1.560265   -1.896153   -0.751303   -1.174090    3.794    0.984    0.238 S_000002
   2 P   105.521  156.804  148.628  159.247 -128.125 -110.056   82.304  -40.995  149.473 -171.489    0.270028    0.135892   -1.494581   -0.790297   -0.798343   -2.074916   -1.911233   -0.674598   -1.221385    2.431   -3.207   -3.302 S_000002
   3 H   -61.748  176.388   54.062   84.862    0.000    0.000   68.221   36.231   93.001  179.902    0.341064   -1.318324   -0.674342   -0.769687   -1.403026   -1.709521   -1.866188   -0.657837   -1.230007   -1.421   -8.434   -1.579 S_000002
SCORE:     2.291                  2.291          0          0          0    S_000003
   1 H     0.000  170.252   55.279   83.512 -125.260  -12.593   71.914   32.012  100.238  -26.434    0.343388   -1.339815   -0.645504   -0.817080   -1.542982   -1.622818   -1.892108   -0.730629   -1.198907    3.794    0.984    0.238 S_000003
   2 N   167.952 -167.959  154.203  145.211 -155.376 -167.633   19.536  -32.174  148.043  -55.599    0.332777   -0.133501   -1.484945   -0.828850   -0.980089   -2.013944   -1.953344   -0.695714   -1.205944    2.339   -3.308   -3.253 S_000003
   3 H  -166.317 -137.056  160.646   86.624    0.000    0.000   40.410   35.310   90.349  -15.123    0.355598   -1.282193   -0.731388   -0.760528   -1.359306   -1.771378   -1.888250   -0.690674   -1.218459   -1.737   -9.294   -4.369 S_000003
SCORE:     2.296                  2.296          0          1          0    S_000004
   1 H     0.000  170.252   55.279   83.512 -125.260  -12.593   71.914   32.012  100.238  -26.434    0.343388   -1.339815   -0.645504   -0.817080   -1.542982   -1.622818   -1.892108   -0.730629   -1.198907    3.794    0.984    0.238 S_000004
   2 P   105.521  156.804  148.628  159.247 -128.125 -110.056   82.304  -40.995  149.473 -171.489    0.270028    0.135892   -1.494581   -0.790297   -0.798343   -2.074916   -1.911233   -0.674598   -1.221385    2.067   -3.082   -3.129 S_000004
   3 H   -68.671 -176.950   58.676   85.829    0.000    0.000   73.898   35.695   92.781  179.943    0.315657   -1.373251   -0.565025   -0.812090   -1.555036   -1.586740   -1.897164   -0.742560   -1.180050   -2.371   -7.964   -1.319 S_000004
SCORE:     2.234                  2.234          0          0          0    S_000005
   1 H     0.000  170.252   55.279   87.016 -137.535   16.408   48.629   32.569  100.627  -15.072    0.339692   -1.325801   -0.674473   -0.819538   -1.489408   -1.662393   -1.904433   -0.709991   -1.197992    3.794    0.984    0.238 S_000005
   2 N   167.952 -167.959  154.203  145.211 -155.376 -167.633   19.536  -32.174  148.043  -55.599    0.332777   -0.133501   -1.484945   -0.828850   -0.980089   -2.013944   -1.953344   -0.695714   -1.205944    1.808   -2.626   -3.666 S_000005
   3 H   -88.901 -174.527   73.256   85.653    0.000    0.000   58.869   32.989  102.195  -86.675    0.337965   -1.369214   -0.576271   -0.812823   -1.599495   -1.556009   -1.870633   -0.726290   -1.204594   -1.934   -8.282   -4.480 S_000005
SCORE:     2.234                  2.234          0          0          0    S_000006
   1 H     0.000  170.252   55.279   87.016 -137.535   16.408   48.629   32.569  100.627  -15.072    0.339692   -1.325801   -0.674473   -0.819538   -1.489408   -1.662393   -1.904433   -0.709991   -1.197992    3.794    0.984    0.238 S_000006
   2 N   167.952 -167.959  154.203  145.211 -155.376 -167.633   19.536  -32.174  148.043  -55.599    0.332777   -0.133501   -1.484945   -0.828850   -0.980089   -2.013944   -1.953344   -0.695714   -1.205944    1.808   -2.626   -3.666 S_000006
   3 H   140.020 -171.647  175.643   84.346    0.000    0.000   73.845   37.298   86.924  179.937    0.327329   -1.315785   -0.692364   -0.771093   -1.381756   -1.752627   -1.883485   -0.676489   -1.232409   -3.469   -7.321   -4.784 S_000006
SCORE:     2.328                  2.328          0          0          0    S_000007
   1 H     0.000  170.252   55.279   77.576 -118.301   36.007   73.284   39.480   91.302   79.266    0.320648   -1.387870   -0.538914   -0.755465   -1.522517   -1.616748   -1.851975   -0.720632   -1.218453    3.794    0.984    0.238 S_000007
   2 P  -172.604  161.126  159.864  155.138 -101.607 -139.360  -48.863  -40.948  155.621   78.591    0.319081    0.026124   -1.484098   -0.731166   -0.944630   -1.986654   -1.887978   -0.700564   -1.211859    0.689   -1.883   -2.962 S_000007
   3 H   161.069 -155.855  164.124   82.986    0.000    0.000   67.391   39.560   84.686  -26.629    0.322344   -1.333814   -0.645882   -0.754009   -1.385227   -1.738018   -1.882886   -0.700325   -1.218292   -4.357   -6.622   -4.892 S_000007
SCORE:     2.297                  2.297          0          0          1    S_000008
   1 H     0.000  170.252   55.279   82.537  -96.657  -51.868   66.033   36.181   89.463  -22.902    0.344875   -1.324643   -0.670602   -0.771113   -1.416543   -1.710575   -1.887192   -0.707791   -1.212273    3.794    0.984    0.238 S_000008
   2 P   105.521  156.804  148.628  159.247 -128.125 -110.056   82.304  -40.995  149.473 -171.489    0.270028    0.135892   -1.494581   -0.790297   -0.798343   -2.074916   -1.911233   -0.674598   -1.221385    2.135   -2.924   -3.703 S_000008
   3 H   -73.042 -177.864   48.346   82.296    0.000    0.000   75.534   37.710   93.937  144.920    0.317875   -1.360407   -0.587176   -0.771859   -1.496719   -1.639017   -1.856154   -0.686961   -1.229568   -0.831   -9.072   -2.974 S_000008
SCORE:     2.296                  2.296          0          1          0    S_000009
   1 H     0.000  170.252   55.279   83.512 -125.260  -12.593   71.914   32.012  100.238  -26.434    0.343388   -1.339815   -0.645504   -0.817080   -1.542982   -1.622818   -1.892108   -0.730629   -1.198907    3.794    0.984    0.238 S_000009
   2 P   105.521  156.804  148.628  159.247 -128.125 -110.056   82.304  -40.995  149.473 -171.489    0.270028    0.135892   -1.494581   -0.790297   -0.798343   -2.074916   -1.911233   -0.674598   -1.221385    2.067   -3.082   -3.129 S_000009
   3 H   -62.079  174.562   51.011   80.765    0.000    0.000   82.831   36.437   94.943  -71.488    0.329238   -1.371917   -0.547138   -0.764909   -1.573308   -1.574430   -1.860215   -0.716622   -1.216348   -2.143   -7.885   -1.111 S_000009
SCORE:     2.234                  2.234          0          0          0    S_000010
   1 H     0.000  170.252   55.279   87.016 -137.535   16.408   48.629   32.569  100.627  -15.072    0.339692   -1.325801   -0.674473   -0.819538   -1.489408   -1.662393   -1.904433   -0.709991   -1.197992    3.794    0.984    0.238 S_000010
   2 N   167.952 -167.959  154.203  145.211 -155.376 -167.633   19.536  -32.174  148.043  -55.599    0.332777   -0.133501   -1.484945   -0.828850   -0.980089   -2.013944   -1.953344   -0.695714   -1.205944    1.808   -2.626   -3.666 S_000010
   3 H   -72.290 -173.416   48.884   84.958    0.000    0.000   87.362   37.498   89.080 -176.808    0.324973   -1.315021   -0.689792   -0.775468   -1.364996   -1.746542   -1.882872   -0.662482   -1.237544   -1.849   -8.212   -4.245 S_000010
