SEQUENCE: gaag
SCORE:     score    rna_stub_coord_hack       N_WC      N_NWC       N_BS description
REMARK RNA 
SCORE:     0.011                  0.011          0          0          0    S_000001
   1 H     0.000  170.252   55.279   87.514 -118.103  -88.324   42.655   35.784   89.412  -15.643    0.337624   -1.306028   -0.704273   -0.784620   -1.384081   -1.744699   -1.906886   -0.713783   -1.201404    3.794    0.984    0.238 S_000001
   2 P  -141.103   93.426  169.495   91.069 -150.020  -92.359   62.089   37.264   87.277  136.929    0.317046   -1.318105   -0.686127   -0.788078   -1.384274   -1.745631   -1.907231   -0.711992   -1.202040    7.094   -0.465   -5.356 S_000001
   3 P  -154.050  145.148  124.520   89.904 -156.931 -129.437   98.571   22.752  116.377   53.243    0.366115   -1.304268   -0.738772   -0.890164   -1.596323   -1.568220   -1.925176   -0.727709   -1.180955   10.159    1.362  -11.341 S_000001
   4 H   -60.815  177.165   53.223   80.318    0.000    0.000   73.039   42.100   87.968  -19.060    0.282756   -1.407923   -0.496580   -0.759237   -1.531436   -1.607725   -1.850773   -0.707667   -1.225810   12.546    3.559  -17.062 S_000001
SCORE:     0.018                  0.018          0          0          0    S_000002
   1 H     0.000  170.252   55.279  126.213 -175.082  166.562  138.036  -18.219  158.844   41.988    0.402908   -0.708212   -1.285095   -0.890122   -1.438361   -1.639922   -1.959915   -0.710876   -1.149010    3.794    0.984    0.238 S_000002
   2 P   146.274  156.591  179.483   77.635 -152.028  -72.001   75.273   42.982   89.249  178.900    0.287995   -1.419009   -0.477197   -0.735693   -1.550269   -1.599261   -1.819279   -0.700629   -1.234007    9.144    1.410   -4.680 S_000002
   3 P   -66.371  171.824   53.159   81.077 -151.909 -102.406   86.215   41.126   96.105 -173.389    0.275647   -1.408164   -0.479324   -0.784061   -1.547730   -1.569097   -1.827258   -0.651702   -1.250026   13.522    1.647   -8.963 S_000002
   4 H   -94.059  158.228   53.246   83.327    0.000    0.000   61.174   35.529   99.819  -16.224    0.322688   -1.367332   -0.564071   -0.801800   -1.543431   -1.575667   -1.838944   -0.661043   -1.231050   19.120    1.111  -12.266 S_000002
SCORE:     0.008                  0.008          0          0          0    S_000003
   1 H     0.000  170.252   55.279   75.122 -150.401 -106.749   69.810   40.777   95.243  -17.307    0.267136   -1.459388   -0.352834   -0.805192   -1.679091   -1.414719   -1.818253   -0.711174   -1.214453    3.794    0.984    0.238 S_000003
   2 N  -174.783  120.716  177.399  150.472 -127.479 -150.643  -46.738  -38.379  156.036  172.165    0.295515   -0.075973   -1.493365   -0.801078   -1.032701   -1.963612   -1.942754   -0.690149   -1.211052    7.447   -0.177   -5.794 S_000003
   3 P   145.178 -156.034 -172.353   84.988 -133.611  -72.916   57.863   38.515   89.648  -30.107    0.312455   -1.350548   -0.616806   -0.776444   -1.446986   -1.689238   -1.877180   -0.694361   -1.217785    9.829    0.533  -12.503 S_000003
   4 H   120.835  -82.431 -168.201   86.154    0.000    0.000   68.165   39.100   92.683  123.451    0.331685   -1.337889   -0.621256   -0.739662   -1.435179   -1.710531   -1.824508   -0.610669   -1.277493   10.618   -2.345  -16.400 S_000003
SCORE:     0.013                  0.013          0          0          1    S_000004
   1 H     0.000  170.252   55.279   81.619 -107.595 -131.056   25.940   34.404   98.923  -22.685    0.336088   -1.355777   -0.613055   -0.799507   -1.534124   -1.621965   -1.877085   -0.716690   -1.212367    3.794    0.984    0.238 S_000004
   2 N  -102.288 -114.811  152.099  152.073  -94.878  153.513  109.832  -37.104  159.441   32.450    0.319886   -0.166689   -1.482528   -0.788521   -1.122043   -1.900878   -1.935757   -0.712507   -1.193642    5.231    0.394   -6.726 S_000004
   3 N   172.456 -130.437  158.420   78.660 -135.778  -75.363   57.224   32.947   95.764   77.415    0.211288   -1.387525   -0.692491   -1.040100   -1.517440   -1.711301   -2.027997   -0.661007   -1.207277    7.615    0.100  -13.119 S_000004
   4 H   -83.345 -135.331   53.892   93.236    0.000    0.000  122.246   13.080  119.095 -145.723    0.438199   -1.030553   -1.044921   -0.860522   -1.318961   -1.820557   -1.945806   -0.679700   -1.192172   12.393    0.898  -18.097 S_000004
SCORE:     0.014                  0.014          0          0          1    S_000005
   1 H     0.000  170.252   55.279   82.994 -145.795  -76.325   79.952   41.397   88.813  179.895    0.291063   -1.376224   -0.552186   -0.759822   -1.457367   -1.652983   -1.849418   -0.661619   -1.237756    3.794    0.984    0.238 S_000005
   2 N   -70.134 -122.951   45.259  145.902 -161.667 -171.927  171.592  -29.237  145.130  -58.222    0.361392   -0.244021   -1.440161   -0.820842   -1.065751   -1.938745   -1.941641   -0.708015   -1.187291    8.197   -1.255   -4.448 S_000005
   3 P   171.747  153.395  159.041  148.712 -150.900 -143.856  163.298  -31.676  141.216  -34.261    0.335662   -0.099384   -1.482186   -0.823846   -0.920479   -2.044532   -1.934389   -0.708140   -1.198506    9.927   -0.533  -11.462 S_000005
   4 H   -68.240  174.287   54.928   76.554    0.000    0.000   79.477   42.823   90.205  -19.784    0.289059   -1.415091   -0.476634   -0.742489   -1.529620   -1.591911   -1.831115   -0.699316   -1.232265   13.804    1.887  -16.284 S_000005
SCORE:     0.016                  0.016          0          0          0    S_000006
   1 H     0.000  170.252   55.279   94.348  159.337  174.415   44.237   23.423  119.969  -88.328    0.358144   -1.267988   -0.783779   -0.892646   -1.501196   -1.623457   -1.907838   -0.626007   -1.237803    3.794    0.984    0.238 S_000006
   2 P   173.330 -176.176  173.161   89.236 -120.118 -113.526   66.601   30.578  105.566 -179.411    0.341486   -1.333597   -0.661409   -0.838980   -1.537240   -1.610372   -1.902227   -0.711169   -1.197381    7.807    1.788   -5.736 S_000006
   3 P   165.515  146.900   47.098  148.513 -127.551 -153.506  114.540  -36.600  156.852  -91.538    0.333410   -0.162449   -1.480231   -0.776970   -1.108433   -1.919857   -1.924897   -0.716644   -1.199755   11.807   -0.690  -11.336 S_000006
   4 H   -63.431  178.095   52.023   77.688    0.000    0.000   79.981   32.979  105.885  179.932    0.327498   -1.422607   -0.458236   -0.828622   -1.730967   -1.412985   -1.846446   -0.765814   -1.190895   14.247    1.485  -17.177 S_000006
SCORE:     0.007                  0.007          0          0          0    S_000007
   1 H     0.000  170.252   55.279   95.372 -128.662 -103.789   62.314   39.326   82.694  179.923    0.355046   -1.263567   -0.759717   -0.712380   -1.194475   -1.819128   -1.887716   -0.716064   -1.193244    3.794    0.984    0.238 S_000007
   2 P   -36.918 -153.877   53.859  147.355 -138.787 -139.139  153.593  -34.813  154.010  100.837    0.332148   -0.170995   -1.476134   -0.798376   -1.082609   -1.936969   -1.934460   -0.703444   -1.197882    8.498   -0.705   -4.201 S_000007
   3 N  -175.101 -147.674  159.572  141.718  176.133  146.872   62.364  -31.811 -103.226   76.911    0.331832   -0.177856   -1.485199   -0.843536   -1.029654   -1.962328   -1.977627   -0.691472   -1.204184   11.062    0.565  -10.924 S_000007
   4 H   -60.870 -177.687   55.130   84.836    0.000    0.000   69.579   38.002   90.657  -75.822    0.320903   -1.353636   -0.610555   -0.773064   -1.461142   -1.672343   -1.871062   -0.680187   -1.232872   15.838    1.677  -15.071 S_000007
SCORE:     0.011                  0.011          0          0          0    S_000008
   1 H     0.000  170.252   55.279   85.540 -153.291 -151.126 -166.783   39.663   89.942  -17.950    0.295312   -1.371400   -0.590876   -0.780787   -1.466983   -1.675672   -1.890234   -0.713618   -1.211313    3.794    0.984    0.238 S_000008
   2 P  -173.910 -150.992  149.500  127.998 -128.911 -142.558   91.482   -6.193  136.127   15.787    0.408280   -0.788743   -1.262842   -0.923571   -1.317920   -1.806812   -1.984235   -0.740556   -1.116661    8.025    0.395   -5.687 S_000008
   3 P  -170.257 -176.118  168.457  154.693  -96.790  -77.772  166.626  -41.004  158.432  -92.486    0.301209   -0.017468   -1.492097   -0.757842   -1.009016   -1.965277   -1.908312   -0.715882   -1.203518   12.013   -0.183  -11.838 S_000008
   4 H   -85.418 -176.125   67.316   84.674    0.000    0.000   68.963   34.960   94.508  -17.799    0.331522   -1.326039   -0.668561   -0.801359   -1.432147   -1.681790   -1.876142   -0.654842   -1.229950   13.114    0.242  -18.376 S_000008
SCORE:     0.013                  0.013          0          0          0    S_000009
   1 H     0.000  170.252   55.279   79.638 -102.745 -102.618   51.153   42.757   93.450  -19.191    0.252467   -1.425611   -0.447698   -0.794813   -1.538556   -1.554886   -1.880053   -0.702080   -1.220096    3.794    0.984    0.238 S_000009
   2 P  -121.268   96.255  160.858   84.068 -129.224  -75.533   52.974   39.319   83.507  163.622    0.314545   -1.331005   -0.665243   -0.765492   -1.368406   -1.749613   -1.901059   -0.720680   -1.199163    6.580    0.072   -5.459 S_000009
   3 P  -154.050  145.148  124.520   89.904 -156.931 -129.437   98.571   22.752  116.377   53.243    0.366115   -1.304268   -0.738772   -0.890164   -1.596323   -1.568220   -1.925176   -0.727709   -1.180955    9.391    0.941  -11.706 S_000009
   4 H   -67.144  168.856   59.332   84.831    0.000    0.000   65.210   42.055   87.150  -20.944    0.296415   -1.353835   -0.616872   -0.742772   -1.379489   -1.733103   -1.863401   -0.643355   -1.259963   11.712    2.051  -17.691 S_000009
SCORE:     0.008                  0.008          0          0          0    S_000010
   1 H     0.000  170.252   55.279  126.213 -175.082  166.562  138.036  -18.219  158.844   41.988    0.402908   -0.708212   -1.285095   -0.890122   -1.438361   -1.639922   -1.959915   -0.710876   -1.149010    3.794    0.984    0.238 S_000010
   2 P   145.178 -156.034 -172.353   84.988 -133.611  -72.916   57.863   38.515   89.648  -30.107    0.312455   -1.350548   -0.616806   -0.776444   -1.446986   -1.689238   -1.877180   -0.694361   -1.217785    9.591    1.646   -3.651 S_000010
   3 P  -174.180  152.972 -160.333  104.826 -142.767  -78.703   76.242   19.884  101.194  179.947    0.387962   -1.086681   -0.991172   -0.843871   -1.294637   -1.855867   -1.944422   -0.700499   -1.202484   15.408    0.822   -7.394 S_000010
   4 H   -76.720  176.626   59.609  157.362    0.000    0.000  164.816  -39.732  152.543  -76.129    0.290843    0.055566   -1.512452   -0.782457   -0.881988   -2.064616   -1.926870   -0.637620   -1.251976   20.204    1.025  -11.735 S_000010
