SEQUENCE: gaaag
SCORE:     score    rna_stub_coord_hack       N_WC      N_NWC       N_BS description
REMARK RNA 
SCORE:     0.000                  0.000          0          0          0    S_000001
   1 H     0.000  170.252   55.279   81.498 -144.458  170.731   78.455   38.511   92.717 -146.016    0.316639   -1.377973   -0.550762   -0.768707   -1.525739   -1.614591   -1.861040   -0.712062   -1.213058    3.794    0.984    0.238 S_000001
   2 N   -52.292  143.098   56.881   84.900   63.189  -27.747  -32.041   15.604  120.292 -165.588    0.414398   -1.230569   -0.825424   -0.874854   -1.614000   -1.566383   -1.925773   -0.763521   -1.153441    5.071    3.235   -4.937 S_000001
   3 P  -137.575  164.639  138.978  150.080 -109.915   78.442   97.161  -36.715  151.477   84.803    0.324748   -0.034620   -1.488659   -0.781131   -0.940549   -2.018621   -1.913569   -0.712254   -1.202064    3.198    6.330   -4.052 S_000001
   4 P  -171.510 -160.167  156.136   84.046 -119.410  -63.365   59.822   34.711   91.749  -11.706    0.354001   -1.299992   -0.690561   -0.773980   -1.410272   -1.715421   -1.888472   -0.697992   -1.212238   -2.089    5.273   -2.952 S_000001
   5 H    71.543  169.753   27.542  108.604    0.000    0.000   63.548   17.561   99.173    5.446    0.384337   -0.994226   -1.088161   -0.859239   -1.172957   -1.936783   -1.960069   -0.691529   -1.200826   -7.221    5.949   -0.193 S_000001
SCORE:     0.001                  0.001          0          0          2    S_000002
   1 H     0.000  170.252   55.279   95.662 -150.167   34.471   93.787   25.332   99.292   -9.090    0.346311   -1.277092   -0.752252   -0.850992   -1.564322   -1.649863   -1.923760   -0.800213   -1.148291    3.794    0.984    0.238 S_000002
   2 P    97.873 -130.195 -151.056   83.286 -141.425  -66.756   82.171   38.371   90.585  159.835    0.327039   -1.349192   -0.598687   -0.756801   -1.456800   -1.662317   -1.850497   -0.666026   -1.241665    1.541   -0.536   -3.295 S_000002
   3 P  -178.150  174.443   47.218   83.291 -146.358  -72.760   68.204   34.998  100.491  177.328    0.324494   -1.360363   -0.611788   -0.811242   -1.515058   -1.624124   -1.870545   -0.665468   -1.232446   -4.298   -1.440   -6.684 S_000002
   4 P   -65.069 -179.536   55.538   81.223 -154.807  -68.690   72.688   32.178  104.314 -148.083    0.337061   -1.390715   -0.531064   -0.826318   -1.664171   -1.488472   -1.865995   -0.750652   -1.189295   -6.575    4.174   -4.924 S_000002
   5 H   -44.255  136.269   84.166   79.415    0.000    0.000   73.763   39.160   95.207  179.908    0.277122   -1.449917   -0.363390   -0.801548   -1.725340   -1.402443   -1.848517   -0.802117   -1.168573   -6.633    7.904   -1.368 S_000002
SCORE:     0.001                  0.001          0          0          1    S_000003
   1 H     0.000  170.252   55.279   82.127 -139.863  127.510  121.449   35.944   99.893  -15.103    0.316432   -1.379666   -0.557247   -0.812612   -1.559692   -1.583161   -1.868433   -0.691450   -1.224934    3.794    0.984    0.238 S_000003
   2 P   -69.749 -161.263  -80.636  104.327 -143.438  -64.300   69.732   13.035  111.895 -133.579    0.396341   -1.098835   -0.973051   -0.868671   -1.459350   -1.732278   -1.944267   -0.726535   -1.187145    1.800    1.718   -5.172 S_000003
   3 N   167.160  163.487   47.895   87.638 -133.946  -75.236   98.656   34.393   95.533  178.313    0.334116   -1.325870   -0.671869   -0.806544   -1.455911   -1.688676   -1.906098   -0.707369   -1.208316    2.619    8.352   -6.465 S_000003
   4 P   -66.511  171.641   59.434   79.861 -136.369  -73.014   75.314   36.485  103.918  -19.616    0.347150   -1.369545   -0.510290   -0.737674   -1.581192   -1.522783   -1.847380   -0.732007   -1.176685   -3.493    9.120   -5.086 S_000003
   5 H    73.940  156.451   55.362   85.024    0.000    0.000   58.353   34.053   96.966   -3.204    0.336816   -1.355553   -0.608899   -0.802424   -1.547086   -1.614217   -1.894752   -0.744771   -1.191597   -7.220    4.377   -3.647 S_000003
SCORE:     0.000                  0.000          0          1          0    S_000004
   1 H     0.000  170.252   55.279   89.900 -134.214   89.339  155.905   35.258   93.116  -16.928    0.334438   -1.322279   -0.672807   -0.792056   -1.435230   -1.700804   -1.896486   -0.699970   -1.208139    3.794    0.984    0.238 S_000004
   2 N   -56.102  167.529   57.482   80.523 -129.660  -78.348   64.087   37.635   97.075 -121.727    0.320924   -1.374000   -0.561641   -0.777583   -1.518130   -1.608137   -1.849023   -0.681600   -1.230772    1.149    1.515   -3.516 S_000004
   3 N    49.518 -158.101   69.155  147.188  -90.215  -94.996  100.900  -32.031  150.326   25.397    0.353817   -0.208653   -1.466132   -0.801165   -1.077400   -1.955864   -1.930988   -0.709843   -1.200178   -0.769    1.951   -8.956 S_000004
   4 P    46.087 -158.906  -77.476   88.486 -161.254   -8.688   85.308   34.844   90.961  -27.634    0.307328   -1.321102   -0.690338   -0.830460   -1.419204   -1.705234   -1.921769   -0.695510   -1.191031   -5.614    4.463   -6.253 S_000004
   5 H   -90.284  114.127  121.675   84.740    0.000    0.000   66.274   43.590   85.235  -38.611    0.337713   -1.357229   -0.574725   -0.676070   -1.381226   -1.714119   -1.814257   -0.701470   -1.231915   -7.209    5.818   -2.276 S_000004
SCORE:     0.002                  0.002          0          0          1    S_000005
   1 H     0.000  170.252   55.279   81.480 -178.899   87.175   78.055   35.870   88.887  -13.219    0.316327   -1.315932   -0.705811   -0.824359   -1.387571   -1.754937   -1.924634   -0.730093   -1.180533    3.794    0.984    0.238 S_000005
   2 P   155.260  150.275   69.265   84.765 -124.738  -77.266   75.216   35.671  101.137  -48.978    0.322029   -1.382407   -0.551537   -0.798203   -1.573571   -1.564318   -1.848489   -0.690124   -1.223688    3.583   -2.427   -5.616 S_000005
   3 P   -59.374 -179.176   46.714   81.780 -141.373  -59.449   89.927   34.782   94.815 -179.869    0.332414   -1.371947   -0.583736   -0.799215   -1.561204   -1.591371   -1.884449   -0.746522   -1.185183   -2.723   -1.596   -6.636 S_000005
   4 N   164.574  140.911   57.641  152.550  -93.816   88.804  100.115  -41.045  160.149  -75.350    0.302987   -0.075098   -1.488699   -0.754677   -1.085660   -1.927120   -1.915106   -0.701739   -1.218147   -6.030    4.306   -5.392 S_000005
   5 H   -41.955  172.995   31.306   82.277    0.000    0.000   75.462   34.889   92.727  179.942    0.344140   -1.356113   -0.582886   -0.784953   -1.547231   -1.599068   -1.878859   -0.754623   -1.175686   -5.383    8.020   -4.391 S_000005
SCORE:     0.000                  0.000          0          0          0    S_000006
   1 H     0.000  170.252   55.279  139.617  -64.455  -57.871  122.140  -32.334  161.821   27.534    0.339228   -0.380930   -1.427342   -0.789282   -1.309719   -1.850957   -1.890868   -0.709111   -1.230885    3.794    0.984    0.238 S_000006
   2 N   -50.409  162.887   46.343   82.808 -146.336  -60.529   75.976   36.881  101.978  -20.866    0.246681   -1.400981   -0.506868   -0.868210   -1.595756   -1.523946   -1.851944   -0.617336   -1.254615    4.063    0.121   -4.947 S_000006
   3 N    84.662 -157.764  176.620  143.000 -147.541   61.718 -123.237  -32.470  -92.324  -24.291    0.335686   -0.301179   -1.461066   -0.838212   -1.207397   -1.854367   -1.967380   -0.712030   -1.184800    0.961    4.192   -7.021 S_000006
   4 P   -45.775  171.933   45.683   83.642 -151.760  -73.714   64.921   35.796   93.993  179.900    0.332303   -1.334130   -0.643819   -0.787313   -1.463871   -1.680615   -1.877372   -0.691021   -1.219811    1.869    8.393   -5.337 S_000006
   5 H   -78.621 -155.260   51.578   86.860    0.000    0.000   80.615   35.351   93.544  179.919    0.331569   -1.327325   -0.657653   -0.794740   -1.451531   -1.687653   -1.903012   -0.720004   -1.197454    2.540   14.353   -2.372 S_000006
SCORE:     0.000                  0.000          0          0          0    S_000007
   1 H     0.000  170.252   55.279   81.801  179.208   51.891   79.991   40.374   91.278  -73.315    0.272764   -1.404080   -0.530305   -0.796586   -1.524016   -1.612260   -1.880140   -0.705264   -1.214433    3.794    0.984    0.238 S_000007
   2 P   149.222  161.924   44.662   82.901  -83.366 -170.433   97.456   29.013  111.455  -24.368    0.340032   -1.388554   -0.530920   -0.856432   -1.699464   -1.422971   -1.857686   -0.742900   -1.183102    4.039   -3.586   -4.359 S_000007
   3 P   -74.518  173.483   56.930   84.803 -125.028  -50.973   91.378   35.264   94.635  -17.924    0.332893   -1.343939   -0.640141   -0.792961   -1.486998   -1.666314   -1.887304   -0.706202   -1.215472   -2.108   -2.559   -6.361 S_000007
   4 P   -77.749  162.236   65.363   93.269 -120.401 -146.586  119.656   32.089   95.898  179.919    0.344750   -1.274291   -0.768810   -0.817985   -1.373141   -1.756250   -1.910990   -0.659191   -1.224390   -5.717    1.598   -4.236 S_000007
   5 H   -59.591  166.432   60.849   82.449    0.000    0.000   67.249   42.273   92.047  -21.442    0.289630   -1.396490   -0.534523   -0.750189   -1.467356   -1.640758   -1.851855   -0.673602   -1.236980   -8.537    6.966   -1.574 S_000007
SCORE:     0.000                  0.000          0          1          0    S_000008
   1 H     0.000  170.252   55.279  -75.911  152.606   78.881  -68.544  -46.458  -87.035   10.304    0.234621   -1.465281    0.315229   -0.754653   -1.623852    1.467457   -1.791252   -0.699893    1.231215    3.794    0.984    0.238 S_000008
   2 N   -62.570  133.039  -64.368  159.407 -102.180  -86.640  -39.540  -39.042  150.279   30.472    0.312854    0.098104   -1.482967   -0.768631   -0.810584   -2.063633   -1.891640   -0.696867   -1.212912    7.911   -1.726   -1.343 S_000008
   3 P   -74.144  169.868   61.577   85.061 -157.158  -74.081   93.178   35.089   96.163  171.425    0.326061   -1.349200   -0.628011   -0.803871   -1.503557   -1.649898   -1.887529   -0.710372   -1.209437    7.768   -1.277    5.207 S_000008
   4 N   -70.171 -174.225 -172.947   86.521 -157.057   70.207   65.342   35.613   94.299   26.881    0.316144   -1.368280   -0.588491   -0.807621   -1.538299   -1.609303   -1.886919   -0.731440   -1.195125    4.642   -2.931   10.477 S_000008
   5 H   -77.615  174.655   58.444   79.871    0.000    0.000   82.335   40.526   92.002  179.923    0.291634   -1.414650   -0.479504   -0.771726   -1.580534   -1.565234   -1.846187   -0.714719   -1.226433    8.454   -0.039   12.527 S_000008
SCORE:     0.001                  0.001          0          0          1    S_000009
   1 H     0.000  170.252   55.279   84.512 -104.170  -56.255   56.026   38.899   89.729  -18.875    0.321389   -1.352304   -0.611458   -0.761166   -1.446308   -1.690223   -1.872760   -0.690935   -1.227581    3.794    0.984    0.238 S_000009
   2 P  -128.478 -136.876   69.678   87.194 -121.595  -59.944   94.113   38.927   85.296  -23.024    0.305851   -1.343589   -0.646018   -0.781399   -1.401377   -1.721634   -1.892065   -0.684518   -1.222601    3.524   -2.896   -5.076 S_000009
   3 P   -68.372  150.132   78.558   78.354 -128.553  -67.267   56.242   35.052  105.644  -22.332    0.306536   -1.436113   -0.398315   -0.826869   -1.742880   -1.373238   -1.835609   -0.768196   -1.182411   -1.985   -1.637   -6.216 S_000009
   4 P   162.213  132.871   63.888  147.804 -143.545  109.897  101.200  -37.092  158.180  -93.318    0.333677   -0.204846   -1.473897   -0.770287   -1.173569   -1.881828   -1.923892   -0.746255   -1.187107   -6.254    3.878   -6.120 S_000009
   5 H   -48.116 -116.973  -60.089   85.783    0.000    0.000   65.828   39.336   89.165 -155.803    0.310192   -1.347637   -0.612883   -0.766958   -1.419638   -1.689153   -1.866544   -0.684530   -1.216368   -4.237    7.298   -2.845 S_000009
SCORE:     0.000                  0.000          0          0          0    S_000010
   1 H     0.000  170.252   55.279   90.886 -117.730   39.793   69.010   31.818   99.175  -82.341    0.346327   -1.296448   -0.722906   -0.821484   -1.438485   -1.707425   -1.914878   -0.692589   -1.207688    3.794    0.984    0.238 S_000010
   2 N   -56.323  174.082   48.088   84.541 -167.213 -103.451   96.804   35.162   95.241  174.082    0.329159   -1.345000   -0.641416   -0.804535   -1.483201   -1.666557   -1.894831   -0.706109   -1.209019    0.883   -0.631   -2.082 S_000010
   3 P   151.997 -152.297   40.267   73.984 -140.652 -122.078   93.532   40.751   95.787 -129.420    0.257799   -1.468809   -0.298606   -0.811008   -1.756217   -1.356645   -1.831704   -0.786987   -1.175379   -4.532   -1.693   -5.723 S_000010
   4 P   -78.396 -171.886   60.051  100.480   14.074   53.254  107.585   31.951   95.000  177.935    0.352237   -1.190822   -0.878696   -0.805227   -1.210959   -1.875424   -1.920525   -0.593746   -1.258574   -5.172    4.659   -3.014 S_000010
   5 H   -55.106  174.049   50.816   85.865    0.000    0.000   94.206   34.759   96.170  179.911    0.327497   -1.366719   -0.579487   -0.803608   -1.565887   -1.590354   -1.878409   -0.731237   -1.192224   -7.946    6.754   -3.222 S_000010
