SEQUENCE: gg
SCORE:     score    rna_stub_coord_hack       N_WC      N_NWC       N_BS description
REMARK RNA 
SCORE:     0.233                  0.233          0          0          0    S_000001
   1 H     0.000  170.252   55.279  148.728  -97.014  -75.860  123.342  -35.784  154.142  -76.008    0.382630   -0.137577   -1.461060   -0.726359   -1.062999   -1.941682   -1.873587   -0.653126   -1.240092    3.794    0.984    0.238 S_000001
   2 H   -51.637  169.130   54.231   79.140    0.000    0.000   72.346   36.803  101.145  -16.135    0.315871   -1.407392   -0.494568   -0.796742   -1.621071   -1.521915   -1.850080   -0.724325   -1.209110    6.402   -2.063   -4.452 S_000001
SCORE:     0.233                  0.233          0          0          0    S_000002
   1 H     0.000  170.252   55.279  148.728  -97.014  -75.860  123.342  -35.784  154.142  -76.008    0.382630   -0.137577   -1.461060   -0.726359   -1.062999   -1.941682   -1.873587   -0.653126   -1.240092    3.794    0.984    0.238 S_000002
   2 H   -78.148  178.787   51.065   85.697    0.000    0.000  100.542   32.105  101.023  -23.170    0.326698   -1.355686   -0.636283   -0.833155   -1.567963   -1.610874   -1.852016   -0.670067   -1.229568    6.894   -1.746   -4.799 S_000002
SCORE:     0.233                  0.233          0          0          0    S_000003
   1 H     0.000  170.252   55.279  148.728  -97.014  -75.860  123.342  -35.784  154.142  -76.008    0.382630   -0.137577   -1.461060   -0.726359   -1.062999   -1.941682   -1.873587   -0.653126   -1.240092    3.794    0.984    0.238 S_000003
   2 H   -71.062 -165.104   50.295   84.635    0.000    0.000   64.714   33.304   97.469 -164.740    0.329954   -1.368758   -0.573119   -0.820164   -1.598380   -1.560608   -1.903459   -0.774343   -1.162571    7.077   -1.574   -4.911 S_000003
SCORE:     0.233                  0.233          0          0          0    S_000004
   1 H     0.000  170.252   55.279  148.728  -97.014  -75.860  123.342  -35.784  154.142  -76.008    0.382630   -0.137577   -1.461060   -0.726359   -1.062999   -1.941682   -1.873587   -0.653126   -1.240092    3.794    0.984    0.238 S_000004
   2 H   -72.102 -174.926   67.768   72.468    0.000    0.000   96.642   44.559   85.307  -25.390    0.368343   -1.438167   -0.370202   -0.596804   -1.681158   -1.512573   -1.731864   -0.804724   -1.159708    6.927   -1.715   -4.823 S_000004
SCORE:     0.233                  0.233          0          0          0    S_000005
   1 H     0.000  170.252   55.279  148.728  -97.014  -75.860  123.342  -35.784  154.142  -76.008    0.382630   -0.137577   -1.461060   -0.726359   -1.062999   -1.941682   -1.873587   -0.653126   -1.240092    3.794    0.984    0.238 S_000005
   2 H   -78.244 -175.024   53.398   83.894    0.000    0.000   80.798   40.064   88.822   75.687    0.309494   -1.347946   -0.634747   -0.760545   -1.400005   -1.730303   -1.866169   -0.643153   -1.256126    6.970   -1.646   -4.887 S_000005
SCORE:     0.233                  0.233          0          0          0    S_000006
   1 H     0.000  170.252   55.279  148.728  -97.014  -75.860  123.342  -35.784  154.142  -76.008    0.382630   -0.137577   -1.461060   -0.726359   -1.062999   -1.941682   -1.873587   -0.653126   -1.240092    3.794    0.984    0.238 S_000006
   2 H   -30.008  173.093   25.431   81.212    0.000    0.000   86.794   40.383   85.662  -27.858    0.261014   -1.424282   -0.491855   -0.811413   -1.578420   -1.572478   -1.923143   -0.808986   -1.145716    6.114   -2.084   -4.430 S_000006
SCORE:     0.233                  0.233          0          0          0    S_000007
   1 H     0.000  170.252   55.279  148.728  -97.014  -75.860  123.342  -35.784  154.142  -76.008    0.382630   -0.137577   -1.461060   -0.726359   -1.062999   -1.941682   -1.873587   -0.653126   -1.240092    3.794    0.984    0.238 S_000007
   2 H   -71.646  172.675   63.157   78.435    0.000    0.000   77.059   41.168   91.257    0.096    0.286573   -1.396768   -0.518629   -0.770199   -1.511793   -1.615613   -1.855353   -0.691696   -1.231311    6.752   -1.897   -4.642 S_000007
SCORE:     0.233                  0.233          0          0          0    S_000008
   1 H     0.000  170.252   55.279  148.728  -97.014  -75.860  123.342  -35.784  154.142  -76.008    0.382630   -0.137577   -1.461060   -0.726359   -1.062999   -1.941682   -1.873587   -0.653126   -1.240092    3.794    0.984    0.238 S_000008
   2 H   -67.258  168.508   55.967   78.625    0.000    0.000   77.339   40.490   89.906  128.474    0.286528   -1.429299   -0.442492   -0.778320   -1.621139   -1.521020   -1.864754   -0.771027   -1.182519    6.639   -1.983   -4.537 S_000008
SCORE:     0.233                  0.233          0          0          0    S_000009
   1 H     0.000  170.252   55.279  148.728  -97.014  -75.860  123.342  -35.784  154.142  -76.008    0.382630   -0.137577   -1.461060   -0.726359   -1.062999   -1.941682   -1.873587   -0.653126   -1.240092    3.794    0.984    0.238 S_000009
   2 H  -140.220  178.549  123.501   87.366    0.000    0.000   70.455   42.175   86.844  -14.322    0.259378   -1.435672   -0.433515   -0.776612   -1.625261   -1.537578   -1.884462   -0.827666   -1.138826    6.887   -0.996   -5.461 S_000009
SCORE:     0.233                  0.233          0          0          0    S_000010
   1 H     0.000  170.252   55.279  148.728  -97.014  -75.860  123.342  -35.784  154.142  -76.008    0.382630   -0.137577   -1.461060   -0.726359   -1.062999   -1.941682   -1.873587   -0.653126   -1.240092    3.794    0.984    0.238 S_000010
   2 H   -41.515  174.453   30.790   87.161    0.000    0.000   87.724   36.852   90.162  179.920    0.312991   -1.340141   -0.637667   -0.794969   -1.455476   -1.687481   -1.908829   -0.734470   -1.195440    6.340   -2.059   -4.473 S_000010
