SEQUENCE: gaaaaaaag
SCORE:     score    rna_stub_coord_hack       N_WC      N_NWC       N_BS description
REMARK RNA 
SCORE:    13.875                 13.875          0          0          0    S_000001
   1 H     0.000  170.252   55.279  146.036 -109.321  -39.846  130.470  -38.281  161.872  -93.384    0.313157   -0.222373   -1.476087   -0.781889   -1.217398   -1.845066   -1.936522   -0.739788   -1.192451    3.794    0.984    0.238 S_000001
   2 P    69.223  137.261 -175.088   86.986 -153.397 -110.460  143.572   33.683   97.732  -12.707    0.328359   -1.339808   -0.647494   -0.818559   -1.502873   -1.648205   -1.897238   -0.709099   -1.201121    3.496    0.157   -4.959 S_000001
   3 N  -107.644  175.426   82.093   87.681 -132.813 -122.073   86.572   32.723   97.857  -95.521    0.410239   -1.228386   -0.684488   -0.690658   -1.412545   -1.699422   -1.794320   -0.657205   -1.253733   -1.161    4.278   -7.956 S_000001
   4 P   145.834  169.864  160.515  116.771 -150.825  -95.969  116.851    6.639  112.778  -49.780    0.428419   -0.827735   -1.201961   -0.850477   -1.142936   -1.957796   -1.955336   -0.681649   -1.210816   -8.150    6.159   -8.620 S_000001
   5 P   -54.674 -176.812   56.845  105.666 -157.888  177.384   98.760   17.911  103.275  171.367    0.386334   -1.108155   -0.964022   -0.851708   -1.378330   -1.793508   -1.940299   -0.737263   -1.175895  -14.175    6.752  -10.875 S_000001
   6 P   105.521  156.804  148.628  159.247 -128.125 -110.056   82.304  -40.995  149.473 -171.489    0.270028    0.135892   -1.494581   -0.790297   -0.798343   -2.074916   -1.911233   -0.674598   -1.221385  -20.988    8.806  -10.001 S_000001
   7 N  -162.335 -115.976  123.191   89.015  175.258 -173.476   79.260   17.306  130.746  -80.581    0.379421   -1.301197   -0.739786   -0.920270   -1.669913   -1.460581   -1.919630   -0.732482   -1.173204  -26.324   11.477  -13.822 S_000001
   8 P   132.201 -170.136  172.043   82.935 -174.144  -99.458  113.946   35.506  102.658  -57.807    0.296716   -1.397482   -0.505598   -0.833698   -1.628991   -1.513709   -1.843882   -0.692077   -1.232421  -32.725   12.479  -16.391 S_000001
   9 H  -143.803  160.424   48.868   77.160    0.000    0.000   70.723   39.884   94.253  179.916    0.294886   -1.425205   -0.442293   -0.779068   -1.628255   -1.513946   -1.841834   -0.735737   -1.210905  -38.999   13.570  -18.736 S_000001
SCORE:    14.042                 14.042          0          0          2    S_000002
   1 H     0.000  170.252   55.279   89.358 -155.769   48.243 -138.082   29.010  107.306  179.885    0.341872   -1.312478   -0.718923   -0.860774   -1.504972   -1.652609   -1.924509   -0.703205   -1.193399    3.794    0.984    0.238 S_000002
   2 N   -36.645 -169.862  148.400   84.954   59.837  110.260   33.415   32.147   96.803   39.609    0.346179   -1.228184   -0.819008   -0.813022   -1.288577   -1.815815   -1.917984   -0.641970   -1.225784    2.010   -2.385   -2.739 S_000002
   3 P   -65.164  159.033   56.810   79.800 -159.071  -77.247   85.040   40.664   89.496 -159.428    0.299393   -1.406838   -0.495298   -0.762935   -1.553094   -1.584933   -1.849401   -0.714334   -1.216870   -2.277   -6.050   -0.391 S_000002
   4 P  -172.604  161.126  159.864  155.138 -101.607 -139.360  -48.863  -40.948  155.621   78.591    0.319081    0.026124   -1.484098   -0.731166   -0.944630   -1.986654   -1.887978   -0.700564   -1.211859   -8.834   -7.293    1.314 S_000002
   5 N   167.952 -167.959  154.203  145.211 -155.376 -167.633   19.536  -32.174  148.043  -55.599    0.332777   -0.133501   -1.484945   -0.828850   -0.980089   -2.013944   -1.953344   -0.695714   -1.205944  -15.521   -9.523    3.085 S_000002
   6 N   167.952 -167.959  154.203  145.211 -155.376 -167.633   19.536  -32.174  148.043  -55.599    0.332777   -0.133501   -1.484945   -0.828850   -0.980089   -2.013944   -1.953344   -0.695714   -1.205944  -22.031  -11.555    5.577 S_000002
   7 N   -70.422 -176.803   54.287   79.161 -164.802 -103.413   88.590   39.012   94.519 -103.099    0.284657   -1.432273   -0.440008   -0.804927   -1.647512   -1.494854   -1.868363   -0.764982   -1.183614  -26.310  -15.455    8.852 S_000002
   8 N   -73.735 -169.010   53.850   91.628 -165.481  -82.950  104.585   32.152   97.825 -125.001    0.349956   -1.271522   -0.756479   -0.811765   -1.378867   -1.748103   -1.902631   -0.650871   -1.230306  -31.883  -18.994    9.604 S_000002
   9 H   -69.158  168.381   62.192   80.687    0.000    0.000   74.044   40.645   92.031  179.917    0.313786   -1.379183   -0.531934   -0.733088   -1.509049   -1.622399   -1.814601   -0.675835   -1.255980  -37.455  -20.702   11.319 S_000002
SCORE:    14.395                 14.395          0          0          2    S_000003
   1 H     0.000  170.252   55.279   89.825 -120.790  -28.608   68.904   21.657  114.062  -19.005    0.377024   -1.269873   -0.761229   -0.871602   -1.588107   -1.592187   -1.923696   -0.749276   -1.172628    3.794    0.984    0.238 S_000003
   2 P    74.942  118.269  168.180   82.391 -142.061 -104.240  149.208   38.204   96.020  -24.598    0.277928   -1.412544   -0.509062   -0.826909   -1.589840   -1.561552   -1.883316   -0.717633   -1.210033    1.958   -2.404   -3.429 S_000003
   3 P   -68.583  164.307   58.666   91.801 -155.892  -60.451   88.581   35.128   99.160  146.908    0.357781   -1.263290   -0.773760   -0.754199   -1.296418   -1.794559   -1.854042   -0.573454   -1.265068   -4.452   -3.236   -3.142 S_000003
   4 P  -160.735  100.475  166.098   97.494 -163.393  -34.671 -110.841   11.829  136.337   95.290    0.410971   -1.179243   -0.881078   -0.901230   -1.567988   -1.552099   -1.903237   -0.668675   -1.192323   -9.861   -6.183   -0.590 S_000003
   5 N  -174.783  120.716  177.399  150.472 -127.479 -150.643  -46.738  -38.379  156.036  172.165    0.295515   -0.075973   -1.493365   -0.801078   -1.032701   -1.963612   -1.942754   -0.690149   -1.211052  -14.912  -10.089    0.809 S_000003
   6 P   156.238 -179.304  175.189   84.171 -131.747  -78.081   61.660   33.664   96.247  -22.960    0.339854   -1.342789   -0.627972   -0.797072   -1.523909   -1.623702   -1.875191   -0.725767   -1.201238  -21.658  -12.920    0.463 S_000003
   7 P   -49.246  156.776   49.555   74.578 -147.011 -141.958   77.008   32.363  106.965 -146.555    0.334027   -1.386898   -0.508444   -0.844976   -1.667411   -1.476270   -1.846713   -0.717289   -1.212618  -26.781  -15.883    1.200 S_000003
   8 N  -175.101 -147.674  159.572  141.718  176.133  146.872   62.364  -31.811 -103.226   76.911    0.331832   -0.177856   -1.485199   -0.843536   -1.029654   -1.962328   -1.977627   -0.691472   -1.204184  -32.148  -18.455    5.415 S_000003
   9 H   -82.154 -175.565   56.486   85.230    0.000    0.000   84.555   40.419   88.985  -11.161    0.303960   -1.365977   -0.575597   -0.759085   -1.453084   -1.668379   -1.863596   -0.681515   -1.234202  -38.064  -18.183    8.388 S_000003
SCORE:    14.417                 14.417          0          1          1    S_000004
   1 H     0.000  170.252   55.279  109.791  -86.031  -28.716   97.324   -4.072  154.605    3.658    0.432992   -1.060617   -0.993306   -0.892079   -1.672394   -1.421786   -1.913007   -0.735767   -1.171156    3.794    0.984    0.238 S_000004
   2 P    95.862 -150.045 -177.753  145.463 -163.746 -130.631  132.028  -25.964  134.716  -54.064    0.372792   -0.139680   -1.476267   -0.836576   -0.849905   -2.078892   -1.921957   -0.718372   -1.188673    1.366   -0.388   -2.760 S_000004
   3 P   -72.374  170.763   48.864   79.317 -158.175  -79.379   85.592   42.201   85.903  -96.723    0.300166   -1.381840   -0.547795   -0.736684   -1.463159   -1.665509   -1.840380   -0.677688   -1.247264   -3.863   -4.257   -2.161 S_000004
   4 P  -168.839  121.189 -176.246   84.421 -162.310  -96.356  108.244   34.304  106.356  -23.636    0.327894   -1.391748   -0.518664   -0.809234   -1.631897   -1.506085   -1.823324   -0.679514   -1.237292  -10.465   -5.224   -0.361 S_000004
   5 N   -52.702  172.923   49.702   84.169 -165.377 -100.510   95.305   35.324   96.911 -144.598    0.323649   -1.362952   -0.603981   -0.808138   -1.526598   -1.626536   -1.889159   -0.716986   -1.203713  -16.071   -6.963   -2.277 S_000004
   6 N  -178.810  153.055  135.770  106.704 -138.327 -112.358  127.377   22.478   87.323  -11.418    0.409131   -0.973460   -1.098711   -0.809248   -1.028300   -2.013690   -1.923910   -0.665663   -1.225656  -23.029   -7.374   -3.432 S_000004
   7 P   -87.787  177.868   72.488  125.142 -164.828 -151.898  111.548  -19.213  150.164  -29.735    0.411216   -0.574601   -1.357123   -0.857597   -1.302692   -1.814919   -1.954673   -0.693383   -1.189634  -29.692   -9.081   -3.747 S_000004
   8 P   -78.530  166.946   69.553   83.342 -157.845  -54.463   63.829   34.554   96.752   80.967    0.329787   -1.357808   -0.602468   -0.800862   -1.541338   -1.609593   -1.870082   -0.725400   -1.197724  -36.059  -10.403   -4.515 S_000004
   9 H   -69.542  168.149   54.600   74.303    0.000    0.000   72.349   41.452   94.486 -149.531    0.279331   -1.445614   -0.386792   -0.773763   -1.659486   -1.472249   -1.808511   -0.712350   -1.226870  -40.564  -14.008   -3.923 S_000004
SCORE:    14.556                 14.556          0          0          2    S_000005
   1 H     0.000  170.252   55.279   85.860 -107.084  -47.259   58.437   38.077   88.771  -25.779    0.322875   -1.331851   -0.659282   -0.772038   -1.400385   -1.727929   -1.890976   -0.690502   -1.220295    3.794    0.984    0.238 S_000005
   2 N    76.983  117.733 -176.512   84.812 -145.794  -58.245   60.934   36.078   94.321 -163.913    0.327493   -1.353570   -0.617417   -0.791165   -1.491185   -1.650495   -1.877360   -0.699345   -1.215167    1.970   -2.547   -3.440 S_000005
   3 P   -59.925 -175.074   45.184   80.131 -165.579 -107.798  100.984   35.701   99.314 -161.501    0.321752   -1.389561   -0.541288   -0.809044   -1.586739   -1.560613   -1.868213   -0.717021   -1.208438   -3.095   -5.711   -2.101 S_000005
   4 P   -61.485  172.776   56.944   86.906 -153.389 -117.159   65.060   32.671  101.167 -166.560    0.336310   -1.350716   -0.631465   -0.822328   -1.544625   -1.614423   -1.898988   -0.721388   -1.199581   -8.538   -7.926    0.205 S_000005
   5 P   -71.383  151.973   48.207  147.060 -131.753 -161.855  100.068  -36.188  155.861   33.256    0.337325   -0.228092   -1.466943   -0.778700   -1.188977   -1.879295   -1.928081   -0.757037   -1.174951  -14.082   -9.311    2.759 S_000005
   6 P  -172.604  161.126  159.864  155.138 -101.607 -139.360  -48.863  -40.948  155.621   78.591    0.319081    0.026124   -1.484098   -0.731166   -0.944630   -1.986654   -1.887978   -0.700564   -1.211859  -19.479  -13.309    5.371 S_000005
   7 P   -64.190  144.121   63.645   87.604 -153.984  -66.022   93.483   33.951   98.607  164.408    0.335558   -1.334341   -0.656727   -0.804350   -1.488699   -1.663395   -1.891531   -0.700248   -1.214925  -24.977  -16.637    5.703 S_000005
   8 N  -174.783  120.716  177.399  150.472 -127.479 -150.643  -46.738  -38.379  156.036  172.165    0.295515   -0.075973   -1.493365   -0.801078   -1.032701   -1.963612   -1.942754   -0.690149   -1.211052  -30.796  -18.576    8.826 S_000005
   9 H   -53.886  157.864   71.583   81.801    0.000    0.000   77.686   34.869  102.092 -170.054    0.315908   -1.408240   -0.477271   -0.816278   -1.672689   -1.468636   -1.860721   -0.761276   -1.189826  -35.781  -22.634    9.158 S_000005
SCORE:    14.429                 14.429          0          0          1    S_000006
   1 H     0.000  170.252   55.279  139.617  -64.455  -57.871  122.140  -32.334  161.821   27.534    0.339228   -0.380930   -1.427342   -0.789282   -1.309719   -1.850957   -1.890868   -0.709111   -1.230885    3.794    0.984    0.238 S_000006
   2 P   139.901 -101.394 -178.561  141.920 -123.942 -144.089   80.191  -30.931  156.102   31.126    0.358691   -0.354753   -1.434289   -0.818117   -1.244867   -1.828128   -1.948415   -0.714488   -1.176518    2.840    2.425   -3.468 S_000006
   3 P   171.747  153.395  159.041  148.712 -150.900 -143.856  163.298  -31.676  141.216  -34.261    0.335662   -0.099384   -1.482186   -0.823846   -0.920479   -2.044532   -1.934389   -0.708140   -1.198506   -3.679    3.172   -6.733 S_000006
   4 P   146.274  156.591  179.483   77.635 -152.028  -72.001   75.273   42.982   89.249  178.900    0.287995   -1.419009   -0.477197   -0.735693   -1.550269   -1.599261   -1.819279   -0.700629   -1.234007  -10.469    2.838   -9.521 S_000006
   5 P   149.773 -156.144  176.474   82.777 -155.799  -84.417   85.097   38.273   91.188  109.933    0.325799   -1.359624   -0.601698   -0.762572   -1.475146   -1.669392   -1.863222   -0.693642   -1.226962  -16.229    4.931  -11.309 S_000006
   6 P   -60.812 -146.102   71.756  156.668  -78.282 -169.333  154.499  -36.879  159.613   62.580    0.318603   -0.121311   -1.484608   -0.802024   -1.070048   -1.952590   -1.947726   -0.665159   -1.220540  -22.613    6.728  -11.576 S_000006
   7 P   -62.665  160.095   60.916   87.761 -155.381  -65.107   89.471   34.654   95.702  164.567    0.314428   -1.338077   -0.659034   -0.817132   -1.479765   -1.673408   -1.886225   -0.675591   -1.223030  -28.854    8.039  -12.358 S_000006
   8 P   -45.155  171.297   50.009  127.136 -162.964 -104.257  127.752  -25.217  158.077 -150.094    0.438166   -0.263066   -1.437777   -0.776346   -1.009467   -1.975085   -1.925620   -0.691715   -1.221366  -33.821    8.379  -15.294 S_000006
   9 H    80.046 -164.964 -176.680   83.657    0.000    0.000   85.050   37.331   95.761  164.208    0.303788   -1.385360   -0.543886   -0.798211   -1.556266   -1.583970   -1.862053   -0.706697   -1.212925  -36.126    8.245  -20.939 S_000006
SCORE:    14.133                 14.133          0          0          1    S_000007
   1 H     0.000  170.252   55.279  148.781 -146.606   13.848  119.395  -37.861  155.291  134.972    0.321280   -0.105086   -1.484374   -0.772094   -1.060168   -1.957401   -1.921558   -0.709590   -1.208596    3.794    0.984    0.238 S_000007
   2 N    79.722  -68.646 -179.965   86.228 -166.559 -148.226   83.939   38.218   96.378   91.556    0.297933   -1.378285   -0.578711   -0.794788   -1.509237   -1.637500   -1.851110   -0.655311   -1.255726    3.723    1.552   -2.792 S_000007
   3 P  -172.564  127.960  145.240   79.909 -123.423  -74.300   59.084   38.736   99.149    4.314    0.366888   -1.353799   -0.648101   -0.720295   -1.428243   -1.736393   -1.867590   -0.724777   -1.210854   -2.898    2.507   -5.274 S_000007
   4 N   -56.447  161.867   71.832  154.148 -109.816  -92.178  128.922  -38.278  154.303 -154.039    0.326604   -0.049147   -1.486557   -0.759318   -0.992584   -1.984304   -1.907809   -0.697240   -1.218033   -8.926    3.364   -5.541 S_000007
   5 P   155.560  161.070 -178.457   84.276 -122.408  -98.195   69.445   34.862   99.023  -17.493    0.336436   -1.355400   -0.607953   -0.795993   -1.522882   -1.622071   -1.870210   -0.689281   -1.222321  -15.025    6.870   -5.108 S_000007
   6 P   171.747  153.395  159.041  148.712 -150.900 -143.856  163.298  -31.676  141.216  -34.261    0.335662   -0.099384   -1.482186   -0.823846   -0.920479   -2.044532   -1.934389   -0.708140   -1.198506  -20.305    9.509   -9.260 S_000007
   7 P  -172.604  161.126  159.864  155.138 -101.607 -139.360  -48.863  -40.948  155.621   78.591    0.319081    0.026124   -1.484098   -0.731166   -0.944630   -1.986654   -1.887978   -0.700564   -1.211859  -26.117   12.241  -12.683 S_000007
   8 P   145.559 -147.661 -179.920   89.636 -147.948 -121.251  142.316   19.265  124.361   72.826    0.378876   -1.314939   -0.680925   -0.895597   -1.696331   -1.431095   -1.862822   -0.708039   -1.208086  -31.851   13.911  -16.396 S_000007
   9 H   -66.966  178.436   56.743   80.875    0.000    0.000   74.820   41.850   88.677  137.638    0.295492   -1.396712   -0.520366   -0.749143   -1.504220   -1.630613   -1.864325   -0.729992   -1.211789  -37.995   14.646  -18.942 S_000007
SCORE:    14.885                 14.885          0          0          0    S_000008
   1 H     0.000  170.252   55.279  138.932  -92.146  -67.032  107.898  -23.640  145.378  -61.943    0.398813   -0.440148   -1.416483   -0.849636   -1.225006   -1.898401   -1.974164   -0.712333   -1.174153    3.794    0.984    0.238 S_000008
   2 P    75.543  143.079 -173.965   79.820 -149.586  -83.394  142.471   35.166  105.724   89.437    0.315909   -1.418544   -0.465537   -0.820805   -1.676714   -1.460143   -1.808956   -0.689573   -1.240935    3.946   -0.169   -5.361 S_000008
   3 N   -86.101 -146.947   84.410  116.615 -111.045  -81.958  148.186   17.356  139.218   41.927    0.618211   -1.207173   -0.607644   -0.569733   -1.715988   -1.356945   -1.603560   -0.732375   -1.252748   -2.061    0.991   -8.601 S_000008
   4 P  -108.293   86.120  164.210   81.610 -145.592  -76.612   47.222   37.518   89.695  148.368    0.328533   -1.348579   -0.623677   -0.767902   -1.462259   -1.681907   -1.874942   -0.722851   -1.206062   -7.646    3.243   -8.282 S_000008
   5 P  -154.050  145.148  124.520   89.904 -156.931 -129.437   98.571   22.752  116.377   53.243    0.366115   -1.304268   -0.738772   -0.890164   -1.596323   -1.568220   -1.925176   -0.727709   -1.180955  -13.952    4.372  -10.746 S_000008
   6 N   -67.802  167.618   57.528   80.264 -147.345 -119.030   89.176   34.044  100.472  -18.559    0.326382   -1.369056   -0.585081   -0.818244   -1.566985   -1.581408   -1.859903   -0.690378   -1.223629  -19.712    5.586  -13.501 S_000008
   7 P  -173.910 -150.992  149.500  127.998 -128.911 -142.558   91.482   -6.193  136.127   15.787    0.408280   -0.788743   -1.262842   -0.923571   -1.317920   -1.806812   -1.984235   -0.740556   -1.116661  -26.892    6.016  -13.286 S_000008
   8 P   -73.688  154.833   59.185  146.485 -111.162  175.140  119.829  -32.346  150.459   20.864    0.348829   -0.220202   -1.465450   -0.808985   -1.098138   -1.929436   -1.939839   -0.717382   -1.183677  -33.259    5.923  -14.673 S_000008
   9 H   -56.346  154.324   64.308   77.518    0.000    0.000   62.133   38.812   99.047  179.917    0.298677   -1.437012   -0.405640   -0.786998   -1.685804   -1.451474   -1.815512   -0.735957   -1.215323  -38.206    4.956  -17.987 S_000008
SCORE:    14.514                 14.514          0          0          2    S_000009
   1 H     0.000  170.252   55.279  109.791  -86.031  -28.716   97.324   -4.072  154.605    3.658    0.432992   -1.060617   -0.993306   -0.892079   -1.672394   -1.421786   -1.913007   -0.735767   -1.171156    3.794    0.984    0.238 S_000009
   2 P    62.159  178.988 -170.619  149.965 -103.312 -145.757  126.991  -39.736  164.357  173.689    0.323159   -0.192725   -1.473024   -0.749767   -1.208730   -1.842314   -1.917217   -0.720585   -1.212069    1.372   -0.559   -3.060 S_000009
   3 P   152.375  142.031   64.415  148.128 -115.647  144.438   99.872  -37.298  156.734  -84.147    0.331499   -0.157245   -1.479366   -0.767945   -1.115352   -1.917667   -1.916635   -0.734444   -1.191645   -5.709    0.145   -4.598 S_000009
   4 P   153.593 -174.720  175.405   87.006 -138.710  -67.800   71.797   39.975   84.634  -27.176    0.310808   -1.344282   -0.636662   -0.756981   -1.396052   -1.728260   -1.883757   -0.705854   -1.219704  -12.373   -0.392   -4.243 S_000009
   5 P   -83.383  178.995   58.450   83.328 -148.736  -83.655   87.924   39.272   93.838 -166.979    0.302996   -1.364929   -0.599303   -0.776440   -1.458865   -1.677619   -1.861487   -0.663780   -1.250561  -18.770   -0.874   -3.573 S_000009
   6 P   -64.132 -173.986   78.117  144.021 -102.288  161.905  145.881  -36.810  165.935  140.551    0.336458   -0.426064   -1.426571   -0.777721   -1.432900   -1.660443   -1.911454   -0.752573   -1.189238  -23.803   -4.905   -2.912 S_000009
   7 N  -166.338 -134.139  173.180  170.891  -15.758 -126.085  133.200  -46.358  147.862 -114.255    0.282380    0.433516   -1.442009   -0.711913   -0.506519   -2.143900   -1.772643   -0.760864   -1.216886  -30.550   -6.616   -2.541 S_000009
   8 N   -76.973 -157.510  176.700   85.843 -114.258  -95.371   94.070   30.421  105.690  163.585    0.356190   -1.348443   -0.621475   -0.817010   -1.589570   -1.562671   -1.870523   -0.726362   -1.193977  -35.731   -9.064   -5.705 S_000009
   9 H   -52.050  170.326   49.326   79.720    0.000    0.000   71.609   40.671   89.932  179.909    0.301698   -1.399189   -0.514439   -0.758161   -1.537723   -1.608568   -1.849398   -0.713657   -1.224697  -42.161  -10.074   -5.744 S_000009
SCORE:    15.403                 15.403          0          0          2    S_000010
   1 H     0.000  170.252   55.279   78.975 -138.612  -48.859   70.419   42.731   93.945  -19.847    0.280181   -1.404851   -0.513909   -0.750475   -1.507075   -1.634901   -1.822972   -0.646168   -1.264207    3.794    0.984    0.238 S_000010
   2 N    33.932  170.894 -176.674   84.328  116.062  156.084  143.975   38.185   82.013  179.921    0.362320   -1.287384   -0.715662   -0.723867   -1.294938   -1.781744   -1.865938   -0.693978   -1.220382    5.730   -3.624   -1.746 S_000010
   3 P   164.423 -126.231  176.251   91.863 -148.152  -95.447   90.726   36.141   94.787  -18.747    0.308216   -1.335123   -0.633984   -0.806988   -1.469271   -1.673926   -1.899392   -0.725780   -1.196649    0.850   -7.895    0.563 S_000010
   4 P  -177.185 -173.566  155.371  145.456  -98.754  179.352  138.838  -24.197  141.689  170.602    0.366879   -0.185448   -1.467973   -0.847005   -0.869502   -2.069646   -1.938630   -0.653402   -1.218242   -4.107  -12.869    1.305 S_000010
   5 P   168.992 -156.630  174.212   86.705 -137.197 -119.664  108.197   33.640   99.366  -15.229    0.329923   -1.352776   -0.624135   -0.819988   -1.531632   -1.621327   -1.886817   -0.697388   -1.214338  -10.258  -16.258    2.427 S_000010
   6 P   149.773 -156.144  176.474   82.777 -155.799  -84.417   85.097   38.273   91.188  109.933    0.325799   -1.359624   -0.601698   -0.762572   -1.475146   -1.669392   -1.863222   -0.693642   -1.226962  -15.821  -18.634    5.943 S_000010
   7 P   -39.399  168.770   55.356  142.140 -142.741  175.589  120.987  -35.450  159.437  -98.096    0.330665   -0.302125   -1.453233   -0.794861   -1.264725   -1.819140   -1.936530   -0.724980   -1.198310  -20.838  -21.424    7.509 S_000010
   8 P   164.423 -126.231  176.251   91.863 -148.152  -95.447   90.726   36.141   94.787  -18.747    0.308216   -1.335123   -0.633984   -0.806988   -1.469271   -1.673926   -1.899392   -0.725780   -1.196649  -26.971  -24.682    8.950 S_000010
   9 H   -72.494  178.957   54.836   77.741    0.000    0.000   72.681   40.491   90.511  179.917    0.312992   -1.406142   -0.498017   -0.743316   -1.566736   -1.587065   -1.825385   -0.714779   -1.228350  -32.903  -27.555    9.003 S_000010
