SEQUENCE: gaaaaag
SCORE:     score    rna_stub_coord_hack       N_WC      N_NWC       N_BS description
REMARK RNA 
SCORE:     2.585                  2.585          0          0          1    S_000001
   1 H     0.000  170.252   55.279   85.721 -151.744   28.267   85.361   34.061   95.537  -17.249    0.340784   -1.327157   -0.665786   -0.802195   -1.471042   -1.679202   -1.895786   -0.704515   -1.208752    3.794    0.984    0.238 S_000001
   2 P   142.990 -157.333 -168.021   81.949 -149.012  -66.119   71.198   43.777   90.331  -21.089    0.268349   -1.386227   -0.533826   -0.747811   -1.438299   -1.663607   -1.829121   -0.660086   -1.293371    1.863   -2.400   -3.794 S_000001
   3 P  -177.185 -173.566  155.371  145.456  -98.754  179.352  138.838  -24.197  141.689  170.602    0.366879   -0.185448   -1.467973   -0.847005   -0.869502   -2.069646   -1.938630   -0.653402   -1.218242   -2.084   -5.816   -8.056 S_000001
   4 P   158.826 -169.008  173.563   83.353 -105.114  -66.588   66.987   35.570   92.210  -13.365    0.345282   -1.310374   -0.699179   -0.777224   -1.402515   -1.739380   -1.888738   -0.689545   -1.219446   -7.644   -9.497  -10.489 S_000001
   5 N   -68.947  174.996   69.358  150.704 -104.460   96.300  116.243  -36.732  155.098   25.942    0.329764   -0.123509   -1.483834   -0.779171   -1.061721   -1.953362   -1.930181   -0.698529   -1.213098   -9.553  -14.073  -14.313 S_000001
   6 P    88.446  152.233 -177.309   99.607 -163.833  -94.509  109.798   24.470  101.567  -63.346    0.357266   -1.161357   -0.924890   -0.846544   -1.335259   -1.840463   -1.925885   -0.663645   -1.234091  -13.889  -17.155  -16.288 S_000001
   7 H   150.869 -164.336  179.727   82.706    0.000    0.000   51.123   38.135   88.258  -25.241    0.331517   -1.332771   -0.652465   -0.758744   -1.411280   -1.724246   -1.877451   -0.691521   -1.223652  -20.003  -18.061  -18.792 S_000001
SCORE:     2.536                  2.536          0          0          1    S_000002
   1 H     0.000  170.252   55.279   78.407 -127.445   42.562   78.871   39.646   90.279  179.906    0.296400   -1.405130   -0.499263   -0.779220   -1.561122   -1.569028   -1.863886   -0.747265   -1.189293    3.794    0.984    0.238 S_000002
   2 N   -81.686 -157.880   46.578   85.116 -147.031  -75.786   68.506   41.420   86.164  -26.155    0.304591   -1.348412   -0.641640   -0.744870   -1.365489   -1.750464   -1.878531   -0.698388   -1.220833    1.182   -2.319   -2.569 S_000002
   3 P   -53.263  -84.013  179.931  121.234 -143.667 -130.098   47.916  -25.284  165.035  136.041    0.390724   -0.706993   -1.308555   -0.850770   -1.556537   -1.535396   -1.919063   -0.699958   -1.200243   -0.695   -5.597   -7.558 S_000002
   4 N   -50.235  165.000   42.481   85.494 -169.291  -81.228  136.938   35.785   93.671  176.304    0.340408   -1.309340   -0.691579   -0.779654   -1.394478   -1.728634   -1.883409   -0.656694   -1.231337   -3.367  -10.349  -11.010 S_000002
   5 P  -174.180  152.972 -160.333  104.826 -142.767  -78.703   76.242   19.884  101.194  179.947    0.387962   -1.086681   -0.991172   -0.843871   -1.294637   -1.855867   -1.944422   -0.700499   -1.202484   -7.599  -15.492  -12.631 S_000002
   6 P  -177.185 -173.566  155.371  145.456  -98.754  179.352  138.838  -24.197  141.689  170.602    0.366879   -0.185448   -1.467973   -0.847005   -0.869502   -2.069646   -1.938630   -0.653402   -1.218242  -12.718  -19.339  -15.212 S_000002
   7 H   -60.201  169.307   46.120   77.760    0.000    0.000   76.018   39.973   90.104  179.914    0.299283   -1.409965   -0.485150   -0.769317   -1.567298   -1.554782   -1.857304   -0.746821   -1.192256  -14.465  -24.896  -17.574 S_000002
SCORE:     2.673                  2.673          0          1          1    S_000003
   1 H     0.000  170.252   55.279  113.831  -94.256  -61.497  108.560  -36.322  160.992   14.457    0.291174   -0.919178   -1.172061   -0.794497   -1.953435   -1.090345   -1.926116   -1.199418   -0.671265    3.794    0.984    0.238 S_000003
   2 N   155.698 -147.514  169.931   83.393 -124.401  -88.271   60.605   36.805   93.611  -23.064    0.324225   -1.355591   -0.614213   -0.787839   -1.484943   -1.661573   -1.879896   -0.700877   -1.213843    2.835   -1.326   -4.960 S_000003
   3 P   -42.813  172.564   62.689   86.654 -148.259  -81.416  105.254   26.297  108.865  157.759    0.382543   -1.281921   -0.730584   -0.825161   -1.531852   -1.632710   -1.887034   -0.710804   -1.206484   -1.506   -2.433   -9.456 S_000003
   4 P  -134.330  101.066  176.060   86.439 -116.418  -82.329   46.998   35.258   98.130 -155.832    0.325169   -1.363182   -0.594694   -0.805606   -1.532304   -1.613124   -1.891886   -0.730772   -1.190888   -4.309   -3.088  -15.213 S_000003
   5 P   -33.122 -159.568  151.000  146.506 -145.092 -142.672   79.190  -33.668  154.217 -117.811    0.333818   -0.171529   -1.475823   -0.812366   -1.061031   -1.950460   -1.939960   -0.691146   -1.196381   -6.220   -5.492  -20.910 S_000003
   6 P   -68.290  165.624   53.091  148.683 -120.580  175.250  113.124  -37.907  158.220 -145.963    0.336084   -0.197418   -1.472562   -0.755729   -1.177993   -1.869278   -1.909839   -0.730576   -1.194448  -10.382   -8.319  -25.118 S_000003
   7 H   -58.148  172.236   50.322   72.670    0.000    0.000   79.949   39.919   94.739  179.909    0.295080   -1.418555   -0.468161   -0.779909   -1.601439   -1.544974   -1.844543   -0.718787   -1.223699  -13.887   -9.533  -30.129 S_000003
SCORE:     2.492                  2.492          0          0          1    S_000004
   1 H     0.000  170.252   55.279   85.721 -151.744   28.267   85.361   34.061   95.537  -17.249    0.340784   -1.327157   -0.665786   -0.802195   -1.471042   -1.679202   -1.895786   -0.704515   -1.208752    3.794    0.984    0.238 S_000004
   2 P   -56.781  170.414   53.556   83.718 -153.090  -82.343   96.498   40.849   84.822 -112.564    0.307267   -1.355750   -0.617232   -0.748354   -1.410914   -1.722072   -1.877339   -0.707083   -1.221037    2.688   -3.053   -1.932 S_000004
   3 N   -72.054  172.480   63.513   89.397 -163.179  -67.446   77.043   33.162   96.863 -132.352    0.344523   -1.303752   -0.714685   -0.804000   -1.430471   -1.717718   -1.904319   -0.686325   -1.220442    0.112   -8.032   -4.832 S_000004
   4 N  -148.162  164.915  118.385  145.355 -109.323 -178.043  158.161  -25.949  134.973  153.436    0.357113   -0.162484   -1.477571   -0.854725   -0.883260   -2.080780   -1.943630   -0.688761   -1.201220   -3.008  -10.707  -10.063 S_000004
   5 N  -178.810  153.055  135.770  106.704 -138.327 -112.358  127.377   22.478   87.323  -11.418    0.409131   -0.973460   -1.098711   -0.809248   -1.028300   -2.013690   -1.923910   -0.665663   -1.225656   -7.891  -13.747  -13.961 S_000004
   6 P  -177.185 -173.566  155.371  145.456  -98.754  179.352  138.838  -24.197  141.689  170.602    0.366879   -0.185448   -1.467973   -0.847005   -0.869502   -2.069646   -1.938630   -0.653402   -1.218242  -12.589  -16.746  -18.576 S_000004
   7 H   -54.247  163.807   50.189   80.572    0.000    0.000   80.136   42.159   90.286  -19.752    0.288373   -1.408000   -0.524247   -0.752938   -1.504936   -1.635535   -1.870148   -0.711819   -1.217622  -17.583  -20.313  -19.655 S_000004
SCORE:     2.514                  2.514          0          0          1    S_000005
   1 H     0.000  170.252   55.279  144.697  -94.795  -68.007  109.834  -38.685  160.025 -136.885    0.346701   -0.183003   -1.488752   -0.756911   -1.180896   -1.845884   -1.964251   -0.776364   -1.172797    3.794    0.984    0.238 S_000005
   2 N   156.206 -167.738 -170.879   84.580 -144.625  -58.211   59.260   35.291  101.679  -13.494    0.327934   -1.371793   -0.583068   -0.794657   -1.553461   -1.596619   -1.845835   -0.684503   -1.254648    4.953   -0.335   -5.713 S_000005
   3 N  -139.731 -177.144  125.804   82.958 -139.997  -71.260   56.165   36.114   96.130  -19.199    0.367749   -1.337066   -0.623212   -0.737978   -1.433341   -1.631644   -1.889073   -0.682326   -1.236236    3.900    0.694  -12.242 S_000005
   4 P   -58.446 -149.202   68.661  151.517  -94.388 -167.491  158.879  -36.566  157.616   66.657    0.314545   -0.058212   -1.465433   -0.758064   -0.951472   -2.024794   -1.934304   -0.600686   -1.266513    2.130    4.029  -17.630 S_000005
   5 P   146.274  156.591  179.483   77.635 -152.028  -72.001   75.273   42.982   89.249  178.900    0.287995   -1.419009   -0.477197   -0.735693   -1.550269   -1.599261   -1.819279   -0.700629   -1.234007    0.903    5.034  -24.627 S_000005
   6 P   -67.174 -171.745   62.212  145.145 -155.997 -106.484 -147.320  -33.164  152.851  138.237    0.344482   -0.189857   -1.476480   -0.805669   -1.076453   -1.953110   -1.941820   -0.705229   -1.199961   -0.605    4.089  -30.749 S_000005
   7 H   140.765 -172.720 -174.403   86.025    0.000    0.000   63.531   34.761   94.710  -11.991    0.350510   -1.307078   -0.667299   -0.776910   -1.430585   -1.688836   -1.869278   -0.666098   -1.234077    2.245    3.812  -36.984 S_000005
SCORE:     2.683                  2.683          0          0          0    S_000006
   1 H     0.000  170.252   55.279  143.732  -90.369  -63.759  140.568  -35.848  164.473  176.264    0.332971   -0.314280   -1.461109   -0.791622   -1.283002   -1.796302   -1.938373   -0.756471   -1.174915    3.794    0.984    0.238 S_000006
   2 N   145.215 -123.261  174.675   85.487 -129.367 -105.326   61.689   34.708   94.693  -16.002    0.341282   -1.320596   -0.682879   -0.791461   -1.438928   -1.705229   -1.892384   -0.688770   -1.219794    3.674    0.510   -4.971 S_000006
   3 N   -53.025 -171.133   66.197  118.744 -156.076 -125.935  159.063  -14.860  157.092  113.222    0.397896   -0.937453   -1.149838   -0.931285   -1.661409   -1.425729   -1.958412   -0.783663   -1.114398    0.667    0.708  -11.001 S_000006
   4 P   171.747  153.395  159.041  148.712 -150.900 -143.856  163.298  -31.676  141.216  -34.261    0.335662   -0.099384   -1.482186   -0.823846   -0.920479   -2.044532   -1.934389   -0.708140   -1.198506    0.032    0.776  -18.257 S_000006
   5 P   -70.823  167.374   57.270   84.708 -139.504  -45.347   96.928   40.216   88.405  -28.081    0.302573   -1.377245   -0.552267   -0.760851   -1.497403   -1.643946   -1.864500   -0.714674   -1.219878   -2.715   -0.819  -24.006 S_000006
   6 P   -68.897 -116.299   52.925  143.748  -79.468  175.190   97.899  -36.297  154.808  -91.527    0.319020   -0.194579   -1.477703   -0.800104   -1.145796   -1.902478   -1.939060   -0.739064   -1.180909   -3.399    1.595  -29.998 S_000006
   7 H   -50.547  169.832   56.246   86.677    0.000    0.000   78.448   34.178  102.550  178.287    0.334837   -1.362737   -0.583723   -0.801373   -1.565020   -1.583391   -1.850566   -0.680393   -1.237657   -4.583    1.615  -36.118 S_000006
SCORE:     2.485                  2.485          0          0          0    S_000007
   1 H     0.000  170.252   55.279  147.085  -86.307  -76.859  158.488  -31.087  139.400 -107.227    0.338718   -0.079264   -1.490187   -0.834425   -0.883046   -2.065183   -1.920253   -0.763916   -1.165105    3.794    0.984    0.238 S_000007
   2 P   -61.936  168.939   50.722   82.796 -140.957  -68.976   83.549   38.714   89.917 -138.696    0.313898   -1.369193   -0.580968   -0.774426   -1.489430   -1.654496   -1.878119   -0.714143   -1.216935    6.362   -1.387   -4.897 S_000007
   3 P   171.747  153.395  159.041  148.712 -150.900 -143.856  163.298  -31.676  141.216  -34.261    0.335662   -0.099384   -1.482186   -0.823846   -0.920479   -2.044532   -1.934389   -0.708140   -1.198506    5.678    1.876  -10.972 S_000007
   4 P   -63.250  175.683   65.794  149.949 -131.110 -149.590  116.670  -46.360  165.701  151.659    0.291047   -0.023190   -1.497427   -0.685692   -1.116595   -1.889345   -1.874813   -0.741826   -1.205416    3.906    2.523  -17.320 S_000007
   5 P   152.594  176.327  171.244   91.237 -151.427  -73.024   82.556   36.730   87.095   -0.293    0.324489   -1.292433   -0.740995   -0.782053   -1.325054   -1.790390   -1.912036   -0.712281   -1.201892    2.066    4.223  -24.208 S_000007
   6 P  -154.050  145.148  124.520   89.904 -156.931 -129.437   98.571   22.752  116.377   53.243    0.366115   -1.304268   -0.738772   -0.890164   -1.596323   -1.568220   -1.925176   -0.727709   -1.180955    0.773    6.790  -30.364 S_000007
   7 H   -67.271 -176.255   55.836   84.088    0.000    0.000   71.380   41.865   87.968 -163.489    0.274614   -1.395470   -0.542707   -0.771706   -1.475525   -1.645679   -1.872744   -0.697286   -1.221898   -0.347    9.139  -36.547 S_000007
SCORE:     2.595                  2.595          0          0          1    S_000008
   1 H     0.000  170.252   55.279   84.234 -121.382  -57.665   72.197   35.560   94.070  -25.159    0.318237   -1.365679   -0.596717   -0.807197   -1.529789   -1.618198   -1.890228   -0.728275   -1.198309    3.794    0.984    0.238 S_000008
   2 P   157.640 -167.900  179.349   80.448 -111.969  -84.009 -123.640   32.443  113.227   92.207    0.323035   -1.406967   -0.501770   -0.850370   -1.681582   -1.456367   -1.812779   -0.666700   -1.250646    4.470   -3.792   -3.834 S_000008
   3 P   165.278  167.371  175.594   83.822 -158.281  -75.127   89.459   36.330   91.172 -137.030    0.339110   -1.327173   -0.662258   -0.772025   -1.433257   -1.708364   -1.881501   -0.696938   -1.221572    1.097   -7.255   -8.834 S_000008
   4 P   171.747  153.395  159.041  148.712 -150.900 -143.856  163.298  -31.676  141.216  -34.261    0.335662   -0.099384   -1.482186   -0.823846   -0.920479   -2.044532   -1.934389   -0.708140   -1.198506   -3.491   -9.169  -13.657 S_000008
   5 N  -175.101 -147.674  159.572  141.718  176.133  146.872   62.364  -31.811 -103.226   76.911    0.331832   -0.177856   -1.485199   -0.843536   -1.029654   -1.962328   -1.977627   -0.691472   -1.204184   -8.746  -12.871  -17.084 S_000008
   6 P   -71.452  177.977   52.141   84.939 -147.388  -59.603   70.808   35.671   93.333  179.916    0.333562   -1.328097   -0.656534   -0.784977   -1.449228   -1.689834   -1.875190   -0.673461   -1.227097  -10.895  -16.619  -21.879 S_000008
   7 H   -67.844  171.791   62.811   80.661    0.000    0.000   82.721   34.526  100.263  179.874    0.309236   -1.405547   -0.516248   -0.831530   -1.646905   -1.507923   -1.863818   -0.727972   -1.197528  -14.599  -20.976  -23.737 S_000008
SCORE:     2.613                  2.613          0          1          0    S_000009
   1 H     0.000  170.252   55.279   86.620 -131.554  -55.151   77.025   36.903   87.115   73.388    0.338039   -1.311782   -0.665734   -0.762243   -1.407653   -1.723803   -1.875293   -0.692900   -1.221149    3.794    0.984    0.238 S_000009
   2 N   155.698 -147.514  169.931   83.393 -124.401  -88.271   60.605   36.805   93.611  -23.064    0.324225   -1.355591   -0.614213   -0.787839   -1.484943   -1.661573   -1.879896   -0.700877   -1.213843    4.663   -3.855   -3.339 S_000009
   3 P   146.274  156.591  179.483   77.635 -152.028  -72.001   75.273   42.982   89.249  178.900    0.287995   -1.419009   -0.477197   -0.735693   -1.550269   -1.599261   -1.819279   -0.700629   -1.234007    1.794   -8.662   -7.624 S_000009
   4 P   -57.339  159.421   49.942   82.964 -153.476 -129.513   81.831   39.448   88.867 -156.439    0.319742   -1.376296   -0.562992   -0.752316   -1.494447   -1.639681   -1.860906   -0.720321   -1.216097   -1.588  -11.951  -11.034 S_000009
   5 P   171.747  153.395  159.041  148.712 -150.900 -143.856  163.298  -31.676  141.216  -34.261    0.335662   -0.099384   -1.482186   -0.823846   -0.920479   -2.044532   -1.934389   -0.708140   -1.198506   -7.149  -13.821  -15.388 S_000009
   6 P   144.301 -177.457  168.047  118.394  -83.727 -174.250   12.230  -18.258  135.328  -56.346    0.460209   -0.247345   -1.424070   -0.790326   -0.836688   -2.081905   -1.909305   -0.651561   -1.235348  -11.870  -17.274  -19.597 S_000009
   7 H   -45.758  158.686   54.810   75.501    0.000    0.000   70.414   43.648   95.446  -15.197    0.255772   -1.461465   -0.265883   -0.768426   -1.708716   -1.361761   -1.764409   -0.712760   -1.225231  -15.198  -18.994  -24.704 S_000009
SCORE:     2.535                  2.535          0          0          1    S_000010
   1 H     0.000  170.252   55.279  161.512  -81.759  -85.756  154.603  -37.759  145.563   37.571    0.297776    0.194194   -1.478649   -0.801934   -0.644735   -2.127446   -1.890737   -0.674871   -1.227519    3.794    0.984    0.238 S_000010
   2 P   145.834  169.864  160.515  116.771 -150.825  -95.969  116.851    6.639  112.778  -49.780    0.428419   -0.827735   -1.201961   -0.850477   -1.142936   -1.957796   -1.955336   -0.681649   -1.210816    7.041    0.669   -5.445 S_000010
   3 N   -84.698  177.546   65.525   77.374 -140.536  -89.044   99.698   36.632  105.158  -95.042    0.266747   -1.420851   -0.454751   -0.858307   -1.653777   -1.466762   -1.821859   -0.644336   -1.254158    7.466    0.846  -12.090 S_000010
   4 P   -97.972 -152.339   81.706  124.769 -146.581  162.724  125.829  -16.565  146.909   34.182    0.440902   -0.620888   -1.321854   -0.837849   -1.312903   -1.792966   -1.931445   -0.672971   -1.201510    5.506    4.391  -17.870 S_000010
   5 N   108.508 -176.322  149.924  149.884 -141.669  -82.151   91.714  -37.590  153.199   -4.148    0.314158   -0.097371   -1.491985   -0.784798   -1.043807   -1.970423   -1.924289   -0.726976   -1.191690    5.911    8.859  -23.074 S_000010
   6 P  -165.123  123.315  171.991   87.033 -153.571  -59.887   73.452   35.136   95.198   -8.374    0.331756   -1.337775   -0.632899   -0.796073   -1.488319   -1.658809   -1.881383   -0.691431   -1.212719    3.403    9.308  -29.576 S_000010
   7 H   -26.758  157.483   38.923   76.846    0.000    0.000   72.574   37.317  100.390  179.885    0.326391   -1.421698   -0.452117   -0.779134   -1.657855   -1.482963   -1.823754   -0.731031   -1.214182    1.453    8.314  -34.462 S_000010
