SEQUENCE: gaaaaaaaaag
SCORE:     score    rna_stub_coord_hack       N_WC      N_NWC       N_BS description
REMARK RNA 
SCORE:    33.455                 33.455          0          0          2    S_000001
   1 H     0.000  170.252   55.279   84.536 -171.445  -73.437   93.956   37.181   92.672  158.194    0.325582   -1.344726   -0.635400   -0.774044   -1.454069   -1.686537   -1.872021   -0.677330   -1.237395    3.794    0.984    0.238 S_000001
   2 P  -174.180  152.972 -160.333  104.826 -142.767  -78.703   76.242   19.884  101.194  179.947    0.387962   -1.086681   -0.991172   -0.843871   -1.294637   -1.855867   -1.944422   -0.700499   -1.202484    9.220   -1.223   -3.139 S_000001
   3 N  -178.810  153.055  135.770  106.704 -138.327 -112.358  127.377   22.478   87.323  -11.418    0.409131   -0.973460   -1.098711   -0.809248   -1.028300   -2.013690   -1.923910   -0.665663   -1.225656   14.589   -1.494   -7.655 S_000001
   4 P  -133.749 -135.407  144.310  130.845 -116.303 -178.649  121.579  -35.275  165.934  163.039    0.368044   -0.566274   -1.363413   -0.770648   -1.563835   -1.500435   -1.902733   -0.799223   -1.154475   18.640   -4.637  -12.885 S_000001
   5 P   145.834  169.864  160.515  116.771 -150.825  -95.969  116.851    6.639  112.778  -49.780    0.428419   -0.827735   -1.201961   -0.850477   -1.142936   -1.957796   -1.955336   -0.681649   -1.210816   23.994   -5.791  -17.522 S_000001
   6 N   170.628 -165.875 -168.095   88.100 -146.025  -69.701   74.281   42.570   86.157  -18.932    0.269820   -1.368058   -0.613320   -0.764958   -1.393175   -1.735747   -1.891381   -0.711959   -1.210295   28.034   -8.120  -22.677 S_000001
   7 P   -42.794  174.839   55.906   93.281 -145.888 -140.016  117.938   28.490  120.487  103.438    0.333015   -1.351528   -0.643539   -0.874456   -1.586900   -1.542299   -1.882350   -0.678418   -1.212105   31.157  -11.017  -26.865 S_000001
   8 P   -66.265  176.093   44.316   85.815 -164.917  -90.308  100.842   33.226   96.818  160.011    0.338887   -1.332063   -0.650189   -0.810175   -1.502975   -1.645990   -1.897424   -0.716811   -1.199481   36.539  -13.686  -29.790 S_000001
   9 P  -163.415 -164.775  171.520   87.292 -173.272  -90.210   95.538   33.873  101.998   69.427    0.333059   -1.348368   -0.630589   -0.813263   -1.521104   -1.634527   -1.885456   -0.693273   -1.220867   41.239  -13.790  -34.881 S_000001
  10 N   170.628 -165.875 -168.095   88.100 -146.025  -69.701   74.281   42.570   86.157  -18.932    0.269820   -1.368058   -0.613320   -0.764958   -1.393175   -1.735747   -1.891381   -0.711959   -1.210295   45.450  -15.598  -39.781 S_000001
  11 H   -58.105  166.710   54.472   78.275    0.000    0.000   77.135   42.505   87.502 -113.238    0.281707   -1.424023   -0.435679   -0.752552   -1.584213   -1.543722   -1.837272   -0.728400   -1.219635   48.147  -18.058  -44.528 S_000001
SCORE:    35.415                 35.415          0          0          2    S_000002
   1 H     0.000  170.252   55.279   79.938 -151.051  -77.967   77.430   43.029   90.210 -126.979    0.267331   -1.431748   -0.433804   -0.755802   -1.566439   -1.533823   -1.830066   -0.706570   -1.239548    3.794    0.984    0.238 S_000002
   2 P  -160.249  166.068  171.487   91.115 -136.630 -101.713   76.539   34.876   95.142  175.357    0.323572   -1.335492   -0.650661   -0.813480   -1.473315   -1.673547   -1.901744   -0.711585   -1.198626    8.334   -1.966   -4.059 S_000002
   3 P   168.992 -156.630  174.212   86.705 -137.197 -119.664  108.197   33.640   99.366  -15.229    0.329923   -1.352776   -0.624135   -0.819988   -1.531632   -1.621327   -1.886817   -0.697388   -1.214338   12.263   -4.651   -9.174 S_000002
   4 P   -40.503  150.596   53.337   80.652 -173.107 -101.513  139.815   36.784   98.378  165.737    0.294469   -1.412191   -0.472815   -0.828236   -1.636645   -1.498712   -1.856417   -0.715954   -1.206861   16.402   -6.757  -13.293 S_000002
   5 N   -98.041 -137.837  155.725  158.717  -99.849  162.372  109.093  -41.754  160.788   52.267    0.289315   -0.001541   -1.489878   -0.763911   -1.005286   -1.960819   -1.921518   -0.690989   -1.218223   20.530   -8.460  -18.693 S_000002
   6 P   137.952 -129.549  173.478   85.962 -134.617  -67.549   69.087   34.846   93.316 -174.890    0.352949   -1.292816   -0.703114   -0.776366   -1.392571   -1.735000   -1.885086   -0.678844   -1.226078   25.841  -11.053  -21.928 S_000002
   7 N  -102.288 -114.811  152.099  152.073  -94.878  153.513  109.832  -37.104  159.441   32.450    0.319886   -0.166689   -1.482528   -0.788521   -1.122043   -1.900878   -1.935757   -0.712507   -1.193642   32.402  -12.248  -24.077 S_000002
   8 P   137.238 -162.011  170.414   77.083 -119.762  -84.658   73.087   41.820   87.462 -160.497    0.298464   -1.398778   -0.505636   -0.747356   -1.513239   -1.613197   -1.841912   -0.717065   -1.217667   37.854  -11.558  -27.922 S_000002
   9 P   -76.439 -155.686   76.097   98.708  168.544 -113.341  126.301    2.278  141.133  172.074    0.410529   -1.103526   -0.968395   -0.933240   -1.621578   -1.502075   -1.924475   -0.687537   -1.196092   42.609  -12.825  -32.766 S_000002
  10 N   157.145 -163.917  174.973   85.284 -142.049  -62.916   56.069   36.462   95.226  -12.466    0.332555   -1.353240   -0.602362   -0.777665   -1.501272   -1.643383   -1.863406   -0.688084   -1.230329   46.452  -14.921  -37.659 S_000002
  11 H    61.795 -169.814   58.306   82.905    0.000    0.000   64.314   36.834   90.275  179.935    0.314066   -1.356811   -0.623273   -0.795698   -1.481124   -1.668762   -1.884263   -0.721805   -1.194806   50.258  -18.935  -38.717 S_000002
SCORE:    35.873                 35.873          0          1          0    S_000003
   1 H     0.000  170.252   55.279   78.512 -143.767  -73.240   72.948   37.825   95.971  -20.197    0.303683   -1.410390   -0.470952   -0.791790   -1.638590   -1.515293   -1.862510   -0.763260   -1.189463    3.794    0.984    0.238 S_000003
   2 P   -81.721 -156.700   62.298  148.639  -77.374  142.643  112.599  -36.051  162.843   46.326    0.335602   -0.273429   -1.460309   -0.784915   -1.237226   -1.821172   -1.930647   -0.728990   -1.189010    8.099   -1.967   -4.043 S_000003
   3 P  -130.788 -163.391   60.253  137.194  -84.478  178.278  164.096  -28.816  150.256   14.607    0.370898   -0.357755   -1.431390   -0.817294   -1.207939   -1.869509   -1.942881   -0.701390   -1.197150   13.435   -2.672   -6.939 S_000003
   4 P   105.521  156.804  148.628  159.247 -128.125 -110.056   82.304  -40.995  149.473 -171.489    0.270028    0.135892   -1.494581   -0.790297   -0.798343   -2.074916   -1.911233   -0.674598   -1.221385   18.508   -1.162  -11.577 S_000003
   5 P   149.773 -156.144  176.474   82.777 -155.799  -84.417   85.097   38.273   91.188  109.933    0.325799   -1.359624   -0.601698   -0.762572   -1.475146   -1.669392   -1.863222   -0.693642   -1.226962   22.952   -3.511  -16.335 S_000003
   6 N   -97.944  144.143  116.364  107.390 -146.299  170.116   62.722   -5.024  141.666   18.042    0.428033   -0.968284   -1.110263   -0.900109   -1.566329   -1.597061   -1.953408   -0.750813   -1.156653   26.897   -6.443  -20.050 S_000003
   7 N  -149.034  -81.925  172.404  146.046 -150.679 -107.126  111.344  -35.048  155.162  147.404    0.332662   -0.192882   -1.475955   -0.792373   -1.116447   -1.928530   -1.935508   -0.712398   -1.199196   32.348   -8.058  -24.310 S_000003
   8 P  -128.384  113.180  162.852   86.269 -121.412  -87.458   58.577   34.811   87.922  -17.940    0.354485   -1.288841   -0.734645   -0.775911   -1.359654   -1.760900   -1.893358   -0.695028   -1.213425   35.959  -10.909  -28.895 S_000003
   9 P   152.638  133.371 -164.851   80.834 -154.970  -66.931  123.690   31.389  105.683  163.785    0.343562   -1.372884   -0.556790   -0.824956   -1.642144   -1.505629   -1.862930   -0.737757   -1.198496   41.528  -13.556  -32.487 S_000003
  10 N  -148.162  164.915  118.385  145.355 -109.323 -178.043  158.161  -25.949  134.973  153.436    0.357113   -0.162484   -1.477571   -0.854725   -0.883260   -2.080780   -1.943630   -0.688761   -1.201220   47.392  -13.306  -35.747 S_000003
  11 H   -62.271  178.121   51.894   84.565    0.000    0.000   76.465   40.995   88.508  -35.431    0.295656   -1.365324   -0.600123   -0.760935   -1.426703   -1.703414   -1.872227   -0.677460   -1.235768   52.917  -15.983  -37.563 S_000003
SCORE:    35.169                 35.169          0          1          3    S_000004
   1 H     0.000  170.252   55.279   78.399 -152.719  -72.644   80.885   36.364   97.416  179.903    0.319156   -1.413027   -0.471433   -0.795681   -1.659712   -1.490347   -1.866799   -0.774705   -1.180993    3.794    0.984    0.238 S_000004
   2 P   -60.344 -173.657   65.712  145.218 -100.727 -121.965  126.478  -33.280  154.493   38.328    0.340229   -0.267868   -1.461197   -0.814660   -1.183651   -1.885493   -1.946255   -0.733197   -1.181534    8.644   -1.394   -2.970 S_000004
   3 P   160.815  105.099   88.582   92.840 -161.979 -164.996   83.120   14.294  126.435  -66.900    0.405061   -1.212048   -0.841187   -0.889406   -1.604759   -1.561045   -1.922890   -0.729780   -1.183130   13.468   -2.135   -8.101 S_000004
   4 P  -167.631  177.125   63.936  148.721 -114.320  176.453   96.592  -39.276  160.663  -80.184    0.315889   -0.217056   -1.474414   -0.766409   -1.232285   -1.836424   -1.924195   -0.750433   -1.184996   15.587   -4.930  -14.454 S_000004
   5 N   162.851 -174.181  174.872   89.117 -135.686  -80.471   74.982   34.691   91.621  -18.571    0.348335   -1.303500   -0.710850   -0.781973   -1.406205   -1.739385   -1.894539   -0.695738   -1.212818   20.651   -5.349  -19.442 S_000004
   6 P   -87.787  177.868   72.488  125.142 -164.828 -151.898  111.548  -19.213  150.164  -29.735    0.411216   -0.574601   -1.357123   -0.857597   -1.302692   -1.814919   -1.954673   -0.693383   -1.189634   25.626   -7.070  -23.506 S_000004
   7 P    -9.791  151.275   56.495  145.205 -149.476  178.681  133.718  -34.285  155.187  132.770    0.343879   -0.234485   -1.467538   -0.792884   -1.158169   -1.902504   -1.934198   -0.737152   -1.185132   30.311   -6.776  -27.386 S_000004
   8 P   151.188 -149.945  166.728   83.016 -116.753  -83.742   71.525   36.275   88.911  -14.365    0.346896   -1.311639   -0.689927   -0.767421   -1.393740   -1.738849   -1.889779   -0.692785   -1.215212   34.462   -6.259  -33.097 S_000004
   9 P  -172.604  161.126  159.864  155.138 -101.607 -139.360  -48.863  -40.948  155.621   78.591    0.319081    0.026124   -1.484098   -0.731166   -0.944630   -1.986654   -1.887978   -0.700564   -1.211859   40.117   -8.086  -36.875 S_000004
  10 P   -77.354  164.503   76.620   82.022 -130.103  -63.484   65.096   34.109   97.447  -23.935    0.353237   -1.340616   -0.630721   -0.779707   -1.514904   -1.639528   -1.841846   -0.682561   -1.228191   45.866   -8.249  -40.458 S_000004
  11 H   -58.860  175.682   47.688   83.272    0.000    0.000   79.671   36.829   97.621  -70.134    0.326913   -1.367421   -0.580594   -0.779962   -1.524536   -1.623352   -1.858635   -0.687561   -1.236312   49.133  -11.915  -44.137 S_000004
SCORE:    34.342                 34.342          0          1          2    S_000005
   1 H     0.000  170.252   55.279   80.154 -151.013  -69.395   75.888   42.246   93.301  172.345    0.258782   -1.433348   -0.436701   -0.784559   -1.589447   -1.536289   -1.846544   -0.703198   -1.223196    3.794    0.984    0.238 S_000005
   2 N  -161.912  144.831  163.138   87.020 -163.361  -72.898   66.879   36.893   92.007  -14.838    0.313333   -1.374187   -0.573869   -0.796398   -1.534179   -1.616031   -1.894495   -0.762736   -1.174099    8.272   -1.953   -3.989 S_000005
   3 N  -173.124   78.055  146.836   78.999 -161.137  -61.152  -76.373   37.422   95.813    9.915    0.312401   -1.397380   -0.528472   -0.795907   -1.576124   -1.573417   -1.876411   -0.738611   -1.195916   12.608   -3.938   -8.892 S_000005
   4 N   -53.025 -171.133   66.197  118.744 -156.076 -125.935  159.063  -14.860  157.092  113.222    0.397896   -0.937453   -1.149838   -0.931285   -1.661409   -1.425729   -1.958412   -0.783663   -1.114398   17.165   -3.907  -12.795 S_000005
   5 P   171.747  153.395  159.041  148.712 -150.900 -143.856  163.298  -31.676  141.216  -34.261    0.335662   -0.099384   -1.482186   -0.823846   -0.920479   -2.044532   -1.934389   -0.708140   -1.198506   21.997   -4.789  -18.174 S_000005
   6 P   157.278 -175.483  178.629   85.426 -138.452  -53.300   63.895   32.085  103.738 -157.781    0.347715   -1.344365   -0.622039   -0.811413   -1.555694   -1.594049   -1.873769   -0.702627   -1.211519   27.204   -4.007  -23.162 S_000005
   7 P   -57.826 -133.076   56.158  149.114 -133.146 -129.050  173.582  -38.935  149.380   81.360    0.323357   -0.155953   -1.475697   -0.748668   -1.138336   -1.884735   -1.900474   -0.754213   -1.175144   32.658   -4.485  -26.528 S_000005
   8 P  -150.263  137.150  162.005   85.519 -143.757  -61.655   64.628   39.702   84.506   99.951    0.295141   -1.332554   -0.685537   -0.782837   -1.333764   -1.762805   -1.900101   -0.686617   -1.207950   36.559   -6.110  -32.164 S_000005
   9 P   -79.126  166.307   77.723  150.834  -98.890  160.827  125.960  -31.518  155.489   23.132    0.310030   -0.076579   -1.483199   -0.874991   -0.901705   -2.090662   -1.955273   -0.672872   -1.209360   40.380   -7.015  -36.834 S_000005
  10 P   171.057 -103.310  164.291   91.202  176.611  -56.743  164.183   35.624   90.992  -91.210    0.302016   -1.294582   -0.743827   -0.824182   -1.343923   -1.775671   -1.925727   -0.667120   -1.224239   45.438   -8.973  -41.048 S_000005
  11 H   -66.838  167.302   61.735   77.278    0.000    0.000   76.623   42.310   92.493  168.637    0.267962   -1.434938   -0.439678   -0.774819   -1.589389   -1.543096   -1.847959   -0.723861   -1.212750   47.558  -11.586  -45.315 S_000005
SCORE:    35.570                 35.570          0          0          0    S_000006
   1 H     0.000  170.252   55.279   81.801 -166.845  -74.556   77.686   34.869  102.092 -170.054    0.315908   -1.408240   -0.477271   -0.816278   -1.672689   -1.468636   -1.860721   -0.761276   -1.189826    3.794    0.984    0.238 S_000006
   2 P  -166.898   57.415  164.201   84.573 -140.977  -65.616   66.700   35.291   96.775  -22.631    0.321818   -1.367659   -0.593412   -0.810656   -1.539393   -1.613780   -1.888899   -0.719215   -1.201128    7.822   -0.494   -4.958 S_000006
   3 N  -161.912  144.831  163.138   87.020 -163.361  -72.898   66.879   36.893   92.007  -14.838    0.313333   -1.374187   -0.573869   -0.796398   -1.534179   -1.616031   -1.894495   -0.762736   -1.174099   12.285   -2.043   -9.886 S_000006
   4 P   152.638  133.371 -164.851   80.834 -154.970  -66.931  123.690   31.389  105.683  163.785    0.343562   -1.372884   -0.556790   -0.824956   -1.642144   -1.505629   -1.862930   -0.737757   -1.198496   17.162   -3.295  -14.704 S_000006
   5 N  -102.288 -114.811  152.099  152.073  -94.878  153.513  109.832  -37.104  159.441   32.450    0.319886   -0.166689   -1.482528   -0.788521   -1.122043   -1.900878   -1.935757   -0.712507   -1.193642   22.438   -6.721  -17.710 S_000006
   6 P   125.768 -105.306  169.753   81.145 -100.725  -81.504   40.903   36.400   94.734 -131.059    0.364933   -1.321374   -0.642232   -0.736759   -1.442847   -1.689817   -1.849248   -0.675936   -1.222871   27.407   -8.674  -21.195 S_000006
   7 P   -87.787  177.868   72.488  125.142 -164.828 -151.898  111.548  -19.213  150.164  -29.735    0.411216   -0.574601   -1.357123   -0.857597   -1.302692   -1.814919   -1.954673   -0.693383   -1.189634   30.874  -10.907  -26.448 S_000006
   8 P  -141.103   93.426  169.495   91.069 -150.020  -92.359   62.089   37.264   87.277  136.929    0.317046   -1.318105   -0.686127   -0.788078   -1.384274   -1.745631   -1.907231   -0.711992   -1.202040   34.111  -11.312  -32.016 S_000006
   9 P   160.815  105.099   88.582   92.840 -161.979 -164.996   83.120   14.294  126.435  -66.900    0.405061   -1.212048   -0.841187   -0.889406   -1.604759   -1.561045   -1.922890   -0.729780   -1.183130   38.572   -8.545  -36.918 S_000006
  10 P  -154.050  145.148  124.520   89.904 -156.931 -129.437   98.571   22.752  116.377   53.243    0.366115   -1.304268   -0.738772   -0.890164   -1.596323   -1.568220   -1.925176   -0.727709   -1.180955   44.781  -10.489  -39.473 S_000006
  11 H    59.404 -166.573   69.451  103.109    0.000    0.000   59.766   21.379   99.060 -113.612    0.381475   -1.113549   -0.967508   -0.836680   -1.311081   -1.844814   -1.930425   -0.707113   -1.196231   49.421  -13.496  -42.521 S_000006
SCORE:    34.239                 34.239          0          0          2    S_000007
   1 H     0.000  170.252   55.279   77.342 -125.927  -96.031   58.429   37.576   96.782  -17.686    0.319587   -1.408133   -0.475565   -0.780770   -1.619024   -1.511150   -1.839222   -0.740912   -1.198751    3.794    0.984    0.238 S_000007
   2 P   -42.858 -115.013 -139.486  139.147 -145.353  -56.036  101.203  -29.858  165.952  -25.358    0.387563   -0.168676   -1.465009   -0.801387   -0.975429   -1.958130   -1.943540   -0.643189   -1.224447    7.384   -0.285   -5.162 S_000007
   3 P   -66.965 -131.585   49.787  151.190 -114.989  172.495  107.035  -40.283  163.684   25.774    0.304640   -0.163820   -1.484370   -0.766383   -1.182307   -1.858363   -1.923227   -0.725694   -1.197365   13.658   -0.954   -6.943 S_000007
   4 P   145.834  169.864  160.515  116.771 -150.825  -95.969  116.851    6.639  112.778  -49.780    0.428419   -0.827735   -1.201961   -0.850477   -1.142936   -1.957796   -1.955336   -0.681649   -1.210816   18.803   -2.655  -11.503 S_000007
   5 P  -172.604  161.126  159.864  155.138 -101.607 -139.360  -48.863  -40.948  155.621   78.591    0.319081    0.026124   -1.484098   -0.731166   -0.944630   -1.986654   -1.887978   -0.700564   -1.211859   24.246   -4.624  -15.630 S_000007
   6 P  -166.924 -154.036  159.889   90.332 -178.658 -136.635   73.477   26.413  115.255    3.673    0.345049   -1.323606   -0.689620   -0.882069   -1.572952   -1.568229   -1.923026   -0.712384   -1.176451   29.645   -5.751  -20.398 S_000007
   7 N   156.962  178.579 -167.811   86.349 -135.605  -64.893   63.481   36.418   95.976  -16.102    0.331241   -1.345785   -0.616987   -0.767103   -1.488494   -1.651697   -1.841209   -0.691712   -1.226263   35.162   -4.664  -24.676 S_000007
   8 P   -50.065  162.925   41.044   86.036 -174.050  -95.526   96.421   41.628   85.641  168.101    0.295915   -1.351354   -0.626568   -0.753107   -1.377440   -1.740563   -1.875987   -0.673550   -1.239580   39.754   -5.010  -28.268 S_000007
   9 N  -117.928  163.085  140.542   74.750 -128.345  -67.509   60.349   40.402   87.581  -19.436    0.267559   -1.415088   -0.468029   -0.794021   -1.570377   -1.532371   -1.895780   -0.772226   -1.165552   44.196   -6.983  -32.641 S_000007
  10 P  -172.604  161.126  159.864  155.138 -101.607 -139.360  -48.863  -40.948  155.621   78.591    0.319081    0.026124   -1.484098   -0.731166   -0.944630   -1.986654   -1.887978   -0.700564   -1.211859   47.669   -9.051  -38.197 S_000007
  11 H   138.982 -159.258 -173.288   77.952    0.000    0.000   57.634   42.154   90.199 -123.735    0.248414   -1.432094   -0.419819   -0.794903   -1.610990   -1.517562   -1.864478   -0.752755   -1.193701   50.857  -11.665  -43.967 S_000007
SCORE:    35.274                 35.274          0          1          2    S_000008
   1 H     0.000  170.252   55.279   81.000 -144.476  -93.163   81.394   36.939   96.351  -19.823    0.333051   -1.365462   -0.585454   -0.770648   -1.514533   -1.628499   -1.857248   -0.691681   -1.231542    3.794    0.984    0.238 S_000008
   2 P  -136.198 -122.857 -158.492  106.180 -124.887  -76.026   74.874   19.311  100.658  168.675    0.405981   -1.001253   -1.074308   -0.820525   -1.157218   -1.951689   -1.924168   -0.645988   -1.229494    7.270   -2.202   -5.181 S_000008
   3 P   -82.645 -177.969   72.751  145.260 -157.503 -148.229  111.875  -38.545  157.429  -12.075    0.322205   -0.223436   -1.480851   -0.764697   -1.222995   -1.851784   -1.919902   -0.771160   -1.168755   12.451   -3.236   -9.203 S_000008
   4 P   -41.081  179.412   57.447   85.305 -172.864 -148.373   92.323   34.015  106.069  -25.563    0.332729   -1.377383   -0.567630   -0.809555   -1.593071   -1.562310   -1.868016   -0.712493   -1.222822   15.849   -3.298  -14.713 S_000008
   5 P  -102.406 -166.243   25.602  149.414 -129.707 -175.148   90.395  -38.815  161.000   21.044    0.320198   -0.168655   -1.478454   -0.768921   -1.159934   -1.866854   -1.930844   -0.727877   -1.191024   21.116   -7.550  -16.674 S_000008
   6 P   152.594  176.327  171.244   91.237 -151.427  -73.024   82.556   36.730   87.095   -0.293    0.324489   -1.292433   -0.740995   -0.782053   -1.325054   -1.790390   -1.912036   -0.712281   -1.201892   26.338   -8.840  -21.506 S_000008
   7 P  -172.604  161.126  159.864  155.138 -101.607 -139.360  -48.863  -40.948  155.621   78.591    0.319081    0.026124   -1.484098   -0.731166   -0.944630   -1.986654   -1.887978   -0.700564   -1.211859   30.924   -9.199  -26.643 S_000008
   8 P   160.815  105.099   88.582   92.840 -161.979 -164.996   83.120   14.294  126.435  -66.900    0.405061   -1.212048   -0.841187   -0.889406   -1.604759   -1.561045   -1.922890   -0.729780   -1.183130   36.819  -10.662  -30.223 S_000008
   9 P   -67.956  168.331   55.391   83.761 -166.271  -88.764   84.671   36.505   92.600   74.859    0.322126   -1.360899   -0.611922   -0.791937   -1.496214   -1.650486   -1.886389   -0.719701   -1.204340   40.897  -10.288  -35.220 S_000008
  10 P   -66.265  176.093   44.316   85.815 -164.917  -90.308  100.842   33.226   96.818  160.011    0.338887   -1.332063   -0.650189   -0.810175   -1.502975   -1.645990   -1.897424   -0.716811   -1.199481   44.879  -10.439  -39.996 S_000008
  11 H    48.169 -160.244  -69.978   92.491    0.000    0.000   42.643   36.642   85.586  -31.229    0.323565   -1.264762   -0.769974   -0.777009   -1.278283   -1.817927   -1.888452   -0.667271   -1.225423   49.549  -12.412  -42.520 S_000008
SCORE:    33.723                 33.723          0          0          2    S_000009
   1 H     0.000  170.252   55.279   76.201 -162.139  -71.175   91.198   40.934   90.992  179.911    0.290175   -1.421885   -0.459168   -0.770452   -1.595050   -1.550918   -1.853865   -0.738514   -1.207063    3.794    0.984    0.238 S_000009
   2 P   -68.603  166.827   63.543   86.574 -135.796 -131.885   73.014   27.101  113.414  -11.973    0.368256   -1.296553   -0.706050   -0.843406   -1.527216   -1.605968   -1.861679   -0.637858   -1.237027    8.843   -0.766   -2.358 S_000009
   3 P   -83.459 -169.228   58.253   83.358   52.826  125.135  129.335   18.604  127.801   57.716    0.383809   -1.280962   -0.739637   -0.899868   -1.635654   -1.494238   -1.869344   -0.658307   -1.238128   13.807   -2.841   -6.865 S_000009
   4 P  -172.604  161.126  159.864  155.138 -101.607 -139.360  -48.863  -40.948  155.621   78.591    0.319081    0.026124   -1.484098   -0.731166   -0.944630   -1.986654   -1.887978   -0.700564   -1.211859   16.823   -4.062  -12.734 S_000009
   5 P   -67.601  173.259   58.690  157.464 -135.211 -147.785  162.259  -40.470  165.113 -137.280    0.315507    0.031025   -1.496384   -0.749112   -0.932260   -1.997702   -1.908468   -0.713312   -1.224472   21.525   -6.463  -17.047 S_000009
   6 P  -170.283  161.190 -176.306  140.990 -163.860 -102.059  133.153  -32.306  149.951  165.152    0.350717   -0.168927   -1.477787   -0.803819   -1.029144   -1.981828   -1.933928   -0.657356   -1.225843   27.484   -7.849  -20.982 S_000009
   7 N  -161.912  144.831  163.138   87.020 -163.361  -72.898   66.879   36.893   92.007  -14.838    0.313333   -1.374187   -0.573869   -0.796398   -1.534179   -1.616031   -1.894495   -0.762736   -1.174099   31.557   -9.929  -26.271 S_000009
   8 P   155.560  161.070 -178.457   84.276 -122.408  -98.195   69.445   34.862   99.023  -17.493    0.336436   -1.355400   -0.607953   -0.795993   -1.522882   -1.622071   -1.870210   -0.689281   -1.222321   35.523  -11.220  -31.644 S_000009
   9 P  -177.185 -173.566  155.371  145.456  -98.754  179.352  138.838  -24.197  141.689  170.602    0.366879   -0.185448   -1.467973   -0.847005   -0.869502   -2.069646   -1.938630   -0.653402   -1.218242   41.535  -13.613  -34.630 S_000009
  10 P   132.201 -170.136  172.043   82.935 -174.144  -99.458  113.946   35.506  102.658  -57.807    0.296716   -1.397482   -0.505598   -0.833698   -1.628991   -1.513709   -1.843882   -0.692077   -1.232421   46.843  -15.635  -38.799 S_000009
  11 H   -50.403  177.154   38.648   80.856    0.000    0.000   68.066   34.037  100.789  -22.974    0.334979   -1.365301   -0.586116   -0.807118   -1.566509   -1.585028   -1.869269   -0.717602   -1.204995   49.703  -17.688  -43.764 S_000009
SCORE:    35.130                 35.130          0          1          0    S_000010
   1 H     0.000  170.252   55.279   81.899 -143.347  -79.529   72.703   36.756   97.218  179.908    0.317609   -1.371033   -0.590445   -0.791350   -1.510782   -1.623577   -1.861947   -0.683688   -1.222071    3.794    0.984    0.238 S_000010
   2 P   -60.812 -146.102   71.756  156.668  -78.282 -169.333  154.499  -36.879  159.613   62.580    0.318603   -0.121311   -1.484608   -0.802024   -1.070048   -1.952590   -1.947726   -0.665159   -1.220540    8.338   -1.374   -4.071 S_000010
   3 N   175.955  162.698   52.686  156.851  -87.871  145.742  108.849  -43.567  155.528  -50.089    0.284062    0.107216   -1.494132   -0.739501   -0.895252   -2.027086   -1.878627   -0.742814   -1.196508   13.701   -1.444   -8.571 S_000010
   4 P   142.544 -157.660  173.092   85.374 -123.104  -81.917   64.767   36.586   87.722  133.333    0.352495   -1.281592   -0.730813   -0.752846   -1.327217   -1.787262   -1.878978   -0.671597   -1.222844   18.035   -2.985  -13.262 S_000010
   5 N    83.879  143.257   54.310   81.380 -155.397  -66.027   70.039   39.159   93.329  179.919    0.308987   -1.390005   -0.531239   -0.769297   -1.538271   -1.600562   -1.848813   -0.696405   -1.229374   19.489   -4.151  -19.441 S_000010
   6 P   -63.250  175.683   65.794  149.949 -131.110 -149.590  116.670  -46.360  165.701  151.659    0.291047   -0.023190   -1.497427   -0.685692   -1.116595   -1.889345   -1.874813   -0.741826   -1.205416   24.137   -5.494  -23.063 S_000010
   7 P  -166.924 -154.036  159.889   90.332 -178.658 -136.635   73.477   26.413  115.255    3.673    0.345049   -1.323606   -0.689620   -0.882069   -1.572952   -1.568229   -1.923026   -0.712384   -1.176451   30.203   -5.701  -27.233 S_000010
   8 P  -176.305  137.307  171.043   85.565 -130.646 -105.768   74.681   34.485   99.287   -2.152    0.332425   -1.340365   -0.638706   -0.805513   -1.489131   -1.649123   -1.873865   -0.673556   -1.222220   33.537   -7.659  -33.244 S_000010
   9 P   156.514 -176.414  170.719   82.712 -127.414  -75.307   65.799   40.084   89.848  -23.980    0.315304   -1.369360   -0.582570   -0.750143   -1.465773   -1.674744   -1.866737   -0.719037   -1.215051   38.061  -10.579  -37.877 S_000010
  10 P  -131.963  111.649  148.854   88.026 -136.731  -70.473   74.180   34.837   90.415  169.627    0.331994   -1.285485   -0.749691   -0.802246   -1.347360   -1.777932   -1.920759   -0.695904   -1.206415   43.696  -11.937  -40.862 S_000010
  11 H    75.553 -167.078  -65.634  -71.778    0.000    0.000  -77.847  -48.458  -85.578  179.901    0.175694   -1.504261    0.174508   -0.786311   -1.748110    1.337792   -1.813368   -0.783876    1.182365   47.745  -11.137  -44.965 S_000010
