SEQUENCE: gaaaaaaaaaag
SCORE:     score    rna_stub_coord_hack       N_WC      N_NWC       N_BS description
REMARK RNA 
SCORE:     0.533                  0.533          0          0          3    S_000001
   1 H     0.000  170.252   55.279  100.547   41.845  -32.535   90.374    9.692  124.390  179.909    0.456370   -0.991871   -1.067046   -0.836217   -1.335706   -1.804399   -1.897621   -0.605146   -1.248537    3.794    0.984    0.238 S_000001
   2 P  -145.272  107.505  161.174   94.670  147.437  143.710   84.320   28.447   90.169 -113.690    0.361024   -1.094483   -0.996074   -0.845065   -1.073377   -1.943138   -1.954076   -0.689021   -1.181845    3.945    4.655   -0.466 S_000001
   3 P   151.188 -149.945  166.728   83.016 -116.753  -83.742   71.525   36.275   88.911  -14.365    0.346896   -1.311639   -0.689927   -0.767421   -1.393740   -1.738849   -1.889779   -0.692785   -1.215212    4.922   11.230   -2.917 S_000001
   4 P   152.804  179.450  178.912   87.198 -154.572  -78.725   73.493   37.836   90.078  169.479    0.323288   -1.361977   -0.597100   -0.768408   -1.488119   -1.654360   -1.884994   -0.739724   -1.191211    1.946   15.872   -6.926 S_000001
   5 P   -39.399  168.770   55.356  142.140 -142.741  175.589  120.987  -35.450  159.437  -98.096    0.330665   -0.302125   -1.453233   -0.794861   -1.264725   -1.819140   -1.936530   -0.724980   -1.198310   -0.809   18.524  -11.408 S_000001
   6 N   -66.230 -177.262   54.481   85.269 -145.306  -74.235   88.128   40.234   94.885  -19.794    0.325443   -1.343681   -0.621774   -0.745077   -1.372392   -1.706154   -1.857903   -0.603035   -1.265568   -1.208   22.353  -16.560 S_000001
   7 P   -61.485  172.776   56.944   86.906 -153.389 -117.159   65.060   32.671  101.167 -166.560    0.336310   -1.350716   -0.631465   -0.822328   -1.544625   -1.614423   -1.898988   -0.721388   -1.199581   -3.891   26.481  -20.308 S_000001
   8 P  -150.263  137.150  162.005   85.519 -143.757  -61.655   64.628   39.702   84.506   99.951    0.295141   -1.332554   -0.685537   -0.782837   -1.333764   -1.762805   -1.900101   -0.686617   -1.207950   -7.315   32.137  -22.559 S_000001
   9 P  -133.435  121.623  159.513   84.107 -132.282  -83.506   67.169   34.547   94.201  -27.447    0.328492   -1.348144   -0.633645   -0.807308   -1.509568   -1.647897   -1.897709   -0.723428   -1.200444   -9.332   37.869  -24.491 S_000001
  10 P   168.935  130.259   53.295  151.687 -105.787  158.269   99.642  -39.457  164.899  -78.284    0.311456   -0.213025   -1.473525   -0.773267   -1.229982   -1.822240   -1.928139   -0.719157   -1.203908  -11.171   44.608  -25.992 S_000001
  11 N    95.442  179.834 -168.831  147.863 -116.020  110.774  165.621  -34.338  156.292  117.402    0.340172   -0.178656   -1.466296   -0.794821   -1.084030   -1.928994   -1.941769   -0.706412   -1.202041  -11.567   49.521  -30.518 S_000001
  12 H   129.737 -118.028 -168.882   83.795    0.000    0.000   69.662   38.682   89.935  -17.851    0.319790   -1.352604   -0.619055   -0.765077   -1.443044   -1.692210   -1.869070   -0.690534   -1.222107  -15.960   52.488  -32.887 S_000001
SCORE:     0.571                  0.571          0          0          2    S_000002
   1 H     0.000  170.252   55.279  149.651  -76.396   99.515  113.723  -35.529  156.890 -160.674    0.329506   -0.150507   -1.479126   -0.792548   -1.070490   -1.944521   -1.924787   -0.667098   -1.217795    3.794    0.984    0.238 S_000002
   2 P   -61.973  146.572   59.679   83.840 -126.171 -115.294   89.710   33.888   95.454 -133.440    0.325887   -1.344526   -0.638798   -0.819353   -1.512451   -1.643178   -1.897856   -0.720184   -1.199941    6.151    3.704    1.300 S_000002
   3 N   154.453 -138.292  168.142   87.170  -91.684 -131.245   70.959   30.507  104.033  -13.126    0.352127   -1.329675   -0.667614   -0.827063   -1.539136   -1.622829   -1.893458   -0.701079   -1.209808   10.011    9.341    0.933 S_000002
   4 P   -53.426  167.329   65.141  115.360 -113.777 -159.626   97.404   -5.403  134.937   56.068    0.427600   -0.829890   -1.204746   -0.881835   -1.388628   -1.769707   -1.954577   -0.702966   -1.187770   13.387   14.786   -1.117 S_000002
   5 P   -67.352  172.388   56.149   88.094 -148.272  -73.503   73.943   37.079   91.073  179.880    0.316197   -1.315122   -0.715349   -0.794889   -1.355357   -1.768158   -1.909115   -0.658883   -1.234651   14.472   21.294   -1.744 S_000002
   6 P   -33.122 -159.568  151.000  146.506 -145.092 -142.672   79.190  -33.668  154.217 -117.811    0.333818   -0.171529   -1.475823   -0.812366   -1.061031   -1.950460   -1.939960   -0.691146   -1.196381   13.126   27.063   -3.509 S_000002
   7 P   -76.598  178.286   56.553   84.684 -140.442  -70.399   74.791   39.208   94.140  179.935    0.306287   -1.367643   -0.593163   -0.773367   -1.470753   -1.672062   -1.846237   -0.635321   -1.262110   15.402   32.593   -6.712 S_000002
   8 P   -39.399  168.770   55.356  142.140 -142.741  175.589  120.987  -35.450  159.437  -98.096    0.330665   -0.302125   -1.453233   -0.794861   -1.264725   -1.819140   -1.936530   -0.724980   -1.198310   18.859   37.335   -6.045 S_000002
   9 N   -63.550  153.092   55.045   82.050 -169.813  -78.081   76.061   37.505   97.259 -152.885    0.324504   -1.366163   -0.586103   -0.774434   -1.502148   -1.637141   -1.863829   -0.684705   -1.237680   20.164   43.225   -6.165 S_000002
  10 P   -51.945 -133.499   39.493  143.104 -114.173 -168.664  -35.984  -37.648  166.838  157.097    0.340684   -0.325833   -1.446437   -0.760707   -1.332948   -1.745621   -1.922286   -0.762681   -1.175341   21.361   49.458   -6.238 S_000002
  11 P  -175.081  177.888   61.143  152.701 -105.799  170.478  100.743  -40.258  159.966  -51.450    0.305816   -0.136048   -1.487621   -0.761982   -1.147414   -1.893800   -1.920368   -0.739943   -1.195843   23.335   54.742  -10.710 S_000002
  12 H   -50.903  157.059   39.398   75.231    0.000    0.000   82.947   40.014   92.380 -157.534    0.318603   -1.370327   -0.548565   -0.744202   -1.498550   -1.639388   -1.820318   -0.671788   -1.253607   24.719   60.220  -12.696 S_000002
SCORE:     0.636                  0.636          0          0          3    S_000003
   1 H     0.000  170.252   55.279   97.566 -102.174  124.771  144.163   31.662   92.309 -130.858    0.357173   -1.201627   -0.867549   -0.800290   -1.235560   -1.855941   -1.917371   -0.669415   -1.210627    3.794    0.984    0.238 S_000003
   2 P   -50.484 -176.503   35.125  140.764 -157.779 -130.731   88.154  -32.121  150.570 -155.790    0.351864   -0.261336   -1.460342   -0.801800   -1.148146   -1.917020   -1.938761   -0.729367   -1.186107    3.923    4.622   -3.230 S_000003
   3 N   -45.558  173.575   34.678   82.259 -165.796  -64.563   88.194   35.798   93.095  -18.300    0.334242   -1.345878   -0.621512   -0.784612   -1.489812   -1.653398   -1.878596   -0.717435   -1.206709    2.828    9.641   -7.075 S_000003
   4 P   -55.557 -138.518   45.590  140.956 -100.774 -174.752  -41.138  -35.343  167.214 -178.849    0.326764   -0.478423   -1.416040   -0.811774   -1.465499   -1.628528   -1.944494   -0.796561   -1.144110    1.708   12.937  -12.324 S_000003
   5 P    39.667 -112.107  -96.200   87.624 -133.134  -62.898   73.986   36.185   88.774  -29.210    0.320258   -1.315167   -0.691553   -0.796316   -1.391578   -1.729728   -1.905457   -0.694124   -1.208993   -0.266   16.238  -16.332 S_000003
   6 P   -63.434 -170.261   42.468   84.085 -164.916  -75.697  105.175   33.900   96.467  167.006    0.336275   -1.336986   -0.646421   -0.808664   -1.487335   -1.646679   -1.879484   -0.681855   -1.203485   -1.120   21.881  -19.119 S_000003
   7 N  -148.162  164.915  118.385  145.355 -109.323 -178.043  158.161  -25.949  134.973  153.436    0.357113   -0.162484   -1.477571   -0.854725   -0.883260   -2.080780   -1.943630   -0.688761   -1.201220   -5.459   26.387  -21.576 S_000003
   8 P   -68.892  172.957   49.063   83.236 -145.123  -54.395  100.201   38.369   90.927  179.900    0.321695   -1.345288   -0.627990   -0.768660   -1.430132   -1.696518   -1.875243   -0.668649   -1.235030   -6.854   31.028  -25.734 S_000003
   9 P   -48.362 -138.714   47.609  152.380  -88.917 -177.987  171.006  -35.024  152.837   87.827    0.347667   -0.025107   -1.487899   -0.775774   -0.891828   -2.041377   -1.911015   -0.683667   -1.225064  -11.302   34.687  -28.179 S_000003
  10 P   -56.212  139.742   61.169   78.624 -150.692  -67.590   80.788   40.990   93.095  179.888    0.279576   -1.417256   -0.481429   -0.776969   -1.567024   -1.568253   -1.852918   -0.710716   -1.221394  -14.814   38.891  -30.643 S_000003
  11 P   -41.558 -158.141   53.752   86.633 -140.947  -61.580   78.465   36.612   94.968  -24.250    0.305607   -1.334771   -0.637320   -0.783761   -1.483013   -1.683889   -1.879627   -0.727316   -1.201868  -17.865   44.110  -31.983 S_000003
  12 H   -72.093 -175.375   60.259   78.044    0.000    0.000   78.137   44.263   91.238 -136.549    0.287090   -1.401530   -0.487436   -0.721534   -1.477215   -1.622669   -1.824154   -0.662695   -1.238016  -17.326   49.788  -34.707 S_000003
SCORE:     0.631                  0.631          0          0          2    S_000004
   1 H     0.000  170.252   55.279  128.054  -55.196 -139.956  107.053  -18.385  148.030   28.057    0.424176   -0.501785   -1.381257   -0.838172   -1.188798   -1.897507   -1.948620   -0.667162   -1.211123    3.794    0.984    0.238 S_000004
   2 P   -77.221 -176.672   74.518   91.025 -138.801  -69.801   74.615   29.158  100.938  -13.614    0.365575   -1.305344   -0.712311   -0.820049   -1.506280   -1.648529   -1.909149   -0.737540   -1.178082    8.629    1.591   -4.566 S_000004
   3 P  -168.621  177.343  175.673   83.981 -130.698  -83.103   86.287   37.126   93.825 -173.520    0.326691   -1.360752   -0.612108   -0.780568   -1.486223   -1.663273   -1.874036   -0.699277   -1.219705    8.765    6.967   -8.821 S_000004
   4 P  -163.415 -164.775  171.520   87.292 -173.272  -90.210   95.538   33.873  101.998   69.427    0.333059   -1.348368   -0.630589   -0.813263   -1.521104   -1.634527   -1.885456   -0.693273   -1.220867    8.782   13.488  -11.342 S_000004
   5 P   149.014 -155.242 -178.126   84.779 -102.452 -121.172   63.331   34.511  100.273 -173.612    0.341870   -1.354035   -0.615372   -0.789933   -1.534865   -1.629441   -1.860365   -0.683078   -1.232961    7.299   19.213  -13.802 S_000004
   6 P   -61.653  158.780  111.392  131.953 -117.165 -124.089  113.393  -34.124  172.369  170.567    0.367177   -0.534770   -1.378991   -0.795747   -1.498249   -1.528004   -1.900206   -0.681102   -1.220799    6.148   25.252  -16.299 S_000004
   7 N   -55.580  145.075   66.462   82.708 -160.197  -64.411   97.372   36.665   93.580  178.656    0.317198   -1.388703   -0.553085   -0.796891   -1.570226   -1.590571   -1.890419   -0.762804   -1.177448    4.476   30.690  -19.114 S_000004
   8 P   179.255 -135.065  172.800   92.097  -85.253 -110.016   72.445   16.446  126.691   -9.809    0.394445   -1.251474   -0.774943   -0.886338   -1.638097   -1.508116   -1.898612   -0.716384   -1.191581    6.953   35.114  -23.159 S_000004
   9 P  -121.268   96.255  160.858   84.068 -129.224  -75.533   52.974   39.319   83.507  163.622    0.314545   -1.331005   -0.665243   -0.765492   -1.368406   -1.749613   -1.901059   -0.720680   -1.199163    7.936   40.829  -25.844 S_000004
  10 P  -133.749 -135.407  144.310  130.845 -116.303 -178.649  121.579  -35.275  165.934  163.039    0.368044   -0.566274   -1.363413   -0.770648   -1.563835   -1.500435   -1.902733   -0.799223   -1.154475    7.465   47.503  -27.962 S_000004
  11 N    63.108  146.678  -46.124  101.324 -150.157  -63.953   93.518   32.098   89.020 -152.864    0.362892   -1.136415   -0.951661   -0.795954   -1.082181   -1.942853   -1.931629   -0.662923   -1.222815    8.059   54.135  -29.979 S_000004
  12 H   -65.834  162.516   63.978   81.535    0.000    0.000   63.954   42.436   92.091  147.011    0.276549   -1.420170   -0.445386   -0.760154   -1.574028   -1.554047   -1.828270   -0.700910   -1.235397    7.700   59.300  -27.209 S_000004
SCORE:     0.547                  0.547          0          0          1    S_000005
   1 H     0.000  170.252   55.279  152.866  -83.040  124.351  127.521  -41.294  164.030   17.731    0.251126   -0.016197   -1.508144   -0.813186   -1.015222   -1.993826   -1.935398   -0.731056   -1.203750    3.794    0.984    0.238 S_000005
   2 N   -85.691  166.101   77.886   82.557 -122.904  -72.206   59.898   33.987   95.276  179.682    0.322949   -1.350986   -0.626618   -0.822378   -1.520459   -1.627619   -1.885271   -0.700754   -1.214012    7.600    4.016    0.739 S_000005
   3 P  -127.080   93.264 -171.275  103.043 -145.599  -68.794   72.022   24.237   98.054  162.081    0.368889   -1.139815   -0.938800   -0.834081   -1.303776   -1.854765   -1.930691   -0.681896   -1.218704   10.674    9.367   -0.690 S_000005
   4 P   164.357  159.365   60.226  155.732 -127.704  171.416  109.333  -39.352  157.983   71.282    0.316599   -0.047323   -1.489035   -0.763868   -1.016590   -1.968385   -1.910011   -0.701604   -1.218509   12.053   16.099   -0.999 S_000005
   5 P   -66.371  171.824   53.159   81.077 -151.909 -102.406   86.215   41.126   96.105 -173.389    0.275647   -1.408164   -0.479324   -0.784061   -1.547730   -1.569097   -1.827258   -0.651702   -1.250026   16.562   20.366   -0.797 S_000005
   6 P   -61.653  158.780  111.392  131.953 -117.165 -124.089  113.393  -34.124  172.369  170.567    0.367177   -0.534770   -1.378991   -0.795747   -1.498249   -1.528004   -1.900206   -0.681102   -1.220799   21.350   23.958   -2.432 S_000005
   7 P   -51.366  159.456   57.860   97.555  162.044 -150.575  116.893   13.664  118.090  -85.317    0.420194   -1.081106   -1.003611   -0.869052   -1.395608   -1.775530   -1.933883   -0.679967   -1.200976   25.137   29.193   -3.502 S_000005
   8 P   -59.859  173.753   49.705   84.759 -142.646  -68.879   80.157   38.500   88.504  -18.732    0.318086   -1.358657   -0.605811   -0.769083   -1.469129   -1.678932   -1.886360   -0.726178   -1.206726   26.102   35.463   -3.321 S_000005
   9 P  -127.080   93.264 -171.275  103.043 -145.599  -68.794   72.022   24.237   98.054  162.081    0.368889   -1.139815   -0.938800   -0.834081   -1.303776   -1.854765   -1.930691   -0.681896   -1.218704   28.843   40.821   -4.859 S_000005
  10 P   -58.134  162.942   64.991   83.261 -136.132  -50.703   66.403   36.238   90.701 -150.548    0.330999   -1.341377   -0.640313   -0.781755   -1.461855   -1.678034   -1.880996   -0.715630   -1.206689   29.159   46.709   -4.452 S_000005
  11 N   -51.950 -158.681   68.343  149.159  -85.796 -116.840  101.826  -35.872  154.688   25.035    0.333848   -0.134222   -1.479415   -0.782706   -1.057561   -1.956975   -1.927337   -0.689260   -1.215309   31.937   51.457   -7.213 S_000005
  12 H   -76.161 -178.681   53.754   99.115    0.000    0.000   62.980   23.716   97.782 -135.642    0.394534   -1.157438   -0.907725   -0.810592   -1.350782   -1.811899   -1.912696   -0.699939   -1.211769   32.966   58.039   -9.102 S_000005
SCORE:     0.405                  0.405          0          0          3    S_000006
   1 H     0.000  170.252   55.279   80.001 -137.131  124.205   91.783   37.837   97.494   78.412    0.314502   -1.390545   -0.517621   -0.786690   -1.558262   -1.562536   -1.861080   -0.710137   -1.211885    3.794    0.984    0.238 S_000006
   2 P  -179.630  115.281   62.224  122.274 -131.448 -164.064   84.287  -17.095  153.564  143.373    0.421273   -0.734637   -1.265427   -0.864863   -1.468550   -1.653260   -1.954534   -0.733221   -1.166445    1.690    0.287   -5.526 S_000006
   3 P   -58.333  170.450   56.604   83.902 -156.889  -69.601   85.513   38.205   89.863  142.307    0.313114   -1.365996   -0.587468   -0.779845   -1.484453   -1.647887   -1.886151   -0.726490   -1.203413   -3.033    2.753   -9.226 S_000006
   4 P  -170.283  161.190 -176.306  140.990 -163.860 -102.059  133.153  -32.306  149.951  165.152    0.350717   -0.168927   -1.477787   -0.803819   -1.029144   -1.981828   -1.933928   -0.657356   -1.225843   -6.382    7.901  -12.195 S_000006
   5 N   -71.413 -176.092   49.055   89.212 -113.069  -85.077   88.489   35.328   91.257  -24.724    0.354428   -1.265769   -0.750836   -0.763495   -1.314145   -1.785026   -1.890545   -0.689900   -1.218065  -11.926   10.899  -13.929 S_000006
   6 P  -129.531  162.365 -170.947  146.290 -102.693  -73.583  156.322  -35.704  160.930   36.935    0.334189   -0.285360   -1.457161   -0.789793   -1.248901   -1.826812   -1.938493   -0.748766   -1.186666  -12.844   16.497  -17.868 S_000006
   7 N   -49.303  160.019   48.041   88.508 -172.863 -157.115   88.072   36.247   88.736   99.747    0.331482   -1.312270   -0.701339   -0.783995   -1.389509   -1.749307   -1.911306   -0.723235   -1.200304  -16.142   19.091  -22.136 S_000006
   8 P   -56.713  169.563   63.733  130.198 -145.747 -165.607  105.706  -22.591  147.628  165.119    0.387195   -0.481632   -1.393214   -0.841539   -1.246218   -1.866122   -1.947955   -0.671518   -1.217400  -20.889   22.525  -24.678 S_000006
   9 N    58.613 -128.753 -143.587  112.838 -146.626 -165.066  132.608    4.919  123.114 -145.818    0.403241   -0.926770   -1.129895   -0.886065   -1.342956   -1.835181   -1.955315   -0.670969   -1.215761  -24.070   26.918  -26.802 S_000006
  10 P   160.373   83.471  174.358  110.126 -145.014  -77.450   88.830   10.256  109.650 -140.438    0.415602   -0.968774   -1.094113   -0.852791   -1.300122   -1.860583   -1.949436   -0.711604   -1.193646  -28.687   32.053  -28.321 S_000006
  11 N  -139.731 -177.144  125.804   82.958 -139.997  -71.260   56.165   36.114   96.130  -19.199    0.367749   -1.337066   -0.623212   -0.737978   -1.433341   -1.631644   -1.889073   -0.682326   -1.236236  -33.343   36.322  -31.150 S_000006
  12 H   167.004 -176.458  165.529   97.544    0.000    0.000   59.599   35.506   83.789  -20.169    0.381567   -1.140706   -0.930765   -0.735621   -1.018063   -1.954006   -1.894571   -0.694294   -1.210381  -34.001   42.476  -33.851 S_000006
SCORE:     0.727                  0.727          0          0          4    S_000007
   1 H     0.000  170.252   55.279   88.636  -54.544   77.598  105.489   34.955   90.707  -21.571    0.331329   -1.289013   -0.731679   -0.801761   -1.355314   -1.757011   -1.906471   -0.672243   -1.219425    3.794    0.984    0.238 S_000007
   2 P   -57.607 -172.368   53.997   82.949 -157.709  -52.982   72.299   41.337   87.695  -25.485    0.268434   -1.412080   -0.508668   -0.791431   -1.535625   -1.609198   -1.898394   -0.760343   -1.181237    3.175    4.342   -0.170 S_000007
   3 P  -133.749 -135.407  144.310  130.845 -116.303 -178.649  121.579  -35.275  165.934  163.039    0.368044   -0.566274   -1.363413   -0.770648   -1.563835   -1.500435   -1.902733   -0.799223   -1.154475   -0.632    8.809   -3.596 S_000007
   4 N    97.666 -102.337  178.210   85.932  -95.445  -64.663  106.273   34.372   94.841   70.274    0.352153   -1.340588   -0.640304   -0.774602   -1.514186   -1.658369   -1.876035   -0.729295   -1.202398   -2.680   13.496   -6.797 S_000007
   5 P   -67.236  -69.075 -153.222   75.027 -174.504  -88.660  157.945   40.130  102.688  -15.792    0.275663   -1.457982   -0.342026   -0.800253   -1.719347   -1.397196   -1.772281   -0.700243   -1.246714   -5.779   17.719  -10.293 S_000007
   6 P   -45.155  171.297   50.009  127.136 -162.964 -104.257  127.752  -25.217  158.077 -150.094    0.438166   -0.263066   -1.437777   -0.776346   -1.009467   -1.975085   -1.925620   -0.691715   -1.221366   -9.424   21.949  -11.937 S_000007
   7 P  -127.098 -118.371 -175.896   81.208  178.526  -67.112   87.047   27.341  111.615  177.088    0.350710   -1.380316   -0.536550   -0.864500   -1.712024   -1.401043   -1.876825   -0.710853   -1.179871  -12.862   26.821  -16.008 S_000007
   8 P   158.515 -168.689  175.032   87.481 -141.368  -57.572   68.996   36.853   89.568  -47.452    0.330227   -1.321880   -0.669347   -0.773457   -1.410689   -1.720635   -1.883577   -0.692040   -1.217422  -15.417   31.393  -19.556 S_000007
   9 P   -69.693 -143.761   50.370  150.420  -78.698 -150.737  140.088  -37.905  153.286   50.926    0.331221   -0.051799   -1.488140   -0.758613   -0.986425   -1.980140   -1.897163   -0.697524   -1.206139  -20.000   34.613  -22.976 S_000007
  10 P   -59.153  154.300   62.114   77.656 -139.687  -64.006   73.691   41.047   95.460  -22.186    0.279198   -1.434894   -0.405623   -0.779690   -1.642057   -1.488197   -1.814026   -0.703503   -1.233349  -23.922   39.454  -25.001 S_000007
  11 N   -62.830 -138.366   56.376  145.638  -89.935  -66.107  144.312  -31.873  148.453   25.639    0.361517   -0.281848   -1.447707   -0.788361   -1.168338   -1.895537   -1.923680   -0.731714   -1.182876  -24.198   44.961  -28.632 S_000007
  12 H   -67.460  137.344   77.819   86.253    0.000    0.000   70.244   32.846  101.183  160.979    0.329895   -1.367488   -0.588969   -0.825954   -1.588908   -1.567345   -1.892154   -0.744987   -1.184107  -23.788   43.749  -34.081 S_000007
SCORE:     0.474                  0.474          0          0          2    S_000008
   1 H     0.000  170.252   55.279  161.757  -66.839  111.462 -167.992  -38.167  156.599   55.379    0.320669    0.018341   -1.485625   -0.769154   -0.898656   -2.016642   -1.916486   -0.651479   -1.240639    3.794    0.984    0.238 S_000008
   2 N   -74.481 -174.162   60.279   75.146 -141.556  -76.744   63.300   44.126   86.538  179.901    0.292051   -1.448355   -0.349565   -0.706569   -1.664177   -1.470205   -1.778408   -0.772095   -1.196796    7.185    3.523    2.024 S_000008
   3 P   -78.411  154.090   84.095   80.282 -118.974  -76.437   67.002   37.039   92.942  -17.328    0.334242   -1.369279   -0.567638   -0.776619   -1.516962   -1.610375   -1.857810   -0.695112   -1.219056   10.429    8.717    2.082 S_000008
   4 P  -144.903  127.221 -177.876   83.037 -138.999  -74.859   73.756   32.146   98.685  179.949    0.361076   -1.325429   -0.666502   -0.795029   -1.507480   -1.648622   -1.876021   -0.717484   -1.203681   14.798   13.206   -0.529 S_000008
   5 P   -97.476  136.006   69.320   83.889   39.835  156.241   87.400   28.852  110.560 -104.625    0.361857   -1.302046   -0.693470   -0.827090   -1.509085   -1.616184   -1.840760   -0.611610   -1.256937   17.906   18.443   -0.926 S_000008
   6 P   -62.475 -176.348   69.107  119.999 -164.259 -105.060  105.218  -11.541  141.399  111.919    0.438325   -0.704415   -1.281096   -0.855996   -1.329138   -1.799881   -1.941660   -0.687316   -1.191323   22.704   22.634   -2.918 S_000008
   7 P   -77.354  164.503   76.620   82.022 -130.103  -63.484   65.096   34.109   97.447  -23.935    0.353237   -1.340616   -0.630721   -0.779707   -1.514904   -1.639528   -1.841846   -0.682561   -1.228191   26.699   27.540   -2.772 S_000008
   8 N     0.000  172.529   46.705 -224.118  207.242  179.205  148.966  -29.080  158.819  -19.114    0.380377   -0.446779   -1.400362   -0.814079   -1.322168   -1.752573   -1.949733   -0.675138   -1.201495   26.701   32.650   -0.350 S_000008
   9 P   144.301 -177.457  168.047  118.394  -83.727 -174.250   12.230  -18.258  135.328  -56.346    0.460209   -0.247345   -1.424070   -0.790326   -0.836688   -2.081905   -1.909305   -0.651561   -1.235348   27.407   39.794   -0.167 S_000008
  10 P   153.178 -153.207 -178.631   82.668 -139.550  -73.249   64.126   35.520   95.260  -16.961    0.322942   -1.357707   -0.586556   -0.789863   -1.548629   -1.610887   -1.878842   -0.729786   -1.203609   30.675   45.968   -1.187 S_000008
  11 N   -54.650  146.909   70.557   88.961 -120.220 -141.988  120.105   29.231  100.782  163.010    0.373629   -1.275456   -0.752130   -0.804737   -1.460341   -1.705715   -1.895368   -0.705989   -1.210188   33.763   50.747   -1.463 S_000008
  12 H   -63.313  175.209   51.284   82.879    0.000    0.000   81.118   35.105   96.516 -101.327    0.326836   -1.373671   -0.572722   -0.799441   -1.569614   -1.585416   -1.880299   -0.744116   -1.190095   37.366   56.373   -2.496 S_000008
SCORE:     0.874                  0.874          0          0          2    S_000009
   1 H     0.000  170.252   55.279  131.423  -46.459 -132.759  120.131  -20.861  149.493 -175.188    0.411169   -0.479976   -1.379335   -0.833138   -1.205921   -1.859265   -1.942644   -0.641400   -1.223291    3.794    0.984    0.238 S_000009
   2 N   147.464 -139.478  162.488   81.380  -97.705  -78.682   99.896   29.800  105.840  179.906    0.372507   -1.336765   -0.639421   -0.815781   -1.581963   -1.585778   -1.877421   -0.715570   -1.204951    6.126    1.966   -5.616 S_000009
   3 N   -53.600 -178.216   35.084   79.186 -132.553  -87.250   91.602   38.544   93.483  -19.096    0.303299   -1.397773   -0.510961   -0.787067   -1.563051   -1.565266   -1.867946   -0.730572   -1.202593    3.325    5.988   -9.738 S_000009
   4 P   -51.945 -133.499   39.493  143.104 -114.173 -168.664  -35.984  -37.648  166.838  157.097    0.340684   -0.325833   -1.446437   -0.760707   -1.332948   -1.745621   -1.922286   -0.762681   -1.175341    1.970   12.566   -9.167 S_000009
   5 P   -54.951  152.598   72.362   78.394 -160.428  -67.343   69.340   36.442   98.916  -20.703    0.327572   -1.412694   -0.472689   -0.783130   -1.660104   -1.493520   -1.849287   -0.765524   -1.190572    3.212   18.620  -10.096 S_000009
   6 P   171.747  153.395  159.041  148.712 -150.900 -143.856  163.298  -31.676  141.216  -34.261    0.335662   -0.099384   -1.482186   -0.823846   -0.920479   -2.044532   -1.934389   -0.708140   -1.198506    6.125   24.468  -12.106 S_000009
   7 P  -133.435  121.623  159.513   84.107 -132.282  -83.506   67.169   34.547   94.201  -27.447    0.328492   -1.348144   -0.633645   -0.807308   -1.509568   -1.647897   -1.897709   -0.723428   -1.200444    6.674   30.953  -13.183 S_000009
   8 N  -162.335 -115.976  123.191   89.015  175.258 -173.476   79.260   17.306  130.746  -80.581    0.379421   -1.301197   -0.739786   -0.920270   -1.669913   -1.460581   -1.919630   -0.732482   -1.173204    8.014   37.166  -15.710 S_000009
   9 P   -58.833 -148.541  -52.595  157.427 -126.832 -148.442  -44.763  -42.415  161.288 -172.839    0.289174    0.057049   -1.493331   -0.752739   -0.939176   -1.992657   -1.909169   -0.662711   -1.231118    9.767   41.083  -20.923 S_000009
  10 P   -57.242  171.948   53.624   93.966 -149.841 -103.001  106.732   28.910  100.177 -153.013    0.366142   -1.233384   -0.826011   -0.830207   -1.353338   -1.778621   -1.926226   -0.664622   -1.214413   11.570   46.610  -24.121 S_000009
  11 P   153.178 -153.207 -178.631   82.668 -139.550  -73.249   64.126   35.520   95.260  -16.961    0.322942   -1.357707   -0.586556   -0.789863   -1.548629   -1.610887   -1.878842   -0.729786   -1.203609   14.700   52.615  -23.971 S_000009
  12 H   161.412 -173.157  174.467   85.359    0.000    0.000   66.525   36.615   90.964  -18.958    0.322982   -1.334483   -0.653034   -0.791032   -1.437724   -1.701399   -1.891874   -0.686864   -1.219177   16.865   58.139  -20.828 S_000009
SCORE:     0.590                  0.590          0          1          1    S_000010
   1 H     0.000  170.252   55.279   86.852 -107.635  176.103   87.439   31.761  104.244 -100.344    0.326291   -1.355306   -0.625540   -0.845165   -1.564269   -1.588720   -1.889854   -0.698162   -1.211583    3.794    0.984    0.238 S_000010
   2 P   -79.285 -132.149   41.041  134.582  -45.598 -179.978  175.944  -25.854  151.298   27.948    0.416080   -0.224298   -1.453267   -0.795548   -0.968330   -2.002520   -1.928054   -0.687585   -1.214336    4.496    3.212   -5.785 S_000010
   3 P   -57.485  160.139   75.855  150.070 -129.358 -140.723  124.656  -40.385  156.749  145.069    0.321419   -0.067867   -1.491898   -0.742948   -1.064012   -1.946365   -1.896169   -0.757348   -1.185391    0.428    5.119  -10.273 S_000010
   4 N   -87.266  142.757   60.009  137.536 -102.003  -64.567  123.849  -32.460  155.701   30.340    0.348745   -0.329097   -1.445197   -0.807810   -1.240602   -1.838404   -1.933058   -0.683642   -1.211014   -3.768    7.269  -14.637 S_000010
   5 P   -65.896 -164.502   40.359   90.175 -158.672  -87.112  102.458   33.041   91.561 -127.215    0.345106   -1.270454   -0.753868   -0.809638   -1.356321   -1.755975   -1.918344   -0.697744   -1.188275   -8.673   11.404  -14.409 S_000010
   6 P   -70.392 -168.786   67.400  152.714  -79.917 -130.447  140.795  -39.652  156.097   50.861    0.325405   -0.132539   -1.474602   -0.745567   -1.130274   -1.890448   -1.904953   -0.748656   -1.182195  -10.738   17.234  -16.538 S_000010
   7 P   -32.848  142.969   54.184  116.775 -137.644 -166.419  104.672   -9.627  141.274   13.748    0.435272   -0.776691   -1.242502   -0.870906   -1.392523   -1.757466   -1.951387   -0.704083   -1.182785  -11.253   22.246  -20.429 S_000010
   8 N   159.691 -170.590 -174.109   88.343 -146.100  -64.645   64.868   37.125   98.321   81.301    0.318687   -1.369463   -0.573472   -0.783925   -1.523176   -1.616361   -1.852265   -0.662433   -1.260222  -13.585   28.043  -24.140 S_000010
   9 P   -67.799 -146.390   61.351  138.077 -111.780  179.539  136.456  -32.975  164.412   24.654    0.345876   -0.486313   -1.408181   -0.813296   -1.436410   -1.666158   -1.937060   -0.759364   -1.169281  -16.217   33.446  -26.840 S_000010
  10 P    57.480 -158.222  177.639   83.988 -167.491 -112.705  147.518   34.084  101.076  -21.261    0.329310   -1.365774   -0.595955   -0.819119   -1.554870   -1.597779   -1.887754   -0.714223   -1.202531  -18.443   39.252  -28.356 S_000010
  11 P   148.744  164.488  155.812   78.401 -116.145  -93.168  138.143   38.511   86.441 -171.231    0.349391   -1.359421   -0.597882   -0.742157   -1.451422   -1.664271   -1.843860   -0.693680   -1.250137  -22.579   44.030  -31.521 S_000010
  12 H   -63.805  175.864   49.936   77.734    0.000    0.000   71.387   44.249   84.909  179.874    0.286158   -1.407081   -0.500041   -0.725775   -1.491304   -1.647611   -1.850858   -0.711388   -1.230976  -24.975   46.189  -37.325 S_000010
