SEQUENCE: gaag
SCORE:     score    rna_stub_coord_hack       N_WC      N_NWC       N_BS description
REMARK RNA 
SCORE:     0.462                  0.462          0          0          0    S_000001
   1 H     0.000  170.252   55.279   87.801   13.535   59.397   76.249   33.683  102.671   32.988    0.318035   -1.345685   -0.638511   -0.829089   -1.508034   -1.631284   -1.881762   -0.657957   -1.235352    3.794    0.984    0.238 S_000001
   2 P  -170.283  161.190 -176.306  140.990 -163.860 -102.059  133.153  -32.306  149.951  165.152    0.350717   -0.168927   -1.477787   -0.803819   -1.029144   -1.981828   -1.933928   -0.657356   -1.225843    6.800    4.074    1.037 S_000001
   3 P  -177.156  174.393  173.221   86.263 -149.185  172.593  -72.434   35.860   96.381  -22.673    0.325910   -1.354460   -0.619569   -0.796919   -1.497179   -1.651701   -1.886836   -0.705286   -1.215900    9.134    8.518    5.979 S_000001
   4 H   -61.517 -178.710   54.133   82.434    0.000    0.000   69.377   37.307   94.565  -18.615    0.317771   -1.377227   -0.566348   -0.789210   -1.533819   -1.616268   -1.875531   -0.712655   -1.215582    5.983    9.761   11.384 S_000001
SCORE:     0.434                  0.434          0          1          0    S_000002
   1 H     0.000  170.252   55.279   76.180    0.000    0.000   76.920   39.099   94.303  -46.329    0.303721   -1.396624   -0.530482   -0.780101   -1.544843   -1.599803   -1.853908   -0.688169   -1.232189    3.794    0.984    0.238 S_000002
   2 P    89.781 -178.885  175.219  140.023 -113.525  -86.651  125.936  -29.763  145.297   42.695    0.361226   -0.247789   -1.455288   -0.810444   -1.079188   -1.951630   -1.936185   -0.695753   -1.196885    3.597    3.570    1.281 S_000002
   3 P   171.747  153.395  159.041  148.712 -150.900 -143.856  163.298  -31.676  141.216  -34.261    0.335662   -0.099384   -1.482186   -0.823846   -0.920479   -2.044532   -1.934389   -0.708140   -1.198506    6.505    7.965    6.009 S_000002
   4 H   -74.369 -179.686   58.983   81.930    0.000    0.000   83.354   37.719   91.485  179.903    0.295413   -1.378725   -0.559111   -0.799774   -1.535034   -1.606569   -1.882041   -0.732031   -1.196815    8.738   10.950   11.652 S_000002
SCORE:     0.467                  0.467          0          1          0    S_000003
   1 H     0.000  170.252   55.279  137.596    0.000    0.000  103.584  -31.422  156.961   21.904    0.360961   -0.439786   -1.408519   -0.800461   -1.358923   -1.748345   -1.941145   -0.762944   -1.173218    3.794    0.984    0.238 S_000003
   2 P   133.231  -95.622  152.652   89.513  169.105 -133.943   80.474   17.341  127.879  -87.358    0.354101   -1.299334   -0.738039   -0.953084   -1.657539   -1.453322   -1.935477   -0.715656   -1.158521    5.323    1.890    2.707 S_000003
   3 P  -171.683  150.567  158.405   86.589 -114.846 -110.635  130.117   15.638  130.615   37.393    0.367847   -1.318887   -0.687781   -0.936999   -1.752471   -1.366717   -1.880904   -0.733340   -1.188375    3.778    3.383    9.411 S_000003
   4 H  -156.410  171.440  132.790   80.039    0.000    0.000   52.781   37.669   93.202 -124.130    0.325969   -1.366067   -0.578225   -0.770539   -1.509010   -1.634285   -1.863037   -0.722456   -1.208077    4.865    4.486   16.490 S_000003
SCORE:     0.452                  0.452          0          0          1    S_000004
   1 H     0.000  170.252   55.279   92.806   61.511   19.411  146.953    6.793  131.621 -110.100    0.435793   -1.127796   -0.934629   -0.873161   -1.609943   -1.562353   -1.924958   -0.752337   -1.174484    3.794    0.984    0.238 S_000004
   2 P  -147.370  132.427  163.030   85.740 -133.620  -84.078   67.702   34.176   93.870  -15.107    0.344463   -1.309014   -0.688719   -0.791759   -1.433451   -1.704701   -1.888885   -0.699291   -1.211989    6.711    2.374    2.076 S_000004
   3 P   -56.602  169.819   59.880  148.016 -135.011  178.478  120.148  -32.889  143.708  -19.080    0.344597   -0.101549   -1.481717   -0.800183   -0.950280   -2.028627   -1.919452   -0.736545   -1.187799    8.006    5.764    7.245 S_000004
   4 H   -65.757 -176.412   50.016   83.568    0.000    0.000   77.258   38.863   91.927  179.871    0.309409   -1.371496   -0.579982   -0.776578   -1.484525   -1.650832   -1.872640   -0.692742   -1.227057    8.109    8.114   13.250 S_000004
SCORE:     0.485                  0.485          0          0          0    S_000005
   1 H     0.000  170.252   55.279  113.898   11.561   52.393  127.184   -5.435  138.967   -7.831    0.452166   -0.760220   -1.239855   -0.852838   -1.284262   -1.825875   -1.941430   -0.646447   -1.216674    3.794    0.984    0.238 S_000005
   2 P   -60.692  137.305   60.423   82.142  174.548 -127.899   66.398   30.869  119.096   64.253    0.303071   -1.400949   -0.528367   -0.886923   -1.662484   -1.444081   -1.855101   -0.683786   -1.208925    6.000    0.823    2.339 S_000005
   3 P  -160.249  166.068  171.487   91.115 -136.630 -101.713   76.539   34.876   95.142  175.357    0.323572   -1.335492   -0.650661   -0.813480   -1.473315   -1.673547   -1.901744   -0.711585   -1.198626    7.035    2.690    9.008 S_000005
   4 H   151.935 -167.827 -176.426   77.178    0.000    0.000   60.798   39.251   93.681 -102.541    0.283202   -1.417418   -0.488758   -0.797090   -1.593987   -1.549329   -1.833592   -0.702667   -1.221991    8.368    5.489   15.228 S_000005
SCORE:     0.450                  0.450          0          0          0    S_000006
   1 H     0.000  170.252   55.279  101.651   24.704   80.004  147.021    7.260  132.110  179.913    0.374722   -1.027061   -1.076613   -0.941605   -1.410014   -1.747423   -2.001967   -0.647310   -1.220870    3.794    0.984    0.238 S_000006
   2 P   -50.353 -155.642   49.514  144.140 -116.281 -177.136  152.040  -34.900  163.032   29.821    0.343286   -0.324128   -1.448346   -0.793398   -1.280886   -1.793255   -1.940277   -0.746673   -1.179096    8.152    1.473    1.562 S_000006
   3 P  -173.910 -150.992  149.500  127.998 -128.911 -142.558   91.482   -6.193  136.127   15.787    0.408280   -0.788743   -1.262842   -0.923571   -1.317920   -1.806812   -1.984235   -0.740556   -1.116661    8.861    5.283    7.655 S_000006
   4 H   -64.129  165.548   52.525   76.330    0.000    0.000   71.834   42.549   96.197  -11.102    0.258113   -1.456280   -0.306721   -0.778536   -1.707496   -1.393031   -1.790106   -0.739066   -1.216209   10.000    7.614   13.743 S_000006
SCORE:     0.436                  0.436          0          0          0    S_000007
   1 H     0.000  170.252   55.279  159.120    0.000    0.000  -42.776  -43.758  159.284  179.866    0.295187    0.181279   -1.473946   -0.729800   -0.801881   -2.036519   -1.892864   -0.685231   -1.222970    3.794    0.984    0.238 S_000007
   2 P   139.901 -101.394 -178.561  141.920 -123.942 -144.089   80.191  -30.931  156.102   31.126    0.358691   -0.354753   -1.434289   -0.818117   -1.244867   -1.828128   -1.948415   -0.714488   -1.176518    4.836    1.368    3.192 S_000007
   3 P   145.834  169.864  160.515  116.771 -150.825  -95.969  116.851    6.639  112.778  -49.780    0.428419   -0.827735   -1.201961   -0.850477   -1.142936   -1.957796   -1.955336   -0.681649   -1.210816    1.400    1.417    9.679 S_000007
   4 H  -179.755  152.168  168.514   84.964    0.000    0.000   64.572   38.791   84.834  172.068    0.299939   -1.362285   -0.590583   -0.784606   -1.473117   -1.661472   -1.889435   -0.750024   -1.178485   -0.324    1.847   16.593 S_000007
SCORE:     0.418                  0.418          0          0          0    S_000008
   1 H     0.000  170.252   55.279  113.898   11.561   52.393  127.184   -5.435  138.967   -7.831    0.452166   -0.760220   -1.239855   -0.852838   -1.284262   -1.825875   -1.941430   -0.646447   -1.216674    3.794    0.984    0.238 S_000008
   2 P  -172.604  161.126  159.864  155.138 -101.607 -139.360  -48.863  -40.948  155.621   78.591    0.319081    0.026124   -1.484098   -0.731166   -0.944630   -1.986654   -1.887978   -0.700564   -1.211859    6.601    3.099    2.503 S_000008
   3 P   163.328  133.174   67.642  136.998 -137.626 -154.012   89.421  -30.525  152.645   30.625    0.372295   -0.416181   -1.425075   -0.793600   -1.311181   -1.799090   -1.926431   -0.784884   -1.148790    5.583    7.097    8.435 S_000008
   4 H   -70.535  163.740   55.413   82.024    0.000    0.000   73.646   39.452   91.178   75.198    0.309301   -1.383771   -0.558541   -0.766213   -1.509407   -1.637557   -1.858007   -0.696157   -1.230248    5.988    8.787   14.731 S_000008
SCORE:     0.420                  0.420          0          1          0    S_000009
   1 H     0.000  170.252   55.279   83.241    0.000    0.000   80.376   53.521   77.574  179.891    0.178377   -1.427860   -0.481481   -0.679632   -1.357955   -1.729841   -1.849110   -0.702829   -1.239279    3.794    0.984    0.238 S_000009
   2 P    86.187  176.497  162.816   95.258 -128.578 -117.535  -52.178   27.444   99.200   12.823    0.388719   -1.230343   -0.824624   -0.823622   -1.392439   -1.771391   -1.937739   -0.733944   -1.183498    3.709    3.568    1.394 S_000009
   3 P  -172.604  161.126  159.864  155.138 -101.607 -139.360  -48.863  -40.948  155.621   78.591    0.319081    0.026124   -1.484098   -0.731166   -0.944630   -1.986654   -1.887978   -0.700564   -1.211859    6.866    7.135    6.925 S_000009
   4 H    68.658  112.756   51.148   84.300    0.000    0.000   66.955   34.608   96.655  -15.708    0.336935   -1.337275   -0.650504   -0.799848   -1.478171   -1.666688   -1.884809   -0.687070   -1.222510   11.101   10.342   11.105 S_000009
SCORE:     0.464                  0.464          0          0          0    S_000010
   1 H     0.000  170.252   55.279   74.634    0.000    0.000   84.639   42.332   91.965  -19.463    0.272035   -1.430682   -0.412579   -0.777242   -1.583523   -1.512172   -1.911729   -0.744520   -1.182602    3.794    0.984    0.238 S_000010
   2 P   139.901 -101.394 -178.561  141.920 -123.942 -144.089   80.191  -30.931  156.102   31.126    0.358691   -0.354753   -1.434289   -0.818117   -1.244867   -1.828128   -1.948415   -0.714488   -1.176518    4.862    3.930    0.612 S_000010
   3 N   166.900 -125.791  168.740   83.559  155.815 -110.429  119.759   26.754  113.535   87.626    0.341949   -1.356067   -0.621349   -0.881304   -1.648353   -1.494448   -1.881160   -0.698552   -1.204189    6.242    8.679    5.706 S_000010
   4 H   -57.045  176.440   58.687  146.249    0.000    0.000  112.151  -28.956  153.973   21.274    0.362028   -0.375291   -1.432591   -0.845013   -1.234572   -1.836933   -1.958088   -0.662607   -1.203757    9.841   10.067   10.087 S_000010
