SEQUENCE: gaaaaaaaaaag
SCORE:     score    rna_stub_coord_hack       N_WC      N_NWC       N_BS description
REMARK RNA 
SCORE:    21.834                 21.834          0          0          2    S_000001
   1 H     0.000  170.252   55.279   77.241    0.000    0.000   93.120   37.153   97.032  -25.275    0.317183   -1.395507   -0.526028   -0.791314   -1.584148   -1.566708   -1.857779   -0.713804   -1.219093    3.794    0.984    0.238 S_000001
   2 P  -108.293   86.120  164.210   81.610 -145.592  -76.612   47.222   37.518   89.695  148.368    0.328533   -1.348579   -0.623677   -0.767902   -1.462259   -1.681907   -1.874942   -0.722851   -1.206062    1.534    1.562   -0.515 S_000001
   3 P  -178.996  117.297 -174.714   86.489 -136.718  -72.287   77.953   35.660   94.291  -31.727    0.346791   -1.321652   -0.661451   -0.764915   -1.442410   -1.694848   -1.854917   -0.677260   -1.231639   -5.493    1.672   -0.260 S_000001
   4 P   -54.389  169.426   59.234   80.532 -133.018  -64.979   74.378   36.136   94.253  -22.708    0.344220   -1.355182   -0.604806   -0.765454   -1.501579   -1.634436   -1.852098   -0.700362   -1.226517  -11.528    2.576   -0.384 S_000001
   5 P  -116.095   78.928  160.153   89.968 -114.340  -64.114   62.535   38.413   87.794  -16.870    0.305082   -1.270661   -0.792789   -0.775425   -1.260837   -1.882235   -1.886885   -0.675496   -1.247486  -16.674    5.451    0.459 S_000001
   6 P   -58.446 -149.202   68.661  151.517  -94.388 -167.491  158.879  -36.566  157.616   66.657    0.314545   -0.058212   -1.465433   -0.758064   -0.951472   -2.024794   -1.934304   -0.600686   -1.266513  -22.608    7.464    2.281 S_000001
   7 P  -175.081  177.888   61.143  152.701 -105.799  170.478  100.743  -40.258  159.966  -51.450    0.305816   -0.136048   -1.487621   -0.761982   -1.147414   -1.893800   -1.920368   -0.739943   -1.195843  -29.539    9.157    2.202 S_000001
   8 N  -178.810  153.055  135.770  106.704 -138.327 -112.358  127.377   22.478   87.323  -11.418    0.409131   -0.973460   -1.098711   -0.809248   -1.028300   -2.013690   -1.923910   -0.665663   -1.225656  -35.506   12.240    1.421 S_000001
   9 P  -154.050  145.148  124.520   89.904 -156.931 -129.437   98.571   22.752  116.377   53.243    0.366115   -1.304268   -0.738772   -0.890164   -1.596323   -1.568220   -1.925176   -0.727709   -1.180955  -41.866   14.706   -0.621 S_000001
  10 N  -172.853 -176.879  154.982   85.334 -152.417  -63.053   65.917   37.285   95.556   72.588    0.310637   -1.342060   -0.627038   -0.796613   -1.444832   -1.678616   -1.872772   -0.654663   -1.228665  -48.089   17.834   -2.643 S_000001
  11 P  -171.138 -159.674  155.788   87.190 -128.050 -166.775   84.303   35.145   89.823 -155.916    0.321597   -1.298553   -0.720453   -0.812913   -1.374949   -1.752188   -1.910608   -0.679834   -1.214896  -54.025   20.666   -1.488 S_000001
  12 H   -41.625  163.623   42.380   80.510    0.000    0.000   74.241   34.438   99.501  179.917    0.328369   -1.377364   -0.556789   -0.806627   -1.593541   -1.555587   -1.867190   -0.732364   -1.203296  -59.570   23.120   -3.387 S_000001
SCORE:    22.904                 22.904          0          0          0    S_000002
   1 H     0.000  170.252   55.279  127.136  -52.626   44.243  154.204   -8.465  138.710   17.604    0.428365   -0.837053   -1.212904   -0.890568   -1.439527   -1.699717   -2.006484   -0.813610   -1.094998    3.794    0.984    0.238 S_000002
   2 P   -99.198  171.766   73.467   79.284  -68.630 -132.185   84.824   36.709   92.208 -137.276    0.315746   -1.367745   -0.593672   -0.792678   -1.509236   -1.627689   -1.868481   -0.696229   -1.223356    2.686    3.845   -0.158 S_000002
   3 P   -66.903  177.154   68.594  154.905  -90.414  106.049  129.602  -32.928  146.335 -156.866    0.349527   -0.009473   -1.483216   -0.795625   -0.823784   -2.074911   -1.918789   -0.628138   -1.241841    1.925    9.862   -3.292 S_000002
   4 P   159.206 -143.526  165.585   86.440 -102.836  -96.790   73.696   38.503   85.932  -17.299    0.319648   -1.323090   -0.681179   -0.768786   -1.364715   -1.753998   -1.897515   -0.700136   -1.214736   -0.982   14.852   -4.141 S_000002
   5 P   -63.250  175.683   65.794  149.949 -131.110 -149.590  116.670  -46.360  165.701  151.659    0.291047   -0.023190   -1.497427   -0.685692   -1.116595   -1.889345   -1.874813   -0.741826   -1.205416   -5.982   19.098   -5.397 S_000002
   6 P    69.147  168.508  -47.744  150.543 -148.343 -142.366  171.938  -32.034  145.911   71.933    0.339556   -0.069758   -1.491340   -0.820604   -0.887048   -2.048544   -1.926939   -0.666372   -1.215392  -10.566   22.269   -9.519 S_000002
   7 P  -172.604  161.126  159.864  155.138 -101.607 -139.360  -48.863  -40.948  155.621   78.591    0.319081    0.026124   -1.484098   -0.731166   -0.944630   -1.986654   -1.887978   -0.700564   -1.211859  -16.044   27.071   -9.547 S_000002
   8 P  -179.964  130.919   54.370   92.564  164.659 -106.432   76.600    9.279  136.304  179.932    0.397242   -1.208900   -0.869668   -0.938361   -1.650490   -1.484281   -1.936186   -0.732630   -1.162032  -18.898   33.608   -9.622 S_000002
   9 P   171.747  153.395  159.041  148.712 -150.900 -143.856  163.298  -31.676  141.216  -34.261    0.335662   -0.099384   -1.482186   -0.823846   -0.920479   -2.044532   -1.934389   -0.708140   -1.198506  -23.281   37.892  -12.593 S_000002
  10 P   171.188  139.895   48.031  148.786  -89.987  157.411  108.795  -40.286  159.861  -88.670    0.317071   -0.125468   -1.481393   -0.752069   -1.134183   -1.879603   -1.914641   -0.711556   -1.203747  -27.188   43.754  -14.549 S_000002
  11 P   105.521  156.804  148.628  159.247 -128.125 -110.056   82.304  -40.995  149.473 -171.489    0.270028    0.135892   -1.494581   -0.790297   -0.798343   -2.074916   -1.911233   -0.674598   -1.221385  -28.331   50.392  -13.530 S_000002
  12 H   -64.886 -173.946   50.184   82.478    0.000    0.000   92.568   33.101   98.274   43.683    0.351639   -1.352634   -0.615785   -0.795088   -1.556303   -1.606080   -1.880933   -0.741752   -1.195143  -32.401   55.625  -11.836 S_000002
SCORE:    23.458                 23.458          0          0          0    S_000003
   1 H     0.000  170.252   55.279  109.791  -86.031  -28.716   97.324   -4.072  154.605    3.658    0.432992   -1.060617   -0.993306   -0.892079   -1.672394   -1.421786   -1.913007   -0.735767   -1.171156    3.794    0.984    0.238 S_000003
   2 P   107.645  177.113 -151.446  121.171 -147.326  -97.859   90.040   -9.304  132.582 -149.400    0.420710   -0.720589   -1.277335   -0.858548   -1.316539   -1.850888   -1.956492   -0.719478   -1.189242    1.237   -0.105   -3.700 S_000003
   3 P   163.915 -172.598  170.232   84.847 -141.166  -71.216   90.576   34.994   93.637  174.357    0.365294   -1.314023   -0.663394   -0.753743   -1.442508   -1.688954   -1.869242   -0.701492   -1.217749   -4.985    0.812   -6.756 S_000003
   4 N  -175.101 -147.674  159.572  141.718  176.133  146.872   62.364  -31.811 -103.226   76.911    0.331832   -0.177856   -1.485199   -0.843536   -1.029654   -1.962328   -1.977627   -0.691472   -1.204184  -10.099    5.034   -7.748 S_000003
   5 P   -73.359  173.409   52.926   85.748 -141.299 -147.243   74.447   36.539   94.030  -97.849    0.324570   -1.357679   -0.610091   -0.787644   -1.497085   -1.651435   -1.883916   -0.708617   -1.213908  -16.106    7.000   -8.812 S_000003
   6 P  -100.812  151.523   50.649   90.626 -158.155 -143.704  102.750   30.378   96.904   26.377    0.354334   -1.280429   -0.768735   -0.818259   -1.407454   -1.719481   -1.919097   -0.715270   -1.181877  -19.815   11.481  -11.940 S_000003
   7 P   171.747  153.395  159.041  148.712 -150.900 -143.856  163.298  -31.676  141.216  -34.261    0.335662   -0.099384   -1.482186   -0.823846   -0.920479   -2.044532   -1.934389   -0.708140   -1.198506  -25.218   16.403  -11.908 S_000003
   8 P  -166.924 -154.036  159.889   90.332 -178.658 -136.635   73.477   26.413  115.255    3.673    0.345049   -1.323606   -0.689620   -0.882069   -1.572952   -1.568229   -1.923026   -0.712384   -1.176451  -30.021   21.808  -13.101 S_000003
   9 N   170.628 -165.875 -168.095   88.100 -146.025  -69.701   74.281   42.570   86.157  -18.932    0.269820   -1.368058   -0.613320   -0.764958   -1.393175   -1.735747   -1.891381   -0.711959   -1.210295  -32.708   28.235  -14.133 S_000003
  10 N  -175.892  156.188  156.478   83.886 -138.147  -59.561   62.396   30.267  100.304  -18.903    0.356262   -1.310652   -0.690545   -0.814152   -1.515858   -1.645970   -1.890391   -0.720789   -1.206949  -35.471   34.550  -14.489 S_000003
  11 P   -58.446 -149.202   68.661  151.517  -94.388 -167.491  158.879  -36.566  157.616   66.657    0.314545   -0.058212   -1.465433   -0.758064   -0.951472   -2.024794   -1.934304   -0.600686   -1.266513  -40.045   38.973  -15.481 S_000003
  12 H   -61.296  176.397   52.330   78.744    0.000    0.000   82.204   39.900   91.828  -14.896    0.304779   -1.387843   -0.525915   -0.764481   -1.526432   -1.607179   -1.866156   -0.724638   -1.206424  -43.970   44.039  -16.880 S_000003
SCORE:    22.877                 22.877          0          0          0    S_000004
   1 H     0.000  170.252   55.279  103.353   -2.302  179.785   83.274    7.666  128.253    3.047    0.444741   -0.996886   -1.066796   -0.857338   -1.384617   -1.772097   -1.914764   -0.632548   -1.234425    3.794    0.984    0.238 S_000004
   2 P    33.400  115.367  -57.040  149.192 -156.513 -131.324  133.687  -27.868  133.092  179.926    0.361442   -0.032465   -1.487833   -0.834641   -0.743062   -2.128616   -1.899405   -0.715413   -1.202531    5.884    2.447   -5.345 S_000004
   3 N  -162.335 -115.976  123.191   89.015  175.258 -173.476   79.260   17.306  130.746  -80.581    0.379421   -1.301197   -0.739786   -0.920270   -1.669913   -1.460581   -1.919630   -0.732482   -1.173204    0.242    6.298   -7.645 S_000004
   4 P   152.594  176.327  171.244   91.237 -151.427  -73.024   82.556   36.730   87.095   -0.293    0.324489   -1.292433   -0.740995   -0.782053   -1.325054   -1.790390   -1.912036   -0.712281   -1.201892   -4.199   11.948   -8.108 S_000004
   5 N  -148.162  164.915  118.385  145.355 -109.323 -178.043  158.161  -25.949  134.973  153.436    0.357113   -0.162484   -1.477571   -0.854725   -0.883260   -2.080780   -1.943630   -0.688761   -1.201220   -9.336   16.227   -9.375 S_000004
   6 P  -141.438 -173.059   59.783   86.819   64.242  123.802  129.505   17.004  123.499   57.036    0.418770   -1.172726   -0.880056   -0.860914   -1.479592   -1.655423   -1.888016   -0.619308   -1.243832  -13.139   21.636  -11.628 S_000004
   7 P   153.178 -153.207 -178.631   82.668 -139.550  -73.249   64.126   35.520   95.260  -16.961    0.322942   -1.357707   -0.586556   -0.789863   -1.548629   -1.610887   -1.878842   -0.729786   -1.203609  -19.443   24.251  -13.045 S_000004
   8 P  -163.415 -164.775  171.520   87.292 -173.272  -90.210   95.538   33.873  101.998   69.427    0.333059   -1.348368   -0.630589   -0.813263   -1.521104   -1.634527   -1.885456   -0.693273   -1.220867  -24.188   29.166  -12.287 S_000004
   9 P   -82.522 -173.901   50.300  139.055 -115.199  179.062  149.082  -32.367  151.652  165.711    0.349502   -0.343881   -1.444356   -0.804139   -1.257945   -1.837809   -1.936483   -0.771964   -1.159998  -30.136   31.662  -12.203 S_000004
  10 P   142.489 -148.334 -175.131   81.050 -103.037  -66.604   46.181   39.533   87.867 -148.465    0.308464   -1.371601   -0.588152   -0.766456   -1.476269   -1.673536   -1.870547   -0.699906   -1.225639  -35.855   35.515  -10.873 S_000004
  11 P   -48.362 -138.714   47.609  152.380  -88.917 -177.987  171.006  -35.024  152.837   87.827    0.347667   -0.025107   -1.487899   -0.775774   -0.891828   -2.041377   -1.911015   -0.683667   -1.225064  -39.201   41.051  -11.079 S_000004
  12 H  -161.923  112.878  167.712   86.079    0.000    0.000   53.528   33.216   94.948  -33.612    0.345827   -1.319419   -0.672360   -0.799460   -1.477877   -1.672196   -1.890045   -0.718779   -1.203862  -44.512   44.309  -11.470 S_000004
SCORE:    23.990                 23.990          0          0          1    S_000005
   1 H     0.000  170.252   55.279  105.479  -70.748  -50.373  109.237    8.065  139.448  -20.886    0.394751   -1.167533   -0.930065   -0.938030   -1.599286   -1.540678   -1.920623   -0.668067   -1.209345    3.794    0.984    0.238 S_000005
   2 N   146.424 -163.784  178.255   85.620 -137.294  -67.317   67.440   39.752   87.784 -119.038    0.297106   -1.364557   -0.602477   -0.780092   -1.442511   -1.687950   -1.884111   -0.692719   -1.217120    1.315   -0.017   -4.188 S_000005
   3 P  -173.910 -150.992  149.500  127.998 -128.911 -142.558   91.482   -6.193  136.127   15.787    0.408280   -0.788743   -1.262842   -0.923571   -1.317920   -1.806812   -1.984235   -0.740556   -1.116661   -4.534    2.558   -6.116 S_000005
   4 P   140.004 -161.511  172.648   87.535 -135.875 -127.774  -63.089   27.673  113.365  -21.649    0.351703   -1.359808   -0.617725   -0.860422   -1.647064   -1.511100   -1.888219   -0.728269   -1.197425  -10.458    6.539   -6.180 S_000005
   5 P   101.828 -173.169 -111.905   84.845 -158.848  -85.729   79.980   39.550   82.586  -27.741    0.315524   -1.316175   -0.698659   -0.758856   -1.322511   -1.784404   -1.889229   -0.685330   -1.229959  -15.296   11.366   -6.893 S_000005
   6 P   -77.354  164.503   76.620   82.022 -130.103  -63.484   65.096   34.109   97.447  -23.935    0.353237   -1.340616   -0.630721   -0.779707   -1.514904   -1.639528   -1.841846   -0.682561   -1.228191  -20.274   13.958   -9.555 S_000005
   7 P   -56.728 -135.352   55.393  149.224 -123.136 -178.792  170.161  -35.689  154.774   66.233    0.315626   -0.082044   -1.489922   -0.809591   -0.984964   -1.998443   -1.944815   -0.676804   -1.231013  -23.317   19.319  -11.811 S_000005
   8 P   163.850  141.944   53.340  149.322 -136.992  169.639  100.626  -38.298  156.829  -94.857    0.307222   -0.158476   -1.484788   -0.790412   -1.140342   -1.903596   -1.933724   -0.753839   -1.176530  -28.620   21.892  -15.733 S_000005
   9 P   107.645  177.113 -151.446  121.171 -147.326  -97.859   90.040   -9.304  132.582 -149.400    0.420710   -0.720589   -1.277335   -0.858548   -1.316539   -1.850888   -1.956492   -0.719478   -1.189242  -32.891   27.394  -16.094 S_000005
  10 P   178.953  121.420   60.039  137.761  -89.783  162.171   95.568  -36.201  164.047  -85.504    0.329547   -0.376318   -1.443259   -0.795164   -1.365299   -1.724089   -1.935867   -0.737984   -1.183291  -36.031   33.718  -17.340 S_000005
  11 P    72.249 -171.397  -89.575   84.407 -174.183  -60.687  -90.499   36.160   98.868  -73.070    0.329319   -1.359464   -0.594735   -0.785229   -1.517399   -1.628373   -1.857407   -0.681449   -1.238827  -41.333   37.231  -18.637 S_000005
  12 H   -65.913  159.691   65.383   68.562    0.000    0.000   84.219   44.513   91.246  -22.439    0.213497   -1.473195   -0.285680   -0.816690   -1.711218   -1.416569   -1.963761   -0.882516   -1.096854  -43.543   42.239  -18.602 S_000005
SCORE:    23.737                 23.737          0          0          2    S_000006
   1 H     0.000  170.252   55.279  127.460  -29.346 -152.812  171.970  -31.870  154.269   11.669    0.334954   -0.528981   -1.384917   -0.815961   -1.457139   -1.640107   -1.913022   -0.729894   -1.184519    3.794    0.984    0.238 S_000006
   2 P   168.325 -155.533  164.319   84.533 -102.584  -65.878   53.087   35.938   88.750  -15.999    0.340695   -1.296219   -0.715842   -0.779549   -1.362249   -1.760899   -1.902433   -0.693016   -1.214814    7.362    3.297   -4.913 S_000006
   3 N   -82.271  172.114   71.616   80.521 -160.375  -99.196   70.829   44.016   88.946  179.870    0.249433   -1.421755   -0.466358   -0.764929   -1.531784   -1.596253   -1.827971   -0.670077   -1.241417    6.250    8.884   -7.646 S_000006
   4 P   -68.290  165.624   53.091  148.683 -120.580  175.250  113.124  -37.907  158.220 -145.963    0.336084   -0.197418   -1.472562   -0.755729   -1.177993   -1.869278   -1.909839   -0.730576   -1.194448    3.870   14.530   -8.893 S_000006
   5 P   107.645  177.113 -151.446  121.171 -147.326  -97.859   90.040   -9.304  132.582 -149.400    0.420710   -0.720589   -1.277335   -0.858548   -1.316539   -1.850888   -1.956492   -0.719478   -1.189242   -0.378   19.793  -10.732 S_000006
   6 P   -76.439 -155.686   76.097   98.708  168.544 -113.341  126.301    2.278  141.133  172.074    0.410529   -1.103526   -0.968395   -0.933240   -1.621578   -1.502075   -1.924475   -0.687537   -1.196092   -3.484   25.620  -12.765 S_000006
   7 P   175.092 -102.372 -175.903   92.378 -139.805  -55.656  -27.979   21.886  117.369    2.866    0.348707   -1.360588   -0.670816   -0.921158   -1.749262   -1.487993   -1.905244   -0.758322   -1.157865   -5.921   31.574  -12.909 S_000006
   8 P   -76.439 -155.686   76.097   98.708  168.544 -113.341  126.301    2.278  141.133  172.074    0.410529   -1.103526   -0.968395   -0.933240   -1.621578   -1.502075   -1.924475   -0.687537   -1.196092   -9.237   37.142  -12.291 S_000006
   9 P  -170.257 -176.118  168.457  154.693  -96.790  -77.772  166.626  -41.004  158.432  -92.486    0.301209   -0.017468   -1.492097   -0.757842   -1.009016   -1.965277   -1.908312   -0.715882   -1.203518  -12.932   42.878  -12.071 S_000006
  10 P   -81.721 -156.700   62.298  148.639  -77.374  142.643  112.599  -36.051  162.843   46.326    0.335602   -0.273429   -1.460309   -0.784915   -1.237226   -1.821172   -1.930647   -0.728990   -1.189010  -16.977   48.248  -12.869 S_000006
  11 P   138.654 -155.499 -178.803   84.573 -157.267  -66.638   83.895   40.356   83.626  124.921    0.305788   -1.350020   -0.635906   -0.759551   -1.396016   -1.733941   -1.894166   -0.717771   -1.217153  -20.957   53.319  -13.447 S_000006
  12 H   -77.982 -155.384   47.052   81.660    0.000    0.000   76.868   34.993   94.709   59.940    0.332424   -1.379823   -0.557506   -0.796670   -1.590981   -1.569413   -1.886317   -0.773165   -1.176216  -24.059   59.094  -13.700 S_000006
SCORE:    23.829                 23.829          0          0          3    S_000007
   1 H     0.000  170.252   55.279  124.091  -42.929 -109.786  116.376    1.476  135.974   12.384    0.430289   -0.818793   -1.215310   -0.896714   -1.208586   -1.862373   -1.958635   -0.540097   -1.257599    3.794    0.984    0.238 S_000007
   2 P  -171.510 -160.167  156.136   84.046 -119.410  -63.365   59.822   34.711   91.749  -11.706    0.354001   -1.299992   -0.690561   -0.773980   -1.410272   -1.715421   -1.888472   -0.697992   -1.212238    5.128    2.655   -5.798 S_000007
   3 P   165.278  167.371  175.594   83.822 -158.281  -75.127   89.459   36.330   91.172 -137.030    0.339110   -1.327173   -0.662258   -0.772025   -1.433257   -1.708364   -1.881501   -0.696938   -1.221572    3.390    8.742   -7.974 S_000007
   4 P   -61.592  174.885   54.339   85.360 -154.476  -82.075   72.914   35.028   95.251 -121.222    0.338309   -1.346329   -0.629086   -0.788642   -1.502912   -1.651079   -1.882410   -0.709535   -1.210566    0.744   14.034   -9.456 S_000007
   5 N     0.000  173.918   59.612 -284.858  215.729  -68.740   76.850   47.121   87.071  179.892    0.221572   -1.448499   -0.420149   -0.753688   -1.533270   -1.593215   -1.842807   -0.706479   -1.225232   -2.707   18.524   -8.170 S_000007
   6 P    69.147  168.508  -47.744  150.543 -148.343 -142.366  171.938  -32.034  145.911   71.933    0.339556   -0.069758   -1.491340   -0.820604   -0.887048   -2.048544   -1.926939   -0.666372   -1.215392   -3.589   24.450   -8.503 S_000007
   7 P   -56.713  169.563   63.733  130.198 -145.747 -165.607  105.706  -22.591  147.628  165.119    0.387195   -0.481632   -1.393214   -0.841539   -1.246218   -1.866122   -1.947955   -0.671518   -1.217400   -6.034   30.462   -9.117 S_000007
   8 N  -173.868 -178.616  179.685   86.902 -146.045  -72.431   81.778   39.756   88.577  -12.629    0.302540   -1.355778   -0.621490   -0.770300   -1.422934   -1.707921   -1.886028   -0.702878   -1.216575  -10.454   36.220   -9.746 S_000007
   9 N  -178.810  153.055  135.770  106.704 -138.327 -112.358  127.377   22.478   87.323  -11.418    0.409131   -0.973460   -1.098711   -0.809248   -1.028300   -2.013690   -1.923910   -0.665663   -1.225656  -16.115   40.116  -10.757 S_000007
  10 P   -56.602  169.819   59.880  148.016 -135.011  178.478  120.148  -32.889  143.708  -19.080    0.344597   -0.101549   -1.481717   -0.800183   -0.950280   -2.028627   -1.919452   -0.736545   -1.187799  -20.023   45.178  -12.119 S_000007
  11 P  -173.910 -150.992  149.500  127.998 -128.911 -142.558   91.482   -6.193  136.127   15.787    0.408280   -0.788743   -1.262842   -0.923571   -1.317920   -1.806812   -1.984235   -0.740556   -1.116661  -24.537   50.643  -13.612 S_000007
  12 H   -78.698 -159.578   51.869   86.601    0.000    0.000   79.464   35.824   90.732 -161.301    0.314671   -1.356388   -0.621681   -0.805557   -1.500611   -1.649872   -1.908290   -0.751287   -1.178993  -29.539   55.565  -13.304 S_000007
SCORE:    23.337                 23.337          0          1          0    S_000008
   1 H     0.000  170.252   55.279  139.617  -64.455  -57.871  122.140  -32.334  161.821   27.534    0.339228   -0.380930   -1.427342   -0.789282   -1.309719   -1.850957   -1.890868   -0.709111   -1.230885    3.794    0.984    0.238 S_000008
   2 P   153.271 -163.076  168.397   84.504 -136.966  -44.262   82.583   39.320   88.354 -115.452    0.304909   -1.349316   -0.638779   -0.772603   -1.411772   -1.719121   -1.885988   -0.682321   -1.232217    3.429    2.161   -4.922 S_000008
   3 P   -84.025  166.594   73.067   79.911 -179.348 -123.417   89.779   35.188   98.120  -15.624    0.325054   -1.374806   -0.576496   -0.804974   -1.563205   -1.591934   -1.872365   -0.723717   -1.206138   -0.755    5.881   -6.805 S_000008
   4 N  -156.867  110.215 -178.694   83.001 -125.031  -85.767   63.480   35.303   94.446  -15.749    0.334787   -1.336847   -0.646589   -0.789555   -1.475273   -1.675352   -1.872685   -0.695674   -1.220194   -4.358   11.044   -9.436 S_000008
   5 P   166.495  172.404  174.231   87.746 -132.714  -66.796   66.289   35.684   95.741  -22.140    0.317062   -1.318123   -0.699594   -0.783392   -1.426334   -1.729960   -1.879184   -0.700135   -1.218640   -6.338   17.539  -11.156 S_000008
   6 P  -136.102  103.272  168.974   85.473 -128.309  -79.232   63.030   36.383   91.833 -170.126    0.322483   -1.346531   -0.624388   -0.787074   -1.484827   -1.666329   -1.892459   -0.741690   -1.189660   -8.408   23.648  -10.860 S_000008
   7 P  -160.249  166.068  171.487   91.115 -136.630 -101.713   76.539   34.876   95.142  175.357    0.323572   -1.335492   -0.650661   -0.813480   -1.473315   -1.673547   -1.901744   -0.711585   -1.198626   -9.820   30.482  -10.445 S_000008
   8 P   163.850  141.944   53.340  149.322 -136.992  169.639  100.626  -38.298  156.829  -94.857    0.307222   -0.158476   -1.484788   -0.790412   -1.140342   -1.903596   -1.933724   -0.753839   -1.176530   -9.168   37.615   -9.222 S_000008
   9 P  -163.415 -164.775  171.520   87.292 -173.272  -90.210   95.538   33.873  101.998   69.427    0.333059   -1.348368   -0.630589   -0.813263   -1.521104   -1.634527   -1.885456   -0.693273   -1.220867  -12.954   43.514  -10.524 S_000008
  10 P   132.201 -170.136  172.043   82.935 -174.144  -99.458  113.946   35.506  102.658  -57.807    0.296716   -1.397482   -0.505598   -0.833698   -1.628991   -1.513709   -1.843882   -0.692077   -1.232421  -15.672   49.307  -10.221 S_000008
  11 N   -68.246 -179.265   60.610   82.394 -166.940 -101.879   80.724   34.938   96.446 -174.394    0.326881   -1.364842   -0.584319   -0.805091   -1.547696   -1.595186   -1.878234   -0.725880   -1.199119  -17.247   55.420  -10.223 S_000008
  12 H   -69.178  178.099   56.561   77.751    0.000    0.000   87.440   39.467   93.418  -19.243    0.297477   -1.403787   -0.503875   -0.780735   -1.574709   -1.579968   -1.851387   -0.709489   -1.221455  -19.447   61.430  -10.340 S_000008
SCORE:    20.940                 20.940          0          0          1    S_000009
   1 H     0.000  170.252   55.279   78.053    0.000    0.000   86.061   40.365   93.059 -171.721    0.293400   -1.389809   -0.517604   -0.774847   -1.530028   -1.610650   -1.839629   -0.656551   -1.271481    3.794    0.984    0.238 S_000009
   2 N  -113.350 -111.411  167.475   84.702 -143.828  -56.326   71.787   37.497   90.739  -18.313    0.313563   -1.356055   -0.622734   -0.790878   -1.464630   -1.678770   -1.889294   -0.698923   -1.216238    2.120    4.434   -0.661 S_000009
   3 P  -174.180  152.972 -160.333  104.826 -142.767  -78.703   76.242   19.884  101.194  179.947    0.387962   -1.086681   -0.991172   -0.843871   -1.294637   -1.855867   -1.944422   -0.700499   -1.202484   -4.021    7.124   -1.505 S_000009
   4 N   167.952 -167.959  154.203  145.211 -155.376 -167.633   19.536  -32.174  148.043  -55.599    0.332777   -0.133501   -1.484945   -0.828850   -0.980089   -2.013944   -1.953344   -0.695714   -1.205944  -10.531    8.997   -1.145 S_000009
   5 N  -161.912  144.831  163.138   87.020 -163.361  -72.898   66.879   36.893   92.007  -14.838    0.313333   -1.374187   -0.573869   -0.796398   -1.534179   -1.616031   -1.894495   -0.762736   -1.174099  -16.905   11.755   -2.282 S_000009
   6 N   -70.422 -176.803   54.287   79.161 -164.802 -103.413   88.590   39.012   94.519 -103.099    0.284657   -1.432273   -0.440008   -0.804927   -1.647512   -1.494854   -1.868363   -0.764982   -1.183614  -21.349   16.113   -2.032 S_000009
   7 N   160.380  178.006 -175.911   81.427 -138.097  -68.862   64.237   40.356   94.732  168.924    0.345587   -1.380057   -0.526857   -0.712433   -1.520110   -1.625664   -1.795151   -0.681104   -1.268351  -27.756   18.820   -2.446 S_000009
   8 N   -56.323  174.082   48.088   84.541 -167.213 -103.451   96.804   35.162   95.241  174.082    0.329159   -1.345000   -0.641416   -0.804535   -1.483201   -1.666557   -1.894831   -0.706109   -1.209019  -33.316   20.856   -4.048 S_000009
   9 P  -172.604  161.126  159.864  155.138 -101.607 -139.360  -48.863  -40.948  155.621   78.591    0.319081    0.026124   -1.484098   -0.731166   -0.944630   -1.986654   -1.887978   -0.700564   -1.211859  -40.061   20.881   -6.068 S_000009
  10 N  -178.810  153.055  135.770  106.704 -138.327 -112.358  127.377   22.478   87.323  -11.418    0.409131   -0.973460   -1.098711   -0.809248   -1.028300   -2.013690   -1.923910   -0.665663   -1.225656  -46.988   22.759   -7.076 S_000009
  11 N   -98.041 -137.837  155.725  158.717  -99.849  162.372  109.093  -41.754  160.788   52.267    0.289315   -0.001541   -1.489878   -0.763911   -1.005286   -1.960819   -1.921518   -0.690989   -1.218223  -54.211   23.166   -6.671 S_000009
  12 H   -61.508  179.970   49.344   78.872    0.000    0.000   71.736   39.434   89.590  -20.186    0.312314   -1.393920   -0.509692   -0.757042   -1.563453   -1.583193   -1.851739   -0.747247   -1.200039  -59.425   23.954   -9.558 S_000009
SCORE:    21.768                 21.768          0          0          1    S_000010
   1 H     0.000  170.252   55.279   70.818    0.000    0.000   82.175   38.203   96.060  -25.628    0.302775   -1.426520   -0.431591   -0.795970   -1.667974   -1.477409   -1.858561   -0.762801   -1.190651    3.794    0.984    0.238 S_000010
   2 N  -174.783  120.716  177.399  150.472 -127.479 -150.643  -46.738  -38.379  156.036  172.165    0.295515   -0.075973   -1.493365   -0.801078   -1.032701   -1.963612   -1.942754   -0.690149   -1.211052    1.382    3.612   -0.444 S_000010
   3 P   -49.585  178.345   51.079   84.861 -148.937  -84.479   69.911   37.232   89.885  -16.889    0.311727   -1.352427   -0.630947   -0.797964   -1.454949   -1.681773   -1.889637   -0.691654   -1.213543   -5.136    4.812   -0.021 S_000010
   4 P   -71.409  163.072   88.916  129.689 -115.676 -168.510  103.969  -27.373  151.463 -158.189    0.375027   -0.488612   -1.399569   -0.832328   -1.348614   -1.777614   -1.951482   -0.749221   -1.158968  -10.687    6.760   -2.049 S_000010
   5 P    69.065  148.258   61.008  143.351 -152.468 -173.839  -36.031  -32.620  153.760  -38.466    0.355883   -0.282450   -1.458156   -0.797587   -1.187713   -1.889374   -1.939496   -0.751429   -1.176510  -17.375    8.541   -3.371 S_000010
   6 P   -39.386  143.183   66.348  128.814 -146.508  -87.217   73.642  -27.279  153.460   14.549    0.385538   -0.533763   -1.385414   -0.820177   -1.402552   -1.735938   -1.940365   -0.748786   -1.168511  -22.897   10.350   -2.150 S_000010
   7 P  -141.103   93.426  169.495   91.069 -150.020  -92.359   62.089   37.264   87.277  136.929    0.317046   -1.318105   -0.686127   -0.788078   -1.384274   -1.745631   -1.907231   -0.711992   -1.202040  -29.140   12.308   -1.577 S_000010
   8 N   160.380  178.006 -175.911   81.427 -138.097  -68.862   64.237   40.356   94.732  168.924    0.345587   -1.380057   -0.526857   -0.712433   -1.520110   -1.625664   -1.795151   -0.681104   -1.268351  -35.300   15.368   -2.731 S_000010
   9 N   -63.732 -162.617   46.504  124.474 -120.474 -178.619 -178.378  -29.312  162.193   14.820    0.348343   -0.717314   -1.310076   -0.851077   -1.636973   -1.469691   -1.923582   -0.796213   -1.146708  -41.502   17.321   -2.911 S_000010
  10 P    95.862 -150.045 -177.753  145.463 -163.746 -130.631  132.028  -25.964  134.716  -54.064    0.372792   -0.139680   -1.476267   -0.836576   -0.849905   -2.078892   -1.921957   -0.718372   -1.188673  -47.227   20.395   -1.637 S_000010
  11 N  -175.101 -147.674  159.572  141.718  176.133  146.872   62.364  -31.811 -103.226   76.911    0.331832   -0.177856   -1.485199   -0.843536   -1.029654   -1.962328   -1.977627   -0.691472   -1.204184  -54.342   20.317   -2.379 S_000010
  12 H   -86.147 -147.841   61.511   84.823    0.000    0.000   83.609   40.711   86.754 -166.049    0.306120   -1.355337   -0.602850   -0.744039   -1.418575   -1.695037   -1.859632   -0.706525   -1.219324  -60.751   22.109   -4.143 S_000010
