SEQUENCE: gg
SCORE:     score    rna_stub_coord_hack       N_WC      N_NWC       N_BS description
REMARK RNA 
SCORE:     0.233                  0.233          0          0          0    S_000001
   1 H     0.000  170.252   55.279   85.646 -109.161 -122.257   54.414   35.840   92.237  -27.484    0.336805   -1.342303   -0.624466   -0.781785   -1.474129   -1.652414   -1.875118   -0.696718   -1.206588    3.794    0.984    0.238 S_000001
   2 H   -73.485 -173.300   59.229   84.674    0.000    0.000   71.042   36.668   92.945  -25.846    0.337793   -1.339337   -0.639819   -0.764109   -1.459257   -1.685981   -1.870341   -0.691759   -1.225971    7.237   -0.077   -5.751 S_000001
SCORE:     0.233                  0.233          0          0          0    S_000002
   1 H     0.000  170.252   55.279   85.646 -109.161 -122.257   54.414   35.840   92.237  -27.484    0.336805   -1.342303   -0.624466   -0.781785   -1.474129   -1.652414   -1.875118   -0.696718   -1.206588    3.794    0.984    0.238 S_000002
   2 H   -59.209  172.772   48.233   79.175    0.000    0.000   78.263   40.298   92.515  150.880    0.290999   -1.424769   -0.448273   -0.776887   -1.615128   -1.525837   -1.844724   -0.732239   -1.209388    7.537   -0.238   -5.280 S_000002
SCORE:     0.233                  0.233          0          0          0    S_000003
   1 H     0.000  170.252   55.279   85.646 -109.161 -122.257   54.414   35.840   92.237  -27.484    0.336805   -1.342303   -0.624466   -0.781785   -1.474129   -1.652414   -1.875118   -0.696718   -1.206588    3.794    0.984    0.238 S_000003
   2 H   -71.024 -177.684   55.252   77.241    0.000    0.000   93.120   37.153   97.032  -25.275    0.317183   -1.395507   -0.526028   -0.791314   -1.584148   -1.566708   -1.857779   -0.713804   -1.219093    7.326   -0.107   -5.635 S_000003
SCORE:     0.233                  0.233          0          0          0    S_000004
   1 H     0.000  170.252   55.279   85.646 -109.161 -122.257   54.414   35.840   92.237  -27.484    0.336805   -1.342303   -0.624466   -0.781785   -1.474129   -1.652414   -1.875118   -0.696718   -1.206588    3.794    0.984    0.238 S_000004
   2 H   -70.085  171.606   59.179   79.749    0.000    0.000   76.814   40.628   92.350  179.921    0.283271   -1.420085   -0.469589   -0.781866   -1.583766   -1.552704   -1.850281   -0.713083   -1.220651    7.472   -0.156   -5.404 S_000004
SCORE:     0.233                  0.233          0          0          0    S_000005
   1 H     0.000  170.252   55.279   85.646 -109.161 -122.257   54.414   35.840   92.237  -27.484    0.336805   -1.342303   -0.624466   -0.781785   -1.474129   -1.652414   -1.875118   -0.696718   -1.206588    3.794    0.984    0.238 S_000005
   2 H    66.553   98.505 -176.454   85.086    0.000    0.000   71.479   38.990   88.372  -25.639    0.334898   -1.351285   -0.604506   -0.738077   -1.448771   -1.679513   -1.869816   -0.731202   -1.200093    5.390   -2.580   -4.802 S_000005
SCORE:     0.233                  0.233          0          0          0    S_000006
   1 H     0.000  170.252   55.279   85.646 -109.161 -122.257   54.414   35.840   92.237  -27.484    0.336805   -1.342303   -0.624466   -0.781785   -1.474129   -1.652414   -1.875118   -0.696718   -1.206588    3.794    0.984    0.238 S_000006
   2 H   -60.212 -176.666   52.165   79.147    0.000    0.000   81.760   40.916   91.170  179.908    0.287471   -1.415714   -0.468031   -0.770589   -1.581510   -1.557540   -1.847127   -0.720474   -1.213526    7.413   -0.140   -5.505 S_000006
SCORE:     0.233                  0.233          0          0          0    S_000007
   1 H     0.000  170.252   55.279   85.646 -109.161 -122.257   54.414   35.840   92.237  -27.484    0.336805   -1.342303   -0.624466   -0.781785   -1.474129   -1.652414   -1.875118   -0.696718   -1.206588    3.794    0.984    0.238 S_000007
   2 H   -49.523  158.489   54.239   80.906    0.000    0.000   83.766   39.406   92.665  -19.845    0.300207   -1.407202   -0.498691   -0.780288   -1.576681   -1.571089   -1.857866   -0.723347   -1.215060    7.685   -0.454   -4.840 S_000007
SCORE:     0.233                  0.233          0          0          0    S_000008
   1 H     0.000  170.252   55.279   85.646 -109.161 -122.257   54.414   35.840   92.237  -27.484    0.336805   -1.342303   -0.624466   -0.781785   -1.474129   -1.652414   -1.875118   -0.696718   -1.206588    3.794    0.984    0.238 S_000008
   2 H   -63.018  166.699   60.599   79.794    0.000    0.000   68.005   40.829   92.221  179.917    0.292826   -1.406882   -0.506239   -0.769892   -1.538428   -1.598386   -1.859093   -0.716799   -1.215071    7.574   -0.233   -5.199 S_000008
SCORE:     0.233                  0.233          0          0          0    S_000009
   1 H     0.000  170.252   55.279   85.646 -109.161 -122.257   54.414   35.840   92.237  -27.484    0.336805   -1.342303   -0.624466   -0.781785   -1.474129   -1.652414   -1.875118   -0.696718   -1.206588    3.794    0.984    0.238 S_000009
   2 H    54.341   85.709 -153.944   80.355    0.000    0.000   54.798   38.416   96.004  -25.460    0.286665   -1.420207   -0.465077   -0.805144   -1.632392   -1.512277   -1.847492   -0.733798   -1.205931    5.492   -2.642   -4.183 S_000009
SCORE:     0.233                  0.233          0          0          0    S_000010
   1 H     0.000  170.252   55.279   85.646 -109.161 -122.257   54.414   35.840   92.237  -27.484    0.336805   -1.342303   -0.624466   -0.781785   -1.474129   -1.652414   -1.875118   -0.696718   -1.206588    3.794    0.984    0.238 S_000010
   2 H   -47.154  146.388 -176.316   81.161    0.000    0.000   52.301   36.376   96.009  -28.931    0.338793   -1.362473   -0.585645   -0.771516   -1.517731   -1.618547   -1.852402   -0.700941   -1.221752    7.733   -0.545   -4.526 S_000010
