SEQUENCE: gaaag
SCORE:     score    rna_stub_coord_hack       N_WC      N_NWC       N_BS description
REMARK RNA 
SCORE:     0.000                  0.000          0          1          1    S_000001
   1 H     0.000  170.252   55.279   86.094 -138.382  -74.427   62.859   38.320   82.158  148.118    0.342690   -1.284306   -0.726918   -0.744214   -1.287628   -1.799363   -1.895643   -0.720848   -1.196978    3.794    0.984    0.238 S_000001
   2 P    39.667 -112.107  -96.200   87.624 -133.134  -62.898   73.986   36.185   88.774  -29.210    0.320258   -1.315167   -0.691553   -0.796316   -1.391578   -1.729728   -1.905457   -0.694124   -1.208993    7.481   -1.693   -1.575 S_000001
   3 N    48.320 -175.266 -174.572  139.899  -85.359  -82.172  -18.014  -30.842  144.287   39.325    0.345593   -0.211979   -1.463859   -0.822015   -1.053382   -1.958648   -1.937095   -0.744573   -1.159363   11.312   -5.838   -1.801 S_000001
   4 P   -47.304  149.280   45.116   83.671 -149.533  -69.850  110.907   34.775   93.655 -156.754    0.339319   -1.329026   -0.667406   -0.795957   -1.449570   -1.685538   -1.893152   -0.693040   -1.210012    9.198   -9.109    2.616 S_000001
   5 H   -58.163  174.705   51.748   83.177    0.000    0.000   73.287   36.509   92.899  179.890    0.317162   -1.351971   -0.622985   -0.794903   -1.483013   -1.664029   -1.884712   -0.706492   -1.208161    3.409  -10.297    4.082 S_000001
SCORE:     0.000                  0.000          0          1          2    S_000002
   1 H     0.000  170.252   55.279   80.755 -163.481  -66.095   75.308   40.918   93.009  179.916    0.292591   -1.410250   -0.481492   -0.763616   -1.567172   -1.572767   -1.825621   -0.687877   -1.241123    3.794    0.984    0.238 S_000002
   2 P    -5.498  104.240   47.935   86.572 -119.112  -88.787   71.529   23.707  120.527  -14.975    0.379532   -1.279353   -0.747508   -0.856864   -1.567424   -1.611356   -1.899043   -0.708318   -1.206810    6.968   -1.770   -0.526 S_000002
   3 P   -37.448 -147.215   83.339  140.447 -114.221   81.634  103.259  -32.410  158.268 -136.836    0.362072   -0.381094   -1.427740   -0.792254   -1.311762   -1.801975   -1.933168   -0.730102   -1.199551    9.477   -7.850   -1.329 S_000002
   4 N   169.156  168.436   49.206   82.998 -138.530  -69.073   75.989   34.880   98.220  -28.204    0.331596   -1.371012   -0.566759   -0.797310   -1.572145   -1.574897   -1.871189   -0.734476   -1.197828    9.979   -8.703    4.094 S_000002
   5 H   -71.253  176.190   43.399   84.974    0.000    0.000   79.798   41.024   88.897  -20.824    0.306143   -1.372477   -0.572851   -0.741041   -1.454186   -1.668475   -1.839396   -0.684818   -1.230293    3.864  -10.237    3.728 S_000002
SCORE:     0.000                  0.000          0          0          2    S_000003
   1 H     0.000  170.252   55.279   89.821 -140.506  -80.647   66.166   38.474   83.928  -29.632    0.326491   -1.296324   -0.721735   -0.759621   -1.309478   -1.798508   -1.898722   -0.695810   -1.223333    3.794    0.984    0.238 S_000003
   2 P   -58.333  170.450   56.604   83.902 -156.889  -69.601   85.513   38.205   89.863  142.307    0.313114   -1.365996   -0.587468   -0.779845   -1.484453   -1.647887   -1.886151   -0.726490   -1.203413    8.365   -1.861   -2.929 S_000003
   3 N    55.573 -123.733  105.437   85.412   40.806  173.430 -104.287   21.035  122.044   55.816    0.400538   -1.294953   -0.705048   -0.850022   -1.652471   -1.508254   -1.872274   -0.729079   -1.200879    9.730   -6.155   -4.508 S_000003
   4 P   -68.003  162.558   62.493   76.854 -148.012  -66.726   91.718   39.840   91.266  -19.802    0.293139   -1.427771   -0.449267   -0.774269   -1.629467   -1.515104   -1.849173   -0.767617   -1.185940    7.015   -7.519    1.375 S_000003
   5 H   -61.076  169.091   57.289   79.395    0.000    0.000   70.265   43.966   90.761  179.927    0.252573   -1.444733   -0.404766   -0.762981   -1.610845   -1.531616   -1.828836   -0.727547   -1.221576    2.683  -10.933    3.732 S_000003
SCORE:     0.000                  0.000          0          3          0    S_000004
   1 H     0.000  170.252   55.279   84.980 -163.458  -72.596   75.507   40.656   94.941  -14.357    0.293752   -1.407227   -0.503114   -0.764220   -1.557998   -1.593359   -1.854884   -0.715319   -1.225632    3.794    0.984    0.238 S_000004
   2 P   -66.230  148.838   52.840   86.996 -140.826  -68.961   71.279   31.032  103.554   75.927    0.337088   -1.341624   -0.649317   -0.845500   -1.546515   -1.608204   -1.914342   -0.720659   -1.183055    8.768   -0.754   -1.591 S_000004
   3 N    46.737 -117.645 -175.329   80.206  176.772  134.992   87.923   32.681  111.378 -102.094    0.326151   -1.414270   -0.482742   -0.840773   -1.698270   -1.435873   -1.803426   -0.676447   -1.247636   10.380   -5.160   -0.404 S_000004
   4 N   163.740  127.064   49.818   86.022    0.000    0.000   74.636   32.796  104.856  -17.535    0.342584   -1.340139   -0.642765   -0.816580   -1.520300   -1.631075   -1.883443   -0.682091   -1.226523    5.270   -9.183    2.494 S_000004
   5 H   -84.020 -172.372   63.395   80.209    0.000    0.000   71.604   48.897   83.660  -26.931    0.216168   -1.448888   -0.369871   -0.721030   -1.535462   -1.552959   -1.817648   -0.708354   -1.223857    7.084  -10.378    4.384 S_000004
SCORE:     0.000                  0.000          0          0          1    S_000005
   1 H     0.000  170.252   55.279   87.749 -154.220  -66.129   64.834   35.057   89.614  118.147    0.343088   -1.292905   -0.733460   -0.782945   -1.368819   -1.766097   -1.897393   -0.670580   -1.234134    3.794    0.984    0.238 S_000005
   2 N   164.239  157.005   59.173   87.217 -137.247  -69.650   71.143   27.649  103.186  -12.653    0.388609   -1.265369   -0.758059   -0.808308   -1.465030   -1.685288   -1.885635   -0.695178   -1.215272    7.937   -2.893   -3.575 S_000005
   3 P   179.341 -169.080  168.285   96.011 -106.399   72.798   65.689   28.525  101.700 -159.777    0.346341   -1.265568   -0.785004   -0.855985   -1.425709   -1.724828   -1.932840   -0.683365   -1.202719    9.607   -4.564    2.751 S_000005
   4 P   -42.828  169.805   38.448   77.305 -152.510  -71.050   78.111   40.378   87.934  173.399    0.310232   -1.403764   -0.506812   -0.755460   -1.541699   -1.591648   -1.848261   -0.737566   -1.206423    7.734   -7.701    1.909 S_000005
   5 H   -57.067  159.330   56.121   85.158    0.000    0.000   84.394   35.831   94.053  179.899    0.333549   -1.335845   -0.646554   -0.783853   -1.459720   -1.679838   -1.876182   -0.686227   -1.224234    4.790  -12.492    0.480 S_000005
SCORE:     0.000                  0.000          0          0          1    S_000006
   1 H     0.000  170.252   55.279   79.875 -142.808  -66.421   75.375   44.141   85.611  -30.574    0.282525   -1.397826   -0.540679   -0.731841   -1.438689   -1.680263   -1.857116   -0.695498   -1.229611    3.794    0.984    0.238 S_000006
   2 N   -69.434  175.739   56.727   85.995 -144.846  -74.864   76.419   37.153   93.796  -20.020    0.315270   -1.360741   -0.609345   -0.791223   -1.490971   -1.660686   -1.884609   -0.703133   -1.220351    8.039   -2.257   -2.957 S_000006
   3 P   160.081  178.985   54.087   89.966 -135.276  -77.066   80.334   28.701  106.094  177.729    0.361492   -1.279276   -0.762479   -0.837714   -1.451316   -1.702366   -1.912964   -0.674687   -1.216180    7.568   -7.829   -6.806 S_000006
   4 P   172.339  126.791   60.504  112.721  -22.741  119.545   77.518   -8.846  148.288  154.093    0.416472   -0.832506   -1.208958   -0.890295   -1.447479   -1.700606   -1.951887   -0.663680   -1.215400    5.511  -10.034   -0.392 S_000006
   5 H    49.144 -176.413   66.986  102.448    0.000    0.000   59.571   19.139  100.431   -8.824    0.394774   -1.099341   -0.981536   -0.839128   -1.330828   -1.831687   -1.936626   -0.719130   -1.193284    5.418  -12.654    4.729 S_000006
SCORE:     0.000                  0.000          0          1          2    S_000007
   1 H     0.000  170.252   55.279   83.694 -135.701  -60.490   63.893   36.831   92.034  -67.616    0.337679   -1.326798   -0.666559   -0.765613   -1.419016   -1.717601   -1.868680   -0.684790   -1.228272    3.794    0.984    0.238 S_000007
   2 N   -76.301  169.964   68.251   83.899 -161.169  -50.950   81.136   33.306   97.223  179.901    0.341563   -1.333808   -0.655988   -0.804321   -1.503070   -1.654075   -1.893888   -0.725195   -1.202327    7.414   -2.841   -2.946 S_000007
   3 N   158.329  161.439   56.109   89.088 -133.114  -58.905   70.695   38.871   91.857  -23.230    0.335556   -1.282346   -0.740833   -0.737829   -1.279726   -1.824947   -1.878100   -0.653753   -1.247066    6.266   -8.618   -5.928 S_000007
   4 P    74.862 -178.787  -73.305  102.006   24.592  113.262  140.894    9.130  122.621  -94.702    0.450279   -0.960850   -1.105186   -0.841949   -1.285100   -1.835711   -1.921508   -0.632834   -1.224609    6.562   -8.632   -0.181 S_000007
   5 H   -60.209  179.080   45.658   83.276    0.000    0.000   84.600   37.623   89.855  -11.063    0.329086   -1.333768   -0.655509   -0.766694   -1.409467   -1.710540   -1.883539   -0.701386   -1.214126    7.026  -11.528    4.769 S_000007
SCORE:     0.000                  0.000          0          1          0    S_000008
   1 H     0.000  170.252   55.279   80.371 -156.918  -68.061   73.413   38.999   92.852  179.912    0.310228   -1.400837   -0.502963   -0.770446   -1.577338   -1.568946   -1.850717   -0.724469   -1.213079    3.794    0.984    0.238 S_000008
   2 P   -66.610  169.190   53.466   81.546 -153.563  -70.911   96.870   40.403   88.939  149.881    0.304754   -1.377106   -0.561758   -0.757926   -1.479059   -1.653851   -1.858776   -0.690542   -1.230552    8.659   -1.417   -2.285 S_000008
   3 N  -174.192 -171.337   62.212   87.906  179.525  -26.943 -174.264   20.894  125.864  179.946    0.366863   -1.329575   -0.689164   -0.909567   -1.676721   -1.470501   -1.888240   -0.700969   -1.208948   10.470   -7.441   -4.819 S_000008
   4 N   -84.742  177.797   70.350   82.653 -136.714  -57.804   70.982   39.671   90.069  -20.427    0.309577   -1.370043   -0.570695   -0.761946   -1.472084   -1.648956   -1.859332   -0.690313   -1.226058    9.399  -10.124   -0.045 S_000008
   5 H  -160.870  135.473  169.323   84.179    0.000    0.000   61.810   35.939   92.401  -13.152    0.331742   -1.348836   -0.615078   -0.788575   -1.492023   -1.648719   -1.889994   -0.725273   -1.197305    5.376  -10.798    5.317 S_000008
SCORE:     0.000                  0.000          0          1          1    S_000009
   1 H     0.000  170.252   55.279   78.776 -148.670  -69.030   78.339   43.191   93.442  179.896    0.246435   -1.427444   -0.484189   -0.789402   -1.532755   -1.606907   -1.851383   -0.666423   -1.263128    3.794    0.984    0.238 S_000009
   2 P   -70.148  147.856   43.945   79.509 -145.099  -56.314   69.963   37.335   96.282  -18.880    0.318943   -1.392479   -0.527576   -0.786251   -1.576265   -1.571233   -1.861245   -0.722064   -1.210647    8.308   -1.510   -2.282 S_000009
   3 P   -57.607 -172.368   53.997   82.949 -157.709  -52.982   72.299   41.337   87.695  -25.485    0.268434   -1.412080   -0.508668   -0.791431   -1.535625   -1.609198   -1.898394   -0.760343   -1.181237    8.886   -7.498   -1.230 S_000009
   4 N    49.518 -158.101   69.155  147.188  -90.215  -94.996  100.900  -32.031  150.326   25.397    0.353817   -0.208653   -1.466132   -0.801165   -1.077400   -1.955864   -1.930988   -0.709843   -1.200178    5.686  -11.567   -1.316 S_000009
   5 H   -62.225  170.060   52.612   74.297    0.000    0.000   74.600   42.350   94.144  -21.080    0.267017   -1.455785   -0.370601   -0.777574   -1.660105   -1.467125   -1.829875   -0.742541   -1.206324    7.601  -12.074    4.934 S_000009
SCORE:     0.000                  0.000          0          1          2    S_000010
   1 H     0.000  170.252   55.279   84.668 -164.563  -63.338   73.582   36.903   98.951 -160.086    0.331326   -1.351896   -0.618538   -0.774301   -1.473283   -1.663079   -1.853908   -0.643595   -1.262020    3.794    0.984    0.238 S_000010
   2 N   -61.705  165.982   52.527   83.553 -126.283  -86.540   65.571   35.784   92.977  -29.325    0.324169   -1.360179   -0.583191   -0.793307   -1.522887   -1.601479   -1.874537   -0.724487   -1.196435    8.684   -1.380   -1.543 S_000010
   3 P   160.099  166.329   47.081   87.315 -106.773 -122.848   66.868   38.209   86.977  -33.428    0.334927   -1.330729   -0.616684   -0.746693   -1.439016   -1.687667   -1.862978   -0.750093   -1.183056   10.487   -6.823   -5.613 S_000010
   4 P   -56.781  170.414   53.556   83.718 -153.090  -82.343   96.498   40.849   84.822 -112.564    0.307267   -1.355750   -0.617232   -0.748354   -1.410914   -1.722072   -1.877339   -0.707083   -1.221037    8.351  -11.208   -0.954 S_000010
   5 H    55.919  163.023  -71.790   90.113    0.000    0.000   98.043   36.547   85.631  -76.998    0.314041   -1.302727   -0.728962   -0.807176   -1.335754   -1.773635   -1.908705   -0.661575   -1.218323    6.753  -11.364    4.894 S_000010
