SEQUENCE: gaaaag
SCORE:     score    rna_stub_coord_hack       N_WC      N_NWC       N_BS description
REMARK RNA 
SCORE:     0.002                  0.002          0          0          1    S_000001
   1 H     0.000  170.252   55.279   80.207    0.000    0.000   81.525   40.023   93.716 -177.837    0.314563   -1.398675   -0.539597   -0.740021   -1.523534   -1.609511   -1.852630   -0.709402   -1.242431    3.794    0.984    0.238 S_000001
   2 P   172.615  172.084   44.230   90.094 -141.839  -68.763   77.273   32.881   96.446  -11.050    0.336451   -1.309990   -0.700124   -0.808324   -1.461714   -1.697368   -1.900934   -0.710571   -1.202041    2.627    4.206    0.563 S_000001
   3 P   -50.353 -155.642   49.514  144.140 -116.281 -177.136  152.040  -34.900  163.032   29.821    0.343286   -0.324128   -1.448346   -0.793398   -1.280886   -1.793255   -1.940277   -0.746673   -1.179096    3.523    2.236    6.587 S_000001
   4 P   -62.665  160.095   60.916   87.761 -155.381  -65.107   89.471   34.654   95.702  164.567    0.314428   -1.338077   -0.659034   -0.817132   -1.479765   -1.673408   -1.886225   -0.675591   -1.223030    3.866    1.840   12.800 S_000001
   5 P   -35.667  179.656   56.628   85.250 -115.836 -156.688  108.476   37.099   95.028  168.281    0.314477   -1.369116   -0.595529   -0.792082   -1.509289   -1.642328   -1.874895   -0.695951   -1.223110    5.940    1.219   18.201 S_000001
   6 H    68.667 -172.066   51.663   88.495    0.000    0.000   55.396   34.721   95.953 -173.587    0.405472   -1.258943   -0.757221   -0.712817   -1.288747   -1.764015   -1.893222   -0.732837   -1.198589    5.066    2.638   24.801 S_000001
SCORE:     0.001                  0.001          0          0          1    S_000002
   1 H     0.000  170.252   55.279   73.889    0.000    0.000   85.202   38.003   94.294  179.906    0.324558   -1.362284   -0.601968   -0.769579   -1.477639   -1.663404   -1.861990   -0.672933   -1.241372    3.794    0.984    0.238 S_000002
   2 P   161.914  -99.554  -96.184  126.724 -121.194  -81.086  -50.171  -26.751  155.965 -150.126    0.350493   -0.692438   -1.314062   -0.870180   -1.573144   -1.547565   -1.957575   -0.816562   -1.103272    4.481    4.521    0.159 S_000002
   3 N   -63.362 -146.499   44.353   91.380 -175.874  -89.715  132.553   32.770   93.101  171.704    0.347767   -1.302464   -0.706765   -0.812611   -1.429538   -1.701126   -1.919884   -0.728240   -1.171971    4.565    4.292    6.967 S_000002
   4 P    47.769  150.139   36.028  145.518 -168.033  115.231  138.341  -35.713  153.356 -113.488    0.316190   -0.177928   -1.480656   -0.816003   -1.115336   -1.921217   -1.944558   -0.734390   -1.181420    3.180    1.307   11.780 S_000002
   5 P   145.178 -156.034 -172.353   84.988 -133.611  -72.916   57.863   38.515   89.648  -30.107    0.312455   -1.350548   -0.616806   -0.776444   -1.446986   -1.689238   -1.877180   -0.694361   -1.217785    4.698    3.655   17.881 S_000002
   6 H   152.983 -166.505 -178.961   85.325    0.000    0.000   64.873   37.402   93.380   84.859    0.310415   -1.377072   -0.564686   -0.795622   -1.531678   -1.614180   -1.877869   -0.715236   -1.209091    5.648    4.524   24.319 S_000002
SCORE:     0.004                  0.004          0          0          1    S_000003
   1 H     0.000  170.252   55.279  137.596    0.000    0.000  103.584  -31.422  156.961   21.904    0.360961   -0.439786   -1.408519   -0.800461   -1.358923   -1.748345   -1.941145   -0.762944   -1.173218    3.794    0.984    0.238 S_000003
   2 N   149.634  162.366   61.390  148.990  -80.110  -76.576   97.762  -33.657  150.381   28.339    0.346162   -0.184345   -1.471717   -0.796049   -1.078192   -1.943556   -1.929725   -0.738496   -1.176052    4.284    3.985    1.963 S_000003
   3 N  -122.733  141.870  172.629   89.309 -106.078 -114.128   69.985   33.990   89.229  -18.810    0.370373   -1.303663   -0.694334   -0.761512   -1.438136   -1.715946   -1.918878   -0.803264   -1.149429    0.893    0.810    6.455 S_000003
   4 P   -63.532  158.625   51.715   78.892 -143.412  -74.445   72.647   40.384   93.732  -24.064    0.289655   -1.418623   -0.460332   -0.776352   -1.599459   -1.540979   -1.835501   -0.705025   -1.228632   -4.384    0.173   10.381 S_000003
   5 P   -70.140 -178.252 -174.889   87.531 -141.488  -70.677   74.551   35.887   94.715 -140.171    0.320121   -1.353595   -0.610748   -0.799696   -1.504072   -1.641408   -1.884592   -0.716403   -1.208048   -6.106    0.451   16.560 S_000003
   6 H   -58.955  168.788   55.281   80.586    0.000    0.000   76.374   40.857   87.649  179.882    0.308151   -1.380195   -0.544230   -0.748699   -1.487029   -1.643444   -1.854785   -0.701498   -1.226524   -9.700   -2.948   20.099 S_000003
SCORE:     0.004                  0.004          0          0          0    S_000004
   1 H     0.000  170.252   55.279   75.833    0.000    0.000   82.954   36.787  100.214  -24.819    0.265227   -1.451015   -0.412173   -0.839362   -1.705460   -1.399367   -1.845330   -0.722398   -1.154595    3.794    0.984    0.238 S_000004
   2 N   158.329  161.439   56.109   89.088 -133.114  -58.905   70.695   38.871   91.857  -23.230    0.335556   -1.282346   -0.740833   -0.737829   -1.279726   -1.824947   -1.878100   -0.653753   -1.247066    2.512    4.245    0.433 S_000004
   3 P   -59.809 -129.144   54.265  150.072  -89.880  178.588  169.207  -33.725  153.392   52.776    0.344401   -0.126133   -1.477143   -0.797352   -1.002056   -1.982670   -1.937984   -0.657325   -1.223011    3.242    1.848    6.485 S_000004
   4 P   -85.541  169.497   55.197   84.505 -139.792 -105.235   92.618   38.688   88.694  170.783    0.313626   -1.349586   -0.620350   -0.771721   -1.436178   -1.691921   -1.874133   -0.676869   -1.233041    3.509    1.578   12.830 S_000004
   5 N   -97.539  137.957   74.728  100.303  141.821   30.807   96.772   32.218   82.399  179.926    0.297756   -1.078821   -1.053440   -0.864314   -0.937161   -2.016771   -1.981381   -0.698707   -1.195892    3.238    4.073   18.703 S_000004
   6 H  -123.143 -131.808   74.688   78.384    0.000    0.000   77.393   42.054   85.105  179.885    0.288665   -1.373276   -0.617332   -0.762748   -1.388360   -1.733218   -1.900585   -0.727315   -1.209307    7.933    2.503   22.773 S_000004
SCORE:     0.006                  0.006          0          1          0    S_000005
   1 H     0.000  170.252   55.279   75.829    0.000    0.000   87.940   39.003   91.870  -28.341    0.300376   -1.408869   -0.491865   -0.790018   -1.579418   -1.554942   -1.860438   -0.719068   -1.209566    3.794    0.984    0.238 S_000005
   2 P    41.922 -179.189  173.593   83.042 -121.499  -70.642   76.465   38.336   89.692  -19.056    0.321915   -1.351823   -0.614367   -0.771966   -1.451238   -1.686417   -1.874520   -0.686187   -1.226871    3.412    2.832    1.459 S_000005
   3 N   -61.829  158.433   68.679  119.752 -102.662  140.902  117.687  -20.238  150.164   19.986    0.398301   -0.713132   -1.294881   -0.859342   -1.499812   -1.656765   -1.943448   -0.732394   -1.179095    4.739    1.476    7.186 S_000005
   4 P   -66.496  157.331   48.366   80.520 -137.796  -70.460   96.744   37.364   90.950  -24.283    0.326301   -1.361502   -0.607279   -0.772787   -1.483751   -1.655801   -1.867675   -0.712409   -1.213983    4.352    3.463   12.055 S_000005
   5 P   -76.189  126.415   70.784   78.346 -176.925  178.948  121.833   33.090  105.667  153.222    0.323848   -1.452992   -0.352529   -0.832486   -1.819289   -1.280788   -1.827199   -0.815599   -1.152722    4.697    4.577   17.495 S_000005
   6 H   -61.766  172.413   50.539   86.265    0.000    0.000   77.614   43.111   85.862  -14.954    0.267203   -1.383585   -0.555467   -0.752854   -1.434256   -1.671015   -1.867092   -0.702753   -1.211285    7.138    5.344   23.396 S_000005
SCORE:     0.004                  0.004          0          0          1    S_000006
   1 H     0.000  170.252   55.279   97.104    0.000    0.000  -54.820   18.308  108.665   -8.821    0.393605   -1.142427   -0.939213   -0.858004   -1.426598   -1.773437   -1.943911   -0.729304   -1.180232    3.794    0.984    0.238 S_000006
   2 P    61.738 -132.075  178.564  106.189 -171.343 -102.760  121.990   -5.332  145.988 -167.146    0.426240   -0.987668   -1.091600   -0.899221   -1.598564   -1.560373   -1.950124   -0.758656   -1.156180    3.581    1.848    1.528 S_000006
   3 P   -53.012  168.416   61.750   89.272 -120.908  -60.195   56.553   36.970   85.535   67.735    0.330959   -1.289187   -0.730994   -0.772958   -1.326987   -1.789356   -1.901963   -0.688729   -1.219139    0.258    1.076    6.521 S_000006
   4 N   -53.025 -171.133   66.197  118.744 -156.076 -125.935  159.063  -14.860  157.092  113.222    0.397896   -0.937453   -1.149838   -0.931285   -1.661409   -1.425729   -1.958412   -0.783663   -1.114398    0.875   -0.588   12.472 S_000006
   5 P   -62.071  176.417   58.129   82.536 -123.284  -60.412   85.387   38.648   93.033  -26.535    0.302038   -1.398713   -0.521840   -0.787945   -1.563230   -1.583976   -1.870383   -0.724102   -1.209530    1.548   -2.377   18.760 S_000006
   6 H   -63.370  172.060   60.827   82.581    0.000    0.000   69.459   41.928   88.026  -36.757    0.307188   -1.371585   -0.576534   -0.734195   -1.440973   -1.697463   -1.853321   -0.698036   -1.237091    2.489    0.697   23.924 S_000006
SCORE:     0.001                  0.001          0          0          1    S_000007
   1 H     0.000  170.252   55.279   76.180    0.000    0.000   76.920   39.099   94.303  -46.329    0.303721   -1.396624   -0.530482   -0.780101   -1.544843   -1.599803   -1.853908   -0.688169   -1.232189    3.794    0.984    0.238 S_000007
   2 P   -71.315 -150.716  -87.001   81.844 -149.039  -47.916   93.955   36.840   94.792  -27.439    0.303937   -1.384658   -0.561176   -0.816911   -1.541953   -1.599123   -1.890123   -0.712044   -1.200560    1.635    3.132    0.303 S_000007
   3 P  -171.138 -159.674  155.788   87.190 -128.050 -166.775   84.303   35.145   89.823 -155.916    0.321597   -1.298553   -0.720453   -0.812913   -1.374949   -1.752188   -1.910608   -0.679834   -1.214896    2.223    2.325    6.730 S_000007
   4 P   -59.347  161.623   51.607   80.190 -170.441  -65.066   89.200   38.630   92.719 -158.302    0.311554   -1.387160   -0.544923   -0.779211   -1.535255   -1.612601   -1.861566   -0.705947   -1.218822    2.717    4.708   12.611 S_000007
   5 N   -69.533 -178.611   53.359   82.470 -145.911  -69.011   81.066   36.587   94.184 -157.228    0.321797   -1.373296   -0.573999   -0.788482   -1.536130   -1.608523   -1.877759   -0.726546   -1.197450    3.266    5.885   18.475 S_000007
   6 H  -117.952  153.000  177.198   84.057    0.000    0.000   52.301   38.989   88.902  -15.969    0.315418   -1.361562   -0.602546   -0.766702   -1.460595   -1.680072   -1.875924   -0.703403   -1.219891    5.213    4.004   24.339 S_000007
SCORE:     0.005                  0.005          0          0          1    S_000008
   1 H     0.000  170.252   55.279   70.818    0.000    0.000   82.175   38.203   96.060  -25.628    0.302775   -1.426520   -0.431591   -0.795970   -1.667974   -1.477409   -1.858561   -0.762801   -1.190651    3.794    0.984    0.238 S_000008
   2 N    50.008  178.882  166.919   85.901 -126.663  -60.770 -133.195   33.638  100.703  -17.052    0.325704   -1.359002   -0.617487   -0.826024   -1.542629   -1.613499   -1.884417   -0.693338   -1.216798    3.457    3.021    1.383 S_000008
   3 P   -36.918 -153.877   53.859  147.355 -138.787 -139.139  153.593  -34.813  154.010  100.837    0.332148   -0.170995   -1.476134   -0.798376   -1.082609   -1.936969   -1.934460   -0.703444   -1.197882    5.297    1.962    7.210 S_000008
   4 N   -54.650  146.909   70.557   88.961 -120.220 -141.988  120.105   29.231  100.782  163.010    0.373629   -1.275456   -0.752130   -0.804737   -1.460341   -1.705715   -1.895368   -0.705989   -1.210188    7.811    0.966   12.825 S_000008
   5 P   -78.862  177.133   56.316   90.320  -72.959 -152.034  109.037   35.651   95.071  -37.391    0.327215   -1.326112   -0.671112   -0.795926   -1.436035   -1.706256   -1.889472   -0.673071   -1.232563    8.468    1.473   19.646 S_000008
   6 H   -66.149  170.621   52.772   78.857    0.000    0.000   94.537   39.650   88.643  -18.311    0.309765   -1.392164   -0.522244   -0.760580   -1.541784   -1.599432   -1.859317   -0.739176   -1.199502    7.302    6.388   24.078 S_000008
SCORE:     0.002                  0.002          0          0          2    S_000009
   1 H     0.000  170.252   55.279   79.103    0.000    0.000   86.003   37.390   94.229  -17.397    0.324052   -1.360864   -0.602013   -0.777686   -1.491521   -1.656600   -1.869808   -0.692361   -1.228264    3.794    0.984    0.238 S_000009
   2 P   -63.430 -171.680  -69.046   82.175 -154.739  -72.434   70.358   33.567  106.148 -170.555    0.325472   -1.385107   -0.557248   -0.830694   -1.604126   -1.540189   -1.863344   -0.700707   -1.213492    1.946    2.799    0.720 S_000009
   3 N   -63.025  172.893   55.477   85.053 -161.749  -57.601   87.988   37.009   93.866  179.950    0.323044   -1.356848   -0.605900   -0.783312   -1.489264   -1.653641   -1.877223   -0.701960   -1.218489    3.460    4.663    6.316 S_000009
   4 P  -119.464   88.323  161.754   89.100 -132.685  -65.934   58.494   35.313   83.955   60.290    0.358458   -1.250811   -0.782860   -0.763766   -1.275202   -1.822336   -1.912556   -0.754868   -1.176177    4.868    4.783   11.875 S_000009
   5 P   -76.171 -175.240   50.603   79.359 -153.704  -73.430   78.015   39.338   93.105 -150.197    0.298812   -1.412065   -0.486084   -0.782601   -1.590734   -1.554606   -1.858443   -0.728719   -1.210451    3.580    5.747   18.128 S_000009
   6 H   -72.456 -179.440   57.326   79.118    0.000    0.000   84.512   40.585   94.016  179.940    0.289938   -1.423373   -0.437443   -0.772893   -1.619091   -1.518997   -1.831668   -0.717738   -1.225082    4.141    3.089   23.843 S_000009
SCORE:     0.002                  0.002          0          1          2    S_000010
   1 H     0.000  170.252   55.279   77.751    0.000    0.000   87.440   39.467   93.418  -19.243    0.297477   -1.403787   -0.503875   -0.780735   -1.574709   -1.579968   -1.851387   -0.709489   -1.221455    3.794    0.984    0.238 S_000010
   2 P   -67.017  113.540   57.454   83.644  179.358  -79.834  106.501   42.419   84.814  -76.465    0.302066   -1.367597   -0.584918   -0.727394   -1.419377   -1.706315   -1.851894   -0.680266   -1.246100    2.603    1.276    0.777 S_000010
   3 P   -57.230 -178.373   54.255   82.885 -144.873  -68.870   72.112   39.945   88.275 -167.921    0.305368   -1.372142   -0.574431   -0.756814   -1.477308   -1.657151   -1.850206   -0.695847   -1.224490    1.916    0.760    6.611 S_000010
   4 P  -107.553   94.017  159.811   80.200 -113.932  -66.218   51.551   35.791   98.328  -20.041    0.332026   -1.375208   -0.546709   -0.788726   -1.560121   -1.561548   -1.862246   -0.719458   -1.204166    1.996    1.274   12.340 S_000010
   5 P   158.515 -168.689  175.032   87.481 -141.368  -57.572   68.996   36.853   89.568  -47.452    0.330227   -1.321880   -0.669347   -0.773457   -1.410689   -1.720635   -1.883577   -0.692040   -1.217422    3.539    1.654   18.561 S_000010
   6 H   162.027  154.600 -143.425   78.358    0.000    0.000   63.394   34.107  100.436 -163.190    0.316253   -1.391091   -0.542493   -0.833281   -1.617726   -1.534417   -1.890284   -0.753427   -1.181987    7.546    5.153   22.759 S_000010
