SEQUENCE: gaaaaaaaaaag
SCORE:     score    rna_stub_coord_hack       N_WC      N_NWC       N_BS description
REMARK RNA 
SCORE:    28.087                 28.087          0          0          0    S_000001
   1 H     0.000  170.252   55.279   81.503 -179.129  -71.393   87.807   33.985   95.992  -63.988    0.336836   -1.373762   -0.571525   -0.808062   -1.585958   -1.568424   -1.886058   -0.752088   -1.178300    3.794    0.984    0.238 S_000001
   2 P  -170.283  161.190 -176.306  140.990 -163.860 -102.059  133.153  -32.306  149.951  165.152    0.350717   -0.168927   -1.477787   -0.803819   -1.029144   -1.981828   -1.933928   -0.657356   -1.225843    9.411   -0.831   -2.767 S_000001
   3 N   -66.230 -177.262   54.481   85.269 -145.306  -74.235   88.128   40.234   94.885  -19.794    0.325443   -1.343681   -0.621774   -0.745077   -1.372392   -1.706154   -1.857903   -0.603035   -1.265568   15.837   -1.473   -2.348 S_000001
   4 P  -147.435  127.997  166.630   86.010 -149.849  -52.650   54.071   32.987   94.972  179.900    0.337657   -1.321837   -0.696632   -0.821902   -1.464736   -1.697730   -1.911618   -0.702420   -1.208143   21.815   -2.600   -5.214 S_000001
   5 P  -154.050  145.148  124.520   89.904 -156.931 -129.437   98.571   22.752  116.377   53.243    0.366115   -1.304268   -0.738772   -0.890164   -1.596323   -1.568220   -1.925176   -0.727709   -1.180955   27.828   -3.990   -7.485 S_000001
   6 P   -82.645 -177.969   72.751  145.260 -157.503 -148.229  111.875  -38.545  157.429  -12.075    0.322205   -0.223436   -1.480851   -0.764697   -1.222995   -1.851784   -1.919902   -0.771160   -1.168755   34.040   -5.637   -9.762 S_000001
   7 P   166.208  171.107  168.100   89.568 -104.393  -86.392   45.697   33.438   93.162 -161.712    0.357128   -1.259897   -0.761589   -0.792863   -1.337984   -1.778989   -1.911502   -0.684963   -1.213865   40.243   -8.825  -11.925 S_000001
   8 N   -76.973 -157.510  176.700   85.843 -114.258  -95.371   94.070   30.421  105.690  163.585    0.356190   -1.348443   -0.621475   -0.817010   -1.589570   -1.562671   -1.870523   -0.726362   -1.193977   43.792  -12.566  -16.493 S_000001
   9 P   -63.250  175.683   65.794  149.949 -131.110 -149.590  116.670  -46.360  165.701  151.659    0.291047   -0.023190   -1.497427   -0.685692   -1.116595   -1.889345   -1.874813   -0.741826   -1.205416   50.103  -14.660  -16.857 S_000001
  10 N  -161.912  144.831  163.138   87.020 -163.361  -72.898   66.879   36.893   92.007  -14.838    0.313333   -1.374187   -0.573869   -0.796398   -1.534179   -1.616031   -1.894495   -0.762736   -1.174099   57.018  -16.255  -17.319 S_000001
  11 P  -170.341  -81.542 -150.130   92.276 -132.799 -135.257   68.032   15.995  132.507   -9.408    0.374351   -1.335865   -0.665900   -0.931982   -1.760628   -1.336401   -1.876128   -0.737169   -1.183181   63.307  -17.876  -16.117 S_000001
  12 H     0.000  174.585   53.616   83.065    0.000    0.000   76.158   44.569   87.658  179.886    0.264768   -1.427962   -0.509003   -0.748210   -1.483387   -1.650689   -1.857377   -0.698774   -1.230565   68.380  -15.117  -19.134 S_000001
SCORE:    28.360                 28.360          0          0          4    S_000002
   1 H     0.000  170.252   55.279   86.966 -154.168  -60.802   70.816   37.865   91.830  -20.088    0.316460   -1.342210   -0.640442   -0.781364   -1.429587   -1.703383   -1.880037   -0.669963   -1.229620    3.794    0.984    0.238 S_000002
   2 N  -174.783  120.716  177.399  150.472 -127.479 -150.643  -46.738  -38.379  156.036  172.165    0.295515   -0.075973   -1.493365   -0.801078   -1.032701   -1.963612   -1.942754   -0.690149   -1.211052    8.193   -2.119   -3.974 S_000002
   3 P    61.624 -141.782 -174.413  146.420 -158.775 -155.643  149.108  -35.909  158.099  -48.095    0.343332   -0.217723   -1.469254   -0.774158   -1.168908   -1.890695   -1.927117   -0.730541   -1.197048   13.844   -3.439   -6.329 S_000002
   4 P  -165.123  123.315  171.991   87.033 -153.571  -59.887   73.452   35.136   95.198   -8.374    0.331756   -1.337775   -0.632899   -0.796073   -1.488319   -1.658809   -1.881383   -0.691431   -1.212719   20.709   -4.682   -6.949 S_000002
   5 P   148.676 -165.600 -170.434   82.795 -127.847  -99.219   77.270   36.905   94.303  -60.066    0.302431   -1.388814   -0.560459   -0.809846   -1.564362   -1.602826   -1.893046   -0.745849   -1.192433   26.918   -5.863   -7.268 S_000002
   6 P   -54.292  168.092   51.831   84.117 -151.719  -78.490   81.836   37.218   91.132   74.998    0.327866   -1.352633   -0.616318   -0.775404   -1.470422   -1.666803   -1.885367   -0.712649   -1.211318   33.341   -6.672   -7.117 S_000002
   7 P   -79.935 -110.906   87.017  144.773  -53.661 -147.164  171.200  -40.986  158.896   19.122    0.306407   -0.194610   -1.474750   -0.741624   -1.230459   -1.840193   -1.901831   -0.793111   -1.157033   38.876  -10.754   -6.739 S_000002
   8 N  -148.162  164.915  118.385  145.355 -109.323 -178.043  158.161  -25.949  134.973  153.436    0.357113   -0.162484   -1.477571   -0.854725   -0.883260   -2.080780   -1.943630   -0.688761   -1.201220   44.945  -12.120   -9.804 S_000002
   9 N   167.952 -167.959  154.203  145.211 -155.376 -167.633   19.536  -32.174  148.043  -55.599    0.332777   -0.133501   -1.484945   -0.828850   -0.980089   -2.013944   -1.953344   -0.695714   -1.205944   51.779  -13.383  -11.539 S_000002
  10 N   -71.597  162.145   64.787   84.045 -146.958  -82.863   91.175   39.003   93.974  179.912    0.305115   -1.384950   -0.555184   -0.774067   -1.521636   -1.624204   -1.881673   -0.752167   -1.195028   56.739  -17.333  -12.292 S_000002
  11 P  -167.703 -174.030 -172.706  150.262  -82.754  -98.128  162.319  -37.418  153.934  -96.537    0.341290   -0.123580   -1.479847   -0.753212   -1.075808   -1.949425   -1.900641   -0.697829   -1.213259   63.223  -18.942  -14.282 S_000002
  12 H   -61.183  174.936   53.409   78.871    0.000    0.000   76.281   39.355   94.278  -28.989    0.297543   -1.429518   -0.426871   -0.784502   -1.653169   -1.488580   -1.850331   -0.755000   -1.194868   69.017  -22.119  -14.409 S_000002
SCORE:    28.598                 28.598          0          0          4    S_000003
   1 H     0.000  170.252   55.279   86.026 -149.341  -78.393   67.719   32.648  102.921   -8.471    0.346146   -1.342014   -0.636648   -0.812526   -1.530760   -1.621842   -1.876173   -0.686313   -1.222019    3.794    0.984    0.238 S_000003
   2 P   -41.081  179.412   57.447   85.305 -172.864 -148.373   92.323   34.015  106.069  -25.563    0.332729   -1.377383   -0.567630   -0.809555   -1.593071   -1.562310   -1.868016   -0.712493   -1.222822    8.614   -1.537   -2.547 S_000003
   3 P   145.559 -147.661 -179.920   89.636 -147.948 -121.251  142.316   19.265  124.361   72.826    0.378876   -1.314939   -0.680925   -0.895597   -1.696331   -1.431095   -1.862822   -0.708039   -1.208086   14.171   -1.975   -6.467 S_000003
   4 P    90.227 -127.081 -150.713   82.253 -129.424  -73.849  -50.286   33.603   97.534  -21.932    0.334435   -1.349293   -0.630402   -0.817321   -1.524796   -1.630139   -1.895620   -0.723409   -1.203148   19.785   -2.422   -8.036 S_000003
   5 N  -173.868 -178.616  179.685   86.902 -146.045  -72.431   81.778   39.756   88.577  -12.629    0.302540   -1.355778   -0.621490   -0.770300   -1.422934   -1.707921   -1.886028   -0.702878   -1.216575   26.073   -5.203   -7.808 S_000003
   6 P   152.804  179.450  178.912   87.198 -154.572  -78.725   73.493   37.836   90.078  169.479    0.323288   -1.361977   -0.597100   -0.768408   -1.488119   -1.654360   -1.884994   -0.739724   -1.191211   31.351   -9.287   -8.446 S_000003
   7 P  -136.706  108.987  172.003   86.392 -119.400  -80.189   66.267   34.029   94.186 -167.157    0.341290   -1.319331   -0.667623   -0.795253   -1.455996   -1.672842   -1.885326   -0.702152   -1.204760   36.347  -13.320   -9.045 S_000003
   8 P  -172.604  161.126  159.864  155.138 -101.607 -139.360  -48.863  -40.948  155.621   78.591    0.319081    0.026124   -1.484098   -0.731166   -0.944630   -1.986654   -1.887978   -0.700564   -1.211859   42.142  -16.788  -10.922 S_000003
   9 N  -149.449  161.904  169.889   81.813 -145.400  -65.994  120.751   29.215  116.975    7.240    0.321253   -1.415703   -0.497345   -0.892978   -1.732380   -1.385977   -1.824266   -0.691127   -1.230135   48.633  -19.697  -11.802 S_000003
  10 P  -166.924 -154.036  159.889   90.332 -178.658 -136.635   73.477   26.413  115.255    3.673    0.345049   -1.323606   -0.689620   -0.882069   -1.572952   -1.568229   -1.923026   -0.712384   -1.176451   55.174  -19.639  -13.409 S_000003
  11 P   153.178 -153.207 -178.631   82.668 -139.550  -73.249   64.126   35.520   95.260  -16.961    0.322942   -1.357707   -0.586556   -0.789863   -1.548629   -1.610887   -1.878842   -0.729786   -1.203609   61.514  -21.786  -14.639 S_000003
  12 H   -45.414  169.093   46.761   78.803    0.000    0.000   76.521   37.588   95.748  -17.404    0.305023   -1.405803   -0.491870   -0.790051   -1.618102   -1.529947   -1.853995   -0.753025   -1.194332   66.101  -24.781  -17.123 S_000003
SCORE:    28.169                 28.169          0          0          2    S_000004
   1 H     0.000  170.252   55.279   79.829 -175.512  -67.015   78.947   37.741  100.450  179.940    0.294431   -1.438436   -0.408619   -0.805484   -1.710624   -1.438785   -1.828337   -0.748983   -1.216970    3.794    0.984    0.238 S_000004
   2 P  -166.924 -154.036  159.889   90.332 -178.658 -136.635   73.477   26.413  115.255    3.673    0.345049   -1.323606   -0.689620   -0.882069   -1.572952   -1.568229   -1.923026   -0.712384   -1.176451    8.825   -2.133   -2.670 S_000004
   3 P   -63.223 -172.027   45.938   82.673 -152.658  -78.152  100.288   35.890   95.310  161.276    0.328988   -1.369437   -0.570914   -0.787933   -1.551507   -1.597226   -1.876308   -0.739375   -1.192524   15.278   -2.035   -3.975 S_000004
   4 P   171.747  153.395  159.041  148.712 -150.900 -143.856  163.298  -31.676  141.216  -34.261    0.335662   -0.099384   -1.482186   -0.823846   -0.920479   -2.044532   -1.934389   -0.708140   -1.198506   20.381   -5.798   -6.912 S_000004
   5 P  -154.050  145.148  124.520   89.904 -156.931 -129.437   98.571   22.752  116.377   53.243    0.366115   -1.304268   -0.738772   -0.890164   -1.596323   -1.568220   -1.925176   -0.727709   -1.180955   26.669   -8.214   -9.058 S_000004
   6 N   138.422  119.523   56.676   84.853   53.786  138.605   49.003    8.551  136.662   65.599    0.436521   -1.202607   -0.821644   -0.877003   -1.690398   -1.422836   -1.825804   -0.688787   -1.208249   32.784  -11.692  -11.142 S_000004
   7 P   152.594  176.327  171.244   91.237 -151.427  -73.024   82.556   36.730   87.095   -0.293    0.324489   -1.292433   -0.740995   -0.782053   -1.325054   -1.790390   -1.912036   -0.712281   -1.201892   38.618   -9.567  -14.331 S_000004
   8 P   -40.354 -158.817   49.644  128.615 -179.467  167.792  161.168  -26.483  154.594   35.551    0.411607   -0.223169   -1.457199   -0.800461   -0.980869   -1.992723   -1.933841   -0.715384   -1.197698   44.382   -8.028  -16.141 S_000004
   9 N   140.751   78.375  147.908   85.219 -139.919 -122.587   67.224   27.161  117.339 -128.645    0.327420   -1.390343   -0.558417   -0.896324   -1.706978   -1.419161   -1.868152   -0.719232   -1.199857   51.125  -10.287  -17.144 S_000004
  10 P   164.357  159.365   60.226  155.732 -127.704  171.416  109.333  -39.352  157.983   71.282    0.316599   -0.047323   -1.489035   -0.763868   -1.016590   -1.968385   -1.910011   -0.701604   -1.218509   58.254   -9.465  -18.647 S_000004
  11 P   -84.822  165.539   77.007   82.023 -144.893 -140.751   72.666   34.410  106.707  -90.371    0.361923   -1.369970   -0.578431   -0.767639   -1.551615   -1.568297   -1.785777   -0.612471   -1.270672   64.315  -10.827  -18.127 S_000004
  12 H   -61.648  167.379   60.667   76.551    0.000    0.000   70.947   40.220   90.008  -20.515    0.307006   -1.395961   -0.528270   -0.761058   -1.522679   -1.613731   -1.853413   -0.721329   -1.216306   69.461  -13.613  -21.063 S_000004
SCORE:    28.262                 28.262          0          1          2    S_000005
   1 H     0.000  170.252   55.279   78.916 -157.862 -109.503   69.643   40.601   91.772  -18.514    0.297803   -1.413024   -0.494192   -0.767528   -1.557556   -1.581253   -1.856930   -0.728193   -1.206470    3.794    0.984    0.238 S_000005
   2 P  -166.924 -154.036  159.889   90.332 -178.658 -136.635   73.477   26.413  115.255    3.673    0.345049   -1.323606   -0.689620   -0.882069   -1.572952   -1.568229   -1.923026   -0.712384   -1.176451    8.571   -1.084   -4.617 S_000005
   3 P   144.003  172.063  150.176   89.179 -134.720  -76.023  -51.663   30.794   93.596  -28.716    0.363131   -1.327505   -0.625584   -0.797366   -1.563548   -1.576977   -1.891953   -0.782925   -1.158669   13.930   -1.180   -9.201 S_000005
   4 P   -73.784 -136.674   65.003   93.602   55.712  100.910  136.596   18.295  115.084  142.157    0.414781   -1.154956   -0.917319   -0.856962   -1.421293   -1.727181   -1.932139   -0.681515   -1.198908   20.361   -3.432  -10.073 S_000005
   5 N  -175.101 -147.674  159.572  141.718  176.133  146.872   62.364  -31.811 -103.226   76.911    0.331832   -0.177856   -1.485199   -0.843536   -1.029654   -1.962328   -1.977627   -0.691472   -1.204184   25.415   -6.675  -13.007 S_000005
   6 P  -166.011 -159.063  128.305   80.104 -136.390  -71.750   75.750   37.773   93.790 -141.032    0.351027   -1.346655   -0.604635   -0.739441   -1.461259   -1.663017   -1.841043   -0.683062   -1.234951   32.286   -8.971  -12.862 S_000005
   7 N  -174.783  120.716  177.399  150.472 -127.479 -150.643  -46.738  -38.379  156.036  172.165    0.295515   -0.075973   -1.493365   -0.801078   -1.032701   -1.963612   -1.942754   -0.690149   -1.211052   37.842  -11.510  -16.252 S_000005
   8 N    62.681  135.807   67.958   89.627  179.857  -85.365   62.981   31.111  101.872  179.962    0.350237   -1.328130   -0.653988   -0.820676   -1.531210   -1.614427   -1.897782   -0.728315   -1.193311   43.965  -13.392  -18.970 S_000005
   9 P   164.719  138.825   51.610  150.951 -107.830  169.464  112.009  -38.147  157.146  -49.999    0.320580   -0.126346   -1.483354   -0.773408   -1.094210   -1.927220   -1.922725   -0.726119   -1.194230   50.551  -15.124  -17.912 S_000005
  10 P   -71.383  151.973   48.207  147.060 -131.753 -161.855  100.068  -36.188  155.861   33.256    0.337325   -0.228092   -1.466943   -0.778700   -1.188977   -1.879295   -1.928081   -0.757037   -1.174951   55.640  -17.026  -20.205 S_000005
  11 P   -68.338  170.612   64.134   87.636 -152.947  -66.450   76.285   32.839  100.870  172.211    0.328230   -1.319513   -0.695583   -0.834792   -1.452263   -1.685035   -1.899194   -0.647183   -1.231771   61.295  -20.166  -21.301 S_000005
  12 H   -70.343  176.088   62.736   83.902    0.000    0.000   77.527   35.273   89.748  179.912    0.341396   -1.341261   -0.625592   -0.782235   -1.489161   -1.648474   -1.893409   -0.762548   -1.177214   66.186  -22.357  -24.331 S_000005
SCORE:    28.523                 28.523          0          0          4    S_000006
   1 H     0.000  170.252   55.279   77.322 -171.115  -70.266   80.648   36.805   99.356 -169.545    0.298366   -1.443962   -0.383009   -0.814382   -1.739964   -1.388684   -1.859465   -0.807808   -1.158355    3.794    0.984    0.238 S_000006
   2 P  -147.435  127.997  166.630   86.010 -149.849  -52.650   54.071   32.987   94.972  179.900    0.337657   -1.321837   -0.696632   -0.821902   -1.464736   -1.697730   -1.911618   -0.702420   -1.208143    9.011   -0.113   -3.406 S_000006
   3 P   -62.475 -176.348   69.107  119.999 -164.259 -105.060  105.218  -11.541  141.399  111.919    0.438325   -0.704415   -1.281096   -0.855996   -1.329138   -1.799881   -1.941660   -0.687316   -1.191323   14.749   -0.486   -5.178 S_000006
   4 P  -172.604  161.126  159.864  155.138 -101.607 -139.360  -48.863  -40.948  155.621   78.591    0.319081    0.026124   -1.484098   -0.731166   -0.944630   -1.986654   -1.887978   -0.700564   -1.211859   21.199   -2.471   -7.313 S_000006
   5 P   -65.076 -178.561   50.890   82.033  172.301  -98.139   97.082   37.385   96.141 -153.256    0.273990   -1.386814   -0.568385   -0.828927   -1.551060   -1.613081   -1.894165   -0.701245   -1.211693   27.744   -4.545   -7.038 S_000006
   6 P   152.594  176.327  171.244   91.237 -151.427  -73.024   82.556   36.730   87.095   -0.293    0.324489   -1.292433   -0.740995   -0.782053   -1.325054   -1.790390   -1.912036   -0.712281   -1.201892   34.355   -4.248   -7.310 S_000006
   7 P   148.676 -165.600 -170.434   82.795 -127.847  -99.219   77.270   36.905   94.303  -60.066    0.302431   -1.388814   -0.560459   -0.809846   -1.564362   -1.602826   -1.893046   -0.745849   -1.192433   39.643   -6.843  -10.053 S_000006
   8 P  -150.263  137.150  162.005   85.519 -143.757  -61.655   64.628   39.702   84.506   99.951    0.295141   -1.332554   -0.685537   -0.782837   -1.333764   -1.762805   -1.900101   -0.686617   -1.207950   45.576   -8.552  -13.420 S_000006
   9 N   -52.881  167.657   60.124   87.108 -119.592 -122.528   72.019   36.541   93.597  -30.597    0.326528   -1.345812   -0.631997   -0.785987   -1.466151   -1.675144   -1.880310   -0.686177   -1.226165   50.289  -10.650  -16.167 S_000006
  10 P   -58.446 -149.202   68.661  151.517  -94.388 -167.491  158.879  -36.566  157.616   66.657    0.314545   -0.058212   -1.465433   -0.758064   -0.951472   -2.024794   -1.934304   -0.600686   -1.266513   56.517  -10.780  -19.281 S_000006
  11 N  -148.162  164.915  118.385  145.355 -109.323 -178.043  158.161  -25.949  134.973  153.436    0.357113   -0.162484   -1.477571   -0.854725   -0.883260   -2.080780   -1.943630   -0.688761   -1.201220   63.423  -11.070  -19.057 S_000006
  12 H  -132.600 -167.114   80.506   97.799    0.000    0.000   90.373   14.784  115.701   -4.544    0.414164   -1.177545   -0.868878   -0.839781   -1.576895   -1.628247   -1.898541   -0.759637   -1.175651   69.535  -14.309  -19.989 S_000006
SCORE:    28.205                 28.205          0          1          2    S_000007
   1 H     0.000  170.252   55.279   83.267 -155.145  -55.997   67.756   40.435   91.610  -18.317    0.302402   -1.381228   -0.554963   -0.753598   -1.489605   -1.641291   -1.843669   -0.678749   -1.232770    3.794    0.984    0.238 S_000007
   2 P  -160.735  100.475  166.098   97.494 -163.393  -34.671 -110.841   11.829  136.337   95.290    0.410971   -1.179243   -0.881078   -0.901230   -1.567988   -1.552099   -1.903237   -0.668675   -1.192323    8.225   -1.589   -3.976 S_000007
   3 N  -148.162  164.915  118.385  145.355 -109.323 -178.043  158.161  -25.949  134.973  153.436    0.357113   -0.162484   -1.477571   -0.854725   -0.883260   -2.080780   -1.943630   -0.688761   -1.201220   13.308   -4.749   -5.925 S_000007
   4 N   -75.476  167.351   68.042   72.164 -141.243  -86.102   76.953   47.247   90.589  -21.090    0.197622   -1.482414   -0.305353   -0.774018   -1.657218   -1.463291   -1.812717   -0.703234   -1.238293   19.385   -6.074   -4.623 S_000007
   5 P   -47.346  176.379   51.351   79.055 -173.509 -118.383   80.508   36.074   97.726 -142.917    0.325644   -1.385201   -0.543069   -0.791972   -1.583275   -1.568525   -1.862350   -0.736123   -1.202374   25.379   -7.744   -5.592 S_000007
   6 P  -166.924 -154.036  159.889   90.332 -178.658 -136.635   73.477   26.413  115.255    3.673    0.345049   -1.323606   -0.689620   -0.882069   -1.572952   -1.568229   -1.923026   -0.712384   -1.176451   31.563   -9.042   -8.728 S_000007
   7 P   149.773 -156.144  176.474   82.777 -155.799  -84.417   85.097   38.273   91.188  109.933    0.325799   -1.359624   -0.601698   -0.762572   -1.475146   -1.669392   -1.863222   -0.693642   -1.226962   38.203   -8.851  -10.179 S_000007
   8 P  -155.146 -150.820  117.921   86.113 -130.582 -148.643   67.544   32.888  102.779 -102.425    0.346919   -1.363914   -0.563645   -0.802385   -1.605565   -1.541881   -1.842961   -0.706156   -1.218029   45.012  -10.345  -10.328 S_000007
   9 P   163.328  133.174   67.642  136.998 -137.626 -154.012   89.421  -30.525  152.645   30.625    0.372295   -0.416181   -1.425075   -0.793600   -1.311181   -1.799090   -1.926431   -0.784884   -1.148790   50.436  -13.495  -14.071 S_000007
  10 P   -82.522 -173.901   50.300  139.055 -115.199  179.062  149.082  -32.367  151.652  165.711    0.349502   -0.343881   -1.444356   -0.804139   -1.257945   -1.837809   -1.936483   -0.771964   -1.159998   57.132  -14.540  -15.228 S_000007
  11 P   145.559 -147.661 -179.920   89.636 -147.948 -121.251  142.316   19.265  124.361   72.826    0.378876   -1.314939   -0.680925   -0.895597   -1.696331   -1.431095   -1.862822   -0.708039   -1.208086   63.851  -16.462  -14.377 S_000007
  12 H   -75.546  167.753   67.210   77.945    0.000    0.000   73.576   44.547   86.941  179.917    0.281079   -1.448686   -0.366046   -0.733347   -1.584802   -1.488979   -1.820520   -0.719314   -1.212972   69.311  -20.010  -15.562 S_000007
SCORE:    28.545                 28.545          0          2          0    S_000008
   1 H     0.000  170.252   55.279  135.068 -173.478 -126.747  131.540  -33.858  161.495  157.960    0.306469   -0.533968   -1.383756   -0.843944   -1.513494   -1.610017   -1.954044   -0.780358   -1.168795    3.794    0.984    0.238 S_000008
   2 P   150.289 -142.448  133.577   89.355 -103.188  179.977   97.284   30.157   96.865 -162.454    0.379903   -1.248324   -0.775638   -0.787042   -1.386477   -1.741667   -1.882380   -0.673185   -1.220651    9.517   -2.207   -0.844 S_000008
   3 P    70.071  166.627   76.481  149.942 -116.503 -179.608  101.181  -39.177  161.116   29.099    0.300194   -0.164801   -1.482018   -0.777516   -1.159843   -1.889954   -1.931766   -0.730120   -1.194241   13.293   -7.528   -3.097 S_000008
   4 N   144.461  141.430   15.055  121.976   59.508  138.960  135.446  -17.759  137.113   57.755    0.395163   -0.436400   -1.422259   -0.868116   -1.085522   -1.997279   -1.964247   -0.696062   -1.196181   19.971   -9.757   -1.842 S_000008
   5 P   -72.827  -95.844  178.295   84.306   27.900  101.332   51.599   26.429  113.670   67.671    0.253263   -1.280026   -0.829205   -0.997228   -1.520857   -1.785831   -1.991296   -0.635561   -1.253693   21.370  -15.721   -1.540 S_000008
   6 P  -173.910 -150.992  149.500  127.998 -128.911 -142.558   91.482   -6.193  136.127   15.787    0.408280   -0.788743   -1.262842   -0.923571   -1.317920   -1.806812   -1.984235   -0.740556   -1.116661   24.025  -21.391   -1.779 S_000008
   7 P   -82.645 -177.969   72.751  145.260 -157.503 -148.229  111.875  -38.545  157.429  -12.075    0.322205   -0.223436   -1.480851   -0.764697   -1.222995   -1.851784   -1.919902   -0.771160   -1.168755   29.301  -25.854   -1.384 S_000008
   8 P   -56.602  169.819   59.880  148.016 -135.011  178.478  120.148  -32.889  143.708  -19.080    0.344597   -0.101549   -1.481717   -0.800183   -0.950280   -2.028627   -1.919452   -0.736545   -1.187799   33.655  -30.611   -0.975 S_000008
   9 P   164.423 -126.231  176.251   91.863 -148.152  -95.447   90.726   36.141   94.787  -18.747    0.308216   -1.335123   -0.633984   -0.806988   -1.469271   -1.673926   -1.899392   -0.725780   -1.196649   38.565  -35.725   -0.526 S_000008
  10 P   146.274  156.591  179.483   77.635 -152.028  -72.001   75.273   42.982   89.249  178.900    0.287995   -1.419009   -0.477197   -0.735693   -1.550269   -1.599261   -1.819279   -0.700629   -1.234007   43.817  -40.437    0.305 S_000008
  11 P   -71.409  163.072   88.916  129.689 -115.676 -168.510  103.969  -27.373  151.463 -158.189    0.375027   -0.488612   -1.399569   -0.832328   -1.348614   -1.777614   -1.951482   -0.749221   -1.158968   48.799  -43.841    0.453 S_000008
  12 H   -64.279  170.306   54.330   76.629    0.000    0.000   77.151   43.536   88.562  -24.384    0.277497   -1.431848   -0.448528   -0.741056   -1.557677   -1.567495   -1.841357   -0.737992   -1.205339   51.650  -49.652    0.843 S_000008
SCORE:    28.135                 28.135          0          0          1    S_000009
   1 H     0.000  170.252   55.279   82.841 -159.382  -66.211   68.139   38.745   97.665  -20.771    0.305204   -1.398461   -0.534733   -0.773157   -1.557222   -1.593540   -1.821809   -0.666821   -1.253303    3.794    0.984    0.238 S_000009
   2 P   -71.093  137.843   52.232   85.064 -139.753 -152.810   87.407   40.287   89.995 -158.367    0.287583   -1.398634   -0.501776   -0.778461   -1.544700   -1.582723   -1.866127   -0.722760   -1.202541    8.467   -1.030   -1.545 S_000009
   3 P  -179.630  115.281   62.224  122.274 -131.448 -164.064   84.287  -17.095  153.564  143.373    0.421273   -0.734637   -1.265427   -0.864863   -1.468550   -1.653260   -1.954534   -0.733221   -1.166445   12.134   -6.126   -4.836 S_000009
   4 N   167.952 -167.959  154.203  145.211 -155.376 -167.633   19.536  -32.174  148.043  -55.599    0.332777   -0.133501   -1.484945   -0.828850   -0.980089   -2.013944   -1.953344   -0.695714   -1.205944   19.150   -7.923   -5.682 S_000009
   5 P   136.091 -155.062 -174.957   86.112 -149.015  164.446   79.341   36.163   91.586  -11.052    0.350342   -1.312825   -0.679406   -0.762117   -1.404980   -1.724639   -1.869948   -0.666744   -1.230244   25.324   -9.569   -8.501 S_000009
   6 N   112.556   90.196 -160.967  110.809 -144.758  -85.702   67.601    6.368  113.936   74.378    0.429917   -0.909134   -1.134486   -0.826147   -1.303866   -1.884123   -1.907615   -0.678624   -1.228852   32.060  -11.901   -8.065 S_000009
   7 P   -56.713  169.563   63.733  130.198 -145.747 -165.607  105.706  -22.591  147.628  165.119    0.387195   -0.481632   -1.393214   -0.841539   -1.246218   -1.866122   -1.947955   -0.671518   -1.217400   37.830  -12.533  -10.361 S_000009
   8 P    90.227 -127.081 -150.713   82.253 -129.424  -73.849  -50.286   33.603   97.534  -21.932    0.334435   -1.349293   -0.630402   -0.817321   -1.524796   -1.630139   -1.895620   -0.723409   -1.203148   43.537  -14.435  -11.480 S_000009
   9 P   177.366  142.836 -177.540   86.392   81.924   89.658  106.666   34.383   91.374   35.384    0.329518   -1.203568   -0.872590   -0.818960   -1.153720   -1.885512   -1.932817   -0.607425   -1.234970   49.614  -17.688  -12.787 S_000009
  10 P   152.767 -170.923  168.753   90.141 -153.461  -69.676   62.592   38.672   81.946  179.887    0.314527   -1.304140   -0.725198   -0.773885   -1.310461   -1.804102   -1.910749   -0.721999   -1.199298   56.208  -19.130  -13.940 S_000009
  11 N  -102.288 -114.811  152.099  152.073  -94.878  153.513  109.832  -37.104  159.441   32.450    0.319886   -0.166689   -1.482528   -0.788521   -1.122043   -1.900878   -1.935757   -0.712507   -1.193642   63.200  -19.318  -13.653 S_000009
  12 H   -74.416  169.608   65.402   87.512    0.000    0.000   76.429   38.490   99.090  -53.442    0.279946   -1.414337   -0.493444   -0.811834   -1.604944   -1.545185   -1.835833   -0.671090   -1.256126   67.863  -19.061  -17.011 S_000009
SCORE:    27.243                 27.243          0          0          0    S_000010
   1 H     0.000  170.252   55.279   84.910 -169.965  -74.205   80.102   31.629   97.892  -70.572    0.374751   -1.300008   -0.706962   -0.784347   -1.466990   -1.691744   -1.875727   -0.702840   -1.219630    3.794    0.984    0.238 S_000010
   2 P  -147.370  132.427  163.030   85.740 -133.620  -84.078   67.702   34.176   93.870  -15.107    0.344463   -1.309014   -0.688719   -0.791759   -1.433451   -1.704701   -1.888885   -0.699291   -1.211989    9.208   -0.306   -3.161 S_000010
   3 P   171.747  153.395  159.041  148.712 -150.900 -143.856  163.298  -31.676  141.216  -34.261    0.335662   -0.099384   -1.482186   -0.823846   -0.920479   -2.044532   -1.934389   -0.708140   -1.198506   14.863   -1.542   -7.269 S_000010
   4 N   144.369 -164.771  174.597   85.862 -111.402  -77.490   66.933   34.932   89.928  -15.347    0.349145   -1.282307   -0.738465   -0.783001   -1.349281   -1.771280   -1.894652   -0.665989   -1.222817   21.491   -3.068   -9.337 S_000010
   5 P   -53.263  -84.013  179.931  121.234 -143.667 -130.098   47.916  -25.284  165.035  136.041    0.390724   -0.706993   -1.308555   -0.850770   -1.556537   -1.535396   -1.919063   -0.699958   -1.200243   26.300   -6.250  -12.096 S_000010
   6 P  -133.749 -135.407  144.310  130.845 -116.303 -178.649  121.579  -35.275  165.934  163.039    0.368044   -0.566274   -1.363413   -0.770648   -1.563835   -1.500435   -1.902733   -0.799223   -1.154475   33.411   -8.088  -12.809 S_000010
   7 P   140.004 -161.511  172.648   87.535 -135.875 -127.774  -63.089   27.673  113.365  -21.649    0.351703   -1.359808   -0.617725   -0.860422   -1.647064   -1.511100   -1.888219   -0.728269   -1.197425   39.481  -11.344  -14.476 S_000010
   8 P  -167.631  177.125   63.936  148.721 -114.320  176.453   96.592  -39.276  160.663  -80.184    0.315889   -0.217056   -1.474414   -0.766409   -1.232285   -1.836424   -1.924195   -0.750433   -1.184996   44.163  -16.747  -16.071 S_000010
   9 P   -69.029  167.492   50.785   89.099 -154.031  -76.188   83.340   40.184   87.163  -14.647    0.303899   -1.393018   -0.503261   -0.766478   -1.545220   -1.592491   -1.860038   -0.730792   -1.201062   49.553  -19.517  -17.548 S_000010
  10 P  -132.578  112.156  159.719   83.112 -139.596  -55.743   63.268   39.050   85.758 -170.047    0.307700   -1.343453   -0.643900   -0.775243   -1.385486   -1.708759   -1.884896   -0.676455   -1.222422   55.352  -22.124  -17.129 S_000010
  11 N  -148.162  164.915  118.385  145.355 -109.323 -178.043  158.161  -25.949  134.973  153.436    0.357113   -0.162484   -1.477571   -0.854725   -0.883260   -2.080780   -1.943630   -0.688761   -1.201220   61.423  -24.702  -17.916 S_000010
  12 H   -77.177  173.091   56.301   82.615    0.000    0.000   82.691   45.271   82.138  -10.971    0.273122   -1.398644   -0.514456   -0.721318   -1.449993   -1.672325   -1.847631   -0.702195   -1.232851   66.030  -27.603  -21.333 S_000010
