SEQUENCE: gaaaag
SCORE:     score    rna_stub_coord_hack       N_WC      N_NWC       N_BS description
REMARK RNA 
SCORE:     0.060                  0.060          0          0          2    S_000001
   1 H     0.000  170.252   55.279   94.448 -128.696   74.712  -43.359   27.430  103.185  -20.217    0.351600   -1.257597   -0.793124   -0.857860   -1.430422   -1.714364   -1.948010   -0.731096   -1.179049    3.794    0.984    0.238 S_000001
   2 P   139.901 -101.394 -178.561  141.920 -123.942 -144.089   80.191  -30.931  156.102   31.126    0.358691   -0.354753   -1.434289   -0.818117   -1.244867   -1.828128   -1.948415   -0.714488   -1.176518    3.003    2.795   -4.844 S_000001
   3 P   166.978  176.904  177.152   84.171 -133.729  -88.107   85.510   32.221   98.769  169.890    0.360736   -1.323192   -0.665088   -0.794830   -1.503909   -1.648578   -1.883310   -0.724059   -1.201750   -0.648    8.316   -8.041 S_000001
   4 P   -39.399  168.770   55.356  142.140 -142.741  175.589  120.987  -35.450  159.437  -98.096    0.330665   -0.302125   -1.453233   -0.794861   -1.264725   -1.819140   -1.936530   -0.724980   -1.198310   -4.549   12.336  -10.729 S_000001
   5 P   -68.338  170.612   64.134   87.636 -152.947  -66.450   76.285   32.839  100.870  172.211    0.328230   -1.319513   -0.695583   -0.834792   -1.452263   -1.685035   -1.899194   -0.647183   -1.231771   -7.566   17.769  -11.844 S_000001
   6 H   -76.164  157.063   75.770   77.968    0.000    0.000   67.979   40.258   92.619  179.907    0.291330   -1.429551   -0.451385   -0.772381   -1.619815   -1.524168   -1.849157   -0.756718   -1.196682  -11.165   22.010  -13.817 S_000001
SCORE:     0.075                  0.075          0          1          1    S_000002
   1 H     0.000  170.252   55.279   86.451 -113.942   96.973   67.088   36.827   94.965  179.912    0.306394   -1.361306   -0.617183   -0.809291   -1.491809   -1.666110   -1.890910   -0.679437   -1.240249    3.794    0.984    0.238 S_000002
   2 P   -60.502  158.007   54.878   82.541 -162.273  -70.696   83.561   37.418   90.667 -171.628    0.310967   -1.370222   -0.577145   -0.789456   -1.516022   -1.624657   -1.890950   -0.744838   -1.182028    1.574    3.006   -2.751 S_000002
   3 N   -54.905 -179.787   52.984  131.374 -128.896  154.073  112.781  -21.146  143.722   17.580    0.415467   -0.432599   -1.404669   -0.834394   -1.156775   -1.922437   -1.939965   -0.702808   -1.188959   -1.654    6.807   -6.103 S_000002
   4 N    92.657 -148.537  175.638  136.338  -89.219  -76.489  154.380  -21.870  156.367   14.620    0.399279   -0.642366   -1.325235   -0.861729   -1.428522   -1.669884   -1.970904   -0.747794   -1.144841   -6.024   10.944   -7.832 S_000002
   5 P  -168.839  121.189 -176.246   84.421 -162.310  -96.356  108.244   34.304  106.356  -23.636    0.327894   -1.391748   -0.518664   -0.809234   -1.631897   -1.506085   -1.823324   -0.679514   -1.237292   -9.756   15.682  -10.955 S_000002
   6 H   -51.398  164.931   50.951   82.333    0.000    0.000   72.334   42.621   90.436  179.912    0.297933   -1.392033   -0.559209   -0.726730   -1.462337   -1.677242   -1.822890   -0.669539   -1.238826  -14.093   19.881  -10.849 S_000002
SCORE:     0.050                  0.050          0          0          0    S_000003
   1 H     0.000  170.252   55.279   80.561    0.000    0.000   74.738   45.970   80.172  179.892    0.257670   -1.386316   -0.605015   -0.737549   -1.333290   -1.768165   -1.881958   -0.688918   -1.230569    3.794    0.984    0.238 S_000003
   2 P   -57.826 -133.076   56.158  149.114 -133.146 -129.050  173.582  -38.935  149.380   81.360    0.323357   -0.155953   -1.475697   -0.748668   -1.138336   -1.884735   -1.900474   -0.754213   -1.175144    1.551    3.001   -0.009 S_000003
   3 N  -178.810  153.055  135.770  106.704 -138.327 -112.358  127.377   22.478   87.323  -11.418    0.409131   -0.973460   -1.098711   -0.809248   -1.028300   -2.013690   -1.923910   -0.665663   -1.225656   -3.695    7.331   -2.717 S_000003
   4 N  -161.912  144.831  163.138   87.020 -163.361  -72.898   66.879   36.893   92.007  -14.838    0.313333   -1.374187   -0.573869   -0.796398   -1.534179   -1.616031   -1.894495   -0.762736   -1.174099   -8.262   11.341   -6.534 S_000003
   5 P   -83.459 -169.228   58.253   83.358   52.826  125.135  129.335   18.604  127.801   57.716    0.383809   -1.280962   -0.739637   -0.899868   -1.635654   -1.494238   -1.869344   -0.658307   -1.238128  -13.416   14.215   -9.172 S_000003
   6 H   -69.680 -170.997   46.309   88.462    0.000    0.000   78.117   34.449   96.641    4.570    0.317551   -1.333804   -0.627825   -0.823701   -1.496257   -1.642631   -1.883275   -0.669102   -1.222528  -17.561   17.499  -12.875 S_000003
SCORE:     0.077                  0.077          0          0          0    S_000004
   1 H     0.000  170.252   55.279  140.769 -134.611  114.781  125.030  -26.222  158.879  114.873    0.414887   -0.264459   -1.431683   -0.791519   -1.028715   -1.944933   -1.940602   -0.699635   -1.208637    3.794    0.984    0.238 S_000004
   2 N     0.000  172.529   46.705 -224.118  207.242  179.205  148.966  -29.080  158.819  -19.114    0.380377   -0.446779   -1.400362   -0.814079   -1.322168   -1.752573   -1.949733   -0.675138   -1.201495    6.696    4.271   -2.610 S_000004
   3 P   139.901 -101.394 -178.561  141.920 -123.942 -144.089   80.191  -30.931  156.102   31.126    0.358691   -0.354753   -1.434289   -0.818117   -1.244867   -1.828128   -1.948415   -0.714488   -1.176518    5.531    9.510   -6.451 S_000004
   4 P  -176.305  137.307  171.043   85.565 -130.646 -105.768   74.681   34.485   99.287   -2.152    0.332425   -1.340365   -0.638706   -0.805513   -1.489131   -1.649123   -1.873865   -0.673556   -1.222220    7.399   16.346   -7.716 S_000004
   5 P   -92.061  174.712   64.731   79.865 -168.143  -67.139   80.901   41.144   89.108  166.693    0.288880   -1.388462   -0.552470   -0.761396   -1.486321   -1.649708   -1.854959   -0.705627   -1.220698    6.678   23.007   -6.098 S_000004
   6 H     0.000 -178.192   59.514   85.785    0.000    0.000   67.955   38.865   90.135 -136.276    0.309316   -1.361031   -0.607958   -0.774417   -1.458377   -1.682578   -1.882804   -0.705176   -1.217243    7.486   28.124   -7.854 S_000004
SCORE:     0.039                  0.039          0          0          2    S_000005
   1 H     0.000  170.252   55.279  127.136  -52.626   44.243  154.204   -8.465  138.710   17.604    0.428365   -0.837053   -1.212904   -0.890568   -1.439527   -1.699717   -2.006484   -0.813610   -1.094998    3.794    0.984    0.238 S_000005
   2 N  -162.335 -115.976  123.191   89.015  175.258 -173.476   79.260   17.306  130.746  -80.581    0.379421   -1.301197   -0.739786   -0.920270   -1.669913   -1.460581   -1.919630   -0.732482   -1.173204    4.689    5.307   -0.860 S_000005
   3 P   166.978  176.904  177.152   84.171 -133.729  -88.107   85.510   32.221   98.769  169.890    0.360736   -1.323192   -0.665088   -0.794830   -1.503909   -1.648578   -1.883310   -0.724059   -1.201750    2.212   11.491   -3.691 S_000005
   4 P   -68.009  169.676   56.450   85.097 -150.015  -58.175   84.924   34.580   95.124  -11.831    0.330368   -1.355014   -0.598288   -0.809420   -1.532054   -1.608224   -1.896832   -0.738868   -1.183939    0.422   16.946   -6.656 S_000005
   5 P  -127.080   93.264 -171.275  103.043 -145.599  -68.794   72.022   24.237   98.054  162.081    0.368889   -1.139815   -0.938800   -0.834081   -1.303776   -1.854765   -1.930691   -0.681896   -1.218704    1.167   22.833   -7.871 S_000005
   6 H  -101.265  154.013   97.650   75.062    0.000    0.000   62.771   41.513   95.092  -18.168    0.282447   -1.448466   -0.386698   -0.770938   -1.657894   -1.472812   -1.833321   -0.754660   -1.199416   -1.409   28.104  -10.076 S_000005
SCORE:     0.068                  0.068          0          0          1    S_000006
   1 H     0.000  170.252   55.279   92.547  -97.252  115.795  139.403   37.074   84.758 -124.935    0.313443   -1.267357   -0.784498   -0.795730   -1.251154   -1.837890   -1.916327   -0.656480   -1.227615    3.794    0.984    0.238 S_000006
   2 P  -160.249  166.068  171.487   91.115 -136.630 -101.713   76.539   34.876   95.142  175.357    0.323572   -1.335492   -0.650661   -0.813480   -1.473315   -1.673547   -1.901744   -0.711585   -1.198626    2.708    4.208   -4.139 S_000006
   3 P   -65.040  175.353   58.191   84.223 -168.019  -75.624   78.796   35.834   97.205 -173.631    0.321404   -1.386397   -0.553270   -0.800031   -1.582414   -1.575687   -1.878443   -0.737839   -1.197257   -2.487    7.906   -5.924 S_000006
   4 P   -71.409  163.072   88.916  129.689 -115.676 -168.510  103.969  -27.373  151.463 -158.189    0.375027   -0.488612   -1.399569   -0.832328   -1.348614   -1.777614   -1.951482   -0.749221   -1.158968   -6.386   11.056   -9.000 S_000006
   5 P   162.213  132.871   63.888  147.804 -143.545  109.897  101.200  -37.092  158.180  -93.318    0.333677   -0.204846   -1.473897   -0.770287   -1.173569   -1.881828   -1.923892   -0.746255   -1.187107  -11.271   16.159   -9.817 S_000006
   6 H   -55.641  161.818   58.860   70.868    0.000    0.000   75.838   37.092   95.874  179.891    0.336282   -1.405810   -0.488782   -0.735561   -1.648885   -1.509856   -1.809943   -0.773768   -1.154550  -13.863   19.100  -13.033 S_000006
SCORE:     0.072                  0.072          0          0          1    S_000007
   1 H     0.000  170.252   55.279  127.136  -52.626   44.243  154.204   -8.465  138.710   17.604    0.428365   -0.837053   -1.212904   -0.890568   -1.439527   -1.699717   -2.006484   -0.813610   -1.094998    3.794    0.984    0.238 S_000007
   2 N  -162.335 -115.976  123.191   89.015  175.258 -173.476   79.260   17.306  130.746  -80.581    0.379421   -1.301197   -0.739786   -0.920270   -1.669913   -1.460581   -1.919630   -0.732482   -1.173204    4.689    5.307   -0.860 S_000007
   3 P   169.387 -149.487  155.553   85.919 -111.634 -105.245   58.290   34.295   93.869 -174.200    0.347326   -1.316032   -0.673149   -0.786606   -1.451213   -1.690182   -1.888674   -0.697197   -1.209516    2.527   11.726   -3.028 S_000007
   4 N   -50.936  170.693   59.456  140.138 -123.590 -165.720  102.147  -28.824  146.926   74.808    0.372909   -0.320183   -1.444597   -0.805892   -1.158175   -1.918373   -1.937237   -0.739376   -1.178972    2.413   18.150   -4.575 S_000007
   5 N   -65.186  177.057   49.328   77.505 -147.061  -68.898   79.393   41.341   90.489 -173.807    0.295884   -1.411900   -0.474890   -0.757320   -1.565065   -1.574944   -1.836444   -0.699671   -1.232494    1.582   24.517   -6.011 S_000007
   6 H   -69.373 -175.205   55.247   83.204    0.000    0.000   90.650   40.051   89.672  -42.212    0.268325   -1.390991   -0.565377   -0.798563   -1.508011   -1.648345   -1.882545   -0.704296   -1.215466    2.087   29.288  -10.182 S_000007
SCORE:     0.072                  0.072          0          1          1    S_000008
   1 H     0.000  170.252   55.279  152.875  -87.011  122.343  178.676  -35.948  159.270   16.706    0.336248   -0.011748   -1.487098   -0.787439   -0.897665   -2.023239   -1.926723   -0.679638   -1.227332    3.794    0.984    0.238 S_000008
   2 P   -71.272 -165.358   63.166   79.259 -151.959  -65.462   64.481   43.986   85.865  -23.149    0.255102   -1.426742   -0.465540   -0.769045   -1.543497   -1.607920   -1.852651   -0.706254   -1.229931    7.434    4.447    0.151 S_000008
   3 P   -60.097 -146.945   70.140  151.229  -90.777 -175.526  161.181  -30.121  151.629   72.288    0.397053   -0.211454   -1.442957   -0.761754   -1.043461   -1.970860   -1.893172   -0.716125   -1.225162    9.434    9.829   -2.817 S_000008
   4 P   145.559 -147.661 -179.920   89.636 -147.948 -121.251  142.316   19.265  124.361   72.826    0.378876   -1.314939   -0.680925   -0.895597   -1.696331   -1.431095   -1.862822   -0.708039   -1.208086    9.279   16.471   -5.107 S_000008
   5 N   -50.978  174.223   61.999   88.002 -162.683  -59.271   84.667   41.046   87.712  -26.708    0.288658   -1.341086   -0.646796   -0.766439   -1.360639   -1.748834   -1.879148   -0.645047   -1.248174   11.009   22.734   -5.586 S_000008
   6 H   -59.628  149.912   76.090   65.150    0.000    0.000   63.151   44.728   97.837  179.922    0.187802   -1.512612   -0.071731   -0.835115   -1.877325   -1.146365   -1.789745   -0.819045   -1.167225   10.613   27.948   -6.724 S_000008
SCORE:     0.078                  0.078          0          0          0    S_000009
   1 H     0.000  170.252   55.279   92.547  -97.252  115.795  139.403   37.074   84.758 -124.935    0.313443   -1.267357   -0.784498   -0.795730   -1.251154   -1.837890   -1.916327   -0.656480   -1.227615    3.794    0.984    0.238 S_000009
   2 P   -64.237 -172.589   55.483   89.897 -173.074  -74.187  124.290   34.156   96.872  -69.978    0.315030   -1.336507   -0.651480   -0.831646   -1.488528   -1.663021   -1.913477   -0.714117   -1.190397    2.943    4.425   -3.057 S_000009
   3 P  -108.162   78.726  175.001   88.398 -111.320  -92.701   50.575   37.117   89.136  -18.087    0.315431   -1.329948   -0.643325   -0.789771   -1.419163   -1.689123   -1.893195   -0.708335   -1.201721   -1.001    7.516   -5.144 S_000009
   4 P   145.834  169.864  160.515  116.771 -150.825  -95.969  116.851    6.639  112.778  -49.780    0.428419   -0.827735   -1.201961   -0.850477   -1.142936   -1.957796   -1.955336   -0.681649   -1.210816   -6.657   11.394   -6.316 S_000009
   5 P   -76.439 -155.686   76.097   98.708  168.544 -113.341  126.301    2.278  141.133  172.074    0.410529   -1.103526   -0.968395   -0.933240   -1.621578   -1.502075   -1.924475   -0.687537   -1.196092  -10.444   16.659   -8.586 S_000009
   6 H   -74.747  175.613   55.966   79.831    0.000    0.000   80.388   36.787   95.528 -159.995    0.322309   -1.398760   -0.509207   -0.784013   -1.610063   -1.539338   -1.861065   -0.748663   -1.196606  -15.252   20.430   -9.734 S_000009
SCORE:     0.067                  0.067          0          0          1    S_000010
   1 H     0.000  170.252   55.279   92.929  -55.539   81.727   99.584   30.943  100.022  -15.140    0.343727   -1.299428   -0.720117   -0.832917   -1.458976   -1.688346   -1.910670   -0.676980   -1.221703    3.794    0.984    0.238 S_000010
   2 N  -149.034  -81.925  172.404  146.046 -150.679 -107.126  111.344  -35.048  155.162  147.404    0.332662   -0.192882   -1.475955   -0.792373   -1.116447   -1.928530   -1.935508   -0.712398   -1.199196    3.077    4.702   -3.351 S_000010
   3 N   -82.990 -171.311   43.688   83.969 -145.910  -62.645   72.817   38.264   90.854  -19.570    0.310619   -1.362361   -0.600211   -0.782145   -1.475460   -1.665870   -1.881483   -0.701913   -1.213323    0.065    9.085   -7.680 S_000010
   4 P   -55.557 -138.518   45.590  140.956 -100.774 -174.752  -41.138  -35.343  167.214 -178.849    0.326764   -0.478423   -1.416040   -0.811774   -1.465499   -1.628528   -1.944494   -0.796561   -1.144110   -5.793   11.806   -7.771 S_000010
   5 N   -98.041 -137.837  155.725  158.717  -99.849  162.372  109.093  -41.754  160.788   52.267    0.289315   -0.001541   -1.489878   -0.763911   -1.005286   -1.960819   -1.921518   -0.690989   -1.218223   -8.916   17.619   -9.411 S_000010
   6 H   -68.652  174.316   59.762   84.296    0.000    0.000   73.991   35.809   95.990 -102.701    0.325103   -1.323324   -0.680302   -0.793364   -1.424971   -1.716649   -1.872140   -0.650230   -1.245735  -13.138   21.838  -10.014 S_000010
