SEQUENCE: gg
SCORE:     score    rna_stub_coord_hack       N_WC      N_NWC       N_BS description
REMARK RNA 
SCORE:     0.114                  0.114          0          0          0    S_000001
   1 H     0.000  170.252   55.279  151.226  -94.055  -19.049   81.060  -32.087  141.248 -124.772    0.345654    0.002973   -1.485773   -0.809317   -0.789450   -2.109197   -1.913442   -0.661924   -1.228602    3.794    0.984    0.238 S_000001
   2 H   -94.657 -147.815  -76.996   86.966    0.000    0.000   68.682   38.285   86.455  -20.050    0.302660   -1.330484   -0.662597   -0.797200   -1.381987   -1.730445   -1.914309   -0.708117   -1.197767    4.371    0.787   -5.419 S_000001
SCORE:     0.114                  0.114          0          0          0    S_000002
   1 H     0.000  170.252   55.279  151.226  -94.055  -19.049   81.060  -32.087  141.248 -124.772    0.345654    0.002973   -1.485773   -0.809317   -0.789450   -2.109197   -1.913442   -0.661924   -1.228602    3.794    0.984    0.238 S_000002
   2 H   -77.670 -143.912   54.402   90.665    0.000    0.000   58.202   36.099   85.617  171.823    0.337676   -1.266811   -0.771720   -0.777247   -1.286515   -1.818312   -1.919028   -0.698495   -1.217460    4.371    0.437   -5.332 S_000002
SCORE:     0.114                  0.114          0          0          0    S_000003
   1 H     0.000  170.252   55.279  151.226  -94.055  -19.049   81.060  -32.087  141.248 -124.772    0.345654    0.002973   -1.485773   -0.809317   -0.789450   -2.109197   -1.913442   -0.661924   -1.228602    3.794    0.984    0.238 S_000003
   2 H   -63.101  179.146   50.571   76.876    0.000    0.000   79.341   36.562  102.431  -18.950    0.301728   -1.440249   -0.398014   -0.817338   -1.726970   -1.404167   -1.832931   -0.756337   -1.197970    3.517    0.144   -4.653 S_000003
SCORE:     0.114                  0.114          0          0          0    S_000004
   1 H     0.000  170.252   55.279  151.226  -94.055  -19.049   81.060  -32.087  141.248 -124.772    0.345654    0.002973   -1.485773   -0.809317   -0.789450   -2.109197   -1.913442   -0.661924   -1.228602    3.794    0.984    0.238 S_000004
   2 H   -96.750 -169.449   59.307   81.344    0.000    0.000   83.479   36.440  101.719 -143.715    0.309721   -1.421165   -0.463057   -0.809274   -1.657386   -1.475726   -1.848145   -0.725116   -1.218402    3.984    0.565   -5.202 S_000004
SCORE:     0.114                  0.114          0          0          0    S_000005
   1 H     0.000  170.252   55.279  151.226  -94.055  -19.049   81.060  -32.087  141.248 -124.772    0.345654    0.002973   -1.485773   -0.809317   -0.789450   -2.109197   -1.913442   -0.661924   -1.228602    3.794    0.984    0.238 S_000005
   2 H   164.905  178.073  174.940   81.935    0.000    0.000   62.032   37.758   93.267  -41.156    0.322652   -1.370730   -0.579332   -0.773865   -1.511244   -1.636154   -1.862593   -0.705278   -1.223043    3.801    1.840   -5.068 S_000005
SCORE:     0.114                  0.114          0          0          0    S_000006
   1 H     0.000  170.252   55.279  151.226  -94.055  -19.049   81.060  -32.087  141.248 -124.772    0.345654    0.002973   -1.485773   -0.809317   -0.789450   -2.109197   -1.913442   -0.661924   -1.228602    3.794    0.984    0.238 S_000006
   2 H   -61.836  174.997   55.399   80.522    0.000    0.000   79.159   36.231   97.998  -71.186    0.306751   -1.408325   -0.489338   -0.810264   -1.642269   -1.505996   -1.877467   -0.764652   -1.176766    3.444    0.124   -4.556 S_000006
SCORE:     0.114                  0.114          0          0          0    S_000007
   1 H     0.000  170.252   55.279  151.226  -94.055  -19.049   81.060  -32.087  141.248 -124.772    0.345654    0.002973   -1.485773   -0.809317   -0.789450   -2.109197   -1.913442   -0.661924   -1.228602    3.794    0.984    0.238 S_000007
   2 H   -66.975  178.849   50.689   85.041    0.000    0.000   77.914   35.755   94.442  -14.534    0.325878   -1.348401   -0.613393   -0.788128   -1.506075   -1.642571   -1.878811   -0.709547   -1.216572    3.554    0.154   -4.697 S_000007
SCORE:     0.114                  0.114          0          0          0    S_000008
   1 H     0.000  170.252   55.279  151.226  -94.055  -19.049   81.060  -32.087  141.248 -124.772    0.345654    0.002973   -1.485773   -0.809317   -0.789450   -2.109197   -1.913442   -0.661924   -1.228602    3.794    0.984    0.238 S_000008
   2 H   158.500 -160.331  169.142   85.862    0.000    0.000   49.231   35.034   90.537  -21.242    0.360760   -1.273149   -0.747618   -0.765572   -1.336656   -1.786593   -1.892339   -0.681346   -1.220192    3.524    2.220   -4.643 S_000008
SCORE:     0.114                  0.114          0          0          0    S_000009
   1 H     0.000  170.252   55.279  151.226  -94.055  -19.049   81.060  -32.087  141.248 -124.772    0.345654    0.002973   -1.485773   -0.809317   -0.789450   -2.109197   -1.913442   -0.661924   -1.228602    3.794    0.984    0.238 S_000009
   2 H   -64.829 -170.071   46.155   81.861    0.000    0.000   69.054   37.106   90.517 -151.098    0.318880   -1.364151   -0.589373   -0.787521   -1.498591   -1.631701   -1.886769   -0.726775   -1.199504    3.715    0.190   -4.864 S_000009
SCORE:     0.114                  0.114          0          0          0    S_000010
   1 H     0.000  170.252   55.279  151.226  -94.055  -19.049   81.060  -32.087  141.248 -124.772    0.345654    0.002973   -1.485773   -0.809317   -0.789450   -2.109197   -1.913442   -0.661924   -1.228602    3.794    0.984    0.238 S_000010
   2 H   -79.675  163.164   64.839   79.737    0.000    0.000   72.262   40.789   93.852  -27.088    0.283641   -1.424621   -0.442006   -0.780319   -1.608088   -1.527032   -1.849381   -0.714108   -1.224488    3.519    0.028   -4.569 S_000010
