SEQUENCE: gaaag
SCORE:     score    rna_stub_coord_hack       N_WC      N_NWC       N_BS description
REMARK RNA 
SCORE:     0.002                  0.002          0          0          2    S_000001
   1 H     0.000  170.252   55.279  101.643    3.181  174.445   73.567   22.024  114.506  -29.477    0.389312   -1.192445   -0.874421   -0.853200   -1.418041   -1.730451   -1.900615   -0.609245   -1.260274    3.794    0.984    0.238 S_000001
   2 N   137.251 -155.716  174.946   86.157 -158.524  -62.955   96.365   33.608   97.563  179.935    0.337271   -1.339152   -0.646554   -0.807939   -1.506066   -1.646908   -1.891233   -0.710544   -1.206045    6.883    3.416   -5.111 S_000001
   3 P   -81.345  173.870   61.514   85.314 -140.436  -63.646  104.692   39.235   96.205  179.929    0.310461   -1.357569   -0.597484   -0.776043   -1.440596   -1.676154   -1.827624   -0.624499   -1.255012    7.833    6.057  -10.565 S_000001
   4 P   -96.461   80.535  161.253   89.273 -150.402 -138.463   62.766   32.444  100.474 -166.336    0.333372   -1.318091   -0.693089   -0.830188   -1.464593   -1.677900   -1.910803   -0.694881   -1.200889    6.061    8.225  -15.171 S_000001
   5 H    87.410  139.770   46.405   80.394    0.000    0.000   70.704   37.228   94.736  -16.220    0.318648   -1.384958   -0.529640   -0.783483   -1.572149   -1.571258   -1.866954   -0.726478   -1.203704    7.735    8.267  -22.039 S_000001
SCORE:     0.001                  0.001          0          0          1    S_000002
   1 H     0.000  170.252   55.279   82.228 -101.422 -118.982   56.210   38.774   92.163 -159.312    0.303623   -1.370264   -0.573840   -0.781150   -1.491895   -1.641845   -1.866940   -0.696234   -1.220622    3.794    0.984    0.238 S_000002
   2 P  -136.706  108.987  172.003   86.392 -119.400  -80.189   66.267   34.029   94.186 -167.157    0.341290   -1.319331   -0.667623   -0.795253   -1.455996   -1.672842   -1.885326   -0.702152   -1.204760    6.300    0.808   -5.960 S_000002
   3 N   -63.362 -146.499   44.353   91.380 -175.874  -89.715  132.553   32.770   93.101  171.704    0.347767   -1.302464   -0.706765   -0.812611   -1.429538   -1.701126   -1.919884   -0.728240   -1.171971    6.672    3.431  -12.227 S_000002
   4 P   -67.956  168.331   55.391   83.761 -166.271  -88.764   84.671   36.505   92.600   74.859    0.322126   -1.360899   -0.611922   -0.791937   -1.496214   -1.650486   -1.886389   -0.719701   -1.204340    4.720    5.973  -17.281 S_000002
   5 H     0.000  154.831   45.598   82.908    0.000    0.000   69.599   38.499   90.360  -24.087    0.311030   -1.375882   -0.574877   -0.776807   -1.506747   -1.641184   -1.876803   -0.720892   -1.213043    3.574    5.586  -22.713 S_000002
SCORE:     0.001                  0.001          0          1          0    S_000003
   1 H     0.000  170.252   55.279   82.127 -139.863  127.510  121.449   35.944   99.893  -15.103    0.316432   -1.379666   -0.557247   -0.812612   -1.559692   -1.583161   -1.868433   -0.691450   -1.224934    3.794    0.984    0.238 S_000003
   2 P   107.645  177.113 -151.446  121.171 -147.326  -97.859   90.040   -9.304  132.582 -149.400    0.420710   -0.720589   -1.277335   -0.858548   -1.316539   -1.850888   -1.956492   -0.719478   -1.189242    3.497    2.348   -6.101 S_000003
   3 P   -65.069 -179.536   55.538   81.223 -154.807  -68.690   72.688   32.178  104.314 -148.083    0.337061   -1.390715   -0.531064   -0.826318   -1.664171   -1.488472   -1.865995   -0.750652   -1.189295    1.606    4.393  -12.052 S_000003
   4 N   -65.098  160.930   52.177  139.794  -88.485   73.776  105.620  -35.491  157.994   16.910    0.349688   -0.247683   -1.471799   -0.772404   -1.194215   -1.866553   -1.916472   -0.667577   -1.228906    2.554    5.611  -17.698 S_000003
   5 H   -56.610  179.321   56.917   85.520    0.000    0.000   66.232   34.148   97.073  179.877    0.338539   -1.336871   -0.647131   -0.798967   -1.495536   -1.657289   -1.889356   -0.708778   -1.211248   -0.441    6.124  -19.661 S_000003
SCORE:     0.002                  0.002          0          0          1    S_000004
   1 H     0.000  170.252   55.279   88.314 -106.447 -153.501   93.472   35.462  101.249  -66.120    0.316147   -1.348419   -0.625898   -0.815885   -1.480146   -1.646242   -1.881209   -0.658803   -1.234264    3.794    0.984    0.238 S_000004
   2 P   -69.590 -157.897   49.285   82.335 -155.087  -71.292   82.030   34.378   98.114  179.913    0.335892   -1.357404   -0.617046   -0.800833   -1.530282   -1.623821   -1.881719   -0.713974   -1.208823    6.607    2.054   -5.939 S_000004
   3 P   -60.097 -146.945   70.140  151.229  -90.777 -175.526  161.181  -30.121  151.629   72.288    0.397053   -0.211454   -1.442957   -0.761754   -1.043461   -1.970860   -1.893172   -0.716125   -1.225162    4.468    2.197  -12.077 S_000004
   4 N   -62.927  176.055   51.261   83.346 -158.775  -62.326   95.107   35.088   94.957 -152.079    0.335913   -1.339435   -0.654253   -0.792064   -1.478523   -1.681467   -1.891045   -0.702893   -1.222271    3.417    3.555  -18.281 S_000004
   5 H   -70.549  177.798   51.595   82.462    0.000    0.000   75.780   39.404   90.297  -16.326    0.313133   -1.379697   -0.553912   -0.760712   -1.509415   -1.631420   -1.861172   -0.714261   -1.216179    2.177    7.330  -22.872 S_000004
SCORE:     0.000                  0.000          0          0          1    S_000005
   1 H     0.000  170.252   55.279  154.533 -163.225 -167.598  147.830  -51.407  176.119   -8.679    0.218708    0.047698   -1.507896   -0.695007   -1.128807   -1.842673   -1.898550   -0.800436   -1.168977    3.794    0.984    0.238 S_000005
   2 P  -126.250  106.011  168.977   85.439 -139.330  -69.420   50.139   35.086   94.746  179.888    0.323314   -1.344139   -0.631905   -0.807581   -1.496027   -1.655632   -1.891815   -0.714598   -1.199423    9.442    1.888   -2.063 S_000005
   3 P   -57.736  162.553   56.638   83.821 -137.123  -71.445   97.002   38.295   92.172  -26.200    0.313925   -1.368669   -0.593257   -0.777445   -1.489117   -1.659305   -1.871371   -0.700179   -1.223607   13.472    5.932   -3.768 S_000005
   4 N   -71.495 -154.645   49.396  143.200 -103.143  134.931   89.197  -31.078  147.743   17.693    0.356258   -0.216162   -1.477697   -0.810350   -1.067115   -1.975109   -1.939291   -0.723192   -1.187561   19.435    6.789   -6.677 S_000005
   5 H   -58.295 -177.543   43.626   78.720    0.000    0.000   82.208   36.019   95.423  179.934    0.320342   -1.398922   -0.514519   -0.800392   -1.619292   -1.535399   -1.874766   -0.761664   -1.182791   23.441   10.203   -7.580 S_000005
SCORE:     0.001                  0.001          0          0          1    S_000006
   1 H     0.000  170.252   55.279   92.518  175.202  130.171   79.027   22.122  110.319 -170.078    0.393774   -1.223585   -0.842438   -0.855515   -1.471195   -1.695897   -1.945869   -0.743696   -1.155831    3.794    0.984    0.238 S_000006
   2 P   -64.463  121.871   50.637   82.549 -145.560  -58.018   84.970   36.147   95.183  -22.288    0.326520   -1.366544   -0.585129   -0.787670   -1.537159   -1.619027   -1.876587   -0.722677   -1.206974    3.190    1.160   -4.978 S_000006
   3 N   -83.561 -109.951   52.123   89.696   62.353   96.576  132.032   11.854  121.501 -154.801    0.461381   -1.126816   -0.928218   -0.821883   -1.529521   -1.656095   -1.872458   -0.694448   -1.222584    4.801    5.055  -10.299 S_000006
   4 P   176.702  160.643  167.668   85.335 -126.737  -66.967   55.542   33.327  101.410  -11.198    0.361856   -1.350232   -0.600435   -0.780133   -1.563066   -1.595816   -1.858907   -0.707637   -1.223511    6.092    5.522  -16.597 S_000006
   5 H   -67.287  170.274   53.746   80.481    0.000    0.000   75.238   42.466   86.298  179.893    0.291857   -1.394560   -0.526040   -0.743227   -1.490196   -1.646933   -1.847641   -0.696113   -1.238865    5.980    7.593  -22.445 S_000006
SCORE:     0.001                  0.001          0          0          0    S_000007
   1 H     0.000  170.252   55.279   85.697 -145.977  107.726  100.542   32.105  101.023  -23.170    0.326698   -1.355686   -0.636283   -0.833155   -1.567963   -1.610874   -1.852016   -0.670067   -1.229568    3.794    0.984    0.238 S_000007
   2 P   126.730 -151.156  169.406   82.722 -121.196  -64.617   48.446   37.045   90.033  -25.474    0.337254   -1.329663   -0.659057   -0.765699   -1.425641   -1.716399   -1.883528   -0.694052   -1.224653    2.984    2.143   -5.738 S_000007
   3 N   -46.515  170.814   54.574   82.775 -156.347  161.350  147.795   44.886   73.334  179.916    0.288869   -1.314372   -0.708817   -0.706878   -1.220930   -1.864989   -1.869740   -0.700627   -1.238808    4.223    5.611  -10.446 S_000007
   4 N  -175.874  161.212   54.636   87.205   47.116  170.648  100.204   28.645  102.230   42.150    0.383630   -1.217538   -0.820527   -0.808416   -1.345399   -1.772667   -1.902996   -0.635288   -1.238545    3.165    4.172  -17.243 S_000007
   5 H   -61.723  175.836   52.399   77.500    0.000    0.000   79.061   43.231   86.823  179.927    0.283593   -1.409940   -0.492324   -0.740340   -1.512735   -1.616799   -1.840100   -0.702491   -1.229964    1.518    8.512  -22.101 S_000007
SCORE:     0.000                  0.000          0          0          2    S_000008
   1 H     0.000  170.252   55.279   86.852 -107.635  176.103   87.439   31.761  104.244 -100.344    0.326291   -1.355306   -0.625540   -0.845165   -1.564269   -1.588720   -1.889854   -0.698162   -1.211583    3.794    0.984    0.238 S_000008
   2 N   -74.272 -177.579   61.049   80.758 -165.920  -73.319   70.610   38.750   93.329  -24.931    0.306985   -1.398744   -0.520809   -0.780866   -1.562480   -1.584862   -1.857456   -0.709947   -1.222003    5.561    3.440   -5.385 S_000008
   3 P   -76.439 -155.686   76.097   98.708  168.544 -113.341  126.301    2.278  141.133  172.074    0.410529   -1.103526   -0.968395   -0.933240   -1.621578   -1.502075   -1.924475   -0.687537   -1.196092    4.887    5.066  -11.667 S_000008
   4 P   -71.913  168.424   55.704   84.743 -132.000  -57.935   86.491   40.139   88.234  -19.875    0.302475   -1.363435   -0.605135   -0.763182   -1.438535   -1.695710   -1.873520   -0.687479   -1.230928    4.325    8.386  -16.716 S_000008
   5 H   -58.014  161.329   61.725   77.241    0.000    0.000   68.497   42.575   93.458  -15.946    0.307328   -1.410760   -0.492396   -0.725802   -1.519723   -1.607349   -1.816109   -0.694830   -1.229477    5.031    6.614  -22.177 S_000008
SCORE:     0.001                  0.001          0          0          0    S_000009
   1 H     0.000  170.252   55.279  147.201 -107.002 -175.315  151.382  -36.517  161.277  120.745    0.322861   -0.228269   -1.471234   -0.794458   -1.190388   -1.857478   -1.935643   -0.733549   -1.182365    3.794    0.984    0.238 S_000009
   2 P   -46.684  151.530   45.033   89.306 -108.963 -114.369  125.257   28.699  101.138 -159.962    0.372393   -1.261340   -0.762563   -0.815352   -1.442349   -1.709744   -1.898177   -0.695097   -1.210409    9.851    1.051   -0.941 S_000009
   3 P   -49.246  156.776   49.555   74.578 -147.011 -141.958   77.008   32.363  106.965 -146.555    0.334027   -1.386898   -0.508444   -0.844976   -1.667411   -1.476270   -1.846713   -0.717289   -1.212618   14.745    2.410   -4.983 S_000009
   4 P   -73.688  154.833   59.185  146.485 -111.162  175.140  119.829  -32.346  150.459   20.864    0.348829   -0.220202   -1.465450   -0.808985   -1.098138   -1.929436   -1.939839   -0.717382   -1.183677   17.831    6.839   -8.457 S_000009
   5 H   -69.714 -159.833   45.894   86.731    0.000    0.000   79.024   36.954   95.104   -3.148    0.332668   -1.347079   -0.598503   -0.768052   -1.486174   -1.644171   -1.844649   -0.669914   -1.236043   22.207   11.300   -9.951 S_000009
SCORE:     0.000                  0.000          0          1          0    S_000010
   1 H     0.000  170.252   55.279   94.474 -139.110  176.250   49.009   20.169  127.238  128.305    0.374610   -1.305909   -0.713232   -0.901866   -1.647142   -1.486131   -1.890558   -0.688450   -1.201861    3.794    0.984    0.238 S_000010
   2 P   -72.045 -178.356   55.660   86.797 -127.719 -142.611   65.376   32.664   99.158 -118.332    0.341118   -1.330634   -0.668561   -0.816006   -1.498317   -1.657167   -1.900280   -0.704145   -1.208710    5.979    3.189   -5.424 S_000010
   3 P  -137.093  140.009   64.302   80.636 -156.631  -73.593   84.731   45.197   79.939  106.926    0.283105   -1.383931   -0.558966   -0.706646   -1.412003   -1.719489   -1.850819   -0.705633   -1.244564    3.032    2.878  -11.629 S_000010
   4 N   -56.447  161.867   71.832  154.148 -109.816  -92.178  128.922  -38.278  154.303 -154.039    0.326604   -0.049147   -1.486557   -0.759318   -0.992584   -1.984304   -1.907809   -0.697240   -1.218033    3.985    5.944  -16.492 S_000010
   5 H   173.470   58.323 -177.381   83.983    0.000    0.000   64.383   35.554   90.231  -24.345    0.359187   -1.312968   -0.685887   -0.753839   -1.421856   -1.724721   -1.873278   -0.730837   -1.205689    4.475    9.125  -22.390 S_000010
