SEQUENCE: gaaaag
SCORE:     score    rna_stub_coord_hack       N_WC      N_NWC       N_BS description
REMARK RNA 
SCORE:     0.005                  0.005          0          0          2    S_000001
   1 H     0.000  170.252   55.279   84.010 -153.856   28.042   89.531   34.200   99.777  179.906    0.336027   -1.352389   -0.615504   -0.801939   -1.529978   -1.620268   -1.873903   -0.695206   -1.218673    3.794    0.984    0.238 S_000001
   2 P   -69.714  149.869   61.159   80.910 -158.014  -56.603   81.687   40.864   90.852  169.137    0.291453   -1.401300   -0.516478   -0.768224   -1.529464   -1.610720   -1.849399   -0.692168   -1.233461    2.918   -2.990   -1.569 S_000001
   3 P   -71.409  163.072   88.916  129.689 -115.676 -168.510  103.969  -27.373  151.463 -158.189    0.375027   -0.488612   -1.399569   -0.832328   -1.348614   -1.777614   -1.951482   -0.749221   -1.158968   -1.864   -5.759   -3.187 S_000001
   4 N   112.336  128.322   61.589  107.824   28.101   58.809  110.279   -3.514  136.507  138.827    0.444802   -0.901634   -1.142788   -0.865831   -1.461473   -1.705253   -1.935818   -0.715095   -1.190904   -7.967   -9.683   -3.450 S_000001
   5 P   -66.507  167.161   50.876   83.037 -143.536  -58.501   76.492   41.761   85.768  -15.443    0.287594   -1.396638   -0.525383   -0.758415   -1.502775   -1.633489   -1.875849   -0.739157   -1.202003   -9.271  -13.393   -2.857 S_000001
   6 H   152.032 -165.014 -172.946   78.003    0.000    0.000   61.770   36.763   97.258  -19.870    0.372156   -1.368451   -0.553334   -0.713184   -1.538206   -1.576650   -1.803146   -0.700772   -1.194098  -14.466  -16.826   -4.065 S_000001
SCORE:     0.001                  0.001          0          0          0    S_000002
   1 H     0.000  170.252   55.279  121.451 -119.213  -23.893  130.975  -17.964  148.634  112.333    0.394088   -0.667800   -1.317514   -0.885196   -1.400416   -1.744772   -1.965543   -0.728317   -1.160505    3.794    0.984    0.238 S_000002
   2 P   -85.428  164.266   65.434   79.373 -145.635  -75.192   74.257   46.959   80.911  -24.658    0.279491   -1.409238   -0.504543   -0.691825   -1.412700   -1.674825   -1.844670   -0.720056   -1.221399    3.878   -2.805   -3.643 S_000002
   3 N   -59.739  176.635   43.543   81.566 -158.181  -59.399   92.450   42.911   88.461  179.912    0.285334   -1.389902   -0.552833   -0.748117   -1.449204   -1.680500   -1.843087   -0.635077   -1.266551   -0.269   -4.602   -7.944 S_000002
   4 P   -48.021 -149.357   60.660  147.001 -101.038  163.258  120.155  -32.034  151.049   18.396    0.355164   -0.210741   -1.459618   -0.797243   -1.078551   -1.944985   -1.922827   -0.653220   -1.225214   -4.748   -2.794  -11.764 S_000002
   5 P   -55.303  158.055   50.661   82.714 -144.701 -111.664   85.639   35.427   93.108 -166.777    0.333319   -1.348083   -0.621133   -0.787900   -1.501158   -1.645961   -1.878927   -0.727073   -1.200928  -10.114   -3.483  -13.974 S_000002
   6 H   -74.235 -177.932   53.655   81.488    0.000    0.000   77.642   44.625   91.842  -28.037    0.249200   -1.427726   -0.495830   -0.770270   -1.481961   -1.638036   -1.837078   -0.612611   -1.300998  -15.419   -7.367  -15.640 S_000002
SCORE:     0.002                  0.002          0          0          0    S_000003
   1 H     0.000  170.252   55.279   96.296 -103.096  -83.967  135.289   29.594   99.279  -23.417    0.357476   -1.224733   -0.837433   -0.834865   -1.318964   -1.799427   -1.929558   -0.648839   -1.219069    3.794    0.984    0.238 S_000003
   2 P   148.744  164.488  155.812   78.401 -116.145  -93.168  138.143   38.511   86.441 -171.231    0.349391   -1.359421   -0.597882   -0.742157   -1.451422   -1.664271   -1.843860   -0.693680   -1.250137    4.834   -2.438   -5.579 S_000003
   3 N   -52.881  167.657   60.124   87.108 -119.592 -122.528   72.019   36.541   93.597  -30.597    0.326528   -1.345812   -0.631997   -0.785987   -1.466151   -1.675144   -1.880310   -0.686177   -1.226165    1.603   -6.620   -9.272 S_000003
   4 P    83.617  160.551  176.606   83.500 -159.341  -57.713   74.222   37.339   97.146  -10.021    0.332289   -1.373751   -0.560492   -0.765511   -1.542821   -1.611805   -1.854567   -0.709532   -1.227594   -4.861   -8.156  -11.361 S_000003
   5 N   -49.303  160.019   48.041   88.508 -172.863 -157.115   88.072   36.247   88.736   99.747    0.331482   -1.312270   -0.701339   -0.783995   -1.389509   -1.749307   -1.911306   -0.723235   -1.200304   -9.317  -11.278  -10.852 S_000003
   6 H   -70.944 -179.863   47.065   85.112    0.000    0.000   77.157   42.382   91.481  -20.869    0.315862   -1.356571   -0.602216   -0.717058   -1.371082   -1.713841   -1.836096   -0.630491   -1.254304  -15.573  -13.097   -9.570 S_000003
SCORE:     0.004                  0.004          0          0          3    S_000004
   1 H     0.000  170.252   55.279  148.781 -146.606   13.848  119.395  -37.861  155.291  134.972    0.321280   -0.105086   -1.484374   -0.772094   -1.060168   -1.957401   -1.921558   -0.709590   -1.208596    3.794    0.984    0.238 S_000004
   2 N   -75.035  162.504   64.936   89.999 -159.694  -59.108   91.413   37.564   90.226  -18.989    0.311869   -1.332144   -0.666641   -0.790456   -1.402284   -1.724129   -1.887185   -0.661251   -1.233040    3.208   -1.350   -3.930 S_000004
   3 N     0.000 -178.221   55.408 -281.112  179.501  -77.235  167.821   41.157   88.564  210.398    0.302817   -1.401794   -0.511332   -0.746316   -1.534103   -1.608848   -1.851251   -0.727317   -1.217641    0.863    0.330   -8.564 S_000004
   4 N   -62.344  163.196   48.508   90.165 -154.569  -88.869   89.709   37.475   83.131 -106.279    0.334910   -1.274379   -0.764083   -0.762517   -1.272554   -1.827051   -1.907783   -0.705855   -1.212298   -3.886    1.363  -11.356 S_000004
   5 N   -66.258  172.475   59.655   81.878 -138.593  -56.557   81.345   41.835   91.114  -31.093    0.336589   -1.357268   -0.612033   -0.694346   -1.394431   -1.722431   -1.811558   -0.645780   -1.264198   -7.067    3.516  -16.363 S_000004
   6 H   -67.677 -177.997   51.195   87.439    0.000    0.000   81.367   31.628   98.757  -17.304    0.346114   -1.322279   -0.679322   -0.822145   -1.500797   -1.653712   -1.907702   -0.717069   -1.193258   -6.932    2.854  -22.499 S_000004
SCORE:     0.001                  0.001          0          0          3    S_000005
   1 H     0.000  170.252   55.279   88.938 -126.813  -74.959   63.648    8.990  108.121 -136.077    0.465464   -0.844072   -1.177714   -0.822025   -1.116915   -1.957120   -1.936962   -0.658211   -1.216623    3.794    0.984    0.238 S_000005
   2 P  -139.980 -163.444   50.082   84.908 -114.203 -105.641   71.482   33.357   95.830  -28.193    0.347303   -1.323641   -0.676413   -0.798013   -1.474280   -1.677035   -1.882442   -0.699057   -1.210817    6.477   -2.997   -4.789 S_000005
   3 P   -59.780  161.809   55.307   81.355 -159.043  -75.457   76.936   40.886   89.662  179.917    0.293182   -1.388151   -0.561783   -0.762139   -1.483353   -1.657226   -1.871862   -0.719843   -1.208424    1.977   -7.716   -5.370 S_000005
   4 P   -36.918 -153.877   53.859  147.355 -138.787 -139.139  153.593  -34.813  154.010  100.837    0.332148   -0.170995   -1.476134   -0.798376   -1.082609   -1.936969   -1.934460   -0.703444   -1.197882   -3.027  -11.000   -3.880 S_000005
   5 P   -99.143  177.713   79.058   85.411 -148.231  -83.969   82.472   35.608   97.203  179.907    0.332057   -1.343698   -0.639068   -0.785888   -1.460087   -1.653040   -1.871584   -0.626858   -1.259185   -8.751  -14.988   -4.160 S_000005
   6 H   141.996 -152.973 -173.943   87.406    0.000    0.000   54.839   37.019   93.299  -26.584    0.369487   -1.299722   -0.699231   -0.724159   -1.363287   -1.757771   -1.846981   -0.654398   -1.243845  -14.756  -14.774   -6.429 S_000005
SCORE:     0.001                  0.001          0          0          1    S_000006
   1 H     0.000  170.252   55.279   83.512 -125.260  -12.593   71.914   32.012  100.238  -26.434    0.343388   -1.339815   -0.645504   -0.817080   -1.542982   -1.622818   -1.892108   -0.730629   -1.198907    3.794    0.984    0.238 S_000006
   2 P   -65.442  165.396   55.942   85.457 -151.574  -65.189   88.474   33.916   96.107  173.615    0.332789   -1.346920   -0.630515   -0.813072   -1.518855   -1.635468   -1.898817   -0.723155   -1.195136    3.822   -3.545   -1.833 S_000006
   3 N   -54.846  168.319   55.099   88.569 -157.038  -99.261   90.833   30.172  103.661  179.907    0.367701   -1.292969   -0.730351   -0.800342   -1.476327   -1.692529   -1.878263   -0.683268   -1.229139   -0.404   -7.329   -3.316 S_000006
   4 N    83.879  143.257   54.310   81.380 -155.397  -66.027   70.039   39.159   93.329  179.919    0.308987   -1.390005   -0.531239   -0.769297   -1.538271   -1.600562   -1.848813   -0.696405   -1.229374   -5.930   -8.736   -6.716 S_000006
   5 P   172.339  126.791   60.504  112.721  -22.741  119.545   77.518   -8.846  148.288  154.093    0.416472   -0.832506   -1.208958   -0.890295   -1.447479   -1.700606   -1.951887   -0.663680   -1.215400  -10.408  -13.453   -4.279 S_000006
   6 H   -77.988  166.140   60.433   82.876    0.000    0.000   66.094   37.472   90.650  -18.449    0.325770   -1.356918   -0.605696   -0.769529   -1.485310   -1.659423   -1.865107   -0.713542   -1.215186  -14.092  -16.766   -3.100 S_000006
SCORE:     0.000                  0.000          0          0          1    S_000007
   1 H     0.000  170.252   55.279  117.530  -85.654 -119.414   90.857  -21.730  157.146  179.924    0.433090   -0.850326   -1.196075   -0.834025   -1.681618   -1.402867   -1.860812   -0.751472   -1.182116    3.794    0.984    0.238 S_000007
   2 N    80.755  100.817 -146.281   79.574 -166.836  -59.976  -99.145   32.485  111.238  135.279    0.343983   -1.410018   -0.458038   -0.806503   -1.732172   -1.403512   -1.794572   -0.727297   -1.232419    4.845   -0.441   -5.843 S_000007
   3 P   136.091 -155.062 -174.957   86.112 -149.015  164.446   79.341   36.163   91.586  -11.052    0.350342   -1.312825   -0.679406   -0.762117   -1.404980   -1.724639   -1.869948   -0.666744   -1.230244    0.893   -3.686   -8.950 S_000007
   4 N   -81.776  169.584   69.397   83.791 -154.098  -58.187   65.532   38.117   94.783  -22.373    0.299980   -1.395749   -0.541182   -0.796559   -1.555310   -1.595409   -1.863033   -0.698881   -1.224567   -5.250   -4.832   -9.558 S_000007
   5 N   -38.672  160.134   59.426   85.376 -172.626  -77.948  134.541   37.129   92.678  -69.483    0.324208   -1.346749   -0.633635   -0.781741   -1.457265   -1.687494   -1.879312   -0.685142   -1.228330   -9.775   -6.154  -12.273 S_000007
   6 H   -79.481 -164.355   53.371   83.065    0.000    0.000   75.583   38.769   92.530   41.082    0.315021   -1.366850   -0.588707   -0.768236   -1.479361   -1.659307   -1.863443   -0.685669   -1.231237  -14.390   -7.124  -16.642 S_000007
SCORE:     0.003                  0.003          0          0          1    S_000008
   1 H     0.000  170.252   55.279   82.536 -152.373  -29.588   82.183   35.161   95.481  -26.698    0.338354   -1.345925   -0.624144   -0.787744   -1.496711   -1.644267   -1.876874   -0.713529   -1.207015    3.794    0.984    0.238 S_000008
   2 N  -146.338  179.476   33.533  139.088  -96.441  -85.085  -43.454  -38.719  166.375   21.545    0.393310   -0.457162   -1.405913   -0.707590   -1.512019   -1.570175   -1.862385   -0.787323   -1.166376    6.437   -3.878   -2.822 S_000008
   3 P   -66.145 -167.601   46.954   81.931 -131.930  -71.421   85.664   37.618   93.685  -21.869    0.322318   -1.375825   -0.555717   -0.775755   -1.536636   -1.608344   -1.866263   -0.717603   -1.213721    1.020   -7.244   -0.772 S_000008
   4 P  -108.396   78.054  177.010   84.208 -125.031  -60.912   56.390   36.111   96.154  -26.758    0.324817   -1.369096   -0.586427   -0.794101   -1.533799   -1.618898   -1.873597   -0.707910   -1.215564   -3.315  -10.056   -3.466 S_000008
   5 P   -52.902 -179.430   55.756  131.991 -105.786  168.543  117.329  -23.333  147.020  164.868    0.436199   -0.310214   -1.426061   -0.789518   -1.035502   -1.975489   -1.915962   -0.738496   -1.194202   -8.406  -13.361   -4.177 S_000008
   6 H     0.000 -152.301  179.465   91.337    0.000    0.000   61.942   35.144   87.643 -166.231    0.337002   -1.279145   -0.762979   -0.791676   -1.322501   -1.793419   -1.917114   -0.716104   -1.201055  -13.234  -16.411   -2.777 S_000008
SCORE:     0.000                  0.000          0          0          1    S_000009
   1 H     0.000  170.252   55.279  148.781 -146.606   13.848  119.395  -37.861  155.291  134.972    0.321280   -0.105086   -1.484374   -0.772094   -1.060168   -1.957401   -1.921558   -0.709590   -1.208596    3.794    0.984    0.238 S_000009
   2 N   -95.259  132.546   50.581   77.017 -149.001 -139.254   94.890   36.818   99.509 -152.154    0.365238   -1.345863   -0.582466   -0.732304   -1.515025   -1.637609   -1.816053   -0.683551   -1.217767    3.332   -1.679   -3.442 S_000009
   3 P   -56.855  169.927   50.579   83.631 -143.189  -62.348   87.902   33.823   99.017  170.917    0.347940   -1.343817   -0.624377   -0.792740   -1.526304   -1.629057   -1.876859   -0.709119   -1.217329    0.169   -1.884   -9.144 S_000009
   4 P   -73.802 -136.212   65.188   84.008   34.117   86.999  130.805   32.048   98.562  116.671    0.355706   -1.305993   -0.699935   -0.802109   -1.466333   -1.686197   -1.887904   -0.697291   -1.216880   -2.806    1.701  -13.957 S_000009
   5 N   -72.301  177.921   53.582   81.570 -141.587  -73.844   84.253   38.191   94.664  179.884    0.368700   -1.312771   -0.692669   -0.699833   -1.368263   -1.761850   -1.815613   -0.645370   -1.265187   -5.342    3.965  -17.847 S_000009
   6 H  -175.860  176.823  176.015   79.103    0.000    0.000   86.003   37.390   94.229  -17.397    0.324052   -1.360864   -0.602013   -0.777686   -1.491521   -1.656600   -1.869808   -0.692361   -1.228264   -8.899    1.389  -23.161 S_000009
SCORE:     0.002                  0.002          0          0          1    S_000010
   1 H     0.000  170.252   55.279   95.662 -150.167   34.471   93.787   25.332   99.292   -9.090    0.346311   -1.277092   -0.752252   -0.850992   -1.564322   -1.649863   -1.923760   -0.800213   -1.148291    3.794    0.984    0.238 S_000010
   2 N  -107.507  -97.692  150.550  132.994  -78.491  149.706  111.973  -29.202  163.078 -109.175    0.395356   -0.491001   -1.387463   -0.800697   -1.378734   -1.702824   -1.922681   -0.722138   -1.183556    3.988   -3.027   -4.547 S_000010
   3 N   -60.889  163.854   52.691   86.061 -144.858  -76.252   72.098   37.188   92.485  179.888    0.330821   -1.341960   -0.642757   -0.765781   -1.444978   -1.692385   -1.885119   -0.717165   -1.204499    0.561   -5.980   -7.814 S_000010
   4 P  -133.538  108.400  170.756   84.154 -127.305  -74.185   72.974   35.950   92.479   89.929    0.344062   -1.330407   -0.648063   -0.770795   -1.450555   -1.685258   -1.883026   -0.708824   -1.211451   -5.119   -8.876   -8.759 S_000010
   5 P   -68.892  172.957   49.063   83.236 -145.123  -54.395  100.201   38.369   90.927  179.900    0.321695   -1.345288   -0.627990   -0.768660   -1.430132   -1.696518   -1.875243   -0.668649   -1.235030  -11.033  -10.541  -10.439 S_000010
   6 H   152.106 -175.526   44.338  150.815    0.000    0.000  125.628  -37.111  150.109  -17.944    0.324328   -0.074255   -1.490728   -0.780046   -1.005898   -1.997502   -1.915763   -0.733806   -1.204333  -12.867  -15.974   -7.570 S_000010
