SEQUENCE: gaag
SCORE:     score    rna_stub_coord_hack       N_WC      N_NWC       N_BS description
REMARK RNA 
SCORE:     0.000                  0.000          0          0          0    S_000001
   1 H     0.000  170.252   55.279   80.278 -149.409  -74.057   74.624   44.446   84.924  -18.291    0.273391   -1.418086   -0.504582   -0.731140   -1.491576   -1.643613   -1.846080   -0.744725   -1.198913    3.794    0.984    0.238 S_000001
   2 P    62.353  174.341   53.770  148.377  -94.423  -53.673  126.487  -37.717  156.030   18.273    0.317892   -0.113205   -1.488020   -0.781145   -1.068222   -1.950108   -1.923093   -0.707133   -1.207274    7.585   -2.886   -2.231 S_000001
   3 N    70.702 -169.700  179.098  132.277    0.000    0.000  -23.830  -30.146  157.657   29.604    0.358387   -0.467020   -1.412447   -0.826646   -1.372124   -1.754647   -1.943101   -0.720680   -1.189698    9.878    1.475   -0.636 S_000001
   4 H     0.000  178.782   53.751   82.094    0.000    0.000   71.994   42.622   86.351  -19.217    0.291249   -1.378974   -0.586355   -0.741225   -1.418639   -1.707378   -1.867980   -0.709511   -1.218960   11.519    0.299   -0.367 S_000001
SCORE:     0.000                  0.000          0          0          1    S_000002
   1 H     0.000  170.252   55.279   79.959 -156.660  -73.038   80.647   40.339   90.189  151.516    0.303405   -1.395945   -0.519134   -0.761864   -1.534584   -1.608642   -1.853958   -0.710283   -1.223577    3.794    0.984    0.238 S_000002
   2 P  -123.970  155.680  132.930  103.084  -28.112   52.646   77.246    3.937  129.275   -7.659    0.443190   -1.036442   -1.021723   -0.862517   -1.528022   -1.649291   -1.935326   -0.755736   -1.159992    8.801   -1.169   -3.313 S_000002
   3 P  -117.760  138.534   41.130   81.591 -136.702  -61.058   60.616   37.284   95.970  -19.653    0.330783   -1.364407   -0.590930   -0.761842   -1.494001   -1.627647   -1.840078   -0.679514   -1.234415    8.074    1.252   -2.666 S_000002
   4 H     0.000 -178.201  114.322 -262.171    0.000    0.000   68.185   34.970   85.130   -9.719    0.338306   -1.224235   -0.851938   -0.790211   -1.196264   -1.876242   -1.932447   -0.712935   -1.197764   10.669    0.846    2.350 S_000002
SCORE:     0.000                  0.000          0          0          0    S_000003
   1 H     0.000  170.252   55.279   82.532 -135.543  -78.314   76.229   37.260  100.398  -22.416    0.296997   -1.404540   -0.509093   -0.810559   -1.602140   -1.544643   -1.816615   -0.651014   -1.247175    3.794    0.984    0.238 S_000003
   2 P    87.233 -174.579   57.388  153.138 -107.516  -67.821  105.185  -39.413  156.437 -144.414    0.321720   -0.058802   -1.486151   -0.754700   -1.032504   -1.963126   -1.904479   -0.713940   -1.210441    6.854   -3.313   -2.924 S_000003
   3 P    98.473 -120.499  174.217   95.049    5.069   79.066   78.472   28.097  112.246  -94.180    0.339630   -1.281785   -0.737892   -0.858434   -1.469395   -1.650399   -1.890946   -0.619981   -1.244794    9.162   -0.298    0.196 S_000003
   4 H   -77.944  174.138   79.956   86.839    0.000    0.000   71.890   35.320  102.540  177.378    0.316333   -1.383377   -0.561767   -0.813863   -1.580019   -1.576588   -1.857473   -0.684918   -1.237208   11.834    2.478   -1.586 S_000003
SCORE:     0.000                  0.000          0          0          0    S_000004
   1 H     0.000  170.252   55.279   81.378 -147.813  -70.344   75.960   43.572   89.063  -23.979    0.320424   -1.391954   -0.530009   -0.699491   -1.428801   -1.651935   -1.820052   -0.650495   -1.255111    3.794    0.984    0.238 S_000004
   2 P   169.165  154.907   50.830   85.757 -141.459  -77.554   80.694   36.829   94.982  178.701    0.313096   -1.358038   -0.614887   -0.789735   -1.506041   -1.665116   -1.880204   -0.714391   -1.220773    7.712   -2.746   -4.080 S_000004
   3 P    55.935  112.834 -172.771   89.541 -142.585  -97.057  122.527   16.214  128.832   73.631    0.385647   -1.319909   -0.693821   -0.914965   -1.740362   -1.385587   -1.871473   -0.725763   -1.192104   10.399   -2.533    1.050 S_000004
   4 H   -63.874 -175.990   43.041   81.877    0.000    0.000   75.916   34.878   96.952  179.894    0.358063   -1.329782   -0.642500   -0.765743   -1.468861   -1.658672   -1.855360   -0.687342   -1.226223   10.923    3.929    2.478 S_000004
SCORE:     0.000                  0.000          0          0          1    S_000005
   1 H     0.000  170.252   55.279   77.226 -165.994  -82.017   81.569   41.056   87.770  -30.562    0.309977   -1.395252   -0.517371   -0.745575   -1.511555   -1.613281   -1.848711   -0.728396   -1.212110    3.794    0.984    0.238 S_000005
   2 P   158.595  156.520   73.609   83.633 -131.092  -67.679   64.876   40.362   87.201  -17.172    0.320040   -1.364448   -0.595246   -0.740704   -1.433666   -1.684331   -1.847704   -0.670624   -1.232745    8.836   -1.508   -3.773 S_000005
   3 N   177.317 -165.017   23.423   72.924 -150.227  -74.518   56.130   37.185  105.640  -34.373    0.247635   -1.493152   -0.161578   -0.881617   -1.901184   -1.119070   -1.819012   -0.852734   -1.120122   11.647   -1.588    2.278 S_000005
   4 H   -60.547  160.985   59.296   82.052    0.000    0.000   73.045   36.898   94.556  179.910    0.323673   -1.372094   -0.573020   -0.783464   -1.532488   -1.615278   -1.859523   -0.692238   -1.230257   12.201    4.294    1.673 S_000005
SCORE:     0.000                  0.000          0          1          1    S_000006
   1 H     0.000  170.252   55.279   81.370 -150.391  -61.282   69.720   41.461   90.968  -22.491    0.296171   -1.391558   -0.532861   -0.752436   -1.495357   -1.636274   -1.839065   -0.671752   -1.241911    3.794    0.984    0.238 S_000006
   2 P   -45.877  171.997   75.861  114.066  -86.988  127.298  114.576   -5.946  151.499   12.917    0.390667   -1.089589   -1.018092   -0.963554   -1.699214   -1.376075   -1.908622   -0.717401   -1.162452    8.058   -2.219   -2.019 S_000006
   3 P   -55.698 -170.468   40.330  104.453   45.057  -84.055  106.665    5.966  129.903   73.167    0.452130   -0.942308   -1.090288   -0.850946   -1.334183   -1.779615   -1.944658   -0.662355   -1.193907   12.324   -0.037   -0.454 S_000006
   4 H   110.652 -152.855 -151.157   95.544    0.000    0.000   63.189   34.442   86.222  -15.589    0.360249   -1.195792   -0.879195   -0.769929   -1.162275   -1.906149   -1.913432   -0.713888   -1.200428    9.297    0.792    1.190 S_000006
SCORE:     0.000                  0.000          0          0          1    S_000007
   1 H     0.000  170.252   55.279   80.798 -121.861 -114.448   65.920   45.027   82.379  -15.867    0.269513   -1.403181   -0.542315   -0.734678   -1.422219   -1.692167   -1.876602   -0.732687   -1.207175    3.794    0.984    0.238 S_000007
   2 P   -30.557  167.498   82.664   91.811  -35.910   72.750  114.252   11.737  137.643  -14.520    0.375958   -1.358920   -0.625028   -0.951384   -1.875019   -1.196227   -1.889398   -0.825364   -1.128884    7.943   -0.752   -4.441 S_000007
   3 P   -52.485  146.199   63.914   78.605 -108.011  -71.991   69.785   36.823   95.734  -21.851    0.335851   -1.366891   -0.578094   -0.766108   -1.528329   -1.619564   -1.854667   -0.717590   -1.215597   10.370   -0.610   -2.536 S_000007
   4 H   -62.313  170.123   53.962   75.517    0.000    0.000   84.519   38.949   94.282  179.898    0.290761   -1.442606   -0.405100   -0.784893   -1.691208   -1.444708   -1.844144   -0.792221   -1.167108   13.159    2.932    1.786 S_000007
SCORE:     0.000                  0.000          0          0          0    S_000008
   1 H     0.000  170.252   55.279   87.337 -149.777  -74.468   75.833   39.208   90.156   -9.464    0.299131   -1.369255   -0.586037   -0.779669   -1.475713   -1.661215   -1.881992   -0.700191   -1.220907    3.794    0.984    0.238 S_000008
   2 P   -78.561 -148.755   63.653  101.458    5.033   -1.913   98.632    1.312  134.650   -5.361    0.433624   -1.022854   -1.053355   -0.884881   -1.542194   -1.637033   -1.946999   -0.748919   -1.166866    8.542   -1.724   -3.745 S_000008
   3 N  -175.547  106.994   64.412  108.286  -74.246  153.496   70.246    6.174  143.243   -4.259    0.401714   -1.157875   -0.931547   -0.941990   -1.614438   -1.504884   -1.915754   -0.648170   -1.219256   10.291    1.475   -2.912 S_000008
   4 H   -68.347  175.381   56.094   81.088    0.000    0.000   74.971   37.139   95.018  -17.569    0.329920   -1.365814   -0.581883   -0.769882   -1.519618   -1.629880   -1.866671   -0.711445   -1.220676   12.383    3.863    1.918 S_000008
SCORE:     0.000                  0.000          0          0          1    S_000009
   1 H     0.000  170.252   55.279   86.089 -161.916  -62.580   76.806   41.417   90.389  -30.294    0.281096   -1.395997   -0.521632   -0.775085   -1.493285   -1.618278   -1.861580   -0.675493   -1.230705    3.794    0.984    0.238 S_000009
   2 N    53.210 -143.365  -37.819  125.943  152.637  168.395  105.225  -25.236  145.260   70.869    0.417236   -0.166805   -1.445975   -0.799684   -0.878923   -2.043016   -1.907019   -0.665964   -1.226820    7.674   -2.036   -0.796 S_000009
   3 P    68.675 -160.867   50.735   76.108    0.000    0.000   44.870   37.363   95.512  179.905    0.275288   -1.395309   -0.547400   -0.837939   -1.558862   -1.588500   -1.875805   -0.710720   -1.203414   12.378    2.185   -0.252 S_000009
   4 H   -61.769  171.373   75.195  124.097    0.000    0.000   95.863  -25.492  159.180  -73.630    0.346011   -0.654588   -1.331284   -0.888764   -1.507712   -1.612605   -1.920257   -0.649172   -1.233296   13.073    0.450    1.139 S_000009
SCORE:     0.000                  0.000          0          1          1    S_000010
   1 H     0.000  170.252   55.279   85.496 -151.603  -70.545   72.353   39.098   90.822  179.906    0.285978   -1.346565   -0.629595   -0.789013   -1.438361   -1.711195   -1.872011   -0.667643   -1.237274    3.794    0.984    0.238 S_000010
   2 P   -52.433  165.690   51.257   72.220    0.000    0.000   81.843   30.603  114.972 -145.914    0.298573   -1.478513   -0.281958   -0.899376   -1.910817   -1.140534   -1.817374   -0.836502   -1.151505    8.419   -1.783   -2.091 S_000010
   3 P  -108.291  164.599   44.974   86.988 -144.737  -56.411   69.561   35.888   92.205   59.568    0.347224   -1.296577   -0.715797   -0.767295   -1.364781   -1.756438   -1.890257   -0.676902   -1.226958    7.895    0.957   -1.873 S_000010
   4 H   -57.405  167.171   58.244   81.136    0.000    0.000   75.155   39.545   92.656  177.536    0.291496   -1.418667   -0.483594   -0.781542   -1.586304   -1.542893   -1.854345   -0.747187   -1.201654   10.225    1.460    3.406 S_000010
