SEQUENCE: gaaaag
SCORE:     score    rna_stub_coord_hack       N_WC      N_NWC       N_BS description
REMARK RNA 
SCORE:     0.001                  0.001          0          0          1    S_000001
   1 H     0.000  170.252   55.279   88.358  -98.109 -105.040   44.915   40.111   85.174   91.408    0.298413   -1.331031   -0.623367   -0.758505   -1.389060   -1.709001   -1.864137   -0.678416   -1.216797    3.794    0.984    0.238 S_000001
   2 P  -154.644  122.853  171.742  117.420  -79.883  -65.237  114.174  -14.150  149.206 -161.220    0.419227   -0.900394   -1.151075   -0.887935   -1.627369   -1.486013   -1.912140   -0.721343   -1.187003    6.191   -0.273   -6.195 S_000001
   3 N   -58.837 -176.989   51.165   85.109 -150.039  -71.066   79.807   39.048   87.531   96.966    0.311207   -1.352888   -0.613109   -0.758045   -1.437489   -1.677822   -1.855764   -0.690059   -1.220853    3.809    0.553  -11.688 S_000001
   4 P   -56.179  152.797   62.539   78.160 -123.700  -59.631   70.068   39.274   91.799  -24.875    0.319873   -1.380822   -0.552876   -0.758037   -1.503617   -1.625206   -1.840817   -0.689995   -1.229152   -1.109    2.579  -13.719 S_000001
   5 P   160.006  132.453 -174.738   84.688 -122.661  -58.070  115.654   28.763  111.512  179.932    0.343166   -1.370324   -0.585832   -0.859827   -1.657952   -1.491785   -1.865366   -0.712071   -1.207881   -4.904    8.076  -12.163 S_000001
   6 H   -58.688  173.898   53.008   77.046    0.000    0.000   78.993   39.140   93.057 -120.356    0.309284   -1.420037   -0.463318   -0.771525   -1.622603   -1.526080   -1.853621   -0.754517   -1.192873   -4.963   13.510   -9.572 S_000001
SCORE:     0.000                  0.000          0          0          0    S_000002
   1 H     0.000  170.252   55.279   80.189    0.000    0.000   78.202   41.226   85.601  -22.533    0.279841   -1.423186   -0.480773   -0.776933   -1.561408   -1.569521   -1.903042   -0.803245   -1.134150    3.794    0.984    0.238 S_000002
   2 P   -72.297 -166.537   53.992   83.239 -140.539  -87.140   72.383   38.852   90.178  169.180    0.314610   -1.366786   -0.587028   -0.769904   -1.477704   -1.660173   -1.863896   -0.685581   -1.230269    1.873    3.034    0.565 S_000002
   3 N    56.040  143.448  -68.912  147.960 -122.986   82.760  -54.667  -36.899  155.448   30.834    0.328568   -0.147434   -1.478039   -0.779322   -1.097271   -1.929614   -1.924249   -0.725526   -1.191860    1.935    9.234    0.615 S_000002
   4 N   171.451   67.224  164.118   85.618 -174.841   68.598 -172.684   33.704   98.791  169.866    0.335800   -1.346342   -0.617010   -0.808848   -1.529417   -1.614412   -1.891332   -0.721952   -1.199365    0.566   10.936   -4.847 S_000002
   5 P   -63.581 -146.430   49.830   90.923 -117.431  -96.830  146.690   31.317   98.077   30.031    0.329507   -1.328939   -0.665130   -0.840372   -1.521002   -1.627038   -1.912119   -0.739471   -1.168804   -4.657   12.128   -6.892 S_000002
   6 H   -89.596 -161.637   70.668  114.415    0.000    0.000  101.158   -1.752  138.051  -18.979    0.456654   -0.814918   -1.201231   -0.849982   -1.288683   -1.818976   -1.917846   -0.583402   -1.248471   -7.135   10.354  -13.259 S_000002
SCORE:     0.000                  0.000          0          0          1    S_000003
   1 H     0.000  170.252   55.279  155.187 -153.725  144.658  170.502  -39.383  144.913  179.873    0.306461    0.097848   -1.496931   -0.762150   -0.813106   -2.097481   -1.888868   -0.713265   -1.192392    3.794    0.984    0.238 S_000003
   2 P   -34.343 -155.396  137.374  146.406  -75.364 -124.013  126.838  -35.241  155.747   40.514    0.326083   -0.175199   -1.476516   -0.805324   -1.100787   -1.931037   -1.947333   -0.704399   -1.195278    8.367    3.263   -2.724 S_000003
   3 N  -179.755  145.012   46.839   83.559 -150.735  -81.333   93.418   36.233   93.999 -112.102    0.313279   -1.369606   -0.583002   -0.804775   -1.534761   -1.615895   -1.873326   -0.708887   -1.214028    8.922   10.241   -1.687 S_000003
   4 N   155.428  157.268   59.224   89.828 -145.250  -55.070   74.627   35.757   92.501  -24.512    0.340837   -1.302382   -0.708854   -0.780761   -1.370890   -1.744255   -1.894628   -0.673378   -1.227032    5.071   13.634   -6.429 S_000003
   5 P   131.288 -114.875  161.962   88.299 -110.212  -76.836   65.295   30.596   99.884  -16.380    0.368625   -1.284500   -0.732836   -0.806046   -1.443989   -1.701609   -1.900449   -0.696303   -1.204572    9.603   16.079   -5.179 S_000003
   6 H   -46.489  170.337   38.453   80.982    0.000    0.000   77.111   37.716   89.789  173.636    0.310575   -1.369597   -0.570984   -0.788377   -1.513988   -1.624887   -1.876892   -0.715607   -1.203685   13.441   15.033   -0.426 S_000003
SCORE:     0.000                  0.000          0          0          2    S_000004
   1 H     0.000  170.252   55.279  132.938  -95.591 -142.640 -169.385  -33.604  170.820  113.252    0.356587   -0.413439   -1.427351   -0.797687   -1.365112   -1.725140   -1.949795   -0.735800   -1.190161    3.794    0.984    0.238 S_000004
   2 P    64.955 -176.237 -159.821  140.474 -124.701  153.667  110.981  -32.781  155.691  -90.814    0.364945   -0.355306   -1.437838   -0.779199   -1.283333   -1.826123   -1.920072   -0.786641   -1.156350    8.750   -0.814   -4.124 S_000004
   3 N   -80.783 -179.724  171.364  150.415 -105.293  -85.848  144.059  -41.493  160.580   18.623    0.335151   -0.050284   -1.486102   -0.714523   -1.063570   -1.925667   -1.885168   -0.721521   -1.203089   10.818    0.772   -9.591 S_000004
   4 P   -55.089  173.538   51.274   86.239 -171.549  -67.592   83.245   32.949   95.914  -70.659    0.342672   -1.321830   -0.669514   -0.812806   -1.480409   -1.664521   -1.893787   -0.695884   -1.209959    9.961    6.950  -11.248 S_000004
   5 N   -77.108 -171.866   61.317   90.812 -143.904  -89.830   64.856   31.271  102.146  -15.260    0.350160   -1.298444   -0.722435   -0.822697   -1.444803   -1.692876   -1.894240   -0.655055   -1.226986    8.055   12.749  -10.141 S_000004
   6 H   -62.604  173.750   56.397   77.459    0.000    0.000   82.806   38.403   94.472  -20.820    0.310064   -1.396062   -0.520953   -0.781177   -1.565484   -1.579192   -1.855705   -0.709133   -1.220933    6.639   17.958   -6.675 S_000004
SCORE:     0.001                  0.001          0          0          2    S_000005
   1 H     0.000  170.252   55.279   78.077    0.000    0.000   87.849   38.426   91.061 -100.203    0.317344   -1.385686   -0.526595   -0.770595   -1.527926   -1.573169   -1.866058   -0.720788   -1.172692    3.794    0.984    0.238 S_000005
   2 N     0.000 -179.981   46.930 -277.542  223.231  -76.362   74.287   37.646   86.042  179.884    0.349904   -1.291936   -0.726299   -0.745277   -1.316361   -1.793976   -1.879971   -0.662878   -1.237682    2.892    2.420    1.357 S_000005
   3 P   -59.523  166.277   46.665   81.650 -144.994  -58.370   66.155   41.416   91.029  -17.653    0.261869   -1.411378   -0.507054   -0.793494   -1.533492   -1.603717   -1.849622   -0.671110   -1.235829   -2.481    5.402    1.796 S_000005
   4 P   -49.738  167.759   48.674   90.253 -145.163  -82.021   94.684   35.234   91.486 -128.003    0.332924   -1.295275   -0.722964   -0.795111   -1.369852   -1.755580   -1.908702   -0.690851   -1.210297   -4.426    9.906   -1.208 S_000005
   5 P   149.024 -122.917  162.787   88.176  -69.299  -97.913   27.584   40.072   82.937  -31.278    0.310078   -1.307413   -0.706862   -0.752384   -1.299946   -1.797503   -1.897693   -0.706492   -1.221398   -4.391   10.791   -7.278 S_000005
   6 H   -37.944  160.458   40.944   81.246    0.000    0.000   68.688   42.416   83.240  -31.815    0.267250   -1.397512   -0.512305   -0.767017   -1.498408   -1.621865   -1.869266   -0.745054   -1.187937   -6.156    8.418  -12.705 S_000005
SCORE:     0.001                  0.001          0          0          0    S_000006
   1 H     0.000  170.252   55.279   79.617 -160.160  -72.430   74.956   37.853   93.531   -0.514    0.318075   -1.384074   -0.547610   -0.774933   -1.549001   -1.600650   -1.862495   -0.739163   -1.201622    3.794    0.984    0.238 S_000006
   2 P   -85.581 -143.552   69.849  101.037 -133.164   83.730  133.219    8.741  137.952  147.059    0.411073   -1.233164   -0.817218   -0.921321   -1.709954   -1.405645   -1.892399   -0.726349   -1.191837    8.766   -1.262   -3.758 S_000006
   3 N   -84.263 -166.406   49.960   86.886 -170.170  -64.250   68.444   35.150   92.055  -72.550    0.337560   -1.337429   -0.636850   -0.788906   -1.485206   -1.663358   -1.888532   -0.724273   -1.194978    6.042    1.988   -6.766 S_000006
   4 P   -30.646 -157.721   55.466   84.682 -156.119 -129.699   72.904   38.557   89.379 -145.507    0.321206   -1.346325   -0.628632   -0.763408   -1.434737   -1.701738   -1.873327   -0.689439   -1.228734    3.965    6.346   -9.949 S_000006
   5 P   -44.143  164.454   55.205  104.628  159.257 -102.510  117.659    3.187  128.802  -91.358    0.423189   -0.924497   -1.143440   -0.897898   -1.350859   -1.802328   -1.950464   -0.635540   -1.219405   -1.798    8.759  -10.751 S_000006
   6 H   -52.810  166.932   58.206   82.552    0.000    0.000   64.566   36.697   98.744   74.855    0.309946   -1.393694   -0.538520   -0.806789   -1.578269   -1.571880   -1.861998   -0.702641   -1.222969   -5.938   12.308   -9.631 S_000006
SCORE:     0.000                  0.000          0          0          1    S_000007
   1 H     0.000  170.252   55.279   92.929  -55.539   81.727   99.584   30.943  100.022  -15.140    0.343727   -1.299428   -0.720117   -0.832917   -1.458976   -1.688346   -1.910670   -0.676980   -1.221703    3.794    0.984    0.238 S_000007
   2 P   -63.652  175.409   42.833   87.164 -156.608  -42.655  116.149   30.610   97.025   60.989    0.339575   -1.289672   -0.737004   -0.830164   -1.457423   -1.704950   -1.903070   -0.710627   -1.198411    3.696    4.476   -0.126 S_000007
   3 P   -59.869  154.910   61.309   83.375 -129.673  -50.931   87.785   38.997   92.575  164.330    0.301409   -1.402926   -0.510407   -0.779092   -1.572177   -1.573672   -1.864042   -0.724631   -1.214028    4.622    9.311   -2.007 S_000007
   4 P   -82.455 -176.899   59.221   89.202 -122.881  -53.070  112.358   30.403  102.061  -18.980    0.350908   -1.309681   -0.708721   -0.831621   -1.489763   -1.668184   -1.902320   -0.687371   -1.218045    6.128   11.475   -7.681 S_000007
   5 N   -70.729 -167.343   36.826   79.617 -157.622  -58.035  167.549   37.052   93.797  -27.153    0.327346   -1.380537   -0.549399   -0.775994   -1.562543   -1.594474   -1.873869   -0.744661   -1.199195    1.569   11.140  -12.017 S_000007
   6 H   -63.024 -174.975   46.870   76.104    0.000    0.000   79.387   41.467   92.862  123.941    0.288913   -1.425182   -0.450366   -0.763789   -1.594819   -1.548506   -1.827671   -0.702346   -1.236244   -4.424   11.920  -11.628 S_000007
SCORE:     0.000                  0.000          0          0          0    S_000008
   1 H     0.000  170.252   55.279  107.424  -29.806   85.115   89.870    4.565  132.258   -5.516    0.448234   -0.969604   -1.083568   -0.853255   -1.401633   -1.742796   -1.927752   -0.658219   -1.220029    3.794    0.984    0.238 S_000008
   2 P   -56.179  152.797   62.539   78.160 -123.700  -59.631   70.068   39.274   91.799  -24.875    0.319873   -1.380822   -0.552876   -0.758037   -1.503617   -1.625206   -1.840817   -0.689995   -1.229152    6.435    3.340    1.300 S_000008
   3 N   -21.468 -178.534  -69.597  156.186 -135.504   85.454  -65.696  -41.272  158.681  179.933    0.306053    0.024184   -1.490902   -0.744354   -0.956581   -1.992521   -1.898098   -0.726758   -1.198544    8.764    8.613    0.608 S_000008
   4 N   -77.365 -176.338   58.391   74.765 -156.939  -70.647   91.071   44.888   87.462  179.939    0.248745   -1.459120   -0.342094   -0.753561   -1.660177   -1.477038   -1.817617   -0.771719   -1.193889    5.439   10.648   -2.581 S_000008
   5 N  -138.386  179.443   58.733  148.151  -89.175   82.707   75.143  -37.650  160.454  143.316    0.325265   -0.198800   -1.476784   -0.775624   -1.177306   -1.876394   -1.928698   -0.731446   -1.194396    2.103   13.491   -7.724 S_000008
   6 H   166.190  141.945  157.070  126.941    0.000    0.000  164.869   -4.364  114.030    8.840    0.428475   -0.562337   -1.355568   -0.858704   -0.975390   -2.060002   -1.947691   -0.680318   -1.208001    1.121   13.912  -12.671 S_000008
SCORE:     0.000                  0.000          0          0          2    S_000009
   1 H     0.000  170.252   55.279   82.661 -151.196   41.807   81.213   35.627  100.806  -27.560    0.319982   -1.373339   -0.550702   -0.797596   -1.574166   -1.566755   -1.847659   -0.696627   -1.223416    3.794    0.984    0.238 S_000009
   2 P  -130.596  173.662   44.068   82.845 -122.437  -99.451   98.136   32.303  101.066 -173.314    0.340401   -1.335005   -0.674374   -0.822276   -1.505352   -1.656986   -1.896035   -0.692440   -1.219885    2.421   -3.257   -3.184 S_000009
   3 P   -73.847 -172.675   51.622   85.905 -156.098  -81.336   76.263   35.508   98.143  -27.581    0.332018   -1.355026   -0.610011   -0.790228   -1.512986   -1.634457   -1.872778   -0.694498   -1.224222   -2.835   -1.916   -7.414 S_000009
   4 N   -48.435  155.508   49.239   80.198 -146.225  -50.782   75.044   35.259   96.852  -26.963    0.339257   -1.367455   -0.581542   -0.786670   -1.548476   -1.598325   -1.863854   -0.719721   -1.211238   -6.160    1.919  -10.109 S_000009
   5 P   -60.164  177.560   53.609   85.000 -137.774  -55.014   81.503   33.184   99.087  -15.129    0.349945   -1.357027   -0.597563   -0.796759   -1.566293   -1.583891   -1.881532   -0.734512   -1.191167   -7.073    7.711   -9.519 S_000009
   6 H   -60.548  166.373   61.509   81.602    0.000    0.000   67.641   38.392   94.627  179.926    0.304898   -1.388395   -0.547985   -0.786410   -1.539802   -1.608984   -1.873073   -0.720480   -1.207646   -3.559   12.358   -9.488 S_000009
SCORE:     0.000                  0.000          0          0          1    S_000010
   1 H     0.000  170.252   55.279   86.162 -127.966   73.638   91.205   33.617   99.514  -72.391    0.331265   -1.346443   -0.647111   -0.820350   -1.509078   -1.647167   -1.895720   -0.699805   -1.214104    3.794    0.984    0.238 S_000010
   2 N  -167.804  178.828   36.936   91.955 -148.088  -57.014   64.116   31.619   96.022  -15.983    0.367794   -1.275261   -0.733671   -0.793598   -1.412246   -1.717739   -1.907650   -0.719154   -1.195739    0.788    0.360   -4.484 S_000010
   3 P   -51.691  175.623   58.422  150.251  -82.106   85.819  135.471  -39.063  159.216   44.593    0.318912   -0.147112   -1.481663   -0.760591   -1.136673   -1.897411   -1.917463   -0.733657   -1.194430   -1.698    5.319   -2.600 S_000010
   4 N   -54.087 -135.779   52.898  145.450 -101.908  -62.505  157.579  -31.095  147.246   22.324    0.343324   -0.179091   -1.476723   -0.824205   -1.015411   -1.988225   -1.941976   -0.690244   -1.196709   -5.316    5.087   -3.908 S_000010
   5 P   178.374  129.701   52.361  143.985  -83.498  130.526   96.769  -33.752  155.368  -54.092    0.332207   -0.284888   -1.461262   -0.815500   -1.213238   -1.870668   -1.953210   -0.756321   -1.169935   -4.882    8.352   -9.800 S_000010
   6 H   -62.936  179.196   54.321   83.448    0.000    0.000   97.586   35.883  102.657  179.931    0.335485   -1.382908   -0.502587   -0.783131   -1.615207   -1.523522   -1.811853   -0.663256   -1.257401   -3.182   11.289  -13.641 S_000010
