SEQUENCE: gaaaaaag
SCORE:     score    rna_stub_coord_hack       N_WC      N_NWC       N_BS description
REMARK RNA 
SCORE:     4.294                  4.294          0          0          2    S_000001
   1 H     0.000  170.252   55.279   83.938  -91.538 -118.587   57.798   35.120   91.832  -14.600    0.347511   -1.344615   -0.614786   -0.778096   -1.502583   -1.634902   -1.871686   -0.711170   -1.203481    3.794    0.984    0.238 S_000001
   2 N   -54.634  166.691   55.860   85.037 -129.609 -110.975  100.718   36.344   90.871  -25.109    0.330195   -1.325527   -0.673885   -0.781730   -1.420125   -1.717619   -1.889890   -0.686563   -1.224726    6.717   -0.855   -5.493 S_000001
   3 P   161.921 -139.165  171.084  140.378 -102.348  161.473  147.689  -28.420  150.366   21.418    0.399046   -0.297674   -1.438023   -0.785233   -1.122437   -1.922316   -1.917220   -0.695077   -1.203103    3.941   -2.041  -11.679 S_000001
   4 P  -173.910 -150.992  149.500  127.998 -128.911 -142.558   91.482   -6.193  136.127   15.787    0.408280   -0.788743   -1.262842   -0.923571   -1.317920   -1.806812   -1.984235   -0.740556   -1.116661    4.144   -4.194  -18.271 S_000001
   5 P   -64.350  164.044   59.413   82.853 -174.287  -71.226   82.877   39.914   94.518 -118.472    0.269341   -1.398075   -0.518759   -0.788941   -1.561389   -1.592100   -1.859530   -0.677712   -1.215879    6.184   -6.633  -24.051 S_000001
   6 N   154.001 -151.352 -179.891   82.407 -120.265  -97.432   73.456   36.108   93.428  -28.641    0.344713   -1.332998   -0.644622   -0.766566   -1.453473   -1.682803   -1.865678   -0.702813   -1.218244    5.846   -6.852  -30.267 S_000001
   7 P   171.747  153.395  159.041  148.712 -150.900 -143.856  163.298  -31.676  141.216  -34.261    0.335662   -0.099384   -1.482186   -0.823846   -0.920479   -2.044532   -1.934389   -0.708140   -1.198506    5.525   -5.643  -37.364 S_000001
   8 H   127.480 -129.344   73.380   85.484    0.000    0.000   69.005   39.793   88.331  179.894    0.321329   -1.352811   -0.617662   -0.744831   -1.430757   -1.708827   -1.867285   -0.688411   -1.236771    2.829   -4.371  -43.188 S_000001
SCORE:     4.280                  4.280          0          0          1    S_000002
   1 H     0.000  170.252   55.279   86.076 -125.432  -78.402   54.234   34.663   96.372  -21.607    0.325478   -1.338125   -0.622164   -0.798112   -1.502123   -1.629288   -1.888552   -0.725951   -1.195714    3.794    0.984    0.238 S_000002
   2 P  -145.272  107.505  161.174   94.670  147.437  143.710   84.320   28.447   90.169 -113.690    0.361024   -1.094483   -0.996074   -0.845065   -1.073377   -1.943138   -1.954076   -0.689021   -1.181845    7.353   -1.252   -5.012 S_000002
   3 P   -75.515  159.300   66.553   78.918 -164.801 -102.134   72.670   37.717   92.960   76.351    0.311854   -1.413087   -0.494506   -0.788938   -1.617870   -1.539085   -1.866826   -0.755681   -1.193985    7.108   -1.726  -11.470 S_000002
   4 P  -160.249  166.068  171.487   91.115 -136.630 -101.713   76.539   34.876   95.142  175.357    0.323572   -1.335492   -0.650661   -0.813480   -1.473315   -1.673547   -1.901744   -0.711585   -1.198626    8.022   -2.100  -18.414 S_000002
   5 P   -60.599  162.009   59.939  140.771 -155.496 -143.261  171.462  -38.712  164.591  -23.422    0.312444   -0.271307   -1.489031   -0.770005   -1.280109   -1.824124   -1.924378   -0.767040   -1.192114    8.280   -4.259  -24.427 S_000002
   6 P   -67.601  173.259   58.690  157.464 -135.211 -147.785  162.259  -40.470  165.113 -137.280    0.315507    0.031025   -1.496384   -0.749112   -0.932260   -1.997702   -1.908468   -0.713312   -1.224472    7.059   -4.626  -30.903 S_000002
   7 P   -82.645 -177.969   72.751  145.260 -157.503 -148.229  111.875  -38.545  157.429  -12.075    0.322205   -0.223436   -1.480851   -0.764697   -1.222995   -1.851784   -1.919902   -0.771160   -1.168755    5.481   -3.336  -37.474 S_000002
   8 H  -170.244  131.383  165.435   90.056    0.000    0.000   76.066   29.020   90.863  -13.154    0.410567   -1.224086   -0.810124   -0.766087   -1.359641   -1.768725   -1.883837   -0.721782   -1.191835    3.665   -2.866  -44.354 S_000002
SCORE:     4.107                  4.107          0          1          1    S_000003
   1 H     0.000  170.252   55.279   86.483  -93.070 -149.834   89.714   35.791   96.957  -55.578    0.315521   -1.363351   -0.605400   -0.807516   -1.519179   -1.632664   -1.878760   -0.692821   -1.221625    3.794    0.984    0.238 S_000003
   2 P   152.152 -163.414 -179.476   84.601 -123.902  -66.177 -118.488   34.496  101.644  -20.596    0.339854   -1.349021   -0.617645   -0.796396   -1.515504   -1.627416   -1.872576   -0.688085   -1.219292    5.931   -0.127   -6.529 S_000003
   3 P  -109.264   96.810 -179.224   92.000 -141.924  -60.605   93.275   28.408  101.169  179.782    0.366282   -1.252837   -0.792965   -0.834175   -1.405190   -1.732276   -1.922684   -0.678041   -1.203733    5.844   -1.083  -12.380 S_000003
   4 N  -178.810  153.055  135.770  106.704 -138.327 -112.358  127.377   22.478   87.323  -11.418    0.409131   -0.973460   -1.098711   -0.809248   -1.028300   -2.013690   -1.923910   -0.665663   -1.225656    7.671   -0.440  -18.923 S_000003
   5 P  -174.180  152.972 -160.333  104.826 -142.767  -78.703   76.242   19.884  101.194  179.947    0.387962   -1.086681   -0.991172   -0.843871   -1.294637   -1.855867   -1.944422   -0.700499   -1.202484    7.884   -1.884  -26.036 S_000003
   6 P   -68.290  165.624   53.091  148.683 -120.580  175.250  113.124  -37.907  158.220 -145.963    0.336084   -0.197418   -1.472562   -0.755729   -1.177993   -1.869278   -1.909839   -0.730576   -1.194448    8.431   -1.248  -32.201 S_000003
   7 P   -99.143  177.713   79.058   85.411 -148.231  -83.969   82.472   35.608   97.203  179.907    0.332057   -1.343698   -0.639068   -0.785888   -1.460087   -1.653040   -1.871584   -0.626858   -1.259185    9.861   -1.982  -38.534 S_000003
   8 H   -62.313  170.123   53.962   75.517    0.000    0.000   84.519   38.949   94.282  179.898    0.290761   -1.442606   -0.405100   -0.784893   -1.691208   -1.444708   -1.844144   -0.792221   -1.167108   10.198   -1.730  -44.771 S_000003
SCORE:     4.218                  4.218          0          1          1    S_000004
   1 H     0.000  170.252   55.279   79.497 -148.901  131.341  125.413   32.334  101.989  -23.493    0.328555   -1.388572   -0.548782   -0.829440   -1.646745   -1.507234   -1.876202   -0.756160   -1.180739    3.794    0.984    0.238 S_000004
   2 P   153.109 -158.615  171.108   84.708 -138.125  -69.612   57.715   37.635   93.652  -13.792    0.321789   -1.360366   -0.593188   -0.773049   -1.495954   -1.649786   -1.864180   -0.695157   -1.223989    3.684    1.658   -6.486 S_000004
   3 P   -81.869 -144.417   42.355   83.716 -166.286  -95.356   78.680   36.718   93.538 -116.110    0.313485   -1.366131   -0.599344   -0.801145   -1.509007   -1.642587   -1.888563   -0.710248   -1.211298    4.052    2.095  -13.288 S_000004
   4 P   -87.787  177.868   72.488  125.142 -164.828 -151.898  111.548  -19.213  150.164  -29.735    0.411216   -0.574601   -1.357123   -0.857597   -1.302692   -1.814919   -1.954673   -0.693383   -1.189634    5.102   -1.237  -18.800 S_000004
   5 N   -56.971  153.570   56.017   90.278 -176.240 -115.163   79.715   39.462   95.358 -126.721    0.314034   -1.294961   -0.734265   -0.728566   -1.323899   -1.826231   -1.853260   -0.638490   -1.263668    5.905   -3.053  -24.641 S_000004
   6 P  -163.415 -164.775  171.520   87.292 -173.272  -90.210   95.538   33.873  101.998   69.427    0.333059   -1.348368   -0.630589   -0.813263   -1.521104   -1.634527   -1.885456   -0.693273   -1.220867    7.361   -4.741  -31.303 S_000004
   7 P   165.278  167.371  175.594   83.822 -158.281  -75.127   89.459   36.330   91.172 -137.030    0.339110   -1.327173   -0.662258   -0.772025   -1.433257   -1.708364   -1.881501   -0.696938   -1.221572    7.248   -5.440  -38.122 S_000004
   8 H   -71.417  154.203   77.418   85.586    0.000    0.000   77.346   34.045   99.227  179.955    0.344486   -1.347102   -0.628938   -0.790194   -1.517705   -1.630155   -1.868341   -0.696953   -1.224340    6.629   -4.663  -43.884 S_000004
SCORE:     4.530                  4.530          0          0          0    S_000005
   1 H     0.000  170.252   55.279   79.018 -155.902 -117.977   61.746   45.917   80.643  179.894    0.284812   -1.415559   -0.506387   -0.701638   -1.435887   -1.659726   -1.873313   -0.781043   -1.187363    3.794    0.984    0.238 S_000005
   2 P   -61.782 -140.498   56.795  140.224 -153.193 -144.278  165.784  -33.826  159.973  156.711    0.349592   -0.388033   -1.431578   -0.793415   -1.340736   -1.762595   -1.940106   -0.795494   -1.147865    7.888    1.131   -5.259 S_000005
   3 P   152.594  176.327  171.244   91.237 -151.427  -73.024   82.556   36.730   87.095   -0.293    0.324489   -1.292433   -0.740995   -0.782053   -1.325054   -1.790390   -1.912036   -0.712281   -1.201892    8.697    0.463  -12.452 S_000005
   4 P  -133.435  121.623  159.513   84.107 -132.282  -83.506   67.169   34.547   94.201  -27.447    0.328492   -1.348144   -0.633645   -0.807308   -1.509568   -1.647897   -1.897709   -0.723428   -1.200444    9.316   -0.451  -18.791 S_000005
   5 N  -148.022  144.508 -177.617   93.488 -141.099  -71.036   13.511   23.881  123.218   -7.754    0.352280   -1.397577   -0.511532   -0.899902   -1.787483   -1.297851   -1.871512   -0.779200   -1.153331    9.908    0.042  -25.677 S_000005
   6 N  -178.810  153.055  135.770  106.704 -138.327 -112.358  127.377   22.478   87.323  -11.418    0.409131   -0.973460   -1.098711   -0.809248   -1.028300   -2.013690   -1.923910   -0.665663   -1.225656    8.879    1.942  -32.278 S_000005
   7 N   -82.271  172.114   71.616   80.521 -160.375  -99.196   70.829   44.016   88.946  179.870    0.249433   -1.421755   -0.466358   -0.764929   -1.531784   -1.596253   -1.827971   -0.670077   -1.241417    8.511    2.070  -39.038 S_000005
   8 H    38.398 -160.385   41.009   78.985    0.000    0.000   90.224   35.768   90.536  -70.802    0.355939   -1.350333   -0.646425   -0.768221   -1.455487   -1.669342   -1.895978   -0.754942   -1.178422    8.442    0.964  -44.769 S_000005
SCORE:     4.303                  4.303          0          0          1    S_000006
   1 H     0.000  170.252   55.279   73.231 -124.378 -118.805   48.087   39.580  100.902  -24.197    0.303606   -1.439324   -0.369332   -0.770565   -1.692112   -1.418804   -1.808154   -0.751167   -1.204139    3.794    0.984    0.238 S_000006
   2 N   -70.975 -163.579   68.602   82.955 -149.310  -62.038   75.059   38.997   94.149  -28.045    0.304613   -1.388713   -0.549169   -0.779660   -1.524145   -1.618096   -1.864917   -0.704440   -1.217402    7.046   -0.062   -5.877 S_000006
   3 N  -148.022  144.508 -177.617   93.488 -141.099  -71.036   13.511   23.881  123.218   -7.754    0.352280   -1.397577   -0.511532   -0.899902   -1.787483   -1.297851   -1.871512   -0.779200   -1.153331    5.641   -2.235  -11.984 S_000006
   4 P   171.747  153.395  159.041  148.712 -150.900 -143.856  163.298  -31.676  141.216  -34.261    0.335662   -0.099384   -1.482186   -0.823846   -0.920479   -2.044532   -1.934389   -0.708140   -1.198506    4.547   -2.926  -18.814 S_000006
   5 N   -80.969 -175.227   49.417   80.924 -153.452 -100.862   79.161   34.744  101.551  -19.887    0.310270   -1.415368   -0.471864   -0.825820   -1.680216   -1.457131   -1.843195   -0.733973   -1.193321    5.262   -5.156  -25.266 S_000006
   6 P  -165.001  161.303 -173.575  133.891 -106.070  178.271  117.532  -28.074  146.438 -179.088    0.378253   -0.295046   -1.451292   -0.812423   -1.111908   -1.949506   -1.943126   -0.708633   -1.198702    1.987   -5.972  -31.518 S_000006
   7 P    83.617  160.551  176.606   83.500 -159.341  -57.713   74.222   37.339   97.146  -10.021    0.332289   -1.373751   -0.560492   -0.765511   -1.542821   -1.611805   -1.854567   -0.709532   -1.227594    2.927   -3.574  -38.038 S_000006
   8 H   -57.998  177.251   50.955   75.130    0.000    0.000   97.452   39.837   98.427  -19.987    0.270052   -1.461232   -0.347119   -0.810176   -1.734163   -1.400872   -1.831093   -0.774987   -1.184125    3.581   -3.604  -43.861 S_000006
SCORE:     4.364                  4.364          0          0          0    S_000007
   1 H     0.000  170.252   55.279   82.828 -122.973  -90.554   75.043   34.460   99.774  -22.689    0.331961   -1.371642   -0.581271   -0.801555   -1.573001   -1.584733   -1.874819   -0.723929   -1.205355    3.794    0.984    0.238 S_000007
   2 P   -97.972 -152.339   81.706  124.769 -146.581  162.724  125.829  -16.565  146.909   34.182    0.440902   -0.620888   -1.321854   -0.837849   -1.312903   -1.792966   -1.931445   -0.672971   -1.201510    6.972   -1.899   -5.420 S_000007
   3 P   169.387 -149.487  155.553   85.919 -111.634 -105.245   58.290   34.295   93.869 -174.200    0.347326   -1.316032   -0.673149   -0.786606   -1.451213   -1.690182   -1.888674   -0.697197   -1.209516    8.414   -2.240  -12.380 S_000007
   4 P    39.640 -128.858  -82.005   88.559 -145.545 -103.754   92.429   33.935   99.147   28.726    0.323246   -1.356643   -0.614744   -0.823361   -1.539259   -1.616040   -1.902007   -0.737832   -1.184765    8.596   -3.065  -18.202 S_000007
   5 P   145.834  169.864  160.515  116.771 -150.825  -95.969  116.851    6.639  112.778  -49.780    0.428419   -0.827735   -1.201961   -0.850477   -1.142936   -1.957796   -1.955336   -0.681649   -1.210816    7.743   -1.470  -25.062 S_000007
   6 P  -127.098 -118.371 -175.896   81.208  178.526  -67.112   87.047   27.341  111.615  177.088    0.350710   -1.380316   -0.536550   -0.864500   -1.712024   -1.401043   -1.876825   -0.710853   -1.179871    6.577   -3.234  -31.963 S_000007
   7 N   -84.698  177.546   65.525   77.374 -140.536  -89.044   99.698   36.632  105.158  -95.042    0.266747   -1.420851   -0.454751   -0.858307   -1.653777   -1.466762   -1.821859   -0.644336   -1.254158    7.454   -5.757  -37.307 S_000007
   8 H   -65.457  174.098   58.404   80.608    0.000    0.000   75.260   40.925   91.649  179.932    0.287082   -1.400654   -0.530812   -0.771742   -1.516429   -1.625416   -1.866824   -0.710937   -1.217764    6.081   -7.097  -43.481 S_000007
SCORE:     4.342                  4.342          0          0          1    S_000008
   1 H     0.000  170.252   55.279   86.564 -110.100 -144.677   78.577   33.731   96.681  -23.616    0.340436   -1.326932   -0.664986   -0.801660   -1.475791   -1.668246   -1.893101   -0.703414   -1.208305    3.794    0.984    0.238 S_000008
   2 P   -73.359  173.409   52.926   85.748 -141.299 -147.243   74.447   36.539   94.030  -97.849    0.324570   -1.357679   -0.610091   -0.787644   -1.497085   -1.651435   -1.883916   -0.708617   -1.213908    7.243    1.371   -5.616 S_000008
   3 N   145.215 -123.261  174.675   85.487 -129.367 -105.326   61.689   34.708   94.693  -16.002    0.341282   -1.320596   -0.682879   -0.791461   -1.438928   -1.705229   -1.892384   -0.688770   -1.219794    6.896    0.241  -12.322 S_000008
   4 P   -56.602  169.819   59.880  148.016 -135.011  178.478  120.148  -32.889  143.708  -19.080    0.344597   -0.101549   -1.481717   -0.800183   -0.950280   -2.028627   -1.919452   -0.736545   -1.187799    7.531   -1.233  -18.681 S_000008
   5 P   171.747  153.395  159.041  148.712 -150.900 -143.856  163.298  -31.676  141.216  -34.261    0.335662   -0.099384   -1.482186   -0.823846   -0.920479   -2.044532   -1.934389   -0.708140   -1.198506    8.184   -1.878  -25.729 S_000008
   6 N   129.683 -161.609 -146.098   97.100 -118.342  -62.822   67.834   34.474   83.394  -29.968    0.314209   -1.192615   -0.890117   -0.817388   -1.149165   -1.907865   -1.944399   -0.709709   -1.192083   10.950   -1.689  -32.113 S_000008
   7 P   173.355  125.936  172.381   92.573 -126.321  -63.423   74.322   39.444   80.014  179.963    0.248303   -1.280816   -0.752540   -0.820131   -1.269836   -1.836540   -1.977263   -0.755674   -1.188652   10.361   -1.089  -38.954 S_000008
   8 H   -42.290  159.336   45.639   80.299    0.000    0.000   69.578   37.402   95.301  179.895    0.327190   -1.362497   -0.590892   -0.770067   -1.500927   -1.641716   -1.845975   -0.684483   -1.233905    8.055   -2.671  -43.941 S_000008
SCORE:     4.071                  4.071          0          0          3    S_000009
   1 H     0.000  170.252   55.279   78.988 -126.223  -85.053   54.868   36.282   98.548 -135.446    0.344312   -1.377677   -0.568130   -0.761537   -1.559533   -1.598995   -1.825059   -0.704038   -1.211875    3.794    0.984    0.238 S_000009
   2 P  -156.241 -172.309  170.358   90.579 -122.463  -73.511   97.000   24.621  116.504  -13.486    0.341843   -1.336481   -0.672589   -0.910049   -1.622569   -1.515204   -1.903182   -0.698196   -1.184257    6.611   -2.789   -5.000 S_000009
   3 P  -160.249  166.068  171.487   91.115 -136.630 -101.713   76.539   34.876   95.142  175.357    0.323572   -1.335492   -0.650661   -0.813480   -1.473315   -1.673547   -1.901744   -0.711585   -1.198626    7.297   -5.164  -11.455 S_000009
   4 P  -173.910 -150.992  149.500  127.998 -128.911 -142.558   91.482   -6.193  136.127   15.787    0.408280   -0.788743   -1.262842   -0.923571   -1.317920   -1.806812   -1.984235   -0.740556   -1.116661    8.015   -5.940  -18.460 S_000009
   5 N   -57.380  151.110   57.385   88.433 -160.417 -148.338   69.450   35.017   95.596  -46.719    0.335047   -1.310783   -0.706439   -0.795816   -1.405901   -1.735772   -1.898067   -0.670696   -1.232076    7.159   -7.913  -24.461 S_000009
   6 P   142.544 -157.660  173.092   85.374 -123.104  -81.917   64.767   36.586   87.722  133.333    0.352495   -1.281592   -0.730813   -0.752846   -1.327217   -1.787262   -1.878978   -0.671597   -1.222844    7.413   -9.528  -31.253 S_000009
   7 P  -170.283  161.190 -176.306  140.990 -163.860 -102.059  133.153  -32.306  149.951  165.152    0.350717   -0.168927   -1.477787   -0.803819   -1.029144   -1.981828   -1.933928   -0.657356   -1.225843    5.477   -8.508  -37.941 S_000009
   8 H   -71.420 -178.863   53.824  153.803    0.000    0.000  161.142  -31.947  148.104   21.387    0.354720   -0.105111   -1.489691   -0.806707   -0.932709   -2.015144   -1.932281   -0.626446   -1.223873    2.233   -9.395  -43.506 S_000009
SCORE:     4.289                  4.289          0          1          0    S_000010
   1 H     0.000  170.252   55.279  112.047 -112.021 -176.728  177.321    5.611  112.763    4.764    0.433645   -0.865771   -1.182089   -0.848736   -1.229591   -1.921582   -1.944991   -0.698117   -1.201737    3.794    0.984    0.238 S_000010
   2 N   140.409 -177.058  166.147  127.764  -83.121 -100.912  123.489  -20.721  136.478  -80.143    0.432444   -0.202361   -1.451235   -0.814471   -0.824471   -2.084192   -1.921199   -0.667198   -1.221491    8.279    1.762   -5.280 S_000010
   3 N  -161.912  144.831  163.138   87.020 -163.361  -72.898   66.879   36.893   92.007  -14.838    0.313333   -1.374187   -0.573869   -0.796398   -1.534179   -1.616031   -1.894495   -0.762736   -1.174099    9.720    1.725  -12.125 S_000010
   4 P   -66.289  165.431   54.995   85.578 -149.242  -64.014   87.713   39.068   88.416  -25.064    0.316065   -1.347322   -0.631347   -0.762678   -1.422031   -1.710143   -1.879086   -0.690536   -1.227573   11.578    1.927  -17.718 S_000010
   5 P   -75.584 -132.085   91.249  104.268 -149.224 -171.848  102.423   18.612  131.713   -5.683    0.419027   -1.215611   -0.813500   -0.840430   -1.584066   -1.635919   -1.826410   -0.644085   -1.278143   10.784   -0.462  -23.951 S_000010
   6 P   119.802 -147.111 -144.526  109.569 -143.800  -81.732   76.992   10.507  113.777 -142.370    0.392724   -1.039526   -1.039210   -0.879472   -1.411159   -1.786625   -1.952807   -0.730573   -1.180027   13.287   -0.352  -30.230 S_000010
   7 N   153.892 -141.795  167.120   90.150 -140.999 -172.900  120.377   29.336   99.989 -144.515    0.391187   -1.231714   -0.791754   -0.780320   -1.371883   -1.747462   -1.876007   -0.673329   -1.208973   15.016    0.234  -36.386 S_000010
   8 H   -66.427 -178.221   54.996   72.793    0.000    0.000   87.605   41.293   95.976  113.874    0.268783   -1.450929   -0.370984   -0.790396   -1.660901   -1.444958   -1.810089   -0.716242   -1.218774   18.815   -0.092  -41.716 S_000010
