SEQUENCE: gaaaaag
SCORE:     score    rna_stub_coord_hack       N_WC      N_NWC       N_BS description
REMARK RNA 
SCORE:    10.639                 10.639          0          0          0    S_000001
   1 H     0.000  170.252   55.279   71.830    0.000    0.000   79.141   38.789   97.135  179.919    0.302066   -1.407842   -0.510832   -0.787683   -1.571380   -1.570566   -1.828152   -0.669578   -1.246409    3.794    0.984    0.238 S_000001
   2 P   105.521  156.804  148.628  159.247 -128.125 -110.056   82.304  -40.995  149.473 -171.489    0.270028    0.135892   -1.494581   -0.790297   -0.798343   -2.074916   -1.911233   -0.674598   -1.221385    3.252    4.248    0.725 S_000001
   3 N   154.453 -138.292  168.142   87.170  -91.684 -131.245   70.959   30.507  104.033  -13.126    0.352127   -1.329675   -0.667614   -0.827063   -1.539136   -1.622829   -1.893458   -0.701079   -1.209808    5.133    6.822    6.709 S_000001
   4 P  -173.910 -150.992  149.500  127.998 -128.911 -142.558   91.482   -6.193  136.127   15.787    0.408280   -0.788743   -1.262842   -0.923571   -1.317920   -1.806812   -1.984235   -0.740556   -1.116661    8.341   12.175   10.236 S_000001
   5 P   -53.182 -178.366   59.806  156.527  -94.573 -113.801  131.240  -40.278  159.566   37.763    0.314828   -0.035122   -1.489133   -0.749532   -1.016250   -1.963925   -1.909458   -0.679962   -1.228138   11.615   17.121   13.400 S_000001
   6 N   -74.739 -167.085   66.450  144.617 -154.188  130.603   94.184  -30.442  149.273  141.657    0.359128   -0.249561   -1.457071   -0.807965   -1.095051   -1.938301   -1.936686   -0.718207   -1.184371   12.107   23.146   16.936 S_000001
   7 H   -87.614 -172.668   59.610   76.336    0.000    0.000   80.968   40.523   96.449  -79.643    0.279868   -1.448244   -0.379845   -0.784300   -1.691781   -1.450462   -1.810093   -0.736082   -1.220965   16.012   25.202   21.247 S_000001
SCORE:    12.545                 12.545          0          0          0    S_000002
   1 H     0.000  170.252   55.279  105.455  -42.841   88.486   82.003   -2.196  136.400 -152.234    0.430725   -0.994819   -1.075472   -0.890721   -1.561579   -1.604279   -1.946214   -0.753783   -1.158869    3.794    0.984    0.238 S_000002
   2 P   -66.973  173.475   68.286  137.907  -77.343  141.002  117.624  -17.512  137.272    4.519    0.452995   -0.419113   -1.378158   -0.806682   -1.063678   -1.954233   -1.924759   -0.651630   -1.215380    5.398    4.390    0.670 S_000002
   3 P   145.559 -147.661 -179.920   89.636 -147.948 -121.251  142.316   19.265  124.361   72.826    0.378876   -1.314939   -0.680925   -0.895597   -1.696331   -1.431095   -1.862822   -0.708039   -1.208086    3.886    8.556    5.384 S_000002
   4 P   -81.278  160.451   36.664  147.765 -122.676  177.149  127.911  -37.756  158.866   25.568    0.322436   -0.173818   -1.479190   -0.776279   -1.147026   -1.895369   -1.926609   -0.725853   -1.194474    2.635    9.049   11.802 S_000002
   5 P   164.357  159.365   60.226  155.732 -127.704  171.416  109.333  -39.352  157.983   71.282    0.316599   -0.047323   -1.489035   -0.763868   -1.016590   -1.968385   -1.910011   -0.701604   -1.218509    1.666   11.599   18.354 S_000002
   6 P   161.921 -139.165  171.084  140.378 -102.348  161.473  147.689  -28.420  150.366   21.418    0.399046   -0.297674   -1.438023   -0.785233   -1.122437   -1.922316   -1.917220   -0.695077   -1.203103    5.353   12.232   24.369 S_000002
   7 H   -60.178  176.079   54.525   79.245    0.000    0.000   75.988   37.678   98.317  -21.238    0.312116   -1.405560   -0.486657   -0.785144   -1.614187   -1.526707   -1.828725   -0.703176   -1.226723    3.524   11.461   29.997 S_000002
SCORE:     9.929                  9.929          0          0          1    S_000003
   1 H     0.000  170.252   55.279  113.898   11.561   52.393  127.184   -5.435  138.967   -7.831    0.452166   -0.760220   -1.239855   -0.852838   -1.284262   -1.825875   -1.941430   -0.646447   -1.216674    3.794    0.984    0.238 S_000003
   2 P   -63.250  175.683   65.794  149.949 -131.110 -149.590  116.670  -46.360  165.701  151.659    0.291047   -0.023190   -1.497427   -0.685692   -1.116595   -1.889345   -1.874813   -0.741826   -1.205416    6.036    1.721    2.682 S_000003
   3 N  -148.162  164.915  118.385  145.355 -109.323 -178.043  158.161  -25.949  134.973  153.436    0.357113   -0.162484   -1.477571   -0.854725   -0.883260   -2.080780   -1.943630   -0.688761   -1.201220    7.061    4.646    9.140 S_000003
   4 N   155.679 -149.505  166.445   84.054 -141.781  -64.575   70.124   34.931   96.495  179.932    0.334828   -1.347269   -0.634763   -0.796373   -1.497613   -1.654289   -1.887770   -0.705176   -1.213021    7.817    6.448   15.981 S_000003
   5 N  -113.350 -111.411  167.475   84.702 -143.828  -56.326   71.787   37.497   90.739  -18.313    0.313563   -1.356055   -0.622734   -0.790878   -1.464630   -1.678770   -1.889294   -0.698923   -1.216238    6.943   10.646   21.523 S_000003
   6 N   -70.134 -122.951   45.259  145.902 -161.667 -171.927  171.592  -29.237  145.130  -58.222    0.361392   -0.244021   -1.440161   -0.820842   -1.065751   -1.938745   -1.941641   -0.708015   -1.187291    6.429   12.257   27.928 S_000003
   7 H   -69.797 -178.942   47.425   81.210    0.000    0.000   79.485   39.308   91.256  179.926    0.303320   -1.397092   -0.521904   -0.777356   -1.550816   -1.595381   -1.867350   -0.719318   -1.211933    9.093   14.011   33.712 S_000003
SCORE:    10.441                 10.441          0          0          1    S_000004
   1 H     0.000  170.252   55.279  106.170   75.955   -1.312  164.441   -3.140  135.043 -170.108    0.445626   -0.858437   -1.186027   -0.869478   -1.382080   -1.770539   -1.947288   -0.687305   -1.199117    3.794    0.984    0.238 S_000004
   2 P  -145.987  156.330 -171.280   97.698 -150.657  -84.135   71.724   29.301   97.426  177.190    0.377424   -1.188179   -0.884020   -0.797503   -1.265138   -1.847696   -1.920332   -0.677393   -1.214796    6.984    1.586    2.666 S_000004
   3 P   -68.680  169.651   59.758   76.906 -168.263  -72.640   94.690   42.931   87.237 -104.066    0.287431   -1.404180   -0.511350   -0.742934   -1.486376   -1.628986   -1.834658   -0.682669   -1.236519    6.554    4.570    8.175 S_000004
   4 P   171.747  153.395  159.041  148.712 -150.900 -143.856  163.298  -31.676  141.216  -34.261    0.335662   -0.099384   -1.482186   -0.823846   -0.920479   -2.044532   -1.934389   -0.708140   -1.198506    9.096    8.191   13.371 S_000004
   5 N  -174.783  120.716  177.399  150.472 -127.479 -150.643  -46.738  -38.379  156.036  172.165    0.295515   -0.075973   -1.493365   -0.801078   -1.032701   -1.963612   -1.942754   -0.690149   -1.211052   10.707   10.923   19.763 S_000004
   6 N    76.258 -179.701  177.603  148.350 -103.608  -85.361   42.004  -32.910  144.229  178.893    0.346401   -0.089160   -1.482494   -0.800593   -0.935956   -2.038211   -1.916936   -0.748185   -1.180112    9.501   14.877   25.286 S_000004
   7 H   -68.671 -176.950   58.676   85.829    0.000    0.000   73.898   35.695   92.781  179.943    0.315657   -1.373251   -0.565025   -0.812090   -1.555036   -1.586740   -1.897164   -0.742560   -1.180050   11.085   14.686   31.753 S_000004
SCORE:    12.170                 12.170          0          0          1    S_000005
   1 H     0.000  170.252   55.279   88.636  -54.544   77.598  105.489   34.955   90.707  -21.571    0.331329   -1.289013   -0.731679   -0.801761   -1.355314   -1.757011   -1.906471   -0.672243   -1.219425    3.794    0.984    0.238 S_000005
   2 N   -52.617  156.804 -174.176  147.794 -151.862  168.082  105.149  -41.063  162.423   29.196    0.311768   -0.127916   -1.484678   -0.741184   -1.152404   -1.890976   -1.912666   -0.723034   -1.214936    3.953    4.178    0.071 S_000005
   3 P   145.178 -156.034 -172.353   84.988 -133.611  -72.916   57.863   38.515   89.648  -30.107    0.312455   -1.350548   -0.616806   -0.776444   -1.446986   -1.689238   -1.877180   -0.694361   -1.217785    7.605    7.126    5.292 S_000005
   4 N   -63.057  160.011   67.598   79.833 -139.058 -108.564   75.137   38.571  101.580  -23.104    0.358294   -1.376783   -0.567260   -0.715234   -1.506281   -1.626399   -1.797486   -0.644083   -1.274216   10.481   10.099    9.720 S_000005
   5 P   -75.515  159.300   66.553   78.918 -164.801 -102.134   72.670   37.717   92.960   76.351    0.311854   -1.413087   -0.494506   -0.788938   -1.617870   -1.539085   -1.866826   -0.755681   -1.193985   12.666   12.841   15.202 S_000005
   6 N  -175.547  106.994   64.412  108.286  -74.246  153.496   70.246    6.174  143.243   -4.259    0.401714   -1.157875   -0.931547   -0.941990   -1.614438   -1.504884   -1.915754   -0.648170   -1.219256   14.162   13.736   22.026 S_000005
   7 H   -54.994  178.356   49.661   81.952    0.000    0.000   87.699   38.633   90.651   81.220    0.318739   -1.362123   -0.600566   -0.767896   -1.469297   -1.672974   -1.873520   -0.703444   -1.227189   14.213   16.363   27.165 S_000005
SCORE:    12.299                 12.299          0          1          0    S_000006
   1 H     0.000  170.252   55.279   81.308 -161.394  -68.503   74.530   36.460   94.309  179.897    0.329564   -1.371956   -0.569497   -0.780077   -1.545726   -1.604857   -1.866407   -0.719525   -1.212148    3.794    0.984    0.238 S_000006
   2 N     0.000  -85.740  108.516 -293.004  209.662 -103.987   72.069   50.861   88.627  179.925    0.202691   -1.503055   -0.143897   -0.712355   -1.736091   -1.342554   -1.762736   -0.781134   -1.203132    8.050    0.401   -1.662 S_000006
   3 P  -154.050  145.148  124.520   89.904 -156.931 -129.437   98.571   22.752  116.377   53.243    0.366115   -1.304268   -0.738772   -0.890164   -1.596323   -1.568220   -1.925176   -0.727709   -1.180955    8.121    4.328    4.173 S_000006
   4 N  -175.101 -147.674  159.572  141.718  176.133  146.872   62.364  -31.811 -103.226   76.911    0.331832   -0.177856   -1.485199   -0.843536   -1.029654   -1.962328   -1.977627   -0.691472   -1.204184    8.413    9.294    9.367 S_000006
   5 P   156.353 -133.222  164.035   85.022 -132.078  -70.133   56.405   35.699   92.955  -23.381    0.337490   -1.334670   -0.638481   -0.784103   -1.465449   -1.671942   -1.879859   -0.693833   -1.214504    9.602   12.365   15.516 S_000006
   6 P   -83.459 -169.228   58.253   83.358   52.826  125.135  129.335   18.604  127.801   57.716    0.383809   -1.280962   -0.739637   -0.899868   -1.635654   -1.494238   -1.869344   -0.658307   -1.238128   12.862   15.636   20.301 S_000006
   7 H   -67.341  170.230   46.925   84.108    0.000    0.000   77.713   43.309   81.847  -16.917    0.287222   -1.373544   -0.596978   -0.743595   -1.374343   -1.725055   -1.887850   -0.712736   -1.214796   15.586   20.691   23.107 S_000006
SCORE:    10.569                 10.569          0          0          0    S_000007
   1 H     0.000  170.252   55.279   77.459    0.000    0.000   82.806   38.403   94.472  -20.820    0.310064   -1.396062   -0.520953   -0.781177   -1.565484   -1.579192   -1.855705   -0.709133   -1.220933    3.794    0.984    0.238 S_000007
   2 P    82.833 -160.785 -175.900  111.331 -115.087  -79.232   74.698   14.592   98.478   -8.178    0.421818   -0.873490   -1.181530   -0.840347   -1.030777   -2.018167   -1.947038   -0.652441   -1.224938    3.707    3.034    1.462 S_000007
   3 N  -148.162  164.915  118.385  145.355 -109.323 -178.043  158.161  -25.949  134.973  153.436    0.357113   -0.162484   -1.477571   -0.854725   -0.883260   -2.080780   -1.943630   -0.688761   -1.201220    6.711    6.868    6.401 S_000007
   4 N  -173.868 -178.616  179.685   86.902 -146.045  -72.431   81.778   39.756   88.577  -12.629    0.302540   -1.355778   -0.621490   -0.770300   -1.422934   -1.707921   -1.886028   -0.702878   -1.216575    9.591   10.148   12.001 S_000007
   5 P  -177.185 -173.566  155.371  145.456  -98.754  179.352  138.838  -24.197  141.689  170.602    0.366879   -0.185448   -1.467973   -0.847005   -0.869502   -2.069646   -1.938630   -0.653402   -1.218242   10.600   15.258   16.407 S_000007
   6 P  -157.150  169.410  110.578  104.111 -131.679  -77.715   57.371   22.137   94.012   10.621    0.396541   -1.070534   -1.015764   -0.815080   -1.217123   -1.916786   -1.923891   -0.676323   -1.227813   11.435   17.725   22.741 S_000007
   7 H   -59.839  172.617   50.970   80.350    0.000    0.000   57.633   36.639   93.846  -23.935    0.328841   -1.364616   -0.596266   -0.780892   -1.519576   -1.641565   -1.875627   -0.717597   -1.214446   13.534   21.799   27.084 S_000007
SCORE:    10.706                 10.706          0          0          0    S_000008
   1 H     0.000  170.252   55.279   70.818    0.000    0.000   82.175   38.203   96.060  -25.628    0.302775   -1.426520   -0.431591   -0.795970   -1.667974   -1.477409   -1.858561   -0.762801   -1.190651    3.794    0.984    0.238 S_000008
   2 N   126.407 -167.137   57.288  153.240  -96.160  139.863  105.648  -36.943  151.568   19.882    0.323694   -0.039825   -1.487999   -0.784030   -0.954972   -2.007803   -1.924663   -0.672720   -1.219938    3.433    3.911    1.003 S_000008
   3 N   154.001 -151.352 -179.891   82.407 -120.265  -97.432   73.456   36.108   93.428  -28.641    0.344713   -1.332998   -0.644622   -0.766566   -1.453473   -1.682803   -1.865678   -0.702813   -1.218244    4.990    6.076    6.974 S_000008
   4 P   -61.653  158.780  111.392  131.953 -117.165 -124.089  113.393  -34.124  172.369  170.567    0.367177   -0.534770   -1.378991   -0.795747   -1.498249   -1.528004   -1.900206   -0.681102   -1.220799    7.567    9.741   11.569 S_000008
   5 P   178.953  121.420   60.039  137.761  -89.783  162.171   95.568  -36.201  164.047  -85.504    0.329547   -0.376318   -1.443259   -0.795164   -1.365299   -1.724089   -1.935867   -0.737984   -1.183291    7.934   15.615   15.717 S_000008
   6 P  -173.910 -150.992  149.500  127.998 -128.911 -142.558   91.482   -6.193  136.127   15.787    0.408280   -0.788743   -1.262842   -0.923571   -1.317920   -1.806812   -1.984235   -0.740556   -1.116661    9.962   19.590   20.955 S_000008
   7 H  -170.252 -119.837  117.594   68.476    0.000    0.000   76.511   43.058   99.663   -2.102    0.192459   -1.496674   -0.127873   -0.864680   -1.826970   -1.189432   -1.775895   -0.745942   -1.211632   14.005   24.480   24.454 S_000008
SCORE:    10.484                 10.484          0          0          0    S_000009
   1 H     0.000  170.252   55.279  113.898   11.561   52.393  127.184   -5.435  138.967   -7.831    0.452166   -0.760220   -1.239855   -0.852838   -1.284262   -1.825875   -1.941430   -0.646447   -1.216674    3.794    0.984    0.238 S_000009
   2 N   -56.971  153.570   56.017   90.278 -176.240 -115.163   79.715   39.462   95.358 -126.721    0.314034   -1.294961   -0.734265   -0.728566   -1.323899   -1.826231   -1.853260   -0.638490   -1.263668    6.134    1.111    2.511 S_000009
   3 P   171.747  153.395  159.041  148.712 -150.900 -143.856  163.298  -31.676  141.216  -34.261    0.335662   -0.099384   -1.482186   -0.823846   -0.920479   -2.044532   -1.934389   -0.708140   -1.198506    7.929    3.828    8.811 S_000009
   4 N   -77.108 -171.866   61.317   90.812 -143.904  -89.830   64.856   31.271  102.146  -15.260    0.350160   -1.298444   -0.722435   -0.822697   -1.444803   -1.692876   -1.894240   -0.655055   -1.226986    7.404    5.138   15.530 S_000009
   5 N  -148.162  164.915  118.385  145.355 -109.323 -178.043  158.161  -25.949  134.973  153.436    0.357113   -0.162484   -1.477571   -0.854725   -0.883260   -2.080780   -1.943630   -0.688761   -1.201220   10.300    8.270   21.095 S_000009
   6 N  -161.449  -80.375 -167.755   89.297 -150.159  165.209  -87.153   31.046  106.885   18.642    0.339296   -1.337064   -0.665664   -0.840118   -1.530120   -1.624557   -1.899377   -0.689110   -1.219184   13.473   11.645   26.225 S_000009
   7 H   -65.109  170.969   55.039   77.661    0.000    0.000   77.689   43.482   90.198 -159.750    0.274751   -1.416100   -0.493657   -0.753331   -1.506168   -1.623380   -1.848553   -0.687150   -1.238540   12.681   10.002   32.156 S_000009
SCORE:    10.677                 10.677          0          0          1    S_000010
   1 H     0.000  170.252   55.279  107.424  -29.806   85.115   89.870    4.565  132.258   -5.516    0.448234   -0.969604   -1.083568   -0.853255   -1.401633   -1.742796   -1.927752   -0.658219   -1.220029    3.794    0.984    0.238 S_000010
   2 P   -39.132 -128.014  178.683  148.423 -128.491 -161.176   82.490  -39.164  159.768  138.907    0.324895   -0.118877   -1.481124   -0.753142   -1.105909   -1.924168   -1.915263   -0.709937   -1.216600    5.073    3.828    1.233 S_000010
   3 P   156.238 -179.304  175.189   84.171 -131.747  -78.081   61.660   33.664   96.247  -22.960    0.339854   -1.342789   -0.627972   -0.797072   -1.523909   -1.623702   -1.875191   -0.725767   -1.201238    5.504    7.095    7.747 S_000010
   4 P   -71.409  163.072   88.916  129.689 -115.676 -168.510  103.969  -27.373  151.463 -158.189    0.375027   -0.488612   -1.399569   -0.832328   -1.348614   -1.777614   -1.951482   -0.749221   -1.158968    6.265    8.911   13.711 S_000010
   5 P  -175.081  177.888   61.143  152.701 -105.799  170.478  100.743  -40.258  159.966  -51.450    0.305816   -0.136048   -1.487621   -0.761982   -1.147414   -1.893800   -1.920368   -0.739943   -1.195843    7.047   12.814   19.715 S_000010
   6 P  -150.263  137.150  162.005   85.519 -143.757  -61.655   64.628   39.702   84.506   99.951    0.295141   -1.332554   -0.685537   -0.782837   -1.333764   -1.762805   -1.900101   -0.686617   -1.207950    7.325   15.375   25.443 S_000010
   7 H   -57.156  166.210   55.014   78.217    0.000    0.000   68.297   41.725   91.276  179.878    0.281804   -1.425669   -0.450798   -0.768283   -1.595464   -1.555342   -1.850681   -0.736811   -1.210035    8.962   18.938   29.804 S_000010
