SEQUENCE: gug
SCORE:     score    rna_stub_coord_hack       N_WC      N_NWC       N_BS description
REMARK RNA 
SCORE:     0.012                  0.012          0          0          0    S_000001
   1 H     0.000  170.252   55.279   92.806   61.511   19.411  146.953    6.793  131.621 -110.100    0.435793   -1.127796   -0.934629   -0.873161   -1.609943   -1.562353   -1.924958   -0.752337   -1.174484    3.794    0.984    0.238 S_000001
   2 P   156.084 -140.310  167.036   85.310 -160.844  -62.259   54.754   36.120   93.277  179.938    0.327126   -1.340073   -0.654238   -0.789859   -1.456973   -1.695036   -1.897234   -0.710246   -1.212949    8.754    0.715    1.078 S_000001
   3 H   161.804 -143.799  174.042   80.646    0.000    0.000   54.723   35.634   94.715  179.915    0.355102   -1.331586   -0.643671   -0.760866   -1.462602   -1.676422   -1.859979   -0.681699   -1.231685   14.944   -0.091    1.706 S_000001
SCORE:     0.010                  0.010          0          0          1    S_000002
   1 H     0.000  170.252   55.279   92.806   61.511   19.411  146.953    6.793  131.621 -110.100    0.435793   -1.127796   -0.934629   -0.873161   -1.609943   -1.562353   -1.924958   -0.752337   -1.174484    3.794    0.984    0.238 S_000002
   2 N   145.780 -169.782  178.506   83.507 -141.936  -71.461   86.455   37.836   92.791  179.912    0.320031   -1.366043   -0.592554   -0.776984   -1.494802   -1.652456   -1.869228   -0.696655   -1.223692    8.495    0.994    1.516 S_000002
   3 H   -71.990 -173.154   49.953   82.071    0.000    0.000   80.847   39.467   91.056  129.645    0.308502   -1.378902   -0.561357   -0.767104   -1.500885   -1.641124   -1.863604   -0.701591   -1.223977   13.965    1.308    4.974 S_000002
SCORE:     0.006                  0.006          0          0          0    S_000003
   1 H     0.000  170.252   55.279  106.170   75.955   -1.312  164.441   -3.140  135.043 -170.108    0.445626   -0.858437   -1.186027   -0.869478   -1.382080   -1.770539   -1.947288   -0.687305   -1.199117    3.794    0.984    0.238 S_000003
   2 N   154.812 -166.158  155.234   88.908 -111.063 -115.411   78.478   41.129   82.857 -132.415    0.320568   -1.304043   -0.677770   -0.726592   -1.296817   -1.786824   -1.871458   -0.663470   -1.227003    7.917    0.092    2.364 S_000003
   3 H   145.807 -169.513 -178.933   84.682    0.000    0.000   60.363   36.958   94.758  -16.699    0.316882   -1.367820   -0.592797   -0.788052   -1.514177   -1.636135   -1.876742   -0.711478   -1.214355   14.375   -1.468    4.746 S_000003
SCORE:     0.012                  0.012          0          0          1    S_000004
   1 H     0.000  170.252   55.279  133.755  108.231  -49.715  109.907  -30.244  144.609  -10.374    0.331417   -0.126768   -1.496289   -0.854359   -0.930007   -2.053132   -1.956414   -0.700840   -1.196935    3.794    0.984    0.238 S_000004
   2 P   145.200 -163.253 -169.583   84.000 -145.693  -59.134   64.540   37.983   92.869  -30.159    0.303692   -1.375018   -0.570759   -0.786766   -1.517620   -1.623690   -1.869718   -0.712510   -1.211358    6.937   -1.230    3.057 S_000004
   3 H   -76.755 -177.636   57.419   83.229    0.000    0.000   70.868   37.891   93.514 -160.062    0.322571   -1.360469   -0.598533   -0.770479   -1.478389   -1.654747   -1.858558   -0.672397   -1.240090    8.690   -4.424    8.164 S_000004
SCORE:     0.018                  0.018          0          0          0    S_000005
   1 H     0.000  170.252   55.279  133.755  108.231  -49.715  109.907  -30.244  144.609  -10.374    0.331417   -0.126768   -1.496289   -0.854359   -0.930007   -2.053132   -1.956414   -0.700840   -1.196935    3.794    0.984    0.238 S_000005
   2 P   145.310 -144.266 -172.793   82.499 -135.057  -81.035   70.490   38.997   93.080  -19.342    0.312046   -1.386159   -0.553110   -0.770131   -1.524686   -1.625713   -1.857331   -0.698893   -1.230674    6.654   -1.532    2.855 S_000005
   3 H   -55.437 -172.433   47.356   82.069    0.000    0.000   76.402   33.590   99.001  -67.809    0.331939   -1.363886   -0.593836   -0.816294   -1.567114   -1.585990   -1.880233   -0.720395   -1.198213    8.369   -4.580    8.325 S_000005
SCORE:     0.004                  0.004          0          0          1    S_000006
   1 H     0.000  170.252   55.279  133.755  108.231  -49.715  109.907  -30.244  144.609  -10.374    0.331417   -0.126768   -1.496289   -0.854359   -0.930007   -2.053132   -1.956414   -0.700840   -1.196935    3.794    0.984    0.238 S_000006
   2 N   151.173  178.205  175.825   83.598 -146.769  -78.650   77.405   37.288   93.043  -13.896    0.322515   -1.360674   -0.602300   -0.781708   -1.490681   -1.654600   -1.874688   -0.698801   -1.219750    7.383   -0.915    3.148 S_000006
   3 H   -57.630  168.727   54.525   83.864    0.000    0.000   80.368   33.221   98.810  -16.816    0.341814   -1.358595   -0.610373   -0.805861   -1.562271   -1.599939   -1.895083   -0.754982   -1.186759    9.507   -3.121    8.461 S_000006
SCORE:     0.006                  0.006          0          0          0    S_000007
   1 H     0.000  170.252   55.279  133.755  108.231  -49.715  109.907  -30.244  144.609  -10.374    0.331417   -0.126768   -1.496289   -0.854359   -0.930007   -2.053132   -1.956414   -0.700840   -1.196935    3.794    0.984    0.238 S_000007
   2 N   144.964 -167.241 -176.627   82.062 -131.071 -116.321   74.668   39.805   90.993  -19.361    0.305749   -1.385472   -0.552507   -0.768295   -1.505902   -1.636970   -1.860204   -0.696993   -1.227574    7.006   -1.172    3.084 S_000007
   3 H   -56.025  160.323   65.012   72.480    0.000    0.000   75.135   45.867   87.613  179.894    0.237439   -1.464809   -0.378787   -0.754986   -1.605963   -1.529158   -1.830200   -0.737799   -1.208056   10.505   -2.447    8.381 S_000007
SCORE:     0.015                  0.015          0          0          1    S_000008
   1 H     0.000  170.252   55.279  133.755  108.231  -49.715  109.907  -30.244  144.609  -10.374    0.331417   -0.126768   -1.496289   -0.854359   -0.930007   -2.053132   -1.956414   -0.700840   -1.196935    3.794    0.984    0.238 S_000008
   2 N   145.780 -169.782  178.506   83.507 -141.936  -71.461   86.455   37.836   92.791  179.912    0.320031   -1.366043   -0.592554   -0.776984   -1.494802   -1.652456   -1.869228   -0.696655   -1.223692    7.068   -1.132    3.101 S_000008
   3 H   -58.629  165.937   54.670   82.073    0.000    0.000   62.702   36.611   93.397 -169.169    0.323056   -1.379293   -0.558936   -0.781942   -1.562655   -1.593911   -1.869964   -0.745170   -1.194624    8.351   -4.275    8.096 S_000008
SCORE:     0.009                  0.009          0          0          1    S_000009
   1 H     0.000  170.252   55.279   92.806   61.511   19.411  146.953    6.793  131.621 -110.100    0.435793   -1.127796   -0.934629   -0.873161   -1.609943   -1.562353   -1.924958   -0.752337   -1.174484    3.794    0.984    0.238 S_000009
   2 N   152.015 -142.037  176.738   86.761 -143.820  -62.294   89.230   37.323   90.735  -24.668    0.350955   -1.309694   -0.701628   -0.744637   -1.372076   -1.768408   -1.877374   -0.698363   -1.227554    8.709    0.638    1.103 S_000009
   3 H   152.460 -155.427  167.882   81.444    0.000    0.000   62.929   38.138   89.126  -25.522    0.335931   -1.339142   -0.631402   -0.755404   -1.430827   -1.702142   -1.873062   -0.689219   -1.224689   14.967    0.897    1.684 S_000009
SCORE:     0.007                  0.007          0          0          0    S_000010
   1 H     0.000  170.252   55.279   92.806   61.511   19.411  146.953    6.793  131.621 -110.100    0.435793   -1.127796   -0.934629   -0.873161   -1.609943   -1.562353   -1.924958   -0.752337   -1.174484    3.794    0.984    0.238 S_000010
   2 P   163.943 -128.251  156.993   88.697 -145.282 -110.730   75.887   26.507  113.970 -151.645    0.358278   -1.333610   -0.650743   -0.863818   -1.617939   -1.532382   -1.896931   -0.718209   -1.190022    8.917    0.832    0.845 S_000010
   3 H   -61.467 -176.751   47.898   77.865    0.000    0.000   86.421   40.924   89.984 -142.603    0.293260   -1.414938   -0.469407   -0.765876   -1.576982   -1.560067   -1.852752   -0.729018   -1.209790   14.463    1.158    4.550 S_000010
