SEQUENCE: gag
SCORE:     score    rna_stub_coord_hack       N_WC      N_NWC       N_BS description
REMARK RNA 
SCORE:     0.598                  0.598          0          0          0    S_000001
   1 H     0.000  170.252   55.279   80.473  -87.934  128.409   83.779   35.459  102.154  -20.454    0.315479   -1.388952   -0.551611   -0.809410   -1.594693   -1.566320   -1.851244   -0.705091   -1.223117    3.794    0.984    0.238 S_000001
   2 P   171.747  153.395  159.041  148.712 -150.900 -143.856  163.298  -31.676  141.216  -34.261    0.335662   -0.099384   -1.482186   -0.823846   -0.920479   -2.044532   -1.934389   -0.708140   -1.198506    2.555    3.989   -4.691 S_000001
   3 H   -51.573  172.036   47.103   83.744    0.000    0.000   81.470   31.424  101.716  179.920    0.358881   -1.315188   -0.676791   -0.804297   -1.494581   -1.643307   -1.880857   -0.694704   -1.211132   -0.441    9.628   -5.929 S_000001
SCORE:     0.590                  0.590          0          0          0    S_000002
   1 H     0.000  170.252   55.279   92.547  -97.252  115.795  139.403   37.074   84.758 -124.935    0.313443   -1.267357   -0.784498   -0.795730   -1.251154   -1.837890   -1.916327   -0.656480   -1.227615    3.794    0.984    0.238 S_000002
   2 N  -175.101 -147.674  159.572  141.718  176.133  146.872   62.364  -31.811 -103.226   76.911    0.331832   -0.177856   -1.485199   -0.843536   -1.029654   -1.962328   -1.977627   -0.691472   -1.204184    3.720    4.096   -5.036 S_000002
   3 H  -132.600 -167.114   80.506   97.799    0.000    0.000   90.373   14.784  115.701   -4.544    0.414164   -1.177545   -0.868878   -0.839781   -1.576895   -1.628247   -1.898541   -0.759637   -1.175651   -0.360    8.973   -8.233 S_000002
SCORE:     0.608                  0.608          0          0          0    S_000003
   1 H     0.000  170.252   55.279   92.547  -97.252  115.795  139.403   37.074   84.758 -124.935    0.313443   -1.267357   -0.784498   -0.795730   -1.251154   -1.837890   -1.916327   -0.656480   -1.227615    3.794    0.984    0.238 S_000003
   2 P  -166.924 -154.036  159.889   90.332 -178.658 -136.635   73.477   26.413  115.255    3.673    0.345049   -1.323606   -0.689620   -0.882069   -1.572952   -1.568229   -1.923026   -0.712384   -1.176451    3.449    4.135   -4.913 S_000003
   3 H   -62.948  163.104   69.561   79.620    0.000    0.000   72.589   44.649   90.933  175.697    0.273970   -1.429665   -0.443849   -0.732881   -1.533426   -1.581756   -1.821231   -0.700572   -1.226935   -0.763    8.680   -5.601 S_000003
SCORE:     0.564                  0.564          0          0          0    S_000004
   1 H     0.000  170.252   55.279   97.566 -102.174  124.771  144.163   31.662   92.309 -130.858    0.357173   -1.201627   -0.867549   -0.800290   -1.235560   -1.855941   -1.917371   -0.669415   -1.210627    3.794    0.984    0.238 S_000004
   2 P   171.747  153.395  159.041  148.712 -150.900 -143.856  163.298  -31.676  141.216  -34.261    0.335662   -0.099384   -1.482186   -0.823846   -0.920479   -2.044532   -1.934389   -0.708140   -1.198506    3.533    4.135   -4.835 S_000004
   3 H  -101.265  154.013   97.650   75.062    0.000    0.000   62.771   41.513   95.092  -18.168    0.282447   -1.448466   -0.386698   -0.770938   -1.657894   -1.472812   -1.833321   -0.754660   -1.199416    0.051    9.439   -6.758 S_000004
SCORE:     0.580                  0.580          0          0          0    S_000005
   1 H     0.000  170.252   55.279  106.429 -105.159  121.110  148.097   19.351   93.612 -146.922    0.402316   -0.992845   -1.094546   -0.830578   -1.130609   -1.969974   -1.927567   -0.677797   -1.212852    3.794    0.984    0.238 S_000005
   2 P   171.747  153.395  159.041  148.712 -150.900 -143.856  163.298  -31.676  141.216  -34.261    0.335662   -0.099384   -1.482186   -0.823846   -0.920479   -2.044532   -1.934389   -0.708140   -1.198506    4.082    4.326   -4.669 S_000005
   3 H   147.758 -172.198 -178.946   83.934    0.000    0.000   70.158   37.843   83.723  179.906    0.348050   -1.285061   -0.739471   -0.745807   -1.296575   -1.812264   -1.890613   -0.685222   -1.226648    2.374   10.445   -8.032 S_000005
SCORE:     0.590                  0.590          0          0          0    S_000006
   1 H     0.000  170.252   55.279   92.547  -97.252  115.795  139.403   37.074   84.758 -124.935    0.313443   -1.267357   -0.784498   -0.795730   -1.251154   -1.837890   -1.916327   -0.656480   -1.227615    3.794    0.984    0.238 S_000006
   2 N  -175.101 -147.674  159.572  141.718  176.133  146.872   62.364  -31.811 -103.226   76.911    0.331832   -0.177856   -1.485199   -0.843536   -1.029654   -1.962328   -1.977627   -0.691472   -1.204184    3.720    4.096   -5.036 S_000006
   3 H  -127.608  120.858  146.949  151.226    0.000    0.000   81.060  -32.087  141.248 -124.772    0.345654    0.002973   -1.485773   -0.809317   -0.789450   -2.109197   -1.913442   -0.661924   -1.228602   -0.849    7.507   -7.444 S_000006
SCORE:     0.564                  0.564          0          0          0    S_000007
   1 H     0.000  170.252   55.279   97.566 -102.174  124.771  144.163   31.662   92.309 -130.858    0.357173   -1.201627   -0.867549   -0.800290   -1.235560   -1.855941   -1.917371   -0.669415   -1.210627    3.794    0.984    0.238 S_000007
   2 P   171.747  153.395  159.041  148.712 -150.900 -143.856  163.298  -31.676  141.216  -34.261    0.335662   -0.099384   -1.482186   -0.823846   -0.920479   -2.044532   -1.934389   -0.708140   -1.198506    3.533    4.135   -4.835 S_000007
   3 H   -67.830  178.013   51.514   77.008    0.000    0.000   88.604   38.538   96.209   62.013    0.319825   -1.408874   -0.478067   -0.766584   -1.606607   -1.531488   -1.823981   -0.712091   -1.219169    0.266    9.626   -6.809 S_000007
SCORE:     0.590                  0.590          0          0          0    S_000008
   1 H     0.000  170.252   55.279   92.547  -97.252  115.795  139.403   37.074   84.758 -124.935    0.313443   -1.267357   -0.784498   -0.795730   -1.251154   -1.837890   -1.916327   -0.656480   -1.227615    3.794    0.984    0.238 S_000008
   2 N  -175.101 -147.674  159.572  141.718  176.133  146.872   62.364  -31.811 -103.226   76.911    0.331832   -0.177856   -1.485199   -0.843536   -1.029654   -1.962328   -1.977627   -0.691472   -1.204184    3.720    4.096   -5.036 S_000008
   3 H   -65.983  171.274   56.047   77.477    0.000    0.000   74.910   43.508   89.832  179.852    0.264820   -1.427788   -0.463040   -0.770065   -1.519626   -1.584976   -1.874084   -0.704182   -1.228045   -0.494    8.475   -6.799 S_000008
SCORE:     0.598                  0.598          0          0          0    S_000009
   1 H     0.000  170.252   55.279   80.473  -87.934  128.409   83.779   35.459  102.154  -20.454    0.315479   -1.388952   -0.551611   -0.809410   -1.594693   -1.566320   -1.851244   -0.705091   -1.223117    3.794    0.984    0.238 S_000009
   2 P   171.747  153.395  159.041  148.712 -150.900 -143.856  163.298  -31.676  141.216  -34.261    0.335662   -0.099384   -1.482186   -0.823846   -0.920479   -2.044532   -1.934389   -0.708140   -1.198506    2.555    3.989   -4.691 S_000009
   3 H  -114.826 -169.918   80.690   80.561    0.000    0.000   74.738   45.970   80.172  179.892    0.257670   -1.386316   -0.605015   -0.737549   -1.333290   -1.768165   -1.881958   -0.688918   -1.230569   -1.341    9.542   -7.004 S_000009
SCORE:     0.590                  0.590          0          0          0    S_000010
   1 H     0.000  170.252   55.279   92.547  -97.252  115.795  139.403   37.074   84.758 -124.935    0.313443   -1.267357   -0.784498   -0.795730   -1.251154   -1.837890   -1.916327   -0.656480   -1.227615    3.794    0.984    0.238 S_000010
   2 N  -175.101 -147.674  159.572  141.718  176.133  146.872   62.364  -31.811 -103.226   76.911    0.331832   -0.177856   -1.485199   -0.843536   -1.029654   -1.962328   -1.977627   -0.691472   -1.204184    3.720    4.096   -5.036 S_000010
   3 H  -168.770 -168.540   54.508   83.618    0.000    0.000   59.837   36.116   92.585  179.888    0.316687   -1.351229   -0.617103   -0.804636   -1.489890   -1.653203   -1.891597   -0.707277   -1.208179    0.068    9.405   -8.292 S_000010
