SEQUENCE: gaaaaag
SCORE:     score    rna_stub_coord_hack       N_WC      N_NWC       N_BS description
REMARK RNA 
SCORE:     4.308                  4.308          0          0          0    S_000001
   1 H     0.000  170.252   55.279   72.670    0.000    0.000   79.949   39.919   94.739  179.909    0.295080   -1.418555   -0.468161   -0.779909   -1.601439   -1.544974   -1.844543   -0.718787   -1.223699    3.794    0.984    0.238 S_000001
   2 P   -48.021 -149.357   60.660  147.001 -101.038  163.258  120.155  -32.034  151.049   18.396    0.355164   -0.210741   -1.459618   -0.797243   -1.078551   -1.944985   -1.922827   -0.653220   -1.225214    1.629    2.593    0.517 S_000001
   3 P   153.178 -153.207 -178.631   82.668 -139.550  -73.249   64.126   35.520   95.260  -16.961    0.322942   -1.357707   -0.586556   -0.789863   -1.548629   -1.610887   -1.878842   -0.729786   -1.203609   -5.141    3.667    1.424 S_000001
   4 P  -119.464   88.323  161.754   89.100 -132.685  -65.934   58.494   35.313   83.955   60.290    0.358458   -1.250811   -0.782860   -0.763766   -1.275202   -1.822336   -1.912556   -0.754868   -1.176177  -10.851    2.395    3.094 S_000001
   5 P  -171.683  150.567  158.405   86.589 -114.846 -110.635  130.117   15.638  130.615   37.393    0.367847   -1.318887   -0.687781   -0.936999   -1.752471   -1.366717   -1.880904   -0.733340   -1.188375  -16.933    1.557    6.202 S_000001
   6 P   -67.601  173.259   58.690  157.464 -135.211 -147.785  162.259  -40.470  165.113 -137.280    0.315507    0.031025   -1.496384   -0.749112   -0.932260   -1.997702   -1.908468   -0.713312   -1.224472  -23.336    0.007    7.803 S_000001
   7 H    51.932 -165.158 -105.648   78.652    0.000    0.000   88.789   42.718   82.085  -21.044    0.283592   -1.395414   -0.537378   -0.750778   -1.463348   -1.654805   -1.870478   -0.734468   -1.203895  -29.670    1.518    7.306 S_000001
SCORE:     4.280                  4.280          0          0          1    S_000002
   1 H     0.000  170.252   55.279  109.791  -86.031  -28.716   97.324   -4.072  154.605    3.658    0.432992   -1.060617   -0.993306   -0.892079   -1.672394   -1.421786   -1.913007   -0.735767   -1.171156    3.794    0.984    0.238 S_000002
   2 P    80.085 -145.979 -145.278   81.968 -120.481  -60.636   76.672   33.305  102.906  162.359    0.330724   -1.367273   -0.575246   -0.819559   -1.585950   -1.557890   -1.872959   -0.718764   -1.203724    1.569   -0.684   -2.537 S_000002
   3 P  -154.050  145.148  124.520   89.904 -156.931 -129.437   98.571   22.752  116.377   53.243    0.366115   -1.304268   -0.738772   -0.890164   -1.596323   -1.568220   -1.925176   -0.727709   -1.180955   -4.944    0.438   -3.707 S_000002
   4 P   173.330 -176.176  173.161   89.236 -120.118 -113.526   66.601   30.578  105.566 -179.411    0.341486   -1.333597   -0.661409   -0.838980   -1.537240   -1.610372   -1.902227   -0.711169   -1.197381  -11.749    2.865   -3.531 S_000002
   5 N  -108.501  109.143  136.134   75.216 -161.641  -65.319   58.354   43.308   94.704  -30.216    0.228707   -1.468780   -0.337643   -0.800482   -1.688991   -1.439407   -1.819122   -0.728875   -1.218763  -16.724    6.229   -5.399 S_000002
   6 P  -167.200 -131.423  135.280   86.839 -158.875  -75.765  140.250   35.968   93.284  179.910    0.320765   -1.347235   -0.643969   -0.800359   -1.472294   -1.679922   -1.904488   -0.726813   -1.197436  -22.944    7.831   -7.132 S_000002
   7 H   -63.485 -174.566   46.213   81.729    0.000    0.000   81.741   35.025   96.275  179.940    0.334779   -1.360262   -0.600781   -0.794125   -1.534781   -1.617683   -1.883868   -0.723018   -1.203116  -28.901    9.118   -5.627 S_000002
SCORE:     4.117                  4.117          0          0          0    S_000003
   1 H     0.000  170.252   55.279  142.644 -118.796   51.266   98.967  -32.755  153.811   20.655    0.348747   -0.250572   -1.465087   -0.804637   -1.147621   -1.910424   -1.943052   -0.723223   -1.190427    3.794    0.984    0.238 S_000003
   2 P    66.688 -144.704 -163.902  148.105 -139.268 -155.489  -41.230  -37.998  156.482 -171.186    0.307073   -0.167585   -1.483056   -0.788817   -1.141272   -1.898846   -1.932231   -0.728804   -1.188714    3.571    3.531   -2.366 S_000003
   3 P   171.747  153.395  159.041  148.712 -150.900 -143.856  163.298  -31.676  141.216  -34.261    0.335662   -0.099384   -1.482186   -0.823846   -0.920479   -2.044532   -1.934389   -0.708140   -1.198506   -1.166    8.769   -4.226 S_000003
   4 N   -76.841  179.605   55.466   85.298 -152.073  -66.147   82.812   35.451   90.645  -17.059    0.346566   -1.303966   -0.708796   -0.775540   -1.386852   -1.743878   -1.882253   -0.682372   -1.226599   -6.763   11.160   -7.198 S_000003
   5 N  -148.162  164.915  118.385  145.355 -109.323 -178.043  158.161  -25.949  134.973  153.436    0.357113   -0.162484   -1.477571   -0.854725   -0.883260   -2.080780   -1.943630   -0.688761   -1.201220  -10.658   16.598   -7.881 S_000003
   6 P   107.645  177.113 -151.446  121.171 -147.326  -97.859   90.040   -9.304  132.582 -149.400    0.420710   -0.720589   -1.277335   -0.858548   -1.316539   -1.850888   -1.956492   -0.719478   -1.189242  -16.099   21.016   -7.069 S_000003
   7 H   -59.908  164.294   67.810   77.688    0.000    0.000   69.189   40.890   92.926  179.901    0.289970   -1.427727   -0.450717   -0.767411   -1.610622   -1.537708   -1.837244   -0.726506   -1.221004  -21.262   24.610   -6.915 S_000003
SCORE:     4.270                  4.270          0          0          2    S_000004
   1 H     0.000  170.252   55.279  115.386 -110.876   62.778  106.720  -15.167  148.845    2.881    0.421442   -0.753672   -1.271996   -0.855893   -1.461097   -1.705731   -1.960090   -0.726764   -1.187763    3.794    0.984    0.238 S_000004
   2 P   160.815  105.099   88.582   92.840 -161.979 -164.996   83.120   14.294  126.435  -66.900    0.405061   -1.212048   -0.841187   -0.889406   -1.604759   -1.561045   -1.922890   -0.729780   -1.183130    2.528    1.880   -5.137 S_000004
   3 N    56.904  146.090  -76.919  156.695 -160.150 -173.923  104.986  -34.562  143.238  -23.564    0.324447    0.078710   -1.492600   -0.805727   -0.735040   -2.115119   -1.911687   -0.631310   -1.242141   -2.406    5.240   -8.311 S_000004
   4 P   166.978  176.904  177.152   84.171 -133.729  -88.107   85.510   32.221   98.769  169.890    0.360736   -1.323192   -0.665088   -0.794830   -1.503909   -1.648578   -1.883310   -0.724059   -1.201750   -8.441    9.265   -8.735 S_000004
   5 P   149.773 -156.144  176.474   82.777 -155.799  -84.417   85.097   38.273   91.188  109.933    0.325799   -1.359624   -0.601698   -0.762572   -1.475146   -1.669392   -1.863222   -0.693642   -1.226962  -14.730   11.267   -8.042 S_000004
   6 P  -170.257 -176.118  168.457  154.693  -96.790  -77.772  166.626  -41.004  158.432  -92.486    0.301209   -0.017468   -1.492097   -0.757842   -1.009016   -1.965277   -1.908312   -0.715882   -1.203518  -21.653   11.125   -8.483 S_000004
   7 H   -74.196 -169.992   48.113   83.451    0.000    0.000   78.702   47.905   82.104  -23.835    0.237961   -1.430017   -0.490813   -0.717669   -1.455953   -1.679158   -1.830805   -0.592121   -1.293346  -28.219   10.911   -7.609 S_000004
SCORE:     3.989                  3.989          0          0          0    S_000005
   1 H     0.000  170.252   55.279  115.386 -110.876   62.778  106.720  -15.167  148.845    2.881    0.421442   -0.753672   -1.271996   -0.855893   -1.461097   -1.705731   -1.960090   -0.726764   -1.187763    3.794    0.984    0.238 S_000005
   2 N  -148.162  164.915  118.385  145.355 -109.323 -178.043  158.161  -25.949  134.973  153.436    0.357113   -0.162484   -1.477571   -0.854725   -0.883260   -2.080780   -1.943630   -0.688761   -1.201220    1.759    2.387   -3.977 S_000005
   3 P   163.850  141.944   53.340  149.322 -136.992  169.639  100.626  -38.298  156.829  -94.857    0.307222   -0.158476   -1.484788   -0.790412   -1.140342   -1.903596   -1.933724   -0.753839   -1.176530   -4.360    3.134   -7.312 S_000005
   4 P   142.990 -157.333 -168.021   81.949 -149.012  -66.119   71.198   43.777   90.331  -21.089    0.268349   -1.386227   -0.533826   -0.747811   -1.438299   -1.663607   -1.829121   -0.660086   -1.293371  -11.180    4.156   -6.040 S_000005
   5 P  -134.330  101.066  176.060   86.439 -116.418  -82.329   46.998   35.258   98.130 -155.832    0.325169   -1.363182   -0.594694   -0.805606   -1.532304   -1.613124   -1.891886   -0.730772   -1.190888  -17.237    5.856   -6.603 S_000005
   6 N  -102.288 -114.811  152.099  152.073  -94.878  153.513  109.832  -37.104  159.441   32.450    0.319886   -0.166689   -1.482528   -0.788521   -1.122043   -1.900878   -1.935757   -0.712507   -1.193642  -22.726   10.150   -7.804 S_000005
   7 H   110.546  151.487   48.365   97.566    0.000    0.000  144.163   31.662   92.309 -130.858    0.357173   -1.201627   -0.867549   -0.800290   -1.235560   -1.855941   -1.917371   -0.669415   -1.210627  -29.218   12.057   -8.432 S_000005
SCORE:     4.301                  4.301          0          0          0    S_000006
   1 H     0.000  170.252   55.279   78.407 -127.445   42.562   78.871   39.646   90.279  179.906    0.296400   -1.405130   -0.499263   -0.779220   -1.561122   -1.569028   -1.863886   -0.747265   -1.189293    3.794    0.984    0.238 S_000006
   2 P    61.624 -141.782 -174.413  146.420 -158.775 -155.643  149.108  -35.909  158.099  -48.095    0.343332   -0.217723   -1.469254   -0.774158   -1.168908   -1.890695   -1.927117   -0.730541   -1.197048    0.877   -0.162   -1.629 S_000006
   3 N   -68.976  168.265   58.370   83.351 -145.069  -64.732   77.749   37.254   90.857 -167.520    0.333649   -1.339202   -0.647442   -0.761996   -1.440255   -1.700992   -1.875013   -0.698199   -1.225967   -4.714   -2.206    0.994 S_000006
   4 P  -145.272  107.505  161.174   94.670  147.437  143.710   84.320   28.447   90.169 -113.690    0.361024   -1.094483   -0.996074   -0.845065   -1.073377   -1.943138   -1.954076   -0.689021   -1.181845  -10.843   -1.577    3.202 S_000006
   5 P   -84.822  165.539   77.007   82.023 -144.893 -140.751   72.666   34.410  106.707  -90.371    0.361923   -1.369970   -0.578431   -0.767639   -1.551615   -1.568297   -1.785777   -0.612471   -1.270672  -17.138    0.306    2.193 S_000006
   6 P   168.992 -156.630  174.212   86.705 -137.197 -119.664  108.197   33.640   99.366  -15.229    0.329923   -1.352776   -0.624135   -0.819988   -1.531632   -1.621327   -1.886817   -0.697388   -1.214338  -24.211    1.136    3.486 S_000006
   7 H   -64.057  176.128   55.539   84.820    0.000    0.000   76.306   38.705   90.669  -24.156    0.302628   -1.367965   -0.594600   -0.782971   -1.477721   -1.663388   -1.889474   -0.730643   -1.195259  -30.070    2.733    6.349 S_000006
SCORE:     4.228                  4.228          0          0          1    S_000007
   1 H     0.000  170.252   55.279   73.606    0.000    0.000   82.124   47.283   83.211  -66.065    0.211910   -1.448389   -0.400781   -0.773135   -1.533278   -1.582677   -1.869843   -0.720695   -1.217359    3.794    0.984    0.238 S_000007
   2 P   -56.728 -135.352   55.393  149.224 -123.136 -178.792  170.161  -35.689  154.774   66.233    0.315626   -0.082044   -1.489922   -0.809591   -0.984964   -1.998443   -1.944815   -0.676804   -1.231013    1.416    2.790    0.126 S_000007
   3 P   -56.713  169.563   63.733  130.198 -145.747 -165.607  105.706  -22.591  147.628  165.119    0.387195   -0.481632   -1.393214   -0.841539   -1.246218   -1.866122   -1.947955   -0.671518   -1.217400   -4.606    4.565    0.631 S_000007
   4 P  -163.415 -164.775  171.520   87.292 -173.272  -90.210   95.538   33.873  101.998   69.427    0.333059   -1.348368   -0.630589   -0.813263   -1.521104   -1.634527   -1.885456   -0.693273   -1.220867  -11.737    3.343    1.694 S_000007
   5 P   146.274  156.591  179.483   77.635 -152.028  -72.001   75.273   42.982   89.249  178.900    0.287995   -1.419009   -0.477197   -0.735693   -1.550269   -1.599261   -1.819279   -0.700629   -1.234007  -17.828    1.438    4.250 S_000007
   6 N  -139.048  166.464  170.340   86.512 -154.158  -65.732   70.175   34.223   96.956   10.890    0.341865   -1.327089   -0.657684   -0.792520   -1.472840   -1.667874   -1.873415   -0.684865   -1.220649  -24.391    0.192    5.157 S_000007
   7 H  -167.279  159.939  151.915   86.056    0.000    0.000   66.736   33.052   92.766  -26.036    0.347430   -1.291367   -0.737858   -0.804498   -1.397244   -1.739380   -1.909331   -0.693651   -1.212539  -30.641   -1.556    7.159 S_000007
SCORE:     4.327                  4.327          0          0          1    S_000008
   1 H     0.000  170.252   55.279  138.442  -85.635   65.387  104.663  -30.645  149.089 -157.162    0.357365   -0.391015   -1.428158   -0.816095   -1.288377   -1.821831   -1.947070   -0.811395   -1.125176    3.794    0.984    0.238 S_000008
   2 P   -60.812 -146.102   71.756  156.668  -78.282 -169.333  154.499  -36.879  159.613   62.580    0.318603   -0.121311   -1.484608   -0.802024   -1.070048   -1.952590   -1.947726   -0.665159   -1.220540    3.182    4.121   -1.883 S_000008
   3 P   -81.278  160.451   36.664  147.765 -122.676  177.149  127.911  -37.756  158.866   25.568    0.322436   -0.173818   -1.479190   -0.776279   -1.147026   -1.895369   -1.926609   -0.725853   -1.194474   -1.042    8.410   -4.237 S_000008
   4 P   -51.879 -171.344   34.321  138.540 -178.769 -102.191  -50.948  -33.221  156.844  145.469    0.332158   -0.297182   -1.459630   -0.819868   -1.216395   -1.867135   -1.953799   -0.741814   -1.177141   -5.432   12.647   -5.957 S_000008
   5 P  -133.538  108.400  170.756   84.154 -127.305  -74.185   72.974   35.950   92.479   89.929    0.344062   -1.330407   -0.648063   -0.770795   -1.450555   -1.685258   -1.883026   -0.708824   -1.211451  -10.374   16.428   -7.026 S_000008
   6 P   156.757 -162.758  169.525   85.477   88.309   70.721   98.460   24.669  112.096   50.338    0.374471   -1.259777   -0.773805   -0.849735   -1.500510   -1.649134   -1.912316   -0.692393   -1.208159  -15.559   20.231   -8.322 S_000008
   7 H   -59.657  176.153   52.021   82.498    0.000    0.000   75.618   39.006   91.205  -24.383    0.309454   -1.374061   -0.566983   -0.771598   -1.500704   -1.640614   -1.869531   -0.707184   -1.220585  -17.851   23.018  -12.607 S_000008
SCORE:     3.852                  3.852          0          0          1    S_000009
   1 H     0.000  170.252   55.279  151.226  -94.055  -19.049   81.060  -32.087  141.248 -124.772    0.345654    0.002973   -1.485773   -0.809317   -0.789450   -2.109197   -1.913442   -0.661924   -1.228602    3.794    0.984    0.238 S_000009
   2 P   137.238 -162.011  170.414   77.083 -119.762  -84.658   73.087   41.820   87.462 -160.497    0.298464   -1.398778   -0.505636   -0.747356   -1.513239   -1.613197   -1.841912   -0.717065   -1.217667    3.275    2.179   -4.359 S_000009
   3 P   -67.601  173.259   58.690  157.464 -135.211 -147.785  162.259  -40.470  165.113 -137.280    0.315507    0.031025   -1.496384   -0.749112   -0.932260   -1.997702   -1.908468   -0.713312   -1.224472    0.596    7.102   -7.705 S_000009
   4 N  -178.810  153.055  135.770  106.704 -138.327 -112.358  127.377   22.478   87.323  -11.418    0.409131   -0.973460   -1.098711   -0.809248   -1.028300   -2.013690   -1.923910   -0.665663   -1.225656   -2.364   13.633   -8.998 S_000009
   5 P   -79.126  166.307   77.723  150.834  -98.890  160.827  125.960  -31.518  155.489   23.132    0.310030   -0.076579   -1.483199   -0.874991   -0.901705   -2.090662   -1.955273   -0.672872   -1.209360   -5.331   19.504  -10.083 S_000009
   6 P   145.834  169.864  160.515  116.771 -150.825  -95.969  116.851    6.639  112.778  -49.780    0.428419   -0.827735   -1.201961   -0.850477   -1.142936   -1.957796   -1.955336   -0.681649   -1.210816  -10.127   24.038  -11.930 S_000009
   7 H    65.683 -178.852 -167.310   83.852    0.000    0.000   67.978   40.274   84.568   96.089    0.292513   -1.369449   -0.604248   -0.776255   -1.441038   -1.697251   -1.893129   -0.718599   -1.206588  -14.896   28.026  -11.798 S_000009
SCORE:     4.173                  4.173          0          0          1    S_000010
   1 H     0.000  170.252   55.279  141.164  -80.259  -37.392  116.352  -34.097  154.296  -99.654    0.328838   -0.229349   -1.465648   -0.814512   -1.147046   -1.900567   -1.949233   -0.704975   -1.195727    3.794    0.984    0.238 S_000010
   2 P   139.901 -101.394 -178.561  141.920 -123.942 -144.089   80.191  -30.931  156.102   31.126    0.358691   -0.354753   -1.434289   -0.818117   -1.244867   -1.828128   -1.948415   -0.714488   -1.176518    2.781    2.455   -3.305 S_000010
   3 P  -166.643  174.429   51.009   94.950   50.074  146.761  125.488   22.751  101.125   56.346    0.414021   -1.135603   -0.926472   -0.821686   -1.305862   -1.810625   -1.936201   -0.726949   -1.176513   -4.084    3.945   -5.365 S_000010
   4 P   171.747  153.395  159.041  148.712 -150.900 -143.856  163.298  -31.676  141.216  -34.261    0.335662   -0.099384   -1.482186   -0.823846   -0.920479   -2.044532   -1.934389   -0.708140   -1.198506   -8.464    9.106   -6.630 S_000010
   5 P   132.201 -170.136  172.043   82.935 -174.144  -99.458  113.946   35.506  102.658  -57.807    0.296716   -1.397482   -0.505598   -0.833698   -1.628991   -1.513709   -1.843882   -0.692077   -1.232421  -13.322   14.170   -7.483 S_000010
   6 P   -83.817 -165.948   50.621   84.595 -172.033  -63.456   97.924   34.138   94.485  -71.652    0.318930   -1.359460   -0.623136   -0.828722   -1.525279   -1.624664   -1.912333   -0.729237   -1.186193  -18.145   18.704   -7.981 S_000010
   7 H   -66.850  171.736   48.752   78.677    0.000    0.000   72.855   39.614   89.325  163.765    0.323031   -1.406041   -0.492572   -0.744262   -1.577720   -1.563365   -1.834665   -0.750152   -1.196245  -19.827   24.190   -8.642 S_000010
