SEQUENCE: gug
SCORE:     score    rna_stub_coord_hack       N_WC      N_NWC       N_BS description
REMARK RNA 
SCORE:     0.215                  0.215          0          0          0    S_000001
   1 H     0.000  170.252   55.279   88.620  177.866  -93.344  179.976   30.535   98.057  -27.353    0.369735   -1.272935   -0.746617   -0.793819   -1.436524   -1.719671   -1.900295   -0.730003   -1.197405    3.794    0.984    0.238 S_000001
   2 N   157.972 -132.733  176.834  147.316 -147.664 -132.370   93.539  -35.585  157.310  132.932    0.334836   -0.174948   -1.481171   -0.790795   -1.105511   -1.925075   -1.933577   -0.714100   -1.197252    9.168   -1.420   -1.818 S_000001
   3 H   -64.437  162.194   60.724   82.164    0.000    0.000   73.528   36.300   96.829  -14.254    0.314958   -1.406283   -0.484305   -0.797002   -1.646642   -1.502158   -1.868586   -0.763677   -1.183725   14.039   -4.146    1.456 S_000001
SCORE:     0.211                  0.211          0          0          0    S_000002
   1 H     0.000  170.252   55.279   80.424 -176.344  -93.881   86.353   41.772   94.969  -75.074    0.293199   -1.430212   -0.414873   -0.751124   -1.631213   -1.515963   -1.810480   -0.708045   -1.249029    3.794    0.984    0.238 S_000002
   2 N   157.972 -132.733  176.834  147.316 -147.664 -132.370   93.539  -35.585  157.310  132.932    0.334836   -0.174948   -1.481171   -0.790795   -1.105511   -1.925075   -1.933577   -0.714100   -1.197252    8.997   -1.423   -2.404 S_000002
   3 H   -68.201 -178.596   52.790   79.646    0.000    0.000   72.582   40.772   88.559   -3.655    0.296124   -1.399808   -0.522201   -0.762182   -1.531796   -1.617520   -1.861098   -0.723529   -1.217760   14.784   -3.925    0.016 S_000002
SCORE:     0.215                  0.215          0          0          1    S_000003
   1 H     0.000  170.252   55.279   80.317 -174.611  -93.116  159.811   38.356   92.790  -22.137    0.304188   -1.392214   -0.547787   -0.791807   -1.548098   -1.613143   -1.879252   -0.725430   -1.211323    3.794    0.984    0.238 S_000003
   2 N   157.972 -132.733  176.834  147.316 -147.664 -132.370   93.539  -35.585  157.310  132.932    0.334836   -0.174948   -1.481171   -0.790795   -1.105511   -1.925075   -1.933577   -0.714100   -1.197252    8.918   -1.563   -2.456 S_000003
   3 H   -58.468  178.053   54.823   83.137    0.000    0.000   67.499   38.247   90.651  179.894    0.325368   -1.342228   -0.630144   -0.760944   -1.440218   -1.701663   -1.868305   -0.680213   -1.233869   14.418   -4.349    0.014 S_000003
SCORE:     0.211                  0.211          0          0          0    S_000004
   1 H     0.000  170.252   55.279   80.424 -176.344  -93.881   86.353   41.772   94.969  -75.074    0.293199   -1.430212   -0.414873   -0.751124   -1.631213   -1.515963   -1.810480   -0.708045   -1.249029    3.794    0.984    0.238 S_000004
   2 N   157.972 -132.733  176.834  147.316 -147.664 -132.370   93.539  -35.585  157.310  132.932    0.334836   -0.174948   -1.481171   -0.790795   -1.105511   -1.925075   -1.933577   -0.714100   -1.197252    8.997   -1.423   -2.404 S_000004
   3 H   170.208 -169.806  162.240   83.012    0.000    0.000   53.456   37.247   85.588  -17.090    0.341422   -1.295809   -0.714459   -0.758506   -1.338507   -1.775916   -1.892295   -0.710026   -1.207423   15.066   -5.225   -1.241 S_000004
SCORE:     0.229                  0.229          0          1          0    S_000005
   1 H     0.000  170.252   55.279   83.658  174.688  -70.379   80.655   33.775  105.645  -94.821    0.323617   -1.390781   -0.521180   -0.820704   -1.640147   -1.500984   -1.828032   -0.690079   -1.240486    3.794    0.984    0.238 S_000005
   2 P   137.691 -152.221 -171.353   84.865 -165.651 -102.696   89.354   34.419   96.847  150.791    0.433833   -1.300227   -0.608032   -0.647940   -1.503833   -1.620771   -1.738059   -0.692005   -1.262378    8.768   -1.807   -1.188 S_000005
   3 H   147.736 -177.111 -170.989   89.996    0.000    0.000   64.507   36.328   92.315  -15.857    0.351637   -1.283251   -0.735677   -0.748393   -1.332464   -1.781309   -1.880313   -0.693380   -1.217275   14.754   -4.854    0.088 S_000005
SCORE:     0.251                  0.251          0          1          0    S_000006
   1 H     0.000  170.252   55.279   77.984 -177.265  -52.749   83.462   39.397   93.890  -78.571    0.295770   -1.416202   -0.467715   -0.785562   -1.608946   -1.535949   -1.850076   -0.726709   -1.211316    3.794    0.984    0.238 S_000006
   2 P   -50.991  173.148   55.965  147.648 -156.331 -156.743  128.139  -36.125  158.063  -36.478    0.333999   -0.180466   -1.478826   -0.784463   -1.123461   -1.912358   -1.933509   -0.727334   -1.192264    8.684   -0.973   -1.031 S_000006
   3 H   -55.700  169.990   50.644   80.206    0.000    0.000   74.582   37.072   94.673   60.824    0.322658   -1.378513   -0.560856   -0.780825   -1.551733   -1.606821   -1.860039   -0.714009   -1.218101   14.435   -3.483    0.445 S_000006
SCORE:     0.236                  0.236          0          0          1    S_000007
   1 H     0.000  170.252   55.279   86.794  169.343  -82.635  109.080   17.116  135.213 -166.909    0.374236   -1.334602   -0.660571   -0.929346   -1.739257   -1.351307   -1.883104   -0.731825   -1.178639    3.794    0.984    0.238 S_000007
   2 N   157.972 -132.733  176.834  147.316 -147.664 -132.370   93.539  -35.585  157.310  132.932    0.334836   -0.174948   -1.481171   -0.790795   -1.105511   -1.925075   -1.933577   -0.714100   -1.197252    9.127   -1.355   -1.318 S_000007
   3 H   -87.587  159.371   85.105   68.679    0.000    0.000   61.560   41.571  100.708  -21.356    0.244488   -1.480872   -0.284254   -0.817984   -1.754682   -1.351934   -1.785164   -0.724694   -1.226984   13.885   -3.916    2.497 S_000007
SCORE:     0.219                  0.219          0          0          0    S_000008
   1 H     0.000  170.252   55.279   82.709  115.592   42.878   77.083   40.643   75.212  172.936    0.312475   -1.278399   -0.769692   -0.749900   -1.194079   -1.861632   -1.912582   -0.745055   -1.193715    3.794    0.984    0.238 S_000008
   2 P   178.185 -141.779  162.057   89.493 -175.798 -165.522  102.817   12.026  135.815  -77.674    0.407427   -1.250929   -0.772444   -0.896323   -1.722154   -1.427814   -1.908611   -0.775532   -1.157236    8.577   -2.415   -2.603 S_000008
   3 H   155.011 -141.751  175.324   82.315    0.000    0.000   59.700   39.565   86.779  179.918    0.321555   -1.349767   -0.614773   -0.751444   -1.430936   -1.704962   -1.875142   -0.708031   -1.218934   14.090   -6.315   -1.000 S_000008
SCORE:     0.211                  0.211          0          1          1    S_000009
   1 H     0.000  170.252   55.279   83.988 -176.504  -92.729   75.356   36.586   95.895  179.904    0.323664   -1.364637   -0.597055   -0.788484   -1.514050   -1.638328   -1.878160   -0.709153   -1.217119    3.794    0.984    0.238 S_000009
   2 N   157.972 -132.733  176.834  147.316 -147.664 -132.370   93.539  -35.585  157.310  132.932    0.334836   -0.174948   -1.481171   -0.790795   -1.105511   -1.925075   -1.933577   -0.714100   -1.197252    8.980   -1.601   -2.233 S_000009
   3 H   -74.979  174.197   54.858   79.316    0.000    0.000   76.423   42.304   84.998   79.224    0.292105   -1.395901   -0.521076   -0.745374   -1.500720   -1.640715   -1.858073   -0.719984   -1.220171   14.445   -4.478    0.416 S_000009
SCORE:     0.216                  0.216          0          0          1    S_000010
   1 H     0.000  170.252   55.279   79.210  176.629  -83.496   86.202   34.671   96.084  -68.107    0.337904   -1.380822   -0.570861   -0.793103   -1.589893   -1.578417   -1.885036   -0.763019   -1.186442    3.794    0.984    0.238 S_000010
   2 N   157.972 -132.733  176.834  147.316 -147.664 -132.370   93.539  -35.585  157.310  132.932    0.334836   -0.174948   -1.481171   -0.790795   -1.105511   -1.925075   -1.933577   -0.714100   -1.197252    8.985   -1.453   -1.935 S_000010
   3 H   -67.056 -172.889   50.318   82.052    0.000    0.000   80.997   40.932   89.198  -19.744    0.296238   -1.391473   -0.537270   -0.761237   -1.505838   -1.636645   -1.868245   -0.728122   -1.211962   14.483   -4.086    1.082 S_000010
