SEQUENCE: gug
SCORE:     score    rna_stub_coord_hack       N_WC      N_NWC       N_BS description
REMARK RNA 
SCORE:     0.028                  0.028          0          0          0    S_000001
   1 H     0.000  170.252   55.279   87.663  -62.481 -155.526   70.948   27.843  106.191  -22.786    0.337819   -1.278965   -0.798703   -0.878501   -1.440128   -1.723774   -1.943724   -0.679767   -1.213073    3.794    0.984    0.238 S_000001
   2 P   178.185 -141.779  162.057   89.493 -175.798 -165.522  102.817   12.026  135.815  -77.674    0.407427   -1.250929   -0.772444   -0.896323   -1.722154   -1.427814   -1.908611   -0.775532   -1.157236    4.449    1.032   -6.686 S_000001
   3 H   -77.868 -162.281   41.955   76.956    0.000    0.000   79.195   38.870   90.500  -72.607    0.294776   -1.411246   -0.490707   -0.790303   -1.598554   -1.551034   -1.862971   -0.754060   -1.184069    5.020    5.610  -11.778 S_000001
SCORE:     0.028                  0.028          0          0          0    S_000002
   1 H     0.000  170.252   55.279   87.663  -62.481 -155.526   70.948   27.843  106.191  -22.786    0.337819   -1.278965   -0.798703   -0.878501   -1.440128   -1.723774   -1.943724   -0.679767   -1.213073    3.794    0.984    0.238 S_000002
   2 P   178.185 -141.779  162.057   89.493 -175.798 -165.522  102.817   12.026  135.815  -77.674    0.407427   -1.250929   -0.772444   -0.896323   -1.722154   -1.427814   -1.908611   -0.775532   -1.157236    4.449    1.032   -6.686 S_000002
   3 H   -52.548  162.849   52.284   82.491    0.000    0.000   80.916   35.007   95.317  -15.134    0.359439   -1.330258   -0.659584   -0.757349   -1.462312   -1.678625   -1.853158   -0.696653   -1.222075    6.002    5.023  -11.246 S_000002
SCORE:     0.031                  0.031          0          0          0    S_000003
   1 H     0.000  170.252   55.279  140.241 -114.012  169.971   78.712  -27.634  142.257   17.991    0.371066   -0.238140   -1.461480   -0.825148   -1.027649   -2.004729   -1.949131   -0.696504   -1.200339    3.794    0.984    0.238 S_000003
   2 P   178.185 -141.779  162.057   89.493 -175.798 -165.522  102.817   12.026  135.815  -77.674    0.407427   -1.250929   -0.772444   -0.896323   -1.722154   -1.427814   -1.908611   -0.775532   -1.157236    9.666    1.658   -3.705 S_000003
   3 H   -70.237 -177.375   52.951   81.934    0.000    0.000   79.990   35.852   96.469  -17.643    0.319487   -1.381973   -0.566067   -0.800776   -1.567509   -1.588857   -1.869871   -0.721873   -1.205127   12.494    7.066   -6.358 S_000003
SCORE:     0.027                  0.027          0          0          0    S_000004
   1 H     0.000  170.252   55.279  145.726 -150.795  121.278  149.400  -38.180  161.115  128.328    0.316445   -0.203518   -1.476993   -0.778904   -1.192472   -1.862922   -1.932964   -0.736934   -1.190189    3.794    0.984    0.238 S_000004
   2 N   157.972 -132.733  176.834  147.316 -147.664 -132.370   93.539  -35.585  157.310  132.932    0.334836   -0.174948   -1.481171   -0.790795   -1.105511   -1.925075   -1.933577   -0.714100   -1.197252    8.944    2.529   -3.709 S_000004
   3 H   -70.203 -178.162   49.333   80.616    0.000    0.000   94.886   36.493  100.325  -24.459    0.303910   -1.415829   -0.478200   -0.816304   -1.645344   -1.497457   -1.855539   -0.725155   -1.208018   13.908    6.984   -4.892 S_000004
SCORE:     0.032                  0.032          0          0          0    S_000005
   1 H     0.000  170.252   55.279   87.841 -146.043  123.595  121.665   32.108  100.447  -24.167    0.344703   -1.326840   -0.648267   -0.825891   -1.505753   -1.625424   -1.890521   -0.682450   -1.207216    3.794    0.984    0.238 S_000005
   2 N   157.972 -132.733  176.834  147.316 -147.664 -132.370   93.539  -35.585  157.310  132.932    0.334836   -0.174948   -1.481171   -0.790795   -1.105511   -1.925075   -1.933577   -0.714100   -1.197252    4.453    2.093   -6.293 S_000005
   3 H   -48.250 -170.578   47.173  143.035    0.000    0.000  108.425  -34.623  155.139   24.309    0.327227   -0.242082   -1.475964   -0.811943   -1.173587   -1.894268   -1.945042   -0.751556   -1.170554    4.630    6.782  -11.031 S_000005
SCORE:     0.028                  0.028          0          0          0    S_000006
   1 H     0.000  170.252   55.279   87.663  -62.481 -155.526   70.948   27.843  106.191  -22.786    0.337819   -1.278965   -0.798703   -0.878501   -1.440128   -1.723774   -1.943724   -0.679767   -1.213073    3.794    0.984    0.238 S_000006
   2 P   178.185 -141.779  162.057   89.493 -175.798 -165.522  102.817   12.026  135.815  -77.674    0.407427   -1.250929   -0.772444   -0.896323   -1.722154   -1.427814   -1.908611   -0.775532   -1.157236    4.449    1.032   -6.686 S_000006
   3 H   -67.155  164.400   64.268   74.315    0.000    0.000   71.613   42.127   93.593  -20.417    0.249215   -1.455494   -0.380090   -0.801163   -1.661074   -1.475090   -1.850282   -0.743389   -1.203259    5.793    5.245  -11.283 S_000006
SCORE:     0.032                  0.032          0          0          0    S_000007
   1 H     0.000  170.252   55.279   81.987  -89.155 -176.608   86.770   38.922   86.810  -27.731    0.332781   -1.336172   -0.650507   -0.749627   -1.388707   -1.726450   -1.870547   -0.691044   -1.224011    3.794    0.984    0.238 S_000007
   2 P   175.869 -141.611  153.148   83.677 -166.053 -163.686   65.878   35.297   92.385 -141.507    0.340958   -1.323059   -0.677000   -0.782125   -1.436776   -1.707161   -1.884937   -0.705343   -1.216472    5.149    1.195   -6.728 S_000007
   3 H   -74.965 -168.509   46.106   82.166    0.000    0.000   87.550   37.008   92.271 -140.088    0.329641   -1.354943   -0.607957   -0.773179   -1.491174   -1.657754   -1.873455   -0.707747   -1.215686    2.584    4.843  -11.850 S_000007
SCORE:     0.033                  0.033          0          0          0    S_000008
   1 H     0.000  170.252   55.279   81.987  -89.155 -176.608   86.770   38.922   86.810  -27.731    0.332781   -1.336172   -0.650507   -0.749627   -1.388707   -1.726450   -1.870547   -0.691044   -1.224011    3.794    0.984    0.238 S_000008
   2 P   172.221  170.024  171.796   84.129 -153.577  -72.042   72.192   39.656   89.017  -28.887    0.311251   -1.365201   -0.594033   -0.760653   -1.459103   -1.679404   -1.872372   -0.699463   -1.227364    4.978    2.256   -6.570 S_000008
   3 H   -66.959  176.589   57.578   82.577    0.000    0.000   74.136   37.513  102.625  179.922    0.301745   -1.393398   -0.537790   -0.793823   -1.561664   -1.572721   -1.828057   -0.645736   -1.257904    4.977    4.506  -12.343 S_000008
SCORE:     0.035                  0.035          0          0          0    S_000009
   1 H     0.000  170.252   55.279   81.482  -48.128 -174.127   63.568   46.657   79.128  -32.250    0.227007   -1.432377   -0.376966   -0.720364   -1.599067   -1.521959   -1.779063   -0.662959   -1.248677    3.794    0.984    0.238 S_000009
   2 P   162.674 -163.177  159.428   82.571 -154.808  -93.860  101.117   34.024   98.651 -140.915    0.336743   -1.340740   -0.643676   -0.800614   -1.510057   -1.653203   -1.886811   -0.725183   -1.204588    4.609    2.189   -6.520 S_000009
   3 H    77.031 -158.479 -174.860   85.162    0.000    0.000   73.762   43.260   83.801  -20.263    0.280484   -1.383079   -0.484491   -0.720271   -1.531153   -1.612537   -1.864461   -0.749997   -1.201679    4.145    2.603  -12.421 S_000009
SCORE:     0.033                  0.033          0          0          0    S_000010
   1 H     0.000  170.252   55.279   85.559  -93.544 -179.937   57.066   35.050   93.575 -130.232    0.343979   -1.322800   -0.671925   -0.783931   -1.448060   -1.702912   -1.888597   -0.693129   -1.222440    3.794    0.984    0.238 S_000010
   2 P   178.185 -141.779  162.057   89.493 -175.798 -165.522  102.817   12.026  135.815  -77.674    0.407427   -1.250929   -0.772444   -0.896323   -1.722154   -1.427814   -1.908611   -0.775532   -1.157236    5.476    1.479   -6.645 S_000010
   3 H   -66.018 -172.693   56.631   83.806    0.000    0.000   72.433   36.816   94.016 -149.122    0.321789   -1.357667   -0.603087   -0.786154   -1.492745   -1.644730   -1.872506   -0.695768   -1.219272    4.137    6.207  -11.152 S_000010
