SEQUENCE: gaaaag
SCORE:     score    rna_stub_coord_hack       N_WC      N_NWC       N_BS description
REMARK RNA 
SCORE:     0.001                  0.001          0          0          2    S_000001
   1 H     0.000  170.252   55.279  141.164  -80.259  -37.392  116.352  -34.097  154.296  -99.654    0.328838   -0.229349   -1.465648   -0.814512   -1.147046   -1.900567   -1.949233   -0.704975   -1.195727    3.794    0.984    0.238 S_000001
   2 N    89.309 -128.184 -176.803   85.980 -125.293  -86.866  101.256   32.497   99.896  -13.210    0.337448   -1.344533   -0.644393   -0.824490   -1.531634   -1.627120   -1.898220   -0.710229   -1.207517    2.487    0.769   -3.242 S_000001
   3 P   -54.951  152.598   72.362   78.394 -160.428  -67.343   69.340   36.442   98.916  -20.703    0.327572   -1.412694   -0.472689   -0.783130   -1.660104   -1.493520   -1.849287   -0.765524   -1.190572   -3.511    1.632   -4.000 S_000001
   4 P   -48.869  168.293   39.005   89.592 -144.568  -75.873   82.013   39.579   85.672  -15.669    0.306910   -1.343936   -0.640675   -0.766761   -1.407038   -1.731055   -1.903627   -0.744319   -1.193014   -8.778    2.958   -2.153 S_000001
   5 P  -111.694   90.416  162.275   83.530 -131.818  -71.832   54.082   37.679   89.061  -25.101    0.339703   -1.326763   -0.648139   -0.752360   -1.421267   -1.715751   -1.872971   -0.699424   -1.222344  -13.342    6.052   -0.069 S_000001
   6 H   -54.175  173.042   50.257   81.841    0.000    0.000   67.824   36.803   92.887  100.277    0.334490   -1.359304   -0.592263   -0.769870   -1.505119   -1.633716   -1.865654   -0.720447   -1.208670  -18.119    6.792    3.780 S_000001
SCORE:     0.003                  0.003          0          0          1    S_000002
   1 H     0.000  170.252   55.279   80.207    0.000    0.000   81.525   40.023   93.716 -177.837    0.314563   -1.398675   -0.539597   -0.740021   -1.523534   -1.609511   -1.852630   -0.709402   -1.242431    3.794    0.984    0.238 S_000002
   2 P   -39.132 -128.014  178.683  148.423 -128.491 -161.176   82.490  -39.164  159.768  138.907    0.324895   -0.118877   -1.481124   -0.753142   -1.105909   -1.924168   -1.915263   -0.709937   -1.216600    1.559    2.488    0.089 S_000002
   3 P   -49.997  178.205   28.294  106.721 -137.915  -67.053   77.955   12.848  106.965  176.053    0.411592   -1.020850   -1.057369   -0.849101   -1.333901   -1.850006   -1.938166   -0.726649   -1.187630   -3.386    4.677    3.793 S_000002
   4 P    99.172  116.489   65.284   79.288 -161.835  -76.475   87.134   39.721   97.467  164.119    0.287917   -1.435325   -0.425185   -0.785258   -1.657465   -1.488470   -1.819320   -0.729508   -1.218893   -4.944    0.641    8.622 S_000002
   5 P   -70.304  165.853   56.853   83.742 -157.956  -54.604   52.054   37.788   92.566  -19.338    0.321968   -1.371944   -0.582942   -0.774139   -1.515933   -1.644081   -1.877303   -0.724986   -1.213067   -8.893   -2.408   11.979 S_000002
   6 H   161.366 -156.476  167.060   86.610    0.000    0.000   59.662   35.725   91.177  -26.943    0.338479   -1.306181   -0.714977   -0.780199   -1.384826   -1.755812   -1.893415   -0.681017   -1.219890  -12.457    0.223   16.461 S_000002
SCORE:     0.000                  0.000          0          0          0    S_000003
   1 H     0.000  170.252   55.279   74.884    0.000    0.000   88.219   38.522   95.790  -29.944    0.311372   -1.410143   -0.489063   -0.778546   -1.603505   -1.546159   -1.854762   -0.735499   -1.207969    3.794    0.984    0.238 S_000003
   2 N     0.000  173.918   59.612 -284.858  215.729  -68.740   76.850   47.121   87.071  179.892    0.221572   -1.448499   -0.420149   -0.753688   -1.533270   -1.593215   -1.842807   -0.706479   -1.225232    3.018    2.460    1.395 S_000003
   3 P  -103.910  110.620  164.774   91.062 -117.397  -84.000   88.986   25.438  103.844  178.506    0.411128   -1.208434   -0.824016   -0.798741   -1.398278   -1.727761   -1.891952   -0.677546   -1.211275   -2.300    3.707    3.350 S_000003
   4 P   -59.809 -129.144   54.265  150.072  -89.880  178.588  169.207  -33.725  153.392   52.776    0.344401   -0.126133   -1.477143   -0.797352   -1.002056   -1.982670   -1.937984   -0.657325   -1.223011   -7.394    2.554    7.760 S_000003
   5 N   -56.447  161.867   71.832  154.148 -109.816  -92.178  128.922  -38.278  154.303 -154.039    0.326604   -0.049147   -1.486557   -0.759318   -0.992584   -1.984304   -1.907809   -0.697240   -1.218033  -11.149   -0.376   11.752 S_000003
   6 H    87.701 -107.119 -177.363   84.550    0.000    0.000   63.467   37.860   92.052  -46.947    0.325075   -1.355135   -0.610433   -0.769110   -1.468626   -1.671101   -1.870382   -0.698743   -1.223084   -9.978   -3.880   15.370 S_000003
SCORE:     0.006                  0.006          0          1          1    S_000004
   1 H     0.000  170.252   55.279   79.541    0.000    0.000   85.364   36.666   94.400  -15.996    0.327876   -1.347878   -0.620609   -0.782481   -1.476497   -1.666435   -1.874182   -0.692940   -1.223606    3.794    0.984    0.238 S_000004
   2 N   -75.551  148.565 -176.602   78.228 -168.936  -75.552   79.276   35.068   95.364   10.531    0.308625   -1.405336   -0.478338   -0.830356   -1.662242   -1.478005   -1.915260   -0.830697   -1.109238    2.206    2.128    0.899 S_000004
   3 P   -65.608  176.551   43.292   81.659 -140.863  -76.264   79.607   36.856   95.099  163.968    0.317172   -1.385958   -0.544145   -0.793480   -1.567992   -1.582540   -1.880046   -0.745529   -1.190856   -0.634   -0.938    5.252 S_000004
   4 P    61.375 -138.792  -68.454   89.681 -140.023  -81.562   98.847   30.634  101.482  173.094    0.350125   -1.307168   -0.719918   -0.830627   -1.472918   -1.682517   -1.915205   -0.709229   -1.196246   -5.224   -0.002    7.859 S_000004
   5 N   -54.650  146.909   70.557   88.961 -120.220 -141.988  120.105   29.231  100.782  163.010    0.373629   -1.275456   -0.752130   -0.804737   -1.460341   -1.705715   -1.895368   -0.705989   -1.210188   -9.160   -0.680   12.088 S_000004
   6 H   -94.059  158.228   53.246   83.327    0.000    0.000   61.174   35.529   99.819  -16.224    0.322688   -1.367332   -0.564071   -0.801800   -1.543431   -1.575667   -1.838944   -0.661043   -1.231050  -13.124   -2.421   17.261 S_000004
SCORE:     0.000                  0.000          0          0          1    S_000005
   1 H     0.000  170.252   55.279   75.508    0.000    0.000   82.759   38.168   97.955  -18.716    0.304954   -1.414271   -0.474777   -0.792709   -1.620885   -1.523751   -1.841132   -0.709719   -1.224224    3.794    0.984    0.238 S_000005
   2 P   -66.973  173.475   68.286  137.907  -77.343  141.002  117.624  -17.512  137.272    4.519    0.452995   -0.419113   -1.378158   -0.806682   -1.063678   -1.954233   -1.924759   -0.651630   -1.215380    2.059    2.541    0.902 S_000005
   3 P   145.178 -156.034 -172.353   84.988 -133.611  -72.916   57.863   38.515   89.648  -30.107    0.312455   -1.350548   -0.616806   -0.776444   -1.446986   -1.689238   -1.877180   -0.694361   -1.217785   -3.348    3.419    4.333 S_000005
   4 P   -56.853  171.990  171.780   85.911 -152.063  -67.001   77.782   35.994   96.437   -4.313    0.328345   -1.349517   -0.609707   -0.788269   -1.498151   -1.642523   -1.865818   -0.680563   -1.230927   -8.924    3.193    7.021 S_000005
   5 P   159.206 -143.526  165.585   86.440 -102.836  -96.790   73.696   38.503   85.932  -17.299    0.319648   -1.323090   -0.681179   -0.768786   -1.364715   -1.753998   -1.897515   -0.700136   -1.214736  -11.423    0.975   12.371 S_000005
   6 H  -155.382  136.102  159.972   87.390    0.000    0.000   63.825   35.630   96.223  -10.533    0.338729   -1.343636   -0.614391   -0.776360   -1.491128   -1.636914   -1.861556   -0.685776   -1.220745  -12.705   -3.215   17.872 S_000005
SCORE:     0.005                  0.005          0          0          2    S_000006
   1 H     0.000  170.252   55.279  138.442  -85.635   65.387  104.663  -30.645  149.089 -157.162    0.357365   -0.391015   -1.428158   -0.816095   -1.288377   -1.821831   -1.947070   -0.811395   -1.125176    3.794    0.984    0.238 S_000006
   2 P  -121.231   88.679  153.320  121.279  178.607  -87.441  125.990  -20.088  135.748  173.386    0.437259   -0.207353   -1.445132   -0.809066   -0.817394   -2.088264   -1.917623   -0.670753   -1.222174    2.799    2.781   -2.106 S_000006
   3 N   -67.229  171.008   55.165   82.086 -141.872  -66.852   61.846   37.905   89.691  -19.447    0.304683   -1.380533   -0.556703   -0.789229   -1.535846   -1.609615   -1.885027   -0.754389   -1.186746   -2.852    1.941   -0.593 S_000006
   4 N   -64.079  179.377   51.952   83.139 -113.599 -178.501   89.907   31.236  107.496  -87.265    0.333326   -1.409694   -0.470980   -0.839815   -1.734155   -1.395387   -1.855349   -0.779865   -1.167958   -7.807    4.732    1.966 S_000006
   5 P   -37.741  112.885   46.311   78.768 -170.507  -88.820   94.831   42.526   89.052 -145.504    0.289640   -1.404214   -0.505592   -0.744163   -1.516568   -1.625435   -1.837960   -0.688078   -1.243151  -13.220    5.680    2.273 S_000006
   6 H   -65.606  174.039   58.921   83.386    0.000    0.000   68.360   34.315   96.708  -11.925    0.331825   -1.372492   -0.573681   -0.805975   -1.576601   -1.572891   -1.890065   -0.757049   -1.180910  -18.669    7.726    4.186 S_000006
SCORE:     0.002                  0.002          0          1          1    S_000007
   1 H     0.000  170.252   55.279   75.833    0.000    0.000   82.954   36.787  100.214  -24.819    0.265227   -1.451015   -0.412173   -0.839362   -1.705460   -1.399367   -1.845330   -0.722398   -1.154595    3.794    0.984    0.238 S_000007
   2 N   -80.783 -179.724  171.364  150.415 -105.293  -85.848  144.059  -41.493  160.580   18.623    0.335151   -0.050284   -1.486102   -0.714523   -1.063570   -1.925667   -1.885168   -0.721521   -1.203089    1.882    2.848    0.710 S_000007
   3 P  -141.103   93.426  169.495   91.069 -150.020  -92.359   62.089   37.264   87.277  136.929    0.317046   -1.318105   -0.686127   -0.788078   -1.384274   -1.745631   -1.907231   -0.711992   -1.202040   -3.135    1.743    4.910 S_000007
   4 N   -53.789  163.388   48.131   81.548 -135.577  -83.742   68.025   36.269   98.154 -129.958    0.317261   -1.391384   -0.527021   -0.800918   -1.589426   -1.549649   -1.866608   -0.724524   -1.201848   -5.890    2.639   10.324 S_000007
   5 N    72.843  153.090  -70.654  145.450 -124.760  102.276  -63.122  -41.622  164.070   19.666    0.305505   -0.165593   -1.485790   -0.749937   -1.208547   -1.823795   -1.915397   -0.728004   -1.191338  -11.340    0.160   12.492 S_000007
   6 H   -62.170 -179.398   49.884   82.462    0.000    0.000   80.899   38.015   92.396  179.881    0.315910   -1.374757   -0.570167   -0.779480   -1.516228   -1.629954   -1.873115   -0.717501   -1.209734  -10.461    0.046   17.282 S_000007
SCORE:     0.004                  0.004          0          0          1    S_000008
   1 H     0.000  170.252   55.279   75.229    0.000    0.000   84.810   32.692  104.524  -25.139    0.329248   -1.393905   -0.539369   -0.835819   -1.640832   -1.503517   -1.867428   -0.723047   -1.202862    3.794    0.984    0.238 S_000008
   2 P   -39.132 -128.014  178.683  148.423 -128.491 -161.176   82.490  -39.164  159.768  138.907    0.324895   -0.118877   -1.481124   -0.753142   -1.105909   -1.924168   -1.915263   -0.709937   -1.216600    1.474    2.359    0.158 S_000008
   3 P   -50.526  137.807   60.857   88.300 -125.544  -55.789   77.937   35.207   96.210  -15.787    0.330953   -1.324703   -0.683781   -0.796678   -1.435133   -1.713025   -1.890201   -0.673096   -1.233151   -3.440    4.227    3.113 S_000008
   4 P   -75.644  168.083   67.814   90.941 -157.060 -127.340   91.236   30.922  102.656 -145.099    0.354641   -1.319354   -0.665360   -0.807874   -1.528183   -1.625955   -1.881488   -0.703515   -1.213541   -7.875    2.280    6.756 S_000008
   5 P   -82.614 -168.136   51.861   87.571 -148.550  -77.218   87.366   37.777   87.247  160.980    0.323666   -1.337693   -0.630132   -0.770643   -1.442281   -1.695740   -1.894174   -0.727023   -1.205181  -12.107   -0.011   11.726 S_000008
   6 H   -64.239 -178.941   52.122   81.054    0.000    0.000   74.047   45.477   91.078  -24.687    0.249445   -1.433573   -0.438307   -0.748725   -1.515132   -1.582152   -1.841522   -0.685807   -1.242082  -12.488   -3.534   16.992 S_000008
SCORE:     0.000                  0.000          0          0          0    S_000009
   1 H     0.000  170.252   55.279   72.330    0.000    0.000   77.786   42.367   91.280  179.890    0.297911   -1.437778   -0.420377   -0.740066   -1.583428   -1.513118   -1.844684   -0.739981   -1.172033    3.794    0.984    0.238 S_000009
   2 P   -16.273 -123.292  179.040   90.406 -137.508  -61.088   44.990   34.831   88.653 -137.963    0.374210   -1.236601   -0.795169   -0.746231   -1.271489   -1.836790   -1.895535   -0.695294   -1.219190    1.747    1.749    0.453 S_000009
   3 P  -109.262   88.349  166.970   83.859 -138.987  -65.973   58.939   33.360   96.071  179.884    0.351261   -1.321286   -0.667970   -0.790772   -1.481709   -1.670206   -1.882775   -0.720551   -1.203499   -1.249   -0.072    5.010 S_000009
   4 P   -70.512  167.579   55.422   84.662 -149.064  -72.915   76.412   37.937   90.130  -19.536    0.319020   -1.363376   -0.591971   -0.774790   -1.493486   -1.654045   -1.889449   -0.744310   -1.195524   -6.533   -0.003    8.105 S_000009
   5 N   -85.964 -113.653   62.414  142.138  -86.936 -103.000  116.137  -34.352  159.104 -164.804    0.345062   -0.312323   -1.455876   -0.790686   -1.253060   -1.825101   -1.931456   -0.752238   -1.171991  -10.617   -3.699   12.308 S_000009
   6 H   -59.124  177.300   44.536   83.771    0.000    0.000   73.596   35.035   94.467   89.911    0.347452   -1.317756   -0.676444   -0.781626   -1.433233   -1.705068   -1.886654   -0.676461   -1.224960  -10.363   -2.394   18.870 S_000009
SCORE:     0.004                  0.004          0          1          0    S_000010
   1 H     0.000  170.252   55.279   85.191    0.000    0.000   81.904   42.291   87.390  -31.843    0.234795   -1.397699   -0.550816   -0.795829   -1.496309   -1.660555   -1.881780   -0.683493   -1.234038    3.794    0.984    0.238 S_000010
   2 N    65.383 -162.976   50.862  146.952  -95.595 -106.341  135.968  -34.664  148.149   62.273    0.332047   -0.126931   -1.484688   -0.798376   -1.023296   -1.989477   -1.928332   -0.726266   -1.195022    3.588    2.730    1.578 S_000010
   3 N   -38.548  179.379   51.991   82.842   81.656 -169.131   95.973   34.066   96.534  -90.646    0.354807   -1.295057   -0.721641   -0.784812   -1.391766   -1.737804   -1.894765   -0.685664   -1.217995   -1.030   -1.689    3.384 S_000010
   4 P   175.092 -102.372 -175.903   92.378 -139.805  -55.656  -27.979   21.886  117.369    2.866    0.348707   -1.360588   -0.670816   -0.921158   -1.749262   -1.487993   -1.905244   -0.758322   -1.157865   -4.698   -1.349    8.148 S_000010
   5 P   -93.154 -157.444   54.300  150.377 -112.935 -160.796  105.347  -36.726  152.260  155.081    0.325182   -0.066179   -1.488565   -0.782637   -0.984831   -1.998773   -1.922659   -0.698395   -1.211700  -10.376   -0.260   11.385 S_000010
   6 H   -55.266  162.708   55.739   82.956    0.000    0.000   76.557   38.340   93.618  179.889    0.310688   -1.384096   -0.551537   -0.779624   -1.534083   -1.612477   -1.862796   -0.702634   -1.224116  -16.453   -1.359   13.326 S_000010
