SEQUENCE: gag
SCORE:     score    rna_stub_coord_hack       N_WC      N_NWC       N_BS description
REMARK RNA 
SCORE:     1.654                  1.654          0          0          0    S_000001
   1 H     0.000  170.252   55.279   70.540   74.914   61.744   75.178   42.760   84.801  -91.553    0.306202   -1.388741   -0.548784   -0.722814   -1.460183   -1.675279   -1.856944   -0.720615   -1.220916    3.794    0.984    0.238 S_000001
   2 N  -149.034  -81.925  172.404  146.046 -150.679 -107.126  111.344  -35.048  155.162  147.404    0.332662   -0.192882   -1.475955   -0.792373   -1.116447   -1.928530   -1.935508   -0.712398   -1.199196    8.983    2.330   -2.631 S_000001
   3 H   107.900  -89.987 -168.342   81.619    0.000    0.000   25.940   34.404   98.923  -22.685    0.336088   -1.355777   -0.613055   -0.799507   -1.534124   -1.621965   -1.877085   -0.716690   -1.212367   11.614    6.843   -2.162 S_000001
SCORE:     1.649                  1.649          0          0          0    S_000002
   1 H     0.000  170.252   55.279   99.366   37.004  115.204 -179.994    8.767  128.101 -143.062    0.435905   -1.062987   -1.004996   -0.859946   -1.463220   -1.693261   -1.899903   -0.657307   -1.218227    3.794    0.984    0.238 S_000002
   2 N  -148.162  164.915  118.385  145.355 -109.323 -178.043  158.161  -25.949  134.973  153.436    0.357113   -0.162484   -1.477571   -0.854725   -0.883260   -2.080780   -1.943630   -0.688761   -1.201220    9.842    1.539   -1.022 S_000002
   3 H   132.639 -147.042 -172.376   89.280    0.000    0.000   62.842   35.136   93.705  141.969    0.327184   -1.321855   -0.667395   -0.799139   -1.449937   -1.697506   -1.890260   -0.687806   -1.216326   16.738    2.015   -0.223 S_000002
SCORE:     1.611                  1.611          0          0          0    S_000003
   1 H     0.000  170.252   55.279   70.188   50.891   99.025   77.181   37.839   97.415 -115.406    0.294066   -1.402038   -0.537506   -0.831936   -1.562673   -1.603316   -1.865125   -0.673369   -1.231687    3.794    0.984    0.238 S_000003
   2 P  -173.910 -150.992  149.500  127.998 -128.911 -142.558   91.482   -6.193  136.127   15.787    0.408280   -0.788743   -1.262842   -0.923571   -1.317920   -1.806812   -1.984235   -0.740556   -1.116661    8.780    2.376   -3.816 S_000003
   3 H   -59.339  163.790   55.791   84.904    0.000    0.000   86.757   33.503   95.148   14.660    0.342814   -1.326721   -0.664553   -0.800148   -1.482973   -1.665292   -1.882826   -0.705508   -1.214530   14.695    3.893   -6.241 S_000003
SCORE:     1.611                  1.611          0          0          0    S_000004
   1 H     0.000  170.252   55.279   70.188   50.891   99.025   77.181   37.839   97.415 -115.406    0.294066   -1.402038   -0.537506   -0.831936   -1.562673   -1.603316   -1.865125   -0.673369   -1.231687    3.794    0.984    0.238 S_000004
   2 P  -173.910 -150.992  149.500  127.998 -128.911 -142.558   91.482   -6.193  136.127   15.787    0.408280   -0.788743   -1.262842   -0.923571   -1.317920   -1.806812   -1.984235   -0.740556   -1.116661    8.780    2.376   -3.816 S_000004
   3 H   -65.655  176.248   51.211   87.167    0.000    0.000   54.119   37.539   87.036  -17.053    0.300650   -1.350207   -0.638873   -0.807648   -1.444559   -1.697370   -1.910577   -0.716707   -1.191895   14.931    4.114   -5.989 S_000004
SCORE:     1.611                  1.611          0          0          0    S_000005
   1 H     0.000  170.252   55.279   70.188   50.891   99.025   77.181   37.839   97.415 -115.406    0.294066   -1.402038   -0.537506   -0.831936   -1.562673   -1.603316   -1.865125   -0.673369   -1.231687    3.794    0.984    0.238 S_000005
   2 P  -173.910 -150.992  149.500  127.998 -128.911 -142.558   91.482   -6.193  136.127   15.787    0.408280   -0.788743   -1.262842   -0.923571   -1.317920   -1.806812   -1.984235   -0.740556   -1.116661    8.780    2.376   -3.816 S_000005
   3 H     0.000 -152.767   64.804   84.886    0.000    0.000   77.256   43.060   84.377  179.929    0.275955   -1.368579   -0.629312   -0.745720   -1.402268   -1.772637   -1.870519   -0.744497   -1.212620   14.556    3.724   -6.289 S_000005
SCORE:     1.699                  1.699          0          0          0    S_000006
   1 H     0.000  170.252   55.279   99.366   37.004  115.204 -179.994    8.767  128.101 -143.062    0.435905   -1.062987   -1.004996   -0.859946   -1.463220   -1.693261   -1.899903   -0.657307   -1.218227    3.794    0.984    0.238 S_000006
   2 P   -82.645 -177.969   72.751  145.260 -157.503 -148.229  111.875  -38.545  157.429  -12.075    0.322205   -0.223436   -1.480851   -0.764697   -1.222995   -1.851784   -1.919902   -0.771160   -1.168755    9.698    0.810   -1.066 S_000006
   3 H   152.356 -145.761  173.826   86.616    0.000    0.000   58.501   35.934   89.760   48.294    0.315655   -1.306014   -0.713722   -0.801613   -1.378388   -1.752211   -1.900521   -0.682745   -1.218943   16.196    3.191   -2.101 S_000006
SCORE:     1.674                  1.674          0          0          0    S_000007
   1 H     0.000  170.252   55.279   99.366   37.004  115.204 -179.994    8.767  128.101 -143.062    0.435905   -1.062987   -1.004996   -0.859946   -1.463220   -1.693261   -1.899903   -0.657307   -1.218227    3.794    0.984    0.238 S_000007
   2 P  -177.185 -173.566  155.371  145.456  -98.754  179.352  138.838  -24.197  141.689  170.602    0.366879   -0.185448   -1.467973   -0.847005   -0.869502   -2.069646   -1.938630   -0.653402   -1.218242    9.889    2.085   -1.861 S_000007
   3 H   -54.847  151.488   51.995   79.973    0.000    0.000   83.017   40.185   90.090  179.920    0.296871   -1.412020   -0.478006   -0.772569   -1.586651   -1.561692   -1.853900   -0.735722   -1.203728   15.820    0.836   -1.196 S_000007
SCORE:     1.603                  1.603          0          0          0    S_000008
   1 H     0.000  170.252   55.279  119.815   48.040  111.457  127.325  -19.348  135.556  147.821    0.444579   -0.228426   -1.434994   -0.808579   -0.830951   -2.071090   -1.912179   -0.692428   -1.205247    3.794    0.984    0.238 S_000008
   2 P   171.747  153.395  159.041  148.712 -150.900 -143.856  163.298  -31.676  141.216  -34.261    0.335662   -0.099384   -1.482186   -0.823846   -0.920479   -2.044532   -1.934389   -0.708140   -1.198506   10.176    0.056    0.039 S_000008
   3 H   -69.162 -175.615   49.492   78.310    0.000    0.000   76.882   38.637   98.548  159.265    0.297374   -1.430533   -0.417187   -0.794478   -1.671445   -1.464452   -1.828955   -0.733955   -1.214732   15.563   -2.816    2.956 S_000008
SCORE:     1.656                  1.656          0          0          0    S_000009
   1 H     0.000  170.252   55.279   70.188   50.891   99.025   77.181   37.839   97.415 -115.406    0.294066   -1.402038   -0.537506   -0.831936   -1.562673   -1.603316   -1.865125   -0.673369   -1.231687    3.794    0.984    0.238 S_000009
   2 N  -175.101 -147.674  159.572  141.718  176.133  146.872   62.364  -31.811 -103.226   76.911    0.331832   -0.177856   -1.485199   -0.843536   -1.029654   -1.962328   -1.977627   -0.691472   -1.204184    8.725    2.394   -3.896 S_000009
   3 H   -84.527 -172.346   55.986   75.215    0.000    0.000   66.445   40.761   98.584  179.898    0.295515   -1.432216   -0.435955   -0.766887   -1.607814   -1.512562   -1.806565   -0.680900   -1.243794   14.982    4.672   -3.311 S_000009
SCORE:     1.635                  1.635          0          0          0    S_000010
   1 H     0.000  170.252   55.279   70.188   50.891   99.025   77.181   37.839   97.415 -115.406    0.294066   -1.402038   -0.537506   -0.831936   -1.562673   -1.603316   -1.865125   -0.673369   -1.231687    3.794    0.984    0.238 S_000010
   2 N  -178.810  153.055  135.770  106.704 -138.327 -112.358  127.377   22.478   87.323  -11.418    0.409131   -0.973460   -1.098711   -0.809248   -1.028300   -2.013690   -1.923910   -0.665663   -1.225656    9.104    2.326   -2.636 S_000010
   3 H   -83.933  159.062   74.811  101.643    0.000    0.000   73.567   22.024  114.506  -29.477    0.389312   -1.192445   -0.874421   -0.853200   -1.418041   -1.730451   -1.900615   -0.609245   -1.260274   15.208    4.610   -3.713 S_000010
