SEQUENCE: gag
SCORE:     score    rna_stub_coord_hack       N_WC      N_NWC       N_BS description
REMARK RNA 
SCORE:     0.119                  0.119          0          0          0    S_000001
   1 H     0.000  170.252   55.279  141.164  -80.259  -37.392  116.352  -34.097  154.296  -99.654    0.328838   -0.229349   -1.465648   -0.814512   -1.147046   -1.900567   -1.949233   -0.704975   -1.195727    3.794    0.984    0.238 S_000001
   2 N    69.488 -132.179  174.604   85.323 -152.720  -69.844  118.916   36.749   87.654  -17.686    0.342226   -1.307795   -0.694683   -0.766004   -1.375005   -1.748773   -1.894920   -0.704556   -1.216765    2.646    0.257   -3.353 S_000001
   3 H   -78.789 -171.697   60.710   83.807    0.000    0.000   74.600   36.733   92.182  -34.834    0.329274   -1.350344   -0.603242   -0.774681   -1.489768   -1.644311   -1.865979   -0.711177   -1.214816   -3.677   -1.066   -3.479 S_000001
SCORE:     0.118                  0.118          0          0          0    S_000002
   1 H     0.000  170.252   55.279   78.407 -127.445   42.562   78.871   39.646   90.279  179.906    0.296400   -1.405130   -0.499263   -0.779220   -1.561122   -1.569028   -1.863886   -0.747265   -1.189293    3.794    0.984    0.238 S_000002
   2 N   -37.990  163.048  116.213  122.568 -115.505 -174.244  163.830  -31.679  174.331  167.562    0.344945   -0.631474   -1.349273   -0.848585   -1.582038   -1.508015   -1.957747   -0.765967   -1.172506    0.973   -1.088   -1.527 S_000002
   3 H   -74.289  166.500   70.221   79.404    0.000    0.000   77.547   35.105  100.624 -164.383    0.333331   -1.373897   -0.553447   -0.799720   -1.563181   -1.559129   -1.836000   -0.672333   -1.231142   -2.457   -2.395    3.719 S_000002
SCORE:     0.131                  0.131          0          1          0    S_000003
   1 H     0.000  170.252   55.279   89.825 -120.790  -28.608   68.904   21.657  114.062  -19.005    0.377024   -1.269873   -0.761229   -0.871602   -1.588107   -1.592187   -1.923696   -0.749276   -1.172628    3.794    0.984    0.238 S_000003
   2 N    85.934  -90.839  172.676   85.616 -171.229  -78.234   95.061   38.307   91.216 -146.059    0.311581   -1.351249   -0.627510   -0.778861   -1.442484   -1.694367   -1.883384   -0.694107   -1.220686    2.745   -1.799   -1.218 S_000003
   3 H   -59.607  159.921   44.505   82.127    0.000    0.000  121.449   35.944   99.893  -15.103    0.316432   -1.379666   -0.557247   -0.812612   -1.559692   -1.583161   -1.868433   -0.691450   -1.224934    0.490   -3.873    3.567 S_000003
SCORE:     0.116                  0.116          0          1          1    S_000004
   1 H     0.000  170.252   55.279   90.886 -117.730   39.793   69.010   31.818   99.175  -82.341    0.346327   -1.296448   -0.722906   -0.821484   -1.438485   -1.707425   -1.914878   -0.692589   -1.207688    3.794    0.984    0.238 S_000004
   2 N   -26.065 -130.630  172.007  146.335 -141.275 -135.325   80.380  -33.279  151.090  147.354    0.335607   -0.153277   -1.484134   -0.814503   -1.030406   -1.984215   -1.942102   -0.701556   -1.201120    1.377   -1.340   -2.010 S_000004
   3 H   161.034 -140.546  147.890   87.801    0.000    0.000   76.249   33.683  102.671   32.988    0.318035   -1.345685   -0.638511   -0.829089   -1.508034   -1.631284   -1.881762   -0.657957   -1.235352   -2.716   -5.363    2.118 S_000004
SCORE:     0.112                  0.112          0          0          0    S_000005
   1 H     0.000  170.252   55.279  109.791  -86.031  -28.716   97.324   -4.072  154.605    3.658    0.432992   -1.060617   -0.993306   -0.892079   -1.672394   -1.421786   -1.913007   -0.735767   -1.171156    3.794    0.984    0.238 S_000005
   2 N    79.722  -68.646 -179.965   86.228 -166.559 -148.226   83.939   38.218   96.378   91.556    0.297933   -1.378285   -0.578711   -0.794788   -1.509237   -1.637500   -1.851110   -0.655311   -1.255726    2.362    0.226   -1.267 S_000005
   3 H   -62.247  177.095   46.737   79.814    0.000    0.000   81.792   40.689   90.880   -5.540    0.306380   -1.387115   -0.547328   -0.752993   -1.495135   -1.642599   -1.852793   -0.692254   -1.234042   -1.979   -4.424    0.304 S_000005
SCORE:     0.096                  0.096          0          0          1    S_000006
   1 H     0.000  170.252   55.279  151.226  -94.055  -19.049   81.060  -32.087  141.248 -124.772    0.345654    0.002973   -1.485773   -0.809317   -0.789450   -2.109197   -1.913442   -0.661924   -1.228602    3.794    0.984    0.238 S_000006
   2 P    61.738 -132.075  178.564  106.189 -171.343 -102.760  121.990   -5.332  145.988 -167.146    0.426240   -0.987668   -1.091600   -0.899221   -1.598564   -1.560373   -1.950124   -0.758656   -1.156180    2.736    0.692   -3.112 S_000006
   3 H   -67.407  171.078   57.872   74.858    0.000    0.000   71.670   43.616   88.897  161.481    0.274572   -1.460575   -0.365142   -0.760019   -1.631612   -1.484629   -1.841081   -0.778272   -1.198947   -2.930   -0.755   -5.255 S_000006
SCORE:     0.114                  0.114          0          0          0    S_000007
   1 H     0.000  170.252   55.279   90.886 -117.730   39.793   69.010   31.818   99.175  -82.341    0.346327   -1.296448   -0.722906   -0.821484   -1.438485   -1.707425   -1.914878   -0.692589   -1.207688    3.794    0.984    0.238 S_000007
   2 P   -34.343 -155.396  137.374  146.406  -75.364 -124.013  126.838  -35.241  155.747   40.514    0.326083   -0.175199   -1.476516   -0.805324   -1.100787   -1.931037   -1.947333   -0.704399   -1.195278    1.011   -0.976   -2.158 S_000007
   3 H   -63.147  176.432   53.063   79.726    0.000    0.000   77.258   38.725   94.575  179.950    0.303679   -1.408833   -0.491669   -0.784369   -1.595891   -1.551512   -1.847322   -0.714932   -1.220327   -3.139   -4.692    1.766 S_000007
SCORE:     0.112                  0.112          0          0          0    S_000008
   1 H     0.000  170.252   55.279  109.791  -86.031  -28.716   97.324   -4.072  154.605    3.658    0.432992   -1.060617   -0.993306   -0.892079   -1.672394   -1.421786   -1.913007   -0.735767   -1.171156    3.794    0.984    0.238 S_000008
   2 N    79.722  -68.646 -179.965   86.228 -166.559 -148.226   83.939   38.218   96.378   91.556    0.297933   -1.378285   -0.578711   -0.794788   -1.509237   -1.637500   -1.851110   -0.655311   -1.255726    2.362    0.226   -1.267 S_000008
   3 H   -53.472  170.444   48.835   81.828    0.000    0.000   72.557   37.395   96.697 -165.614    0.315712   -1.389881   -0.542135   -0.787209   -1.561717   -1.586144   -1.851644   -0.694907   -1.231726   -1.685   -4.442    0.407 S_000008
SCORE:     0.123                  0.123          0          0          0    S_000009
   1 H     0.000  170.252   55.279  109.791  -86.031  -28.716   97.324   -4.072  154.605    3.658    0.432992   -1.060617   -0.993306   -0.892079   -1.672394   -1.421786   -1.913007   -0.735767   -1.171156    3.794    0.984    0.238 S_000009
   2 P    61.738 -132.075  178.564  106.189 -171.343 -102.760  121.990   -5.332  145.988 -167.146    0.426240   -0.987668   -1.091600   -0.899221   -1.598564   -1.560373   -1.950124   -0.758656   -1.156180    2.017   -1.094   -2.246 S_000009
   3 H   -75.830  164.315   76.391   75.378    0.000    0.000   58.991   40.698   89.816  -19.713    0.286553   -1.434832   -0.424083   -0.776195   -1.629280   -1.500624   -1.834482   -0.746716   -1.198302   -2.287   -5.519   -1.637 S_000009
SCORE:     0.123                  0.123          0          0          0    S_000010
   1 H     0.000  170.252   55.279   90.886 -117.730   39.793   69.010   31.818   99.175  -82.341    0.346327   -1.296448   -0.722906   -0.821484   -1.438485   -1.707425   -1.914878   -0.692589   -1.207688    3.794    0.984    0.238 S_000010
   2 N   -75.551  148.565 -176.602   78.228 -168.936  -75.552   79.276   35.068   95.364   10.531    0.308625   -1.405336   -0.478338   -0.830356   -1.662242   -1.478005   -1.915260   -0.830697   -1.109238    1.098   -0.676   -1.770 S_000010
   3 H   -46.405 -100.013  -71.146  142.741    0.000    0.000  154.727  -34.161  160.555  129.122    0.320893   -0.321178   -1.458082   -0.831571   -1.261248   -1.809756   -1.954339   -0.740308   -1.163660   -0.787   -2.028    3.861 S_000010
