SEQUENCE: gaaaag
SCORE:     score    rna_stub_coord_hack       N_WC      N_NWC       N_BS description
REMARK RNA 
SCORE:     0.000                  0.000          0          2          2    S_000001
   1 H     0.000  170.252   55.279   84.575 -169.626  -53.951   85.959   36.341   94.578  -25.067    0.310464   -1.352478   -0.622428   -0.804960   -1.482033   -1.657316   -1.882056   -0.681356   -1.219492    3.794    0.984    0.238 S_000001
   2 P   -85.428  164.266   65.434   79.373 -145.635  -75.192   74.257   46.959   80.911  -24.658    0.279491   -1.409238   -0.504543   -0.691825   -1.412700   -1.674825   -1.844670   -0.720056   -1.221399    8.709   -1.537   -1.446 S_000001
   3 P   159.004 -159.032   39.472   73.511 -142.438 -120.290   87.488   33.233  108.020  -15.857    0.298736   -1.467621   -0.320384   -0.862088   -1.846603   -1.240753   -1.813619   -0.811483   -1.161430    9.799   -7.910   -2.639 S_000001
   4 P    -8.093  152.092   59.681   84.793 -113.040  -63.825  117.144   35.416   95.712  -29.086    0.329392   -1.356410   -0.612583   -0.796881   -1.516530   -1.638703   -1.889012   -0.717890   -1.212429    5.605   -8.821    1.789 S_000001
   5 N   169.779  146.478   52.914   85.971 -143.391  -67.368   76.876   36.352   95.752  179.914    0.327884   -1.344516   -0.634266   -0.788723   -1.465456   -1.675699   -1.878278   -0.675997   -1.231976   -0.139   -5.340    2.874 S_000001
   6 H   -69.946  168.733   61.649   82.027    0.000    0.000   74.665   37.394   99.392  179.916    0.323289   -1.385255   -0.546127   -0.774985   -1.558564   -1.591235   -1.851359   -0.704475   -1.231375    0.570   -3.480    8.671 S_000001
SCORE:     0.000                  0.000          0          0          2    S_000002
   1 H     0.000  170.252   55.279   86.246 -128.530  -77.150   59.840   40.181   85.603  -17.222    0.319040   -1.329547   -0.677852   -0.746951   -1.342471   -1.773495   -1.885558   -0.711651   -1.210809    3.794    0.984    0.238 S_000002
   2 P   173.765  133.136   53.125   79.933 -109.844  -72.939   50.598   33.492  102.935 -154.761    0.315101   -1.391429   -0.529799   -0.834462   -1.645214   -1.508530   -1.874126   -0.742831   -1.194613    6.719   -2.402   -5.240 S_000002
   3 N   -67.020 -167.560   46.414   87.461 -142.363  -67.516   80.648   38.627   89.740  -18.656    0.333337   -1.338044   -0.652868   -0.745436   -1.418184   -1.734016   -1.861831   -0.722798   -1.214848   10.726   -4.966   -0.699 S_000002
   4 P   -90.417 -170.106   68.442   78.065 -133.765  -67.904   84.808   37.587   94.385  -24.510    0.340560   -1.388860   -0.506766   -0.753098   -1.576547   -1.546486   -1.838666   -0.746711   -1.195026    9.584   -5.630    5.790 S_000002
   5 P   -51.243  125.717   43.047   86.129 -139.093  -54.301  115.745   29.778  101.525   77.075    0.348816   -1.330020   -0.686021   -0.837671   -1.543083   -1.630853   -1.914406   -0.737652   -1.180391    5.490   -4.730    8.837 S_000002
   6 H   -75.375 -171.461   54.013   90.992    0.000    0.000   70.645   34.748   91.765 -142.392    0.333357   -1.303742   -0.688780   -0.801817   -1.407302   -1.710553   -1.899040   -0.689188   -1.204427    1.183   -1.889    5.216 S_000002
SCORE:     0.000                  0.000          0          3          6    S_000003
   1 H     0.000  170.252   55.279   78.766 -150.800  -74.674   71.604   45.279   84.736  179.914    0.270292   -1.444997   -0.418712   -0.739825   -1.532262   -1.564058   -1.837608   -0.684763   -1.233109    3.794    0.984    0.238 S_000003
   2 N   -74.600  161.076   63.924   91.546  174.002   22.979   62.954   45.327   75.333  179.899    0.281894   -1.209786   -0.867272   -0.706317   -0.950933   -1.993286   -1.889611   -0.559370   -1.300817    8.591   -1.260   -2.758 S_000003
   3 N   -94.045  -97.082  172.283   85.291 -132.180   61.110   98.226   33.941   97.277  -14.481    0.343344   -1.336280   -0.647087   -0.797481   -1.497151   -1.654498   -1.886694   -0.705787   -1.211849    9.700   -7.248   -3.838 S_000003
   4 P   -71.777  165.613   61.201   85.489 -149.064  -60.309   80.250   41.908   86.036  -22.259    0.294339   -1.364845   -0.585142   -0.742408   -1.418300   -1.693362   -1.832212   -0.628050   -1.256233    8.855   -4.993   -0.184 S_000003
   5 P   -84.720  175.729   57.208   80.472 -138.789  -62.694   70.800   39.979   91.906  179.891    0.298185   -1.374087   -0.589295   -0.767254   -1.474731   -1.678844   -1.847960   -0.681246   -1.235534    5.359   -1.631    3.756 S_000003
   6 H   175.638 -142.358  139.075   89.088    0.000    0.000   52.966   31.675   96.634   76.875    0.347048   -1.279286   -0.756087   -0.822725   -1.396898   -1.740150   -1.919261   -0.685106   -1.206955    1.121   -5.398    6.835 S_000003
SCORE:     0.000                  0.000          0          0          1    S_000004
   1 H     0.000  170.252   55.279   81.987  -89.155 -176.608   86.770   38.922   86.810  -27.731    0.332781   -1.336172   -0.650507   -0.749627   -1.388707   -1.726450   -1.870547   -0.691044   -1.224011    3.794    0.984    0.238 S_000004
   2 N   -70.320  143.492 -172.571   83.344 -175.956  134.351  122.751   32.906  102.436   35.583    0.339219   -1.380476   -0.539649   -0.812060   -1.641575   -1.514117   -1.864766   -0.751170   -1.196775    6.363    2.953   -4.898 S_000004
   3 N  -165.984  163.648   -9.653   98.901 -158.637  -41.079   71.500   36.947   85.307  -25.276    0.328513   -1.204980   -0.862640   -0.762786   -1.124323   -1.897901   -1.905730   -0.625981   -1.241704    6.635    7.667    0.171 S_000004
   4 P   -69.625  179.829   52.071   79.169 -165.516 -168.684  108.266   34.171  109.094  179.917    0.308858   -1.431676   -0.439073   -0.843670   -1.716661   -1.407795   -1.810643   -0.698479   -1.231658    1.893    4.676    1.674 S_000004
   5 P   -22.582 -160.705   50.536   81.405 -173.921  -55.662 -111.873   29.831  112.495  -80.910    0.333359   -1.418762   -0.447745   -0.855544   -1.776286   -1.338224   -1.845396   -0.778140   -1.177381   -0.004    0.100    5.651 S_000004
   6 H   -69.877  146.643   75.394   80.760    0.000    0.000   65.058   38.650   89.836  179.921    0.326413   -1.362699   -0.594049   -0.759394   -1.463702   -1.660362   -1.855885   -0.691103   -1.226878    0.646   -4.108    8.632 S_000004
SCORE:     0.000                  0.000          0          0          1    S_000005
   1 H     0.000  170.252   55.279   80.225    0.000    0.000   85.333   37.983   96.683  -21.982    0.257453   -1.396585   -0.518757   -0.875682   -1.555976   -1.581687   -1.930985   -0.657502   -1.207963    3.794    0.984    0.238 S_000005
   2 P   137.238 -162.011  170.414   77.083 -119.762  -84.658   73.087   41.820   87.462 -160.497    0.298464   -1.398778   -0.505636   -0.747356   -1.513239   -1.613197   -1.841912   -0.717065   -1.217667    3.661    3.970    1.132 S_000005
   3 N   -90.657  141.752  -70.850  156.508  -92.572  -91.669  -44.143  -36.333  145.754   22.184    0.329452    0.078976   -1.487395   -0.780728   -0.776391   -2.094812   -1.888689   -0.659655   -1.232630    4.144    9.324    4.450 S_000005
   4 P   -42.502 -114.822  -69.355  143.129 -110.534  -81.487  -57.700  -32.859  154.813  179.907    0.337172   -0.289572   -1.461924   -0.818458   -1.198928   -1.877361   -1.950772   -0.741568   -1.173781    3.839    4.410    8.843 S_000005
   5 N   165.671  145.081   47.278   88.483 -135.454  -72.074   63.704   35.597   89.303  -16.815    0.334218   -1.304546   -0.712831   -0.787647   -1.378564   -1.746456   -1.906807   -0.710727   -1.204064    6.692   -1.779    7.156 S_000005
   6 H   -66.637  162.480   61.609   77.904    0.000    0.000   68.495   43.128   89.590  -26.686    0.271039   -1.447681   -0.379622   -0.757221   -1.640560   -1.490823   -1.824109   -0.741488   -1.214046    2.008   -5.657    7.810 S_000005
SCORE:     0.000                  0.000          0          0          0    S_000006
   1 H     0.000  170.252   55.279   85.781 -159.790  -65.484   62.774   35.008   99.312  179.918    0.331785   -1.353149   -0.618395   -0.800846   -1.511452   -1.637168   -1.877543   -0.688666   -1.223178    3.794    0.984    0.238 S_000006
   2 N    57.714  160.221   40.949  144.146  -67.538   83.114  120.859  -36.178  158.433 -169.638    0.327069   -0.261909   -1.467613   -0.790911   -1.227379   -1.847341   -1.937597   -0.748428   -1.177601    7.424   -3.107   -1.733 S_000006
   3 P   -70.231 -176.021   42.013  150.870 -107.948   91.728  111.898  -37.858  155.741 -166.435    0.313081   -0.084878   -1.487697   -0.783135   -1.032600   -1.966461   -1.932930   -0.700935   -1.210454    6.908   -4.783    1.549 S_000006
   4 P   -62.499 -178.932   48.701   86.410 -134.593  -63.468   81.682   37.432   88.032  -12.828    0.319694   -1.327792   -0.674299   -0.785851   -1.400639   -1.737701   -1.900213   -0.699805   -1.211932    3.923   -1.999    3.089 S_000006
   5 N    93.497 -139.319   46.693   90.516   27.420  -87.731   85.595   13.033  129.362  179.906    0.402588   -1.241387   -0.793224   -0.900590   -1.680938   -1.472731   -1.925279   -0.764307   -1.161519    0.852   -0.935    7.267 S_000006
   6 H   -65.359  169.585   58.745   81.794    0.000    0.000   76.112   40.999   90.689  166.673    0.295149   -1.400461   -0.516104   -0.762456   -1.526617   -1.613208   -1.852798   -0.700262   -1.229713    4.192   -4.128    6.085 S_000006
SCORE:     0.000                  0.000          0          0          2    S_000007
   1 H     0.000  170.252   55.279   84.899 -155.231  -68.444   77.324   41.996   88.755  -23.929    0.281575   -1.399172   -0.511725   -0.764754   -1.516022   -1.627821   -1.857192   -0.675074   -1.240478    3.794    0.984    0.238 S_000007
   2 P   -64.402  176.776   54.743   87.828 -137.195  -52.971   86.321   36.928   90.905  -13.659    0.315688   -1.340297   -0.650630   -0.798491   -1.434607   -1.701190   -1.895227   -0.688542   -1.215585    8.643   -1.680   -2.348 S_000007
   3 P    62.102 -166.809 -168.834   90.795 -103.995  -35.227  -42.665   26.009  111.118 -142.036    0.341935   -1.366870   -0.628994   -0.886319   -1.669891   -1.487218   -1.897523   -0.738985   -1.178367    7.810   -6.434   -4.797 S_000007
   4 P    34.262  -92.384 -109.688   89.167 -136.325  -61.254   58.981   34.939   89.502 -128.699    0.336323   -1.268819   -0.768644   -0.793902   -1.307888   -1.794684   -1.901583   -0.658341   -1.223486    5.152   -6.760   -2.207 S_000007
   5 P   -69.004  174.493   54.092   80.446 -143.337  -58.364   70.845   41.514   91.313  -26.413    0.294380   -1.401806   -0.526471   -0.754761   -1.508330   -1.628702   -1.856756   -0.709345   -1.221892    3.821   -7.007    3.800 S_000007
   6 H  -121.797   96.001  163.865   86.113    0.000    0.000   50.863   33.974   96.243  -19.622    0.337670   -1.343642   -0.643550   -0.805801   -1.505109   -1.649933   -1.894374   -0.719330   -1.199616    2.360   -3.934    8.745 S_000007
SCORE:     0.000                  0.000          0          0          1    S_000008
   1 H     0.000  170.252   55.279   78.954 -135.627 -102.052   86.395   45.885   86.677  -22.869    0.231819   -1.444399   -0.378668   -0.757995   -1.575394   -1.524115   -1.803903   -0.704493   -1.215944    3.794    0.984    0.238 S_000008
   2 N  -173.765 -169.103   42.290   86.036 -143.693  -70.998   70.890   32.703   95.809  145.473    0.354829   -1.304861   -0.699930   -0.796738   -1.450574   -1.695739   -1.894688   -0.718264   -1.198569    7.448   -2.080   -5.102 S_000008
   3 N   -82.990 -171.311   43.688   83.969 -145.910  -62.645   72.817   38.264   90.854  -19.570    0.310619   -1.362361   -0.600211   -0.782145   -1.475460   -1.665870   -1.881483   -0.701913   -1.213323   10.381   -6.222   -0.911 S_000008
   4 P   138.739  178.502   68.006  113.522  -41.625   47.797   85.983   -6.146  147.323    2.337    0.450252   -0.832634   -1.198948   -0.865576   -1.398825   -1.734433   -1.927230   -0.624295   -1.233654    9.399   -4.283    5.192 S_000008
   5 P   -57.665  164.351   54.122   81.787 -147.920  -79.184   79.751   41.879   89.593  -15.239    0.284795   -1.406153   -0.502285   -0.761105   -1.525606   -1.609596   -1.844418   -0.689864   -1.233731    7.148   -4.418    6.205 S_000008
   6 H   -55.157  174.925   43.229   81.111    0.000    0.000   76.926   43.751   88.920  -25.159    0.296632   -1.391972   -0.534002   -0.715831   -1.446715   -1.664421   -1.839169   -0.696553   -1.229145    1.400   -4.698    8.518 S_000008
SCORE:     0.000                  0.000          0          2          1    S_000009
   1 H     0.000  170.252   55.279   83.444 -166.970  -60.379   70.184   36.017   98.523  179.898    0.307744   -1.395485   -0.539302   -0.811450   -1.598879   -1.559891   -1.839152   -0.662710   -1.255490    3.794    0.984    0.238 S_000009
   2 N  -106.427 -178.923   76.429   85.070 -165.341  -37.239   97.610   29.368  100.667  -22.953    0.349902   -1.332200   -0.652504   -0.837793   -1.579796   -1.589377   -1.910902   -0.775382   -1.162551    8.920   -1.698   -2.414 S_000009
   3 P  -145.809  122.981   31.934   90.059 -115.620 -142.554  117.284   27.129  112.216   54.625    0.356938   -1.323263   -0.682332   -0.864452   -1.572042   -1.580321   -1.877687   -0.662745   -1.230770   11.054   -7.390   -3.255 S_000009
   4 P   -68.003  162.558   62.493   76.854 -148.012  -66.726   91.718   39.840   91.266  -19.802    0.293139   -1.427771   -0.449267   -0.774269   -1.629467   -1.515104   -1.849173   -0.767617   -1.185940    7.976  -10.011    2.027 S_000009
   5 P   143.989 -126.714  166.610   76.236 -105.628  -63.014   74.190   37.530   91.297  179.912    0.347309   -1.336338   -0.631397   -0.739276   -1.447763   -1.690209   -1.845068   -0.684826   -1.235121    4.797   -7.217    6.097 S_000009
   6 H  -125.229  123.269  136.940   81.675    0.000    0.000   60.740   34.656   94.545 -169.297    0.346504   -1.354847   -0.586590   -0.780353   -1.556346   -1.601484   -1.881331   -0.767593   -1.175706    2.217   -1.607    7.549 S_000009
SCORE:     0.000                  0.000          0          0          1    S_000010
   1 H     0.000  170.252   55.279   82.750 -157.757  -78.410   78.447   34.666   95.479  179.932    0.334021   -1.358464   -0.607438   -0.801043   -1.535563   -1.621076   -1.889220   -0.731797   -1.198170    3.794    0.984    0.238 S_000010
   2 P    83.751 -165.816   91.595  130.783  -64.081 -125.336   83.914  -19.391  150.867  145.567    0.434795   -0.453130   -1.388179   -0.824030   -1.144554   -1.908372   -1.938600   -0.621925   -1.232191    8.143   -2.331   -1.877 S_000010
   3 P   -62.035 -173.359   43.652   82.229 -152.971  -71.747   84.631   35.528   95.354  179.254    0.329937   -1.345880   -0.627787   -0.794351   -1.489745   -1.656191   -1.888675   -0.705168   -1.210587   10.049   -4.010    4.457 S_000010
   4 P    68.675 -160.867   50.735   76.108    0.000    0.000   44.870   37.363   95.512  179.905    0.275288   -1.395309   -0.547400   -0.837939   -1.558862   -1.588500   -1.875805   -0.710720   -1.203414    6.730   -6.309    8.360 S_000010
   5 P   -72.647  146.341   49.583   77.376 -123.748  -62.104   74.660   40.744   91.743  -95.384    0.294960   -1.419322   -0.460446   -0.766741   -1.592848   -1.547953   -1.845321   -0.731334   -1.211701    5.648   -6.361    6.697 S_000010
   6 H   -75.281  173.944   60.613   78.805    0.000    0.000   75.381   43.955   89.966  -23.471    0.287980   -1.417307   -0.484915   -0.726379   -1.502982   -1.615319   -1.828676   -0.696285   -1.228485   -0.109   -4.110    7.688 S_000010
