SEQUENCE: gaaaaaaag
SCORE:     score    rna_stub_coord_hack       N_WC      N_NWC       N_BS description
REMARK RNA 
SCORE:     4.057                  4.057          0          0          1    S_000001
   1 H     0.000  170.252   55.279   83.938  -91.538 -118.587   57.798   35.120   91.832  -14.600    0.347511   -1.344615   -0.614786   -0.778096   -1.502583   -1.634902   -1.871686   -0.711170   -1.203481    3.794    0.984    0.238 S_000001
   2 P   151.662 -137.715  175.507   81.969 -118.435  -83.967   52.655   33.159   95.284  179.921    0.334731   -1.343047   -0.663849   -0.811778   -1.510047   -1.655492   -1.877990   -0.700603   -1.213749    4.665   -2.225   -5.578 S_000001
   3 N  -172.853 -176.879  154.982   85.334 -152.417  -63.053   65.917   37.285   95.556   72.588    0.310637   -1.342060   -0.627038   -0.796613   -1.444832   -1.678616   -1.872772   -0.654663   -1.228665    0.972   -5.088  -10.760 S_000001
   4 P   -56.713  169.563   63.733  130.198 -145.747 -165.607  105.706  -22.591  147.628  165.119    0.387195   -0.481632   -1.393214   -0.841539   -1.246218   -1.866122   -1.947955   -0.671518   -1.217400   -3.793   -7.720  -12.937 S_000001
   5 N   -77.217  175.523   54.485   81.731 -168.619  -59.349   73.294   41.127   88.595 -170.075    0.284217   -1.400531   -0.517593   -0.769748   -1.528073   -1.615664   -1.867697   -0.716410   -1.216853   -8.132  -12.304  -14.967 S_000001
   6 P   -67.799 -146.390   61.351  138.077 -111.780  179.539  136.456  -32.975  164.412   24.654    0.345876   -0.486313   -1.408181   -0.813296   -1.436410   -1.666158   -1.937060   -0.759364   -1.169281  -13.579  -15.023  -16.699 S_000001
   7 N   167.952 -167.959  154.203  145.211 -155.376 -167.633   19.536  -32.174  148.043  -55.599    0.332777   -0.133501   -1.484945   -0.828850   -0.980089   -2.013944   -1.953344   -0.695714   -1.205944  -17.619  -19.195  -20.869 S_000001
   8 N   146.424 -163.784  178.255   85.620 -137.294  -67.317   67.440   39.752   87.784 -119.038    0.297106   -1.364557   -0.602477   -0.780092   -1.442511   -1.687950   -1.884111   -0.692719   -1.217120  -22.168  -24.048  -23.449 S_000001
   9 H   -62.254  161.397   53.978   82.565    0.000    0.000   74.941   37.114   90.958   25.047    0.325581   -1.355691   -0.599963   -0.777072   -1.486400   -1.645260   -1.873047   -0.726244   -1.201859  -27.111  -26.683  -25.507 S_000001
SCORE:     4.242                  4.242          0          0          2    S_000002
   1 H     0.000  170.252   55.279  113.601  -71.292  -85.120   73.981   26.703  118.764  -32.786    0.351458   -1.259767   -0.794741   -0.866743   -1.435317   -1.696652   -1.909245   -0.610318   -1.259324    3.794    0.984    0.238 S_000002
   2 P   163.915 -172.598  170.232   84.847 -141.166  -71.216   90.576   34.994   93.637  174.357    0.365294   -1.314023   -0.663394   -0.753743   -1.442508   -1.688954   -1.869242   -0.701492   -1.217749    3.622   -0.050   -6.012 S_000002
   3 P   -66.973  173.475   68.286  137.907  -77.343  141.002  117.624  -17.512  137.272    4.519    0.452995   -0.419113   -1.378158   -0.806682   -1.063678   -1.954233   -1.924759   -0.651630   -1.215380    0.269   -0.366  -11.269 S_000002
   4 P  -167.631  177.125   63.936  148.721 -114.320  176.453   96.592  -39.276  160.663  -80.184    0.315889   -0.217056   -1.474414   -0.766409   -1.232285   -1.836424   -1.924195   -0.750433   -1.184996   -0.615   -3.726  -16.368 S_000002
   5 P   133.672  116.324  174.939   85.959 -147.791  -72.484   76.620   37.073   93.583  177.523    0.326800   -1.349232   -0.605191   -0.775282   -1.479584   -1.652634   -1.864206   -0.707319   -1.206991   -3.241   -6.883  -22.142 S_000002
   6 P   173.330 -176.176  173.161   89.236 -120.118 -113.526   66.601   30.578  105.566 -179.411    0.341486   -1.333597   -0.661409   -0.838980   -1.537240   -1.610372   -1.902227   -0.711169   -1.197381   -7.329   -9.363  -26.960 S_000002
   7 P   -87.787  177.868   72.488  125.142 -164.828 -151.898  111.548  -19.213  150.164  -29.735    0.411216   -0.574601   -1.357123   -0.857597   -1.302692   -1.814919   -1.954673   -0.693383   -1.189634  -12.196  -10.869  -31.712 S_000002
   8 P   101.828 -173.169 -111.905   84.845 -158.848  -85.729   79.980   39.550   82.586  -27.741    0.315524   -1.316175   -0.698659   -0.758856   -1.322511   -1.784404   -1.889229   -0.685330   -1.229959  -17.356  -13.352  -35.357 S_000002
   9 H   -61.461  168.399   48.372   78.761    0.000    0.000   74.970   43.086   89.505  -20.889    0.275798   -1.422550   -0.449614   -0.752309   -1.559804   -1.568126   -1.833766   -0.701193   -1.236562  -21.447  -13.190  -39.901 S_000002
SCORE:     4.110                  4.110          0          0          1    S_000003
   1 H     0.000  170.252   55.279  121.451 -119.213  -23.893  130.975  -17.964  148.634  112.333    0.394088   -0.667800   -1.317514   -0.885196   -1.400416   -1.744772   -1.965543   -0.728317   -1.160505    3.794    0.984    0.238 S_000003
   2 N  -139.731 -177.144  125.804   82.958 -139.997  -71.260   56.165   36.114   96.130  -19.199    0.367749   -1.337066   -0.623212   -0.737978   -1.433341   -1.631644   -1.889073   -0.682326   -1.236236    3.720   -2.293   -4.836 S_000003
   3 P   168.992 -156.630  174.212   86.705 -137.197 -119.664  108.197   33.640   99.366  -15.229    0.329923   -1.352776   -0.624135   -0.819988   -1.531632   -1.621327   -1.886817   -0.697388   -1.214338    0.913   -1.839  -10.797 S_000003
   4 P  -126.179  138.940  177.602  128.870 -175.447  -84.014   96.666  -24.675  144.399   34.291    0.429508   -0.180220   -1.458434   -0.791134   -0.883354   -2.050890   -1.911737   -0.664996   -1.226029   -1.760   -2.810  -16.979 S_000003
   5 P  -175.081  177.888   61.143  152.701 -105.799  170.478  100.743  -40.258  159.966  -51.450    0.305816   -0.136048   -1.487621   -0.761982   -1.147414   -1.893800   -1.920368   -0.739943   -1.195843   -5.911   -5.710  -21.458 S_000003
   6 N  -173.868 -178.616  179.685   86.902 -146.045  -72.431   81.778   39.756   88.577  -12.629    0.302540   -1.355778   -0.621490   -0.770300   -1.422934   -1.707921   -1.886028   -0.702878   -1.216575   -9.831   -3.770  -26.846 S_000003
   7 N   153.892 -141.795  167.120   90.150 -140.999 -172.900  120.377   29.336   99.989 -144.515    0.391187   -1.231714   -0.791754   -0.780320   -1.371883   -1.747462   -1.876007   -0.673329   -1.208973  -11.231   -2.770  -32.897 S_000003
   8 P   -60.599  162.009   59.939  140.771 -155.496 -143.261  171.462  -38.712  164.591  -23.422    0.312444   -0.271307   -1.489031   -0.770005   -1.280109   -1.824124   -1.924378   -0.767040   -1.192114  -13.873   -3.634  -38.539 S_000003
   9 H   -64.704 -173.640   50.633   82.337    0.000    0.000   79.723   37.228   91.035  -21.076    0.330834   -1.356659   -0.594318   -0.769837   -1.493031   -1.643877   -1.871573   -0.733268   -1.201904  -17.895   -4.723  -43.823 S_000003
SCORE:     4.550                  4.550          0          1          0    S_000004
   1 H     0.000  170.252   55.279   84.010 -153.856   28.042   89.531   34.200   99.777  179.906    0.336027   -1.352389   -0.615504   -0.801939   -1.529978   -1.620268   -1.873903   -0.695206   -1.218673    3.794    0.984    0.238 S_000004
   2 P    97.044 -159.469  179.707  155.744  -97.613 -167.920  -41.320  -40.876  161.823 -176.176    0.303889   -0.071282   -1.489084   -0.757469   -1.076729   -1.923939   -1.915183   -0.715022   -1.208509    1.738   -2.291   -2.959 S_000004
   3 P   -55.820  166.608   41.266   84.722 -132.031  -89.348   95.700   36.355   87.707  -22.472    0.335940   -1.316561   -0.683188   -0.775690   -1.401148   -1.728045   -1.888828   -0.705908   -1.211378   -2.711   -6.885   -2.044 S_000004
   4 P   171.188  139.895   48.031  148.786  -89.987  157.411  108.795  -40.286  159.861  -88.670    0.317071   -0.125468   -1.481393   -0.752069   -1.134183   -1.879603   -1.914641   -0.711556   -1.203747   -5.139  -11.935   -6.530 S_000004
   5 N   -65.634  164.281   58.789   78.630 -150.365  -61.563   84.326   39.714   94.571  -19.178    0.296957   -1.423485   -0.449884   -0.778644   -1.627291   -1.521178   -1.840869   -0.734188   -1.214816   -8.763  -15.494   -9.273 S_000004
   6 P   -60.812 -146.102   71.756  156.668  -78.282 -169.333  154.499  -36.879  159.613   62.580    0.318603   -0.121311   -1.484608   -0.802024   -1.070048   -1.952590   -1.947726   -0.665159   -1.220540  -13.761  -17.165  -12.980 S_000004
   7 P  -133.749 -135.407  144.310  130.845 -116.303 -178.649  121.579  -35.275  165.934  163.039    0.368044   -0.566274   -1.363413   -0.770648   -1.563835   -1.500435   -1.902733   -0.799223   -1.154475  -16.899  -20.596  -18.182 S_000004
   8 P    97.044 -159.469  179.707  155.744  -97.613 -167.920  -41.320  -40.876  161.823 -176.176    0.303889   -0.071282   -1.489084   -0.757469   -1.076729   -1.923939   -1.915183   -0.715022   -1.208509  -20.196  -25.353  -21.674 S_000004
   9 H   -64.671  176.201   55.612   83.395    0.000    0.000   75.432   34.041   96.391  -22.123    0.324321   -1.366738   -0.567829   -0.820327   -1.574190   -1.561657   -1.890466   -0.743592   -1.184226  -25.051  -27.227  -25.671 S_000004
SCORE:     4.445                  4.445          0          0          2    S_000005
   1 H     0.000  170.252   55.279   87.016 -137.535   16.408   48.629   32.569  100.627  -15.072    0.339692   -1.325801   -0.674473   -0.819538   -1.489408   -1.662393   -1.904433   -0.709991   -1.197992    3.794    0.984    0.238 S_000005
   2 P   145.834  169.864  160.515  116.771 -150.825  -95.969  116.851    6.639  112.778  -49.780    0.428419   -0.827735   -1.201961   -0.850477   -1.142936   -1.957796   -1.955336   -0.681649   -1.210816    1.908   -2.739   -3.677 S_000005
   3 P  -126.856  174.712   99.478   82.928 -120.953  -87.541   66.950   43.463   85.008  -17.600    0.310819   -1.381473   -0.530549   -0.713488   -1.420516   -1.654982   -1.847573   -0.695077   -1.221716   -3.406   -6.582   -5.997 S_000005
   4 P  -127.080   93.264 -171.275  103.043 -145.599  -68.794   72.022   24.237   98.054  162.081    0.368889   -1.139815   -0.938800   -0.834081   -1.303776   -1.854765   -1.930691   -0.681896   -1.218704   -8.576   -7.673   -9.654 S_000005
   5 P   -72.097  158.848   63.735   82.879 -133.103  -69.162   77.628   40.181   91.854   81.759    0.333790   -1.337989   -0.634426   -0.713263   -1.396514   -1.723596   -1.845914   -0.693609   -1.237355  -12.403  -11.511  -12.198 S_000005
   6 P  -110.558   87.594  168.161   82.885 -125.116  -73.697   57.084   39.218   87.352  -14.513    0.341010   -1.329107   -0.655459   -0.729519   -1.384713   -1.740302   -1.877693   -0.733523   -1.201525  -16.782  -12.865  -15.896 S_000005
   7 N   -70.134 -122.951   45.259  145.902 -161.667 -171.927  171.592  -29.237  145.130  -58.222    0.361392   -0.244021   -1.440161   -0.820842   -1.065751   -1.938745   -1.941641   -0.708015   -1.187291  -21.921  -16.314  -18.821 S_000005
   8 P    62.159  178.988 -170.619  149.965 -103.312 -145.757  126.991  -39.736  164.357  173.689    0.323159   -0.192725   -1.473024   -0.749767   -1.208730   -1.842314   -1.917217   -0.720585   -1.212069  -24.600  -20.501  -23.192 S_000005
   9 H   163.564 -179.933  169.293   84.855    0.000    0.000   62.073   38.551   91.565  -16.812    0.310166   -1.361860   -0.589375   -0.780796   -1.470554   -1.656690   -1.869013   -0.684437   -1.225530  -28.848  -22.418  -28.813 S_000005
SCORE:     4.019                  4.019          0          0          2    S_000006
   1 H     0.000  170.252   55.279  151.226  -94.055  -19.049   81.060  -32.087  141.248 -124.772    0.345654    0.002973   -1.485773   -0.809317   -0.789450   -2.109197   -1.913442   -0.661924   -1.228602    3.794    0.984    0.238 S_000006
   2 N   -71.887  171.775   56.717   83.764 -143.116  -92.334   79.024   38.809   89.782 -108.362    0.313812   -1.360941   -0.612711   -0.769175   -1.451990   -1.683317   -1.869391   -0.679605   -1.235070    3.512    0.111   -4.624 S_000006
   3 P  -133.749 -135.407  144.310  130.845 -116.303 -178.649  121.579  -35.275  165.934  163.039    0.368044   -0.566274   -1.363413   -0.770648   -1.563835   -1.500435   -1.902733   -0.799223   -1.154475    3.336    4.495  -10.318 S_000006
   4 P   148.676 -165.600 -170.434   82.795 -127.847  -99.219   77.270   36.905   94.303  -60.066    0.302431   -1.388814   -0.560459   -0.809846   -1.564362   -1.602826   -1.893046   -0.745849   -1.192433    1.982    7.555  -16.623 S_000006
   5 P    69.147  168.508  -47.744  150.543 -148.343 -142.366  171.938  -32.034  145.911   71.933    0.339556   -0.069758   -1.491340   -0.820604   -0.887048   -2.048544   -1.926939   -0.666372   -1.215392    1.671    8.859  -23.004 S_000006
   6 P   -68.290  165.624   53.091  148.683 -120.580  175.250  113.124  -37.907  158.220 -145.963    0.336084   -0.197418   -1.472562   -0.755729   -1.177993   -1.869278   -1.909839   -0.730576   -1.194448   -0.062    9.071  -29.308 S_000006
   7 N  -175.101 -147.674  159.572  141.718  176.133  146.872   62.364  -31.811 -103.226   76.911    0.331832   -0.177856   -1.485199   -0.843536   -1.029654   -1.962328   -1.977627   -0.691472   -1.204184   -1.950    9.228  -36.233 S_000006
   8 P   131.323 -172.365 -165.198   81.904 -159.485  -53.476   75.696   37.026   95.554   71.890    0.344578   -1.372737   -0.555252   -0.748434   -1.556579   -1.599391   -1.832656   -0.719597   -1.222243   -5.220   12.053  -41.772 S_000006
   9 H   -59.132  177.415   55.821   81.693    0.000    0.000   81.657   34.911  100.068  -15.018    0.307520   -1.415016   -0.488840   -0.831525   -1.666440   -1.483061   -1.864264   -0.742264   -1.192932   -7.370   15.636  -45.815 S_000006
SCORE:     4.304                  4.304          0          0          4    S_000007
   1 H     0.000  170.252   55.279   87.449  -91.391  -71.134   65.716   32.785   98.127  -24.944    0.342907   -1.310268   -0.706633   -0.810501   -1.454620   -1.705743   -1.904177   -0.688828   -1.217573    3.794    0.984    0.238 S_000007
   2 P   -64.423  161.050   49.158   83.697 -123.065  -85.537  110.958   34.853   97.486  -20.253    0.308027   -1.381668   -0.564237   -0.837821   -1.572790   -1.571214   -1.894820   -0.717711   -1.198806    4.987   -2.910   -4.226 S_000007
   3 P   -39.399  168.770   55.356  142.140 -142.741  175.589  120.987  -35.450  159.437  -98.096    0.330665   -0.302125   -1.453233   -0.794861   -1.264725   -1.819140   -1.936530   -0.724980   -1.198310    0.491   -5.921   -7.329 S_000007
   4 P   -81.625  174.445   64.623   86.591 -144.247  -78.552   92.499   41.182   89.419 -161.996    0.287730   -1.352342   -0.631047   -0.749493   -1.387051   -1.720470   -1.883960   -0.733275   -1.196339   -2.739  -10.528  -10.487 S_000007
   5 P  -172.604  161.126  159.864  155.138 -101.607 -139.360  -48.863  -40.948  155.621   78.591    0.319081    0.026124   -1.484098   -0.731166   -0.944630   -1.986654   -1.887978   -0.700564   -1.211859   -7.220  -12.496  -15.470 S_000007
   6 P   -56.602  169.819   59.880  148.016 -135.011  178.478  120.148  -32.889  143.708  -19.080    0.344597   -0.101549   -1.481717   -0.800183   -0.950280   -2.028627   -1.919452   -0.736545   -1.187799  -12.262  -15.669  -18.614 S_000007
   7 P   137.238 -162.011  170.414   77.083 -119.762  -84.658   73.087   41.820   87.462 -160.497    0.298464   -1.398778   -0.505636   -0.747356   -1.513239   -1.613197   -1.841912   -0.717065   -1.217667  -16.972  -19.471  -22.246 S_000007
   8 P   -66.973  173.475   68.286  137.907  -77.343  141.002  117.624  -17.512  137.272    4.519    0.452995   -0.419113   -1.378158   -0.806682   -1.063678   -1.954233   -1.924759   -0.651630   -1.215380  -20.335  -22.001  -27.234 S_000007
   9 H   -95.303 -176.736   59.028   80.584    0.000    0.000   82.079   40.354   90.935  179.931    0.306541   -1.405218   -0.502459   -0.755816   -1.564346   -1.592210   -1.844753   -0.715536   -1.228383  -25.244  -24.479  -28.448 S_000007
SCORE:     4.690                  4.690          0          0          2    S_000008
   1 H     0.000  170.252   55.279   94.448 -128.696   74.712  -43.359   27.430  103.185  -20.217    0.351600   -1.257597   -0.793124   -0.857860   -1.430422   -1.714364   -1.948010   -0.731096   -1.179049    3.794    0.984    0.238 S_000008
   2 P   -84.822  165.539   77.007   82.023 -144.893 -140.751   72.666   34.410  106.707  -90.371    0.361923   -1.369970   -0.578431   -0.767639   -1.551615   -1.568297   -1.785777   -0.612471   -1.270672    0.940    0.852   -3.278 S_000008
   3 N  -149.449  161.904  169.889   81.813 -145.400  -65.994  120.751   29.215  116.975    7.240    0.321253   -1.415703   -0.497345   -0.892978   -1.732380   -1.385977   -1.824266   -0.691127   -1.230135   -3.744   -2.161   -7.794 S_000008
   4 P  -163.415 -164.775  171.520   87.292 -173.272  -90.210   95.538   33.873  101.998   69.427    0.333059   -1.348368   -0.630589   -0.813263   -1.521104   -1.634527   -1.885456   -0.693273   -1.220867   -6.601   -5.900  -12.673 S_000008
   5 P   168.992 -156.630  174.212   86.705 -137.197 -119.664  108.197   33.640   99.366  -15.229    0.329923   -1.352776   -0.624135   -0.819988   -1.531632   -1.621327   -1.886817   -0.697388   -1.214338  -10.627   -8.264  -17.389 S_000008
   6 N   -70.600  168.821   59.288   90.938 -158.614  -67.393   86.146   32.762   98.466   -6.972    0.342766   -1.291336   -0.720780   -0.807046   -1.420580   -1.718085   -1.895235   -0.672698   -1.224387  -15.830  -10.335  -21.008 S_000008
   7 P   -58.789  161.676   65.842   87.163 -142.242  163.278   78.394   33.712   98.063  -15.342    0.337472   -1.346614   -0.620013   -0.806434   -1.527803   -1.617590   -1.884300   -0.714014   -1.199955  -18.257  -11.010  -26.163 S_000008
   8 P  -106.427 -150.371   67.800  101.915 -164.105 -132.115  143.722    4.794  140.423 -177.700    0.395829   -1.112845   -0.988243   -0.950577   -1.566238   -1.557481   -1.924126   -0.650360   -1.211135  -22.525  -15.436  -29.172 S_000008
   9 H   -62.739  122.677   64.436   85.414    0.000    0.000  166.494   38.022   92.898  -35.366    0.312224   -1.389895   -0.527630   -0.782098   -1.567256   -1.583588   -1.865724   -0.740478   -1.197020  -24.435  -20.500  -30.448 S_000008
SCORE:     4.481                  4.481          0          1          1    S_000009
   1 H     0.000  170.252   55.279   90.886 -117.730   39.793   69.010   31.818   99.175  -82.341    0.346327   -1.296448   -0.722906   -0.821484   -1.438485   -1.707425   -1.914878   -0.692589   -1.207688    3.794    0.984    0.238 S_000009
   2 P    54.906  120.859   50.307   81.908 -160.243  -66.337   81.104   38.205   95.183  179.905    0.304420   -1.394552   -0.531504   -0.789166   -1.562381   -1.587727   -1.862853   -0.714224   -1.219502    1.081    1.682   -3.506 S_000009
   3 P   146.615 -167.000 -169.815   82.470 -132.725  -70.289   71.708   40.712   88.644   81.510    0.299093   -1.387817   -0.540911   -0.761575   -1.502633   -1.637962   -1.858264   -0.706118   -1.223254   -2.933   -1.657   -7.160 S_000009
   4 N   -51.950 -158.681   68.343  149.159  -85.796 -116.840  101.826  -35.872  154.688   25.035    0.333848   -0.134222   -1.479415   -0.782706   -1.057561   -1.956975   -1.927337   -0.689260   -1.215309   -5.581   -5.467  -11.659 S_000009
   5 P  -145.987  156.330 -171.280   97.698 -150.657  -84.135   71.724   29.301   97.426  177.190    0.377424   -1.188179   -0.884020   -0.797503   -1.265138   -1.847696   -1.920332   -0.677393   -1.214796  -11.103   -8.818  -14.569 S_000009
   6 P   -51.366  159.456   57.860   97.555  162.044 -150.575  116.893   13.664  118.090  -85.317    0.420194   -1.081106   -1.003611   -0.869052   -1.395608   -1.775530   -1.933883   -0.679967   -1.200976  -14.184  -12.254  -18.319 S_000009
   7 P  -106.427 -150.371   67.800  101.915 -164.105 -132.115  143.722    4.794  140.423 -177.700    0.395829   -1.112845   -0.988243   -0.950577   -1.566238   -1.557481   -1.924126   -0.650360   -1.211135  -16.653  -16.821  -23.172 S_000009
   8 P   -87.787  177.868   72.488  125.142 -164.828 -151.898  111.548  -19.213  150.164  -29.735    0.411216   -0.574601   -1.357123   -0.857597   -1.302692   -1.814919   -1.954673   -0.693383   -1.189634  -20.486  -18.798  -28.388 S_000009
   9 H    86.231 -116.985  169.860   83.766    0.000    0.000   53.916   37.414   89.952  -13.165    0.346547   -1.322704   -0.663579   -0.748585   -1.407414   -1.726373   -1.872258   -0.696879   -1.221597  -23.252  -22.186  -31.973 S_000009
SCORE:     4.282                  4.282          0          0          1    S_000010
   1 H     0.000  170.252   55.279   86.352 -110.100  -70.863  -63.445   26.943  107.803  -56.584    0.321212   -1.334882   -0.662373   -0.887779   -1.615831   -1.549608   -1.897777   -0.693171   -1.209049    3.794    0.984    0.238 S_000010
   2 P   138.934 -178.509  166.657   87.364 -105.103  -97.274   86.292   35.291   93.547  -22.000    0.327190   -1.331925   -0.669818   -0.802767   -1.448495   -1.699073   -1.903473   -0.702710   -1.210831    4.336   -3.445   -4.382 S_000010
   3 P   -58.333  170.450   56.604   83.902 -156.889  -69.601   85.513   38.205   89.863  142.307    0.313114   -1.365996   -0.587468   -0.779845   -1.484453   -1.647887   -1.886151   -0.726490   -1.203413    0.337   -7.916   -7.105 S_000010
   4 P  -128.384  113.180  162.852   86.269 -121.412  -87.458   58.577   34.811   87.922  -17.940    0.354485   -1.288841   -0.734645   -0.775911   -1.359654   -1.760900   -1.893358   -0.695028   -1.213425   -5.036  -10.246   -9.176 S_000010
   5 N   -74.064 -177.704   48.749  150.340 -154.485  153.392  131.849  -33.312  147.447  168.918    0.335143   -0.069542   -1.482537   -0.803152   -0.912200   -2.037999   -1.931248   -0.636521   -1.234597   -9.814  -13.918  -12.153 S_000010
   6 N   -60.919  151.555   56.977   82.169 -143.840  -59.285   73.694   36.295   89.845 -158.194    0.324000   -1.358413   -0.597111   -0.789985   -1.501797   -1.626632   -1.877032   -0.721436   -1.201023  -13.349  -16.908  -15.591 S_000010
   7 P   -48.362 -138.714   47.609  152.380  -88.917 -177.987  171.006  -35.024  152.837   87.827    0.347667   -0.025107   -1.487899   -0.775774   -0.891828   -2.041377   -1.911015   -0.683667   -1.225064  -18.490  -19.835  -17.842 S_000010
   8 N   167.952 -167.959  154.203  145.211 -155.376 -167.633   19.536  -32.174  148.043  -55.599    0.332777   -0.133501   -1.484945   -0.828850   -0.980089   -2.013944   -1.953344   -0.695714   -1.205944  -21.933  -23.029  -23.150 S_000010
   9 H     0.000  170.013   50.910   86.575    0.000    0.000   68.954   37.472   92.379  -27.340    0.325213   -1.337825   -0.637340   -0.771427   -1.441856   -1.696411   -1.871795   -0.674462   -1.237082  -26.111  -26.979  -25.801 S_000010
