SEQUENCE: gaaaaaaaag
SCORE:     score    rna_stub_coord_hack       N_WC      N_NWC       N_BS description
REMARK RNA 
SCORE:    12.827                 12.827          0          1          1    S_000001
   1 H     0.000  170.252   55.279  111.608 -121.686 -179.210  169.948   15.088   98.505  -15.019    0.408183   -0.942549   -1.117151   -0.843750   -1.148617   -1.952209   -1.942486   -0.686329   -1.205485    3.794    0.984    0.238 S_000001
   2 N  -148.162  164.915  118.385  145.355 -109.323 -178.043  158.161  -25.949  134.973  153.436    0.357113   -0.162484   -1.477571   -0.854725   -0.883260   -2.080780   -1.943630   -0.688761   -1.201220    7.517    3.056   -5.135 S_000001
   3 N   168.268 -161.801  166.799   82.625 -112.390  -72.459   58.616   34.486   93.993  -27.769    0.353118   -1.297146   -0.713961   -0.781238   -1.396435   -1.739555   -1.889438   -0.671261   -1.228760   10.349    7.400  -10.083 S_000001
   4 P   -71.409  163.072   88.916  129.689 -115.676 -168.510  103.969  -27.373  151.463 -158.189    0.375027   -0.488612   -1.399569   -0.832328   -1.348614   -1.777614   -1.951482   -0.749221   -1.158968   11.269    9.318  -15.953 S_000001
   5 P    97.044 -159.469  179.707  155.744  -97.613 -167.920  -41.320  -40.876  161.823 -176.176    0.303889   -0.071282   -1.489084   -0.757469   -1.076729   -1.923939   -1.915183   -0.715022   -1.208509   13.344   10.790  -22.283 S_000001
   6 P   -72.428 -176.294   48.680   86.785 -155.032  -71.862   80.636   38.278   86.174  179.910    0.318770   -1.332689   -0.657146   -0.772448   -1.391905   -1.721798   -1.892996   -0.697861   -1.210431   17.838   12.384  -26.906 S_000001
   7 N  -149.449  161.904  169.889   81.813 -145.400  -65.994  120.751   29.215  116.975    7.240    0.321253   -1.415703   -0.497345   -0.892978   -1.732380   -1.385977   -1.824266   -0.691127   -1.230135   18.542   15.671  -32.777 S_000001
   8 N   -89.818 -167.844   59.639  153.827 -136.181  139.150  132.646  -37.935  153.424  148.810    0.316975    0.019676   -1.487882   -0.777948   -0.895329   -2.038770   -1.920246   -0.652799   -1.237878   19.899   18.928  -38.364 S_000001
   9 N   162.014 -131.847   71.635  144.691  -74.220  157.849  117.210  -35.903  158.762 -158.797    0.307316   -0.219185   -1.475066   -0.808982   -1.162266   -1.890342   -1.953377   -0.714864   -1.198395   20.615   22.373  -44.188 S_000001
  10 H   -64.232 -166.437   57.058  145.964    0.000    0.000  115.786  -32.332  152.149   29.187    0.340534   -0.240957   -1.465315   -0.826040   -1.131196   -1.923473   -1.959761   -0.705549   -1.198142   21.442   23.787  -49.882 S_000001
SCORE:    12.147                 12.147          0          0          1    S_000002
   1 H     0.000  170.252   55.279   87.663  -62.481 -155.526   70.948   27.843  106.191  -22.786    0.337819   -1.278965   -0.798703   -0.878501   -1.440128   -1.723774   -1.943724   -0.679767   -1.213073    3.794    0.984    0.238 S_000002
   2 N  -172.853 -176.879  154.982   85.334 -152.417  -63.053   65.917   37.285   95.556   72.588    0.310637   -1.342060   -0.627038   -0.796613   -1.444832   -1.678616   -1.872772   -0.654663   -1.228665    5.057    1.813   -6.650 S_000002
   3 P  -128.384  113.180  162.852   86.269 -121.412  -87.458   58.577   34.811   87.922  -17.940    0.354485   -1.288841   -0.734645   -0.775911   -1.359654   -1.760900   -1.893358   -0.695028   -1.213425    4.749    3.386  -12.629 S_000002
   4 N  -148.022  144.508 -177.617   93.488 -141.099  -71.036   13.511   23.881  123.218   -7.754    0.352280   -1.397577   -0.511532   -0.899902   -1.787483   -1.297851   -1.871512   -0.779200   -1.153331    5.423    6.439  -18.869 S_000002
   5 N   167.952 -167.959  154.203  145.211 -155.376 -167.633   19.536  -32.174  148.043  -55.599    0.332777   -0.133501   -1.484945   -0.828850   -0.980089   -2.013944   -1.953344   -0.695714   -1.205944    4.979   10.728  -23.978 S_000002
   6 P   139.421   99.903  167.645   88.729 -152.217  -69.641   88.735   35.678   89.523  177.526    0.326064   -1.301859   -0.702283   -0.796219   -1.383460   -1.739469   -1.902064   -0.690550   -1.208633    3.340   14.021  -30.272 S_000002
   7 P   161.023  139.121   55.500  153.727 -123.271  175.609   98.961  -39.837  160.777  -92.184    0.316133   -0.114002   -1.485065   -0.754793   -1.110128   -1.910535   -1.913633   -0.713393   -1.208659    0.106   15.653  -36.232 S_000002
   8 P   -56.602  169.819   59.880  148.016 -135.011  178.478  120.148  -32.889  143.708  -19.080    0.344597   -0.101549   -1.481717   -0.800183   -0.950280   -2.028627   -1.919452   -0.736545   -1.187799   -0.001   19.155  -41.363 S_000002
   9 P   139.421   99.903  167.645   88.729 -152.217  -69.641   88.735   35.678   89.523  177.526    0.326064   -1.301859   -0.702283   -0.796219   -1.383460   -1.739469   -1.902064   -0.690550   -1.208633    0.437   19.792  -48.468 S_000002
  10 H   -68.943 -174.727   50.970   72.501    0.000    0.000   80.084   48.617   86.484  -45.450    0.213452   -1.464878   -0.362377   -0.736681   -1.571308   -1.552323   -1.779587   -0.661807   -1.256573    1.618   19.876  -54.681 S_000002
SCORE:    12.172                 12.172          0          0          2    S_000003
   1 H     0.000  170.252   55.279   83.686 -157.022  169.262   89.834   32.888   96.897 -153.797    0.321955   -1.362332   -0.590456   -0.830205   -1.587423   -1.570629   -1.892637   -0.755105   -1.177270    3.794    0.984    0.238 S_000003
   2 P   -62.475 -176.348   69.107  119.999 -164.259 -105.060  105.218  -11.541  141.399  111.919    0.438325   -0.704415   -1.281096   -0.855996   -1.329138   -1.799881   -1.941660   -0.687316   -1.191323    4.561    2.569   -5.924 S_000003
   3 P  -133.435  121.623  159.513   84.107 -132.282  -83.506   67.169   34.547   94.201  -27.447    0.328492   -1.348144   -0.633645   -0.807308   -1.509568   -1.647897   -1.897709   -0.723428   -1.200444    3.572    4.065  -12.211 S_000003
   4 P   -69.029  167.492   50.785   89.099 -154.031  -76.188   83.340   40.184   87.163  -14.647    0.303899   -1.393018   -0.503261   -0.766478   -1.545220   -1.592491   -1.860038   -0.730792   -1.201062    1.782    7.126  -17.531 S_000003
   5 P   -46.848  173.047   58.649   81.616 -147.491 -113.650   75.970   26.460  116.195   -7.778    0.343969   -1.397167   -0.529892   -0.885376   -1.751831   -1.377590   -1.858804   -0.747387   -1.189903    3.513    8.012  -23.200 S_000003
   6 P   -69.693 -143.761   50.370  150.420  -78.698 -150.737  140.088  -37.905  153.286   50.926    0.331221   -0.051799   -1.488140   -0.758613   -0.986425   -1.980140   -1.897163   -0.697524   -1.206139    2.886    8.847  -30.097 S_000003
   7 P   -71.409  163.072   88.916  129.689 -115.676 -168.510  103.969  -27.373  151.463 -158.189    0.375027   -0.488612   -1.399569   -0.832328   -1.348614   -1.777614   -1.951482   -0.749221   -1.158968   -0.288    8.494  -35.963 S_000003
   8 P  -173.910 -150.992  149.500  127.998 -128.911 -142.558   91.482   -6.193  136.127   15.787    0.408280   -0.788743   -1.262842   -0.923571   -1.317920   -1.806812   -1.984235   -0.740556   -1.116661   -1.882   10.864  -42.652 S_000003
   9 N   167.952 -167.959  154.203  145.211 -155.376 -167.633   19.536  -32.174  148.043  -55.599    0.332777   -0.133501   -1.484945   -0.828850   -0.980089   -2.013944   -1.953344   -0.695714   -1.205944   -2.567   14.218  -49.121 S_000003
  10 H   -54.406  154.402   22.047  103.497    0.000    0.000   78.109   18.294  103.431  -82.075    0.374730   -1.107261   -0.974858   -0.867688   -1.369935   -1.818352   -1.951535   -0.723150   -1.185683   -4.020   14.584  -55.108 S_000003
SCORE:    12.381                 12.381          0          0          2    S_000004
   1 H     0.000  170.252   55.279  129.920  -89.730  161.173  106.829  -23.592  148.587   23.507    0.397664   -0.478955   -1.397150   -0.829252   -1.262510   -1.848788   -1.941557   -0.677969   -1.207351    3.794    0.984    0.238 S_000004
   2 N   -60.996  152.830   60.037   87.607 -122.252  -74.932   88.042   34.866   97.098  110.308    0.325034   -1.342697   -0.651715   -0.810783   -1.480704   -1.672101   -1.897602   -0.698411   -1.216059    8.790    3.259   -1.434 S_000004
   3 P   -70.392 -168.786   67.400  152.714  -79.917 -130.447  140.795  -39.652  156.097   50.861    0.325405   -0.132539   -1.474602   -0.745567   -1.130274   -1.890448   -1.904953   -0.748656   -1.182195   12.313    6.025   -6.323 S_000004
   4 P   171.747  153.395  159.041  148.712 -150.900 -143.856  163.298  -31.676  141.216  -34.261    0.335662   -0.099384   -1.482186   -0.823846   -0.920479   -2.044532   -1.934389   -0.708140   -1.198506   14.728   10.635  -11.231 S_000004
   5 P  -166.924 -154.036  159.889   90.332 -178.658 -136.635   73.477   26.413  115.255    3.673    0.345049   -1.323606   -0.689620   -0.882069   -1.572952   -1.568229   -1.923026   -0.712384   -1.176451   17.491   15.424  -16.042 S_000004
   6 P   153.576 -137.498 -175.281   83.857 -102.787 -103.937   50.086   29.192  107.047  -14.087    0.360236   -1.330018   -0.656551   -0.827896   -1.577528   -1.591584   -1.886986   -0.727617   -1.202004   20.380   18.270  -21.330 S_000004
   7 P  -170.283  161.190 -176.306  140.990 -163.860 -102.059  133.153  -32.306  149.951  165.152    0.350717   -0.168927   -1.477787   -0.803819   -1.029144   -1.981828   -1.933928   -0.657356   -1.225843   24.630   22.305  -25.471 S_000004
   8 P  -133.435  121.623  159.513   84.107 -132.282  -83.506   67.169   34.547   94.201  -27.447    0.328492   -1.348144   -0.633645   -0.807308   -1.509568   -1.647897   -1.897709   -0.723428   -1.200444   27.695   24.870  -30.632 S_000004
   9 P   -85.983  166.435   71.751   85.913 -160.937  -67.122   77.985   36.105   92.411 -164.363    0.348939   -1.329041   -0.667150   -0.756988   -1.434660   -1.703049   -1.860543   -0.674383   -1.240238   29.725   26.079  -36.729 S_000004
  10 H   -71.331  173.813   52.776   83.877    0.000    0.000   73.025   40.891   87.906 -142.434    0.302742   -1.360019   -0.597788   -0.753034   -1.425830   -1.700445   -1.866508   -0.681684   -1.232066   31.178   30.395  -40.719 S_000004
SCORE:    12.935                 12.935          0          0          2    S_000005
   1 H     0.000  170.252   55.279   87.841 -146.043  123.595  121.665   32.108  100.447  -24.167    0.344703   -1.326840   -0.648267   -0.825891   -1.505753   -1.625424   -1.890521   -0.682450   -1.207216    3.794    0.984    0.238 S_000005
   2 N   167.952 -167.959  154.203  145.211 -155.376 -167.633   19.536  -32.174  148.043  -55.599    0.332777   -0.133501   -1.484945   -0.828850   -0.980089   -2.013944   -1.953344   -0.695714   -1.205944    3.517    1.764   -6.400 S_000005
   3 N  -176.254  137.497  168.550   81.717 -132.895  -59.292   72.443   35.635   96.831  -24.438    0.317162   -1.381236   -0.556771   -0.805344   -1.581183   -1.577185   -1.871131   -0.730026   -1.199217    0.089    3.202  -12.486 S_000005
   4 N   179.905  172.930  176.245   83.787 -128.091  -62.899 -123.244   34.070   98.131  -19.586    0.338787   -1.347342   -0.629643   -0.801847   -1.519193   -1.636661   -1.884103   -0.711999   -1.207435   -1.172    4.726  -18.895 S_000005
   5 P   -71.409  163.072   88.916  129.689 -115.676 -168.510  103.969  -27.373  151.463 -158.189    0.375027   -0.488612   -1.399569   -0.832328   -1.348614   -1.777614   -1.951482   -0.749221   -1.158968   -0.493    7.189  -24.390 S_000005
   6 N   154.453 -138.292  168.142   87.170  -91.684 -131.245   70.959   30.507  104.033  -13.126    0.352127   -1.329675   -0.667614   -0.827063   -1.539136   -1.622829   -1.893458   -0.701079   -1.209808    0.155   10.712  -30.533 S_000005
   7 P   -42.813  172.564   62.689   86.654 -148.259  -81.416  105.254   26.297  108.865  157.759    0.382543   -1.281921   -0.730584   -0.825161   -1.531852   -1.632710   -1.887034   -0.710804   -1.206484   -1.236   12.561  -36.856 S_000005
   8 N   -26.065 -130.630  172.007  146.335 -141.275 -135.325   80.380  -33.279  151.090  147.354    0.335607   -0.153277   -1.484134   -0.814503   -1.030406   -1.984215   -1.942102   -0.701556   -1.201120   -4.867   13.348  -41.807 S_000005
   9 N  -102.288 -114.811  152.099  152.073  -94.878  153.513  109.832  -37.104  159.441   32.450    0.319886   -0.166689   -1.482528   -0.788521   -1.122043   -1.900878   -1.935757   -0.712507   -1.193642   -3.906   14.719  -48.846 S_000005
  10 H   -63.183  170.423   57.208   88.433    0.000    0.000   76.136   33.202  104.582  -27.956    0.326931   -1.343148   -0.637024   -0.822108   -1.518513   -1.623440   -1.862720   -0.641407   -1.250497   -3.376   18.008  -53.508 S_000005
SCORE:    12.642                 12.642          0          0          1    S_000006
   1 H     0.000  170.252   55.279   85.559  -93.544 -179.937   57.066   35.050   93.575 -130.232    0.343979   -1.322800   -0.671925   -0.783931   -1.448060   -1.702912   -1.888597   -0.693129   -1.222440    3.794    0.984    0.238 S_000006
   2 N   -74.064 -177.704   48.749  150.340 -154.485  153.392  131.849  -33.312  147.447  168.918    0.335143   -0.069542   -1.482537   -0.803152   -0.912200   -2.037999   -1.931248   -0.636521   -1.234597    5.824    3.361   -5.390 S_000006
   3 P   102.711  150.219 -166.898   83.141 -124.488  -71.574   78.083   39.889   89.669  -18.409    0.298935   -1.385993   -0.543083   -0.774643   -1.511183   -1.627544   -1.857032   -0.685755   -1.232354    5.210    6.865  -11.506 S_000006
   4 P  -145.987  156.330 -171.280   97.698 -150.657  -84.135   71.724   29.301   97.426  177.190    0.377424   -1.188179   -0.884020   -0.797503   -1.265138   -1.847696   -1.920332   -0.677393   -1.214796    7.773    7.388  -17.817 S_000006
   5 P   -41.221 -170.897   61.729   83.324 -155.282  -64.710   75.018   38.591   92.149  179.464    0.318509   -1.363544   -0.597664   -0.766451   -1.471509   -1.665608   -1.862521   -0.682661   -1.233100    7.955    9.392  -23.766 S_000006
   6 P   -58.446 -149.202   68.661  151.517  -94.388 -167.491  158.879  -36.566  157.616   66.657    0.314545   -0.058212   -1.465433   -0.758064   -0.951472   -2.024794   -1.934304   -0.600686   -1.266513    6.443    9.951  -29.949 S_000006
   7 P  -173.910 -150.992  149.500  127.998 -128.911 -142.558   91.482   -6.193  136.127   15.787    0.408280   -0.788743   -1.262842   -0.923571   -1.317920   -1.806812   -1.984235   -0.740556   -1.116661    3.813   13.285  -35.758 S_000006
   8 P   -51.366  159.456   57.860   97.555  162.044 -150.575  116.893   13.664  118.090  -85.317    0.420194   -1.081106   -1.003611   -0.869052   -1.395608   -1.775530   -1.933883   -0.679967   -1.200976    1.907   16.048  -41.296 S_000006
   9 N  -178.810  153.055  135.770  106.704 -138.327 -112.358  127.377   22.478   87.323  -11.418    0.409131   -0.973460   -1.098711   -0.809248   -1.028300   -2.013690   -1.923910   -0.665663   -1.225656    2.684   18.631  -47.898 S_000006
  10 H   -61.511  166.374   59.880   77.226    0.000    0.000   70.640   42.753   91.367  -19.350    0.246842   -1.445489   -0.410632   -0.799272   -1.600242   -1.516966   -1.857576   -0.703119   -1.225247    2.956   19.528  -54.359 S_000006
SCORE:    13.192                 13.192          0          0          1    S_000007
   1 H     0.000  170.252   55.279   99.498  -97.192  -88.731   64.338   34.084   80.724  -17.340    0.348087   -1.168678   -0.920509   -0.785512   -1.106704   -1.936187   -1.925157   -0.761618   -1.173232    3.794    0.984    0.238 S_000007
   2 N   -89.470 -106.128   64.147   84.440 -168.345  -56.889   77.321   37.590   92.022  -26.332    0.326301   -1.358693   -0.608420   -0.771917   -1.479076   -1.665020   -1.873657   -0.701186   -1.223320    5.850   -0.454   -6.224 S_000007
   3 P   -60.097 -146.945   70.140  151.229  -90.777 -175.526  161.181  -30.121  151.629   72.288    0.397053   -0.211454   -1.442957   -0.761754   -1.043461   -1.970860   -1.893172   -0.716125   -1.225162    4.494    3.368  -10.912 S_000007
   4 P   164.719  138.825   51.610  150.951 -107.830  169.464  112.009  -38.147  157.146  -49.999    0.320580   -0.126346   -1.483354   -0.773408   -1.094210   -1.927220   -1.922725   -0.726119   -1.194230    5.801    5.572  -17.321 S_000007
   5 P   171.747  153.395  159.041  148.712 -150.900 -143.856  163.298  -31.676  141.216  -34.261    0.335662   -0.099384   -1.482186   -0.823846   -0.920479   -2.044532   -1.934389   -0.708140   -1.198506    4.534    8.411  -23.411 S_000007
   6 N  -124.162  177.879   99.083   89.862 -134.439  -74.075   66.594   36.873   88.482  -14.987    0.319523   -1.311017   -0.709199   -0.784818   -1.367833   -1.759031   -1.908571   -0.711998   -1.202804    6.842   10.648  -29.760 S_000007
   7 P   -61.782 -140.498   56.795  140.224 -153.193 -144.278  165.784  -33.826  159.973  156.711    0.349592   -0.388033   -1.431578   -0.793415   -1.340736   -1.762595   -1.940106   -0.795494   -1.147865    5.918   13.609  -35.717 S_000007
   8 N  -148.162  164.915  118.385  145.355 -109.323 -178.043  158.161  -25.949  134.973  153.436    0.357113   -0.162484   -1.477571   -0.854725   -0.883260   -2.080780   -1.943630   -0.688761   -1.201220    6.554   18.765  -40.640 S_000007
   9 P   -51.366  159.456   57.860   97.555  162.044 -150.575  116.893   13.664  118.090  -85.317    0.420194   -1.081106   -1.003611   -0.869052   -1.395608   -1.775530   -1.933883   -0.679967   -1.200976    6.817   20.630  -46.559 S_000007
  10 H   -69.460  173.393   57.409   75.784    0.000    0.000   72.989   46.849   85.680  179.879    0.240636   -1.445169   -0.417080   -0.738510   -1.525000   -1.583774   -1.831792   -0.695979   -1.232024   10.498   19.241  -51.647 S_000007
SCORE:    12.269                 12.269          0          0          1    S_000008
   1 H     0.000  170.252   55.279   80.350 -111.314 -155.028   57.633   36.639   93.846  -23.935    0.328841   -1.364616   -0.596266   -0.780892   -1.519576   -1.641565   -1.875627   -0.717597   -1.214446    3.794    0.984    0.238 S_000008
   2 P  -172.604  161.126  159.864  155.138 -101.607 -139.360  -48.863  -40.948  155.621   78.591    0.319081    0.026124   -1.484098   -0.731166   -0.944630   -1.986654   -1.887978   -0.700564   -1.211859    5.666    1.169   -6.719 S_000008
   3 P   -61.335  158.584   53.176   84.522 -157.624  -68.829   91.227   42.603   88.881  163.860    0.269171   -1.390867   -0.527818   -0.767437   -1.490879   -1.655576   -1.807935   -0.625359   -1.264450    7.632    3.169  -12.726 S_000008
   4 P  -165.123  123.315  171.991   87.033 -153.571  -59.887   73.452   35.136   95.198   -8.374    0.331756   -1.337775   -0.632899   -0.796073   -1.488319   -1.658809   -1.881383   -0.691431   -1.212719    6.255    4.845  -19.164 S_000008
   5 P   -69.091 -164.344   47.405   72.669 -178.899  -77.664   99.639   35.323  110.427  144.508    0.265600   -1.491886   -0.205332   -0.886056   -1.892923   -1.136971   -1.797970   -0.816137   -1.156657    5.961    6.150  -25.342 S_000008
   6 P  -167.703 -174.030 -172.706  150.262  -82.754  -98.128  162.319  -37.418  153.934  -96.537    0.341290   -0.123580   -1.479847   -0.753212   -1.075808   -1.949425   -1.900641   -0.697829   -1.213259    3.036    7.100  -31.247 S_000008
   7 P   -61.653  158.780  111.392  131.953 -117.165 -124.089  113.393  -34.124  172.369  170.567    0.367177   -0.534770   -1.378991   -0.795747   -1.498249   -1.528004   -1.900206   -0.681102   -1.220799    1.817    9.780  -36.953 S_000008
   8 P  -172.604  161.126  159.864  155.138 -101.607 -139.360  -48.863  -40.948  155.621   78.591    0.319081    0.026124   -1.484098   -0.731166   -0.944630   -1.986654   -1.887978   -0.700564   -1.211859    0.603   11.385  -43.981 S_000008
   9 P  -179.630  115.281   62.224  122.274 -131.448 -164.064   84.287  -17.095  153.564  143.373    0.421273   -0.734637   -1.265427   -0.864863   -1.468550   -1.653260   -1.954534   -0.733221   -1.166445   -3.029   11.422  -49.984 S_000008
  10 H    50.748 -142.974  -90.915   99.064    0.000    0.000   76.535   34.395   80.492  -18.088    0.341040   -1.125415   -0.969957   -0.801603   -0.996099   -1.978295   -1.931765   -0.632375   -1.229438   -6.271   14.228  -54.402 S_000008
SCORE:    12.492                 12.492          0          0          1    S_000009
   1 H     0.000  170.252   55.279   81.544 -153.958   94.901  138.535   32.875  104.235 -105.975    0.332192   -1.388554   -0.543199   -0.831513   -1.629963   -1.513190   -1.854751   -0.702438   -1.218005    3.794    0.984    0.238 S_000009
   2 P    69.223  137.261 -175.088   86.986 -153.397 -110.460  143.572   33.683   97.732  -12.707    0.328359   -1.339808   -0.647494   -0.818559   -1.502873   -1.648205   -1.897238   -0.709099   -1.201121    2.493    0.882   -5.900 S_000009
   3 P   -61.124  164.474   53.999   82.543 -151.805  -89.692  102.053   36.544   94.460  -16.062    0.312189   -1.380366   -0.549723   -0.800758   -1.565740   -1.583436   -1.883817   -0.742767   -1.194307    3.075    3.446  -11.670 S_000009
   4 P    53.260 -156.711  -70.832  101.124  174.935  -86.647  127.664   39.124   73.199 -115.342    0.315238   -1.084078   -1.018786   -0.771366   -0.795549   -2.048683   -1.919607   -0.617186   -1.254678    1.020    6.512  -16.116 S_000009
   5 P  -170.283  161.190 -176.306  140.990 -163.860 -102.059  133.153  -32.306  149.951  165.152    0.350717   -0.168927   -1.477787   -0.803819   -1.029144   -1.981828   -1.933928   -0.657356   -1.225843    0.772    9.008  -22.318 S_000009
   6 P   156.238 -179.304  175.189   84.171 -131.747  -78.081   61.660   33.664   96.247  -22.960    0.339854   -1.342789   -0.627972   -0.797072   -1.523909   -1.623702   -1.875191   -0.725767   -1.201238   -0.479    9.647  -29.096 S_000009
   7 P  -128.384  113.180  162.852   86.269 -121.412  -87.458   58.577   34.811   87.922  -17.940    0.354485   -1.288841   -0.734645   -0.775911   -1.359654   -1.760900   -1.893358   -0.695028   -1.213425   -1.515   11.372  -35.251 S_000009
   8 P  -170.283  161.190 -176.306  140.990 -163.860 -102.059  133.153  -32.306  149.951  165.152    0.350717   -0.168927   -1.477787   -0.803819   -1.029144   -1.981828   -1.933928   -0.657356   -1.225843   -1.186   13.093  -42.125 S_000009
   9 N   167.952 -167.959  154.203  145.211 -155.376 -167.633   19.536  -32.174  148.043  -55.599    0.332777   -0.133501   -1.484945   -0.828850   -0.980089   -2.013944   -1.953344   -0.695714   -1.205944   -1.976   15.128  -48.681 S_000009
  10 H   -69.463  162.396   55.557   79.267    0.000    0.000   76.452   40.870   90.339 -151.331    0.288812   -1.413402   -0.484449   -0.769617   -1.573136   -1.577551   -1.855763   -0.731468   -1.216757   -5.545   16.206  -53.855 S_000009
SCORE:    11.664                 11.664          0          0          2    S_000010
   1 H     0.000  170.252   55.279  147.201 -107.002 -175.315  151.382  -36.517  161.277  120.745    0.322861   -0.228269   -1.471234   -0.794458   -1.190388   -1.857478   -1.935643   -0.733549   -1.182365    3.794    0.984    0.238 S_000010
   2 P  -104.244  143.906   58.914   92.671 -139.113 -163.073  109.382   33.641   97.988  172.886    0.342893   -1.296155   -0.710710   -0.801240   -1.411149   -1.720107   -1.885704   -0.639321   -1.241854    9.702    2.199   -1.217 S_000010
   3 P  -154.050  145.148  124.520   89.904 -156.931 -129.437   98.571   22.752  116.377   53.243    0.366115   -1.304268   -0.738772   -0.890164   -1.596323   -1.568220   -1.925176   -0.727709   -1.180955   14.880    3.520   -5.662 S_000010
   4 P   145.834  169.864  160.515  116.771 -150.825  -95.969  116.851    6.639  112.778  -49.780    0.428419   -0.827735   -1.201961   -0.850477   -1.142936   -1.957796   -1.955336   -0.681649   -1.210816   19.749    5.198  -10.704 S_000010
   5 P   171.747  153.395  159.041  148.712 -150.900 -143.856  163.298  -31.676  141.216  -34.261    0.335662   -0.099384   -1.482186   -0.823846   -0.920479   -2.044532   -1.934389   -0.708140   -1.198506   25.352    8.482  -13.695 S_000010
   6 P   -64.350  164.044   59.413   82.853 -174.287  -71.226   82.877   39.914   94.518 -118.472    0.269341   -1.398075   -0.518759   -0.788941   -1.561389   -1.592100   -1.859530   -0.677712   -1.215879   28.247   12.357  -17.998 S_000010
   7 P   -97.972 -152.339   81.706  124.769 -146.581  162.724  125.829  -16.565  146.909   34.182    0.440902   -0.620888   -1.321854   -0.837849   -1.312903   -1.792966   -1.931445   -0.672971   -1.201510   31.596   17.054  -21.272 S_000010
   8 P  -167.200 -131.423  135.280   86.839 -158.875  -75.765  140.250   35.968   93.284  179.910    0.320765   -1.347235   -0.643969   -0.800359   -1.472294   -1.679922   -1.904488   -0.726813   -1.197436   36.557   19.842  -25.704 S_000010
   9 P   171.747  153.395  159.041  148.712 -150.900 -143.856  163.298  -31.676  141.216  -34.261    0.335662   -0.099384   -1.482186   -0.823846   -0.920479   -2.044532   -1.934389   -0.708140   -1.198506   42.716   22.390  -27.594 S_000010
  10 H   -70.906 -177.746   52.386   76.459    0.000    0.000   74.691   42.245   91.952 -150.090    0.271932   -1.431868   -0.453224   -0.771708   -1.580433   -1.559168   -1.832149   -0.688086   -1.242233   46.882   26.613  -30.830 S_000010
