SEQUENCE: gg
SCORE:     score    rna_stub_coord_hack       N_WC      N_NWC       N_BS description
REMARK RNA 
SCORE:     0.379                  0.379          0          0          0    S_000001
   1 H     0.000  170.252   55.279   80.938 -173.644 -106.141   83.862   37.020  101.024  -20.273    0.325381   -1.388371   -0.541076   -0.778091   -1.572660   -1.580236   -1.840415   -0.676614   -1.234903    3.794    0.984    0.238 S_000001
   2 H   -61.069  169.693   50.664   75.829    0.000    0.000   87.940   39.003   91.870  -28.341    0.300376   -1.408869   -0.491865   -0.790018   -1.579418   -1.554942   -1.860438   -0.719068   -1.209566    8.881    1.578   -3.158 S_000001
SCORE:     0.379                  0.379          0          0          0    S_000002
   1 H     0.000  170.252   55.279   80.938 -173.644 -106.141   83.862   37.020  101.024  -20.273    0.325381   -1.388371   -0.541076   -0.778091   -1.572660   -1.580236   -1.840415   -0.676614   -1.234903    3.794    0.984    0.238 S_000002
   2 H   -77.945  177.690   66.310   84.605    0.000    0.000   68.706   35.097   95.443 -150.136    0.346377   -1.310424   -0.692172   -0.778853   -1.410555   -1.718599   -1.877258   -0.666813   -1.235544    8.922    1.452   -3.621 S_000002
SCORE:     0.379                  0.379          0          0          0    S_000003
   1 H     0.000  170.252   55.279   80.938 -173.644 -106.141   83.862   37.020  101.024  -20.273    0.325381   -1.388371   -0.541076   -0.778091   -1.572660   -1.580236   -1.840415   -0.676614   -1.234903    3.794    0.984    0.238 S_000003
   2 H   -48.332  161.597   52.231   80.960    0.000    0.000   72.057   39.898   92.635  179.919    0.302163   -1.393611   -0.526965   -0.766279   -1.533590   -1.606994   -1.845324   -0.688228   -1.233581    8.850    1.556   -2.742 S_000003
SCORE:     0.379                  0.379          0          0          0    S_000004
   1 H     0.000  170.252   55.279   80.938 -173.644 -106.141   83.862   37.020  101.024  -20.273    0.325381   -1.388371   -0.541076   -0.778091   -1.572660   -1.580236   -1.840415   -0.676614   -1.234903    3.794    0.984    0.238 S_000004
   2 H    47.556  144.425   61.136   92.547    0.000    0.000  139.403   37.074   84.758 -124.935    0.313443   -1.267357   -0.784498   -0.795730   -1.251154   -1.837890   -1.916327   -0.656480   -1.227615    9.149   -0.375   -2.204 S_000004
SCORE:     0.379                  0.379          0          0          0    S_000005
   1 H     0.000  170.252   55.279   80.938 -173.644 -106.141   83.862   37.020  101.024  -20.273    0.325381   -1.388371   -0.541076   -0.778091   -1.572660   -1.580236   -1.840415   -0.676614   -1.234903    3.794    0.984    0.238 S_000005
   2 H    80.046 -164.964 -176.680   83.657    0.000    0.000   85.050   37.331   95.761  164.208    0.303788   -1.385360   -0.543886   -0.798211   -1.556266   -1.583970   -1.862053   -0.706697   -1.212925    9.191    0.243   -2.205 S_000005
SCORE:     0.379                  0.379          0          1          0    S_000006
   1 H     0.000  170.252   55.279   80.938 -173.644 -106.141   83.862   37.020  101.024  -20.273    0.325381   -1.388371   -0.541076   -0.778091   -1.572660   -1.580236   -1.840415   -0.676614   -1.234903    3.794    0.984    0.238 S_000006
   2 H   135.318 -148.265 -176.541   82.760    0.000    0.000   62.025   34.422   97.766  179.905    0.332336   -1.359647   -0.592019   -0.807457   -1.544222   -1.596893   -1.873941   -0.712784   -1.203359    9.231   -0.554   -2.560 S_000006
SCORE:     0.379                  0.379          0          0          0    S_000007
   1 H     0.000  170.252   55.279   80.938 -173.644 -106.141   83.862   37.020  101.024  -20.273    0.325381   -1.388371   -0.541076   -0.778091   -1.572660   -1.580236   -1.840415   -0.676614   -1.234903    3.794    0.984    0.238 S_000007
   2 H   -94.648  163.308   85.869   80.184    0.000    0.000   65.031   37.542   94.088  179.907    0.309798   -1.377131   -0.561049   -0.793634   -1.526343   -1.608532   -1.870038   -0.706497   -1.215410    8.848    1.548   -3.633 S_000007
SCORE:     0.379                  0.379          0          0          0    S_000008
   1 H     0.000  170.252   55.279   80.938 -173.644 -106.141   83.862   37.020  101.024  -20.273    0.325381   -1.388371   -0.541076   -0.778091   -1.572660   -1.580236   -1.840415   -0.676614   -1.234903    3.794    0.984    0.238 S_000008
   2 H   -60.630  159.036   60.214   77.761    0.000    0.000   79.649   37.722   94.613 -166.701    0.304787   -1.404935   -0.492766   -0.798025   -1.600288   -1.533851   -1.856648   -0.733686   -1.201967    8.807    1.646   -2.910 S_000008
SCORE:     0.379                  0.379          0          0          0    S_000009
   1 H     0.000  170.252   55.279   80.938 -173.644 -106.141   83.862   37.020  101.024  -20.273    0.325381   -1.388371   -0.541076   -0.778091   -1.572660   -1.580236   -1.840415   -0.676614   -1.234903    3.794    0.984    0.238 S_000009
   2 H   -67.258 -177.232   49.336   80.809    0.000    0.000   83.203   36.408   94.540  -75.142    0.324090   -1.373092   -0.570611   -0.788916   -1.551726   -1.609173   -1.879712   -0.735772   -1.200445    8.917    1.475   -3.568 S_000009
SCORE:     0.379                  0.379          0          0          0    S_000010
   1 H     0.000  170.252   55.279   80.938 -173.644 -106.141   83.862   37.020  101.024  -20.273    0.325381   -1.388371   -0.541076   -0.778091   -1.572660   -1.580236   -1.840415   -0.676614   -1.234903    3.794    0.984    0.238 S_000010
   2 H   -66.931 -175.895   55.139   81.656    0.000    0.000   70.323   36.328   93.643  179.908    0.318563   -1.381631   -0.555149   -0.796320   -1.565777   -1.585087   -1.884782   -0.748302   -1.191963    8.916    1.468   -3.595 S_000010
