SEQUENCE: gaaaaag
SCORE:     score       N_WC      N_NWC       N_BS description
REMARK RNA 
SCORE:     0.000          0          0          0    S_000001
   1 H     0.000  170.252   55.279   80.814 -149.887  -63.325   72.416   39.093   91.047  -22.209    0.310662   -1.375501   -0.559979   -0.768785   -1.500888   -1.631310   -1.863712   -0.715524   -1.212520    3.794    0.984    0.238 S_000001
   2 N   -44.123  -82.754 -172.855   82.338 -130.923  -75.061  119.487   36.177  100.132 -175.172    0.307907   -1.407022   -0.498803   -0.812143   -1.628852   -1.514494   -1.840769   -0.698290   -1.233196    8.203   -0.388   -3.462 S_000001
   3 N    62.992  130.376  152.811   83.054  -97.026 -107.964   72.434   38.358   92.836  -82.856    0.306731   -1.379428   -0.547397   -0.778649   -1.532794   -1.605050   -1.871620   -0.742700   -1.199555   13.135    1.513   -0.559 S_000001
   4 P   -61.589  174.919   54.301   83.164 -148.884 -114.815   81.421   38.116   93.490 -174.133    0.311029   -1.376950   -0.562607   -0.784301   -1.519572   -1.621959   -1.872301   -0.709334   -1.214773   12.189    8.200   -0.723 S_000001
   5 N   -75.476  167.351   68.042   72.164 -141.243  -86.102   76.953   47.247   90.589  -21.090    0.197622   -1.482414   -0.305353   -0.774018   -1.657218   -1.463291   -1.812717   -0.703234   -1.238293    8.646   13.538   -2.213 S_000001
   6 P   -53.030 -141.300   47.864  136.332 -121.617  108.568  174.414  -30.070  154.049   11.472    0.351665   -0.445477   -1.414860   -0.831780   -1.342633   -1.772649   -1.955972   -0.786941   -1.140503    4.347   17.333   -5.659 S_000001
   7 H   -68.011 -179.287   64.624   88.614    0.000    0.000   77.629   41.430   92.056  143.320    0.289528   -1.376735   -0.561145   -0.734984   -1.513825   -1.675150   -1.838687   -0.736840   -1.211951    1.254   18.617   -1.964 S_000001
SCORE:     0.000          0          0          2    S_000002
   1 H     0.000  170.252   55.279   81.073 -123.886  -72.901   59.459   38.213   90.049  -21.576    0.324586   -1.337982   -0.638896   -0.769138   -1.414723   -1.706422   -1.867453   -0.663221   -1.237972    3.794    0.984    0.238 S_000002
   2 N  -173.114  162.258   49.360   84.595   73.195  101.944  116.376   27.685  101.089   53.877    0.385853   -1.231387   -0.821000   -0.820803   -1.374788   -1.754274   -1.907971   -0.657696   -1.219149    6.258   -3.054   -4.824 S_000002
   3 P   -67.881  170.227   45.525   86.368 -143.956  -72.059   56.168   35.751   91.865  144.433    0.330655   -1.311290   -0.685631   -0.786805   -1.412314   -1.725653   -1.891062   -0.694207   -1.215598    8.673   -8.060   -2.135 S_000002
   4 N   -59.729  171.414   52.712   84.637 -154.510  -61.935   75.561   36.834   94.009  179.893    0.323842   -1.342997   -0.647364   -0.785926   -1.448766   -1.697369   -1.881476   -0.671179   -1.238819    9.004  -14.176   -1.900 S_000002
   5 L   -60.259  170.285   55.558   81.182 -139.955    0.000   75.129   35.858   94.910  180.000    0.332096   -1.358119   -0.604254   -0.787142   -1.514354   -1.634735   -1.875104   -0.719618   -1.209841    5.850  -19.080   -2.623 S_000002
   6 N   -73.178  134.130   44.250   88.905 -100.679  173.269  -41.282   30.145  106.047  -70.394    0.349367   -1.332571   -0.659443   -0.836310   -1.549353   -1.605595   -1.897761   -0.712716   -1.195262    3.875  -18.282   -6.394 S_000002
   7 H    46.204  -81.172  -91.186   82.162    0.000    0.000   74.892   36.369   91.731 -167.104    0.305443   -1.383734   -0.547918   -0.814913   -1.565376   -1.576295   -1.892556   -0.752179   -1.170798    3.263  -15.494  -10.367 S_000002
SCORE:     0.000          0          0          1    S_000003
   1 H     0.000  170.252   55.279   85.780 -163.420  -61.823   84.480   38.755   91.639 -173.001    0.302722   -1.387714   -0.522269   -0.770817   -1.560584   -1.581257   -1.857826   -0.748747   -1.195871    3.794    0.984    0.238 S_000003
   2 P   -63.851  174.245   57.026   85.054 -119.213  -69.763   98.224   36.055   96.778  -15.354    0.324180   -1.359282   -0.606705   -0.795916   -1.506386   -1.639083   -1.872957   -0.687405   -1.223139    8.693   -1.608   -1.722 S_000003
   3 L   -60.259  170.285   55.558   81.182 -139.955    0.000   75.129   35.858   94.910 -180.000    0.332096   -1.358119   -0.604254   -0.787142   -1.514354   -1.634735   -1.875104   -0.719618   -1.209841   10.145   -6.486   -5.254 S_000003
   4 N  -175.101 -147.674  159.572  141.718  176.133  146.872   62.364  -31.811 -103.226   76.911    0.331832   -0.177856   -1.485199   -0.843536   -1.029654   -1.962328   -1.977627   -0.691472   -1.204184    7.632   -4.056  -10.008 S_000003
   5 P   -68.603  166.827   63.543   86.574 -135.796 -131.885   73.014   27.101  113.414  -11.973    0.368256   -1.296553   -0.706050   -0.843406   -1.527216   -1.605968   -1.861679   -0.637858   -1.237027    2.185   -3.040  -12.964 S_000003
   6 P    40.688 -157.616   62.306   86.942 -176.101  -76.271   81.395   36.383   93.693  160.565    0.325125   -1.344510   -0.640010   -0.788337   -1.459694   -1.678334   -1.867613   -0.674645   -1.225790   -2.521   -2.128  -17.131 S_000003
   7 H   -73.618 -174.419   58.023   83.329    0.000    0.000   77.024   36.739   96.841  179.888    0.323880   -1.368606   -0.597953   -0.784784   -1.512102   -1.637805   -1.867819   -0.692941   -1.227537   -5.474   -7.145  -19.165 S_000003
SCORE:     0.000          0          1          0    S_000004
   1 H     0.000  170.252   55.279   78.773 -164.608  -63.243   77.899   41.885   90.882  -20.576    0.280759   -1.419111   -0.462493   -0.763205   -1.564811   -1.561193   -1.824428   -0.693497   -1.226137    3.794    0.984    0.238 S_000004
   2 P   101.797  -96.122 -172.534   81.515 -127.829  121.069   35.966   34.204  103.163  -14.520    0.331064   -1.354404   -0.599408   -0.806132   -1.545875   -1.603311   -1.866972   -0.699787   -1.221077    6.429   -2.477   -0.809 S_000004
   3 P   -70.777  163.044   54.113   84.943 -120.025  -58.788   86.148   38.256   90.693  -26.246    0.325465   -1.347315   -0.648078   -0.763477   -1.427366   -1.717257   -1.886236   -0.730243   -1.201516   10.383   -4.059   -3.636 S_000004
   4 P   -69.673  166.597   42.960   86.385 -132.354  -79.059   74.182   35.684   92.958 -166.356    0.332919   -1.326955   -0.661810   -0.792831   -1.435708   -1.695754   -1.893469   -0.693193   -1.210537   15.199   -7.664   -4.055 S_000004
   5 N   -56.317  151.414   49.456   83.425 -145.700  -83.382   96.214   40.954   96.454  172.345    0.303387   -1.396284   -0.574520   -0.754365   -1.450281   -1.655210   -1.847108   -0.601360   -1.267432   16.518  -11.819   -0.016 S_000004
   6 N   100.630 -146.615  167.141   73.250   70.882   84.625  -52.756   42.563   83.907   25.074    0.316723   -1.348285   -0.629861   -0.713961   -1.353488   -1.755672   -1.865594   -0.703294   -1.227152   13.048  -13.383    4.402 S_000004
   7 H  -155.772  132.131  158.015   78.594    0.000    0.000   59.407   39.696   87.513  -20.071    0.320685   -1.374725   -0.577926   -0.747639   -1.491799   -1.668024   -1.865619   -0.733466   -1.207045   10.970  -11.479    9.355 S_000004
SCORE:     0.000          0          4          3    S_000005
   1 H     0.000  170.252   55.279   85.813 -141.682  -84.538   61.314   38.543   89.655  -26.421    0.314254   -1.346061   -0.638633   -0.771912   -1.425412   -1.710046   -1.881802   -0.688387   -1.226678    3.794    0.984    0.238 S_000005
   2 P   -75.919 -135.821 -175.098   83.972 -150.764  -37.001  145.918   30.179  104.208  -24.330    0.355597   -1.335363   -0.656648   -0.828154   -1.558996   -1.606023   -1.886573   -0.716262   -1.208985    8.170   -1.300   -4.638 S_000005
   3 P   -51.691  175.623   58.422  150.251  -82.106   85.819  135.471  -39.063  159.216   44.593    0.318912   -0.147112   -1.481663   -0.760591   -1.136673   -1.897411   -1.917463   -0.733657   -1.194430   12.703    0.109   -7.459 S_000005
   4 P   170.725 -162.631   58.409   76.861 -132.328  -65.090  -18.336   39.083   98.185   83.207    0.309964   -1.419873   -0.473757   -0.770083   -1.618216   -1.536527   -1.817190   -0.704807   -1.240367   13.944   -2.620  -11.712 S_000005
   5 P   -63.294 -163.423   24.471  103.716 -147.529  -73.497   69.749   28.221   91.945   -4.030    0.367310   -1.151545   -0.912456   -0.797715   -1.242756   -1.869189   -1.908357   -0.676388   -1.216757   10.961    0.930  -16.214 S_000005
   6 P   -79.696  140.782   46.968   81.282 -128.082  -53.161   62.407   36.776   97.887   61.009    0.308779   -1.412155   -0.479564   -0.802113   -1.639728   -1.502686   -1.855337   -0.745564   -1.193035    8.936    6.378  -16.303 S_000005
   7 H   -77.868 -162.281   41.955   76.956    0.000    0.000   79.195   38.870   90.500  -72.607    0.294776   -1.411246   -0.490707   -0.790303   -1.598554   -1.551034   -1.862971   -0.754060   -1.184069    9.241    8.070  -10.105 S_000005
SCORE:     0.000          0          0          4    S_000006
   1 H     0.000  170.252   55.279   84.785 -145.174  -68.535   63.456   37.047   92.721  -14.844    0.320702   -1.359465   -0.609221   -0.785536   -1.490542   -1.657996   -1.883096   -0.708202   -1.215308    3.794    0.984    0.238 S_000006
   2 N   -97.882 -146.927   54.031  112.093   98.474 -107.054  176.448  -19.867  131.423   55.916    0.451797   -0.162717   -1.450996   -0.796636   -0.749221   -2.117024   -1.899862   -0.656788   -1.232684    7.885   -2.427   -4.116 S_000006
   3 P   -57.341  176.141   51.876   78.930 -133.114  -73.240   71.663   38.465   94.908 -166.962    0.319594   -1.386615   -0.534691   -0.768336   -1.536818   -1.591383   -1.848431   -0.710705   -1.216225   11.823   -2.654   -7.392 S_000006
   4 P   -63.371  178.182   53.114   83.462 -139.018  -67.496   77.600   39.196   90.581 -173.702    0.316426   -1.370368   -0.578572   -0.761094   -1.485038   -1.656573   -1.866191   -0.705478   -1.221967   16.838   -6.464   -8.231 S_000006
   5 P   -47.271  167.924   48.721   82.870 -137.028  -83.823   68.229   35.526   92.826  -18.398    0.330038   -1.348377   -0.627416   -0.793350   -1.492371   -1.654229   -1.886487   -0.714137   -1.206542   18.064  -12.188   -7.330 S_000006
   6 P   166.958 -167.030  164.996   82.021 -106.836  -68.949   55.474   37.807   89.664  -14.426    0.335580   -1.323935   -0.661996   -0.762423   -1.392945   -1.728741   -1.878086   -0.673405   -1.226687   15.008  -18.136   -8.768 S_000006
   7 H   -70.092 -171.106   52.353   86.090    0.000    0.000   78.958   36.062   95.425  -73.803    0.327738   -1.355253   -0.610128   -0.790255   -1.503762   -1.645235   -1.879788   -0.703958   -1.217553   10.473  -20.546  -12.737 S_000006
SCORE:     0.000          0          0          0    S_000007
   1 H     0.000  170.252   55.279   83.276 -137.444  -85.394   65.393   35.629   93.034   99.914    0.341850   -1.342923   -0.630164   -0.777931   -1.490321   -1.665069   -1.877121   -0.708271   -1.213440    3.794    0.984    0.238 S_000007
   2 P    66.774 -161.972   58.458   89.564 -159.186  164.444   98.595   32.907   97.497 -167.772    0.332672   -1.323708   -0.656884   -0.822944   -1.489485   -1.646962   -1.902831   -0.708126   -1.196678    7.589   -2.610   -2.613 S_000007
   3 P    47.990 -146.907   56.477   81.276  175.314 -142.484   97.643   34.096   95.340 -164.068    0.333554   -1.342642   -0.646847   -0.807711   -1.499281   -1.654080   -1.888329   -0.720690   -1.202842    8.728   -1.890    3.132 S_000007
   4 N    44.792  176.052   47.655   85.615 -154.434  -66.680   64.575   35.681   90.930  -28.188    0.346158   -1.301994   -0.702480   -0.772805   -1.387515   -1.743456   -1.883066   -0.680407   -1.225128    5.176   -6.926    3.680 S_000007
   5 P  -107.866   68.213 -177.478   92.507  178.851 -126.218   53.752   12.940  124.481  179.936    0.403280   -1.213331   -0.840573   -0.896300   -1.639774   -1.541638   -1.933684   -0.770846   -1.153039    7.113  -11.861    1.963 S_000007
   6 N  -152.589 -128.778   61.723   91.495  -72.055   76.819  109.942   30.228  103.239  -19.119    0.347404   -1.298118   -0.730336   -0.837518   -1.463928   -1.688391   -1.911873   -0.678631   -1.217531   12.260  -15.659    5.081 S_000007
   7 H   -75.035 -174.696   56.710   78.364    0.000    0.000   77.937   43.677   90.645  -17.752    0.261081   -1.427813   -0.451471   -0.757073   -1.546802   -1.571166   -1.843260   -0.696228   -1.244085   14.406  -15.960    2.100 S_000007
SCORE:     0.000          0          0          1    S_000008
   1 H     0.000  170.252   55.279   83.681 -109.291  -78.593   65.734   39.452   79.494 -156.787    0.340558   -1.273100   -0.738577   -0.734000   -1.248120   -1.833251   -1.892239   -0.700786   -1.215178    3.794    0.984    0.238 S_000008
   2 P   -60.110  169.193   52.869   82.579 -143.238  -65.716   73.790   38.758   91.684  -21.653    0.312409   -1.377558   -0.567786   -0.772859   -1.508675   -1.638434   -1.867999   -0.708665   -1.219337    6.494   -2.737   -4.110 S_000008
   3 N  -164.813  113.022   46.461   64.688    0.000    0.000 -124.551   42.410  117.512  -13.485    0.168827   -1.546210   -0.002495   -0.928378   -1.966780   -1.041341   -1.822959   -0.765333   -1.236674    4.465   -6.422   -9.494 S_000008
   4 N    25.083  167.218  -68.769   93.884  155.348  145.482   67.519   32.820   86.561  179.952    0.349497   -1.187284   -0.901785   -0.809981   -1.162841   -1.906199   -1.947949   -0.708939   -1.197505    3.301   -5.483  -11.147 S_000008
   5 P   -49.532 -137.409 -102.734   96.075 -118.534  -80.314   75.358   34.711   95.930  158.649    0.484124   -1.216536   -0.673413   -0.608645   -1.312353   -1.694080   -1.734081   -0.599510   -1.267208   -2.939   -7.569  -11.893 S_000008
   6 P    34.248 -143.553   70.040  111.323 -161.263   89.817  112.662   -5.649  133.391 -160.009    0.445338   -0.894467   -1.157913   -0.860641   -1.488365   -1.687711   -1.929360   -0.760314   -1.155221   -7.323   -7.683   -8.191 S_000008
   7 H   166.956 -174.355  174.676   81.669    0.000    0.000   56.988   36.909   93.699  179.913    0.322916   -1.354915   -0.609832   -0.780562   -1.485878   -1.652673   -1.861472   -0.692933   -1.220541   -6.621  -10.788  -13.860 S_000008
SCORE:     0.000          0          0          1    S_000009
   1 H     0.000  170.252   55.279   77.887 -158.011  -72.463   77.166   40.358   91.874  167.139    0.294385   -1.413766   -0.472809   -0.772990   -1.580774   -1.554009   -1.850863   -0.727354   -1.210970    3.794    0.984    0.238 S_000009
   2 P  -133.151 -140.983   49.923   89.670 -146.075  -82.010   94.989   31.222   99.405  168.860    0.356433   -1.272616   -0.753050   -0.813864   -1.402651   -1.732044   -1.907974   -0.673484   -1.216958    8.130   -2.379   -4.036 S_000009
   3 P   122.021 -135.817  170.990   78.027   72.975  -54.619  103.318   32.626   95.875  -66.099    0.349443   -1.284422   -0.745638   -0.811506   -1.390037   -1.743935   -1.907437   -0.676870   -1.215804    5.729   -7.648   -3.058 S_000009
   4 P   169.451  137.430   43.540  131.131  -70.744   52.320   81.139  -19.618  145.466    7.043    0.414999   -0.438379   -1.404663   -0.840895   -1.125958   -1.931745   -1.950560   -0.648828   -1.211969    6.964  -11.627   -5.286 S_000009
   5 L   -60.259  170.285   55.558   81.182 -139.955    0.000   75.129   35.858   94.910  180.000    0.332096   -1.358119   -0.604254   -0.787142   -1.514354   -1.634735   -1.875104   -0.719618   -1.209841    9.100  -12.639   -3.546 S_000009
   6 P  -122.416 -162.247   61.004   85.592  169.934  -92.697  103.631   24.647  122.983  -18.284    0.346302   -1.353110   -0.620505   -0.901832   -1.671700   -1.453064   -1.868023   -0.683506   -1.222104   14.955  -12.861   -4.690 S_000009
   7 L   -60.167  170.252   55.279   81.182    0.000    0.000   75.188   35.870   94.965 -180.000    0.331356   -1.357739   -0.603747   -0.787309   -1.514475   -1.634258   -1.874843   -0.719530   -1.210405   19.893  -11.885   -7.459 S_000009
SCORE:     0.000          0          4          0    S_000010
   1 H     0.000  170.252   55.279  101.643    3.181  174.445   73.567   22.024  114.506  -29.477    0.389312   -1.192445   -0.874421   -0.853200   -1.418041   -1.730451   -1.900615   -0.609245   -1.260274    3.794    0.984    0.238 S_000010
   2 N   -81.792 -148.291   46.686  119.905   78.600  -60.748  131.941  -26.304  143.641   69.385    0.386073   -0.305058   -1.449661   -0.814654   -1.086546   -1.969062   -1.934267   -0.685365   -1.208645    8.565    3.457   -3.522 S_000010
   3 N   -72.301  177.921   53.582   81.570 -141.587  -73.844   84.253   38.191   94.664  179.884    0.368700   -1.312771   -0.692669   -0.699833   -1.368263   -1.761850   -1.815613   -0.645370   -1.265187   12.417    3.101   -3.896 S_000010
   4 N   -84.263 -166.406   49.960   86.886 -170.170  -64.250   68.444   35.150   92.055  -72.550    0.337560   -1.337429   -0.636850   -0.788906   -1.485206   -1.663358   -1.888532   -0.724273   -1.194978   16.963    2.629   -8.787 S_000010
   5 N  -122.329  136.115  121.785  113.623 -151.287  -53.450  124.898   33.717   72.191  -22.279    0.339534   -0.923367   -1.171127   -0.812548   -0.604958   -2.106668   -1.917397   -0.669884   -1.231306   18.717    3.976  -14.416 S_000010
   6 P    29.296  -79.610 -116.409   85.277 -136.508  -64.761   60.925   38.851   84.116  -22.647    0.305204   -1.321671   -0.689148   -0.781464   -1.343094   -1.761183   -1.890583   -0.674060   -1.218432   17.012    2.459  -17.437 S_000010
   7 H    70.973 -121.458 -120.617   91.986    0.000    0.000   63.390   36.560   85.748  -15.336    0.368615   -1.235234   -0.812409   -0.734269   -1.209755   -1.865116   -1.880915   -0.681412   -1.221589   13.409   -0.702  -17.190 S_000010
