SEQUENCE: gaag
SCORE:     score    rna_stub_coord_hack       N_WC      N_NWC       N_BS description
REMARK RNA 
SCORE:     0.009                  0.009          0          0          0    S_000001
   1 H     0.000  170.252   55.279   90.886 -117.730   39.793   69.010   31.818   99.175  -82.341    0.346327   -1.296448   -0.722906   -0.821484   -1.438485   -1.707425   -1.914878   -0.692589   -1.207688    3.794    0.984    0.238 S_000001
   2 P    62.159  178.988 -170.619  149.965 -103.312 -145.757  126.991  -39.736  164.357  173.689    0.323159   -0.192725   -1.473024   -0.749767   -1.208730   -1.842314   -1.917217   -0.720585   -1.212069    0.670    0.885   -2.620 S_000001
   3 P   -82.645 -177.969   72.751  145.260 -157.503 -148.229  111.875  -38.545  157.429  -12.075    0.322205   -0.223436   -1.480851   -0.764697   -1.222995   -1.851784   -1.919902   -0.771160   -1.168755   -5.906    2.318   -4.273 S_000001
   4 H   -69.231  179.780   54.896   78.311    0.000    0.000   75.517   43.241   89.175   77.110    0.265088   -1.422263   -0.486483   -0.765946   -1.526937   -1.611416   -1.861305   -0.709680   -1.223952  -12.194    3.758   -6.011 S_000001
SCORE:     0.018                  0.018          0          0          0    S_000002
   1 H     0.000  170.252   55.279   90.886 -117.730   39.793   69.010   31.818   99.175  -82.341    0.346327   -1.296448   -0.722906   -0.821484   -1.438485   -1.707425   -1.914878   -0.692589   -1.207688    3.794    0.984    0.238 S_000002
   2 P   105.521  156.804  148.628  159.247 -128.125 -110.056   82.304  -40.995  149.473 -171.489    0.270028    0.135892   -1.494581   -0.790297   -0.798343   -2.074916   -1.911233   -0.674598   -1.221385    0.647    0.610   -3.835 S_000002
   3 N   -66.247 -162.221   42.623   85.395 -172.862  -83.391  109.607   31.892   96.356  -67.037    0.361456   -1.297285   -0.714693   -0.799200   -1.446982   -1.700414   -1.889700   -0.697914   -1.214421   -6.113    2.190   -3.799 S_000002
   4 H   -67.189  176.079  155.139   97.206    0.000    0.000  -50.895   27.386  104.256  -50.146    0.362893   -1.248564   -0.804277   -0.845302   -1.418196   -1.731045   -1.940505   -0.702610   -1.195870  -11.274    4.823   -5.647 S_000002
SCORE:     0.012                  0.012          0          0          0    S_000003
   1 H     0.000  170.252   55.279  145.797 -126.659   86.437  156.223  -39.826  166.783 -142.028    0.315685   -0.186252   -1.481257   -0.754189   -1.191615   -1.829165   -1.919418   -0.699079   -1.209862    3.794    0.984    0.238 S_000003
   2 N   -61.695  152.409   74.707   76.443  166.201  -96.008   94.216   32.350  103.163  -93.592    0.312484   -1.386557   -0.499598   -0.841241   -1.686511   -1.452035   -1.876640   -0.778145   -1.166335    4.536    3.966   -2.586 S_000003
   3 P   173.330 -176.176  173.161   89.236 -120.118 -113.526   66.601   30.578  105.566 -179.411    0.341486   -1.333597   -0.661409   -0.838980   -1.537240   -1.610372   -1.902227   -0.711169   -1.197381    2.137    9.536   -5.107 S_000003
   4 H   172.128 -151.848  169.326   85.209    0.000    0.000   56.994   31.765  102.477  -21.861    0.354006   -1.333917   -0.649366   -0.813074   -1.533797   -1.625463   -1.890395   -0.711699   -1.201618    1.134   15.492   -8.831 S_000003
SCORE:     0.010                  0.010          0          0          0    S_000004
   1 H     0.000  170.252   55.279   87.512  -28.764  -65.289   76.429   38.490   99.090  -53.442    0.279946   -1.414337   -0.493444   -0.811834   -1.604944   -1.545185   -1.835833   -0.671090   -1.256126    3.794    0.984    0.238 S_000004
   2 N  -175.101 -147.674  159.572  141.718  176.133  146.872   62.364  -31.811 -103.226   76.911    0.331832   -0.177856   -1.485199   -0.843536   -1.029654   -1.962328   -1.977627   -0.691472   -1.204184    0.451    1.986   -3.186 S_000004
   3 P   160.093 -168.477  162.480   86.249  -99.131  -64.735   96.968   32.034   97.832  -15.895    0.362417   -1.305520   -0.684068   -0.798061   -1.473749   -1.670607   -1.892081   -0.700214   -1.207425   -5.776    2.498   -6.686 S_000004
   4 H   -59.092  174.106   50.676   81.034    0.000    0.000   67.903   34.155   99.806  179.891    0.331421   -1.393280   -0.525852   -0.809029   -1.636334   -1.515743   -1.879119   -0.764569   -1.181282  -11.732    3.224   -5.639 S_000004
SCORE:     0.017                  0.017          0          0          1    S_000005
   1 H     0.000  170.252   55.279   87.512  -28.764  -65.289   76.429   38.490   99.090  -53.442    0.279946   -1.414337   -0.493444   -0.811834   -1.604944   -1.545185   -1.835833   -0.671090   -1.256126    3.794    0.984    0.238 S_000005
   2 P   119.802 -147.111 -144.526  109.569 -143.800  -81.732   76.992   10.507  113.777 -142.370    0.392724   -1.039526   -1.039210   -0.879472   -1.411159   -1.786625   -1.952807   -0.730573   -1.180027    0.528    0.956   -2.196 S_000005
   3 N   179.905  172.930  176.245   83.787 -128.091  -62.899 -123.244   34.070   98.131  -19.586    0.338787   -1.347342   -0.629643   -0.801847   -1.519193   -1.636661   -1.884103   -0.711999   -1.207435   -6.247    2.098   -3.451 S_000005
   4 H   -53.116  168.432   51.437   83.787    0.000    0.000   80.267   37.623   95.492 -115.460    0.312727   -1.376092   -0.571125   -0.786264   -1.523294   -1.622119   -1.859816   -0.695411   -1.223634  -11.451    4.950   -4.014 S_000005
SCORE:     0.011                  0.011          0          0          1    S_000006
   1 H     0.000  170.252   55.279   87.736 -110.880   69.029  112.201   34.323   98.772  -27.709    0.339381   -1.363343   -0.577957   -0.793598   -1.572092   -1.582146   -1.860850   -0.722034   -1.206541    3.794    0.984    0.238 S_000006
   2 P   160.815  105.099   88.582   92.840 -161.979 -164.996   83.120   14.294  126.435  -66.900    0.405061   -1.212048   -0.841187   -0.889406   -1.604759   -1.561045   -1.922890   -0.729780   -1.183130    0.955    0.391   -4.558 S_000006
   3 P   131.323 -172.365 -165.198   81.904 -159.485  -53.476   75.696   37.026   95.554   71.890    0.344578   -1.372737   -0.555252   -0.748434   -1.556579   -1.599391   -1.832656   -0.719597   -1.222243   -5.438    2.632   -6.589 S_000006
   4 H   -62.432 -176.552   47.569   81.778    0.000    0.000   86.052   37.366   90.647  -26.274    0.314357   -1.367684   -0.584854   -0.791751   -1.499243   -1.631310   -1.877088   -0.701157   -1.203347  -10.834    3.318   -8.990 S_000006
SCORE:     0.020                  0.020          0          0          1    S_000007
   1 H     0.000  170.252   55.279  148.488 -106.342   72.983  116.294  -41.368  164.123  113.301    0.304157   -0.032415   -1.479560   -0.745385   -1.033427   -1.939282   -1.916115   -0.665939   -1.240515    3.794    0.984    0.238 S_000007
   2 P  -158.951 -177.382  165.165   83.505 -166.970  -49.803   88.312   28.748  117.649  -22.000    0.343573   -1.375312   -0.575177   -0.864358   -1.654732   -1.472597   -1.841770   -0.676251   -1.224860    5.091    4.633   -3.156 S_000007
   3 N   -74.739 -167.085   66.450  144.617 -154.188  130.603   94.184  -30.442  149.273  141.657    0.359128   -0.249561   -1.457071   -0.807965   -1.095051   -1.938301   -1.936686   -0.718207   -1.184371    4.329   10.128   -5.677 S_000007
   4 H     0.000 -178.190   56.429 -278.831    0.000    0.000   70.269   42.038   85.450  -16.170    0.289935   -1.406617   -0.529683   -0.753851   -1.514285   -1.647896   -1.870613   -0.734536   -1.208970    0.829   14.588   -6.330 S_000007
SCORE:     0.013                  0.013          0          0          1    S_000008
   1 H     0.000  170.252   55.279   77.576 -118.301   36.007   73.284   39.480   91.302   79.266    0.320648   -1.387870   -0.538914   -0.755465   -1.522517   -1.616748   -1.851975   -0.720632   -1.218453    3.794    0.984    0.238 S_000008
   2 P   105.521  156.804  148.628  159.247 -128.125 -110.056   82.304  -40.995  149.473 -171.489    0.270028    0.135892   -1.494581   -0.790297   -0.798343   -2.074916   -1.911233   -0.674598   -1.221385    0.244   -0.537   -3.181 S_000008
   3 P   179.384  109.463 -179.306   83.839 -158.740  -52.055  120.779   32.850   99.335   19.855    0.340501   -1.350176   -0.625714   -0.813365   -1.547777   -1.612043   -1.885995   -0.722023   -1.202003   -6.884    0.086   -3.688 S_000008
   4 H   -64.232 -166.437   57.058  145.964    0.000    0.000  115.786  -32.332  152.149   29.187    0.340534   -0.240957   -1.465315   -0.826040   -1.131196   -1.923473   -1.959761   -0.705549   -1.198142  -12.765    0.152   -5.289 S_000008
SCORE:     0.013                  0.013          0          0          0    S_000009
   1 H     0.000  170.252   55.279   79.011 -127.919   66.492   96.752   38.713   89.207  -19.425    0.305027   -1.395099   -0.538150   -0.780689   -1.554209   -1.604851   -1.892459   -0.788691   -1.175966    3.794    0.984    0.238 S_000009
   2 P    66.688 -144.704 -163.902  148.105 -139.268 -155.489  -41.230  -37.998  156.482 -171.186    0.307073   -0.167585   -1.483056   -0.788817   -1.141272   -1.898846   -1.932231   -0.728804   -1.188714    0.838    1.286   -2.551 S_000009
   3 P   -93.154 -157.444   54.300  150.377 -112.935 -160.796  105.347  -36.726  152.260  155.081    0.325182   -0.066179   -1.488565   -0.782637   -0.984831   -1.998773   -1.922659   -0.698395   -1.211700   -6.212    1.746   -2.331 S_000009
   4 H   -59.289  169.687   48.410   88.600    0.000    0.000   82.578   42.065   90.590  172.019    0.303685   -1.379403   -0.587636   -0.735813   -1.407759   -1.688185   -1.856876   -0.666410   -1.228752  -12.612    2.907   -3.174 S_000009
SCORE:     0.021                  0.021          0          0          0    S_000010
   1 H     0.000  170.252   55.279   86.451 -113.942   96.973   67.088   36.827   94.965  179.912    0.306394   -1.361306   -0.617183   -0.809291   -1.491809   -1.666110   -1.890910   -0.679437   -1.240249    3.794    0.984    0.238 S_000010
   2 P   -81.721 -156.700   62.298  148.639  -77.374  142.643  112.599  -36.051  162.843   46.326    0.335602   -0.273429   -1.460309   -0.784915   -1.237226   -1.821172   -1.930647   -0.728990   -1.189010    0.917    2.170   -3.723 S_000010
   3 P  -170.341  -81.542 -150.130   92.276 -132.799 -135.257   68.032   15.995  132.507   -9.408    0.374351   -1.335865   -0.665900   -0.931982   -1.760628   -1.336401   -1.876128   -0.737169   -1.183181   -5.198    0.879   -5.222 S_000010
   4 H     0.000 -178.215   58.367 -277.675    0.000    0.000   69.630   47.340   84.887  -31.206    0.295630   -1.397679   -0.514473   -0.662870   -1.381205   -1.682978   -1.804050   -0.667662   -1.242290  -10.813    2.945   -7.822 S_000010
